Random Seed:  1511067130
Number of atoms:    60
Space Group:    1
Cell:
    11.9020996    11.9020996    29.6919994    90.0000000    90.0000000   120.0000000
Box:
    11.9020996    -5.9510503     0.0000000
     0.0000000    10.3075209     0.0000000
     0.0000000     0.0000000    29.6919994
----------------------------------------
Inverse Box:
     0.0840188     0.0485083     0.0000000
     0.0000000     0.0970165     0.0000000
     0.0000000     0.0000000     0.0336791
----------------------------------------
GeSiSiSiSiSiSiSiSiSiGeSiSiSiSiSiSiSiSiSiSiSiSiSiSiSiSiSiSiSiSiSiSiSiSiSiSiSiSiSiSiSiSiSiSiSiSiSiSiSiSiSiSiSiSiSiSiSiSiSi
           1 Ge    -7733.81152    
GeGeSiSiSiSiSiSiSiSiGeSiSiSiSiSiSiSiSiSiSiSiSiSiSiSiSiSiSiSiSiSiSiSiSiSiSiSiSiSiSiSiSiSiSiSiSiSiSiSiSiSiSiSiSiSiSiSiSiSi
           2 Ge    -7727.02930    
GeGeGeSiSiSiSiSiSiSiGeSiSiSiSiSiSiSiSiSiSiSiSiSiSiSiSiSiSiSiSiSiSiSiSiSiSiSiSiSiSiSiSiSiSiSiSiSiSiSiSiSiSiSiSiSiSiSiSiSi
           3 Ge    -7720.85059    
GeGeGeGeSiSiSiSiSiSiGeSiSiSiSiSiSiSiSiSiSiSiSiSiSiSiSiSiSiSiSiSiSiSiSiSiSiSiSiSiSiSiSiSiSiSiSiSiSiSiSiSiSiSiSiSiSiSiSiSi
           4 Ge    -7745.76514    
GeGeGeGeGeSiSiSiSiSiGeSiSiSiSiSiSiSiSiSiSiSiSiSiSiSiSiSiSiSiSiSiSiSiSiSiSiSiSiSiSiSiSiSiSiSiSiSiSiSiSiSiSiSiSiSiSiSiSiSi
           5 Ge    -7788.03809    
GeGeGeGeGeGeSiSiSiSiGeSiSiSiSiSiSiSiSiSiSiSiSiSiSiSiSiSiSiSiSiSiSiSiSiSiSiSiSiSiSiSiSiSiSiSiSiSiSiSiSiSiSiSiSiSiSiSiSiSi
           6 Ge    -7853.89307    
GeGeGeGeGeGeSiGeSiSiGeSiSiSiSiSiSiSiSiSiSiSiSiSiSiSiSiSiSiSiSiSiSiSiSiSiSiSiSiSiSiSiSiSiSiSiSiSiSiSiSiSiSiSiSiSiSiSiSiSi
           8 Ge    -8021.92773    
GeGeGeGeGeGeSiGeSiSiGeGeSiSiSiSiSiSiSiSiSiSiSiSiSiSiSiSiSiSiSiSiSiSiSiSiSiSiSiSiSiSiSiSiSiSiSiSiSiSiSiSiSiSiSiSiSiSiSiSi
          12 Ge    -8225.58984    
GeGeGeGeGeGeSiGeSiSiGeGeSiSiSiGeSiSiSiSiSiSiSiSiSiSiSiSiSiSiSiSiSiSiSiSiSiSiSiSiSiSiSiSiSiSiSiSiSiSiSiSiSiSiSiSiSiSiSiSi
          16 Ge    -8553.38477    
==============================================
MonteCarlo: Metropolis with identity changes
Si > Ge, Ge > Si. STOP when occurrence <    0.00000
==============================================
Cost_function     Occurrence %     Scan-Cost
    -8940.5332031250 GeGeSiGeSiSiGeGeSiSiGeGeSiSiSiSiSiSiSiSiSiSiSiSiSiSiSiSiSiSiSiSiSiSiSiSiSiSiSiSiSiSiSiSiSiSiSiSiSiSiSiGeSiGeSiSiSiSiGeSi
    -8960.7207031250 GeGeSiGeSiSiGeGeSiSiGeSiSiSiSiSiSiGeSiSiSiSiSiSiSiSiSiSiSiSiSiSiSiSiSiSiSiSiSiSiSiSiSiSiSiSiSiSiSiSiGeGeSiGeSiSiSiSiSiSi
    -8963.2304687500 GeGeSiSiGeSiGeGeSiSiGeSiSiSiSiSiSiSiSiSiSiSiSiSiSiSiSiSiSiSiSiSiSiSiSiSiSiGeSiSiSiSiSiSiSiSiSiSiSiSiGeGeSiGeSiSiSiSiSiSi
    -8963.2304687500 GeGeSiSiGeSiGeGeSiSiGeSiSiSiSiSiSiSiSiSiSiSiSiSiSiSiSiSiSiSiSiSiSiSiSiSiSiGeSiSiSiSiSiSiSiSiSiSiSiSiGeGeSiGeSiSiSiSiSiSi
    -8963.2304687500 GeGeSiSiGeSiGeGeSiSiGeSiSiSiSiSiSiSiSiSiSiSiSiSiSiSiSiSiSiSiSiSiSiSiSiSiSiGeSiSiSiSiSiSiSiSiSiSiSiSiGeGeSiGeSiSiSiSiSiSi
    -8963.2304687500 GeGeSiSiGeSiGeGeSiSiGeSiSiSiSiSiSiSiSiSiSiSiSiSiSiSiSiSiSiSiSiSiSiSiSiSiSiGeSiSiSiSiSiSiSiSiSiSiSiSiGeGeSiGeSiSiSiSiSiSi
    -8972.4960937500 GeGeSiSiGeSiGeGeSiSiGeSiSiSiGeSiSiSiSiSiSiSiSiSiSiSiSiSiSiSiSiSiSiSiSiSiSiSiSiSiSiSiSiSiSiSiSiSiSiSiGeGeSiGeSiSiSiSiSiSi
    -8972.4960937500 GeGeSiSiGeSiGeGeSiSiGeSiSiSiGeSiSiSiSiSiSiSiSiSiSiSiSiSiSiSiSiSiSiSiSiSiSiSiSiSiSiSiSiSiSiSiSiSiSiSiGeGeSiGeSiSiSiSiSiSi
    -8972.4960937500 GeGeSiSiGeSiGeGeSiSiGeSiSiSiGeSiSiSiSiSiSiSiSiSiSiSiSiSiSiSiSiSiSiSiSiSiSiSiSiSiSiSiSiSiSiSiSiSiSiSiGeGeSiGeSiSiSiSiSiSi
    -8986.1679687500 GeGeSiSiGeSiGeGeSiSiGeSiSiSiSiSiSiSiSiSiSiSiSiSiSiSiSiSiSiSiSiSiSiSiSiSiSiSiSiSiSiSiSiSiSiSiSiSiSiSiGeGeSiGeSiSiSiSiGeSi
    -9001.5156250000 GeGeSiSiGeGeGeGeSiSiGeSiSiSiSiSiSiSiSiSiSiSiSiSiSiSiSiSiSiSiSiSiSiSiSiSiSiSiSiSiSiSiSiSiSiSiSiSiSiSiGeGeSiGeSiSiSiSiSiSi
    -9001.5156250000 GeGeSiSiGeGeGeGeSiSiGeSiSiSiSiSiSiSiSiSiSiSiSiSiSiSiSiSiSiSiSiSiSiSiSiSiSiSiSiSiSiSiSiSiSiSiSiSiSiSiGeGeSiGeSiSiSiSiSiSi
    -9001.5156250000 GeGeSiSiGeGeGeGeSiSiGeSiSiSiSiSiSiSiSiSiSiSiSiSiSiSiSiSiSiSiSiSiSiSiSiSiSiSiSiSiSiSiSiSiSiSiSiSiSiSiGeGeSiGeSiSiSiSiSiSi
    -9001.5156250000 GeGeSiSiGeGeGeGeSiSiGeSiSiSiSiSiSiSiSiSiSiSiSiSiSiSiSiSiSiSiSiSiSiSiSiSiSiSiSiSiSiSiSiSiSiSiSiSiSiSiGeGeSiGeSiSiSiSiSiSi
    -9018.5781250000 GeSiSiSiGeGeGeGeSiSiGeSiSiSiSiSiSiSiSiSiSiSiSiSiSiSiSiSiSiSiSiSiSiSiSiSiSiSiSiSiSiSiSiSiSiSiSiSiGeSiGeGeSiGeSiSiSiSiSiSi
    -9018.5781250000 GeSiSiSiGeGeGeGeSiSiGeSiSiSiSiSiSiSiSiSiSiSiSiSiSiSiSiSiSiSiSiSiSiSiSiSiSiSiSiSiSiSiSiSiSiSiSiSiGeSiGeGeSiGeSiSiSiSiSiSi
    -9018.5781250000 GeSiSiSiGeGeGeGeSiSiGeSiSiSiSiSiSiSiSiSiSiSiSiSiSiSiSiSiSiSiSiSiSiSiSiSiSiSiSiSiSiSiSiSiSiSiSiSiGeSiGeGeSiGeSiSiSiSiSiSi
    -9018.5781250000 GeSiSiSiGeGeGeGeSiSiGeSiSiSiSiSiSiSiSiSiSiSiSiSiSiSiSiSiSiSiSiSiSiSiSiSiSiSiSiSiSiSiSiSiSiSiSiSiGeSiGeGeSiGeSiSiSiSiSiSi
    -9018.5781250000 GeSiSiSiGeGeGeGeSiSiGeSiSiSiSiSiSiSiSiSiSiSiSiSiSiSiSiSiSiSiSiSiSiSiSiSiSiSiSiSiSiSiSiSiSiSiSiSiGeSiGeGeSiGeSiSiSiSiSiSi
    -9018.5781250000 GeSiSiSiGeGeGeGeSiSiGeSiSiSiSiSiSiSiSiSiSiSiSiSiSiSiSiSiSiSiSiSiSiSiSiSiSiSiSiSiSiSiSiSiSiSiSiSiGeSiGeGeSiGeSiSiSiSiSiSi
    -9018.5781250000 GeSiSiSiGeGeGeGeSiSiGeSiSiSiSiSiSiSiSiSiSiSiSiSiSiSiSiSiSiSiSiSiSiSiSiSiSiSiSiSiSiSiSiSiSiSiSiSiGeSiGeGeSiGeSiSiSiSiSiSi
    -9018.5781250000 GeSiSiSiGeGeGeGeSiSiGeSiSiSiSiSiSiSiSiSiSiSiSiSiSiSiSiSiSiSiSiSiSiSiSiSiSiSiSiSiSiSiSiSiSiSiSiSiGeSiGeGeSiGeSiSiSiSiSiSi
    -9018.5781250000 GeSiSiSiGeGeGeGeSiSiGeSiSiSiSiSiSiSiSiSiSiSiSiSiSiSiSiSiSiSiSiSiSiSiSiSiSiSiSiSiSiSiSiSiSiSiSiSiGeSiGeGeSiGeSiSiSiSiSiSi
    -9018.5781250000 GeSiSiSiGeGeGeGeSiSiGeSiSiSiSiSiSiSiSiSiSiSiSiSiSiSiSiSiSiSiSiSiSiSiSiSiSiSiSiSiSiSiSiSiSiSiSiSiGeSiGeGeSiGeSiSiSiSiSiSi
    -9018.5781250000 GeSiSiSiGeGeGeGeSiSiGeSiSiSiSiSiSiSiSiSiSiSiSiSiSiSiSiSiSiSiSiSiSiSiSiSiSiSiSiSiSiSiSiSiSiSiSiSiGeSiGeGeSiGeSiSiSiSiSiSi
    -9034.3046875000 GeGeSiSiGeSiGeGeSiSiGeSiSiSiSiSiSiSiSiSiSiSiSiSiSiSiSiSiSiSiSiSiSiSiSiSiSiSiSiSiSiSiSiSiSiSiSiSiGeSiGeGeSiGeSiSiSiSiSiSi
    -9034.3046875000 GeGeSiSiGeSiGeGeSiSiGeSiSiSiSiSiSiSiSiSiSiSiSiSiSiSiSiSiSiSiSiSiSiSiSiSiSiSiSiSiSiSiSiSiSiSiSiSiGeSiGeGeSiGeSiSiSiSiSiSi
    -9034.3046875000 GeGeSiSiGeSiGeGeSiSiGeSiSiSiSiSiSiSiSiSiSiSiSiSiSiSiSiSiSiSiSiSiSiSiSiSiSiSiSiSiSiSiSiSiSiSiSiSiGeSiGeGeSiGeSiSiSiSiSiSi
    -9034.3046875000 GeGeSiSiGeSiGeGeSiSiGeSiSiSiSiSiSiSiSiSiSiSiSiSiSiSiSiSiSiSiSiSiSiSiSiSiSiSiSiSiSiSiSiSiSiSiSiSiGeSiGeGeSiGeSiSiSiSiSiSi
    -9034.3046875000 GeGeSiSiGeSiGeGeSiSiGeSiSiSiSiSiSiSiSiSiSiSiSiSiSiSiSiSiSiSiSiSiSiSiSiSiSiSiSiSiSiSiSiSiSiSiSiSiGeSiGeGeSiGeSiSiSiSiSiSi
    -9034.3046875000 GeGeSiSiGeSiGeGeSiSiGeSiSiSiSiSiSiSiSiSiSiSiSiSiSiSiSiSiSiSiSiSiSiSiSiSiSiSiSiSiSiSiSiSiSiSiSiSiGeSiGeGeSiGeSiSiSiSiSiSi
    -9034.3046875000 GeGeSiSiGeSiGeGeSiSiGeSiSiSiSiSiSiSiSiSiSiSiSiSiSiSiSiSiSiSiSiSiSiSiSiSiSiSiSiSiSiSiSiSiSiSiSiSiGeSiGeGeSiGeSiSiSiSiSiSi
    -9034.3046875000 GeGeSiSiGeSiGeGeSiSiGeSiSiSiSiSiSiSiSiSiSiSiSiSiSiSiSiSiSiSiSiSiSiSiSiSiSiSiSiSiSiSiSiSiSiSiSiSiGeSiGeGeSiGeSiSiSiSiSiSi
    -9034.3046875000 GeGeSiSiGeSiGeGeSiSiGeSiSiSiSiSiSiSiSiSiSiSiSiSiSiSiSiSiSiSiSiSiSiSiSiSiSiSiSiSiSiSiSiSiSiSiSiSiGeSiGeGeSiGeSiSiSiSiSiSi
    -9034.3046875000 GeGeSiSiGeSiGeGeSiSiGeSiSiSiSiSiSiSiSiSiSiSiSiSiSiSiSiSiSiSiSiSiSiSiSiSiSiSiSiSiSiSiSiSiSiSiSiSiGeSiGeGeSiGeSiSiSiSiSiSi
    -9034.3046875000 GeGeSiSiGeSiGeGeSiSiGeSiSiSiSiSiSiSiSiSiSiSiSiSiSiSiSiSiSiSiSiSiSiSiSiSiSiSiSiSiSiSiSiSiSiSiSiSiGeSiGeGeSiGeSiSiSiSiSiSi
    -9034.3046875000 GeGeSiSiGeSiGeGeSiSiGeSiSiSiSiSiSiSiSiSiSiSiSiSiSiSiSiSiSiSiSiSiSiSiSiSiSiSiSiSiSiSiSiSiSiSiSiSiGeSiGeGeSiGeSiSiSiSiSiSi
    -9034.3046875000 GeGeSiSiGeSiGeGeSiSiGeSiSiSiSiSiSiSiSiSiSiSiSiSiSiSiSiSiSiSiSiSiSiSiSiSiSiSiSiSiSiSiSiSiSiSiSiSiGeSiGeGeSiGeSiSiSiSiSiSi
    -9034.3046875000 GeGeSiSiGeSiGeGeSiSiGeSiSiSiSiSiSiSiSiSiSiSiSiSiSiSiSiSiSiSiSiSiSiSiSiSiSiSiSiSiSiSiSiSiSiSiSiSiGeSiGeGeSiGeSiSiSiSiSiSi
    -9034.3046875000 GeGeSiSiGeSiGeGeSiSiGeSiSiSiSiSiSiSiSiSiSiSiSiSiSiSiSiSiSiSiSiSiSiSiSiSiSiSiSiSiSiSiSiSiSiSiSiSiGeSiGeGeSiGeSiSiSiSiSiSi
    -9034.3046875000 GeGeSiSiGeSiGeGeSiSiGeSiSiSiSiSiSiSiSiSiSiSiSiSiSiSiSiSiSiSiSiSiSiSiSiSiSiSiSiSiSiSiSiSiSiSiSiSiGeSiGeGeSiGeSiSiSiSiSiSi
    -9034.3046875000 GeGeSiSiGeSiGeGeSiSiGeSiSiSiSiSiSiSiSiSiSiSiSiSiSiSiSiSiSiSiSiSiSiSiSiSiSiSiSiSiSiSiSiSiSiSiSiSiGeSiGeGeSiGeSiSiSiSiSiSi
    -9034.3046875000 GeGeSiSiGeSiGeGeSiSiGeSiSiSiSiSiSiSiSiSiSiSiSiSiSiSiSiSiSiSiSiSiSiSiSiSiSiSiSiSiSiSiSiSiSiSiSiSiGeSiGeGeSiGeSiSiSiSiSiSi
    -9034.3046875000 GeGeSiSiGeSiGeGeSiSiGeSiSiSiSiSiSiSiSiSiSiSiSiSiSiSiSiSiSiSiSiSiSiSiSiSiSiSiSiSiSiSiSiSiSiSiSiSiGeSiGeGeSiGeSiSiSiSiSiSi
    -9034.3046875000 GeGeSiSiGeSiGeGeSiSiGeSiSiSiSiSiSiSiSiSiSiSiSiSiSiSiSiSiSiSiSiSiSiSiSiSiSiSiSiSiSiSiSiSiSiSiSiSiGeSiGeGeSiGeSiSiSiSiSiSi
    -9034.3046875000 GeGeSiSiGeSiGeGeSiSiGeSiSiSiSiSiSiSiSiSiSiSiSiSiSiSiSiSiSiSiSiSiSiSiSiSiSiSiSiSiSiSiSiSiSiSiSiSiGeSiGeGeSiGeSiSiSiSiSiSi
    -9034.3046875000 GeGeSiSiGeSiGeGeSiSiGeSiSiSiSiSiSiSiSiSiSiSiSiSiSiSiSiSiSiSiSiSiSiSiSiSiSiSiSiSiSiSiSiSiSiSiSiSiGeSiGeGeSiGeSiSiSiSiSiSi
    -9034.3046875000 GeGeSiSiGeSiGeGeSiSiGeSiSiSiSiSiSiSiSiSiSiSiSiSiSiSiSiSiSiSiSiSiSiSiSiSiSiSiSiSiSiSiSiSiSiSiSiSiGeSiGeGeSiGeSiSiSiSiSiSi
    -9034.3046875000 GeGeSiSiGeSiGeGeSiSiGeSiSiSiSiSiSiSiSiSiSiSiSiSiSiSiSiSiSiSiSiSiSiSiSiSiSiSiSiSiSiSiSiSiSiSiSiSiGeSiGeGeSiGeSiSiSiSiSiSi
    -9034.3046875000 GeGeSiSiGeSiGeGeSiSiGeSiSiSiSiSiSiSiSiSiSiSiSiSiSiSiSiSiSiSiSiSiSiSiSiSiSiSiSiSiSiSiSiSiSiSiSiSiGeSiGeGeSiGeSiSiSiSiSiSi
    -9034.3046875000 GeGeSiSiGeSiGeGeSiSiGeSiSiSiSiSiSiSiSiSiSiSiSiSiSiSiSiSiSiSiSiSiSiSiSiSiSiSiSiSiSiSiSiSiSiSiSiSiGeSiGeGeSiGeSiSiSiSiSiSi
    -9034.3046875000 GeGeSiSiGeSiGeGeSiSiGeSiSiSiSiSiSiSiSiSiSiSiSiSiSiSiSiSiSiSiSiSiSiSiSiSiSiSiSiSiSiSiSiSiSiSiSiSiGeSiGeGeSiGeSiSiSiSiSiSi
    -9034.3046875000 GeGeSiSiGeSiGeGeSiSiGeSiSiSiSiSiSiSiSiSiSiSiSiSiSiSiSiSiSiSiSiSiSiSiSiSiSiSiSiSiSiSiSiSiSiSiSiSiGeSiGeGeSiGeSiSiSiSiSiSi
    -9034.3046875000 GeGeSiSiGeSiGeGeSiSiGeSiSiSiSiSiSiSiSiSiSiSiSiSiSiSiSiSiSiSiSiSiSiSiSiSiSiSiSiSiSiSiSiSiSiSiSiSiGeSiGeGeSiGeSiSiSiSiSiSi
    -9034.3046875000 GeGeSiSiGeSiGeGeSiSiGeSiSiSiSiSiSiSiSiSiSiSiSiSiSiSiSiSiSiSiSiSiSiSiSiSiSiSiSiSiSiSiSiSiSiSiSiSiGeSiGeGeSiGeSiSiSiSiSiSi
    -9034.3046875000 GeGeSiSiGeSiGeGeSiSiGeSiSiSiSiSiSiSiSiSiSiSiSiSiSiSiSiSiSiSiSiSiSiSiSiSiSiSiSiSiSiSiSiSiSiSiSiSiGeSiGeGeSiGeSiSiSiSiSiSi
    -9034.3046875000 GeGeSiSiGeSiGeGeSiSiGeSiSiSiSiSiSiSiSiSiSiSiSiSiSiSiSiSiSiSiSiSiSiSiSiSiSiSiSiSiSiSiSiSiSiSiSiSiGeSiGeGeSiGeSiSiSiSiSiSi
    -9034.3046875000 GeGeSiSiGeSiGeGeSiSiGeSiSiSiSiSiSiSiSiSiSiSiSiSiSiSiSiSiSiSiSiSiSiSiSiSiSiSiSiSiSiSiSiSiSiSiSiSiGeSiGeGeSiGeSiSiSiSiSiSi
    -9034.3046875000 GeGeSiSiGeSiGeGeSiSiGeSiSiSiSiSiSiSiSiSiSiSiSiSiSiSiSiSiSiSiSiSiSiSiSiSiSiSiSiSiSiSiSiSiSiSiSiSiGeSiGeGeSiGeSiSiSiSiSiSi
    -9034.3046875000 GeGeSiSiGeSiGeGeSiSiGeSiSiSiSiSiSiSiSiSiSiSiSiSiSiSiSiSiSiSiSiSiSiSiSiSiSiSiSiSiSiSiSiSiSiSiSiSiGeSiGeGeSiGeSiSiSiSiSiSi
    -9034.3046875000 GeGeSiSiGeSiGeGeSiSiGeSiSiSiSiSiSiSiSiSiSiSiSiSiSiSiSiSiSiSiSiSiSiSiSiSiSiSiSiSiSiSiSiSiSiSiSiSiGeSiGeGeSiGeSiSiSiSiSiSi
    -9034.3046875000 GeGeSiSiGeSiGeGeSiSiGeSiSiSiSiSiSiSiSiSiSiSiSiSiSiSiSiSiSiSiSiSiSiSiSiSiSiSiSiSiSiSiSiSiSiSiSiSiGeSiGeGeSiGeSiSiSiSiSiSi
    -9034.3046875000 GeGeSiSiGeSiGeGeSiSiGeSiSiSiSiSiSiSiSiSiSiSiSiSiSiSiSiSiSiSiSiSiSiSiSiSiSiSiSiSiSiSiSiSiSiSiSiSiGeSiGeGeSiGeSiSiSiSiSiSi
    -9034.3046875000 GeGeSiSiGeSiGeGeSiSiGeSiSiSiSiSiSiSiSiSiSiSiSiSiSiSiSiSiSiSiSiSiSiSiSiSiSiSiSiSiSiSiSiSiSiSiSiSiGeSiGeGeSiGeSiSiSiSiSiSi
    -9034.3046875000 GeGeSiSiGeSiGeGeSiSiGeSiSiSiSiSiSiSiSiSiSiSiSiSiSiSiSiSiSiSiSiSiSiSiSiSiSiSiSiSiSiSiSiSiSiSiSiSiGeSiGeGeSiGeSiSiSiSiSiSi
    -9034.3046875000 GeGeSiSiGeSiGeGeSiSiGeSiSiSiSiSiSiSiSiSiSiSiSiSiSiSiSiSiSiSiSiSiSiSiSiSiSiSiSiSiSiSiSiSiSiSiSiSiGeSiGeGeSiGeSiSiSiSiSiSi
    -9034.3046875000 GeGeSiSiGeSiGeGeSiSiGeSiSiSiSiSiSiSiSiSiSiSiSiSiSiSiSiSiSiSiSiSiSiSiSiSiSiSiSiSiSiSiSiSiSiSiSiSiGeSiGeGeSiGeSiSiSiSiSiSi
    -9034.3046875000 GeGeSiSiGeSiGeGeSiSiGeSiSiSiSiSiSiSiSiSiSiSiSiSiSiSiSiSiSiSiSiSiSiSiSiSiSiSiSiSiSiSiSiSiSiSiSiSiGeSiGeGeSiGeSiSiSiSiSiSi
    -9034.3046875000 GeGeSiSiGeSiGeGeSiSiGeSiSiSiSiSiSiSiSiSiSiSiSiSiSiSiSiSiSiSiSiSiSiSiSiSiSiSiSiSiSiSiSiSiSiSiSiSiGeSiGeGeSiGeSiSiSiSiSiSi
    -9034.3046875000 GeGeSiSiGeSiGeGeSiSiGeSiSiSiSiSiSiSiSiSiSiSiSiSiSiSiSiSiSiSiSiSiSiSiSiSiSiSiSiSiSiSiSiSiSiSiSiSiGeSiGeGeSiGeSiSiSiSiSiSi
    -9034.3046875000 GeGeSiSiGeSiGeGeSiSiGeSiSiSiSiSiSiSiSiSiSiSiSiSiSiSiSiSiSiSiSiSiSiSiSiSiSiSiSiSiSiSiSiSiSiSiSiSiGeSiGeGeSiGeSiSiSiSiSiSi
    -9034.3046875000 GeGeSiSiGeSiGeGeSiSiGeSiSiSiSiSiSiSiSiSiSiSiSiSiSiSiSiSiSiSiSiSiSiSiSiSiSiSiSiSiSiSiSiSiSiSiSiSiGeSiGeGeSiGeSiSiSiSiSiSi
    -9034.3046875000 GeGeSiSiGeSiGeGeSiSiGeSiSiSiSiSiSiSiSiSiSiSiSiSiSiSiSiSiSiSiSiSiSiSiSiSiSiSiSiSiSiSiSiSiSiSiSiSiGeSiGeGeSiGeSiSiSiSiSiSi
    -9034.3046875000 GeGeSiSiGeSiGeGeSiSiGeSiSiSiSiSiSiSiSiSiSiSiSiSiSiSiSiSiSiSiSiSiSiSiSiSiSiSiSiSiSiSiSiSiSiSiSiSiGeSiGeGeSiGeSiSiSiSiSiSi
    -9034.3046875000 GeGeSiSiGeSiGeGeSiSiGeSiSiSiSiSiSiSiSiSiSiSiSiSiSiSiSiSiSiSiSiSiSiSiSiSiSiSiSiSiSiSiSiSiSiSiSiSiGeSiGeGeSiGeSiSiSiSiSiSi
    -9034.3046875000 GeGeSiSiGeSiGeGeSiSiGeSiSiSiSiSiSiSiSiSiSiSiSiSiSiSiSiSiSiSiSiSiSiSiSiSiSiSiSiSiSiSiSiSiSiSiSiSiGeSiGeGeSiGeSiSiSiSiSiSi
    -9034.3046875000 GeGeSiSiGeSiGeGeSiSiGeSiSiSiSiSiSiSiSiSiSiSiSiSiSiSiSiSiSiSiSiSiSiSiSiSiSiSiSiSiSiSiSiSiSiSiSiSiGeSiGeGeSiGeSiSiSiSiSiSi
    -9034.3046875000 GeGeSiSiGeSiGeGeSiSiGeSiSiSiSiSiSiSiSiSiSiSiSiSiSiSiSiSiSiSiSiSiSiSiSiSiSiSiSiSiSiSiSiSiSiSiSiSiGeSiGeGeSiGeSiSiSiSiSiSi
    -9034.3046875000 GeGeSiSiGeSiGeGeSiSiGeSiSiSiSiSiSiSiSiSiSiSiSiSiSiSiSiSiSiSiSiSiSiSiSiSiSiSiSiSiSiSiSiSiSiSiSiSiGeSiGeGeSiGeSiSiSiSiSiSi
    -9034.3046875000 GeGeSiSiGeSiGeGeSiSiGeSiSiSiSiSiSiSiSiSiSiSiSiSiSiSiSiSiSiSiSiSiSiSiSiSiSiSiSiSiSiSiSiSiSiSiSiSiGeSiGeGeSiGeSiSiSiSiSiSi
    -9034.3046875000 GeGeSiSiGeSiGeGeSiSiGeSiSiSiSiSiSiSiSiSiSiSiSiSiSiSiSiSiSiSiSiSiSiSiSiSiSiSiSiSiSiSiSiSiSiSiSiSiGeSiGeGeSiGeSiSiSiSiSiSi
    -9034.3046875000 GeGeSiSiGeSiGeGeSiSiGeSiSiSiSiSiSiSiSiSiSiSiSiSiSiSiSiSiSiSiSiSiSiSiSiSiSiSiSiSiSiSiSiSiSiSiSiSiGeSiGeGeSiGeSiSiSiSiSiSi
    -9034.3046875000 GeGeSiSiGeSiGeGeSiSiGeSiSiSiSiSiSiSiSiSiSiSiSiSiSiSiSiSiSiSiSiSiSiSiSiSiSiSiSiSiSiSiSiSiSiSiSiSiGeSiGeGeSiGeSiSiSiSiSiSi
    -9034.3046875000 GeGeSiSiGeSiGeGeSiSiGeSiSiSiSiSiSiSiSiSiSiSiSiSiSiSiSiSiSiSiSiSiSiSiSiSiSiSiSiSiSiSiSiSiSiSiSiSiGeSiGeGeSiGeSiSiSiSiSiSi
    -9034.3046875000 GeGeSiSiGeSiGeGeSiSiGeSiSiSiSiSiSiSiSiSiSiSiSiSiSiSiSiSiSiSiSiSiSiSiSiSiSiSiSiSiSiSiSiSiSiSiSiSiGeSiGeGeSiGeSiSiSiSiSiSi
    -9034.3046875000 GeGeSiSiGeSiGeGeSiSiGeSiSiSiSiSiSiSiSiSiSiSiSiSiSiSiSiSiSiSiSiSiSiSiSiSiSiSiSiSiSiSiSiSiSiSiSiSiGeSiGeGeSiGeSiSiSiSiSiSi
    -9034.3046875000 GeGeSiSiGeSiGeGeSiSiGeSiSiSiSiSiSiSiSiSiSiSiSiSiSiSiSiSiSiSiSiSiSiSiSiSiSiSiSiSiSiSiSiSiSiSiSiSiGeSiGeGeSiGeSiSiSiSiSiSi
    -9034.3046875000 GeGeSiSiGeSiGeGeSiSiGeSiSiSiSiSiSiSiSiSiSiSiSiSiSiSiSiSiSiSiSiSiSiSiSiSiSiSiSiSiSiSiSiSiSiSiSiSiGeSiGeGeSiGeSiSiSiSiSiSi
    -9034.3046875000 GeGeSiSiGeSiGeGeSiSiGeSiSiSiSiSiSiSiSiSiSiSiSiSiSiSiSiSiSiSiSiSiSiSiSiSiSiSiSiSiSiSiSiSiSiSiSiSiGeSiGeGeSiGeSiSiSiSiSiSi
    -9034.3046875000 GeGeSiSiGeSiGeGeSiSiGeSiSiSiSiSiSiSiSiSiSiSiSiSiSiSiSiSiSiSiSiSiSiSiSiSiSiSiSiSiSiSiSiSiSiSiSiSiGeSiGeGeSiGeSiSiSiSiSiSi
    -9034.3046875000 GeGeSiSiGeSiGeGeSiSiGeSiSiSiSiSiSiSiSiSiSiSiSiSiSiSiSiSiSiSiSiSiSiSiSiSiSiSiSiSiSiSiSiSiSiSiSiSiGeSiGeGeSiGeSiSiSiSiSiSi
    -9034.3046875000 GeGeSiSiGeSiGeGeSiSiGeSiSiSiSiSiSiSiSiSiSiSiSiSiSiSiSiSiSiSiSiSiSiSiSiSiSiSiSiSiSiSiSiSiSiSiSiSiGeSiGeGeSiGeSiSiSiSiSiSi
    -9034.3046875000 GeGeSiSiGeSiGeGeSiSiGeSiSiSiSiSiSiSiSiSiSiSiSiSiSiSiSiSiSiSiSiSiSiSiSiSiSiSiSiSiSiSiSiSiSiSiSiSiGeSiGeGeSiGeSiSiSiSiSiSi
    -9034.3046875000 GeGeSiSiGeSiGeGeSiSiGeSiSiSiSiSiSiSiSiSiSiSiSiSiSiSiSiSiSiSiSiSiSiSiSiSiSiSiSiSiSiSiSiSiSiSiSiSiGeSiGeGeSiGeSiSiSiSiSiSi
    -9034.3046875000 GeGeSiSiGeSiGeGeSiSiGeSiSiSiSiSiSiSiSiSiSiSiSiSiSiSiSiSiSiSiSiSiSiSiSiSiSiSiSiSiSiSiSiSiSiSiSiSiGeSiGeGeSiGeSiSiSiSiSiSi
    -9034.3046875000 GeGeSiSiGeSiGeGeSiSiGeSiSiSiSiSiSiSiSiSiSiSiSiSiSiSiSiSiSiSiSiSiSiSiSiSiSiSiSiSiSiSiSiSiSiSiSiSiGeSiGeGeSiGeSiSiSiSiSiSi
    -9034.3046875000 GeGeSiSiGeSiGeGeSiSiGeSiSiSiSiSiSiSiSiSiSiSiSiSiSiSiSiSiSiSiSiSiSiSiSiSiSiSiSiSiSiSiSiSiSiSiSiSiGeSiGeGeSiGeSiSiSiSiSiSi
    -9034.3046875000 GeGeSiSiGeSiGeGeSiSiGeSiSiSiSiSiSiSiSiSiSiSiSiSiSiSiSiSiSiSiSiSiSiSiSiSiSiSiSiSiSiSiSiSiSiSiSiSiGeSiGeGeSiGeSiSiSiSiSiSi
    -9034.3046875000 GeGeSiSiGeSiGeGeSiSiGeSiSiSiSiSiSiSiSiSiSiSiSiSiSiSiSiSiSiSiSiSiSiSiSiSiSiSiSiSiSiSiSiSiSiSiSiSiGeSiGeGeSiGeSiSiSiSiSiSi
    -9034.3046875000 GeGeSiSiGeSiGeGeSiSiGeSiSiSiSiSiSiSiSiSiSiSiSiSiSiSiSiSiSiSiSiSiSiSiSiSiSiSiSiSiSiSiSiSiSiSiSiSiGeSiGeGeSiGeSiSiSiSiSiSi
    -9034.3046875000 GeGeSiSiGeSiGeGeSiSiGeSiSiSiSiSiSiSiSiSiSiSiSiSiSiSiSiSiSiSiSiSiSiSiSiSiSiSiSiSiSiSiSiSiSiSiSiSiGeSiGeGeSiGeSiSiSiSiSiSi
    -9034.3046875000 GeGeSiSiGeSiGeGeSiSiGeSiSiSiSiSiSiSiSiSiSiSiSiSiSiSiSiSiSiSiSiSiSiSiSiSiSiSiSiSiSiSiSiSiSiSiSiSiGeSiGeGeSiGeSiSiSiSiSiSi
    -9034.3046875000 GeGeSiSiGeSiGeGeSiSiGeSiSiSiSiSiSiSiSiSiSiSiSiSiSiSiSiSiSiSiSiSiSiSiSiSiSiSiSiSiSiSiSiSiSiSiSiSiGeSiGeGeSiGeSiSiSiSiSiSi
    -9034.3046875000 GeGeSiSiGeSiGeGeSiSiGeSiSiSiSiSiSiSiSiSiSiSiSiSiSiSiSiSiSiSiSiSiSiSiSiSiSiSiSiSiSiSiSiSiSiSiSiSiGeSiGeGeSiGeSiSiSiSiSiSi
    -9034.3046875000 GeGeSiSiGeSiGeGeSiSiGeSiSiSiSiSiSiSiSiSiSiSiSiSiSiSiSiSiSiSiSiSiSiSiSiSiSiSiSiSiSiSiSiSiSiSiSiSiGeSiGeGeSiGeSiSiSiSiSiSi
    -9034.3046875000 GeGeSiSiGeSiGeGeSiSiGeSiSiSiSiSiSiSiSiSiSiSiSiSiSiSiSiSiSiSiSiSiSiSiSiSiSiSiSiSiSiSiSiSiSiSiSiSiGeSiGeGeSiGeSiSiSiSiSiSi
    -9034.3046875000 GeGeSiSiGeSiGeGeSiSiGeSiSiSiSiSiSiSiSiSiSiSiSiSiSiSiSiSiSiSiSiSiSiSiSiSiSiSiSiSiSiSiSiSiSiSiSiSiGeSiGeGeSiGeSiSiSiSiSiSi
    -9034.3046875000 GeGeSiSiGeSiGeGeSiSiGeSiSiSiSiSiSiSiSiSiSiSiSiSiSiSiSiSiSiSiSiSiSiSiSiSiSiSiSiSiSiSiSiSiSiSiSiSiGeSiGeGeSiGeSiSiSiSiSiSi
    -9034.3046875000 GeGeSiSiGeSiGeGeSiSiGeSiSiSiSiSiSiSiSiSiSiSiSiSiSiSiSiSiSiSiSiSiSiSiSiSiSiSiSiSiSiSiSiSiSiSiSiSiGeSiGeGeSiGeSiSiSiSiSiSi
    -9034.3046875000 GeGeSiSiGeSiGeGeSiSiGeSiSiSiSiSiSiSiSiSiSiSiSiSiSiSiSiSiSiSiSiSiSiSiSiSiSiSiSiSiSiSiSiSiSiSiSiSiGeSiGeGeSiGeSiSiSiSiSiSi
    -9034.3046875000 GeGeSiSiGeSiGeGeSiSiGeSiSiSiSiSiSiSiSiSiSiSiSiSiSiSiSiSiSiSiSiSiSiSiSiSiSiSiSiSiSiSiSiSiSiSiSiSiGeSiGeGeSiGeSiSiSiSiSiSi
    -9034.3046875000 GeGeSiSiGeSiGeGeSiSiGeSiSiSiSiSiSiSiSiSiSiSiSiSiSiSiSiSiSiSiSiSiSiSiSiSiSiSiSiSiSiSiSiSiSiSiSiSiGeSiGeGeSiGeSiSiSiSiSiSi
    -9034.3046875000 GeGeSiSiGeSiGeGeSiSiGeSiSiSiSiSiSiSiSiSiSiSiSiSiSiSiSiSiSiSiSiSiSiSiSiSiSiSiSiSiSiSiSiSiSiSiSiSiGeSiGeGeSiGeSiSiSiSiSiSi
    -9034.3046875000 GeGeSiSiGeSiGeGeSiSiGeSiSiSiSiSiSiSiSiSiSiSiSiSiSiSiSiSiSiSiSiSiSiSiSiSiSiSiSiSiSiSiSiSiSiSiSiSiGeSiGeGeSiGeSiSiSiSiSiSi
    -9034.3046875000 GeGeSiSiGeSiGeGeSiSiGeSiSiSiSiSiSiSiSiSiSiSiSiSiSiSiSiSiSiSiSiSiSiSiSiSiSiSiSiSiSiSiSiSiSiSiSiSiGeSiGeGeSiGeSiSiSiSiSiSi
    -9034.3046875000 GeGeSiSiGeSiGeGeSiSiGeSiSiSiSiSiSiSiSiSiSiSiSiSiSiSiSiSiSiSiSiSiSiSiSiSiSiSiSiSiSiSiSiSiSiSiSiSiGeSiGeGeSiGeSiSiSiSiSiSi
    -9034.3046875000 GeGeSiSiGeSiGeGeSiSiGeSiSiSiSiSiSiSiSiSiSiSiSiSiSiSiSiSiSiSiSiSiSiSiSiSiSiSiSiSiSiSiSiSiSiSiSiSiGeSiGeGeSiGeSiSiSiSiSiSi
    -9034.3046875000 GeGeSiSiGeSiGeGeSiSiGeSiSiSiSiSiSiSiSiSiSiSiSiSiSiSiSiSiSiSiSiSiSiSiSiSiSiSiSiSiSiSiSiSiSiSiSiSiGeSiGeGeSiGeSiSiSiSiSiSi
    -9034.3046875000 GeGeSiSiGeSiGeGeSiSiGeSiSiSiSiSiSiSiSiSiSiSiSiSiSiSiSiSiSiSiSiSiSiSiSiSiSiSiSiSiSiSiSiSiSiSiSiSiGeSiGeGeSiGeSiSiSiSiSiSi
    -9034.3046875000 GeGeSiSiGeSiGeGeSiSiGeSiSiSiSiSiSiSiSiSiSiSiSiSiSiSiSiSiSiSiSiSiSiSiSiSiSiSiSiSiSiSiSiSiSiSiSiSiGeSiGeGeSiGeSiSiSiSiSiSi
    -9034.3046875000 GeGeSiSiGeSiGeGeSiSiGeSiSiSiSiSiSiSiSiSiSiSiSiSiSiSiSiSiSiSiSiSiSiSiSiSiSiSiSiSiSiSiSiSiSiSiSiSiGeSiGeGeSiGeSiSiSiSiSiSi
    -9034.3046875000 GeGeSiSiGeSiGeGeSiSiGeSiSiSiSiSiSiSiSiSiSiSiSiSiSiSiSiSiSiSiSiSiSiSiSiSiSiSiSiSiSiSiSiSiSiSiSiSiGeSiGeGeSiGeSiSiSiSiSiSi
    -9034.3046875000 GeGeSiSiGeSiGeGeSiSiGeSiSiSiSiSiSiSiSiSiSiSiSiSiSiSiSiSiSiSiSiSiSiSiSiSiSiSiSiSiSiSiSiSiSiSiSiSiGeSiGeGeSiGeSiSiSiSiSiSi
    -9034.3046875000 GeGeSiSiGeSiGeGeSiSiGeSiSiSiSiSiSiSiSiSiSiSiSiSiSiSiSiSiSiSiSiSiSiSiSiSiSiSiSiSiSiSiSiSiSiSiSiSiGeSiGeGeSiGeSiSiSiSiSiSi
    -9034.3046875000 GeGeSiSiGeSiGeGeSiSiGeSiSiSiSiSiSiSiSiSiSiSiSiSiSiSiSiSiSiSiSiSiSiSiSiSiSiSiSiSiSiSiSiSiSiSiSiSiGeSiGeGeSiGeSiSiSiSiSiSi
    -9034.3046875000 GeGeSiSiGeSiGeGeSiSiGeSiSiSiSiSiSiSiSiSiSiSiSiSiSiSiSiSiSiSiSiSiSiSiSiSiSiSiSiSiSiSiSiSiSiSiSiSiGeSiGeGeSiGeSiSiSiSiSiSi
    -9034.3046875000 GeGeSiSiGeSiGeGeSiSiGeSiSiSiSiSiSiSiSiSiSiSiSiSiSiSiSiSiSiSiSiSiSiSiSiSiSiSiSiSiSiSiSiSiSiSiSiSiGeSiGeGeSiGeSiSiSiSiSiSi
    -9034.3046875000 GeGeSiSiGeSiGeGeSiSiGeSiSiSiSiSiSiSiSiSiSiSiSiSiSiSiSiSiSiSiSiSiSiSiSiSiSiSiSiSiSiSiSiSiSiSiSiSiGeSiGeGeSiGeSiSiSiSiSiSi
    -9034.3046875000 GeGeSiSiGeSiGeGeSiSiGeSiSiSiSiSiSiSiSiSiSiSiSiSiSiSiSiSiSiSiSiSiSiSiSiSiSiSiSiSiSiSiSiSiSiSiSiSiGeSiGeGeSiGeSiSiSiSiSiSi
    -9034.3046875000 GeGeSiSiGeSiGeGeSiSiGeSiSiSiSiSiSiSiSiSiSiSiSiSiSiSiSiSiSiSiSiSiSiSiSiSiSiSiSiSiSiSiSiSiSiSiSiSiGeSiGeGeSiGeSiSiSiSiSiSi
    -9034.3046875000 GeGeSiSiGeSiGeGeSiSiGeSiSiSiSiSiSiSiSiSiSiSiSiSiSiSiSiSiSiSiSiSiSiSiSiSiSiSiSiSiSiSiSiSiSiSiSiSiGeSiGeGeSiGeSiSiSiSiSiSi
    -9034.3046875000 GeGeSiSiGeSiGeGeSiSiGeSiSiSiSiSiSiSiSiSiSiSiSiSiSiSiSiSiSiSiSiSiSiSiSiSiSiSiSiSiSiSiSiSiSiSiSiSiGeSiGeGeSiGeSiSiSiSiSiSi
    -9034.3046875000 GeGeSiSiGeSiGeGeSiSiGeSiSiSiSiSiSiSiSiSiSiSiSiSiSiSiSiSiSiSiSiSiSiSiSiSiSiSiSiSiSiSiSiSiSiSiSiSiGeSiGeGeSiGeSiSiSiSiSiSi
    -9034.3046875000 GeGeSiSiGeSiGeGeSiSiGeSiSiSiSiSiSiSiSiSiSiSiSiSiSiSiSiSiSiSiSiSiSiSiSiSiSiSiSiSiSiSiSiSiSiSiSiSiGeSiGeGeSiGeSiSiSiSiSiSi
    -9034.3046875000 GeGeSiSiGeSiGeGeSiSiGeSiSiSiSiSiSiSiSiSiSiSiSiSiSiSiSiSiSiSiSiSiSiSiSiSiSiSiSiSiSiSiSiSiSiSiSiSiGeSiGeGeSiGeSiSiSiSiSiSi
    -9034.3046875000 GeGeSiSiGeSiGeGeSiSiGeSiSiSiSiSiSiSiSiSiSiSiSiSiSiSiSiSiSiSiSiSiSiSiSiSiSiSiSiSiSiSiSiSiSiSiSiSiGeSiGeGeSiGeSiSiSiSiSiSi
    -9034.3046875000 GeGeSiSiGeSiGeGeSiSiGeSiSiSiSiSiSiSiSiSiSiSiSiSiSiSiSiSiSiSiSiSiSiSiSiSiSiSiSiSiSiSiSiSiSiSiSiSiGeSiGeGeSiGeSiSiSiSiSiSi
    -9034.3046875000 GeGeSiSiGeSiGeGeSiSiGeSiSiSiSiSiSiSiSiSiSiSiSiSiSiSiSiSiSiSiSiSiSiSiSiSiSiSiSiSiSiSiSiSiSiSiSiSiGeSiGeGeSiGeSiSiSiSiSiSi
    -9034.3046875000 GeGeSiSiGeSiGeGeSiSiGeSiSiSiSiSiSiSiSiSiSiSiSiSiSiSiSiSiSiSiSiSiSiSiSiSiSiSiSiSiSiSiSiSiSiSiSiSiGeSiGeGeSiGeSiSiSiSiSiSi
    -9034.3046875000 GeGeSiSiGeSiGeGeSiSiGeSiSiSiSiSiSiSiSiSiSiSiSiSiSiSiSiSiSiSiSiSiSiSiSiSiSiSiSiSiSiSiSiSiSiSiSiSiGeSiGeGeSiGeSiSiSiSiSiSi
    -9034.3046875000 GeGeSiSiGeSiGeGeSiSiGeSiSiSiSiSiSiSiSiSiSiSiSiSiSiSiSiSiSiSiSiSiSiSiSiSiSiSiSiSiSiSiSiSiSiSiSiSiGeSiGeGeSiGeSiSiSiSiSiSi
    -9034.3046875000 GeGeSiSiGeSiGeGeSiSiGeSiSiSiSiSiSiSiSiSiSiSiSiSiSiSiSiSiSiSiSiSiSiSiSiSiSiSiSiSiSiSiSiSiSiSiSiSiGeSiGeGeSiGeSiSiSiSiSiSi
    -9034.3046875000 GeGeSiSiGeSiGeGeSiSiGeSiSiSiSiSiSiSiSiSiSiSiSiSiSiSiSiSiSiSiSiSiSiSiSiSiSiSiSiSiSiSiSiSiSiSiSiSiGeSiGeGeSiGeSiSiSiSiSiSi
    -9034.3046875000 GeGeSiSiGeSiGeGeSiSiGeSiSiSiSiSiSiSiSiSiSiSiSiSiSiSiSiSiSiSiSiSiSiSiSiSiSiSiSiSiSiSiSiSiSiSiSiSiGeSiGeGeSiGeSiSiSiSiSiSi
    -9034.3046875000 GeGeSiSiGeSiGeGeSiSiGeSiSiSiSiSiSiSiSiSiSiSiSiSiSiSiSiSiSiSiSiSiSiSiSiSiSiSiSiSiSiSiSiSiSiSiSiSiGeSiGeGeSiGeSiSiSiSiSiSi
    -9034.3046875000 GeGeSiSiGeSiGeGeSiSiGeSiSiSiSiSiSiSiSiSiSiSiSiSiSiSiSiSiSiSiSiSiSiSiSiSiSiSiSiSiSiSiSiSiSiSiSiSiGeSiGeGeSiGeSiSiSiSiSiSi
    -9034.3046875000 GeGeSiSiGeSiGeGeSiSiGeSiSiSiSiSiSiSiSiSiSiSiSiSiSiSiSiSiSiSiSiSiSiSiSiSiSiSiSiSiSiSiSiSiSiSiSiSiGeSiGeGeSiGeSiSiSiSiSiSi
    -9034.3046875000 GeGeSiSiGeSiGeGeSiSiGeSiSiSiSiSiSiSiSiSiSiSiSiSiSiSiSiSiSiSiSiSiSiSiSiSiSiSiSiSiSiSiSiSiSiSiSiSiGeSiGeGeSiGeSiSiSiSiSiSi
    -9034.3046875000 GeGeSiSiGeSiGeGeSiSiGeSiSiSiSiSiSiSiSiSiSiSiSiSiSiSiSiSiSiSiSiSiSiSiSiSiSiSiSiSiSiSiSiSiSiSiSiSiGeSiGeGeSiGeSiSiSiSiSiSi
    -9034.3046875000 GeGeSiSiGeSiGeGeSiSiGeSiSiSiSiSiSiSiSiSiSiSiSiSiSiSiSiSiSiSiSiSiSiSiSiSiSiSiSiSiSiSiSiSiSiSiSiSiGeSiGeGeSiGeSiSiSiSiSiSi
    -9034.3046875000 GeGeSiSiGeSiGeGeSiSiGeSiSiSiSiSiSiSiSiSiSiSiSiSiSiSiSiSiSiSiSiSiSiSiSiSiSiSiSiSiSiSiSiSiSiSiSiSiGeSiGeGeSiGeSiSiSiSiSiSi
    -9034.3046875000 GeGeSiSiGeSiGeGeSiSiGeSiSiSiSiSiSiSiSiSiSiSiSiSiSiSiSiSiSiSiSiSiSiSiSiSiSiSiSiSiSiSiSiSiSiSiSiSiGeSiGeGeSiGeSiSiSiSiSiSi
    -9034.3046875000 GeGeSiSiGeSiGeGeSiSiGeSiSiSiSiSiSiSiSiSiSiSiSiSiSiSiSiSiSiSiSiSiSiSiSiSiSiSiSiSiSiSiSiSiSiSiSiSiGeSiGeGeSiGeSiSiSiSiSiSi
    -9034.3046875000 GeGeSiSiGeSiGeGeSiSiGeSiSiSiSiSiSiSiSiSiSiSiSiSiSiSiSiSiSiSiSiSiSiSiSiSiSiSiSiSiSiSiSiSiSiSiSiSiGeSiGeGeSiGeSiSiSiSiSiSi
    -9034.3046875000 GeGeSiSiGeSiGeGeSiSiGeSiSiSiSiSiSiSiSiSiSiSiSiSiSiSiSiSiSiSiSiSiSiSiSiSiSiSiSiSiSiSiSiSiSiSiSiSiGeSiGeGeSiGeSiSiSiSiSiSi
    -9034.3046875000 GeGeSiSiGeSiGeGeSiSiGeSiSiSiSiSiSiSiSiSiSiSiSiSiSiSiSiSiSiSiSiSiSiSiSiSiSiSiSiSiSiSiSiSiSiSiSiSiGeSiGeGeSiGeSiSiSiSiSiSi
    -9034.3046875000 GeGeSiSiGeSiGeGeSiSiGeSiSiSiSiSiSiSiSiSiSiSiSiSiSiSiSiSiSiSiSiSiSiSiSiSiSiSiSiSiSiSiSiSiSiSiSiSiGeSiGeGeSiGeSiSiSiSiSiSi
    -9034.3046875000 GeGeSiSiGeSiGeGeSiSiGeSiSiSiSiSiSiSiSiSiSiSiSiSiSiSiSiSiSiSiSiSiSiSiSiSiSiSiSiSiSiSiSiSiSiSiSiSiGeSiGeGeSiGeSiSiSiSiSiSi
    -9034.3046875000 GeGeSiSiGeSiGeGeSiSiGeSiSiSiSiSiSiSiSiSiSiSiSiSiSiSiSiSiSiSiSiSiSiSiSiSiSiSiSiSiSiSiSiSiSiSiSiSiGeSiGeGeSiGeSiSiSiSiSiSi
    -9034.3046875000 GeGeSiSiGeSiGeGeSiSiGeSiSiSiSiSiSiSiSiSiSiSiSiSiSiSiSiSiSiSiSiSiSiSiSiSiSiSiSiSiSiSiSiSiSiSiSiSiGeSiGeGeSiGeSiSiSiSiSiSi
    -9034.3046875000 GeGeSiSiGeSiGeGeSiSiGeSiSiSiSiSiSiSiSiSiSiSiSiSiSiSiSiSiSiSiSiSiSiSiSiSiSiSiSiSiSiSiSiSiSiSiSiSiGeSiGeGeSiGeSiSiSiSiSiSi
    -9034.3046875000 GeGeSiSiGeSiGeGeSiSiGeSiSiSiSiSiSiSiSiSiSiSiSiSiSiSiSiSiSiSiSiSiSiSiSiSiSiSiSiSiSiSiSiSiSiSiSiSiGeSiGeGeSiGeSiSiSiSiSiSi
    -9034.3046875000 GeGeSiSiGeSiGeGeSiSiGeSiSiSiSiSiSiSiSiSiSiSiSiSiSiSiSiSiSiSiSiSiSiSiSiSiSiSiSiSiSiSiSiSiSiSiSiSiGeSiGeGeSiGeSiSiSiSiSiSi
    -9034.3046875000 GeGeSiSiGeSiGeGeSiSiGeSiSiSiSiSiSiSiSiSiSiSiSiSiSiSiSiSiSiSiSiSiSiSiSiSiSiSiSiSiSiSiSiSiSiSiSiSiGeSiGeGeSiGeSiSiSiSiSiSi
    -9034.3046875000 GeGeSiSiGeSiGeGeSiSiGeSiSiSiSiSiSiSiSiSiSiSiSiSiSiSiSiSiSiSiSiSiSiSiSiSiSiSiSiSiSiSiSiSiSiSiSiSiGeSiGeGeSiGeSiSiSiSiSiSi
    -9034.3046875000 GeGeSiSiGeSiGeGeSiSiGeSiSiSiSiSiSiSiSiSiSiSiSiSiSiSiSiSiSiSiSiSiSiSiSiSiSiSiSiSiSiSiSiSiSiSiSiSiGeSiGeGeSiGeSiSiSiSiSiSi
    -9034.3046875000 GeGeSiSiGeSiGeGeSiSiGeSiSiSiSiSiSiSiSiSiSiSiSiSiSiSiSiSiSiSiSiSiSiSiSiSiSiSiSiSiSiSiSiSiSiSiSiSiGeSiGeGeSiGeSiSiSiSiSiSi
    -9034.3046875000 GeGeSiSiGeSiGeGeSiSiGeSiSiSiSiSiSiSiSiSiSiSiSiSiSiSiSiSiSiSiSiSiSiSiSiSiSiSiSiSiSiSiSiSiSiSiSiSiGeSiGeGeSiGeSiSiSiSiSiSi
    -9034.3046875000 GeGeSiSiGeSiGeGeSiSiGeSiSiSiSiSiSiSiSiSiSiSiSiSiSiSiSiSiSiSiSiSiSiSiSiSiSiSiSiSiSiSiSiSiSiSiSiSiGeSiGeGeSiGeSiSiSiSiSiSi
    -9034.3046875000 GeGeSiSiGeSiGeGeSiSiGeSiSiSiSiSiSiSiSiSiSiSiSiSiSiSiSiSiSiSiSiSiSiSiSiSiSiSiSiSiSiSiSiSiSiSiSiSiGeSiGeGeSiGeSiSiSiSiSiSi
    -9034.3046875000 GeGeSiSiGeSiGeGeSiSiGeSiSiSiSiSiSiSiSiSiSiSiSiSiSiSiSiSiSiSiSiSiSiSiSiSiSiSiSiSiSiSiSiSiSiSiSiSiGeSiGeGeSiGeSiSiSiSiSiSi
    -9034.3046875000 GeGeSiSiGeSiGeGeSiSiGeSiSiSiSiSiSiSiSiSiSiSiSiSiSiSiSiSiSiSiSiSiSiSiSiSiSiSiSiSiSiSiSiSiSiSiSiSiGeSiGeGeSiGeSiSiSiSiSiSi
    -9034.3046875000 GeGeSiSiGeSiGeGeSiSiGeSiSiSiSiSiSiSiSiSiSiSiSiSiSiSiSiSiSiSiSiSiSiSiSiSiSiSiSiSiSiSiSiSiSiSiSiSiGeSiGeGeSiGeSiSiSiSiSiSi
    -9034.3046875000 GeGeSiSiGeSiGeGeSiSiGeSiSiSiSiSiSiSiSiSiSiSiSiSiSiSiSiSiSiSiSiSiSiSiSiSiSiSiSiSiSiSiSiSiSiSiSiSiGeSiGeGeSiGeSiSiSiSiSiSi
    -9034.3046875000 GeGeSiSiGeSiGeGeSiSiGeSiSiSiSiSiSiSiSiSiSiSiSiSiSiSiSiSiSiSiSiSiSiSiSiSiSiSiSiSiSiSiSiSiSiSiSiSiGeSiGeGeSiGeSiSiSiSiSiSi
    -9034.3046875000 GeGeSiSiGeSiGeGeSiSiGeSiSiSiSiSiSiSiSiSiSiSiSiSiSiSiSiSiSiSiSiSiSiSiSiSiSiSiSiSiSiSiSiSiSiSiSiSiGeSiGeGeSiGeSiSiSiSiSiSi
    -9034.3046875000 GeGeSiSiGeSiGeGeSiSiGeSiSiSiSiSiSiSiSiSiSiSiSiSiSiSiSiSiSiSiSiSiSiSiSiSiSiSiSiSiSiSiSiSiSiSiSiSiGeSiGeGeSiGeSiSiSiSiSiSi
    -9034.3046875000 GeGeSiSiGeSiGeGeSiSiGeSiSiSiSiSiSiSiSiSiSiSiSiSiSiSiSiSiSiSiSiSiSiSiSiSiSiSiSiSiSiSiSiSiSiSiSiSiGeSiGeGeSiGeSiSiSiSiSiSi
    -9034.3046875000 GeGeSiSiGeSiGeGeSiSiGeSiSiSiSiSiSiSiSiSiSiSiSiSiSiSiSiSiSiSiSiSiSiSiSiSiSiSiSiSiSiSiSiSiSiSiSiSiGeSiGeGeSiGeSiSiSiSiSiSi
    -9034.3046875000 GeGeSiSiGeSiGeGeSiSiGeSiSiSiSiSiSiSiSiSiSiSiSiSiSiSiSiSiSiSiSiSiSiSiSiSiSiSiSiSiSiSiSiSiSiSiSiSiGeSiGeGeSiGeSiSiSiSiSiSi
    -9034.3046875000 GeGeSiSiGeSiGeGeSiSiGeSiSiSiSiSiSiSiSiSiSiSiSiSiSiSiSiSiSiSiSiSiSiSiSiSiSiSiSiSiSiSiSiSiSiSiSiSiGeSiGeGeSiGeSiSiSiSiSiSi
    -9034.3046875000 GeGeSiSiGeSiGeGeSiSiGeSiSiSiSiSiSiSiSiSiSiSiSiSiSiSiSiSiSiSiSiSiSiSiSiSiSiSiSiSiSiSiSiSiSiSiSiSiGeSiGeGeSiGeSiSiSiSiSiSi
    -9034.3046875000 GeGeSiSiGeSiGeGeSiSiGeSiSiSiSiSiSiSiSiSiSiSiSiSiSiSiSiSiSiSiSiSiSiSiSiSiSiSiSiSiSiSiSiSiSiSiSiSiGeSiGeGeSiGeSiSiSiSiSiSi
    -9034.3046875000 GeGeSiSiGeSiGeGeSiSiGeSiSiSiSiSiSiSiSiSiSiSiSiSiSiSiSiSiSiSiSiSiSiSiSiSiSiSiSiSiSiSiSiSiSiSiSiSiGeSiGeGeSiGeSiSiSiSiSiSi
    -9034.3046875000 GeGeSiSiGeSiGeGeSiSiGeSiSiSiSiSiSiSiSiSiSiSiSiSiSiSiSiSiSiSiSiSiSiSiSiSiSiSiSiSiSiSiSiSiSiSiSiSiGeSiGeGeSiGeSiSiSiSiSiSi
    -9034.3046875000 GeGeSiSiGeSiGeGeSiSiGeSiSiSiSiSiSiSiSiSiSiSiSiSiSiSiSiSiSiSiSiSiSiSiSiSiSiSiSiSiSiSiSiSiSiSiSiSiGeSiGeGeSiGeSiSiSiSiSiSi
    -9034.3046875000 GeGeSiSiGeSiGeGeSiSiGeSiSiSiSiSiSiSiSiSiSiSiSiSiSiSiSiSiSiSiSiSiSiSiSiSiSiSiSiSiSiSiSiSiSiSiSiSiGeSiGeGeSiGeSiSiSiSiSiSi
    -9034.3046875000 GeGeSiSiGeSiGeGeSiSiGeSiSiSiSiSiSiSiSiSiSiSiSiSiSiSiSiSiSiSiSiSiSiSiSiSiSiSiSiSiSiSiSiSiSiSiSiSiGeSiGeGeSiGeSiSiSiSiSiSi
    -9034.3046875000 GeGeSiSiGeSiGeGeSiSiGeSiSiSiSiSiSiSiSiSiSiSiSiSiSiSiSiSiSiSiSiSiSiSiSiSiSiSiSiSiSiSiSiSiSiSiSiSiGeSiGeGeSiGeSiSiSiSiSiSi
    -9034.3046875000 GeGeSiSiGeSiGeGeSiSiGeSiSiSiSiSiSiSiSiSiSiSiSiSiSiSiSiSiSiSiSiSiSiSiSiSiSiSiSiSiSiSiSiSiSiSiSiSiGeSiGeGeSiGeSiSiSiSiSiSi
    -9034.3046875000 GeGeSiSiGeSiGeGeSiSiGeSiSiSiSiSiSiSiSiSiSiSiSiSiSiSiSiSiSiSiSiSiSiSiSiSiSiSiSiSiSiSiSiSiSiSiSiSiGeSiGeGeSiGeSiSiSiSiSiSi
    -9034.3046875000 GeGeSiSiGeSiGeGeSiSiGeSiSiSiSiSiSiSiSiSiSiSiSiSiSiSiSiSiSiSiSiSiSiSiSiSiSiSiSiSiSiSiSiSiSiSiSiSiGeSiGeGeSiGeSiSiSiSiSiSi
    -9034.3046875000 GeGeSiSiGeSiGeGeSiSiGeSiSiSiSiSiSiSiSiSiSiSiSiSiSiSiSiSiSiSiSiSiSiSiSiSiSiSiSiSiSiSiSiSiSiSiSiSiGeSiGeGeSiGeSiSiSiSiSiSi
    -9034.3046875000 GeGeSiSiGeSiGeGeSiSiGeSiSiSiSiSiSiSiSiSiSiSiSiSiSiSiSiSiSiSiSiSiSiSiSiSiSiSiSiSiSiSiSiSiSiSiSiSiGeSiGeGeSiGeSiSiSiSiSiSi
    -9034.3046875000 GeGeSiSiGeSiGeGeSiSiGeSiSiSiSiSiSiSiSiSiSiSiSiSiSiSiSiSiSiSiSiSiSiSiSiSiSiSiSiSiSiSiSiSiSiSiSiSiGeSiGeGeSiGeSiSiSiSiSiSi
    -9034.3046875000 GeGeSiSiGeSiGeGeSiSiGeSiSiSiSiSiSiSiSiSiSiSiSiSiSiSiSiSiSiSiSiSiSiSiSiSiSiSiSiSiSiSiSiSiSiSiSiSiGeSiGeGeSiGeSiSiSiSiSiSi
    -9034.3046875000 GeGeSiSiGeSiGeGeSiSiGeSiSiSiSiSiSiSiSiSiSiSiSiSiSiSiSiSiSiSiSiSiSiSiSiSiSiSiSiSiSiSiSiSiSiSiSiSiGeSiGeGeSiGeSiSiSiSiSiSi
    -9034.3046875000 GeGeSiSiGeSiGeGeSiSiGeSiSiSiSiSiSiSiSiSiSiSiSiSiSiSiSiSiSiSiSiSiSiSiSiSiSiSiSiSiSiSiSiSiSiSiSiSiGeSiGeGeSiGeSiSiSiSiSiSi
    -9034.3046875000 GeGeSiSiGeSiGeGeSiSiGeSiSiSiSiSiSiSiSiSiSiSiSiSiSiSiSiSiSiSiSiSiSiSiSiSiSiSiSiSiSiSiSiSiSiSiSiSiGeSiGeGeSiGeSiSiSiSiSiSi
    -9034.3046875000 GeGeSiSiGeSiGeGeSiSiGeSiSiSiSiSiSiSiSiSiSiSiSiSiSiSiSiSiSiSiSiSiSiSiSiSiSiSiSiSiSiSiSiSiSiSiSiSiGeSiGeGeSiGeSiSiSiSiSiSi
    -9034.3046875000 GeGeSiSiGeSiGeGeSiSiGeSiSiSiSiSiSiSiSiSiSiSiSiSiSiSiSiSiSiSiSiSiSiSiSiSiSiSiSiSiSiSiSiSiSiSiSiSiGeSiGeGeSiGeSiSiSiSiSiSi
filename: c000001289994957.gin     
Cell:
    11.9020996    11.9020996    29.6919994    90.0000000    90.0000000   120.0000000
Box:
    11.9020996    -5.9510503     0.0000000
     0.0000000    10.3075209     0.0000000
     0.0000000     0.0000000    29.6919994
----------------------------------------
Inverse Box:
     0.0840188     0.0485083     0.0000000
     0.0000000     0.0970165     0.0000000
     0.0000000     0.0000000     0.0336791
----------------------------------------
==============================================
geometrical properties of  10 Ge:
 Configuration:           0
 D_ave:   9.90994549       3.62774444    
 D_min:   4.54252100       1.33603668    
 energia:  -9034.30469    
