Random Seed:   961317560
Number of atoms:    60
Space Group:    1
Cell:
    11.9020996    11.9020996    29.6919994    90.0000000    90.0000000   120.0000000
Box:
    11.9020996    -5.9510503     0.0000000
     0.0000000    10.3075209     0.0000000
     0.0000000     0.0000000    29.6919994
----------------------------------------
Inverse Box:
     0.0840188     0.0485083     0.0000000
     0.0000000     0.0970165     0.0000000
     0.0000000     0.0000000     0.0336791
----------------------------------------
GeSiSiSiSiSiSiSiSiSiGeSiSiSiSiSiSiSiSiSiSiSiSiSiSiSiSiSiSiSiSiSiSiSiSiSiSiSiSiSiSiSiSiSiSiSiSiSiSiSiSiSiSiSiSiSiSiSiSiSi
           1 Ge    -7733.81152    
GeGeSiSiSiSiSiSiSiSiGeSiSiSiSiSiSiSiSiSiSiSiSiSiSiSiSiSiSiSiSiSiSiSiSiSiSiSiSiSiSiSiSiSiSiSiSiSiSiSiSiSiSiSiSiSiSiSiSiSi
           2 Ge    -7727.02930    
GeGeGeSiSiSiSiSiSiSiGeSiSiSiSiSiSiSiSiSiSiSiSiSiSiSiSiSiSiSiSiSiSiSiSiSiSiSiSiSiSiSiSiSiSiSiSiSiSiSiSiSiSiSiSiSiSiSiSiSi
           3 Ge    -7720.85059    
GeGeGeGeSiSiSiSiSiSiGeSiSiSiSiSiSiSiSiSiSiSiSiSiSiSiSiSiSiSiSiSiSiSiSiSiSiSiSiSiSiSiSiSiSiSiSiSiSiSiSiSiSiSiSiSiSiSiSiSi
           4 Ge    -7745.76514    
GeGeGeGeGeSiSiSiSiSiGeSiSiSiSiSiSiSiSiSiSiSiSiSiSiSiSiSiSiSiSiSiSiSiSiSiSiSiSiSiSiSiSiSiSiSiSiSiSiSiSiSiSiSiSiSiSiSiSiSi
           5 Ge    -7788.03809    
GeGeGeGeGeGeSiSiSiSiGeSiSiSiSiSiSiSiSiSiSiSiSiSiSiSiSiSiSiSiSiSiSiSiSiSiSiSiSiSiSiSiSiSiSiSiSiSiSiSiSiSiSiSiSiSiSiSiSiSi
           6 Ge    -7853.89307    
GeGeGeGeGeGeSiGeSiSiGeSiSiSiSiSiSiSiSiSiSiSiSiSiSiSiSiSiSiSiSiSiSiSiSiSiSiSiSiSiSiSiSiSiSiSiSiSiSiSiSiSiSiSiSiSiSiSiSiSi
           8 Ge    -8021.92773    
GeGeGeGeGeGeSiGeSiSiGeGeSiSiSiSiSiSiSiSiSiSiSiSiSiSiSiSiSiSiSiSiSiSiSiSiSiSiSiSiSiSiSiSiSiSiSiSiSiSiSiSiSiSiSiSiSiSiSiSi
          12 Ge    -8225.58984    
GeGeGeGeGeGeSiGeSiSiGeGeSiGeSiSiSiSiSiSiSiSiSiSiSiSiSiSiSiSiSiSiSiSiSiSiSiSiSiSiSiSiSiSiSiSiSiSiSiSiSiSiSiSiSiSiSiSiSiSi
          14 Ge    -8354.39453    
GeGeGeGeGeGeSiGeSiSiGeGeSiGeSiGeSiSiSiSiSiSiSiSiSiSiSiSiSiSiSiSiSiSiSiSiSiSiSiSiSiSiSiSiSiSiSiSiSiSiSiSiSiSiSiSiSiSiSiSi
          16 Ge    -8549.12305    
GeGeGeGeGeGeSiGeSiSiGeGeSiGeSiGeSiSiSiSiSiSiGeSiSiSiSiSiSiSiSiSiSiSiSiSiSiSiSiSiSiSiSiSiSiSiSiSiSiSiSiSiSiSiSiSiSiSiSiSi
          23 Ge    -8129.85156    
GeGeGeGeGeGeSiGeSiSiGeGeSiGeSiGeSiSiSiSiSiSiGeSiSiGeSiSiSiSiSiSiSiSiSiSiSiSiSiSiSiSiSiSiSiSiSiSiSiSiSiSiSiSiSiSiSiSiSiSi
          26 Ge    -8427.76758    
GeGeGeGeGeGeSiGeSiSiGeGeSiGeSiGeSiSiSiSiSiSiGeSiSiGeSiSiSiGeSiSiSiSiSiSiSiSiSiSiSiSiSiSiSiSiSiSiSiSiSiSiSiSiSiSiSiSiSiSi
          30 Ge    -8342.50293    
GeGeGeGeGeGeSiGeSiSiGeGeSiGeSiGeSiSiSiSiSiSiGeSiSiGeSiSiSiGeSiSiGeSiSiSiSiSiSiSiSiSiSiSiSiSiSiSiSiSiSiSiSiSiSiSiSiSiSiSi
          33 Ge    -8954.79980    
GeGeGeGeGeGeSiGeSiSiGeGeSiGeSiGeSiSiSiSiSiSiGeSiSiGeSiSiSiGeSiSiGeSiSiGeSiSiSiSiSiSiSiSiSiSiSiSiSiSiSiSiSiSiSiSiSiSiSiSi
          36 Ge    -8627.88184    
==============================================
MonteCarlo: Metropolis with identity changes
Si > Ge, Ge > Si. STOP when occurrence <    0.00000
==============================================
Cost_function     Occurrence %     Scan-Cost
   -12326.2197265625 SiSiSiSiGeGeGeSiGeGeGeGeSiGeSiGeSiSiSiGeSiSiSiSiSiSiSiSiGeSiSiSiGeSiSiSiSiSiSiSiSiSiSiSiSiSiSiSiSiSiSiGeSiGeSiSiSiGeSiGe
   -12581.4023437500 GeGeGeGeGeSiGeSiSiSiSiSiGeSiSiGeSiSiSiSiSiSiSiSiSiSiSiSiSiSiSiSiSiSiSiSiSiGeSiSiGeSiSiSiSiSiSiGeSiSiGeGeSiGeSiSiGeSiGeSi
   -12702.6992187500 GeGeGeGeGeSiGeSiSiSiGeSiGeSiSiGeSiSiSiSiSiSiSiGeSiSiSiSiSiSiSiSiSiSiSiSiSiGeSiSiSiSiSiSiSiSiSiGeSiSiSiGeSiGeSiSiGeSiGeSi
   -12761.1992187500 GeGeGeGeGeSiSiGeSiSiGeSiGeSiSiGeSiSiSiSiSiSiSiGeSiSiSiSiSiSiSiSiSiSiSiSiSiGeSiSiSiSiSiSiSiSiSiGeSiSiSiGeSiGeSiSiGeSiGeSi
   -12761.1992187500 GeGeGeGeGeSiSiGeSiSiGeSiGeSiSiGeSiSiSiSiSiSiSiGeSiSiSiSiSiSiSiSiSiSiSiSiSiGeSiSiSiSiSiSiSiSiSiGeSiSiSiGeSiGeSiSiGeSiGeSi
   -12761.1992187500 GeGeGeGeGeSiSiGeSiSiGeSiGeSiSiGeSiSiSiSiSiSiSiGeSiSiSiSiSiSiSiSiSiSiSiSiSiGeSiSiSiSiSiSiSiSiSiGeSiSiSiGeSiGeSiSiGeSiGeSi
   -13442.1601562500 SiGeGeGeGeGeGeGeSiSiGeGeGeSiSiGeSiSiSiSiSiSiSiSiSiSiSiSiSiSiSiSiSiSiGeSiSiSiSiSiSiSiSiSiSiSiSiSiGeSiSiGeSiGeSiSiSiSiGeSi
   -13451.7431640625 SiGeGeGeGeGeSiGeSiSiGeGeSiSiSiGeSiGeSiSiSiSiSiSiSiSiSiSiSiSiSiSiSiSiGeSiSiSiSiSiSiSiSiSiSiSiSiSiGeSiSiGeGeGeSiSiSiSiGeSi
   -13451.7431640625 SiGeGeGeGeGeSiGeSiSiGeGeSiSiSiGeSiGeSiSiSiSiSiSiSiSiSiSiSiSiSiSiSiSiGeSiSiSiSiSiSiSiSiSiSiSiSiSiGeSiSiGeGeGeSiSiSiSiGeSi
   -13691.0517578125 SiGeGeGeGeGeSiGeSiSiGeGeSiSiSiGeSiSiSiSiSiSiSiSiSiSiSiSiSiSiSiSiSiSiGeSiSiSiSiSiSiSiSiSiSiSiSiSiGeSiGeGeGeGeSiSiSiSiGeSi
   -13691.0517578125 SiGeGeGeGeGeSiGeSiSiGeGeSiSiSiGeSiSiSiSiSiSiSiSiSiSiSiSiSiSiSiSiSiSiGeSiSiSiSiSiSiSiSiSiSiSiSiSiGeSiGeGeGeGeSiSiSiSiGeSi
   -13691.0517578125 SiGeGeGeGeGeSiGeSiSiGeGeSiSiSiGeSiSiSiSiSiSiSiSiSiSiSiSiSiSiSiSiSiSiGeSiSiSiSiSiSiSiSiSiSiSiSiSiGeSiGeGeGeGeSiSiSiSiGeSi
   -13691.0517578125 SiGeGeGeGeGeSiGeSiSiGeGeSiSiSiGeSiSiSiSiSiSiSiSiSiSiSiSiSiSiSiSiSiSiGeSiSiSiSiSiSiSiSiSiSiSiSiSiGeSiGeGeGeGeSiSiSiSiGeSi
   -13691.0517578125 SiGeGeGeGeGeSiGeSiSiGeGeSiSiSiGeSiSiSiSiSiSiSiSiSiSiSiSiSiSiSiSiSiSiGeSiSiSiSiSiSiSiSiSiSiSiSiSiGeSiGeGeGeGeSiSiSiSiGeSi
   -13691.0517578125 SiGeGeGeGeGeSiGeSiSiGeGeSiSiSiGeSiSiSiSiSiSiSiSiSiSiSiSiSiSiSiSiSiSiGeSiSiSiSiSiSiSiSiSiSiSiSiSiGeSiGeGeGeGeSiSiSiSiGeSi
   -13691.0517578125 SiGeGeGeGeGeSiGeSiSiGeGeSiSiSiGeSiSiSiSiSiSiSiSiSiSiSiSiSiSiSiSiSiSiGeSiSiSiSiSiSiSiSiSiSiSiSiSiGeSiGeGeGeGeSiSiSiSiGeSi
   -13832.0996093750 GeGeGeSiGeGeSiGeGeSiGeGeSiSiSiGeSiSiSiSiSiSiSiSiSiSiSiSiSiSiSiSiSiSiGeSiSiSiSiSiSiSiSiSiSiSiSiSiGeSiGeGeGeGeSiSiSiSiSiSi
   -13842.2968750000 GeGeGeSiGeGeSiGeGeSiGeGeSiSiSiSiSiSiSiSiSiSiSiSiSiSiSiSiSiSiSiSiSiSiGeSiSiSiSiSiSiSiSiSiGeSiSiSiGeSiGeGeGeGeSiSiSiSiSiSi
   -13842.2968750000 GeGeGeSiGeGeSiGeGeSiGeGeSiSiSiSiSiSiSiSiSiSiSiSiSiSiSiSiSiSiSiSiSiSiGeSiSiSiSiSiSiSiSiSiGeSiSiSiGeSiGeGeGeGeSiSiSiSiSiSi
   -13842.2968750000 GeGeGeSiGeGeSiGeGeSiGeGeSiSiSiSiSiSiSiSiSiSiSiSiSiSiSiSiSiSiSiSiSiSiGeSiSiSiSiSiSiSiSiSiGeSiSiSiGeSiGeGeGeGeSiSiSiSiSiSi
   -13842.2968750000 GeGeGeSiGeGeSiGeGeSiGeGeSiSiSiSiSiSiSiSiSiSiSiSiSiSiSiSiSiSiSiSiSiSiGeSiSiSiSiSiSiSiSiSiGeSiSiSiGeSiGeGeGeGeSiSiSiSiSiSi
   -13842.2968750000 GeGeGeSiGeGeSiGeGeSiGeGeSiSiSiSiSiSiSiSiSiSiSiSiSiSiSiSiSiSiSiSiSiSiGeSiSiSiSiSiSiSiSiSiGeSiSiSiGeSiGeGeGeGeSiSiSiSiSiSi
   -13842.2968750000 GeGeGeSiGeGeSiGeGeSiGeGeSiSiSiSiSiSiSiSiSiSiSiSiSiSiSiSiSiSiSiSiSiSiGeSiSiSiSiSiSiSiSiSiGeSiSiSiGeSiGeGeGeGeSiSiSiSiSiSi
   -13842.2968750000 GeGeGeSiGeGeSiGeGeSiGeGeSiSiSiSiSiSiSiSiSiSiSiSiSiSiSiSiSiSiSiSiSiSiGeSiSiSiSiSiSiSiSiSiGeSiSiSiGeSiGeGeGeGeSiSiSiSiSiSi
   -13842.2968750000 GeGeGeSiGeGeSiGeGeSiGeGeSiSiSiSiSiSiSiSiSiSiSiSiSiSiSiSiSiSiSiSiSiSiGeSiSiSiSiSiSiSiSiSiGeSiSiSiGeSiGeGeGeGeSiSiSiSiSiSi
   -13842.2968750000 GeGeGeSiGeGeSiGeGeSiGeGeSiSiSiSiSiSiSiSiSiSiSiSiSiSiSiSiSiSiSiSiSiSiGeSiSiSiSiSiSiSiSiSiGeSiSiSiGeSiGeGeGeGeSiSiSiSiSiSi
   -13842.2968750000 GeGeGeSiGeGeSiGeGeSiGeGeSiSiSiSiSiSiSiSiSiSiSiSiSiSiSiSiSiSiSiSiSiSiGeSiSiSiSiSiSiSiSiSiGeSiSiSiGeSiGeGeGeGeSiSiSiSiSiSi
   -13842.2968750000 GeGeGeSiGeGeSiGeGeSiGeGeSiSiSiSiSiSiSiSiSiSiSiSiSiSiSiSiSiSiSiSiSiSiGeSiSiSiSiSiSiSiSiSiGeSiSiSiGeSiGeGeGeGeSiSiSiSiSiSi
   -13842.2968750000 GeGeGeSiGeGeSiGeGeSiGeGeSiSiSiSiSiSiSiSiSiSiSiSiSiSiSiSiSiSiSiSiSiSiGeSiSiSiSiSiSiSiSiSiGeSiSiSiGeSiGeGeGeGeSiSiSiSiSiSi
   -13842.2968750000 GeGeGeSiGeGeSiGeGeSiGeGeSiSiSiSiSiSiSiSiSiSiSiSiSiSiSiSiSiSiSiSiSiSiGeSiSiSiSiSiSiSiSiSiGeSiSiSiGeSiGeGeGeGeSiSiSiSiSiSi
   -13842.2968750000 GeGeGeSiGeGeSiGeGeSiGeGeSiSiSiSiSiSiSiSiSiSiSiSiSiSiSiSiSiSiSiSiSiSiGeSiSiSiSiSiSiSiSiSiGeSiSiSiGeSiGeGeGeGeSiSiSiSiSiSi
   -13842.2968750000 GeGeGeSiGeGeSiGeGeSiGeGeSiSiSiSiSiSiSiSiSiSiSiSiSiSiSiSiSiSiSiSiSiSiGeSiSiSiSiSiSiSiSiSiGeSiSiSiGeSiGeGeGeGeSiSiSiSiSiSi
   -13842.2968750000 GeGeGeSiGeGeSiGeGeSiGeGeSiSiSiSiSiSiSiSiSiSiSiSiSiSiSiSiSiSiSiSiSiSiGeSiSiSiSiSiSiSiSiSiGeSiSiSiGeSiGeGeGeGeSiSiSiSiSiSi
   -13842.2968750000 GeGeGeSiGeGeSiGeGeSiGeGeSiSiSiSiSiSiSiSiSiSiSiSiSiSiSiSiSiSiSiSiSiSiGeSiSiSiSiSiSiSiSiSiGeSiSiSiGeSiGeGeGeGeSiSiSiSiSiSi
   -13842.2968750000 GeGeGeSiGeGeSiGeGeSiGeGeSiSiSiSiSiSiSiSiSiSiSiSiSiSiSiSiSiSiSiSiSiSiGeSiSiSiSiSiSiSiSiSiGeSiSiSiGeSiGeGeGeGeSiSiSiSiSiSi
   -13842.2968750000 GeGeGeSiGeGeSiGeGeSiGeGeSiSiSiSiSiSiSiSiSiSiSiSiSiSiSiSiSiSiSiSiSiSiGeSiSiSiSiSiSiSiSiSiGeSiSiSiGeSiGeGeGeGeSiSiSiSiSiSi
   -13842.2968750000 GeGeGeSiGeGeSiGeGeSiGeGeSiSiSiSiSiSiSiSiSiSiSiSiSiSiSiSiSiSiSiSiSiSiGeSiSiSiSiSiSiSiSiSiGeSiSiSiGeSiGeGeGeGeSiSiSiSiSiSi
   -13842.2968750000 GeGeGeSiGeGeSiGeGeSiGeGeSiSiSiSiSiSiSiSiSiSiSiSiSiSiSiSiSiSiSiSiSiSiGeSiSiSiSiSiSiSiSiSiGeSiSiSiGeSiGeGeGeGeSiSiSiSiSiSi
   -13842.2968750000 GeGeGeSiGeGeSiGeGeSiGeGeSiSiSiSiSiSiSiSiSiSiSiSiSiSiSiSiSiSiSiSiSiSiGeSiSiSiSiSiSiSiSiSiGeSiSiSiGeSiGeGeGeGeSiSiSiSiSiSi
   -13842.2968750000 GeGeGeSiGeGeSiGeGeSiGeGeSiSiSiSiSiSiSiSiSiSiSiSiSiSiSiSiSiSiSiSiSiSiGeSiSiSiSiSiSiSiSiSiGeSiSiSiGeSiGeGeGeGeSiSiSiSiSiSi
   -13842.2968750000 GeGeGeSiGeGeSiGeGeSiGeGeSiSiSiSiSiSiSiSiSiSiSiSiSiSiSiSiSiSiSiSiSiSiGeSiSiSiSiSiSiSiSiSiGeSiSiSiGeSiGeGeGeGeSiSiSiSiSiSi
   -13842.2968750000 GeGeGeSiGeGeSiGeGeSiGeGeSiSiSiSiSiSiSiSiSiSiSiSiSiSiSiSiSiSiSiSiSiSiGeSiSiSiSiSiSiSiSiSiGeSiSiSiGeSiGeGeGeGeSiSiSiSiSiSi
   -13842.2968750000 GeGeGeSiGeGeSiGeGeSiGeGeSiSiSiSiSiSiSiSiSiSiSiSiSiSiSiSiSiSiSiSiSiSiGeSiSiSiSiSiSiSiSiSiGeSiSiSiGeSiGeGeGeGeSiSiSiSiSiSi
   -13842.2968750000 GeGeGeSiGeGeSiGeGeSiGeGeSiSiSiSiSiSiSiSiSiSiSiSiSiSiSiSiSiSiSiSiSiSiGeSiSiSiSiSiSiSiSiSiGeSiSiSiGeSiGeGeGeGeSiSiSiSiSiSi
   -13842.2968750000 GeGeGeSiGeGeSiGeGeSiGeGeSiSiSiSiSiSiSiSiSiSiSiSiSiSiSiSiSiSiSiSiSiSiGeSiSiSiSiSiSiSiSiSiGeSiSiSiGeSiGeGeGeGeSiSiSiSiSiSi
   -13842.2968750000 GeGeGeSiGeGeSiGeGeSiGeGeSiSiSiSiSiSiSiSiSiSiSiSiSiSiSiSiSiSiSiSiSiSiGeSiSiSiSiSiSiSiSiSiGeSiSiSiGeSiGeGeGeGeSiSiSiSiSiSi
   -13842.2968750000 GeGeGeSiGeGeSiGeGeSiGeGeSiSiSiSiSiSiSiSiSiSiSiSiSiSiSiSiSiSiSiSiSiSiGeSiSiSiSiSiSiSiSiSiGeSiSiSiGeSiGeGeGeGeSiSiSiSiSiSi
   -13842.2968750000 GeGeGeSiGeGeSiGeGeSiGeGeSiSiSiSiSiSiSiSiSiSiSiSiSiSiSiSiSiSiSiSiSiSiGeSiSiSiSiSiSiSiSiSiGeSiSiSiGeSiGeGeGeGeSiSiSiSiSiSi
   -13842.2968750000 GeGeGeSiGeGeSiGeGeSiGeGeSiSiSiSiSiSiSiSiSiSiSiSiSiSiSiSiSiSiSiSiSiSiGeSiSiSiSiSiSiSiSiSiGeSiSiSiGeSiGeGeGeGeSiSiSiSiSiSi
   -13842.2968750000 GeGeGeSiGeGeSiGeGeSiGeGeSiSiSiSiSiSiSiSiSiSiSiSiSiSiSiSiSiSiSiSiSiSiGeSiSiSiSiSiSiSiSiSiGeSiSiSiGeSiGeGeGeGeSiSiSiSiSiSi
   -13842.2968750000 GeGeGeSiGeGeSiGeGeSiGeGeSiSiSiSiSiSiSiSiSiSiSiSiSiSiSiSiSiSiSiSiSiSiGeSiSiSiSiSiSiSiSiSiGeSiSiSiGeSiGeGeGeGeSiSiSiSiSiSi
   -13842.2968750000 GeGeGeSiGeGeSiGeGeSiGeGeSiSiSiSiSiSiSiSiSiSiSiSiSiSiSiSiSiSiSiSiSiSiGeSiSiSiSiSiSiSiSiSiGeSiSiSiGeSiGeGeGeGeSiSiSiSiSiSi
   -13842.2968750000 GeGeGeSiGeGeSiGeGeSiGeGeSiSiSiSiSiSiSiSiSiSiSiSiSiSiSiSiSiSiSiSiSiSiGeSiSiSiSiSiSiSiSiSiGeSiSiSiGeSiGeGeGeGeSiSiSiSiSiSi
   -13842.2968750000 GeGeGeSiGeGeSiGeGeSiGeGeSiSiSiSiSiSiSiSiSiSiSiSiSiSiSiSiSiSiSiSiSiSiGeSiSiSiSiSiSiSiSiSiGeSiSiSiGeSiGeGeGeGeSiSiSiSiSiSi
   -13842.2968750000 GeGeGeSiGeGeSiGeGeSiGeGeSiSiSiSiSiSiSiSiSiSiSiSiSiSiSiSiSiSiSiSiSiSiGeSiSiSiSiSiSiSiSiSiGeSiSiSiGeSiGeGeGeGeSiSiSiSiSiSi
   -13842.2968750000 GeGeGeSiGeGeSiGeGeSiGeGeSiSiSiSiSiSiSiSiSiSiSiSiSiSiSiSiSiSiSiSiSiSiGeSiSiSiSiSiSiSiSiSiGeSiSiSiGeSiGeGeGeGeSiSiSiSiSiSi
   -13842.2968750000 GeGeGeSiGeGeSiGeGeSiGeGeSiSiSiSiSiSiSiSiSiSiSiSiSiSiSiSiSiSiSiSiSiSiGeSiSiSiSiSiSiSiSiSiGeSiSiSiGeSiGeGeGeGeSiSiSiSiSiSi
   -13842.2968750000 GeGeGeSiGeGeSiGeGeSiGeGeSiSiSiSiSiSiSiSiSiSiSiSiSiSiSiSiSiSiSiSiSiSiGeSiSiSiSiSiSiSiSiSiGeSiSiSiGeSiGeGeGeGeSiSiSiSiSiSi
   -13842.2968750000 GeGeGeSiGeGeSiGeGeSiGeGeSiSiSiSiSiSiSiSiSiSiSiSiSiSiSiSiSiSiSiSiSiSiGeSiSiSiSiSiSiSiSiSiGeSiSiSiGeSiGeGeGeGeSiSiSiSiSiSi
   -13842.2968750000 GeGeGeSiGeGeSiGeGeSiGeGeSiSiSiSiSiSiSiSiSiSiSiSiSiSiSiSiSiSiSiSiSiSiGeSiSiSiSiSiSiSiSiSiGeSiSiSiGeSiGeGeGeGeSiSiSiSiSiSi
   -13842.2968750000 GeGeGeSiGeGeSiGeGeSiGeGeSiSiSiSiSiSiSiSiSiSiSiSiSiSiSiSiSiSiSiSiSiSiGeSiSiSiSiSiSiSiSiSiGeSiSiSiGeSiGeGeGeGeSiSiSiSiSiSi
   -13842.2968750000 GeGeGeSiGeGeSiGeGeSiGeGeSiSiSiSiSiSiSiSiSiSiSiSiSiSiSiSiSiSiSiSiSiSiGeSiSiSiSiSiSiSiSiSiGeSiSiSiGeSiGeGeGeGeSiSiSiSiSiSi
   -13842.2968750000 GeGeGeSiGeGeSiGeGeSiGeGeSiSiSiSiSiSiSiSiSiSiSiSiSiSiSiSiSiSiSiSiSiSiGeSiSiSiSiSiSiSiSiSiGeSiSiSiGeSiGeGeGeGeSiSiSiSiSiSi
   -13842.2968750000 GeGeGeSiGeGeSiGeGeSiGeGeSiSiSiSiSiSiSiSiSiSiSiSiSiSiSiSiSiSiSiSiSiSiGeSiSiSiSiSiSiSiSiSiGeSiSiSiGeSiGeGeGeGeSiSiSiSiSiSi
   -13842.2968750000 GeGeGeSiGeGeSiGeGeSiGeGeSiSiSiSiSiSiSiSiSiSiSiSiSiSiSiSiSiSiSiSiSiSiGeSiSiSiSiSiSiSiSiSiGeSiSiSiGeSiGeGeGeGeSiSiSiSiSiSi
   -13842.2968750000 GeGeGeSiGeGeSiGeGeSiGeGeSiSiSiSiSiSiSiSiSiSiSiSiSiSiSiSiSiSiSiSiSiSiGeSiSiSiSiSiSiSiSiSiGeSiSiSiGeSiGeGeGeGeSiSiSiSiSiSi
   -13842.2968750000 GeGeGeSiGeGeSiGeGeSiGeGeSiSiSiSiSiSiSiSiSiSiSiSiSiSiSiSiSiSiSiSiSiSiGeSiSiSiSiSiSiSiSiSiGeSiSiSiGeSiGeGeGeGeSiSiSiSiSiSi
   -13842.2968750000 GeGeGeSiGeGeSiGeGeSiGeGeSiSiSiSiSiSiSiSiSiSiSiSiSiSiSiSiSiSiSiSiSiSiGeSiSiSiSiSiSiSiSiSiGeSiSiSiGeSiGeGeGeGeSiSiSiSiSiSi
   -13842.2968750000 GeGeGeSiGeGeSiGeGeSiGeGeSiSiSiSiSiSiSiSiSiSiSiSiSiSiSiSiSiSiSiSiSiSiGeSiSiSiSiSiSiSiSiSiGeSiSiSiGeSiGeGeGeGeSiSiSiSiSiSi
   -13842.2968750000 GeGeGeSiGeGeSiGeGeSiGeGeSiSiSiSiSiSiSiSiSiSiSiSiSiSiSiSiSiSiSiSiSiSiGeSiSiSiSiSiSiSiSiSiGeSiSiSiGeSiGeGeGeGeSiSiSiSiSiSi
   -13842.2968750000 GeGeGeSiGeGeSiGeGeSiGeGeSiSiSiSiSiSiSiSiSiSiSiSiSiSiSiSiSiSiSiSiSiSiGeSiSiSiSiSiSiSiSiSiGeSiSiSiGeSiGeGeGeGeSiSiSiSiSiSi
   -13842.2968750000 GeGeGeSiGeGeSiGeGeSiGeGeSiSiSiSiSiSiSiSiSiSiSiSiSiSiSiSiSiSiSiSiSiSiGeSiSiSiSiSiSiSiSiSiGeSiSiSiGeSiGeGeGeGeSiSiSiSiSiSi
   -13842.2968750000 GeGeGeSiGeGeSiGeGeSiGeGeSiSiSiSiSiSiSiSiSiSiSiSiSiSiSiSiSiSiSiSiSiSiGeSiSiSiSiSiSiSiSiSiGeSiSiSiGeSiGeGeGeGeSiSiSiSiSiSi
   -13842.2968750000 GeGeGeSiGeGeSiGeGeSiGeGeSiSiSiSiSiSiSiSiSiSiSiSiSiSiSiSiSiSiSiSiSiSiGeSiSiSiSiSiSiSiSiSiGeSiSiSiGeSiGeGeGeGeSiSiSiSiSiSi
   -13842.2968750000 GeGeGeSiGeGeSiGeGeSiGeGeSiSiSiSiSiSiSiSiSiSiSiSiSiSiSiSiSiSiSiSiSiSiGeSiSiSiSiSiSiSiSiSiGeSiSiSiGeSiGeGeGeGeSiSiSiSiSiSi
   -13842.2968750000 GeGeGeSiGeGeSiGeGeSiGeGeSiSiSiSiSiSiSiSiSiSiSiSiSiSiSiSiSiSiSiSiSiSiGeSiSiSiSiSiSiSiSiSiGeSiSiSiGeSiGeGeGeGeSiSiSiSiSiSi
   -13842.2968750000 GeGeGeSiGeGeSiGeGeSiGeGeSiSiSiSiSiSiSiSiSiSiSiSiSiSiSiSiSiSiSiSiSiSiGeSiSiSiSiSiSiSiSiSiGeSiSiSiGeSiGeGeGeGeSiSiSiSiSiSi
   -13842.2968750000 GeGeGeSiGeGeSiGeGeSiGeGeSiSiSiSiSiSiSiSiSiSiSiSiSiSiSiSiSiSiSiSiSiSiGeSiSiSiSiSiSiSiSiSiGeSiSiSiGeSiGeGeGeGeSiSiSiSiSiSi
   -13842.2968750000 GeGeGeSiGeGeSiGeGeSiGeGeSiSiSiSiSiSiSiSiSiSiSiSiSiSiSiSiSiSiSiSiSiSiGeSiSiSiSiSiSiSiSiSiGeSiSiSiGeSiGeGeGeGeSiSiSiSiSiSi
   -13842.2968750000 GeGeGeSiGeGeSiGeGeSiGeGeSiSiSiSiSiSiSiSiSiSiSiSiSiSiSiSiSiSiSiSiSiSiGeSiSiSiSiSiSiSiSiSiGeSiSiSiGeSiGeGeGeGeSiSiSiSiSiSi
   -13842.2968750000 GeGeGeSiGeGeSiGeGeSiGeGeSiSiSiSiSiSiSiSiSiSiSiSiSiSiSiSiSiSiSiSiSiSiGeSiSiSiSiSiSiSiSiSiGeSiSiSiGeSiGeGeGeGeSiSiSiSiSiSi
   -13842.2968750000 GeGeGeSiGeGeSiGeGeSiGeGeSiSiSiSiSiSiSiSiSiSiSiSiSiSiSiSiSiSiSiSiSiSiGeSiSiSiSiSiSiSiSiSiGeSiSiSiGeSiGeGeGeGeSiSiSiSiSiSi
   -13842.2968750000 GeGeGeSiGeGeSiGeGeSiGeGeSiSiSiSiSiSiSiSiSiSiSiSiSiSiSiSiSiSiSiSiSiSiGeSiSiSiSiSiSiSiSiSiGeSiSiSiGeSiGeGeGeGeSiSiSiSiSiSi
   -13842.2968750000 GeGeGeSiGeGeSiGeGeSiGeGeSiSiSiSiSiSiSiSiSiSiSiSiSiSiSiSiSiSiSiSiSiSiGeSiSiSiSiSiSiSiSiSiGeSiSiSiGeSiGeGeGeGeSiSiSiSiSiSi
   -13842.2968750000 GeGeGeSiGeGeSiGeGeSiGeGeSiSiSiSiSiSiSiSiSiSiSiSiSiSiSiSiSiSiSiSiSiSiGeSiSiSiSiSiSiSiSiSiGeSiSiSiGeSiGeGeGeGeSiSiSiSiSiSi
   -13842.2968750000 GeGeGeSiGeGeSiGeGeSiGeGeSiSiSiSiSiSiSiSiSiSiSiSiSiSiSiSiSiSiSiSiSiSiGeSiSiSiSiSiSiSiSiSiGeSiSiSiGeSiGeGeGeGeSiSiSiSiSiSi
   -13842.2968750000 GeGeGeSiGeGeSiGeGeSiGeGeSiSiSiSiSiSiSiSiSiSiSiSiSiSiSiSiSiSiSiSiSiSiGeSiSiSiSiSiSiSiSiSiGeSiSiSiGeSiGeGeGeGeSiSiSiSiSiSi
   -13842.2968750000 GeGeGeSiGeGeSiGeGeSiGeGeSiSiSiSiSiSiSiSiSiSiSiSiSiSiSiSiSiSiSiSiSiSiGeSiSiSiSiSiSiSiSiSiGeSiSiSiGeSiGeGeGeGeSiSiSiSiSiSi
   -13842.2968750000 GeGeGeSiGeGeSiGeGeSiGeGeSiSiSiSiSiSiSiSiSiSiSiSiSiSiSiSiSiSiSiSiSiSiGeSiSiSiSiSiSiSiSiSiGeSiSiSiGeSiGeGeGeGeSiSiSiSiSiSi
   -13842.2968750000 GeGeGeSiGeGeSiGeGeSiGeGeSiSiSiSiSiSiSiSiSiSiSiSiSiSiSiSiSiSiSiSiSiSiGeSiSiSiSiSiSiSiSiSiGeSiSiSiGeSiGeGeGeGeSiSiSiSiSiSi
   -13842.2968750000 GeGeGeSiGeGeSiGeGeSiGeGeSiSiSiSiSiSiSiSiSiSiSiSiSiSiSiSiSiSiSiSiSiSiGeSiSiSiSiSiSiSiSiSiGeSiSiSiGeSiGeGeGeGeSiSiSiSiSiSi
   -13842.2968750000 GeGeGeSiGeGeSiGeGeSiGeGeSiSiSiSiSiSiSiSiSiSiSiSiSiSiSiSiSiSiSiSiSiSiGeSiSiSiSiSiSiSiSiSiGeSiSiSiGeSiGeGeGeGeSiSiSiSiSiSi
   -13842.2968750000 GeGeGeSiGeGeSiGeGeSiGeGeSiSiSiSiSiSiSiSiSiSiSiSiSiSiSiSiSiSiSiSiSiSiGeSiSiSiSiSiSiSiSiSiGeSiSiSiGeSiGeGeGeGeSiSiSiSiSiSi
   -13842.2968750000 GeGeGeSiGeGeSiGeGeSiGeGeSiSiSiSiSiSiSiSiSiSiSiSiSiSiSiSiSiSiSiSiSiSiGeSiSiSiSiSiSiSiSiSiGeSiSiSiGeSiGeGeGeGeSiSiSiSiSiSi
   -13842.2968750000 GeGeGeSiGeGeSiGeGeSiGeGeSiSiSiSiSiSiSiSiSiSiSiSiSiSiSiSiSiSiSiSiSiSiGeSiSiSiSiSiSiSiSiSiGeSiSiSiGeSiGeGeGeGeSiSiSiSiSiSi
   -13842.2968750000 GeGeGeSiGeGeSiGeGeSiGeGeSiSiSiSiSiSiSiSiSiSiSiSiSiSiSiSiSiSiSiSiSiSiGeSiSiSiSiSiSiSiSiSiGeSiSiSiGeSiGeGeGeGeSiSiSiSiSiSi
   -13842.2968750000 GeGeGeSiGeGeSiGeGeSiGeGeSiSiSiSiSiSiSiSiSiSiSiSiSiSiSiSiSiSiSiSiSiSiGeSiSiSiSiSiSiSiSiSiGeSiSiSiGeSiGeGeGeGeSiSiSiSiSiSi
   -13842.2968750000 GeGeGeSiGeGeSiGeGeSiGeGeSiSiSiSiSiSiSiSiSiSiSiSiSiSiSiSiSiSiSiSiSiSiGeSiSiSiSiSiSiSiSiSiGeSiSiSiGeSiGeGeGeGeSiSiSiSiSiSi
   -13842.2968750000 GeGeGeSiGeGeSiGeGeSiGeGeSiSiSiSiSiSiSiSiSiSiSiSiSiSiSiSiSiSiSiSiSiSiGeSiSiSiSiSiSiSiSiSiGeSiSiSiGeSiGeGeGeGeSiSiSiSiSiSi
   -13842.2968750000 GeGeGeSiGeGeSiGeGeSiGeGeSiSiSiSiSiSiSiSiSiSiSiSiSiSiSiSiSiSiSiSiSiSiGeSiSiSiSiSiSiSiSiSiGeSiSiSiGeSiGeGeGeGeSiSiSiSiSiSi
   -13842.2968750000 GeGeGeSiGeGeSiGeGeSiGeGeSiSiSiSiSiSiSiSiSiSiSiSiSiSiSiSiSiSiSiSiSiSiGeSiSiSiSiSiSiSiSiSiGeSiSiSiGeSiGeGeGeGeSiSiSiSiSiSi
   -13842.2968750000 GeGeGeSiGeGeSiGeGeSiGeGeSiSiSiSiSiSiSiSiSiSiSiSiSiSiSiSiSiSiSiSiSiSiGeSiSiSiSiSiSiSiSiSiGeSiSiSiGeSiGeGeGeGeSiSiSiSiSiSi
   -13842.2968750000 GeGeGeSiGeGeSiGeGeSiGeGeSiSiSiSiSiSiSiSiSiSiSiSiSiSiSiSiSiSiSiSiSiSiGeSiSiSiSiSiSiSiSiSiGeSiSiSiGeSiGeGeGeGeSiSiSiSiSiSi
   -13842.2968750000 GeGeGeSiGeGeSiGeGeSiGeGeSiSiSiSiSiSiSiSiSiSiSiSiSiSiSiSiSiSiSiSiSiSiGeSiSiSiSiSiSiSiSiSiGeSiSiSiGeSiGeGeGeGeSiSiSiSiSiSi
   -13842.2968750000 GeGeGeSiGeGeSiGeGeSiGeGeSiSiSiSiSiSiSiSiSiSiSiSiSiSiSiSiSiSiSiSiSiSiGeSiSiSiSiSiSiSiSiSiGeSiSiSiGeSiGeGeGeGeSiSiSiSiSiSi
   -13842.2968750000 GeGeGeSiGeGeSiGeGeSiGeGeSiSiSiSiSiSiSiSiSiSiSiSiSiSiSiSiSiSiSiSiSiSiGeSiSiSiSiSiSiSiSiSiGeSiSiSiGeSiGeGeGeGeSiSiSiSiSiSi
   -13842.2968750000 GeGeGeSiGeGeSiGeGeSiGeGeSiSiSiSiSiSiSiSiSiSiSiSiSiSiSiSiSiSiSiSiSiSiGeSiSiSiSiSiSiSiSiSiGeSiSiSiGeSiGeGeGeGeSiSiSiSiSiSi
   -13842.2968750000 GeGeGeSiGeGeSiGeGeSiGeGeSiSiSiSiSiSiSiSiSiSiSiSiSiSiSiSiSiSiSiSiSiSiGeSiSiSiSiSiSiSiSiSiGeSiSiSiGeSiGeGeGeGeSiSiSiSiSiSi
   -13842.2968750000 GeGeGeSiGeGeSiGeGeSiGeGeSiSiSiSiSiSiSiSiSiSiSiSiSiSiSiSiSiSiSiSiSiSiGeSiSiSiSiSiSiSiSiSiGeSiSiSiGeSiGeGeGeGeSiSiSiSiSiSi
   -13842.2968750000 GeGeGeSiGeGeSiGeGeSiGeGeSiSiSiSiSiSiSiSiSiSiSiSiSiSiSiSiSiSiSiSiSiSiGeSiSiSiSiSiSiSiSiSiGeSiSiSiGeSiGeGeGeGeSiSiSiSiSiSi
   -13842.2968750000 GeGeGeSiGeGeSiGeGeSiGeGeSiSiSiSiSiSiSiSiSiSiSiSiSiSiSiSiSiSiSiSiSiSiGeSiSiSiSiSiSiSiSiSiGeSiSiSiGeSiGeGeGeGeSiSiSiSiSiSi
   -13842.2968750000 GeGeGeSiGeGeSiGeGeSiGeGeSiSiSiSiSiSiSiSiSiSiSiSiSiSiSiSiSiSiSiSiSiSiGeSiSiSiSiSiSiSiSiSiGeSiSiSiGeSiGeGeGeGeSiSiSiSiSiSi
   -13842.2968750000 GeGeGeSiGeGeSiGeGeSiGeGeSiSiSiSiSiSiSiSiSiSiSiSiSiSiSiSiSiSiSiSiSiSiGeSiSiSiSiSiSiSiSiSiGeSiSiSiGeSiGeGeGeGeSiSiSiSiSiSi
   -13842.2968750000 GeGeGeSiGeGeSiGeGeSiGeGeSiSiSiSiSiSiSiSiSiSiSiSiSiSiSiSiSiSiSiSiSiSiGeSiSiSiSiSiSiSiSiSiGeSiSiSiGeSiGeGeGeGeSiSiSiSiSiSi
   -13842.2968750000 GeGeGeSiGeGeSiGeGeSiGeGeSiSiSiSiSiSiSiSiSiSiSiSiSiSiSiSiSiSiSiSiSiSiGeSiSiSiSiSiSiSiSiSiGeSiSiSiGeSiGeGeGeGeSiSiSiSiSiSi
   -13842.2968750000 GeGeGeSiGeGeSiGeGeSiGeGeSiSiSiSiSiSiSiSiSiSiSiSiSiSiSiSiSiSiSiSiSiSiGeSiSiSiSiSiSiSiSiSiGeSiSiSiGeSiGeGeGeGeSiSiSiSiSiSi
   -13842.2968750000 GeGeGeSiGeGeSiGeGeSiGeGeSiSiSiSiSiSiSiSiSiSiSiSiSiSiSiSiSiSiSiSiSiSiGeSiSiSiSiSiSiSiSiSiGeSiSiSiGeSiGeGeGeGeSiSiSiSiSiSi
   -13842.2968750000 GeGeGeSiGeGeSiGeGeSiGeGeSiSiSiSiSiSiSiSiSiSiSiSiSiSiSiSiSiSiSiSiSiSiGeSiSiSiSiSiSiSiSiSiGeSiSiSiGeSiGeGeGeGeSiSiSiSiSiSi
   -13842.2968750000 GeGeGeSiGeGeSiGeGeSiGeGeSiSiSiSiSiSiSiSiSiSiSiSiSiSiSiSiSiSiSiSiSiSiGeSiSiSiSiSiSiSiSiSiGeSiSiSiGeSiGeGeGeGeSiSiSiSiSiSi
   -13842.2968750000 GeGeGeSiGeGeSiGeGeSiGeGeSiSiSiSiSiSiSiSiSiSiSiSiSiSiSiSiSiSiSiSiSiSiGeSiSiSiSiSiSiSiSiSiGeSiSiSiGeSiGeGeGeGeSiSiSiSiSiSi
   -13842.2968750000 GeGeGeSiGeGeSiGeGeSiGeGeSiSiSiSiSiSiSiSiSiSiSiSiSiSiSiSiSiSiSiSiSiSiGeSiSiSiSiSiSiSiSiSiGeSiSiSiGeSiGeGeGeGeSiSiSiSiSiSi
   -13842.2968750000 GeGeGeSiGeGeSiGeGeSiGeGeSiSiSiSiSiSiSiSiSiSiSiSiSiSiSiSiSiSiSiSiSiSiGeSiSiSiSiSiSiSiSiSiGeSiSiSiGeSiGeGeGeGeSiSiSiSiSiSi
   -13842.2968750000 GeGeGeSiGeGeSiGeGeSiGeGeSiSiSiSiSiSiSiSiSiSiSiSiSiSiSiSiSiSiSiSiSiSiGeSiSiSiSiSiSiSiSiSiGeSiSiSiGeSiGeGeGeGeSiSiSiSiSiSi
   -13842.2968750000 GeGeGeSiGeGeSiGeGeSiGeGeSiSiSiSiSiSiSiSiSiSiSiSiSiSiSiSiSiSiSiSiSiSiGeSiSiSiSiSiSiSiSiSiGeSiSiSiGeSiGeGeGeGeSiSiSiSiSiSi
   -13842.2968750000 GeGeGeSiGeGeSiGeGeSiGeGeSiSiSiSiSiSiSiSiSiSiSiSiSiSiSiSiSiSiSiSiSiSiGeSiSiSiSiSiSiSiSiSiGeSiSiSiGeSiGeGeGeGeSiSiSiSiSiSi
   -13842.2968750000 GeGeGeSiGeGeSiGeGeSiGeGeSiSiSiSiSiSiSiSiSiSiSiSiSiSiSiSiSiSiSiSiSiSiGeSiSiSiSiSiSiSiSiSiGeSiSiSiGeSiGeGeGeGeSiSiSiSiSiSi
   -13842.2968750000 GeGeGeSiGeGeSiGeGeSiGeGeSiSiSiSiSiSiSiSiSiSiSiSiSiSiSiSiSiSiSiSiSiSiGeSiSiSiSiSiSiSiSiSiGeSiSiSiGeSiGeGeGeGeSiSiSiSiSiSi
   -13842.2968750000 GeGeGeSiGeGeSiGeGeSiGeGeSiSiSiSiSiSiSiSiSiSiSiSiSiSiSiSiSiSiSiSiSiSiGeSiSiSiSiSiSiSiSiSiGeSiSiSiGeSiGeGeGeGeSiSiSiSiSiSi
   -13842.2968750000 GeGeGeSiGeGeSiGeGeSiGeGeSiSiSiSiSiSiSiSiSiSiSiSiSiSiSiSiSiSiSiSiSiSiGeSiSiSiSiSiSiSiSiSiGeSiSiSiGeSiGeGeGeGeSiSiSiSiSiSi
   -13842.2968750000 GeGeGeSiGeGeSiGeGeSiGeGeSiSiSiSiSiSiSiSiSiSiSiSiSiSiSiSiSiSiSiSiSiSiGeSiSiSiSiSiSiSiSiSiGeSiSiSiGeSiGeGeGeGeSiSiSiSiSiSi
   -13842.2968750000 GeGeGeSiGeGeSiGeGeSiGeGeSiSiSiSiSiSiSiSiSiSiSiSiSiSiSiSiSiSiSiSiSiSiGeSiSiSiSiSiSiSiSiSiGeSiSiSiGeSiGeGeGeGeSiSiSiSiSiSi
   -13842.2968750000 GeGeGeSiGeGeSiGeGeSiGeGeSiSiSiSiSiSiSiSiSiSiSiSiSiSiSiSiSiSiSiSiSiSiGeSiSiSiSiSiSiSiSiSiGeSiSiSiGeSiGeGeGeGeSiSiSiSiSiSi
   -13842.2968750000 GeGeGeSiGeGeSiGeGeSiGeGeSiSiSiSiSiSiSiSiSiSiSiSiSiSiSiSiSiSiSiSiSiSiGeSiSiSiSiSiSiSiSiSiGeSiSiSiGeSiGeGeGeGeSiSiSiSiSiSi
   -13842.2968750000 GeGeGeSiGeGeSiGeGeSiGeGeSiSiSiSiSiSiSiSiSiSiSiSiSiSiSiSiSiSiSiSiSiSiGeSiSiSiSiSiSiSiSiSiGeSiSiSiGeSiGeGeGeGeSiSiSiSiSiSi
   -13842.2968750000 GeGeGeSiGeGeSiGeGeSiGeGeSiSiSiSiSiSiSiSiSiSiSiSiSiSiSiSiSiSiSiSiSiSiGeSiSiSiSiSiSiSiSiSiGeSiSiSiGeSiGeGeGeGeSiSiSiSiSiSi
   -13842.2968750000 GeGeGeSiGeGeSiGeGeSiGeGeSiSiSiSiSiSiSiSiSiSiSiSiSiSiSiSiSiSiSiSiSiSiGeSiSiSiSiSiSiSiSiSiGeSiSiSiGeSiGeGeGeGeSiSiSiSiSiSi
   -13842.2968750000 GeGeGeSiGeGeSiGeGeSiGeGeSiSiSiSiSiSiSiSiSiSiSiSiSiSiSiSiSiSiSiSiSiSiGeSiSiSiSiSiSiSiSiSiGeSiSiSiGeSiGeGeGeGeSiSiSiSiSiSi
   -13842.2968750000 GeGeGeSiGeGeSiGeGeSiGeGeSiSiSiSiSiSiSiSiSiSiSiSiSiSiSiSiSiSiSiSiSiSiGeSiSiSiSiSiSiSiSiSiGeSiSiSiGeSiGeGeGeGeSiSiSiSiSiSi
   -13842.2968750000 GeGeGeSiGeGeSiGeGeSiGeGeSiSiSiSiSiSiSiSiSiSiSiSiSiSiSiSiSiSiSiSiSiSiGeSiSiSiSiSiSiSiSiSiGeSiSiSiGeSiGeGeGeGeSiSiSiSiSiSi
   -13842.2968750000 GeGeGeSiGeGeSiGeGeSiGeGeSiSiSiSiSiSiSiSiSiSiSiSiSiSiSiSiSiSiSiSiSiSiGeSiSiSiSiSiSiSiSiSiGeSiSiSiGeSiGeGeGeGeSiSiSiSiSiSi
   -13842.2968750000 GeGeGeSiGeGeSiGeGeSiGeGeSiSiSiSiSiSiSiSiSiSiSiSiSiSiSiSiSiSiSiSiSiSiGeSiSiSiSiSiSiSiSiSiGeSiSiSiGeSiGeGeGeGeSiSiSiSiSiSi
   -13842.2968750000 GeGeGeSiGeGeSiGeGeSiGeGeSiSiSiSiSiSiSiSiSiSiSiSiSiSiSiSiSiSiSiSiSiSiGeSiSiSiSiSiSiSiSiSiGeSiSiSiGeSiGeGeGeGeSiSiSiSiSiSi
   -13842.2968750000 GeGeGeSiGeGeSiGeGeSiGeGeSiSiSiSiSiSiSiSiSiSiSiSiSiSiSiSiSiSiSiSiSiSiGeSiSiSiSiSiSiSiSiSiGeSiSiSiGeSiGeGeGeGeSiSiSiSiSiSi
   -13842.2968750000 GeGeGeSiGeGeSiGeGeSiGeGeSiSiSiSiSiSiSiSiSiSiSiSiSiSiSiSiSiSiSiSiSiSiGeSiSiSiSiSiSiSiSiSiGeSiSiSiGeSiGeGeGeGeSiSiSiSiSiSi
   -13842.2968750000 GeGeGeSiGeGeSiGeGeSiGeGeSiSiSiSiSiSiSiSiSiSiSiSiSiSiSiSiSiSiSiSiSiSiGeSiSiSiSiSiSiSiSiSiGeSiSiSiGeSiGeGeGeGeSiSiSiSiSiSi
   -13842.2968750000 GeGeGeSiGeGeSiGeGeSiGeGeSiSiSiSiSiSiSiSiSiSiSiSiSiSiSiSiSiSiSiSiSiSiGeSiSiSiSiSiSiSiSiSiGeSiSiSiGeSiGeGeGeGeSiSiSiSiSiSi
   -13842.2968750000 GeGeGeSiGeGeSiGeGeSiGeGeSiSiSiSiSiSiSiSiSiSiSiSiSiSiSiSiSiSiSiSiSiSiGeSiSiSiSiSiSiSiSiSiGeSiSiSiGeSiGeGeGeGeSiSiSiSiSiSi
   -13842.2968750000 GeGeGeSiGeGeSiGeGeSiGeGeSiSiSiSiSiSiSiSiSiSiSiSiSiSiSiSiSiSiSiSiSiSiGeSiSiSiSiSiSiSiSiSiGeSiSiSiGeSiGeGeGeGeSiSiSiSiSiSi
   -13842.2968750000 GeGeGeSiGeGeSiGeGeSiGeGeSiSiSiSiSiSiSiSiSiSiSiSiSiSiSiSiSiSiSiSiSiSiGeSiSiSiSiSiSiSiSiSiGeSiSiSiGeSiGeGeGeGeSiSiSiSiSiSi
   -13842.2968750000 GeGeGeSiGeGeSiGeGeSiGeGeSiSiSiSiSiSiSiSiSiSiSiSiSiSiSiSiSiSiSiSiSiSiGeSiSiSiSiSiSiSiSiSiGeSiSiSiGeSiGeGeGeGeSiSiSiSiSiSi
   -13842.2968750000 GeGeGeSiGeGeSiGeGeSiGeGeSiSiSiSiSiSiSiSiSiSiSiSiSiSiSiSiSiSiSiSiSiSiGeSiSiSiSiSiSiSiSiSiGeSiSiSiGeSiGeGeGeGeSiSiSiSiSiSi
   -13842.2968750000 GeGeGeSiGeGeSiGeGeSiGeGeSiSiSiSiSiSiSiSiSiSiSiSiSiSiSiSiSiSiSiSiSiSiGeSiSiSiSiSiSiSiSiSiGeSiSiSiGeSiGeGeGeGeSiSiSiSiSiSi
   -13842.2968750000 GeGeGeSiGeGeSiGeGeSiGeGeSiSiSiSiSiSiSiSiSiSiSiSiSiSiSiSiSiSiSiSiSiSiGeSiSiSiSiSiSiSiSiSiGeSiSiSiGeSiGeGeGeGeSiSiSiSiSiSi
   -13842.2968750000 GeGeGeSiGeGeSiGeGeSiGeGeSiSiSiSiSiSiSiSiSiSiSiSiSiSiSiSiSiSiSiSiSiSiGeSiSiSiSiSiSiSiSiSiGeSiSiSiGeSiGeGeGeGeSiSiSiSiSiSi
   -13842.2968750000 GeGeGeSiGeGeSiGeGeSiGeGeSiSiSiSiSiSiSiSiSiSiSiSiSiSiSiSiSiSiSiSiSiSiGeSiSiSiSiSiSiSiSiSiGeSiSiSiGeSiGeGeGeGeSiSiSiSiSiSi
   -13842.2968750000 GeGeGeSiGeGeSiGeGeSiGeGeSiSiSiSiSiSiSiSiSiSiSiSiSiSiSiSiSiSiSiSiSiSiGeSiSiSiSiSiSiSiSiSiGeSiSiSiGeSiGeGeGeGeSiSiSiSiSiSi
   -13842.2968750000 GeGeGeSiGeGeSiGeGeSiGeGeSiSiSiSiSiSiSiSiSiSiSiSiSiSiSiSiSiSiSiSiSiSiGeSiSiSiSiSiSiSiSiSiGeSiSiSiGeSiGeGeGeGeSiSiSiSiSiSi
   -13842.2968750000 GeGeGeSiGeGeSiGeGeSiGeGeSiSiSiSiSiSiSiSiSiSiSiSiSiSiSiSiSiSiSiSiSiSiGeSiSiSiSiSiSiSiSiSiGeSiSiSiGeSiGeGeGeGeSiSiSiSiSiSi
   -13842.2968750000 GeGeGeSiGeGeSiGeGeSiGeGeSiSiSiSiSiSiSiSiSiSiSiSiSiSiSiSiSiSiSiSiSiSiGeSiSiSiSiSiSiSiSiSiGeSiSiSiGeSiGeGeGeGeSiSiSiSiSiSi
   -13842.2968750000 GeGeGeSiGeGeSiGeGeSiGeGeSiSiSiSiSiSiSiSiSiSiSiSiSiSiSiSiSiSiSiSiSiSiGeSiSiSiSiSiSiSiSiSiGeSiSiSiGeSiGeGeGeGeSiSiSiSiSiSi
   -13842.2968750000 GeGeGeSiGeGeSiGeGeSiGeGeSiSiSiSiSiSiSiSiSiSiSiSiSiSiSiSiSiSiSiSiSiSiGeSiSiSiSiSiSiSiSiSiGeSiSiSiGeSiGeGeGeGeSiSiSiSiSiSi
   -13842.2968750000 GeGeGeSiGeGeSiGeGeSiGeGeSiSiSiSiSiSiSiSiSiSiSiSiSiSiSiSiSiSiSiSiSiSiGeSiSiSiSiSiSiSiSiSiGeSiSiSiGeSiGeGeGeGeSiSiSiSiSiSi
   -13842.2968750000 GeGeGeSiGeGeSiGeGeSiGeGeSiSiSiSiSiSiSiSiSiSiSiSiSiSiSiSiSiSiSiSiSiSiGeSiSiSiSiSiSiSiSiSiGeSiSiSiGeSiGeGeGeGeSiSiSiSiSiSi
   -13842.2968750000 GeGeGeSiGeGeSiGeGeSiGeGeSiSiSiSiSiSiSiSiSiSiSiSiSiSiSiSiSiSiSiSiSiSiGeSiSiSiSiSiSiSiSiSiGeSiSiSiGeSiGeGeGeGeSiSiSiSiSiSi
   -13842.2968750000 GeGeGeSiGeGeSiGeGeSiGeGeSiSiSiSiSiSiSiSiSiSiSiSiSiSiSiSiSiSiSiSiSiSiGeSiSiSiSiSiSiSiSiSiGeSiSiSiGeSiGeGeGeGeSiSiSiSiSiSi
   -13842.2968750000 GeGeGeSiGeGeSiGeGeSiGeGeSiSiSiSiSiSiSiSiSiSiSiSiSiSiSiSiSiSiSiSiSiSiGeSiSiSiSiSiSiSiSiSiGeSiSiSiGeSiGeGeGeGeSiSiSiSiSiSi
   -13842.2968750000 GeGeGeSiGeGeSiGeGeSiGeGeSiSiSiSiSiSiSiSiSiSiSiSiSiSiSiSiSiSiSiSiSiSiGeSiSiSiSiSiSiSiSiSiGeSiSiSiGeSiGeGeGeGeSiSiSiSiSiSi
   -13842.2968750000 GeGeGeSiGeGeSiGeGeSiGeGeSiSiSiSiSiSiSiSiSiSiSiSiSiSiSiSiSiSiSiSiSiSiGeSiSiSiSiSiSiSiSiSiGeSiSiSiGeSiGeGeGeGeSiSiSiSiSiSi
   -13842.2968750000 GeGeGeSiGeGeSiGeGeSiGeGeSiSiSiSiSiSiSiSiSiSiSiSiSiSiSiSiSiSiSiSiSiSiGeSiSiSiSiSiSiSiSiSiGeSiSiSiGeSiGeGeGeGeSiSiSiSiSiSi
   -13842.2968750000 GeGeGeSiGeGeSiGeGeSiGeGeSiSiSiSiSiSiSiSiSiSiSiSiSiSiSiSiSiSiSiSiSiSiGeSiSiSiSiSiSiSiSiSiGeSiSiSiGeSiGeGeGeGeSiSiSiSiSiSi
   -13842.2968750000 GeGeGeSiGeGeSiGeGeSiGeGeSiSiSiSiSiSiSiSiSiSiSiSiSiSiSiSiSiSiSiSiSiSiGeSiSiSiSiSiSiSiSiSiGeSiSiSiGeSiGeGeGeGeSiSiSiSiSiSi
   -13842.2968750000 GeGeGeSiGeGeSiGeGeSiGeGeSiSiSiSiSiSiSiSiSiSiSiSiSiSiSiSiSiSiSiSiSiSiGeSiSiSiSiSiSiSiSiSiGeSiSiSiGeSiGeGeGeGeSiSiSiSiSiSi
   -13842.2968750000 GeGeGeSiGeGeSiGeGeSiGeGeSiSiSiSiSiSiSiSiSiSiSiSiSiSiSiSiSiSiSiSiSiSiGeSiSiSiSiSiSiSiSiSiGeSiSiSiGeSiGeGeGeGeSiSiSiSiSiSi
   -13842.2968750000 GeGeGeSiGeGeSiGeGeSiGeGeSiSiSiSiSiSiSiSiSiSiSiSiSiSiSiSiSiSiSiSiSiSiGeSiSiSiSiSiSiSiSiSiGeSiSiSiGeSiGeGeGeGeSiSiSiSiSiSi
   -13842.2968750000 GeGeGeSiGeGeSiGeGeSiGeGeSiSiSiSiSiSiSiSiSiSiSiSiSiSiSiSiSiSiSiSiSiSiGeSiSiSiSiSiSiSiSiSiGeSiSiSiGeSiGeGeGeGeSiSiSiSiSiSi
   -13842.2968750000 GeGeGeSiGeGeSiGeGeSiGeGeSiSiSiSiSiSiSiSiSiSiSiSiSiSiSiSiSiSiSiSiSiSiGeSiSiSiSiSiSiSiSiSiGeSiSiSiGeSiGeGeGeGeSiSiSiSiSiSi
   -13842.2968750000 GeGeGeSiGeGeSiGeGeSiGeGeSiSiSiSiSiSiSiSiSiSiSiSiSiSiSiSiSiSiSiSiSiSiGeSiSiSiSiSiSiSiSiSiGeSiSiSiGeSiGeGeGeGeSiSiSiSiSiSi
   -13842.2968750000 GeGeGeSiGeGeSiGeGeSiGeGeSiSiSiSiSiSiSiSiSiSiSiSiSiSiSiSiSiSiSiSiSiSiGeSiSiSiSiSiSiSiSiSiGeSiSiSiGeSiGeGeGeGeSiSiSiSiSiSi
   -13842.2968750000 GeGeGeSiGeGeSiGeGeSiGeGeSiSiSiSiSiSiSiSiSiSiSiSiSiSiSiSiSiSiSiSiSiSiGeSiSiSiSiSiSiSiSiSiGeSiSiSiGeSiGeGeGeGeSiSiSiSiSiSi
   -13842.2968750000 GeGeGeSiGeGeSiGeGeSiGeGeSiSiSiSiSiSiSiSiSiSiSiSiSiSiSiSiSiSiSiSiSiSiGeSiSiSiSiSiSiSiSiSiGeSiSiSiGeSiGeGeGeGeSiSiSiSiSiSi
   -13842.2968750000 GeGeGeSiGeGeSiGeGeSiGeGeSiSiSiSiSiSiSiSiSiSiSiSiSiSiSiSiSiSiSiSiSiSiGeSiSiSiSiSiSiSiSiSiGeSiSiSiGeSiGeGeGeGeSiSiSiSiSiSi
   -13842.2968750000 GeGeGeSiGeGeSiGeGeSiGeGeSiSiSiSiSiSiSiSiSiSiSiSiSiSiSiSiSiSiSiSiSiSiGeSiSiSiSiSiSiSiSiSiGeSiSiSiGeSiGeGeGeGeSiSiSiSiSiSi
   -13842.2968750000 GeGeGeSiGeGeSiGeGeSiGeGeSiSiSiSiSiSiSiSiSiSiSiSiSiSiSiSiSiSiSiSiSiSiGeSiSiSiSiSiSiSiSiSiGeSiSiSiGeSiGeGeGeGeSiSiSiSiSiSi
   -13842.2968750000 GeGeGeSiGeGeSiGeGeSiGeGeSiSiSiSiSiSiSiSiSiSiSiSiSiSiSiSiSiSiSiSiSiSiGeSiSiSiSiSiSiSiSiSiGeSiSiSiGeSiGeGeGeGeSiSiSiSiSiSi
   -13842.2968750000 GeGeGeSiGeGeSiGeGeSiGeGeSiSiSiSiSiSiSiSiSiSiSiSiSiSiSiSiSiSiSiSiSiSiGeSiSiSiSiSiSiSiSiSiGeSiSiSiGeSiGeGeGeGeSiSiSiSiSiSi
   -13842.2968750000 GeGeGeSiGeGeSiGeGeSiGeGeSiSiSiSiSiSiSiSiSiSiSiSiSiSiSiSiSiSiSiSiSiSiGeSiSiSiSiSiSiSiSiSiGeSiSiSiGeSiGeGeGeGeSiSiSiSiSiSi
   -13842.2968750000 GeGeGeSiGeGeSiGeGeSiGeGeSiSiSiSiSiSiSiSiSiSiSiSiSiSiSiSiSiSiSiSiSiSiGeSiSiSiSiSiSiSiSiSiGeSiSiSiGeSiGeGeGeGeSiSiSiSiSiSi
   -13842.2968750000 GeGeGeSiGeGeSiGeGeSiGeGeSiSiSiSiSiSiSiSiSiSiSiSiSiSiSiSiSiSiSiSiSiSiGeSiSiSiSiSiSiSiSiSiGeSiSiSiGeSiGeGeGeGeSiSiSiSiSiSi
   -13842.2968750000 GeGeGeSiGeGeSiGeGeSiGeGeSiSiSiSiSiSiSiSiSiSiSiSiSiSiSiSiSiSiSiSiSiSiGeSiSiSiSiSiSiSiSiSiGeSiSiSiGeSiGeGeGeGeSiSiSiSiSiSi
   -13842.2968750000 GeGeGeSiGeGeSiGeGeSiGeGeSiSiSiSiSiSiSiSiSiSiSiSiSiSiSiSiSiSiSiSiSiSiGeSiSiSiSiSiSiSiSiSiGeSiSiSiGeSiGeGeGeGeSiSiSiSiSiSi
   -13842.2968750000 GeGeGeSiGeGeSiGeGeSiGeGeSiSiSiSiSiSiSiSiSiSiSiSiSiSiSiSiSiSiSiSiSiSiGeSiSiSiSiSiSiSiSiSiGeSiSiSiGeSiGeGeGeGeSiSiSiSiSiSi
   -13842.2968750000 GeGeGeSiGeGeSiGeGeSiGeGeSiSiSiSiSiSiSiSiSiSiSiSiSiSiSiSiSiSiSiSiSiSiGeSiSiSiSiSiSiSiSiSiGeSiSiSiGeSiGeGeGeGeSiSiSiSiSiSi
   -13842.2968750000 GeGeGeSiGeGeSiGeGeSiGeGeSiSiSiSiSiSiSiSiSiSiSiSiSiSiSiSiSiSiSiSiSiSiGeSiSiSiSiSiSiSiSiSiGeSiSiSiGeSiGeGeGeGeSiSiSiSiSiSi
   -13842.2968750000 GeGeGeSiGeGeSiGeGeSiGeGeSiSiSiSiSiSiSiSiSiSiSiSiSiSiSiSiSiSiSiSiSiSiGeSiSiSiSiSiSiSiSiSiGeSiSiSiGeSiGeGeGeGeSiSiSiSiSiSi
   -13842.2968750000 GeGeGeSiGeGeSiGeGeSiGeGeSiSiSiSiSiSiSiSiSiSiSiSiSiSiSiSiSiSiSiSiSiSiGeSiSiSiSiSiSiSiSiSiGeSiSiSiGeSiGeGeGeGeSiSiSiSiSiSi
   -13842.2968750000 GeGeGeSiGeGeSiGeGeSiGeGeSiSiSiSiSiSiSiSiSiSiSiSiSiSiSiSiSiSiSiSiSiSiGeSiSiSiSiSiSiSiSiSiGeSiSiSiGeSiGeGeGeGeSiSiSiSiSiSi
   -13842.2968750000 GeGeGeSiGeGeSiGeGeSiGeGeSiSiSiSiSiSiSiSiSiSiSiSiSiSiSiSiSiSiSiSiSiSiGeSiSiSiSiSiSiSiSiSiGeSiSiSiGeSiGeGeGeGeSiSiSiSiSiSi
   -13842.2968750000 GeGeGeSiGeGeSiGeGeSiGeGeSiSiSiSiSiSiSiSiSiSiSiSiSiSiSiSiSiSiSiSiSiSiGeSiSiSiSiSiSiSiSiSiGeSiSiSiGeSiGeGeGeGeSiSiSiSiSiSi
   -13842.2968750000 GeGeGeSiGeGeSiGeGeSiGeGeSiSiSiSiSiSiSiSiSiSiSiSiSiSiSiSiSiSiSiSiSiSiGeSiSiSiSiSiSiSiSiSiGeSiSiSiGeSiGeGeGeGeSiSiSiSiSiSi
   -13842.2968750000 GeGeGeSiGeGeSiGeGeSiGeGeSiSiSiSiSiSiSiSiSiSiSiSiSiSiSiSiSiSiSiSiSiSiGeSiSiSiSiSiSiSiSiSiGeSiSiSiGeSiGeGeGeGeSiSiSiSiSiSi
   -13842.2968750000 GeGeGeSiGeGeSiGeGeSiGeGeSiSiSiSiSiSiSiSiSiSiSiSiSiSiSiSiSiSiSiSiSiSiGeSiSiSiSiSiSiSiSiSiGeSiSiSiGeSiGeGeGeGeSiSiSiSiSiSi
filename: c000001017693818.gin     
Cell:
    11.9020996    11.9020996    29.6919994    90.0000000    90.0000000   120.0000000
Box:
    11.9020996    -5.9510503     0.0000000
     0.0000000    10.3075209     0.0000000
     0.0000000     0.0000000    29.6919994
----------------------------------------
Inverse Box:
     0.0840188     0.0485083     0.0000000
     0.0000000     0.0970165     0.0000000
     0.0000000     0.0000000     0.0336791
----------------------------------------
==============================================
geometrical properties of  16 Ge:
 Configuration:           0
 D_ave:   9.44194698       3.51795173    
 D_min:   3.83087301       1.05089152    
 energia:  -13842.2969    
