Random Seed:  1076802661
Number of atoms:    60
Space Group:    1
Cell:
    11.9020996    11.9020996    29.6919994    90.0000000    90.0000000   120.0000000
Box:
    11.9020996    -5.9510503     0.0000000
     0.0000000    10.3075209     0.0000000
     0.0000000     0.0000000    29.6919994
----------------------------------------
Inverse Box:
     0.0840188     0.0485083     0.0000000
     0.0000000     0.0970165     0.0000000
     0.0000000     0.0000000     0.0336791
----------------------------------------
GeSiSiSiSiSiSiSiSiSiSiSiSiSiSiGeSiSiSiSiSiSiSiSiSiSiSiSiSiSiSiSiSiSiSiSiSiSiSiSiSiSiSiSiSiSiSiSiSiSiSiSiSiSiSiSiSiSiSiSi
           1 Ge    -7733.77344    
GeGeSiSiSiSiSiSiSiSiSiSiSiSiSiGeSiSiSiSiSiSiSiSiSiSiSiSiSiSiSiSiSiSiSiSiSiSiSiSiSiSiSiSiSiSiSiSiSiSiSiSiSiSiSiSiSiSiSiSi
           2 Ge    -7727.10498    
GeGeGeSiSiSiSiSiSiSiSiSiSiSiSiGeSiSiSiSiSiSiSiSiSiSiSiSiSiSiSiSiSiSiSiSiSiSiSiSiSiSiSiSiSiSiSiSiSiSiSiSiSiSiSiSiSiSiSiSi
           3 Ge    -7720.42871    
GeGeGeGeSiSiSiSiSiSiSiSiSiSiSiGeSiSiSiSiSiSiSiSiSiSiSiSiSiSiSiSiSiSiSiSiSiSiSiSiSiSiSiSiSiSiSiSiSiSiSiSiSiSiSiSiSiSiSiSi
           4 Ge    -7745.13818    
GeGeGeGeGeSiSiSiSiSiSiSiSiSiSiGeSiSiSiSiSiSiSiSiSiSiSiSiSiSiSiSiSiSiSiSiSiSiSiSiSiSiSiSiSiSiSiSiSiSiSiSiSiSiSiSiSiSiSiSi
           5 Ge    -7787.79297    
GeGeGeGeGeGeSiSiSiSiSiSiSiSiSiGeSiSiSiSiSiSiSiSiSiSiSiSiSiSiSiSiSiSiSiSiSiSiSiSiSiSiSiSiSiSiSiSiSiSiSiSiSiSiSiSiSiSiSiSi
           6 Ge    -7854.18604    
GeGeGeGeGeGeGeSiSiSiSiSiSiSiSiGeSiSiSiSiSiSiSiSiSiSiSiSiSiSiSiSiSiSiSiSiSiSiSiSiSiSiSiSiSiSiSiSiSiSiSiSiSiSiSiSiSiSiSiSi
           7 Ge    -8020.58154    
GeGeGeGeGeGeGeGeSiSiSiSiSiSiSiGeSiSiSiSiSiSiSiSiSiSiSiSiSiSiSiSiSiSiSiSiSiSiSiSiSiSiSiSiSiSiSiSiSiSiSiSiSiSiSiSiSiSiSiSi
           8 Ge    -8222.07617    
GeGeGeGeGeGeGeGeSiSiSiGeSiSiSiGeSiSiSiSiSiSiSiSiSiSiSiSiSiSiSiSiSiSiSiSiSiSiSiSiSiSiSiSiSiSiSiSiSiSiSiSiSiSiSiSiSiSiSiSi
          12 Ge    -8552.01562    
GeGeGeGeGeGeGeGeSiSiSiGeSiGeSiGeSiSiSiSiSiSiSiSiSiSiSiSiSiSiSiSiSiSiSiSiSiSiSiSiSiSiSiSiSiSiSiSiSiSiSiSiSiSiSiSiSiSiSiSi
          14 Ge    -8937.15039    
GeGeGeGeGeGeGeGeSiSiSiGeSiGeSiGeSiSiSiSiSiSiSiSiSiGeSiSiSiSiSiSiSiSiSiSiSiSiSiSiSiSiSiSiSiSiSiSiSiSiSiSiSiSiSiSiSiSiSiSi
          26 Ge    -8741.58496    
GeGeGeGeGeGeGeGeSiSiSiGeSiGeSiGeSiSiSiSiSiSiSiSiSiGeSiSiSiGeSiSiSiSiSiSiSiSiSiSiSiSiSiSiSiSiSiSiSiSiSiSiSiSiSiSiSiSiSiSi
          30 Ge    -8595.59473    
GeGeGeGeGeGeGeGeSiSiSiGeSiGeSiGeSiSiSiSiSiSiSiSiSiGeSiSiSiGeSiSiGeSiSiSiSiSiSiSiSiSiSiSiSiSiSiSiSiSiSiSiSiSiSiSiSiSiSiSi
          33 Ge    -9149.38184    
GeGeGeGeGeGeGeGeSiSiSiGeSiGeSiGeSiSiSiSiSiSiSiSiSiGeSiSiSiGeSiSiGeSiSiGeSiSiSiSiSiSiSiSiSiSiSiSiSiSiSiSiSiSiSiSiSiSiSiSi
          36 Ge    -7894.06055    
GeGeGeGeGeGeGeGeSiSiSiGeSiGeSiGeSiSiSiSiSiSiSiSiSiGeSiSiSiGeSiSiGeSiSiGeSiSiGeSiSiSiSiSiSiSiSiSiSiSiSiSiSiSiSiSiSiSiSiSi
          39 Ge    -8565.34375    
GeGeGeGeGeGeGeGeSiSiSiGeSiGeSiGeSiSiSiSiSiSiSiSiSiGeSiSiSiGeSiSiGeSiSiGeSiSiGeGeSiSiSiSiSiSiSiSiSiSiSiSiSiSiSiSiSiSiSiSi
          40 Ge    -8694.12598    
GeGeGeGeGeGeGeGeSiSiSiGeSiGeSiGeSiSiSiSiSiSiSiSiSiGeSiSiSiGeSiSiGeSiSiGeSiSiGeGeGeSiSiSiSiSiSiSiSiSiSiSiSiSiSiSiSiSiSiSi
          41 Ge    -9475.82617    
==============================================
MonteCarlo: Metropolis with identity changes
Si > Ge, Ge > Si. STOP when occurrence <    0.00000
==============================================
Cost_function     Occurrence %     Scan-Cost
   -13982.4257812500 GeGeGeSiGeSiSiGeSiSiSiGeSiSiSiSiSiSiGeSiSiSiSiSiSiGeGeSiSiSiGeSiGeSiSiSiSiSiSiSiGeSiSiSiSiSiGeGeSiSiGeSiSiSiSiGeGeGeSiSi
   -13982.4257812500 GeGeGeSiGeSiSiGeSiSiSiGeSiSiSiSiSiSiGeSiSiSiSiSiSiGeGeSiSiSiGeSiGeSiSiSiSiSiSiSiGeSiSiSiSiSiGeGeSiSiGeSiSiSiSiGeGeGeSiSi
   -13982.4257812500 GeGeGeSiGeSiSiGeSiSiSiGeSiSiSiSiSiSiGeSiSiSiSiSiSiGeGeSiSiSiGeSiGeSiSiSiSiSiSiSiGeSiSiSiSiSiGeGeSiSiGeSiSiSiSiGeGeGeSiSi
   -14136.6562500000 GeGeGeSiGeSiSiGeSiSiSiGeSiSiSiSiSiSiGeSiSiSiSiSiSiGeGeGeSiSiGeSiGeSiSiSiSiSiSiSiGeSiSiSiSiSiSiGeSiSiGeSiSiSiSiGeGeGeSiSi
   -14136.6562500000 GeGeGeSiGeSiSiGeSiSiSiGeSiSiSiSiSiSiGeSiSiSiSiSiSiGeGeGeSiSiGeSiGeSiSiSiSiSiSiSiGeSiSiSiSiSiSiGeSiSiGeSiSiSiSiGeGeGeSiSi
   -14840.2890625000 GeGeGeSiGeSiSiGeSiSiSiGeSiSiSiSiSiSiSiSiSiSiSiSiSiGeGeGeSiSiGeSiSiSiSiSiSiSiSiSiGeSiSiSiSiSiSiGeGeSiGeGeSiGeSiSiGeGeSiSi
   -14840.2890625000 GeGeGeSiGeSiSiGeSiSiSiGeSiSiSiSiSiSiSiSiSiSiSiSiSiGeGeGeSiSiGeSiSiSiSiSiSiSiSiSiGeSiSiSiSiSiSiGeGeSiGeGeSiGeSiSiGeGeSiSi
   -15453.2597656250 SiGeGeSiGeSiSiGeGeGeSiGeSiSiSiSiSiSiSiSiSiSiGeSiSiGeSiGeSiSiGeSiSiSiSiSiSiSiSiSiSiSiSiSiSiSiSiGeGeSiGeGeGeGeSiSiGeSiSiSi
   -15453.2597656250 SiGeGeSiGeSiSiGeGeGeSiGeSiSiSiSiSiSiSiSiSiSiGeSiSiGeSiGeSiSiGeSiSiSiSiSiSiSiSiSiSiSiSiSiSiSiSiGeGeSiGeGeGeGeSiSiGeSiSiSi
   -15453.2597656250 SiGeGeSiGeSiSiGeGeGeSiGeSiSiSiSiSiSiSiSiSiSiGeSiSiGeSiGeSiSiGeSiSiSiSiSiSiSiSiSiSiSiSiSiSiSiSiGeGeSiGeGeGeGeSiSiGeSiSiSi
   -15453.2597656250 SiGeGeSiGeSiSiGeGeGeSiGeSiSiSiSiSiSiSiSiSiSiGeSiSiGeSiGeSiSiGeSiSiSiSiSiSiSiSiSiSiSiSiSiSiSiSiGeGeSiGeGeGeGeSiSiGeSiSiSi
   -15453.2597656250 SiGeGeSiGeSiSiGeGeGeSiGeSiSiSiSiSiSiSiSiSiSiGeSiSiGeSiGeSiSiGeSiSiSiSiSiSiSiSiSiSiSiSiSiSiSiSiGeGeSiGeGeGeGeSiSiGeSiSiSi
   -15988.6787109375 SiGeGeGeGeSiGeGeSiGeSiGeSiSiSiSiSiSiSiSiSiSiGeSiSiSiSiSiSiSiGeSiSiSiSiSiSiGeSiSiSiSiSiSiSiSiSiGeGeSiGeGeGeSiGeSiGeSiSiSi
   -15988.6787109375 SiGeGeGeGeSiGeGeSiGeSiGeSiSiSiSiSiSiSiSiSiSiGeSiSiSiSiSiSiSiGeSiSiSiSiSiSiGeSiSiSiSiSiSiSiSiSiGeGeSiGeGeGeSiGeSiGeSiSiSi
   -15988.6787109375 SiGeGeGeGeSiGeGeSiGeSiGeSiSiSiSiSiSiSiSiSiSiGeSiSiSiSiSiSiSiGeSiSiSiSiSiSiGeSiSiSiSiSiSiSiSiSiGeGeSiGeGeGeSiGeSiGeSiSiSi
   -15988.6787109375 SiGeGeGeGeSiGeGeSiGeSiGeSiSiSiSiSiSiSiSiSiSiGeSiSiSiSiSiSiSiGeSiSiSiSiSiSiGeSiSiSiSiSiSiSiSiSiGeGeSiGeGeGeSiGeSiGeSiSiSi
   -15988.6787109375 SiGeGeGeGeSiGeGeSiGeSiGeSiSiSiSiSiSiSiSiSiSiGeSiSiSiSiSiSiSiGeSiSiSiSiSiSiGeSiSiSiSiSiSiSiSiSiGeGeSiGeGeGeSiGeSiGeSiSiSi
   -15988.6787109375 SiGeGeGeGeSiGeGeSiGeSiGeSiSiSiSiSiSiSiSiSiSiGeSiSiSiSiSiSiSiGeSiSiSiSiSiSiGeSiSiSiSiSiSiSiSiSiGeGeSiGeGeGeSiGeSiGeSiSiSi
   -16201.2792968750 GeGeGeGeGeSiSiSiGeGeSiGeSiGeSiSiSiSiSiSiSiSiSiSiSiSiSiSiSiSiGeSiSiSiSiSiSiSiSiSiSiSiSiSiSiSiSiGeGeGeGeGeGeGeSiSiGeSiSiSi
   -16201.2792968750 GeGeGeGeGeSiSiSiGeGeSiGeSiGeSiSiSiSiSiSiSiSiSiSiSiSiSiSiSiSiGeSiSiSiSiSiSiSiSiSiSiSiSiSiSiSiSiGeGeGeGeGeGeGeSiSiGeSiSiSi
   -16201.2792968750 GeGeGeGeGeSiSiSiGeGeSiGeSiGeSiSiSiSiSiSiSiSiSiSiSiSiSiSiSiSiGeSiSiSiSiSiSiSiSiSiSiSiSiSiSiSiSiGeGeGeGeGeGeGeSiSiGeSiSiSi
   -16201.2792968750 GeGeGeGeGeSiSiSiGeGeSiGeSiGeSiSiSiSiSiSiSiSiSiSiSiSiSiSiSiSiGeSiSiSiSiSiSiSiSiSiSiSiSiSiSiSiSiGeGeGeGeGeGeGeSiSiGeSiSiSi
   -16201.2792968750 GeGeGeGeGeSiSiSiGeGeSiGeSiGeSiSiSiSiSiSiSiSiSiSiSiSiSiSiSiSiGeSiSiSiSiSiSiSiSiSiSiSiSiSiSiSiSiGeGeGeGeGeGeGeSiSiGeSiSiSi
   -16410.3867187500 GeGeGeGeGeSiSiGeGeGeSiGeSiGeSiSiSiSiSiSiSiSiSiSiSiSiSiSiSiSiGeSiSiSiSiSiSiSiSiSiSiSiSiSiSiSiSiGeGeGeGeSiGeGeSiSiGeSiSiSi
   -16713.7968750000 GeGeGeGeGeGeSiGeGeGeSiGeSiSiSiSiSiSiSiSiSiSiSiSiSiSiSiSiSiSiGeSiSiSiSiSiSiSiSiSiSiSiSiSiSiSiSiGeGeGeGeSiGeGeSiSiGeSiSiSi
   -16713.7968750000 GeGeGeGeGeGeSiGeGeGeSiGeSiSiSiSiSiSiSiSiSiSiSiSiSiSiSiSiSiSiGeSiSiSiSiSiSiSiSiSiSiSiSiSiSiSiSiGeGeGeGeSiGeGeSiSiGeSiSiSi
   -16713.7968750000 GeGeGeGeGeGeSiGeGeGeSiGeSiSiSiSiSiSiSiSiSiSiSiSiSiSiSiSiSiSiGeSiSiSiSiSiSiSiSiSiSiSiSiSiSiSiSiGeGeGeGeSiGeGeSiSiGeSiSiSi
   -16713.7968750000 GeGeGeGeGeGeSiGeGeGeSiGeSiSiSiSiSiSiSiSiSiSiSiSiSiSiSiSiSiSiGeSiSiSiSiSiSiSiSiSiSiSiSiSiSiSiSiGeGeGeGeSiGeGeSiSiGeSiSiSi
   -16713.7968750000 GeGeGeGeGeGeSiGeGeGeSiGeSiSiSiSiSiSiSiSiSiSiSiSiSiSiSiSiSiSiGeSiSiSiSiSiSiSiSiSiSiSiSiSiSiSiSiGeGeGeGeSiGeGeSiSiGeSiSiSi
   -16713.7968750000 GeGeGeGeGeGeSiGeGeGeSiGeSiSiSiSiSiSiSiSiSiSiSiSiSiSiSiSiSiSiGeSiSiSiSiSiSiSiSiSiSiSiSiSiSiSiSiGeGeGeGeSiGeGeSiSiGeSiSiSi
   -16713.7968750000 GeGeGeGeGeGeSiGeGeGeSiGeSiSiSiSiSiSiSiSiSiSiSiSiSiSiSiSiSiSiGeSiSiSiSiSiSiSiSiSiSiSiSiSiSiSiSiGeGeGeGeSiGeGeSiSiGeSiSiSi
   -16713.7968750000 GeGeGeGeGeGeSiGeGeGeSiGeSiSiSiSiSiSiSiSiSiSiSiSiSiSiSiSiSiSiGeSiSiSiSiSiSiSiSiSiSiSiSiSiSiSiSiGeGeGeGeSiGeGeSiSiGeSiSiSi
   -16713.7968750000 GeGeGeGeGeGeSiGeGeGeSiGeSiSiSiSiSiSiSiSiSiSiSiSiSiSiSiSiSiSiGeSiSiSiSiSiSiSiSiSiSiSiSiSiSiSiSiGeGeGeGeSiGeGeSiSiGeSiSiSi
   -16713.7968750000 GeGeGeGeGeGeSiGeGeGeSiGeSiSiSiSiSiSiSiSiSiSiSiSiSiSiSiSiSiSiGeSiSiSiSiSiSiSiSiSiSiSiSiSiSiSiSiGeGeGeGeSiGeGeSiSiGeSiSiSi
   -16713.7968750000 GeGeGeGeGeGeSiGeGeGeSiGeSiSiSiSiSiSiSiSiSiSiSiSiSiSiSiSiSiSiGeSiSiSiSiSiSiSiSiSiSiSiSiSiSiSiSiGeGeGeGeSiGeGeSiSiGeSiSiSi
   -16713.7968750000 GeGeGeGeGeGeSiGeGeGeSiGeSiSiSiSiSiSiSiSiSiSiSiSiSiSiSiSiSiSiGeSiSiSiSiSiSiSiSiSiSiSiSiSiSiSiSiGeGeGeGeSiGeGeSiSiGeSiSiSi
   -16713.7968750000 GeGeGeGeGeGeSiGeGeGeSiGeSiSiSiSiSiSiSiSiSiSiSiSiSiSiSiSiSiSiGeSiSiSiSiSiSiSiSiSiSiSiSiSiSiSiSiGeGeGeGeSiGeGeSiSiGeSiSiSi
   -16713.7968750000 GeGeGeGeGeGeSiGeGeGeSiGeSiSiSiSiSiSiSiSiSiSiSiSiSiSiSiSiSiSiGeSiSiSiSiSiSiSiSiSiSiSiSiSiSiSiSiGeGeGeGeSiGeGeSiSiGeSiSiSi
   -16713.7968750000 GeGeGeGeGeGeSiGeGeGeSiGeSiSiSiSiSiSiSiSiSiSiSiSiSiSiSiSiSiSiGeSiSiSiSiSiSiSiSiSiSiSiSiSiSiSiSiGeGeGeGeSiGeGeSiSiGeSiSiSi
   -16713.7968750000 GeGeGeGeGeGeSiGeGeGeSiGeSiSiSiSiSiSiSiSiSiSiSiSiSiSiSiSiSiSiGeSiSiSiSiSiSiSiSiSiSiSiSiSiSiSiSiGeGeGeGeSiGeGeSiSiGeSiSiSi
   -16713.7968750000 GeGeGeGeGeGeSiGeGeGeSiGeSiSiSiSiSiSiSiSiSiSiSiSiSiSiSiSiSiSiGeSiSiSiSiSiSiSiSiSiSiSiSiSiSiSiSiGeGeGeGeSiGeGeSiSiGeSiSiSi
   -16713.7968750000 GeGeGeGeGeGeSiGeGeGeSiGeSiSiSiSiSiSiSiSiSiSiSiSiSiSiSiSiSiSiGeSiSiSiSiSiSiSiSiSiSiSiSiSiSiSiSiGeGeGeGeSiGeGeSiSiGeSiSiSi
   -16713.7968750000 GeGeGeGeGeGeSiGeGeGeSiGeSiSiSiSiSiSiSiSiSiSiSiSiSiSiSiSiSiSiGeSiSiSiSiSiSiSiSiSiSiSiSiSiSiSiSiGeGeGeGeSiGeGeSiSiGeSiSiSi
   -16713.7968750000 GeGeGeGeGeGeSiGeGeGeSiGeSiSiSiSiSiSiSiSiSiSiSiSiSiSiSiSiSiSiGeSiSiSiSiSiSiSiSiSiSiSiSiSiSiSiSiGeGeGeGeSiGeGeSiSiGeSiSiSi
   -16809.7578125000 GeGeGeGeGeGeSiGeGeGeSiGeSiSiSiSiSiSiSiSiSiSiSiSiSiSiSiSiSiSiGeSiSiSiSiSiSiSiSiSiSiSiSiSiSiSiSiSiGeGeGeSiGeGeGeSiGeSiSiSi
   -16809.7578125000 GeGeGeGeGeGeSiGeGeGeSiGeSiSiSiSiSiSiSiSiSiSiSiSiSiSiSiSiSiSiGeSiSiSiSiSiSiSiSiSiSiSiSiSiSiSiSiSiGeGeGeSiGeGeGeSiGeSiSiSi
   -16809.7578125000 GeGeGeGeGeGeSiGeGeGeSiGeSiSiSiSiSiSiSiSiSiSiSiSiSiSiSiSiSiSiGeSiSiSiSiSiSiSiSiSiSiSiSiSiSiSiSiSiGeGeGeSiGeGeGeSiGeSiSiSi
   -16809.7578125000 GeGeGeGeGeGeSiGeGeGeSiGeSiSiSiSiSiSiSiSiSiSiSiSiSiSiSiSiSiSiGeSiSiSiSiSiSiSiSiSiSiSiSiSiSiSiSiSiGeGeGeSiGeGeGeSiGeSiSiSi
   -16809.7578125000 GeGeGeGeGeGeSiGeGeGeSiGeSiSiSiSiSiSiSiSiSiSiSiSiSiSiSiSiSiSiGeSiSiSiSiSiSiSiSiSiSiSiSiSiSiSiSiSiGeGeGeSiGeGeGeSiGeSiSiSi
   -16809.7578125000 GeGeGeGeGeGeSiGeGeGeSiGeSiSiSiSiSiSiSiSiSiSiSiSiSiSiSiSiSiSiGeSiSiSiSiSiSiSiSiSiSiSiSiSiSiSiSiSiGeGeGeSiGeGeGeSiGeSiSiSi
   -16809.7578125000 GeGeGeGeGeGeSiGeGeGeSiGeSiSiSiSiSiSiSiSiSiSiSiSiSiSiSiSiSiSiGeSiSiSiSiSiSiSiSiSiSiSiSiSiSiSiSiSiGeGeGeSiGeGeGeSiGeSiSiSi
   -16809.7578125000 GeGeGeGeGeGeSiGeGeGeSiGeSiSiSiSiSiSiSiSiSiSiSiSiSiSiSiSiSiSiGeSiSiSiSiSiSiSiSiSiSiSiSiSiSiSiSiSiGeGeGeSiGeGeGeSiGeSiSiSi
   -16809.7578125000 GeGeGeGeGeGeSiGeGeGeSiGeSiSiSiSiSiSiSiSiSiSiSiSiSiSiSiSiSiSiGeSiSiSiSiSiSiSiSiSiSiSiSiSiSiSiSiSiGeGeGeSiGeGeGeSiGeSiSiSi
   -16902.9882812500 GeGeGeGeGeGeSiGeGeGeSiGeSiSiSiSiSiSiSiSiSiSiSiSiSiSiSiSiSiSiGeSiSiSiSiSiSiSiSiSiSiSiSiSiSiSiSiSiGeGeGeSiSiGeGeGeGeSiSiSi
   -16902.9882812500 GeGeGeGeGeGeSiGeGeGeSiGeSiSiSiSiSiSiSiSiSiSiSiSiSiSiSiSiSiSiGeSiSiSiSiSiSiSiSiSiSiSiSiSiSiSiSiSiGeGeGeSiSiGeGeGeGeSiSiSi
   -16902.9882812500 GeGeGeGeGeGeSiGeGeGeSiGeSiSiSiSiSiSiSiSiSiSiSiSiSiSiSiSiSiSiGeSiSiSiSiSiSiSiSiSiSiSiSiSiSiSiSiSiGeGeGeSiSiGeGeGeGeSiSiSi
   -16902.9882812500 GeGeGeGeGeGeSiGeGeGeSiGeSiSiSiSiSiSiSiSiSiSiSiSiSiSiSiSiSiSiGeSiSiSiSiSiSiSiSiSiSiSiSiSiSiSiSiSiGeGeGeSiSiGeGeGeGeSiSiSi
   -16902.9882812500 GeGeGeGeGeGeSiGeGeGeSiGeSiSiSiSiSiSiSiSiSiSiSiSiSiSiSiSiSiSiGeSiSiSiSiSiSiSiSiSiSiSiSiSiSiSiSiSiGeGeGeSiSiGeGeGeGeSiSiSi
   -16902.9882812500 GeGeGeGeGeGeSiGeGeGeSiGeSiSiSiSiSiSiSiSiSiSiSiSiSiSiSiSiSiSiGeSiSiSiSiSiSiSiSiSiSiSiSiSiSiSiSiSiGeGeGeSiSiGeGeGeGeSiSiSi
   -16902.9882812500 GeGeGeGeGeGeSiGeGeGeSiGeSiSiSiSiSiSiSiSiSiSiSiSiSiSiSiSiSiSiGeSiSiSiSiSiSiSiSiSiSiSiSiSiSiSiSiSiGeGeGeSiSiGeGeGeGeSiSiSi
   -16902.9882812500 GeGeGeGeGeGeSiGeGeGeSiGeSiSiSiSiSiSiSiSiSiSiSiSiSiSiSiSiSiSiGeSiSiSiSiSiSiSiSiSiSiSiSiSiSiSiSiSiGeGeGeSiSiGeGeGeGeSiSiSi
   -16902.9882812500 GeGeGeGeGeGeSiGeGeGeSiGeSiSiSiSiSiSiSiSiSiSiSiSiSiSiSiSiSiSiGeSiSiSiSiSiSiSiSiSiSiSiSiSiSiSiSiSiGeGeGeSiSiGeGeGeGeSiSiSi
   -16902.9882812500 GeGeGeGeGeGeSiGeGeGeSiGeSiSiSiSiSiSiSiSiSiSiSiSiSiSiSiSiSiSiGeSiSiSiSiSiSiSiSiSiSiSiSiSiSiSiSiSiGeGeGeSiSiGeGeGeGeSiSiSi
   -16902.9882812500 GeGeGeGeGeGeSiGeGeGeSiGeSiSiSiSiSiSiSiSiSiSiSiSiSiSiSiSiSiSiGeSiSiSiSiSiSiSiSiSiSiSiSiSiSiSiSiSiGeGeGeSiSiGeGeGeGeSiSiSi
   -16902.9882812500 GeGeGeGeGeGeSiGeGeGeSiGeSiSiSiSiSiSiSiSiSiSiSiSiSiSiSiSiSiSiGeSiSiSiSiSiSiSiSiSiSiSiSiSiSiSiSiSiGeGeGeSiSiGeGeGeGeSiSiSi
   -16902.9882812500 GeGeGeGeGeGeSiGeGeGeSiGeSiSiSiSiSiSiSiSiSiSiSiSiSiSiSiSiSiSiGeSiSiSiSiSiSiSiSiSiSiSiSiSiSiSiSiSiGeGeGeSiSiGeGeGeGeSiSiSi
   -16902.9882812500 GeGeGeGeGeGeSiGeGeGeSiGeSiSiSiSiSiSiSiSiSiSiSiSiSiSiSiSiSiSiGeSiSiSiSiSiSiSiSiSiSiSiSiSiSiSiSiSiGeGeGeSiSiGeGeGeGeSiSiSi
   -16902.9882812500 GeGeGeGeGeGeSiGeGeGeSiGeSiSiSiSiSiSiSiSiSiSiSiSiSiSiSiSiSiSiGeSiSiSiSiSiSiSiSiSiSiSiSiSiSiSiSiSiGeGeGeSiSiGeGeGeGeSiSiSi
   -16902.9882812500 GeGeGeGeGeGeSiGeGeGeSiGeSiSiSiSiSiSiSiSiSiSiSiSiSiSiSiSiSiSiGeSiSiSiSiSiSiSiSiSiSiSiSiSiSiSiSiSiGeGeGeSiSiGeGeGeGeSiSiSi
   -16902.9882812500 GeGeGeGeGeGeSiGeGeGeSiGeSiSiSiSiSiSiSiSiSiSiSiSiSiSiSiSiSiSiGeSiSiSiSiSiSiSiSiSiSiSiSiSiSiSiSiSiGeGeGeSiSiGeGeGeGeSiSiSi
   -17123.0117187500 GeGeGeGeGeGeSiGeGeGeGeGeSiSiSiSiSiSiSiSiSiSiSiSiSiSiSiSiSiSiSiSiSiSiSiSiSiSiSiSiSiSiSiSiSiSiSiSiGeGeGeSiSiGeGeGeGeSiSiSi
   -17123.0117187500 GeGeGeGeGeGeSiGeGeGeGeGeSiSiSiSiSiSiSiSiSiSiSiSiSiSiSiSiSiSiSiSiSiSiSiSiSiSiSiSiSiSiSiSiSiSiSiSiGeGeGeSiSiGeGeGeGeSiSiSi
   -17123.0117187500 GeGeGeGeGeGeSiGeGeGeGeGeSiSiSiSiSiSiSiSiSiSiSiSiSiSiSiSiSiSiSiSiSiSiSiSiSiSiSiSiSiSiSiSiSiSiSiSiGeGeGeSiSiGeGeGeGeSiSiSi
   -17123.0117187500 GeGeGeGeGeGeSiGeGeGeGeGeSiSiSiSiSiSiSiSiSiSiSiSiSiSiSiSiSiSiSiSiSiSiSiSiSiSiSiSiSiSiSiSiSiSiSiSiGeGeGeSiSiGeGeGeGeSiSiSi
   -17123.0117187500 GeGeGeGeGeGeSiGeGeGeGeGeSiSiSiSiSiSiSiSiSiSiSiSiSiSiSiSiSiSiSiSiSiSiSiSiSiSiSiSiSiSiSiSiSiSiSiSiGeGeGeSiSiGeGeGeGeSiSiSi
   -17123.0117187500 GeGeGeGeGeGeSiGeGeGeGeGeSiSiSiSiSiSiSiSiSiSiSiSiSiSiSiSiSiSiSiSiSiSiSiSiSiSiSiSiSiSiSiSiSiSiSiSiGeGeGeSiSiGeGeGeGeSiSiSi
   -17123.0117187500 GeGeGeGeGeGeSiGeGeGeGeGeSiSiSiSiSiSiSiSiSiSiSiSiSiSiSiSiSiSiSiSiSiSiSiSiSiSiSiSiSiSiSiSiSiSiSiSiGeGeGeSiSiGeGeGeGeSiSiSi
   -17123.0117187500 GeGeGeGeGeGeSiGeGeGeGeGeSiSiSiSiSiSiSiSiSiSiSiSiSiSiSiSiSiSiSiSiSiSiSiSiSiSiSiSiSiSiSiSiSiSiSiSiGeGeGeSiSiGeGeGeGeSiSiSi
   -17123.0117187500 GeGeGeGeGeGeSiGeGeGeGeGeSiSiSiSiSiSiSiSiSiSiSiSiSiSiSiSiSiSiSiSiSiSiSiSiSiSiSiSiSiSiSiSiSiSiSiSiGeGeGeSiSiGeGeGeGeSiSiSi
   -17123.0117187500 GeGeGeGeGeGeSiGeGeGeGeGeSiSiSiSiSiSiSiSiSiSiSiSiSiSiSiSiSiSiSiSiSiSiSiSiSiSiSiSiSiSiSiSiSiSiSiSiGeGeGeSiSiGeGeGeGeSiSiSi
   -17123.0117187500 GeGeGeGeGeGeSiGeGeGeGeGeSiSiSiSiSiSiSiSiSiSiSiSiSiSiSiSiSiSiSiSiSiSiSiSiSiSiSiSiSiSiSiSiSiSiSiSiGeGeGeSiSiGeGeGeGeSiSiSi
   -17123.0117187500 GeGeGeGeGeGeSiGeGeGeGeGeSiSiSiSiSiSiSiSiSiSiSiSiSiSiSiSiSiSiSiSiSiSiSiSiSiSiSiSiSiSiSiSiSiSiSiSiGeGeGeSiSiGeGeGeGeSiSiSi
   -17123.0117187500 GeGeGeGeGeGeSiGeGeGeGeGeSiSiSiSiSiSiSiSiSiSiSiSiSiSiSiSiSiSiSiSiSiSiSiSiSiSiSiSiSiSiSiSiSiSiSiSiGeGeGeSiSiGeGeGeGeSiSiSi
   -17123.0117187500 GeGeGeGeGeGeSiGeGeGeGeGeSiSiSiSiSiSiSiSiSiSiSiSiSiSiSiSiSiSiSiSiSiSiSiSiSiSiSiSiSiSiSiSiSiSiSiSiGeGeGeSiSiGeGeGeGeSiSiSi
   -17123.0117187500 GeGeGeGeGeGeSiGeGeGeGeGeSiSiSiSiSiSiSiSiSiSiSiSiSiSiSiSiSiSiSiSiSiSiSiSiSiSiSiSiSiSiSiSiSiSiSiSiGeGeGeSiSiGeGeGeGeSiSiSi
   -17123.0117187500 GeGeGeGeGeGeSiGeGeGeGeGeSiSiSiSiSiSiSiSiSiSiSiSiSiSiSiSiSiSiSiSiSiSiSiSiSiSiSiSiSiSiSiSiSiSiSiSiGeGeGeSiSiGeGeGeGeSiSiSi
   -17123.0117187500 GeGeGeGeGeGeSiGeGeGeGeGeSiSiSiSiSiSiSiSiSiSiSiSiSiSiSiSiSiSiSiSiSiSiSiSiSiSiSiSiSiSiSiSiSiSiSiSiGeGeGeSiSiGeGeGeGeSiSiSi
   -17123.0117187500 GeGeGeGeGeGeSiGeGeGeGeGeSiSiSiSiSiSiSiSiSiSiSiSiSiSiSiSiSiSiSiSiSiSiSiSiSiSiSiSiSiSiSiSiSiSiSiSiGeGeGeSiSiGeGeGeGeSiSiSi
   -17123.0117187500 GeGeGeGeGeGeSiGeGeGeGeGeSiSiSiSiSiSiSiSiSiSiSiSiSiSiSiSiSiSiSiSiSiSiSiSiSiSiSiSiSiSiSiSiSiSiSiSiGeGeGeSiSiGeGeGeGeSiSiSi
   -17123.0117187500 GeGeGeGeGeGeSiGeGeGeGeGeSiSiSiSiSiSiSiSiSiSiSiSiSiSiSiSiSiSiSiSiSiSiSiSiSiSiSiSiSiSiSiSiSiSiSiSiGeGeGeSiSiGeGeGeGeSiSiSi
   -17123.0117187500 GeGeGeGeGeGeSiGeGeGeGeGeSiSiSiSiSiSiSiSiSiSiSiSiSiSiSiSiSiSiSiSiSiSiSiSiSiSiSiSiSiSiSiSiSiSiSiSiGeGeGeSiSiGeGeGeGeSiSiSi
   -17123.0117187500 GeGeGeGeGeGeSiGeGeGeGeGeSiSiSiSiSiSiSiSiSiSiSiSiSiSiSiSiSiSiSiSiSiSiSiSiSiSiSiSiSiSiSiSiSiSiSiSiGeGeGeSiSiGeGeGeGeSiSiSi
   -17123.0117187500 GeGeGeGeGeGeSiGeGeGeGeGeSiSiSiSiSiSiSiSiSiSiSiSiSiSiSiSiSiSiSiSiSiSiSiSiSiSiSiSiSiSiSiSiSiSiSiSiGeGeGeSiSiGeGeGeGeSiSiSi
   -17123.0117187500 GeGeGeGeGeGeSiGeGeGeGeGeSiSiSiSiSiSiSiSiSiSiSiSiSiSiSiSiSiSiSiSiSiSiSiSiSiSiSiSiSiSiSiSiSiSiSiSiGeGeGeSiSiGeGeGeGeSiSiSi
   -17123.0117187500 GeGeGeGeGeGeSiGeGeGeGeGeSiSiSiSiSiSiSiSiSiSiSiSiSiSiSiSiSiSiSiSiSiSiSiSiSiSiSiSiSiSiSiSiSiSiSiSiGeGeGeSiSiGeGeGeGeSiSiSi
   -17123.0117187500 GeGeGeGeGeGeSiGeGeGeGeGeSiSiSiSiSiSiSiSiSiSiSiSiSiSiSiSiSiSiSiSiSiSiSiSiSiSiSiSiSiSiSiSiSiSiSiSiGeGeGeSiSiGeGeGeGeSiSiSi
   -17123.0117187500 GeGeGeGeGeGeSiGeGeGeGeGeSiSiSiSiSiSiSiSiSiSiSiSiSiSiSiSiSiSiSiSiSiSiSiSiSiSiSiSiSiSiSiSiSiSiSiSiGeGeGeSiSiGeGeGeGeSiSiSi
   -17123.0117187500 GeGeGeGeGeGeSiGeGeGeGeGeSiSiSiSiSiSiSiSiSiSiSiSiSiSiSiSiSiSiSiSiSiSiSiSiSiSiSiSiSiSiSiSiSiSiSiSiGeGeGeSiSiGeGeGeGeSiSiSi
   -17123.0117187500 GeGeGeGeGeGeSiGeGeGeGeGeSiSiSiSiSiSiSiSiSiSiSiSiSiSiSiSiSiSiSiSiSiSiSiSiSiSiSiSiSiSiSiSiSiSiSiSiGeGeGeSiSiGeGeGeGeSiSiSi
   -17123.0117187500 GeGeGeGeGeGeSiGeGeGeGeGeSiSiSiSiSiSiSiSiSiSiSiSiSiSiSiSiSiSiSiSiSiSiSiSiSiSiSiSiSiSiSiSiSiSiSiSiGeGeGeSiSiGeGeGeGeSiSiSi
   -17123.0117187500 GeGeGeGeGeGeSiGeGeGeGeGeSiSiSiSiSiSiSiSiSiSiSiSiSiSiSiSiSiSiSiSiSiSiSiSiSiSiSiSiSiSiSiSiSiSiSiSiGeGeGeSiSiGeGeGeGeSiSiSi
   -17123.0117187500 GeGeGeGeGeGeSiGeGeGeGeGeSiSiSiSiSiSiSiSiSiSiSiSiSiSiSiSiSiSiSiSiSiSiSiSiSiSiSiSiSiSiSiSiSiSiSiSiGeGeGeSiSiGeGeGeGeSiSiSi
   -17123.0117187500 GeGeGeGeGeGeSiGeGeGeGeGeSiSiSiSiSiSiSiSiSiSiSiSiSiSiSiSiSiSiSiSiSiSiSiSiSiSiSiSiSiSiSiSiSiSiSiSiGeGeGeSiSiGeGeGeGeSiSiSi
   -17123.0117187500 GeGeGeGeGeGeSiGeGeGeGeGeSiSiSiSiSiSiSiSiSiSiSiSiSiSiSiSiSiSiSiSiSiSiSiSiSiSiSiSiSiSiSiSiSiSiSiSiGeGeGeSiSiGeGeGeGeSiSiSi
   -17123.0117187500 GeGeGeGeGeGeSiGeGeGeGeGeSiSiSiSiSiSiSiSiSiSiSiSiSiSiSiSiSiSiSiSiSiSiSiSiSiSiSiSiSiSiSiSiSiSiSiSiGeGeGeSiSiGeGeGeGeSiSiSi
   -17123.0117187500 GeGeGeGeGeGeSiGeGeGeGeGeSiSiSiSiSiSiSiSiSiSiSiSiSiSiSiSiSiSiSiSiSiSiSiSiSiSiSiSiSiSiSiSiSiSiSiSiGeGeGeSiSiGeGeGeGeSiSiSi
   -17123.0117187500 GeGeGeGeGeGeSiGeGeGeGeGeSiSiSiSiSiSiSiSiSiSiSiSiSiSiSiSiSiSiSiSiSiSiSiSiSiSiSiSiSiSiSiSiSiSiSiSiGeGeGeSiSiGeGeGeGeSiSiSi
   -17123.0117187500 GeGeGeGeGeGeSiGeGeGeGeGeSiSiSiSiSiSiSiSiSiSiSiSiSiSiSiSiSiSiSiSiSiSiSiSiSiSiSiSiSiSiSiSiSiSiSiSiGeGeGeSiSiGeGeGeGeSiSiSi
   -17123.0117187500 GeGeGeGeGeGeSiGeGeGeGeGeSiSiSiSiSiSiSiSiSiSiSiSiSiSiSiSiSiSiSiSiSiSiSiSiSiSiSiSiSiSiSiSiSiSiSiSiGeGeGeSiSiGeGeGeGeSiSiSi
   -17123.0117187500 GeGeGeGeGeGeSiGeGeGeGeGeSiSiSiSiSiSiSiSiSiSiSiSiSiSiSiSiSiSiSiSiSiSiSiSiSiSiSiSiSiSiSiSiSiSiSiSiGeGeGeSiSiGeGeGeGeSiSiSi
   -17123.0117187500 GeGeGeGeGeGeSiGeGeGeGeGeSiSiSiSiSiSiSiSiSiSiSiSiSiSiSiSiSiSiSiSiSiSiSiSiSiSiSiSiSiSiSiSiSiSiSiSiGeGeGeSiSiGeGeGeGeSiSiSi
   -17123.0117187500 GeGeGeGeGeGeSiGeGeGeGeGeSiSiSiSiSiSiSiSiSiSiSiSiSiSiSiSiSiSiSiSiSiSiSiSiSiSiSiSiSiSiSiSiSiSiSiSiGeGeGeSiSiGeGeGeGeSiSiSi
   -17123.0117187500 GeGeGeGeGeGeSiGeGeGeGeGeSiSiSiSiSiSiSiSiSiSiSiSiSiSiSiSiSiSiSiSiSiSiSiSiSiSiSiSiSiSiSiSiSiSiSiSiGeGeGeSiSiGeGeGeGeSiSiSi
   -17123.0117187500 GeGeGeGeGeGeSiGeGeGeGeGeSiSiSiSiSiSiSiSiSiSiSiSiSiSiSiSiSiSiSiSiSiSiSiSiSiSiSiSiSiSiSiSiSiSiSiSiGeGeGeSiSiGeGeGeGeSiSiSi
   -17123.0117187500 GeGeGeGeGeGeSiGeGeGeGeGeSiSiSiSiSiSiSiSiSiSiSiSiSiSiSiSiSiSiSiSiSiSiSiSiSiSiSiSiSiSiSiSiSiSiSiSiGeGeGeSiSiGeGeGeGeSiSiSi
   -17123.0117187500 GeGeGeGeGeGeSiGeGeGeGeGeSiSiSiSiSiSiSiSiSiSiSiSiSiSiSiSiSiSiSiSiSiSiSiSiSiSiSiSiSiSiSiSiSiSiSiSiGeGeGeSiSiGeGeGeGeSiSiSi
   -17123.0117187500 GeGeGeGeGeGeSiGeGeGeGeGeSiSiSiSiSiSiSiSiSiSiSiSiSiSiSiSiSiSiSiSiSiSiSiSiSiSiSiSiSiSiSiSiSiSiSiSiGeGeGeSiSiGeGeGeGeSiSiSi
   -17123.0117187500 GeGeGeGeGeGeSiGeGeGeGeGeSiSiSiSiSiSiSiSiSiSiSiSiSiSiSiSiSiSiSiSiSiSiSiSiSiSiSiSiSiSiSiSiSiSiSiSiGeGeGeSiSiGeGeGeGeSiSiSi
   -17123.0117187500 GeGeGeGeGeGeSiGeGeGeGeGeSiSiSiSiSiSiSiSiSiSiSiSiSiSiSiSiSiSiSiSiSiSiSiSiSiSiSiSiSiSiSiSiSiSiSiSiGeGeGeSiSiGeGeGeGeSiSiSi
   -17123.0117187500 GeGeGeGeGeGeSiGeGeGeGeGeSiSiSiSiSiSiSiSiSiSiSiSiSiSiSiSiSiSiSiSiSiSiSiSiSiSiSiSiSiSiSiSiSiSiSiSiGeGeGeSiSiGeGeGeGeSiSiSi
   -17123.0117187500 GeGeGeGeGeGeSiGeGeGeGeGeSiSiSiSiSiSiSiSiSiSiSiSiSiSiSiSiSiSiSiSiSiSiSiSiSiSiSiSiSiSiSiSiSiSiSiSiGeGeGeSiSiGeGeGeGeSiSiSi
   -17123.0117187500 GeGeGeGeGeGeSiGeGeGeGeGeSiSiSiSiSiSiSiSiSiSiSiSiSiSiSiSiSiSiSiSiSiSiSiSiSiSiSiSiSiSiSiSiSiSiSiSiGeGeGeSiSiGeGeGeGeSiSiSi
   -17123.0117187500 GeGeGeGeGeGeSiGeGeGeGeGeSiSiSiSiSiSiSiSiSiSiSiSiSiSiSiSiSiSiSiSiSiSiSiSiSiSiSiSiSiSiSiSiSiSiSiSiGeGeGeSiSiGeGeGeGeSiSiSi
   -17123.0117187500 GeGeGeGeGeGeSiGeGeGeGeGeSiSiSiSiSiSiSiSiSiSiSiSiSiSiSiSiSiSiSiSiSiSiSiSiSiSiSiSiSiSiSiSiSiSiSiSiGeGeGeSiSiGeGeGeGeSiSiSi
   -17123.0117187500 GeGeGeGeGeGeSiGeGeGeGeGeSiSiSiSiSiSiSiSiSiSiSiSiSiSiSiSiSiSiSiSiSiSiSiSiSiSiSiSiSiSiSiSiSiSiSiSiGeGeGeSiSiGeGeGeGeSiSiSi
   -17123.0117187500 GeGeGeGeGeGeSiGeGeGeGeGeSiSiSiSiSiSiSiSiSiSiSiSiSiSiSiSiSiSiSiSiSiSiSiSiSiSiSiSiSiSiSiSiSiSiSiSiGeGeGeSiSiGeGeGeGeSiSiSi
   -17123.0117187500 GeGeGeGeGeGeSiGeGeGeGeGeSiSiSiSiSiSiSiSiSiSiSiSiSiSiSiSiSiSiSiSiSiSiSiSiSiSiSiSiSiSiSiSiSiSiSiSiGeGeGeSiSiGeGeGeGeSiSiSi
   -17123.0117187500 GeGeGeGeGeGeSiGeGeGeGeGeSiSiSiSiSiSiSiSiSiSiSiSiSiSiSiSiSiSiSiSiSiSiSiSiSiSiSiSiSiSiSiSiSiSiSiSiGeGeGeSiSiGeGeGeGeSiSiSi
   -17123.0117187500 GeGeGeGeGeGeSiGeGeGeGeGeSiSiSiSiSiSiSiSiSiSiSiSiSiSiSiSiSiSiSiSiSiSiSiSiSiSiSiSiSiSiSiSiSiSiSiSiGeGeGeSiSiGeGeGeGeSiSiSi
   -17123.0117187500 GeGeGeGeGeGeSiGeGeGeGeGeSiSiSiSiSiSiSiSiSiSiSiSiSiSiSiSiSiSiSiSiSiSiSiSiSiSiSiSiSiSiSiSiSiSiSiSiGeGeGeSiSiGeGeGeGeSiSiSi
   -17123.0117187500 GeGeGeGeGeGeSiGeGeGeGeGeSiSiSiSiSiSiSiSiSiSiSiSiSiSiSiSiSiSiSiSiSiSiSiSiSiSiSiSiSiSiSiSiSiSiSiSiGeGeGeSiSiGeGeGeGeSiSiSi
   -17123.0117187500 GeGeGeGeGeGeSiGeGeGeGeGeSiSiSiSiSiSiSiSiSiSiSiSiSiSiSiSiSiSiSiSiSiSiSiSiSiSiSiSiSiSiSiSiSiSiSiSiGeGeGeSiSiGeGeGeGeSiSiSi
   -17123.0117187500 GeGeGeGeGeGeSiGeGeGeGeGeSiSiSiSiSiSiSiSiSiSiSiSiSiSiSiSiSiSiSiSiSiSiSiSiSiSiSiSiSiSiSiSiSiSiSiSiGeGeGeSiSiGeGeGeGeSiSiSi
   -17123.0117187500 GeGeGeGeGeGeSiGeGeGeGeGeSiSiSiSiSiSiSiSiSiSiSiSiSiSiSiSiSiSiSiSiSiSiSiSiSiSiSiSiSiSiSiSiSiSiSiSiGeGeGeSiSiGeGeGeGeSiSiSi
   -17123.0117187500 GeGeGeGeGeGeSiGeGeGeGeGeSiSiSiSiSiSiSiSiSiSiSiSiSiSiSiSiSiSiSiSiSiSiSiSiSiSiSiSiSiSiSiSiSiSiSiSiGeGeGeSiSiGeGeGeGeSiSiSi
   -17123.0117187500 GeGeGeGeGeGeSiGeGeGeGeGeSiSiSiSiSiSiSiSiSiSiSiSiSiSiSiSiSiSiSiSiSiSiSiSiSiSiSiSiSiSiSiSiSiSiSiSiGeGeGeSiSiGeGeGeGeSiSiSi
   -17123.0117187500 GeGeGeGeGeGeSiGeGeGeGeGeSiSiSiSiSiSiSiSiSiSiSiSiSiSiSiSiSiSiSiSiSiSiSiSiSiSiSiSiSiSiSiSiSiSiSiSiGeGeGeSiSiGeGeGeGeSiSiSi
   -17123.0117187500 GeGeGeGeGeGeSiGeGeGeGeGeSiSiSiSiSiSiSiSiSiSiSiSiSiSiSiSiSiSiSiSiSiSiSiSiSiSiSiSiSiSiSiSiSiSiSiSiGeGeGeSiSiGeGeGeGeSiSiSi
   -17123.0117187500 GeGeGeGeGeGeSiGeGeGeGeGeSiSiSiSiSiSiSiSiSiSiSiSiSiSiSiSiSiSiSiSiSiSiSiSiSiSiSiSiSiSiSiSiSiSiSiSiGeGeGeSiSiGeGeGeGeSiSiSi
   -17123.0117187500 GeGeGeGeGeGeSiGeGeGeGeGeSiSiSiSiSiSiSiSiSiSiSiSiSiSiSiSiSiSiSiSiSiSiSiSiSiSiSiSiSiSiSiSiSiSiSiSiGeGeGeSiSiGeGeGeGeSiSiSi
   -17123.0117187500 GeGeGeGeGeGeSiGeGeGeGeGeSiSiSiSiSiSiSiSiSiSiSiSiSiSiSiSiSiSiSiSiSiSiSiSiSiSiSiSiSiSiSiSiSiSiSiSiGeGeGeSiSiGeGeGeGeSiSiSi
   -17123.0117187500 GeGeGeGeGeGeSiGeGeGeGeGeSiSiSiSiSiSiSiSiSiSiSiSiSiSiSiSiSiSiSiSiSiSiSiSiSiSiSiSiSiSiSiSiSiSiSiSiGeGeGeSiSiGeGeGeGeSiSiSi
   -17123.0117187500 GeGeGeGeGeGeSiGeGeGeGeGeSiSiSiSiSiSiSiSiSiSiSiSiSiSiSiSiSiSiSiSiSiSiSiSiSiSiSiSiSiSiSiSiSiSiSiSiGeGeGeSiSiGeGeGeGeSiSiSi
   -17123.0117187500 GeGeGeGeGeGeSiGeGeGeGeGeSiSiSiSiSiSiSiSiSiSiSiSiSiSiSiSiSiSiSiSiSiSiSiSiSiSiSiSiSiSiSiSiSiSiSiSiGeGeGeSiSiGeGeGeGeSiSiSi
   -17123.0117187500 GeGeGeGeGeGeSiGeGeGeGeGeSiSiSiSiSiSiSiSiSiSiSiSiSiSiSiSiSiSiSiSiSiSiSiSiSiSiSiSiSiSiSiSiSiSiSiSiGeGeGeSiSiGeGeGeGeSiSiSi
   -17123.0117187500 GeGeGeGeGeGeSiGeGeGeGeGeSiSiSiSiSiSiSiSiSiSiSiSiSiSiSiSiSiSiSiSiSiSiSiSiSiSiSiSiSiSiSiSiSiSiSiSiGeGeGeSiSiGeGeGeGeSiSiSi
   -17123.0117187500 GeGeGeGeGeGeSiGeGeGeGeGeSiSiSiSiSiSiSiSiSiSiSiSiSiSiSiSiSiSiSiSiSiSiSiSiSiSiSiSiSiSiSiSiSiSiSiSiGeGeGeSiSiGeGeGeGeSiSiSi
   -17123.0117187500 GeGeGeGeGeGeSiGeGeGeGeGeSiSiSiSiSiSiSiSiSiSiSiSiSiSiSiSiSiSiSiSiSiSiSiSiSiSiSiSiSiSiSiSiSiSiSiSiGeGeGeSiSiGeGeGeGeSiSiSi
   -17123.0117187500 GeGeGeGeGeGeSiGeGeGeGeGeSiSiSiSiSiSiSiSiSiSiSiSiSiSiSiSiSiSiSiSiSiSiSiSiSiSiSiSiSiSiSiSiSiSiSiSiGeGeGeSiSiGeGeGeGeSiSiSi
   -17123.0117187500 GeGeGeGeGeGeSiGeGeGeGeGeSiSiSiSiSiSiSiSiSiSiSiSiSiSiSiSiSiSiSiSiSiSiSiSiSiSiSiSiSiSiSiSiSiSiSiSiGeGeGeSiSiGeGeGeGeSiSiSi
   -17123.0117187500 GeGeGeGeGeGeSiGeGeGeGeGeSiSiSiSiSiSiSiSiSiSiSiSiSiSiSiSiSiSiSiSiSiSiSiSiSiSiSiSiSiSiSiSiSiSiSiSiGeGeGeSiSiGeGeGeGeSiSiSi
   -17123.0117187500 GeGeGeGeGeGeSiGeGeGeGeGeSiSiSiSiSiSiSiSiSiSiSiSiSiSiSiSiSiSiSiSiSiSiSiSiSiSiSiSiSiSiSiSiSiSiSiSiGeGeGeSiSiGeGeGeGeSiSiSi
   -17123.0117187500 GeGeGeGeGeGeSiGeGeGeGeGeSiSiSiSiSiSiSiSiSiSiSiSiSiSiSiSiSiSiSiSiSiSiSiSiSiSiSiSiSiSiSiSiSiSiSiSiGeGeGeSiSiGeGeGeGeSiSiSi
   -17123.0117187500 GeGeGeGeGeGeSiGeGeGeGeGeSiSiSiSiSiSiSiSiSiSiSiSiSiSiSiSiSiSiSiSiSiSiSiSiSiSiSiSiSiSiSiSiSiSiSiSiGeGeGeSiSiGeGeGeGeSiSiSi
   -17123.0117187500 GeGeGeGeGeGeSiGeGeGeGeGeSiSiSiSiSiSiSiSiSiSiSiSiSiSiSiSiSiSiSiSiSiSiSiSiSiSiSiSiSiSiSiSiSiSiSiSiGeGeGeSiSiGeGeGeGeSiSiSi
   -17123.0117187500 GeGeGeGeGeGeSiGeGeGeGeGeSiSiSiSiSiSiSiSiSiSiSiSiSiSiSiSiSiSiSiSiSiSiSiSiSiSiSiSiSiSiSiSiSiSiSiSiGeGeGeSiSiGeGeGeGeSiSiSi
   -17123.0117187500 GeGeGeGeGeGeSiGeGeGeGeGeSiSiSiSiSiSiSiSiSiSiSiSiSiSiSiSiSiSiSiSiSiSiSiSiSiSiSiSiSiSiSiSiSiSiSiSiGeGeGeSiSiGeGeGeGeSiSiSi
   -17123.0117187500 GeGeGeGeGeGeSiGeGeGeGeGeSiSiSiSiSiSiSiSiSiSiSiSiSiSiSiSiSiSiSiSiSiSiSiSiSiSiSiSiSiSiSiSiSiSiSiSiGeGeGeSiSiGeGeGeGeSiSiSi
   -17123.0117187500 GeGeGeGeGeGeSiGeGeGeGeGeSiSiSiSiSiSiSiSiSiSiSiSiSiSiSiSiSiSiSiSiSiSiSiSiSiSiSiSiSiSiSiSiSiSiSiSiGeGeGeSiSiGeGeGeGeSiSiSi
   -17123.0117187500 GeGeGeGeGeGeSiGeGeGeGeGeSiSiSiSiSiSiSiSiSiSiSiSiSiSiSiSiSiSiSiSiSiSiSiSiSiSiSiSiSiSiSiSiSiSiSiSiGeGeGeSiSiGeGeGeGeSiSiSi
   -17123.0117187500 GeGeGeGeGeGeSiGeGeGeGeGeSiSiSiSiSiSiSiSiSiSiSiSiSiSiSiSiSiSiSiSiSiSiSiSiSiSiSiSiSiSiSiSiSiSiSiSiGeGeGeSiSiGeGeGeGeSiSiSi
   -17123.0117187500 GeGeGeGeGeGeSiGeGeGeGeGeSiSiSiSiSiSiSiSiSiSiSiSiSiSiSiSiSiSiSiSiSiSiSiSiSiSiSiSiSiSiSiSiSiSiSiSiGeGeGeSiSiGeGeGeGeSiSiSi
   -17123.0117187500 GeGeGeGeGeGeSiGeGeGeGeGeSiSiSiSiSiSiSiSiSiSiSiSiSiSiSiSiSiSiSiSiSiSiSiSiSiSiSiSiSiSiSiSiSiSiSiSiGeGeGeSiSiGeGeGeGeSiSiSi
   -17123.0117187500 GeGeGeGeGeGeSiGeGeGeGeGeSiSiSiSiSiSiSiSiSiSiSiSiSiSiSiSiSiSiSiSiSiSiSiSiSiSiSiSiSiSiSiSiSiSiSiSiGeGeGeSiSiGeGeGeGeSiSiSi
   -17123.0117187500 GeGeGeGeGeGeSiGeGeGeGeGeSiSiSiSiSiSiSiSiSiSiSiSiSiSiSiSiSiSiSiSiSiSiSiSiSiSiSiSiSiSiSiSiSiSiSiSiGeGeGeSiSiGeGeGeGeSiSiSi
   -17123.0117187500 GeGeGeGeGeGeSiGeGeGeGeGeSiSiSiSiSiSiSiSiSiSiSiSiSiSiSiSiSiSiSiSiSiSiSiSiSiSiSiSiSiSiSiSiSiSiSiSiGeGeGeSiSiGeGeGeGeSiSiSi
   -17123.0117187500 GeGeGeGeGeGeSiGeGeGeGeGeSiSiSiSiSiSiSiSiSiSiSiSiSiSiSiSiSiSiSiSiSiSiSiSiSiSiSiSiSiSiSiSiSiSiSiSiGeGeGeSiSiGeGeGeGeSiSiSi
   -17123.0117187500 GeGeGeGeGeGeSiGeGeGeGeGeSiSiSiSiSiSiSiSiSiSiSiSiSiSiSiSiSiSiSiSiSiSiSiSiSiSiSiSiSiSiSiSiSiSiSiSiGeGeGeSiSiGeGeGeGeSiSiSi
   -17123.0117187500 GeGeGeGeGeGeSiGeGeGeGeGeSiSiSiSiSiSiSiSiSiSiSiSiSiSiSiSiSiSiSiSiSiSiSiSiSiSiSiSiSiSiSiSiSiSiSiSiGeGeGeSiSiGeGeGeGeSiSiSi
   -17123.0117187500 GeGeGeGeGeGeSiGeGeGeGeGeSiSiSiSiSiSiSiSiSiSiSiSiSiSiSiSiSiSiSiSiSiSiSiSiSiSiSiSiSiSiSiSiSiSiSiSiGeGeGeSiSiGeGeGeGeSiSiSi
   -17123.0117187500 GeGeGeGeGeGeSiGeGeGeGeGeSiSiSiSiSiSiSiSiSiSiSiSiSiSiSiSiSiSiSiSiSiSiSiSiSiSiSiSiSiSiSiSiSiSiSiSiGeGeGeSiSiGeGeGeGeSiSiSi
   -17123.0117187500 GeGeGeGeGeGeSiGeGeGeGeGeSiSiSiSiSiSiSiSiSiSiSiSiSiSiSiSiSiSiSiSiSiSiSiSiSiSiSiSiSiSiSiSiSiSiSiSiGeGeGeSiSiGeGeGeGeSiSiSi
   -17123.0117187500 GeGeGeGeGeGeSiGeGeGeGeGeSiSiSiSiSiSiSiSiSiSiSiSiSiSiSiSiSiSiSiSiSiSiSiSiSiSiSiSiSiSiSiSiSiSiSiSiGeGeGeSiSiGeGeGeGeSiSiSi
   -17123.0117187500 GeGeGeGeGeGeSiGeGeGeGeGeSiSiSiSiSiSiSiSiSiSiSiSiSiSiSiSiSiSiSiSiSiSiSiSiSiSiSiSiSiSiSiSiSiSiSiSiGeGeGeSiSiGeGeGeGeSiSiSi
   -17123.0117187500 GeGeGeGeGeGeSiGeGeGeGeGeSiSiSiSiSiSiSiSiSiSiSiSiSiSiSiSiSiSiSiSiSiSiSiSiSiSiSiSiSiSiSiSiSiSiSiSiGeGeGeSiSiGeGeGeGeSiSiSi
   -17123.0117187500 GeGeGeGeGeGeSiGeGeGeGeGeSiSiSiSiSiSiSiSiSiSiSiSiSiSiSiSiSiSiSiSiSiSiSiSiSiSiSiSiSiSiSiSiSiSiSiSiGeGeGeSiSiGeGeGeGeSiSiSi
   -17123.0117187500 GeGeGeGeGeGeSiGeGeGeGeGeSiSiSiSiSiSiSiSiSiSiSiSiSiSiSiSiSiSiSiSiSiSiSiSiSiSiSiSiSiSiSiSiSiSiSiSiGeGeGeSiSiGeGeGeGeSiSiSi
   -17123.0117187500 GeGeGeGeGeGeSiGeGeGeGeGeSiSiSiSiSiSiSiSiSiSiSiSiSiSiSiSiSiSiSiSiSiSiSiSiSiSiSiSiSiSiSiSiSiSiSiSiGeGeGeSiSiGeGeGeGeSiSiSi
   -17123.0117187500 GeGeGeGeGeGeSiGeGeGeGeGeSiSiSiSiSiSiSiSiSiSiSiSiSiSiSiSiSiSiSiSiSiSiSiSiSiSiSiSiSiSiSiSiSiSiSiSiGeGeGeSiSiGeGeGeGeSiSiSi
   -17123.0117187500 GeGeGeGeGeGeSiGeGeGeGeGeSiSiSiSiSiSiSiSiSiSiSiSiSiSiSiSiSiSiSiSiSiSiSiSiSiSiSiSiSiSiSiSiSiSiSiSiGeGeGeSiSiGeGeGeGeSiSiSi
   -17123.0117187500 GeGeGeGeGeGeSiGeGeGeGeGeSiSiSiSiSiSiSiSiSiSiSiSiSiSiSiSiSiSiSiSiSiSiSiSiSiSiSiSiSiSiSiSiSiSiSiSiGeGeGeSiSiGeGeGeGeSiSiSi
   -17123.0117187500 GeGeGeGeGeGeSiGeGeGeGeGeSiSiSiSiSiSiSiSiSiSiSiSiSiSiSiSiSiSiSiSiSiSiSiSiSiSiSiSiSiSiSiSiSiSiSiSiGeGeGeSiSiGeGeGeGeSiSiSi
   -17123.0117187500 GeGeGeGeGeGeSiGeGeGeGeGeSiSiSiSiSiSiSiSiSiSiSiSiSiSiSiSiSiSiSiSiSiSiSiSiSiSiSiSiSiSiSiSiSiSiSiSiGeGeGeSiSiGeGeGeGeSiSiSi
   -17123.0117187500 GeGeGeGeGeGeSiGeGeGeGeGeSiSiSiSiSiSiSiSiSiSiSiSiSiSiSiSiSiSiSiSiSiSiSiSiSiSiSiSiSiSiSiSiSiSiSiSiGeGeGeSiSiGeGeGeGeSiSiSi
   -17123.0117187500 GeGeGeGeGeGeSiGeGeGeGeGeSiSiSiSiSiSiSiSiSiSiSiSiSiSiSiSiSiSiSiSiSiSiSiSiSiSiSiSiSiSiSiSiSiSiSiSiGeGeGeSiSiGeGeGeGeSiSiSi
   -17123.0117187500 GeGeGeGeGeGeSiGeGeGeGeGeSiSiSiSiSiSiSiSiSiSiSiSiSiSiSiSiSiSiSiSiSiSiSiSiSiSiSiSiSiSiSiSiSiSiSiSiGeGeGeSiSiGeGeGeGeSiSiSi
   -17123.0117187500 GeGeGeGeGeGeSiGeGeGeGeGeSiSiSiSiSiSiSiSiSiSiSiSiSiSiSiSiSiSiSiSiSiSiSiSiSiSiSiSiSiSiSiSiSiSiSiSiGeGeGeSiSiGeGeGeGeSiSiSi
   -17123.0117187500 GeGeGeGeGeGeSiGeGeGeGeGeSiSiSiSiSiSiSiSiSiSiSiSiSiSiSiSiSiSiSiSiSiSiSiSiSiSiSiSiSiSiSiSiSiSiSiSiGeGeGeSiSiGeGeGeGeSiSiSi
   -17123.0117187500 GeGeGeGeGeGeSiGeGeGeGeGeSiSiSiSiSiSiSiSiSiSiSiSiSiSiSiSiSiSiSiSiSiSiSiSiSiSiSiSiSiSiSiSiSiSiSiSiGeGeGeSiSiGeGeGeGeSiSiSi
   -17123.0117187500 GeGeGeGeGeGeSiGeGeGeGeGeSiSiSiSiSiSiSiSiSiSiSiSiSiSiSiSiSiSiSiSiSiSiSiSiSiSiSiSiSiSiSiSiSiSiSiSiGeGeGeSiSiGeGeGeGeSiSiSi
   -17123.0117187500 GeGeGeGeGeGeSiGeGeGeGeGeSiSiSiSiSiSiSiSiSiSiSiSiSiSiSiSiSiSiSiSiSiSiSiSiSiSiSiSiSiSiSiSiSiSiSiSiGeGeGeSiSiGeGeGeGeSiSiSi
   -17123.0117187500 GeGeGeGeGeGeSiGeGeGeGeGeSiSiSiSiSiSiSiSiSiSiSiSiSiSiSiSiSiSiSiSiSiSiSiSiSiSiSiSiSiSiSiSiSiSiSiSiGeGeGeSiSiGeGeGeGeSiSiSi
   -17123.0117187500 GeGeGeGeGeGeSiGeGeGeGeGeSiSiSiSiSiSiSiSiSiSiSiSiSiSiSiSiSiSiSiSiSiSiSiSiSiSiSiSiSiSiSiSiSiSiSiSiGeGeGeSiSiGeGeGeGeSiSiSi
   -17123.0117187500 GeGeGeGeGeGeSiGeGeGeGeGeSiSiSiSiSiSiSiSiSiSiSiSiSiSiSiSiSiSiSiSiSiSiSiSiSiSiSiSiSiSiSiSiSiSiSiSiGeGeGeSiSiGeGeGeGeSiSiSi
   -17123.0117187500 GeGeGeGeGeGeSiGeGeGeGeGeSiSiSiSiSiSiSiSiSiSiSiSiSiSiSiSiSiSiSiSiSiSiSiSiSiSiSiSiSiSiSiSiSiSiSiSiGeGeGeSiSiGeGeGeGeSiSiSi
   -17123.0117187500 GeGeGeGeGeGeSiGeGeGeGeGeSiSiSiSiSiSiSiSiSiSiSiSiSiSiSiSiSiSiSiSiSiSiSiSiSiSiSiSiSiSiSiSiSiSiSiSiGeGeGeSiSiGeGeGeGeSiSiSi
   -17123.0117187500 GeGeGeGeGeGeSiGeGeGeGeGeSiSiSiSiSiSiSiSiSiSiSiSiSiSiSiSiSiSiSiSiSiSiSiSiSiSiSiSiSiSiSiSiSiSiSiSiGeGeGeSiSiGeGeGeGeSiSiSi
   -17123.0117187500 GeGeGeGeGeGeSiGeGeGeGeGeSiSiSiSiSiSiSiSiSiSiSiSiSiSiSiSiSiSiSiSiSiSiSiSiSiSiSiSiSiSiSiSiSiSiSiSiGeGeGeSiSiGeGeGeGeSiSiSi
   -17123.0117187500 GeGeGeGeGeGeSiGeGeGeGeGeSiSiSiSiSiSiSiSiSiSiSiSiSiSiSiSiSiSiSiSiSiSiSiSiSiSiSiSiSiSiSiSiSiSiSiSiGeGeGeSiSiGeGeGeGeSiSiSi
   -17123.0117187500 GeGeGeGeGeGeSiGeGeGeGeGeSiSiSiSiSiSiSiSiSiSiSiSiSiSiSiSiSiSiSiSiSiSiSiSiSiSiSiSiSiSiSiSiSiSiSiSiGeGeGeSiSiGeGeGeGeSiSiSi
   -17123.0117187500 GeGeGeGeGeGeSiGeGeGeGeGeSiSiSiSiSiSiSiSiSiSiSiSiSiSiSiSiSiSiSiSiSiSiSiSiSiSiSiSiSiSiSiSiSiSiSiSiGeGeGeSiSiGeGeGeGeSiSiSi
filename: c000001158828781.gin     
Cell:
    11.9020996    11.9020996    29.6919994    90.0000000    90.0000000   120.0000000
Box:
    11.9020996    -5.9510503     0.0000000
     0.0000000    10.3075209     0.0000000
     0.0000000     0.0000000    29.6919994
----------------------------------------
Inverse Box:
     0.0840188     0.0485083     0.0000000
     0.0000000     0.0970165     0.0000000
     0.0000000     0.0000000     0.0336791
----------------------------------------
==============================================
geometrical properties of  18 Ge:
 Configuration:           0
 D_ave:   9.55234718       3.42990446    
 D_min:   3.23026395      0.618551195    
 energia:  -17123.0117    
