Random Seed:  1164627933
Number of atoms:    60
Space Group:    1
Cell:
    11.9020996    11.9020996    29.6919994    90.0000000    90.0000000   120.0000000
Box:
    11.9020996    -5.9510503     0.0000000
     0.0000000    10.3075209     0.0000000
     0.0000000     0.0000000    29.6919994
----------------------------------------
Inverse Box:
     0.0840188     0.0485083     0.0000000
     0.0000000     0.0970165     0.0000000
     0.0000000     0.0000000     0.0336791
----------------------------------------
GeSiSiGeSiSiSiSiSiSiSiSiSiSiSiSiSiSiSiSiSiSiSiSiSiSiSiSiSiSiSiSiSiSiSiSiSiSiSiSiSiSiSiSiSiSiSiSiSiSiSiSiSiSiSiSiSiSiSiSi
           1 Ge    -7733.86768    
GeGeSiGeSiSiSiSiSiSiSiSiSiSiSiSiSiSiSiSiSiSiSiSiSiSiSiSiSiSiSiSiSiSiSiSiSiSiSiSiSiSiSiSiSiSiSiSiSiSiSiSiSiSiSiSiSiSiSiSi
           2 Ge    -7727.93604    
GeGeGeGeSiSiSiSiSiSiSiSiSiSiSiSiSiSiSiSiSiSiSiSiSiSiSiSiSiSiSiSiSiSiSiSiSiSiSiSiSiSiSiSiSiSiSiSiSiSiSiSiSiSiSiSiSiSiSiSi
           3 Ge    -7721.92285    
GeGeGeGeGeSiSiSiSiSiSiSiSiSiSiSiSiSiSiSiSiSiSiSiSiSiSiSiSiSiSiSiSiSiSiSiSiSiSiSiSiSiSiSiSiSiSiSiSiSiSiSiSiSiSiSiSiSiSiSi
           5 Ge    -7728.01514    
GeGeGeGeGeGeSiSiSiSiSiSiSiSiSiSiSiSiSiSiSiSiSiSiSiSiSiSiSiSiSiSiSiSiSiSiSiSiSiSiSiSiSiSiSiSiSiSiSiSiSiSiSiSiSiSiSiSiSiSi
           6 Ge    -7752.11963    
GeGeGeGeGeGeGeSiSiSiSiSiSiSiSiSiSiSiSiSiSiSiSiSiSiSiSiSiSiSiSiSiSiSiSiSiSiSiSiSiSiSiSiSiSiSiSiSiSiSiSiSiSiSiSiSiSiSiSiSi
           7 Ge    -7853.17090    
GeGeGeGeGeGeGeGeSiSiSiSiSiSiSiSiSiSiSiSiSiSiSiSiSiSiSiSiSiSiSiSiSiSiSiSiSiSiSiSiSiSiSiSiSiSiSiSiSiSiSiSiSiSiSiSiSiSiSiSi
           8 Ge    -7983.45264    
GeGeGeGeGeGeGeGeSiSiSiGeSiSiSiSiSiSiSiSiSiSiSiSiSiSiSiSiSiSiSiSiSiSiSiSiSiSiSiSiSiSiSiSiSiSiSiSiSiSiSiSiSiSiSiSiSiSiSiSi
          12 Ge    -8223.11523    
GeGeGeGeGeGeGeGeSiSiSiGeSiSiSiGeSiSiSiSiSiSiSiSiSiSiSiSiSiSiSiSiSiSiSiSiSiSiSiSiSiSiSiSiSiSiSiSiSiSiSiSiSiSiSiSiSiSiSiSi
          16 Ge    -8552.01562    
GeGeGeGeGeGeGeGeSiSiSiGeSiSiSiGeSiSiSiSiSiSiSiSiSiGeSiSiSiSiSiSiSiSiSiSiSiSiSiSiSiSiSiSiSiSiSiSiSiSiSiSiSiSiSiSiSiSiSiSi
          26 Ge    -8483.41113    
GeGeGeGeGeGeGeGeSiSiSiGeSiSiSiGeSiSiSiSiSiSiSiSiSiGeSiSiSiGeSiSiSiSiSiSiSiSiSiSiSiSiSiSiSiSiSiSiSiSiSiSiSiSiSiSiSiSiSiSi
          30 Ge    -8469.89551    
GeGeGeGeGeGeGeGeSiSiSiGeSiSiSiGeSiSiSiSiSiSiSiSiSiGeSiSiSiGeSiSiGeSiSiSiSiSiSiSiSiSiSiSiSiSiSiSiSiSiSiSiSiSiSiSiSiSiSiSi
          33 Ge    -8968.34668    
GeGeGeGeGeGeGeGeSiSiSiGeSiSiSiGeSiSiSiSiSiSiSiSiSiGeSiSiSiGeSiSiGeSiSiGeSiSiSiSiSiSiSiSiSiSiSiSiSiSiSiSiSiSiSiSiSiSiSiSi
          36 Ge    -8886.60645    
GeGeGeGeGeGeGeGeSiSiSiGeSiSiSiGeSiSiSiSiSiSiSiSiSiGeSiSiSiGeSiSiGeSiSiGeSiSiGeSiSiSiSiSiSiSiSiSiSiSiSiSiSiSiSiSiSiSiSiSi
          39 Ge    -9498.68945    
GeGeGeGeGeGeGeGeSiSiSiGeSiSiSiGeSiSiSiSiSiSiSiSiSiGeSiSiSiGeSiSiGeSiSiGeSiSiGeGeSiSiSiSiSiSiSiSiSiSiSiSiSiSiSiSiSiSiSiSi
          40 Ge    -9671.79590    
GeGeGeGeGeGeGeGeSiSiSiGeSiSiSiGeSiSiSiSiSiSiSiSiSiGeSiSiSiGeSiSiGeSiSiGeSiSiGeGeSiGeSiSiSiSiSiSiSiSiSiSiSiSiSiSiSiSiSiSi
          42 Ge    -8416.00684    
GeGeGeGeGeGeGeGeSiSiSiGeSiSiSiGeSiSiSiSiSiSiSiSiSiGeSiSiSiGeSiSiGeSiSiGeSiSiGeGeSiGeSiSiGeSiSiSiSiSiSiSiSiSiSiSiSiSiSiSi
          45 Ge    -8915.39453    
GeGeGeGeGeGeGeGeSiSiSiGeSiSiSiGeSiSiSiSiSiSiSiSiSiGeSiSiSiGeSiSiGeSiSiGeSiSiGeGeSiGeSiSiGeGeSiSiSiSiSiSiSiSiSiSiSiSiSiSi
          46 Ge    -9097.63379    
==============================================
MonteCarlo: Metropolis with identity changes
Si > Ge, Ge > Si. STOP when occurrence <    0.00000
==============================================
Cost_function     Occurrence %     Scan-Cost
   -14050.8466796875 GeSiGeSiSiGeSiGeSiSiSiGeSiGeSiSiSiSiGeGeGeSiSiSiSiSiSiSiSiSiGeSiSiSiSiGeSiGeSiGeSiSiGeSiSiSiSiSiSiSiGeSiSiGeSiGeGeSiSiGe
   -14050.8466796875 GeSiGeSiSiGeSiGeSiSiSiGeSiGeSiSiSiSiGeGeGeSiSiSiSiSiSiSiSiSiGeSiSiSiSiGeSiGeSiGeSiSiGeSiSiSiSiSiSiSiGeSiSiGeSiGeGeSiSiGe
   -15037.7675781250 GeSiSiSiSiGeSiGeGeSiSiGeSiSiSiSiSiSiGeGeGeSiSiSiSiSiSiGeSiSiGeSiSiSiSiGeSiGeSiSiSiSiGeSiSiSiSiSiSiSiGeSiGeGeSiGeGeGeSiSi
   -15964.3125000000 GeSiGeSiGeSiGeGeSiGeSiGeSiSiSiGeSiSiSiSiSiSiGeSiSiSiSiGeSiSiSiGeSiSiSiSiSiGeSiSiSiSiGeSiSiSiGeSiGeSiGeGeGeSiSiSiGeSiSiSi
   -16658.4570312500 GeSiGeSiGeSiGeGeGeGeSiGeSiSiSiGeSiSiSiSiSiSiGeSiSiSiSiGeSiSiSiSiSiSiSiSiSiGeSiSiSiSiGeSiSiSiGeSiGeSiGeGeGeSiSiSiGeSiSiSi
   -16658.4570312500 GeSiGeSiGeSiGeGeGeGeSiGeSiSiSiGeSiSiSiSiSiSiGeSiSiSiSiGeSiSiSiSiSiSiSiSiSiGeSiSiSiSiGeSiSiSiGeSiGeSiGeGeGeSiSiSiGeSiSiSi
   -16808.4453125000 GeSiGeSiGeSiGeGeGeGeSiGeSiSiSiGeSiSiSiSiSiSiGeSiSiSiSiGeSiSiSiSiSiSiSiSiSiGeSiSiSiSiGeSiSiSiGeSiGeSiGeGeGeSiSiSiSiGeSiSi
   -16808.4453125000 GeSiGeSiGeSiGeGeGeGeSiGeSiSiSiGeSiSiSiSiSiSiGeSiSiSiSiGeSiSiSiSiSiSiSiSiSiGeSiSiSiSiGeSiSiSiGeSiGeSiGeGeGeSiSiSiSiGeSiSi
   -16808.4453125000 GeSiGeSiGeSiGeGeGeGeSiGeSiSiSiGeSiSiSiSiSiSiGeSiSiSiSiGeSiSiSiSiSiSiSiSiSiGeSiSiSiSiGeSiSiSiGeSiGeSiGeGeGeSiSiSiSiGeSiSi
   -16824.6367187500 GeSiGeSiGeSiGeGeGeGeSiGeSiSiSiGeSiGeSiSiSiSiGeSiSiSiSiGeSiSiSiSiSiSiSiSiSiGeSiSiSiSiGeSiSiSiSiSiGeSiGeGeGeSiSiSiSiGeSiSi
   -16824.6367187500 GeSiGeSiGeSiGeGeGeGeSiGeSiSiSiGeSiGeSiSiSiSiGeSiSiSiSiGeSiSiSiSiSiSiSiSiSiGeSiSiSiSiGeSiSiSiSiSiGeSiGeGeGeSiSiSiSiGeSiSi
   -16824.6367187500 GeSiGeSiGeSiGeGeGeGeSiGeSiSiSiGeSiGeSiSiSiSiGeSiSiSiSiGeSiSiSiSiSiSiSiSiSiGeSiSiSiSiGeSiSiSiSiSiGeSiGeGeGeSiSiSiSiGeSiSi
   -16824.6367187500 GeSiGeSiGeSiGeGeGeGeSiGeSiSiSiGeSiGeSiSiSiSiGeSiSiSiSiGeSiSiSiSiSiSiSiSiSiGeSiSiSiSiGeSiSiSiSiSiGeSiGeGeGeSiSiSiSiGeSiSi
   -16824.6367187500 GeSiGeSiGeSiGeGeGeGeSiGeSiSiSiGeSiGeSiSiSiSiGeSiSiSiSiGeSiSiSiSiSiSiSiSiSiGeSiSiSiSiGeSiSiSiSiSiGeSiGeGeGeSiSiSiSiGeSiSi
   -16915.4921875000 GeSiGeSiGeGeSiGeGeGeSiGeSiSiSiGeSiGeSiSiSiSiGeSiSiSiSiGeSiSiSiSiSiSiSiSiSiGeSiSiSiSiGeSiSiSiSiSiGeSiGeGeGeSiSiSiSiGeSiSi
   -16963.3867187500 GeSiGeSiGeGeSiGeGeGeGeSiSiSiSiGeSiGeSiSiSiSiGeSiSiSiSiGeSiSiSiSiSiSiSiSiSiGeSiSiSiSiGeSiSiSiSiSiGeSiGeGeGeSiSiSiSiGeSiSi
   -16974.6835937500 GeSiGeSiGeGeSiGeGeGeGeGeSiSiSiGeSiGeSiSiSiSiGeSiSiSiSiGeSiSiSiSiSiSiSiSiSiGeSiSiSiSiGeSiSiSiSiSiGeSiGeGeGeSiSiSiSiSiSiSi
   -17384.9609375000 GeSiGeSiGeGeSiGeGeGeGeGeSiSiSiGeSiGeSiSiSiSiGeSiSiSiSiGeSiSiSiSiSiSiSiSiSiSiSiSiSiSiGeSiSiSiSiSiGeSiGeGeGeSiSiSiSiSiGeSi
   -17384.9609375000 GeSiGeSiGeGeSiGeGeGeGeGeSiSiSiGeSiGeSiSiSiSiGeSiSiSiSiGeSiSiSiSiSiSiSiSiSiSiSiSiSiSiGeSiSiSiSiSiGeSiGeGeGeSiSiSiSiSiGeSi
   -17384.9609375000 GeSiGeSiGeGeSiGeGeGeGeGeSiSiSiGeSiGeSiSiSiSiGeSiSiSiSiGeSiSiSiSiSiSiSiSiSiSiSiSiSiSiGeSiSiSiSiSiGeSiGeGeGeSiSiSiSiSiGeSi
   -17384.9609375000 GeSiGeSiGeGeSiGeGeGeGeGeSiSiSiGeSiGeSiSiSiSiGeSiSiSiSiGeSiSiSiSiSiSiSiSiSiSiSiSiSiSiGeSiSiSiSiSiGeSiGeGeGeSiSiSiSiSiGeSi
   -17384.9609375000 GeSiGeSiGeGeSiGeGeGeGeGeSiSiSiGeSiGeSiSiSiSiGeSiSiSiSiGeSiSiSiSiSiSiSiSiSiSiSiSiSiSiGeSiSiSiSiSiGeSiGeGeGeSiSiSiSiSiGeSi
   -17384.9609375000 GeSiGeSiGeGeSiGeGeGeGeGeSiSiSiGeSiGeSiSiSiSiGeSiSiSiSiGeSiSiSiSiSiSiSiSiSiSiSiSiSiSiGeSiSiSiSiSiGeSiGeGeGeSiSiSiSiSiGeSi
   -17384.9609375000 GeSiGeSiGeGeSiGeGeGeGeGeSiSiSiGeSiGeSiSiSiSiGeSiSiSiSiGeSiSiSiSiSiSiSiSiSiSiSiSiSiSiGeSiSiSiSiSiGeSiGeGeGeSiSiSiSiSiGeSi
   -17544.1640625000 GeSiGeSiGeGeSiGeGeGeSiGeSiSiSiGeSiGeSiSiSiSiGeSiSiSiSiGeSiSiSiSiSiSiSiSiSiSiSiSiSiSiSiSiSiSiSiSiGeSiGeGeGeGeSiSiSiSiGeGe
   -17544.1640625000 GeSiGeSiGeGeSiGeGeGeSiGeSiSiSiGeSiGeSiSiSiSiGeSiSiSiSiGeSiSiSiSiSiSiSiSiSiSiSiSiSiSiSiSiSiSiSiSiGeSiGeGeGeGeSiSiSiSiGeGe
   -17544.1640625000 GeSiGeSiGeGeSiGeGeGeSiGeSiSiSiGeSiGeSiSiSiSiGeSiSiSiSiGeSiSiSiSiSiSiSiSiSiSiSiSiSiSiSiSiSiSiSiSiGeSiGeGeGeGeSiSiSiSiGeGe
   -17544.1640625000 GeSiGeSiGeGeSiGeGeGeSiGeSiSiSiGeSiGeSiSiSiSiGeSiSiSiSiGeSiSiSiSiSiSiSiSiSiSiSiSiSiSiSiSiSiSiSiSiGeSiGeGeGeGeSiSiSiSiGeGe
   -17654.0976562500 GeSiGeSiGeGeSiGeGeSiGeGeSiSiSiGeSiGeSiSiSiSiGeSiSiSiSiGeSiSiSiSiSiSiSiSiSiSiSiSiSiSiSiSiSiSiSiSiGeSiGeGeGeGeSiSiSiGeGeSi
   -17659.8671875000 GeSiGeSiGeGeSiGeGeSiGeGeSiSiSiGeSiGeSiSiSiSiGeSiSiSiSiSiSiSiSiSiSiSiGeSiSiSiSiSiSiSiSiSiSiSiSiSiGeSiGeGeGeGeSiSiSiGeGeSi
   -17659.8671875000 GeSiGeSiGeGeSiGeGeSiGeGeSiSiSiGeSiGeSiSiSiSiGeSiSiSiSiSiSiSiSiSiSiSiGeSiSiSiSiSiSiSiSiSiSiSiSiSiGeSiGeGeGeGeSiSiSiGeGeSi
   -17747.6757812500 GeSiGeSiGeGeSiGeGeSiGeGeSiSiSiSiSiGeSiSiSiSiGeSiSiSiSiSiSiSiSiSiSiSiGeSiSiSiSiSiSiSiSiSiSiSiSiSiGeSiGeGeGeGeSiSiSiGeGeGe
   -17747.6757812500 GeSiGeSiGeGeSiGeGeSiGeGeSiSiSiSiSiGeSiSiSiSiGeSiSiSiSiSiSiSiSiSiSiSiGeSiSiSiSiSiSiSiSiSiSiSiSiSiGeSiGeGeGeGeSiSiSiGeGeGe
   -17747.6757812500 GeSiGeSiGeGeSiGeGeSiGeGeSiSiSiSiSiGeSiSiSiSiGeSiSiSiSiSiSiSiSiSiSiSiGeSiSiSiSiSiSiSiSiSiSiSiSiSiGeSiGeGeGeGeSiSiSiGeGeGe
   -17747.6757812500 GeSiGeSiGeGeSiGeGeSiGeGeSiSiSiSiSiGeSiSiSiSiGeSiSiSiSiSiSiSiSiSiSiSiGeSiSiSiSiSiSiSiSiSiSiSiSiSiGeSiGeGeGeGeSiSiSiGeGeGe
   -17747.6757812500 GeSiGeSiGeGeSiGeGeSiGeGeSiSiSiSiSiGeSiSiSiSiGeSiSiSiSiSiSiSiSiSiSiSiGeSiSiSiSiSiSiSiSiSiSiSiSiSiGeSiGeGeGeGeSiSiSiGeGeGe
   -17747.6757812500 GeSiGeSiGeGeSiGeGeSiGeGeSiSiSiSiSiGeSiSiSiSiGeSiSiSiSiSiSiSiSiSiSiSiGeSiSiSiSiSiSiSiSiSiSiSiSiSiGeSiGeGeGeGeSiSiSiGeGeGe
   -17747.6757812500 GeSiGeSiGeGeSiGeGeSiGeGeSiSiSiSiSiGeSiSiSiSiGeSiSiSiSiSiSiSiSiSiSiSiGeSiSiSiSiSiSiSiSiSiSiSiSiSiGeSiGeGeGeGeSiSiSiGeGeGe
   -17747.6757812500 GeSiGeSiGeGeSiGeGeSiGeGeSiSiSiSiSiGeSiSiSiSiGeSiSiSiSiSiSiSiSiSiSiSiGeSiSiSiSiSiSiSiSiSiSiSiSiSiGeSiGeGeGeGeSiSiSiGeGeGe
   -17747.6757812500 GeSiGeSiGeGeSiGeGeSiGeGeSiSiSiSiSiGeSiSiSiSiGeSiSiSiSiSiSiSiSiSiSiSiGeSiSiSiSiSiSiSiSiSiSiSiSiSiGeSiGeGeGeGeSiSiSiGeGeGe
   -17747.6757812500 GeSiGeSiGeGeSiGeGeSiGeGeSiSiSiSiSiGeSiSiSiSiGeSiSiSiSiSiSiSiSiSiSiSiGeSiSiSiSiSiSiSiSiSiSiSiSiSiGeSiGeGeGeGeSiSiSiGeGeGe
   -17747.6757812500 GeSiGeSiGeGeSiGeGeSiGeGeSiSiSiSiSiGeSiSiSiSiGeSiSiSiSiSiSiSiSiSiSiSiGeSiSiSiSiSiSiSiSiSiSiSiSiSiGeSiGeGeGeGeSiSiSiGeGeGe
   -17747.6757812500 GeSiGeSiGeGeSiGeGeSiGeGeSiSiSiSiSiGeSiSiSiSiGeSiSiSiSiSiSiSiSiSiSiSiGeSiSiSiSiSiSiSiSiSiSiSiSiSiGeSiGeGeGeGeSiSiSiGeGeGe
   -17759.1835937500 GeSiGeSiGeGeSiGeGeSiGeGeSiSiSiSiSiGeSiSiSiSiSiSiSiSiSiSiSiSiSiSiSiSiGeSiSiGeSiSiSiSiSiSiSiSiSiSiGeSiGeGeGeGeSiSiSiGeGeGe
   -18150.0585937500 GeSiGeSiGeGeSiGeGeGeGeGeSiSiSiSiSiSiSiSiSiSiSiSiSiSiSiSiSiSiSiSiSiSiGeSiSiGeSiSiSiSiSiSiSiSiSiSiGeSiGeGeGeGeSiSiSiGeGeGe
   -18150.0585937500 GeSiGeSiGeGeSiGeGeGeGeGeSiSiSiSiSiSiSiSiSiSiSiSiSiSiSiSiSiSiSiSiSiSiGeSiSiGeSiSiSiSiSiSiSiSiSiSiGeSiGeGeGeGeSiSiSiGeGeGe
   -18155.5039062500 GeSiGeSiGeGeSiGeGeGeGeGeSiSiSiSiSiSiSiSiSiSiSiSiSiSiSiGeSiSiSiSiSiSiGeSiSiSiSiSiSiSiSiSiSiSiSiSiGeSiGeGeGeGeSiSiSiGeGeGe
   -18164.2460937500 GeSiGeSiGeGeSiGeGeGeGeGeSiSiSiSiSiSiSiSiSiSiSiSiSiSiSiGeSiSiSiSiSiSiGeSiSiSiSiSiSiSiSiSiSiSiSiSiGeSiGeGeGeGeGeSiSiGeGeSi
   -18164.2460937500 GeSiGeSiGeGeSiGeGeGeGeGeSiSiSiSiSiSiSiSiSiSiSiSiSiSiSiGeSiSiSiSiSiSiGeSiSiSiSiSiSiSiSiSiSiSiSiSiGeSiGeGeGeGeGeSiSiGeGeSi
   -18164.2460937500 GeSiGeSiGeGeSiGeGeGeGeGeSiSiSiSiSiSiSiSiSiSiSiSiSiSiSiGeSiSiSiSiSiSiGeSiSiSiSiSiSiSiSiSiSiSiSiSiGeSiGeGeGeGeGeSiSiGeGeSi
   -18164.2460937500 GeSiGeSiGeGeSiGeGeGeGeGeSiSiSiSiSiSiSiSiSiSiSiSiSiSiSiGeSiSiSiSiSiSiGeSiSiSiSiSiSiSiSiSiSiSiSiSiGeSiGeGeGeGeGeSiSiGeGeSi
   -18164.2460937500 GeSiGeSiGeGeSiGeGeGeGeGeSiSiSiSiSiSiSiSiSiSiSiSiSiSiSiGeSiSiSiSiSiSiGeSiSiSiSiSiSiSiSiSiSiSiSiSiGeSiGeGeGeGeGeSiSiGeGeSi
   -18164.2460937500 GeSiGeSiGeGeSiGeGeGeGeGeSiSiSiSiSiSiSiSiSiSiSiSiSiSiSiGeSiSiSiSiSiSiGeSiSiSiSiSiSiSiSiSiSiSiSiSiGeSiGeGeGeGeGeSiSiGeGeSi
   -18164.2460937500 GeSiGeSiGeGeSiGeGeGeGeGeSiSiSiSiSiSiSiSiSiSiSiSiSiSiSiGeSiSiSiSiSiSiGeSiSiSiSiSiSiSiSiSiSiSiSiSiGeSiGeGeGeGeGeSiSiGeGeSi
   -18164.2460937500 GeSiGeSiGeGeSiGeGeGeGeGeSiSiSiSiSiSiSiSiSiSiSiSiSiSiSiGeSiSiSiSiSiSiGeSiSiSiSiSiSiSiSiSiSiSiSiSiGeSiGeGeGeGeGeSiSiGeGeSi
   -18164.2460937500 GeSiGeSiGeGeSiGeGeGeGeGeSiSiSiSiSiSiSiSiSiSiSiSiSiSiSiGeSiSiSiSiSiSiGeSiSiSiSiSiSiSiSiSiSiSiSiSiGeSiGeGeGeGeGeSiSiGeGeSi
   -18164.2460937500 GeSiGeSiGeGeSiGeGeGeGeGeSiSiSiSiSiSiSiSiSiSiSiSiSiSiSiGeSiSiSiSiSiSiGeSiSiSiSiSiSiSiSiSiSiSiSiSiGeSiGeGeGeGeGeSiSiGeGeSi
   -18164.2460937500 GeSiGeSiGeGeSiGeGeGeGeGeSiSiSiSiSiSiSiSiSiSiSiSiSiSiSiGeSiSiSiSiSiSiGeSiSiSiSiSiSiSiSiSiSiSiSiSiGeSiGeGeGeGeGeSiSiGeGeSi
   -18164.2460937500 GeSiGeSiGeGeSiGeGeGeGeGeSiSiSiSiSiSiSiSiSiSiSiSiSiSiSiGeSiSiSiSiSiSiGeSiSiSiSiSiSiSiSiSiSiSiSiSiGeSiGeGeGeGeGeSiSiGeGeSi
   -18164.2460937500 GeSiGeSiGeGeSiGeGeGeGeGeSiSiSiSiSiSiSiSiSiSiSiSiSiSiSiGeSiSiSiSiSiSiGeSiSiSiSiSiSiSiSiSiSiSiSiSiGeSiGeGeGeGeGeSiSiGeGeSi
   -18164.2460937500 GeSiGeSiGeGeSiGeGeGeGeGeSiSiSiSiSiSiSiSiSiSiSiSiSiSiSiGeSiSiSiSiSiSiGeSiSiSiSiSiSiSiSiSiSiSiSiSiGeSiGeGeGeGeGeSiSiGeGeSi
   -18164.2460937500 GeSiGeSiGeGeSiGeGeGeGeGeSiSiSiSiSiSiSiSiSiSiSiSiSiSiSiGeSiSiSiSiSiSiGeSiSiSiSiSiSiSiSiSiSiSiSiSiGeSiGeGeGeGeGeSiSiGeGeSi
   -18164.2460937500 GeSiGeSiGeGeSiGeGeGeGeGeSiSiSiSiSiSiSiSiSiSiSiSiSiSiSiGeSiSiSiSiSiSiGeSiSiSiSiSiSiSiSiSiSiSiSiSiGeSiGeGeGeGeGeSiSiGeGeSi
   -18164.2460937500 GeSiGeSiGeGeSiGeGeGeGeGeSiSiSiSiSiSiSiSiSiSiSiSiSiSiSiGeSiSiSiSiSiSiGeSiSiSiSiSiSiSiSiSiSiSiSiSiGeSiGeGeGeGeGeSiSiGeGeSi
   -18164.2460937500 GeSiGeSiGeGeSiGeGeGeGeGeSiSiSiSiSiSiSiSiSiSiSiSiSiSiSiGeSiSiSiSiSiSiGeSiSiSiSiSiSiSiSiSiSiSiSiSiGeSiGeGeGeGeGeSiSiGeGeSi
   -18164.2460937500 GeSiGeSiGeGeSiGeGeGeGeGeSiSiSiSiSiSiSiSiSiSiSiSiSiSiSiGeSiSiSiSiSiSiGeSiSiSiSiSiSiSiSiSiSiSiSiSiGeSiGeGeGeGeGeSiSiGeGeSi
   -18164.2460937500 GeSiGeSiGeGeSiGeGeGeGeGeSiSiSiSiSiSiSiSiSiSiSiSiSiSiSiGeSiSiSiSiSiSiGeSiSiSiSiSiSiSiSiSiSiSiSiSiGeSiGeGeGeGeGeSiSiGeGeSi
   -18164.2460937500 GeSiGeSiGeGeSiGeGeGeGeGeSiSiSiSiSiSiSiSiSiSiSiSiSiSiSiGeSiSiSiSiSiSiGeSiSiSiSiSiSiSiSiSiSiSiSiSiGeSiGeGeGeGeGeSiSiGeGeSi
   -18164.2460937500 GeSiGeSiGeGeSiGeGeGeGeGeSiSiSiSiSiSiSiSiSiSiSiSiSiSiSiGeSiSiSiSiSiSiGeSiSiSiSiSiSiSiSiSiSiSiSiSiGeSiGeGeGeGeGeSiSiGeGeSi
   -18164.2460937500 GeSiGeSiGeGeSiGeGeGeGeGeSiSiSiSiSiSiSiSiSiSiSiSiSiSiSiGeSiSiSiSiSiSiGeSiSiSiSiSiSiSiSiSiSiSiSiSiGeSiGeGeGeGeGeSiSiGeGeSi
   -18164.2460937500 GeSiGeSiGeGeSiGeGeGeGeGeSiSiSiSiSiSiSiSiSiSiSiSiSiSiSiGeSiSiSiSiSiSiGeSiSiSiSiSiSiSiSiSiSiSiSiSiGeSiGeGeGeGeGeSiSiGeGeSi
   -18164.2460937500 GeSiGeSiGeGeSiGeGeGeGeGeSiSiSiSiSiSiSiSiSiSiSiSiSiSiSiGeSiSiSiSiSiSiGeSiSiSiSiSiSiSiSiSiSiSiSiSiGeSiGeGeGeGeGeSiSiGeGeSi
   -18164.2460937500 GeSiGeSiGeGeSiGeGeGeGeGeSiSiSiSiSiSiSiSiSiSiSiSiSiSiSiGeSiSiSiSiSiSiGeSiSiSiSiSiSiSiSiSiSiSiSiSiGeSiGeGeGeGeGeSiSiGeGeSi
   -18164.2460937500 GeSiGeSiGeGeSiGeGeGeGeGeSiSiSiSiSiSiSiSiSiSiSiSiSiSiSiGeSiSiSiSiSiSiGeSiSiSiSiSiSiSiSiSiSiSiSiSiGeSiGeGeGeGeGeSiSiGeGeSi
   -18164.2460937500 GeSiGeSiGeGeSiGeGeGeGeGeSiSiSiSiSiSiSiSiSiSiSiSiSiSiSiGeSiSiSiSiSiSiGeSiSiSiSiSiSiSiSiSiSiSiSiSiGeSiGeGeGeGeGeSiSiGeGeSi
   -18164.2460937500 GeSiGeSiGeGeSiGeGeGeGeGeSiSiSiSiSiSiSiSiSiSiSiSiSiSiSiGeSiSiSiSiSiSiGeSiSiSiSiSiSiSiSiSiSiSiSiSiGeSiGeGeGeGeGeSiSiGeGeSi
   -18164.2460937500 GeSiGeSiGeGeSiGeGeGeGeGeSiSiSiSiSiSiSiSiSiSiSiSiSiSiSiGeSiSiSiSiSiSiGeSiSiSiSiSiSiSiSiSiSiSiSiSiGeSiGeGeGeGeGeSiSiGeGeSi
   -18164.2460937500 GeSiGeSiGeGeSiGeGeGeGeGeSiSiSiSiSiSiSiSiSiSiSiSiSiSiSiGeSiSiSiSiSiSiGeSiSiSiSiSiSiSiSiSiSiSiSiSiGeSiGeGeGeGeGeSiSiGeGeSi
   -18164.2460937500 GeSiGeSiGeGeSiGeGeGeGeGeSiSiSiSiSiSiSiSiSiSiSiSiSiSiSiGeSiSiSiSiSiSiGeSiSiSiSiSiSiSiSiSiSiSiSiSiGeSiGeGeGeGeGeSiSiGeGeSi
   -18164.2460937500 GeSiGeSiGeGeSiGeGeGeGeGeSiSiSiSiSiSiSiSiSiSiSiSiSiSiSiGeSiSiSiSiSiSiGeSiSiSiSiSiSiSiSiSiSiSiSiSiGeSiGeGeGeGeGeSiSiGeGeSi
   -18164.2460937500 GeSiGeSiGeGeSiGeGeGeGeGeSiSiSiSiSiSiSiSiSiSiSiSiSiSiSiGeSiSiSiSiSiSiGeSiSiSiSiSiSiSiSiSiSiSiSiSiGeSiGeGeGeGeGeSiSiGeGeSi
   -18164.2460937500 GeSiGeSiGeGeSiGeGeGeGeGeSiSiSiSiSiSiSiSiSiSiSiSiSiSiSiGeSiSiSiSiSiSiGeSiSiSiSiSiSiSiSiSiSiSiSiSiGeSiGeGeGeGeGeSiSiGeGeSi
   -18164.2460937500 GeSiGeSiGeGeSiGeGeGeGeGeSiSiSiSiSiSiSiSiSiSiSiSiSiSiSiGeSiSiSiSiSiSiGeSiSiSiSiSiSiSiSiSiSiSiSiSiGeSiGeGeGeGeGeSiSiGeGeSi
   -18164.2460937500 GeSiGeSiGeGeSiGeGeGeGeGeSiSiSiSiSiSiSiSiSiSiSiSiSiSiSiGeSiSiSiSiSiSiGeSiSiSiSiSiSiSiSiSiSiSiSiSiGeSiGeGeGeGeGeSiSiGeGeSi
   -18164.2460937500 GeSiGeSiGeGeSiGeGeGeGeGeSiSiSiSiSiSiSiSiSiSiSiSiSiSiSiGeSiSiSiSiSiSiGeSiSiSiSiSiSiSiSiSiSiSiSiSiGeSiGeGeGeGeGeSiSiGeGeSi
   -18164.2460937500 GeSiGeSiGeGeSiGeGeGeGeGeSiSiSiSiSiSiSiSiSiSiSiSiSiSiSiGeSiSiSiSiSiSiGeSiSiSiSiSiSiSiSiSiSiSiSiSiGeSiGeGeGeGeGeSiSiGeGeSi
   -18164.2460937500 GeSiGeSiGeGeSiGeGeGeGeGeSiSiSiSiSiSiSiSiSiSiSiSiSiSiSiGeSiSiSiSiSiSiGeSiSiSiSiSiSiSiSiSiSiSiSiSiGeSiGeGeGeGeGeSiSiGeGeSi
   -18164.2460937500 GeSiGeSiGeGeSiGeGeGeGeGeSiSiSiSiSiSiSiSiSiSiSiSiSiSiSiGeSiSiSiSiSiSiGeSiSiSiSiSiSiSiSiSiSiSiSiSiGeSiGeGeGeGeGeSiSiGeGeSi
   -18164.2460937500 GeSiGeSiGeGeSiGeGeGeGeGeSiSiSiSiSiSiSiSiSiSiSiSiSiSiSiGeSiSiSiSiSiSiGeSiSiSiSiSiSiSiSiSiSiSiSiSiGeSiGeGeGeGeGeSiSiGeGeSi
   -18164.2460937500 GeSiGeSiGeGeSiGeGeGeGeGeSiSiSiSiSiSiSiSiSiSiSiSiSiSiSiGeSiSiSiSiSiSiGeSiSiSiSiSiSiSiSiSiSiSiSiSiGeSiGeGeGeGeGeSiSiGeGeSi
   -18164.2460937500 GeSiGeSiGeGeSiGeGeGeGeGeSiSiSiSiSiSiSiSiSiSiSiSiSiSiSiGeSiSiSiSiSiSiGeSiSiSiSiSiSiSiSiSiSiSiSiSiGeSiGeGeGeGeGeSiSiGeGeSi
   -18164.2460937500 GeSiGeSiGeGeSiGeGeGeGeGeSiSiSiSiSiSiSiSiSiSiSiSiSiSiSiGeSiSiSiSiSiSiGeSiSiSiSiSiSiSiSiSiSiSiSiSiGeSiGeGeGeGeGeSiSiGeGeSi
   -18164.2460937500 GeSiGeSiGeGeSiGeGeGeGeGeSiSiSiSiSiSiSiSiSiSiSiSiSiSiSiGeSiSiSiSiSiSiGeSiSiSiSiSiSiSiSiSiSiSiSiSiGeSiGeGeGeGeGeSiSiGeGeSi
   -18164.2460937500 GeSiGeSiGeGeSiGeGeGeGeGeSiSiSiSiSiSiSiSiSiSiSiSiSiSiSiGeSiSiSiSiSiSiGeSiSiSiSiSiSiSiSiSiSiSiSiSiGeSiGeGeGeGeGeSiSiGeGeSi
   -18164.2460937500 GeSiGeSiGeGeSiGeGeGeGeGeSiSiSiSiSiSiSiSiSiSiSiSiSiSiSiGeSiSiSiSiSiSiGeSiSiSiSiSiSiSiSiSiSiSiSiSiGeSiGeGeGeGeGeSiSiGeGeSi
   -18164.2460937500 GeSiGeSiGeGeSiGeGeGeGeGeSiSiSiSiSiSiSiSiSiSiSiSiSiSiSiGeSiSiSiSiSiSiGeSiSiSiSiSiSiSiSiSiSiSiSiSiGeSiGeGeGeGeGeSiSiGeGeSi
   -18164.2460937500 GeSiGeSiGeGeSiGeGeGeGeGeSiSiSiSiSiSiSiSiSiSiSiSiSiSiSiGeSiSiSiSiSiSiGeSiSiSiSiSiSiSiSiSiSiSiSiSiGeSiGeGeGeGeGeSiSiGeGeSi
   -18164.2460937500 GeSiGeSiGeGeSiGeGeGeGeGeSiSiSiSiSiSiSiSiSiSiSiSiSiSiSiGeSiSiSiSiSiSiGeSiSiSiSiSiSiSiSiSiSiSiSiSiGeSiGeGeGeGeGeSiSiGeGeSi
   -18164.2460937500 GeSiGeSiGeGeSiGeGeGeGeGeSiSiSiSiSiSiSiSiSiSiSiSiSiSiSiGeSiSiSiSiSiSiGeSiSiSiSiSiSiSiSiSiSiSiSiSiGeSiGeGeGeGeGeSiSiGeGeSi
   -18164.2460937500 GeSiGeSiGeGeSiGeGeGeGeGeSiSiSiSiSiSiSiSiSiSiSiSiSiSiSiGeSiSiSiSiSiSiGeSiSiSiSiSiSiSiSiSiSiSiSiSiGeSiGeGeGeGeGeSiSiGeGeSi
   -18164.2460937500 GeSiGeSiGeGeSiGeGeGeGeGeSiSiSiSiSiSiSiSiSiSiSiSiSiSiSiGeSiSiSiSiSiSiGeSiSiSiSiSiSiSiSiSiSiSiSiSiGeSiGeGeGeGeGeSiSiGeGeSi
   -18164.2460937500 GeSiGeSiGeGeSiGeGeGeGeGeSiSiSiSiSiSiSiSiSiSiSiSiSiSiSiGeSiSiSiSiSiSiGeSiSiSiSiSiSiSiSiSiSiSiSiSiGeSiGeGeGeGeGeSiSiGeGeSi
   -18164.2460937500 GeSiGeSiGeGeSiGeGeGeGeGeSiSiSiSiSiSiSiSiSiSiSiSiSiSiSiGeSiSiSiSiSiSiGeSiSiSiSiSiSiSiSiSiSiSiSiSiGeSiGeGeGeGeGeSiSiGeGeSi
   -18164.2460937500 GeSiGeSiGeGeSiGeGeGeGeGeSiSiSiSiSiSiSiSiSiSiSiSiSiSiSiGeSiSiSiSiSiSiGeSiSiSiSiSiSiSiSiSiSiSiSiSiGeSiGeGeGeGeGeSiSiGeGeSi
   -18164.2460937500 GeSiGeSiGeGeSiGeGeGeGeGeSiSiSiSiSiSiSiSiSiSiSiSiSiSiSiGeSiSiSiSiSiSiGeSiSiSiSiSiSiSiSiSiSiSiSiSiGeSiGeGeGeGeGeSiSiGeGeSi
   -18164.2460937500 GeSiGeSiGeGeSiGeGeGeGeGeSiSiSiSiSiSiSiSiSiSiSiSiSiSiSiGeSiSiSiSiSiSiGeSiSiSiSiSiSiSiSiSiSiSiSiSiGeSiGeGeGeGeGeSiSiGeGeSi
   -18164.2460937500 GeSiGeSiGeGeSiGeGeGeGeGeSiSiSiSiSiSiSiSiSiSiSiSiSiSiSiGeSiSiSiSiSiSiGeSiSiSiSiSiSiSiSiSiSiSiSiSiGeSiGeGeGeGeGeSiSiGeGeSi
   -18164.2460937500 GeSiGeSiGeGeSiGeGeGeGeGeSiSiSiSiSiSiSiSiSiSiSiSiSiSiSiGeSiSiSiSiSiSiGeSiSiSiSiSiSiSiSiSiSiSiSiSiGeSiGeGeGeGeGeSiSiGeGeSi
   -18164.2460937500 GeSiGeSiGeGeSiGeGeGeGeGeSiSiSiSiSiSiSiSiSiSiSiSiSiSiSiGeSiSiSiSiSiSiGeSiSiSiSiSiSiSiSiSiSiSiSiSiGeSiGeGeGeGeGeSiSiGeGeSi
   -18164.2460937500 GeSiGeSiGeGeSiGeGeGeGeGeSiSiSiSiSiSiSiSiSiSiSiSiSiSiSiGeSiSiSiSiSiSiGeSiSiSiSiSiSiSiSiSiSiSiSiSiGeSiGeGeGeGeGeSiSiGeGeSi
   -18164.2460937500 GeSiGeSiGeGeSiGeGeGeGeGeSiSiSiSiSiSiSiSiSiSiSiSiSiSiSiGeSiSiSiSiSiSiGeSiSiSiSiSiSiSiSiSiSiSiSiSiGeSiGeGeGeGeGeSiSiGeGeSi
   -18164.2460937500 GeSiGeSiGeGeSiGeGeGeGeGeSiSiSiSiSiSiSiSiSiSiSiSiSiSiSiGeSiSiSiSiSiSiGeSiSiSiSiSiSiSiSiSiSiSiSiSiGeSiGeGeGeGeGeSiSiGeGeSi
   -18164.2460937500 GeSiGeSiGeGeSiGeGeGeGeGeSiSiSiSiSiSiSiSiSiSiSiSiSiSiSiGeSiSiSiSiSiSiGeSiSiSiSiSiSiSiSiSiSiSiSiSiGeSiGeGeGeGeGeSiSiGeGeSi
   -18164.2460937500 GeSiGeSiGeGeSiGeGeGeGeGeSiSiSiSiSiSiSiSiSiSiSiSiSiSiSiGeSiSiSiSiSiSiGeSiSiSiSiSiSiSiSiSiSiSiSiSiGeSiGeGeGeGeGeSiSiGeGeSi
   -18164.2460937500 GeSiGeSiGeGeSiGeGeGeGeGeSiSiSiSiSiSiSiSiSiSiSiSiSiSiSiGeSiSiSiSiSiSiGeSiSiSiSiSiSiSiSiSiSiSiSiSiGeSiGeGeGeGeGeSiSiGeGeSi
   -18164.2460937500 GeSiGeSiGeGeSiGeGeGeGeGeSiSiSiSiSiSiSiSiSiSiSiSiSiSiSiGeSiSiSiSiSiSiGeSiSiSiSiSiSiSiSiSiSiSiSiSiGeSiGeGeGeGeGeSiSiGeGeSi
   -18164.2460937500 GeSiGeSiGeGeSiGeGeGeGeGeSiSiSiSiSiSiSiSiSiSiSiSiSiSiSiGeSiSiSiSiSiSiGeSiSiSiSiSiSiSiSiSiSiSiSiSiGeSiGeGeGeGeGeSiSiGeGeSi
   -18164.2460937500 GeSiGeSiGeGeSiGeGeGeGeGeSiSiSiSiSiSiSiSiSiSiSiSiSiSiSiGeSiSiSiSiSiSiGeSiSiSiSiSiSiSiSiSiSiSiSiSiGeSiGeGeGeGeGeSiSiGeGeSi
   -18164.2460937500 GeSiGeSiGeGeSiGeGeGeGeGeSiSiSiSiSiSiSiSiSiSiSiSiSiSiSiGeSiSiSiSiSiSiGeSiSiSiSiSiSiSiSiSiSiSiSiSiGeSiGeGeGeGeGeSiSiGeGeSi
   -18164.2460937500 GeSiGeSiGeGeSiGeGeGeGeGeSiSiSiSiSiSiSiSiSiSiSiSiSiSiSiGeSiSiSiSiSiSiGeSiSiSiSiSiSiSiSiSiSiSiSiSiGeSiGeGeGeGeGeSiSiGeGeSi
   -18164.2460937500 GeSiGeSiGeGeSiGeGeGeGeGeSiSiSiSiSiSiSiSiSiSiSiSiSiSiSiGeSiSiSiSiSiSiGeSiSiSiSiSiSiSiSiSiSiSiSiSiGeSiGeGeGeGeGeSiSiGeGeSi
   -18164.2460937500 GeSiGeSiGeGeSiGeGeGeGeGeSiSiSiSiSiSiSiSiSiSiSiSiSiSiSiGeSiSiSiSiSiSiGeSiSiSiSiSiSiSiSiSiSiSiSiSiGeSiGeGeGeGeGeSiSiGeGeSi
   -18164.2460937500 GeSiGeSiGeGeSiGeGeGeGeGeSiSiSiSiSiSiSiSiSiSiSiSiSiSiSiGeSiSiSiSiSiSiGeSiSiSiSiSiSiSiSiSiSiSiSiSiGeSiGeGeGeGeGeSiSiGeGeSi
   -18164.2460937500 GeSiGeSiGeGeSiGeGeGeGeGeSiSiSiSiSiSiSiSiSiSiSiSiSiSiSiGeSiSiSiSiSiSiGeSiSiSiSiSiSiSiSiSiSiSiSiSiGeSiGeGeGeGeGeSiSiGeGeSi
   -18164.2460937500 GeSiGeSiGeGeSiGeGeGeGeGeSiSiSiSiSiSiSiSiSiSiSiSiSiSiSiGeSiSiSiSiSiSiGeSiSiSiSiSiSiSiSiSiSiSiSiSiGeSiGeGeGeGeGeSiSiGeGeSi
   -18164.2460937500 GeSiGeSiGeGeSiGeGeGeGeGeSiSiSiSiSiSiSiSiSiSiSiSiSiSiSiGeSiSiSiSiSiSiGeSiSiSiSiSiSiSiSiSiSiSiSiSiGeSiGeGeGeGeGeSiSiGeGeSi
   -18164.2460937500 GeSiGeSiGeGeSiGeGeGeGeGeSiSiSiSiSiSiSiSiSiSiSiSiSiSiSiGeSiSiSiSiSiSiGeSiSiSiSiSiSiSiSiSiSiSiSiSiGeSiGeGeGeGeGeSiSiGeGeSi
   -18164.2460937500 GeSiGeSiGeGeSiGeGeGeGeGeSiSiSiSiSiSiSiSiSiSiSiSiSiSiSiGeSiSiSiSiSiSiGeSiSiSiSiSiSiSiSiSiSiSiSiSiGeSiGeGeGeGeGeSiSiGeGeSi
   -18164.2460937500 GeSiGeSiGeGeSiGeGeGeGeGeSiSiSiSiSiSiSiSiSiSiSiSiSiSiSiGeSiSiSiSiSiSiGeSiSiSiSiSiSiSiSiSiSiSiSiSiGeSiGeGeGeGeGeSiSiGeGeSi
   -18164.2460937500 GeSiGeSiGeGeSiGeGeGeGeGeSiSiSiSiSiSiSiSiSiSiSiSiSiSiSiGeSiSiSiSiSiSiGeSiSiSiSiSiSiSiSiSiSiSiSiSiGeSiGeGeGeGeGeSiSiGeGeSi
   -18164.2460937500 GeSiGeSiGeGeSiGeGeGeGeGeSiSiSiSiSiSiSiSiSiSiSiSiSiSiSiGeSiSiSiSiSiSiGeSiSiSiSiSiSiSiSiSiSiSiSiSiGeSiGeGeGeGeGeSiSiGeGeSi
   -18164.2460937500 GeSiGeSiGeGeSiGeGeGeGeGeSiSiSiSiSiSiSiSiSiSiSiSiSiSiSiGeSiSiSiSiSiSiGeSiSiSiSiSiSiSiSiSiSiSiSiSiGeSiGeGeGeGeGeSiSiGeGeSi
   -18164.2460937500 GeSiGeSiGeGeSiGeGeGeGeGeSiSiSiSiSiSiSiSiSiSiSiSiSiSiSiGeSiSiSiSiSiSiGeSiSiSiSiSiSiSiSiSiSiSiSiSiGeSiGeGeGeGeGeSiSiGeGeSi
   -18164.2460937500 GeSiGeSiGeGeSiGeGeGeGeGeSiSiSiSiSiSiSiSiSiSiSiSiSiSiSiGeSiSiSiSiSiSiGeSiSiSiSiSiSiSiSiSiSiSiSiSiGeSiGeGeGeGeGeSiSiGeGeSi
   -18164.2460937500 GeSiGeSiGeGeSiGeGeGeGeGeSiSiSiSiSiSiSiSiSiSiSiSiSiSiSiGeSiSiSiSiSiSiGeSiSiSiSiSiSiSiSiSiSiSiSiSiGeSiGeGeGeGeGeSiSiGeGeSi
   -18164.2460937500 GeSiGeSiGeGeSiGeGeGeGeGeSiSiSiSiSiSiSiSiSiSiSiSiSiSiSiGeSiSiSiSiSiSiGeSiSiSiSiSiSiSiSiSiSiSiSiSiGeSiGeGeGeGeGeSiSiGeGeSi
   -18164.2460937500 GeSiGeSiGeGeSiGeGeGeGeGeSiSiSiSiSiSiSiSiSiSiSiSiSiSiSiGeSiSiSiSiSiSiGeSiSiSiSiSiSiSiSiSiSiSiSiSiGeSiGeGeGeGeGeSiSiGeGeSi
   -18164.2460937500 GeSiGeSiGeGeSiGeGeGeGeGeSiSiSiSiSiSiSiSiSiSiSiSiSiSiSiGeSiSiSiSiSiSiGeSiSiSiSiSiSiSiSiSiSiSiSiSiGeSiGeGeGeGeGeSiSiGeGeSi
   -18164.2460937500 GeSiGeSiGeGeSiGeGeGeGeGeSiSiSiSiSiSiSiSiSiSiSiSiSiSiSiGeSiSiSiSiSiSiGeSiSiSiSiSiSiSiSiSiSiSiSiSiGeSiGeGeGeGeGeSiSiGeGeSi
   -18164.2460937500 GeSiGeSiGeGeSiGeGeGeGeGeSiSiSiSiSiSiSiSiSiSiSiSiSiSiSiGeSiSiSiSiSiSiGeSiSiSiSiSiSiSiSiSiSiSiSiSiGeSiGeGeGeGeGeSiSiGeGeSi
   -18164.2460937500 GeSiGeSiGeGeSiGeGeGeGeGeSiSiSiSiSiSiSiSiSiSiSiSiSiSiSiGeSiSiSiSiSiSiGeSiSiSiSiSiSiSiSiSiSiSiSiSiGeSiGeGeGeGeGeSiSiGeGeSi
   -18164.2460937500 GeSiGeSiGeGeSiGeGeGeGeGeSiSiSiSiSiSiSiSiSiSiSiSiSiSiSiGeSiSiSiSiSiSiGeSiSiSiSiSiSiSiSiSiSiSiSiSiGeSiGeGeGeGeGeSiSiGeGeSi
   -18164.2460937500 GeSiGeSiGeGeSiGeGeGeGeGeSiSiSiSiSiSiSiSiSiSiSiSiSiSiSiGeSiSiSiSiSiSiGeSiSiSiSiSiSiSiSiSiSiSiSiSiGeSiGeGeGeGeGeSiSiGeGeSi
   -18164.2460937500 GeSiGeSiGeGeSiGeGeGeGeGeSiSiSiSiSiSiSiSiSiSiSiSiSiSiSiGeSiSiSiSiSiSiGeSiSiSiSiSiSiSiSiSiSiSiSiSiGeSiGeGeGeGeGeSiSiGeGeSi
   -18164.2460937500 GeSiGeSiGeGeSiGeGeGeGeGeSiSiSiSiSiSiSiSiSiSiSiSiSiSiSiGeSiSiSiSiSiSiGeSiSiSiSiSiSiSiSiSiSiSiSiSiGeSiGeGeGeGeGeSiSiGeGeSi
   -18164.2460937500 GeSiGeSiGeGeSiGeGeGeGeGeSiSiSiSiSiSiSiSiSiSiSiSiSiSiSiGeSiSiSiSiSiSiGeSiSiSiSiSiSiSiSiSiSiSiSiSiGeSiGeGeGeGeGeSiSiGeGeSi
   -18164.2460937500 GeSiGeSiGeGeSiGeGeGeGeGeSiSiSiSiSiSiSiSiSiSiSiSiSiSiSiGeSiSiSiSiSiSiGeSiSiSiSiSiSiSiSiSiSiSiSiSiGeSiGeGeGeGeGeSiSiGeGeSi
   -18164.2460937500 GeSiGeSiGeGeSiGeGeGeGeGeSiSiSiSiSiSiSiSiSiSiSiSiSiSiSiGeSiSiSiSiSiSiGeSiSiSiSiSiSiSiSiSiSiSiSiSiGeSiGeGeGeGeGeSiSiGeGeSi
   -18164.2460937500 GeSiGeSiGeGeSiGeGeGeGeGeSiSiSiSiSiSiSiSiSiSiSiSiSiSiSiGeSiSiSiSiSiSiGeSiSiSiSiSiSiSiSiSiSiSiSiSiGeSiGeGeGeGeGeSiSiGeGeSi
   -18164.2460937500 GeSiGeSiGeGeSiGeGeGeGeGeSiSiSiSiSiSiSiSiSiSiSiSiSiSiSiGeSiSiSiSiSiSiGeSiSiSiSiSiSiSiSiSiSiSiSiSiGeSiGeGeGeGeGeSiSiGeGeSi
   -18164.2460937500 GeSiGeSiGeGeSiGeGeGeGeGeSiSiSiSiSiSiSiSiSiSiSiSiSiSiSiGeSiSiSiSiSiSiGeSiSiSiSiSiSiSiSiSiSiSiSiSiGeSiGeGeGeGeGeSiSiGeGeSi
   -18164.2460937500 GeSiGeSiGeGeSiGeGeGeGeGeSiSiSiSiSiSiSiSiSiSiSiSiSiSiSiGeSiSiSiSiSiSiGeSiSiSiSiSiSiSiSiSiSiSiSiSiGeSiGeGeGeGeGeSiSiGeGeSi
   -18164.2460937500 GeSiGeSiGeGeSiGeGeGeGeGeSiSiSiSiSiSiSiSiSiSiSiSiSiSiSiGeSiSiSiSiSiSiGeSiSiSiSiSiSiSiSiSiSiSiSiSiGeSiGeGeGeGeGeSiSiGeGeSi
   -18164.2460937500 GeSiGeSiGeGeSiGeGeGeGeGeSiSiSiSiSiSiSiSiSiSiSiSiSiSiSiGeSiSiSiSiSiSiGeSiSiSiSiSiSiSiSiSiSiSiSiSiGeSiGeGeGeGeGeSiSiGeGeSi
   -18164.2460937500 GeSiGeSiGeGeSiGeGeGeGeGeSiSiSiSiSiSiSiSiSiSiSiSiSiSiSiGeSiSiSiSiSiSiGeSiSiSiSiSiSiSiSiSiSiSiSiSiGeSiGeGeGeGeGeSiSiGeGeSi
   -18164.2460937500 GeSiGeSiGeGeSiGeGeGeGeGeSiSiSiSiSiSiSiSiSiSiSiSiSiSiSiGeSiSiSiSiSiSiGeSiSiSiSiSiSiSiSiSiSiSiSiSiGeSiGeGeGeGeGeSiSiGeGeSi
   -18164.2460937500 GeSiGeSiGeGeSiGeGeGeGeGeSiSiSiSiSiSiSiSiSiSiSiSiSiSiSiGeSiSiSiSiSiSiGeSiSiSiSiSiSiSiSiSiSiSiSiSiGeSiGeGeGeGeGeSiSiGeGeSi
   -18164.2460937500 GeSiGeSiGeGeSiGeGeGeGeGeSiSiSiSiSiSiSiSiSiSiSiSiSiSiSiGeSiSiSiSiSiSiGeSiSiSiSiSiSiSiSiSiSiSiSiSiGeSiGeGeGeGeGeSiSiGeGeSi
   -18164.2460937500 GeSiGeSiGeGeSiGeGeGeGeGeSiSiSiSiSiSiSiSiSiSiSiSiSiSiSiGeSiSiSiSiSiSiGeSiSiSiSiSiSiSiSiSiSiSiSiSiGeSiGeGeGeGeGeSiSiGeGeSi
   -18164.2460937500 GeSiGeSiGeGeSiGeGeGeGeGeSiSiSiSiSiSiSiSiSiSiSiSiSiSiSiGeSiSiSiSiSiSiGeSiSiSiSiSiSiSiSiSiSiSiSiSiGeSiGeGeGeGeGeSiSiGeGeSi
   -18164.2460937500 GeSiGeSiGeGeSiGeGeGeGeGeSiSiSiSiSiSiSiSiSiSiSiSiSiSiSiGeSiSiSiSiSiSiGeSiSiSiSiSiSiSiSiSiSiSiSiSiGeSiGeGeGeGeGeSiSiGeGeSi
   -18164.2460937500 GeSiGeSiGeGeSiGeGeGeGeGeSiSiSiSiSiSiSiSiSiSiSiSiSiSiSiGeSiSiSiSiSiSiGeSiSiSiSiSiSiSiSiSiSiSiSiSiGeSiGeGeGeGeGeSiSiGeGeSi
   -18164.2460937500 GeSiGeSiGeGeSiGeGeGeGeGeSiSiSiSiSiSiSiSiSiSiSiSiSiSiSiGeSiSiSiSiSiSiGeSiSiSiSiSiSiSiSiSiSiSiSiSiGeSiGeGeGeGeGeSiSiGeGeSi
   -18164.2460937500 GeSiGeSiGeGeSiGeGeGeGeGeSiSiSiSiSiSiSiSiSiSiSiSiSiSiSiGeSiSiSiSiSiSiGeSiSiSiSiSiSiSiSiSiSiSiSiSiGeSiGeGeGeGeGeSiSiGeGeSi
   -18164.2460937500 GeSiGeSiGeGeSiGeGeGeGeGeSiSiSiSiSiSiSiSiSiSiSiSiSiSiSiGeSiSiSiSiSiSiGeSiSiSiSiSiSiSiSiSiSiSiSiSiGeSiGeGeGeGeGeSiSiGeGeSi
   -18164.2460937500 GeSiGeSiGeGeSiGeGeGeGeGeSiSiSiSiSiSiSiSiSiSiSiSiSiSiSiGeSiSiSiSiSiSiGeSiSiSiSiSiSiSiSiSiSiSiSiSiGeSiGeGeGeGeGeSiSiGeGeSi
   -18164.2460937500 GeSiGeSiGeGeSiGeGeGeGeGeSiSiSiSiSiSiSiSiSiSiSiSiSiSiSiGeSiSiSiSiSiSiGeSiSiSiSiSiSiSiSiSiSiSiSiSiGeSiGeGeGeGeGeSiSiGeGeSi
   -18164.2460937500 GeSiGeSiGeGeSiGeGeGeGeGeSiSiSiSiSiSiSiSiSiSiSiSiSiSiSiGeSiSiSiSiSiSiGeSiSiSiSiSiSiSiSiSiSiSiSiSiGeSiGeGeGeGeGeSiSiGeGeSi
   -18164.2460937500 GeSiGeSiGeGeSiGeGeGeGeGeSiSiSiSiSiSiSiSiSiSiSiSiSiSiSiGeSiSiSiSiSiSiGeSiSiSiSiSiSiSiSiSiSiSiSiSiGeSiGeGeGeGeGeSiSiGeGeSi
   -18164.2460937500 GeSiGeSiGeGeSiGeGeGeGeGeSiSiSiSiSiSiSiSiSiSiSiSiSiSiSiGeSiSiSiSiSiSiGeSiSiSiSiSiSiSiSiSiSiSiSiSiGeSiGeGeGeGeGeSiSiGeGeSi
   -18164.2460937500 GeSiGeSiGeGeSiGeGeGeGeGeSiSiSiSiSiSiSiSiSiSiSiSiSiSiSiGeSiSiSiSiSiSiGeSiSiSiSiSiSiSiSiSiSiSiSiSiGeSiGeGeGeGeGeSiSiGeGeSi
   -18164.2460937500 GeSiGeSiGeGeSiGeGeGeGeGeSiSiSiSiSiSiSiSiSiSiSiSiSiSiSiGeSiSiSiSiSiSiGeSiSiSiSiSiSiSiSiSiSiSiSiSiGeSiGeGeGeGeGeSiSiGeGeSi
   -18164.2460937500 GeSiGeSiGeGeSiGeGeGeGeGeSiSiSiSiSiSiSiSiSiSiSiSiSiSiSiGeSiSiSiSiSiSiGeSiSiSiSiSiSiSiSiSiSiSiSiSiGeSiGeGeGeGeGeSiSiGeGeSi
   -18164.2460937500 GeSiGeSiGeGeSiGeGeGeGeGeSiSiSiSiSiSiSiSiSiSiSiSiSiSiSiGeSiSiSiSiSiSiGeSiSiSiSiSiSiSiSiSiSiSiSiSiGeSiGeGeGeGeGeSiSiGeGeSi
   -18164.2460937500 GeSiGeSiGeGeSiGeGeGeGeGeSiSiSiSiSiSiSiSiSiSiSiSiSiSiSiGeSiSiSiSiSiSiGeSiSiSiSiSiSiSiSiSiSiSiSiSiGeSiGeGeGeGeGeSiSiGeGeSi
   -18164.2460937500 GeSiGeSiGeGeSiGeGeGeGeGeSiSiSiSiSiSiSiSiSiSiSiSiSiSiSiGeSiSiSiSiSiSiGeSiSiSiSiSiSiSiSiSiSiSiSiSiGeSiGeGeGeGeGeSiSiGeGeSi
   -18164.2460937500 GeSiGeSiGeGeSiGeGeGeGeGeSiSiSiSiSiSiSiSiSiSiSiSiSiSiSiGeSiSiSiSiSiSiGeSiSiSiSiSiSiSiSiSiSiSiSiSiGeSiGeGeGeGeGeSiSiGeGeSi
   -18164.2460937500 GeSiGeSiGeGeSiGeGeGeGeGeSiSiSiSiSiSiSiSiSiSiSiSiSiSiSiGeSiSiSiSiSiSiGeSiSiSiSiSiSiSiSiSiSiSiSiSiGeSiGeGeGeGeGeSiSiGeGeSi
   -18164.2460937500 GeSiGeSiGeGeSiGeGeGeGeGeSiSiSiSiSiSiSiSiSiSiSiSiSiSiSiGeSiSiSiSiSiSiGeSiSiSiSiSiSiSiSiSiSiSiSiSiGeSiGeGeGeGeGeSiSiGeGeSi
   -18164.2460937500 GeSiGeSiGeGeSiGeGeGeGeGeSiSiSiSiSiSiSiSiSiSiSiSiSiSiSiGeSiSiSiSiSiSiGeSiSiSiSiSiSiSiSiSiSiSiSiSiGeSiGeGeGeGeGeSiSiGeGeSi
   -18164.2460937500 GeSiGeSiGeGeSiGeGeGeGeGeSiSiSiSiSiSiSiSiSiSiSiSiSiSiSiGeSiSiSiSiSiSiGeSiSiSiSiSiSiSiSiSiSiSiSiSiGeSiGeGeGeGeGeSiSiGeGeSi
   -18164.2460937500 GeSiGeSiGeGeSiGeGeGeGeGeSiSiSiSiSiSiSiSiSiSiSiSiSiSiSiGeSiSiSiSiSiSiGeSiSiSiSiSiSiSiSiSiSiSiSiSiGeSiGeGeGeGeGeSiSiGeGeSi
   -18164.2460937500 GeSiGeSiGeGeSiGeGeGeGeGeSiSiSiSiSiSiSiSiSiSiSiSiSiSiSiGeSiSiSiSiSiSiGeSiSiSiSiSiSiSiSiSiSiSiSiSiGeSiGeGeGeGeGeSiSiGeGeSi
   -18164.2460937500 GeSiGeSiGeGeSiGeGeGeGeGeSiSiSiSiSiSiSiSiSiSiSiSiSiSiSiGeSiSiSiSiSiSiGeSiSiSiSiSiSiSiSiSiSiSiSiSiGeSiGeGeGeGeGeSiSiGeGeSi
   -18164.2460937500 GeSiGeSiGeGeSiGeGeGeGeGeSiSiSiSiSiSiSiSiSiSiSiSiSiSiSiGeSiSiSiSiSiSiGeSiSiSiSiSiSiSiSiSiSiSiSiSiGeSiGeGeGeGeGeSiSiGeGeSi
   -18164.2460937500 GeSiGeSiGeGeSiGeGeGeGeGeSiSiSiSiSiSiSiSiSiSiSiSiSiSiSiGeSiSiSiSiSiSiGeSiSiSiSiSiSiSiSiSiSiSiSiSiGeSiGeGeGeGeGeSiSiGeGeSi
   -18164.2460937500 GeSiGeSiGeGeSiGeGeGeGeGeSiSiSiSiSiSiSiSiSiSiSiSiSiSiSiGeSiSiSiSiSiSiGeSiSiSiSiSiSiSiSiSiSiSiSiSiGeSiGeGeGeGeGeSiSiGeGeSi
   -18164.2460937500 GeSiGeSiGeGeSiGeGeGeGeGeSiSiSiSiSiSiSiSiSiSiSiSiSiSiSiGeSiSiSiSiSiSiGeSiSiSiSiSiSiSiSiSiSiSiSiSiGeSiGeGeGeGeGeSiSiGeGeSi
   -18164.2460937500 GeSiGeSiGeGeSiGeGeGeGeGeSiSiSiSiSiSiSiSiSiSiSiSiSiSiSiGeSiSiSiSiSiSiGeSiSiSiSiSiSiSiSiSiSiSiSiSiGeSiGeGeGeGeGeSiSiGeGeSi
   -18164.2460937500 GeSiGeSiGeGeSiGeGeGeGeGeSiSiSiSiSiSiSiSiSiSiSiSiSiSiSiGeSiSiSiSiSiSiGeSiSiSiSiSiSiSiSiSiSiSiSiSiGeSiGeGeGeGeGeSiSiGeGeSi
   -18164.2460937500 GeSiGeSiGeGeSiGeGeGeGeGeSiSiSiSiSiSiSiSiSiSiSiSiSiSiSiGeSiSiSiSiSiSiGeSiSiSiSiSiSiSiSiSiSiSiSiSiGeSiGeGeGeGeGeSiSiGeGeSi
   -18164.2460937500 GeSiGeSiGeGeSiGeGeGeGeGeSiSiSiSiSiSiSiSiSiSiSiSiSiSiSiGeSiSiSiSiSiSiGeSiSiSiSiSiSiSiSiSiSiSiSiSiGeSiGeGeGeGeGeSiSiGeGeSi
   -18164.2460937500 GeSiGeSiGeGeSiGeGeGeGeGeSiSiSiSiSiSiSiSiSiSiSiSiSiSiSiGeSiSiSiSiSiSiGeSiSiSiSiSiSiSiSiSiSiSiSiSiGeSiGeGeGeGeGeSiSiGeGeSi
   -18164.2460937500 GeSiGeSiGeGeSiGeGeGeGeGeSiSiSiSiSiSiSiSiSiSiSiSiSiSiSiGeSiSiSiSiSiSiGeSiSiSiSiSiSiSiSiSiSiSiSiSiGeSiGeGeGeGeGeSiSiGeGeSi
   -18164.2460937500 GeSiGeSiGeGeSiGeGeGeGeGeSiSiSiSiSiSiSiSiSiSiSiSiSiSiSiGeSiSiSiSiSiSiGeSiSiSiSiSiSiSiSiSiSiSiSiSiGeSiGeGeGeGeGeSiSiGeGeSi
   -18164.2460937500 GeSiGeSiGeGeSiGeGeGeGeGeSiSiSiSiSiSiSiSiSiSiSiSiSiSiSiGeSiSiSiSiSiSiGeSiSiSiSiSiSiSiSiSiSiSiSiSiGeSiGeGeGeGeGeSiSiGeGeSi
   -18164.2460937500 GeSiGeSiGeGeSiGeGeGeGeGeSiSiSiSiSiSiSiSiSiSiSiSiSiSiSiGeSiSiSiSiSiSiGeSiSiSiSiSiSiSiSiSiSiSiSiSiGeSiGeGeGeGeGeSiSiGeGeSi
   -18164.2460937500 GeSiGeSiGeGeSiGeGeGeGeGeSiSiSiSiSiSiSiSiSiSiSiSiSiSiSiGeSiSiSiSiSiSiGeSiSiSiSiSiSiSiSiSiSiSiSiSiGeSiGeGeGeGeGeSiSiGeGeSi
   -18164.2460937500 GeSiGeSiGeGeSiGeGeGeGeGeSiSiSiSiSiSiSiSiSiSiSiSiSiSiSiGeSiSiSiSiSiSiGeSiSiSiSiSiSiSiSiSiSiSiSiSiGeSiGeGeGeGeGeSiSiGeGeSi
   -18164.2460937500 GeSiGeSiGeGeSiGeGeGeGeGeSiSiSiSiSiSiSiSiSiSiSiSiSiSiSiGeSiSiSiSiSiSiGeSiSiSiSiSiSiSiSiSiSiSiSiSiGeSiGeGeGeGeGeSiSiGeGeSi
   -18164.2460937500 GeSiGeSiGeGeSiGeGeGeGeGeSiSiSiSiSiSiSiSiSiSiSiSiSiSiSiGeSiSiSiSiSiSiGeSiSiSiSiSiSiSiSiSiSiSiSiSiGeSiGeGeGeGeGeSiSiGeGeSi
filename: c000000977925603.gin     
Cell:
    11.9020996    11.9020996    29.6919994    90.0000000    90.0000000   120.0000000
Box:
    11.9020996    -5.9510503     0.0000000
     0.0000000    10.3075209     0.0000000
     0.0000000     0.0000000    29.6919994
----------------------------------------
Inverse Box:
     0.0840188     0.0485083     0.0000000
     0.0000000     0.0970165     0.0000000
     0.0000000     0.0000000     0.0336791
----------------------------------------
==============================================
geometrical properties of  19 Ge:
 Configuration:           0
 D_ave:   9.35798836       3.49462271    
 D_min:   3.47138023      0.790219486    
 energia:  -18164.2461    
