Random Seed:   960388481
Number of atoms:    60
Space Group:    1
Cell:
    11.9020996    11.9020996    29.6919994    90.0000000    90.0000000   120.0000000
Box:
    11.9020996    -5.9510503     0.0000000
     0.0000000    10.3075209     0.0000000
     0.0000000     0.0000000    29.6919994
----------------------------------------
Inverse Box:
     0.0840188     0.0485083     0.0000000
     0.0000000     0.0970165     0.0000000
     0.0000000     0.0000000     0.0336791
----------------------------------------
GeSiSiSiSiSiSiSiSiSiSiSiSiSiSiSiSiSiSiSiSiSiSiSiSiSiSiSiSiSiSiSiSiSiSiSiSiSiSiSiSiSiSiSiSiSiSiSiSiSiSiSiSiGeSiSiSiSiSiSi
           1 Ge    -7732.97363    
GeGeSiSiSiSiSiSiSiSiSiSiSiSiSiSiSiSiSiSiSiSiSiSiSiSiSiSiSiSiSiSiSiSiSiSiSiSiSiSiSiSiSiSiSiSiSiSiSiSiSiSiSiGeSiSiSiSiSiSi
           2 Ge    -7726.94922    
GeGeGeSiSiSiSiSiSiSiSiSiSiSiSiSiSiSiSiSiSiSiSiSiSiSiSiSiSiSiSiSiSiSiSiSiSiSiSiSiSiSiSiSiSiSiSiSiSiSiSiSiSiGeSiSiSiSiSiSi
           3 Ge    -7727.71875    
GeGeGeGeSiSiSiSiSiSiSiSiSiSiSiSiSiSiSiSiSiSiSiSiSiSiSiSiSiSiSiSiSiSiSiSiSiSiSiSiSiSiSiSiSiSiSiSiSiSiSiSiSiGeSiSiSiSiSiSi
           4 Ge    -7765.55908    
GeGeGeGeGeSiSiSiSiSiSiSiSiSiSiSiSiSiSiSiSiSiSiSiSiSiSiSiSiSiSiSiSiSiSiSiSiSiSiSiSiSiSiSiSiSiSiSiSiSiSiSiSiGeSiSiSiSiSiSi
           5 Ge    -7828.46533    
GeGeGeGeGeSiGeSiSiSiSiSiSiSiSiSiSiSiSiSiSiSiSiSiSiSiSiSiSiSiSiSiSiSiSiSiSiSiSiSiSiSiSiSiSiSiSiSiSiSiSiSiSiGeSiSiSiSiSiSi
           7 Ge    -7923.07373    
GeGeGeGeGeSiGeGeSiSiSiSiSiSiSiSiSiSiSiSiSiSiSiSiSiSiSiSiSiSiSiSiSiSiSiSiSiSiSiSiSiSiSiSiSiSiSiSiSiSiSiSiSiGeSiSiSiSiSiSi
           8 Ge    -8100.50879    
GeGeGeGeGeSiGeGeSiSiSiGeSiSiSiSiSiSiSiSiSiSiSiSiSiSiSiSiSiSiSiSiSiSiSiSiSiSiSiSiSiSiSiSiSiSiSiSiSiSiSiSiSiGeSiSiSiSiSiSi
          12 Ge    -8379.52930    
GeGeGeGeGeSiGeGeSiSiSiGeSiSiSiGeSiSiSiSiSiSiSiSiSiSiSiSiSiSiSiSiSiSiSiSiSiSiSiSiSiSiSiSiSiSiSiSiSiSiSiSiSiGeSiSiSiSiSiSi
          16 Ge    -8727.16211    
GeGeGeGeGeSiGeGeSiSiSiGeSiSiSiGeSiSiSiSiSiSiSiSiSiGeSiSiSiSiSiSiSiSiSiSiSiSiSiSiSiSiSiSiSiSiSiSiSiSiSiSiSiGeSiSiSiSiSiSi
          26 Ge    -9130.72949    
GeGeGeGeGeSiGeGeSiSiSiGeSiSiSiGeSiSiSiSiSiSiSiSiSiGeSiSiSiGeSiSiSiSiSiSiSiSiSiSiSiSiSiSiSiSiSiSiSiSiSiSiSiGeSiSiSiSiSiSi
          30 Ge    -8839.18262    
GeGeGeGeGeSiGeGeSiSiSiGeSiSiSiGeSiSiSiSiSiSiSiSiSiGeSiSiSiGeSiSiGeSiSiSiSiSiSiSiSiSiSiSiSiSiSiSiSiSiSiSiSiGeSiSiSiSiSiSi
          33 Ge    -9361.91992    
GeGeGeGeGeSiGeGeSiSiSiGeSiSiSiGeSiSiSiSiSiSiSiSiSiGeSiSiSiGeSiSiGeSiSiGeSiSiSiSiSiSiSiSiSiSiSiSiSiSiSiSiSiGeSiSiSiSiSiSi
          36 Ge    -9932.45605    
GeGeGeGeGeSiGeGeSiSiSiGeSiSiSiGeSiSiSiSiSiSiSiSiSiGeSiSiSiGeSiSiGeSiSiGeSiSiGeSiSiSiSiSiSiSiSiSiSiSiSiSiSiGeSiSiSiSiSiSi
          39 Ge    -10570.3936    
GeGeGeGeGeSiGeGeSiSiSiGeSiSiSiGeSiSiSiSiSiSiSiSiSiGeSiSiSiGeSiSiGeSiSiGeSiSiGeGeSiSiSiSiSiSiSiSiSiSiSiSiSiGeSiSiSiSiSiSi
          40 Ge    -10769.2070    
GeGeGeGeGeSiGeGeSiSiSiGeSiSiSiGeSiSiSiSiSiSiSiSiSiGeSiSiSiGeSiSiGeSiSiGeSiSiGeGeSiGeSiSiSiSiSiSiSiSiSiSiSiGeSiSiSiSiSiSi
          42 Ge    -9025.74609    
GeGeGeGeGeSiGeGeSiSiSiGeSiSiSiGeSiSiSiSiSiSiSiSiSiGeSiSiSiGeSiSiGeSiSiGeSiSiGeGeSiGeSiSiGeSiSiSiSiSiSiSiSiGeSiSiSiSiSiSi
          45 Ge    -9552.40039    
GeGeGeGeGeSiGeGeSiSiSiGeSiSiSiGeSiSiSiSiSiSiSiSiSiGeSiSiSiGeSiSiGeSiSiGeSiSiGeGeSiGeSiSiGeGeSiSiSiSiSiSiSiGeSiSiSiSiSiSi
          46 Ge    -9954.49023    
GeGeGeGeGeSiGeGeSiSiSiGeSiSiSiGeSiSiSiSiSiSiSiSiSiGeSiSiSiGeSiSiGeSiSiGeSiSiGeGeSiGeSiSiGeGeSiSiSiSiSiSiSiGeSiSiGeSiSiSi
          57 Ge    -10930.3379    
==============================================
MonteCarlo: Metropolis with identity changes
Si > Ge, Ge > Si. STOP when occurrence <    0.00000
==============================================
Cost_function     Occurrence %     Scan-Cost
   -15153.1542968750 GeGeGeGeGeSiGeGeSiSiSiSiSiSiSiGeSiSiSiSiGeSiSiSiSiSiSiGeSiSiSiGeGeSiSiGeSiSiSiSiGeSiSiGeSiGeSiSiGeSiSiSiSiGeSiSiGeSiGeSi
   -15729.7890625000 GeGeSiGeGeSiGeGeSiSiGeSiSiSiSiGeSiSiSiSiGeSiSiSiSiSiSiSiSiSiSiGeGeSiSiGeSiSiSiSiGeSiSiGeSiGeSiSiGeSiSiGeSiGeSiSiGeSiGeSi
   -15729.7890625000 GeGeSiGeGeSiGeGeSiSiGeSiSiSiSiGeSiSiSiSiGeSiSiSiSiSiSiSiSiSiSiGeGeSiSiGeSiSiSiSiGeSiSiGeSiGeSiSiGeSiSiGeSiGeSiSiGeSiGeSi
   -17266.9687500000 SiGeSiGeSiGeGeGeSiSiGeSiSiSiSiSiSiSiSiSiGeSiSiSiSiSiSiSiSiGeSiGeSiSiGeSiSiSiGeSiGeSiSiSiSiGeSiSiGeGeSiGeGeGeGeSiSiSiGeSi
   -17748.0156250000 GeGeSiGeSiGeGeGeSiSiGeSiSiSiSiSiSiSiSiSiGeSiSiSiSiSiSiSiSiGeSiGeSiSiGeSiSiSiGeSiGeSiSiSiSiGeSiSiSiSiSiGeGeGeGeGeSiSiGeSi
   -17980.4062500000 GeGeSiGeSiGeGeGeSiGeGeSiSiSiSiSiSiSiSiSiGeSiSiSiSiSiSiSiSiGeSiGeSiSiSiSiSiSiGeSiGeSiSiSiGeSiSiSiSiSiSiGeGeGeGeGeSiSiGeSi
   -17980.4062500000 GeGeSiGeSiGeGeGeSiGeGeSiSiSiSiSiSiSiSiSiGeSiSiSiSiSiSiSiSiGeSiGeSiSiSiSiSiSiGeSiGeSiSiSiGeSiSiSiSiSiSiGeGeGeGeGeSiSiGeSi
   -17980.4062500000 GeGeSiGeSiGeGeGeSiGeGeSiSiSiSiSiSiSiSiSiGeSiSiSiSiSiSiSiSiGeSiGeSiSiSiSiSiSiGeSiGeSiSiSiGeSiSiSiSiSiSiGeGeGeGeGeSiSiGeSi
   -17980.4062500000 GeGeSiGeSiGeGeGeSiGeGeSiSiSiSiSiSiSiSiSiGeSiSiSiSiSiSiSiSiGeSiGeSiSiSiSiSiSiGeSiGeSiSiSiGeSiSiSiSiSiSiGeGeGeGeGeSiSiGeSi
   -17980.4062500000 GeGeSiGeSiGeGeGeSiGeGeSiSiSiSiSiSiSiSiSiGeSiSiSiSiSiSiSiSiGeSiGeSiSiSiSiSiSiGeSiGeSiSiSiGeSiSiSiSiSiSiGeGeGeGeGeSiSiGeSi
   -17980.4062500000 GeGeSiGeSiGeGeGeSiGeGeSiSiSiSiSiSiSiSiSiGeSiSiSiSiSiSiSiSiGeSiGeSiSiSiSiSiSiGeSiGeSiSiSiGeSiSiSiSiSiSiGeGeGeGeGeSiSiGeSi
   -17980.4062500000 GeGeSiGeSiGeGeGeSiGeGeSiSiSiSiSiSiSiSiSiGeSiSiSiSiSiSiSiSiGeSiGeSiSiSiSiSiSiGeSiGeSiSiSiGeSiSiSiSiSiSiGeGeGeGeGeSiSiGeSi
   -17980.4062500000 GeGeSiGeSiGeGeGeSiGeGeSiSiSiSiSiSiSiSiSiGeSiSiSiSiSiSiSiSiGeSiGeSiSiSiSiSiSiGeSiGeSiSiSiGeSiSiSiSiSiSiGeGeGeGeGeSiSiGeSi
   -17980.4062500000 GeGeSiGeSiGeGeGeSiGeGeSiSiSiSiSiSiSiSiSiGeSiSiSiSiSiSiSiSiGeSiGeSiSiSiSiSiSiGeSiGeSiSiSiGeSiSiSiSiSiSiGeGeGeGeGeSiSiGeSi
   -17980.4062500000 GeGeSiGeSiGeGeGeSiGeGeSiSiSiSiSiSiSiSiSiGeSiSiSiSiSiSiSiSiGeSiGeSiSiSiSiSiSiGeSiGeSiSiSiGeSiSiSiSiSiSiGeGeGeGeGeSiSiGeSi
   -17980.4062500000 GeGeSiGeSiGeGeGeSiGeGeSiSiSiSiSiSiSiSiSiGeSiSiSiSiSiSiSiSiGeSiGeSiSiSiSiSiSiGeSiGeSiSiSiGeSiSiSiSiSiSiGeGeGeGeGeSiSiGeSi
   -17980.4062500000 GeGeSiGeSiGeGeGeSiGeGeSiSiSiSiSiSiSiSiSiGeSiSiSiSiSiSiSiSiGeSiGeSiSiSiSiSiSiGeSiGeSiSiSiGeSiSiSiSiSiSiGeGeGeGeGeSiSiGeSi
   -18428.0742187500 GeGeSiGeGeGeGeGeSiGeGeSiSiSiSiGeSiSiSiSiGeSiSiSiSiSiSiSiSiSiSiSiSiSiSiSiSiSiGeSiGeSiSiSiGeSiSiSiSiSiSiGeGeGeSiGeSiSiGeGe
   -18428.0742187500 GeGeSiGeGeGeGeGeSiGeGeSiSiSiSiGeSiSiSiSiGeSiSiSiSiSiSiSiSiSiSiSiSiSiSiSiSiSiGeSiGeSiSiSiGeSiSiSiSiSiSiGeGeGeSiGeSiSiGeGe
   -18428.0742187500 GeGeSiGeGeGeGeGeSiGeGeSiSiSiSiGeSiSiSiSiGeSiSiSiSiSiSiSiSiSiSiSiSiSiSiSiSiSiGeSiGeSiSiSiGeSiSiSiSiSiSiGeGeGeSiGeSiSiGeGe
   -18428.0742187500 GeGeSiGeGeGeGeGeSiGeGeSiSiSiSiGeSiSiSiSiGeSiSiSiSiSiSiSiSiSiSiSiSiSiSiSiSiSiGeSiGeSiSiSiGeSiSiSiSiSiSiGeGeGeSiGeSiSiGeGe
   -18428.0742187500 GeGeSiGeGeGeGeGeSiGeGeSiSiSiSiGeSiSiSiSiGeSiSiSiSiSiSiSiSiSiSiSiSiSiSiSiSiSiGeSiGeSiSiSiGeSiSiSiSiSiSiGeGeGeSiGeSiSiGeGe
   -18428.0742187500 GeGeSiGeGeGeGeGeSiGeGeSiSiSiSiGeSiSiSiSiGeSiSiSiSiSiSiSiSiSiSiSiSiSiSiSiSiSiGeSiGeSiSiSiGeSiSiSiSiSiSiGeGeGeSiGeSiSiGeGe
   -18428.0742187500 GeGeSiGeGeGeGeGeSiGeGeSiSiSiSiGeSiSiSiSiGeSiSiSiSiSiSiSiSiSiSiSiSiSiSiSiSiSiGeSiGeSiSiSiGeSiSiSiSiSiSiGeGeGeSiGeSiSiGeGe
   -18502.1367187500 GeGeSiGeGeGeGeGeSiSiGeSiSiSiGeGeSiSiSiSiGeSiSiSiSiSiSiSiSiSiSiSiSiSiSiSiSiSiGeSiGeSiSiSiGeSiSiSiSiSiSiGeGeGeSiGeSiSiGeGe
   -18502.1367187500 GeGeSiGeGeGeGeGeSiSiGeSiSiSiGeGeSiSiSiSiGeSiSiSiSiSiSiSiSiSiSiSiSiSiSiSiSiSiGeSiGeSiSiSiGeSiSiSiSiSiSiGeGeGeSiGeSiSiGeGe
   -18502.1367187500 GeGeSiGeGeGeGeGeSiSiGeSiSiSiGeGeSiSiSiSiGeSiSiSiSiSiSiSiSiSiSiSiSiSiSiSiSiSiGeSiGeSiSiSiGeSiSiSiSiSiSiGeGeGeSiGeSiSiGeGe
   -18687.1796875000 GeGeSiGeGeGeGeGeSiSiGeSiSiSiGeGeSiSiSiSiGeSiSiSiSiSiSiSiSiSiSiSiSiSiSiSiSiSiGeSiGeSiSiSiSiSiSiSiGeSiSiGeGeGeSiGeSiSiGeGe
   -18687.1796875000 GeGeSiGeGeGeGeGeSiSiGeSiSiSiGeGeSiSiSiSiGeSiSiSiSiSiSiSiSiSiSiSiSiSiSiSiSiSiGeSiGeSiSiSiSiSiSiSiGeSiSiGeGeGeSiGeSiSiGeGe
   -18687.1796875000 GeGeSiGeGeGeGeGeSiSiGeSiSiSiGeGeSiSiSiSiGeSiSiSiSiSiSiSiSiSiSiSiSiSiSiSiSiSiGeSiGeSiSiSiSiSiSiSiGeSiSiGeGeGeSiGeSiSiGeGe
   -19216.8984375000 GeGeSiGeGeGeGeGeSiSiGeGeSiSiGeGeSiSiSiSiGeSiSiSiSiSiSiSiSiSiSiSiSiSiSiSiSiSiGeSiSiSiSiSiSiSiSiSiGeSiSiGeGeGeSiGeSiSiGeGe
   -19216.8984375000 GeGeSiGeGeGeGeGeSiSiGeGeSiSiGeGeSiSiSiSiGeSiSiSiSiSiSiSiSiSiSiSiSiSiSiSiSiSiGeSiSiSiSiSiSiSiSiSiGeSiSiGeGeGeSiGeSiSiGeGe
   -19216.8984375000 GeGeSiGeGeGeGeGeSiSiGeGeSiSiGeGeSiSiSiSiGeSiSiSiSiSiSiSiSiSiSiSiSiSiSiSiSiSiGeSiSiSiSiSiSiSiSiSiGeSiSiGeGeGeSiGeSiSiGeGe
   -19216.8984375000 GeGeSiGeGeGeGeGeSiSiGeGeSiSiGeGeSiSiSiSiGeSiSiSiSiSiSiSiSiSiSiSiSiSiSiSiSiSiGeSiSiSiSiSiSiSiSiSiGeSiSiGeGeGeSiGeSiSiGeGe
   -19216.8984375000 GeGeSiGeGeGeGeGeSiSiGeGeSiSiGeGeSiSiSiSiGeSiSiSiSiSiSiSiSiSiSiSiSiSiSiSiSiSiGeSiSiSiSiSiSiSiSiSiGeSiSiGeGeGeSiGeSiSiGeGe
   -19216.8984375000 GeGeSiGeGeGeGeGeSiSiGeGeSiSiGeGeSiSiSiSiGeSiSiSiSiSiSiSiSiSiSiSiSiSiSiSiSiSiGeSiSiSiSiSiSiSiSiSiGeSiSiGeGeGeSiGeSiSiGeGe
   -19216.8984375000 GeGeSiGeGeGeGeGeSiSiGeGeSiSiGeGeSiSiSiSiGeSiSiSiSiSiSiSiSiSiSiSiSiSiSiSiSiSiGeSiSiSiSiSiSiSiSiSiGeSiSiGeGeGeSiGeSiSiGeGe
   -19216.8984375000 GeGeSiGeGeGeGeGeSiSiGeGeSiSiGeGeSiSiSiSiGeSiSiSiSiSiSiSiSiSiSiSiSiSiSiSiSiSiGeSiSiSiSiSiSiSiSiSiGeSiSiGeGeGeSiGeSiSiGeGe
   -19216.8984375000 GeGeSiGeGeGeGeGeSiSiGeGeSiSiGeGeSiSiSiSiGeSiSiSiSiSiSiSiSiSiSiSiSiSiSiSiSiSiGeSiSiSiSiSiSiSiSiSiGeSiSiGeGeGeSiGeSiSiGeGe
   -19216.8984375000 GeGeSiGeGeGeGeGeSiSiGeGeSiSiGeGeSiSiSiSiGeSiSiSiSiSiSiSiSiSiSiSiSiSiSiSiSiSiGeSiSiSiSiSiSiSiSiSiGeSiSiGeGeGeSiGeSiSiGeGe
   -19216.8984375000 GeGeSiGeGeGeGeGeSiSiGeGeSiSiGeGeSiSiSiSiGeSiSiSiSiSiSiSiSiSiSiSiSiSiSiSiSiSiGeSiSiSiSiSiSiSiSiSiGeSiSiGeGeGeSiGeSiSiGeGe
   -19216.8984375000 GeGeSiGeGeGeGeGeSiSiGeGeSiSiGeGeSiSiSiSiGeSiSiSiSiSiSiSiSiSiSiSiSiSiSiSiSiSiGeSiSiSiSiSiSiSiSiSiGeSiSiGeGeGeSiGeSiSiGeGe
   -19249.0234375000 GeGeSiGeGeGeSiGeSiGeGeGeSiSiGeGeSiSiSiSiGeSiSiSiSiSiSiSiSiSiSiSiSiSiSiSiSiGeSiSiSiSiSiSiSiSiSiSiGeSiSiGeGeGeSiGeSiSiGeGe
   -19249.0234375000 GeGeSiGeGeGeSiGeSiGeGeGeSiSiGeGeSiSiSiSiGeSiSiSiSiSiSiSiSiSiSiSiSiSiSiSiSiGeSiSiSiSiSiSiSiSiSiSiGeSiSiGeGeGeSiGeSiSiGeGe
   -19249.0234375000 GeGeSiGeGeGeSiGeSiGeGeGeSiSiGeGeSiSiSiSiGeSiSiSiSiSiSiSiSiSiSiSiSiSiSiSiSiGeSiSiSiSiSiSiSiSiSiSiGeSiSiGeGeGeSiGeSiSiGeGe
   -19249.0234375000 GeGeSiGeGeGeSiGeSiGeGeGeSiSiGeGeSiSiSiSiGeSiSiSiSiSiSiSiSiSiSiSiSiSiSiSiSiGeSiSiSiSiSiSiSiSiSiSiGeSiSiGeGeGeSiGeSiSiGeGe
   -19249.0234375000 GeGeSiGeGeGeSiGeSiGeGeGeSiSiGeGeSiSiSiSiGeSiSiSiSiSiSiSiSiSiSiSiSiSiSiSiSiGeSiSiSiSiSiSiSiSiSiSiGeSiSiGeGeGeSiGeSiSiGeGe
   -19269.9531250000 GeGeSiGeGeGeSiGeSiGeGeGeSiSiGeGeSiSiSiSiGeSiSiSiSiSiSiSiSiSiSiSiSiSiSiSiSiGeSiSiSiSiSiSiSiSiSiSiSiSiSiGeGeGeGeGeSiSiGeGe
   -19269.9531250000 GeGeSiGeGeGeSiGeSiGeGeGeSiSiGeGeSiSiSiSiGeSiSiSiSiSiSiSiSiSiSiSiSiSiSiSiSiGeSiSiSiSiSiSiSiSiSiSiSiSiSiGeGeGeGeGeSiSiGeGe
   -19269.9531250000 GeGeSiGeGeGeSiGeSiGeGeGeSiSiGeGeSiSiSiSiGeSiSiSiSiSiSiSiSiSiSiSiSiSiSiSiSiGeSiSiSiSiSiSiSiSiSiSiSiSiSiGeGeGeGeGeSiSiGeGe
   -19269.9531250000 GeGeSiGeGeGeSiGeSiGeGeGeSiSiGeGeSiSiSiSiGeSiSiSiSiSiSiSiSiSiSiSiSiSiSiSiSiGeSiSiSiSiSiSiSiSiSiSiSiSiSiGeGeGeGeGeSiSiGeGe
   -19269.9531250000 GeGeSiGeGeGeSiGeSiGeGeGeSiSiGeGeSiSiSiSiGeSiSiSiSiSiSiSiSiSiSiSiSiSiSiSiSiGeSiSiSiSiSiSiSiSiSiSiSiSiSiGeGeGeGeGeSiSiGeGe
   -19269.9531250000 GeGeSiGeGeGeSiGeSiGeGeGeSiSiGeGeSiSiSiSiGeSiSiSiSiSiSiSiSiSiSiSiSiSiSiSiSiGeSiSiSiSiSiSiSiSiSiSiSiSiSiGeGeGeGeGeSiSiGeGe
   -19269.9531250000 GeGeSiGeGeGeSiGeSiGeGeGeSiSiGeGeSiSiSiSiGeSiSiSiSiSiSiSiSiSiSiSiSiSiSiSiSiGeSiSiSiSiSiSiSiSiSiSiSiSiSiGeGeGeGeGeSiSiGeGe
   -19269.9531250000 GeGeSiGeGeGeSiGeSiGeGeGeSiSiGeGeSiSiSiSiGeSiSiSiSiSiSiSiSiSiSiSiSiSiSiSiSiGeSiSiSiSiSiSiSiSiSiSiSiSiSiGeGeGeGeGeSiSiGeGe
   -19269.9531250000 GeGeSiGeGeGeSiGeSiGeGeGeSiSiGeGeSiSiSiSiGeSiSiSiSiSiSiSiSiSiSiSiSiSiSiSiSiGeSiSiSiSiSiSiSiSiSiSiSiSiSiGeGeGeGeGeSiSiGeGe
   -19269.9531250000 GeGeSiGeGeGeSiGeSiGeGeGeSiSiGeGeSiSiSiSiGeSiSiSiSiSiSiSiSiSiSiSiSiSiSiSiSiGeSiSiSiSiSiSiSiSiSiSiSiSiSiGeGeGeGeGeSiSiGeGe
   -19468.7812500000 GeGeSiGeGeGeSiGeSiGeGeGeSiSiGeGeSiSiSiSiGeSiSiSiSiSiSiSiSiSiSiSiSiSiSiSiSiGeSiSiSiSiSiSiSiSiSiSiSiSiSiGeSiGeGeGeSiGeGeGe
   -19468.7812500000 GeGeSiGeGeGeSiGeSiGeGeGeSiSiGeGeSiSiSiSiGeSiSiSiSiSiSiSiSiSiSiSiSiSiSiSiSiGeSiSiSiSiSiSiSiSiSiSiSiSiSiGeSiGeGeGeSiGeGeGe
   -19468.7812500000 GeGeSiGeGeGeSiGeSiGeGeGeSiSiGeGeSiSiSiSiGeSiSiSiSiSiSiSiSiSiSiSiSiSiSiSiSiGeSiSiSiSiSiSiSiSiSiSiSiSiSiGeSiGeGeGeSiGeGeGe
   -19468.7812500000 GeGeSiGeGeGeSiGeSiGeGeGeSiSiGeGeSiSiSiSiGeSiSiSiSiSiSiSiSiSiSiSiSiSiSiSiSiGeSiSiSiSiSiSiSiSiSiSiSiSiSiGeSiGeGeGeSiGeGeGe
   -19468.7812500000 GeGeSiGeGeGeSiGeSiGeGeGeSiSiGeGeSiSiSiSiGeSiSiSiSiSiSiSiSiSiSiSiSiSiSiSiSiGeSiSiSiSiSiSiSiSiSiSiSiSiSiGeSiGeGeGeSiGeGeGe
   -19468.7812500000 GeGeSiGeGeGeSiGeSiGeGeGeSiSiGeGeSiSiSiSiGeSiSiSiSiSiSiSiSiSiSiSiSiSiSiSiSiGeSiSiSiSiSiSiSiSiSiSiSiSiSiGeSiGeGeGeSiGeGeGe
   -19468.7812500000 GeGeSiGeGeGeSiGeSiGeGeGeSiSiGeGeSiSiSiSiGeSiSiSiSiSiSiSiSiSiSiSiSiSiSiSiSiGeSiSiSiSiSiSiSiSiSiSiSiSiSiGeSiGeGeGeSiGeGeGe
   -19468.7812500000 GeGeSiGeGeGeSiGeSiGeGeGeSiSiGeGeSiSiSiSiGeSiSiSiSiSiSiSiSiSiSiSiSiSiSiSiSiGeSiSiSiSiSiSiSiSiSiSiSiSiSiGeSiGeGeGeSiGeGeGe
   -19468.7812500000 GeGeSiGeGeGeSiGeSiGeGeGeSiSiGeGeSiSiSiSiGeSiSiSiSiSiSiSiSiSiSiSiSiSiSiSiSiGeSiSiSiSiSiSiSiSiSiSiSiSiSiGeSiGeGeGeSiGeGeGe
   -19468.7812500000 GeGeSiGeGeGeSiGeSiGeGeGeSiSiGeGeSiSiSiSiGeSiSiSiSiSiSiSiSiSiSiSiSiSiSiSiSiGeSiSiSiSiSiSiSiSiSiSiSiSiSiGeSiGeGeGeSiGeGeGe
   -19535.5390625000 GeGeSiGeGeGeSiGeSiGeGeGeSiSiGeGeSiSiSiSiSiSiSiSiSiSiSiSiSiSiSiSiSiSiSiSiSiGeSiSiGeSiSiSiSiSiSiSiSiSiSiGeSiGeGeGeSiGeGeGe
   -19535.5390625000 GeGeSiGeGeGeSiGeSiGeGeGeSiSiGeGeSiSiSiSiSiSiSiSiSiSiSiSiSiSiSiSiSiSiSiSiSiGeSiSiGeSiSiSiSiSiSiSiSiSiSiGeSiGeGeGeSiGeGeGe
   -19535.5390625000 GeGeSiGeGeGeSiGeSiGeGeGeSiSiGeGeSiSiSiSiSiSiSiSiSiSiSiSiSiSiSiSiSiSiSiSiSiGeSiSiGeSiSiSiSiSiSiSiSiSiSiGeSiGeGeGeSiGeGeGe
   -19535.5390625000 GeGeSiGeGeGeSiGeSiGeGeGeSiSiGeGeSiSiSiSiSiSiSiSiSiSiSiSiSiSiSiSiSiSiSiSiSiGeSiSiGeSiSiSiSiSiSiSiSiSiSiGeSiGeGeGeSiGeGeGe
   -19535.5390625000 GeGeSiGeGeGeSiGeSiGeGeGeSiSiGeGeSiSiSiSiSiSiSiSiSiSiSiSiSiSiSiSiSiSiSiSiSiGeSiSiGeSiSiSiSiSiSiSiSiSiSiGeSiGeGeGeSiGeGeGe
   -19535.5390625000 GeGeSiGeGeGeSiGeSiGeGeGeSiSiGeGeSiSiSiSiSiSiSiSiSiSiSiSiSiSiSiSiSiSiSiSiSiGeSiSiGeSiSiSiSiSiSiSiSiSiSiGeSiGeGeGeSiGeGeGe
   -19535.5390625000 GeGeSiGeGeGeSiGeSiGeGeGeSiSiGeGeSiSiSiSiSiSiSiSiSiSiSiSiSiSiSiSiSiSiSiSiSiGeSiSiGeSiSiSiSiSiSiSiSiSiSiGeSiGeGeGeSiGeGeGe
   -19535.5390625000 GeGeSiGeGeGeSiGeSiGeGeGeSiSiGeGeSiSiSiSiSiSiSiSiSiSiSiSiSiSiSiSiSiSiSiSiSiGeSiSiGeSiSiSiSiSiSiSiSiSiSiGeSiGeGeGeSiGeGeGe
   -19535.5390625000 GeGeSiGeGeGeSiGeSiGeGeGeSiSiGeGeSiSiSiSiSiSiSiSiSiSiSiSiSiSiSiSiSiSiSiSiSiGeSiSiGeSiSiSiSiSiSiSiSiSiSiGeSiGeGeGeSiGeGeGe
   -19535.5390625000 GeGeSiGeGeGeSiGeSiGeGeGeSiSiGeGeSiSiSiSiSiSiSiSiSiSiSiSiSiSiSiSiSiSiSiSiSiGeSiSiGeSiSiSiSiSiSiSiSiSiSiGeSiGeGeGeSiGeGeGe
   -19535.5390625000 GeGeSiGeGeGeSiGeSiGeGeGeSiSiGeGeSiSiSiSiSiSiSiSiSiSiSiSiSiSiSiSiSiSiSiSiSiGeSiSiGeSiSiSiSiSiSiSiSiSiSiGeSiGeGeGeSiGeGeGe
   -19535.5390625000 GeGeSiGeGeGeSiGeSiGeGeGeSiSiGeGeSiSiSiSiSiSiSiSiSiSiSiSiSiSiSiSiSiSiSiSiSiGeSiSiGeSiSiSiSiSiSiSiSiSiSiGeSiGeGeGeSiGeGeGe
   -19535.5390625000 GeGeSiGeGeGeSiGeSiGeGeGeSiSiGeGeSiSiSiSiSiSiSiSiSiSiSiSiSiSiSiSiSiSiSiSiSiGeSiSiGeSiSiSiSiSiSiSiSiSiSiGeSiGeGeGeSiGeGeGe
   -19535.5390625000 GeGeSiGeGeGeSiGeSiGeGeGeSiSiGeGeSiSiSiSiSiSiSiSiSiSiSiSiSiSiSiSiSiSiSiSiSiGeSiSiGeSiSiSiSiSiSiSiSiSiSiGeSiGeGeGeSiGeGeGe
   -19535.5390625000 GeGeSiGeGeGeSiGeSiGeGeGeSiSiGeGeSiSiSiSiSiSiSiSiSiSiSiSiSiSiSiSiSiSiSiSiSiGeSiSiGeSiSiSiSiSiSiSiSiSiSiGeSiGeGeGeSiGeGeGe
   -19535.5390625000 GeGeSiGeGeGeSiGeSiGeGeGeSiSiGeGeSiSiSiSiSiSiSiSiSiSiSiSiSiSiSiSiSiSiSiSiSiGeSiSiGeSiSiSiSiSiSiSiSiSiSiGeSiGeGeGeSiGeGeGe
   -19535.5390625000 GeGeSiGeGeGeSiGeSiGeGeGeSiSiGeGeSiSiSiSiSiSiSiSiSiSiSiSiSiSiSiSiSiSiSiSiSiGeSiSiGeSiSiSiSiSiSiSiSiSiSiGeSiGeGeGeSiGeGeGe
   -19535.5390625000 GeGeSiGeGeGeSiGeSiGeGeGeSiSiGeGeSiSiSiSiSiSiSiSiSiSiSiSiSiSiSiSiSiSiSiSiSiGeSiSiGeSiSiSiSiSiSiSiSiSiSiGeSiGeGeGeSiGeGeGe
   -19535.5390625000 GeGeSiGeGeGeSiGeSiGeGeGeSiSiGeGeSiSiSiSiSiSiSiSiSiSiSiSiSiSiSiSiSiSiSiSiSiGeSiSiGeSiSiSiSiSiSiSiSiSiSiGeSiGeGeGeSiGeGeGe
   -19535.5390625000 GeGeSiGeGeGeSiGeSiGeGeGeSiSiGeGeSiSiSiSiSiSiSiSiSiSiSiSiSiSiSiSiSiSiSiSiSiGeSiSiGeSiSiSiSiSiSiSiSiSiSiGeSiGeGeGeSiGeGeGe
   -19535.5390625000 GeGeSiGeGeGeSiGeSiGeGeGeSiSiGeGeSiSiSiSiSiSiSiSiSiSiSiSiSiSiSiSiSiSiSiSiSiGeSiSiGeSiSiSiSiSiSiSiSiSiSiGeSiGeGeGeSiGeGeGe
   -19535.5390625000 GeGeSiGeGeGeSiGeSiGeGeGeSiSiGeGeSiSiSiSiSiSiSiSiSiSiSiSiSiSiSiSiSiSiSiSiSiGeSiSiGeSiSiSiSiSiSiSiSiSiSiGeSiGeGeGeSiGeGeGe
   -19535.5390625000 GeGeSiGeGeGeSiGeSiGeGeGeSiSiGeGeSiSiSiSiSiSiSiSiSiSiSiSiSiSiSiSiSiSiSiSiSiGeSiSiGeSiSiSiSiSiSiSiSiSiSiGeSiGeGeGeSiGeGeGe
   -19535.5390625000 GeGeSiGeGeGeSiGeSiGeGeGeSiSiGeGeSiSiSiSiSiSiSiSiSiSiSiSiSiSiSiSiSiSiSiSiSiGeSiSiGeSiSiSiSiSiSiSiSiSiSiGeSiGeGeGeSiGeGeGe
   -19535.5390625000 GeGeSiGeGeGeSiGeSiGeGeGeSiSiGeGeSiSiSiSiSiSiSiSiSiSiSiSiSiSiSiSiSiSiSiSiSiGeSiSiGeSiSiSiSiSiSiSiSiSiSiGeSiGeGeGeSiGeGeGe
   -19535.5390625000 GeGeSiGeGeGeSiGeSiGeGeGeSiSiGeGeSiSiSiSiSiSiSiSiSiSiSiSiSiSiSiSiSiSiSiSiSiGeSiSiGeSiSiSiSiSiSiSiSiSiSiGeSiGeGeGeSiGeGeGe
   -19535.5390625000 GeGeSiGeGeGeSiGeSiGeGeGeSiSiGeGeSiSiSiSiSiSiSiSiSiSiSiSiSiSiSiSiSiSiSiSiSiGeSiSiGeSiSiSiSiSiSiSiSiSiSiGeSiGeGeGeSiGeGeGe
   -19535.5390625000 GeGeSiGeGeGeSiGeSiGeGeGeSiSiGeGeSiSiSiSiSiSiSiSiSiSiSiSiSiSiSiSiSiSiSiSiSiGeSiSiGeSiSiSiSiSiSiSiSiSiSiGeSiGeGeGeSiGeGeGe
   -19535.5390625000 GeGeSiGeGeGeSiGeSiGeGeGeSiSiGeGeSiSiSiSiSiSiSiSiSiSiSiSiSiSiSiSiSiSiSiSiSiGeSiSiGeSiSiSiSiSiSiSiSiSiSiGeSiGeGeGeSiGeGeGe
   -19535.5390625000 GeGeSiGeGeGeSiGeSiGeGeGeSiSiGeGeSiSiSiSiSiSiSiSiSiSiSiSiSiSiSiSiSiSiSiSiSiGeSiSiGeSiSiSiSiSiSiSiSiSiSiGeSiGeGeGeSiGeGeGe
   -19535.5390625000 GeGeSiGeGeGeSiGeSiGeGeGeSiSiGeGeSiSiSiSiSiSiSiSiSiSiSiSiSiSiSiSiSiSiSiSiSiGeSiSiGeSiSiSiSiSiSiSiSiSiSiGeSiGeGeGeSiGeGeGe
   -19535.5390625000 GeGeSiGeGeGeSiGeSiGeGeGeSiSiGeGeSiSiSiSiSiSiSiSiSiSiSiSiSiSiSiSiSiSiSiSiSiGeSiSiGeSiSiSiSiSiSiSiSiSiSiGeSiGeGeGeSiGeGeGe
   -19535.5390625000 GeGeSiGeGeGeSiGeSiGeGeGeSiSiGeGeSiSiSiSiSiSiSiSiSiSiSiSiSiSiSiSiSiSiSiSiSiGeSiSiGeSiSiSiSiSiSiSiSiSiSiGeSiGeGeGeSiGeGeGe
   -19535.5390625000 GeGeSiGeGeGeSiGeSiGeGeGeSiSiGeGeSiSiSiSiSiSiSiSiSiSiSiSiSiSiSiSiSiSiSiSiSiGeSiSiGeSiSiSiSiSiSiSiSiSiSiGeSiGeGeGeSiGeGeGe
   -19535.5390625000 GeGeSiGeGeGeSiGeSiGeGeGeSiSiGeGeSiSiSiSiSiSiSiSiSiSiSiSiSiSiSiSiSiSiSiSiSiGeSiSiGeSiSiSiSiSiSiSiSiSiSiGeSiGeGeGeSiGeGeGe
   -19535.5390625000 GeGeSiGeGeGeSiGeSiGeGeGeSiSiGeGeSiSiSiSiSiSiSiSiSiSiSiSiSiSiSiSiSiSiSiSiSiGeSiSiGeSiSiSiSiSiSiSiSiSiSiGeSiGeGeGeSiGeGeGe
   -19535.5390625000 GeGeSiGeGeGeSiGeSiGeGeGeSiSiGeGeSiSiSiSiSiSiSiSiSiSiSiSiSiSiSiSiSiSiSiSiSiGeSiSiGeSiSiSiSiSiSiSiSiSiSiGeSiGeGeGeSiGeGeGe
   -19535.5390625000 GeGeSiGeGeGeSiGeSiGeGeGeSiSiGeGeSiSiSiSiSiSiSiSiSiSiSiSiSiSiSiSiSiSiSiSiSiGeSiSiGeSiSiSiSiSiSiSiSiSiSiGeSiGeGeGeSiGeGeGe
   -19535.5390625000 GeGeSiGeGeGeSiGeSiGeGeGeSiSiGeGeSiSiSiSiSiSiSiSiSiSiSiSiSiSiSiSiSiSiSiSiSiGeSiSiGeSiSiSiSiSiSiSiSiSiSiGeSiGeGeGeSiGeGeGe
   -19535.5390625000 GeGeSiGeGeGeSiGeSiGeGeGeSiSiGeGeSiSiSiSiSiSiSiSiSiSiSiSiSiSiSiSiSiSiSiSiSiGeSiSiGeSiSiSiSiSiSiSiSiSiSiGeSiGeGeGeSiGeGeGe
   -19535.5390625000 GeGeSiGeGeGeSiGeSiGeGeGeSiSiGeGeSiSiSiSiSiSiSiSiSiSiSiSiSiSiSiSiSiSiSiSiSiGeSiSiGeSiSiSiSiSiSiSiSiSiSiGeSiGeGeGeSiGeGeGe
   -19535.5390625000 GeGeSiGeGeGeSiGeSiGeGeGeSiSiGeGeSiSiSiSiSiSiSiSiSiSiSiSiSiSiSiSiSiSiSiSiSiGeSiSiGeSiSiSiSiSiSiSiSiSiSiGeSiGeGeGeSiGeGeGe
   -19535.5390625000 GeGeSiGeGeGeSiGeSiGeGeGeSiSiGeGeSiSiSiSiSiSiSiSiSiSiSiSiSiSiSiSiSiSiSiSiSiGeSiSiGeSiSiSiSiSiSiSiSiSiSiGeSiGeGeGeSiGeGeGe
   -19535.5390625000 GeGeSiGeGeGeSiGeSiGeGeGeSiSiGeGeSiSiSiSiSiSiSiSiSiSiSiSiSiSiSiSiSiSiSiSiSiGeSiSiGeSiSiSiSiSiSiSiSiSiSiGeSiGeGeGeSiGeGeGe
   -19535.5390625000 GeGeSiGeGeGeSiGeSiGeGeGeSiSiGeGeSiSiSiSiSiSiSiSiSiSiSiSiSiSiSiSiSiSiSiSiSiGeSiSiGeSiSiSiSiSiSiSiSiSiSiGeSiGeGeGeSiGeGeGe
   -19535.5390625000 GeGeSiGeGeGeSiGeSiGeGeGeSiSiGeGeSiSiSiSiSiSiSiSiSiSiSiSiSiSiSiSiSiSiSiSiSiGeSiSiGeSiSiSiSiSiSiSiSiSiSiGeSiGeGeGeSiGeGeGe
   -19535.5390625000 GeGeSiGeGeGeSiGeSiGeGeGeSiSiGeGeSiSiSiSiSiSiSiSiSiSiSiSiSiSiSiSiSiSiSiSiSiGeSiSiGeSiSiSiSiSiSiSiSiSiSiGeSiGeGeGeSiGeGeGe
   -19535.5390625000 GeGeSiGeGeGeSiGeSiGeGeGeSiSiGeGeSiSiSiSiSiSiSiSiSiSiSiSiSiSiSiSiSiSiSiSiSiGeSiSiGeSiSiSiSiSiSiSiSiSiSiGeSiGeGeGeSiGeGeGe
   -19535.5390625000 GeGeSiGeGeGeSiGeSiGeGeGeSiSiGeGeSiSiSiSiSiSiSiSiSiSiSiSiSiSiSiSiSiSiSiSiSiGeSiSiGeSiSiSiSiSiSiSiSiSiSiGeSiGeGeGeSiGeGeGe
   -19535.5390625000 GeGeSiGeGeGeSiGeSiGeGeGeSiSiGeGeSiSiSiSiSiSiSiSiSiSiSiSiSiSiSiSiSiSiSiSiSiGeSiSiGeSiSiSiSiSiSiSiSiSiSiGeSiGeGeGeSiGeGeGe
   -19535.5390625000 GeGeSiGeGeGeSiGeSiGeGeGeSiSiGeGeSiSiSiSiSiSiSiSiSiSiSiSiSiSiSiSiSiSiSiSiSiGeSiSiGeSiSiSiSiSiSiSiSiSiSiGeSiGeGeGeSiGeGeGe
   -19535.5390625000 GeGeSiGeGeGeSiGeSiGeGeGeSiSiGeGeSiSiSiSiSiSiSiSiSiSiSiSiSiSiSiSiSiSiSiSiSiGeSiSiGeSiSiSiSiSiSiSiSiSiSiGeSiGeGeGeSiGeGeGe
   -19535.5390625000 GeGeSiGeGeGeSiGeSiGeGeGeSiSiGeGeSiSiSiSiSiSiSiSiSiSiSiSiSiSiSiSiSiSiSiSiSiGeSiSiGeSiSiSiSiSiSiSiSiSiSiGeSiGeGeGeSiGeGeGe
   -19535.5390625000 GeGeSiGeGeGeSiGeSiGeGeGeSiSiGeGeSiSiSiSiSiSiSiSiSiSiSiSiSiSiSiSiSiSiSiSiSiGeSiSiGeSiSiSiSiSiSiSiSiSiSiGeSiGeGeGeSiGeGeGe
   -19535.5390625000 GeGeSiGeGeGeSiGeSiGeGeGeSiSiGeGeSiSiSiSiSiSiSiSiSiSiSiSiSiSiSiSiSiSiSiSiSiGeSiSiGeSiSiSiSiSiSiSiSiSiSiGeSiGeGeGeSiGeGeGe
   -19535.5390625000 GeGeSiGeGeGeSiGeSiGeGeGeSiSiGeGeSiSiSiSiSiSiSiSiSiSiSiSiSiSiSiSiSiSiSiSiSiGeSiSiGeSiSiSiSiSiSiSiSiSiSiGeSiGeGeGeSiGeGeGe
   -19535.5390625000 GeGeSiGeGeGeSiGeSiGeGeGeSiSiGeGeSiSiSiSiSiSiSiSiSiSiSiSiSiSiSiSiSiSiSiSiSiGeSiSiGeSiSiSiSiSiSiSiSiSiSiGeSiGeGeGeSiGeGeGe
   -19535.5390625000 GeGeSiGeGeGeSiGeSiGeGeGeSiSiGeGeSiSiSiSiSiSiSiSiSiSiSiSiSiSiSiSiSiSiSiSiSiGeSiSiGeSiSiSiSiSiSiSiSiSiSiGeSiGeGeGeSiGeGeGe
   -19535.5390625000 GeGeSiGeGeGeSiGeSiGeGeGeSiSiGeGeSiSiSiSiSiSiSiSiSiSiSiSiSiSiSiSiSiSiSiSiSiGeSiSiGeSiSiSiSiSiSiSiSiSiSiGeSiGeGeGeSiGeGeGe
   -19535.5390625000 GeGeSiGeGeGeSiGeSiGeGeGeSiSiGeGeSiSiSiSiSiSiSiSiSiSiSiSiSiSiSiSiSiSiSiSiSiGeSiSiGeSiSiSiSiSiSiSiSiSiSiGeSiGeGeGeSiGeGeGe
   -19535.5390625000 GeGeSiGeGeGeSiGeSiGeGeGeSiSiGeGeSiSiSiSiSiSiSiSiSiSiSiSiSiSiSiSiSiSiSiSiSiGeSiSiGeSiSiSiSiSiSiSiSiSiSiGeSiGeGeGeSiGeGeGe
   -19535.5390625000 GeGeSiGeGeGeSiGeSiGeGeGeSiSiGeGeSiSiSiSiSiSiSiSiSiSiSiSiSiSiSiSiSiSiSiSiSiGeSiSiGeSiSiSiSiSiSiSiSiSiSiGeSiGeGeGeSiGeGeGe
   -19535.5390625000 GeGeSiGeGeGeSiGeSiGeGeGeSiSiGeGeSiSiSiSiSiSiSiSiSiSiSiSiSiSiSiSiSiSiSiSiSiGeSiSiGeSiSiSiSiSiSiSiSiSiSiGeSiGeGeGeSiGeGeGe
   -19535.5390625000 GeGeSiGeGeGeSiGeSiGeGeGeSiSiGeGeSiSiSiSiSiSiSiSiSiSiSiSiSiSiSiSiSiSiSiSiSiGeSiSiGeSiSiSiSiSiSiSiSiSiSiGeSiGeGeGeSiGeGeGe
   -19535.5390625000 GeGeSiGeGeGeSiGeSiGeGeGeSiSiGeGeSiSiSiSiSiSiSiSiSiSiSiSiSiSiSiSiSiSiSiSiSiGeSiSiGeSiSiSiSiSiSiSiSiSiSiGeSiGeGeGeSiGeGeGe
   -19535.5390625000 GeGeSiGeGeGeSiGeSiGeGeGeSiSiGeGeSiSiSiSiSiSiSiSiSiSiSiSiSiSiSiSiSiSiSiSiSiGeSiSiGeSiSiSiSiSiSiSiSiSiSiGeSiGeGeGeSiGeGeGe
   -19535.5390625000 GeGeSiGeGeGeSiGeSiGeGeGeSiSiGeGeSiSiSiSiSiSiSiSiSiSiSiSiSiSiSiSiSiSiSiSiSiGeSiSiGeSiSiSiSiSiSiSiSiSiSiGeSiGeGeGeSiGeGeGe
   -19535.5390625000 GeGeSiGeGeGeSiGeSiGeGeGeSiSiGeGeSiSiSiSiSiSiSiSiSiSiSiSiSiSiSiSiSiSiSiSiSiGeSiSiGeSiSiSiSiSiSiSiSiSiSiGeSiGeGeGeSiGeGeGe
   -19535.5390625000 GeGeSiGeGeGeSiGeSiGeGeGeSiSiGeGeSiSiSiSiSiSiSiSiSiSiSiSiSiSiSiSiSiSiSiSiSiGeSiSiGeSiSiSiSiSiSiSiSiSiSiGeSiGeGeGeSiGeGeGe
   -19535.5390625000 GeGeSiGeGeGeSiGeSiGeGeGeSiSiGeGeSiSiSiSiSiSiSiSiSiSiSiSiSiSiSiSiSiSiSiSiSiGeSiSiGeSiSiSiSiSiSiSiSiSiSiGeSiGeGeGeSiGeGeGe
   -19535.5390625000 GeGeSiGeGeGeSiGeSiGeGeGeSiSiGeGeSiSiSiSiSiSiSiSiSiSiSiSiSiSiSiSiSiSiSiSiSiGeSiSiGeSiSiSiSiSiSiSiSiSiSiGeSiGeGeGeSiGeGeGe
   -19535.5390625000 GeGeSiGeGeGeSiGeSiGeGeGeSiSiGeGeSiSiSiSiSiSiSiSiSiSiSiSiSiSiSiSiSiSiSiSiSiGeSiSiGeSiSiSiSiSiSiSiSiSiSiGeSiGeGeGeSiGeGeGe
   -19535.5390625000 GeGeSiGeGeGeSiGeSiGeGeGeSiSiGeGeSiSiSiSiSiSiSiSiSiSiSiSiSiSiSiSiSiSiSiSiSiGeSiSiGeSiSiSiSiSiSiSiSiSiSiGeSiGeGeGeSiGeGeGe
   -19535.5390625000 GeGeSiGeGeGeSiGeSiGeGeGeSiSiGeGeSiSiSiSiSiSiSiSiSiSiSiSiSiSiSiSiSiSiSiSiSiGeSiSiGeSiSiSiSiSiSiSiSiSiSiGeSiGeGeGeSiGeGeGe
   -19535.5390625000 GeGeSiGeGeGeSiGeSiGeGeGeSiSiGeGeSiSiSiSiSiSiSiSiSiSiSiSiSiSiSiSiSiSiSiSiSiGeSiSiGeSiSiSiSiSiSiSiSiSiSiGeSiGeGeGeSiGeGeGe
   -19535.5390625000 GeGeSiGeGeGeSiGeSiGeGeGeSiSiGeGeSiSiSiSiSiSiSiSiSiSiSiSiSiSiSiSiSiSiSiSiSiGeSiSiGeSiSiSiSiSiSiSiSiSiSiGeSiGeGeGeSiGeGeGe
   -19535.5390625000 GeGeSiGeGeGeSiGeSiGeGeGeSiSiGeGeSiSiSiSiSiSiSiSiSiSiSiSiSiSiSiSiSiSiSiSiSiGeSiSiGeSiSiSiSiSiSiSiSiSiSiGeSiGeGeGeSiGeGeGe
   -19535.5390625000 GeGeSiGeGeGeSiGeSiGeGeGeSiSiGeGeSiSiSiSiSiSiSiSiSiSiSiSiSiSiSiSiSiSiSiSiSiGeSiSiGeSiSiSiSiSiSiSiSiSiSiGeSiGeGeGeSiGeGeGe
   -19535.5390625000 GeGeSiGeGeGeSiGeSiGeGeGeSiSiGeGeSiSiSiSiSiSiSiSiSiSiSiSiSiSiSiSiSiSiSiSiSiGeSiSiGeSiSiSiSiSiSiSiSiSiSiGeSiGeGeGeSiGeGeGe
   -19535.5390625000 GeGeSiGeGeGeSiGeSiGeGeGeSiSiGeGeSiSiSiSiSiSiSiSiSiSiSiSiSiSiSiSiSiSiSiSiSiGeSiSiGeSiSiSiSiSiSiSiSiSiSiGeSiGeGeGeSiGeGeGe
   -19535.5390625000 GeGeSiGeGeGeSiGeSiGeGeGeSiSiGeGeSiSiSiSiSiSiSiSiSiSiSiSiSiSiSiSiSiSiSiSiSiGeSiSiGeSiSiSiSiSiSiSiSiSiSiGeSiGeGeGeSiGeGeGe
   -19535.5390625000 GeGeSiGeGeGeSiGeSiGeGeGeSiSiGeGeSiSiSiSiSiSiSiSiSiSiSiSiSiSiSiSiSiSiSiSiSiGeSiSiGeSiSiSiSiSiSiSiSiSiSiGeSiGeGeGeSiGeGeGe
   -19535.5390625000 GeGeSiGeGeGeSiGeSiGeGeGeSiSiGeGeSiSiSiSiSiSiSiSiSiSiSiSiSiSiSiSiSiSiSiSiSiGeSiSiGeSiSiSiSiSiSiSiSiSiSiGeSiGeGeGeSiGeGeGe
   -19535.5390625000 GeGeSiGeGeGeSiGeSiGeGeGeSiSiGeGeSiSiSiSiSiSiSiSiSiSiSiSiSiSiSiSiSiSiSiSiSiGeSiSiGeSiSiSiSiSiSiSiSiSiSiGeSiGeGeGeSiGeGeGe
   -19535.5390625000 GeGeSiGeGeGeSiGeSiGeGeGeSiSiGeGeSiSiSiSiSiSiSiSiSiSiSiSiSiSiSiSiSiSiSiSiSiGeSiSiGeSiSiSiSiSiSiSiSiSiSiGeSiGeGeGeSiGeGeGe
   -19535.5390625000 GeGeSiGeGeGeSiGeSiGeGeGeSiSiGeGeSiSiSiSiSiSiSiSiSiSiSiSiSiSiSiSiSiSiSiSiSiGeSiSiGeSiSiSiSiSiSiSiSiSiSiGeSiGeGeGeSiGeGeGe
   -19535.5390625000 GeGeSiGeGeGeSiGeSiGeGeGeSiSiGeGeSiSiSiSiSiSiSiSiSiSiSiSiSiSiSiSiSiSiSiSiSiGeSiSiGeSiSiSiSiSiSiSiSiSiSiGeSiGeGeGeSiGeGeGe
   -19535.5390625000 GeGeSiGeGeGeSiGeSiGeGeGeSiSiGeGeSiSiSiSiSiSiSiSiSiSiSiSiSiSiSiSiSiSiSiSiSiGeSiSiGeSiSiSiSiSiSiSiSiSiSiGeSiGeGeGeSiGeGeGe
   -19535.5390625000 GeGeSiGeGeGeSiGeSiGeGeGeSiSiGeGeSiSiSiSiSiSiSiSiSiSiSiSiSiSiSiSiSiSiSiSiSiGeSiSiGeSiSiSiSiSiSiSiSiSiSiGeSiGeGeGeSiGeGeGe
   -19535.5390625000 GeGeSiGeGeGeSiGeSiGeGeGeSiSiGeGeSiSiSiSiSiSiSiSiSiSiSiSiSiSiSiSiSiSiSiSiSiGeSiSiGeSiSiSiSiSiSiSiSiSiSiGeSiGeGeGeSiGeGeGe
   -19535.5390625000 GeGeSiGeGeGeSiGeSiGeGeGeSiSiGeGeSiSiSiSiSiSiSiSiSiSiSiSiSiSiSiSiSiSiSiSiSiGeSiSiGeSiSiSiSiSiSiSiSiSiSiGeSiGeGeGeSiGeGeGe
   -19535.5390625000 GeGeSiGeGeGeSiGeSiGeGeGeSiSiGeGeSiSiSiSiSiSiSiSiSiSiSiSiSiSiSiSiSiSiSiSiSiGeSiSiGeSiSiSiSiSiSiSiSiSiSiGeSiGeGeGeSiGeGeGe
   -19535.5390625000 GeGeSiGeGeGeSiGeSiGeGeGeSiSiGeGeSiSiSiSiSiSiSiSiSiSiSiSiSiSiSiSiSiSiSiSiSiGeSiSiGeSiSiSiSiSiSiSiSiSiSiGeSiGeGeGeSiGeGeGe
   -19535.5390625000 GeGeSiGeGeGeSiGeSiGeGeGeSiSiGeGeSiSiSiSiSiSiSiSiSiSiSiSiSiSiSiSiSiSiSiSiSiGeSiSiGeSiSiSiSiSiSiSiSiSiSiGeSiGeGeGeSiGeGeGe
   -19535.5390625000 GeGeSiGeGeGeSiGeSiGeGeGeSiSiGeGeSiSiSiSiSiSiSiSiSiSiSiSiSiSiSiSiSiSiSiSiSiGeSiSiGeSiSiSiSiSiSiSiSiSiSiGeSiGeGeGeSiGeGeGe
   -19535.5390625000 GeGeSiGeGeGeSiGeSiGeGeGeSiSiGeGeSiSiSiSiSiSiSiSiSiSiSiSiSiSiSiSiSiSiSiSiSiGeSiSiGeSiSiSiSiSiSiSiSiSiSiGeSiGeGeGeSiGeGeGe
   -19535.5390625000 GeGeSiGeGeGeSiGeSiGeGeGeSiSiGeGeSiSiSiSiSiSiSiSiSiSiSiSiSiSiSiSiSiSiSiSiSiGeSiSiGeSiSiSiSiSiSiSiSiSiSiGeSiGeGeGeSiGeGeGe
   -19535.5390625000 GeGeSiGeGeGeSiGeSiGeGeGeSiSiGeGeSiSiSiSiSiSiSiSiSiSiSiSiSiSiSiSiSiSiSiSiSiGeSiSiGeSiSiSiSiSiSiSiSiSiSiGeSiGeGeGeSiGeGeGe
   -19535.5390625000 GeGeSiGeGeGeSiGeSiGeGeGeSiSiGeGeSiSiSiSiSiSiSiSiSiSiSiSiSiSiSiSiSiSiSiSiSiGeSiSiGeSiSiSiSiSiSiSiSiSiSiGeSiGeGeGeSiGeGeGe
   -19535.5390625000 GeGeSiGeGeGeSiGeSiGeGeGeSiSiGeGeSiSiSiSiSiSiSiSiSiSiSiSiSiSiSiSiSiSiSiSiSiGeSiSiGeSiSiSiSiSiSiSiSiSiSiGeSiGeGeGeSiGeGeGe
   -19535.5390625000 GeGeSiGeGeGeSiGeSiGeGeGeSiSiGeGeSiSiSiSiSiSiSiSiSiSiSiSiSiSiSiSiSiSiSiSiSiGeSiSiGeSiSiSiSiSiSiSiSiSiSiGeSiGeGeGeSiGeGeGe
   -19535.5390625000 GeGeSiGeGeGeSiGeSiGeGeGeSiSiGeGeSiSiSiSiSiSiSiSiSiSiSiSiSiSiSiSiSiSiSiSiSiGeSiSiGeSiSiSiSiSiSiSiSiSiSiGeSiGeGeGeSiGeGeGe
   -19535.5390625000 GeGeSiGeGeGeSiGeSiGeGeGeSiSiGeGeSiSiSiSiSiSiSiSiSiSiSiSiSiSiSiSiSiSiSiSiSiGeSiSiGeSiSiSiSiSiSiSiSiSiSiGeSiGeGeGeSiGeGeGe
   -19535.5390625000 GeGeSiGeGeGeSiGeSiGeGeGeSiSiGeGeSiSiSiSiSiSiSiSiSiSiSiSiSiSiSiSiSiSiSiSiSiGeSiSiGeSiSiSiSiSiSiSiSiSiSiGeSiGeGeGeSiGeGeGe
   -19535.5390625000 GeGeSiGeGeGeSiGeSiGeGeGeSiSiGeGeSiSiSiSiSiSiSiSiSiSiSiSiSiSiSiSiSiSiSiSiSiGeSiSiGeSiSiSiSiSiSiSiSiSiSiGeSiGeGeGeSiGeGeGe
   -19535.5390625000 GeGeSiGeGeGeSiGeSiGeGeGeSiSiGeGeSiSiSiSiSiSiSiSiSiSiSiSiSiSiSiSiSiSiSiSiSiGeSiSiGeSiSiSiSiSiSiSiSiSiSiGeSiGeGeGeSiGeGeGe
   -19535.5390625000 GeGeSiGeGeGeSiGeSiGeGeGeSiSiGeGeSiSiSiSiSiSiSiSiSiSiSiSiSiSiSiSiSiSiSiSiSiGeSiSiGeSiSiSiSiSiSiSiSiSiSiGeSiGeGeGeSiGeGeGe
   -19535.5390625000 GeGeSiGeGeGeSiGeSiGeGeGeSiSiGeGeSiSiSiSiSiSiSiSiSiSiSiSiSiSiSiSiSiSiSiSiSiGeSiSiGeSiSiSiSiSiSiSiSiSiSiGeSiGeGeGeSiGeGeGe
   -19535.5390625000 GeGeSiGeGeGeSiGeSiGeGeGeSiSiGeGeSiSiSiSiSiSiSiSiSiSiSiSiSiSiSiSiSiSiSiSiSiGeSiSiGeSiSiSiSiSiSiSiSiSiSiGeSiGeGeGeSiGeGeGe
   -19535.5390625000 GeGeSiGeGeGeSiGeSiGeGeGeSiSiGeGeSiSiSiSiSiSiSiSiSiSiSiSiSiSiSiSiSiSiSiSiSiGeSiSiGeSiSiSiSiSiSiSiSiSiSiGeSiGeGeGeSiGeGeGe
   -19535.5390625000 GeGeSiGeGeGeSiGeSiGeGeGeSiSiGeGeSiSiSiSiSiSiSiSiSiSiSiSiSiSiSiSiSiSiSiSiSiGeSiSiGeSiSiSiSiSiSiSiSiSiSiGeSiGeGeGeSiGeGeGe
   -19535.5390625000 GeGeSiGeGeGeSiGeSiGeGeGeSiSiGeGeSiSiSiSiSiSiSiSiSiSiSiSiSiSiSiSiSiSiSiSiSiGeSiSiGeSiSiSiSiSiSiSiSiSiSiGeSiGeGeGeSiGeGeGe
   -19535.5390625000 GeGeSiGeGeGeSiGeSiGeGeGeSiSiGeGeSiSiSiSiSiSiSiSiSiSiSiSiSiSiSiSiSiSiSiSiSiGeSiSiGeSiSiSiSiSiSiSiSiSiSiGeSiGeGeGeSiGeGeGe
   -19535.5390625000 GeGeSiGeGeGeSiGeSiGeGeGeSiSiGeGeSiSiSiSiSiSiSiSiSiSiSiSiSiSiSiSiSiSiSiSiSiGeSiSiGeSiSiSiSiSiSiSiSiSiSiGeSiGeGeGeSiGeGeGe
   -19535.5390625000 GeGeSiGeGeGeSiGeSiGeGeGeSiSiGeGeSiSiSiSiSiSiSiSiSiSiSiSiSiSiSiSiSiSiSiSiSiGeSiSiGeSiSiSiSiSiSiSiSiSiSiGeSiGeGeGeSiGeGeGe
   -19535.5390625000 GeGeSiGeGeGeSiGeSiGeGeGeSiSiGeGeSiSiSiSiSiSiSiSiSiSiSiSiSiSiSiSiSiSiSiSiSiGeSiSiGeSiSiSiSiSiSiSiSiSiSiGeSiGeGeGeSiGeGeGe
   -19535.5390625000 GeGeSiGeGeGeSiGeSiGeGeGeSiSiGeGeSiSiSiSiSiSiSiSiSiSiSiSiSiSiSiSiSiSiSiSiSiGeSiSiGeSiSiSiSiSiSiSiSiSiSiGeSiGeGeGeSiGeGeGe
   -19535.5390625000 GeGeSiGeGeGeSiGeSiGeGeGeSiSiGeGeSiSiSiSiSiSiSiSiSiSiSiSiSiSiSiSiSiSiSiSiSiGeSiSiGeSiSiSiSiSiSiSiSiSiSiGeSiGeGeGeSiGeGeGe
   -19535.5390625000 GeGeSiGeGeGeSiGeSiGeGeGeSiSiGeGeSiSiSiSiSiSiSiSiSiSiSiSiSiSiSiSiSiSiSiSiSiGeSiSiGeSiSiSiSiSiSiSiSiSiSiGeSiGeGeGeSiGeGeGe
   -19535.5390625000 GeGeSiGeGeGeSiGeSiGeGeGeSiSiGeGeSiSiSiSiSiSiSiSiSiSiSiSiSiSiSiSiSiSiSiSiSiGeSiSiGeSiSiSiSiSiSiSiSiSiSiGeSiGeGeGeSiGeGeGe
   -19535.5390625000 GeGeSiGeGeGeSiGeSiGeGeGeSiSiGeGeSiSiSiSiSiSiSiSiSiSiSiSiSiSiSiSiSiSiSiSiSiGeSiSiGeSiSiSiSiSiSiSiSiSiSiGeSiGeGeGeSiGeGeGe
   -19535.5390625000 GeGeSiGeGeGeSiGeSiGeGeGeSiSiGeGeSiSiSiSiSiSiSiSiSiSiSiSiSiSiSiSiSiSiSiSiSiGeSiSiGeSiSiSiSiSiSiSiSiSiSiGeSiGeGeGeSiGeGeGe
   -19535.5390625000 GeGeSiGeGeGeSiGeSiGeGeGeSiSiGeGeSiSiSiSiSiSiSiSiSiSiSiSiSiSiSiSiSiSiSiSiSiGeSiSiGeSiSiSiSiSiSiSiSiSiSiGeSiGeGeGeSiGeGeGe
   -19535.5390625000 GeGeSiGeGeGeSiGeSiGeGeGeSiSiGeGeSiSiSiSiSiSiSiSiSiSiSiSiSiSiSiSiSiSiSiSiSiGeSiSiGeSiSiSiSiSiSiSiSiSiSiGeSiGeGeGeSiGeGeGe
   -19535.5390625000 GeGeSiGeGeGeSiGeSiGeGeGeSiSiGeGeSiSiSiSiSiSiSiSiSiSiSiSiSiSiSiSiSiSiSiSiSiGeSiSiGeSiSiSiSiSiSiSiSiSiSiGeSiGeGeGeSiGeGeGe
   -19535.5390625000 GeGeSiGeGeGeSiGeSiGeGeGeSiSiGeGeSiSiSiSiSiSiSiSiSiSiSiSiSiSiSiSiSiSiSiSiSiGeSiSiGeSiSiSiSiSiSiSiSiSiSiGeSiGeGeGeSiGeGeGe
   -19535.5390625000 GeGeSiGeGeGeSiGeSiGeGeGeSiSiGeGeSiSiSiSiSiSiSiSiSiSiSiSiSiSiSiSiSiSiSiSiSiGeSiSiGeSiSiSiSiSiSiSiSiSiSiGeSiGeGeGeSiGeGeGe
   -19535.5390625000 GeGeSiGeGeGeSiGeSiGeGeGeSiSiGeGeSiSiSiSiSiSiSiSiSiSiSiSiSiSiSiSiSiSiSiSiSiGeSiSiGeSiSiSiSiSiSiSiSiSiSiGeSiGeGeGeSiGeGeGe
   -19535.5390625000 GeGeSiGeGeGeSiGeSiGeGeGeSiSiGeGeSiSiSiSiSiSiSiSiSiSiSiSiSiSiSiSiSiSiSiSiSiGeSiSiGeSiSiSiSiSiSiSiSiSiSiGeSiGeGeGeSiGeGeGe
   -19535.5390625000 GeGeSiGeGeGeSiGeSiGeGeGeSiSiGeGeSiSiSiSiSiSiSiSiSiSiSiSiSiSiSiSiSiSiSiSiSiGeSiSiGeSiSiSiSiSiSiSiSiSiSiGeSiGeGeGeSiGeGeGe
   -19535.5390625000 GeGeSiGeGeGeSiGeSiGeGeGeSiSiGeGeSiSiSiSiSiSiSiSiSiSiSiSiSiSiSiSiSiSiSiSiSiGeSiSiGeSiSiSiSiSiSiSiSiSiSiGeSiGeGeGeSiGeGeGe
   -19535.5390625000 GeGeSiGeGeGeSiGeSiGeGeGeSiSiGeGeSiSiSiSiSiSiSiSiSiSiSiSiSiSiSiSiSiSiSiSiSiGeSiSiGeSiSiSiSiSiSiSiSiSiSiGeSiGeGeGeSiGeGeGe
   -19535.5390625000 GeGeSiGeGeGeSiGeSiGeGeGeSiSiGeGeSiSiSiSiSiSiSiSiSiSiSiSiSiSiSiSiSiSiSiSiSiGeSiSiGeSiSiSiSiSiSiSiSiSiSiGeSiGeGeGeSiGeGeGe
   -19535.5390625000 GeGeSiGeGeGeSiGeSiGeGeGeSiSiGeGeSiSiSiSiSiSiSiSiSiSiSiSiSiSiSiSiSiSiSiSiSiGeSiSiGeSiSiSiSiSiSiSiSiSiSiGeSiGeGeGeSiGeGeGe
filename: c000001020608575.gin     
Cell:
    11.9020996    11.9020996    29.6919994    90.0000000    90.0000000   120.0000000
Box:
    11.9020996    -5.9510503     0.0000000
     0.0000000    10.3075209     0.0000000
     0.0000000     0.0000000    29.6919994
----------------------------------------
Inverse Box:
     0.0840188     0.0485083     0.0000000
     0.0000000     0.0970165     0.0000000
     0.0000000     0.0000000     0.0336791
----------------------------------------
==============================================
geometrical properties of  20 Ge:
 Configuration:           0
 D_ave:   9.35976791       3.42789292    
 D_min:   3.43191767      0.716038764    
 energia:  -19535.5391    
