Random Seed:  1025308621
Number of atoms:    60
Space Group:    1
Cell:
    11.9020996    11.9020996    29.6919994    90.0000000    90.0000000   120.0000000
Box:
    11.9020996    -5.9510503     0.0000000
     0.0000000    10.3075209     0.0000000
     0.0000000     0.0000000    29.6919994
----------------------------------------
Inverse Box:
     0.0840188     0.0485083     0.0000000
     0.0000000     0.0970165     0.0000000
     0.0000000     0.0000000     0.0336791
----------------------------------------
GeSiSiSiSiSiSiSiSiSiSiSiSiSiSiSiSiSiGeSiSiSiSiSiSiSiSiSiSiSiSiSiSiSiSiSiSiSiSiSiSiSiSiSiSiSiSiSiSiSiSiSiSiSiSiSiSiSiSiSi
           1 Ge    -7733.11670    
GeGeSiSiSiSiSiSiSiSiSiSiSiSiSiSiSiSiGeSiSiSiSiSiSiSiSiSiSiSiSiSiSiSiSiSiSiSiSiSiSiSiSiSiSiSiSiSiSiSiSiSiSiSiSiSiSiSiSiSi
           2 Ge    -7727.16553    
GeGeSiGeSiSiSiSiSiSiSiSiSiSiSiSiSiSiGeSiSiSiSiSiSiSiSiSiSiSiSiSiSiSiSiSiSiSiSiSiSiSiSiSiSiSiSiSiSiSiSiSiSiSiSiSiSiSiSiSi
           4 Ge    -7734.04297    
GeGeSiGeGeSiSiSiSiSiSiSiSiSiSiSiSiSiGeSiSiSiSiSiSiSiSiSiSiSiSiSiSiSiSiSiSiSiSiSiSiSiSiSiSiSiSiSiSiSiSiSiSiSiSiSiSiSiSiSi
           5 Ge    -7752.05762    
GeGeSiGeGeGeSiSiSiSiSiSiSiSiSiSiSiSiGeSiSiSiSiSiSiSiSiSiSiSiSiSiSiSiSiSiSiSiSiSiSiSiSiSiSiSiSiSiSiSiSiSiSiSiSiSiSiSiSiSi
           6 Ge    -7787.14844    
GeGeSiGeGeGeGeSiSiSiSiSiSiSiSiSiSiSiGeSiSiSiSiSiSiSiSiSiSiSiSiSiSiSiSiSiSiSiSiSiSiSiSiSiSiSiSiSiSiSiSiSiSiSiSiSiSiSiSiSi
           7 Ge    -7429.62695    
GeGeSiGeGeGeGeGeSiSiSiSiSiSiSiSiSiSiGeSiSiSiSiSiSiSiSiSiSiSiSiSiSiSiSiSiSiSiSiSiSiSiSiSiSiSiSiSiSiSiSiSiSiSiSiSiSiSiSiSi
           8 Ge    -7572.44824    
GeGeSiGeGeGeGeGeSiSiSiGeSiSiSiSiSiSiGeSiSiSiSiSiSiSiSiSiSiSiSiSiSiSiSiSiSiSiSiSiSiSiSiSiSiSiSiSiSiSiSiSiSiSiSiSiSiSiSiSi
          12 Ge    -7821.77881    
GeGeSiGeGeGeGeGeSiSiSiGeSiSiSiGeSiSiGeSiSiSiSiSiSiSiSiSiSiSiSiSiSiSiSiSiSiSiSiSiSiSiSiSiSiSiSiSiSiSiSiSiSiSiSiSiSiSiSiSi
          16 Ge    -7208.05518    
GeGeSiGeGeGeGeGeSiSiSiGeSiSiSiGeSiSiGeSiSiSiSiSiSiGeSiSiSiSiSiSiSiSiSiSiSiSiSiSiSiSiSiSiSiSiSiSiSiSiSiSiSiSiSiSiSiSiSiSi
          26 Ge    -6819.31982    
GeGeSiGeGeGeGeGeSiSiSiGeSiSiSiGeSiSiGeSiSiSiSiSiSiGeSiSiSiGeSiSiSiSiSiSiSiSiSiSiSiSiSiSiSiSiSiSiSiSiSiSiSiSiSiSiSiSiSiSi
          30 Ge    -6762.52734    
GeGeSiGeGeGeGeGeSiSiSiGeSiSiSiGeSiSiGeSiSiSiSiSiSiGeSiSiSiGeSiSiGeSiSiSiSiSiSiSiSiSiSiSiSiSiSiSiSiSiSiSiSiSiSiSiSiSiSiSi
          33 Ge    -7218.07031    
GeGeSiGeGeGeGeGeSiSiSiGeSiSiSiGeSiSiGeSiSiSiSiSiSiGeSiSiSiGeSiSiGeSiSiGeSiSiSiSiSiSiSiSiSiSiSiSiSiSiSiSiSiSiSiSiSiSiSiSi
          36 Ge    -6207.67432    
GeGeSiGeGeGeGeGeSiSiSiGeSiSiSiGeSiSiGeSiSiSiSiSiSiGeSiSiSiGeSiSiGeSiSiGeSiSiGeSiSiSiSiSiSiSiSiSiSiSiSiSiSiSiSiSiSiSiSiSi
          39 Ge    -6665.80469    
GeGeSiGeGeGeGeGeSiSiSiGeSiSiSiGeSiSiGeSiSiSiSiSiSiGeSiSiSiGeSiSiGeSiSiGeSiSiGeSiSiGeSiSiSiSiSiSiSiSiSiSiSiSiSiSiSiSiSiSi
          42 Ge    -5092.31689    
GeGeSiGeGeGeGeGeSiSiSiGeSiSiSiGeSiSiGeSiSiSiSiSiSiGeSiSiSiGeSiSiGeSiSiGeSiSiGeSiSiGeSiSiGeSiSiSiSiSiSiSiSiSiSiSiSiSiSiSi
          45 Ge    -5757.38379    
GeGeSiGeGeGeGeGeSiSiSiGeSiSiSiGeSiSiGeSiSiSiSiSiSiGeSiSiSiGeSiSiGeSiSiGeSiSiGeSiSiGeSiSiGeGeSiSiSiSiSiSiSiSiSiSiSiSiSiSi
          46 Ge    -5898.07373    
GeGeSiGeGeGeGeGeSiSiSiGeSiSiSiGeSiSiGeSiSiSiSiSiSiGeSiSiSiGeSiSiGeSiSiGeSiSiGeSiSiGeSiSiGeGeSiSiSiSiSiSiSiSiSiSiGeSiSiSi
          57 Ge    -7164.04883    
GeGeGeGeGeGeGeGeSiSiSiGeSiSiSiGeSiSiGeSiSiSiSiSiSiGeSiSiSiGeSiSiGeSiSiGeSiSiGeSiSiGeSiSiGeGeSiSiSiSiSiSiSiSiSiSiGeSiSiSi
           3 Ge    -7882.68945    
==============================================
MonteCarlo: Metropolis with identity changes
Si > Ge, Ge > Si. STOP when occurrence <    0.00000
==============================================
Cost_function     Occurrence %     Scan-Cost
   -14049.9130859375 GeSiSiGeSiSiGeSiSiGeGeGeSiSiSiSiGeSiSiSiGeGeGeSiSiGeGeGeGeSiGeSiSiSiSiSiGeSiSiSiSiSiSiSiSiSiSiSiSiGeSiSiSiSiSiGeGeSiSiGe
   -14049.9130859375 GeSiSiGeSiSiGeSiSiGeGeGeSiSiSiSiGeSiSiSiGeGeGeSiSiGeGeGeGeSiGeSiSiSiSiSiGeSiSiSiSiSiSiSiSiSiSiSiSiGeSiSiSiSiSiGeGeSiSiGe
   -16631.4062500000 SiSiSiGeSiGeGeSiSiGeGeSiSiSiGeSiGeSiSiGeSiSiSiGeSiSiSiSiGeSiSiSiSiSiGeSiSiSiSiSiSiSiSiGeGeSiSiSiSiGeGeGeGeGeSiSiSiGeSiGe
   -17393.3769531250 SiGeSiGeGeGeGeSiSiGeGeSiSiSiGeSiGeSiSiGeSiSiSiSiSiSiSiSiGeSiSiSiSiSiGeSiSiSiSiSiSiGeSiGeGeSiSiSiSiGeSiGeGeGeSiSiSiGeSiSi
   -17393.3769531250 SiGeSiGeGeGeGeSiSiGeGeSiSiSiGeSiGeSiSiGeSiSiSiSiSiSiSiSiGeSiSiSiSiSiGeSiSiSiSiSiSiGeSiGeGeSiSiSiSiGeSiGeGeGeSiSiSiGeSiSi
   -17393.3769531250 SiGeSiGeGeGeGeSiSiGeGeSiSiSiGeSiGeSiSiGeSiSiSiSiSiSiSiSiGeSiSiSiSiSiGeSiSiSiSiSiSiGeSiGeGeSiSiSiSiGeSiGeGeGeSiSiSiGeSiSi
   -17408.6718750000 SiGeSiGeGeGeGeSiSiGeGeSiSiSiGeSiGeSiSiGeSiSiSiSiSiSiSiSiGeSiSiSiSiSiGeSiSiSiSiSiSiGeSiGeGeSiSiSiGeGeSiGeGeSiSiSiSiGeSiSi
   -17408.6718750000 SiGeSiGeGeGeGeSiSiGeGeSiSiSiGeSiGeSiSiGeSiSiSiSiSiSiSiSiGeSiSiSiSiSiGeSiSiSiSiSiSiGeSiGeGeSiSiSiGeGeSiGeGeSiSiSiSiGeSiSi
   -17448.3007812500 SiGeSiGeGeGeGeSiSiGeGeSiSiSiGeSiGeSiSiGeSiSiSiSiSiSiSiSiGeSiSiSiSiSiSiSiSiSiSiSiSiGeSiGeGeSiGeSiGeGeSiGeGeSiSiSiSiGeSiSi
   -17456.9375000000 SiGeSiGeGeGeGeSiSiGeSiGeSiSiGeSiGeSiSiGeSiSiSiSiSiSiSiSiGeSiSiSiSiSiSiSiSiSiSiSiSiGeSiGeGeSiGeSiGeGeSiGeGeSiSiSiSiGeSiSi
   -17456.9375000000 SiGeSiGeGeGeGeSiSiGeSiGeSiSiGeSiGeSiSiGeSiSiSiSiSiSiSiSiGeSiSiSiSiSiSiSiSiSiSiSiSiGeSiGeGeSiGeSiGeGeSiGeGeSiSiSiSiGeSiSi
   -18017.2734375000 SiGeSiGeGeGeGeSiSiGeGeGeSiSiGeSiGeSiSiGeSiSiSiSiSiSiSiSiGeSiSiSiSiSiSiSiSiSiSiSiSiGeSiSiGeSiGeSiGeGeSiGeGeSiSiSiSiGeSiSi
   -18017.2734375000 SiGeSiGeGeGeGeSiSiGeGeGeSiSiGeSiGeSiSiGeSiSiSiSiSiSiSiSiGeSiSiSiSiSiSiSiSiSiSiSiSiGeSiSiGeSiGeSiGeGeSiGeGeSiSiSiSiGeSiSi
   -18095.7656250000 SiGeSiGeGeGeGeSiSiGeGeGeGeSiGeSiGeSiSiSiSiSiSiSiSiSiSiSiGeSiSiSiSiSiSiSiSiSiSiSiSiGeSiSiGeSiGeSiGeGeSiGeGeSiSiSiSiGeSiSi
   -18095.7656250000 SiGeSiGeGeGeGeSiSiGeGeGeGeSiGeSiGeSiSiSiSiSiSiSiSiSiSiSiGeSiSiSiSiSiSiSiSiSiSiSiSiGeSiSiGeSiGeSiGeGeSiGeGeSiSiSiSiGeSiSi
   -18095.7656250000 SiGeSiGeGeGeGeSiSiGeGeGeGeSiGeSiGeSiSiSiSiSiSiSiSiSiSiSiGeSiSiSiSiSiSiSiSiSiSiSiSiGeSiSiGeSiGeSiGeGeSiGeGeSiSiSiSiGeSiSi
   -18095.7656250000 SiGeSiGeGeGeGeSiSiGeGeGeGeSiGeSiGeSiSiSiSiSiSiSiSiSiSiSiGeSiSiSiSiSiSiSiSiSiSiSiSiGeSiSiGeSiGeSiGeGeSiGeGeSiSiSiSiGeSiSi
   -18095.7656250000 SiGeSiGeGeGeGeSiSiGeGeGeGeSiGeSiGeSiSiSiSiSiSiSiSiSiSiSiGeSiSiSiSiSiSiSiSiSiSiSiSiGeSiSiGeSiGeSiGeGeSiGeGeSiSiSiSiGeSiSi
   -18095.7656250000 SiGeSiGeGeGeGeSiSiGeGeGeGeSiGeSiGeSiSiSiSiSiSiSiSiSiSiSiGeSiSiSiSiSiSiSiSiSiSiSiSiGeSiSiGeSiGeSiGeGeSiGeGeSiSiSiSiGeSiSi
   -18095.7656250000 SiGeSiGeGeGeGeSiSiGeGeGeGeSiGeSiGeSiSiSiSiSiSiSiSiSiSiSiGeSiSiSiSiSiSiSiSiSiSiSiSiGeSiSiGeSiGeSiGeGeSiGeGeSiSiSiSiGeSiSi
   -19292.0664062500 SiGeSiGeGeGeGeGeSiGeGeGeGeSiSiSiSiSiSiSiSiSiSiSiSiSiSiSiGeSiSiSiSiSiSiSiSiSiSiSiSiGeSiSiGeSiSiSiGeGeSiGeGeSiSiSiSiGeGeGe
   -19399.3632812500 SiGeSiGeGeGeGeGeSiGeGeGeGeSiSiSiSiSiSiSiSiSiSiSiSiSiSiSiGeSiSiSiSiSiSiSiSiSiSiSiSiGeSiSiSiSiSiSiGeGeSiGeGeSiSiGeSiGeGeGe
   -19399.3632812500 SiGeSiGeGeGeGeGeSiGeGeGeGeSiSiSiSiSiSiSiSiSiSiSiSiSiSiSiGeSiSiSiSiSiSiSiSiSiSiSiSiGeSiSiSiSiSiSiGeGeSiGeGeSiSiGeSiGeGeGe
   -19399.3632812500 SiGeSiGeGeGeGeGeSiGeGeGeGeSiSiSiSiSiSiSiSiSiSiSiSiSiSiSiGeSiSiSiSiSiSiSiSiSiSiSiSiGeSiSiSiSiSiSiGeGeSiGeGeSiSiGeSiGeGeGe
   -19399.3632812500 SiGeSiGeGeGeGeGeSiGeGeGeGeSiSiSiSiSiSiSiSiSiSiSiSiSiSiSiGeSiSiSiSiSiSiSiSiSiSiSiSiGeSiSiSiSiSiSiGeGeSiGeGeSiSiGeSiGeGeGe
   -19462.1757812500 SiGeSiGeGeGeGeGeSiGeGeGeSiSiSiSiSiSiSiSiSiSiSiSiSiSiSiSiGeSiSiSiSiSiSiSiSiSiGeSiSiGeSiSiSiSiSiSiGeGeSiGeGeSiSiGeSiGeGeGe
   -19462.1757812500 SiGeSiGeGeGeGeGeSiGeGeGeSiSiSiSiSiSiSiSiSiSiSiSiSiSiSiSiGeSiSiSiSiSiSiSiSiSiGeSiSiGeSiSiSiSiSiSiGeGeSiGeGeSiSiGeSiGeGeGe
   -19462.1757812500 SiGeSiGeGeGeGeGeSiGeGeGeSiSiSiSiSiSiSiSiSiSiSiSiSiSiSiSiGeSiSiSiSiSiSiSiSiSiGeSiSiGeSiSiSiSiSiSiGeGeSiGeGeSiSiGeSiGeGeGe
   -19462.1757812500 SiGeSiGeGeGeGeGeSiGeGeGeSiSiSiSiSiSiSiSiSiSiSiSiSiSiSiSiGeSiSiSiSiSiSiSiSiSiGeSiSiGeSiSiSiSiSiSiGeGeSiGeGeSiSiGeSiGeGeGe
   -19462.1757812500 SiGeSiGeGeGeGeGeSiGeGeGeSiSiSiSiSiSiSiSiSiSiSiSiSiSiSiSiGeSiSiSiSiSiSiSiSiSiGeSiSiGeSiSiSiSiSiSiGeGeSiGeGeSiSiGeSiGeGeGe
   -19623.3671875000 SiGeSiGeGeGeGeGeSiGeGeGeSiSiSiSiSiSiSiSiSiSiSiSiSiSiSiSiGeSiSiSiSiSiSiSiSiSiSiSiSiGeSiSiSiSiSiSiGeGeSiGeGeSiGeGeSiGeGeGe
   -19784.3242187500 SiGeSiGeGeGeGeGeSiGeGeGeSiSiSiSiSiSiSiSiSiSiSiSiSiSiSiSiGeSiSiSiSiSiSiSiSiSiSiSiSiSiSiSiSiSiSiSiGeGeSiGeGeSiGeGeGeGeGeGe
   -19784.3242187500 SiGeSiGeGeGeGeGeSiGeGeGeSiSiSiSiSiSiSiSiSiSiSiSiSiSiSiSiGeSiSiSiSiSiSiSiSiSiSiSiSiSiSiSiSiSiSiSiGeGeSiGeGeSiGeGeGeGeGeGe
   -19784.3242187500 SiGeSiGeGeGeGeGeSiGeGeGeSiSiSiSiSiSiSiSiSiSiSiSiSiSiSiSiGeSiSiSiSiSiSiSiSiSiSiSiSiSiSiSiSiSiSiSiGeGeSiGeGeSiGeGeGeGeGeGe
   -19784.3242187500 SiGeSiGeGeGeGeGeSiGeGeGeSiSiSiSiSiSiSiSiSiSiSiSiSiSiSiSiGeSiSiSiSiSiSiSiSiSiSiSiSiSiSiSiSiSiSiSiGeGeSiGeGeSiGeGeGeGeGeGe
   -19784.3242187500 SiGeSiGeGeGeGeGeSiGeGeGeSiSiSiSiSiSiSiSiSiSiSiSiSiSiSiSiGeSiSiSiSiSiSiSiSiSiSiSiSiSiSiSiSiSiSiSiGeGeSiGeGeSiGeGeGeGeGeGe
   -20275.3671875000 GeGeSiGeGeGeGeGeSiGeGeGeSiSiSiSiSiSiSiSiSiGeSiSiSiSiSiSiSiSiSiSiSiSiSiSiSiSiSiSiSiSiSiSiSiSiSiSiGeGeSiGeGeSiGeSiGeGeGeGe
   -20275.3671875000 GeGeSiGeGeGeGeGeSiGeGeGeSiSiSiSiSiSiSiSiSiGeSiSiSiSiSiSiSiSiSiSiSiSiSiSiSiSiSiSiSiSiSiSiSiSiSiSiGeGeSiGeGeSiGeSiGeGeGeGe
   -20275.3671875000 GeGeSiGeGeGeGeGeSiGeGeGeSiSiSiSiSiSiSiSiSiGeSiSiSiSiSiSiSiSiSiSiSiSiSiSiSiSiSiSiSiSiSiSiSiSiSiSiGeGeSiGeGeSiGeSiGeGeGeGe
   -20275.3671875000 GeGeSiGeGeGeGeGeSiGeGeGeSiSiSiSiSiSiSiSiSiGeSiSiSiSiSiSiSiSiSiSiSiSiSiSiSiSiSiSiSiSiSiSiSiSiSiSiGeGeSiGeGeSiGeSiGeGeGeGe
   -20275.3671875000 GeGeSiGeGeGeGeGeSiGeGeGeSiSiSiSiSiSiSiSiSiGeSiSiSiSiSiSiSiSiSiSiSiSiSiSiSiSiSiSiSiSiSiSiSiSiSiSiGeGeSiGeGeSiGeSiGeGeGeGe
   -20275.3671875000 GeGeSiGeGeGeGeGeSiGeGeGeSiSiSiSiSiSiSiSiSiGeSiSiSiSiSiSiSiSiSiSiSiSiSiSiSiSiSiSiSiSiSiSiSiSiSiSiGeGeSiGeGeSiGeSiGeGeGeGe
   -20275.3671875000 GeGeSiGeGeGeGeGeSiGeGeGeSiSiSiSiSiSiSiSiSiGeSiSiSiSiSiSiSiSiSiSiSiSiSiSiSiSiSiSiSiSiSiSiSiSiSiSiGeGeSiGeGeSiGeSiGeGeGeGe
   -20275.3671875000 GeGeSiGeGeGeGeGeSiGeGeGeSiSiSiSiSiSiSiSiSiGeSiSiSiSiSiSiSiSiSiSiSiSiSiSiSiSiSiSiSiSiSiSiSiSiSiSiGeGeSiGeGeSiGeSiGeGeGeGe
   -20275.3671875000 GeGeSiGeGeGeGeGeSiGeGeGeSiSiSiSiSiSiSiSiSiGeSiSiSiSiSiSiSiSiSiSiSiSiSiSiSiSiSiSiSiSiSiSiSiSiSiSiGeGeSiGeGeSiGeSiGeGeGeGe
   -20275.3671875000 GeGeSiGeGeGeGeGeSiGeGeGeSiSiSiSiSiSiSiSiSiGeSiSiSiSiSiSiSiSiSiSiSiSiSiSiSiSiSiSiSiSiSiSiSiSiSiSiGeGeSiGeGeSiGeSiGeGeGeGe
   -20275.3671875000 GeGeSiGeGeGeGeGeSiGeGeGeSiSiSiSiSiSiSiSiSiGeSiSiSiSiSiSiSiSiSiSiSiSiSiSiSiSiSiSiSiSiSiSiSiSiSiSiGeGeSiGeGeSiGeSiGeGeGeGe
   -20544.5273437500 GeGeSiGeGeGeGeGeGeGeGeGeSiSiSiSiSiSiSiSiSiGeSiSiSiSiSiSiSiSiSiSiSiSiSiSiSiSiSiSiSiSiSiSiSiSiSiSiGeSiSiGeGeSiGeSiGeGeGeGe
   -20544.5273437500 GeGeSiGeGeGeGeGeGeGeGeGeSiSiSiSiSiSiSiSiSiGeSiSiSiSiSiSiSiSiSiSiSiSiSiSiSiSiSiSiSiSiSiSiSiSiSiSiGeSiSiGeGeSiGeSiGeGeGeGe
   -20544.5273437500 GeGeSiGeGeGeGeGeGeGeGeGeSiSiSiSiSiSiSiSiSiGeSiSiSiSiSiSiSiSiSiSiSiSiSiSiSiSiSiSiSiSiSiSiSiSiSiSiGeSiSiGeGeSiGeSiGeGeGeGe
   -20548.0820312500 GeGeSiGeGeGeGeGeGeGeGeGeSiSiSiSiSiSiSiSiSiGeSiSiSiSiSiSiSiSiSiSiSiSiSiSiSiSiSiSiSiSiSiSiSiSiSiSiSiGeSiGeGeSiGeSiGeGeGeGe
   -20548.0820312500 GeGeSiGeGeGeGeGeGeGeGeGeSiSiSiSiSiSiSiSiSiGeSiSiSiSiSiSiSiSiSiSiSiSiSiSiSiSiSiSiSiSiSiSiSiSiSiSiSiGeSiGeGeSiGeSiGeGeGeGe
   -20548.0820312500 GeGeSiGeGeGeGeGeGeGeGeGeSiSiSiSiSiSiSiSiSiGeSiSiSiSiSiSiSiSiSiSiSiSiSiSiSiSiSiSiSiSiSiSiSiSiSiSiSiGeSiGeGeSiGeSiGeGeGeGe
   -20548.0820312500 GeGeSiGeGeGeGeGeGeGeGeGeSiSiSiSiSiSiSiSiSiGeSiSiSiSiSiSiSiSiSiSiSiSiSiSiSiSiSiSiSiSiSiSiSiSiSiSiSiGeSiGeGeSiGeSiGeGeGeGe
   -20548.0820312500 GeGeSiGeGeGeGeGeGeGeGeGeSiSiSiSiSiSiSiSiSiGeSiSiSiSiSiSiSiSiSiSiSiSiSiSiSiSiSiSiSiSiSiSiSiSiSiSiSiGeSiGeGeSiGeSiGeGeGeGe
   -20548.0820312500 GeGeSiGeGeGeGeGeGeGeGeGeSiSiSiSiSiSiSiSiSiGeSiSiSiSiSiSiSiSiSiSiSiSiSiSiSiSiSiSiSiSiSiSiSiSiSiSiSiGeSiGeGeSiGeSiGeGeGeGe
   -20548.0820312500 GeGeSiGeGeGeGeGeGeGeGeGeSiSiSiSiSiSiSiSiSiGeSiSiSiSiSiSiSiSiSiSiSiSiSiSiSiSiSiSiSiSiSiSiSiSiSiSiSiGeSiGeGeSiGeSiGeGeGeGe
   -20548.0820312500 GeGeSiGeGeGeGeGeGeGeGeGeSiSiSiSiSiSiSiSiSiGeSiSiSiSiSiSiSiSiSiSiSiSiSiSiSiSiSiSiSiSiSiSiSiSiSiSiSiGeSiGeGeSiGeSiGeGeGeGe
   -20548.0820312500 GeGeSiGeGeGeGeGeGeGeGeGeSiSiSiSiSiSiSiSiSiGeSiSiSiSiSiSiSiSiSiSiSiSiSiSiSiSiSiSiSiSiSiSiSiSiSiSiSiGeSiGeGeSiGeSiGeGeGeGe
   -20548.0820312500 GeGeSiGeGeGeGeGeGeGeGeGeSiSiSiSiSiSiSiSiSiGeSiSiSiSiSiSiSiSiSiSiSiSiSiSiSiSiSiSiSiSiSiSiSiSiSiSiSiGeSiGeGeSiGeSiGeGeGeGe
   -20548.0820312500 GeGeSiGeGeGeGeGeGeGeGeGeSiSiSiSiSiSiSiSiSiGeSiSiSiSiSiSiSiSiSiSiSiSiSiSiSiSiSiSiSiSiSiSiSiSiSiSiSiGeSiGeGeSiGeSiGeGeGeGe
   -20548.0820312500 GeGeSiGeGeGeGeGeGeGeGeGeSiSiSiSiSiSiSiSiSiGeSiSiSiSiSiSiSiSiSiSiSiSiSiSiSiSiSiSiSiSiSiSiSiSiSiSiSiGeSiGeGeSiGeSiGeGeGeGe
   -20548.0820312500 GeGeSiGeGeGeGeGeGeGeGeGeSiSiSiSiSiSiSiSiSiGeSiSiSiSiSiSiSiSiSiSiSiSiSiSiSiSiSiSiSiSiSiSiSiSiSiSiSiGeSiGeGeSiGeSiGeGeGeGe
   -20548.0820312500 GeGeSiGeGeGeGeGeGeGeGeGeSiSiSiSiSiSiSiSiSiGeSiSiSiSiSiSiSiSiSiSiSiSiSiSiSiSiSiSiSiSiSiSiSiSiSiSiSiGeSiGeGeSiGeSiGeGeGeGe
   -20727.2265625000 GeGeGeGeGeGeGeGeGeGeGeGeSiSiSiSiSiSiSiSiSiSiSiSiSiSiSiSiSiSiSiSiSiSiSiSiSiSiSiSiSiSiSiSiSiSiSiSiGeGeSiGeGeSiGeSiGeSiGeGe
   -20727.2265625000 GeGeGeGeGeGeGeGeGeGeGeGeSiSiSiSiSiSiSiSiSiSiSiSiSiSiSiSiSiSiSiSiSiSiSiSiSiSiSiSiSiSiSiSiSiSiSiSiGeGeSiGeGeSiGeSiGeSiGeGe
   -20727.2265625000 GeGeGeGeGeGeGeGeGeGeGeGeSiSiSiSiSiSiSiSiSiSiSiSiSiSiSiSiSiSiSiSiSiSiSiSiSiSiSiSiSiSiSiSiSiSiSiSiGeGeSiGeGeSiGeSiGeSiGeGe
   -20727.2265625000 GeGeGeGeGeGeGeGeGeGeGeGeSiSiSiSiSiSiSiSiSiSiSiSiSiSiSiSiSiSiSiSiSiSiSiSiSiSiSiSiSiSiSiSiSiSiSiSiGeGeSiGeGeSiGeSiGeSiGeGe
   -20727.2265625000 GeGeGeGeGeGeGeGeGeGeGeGeSiSiSiSiSiSiSiSiSiSiSiSiSiSiSiSiSiSiSiSiSiSiSiSiSiSiSiSiSiSiSiSiSiSiSiSiGeGeSiGeGeSiGeSiGeSiGeGe
   -20727.2265625000 GeGeGeGeGeGeGeGeGeGeGeGeSiSiSiSiSiSiSiSiSiSiSiSiSiSiSiSiSiSiSiSiSiSiSiSiSiSiSiSiSiSiSiSiSiSiSiSiGeGeSiGeGeSiGeSiGeSiGeGe
   -20727.2265625000 GeGeGeGeGeGeGeGeGeGeGeGeSiSiSiSiSiSiSiSiSiSiSiSiSiSiSiSiSiSiSiSiSiSiSiSiSiSiSiSiSiSiSiSiSiSiSiSiGeGeSiGeGeSiGeSiGeSiGeGe
   -20727.2265625000 GeGeGeGeGeGeGeGeGeGeGeGeSiSiSiSiSiSiSiSiSiSiSiSiSiSiSiSiSiSiSiSiSiSiSiSiSiSiSiSiSiSiSiSiSiSiSiSiGeGeSiGeGeSiGeSiGeSiGeGe
   -20727.2265625000 GeGeGeGeGeGeGeGeGeGeGeGeSiSiSiSiSiSiSiSiSiSiSiSiSiSiSiSiSiSiSiSiSiSiSiSiSiSiSiSiSiSiSiSiSiSiSiSiGeGeSiGeGeSiGeSiGeSiGeGe
   -20727.2265625000 GeGeGeGeGeGeGeGeGeGeGeGeSiSiSiSiSiSiSiSiSiSiSiSiSiSiSiSiSiSiSiSiSiSiSiSiSiSiSiSiSiSiSiSiSiSiSiSiGeGeSiGeGeSiGeSiGeSiGeGe
   -20727.2265625000 GeGeGeGeGeGeGeGeGeGeGeGeSiSiSiSiSiSiSiSiSiSiSiSiSiSiSiSiSiSiSiSiSiSiSiSiSiSiSiSiSiSiSiSiSiSiSiSiGeGeSiGeGeSiGeSiGeSiGeGe
   -20727.2265625000 GeGeGeGeGeGeGeGeGeGeGeGeSiSiSiSiSiSiSiSiSiSiSiSiSiSiSiSiSiSiSiSiSiSiSiSiSiSiSiSiSiSiSiSiSiSiSiSiGeGeSiGeGeSiGeSiGeSiGeGe
   -20727.2265625000 GeGeGeGeGeGeGeGeGeGeGeGeSiSiSiSiSiSiSiSiSiSiSiSiSiSiSiSiSiSiSiSiSiSiSiSiSiSiSiSiSiSiSiSiSiSiSiSiGeGeSiGeGeSiGeSiGeSiGeGe
   -20727.2265625000 GeGeGeGeGeGeGeGeGeGeGeGeSiSiSiSiSiSiSiSiSiSiSiSiSiSiSiSiSiSiSiSiSiSiSiSiSiSiSiSiSiSiSiSiSiSiSiSiGeGeSiGeGeSiGeSiGeSiGeGe
   -20727.2265625000 GeGeGeGeGeGeGeGeGeGeGeGeSiSiSiSiSiSiSiSiSiSiSiSiSiSiSiSiSiSiSiSiSiSiSiSiSiSiSiSiSiSiSiSiSiSiSiSiGeGeSiGeGeSiGeSiGeSiGeGe
   -20727.2265625000 GeGeGeGeGeGeGeGeGeGeGeGeSiSiSiSiSiSiSiSiSiSiSiSiSiSiSiSiSiSiSiSiSiSiSiSiSiSiSiSiSiSiSiSiSiSiSiSiGeGeSiGeGeSiGeSiGeSiGeGe
   -20728.1523437500 GeGeGeGeGeGeGeGeGeGeGeGeSiSiSiSiSiSiSiSiSiSiSiSiSiSiSiSiSiSiSiSiSiSiSiSiSiSiSiSiSiSiSiSiSiSiSiSiGeGeSiGeSiSiGeGeGeSiGeGe
   -20728.1523437500 GeGeGeGeGeGeGeGeGeGeGeGeSiSiSiSiSiSiSiSiSiSiSiSiSiSiSiSiSiSiSiSiSiSiSiSiSiSiSiSiSiSiSiSiSiSiSiSiGeGeSiGeSiSiGeGeGeSiGeGe
   -20728.1523437500 GeGeGeGeGeGeGeGeGeGeGeGeSiSiSiSiSiSiSiSiSiSiSiSiSiSiSiSiSiSiSiSiSiSiSiSiSiSiSiSiSiSiSiSiSiSiSiSiGeGeSiGeSiSiGeGeGeSiGeGe
   -20728.1523437500 GeGeGeGeGeGeGeGeGeGeGeGeSiSiSiSiSiSiSiSiSiSiSiSiSiSiSiSiSiSiSiSiSiSiSiSiSiSiSiSiSiSiSiSiSiSiSiSiGeGeSiGeSiSiGeGeGeSiGeGe
   -20728.1523437500 GeGeGeGeGeGeGeGeGeGeGeGeSiSiSiSiSiSiSiSiSiSiSiSiSiSiSiSiSiSiSiSiSiSiSiSiSiSiSiSiSiSiSiSiSiSiSiSiGeGeSiGeSiSiGeGeGeSiGeGe
   -20728.1523437500 GeGeGeGeGeGeGeGeGeGeGeGeSiSiSiSiSiSiSiSiSiSiSiSiSiSiSiSiSiSiSiSiSiSiSiSiSiSiSiSiSiSiSiSiSiSiSiSiGeGeSiGeSiSiGeGeGeSiGeGe
   -20738.1406250000 GeGeGeGeGeGeGeGeGeGeGeGeSiSiSiSiSiSiSiSiSiSiSiSiSiSiSiSiSiSiSiSiSiSiSiSiSiSiSiSiSiSiSiSiSiSiSiSiSiGeSiGeSiGeGeGeGeSiGeGe
   -20738.1406250000 GeGeGeGeGeGeGeGeGeGeGeGeSiSiSiSiSiSiSiSiSiSiSiSiSiSiSiSiSiSiSiSiSiSiSiSiSiSiSiSiSiSiSiSiSiSiSiSiSiGeSiGeSiGeGeGeGeSiGeGe
   -20738.1406250000 GeGeGeGeGeGeGeGeGeGeGeGeSiSiSiSiSiSiSiSiSiSiSiSiSiSiSiSiSiSiSiSiSiSiSiSiSiSiSiSiSiSiSiSiSiSiSiSiSiGeSiGeSiGeGeGeGeSiGeGe
   -20738.1406250000 GeGeGeGeGeGeGeGeGeGeGeGeSiSiSiSiSiSiSiSiSiSiSiSiSiSiSiSiSiSiSiSiSiSiSiSiSiSiSiSiSiSiSiSiSiSiSiSiSiGeSiGeSiGeGeGeGeSiGeGe
   -20738.1406250000 GeGeGeGeGeGeGeGeGeGeGeGeSiSiSiSiSiSiSiSiSiSiSiSiSiSiSiSiSiSiSiSiSiSiSiSiSiSiSiSiSiSiSiSiSiSiSiSiSiGeSiGeSiGeGeGeGeSiGeGe
   -20738.1406250000 GeGeGeGeGeGeGeGeGeGeGeGeSiSiSiSiSiSiSiSiSiSiSiSiSiSiSiSiSiSiSiSiSiSiSiSiSiSiSiSiSiSiSiSiSiSiSiSiSiGeSiGeSiGeGeGeGeSiGeGe
   -20749.4179687500 GeGeGeGeGeGeGeGeGeGeGeGeSiSiSiSiSiSiSiSiSiSiSiSiSiSiSiSiSiSiSiSiSiSiSiSiSiSiSiSiSiSiSiSiSiSiSiSiSiGeSiGeSiGeGeSiGeGeGeGe
   -20749.4179687500 GeGeGeGeGeGeGeGeGeGeGeGeSiSiSiSiSiSiSiSiSiSiSiSiSiSiSiSiSiSiSiSiSiSiSiSiSiSiSiSiSiSiSiSiSiSiSiSiSiGeSiGeSiGeGeSiGeGeGeGe
   -20749.4179687500 GeGeGeGeGeGeGeGeGeGeGeGeSiSiSiSiSiSiSiSiSiSiSiSiSiSiSiSiSiSiSiSiSiSiSiSiSiSiSiSiSiSiSiSiSiSiSiSiSiGeSiGeSiGeGeSiGeGeGeGe
   -20749.4179687500 GeGeGeGeGeGeGeGeGeGeGeGeSiSiSiSiSiSiSiSiSiSiSiSiSiSiSiSiSiSiSiSiSiSiSiSiSiSiSiSiSiSiSiSiSiSiSiSiSiGeSiGeSiGeGeSiGeGeGeGe
   -20749.4179687500 GeGeGeGeGeGeGeGeGeGeGeGeSiSiSiSiSiSiSiSiSiSiSiSiSiSiSiSiSiSiSiSiSiSiSiSiSiSiSiSiSiSiSiSiSiSiSiSiSiGeSiGeSiGeGeSiGeGeGeGe
   -20749.4179687500 GeGeGeGeGeGeGeGeGeGeGeGeSiSiSiSiSiSiSiSiSiSiSiSiSiSiSiSiSiSiSiSiSiSiSiSiSiSiSiSiSiSiSiSiSiSiSiSiSiGeSiGeSiGeGeSiGeGeGeGe
   -20749.4179687500 GeGeGeGeGeGeGeGeGeGeGeGeSiSiSiSiSiSiSiSiSiSiSiSiSiSiSiSiSiSiSiSiSiSiSiSiSiSiSiSiSiSiSiSiSiSiSiSiSiGeSiGeSiGeGeSiGeGeGeGe
   -20749.4179687500 GeGeGeGeGeGeGeGeGeGeGeGeSiSiSiSiSiSiSiSiSiSiSiSiSiSiSiSiSiSiSiSiSiSiSiSiSiSiSiSiSiSiSiSiSiSiSiSiSiGeSiGeSiGeGeSiGeGeGeGe
   -20749.4179687500 GeGeGeGeGeGeGeGeGeGeGeGeSiSiSiSiSiSiSiSiSiSiSiSiSiSiSiSiSiSiSiSiSiSiSiSiSiSiSiSiSiSiSiSiSiSiSiSiSiGeSiGeSiGeGeSiGeGeGeGe
   -20833.8984375000 GeGeGeGeGeGeGeGeGeGeGeGeSiSiSiSiSiSiSiSiSiSiSiSiSiSiSiSiSiSiSiSiSiSiSiSiSiSiSiSiSiSiSiSiSiSiSiSiSiSiSiGeGeGeGeSiGeGeGeGe
   -20833.8984375000 GeGeGeGeGeGeGeGeGeGeGeGeSiSiSiSiSiSiSiSiSiSiSiSiSiSiSiSiSiSiSiSiSiSiSiSiSiSiSiSiSiSiSiSiSiSiSiSiSiSiSiGeGeGeGeSiGeGeGeGe
   -20833.8984375000 GeGeGeGeGeGeGeGeGeGeGeGeSiSiSiSiSiSiSiSiSiSiSiSiSiSiSiSiSiSiSiSiSiSiSiSiSiSiSiSiSiSiSiSiSiSiSiSiSiSiSiGeGeGeGeSiGeGeGeGe
   -20833.8984375000 GeGeGeGeGeGeGeGeGeGeGeGeSiSiSiSiSiSiSiSiSiSiSiSiSiSiSiSiSiSiSiSiSiSiSiSiSiSiSiSiSiSiSiSiSiSiSiSiSiSiSiGeGeGeGeSiGeGeGeGe
   -20833.8984375000 GeGeGeGeGeGeGeGeGeGeGeGeSiSiSiSiSiSiSiSiSiSiSiSiSiSiSiSiSiSiSiSiSiSiSiSiSiSiSiSiSiSiSiSiSiSiSiSiSiSiSiGeGeGeGeSiGeGeGeGe
   -20833.8984375000 GeGeGeGeGeGeGeGeGeGeGeGeSiSiSiSiSiSiSiSiSiSiSiSiSiSiSiSiSiSiSiSiSiSiSiSiSiSiSiSiSiSiSiSiSiSiSiSiSiSiSiGeGeGeGeSiGeGeGeGe
   -20833.8984375000 GeGeGeGeGeGeGeGeGeGeGeGeSiSiSiSiSiSiSiSiSiSiSiSiSiSiSiSiSiSiSiSiSiSiSiSiSiSiSiSiSiSiSiSiSiSiSiSiSiSiSiGeGeGeGeSiGeGeGeGe
   -20833.8984375000 GeGeGeGeGeGeGeGeGeGeGeGeSiSiSiSiSiSiSiSiSiSiSiSiSiSiSiSiSiSiSiSiSiSiSiSiSiSiSiSiSiSiSiSiSiSiSiSiSiSiSiGeGeGeGeSiGeGeGeGe
   -20840.5000000000 GeGeGeGeGeGeGeGeGeGeGeGeSiSiSiSiSiSiSiSiSiSiSiSiSiSiSiSiSiSiSiSiSiSiSiSiSiSiSiSiSiSiSiSiSiSiSiSiSiSiSiGeSiGeGeGeGeGeGeGe
   -20840.5000000000 GeGeGeGeGeGeGeGeGeGeGeGeSiSiSiSiSiSiSiSiSiSiSiSiSiSiSiSiSiSiSiSiSiSiSiSiSiSiSiSiSiSiSiSiSiSiSiSiSiSiSiGeSiGeGeGeGeGeGeGe
   -20840.5000000000 GeGeGeGeGeGeGeGeGeGeGeGeSiSiSiSiSiSiSiSiSiSiSiSiSiSiSiSiSiSiSiSiSiSiSiSiSiSiSiSiSiSiSiSiSiSiSiSiSiSiSiGeSiGeGeGeGeGeGeGe
   -20840.5000000000 GeGeGeGeGeGeGeGeGeGeGeGeSiSiSiSiSiSiSiSiSiSiSiSiSiSiSiSiSiSiSiSiSiSiSiSiSiSiSiSiSiSiSiSiSiSiSiSiSiSiSiGeSiGeGeGeGeGeGeGe
   -20840.5000000000 GeGeGeGeGeGeGeGeGeGeGeGeSiSiSiSiSiSiSiSiSiSiSiSiSiSiSiSiSiSiSiSiSiSiSiSiSiSiSiSiSiSiSiSiSiSiSiSiSiSiSiGeSiGeGeGeGeGeGeGe
   -20840.5000000000 GeGeGeGeGeGeGeGeGeGeGeGeSiSiSiSiSiSiSiSiSiSiSiSiSiSiSiSiSiSiSiSiSiSiSiSiSiSiSiSiSiSiSiSiSiSiSiSiSiSiSiGeSiGeGeGeGeGeGeGe
   -20840.5000000000 GeGeGeGeGeGeGeGeGeGeGeGeSiSiSiSiSiSiSiSiSiSiSiSiSiSiSiSiSiSiSiSiSiSiSiSiSiSiSiSiSiSiSiSiSiSiSiSiSiSiSiGeSiGeGeGeGeGeGeGe
   -20840.5000000000 GeGeGeGeGeGeGeGeGeGeGeGeSiSiSiSiSiSiSiSiSiSiSiSiSiSiSiSiSiSiSiSiSiSiSiSiSiSiSiSiSiSiSiSiSiSiSiSiSiSiSiGeSiGeGeGeGeGeGeGe
   -20840.5000000000 GeGeGeGeGeGeGeGeGeGeGeGeSiSiSiSiSiSiSiSiSiSiSiSiSiSiSiSiSiSiSiSiSiSiSiSiSiSiSiSiSiSiSiSiSiSiSiSiSiSiSiGeSiGeGeGeGeGeGeGe
   -20840.5000000000 GeGeGeGeGeGeGeGeGeGeGeGeSiSiSiSiSiSiSiSiSiSiSiSiSiSiSiSiSiSiSiSiSiSiSiSiSiSiSiSiSiSiSiSiSiSiSiSiSiSiSiGeSiGeGeGeGeGeGeGe
   -20840.5000000000 GeGeGeGeGeGeGeGeGeGeGeGeSiSiSiSiSiSiSiSiSiSiSiSiSiSiSiSiSiSiSiSiSiSiSiSiSiSiSiSiSiSiSiSiSiSiSiSiSiSiSiGeSiGeGeGeGeGeGeGe
   -20840.5000000000 GeGeGeGeGeGeGeGeGeGeGeGeSiSiSiSiSiSiSiSiSiSiSiSiSiSiSiSiSiSiSiSiSiSiSiSiSiSiSiSiSiSiSiSiSiSiSiSiSiSiSiGeSiGeGeGeGeGeGeGe
   -20840.5000000000 GeGeGeGeGeGeGeGeGeGeGeGeSiSiSiSiSiSiSiSiSiSiSiSiSiSiSiSiSiSiSiSiSiSiSiSiSiSiSiSiSiSiSiSiSiSiSiSiSiSiSiGeSiGeGeGeGeGeGeGe
   -20840.5000000000 GeGeGeGeGeGeGeGeGeGeGeGeSiSiSiSiSiSiSiSiSiSiSiSiSiSiSiSiSiSiSiSiSiSiSiSiSiSiSiSiSiSiSiSiSiSiSiSiSiSiSiGeSiGeGeGeGeGeGeGe
   -20840.5000000000 GeGeGeGeGeGeGeGeGeGeGeGeSiSiSiSiSiSiSiSiSiSiSiSiSiSiSiSiSiSiSiSiSiSiSiSiSiSiSiSiSiSiSiSiSiSiSiSiSiSiSiGeSiGeGeGeGeGeGeGe
   -20840.5000000000 GeGeGeGeGeGeGeGeGeGeGeGeSiSiSiSiSiSiSiSiSiSiSiSiSiSiSiSiSiSiSiSiSiSiSiSiSiSiSiSiSiSiSiSiSiSiSiSiSiSiSiGeSiGeGeGeGeGeGeGe
   -20840.5000000000 GeGeGeGeGeGeGeGeGeGeGeGeSiSiSiSiSiSiSiSiSiSiSiSiSiSiSiSiSiSiSiSiSiSiSiSiSiSiSiSiSiSiSiSiSiSiSiSiSiSiSiGeSiGeGeGeGeGeGeGe
   -20840.5000000000 GeGeGeGeGeGeGeGeGeGeGeGeSiSiSiSiSiSiSiSiSiSiSiSiSiSiSiSiSiSiSiSiSiSiSiSiSiSiSiSiSiSiSiSiSiSiSiSiSiSiSiGeSiGeGeGeGeGeGeGe
   -20840.5000000000 GeGeGeGeGeGeGeGeGeGeGeGeSiSiSiSiSiSiSiSiSiSiSiSiSiSiSiSiSiSiSiSiSiSiSiSiSiSiSiSiSiSiSiSiSiSiSiSiSiSiSiGeSiGeGeGeGeGeGeGe
   -20840.5000000000 GeGeGeGeGeGeGeGeGeGeGeGeSiSiSiSiSiSiSiSiSiSiSiSiSiSiSiSiSiSiSiSiSiSiSiSiSiSiSiSiSiSiSiSiSiSiSiSiSiSiSiGeSiGeGeGeGeGeGeGe
   -20840.5000000000 GeGeGeGeGeGeGeGeGeGeGeGeSiSiSiSiSiSiSiSiSiSiSiSiSiSiSiSiSiSiSiSiSiSiSiSiSiSiSiSiSiSiSiSiSiSiSiSiSiSiSiGeSiGeGeGeGeGeGeGe
   -20840.5000000000 GeGeGeGeGeGeGeGeGeGeGeGeSiSiSiSiSiSiSiSiSiSiSiSiSiSiSiSiSiSiSiSiSiSiSiSiSiSiSiSiSiSiSiSiSiSiSiSiSiSiSiGeSiGeGeGeGeGeGeGe
   -20840.5000000000 GeGeGeGeGeGeGeGeGeGeGeGeSiSiSiSiSiSiSiSiSiSiSiSiSiSiSiSiSiSiSiSiSiSiSiSiSiSiSiSiSiSiSiSiSiSiSiSiSiSiSiGeSiGeGeGeGeGeGeGe
   -20840.5000000000 GeGeGeGeGeGeGeGeGeGeGeGeSiSiSiSiSiSiSiSiSiSiSiSiSiSiSiSiSiSiSiSiSiSiSiSiSiSiSiSiSiSiSiSiSiSiSiSiSiSiSiGeSiGeGeGeGeGeGeGe
   -20840.5000000000 GeGeGeGeGeGeGeGeGeGeGeGeSiSiSiSiSiSiSiSiSiSiSiSiSiSiSiSiSiSiSiSiSiSiSiSiSiSiSiSiSiSiSiSiSiSiSiSiSiSiSiGeSiGeGeGeGeGeGeGe
   -20840.5000000000 GeGeGeGeGeGeGeGeGeGeGeGeSiSiSiSiSiSiSiSiSiSiSiSiSiSiSiSiSiSiSiSiSiSiSiSiSiSiSiSiSiSiSiSiSiSiSiSiSiSiSiGeSiGeGeGeGeGeGeGe
   -20840.5000000000 GeGeGeGeGeGeGeGeGeGeGeGeSiSiSiSiSiSiSiSiSiSiSiSiSiSiSiSiSiSiSiSiSiSiSiSiSiSiSiSiSiSiSiSiSiSiSiSiSiSiSiGeSiGeGeGeGeGeGeGe
   -20840.5000000000 GeGeGeGeGeGeGeGeGeGeGeGeSiSiSiSiSiSiSiSiSiSiSiSiSiSiSiSiSiSiSiSiSiSiSiSiSiSiSiSiSiSiSiSiSiSiSiSiSiSiSiGeSiGeGeGeGeGeGeGe
   -20840.5000000000 GeGeGeGeGeGeGeGeGeGeGeGeSiSiSiSiSiSiSiSiSiSiSiSiSiSiSiSiSiSiSiSiSiSiSiSiSiSiSiSiSiSiSiSiSiSiSiSiSiSiSiGeSiGeGeGeGeGeGeGe
   -20840.5000000000 GeGeGeGeGeGeGeGeGeGeGeGeSiSiSiSiSiSiSiSiSiSiSiSiSiSiSiSiSiSiSiSiSiSiSiSiSiSiSiSiSiSiSiSiSiSiSiSiSiSiSiGeSiGeGeGeGeGeGeGe
   -20840.5000000000 GeGeGeGeGeGeGeGeGeGeGeGeSiSiSiSiSiSiSiSiSiSiSiSiSiSiSiSiSiSiSiSiSiSiSiSiSiSiSiSiSiSiSiSiSiSiSiSiSiSiSiGeSiGeGeGeGeGeGeGe
   -20840.5000000000 GeGeGeGeGeGeGeGeGeGeGeGeSiSiSiSiSiSiSiSiSiSiSiSiSiSiSiSiSiSiSiSiSiSiSiSiSiSiSiSiSiSiSiSiSiSiSiSiSiSiSiGeSiGeGeGeGeGeGeGe
   -20840.5000000000 GeGeGeGeGeGeGeGeGeGeGeGeSiSiSiSiSiSiSiSiSiSiSiSiSiSiSiSiSiSiSiSiSiSiSiSiSiSiSiSiSiSiSiSiSiSiSiSiSiSiSiGeSiGeGeGeGeGeGeGe
   -20840.5000000000 GeGeGeGeGeGeGeGeGeGeGeGeSiSiSiSiSiSiSiSiSiSiSiSiSiSiSiSiSiSiSiSiSiSiSiSiSiSiSiSiSiSiSiSiSiSiSiSiSiSiSiGeSiGeGeGeGeGeGeGe
   -20840.5000000000 GeGeGeGeGeGeGeGeGeGeGeGeSiSiSiSiSiSiSiSiSiSiSiSiSiSiSiSiSiSiSiSiSiSiSiSiSiSiSiSiSiSiSiSiSiSiSiSiSiSiSiGeSiGeGeGeGeGeGeGe
   -20840.5000000000 GeGeGeGeGeGeGeGeGeGeGeGeSiSiSiSiSiSiSiSiSiSiSiSiSiSiSiSiSiSiSiSiSiSiSiSiSiSiSiSiSiSiSiSiSiSiSiSiSiSiSiGeSiGeGeGeGeGeGeGe
   -20840.5000000000 GeGeGeGeGeGeGeGeGeGeGeGeSiSiSiSiSiSiSiSiSiSiSiSiSiSiSiSiSiSiSiSiSiSiSiSiSiSiSiSiSiSiSiSiSiSiSiSiSiSiSiGeSiGeGeGeGeGeGeGe
   -20840.5000000000 GeGeGeGeGeGeGeGeGeGeGeGeSiSiSiSiSiSiSiSiSiSiSiSiSiSiSiSiSiSiSiSiSiSiSiSiSiSiSiSiSiSiSiSiSiSiSiSiSiSiSiGeSiGeGeGeGeGeGeGe
   -20840.5000000000 GeGeGeGeGeGeGeGeGeGeGeGeSiSiSiSiSiSiSiSiSiSiSiSiSiSiSiSiSiSiSiSiSiSiSiSiSiSiSiSiSiSiSiSiSiSiSiSiSiSiSiGeSiGeGeGeGeGeGeGe
   -20840.5000000000 GeGeGeGeGeGeGeGeGeGeGeGeSiSiSiSiSiSiSiSiSiSiSiSiSiSiSiSiSiSiSiSiSiSiSiSiSiSiSiSiSiSiSiSiSiSiSiSiSiSiSiGeSiGeGeGeGeGeGeGe
   -20840.5000000000 GeGeGeGeGeGeGeGeGeGeGeGeSiSiSiSiSiSiSiSiSiSiSiSiSiSiSiSiSiSiSiSiSiSiSiSiSiSiSiSiSiSiSiSiSiSiSiSiSiSiSiGeSiGeGeGeGeGeGeGe
   -20840.5000000000 GeGeGeGeGeGeGeGeGeGeGeGeSiSiSiSiSiSiSiSiSiSiSiSiSiSiSiSiSiSiSiSiSiSiSiSiSiSiSiSiSiSiSiSiSiSiSiSiSiSiSiGeSiGeGeGeGeGeGeGe
   -20840.5000000000 GeGeGeGeGeGeGeGeGeGeGeGeSiSiSiSiSiSiSiSiSiSiSiSiSiSiSiSiSiSiSiSiSiSiSiSiSiSiSiSiSiSiSiSiSiSiSiSiSiSiSiGeSiGeGeGeGeGeGeGe
   -20840.5000000000 GeGeGeGeGeGeGeGeGeGeGeGeSiSiSiSiSiSiSiSiSiSiSiSiSiSiSiSiSiSiSiSiSiSiSiSiSiSiSiSiSiSiSiSiSiSiSiSiSiSiSiGeSiGeGeGeGeGeGeGe
   -20840.5000000000 GeGeGeGeGeGeGeGeGeGeGeGeSiSiSiSiSiSiSiSiSiSiSiSiSiSiSiSiSiSiSiSiSiSiSiSiSiSiSiSiSiSiSiSiSiSiSiSiSiSiSiGeSiGeGeGeGeGeGeGe
   -20840.5000000000 GeGeGeGeGeGeGeGeGeGeGeGeSiSiSiSiSiSiSiSiSiSiSiSiSiSiSiSiSiSiSiSiSiSiSiSiSiSiSiSiSiSiSiSiSiSiSiSiSiSiSiGeSiGeGeGeGeGeGeGe
   -20840.5000000000 GeGeGeGeGeGeGeGeGeGeGeGeSiSiSiSiSiSiSiSiSiSiSiSiSiSiSiSiSiSiSiSiSiSiSiSiSiSiSiSiSiSiSiSiSiSiSiSiSiSiSiGeSiGeGeGeGeGeGeGe
   -20840.5000000000 GeGeGeGeGeGeGeGeGeGeGeGeSiSiSiSiSiSiSiSiSiSiSiSiSiSiSiSiSiSiSiSiSiSiSiSiSiSiSiSiSiSiSiSiSiSiSiSiSiSiSiGeSiGeGeGeGeGeGeGe
   -20840.5000000000 GeGeGeGeGeGeGeGeGeGeGeGeSiSiSiSiSiSiSiSiSiSiSiSiSiSiSiSiSiSiSiSiSiSiSiSiSiSiSiSiSiSiSiSiSiSiSiSiSiSiSiGeSiGeGeGeGeGeGeGe
   -20840.5000000000 GeGeGeGeGeGeGeGeGeGeGeGeSiSiSiSiSiSiSiSiSiSiSiSiSiSiSiSiSiSiSiSiSiSiSiSiSiSiSiSiSiSiSiSiSiSiSiSiSiSiSiGeSiGeGeGeGeGeGeGe
   -20840.5000000000 GeGeGeGeGeGeGeGeGeGeGeGeSiSiSiSiSiSiSiSiSiSiSiSiSiSiSiSiSiSiSiSiSiSiSiSiSiSiSiSiSiSiSiSiSiSiSiSiSiSiSiGeSiGeGeGeGeGeGeGe
   -20840.5000000000 GeGeGeGeGeGeGeGeGeGeGeGeSiSiSiSiSiSiSiSiSiSiSiSiSiSiSiSiSiSiSiSiSiSiSiSiSiSiSiSiSiSiSiSiSiSiSiSiSiSiSiGeSiGeGeGeGeGeGeGe
   -20840.5000000000 GeGeGeGeGeGeGeGeGeGeGeGeSiSiSiSiSiSiSiSiSiSiSiSiSiSiSiSiSiSiSiSiSiSiSiSiSiSiSiSiSiSiSiSiSiSiSiSiSiSiSiGeSiGeGeGeGeGeGeGe
   -20840.5000000000 GeGeGeGeGeGeGeGeGeGeGeGeSiSiSiSiSiSiSiSiSiSiSiSiSiSiSiSiSiSiSiSiSiSiSiSiSiSiSiSiSiSiSiSiSiSiSiSiSiSiSiGeSiGeGeGeGeGeGeGe
   -20840.5000000000 GeGeGeGeGeGeGeGeGeGeGeGeSiSiSiSiSiSiSiSiSiSiSiSiSiSiSiSiSiSiSiSiSiSiSiSiSiSiSiSiSiSiSiSiSiSiSiSiSiSiSiGeSiGeGeGeGeGeGeGe
   -20840.5000000000 GeGeGeGeGeGeGeGeGeGeGeGeSiSiSiSiSiSiSiSiSiSiSiSiSiSiSiSiSiSiSiSiSiSiSiSiSiSiSiSiSiSiSiSiSiSiSiSiSiSiSiGeSiGeGeGeGeGeGeGe
   -20840.5000000000 GeGeGeGeGeGeGeGeGeGeGeGeSiSiSiSiSiSiSiSiSiSiSiSiSiSiSiSiSiSiSiSiSiSiSiSiSiSiSiSiSiSiSiSiSiSiSiSiSiSiSiGeSiGeGeGeGeGeGeGe
   -20840.5000000000 GeGeGeGeGeGeGeGeGeGeGeGeSiSiSiSiSiSiSiSiSiSiSiSiSiSiSiSiSiSiSiSiSiSiSiSiSiSiSiSiSiSiSiSiSiSiSiSiSiSiSiGeSiGeGeGeGeGeGeGe
   -20840.5000000000 GeGeGeGeGeGeGeGeGeGeGeGeSiSiSiSiSiSiSiSiSiSiSiSiSiSiSiSiSiSiSiSiSiSiSiSiSiSiSiSiSiSiSiSiSiSiSiSiSiSiSiGeSiGeGeGeGeGeGeGe
   -20840.5000000000 GeGeGeGeGeGeGeGeGeGeGeGeSiSiSiSiSiSiSiSiSiSiSiSiSiSiSiSiSiSiSiSiSiSiSiSiSiSiSiSiSiSiSiSiSiSiSiSiSiSiSiGeSiGeGeGeGeGeGeGe
   -20840.5000000000 GeGeGeGeGeGeGeGeGeGeGeGeSiSiSiSiSiSiSiSiSiSiSiSiSiSiSiSiSiSiSiSiSiSiSiSiSiSiSiSiSiSiSiSiSiSiSiSiSiSiSiGeSiGeGeGeGeGeGeGe
   -20840.5000000000 GeGeGeGeGeGeGeGeGeGeGeGeSiSiSiSiSiSiSiSiSiSiSiSiSiSiSiSiSiSiSiSiSiSiSiSiSiSiSiSiSiSiSiSiSiSiSiSiSiSiSiGeSiGeGeGeGeGeGeGe
   -20840.5000000000 GeGeGeGeGeGeGeGeGeGeGeGeSiSiSiSiSiSiSiSiSiSiSiSiSiSiSiSiSiSiSiSiSiSiSiSiSiSiSiSiSiSiSiSiSiSiSiSiSiSiSiGeSiGeGeGeGeGeGeGe
   -20840.5000000000 GeGeGeGeGeGeGeGeGeGeGeGeSiSiSiSiSiSiSiSiSiSiSiSiSiSiSiSiSiSiSiSiSiSiSiSiSiSiSiSiSiSiSiSiSiSiSiSiSiSiSiGeSiGeGeGeGeGeGeGe
   -20840.5000000000 GeGeGeGeGeGeGeGeGeGeGeGeSiSiSiSiSiSiSiSiSiSiSiSiSiSiSiSiSiSiSiSiSiSiSiSiSiSiSiSiSiSiSiSiSiSiSiSiSiSiSiGeSiGeGeGeGeGeGeGe
   -20840.5000000000 GeGeGeGeGeGeGeGeGeGeGeGeSiSiSiSiSiSiSiSiSiSiSiSiSiSiSiSiSiSiSiSiSiSiSiSiSiSiSiSiSiSiSiSiSiSiSiSiSiSiSiGeSiGeGeGeGeGeGeGe
   -20840.5000000000 GeGeGeGeGeGeGeGeGeGeGeGeSiSiSiSiSiSiSiSiSiSiSiSiSiSiSiSiSiSiSiSiSiSiSiSiSiSiSiSiSiSiSiSiSiSiSiSiSiSiSiGeSiGeGeGeGeGeGeGe
   -20840.5000000000 GeGeGeGeGeGeGeGeGeGeGeGeSiSiSiSiSiSiSiSiSiSiSiSiSiSiSiSiSiSiSiSiSiSiSiSiSiSiSiSiSiSiSiSiSiSiSiSiSiSiSiGeSiGeGeGeGeGeGeGe
   -20840.5000000000 GeGeGeGeGeGeGeGeGeGeGeGeSiSiSiSiSiSiSiSiSiSiSiSiSiSiSiSiSiSiSiSiSiSiSiSiSiSiSiSiSiSiSiSiSiSiSiSiSiSiSiGeSiGeGeGeGeGeGeGe
   -20840.5000000000 GeGeGeGeGeGeGeGeGeGeGeGeSiSiSiSiSiSiSiSiSiSiSiSiSiSiSiSiSiSiSiSiSiSiSiSiSiSiSiSiSiSiSiSiSiSiSiSiSiSiSiGeSiGeGeGeGeGeGeGe
   -20840.5000000000 GeGeGeGeGeGeGeGeGeGeGeGeSiSiSiSiSiSiSiSiSiSiSiSiSiSiSiSiSiSiSiSiSiSiSiSiSiSiSiSiSiSiSiSiSiSiSiSiSiSiSiGeSiGeGeGeGeGeGeGe
   -20840.5000000000 GeGeGeGeGeGeGeGeGeGeGeGeSiSiSiSiSiSiSiSiSiSiSiSiSiSiSiSiSiSiSiSiSiSiSiSiSiSiSiSiSiSiSiSiSiSiSiSiSiSiSiGeSiGeGeGeGeGeGeGe
   -20840.5000000000 GeGeGeGeGeGeGeGeGeGeGeGeSiSiSiSiSiSiSiSiSiSiSiSiSiSiSiSiSiSiSiSiSiSiSiSiSiSiSiSiSiSiSiSiSiSiSiSiSiSiSiGeSiGeGeGeGeGeGeGe
   -20840.5000000000 GeGeGeGeGeGeGeGeGeGeGeGeSiSiSiSiSiSiSiSiSiSiSiSiSiSiSiSiSiSiSiSiSiSiSiSiSiSiSiSiSiSiSiSiSiSiSiSiSiSiSiGeSiGeGeGeGeGeGeGe
   -20840.5000000000 GeGeGeGeGeGeGeGeGeGeGeGeSiSiSiSiSiSiSiSiSiSiSiSiSiSiSiSiSiSiSiSiSiSiSiSiSiSiSiSiSiSiSiSiSiSiSiSiSiSiSiGeSiGeGeGeGeGeGeGe
   -20840.5000000000 GeGeGeGeGeGeGeGeGeGeGeGeSiSiSiSiSiSiSiSiSiSiSiSiSiSiSiSiSiSiSiSiSiSiSiSiSiSiSiSiSiSiSiSiSiSiSiSiSiSiSiGeSiGeGeGeGeGeGeGe
   -20840.5000000000 GeGeGeGeGeGeGeGeGeGeGeGeSiSiSiSiSiSiSiSiSiSiSiSiSiSiSiSiSiSiSiSiSiSiSiSiSiSiSiSiSiSiSiSiSiSiSiSiSiSiSiGeSiGeGeGeGeGeGeGe
   -20840.5000000000 GeGeGeGeGeGeGeGeGeGeGeGeSiSiSiSiSiSiSiSiSiSiSiSiSiSiSiSiSiSiSiSiSiSiSiSiSiSiSiSiSiSiSiSiSiSiSiSiSiSiSiGeSiGeGeGeGeGeGeGe
   -20840.5000000000 GeGeGeGeGeGeGeGeGeGeGeGeSiSiSiSiSiSiSiSiSiSiSiSiSiSiSiSiSiSiSiSiSiSiSiSiSiSiSiSiSiSiSiSiSiSiSiSiSiSiSiGeSiGeGeGeGeGeGeGe
   -20840.5000000000 GeGeGeGeGeGeGeGeGeGeGeGeSiSiSiSiSiSiSiSiSiSiSiSiSiSiSiSiSiSiSiSiSiSiSiSiSiSiSiSiSiSiSiSiSiSiSiSiSiSiSiGeSiGeGeGeGeGeGeGe
   -20840.5000000000 GeGeGeGeGeGeGeGeGeGeGeGeSiSiSiSiSiSiSiSiSiSiSiSiSiSiSiSiSiSiSiSiSiSiSiSiSiSiSiSiSiSiSiSiSiSiSiSiSiSiSiGeSiGeGeGeGeGeGeGe
   -20840.5000000000 GeGeGeGeGeGeGeGeGeGeGeGeSiSiSiSiSiSiSiSiSiSiSiSiSiSiSiSiSiSiSiSiSiSiSiSiSiSiSiSiSiSiSiSiSiSiSiSiSiSiSiGeSiGeGeGeGeGeGeGe
   -20840.5000000000 GeGeGeGeGeGeGeGeGeGeGeGeSiSiSiSiSiSiSiSiSiSiSiSiSiSiSiSiSiSiSiSiSiSiSiSiSiSiSiSiSiSiSiSiSiSiSiSiSiSiSiGeSiGeGeGeGeGeGeGe
   -20840.5000000000 GeGeGeGeGeGeGeGeGeGeGeGeSiSiSiSiSiSiSiSiSiSiSiSiSiSiSiSiSiSiSiSiSiSiSiSiSiSiSiSiSiSiSiSiSiSiSiSiSiSiSiGeSiGeGeGeGeGeGeGe
   -20840.5000000000 GeGeGeGeGeGeGeGeGeGeGeGeSiSiSiSiSiSiSiSiSiSiSiSiSiSiSiSiSiSiSiSiSiSiSiSiSiSiSiSiSiSiSiSiSiSiSiSiSiSiSiGeSiGeGeGeGeGeGeGe
   -20840.5000000000 GeGeGeGeGeGeGeGeGeGeGeGeSiSiSiSiSiSiSiSiSiSiSiSiSiSiSiSiSiSiSiSiSiSiSiSiSiSiSiSiSiSiSiSiSiSiSiSiSiSiSiGeSiGeGeGeGeGeGeGe
   -20840.5000000000 GeGeGeGeGeGeGeGeGeGeGeGeSiSiSiSiSiSiSiSiSiSiSiSiSiSiSiSiSiSiSiSiSiSiSiSiSiSiSiSiSiSiSiSiSiSiSiSiSiSiSiGeSiGeGeGeGeGeGeGe
   -20840.5000000000 GeGeGeGeGeGeGeGeGeGeGeGeSiSiSiSiSiSiSiSiSiSiSiSiSiSiSiSiSiSiSiSiSiSiSiSiSiSiSiSiSiSiSiSiSiSiSiSiSiSiSiGeSiGeGeGeGeGeGeGe
   -20840.5000000000 GeGeGeGeGeGeGeGeGeGeGeGeSiSiSiSiSiSiSiSiSiSiSiSiSiSiSiSiSiSiSiSiSiSiSiSiSiSiSiSiSiSiSiSiSiSiSiSiSiSiSiGeSiGeGeGeGeGeGeGe
   -20840.5000000000 GeGeGeGeGeGeGeGeGeGeGeGeSiSiSiSiSiSiSiSiSiSiSiSiSiSiSiSiSiSiSiSiSiSiSiSiSiSiSiSiSiSiSiSiSiSiSiSiSiSiSiGeSiGeGeGeGeGeGeGe
   -20840.5000000000 GeGeGeGeGeGeGeGeGeGeGeGeSiSiSiSiSiSiSiSiSiSiSiSiSiSiSiSiSiSiSiSiSiSiSiSiSiSiSiSiSiSiSiSiSiSiSiSiSiSiSiGeSiGeGeGeGeGeGeGe
   -20840.5000000000 GeGeGeGeGeGeGeGeGeGeGeGeSiSiSiSiSiSiSiSiSiSiSiSiSiSiSiSiSiSiSiSiSiSiSiSiSiSiSiSiSiSiSiSiSiSiSiSiSiSiSiGeSiGeGeGeGeGeGeGe
filename: c000001239658635.gin     
Cell:
    11.9020996    11.9020996    29.6919994    90.0000000    90.0000000   120.0000000
Box:
    11.9020996    -5.9510503     0.0000000
     0.0000000    10.3075209     0.0000000
     0.0000000     0.0000000    29.6919994
----------------------------------------
Inverse Box:
     0.0840188     0.0485083     0.0000000
     0.0000000     0.0970165     0.0000000
     0.0000000     0.0000000     0.0336791
----------------------------------------
==============================================
geometrical properties of  20 Ge:
 Configuration:           0
 D_ave:   9.52231503       3.45590234    
 D_min:   3.27997923      0.653158963    
 energia:  -20840.5000    
