Random Seed:  1098207908
Number of atoms:    60
Space Group:    1
Cell:
    11.9020996    11.9020996    29.6919994    90.0000000    90.0000000   120.0000000
Box:
    11.9020996    -5.9510503     0.0000000
     0.0000000    10.3075209     0.0000000
     0.0000000     0.0000000    29.6919994
----------------------------------------
Inverse Box:
     0.0840188     0.0485083     0.0000000
     0.0000000     0.0970165     0.0000000
     0.0000000     0.0000000     0.0336791
----------------------------------------
GeSiSiSiSiSiSiSiSiSiSiSiSiSiSiSiSiSiSiSiSiSiSiSiSiSiSiSiSiSiSiSiSiGeSiSiSiSiSiSiSiSiSiSiSiSiSiSiSiSiSiSiSiSiSiSiSiSiSiSi
           1 Ge    -7733.59912    
GeSiGeSiSiSiSiSiSiSiSiSiSiSiSiSiSiSiSiSiSiSiSiSiSiSiSiSiSiSiSiSiSiGeSiSiSiSiSiSiSiSiSiSiSiSiSiSiSiSiSiSiSiSiSiSiSiSiSiSi
           3 Ge    -7721.62061    
GeSiGeGeSiSiSiSiSiSiSiSiSiSiSiSiSiSiSiSiSiSiSiSiSiSiSiSiSiSiSiSiSiGeSiSiSiSiSiSiSiSiSiSiSiSiSiSiSiSiSiSiSiSiSiSiSiSiSiSi
           4 Ge    -7728.32617    
GeSiGeGeSiGeSiSiSiSiSiSiSiSiSiSiSiSiSiSiSiSiSiSiSiSiSiSiSiSiSiSiSiGeSiSiSiSiSiSiSiSiSiSiSiSiSiSiSiSiSiSiSiSiSiSiSiSiSiSi
           6 Ge    -7748.51807    
GeSiGeGeSiGeGeSiSiSiSiSiSiSiSiSiSiSiSiSiSiSiSiSiSiSiSiSiSiSiSiSiSiGeSiSiSiSiSiSiSiSiSiSiSiSiSiSiSiSiSiSiSiSiSiSiSiSiSiSi
           7 Ge    -7817.48242    
GeSiGeGeSiGeGeGeSiSiSiSiSiSiSiSiSiSiSiSiSiSiSiSiSiSiSiSiSiSiSiSiSiGeSiSiSiSiSiSiSiSiSiSiSiSiSiSiSiSiSiSiSiSiSiSiSiSiSiSi
           8 Ge    -7910.18994    
GeSiGeGeSiGeGeGeGeSiSiSiSiSiSiSiSiSiSiSiSiSiSiSiSiSiSiSiSiSiSiSiSiGeSiSiSiSiSiSiSiSiSiSiSiSiSiSiSiSiSiSiSiSiSiSiSiSiSiSi
           9 Ge    -8034.39648    
GeSiGeGeSiGeGeGeGeSiSiGeSiSiSiSiSiSiSiSiSiSiSiSiSiSiSiSiSiSiSiSiSiGeSiSiSiSiSiSiSiSiSiSiSiSiSiSiSiSiSiSiSiSiSiSiSiSiSiSi
          12 Ge    -8286.85547    
GeSiGeGeSiGeGeGeGeSiSiGeSiGeSiSiSiSiSiSiSiSiSiSiSiSiSiSiSiSiSiSiSiGeSiSiSiSiSiSiSiSiSiSiSiSiSiSiSiSiSiSiSiSiSiSiSiSiSiSi
          14 Ge    -8586.51367    
GeSiGeGeSiGeGeGeGeSiSiGeSiGeSiGeSiSiSiSiSiSiSiSiSiSiSiSiSiSiSiSiSiGeSiSiSiSiSiSiSiSiSiSiSiSiSiSiSiSiSiSiSiSiSiSiSiSiSiSi
          16 Ge    -8742.34277    
GeSiGeGeSiGeGeGeGeSiSiGeSiGeSiGeSiSiSiSiGeSiSiSiSiSiSiSiSiSiSiSiSiGeSiSiSiSiSiSiSiSiSiSiSiSiSiSiSiSiSiSiSiSiSiSiSiSiSiSi
          21 Ge    -8671.79395    
GeSiGeGeSiGeGeGeGeSiSiGeSiGeSiGeSiSiSiSiGeSiSiSiSiGeSiSiSiSiSiSiSiGeSiSiSiSiSiSiSiSiSiSiSiSiSiSiSiSiSiSiSiSiSiSiSiSiSiSi
          26 Ge    -8491.56934    
GeSiGeGeSiGeGeGeGeSiSiGeSiGeSiGeSiSiSiSiGeSiSiSiSiGeSiSiSiGeSiSiSiGeSiSiSiSiSiSiSiSiSiSiSiSiSiSiSiSiSiSiSiSiSiSiSiSiSiSi
          30 Ge    -8170.38623    
GeSiGeGeSiGeGeGeGeSiSiGeSiGeSiGeSiSiSiSiGeSiSiSiSiGeSiSiSiGeSiSiGeGeSiSiSiSiSiSiSiSiSiSiSiSiSiSiSiSiSiSiSiSiSiSiSiSiSiSi
          33 Ge    -8526.38965    
GeSiGeGeSiGeGeGeGeSiSiGeSiGeSiGeSiSiSiSiGeSiSiSiSiGeSiSiSiGeSiSiGeGeSiSiSiSiGeSiSiSiSiSiSiSiSiSiSiSiSiSiSiSiSiSiSiSiSiSi
          39 Ge    -8097.95850    
GeSiGeGeSiGeGeGeGeSiSiGeSiGeSiGeSiSiSiSiGeSiSiSiSiGeSiSiSiGeSiSiGeGeSiSiSiSiGeGeSiSiSiSiSiSiSiSiSiSiSiSiSiSiSiSiSiSiSiSi
          40 Ge    -7790.79199    
GeSiGeGeSiGeGeGeGeSiSiGeSiGeSiGeSiSiSiSiGeSiSiSiSiGeSiSiSiGeSiSiGeGeSiSiSiSiGeGeGeSiSiSiSiSiSiSiSiSiSiSiSiSiSiSiSiSiSiSi
          41 Ge    -8206.71094    
GeSiGeGeSiGeGeGeGeSiSiGeSiGeSiGeSiSiSiSiGeSiSiSiSiGeSiSiSiGeSiSiGeGeSiSiSiSiGeGeGeGeSiSiSiSiSiSiSiSiSiSiSiSiSiSiSiSiSiSi
          42 Ge    -6607.71729    
GeSiGeGeSiGeGeGeGeSiSiGeSiGeSiGeSiSiSiSiGeSiSiSiSiGeSiSiSiGeSiSiGeGeSiSiSiSiGeGeGeGeSiSiSiGeSiSiSiSiSiSiSiSiSiSiSiSiSiSi
          46 Ge    -6852.63965    
GeSiGeGeSiGeGeGeGeSiSiGeSiGeSiGeSiSiSiSiGeSiSiSiSiGeSiSiSiGeSiSiGeGeSiSiSiSiGeGeGeGeSiSiSiGeSiSiSiSiSiSiGeSiSiSiSiSiSiSi
          53 Ge    -8630.57910    
==============================================
MonteCarlo: Metropolis with identity changes
Si > Ge, Ge > Si. STOP when occurrence <    0.00000
==============================================
Cost_function     Occurrence %     Scan-Cost
   -17417.7929687500 SiSiGeSiSiGeGeGeGeSiSiGeGeSiGeGeSiSiSiSiGeSiSiSiSiSiSiGeSiGeSiGeSiGeSiSiSiSiSiSiGeSiSiSiSiSiSiSiSiSiGeGeSiGeSiSiGeGeGeSi
   -18126.4335937500 SiSiGeSiSiGeSiGeGeSiSiGeGeGeGeGeSiSiSiGeGeSiSiSiSiSiSiGeSiSiSiGeSiSiSiSiSiSiSiSiSiSiSiSiSiSiSiSiGeGeGeGeGeSiSiSiGeGeGeSi
   -18193.8554687500 SiSiGeSiSiGeSiGeGeSiSiGeGeGeGeGeSiSiSiGeGeSiSiSiSiSiSiGeSiSiSiGeGeSiSiSiSiSiSiSiSiSiSiSiSiSiSiSiGeGeGeGeGeGeSiSiSiSiGeSi
   -18230.1679687500 SiSiGeSiSiGeSiGeGeSiSiGeGeGeGeGeSiSiSiSiGeSiSiSiSiSiSiGeSiSiSiGeGeSiSiSiSiSiSiSiSiSiSiSiSiGeSiSiGeGeGeGeGeGeSiSiSiSiGeSi
   -18766.9414062500 SiSiGeGeSiGeGeGeSiSiSiGeGeGeGeGeSiSiSiGeGeSiSiSiSiSiSiGeSiSiSiGeSiSiSiSiSiSiSiSiSiSiSiSiSiGeSiSiGeGeGeGeGeGeSiSiSiSiSiSi
   -18766.9414062500 SiSiGeGeSiGeGeGeSiSiSiGeGeGeGeGeSiSiSiGeGeSiSiSiSiSiSiGeSiSiSiGeSiSiSiSiSiSiSiSiSiSiSiSiSiGeSiSiGeGeGeGeGeGeSiSiSiSiSiSi
   -18766.9414062500 SiSiGeGeSiGeGeGeSiSiSiGeGeGeGeGeSiSiSiGeGeSiSiSiSiSiSiGeSiSiSiGeSiSiSiSiSiSiSiSiSiSiSiSiSiGeSiSiGeGeGeGeGeGeSiSiSiSiSiSi
   -18831.7656250000 SiSiGeGeSiGeGeGeSiSiSiGeGeGeGeGeSiSiSiGeSiSiSiSiGeSiSiGeSiSiSiGeSiSiSiSiSiSiSiSiSiSiSiSiSiGeSiSiGeGeGeGeGeGeSiSiSiSiSiSi
   -18831.7656250000 SiSiGeGeSiGeGeGeSiSiSiGeGeGeGeGeSiSiSiGeSiSiSiSiGeSiSiGeSiSiSiGeSiSiSiSiSiSiSiSiSiSiSiSiSiGeSiSiGeGeGeGeGeGeSiSiSiSiSiSi
   -18831.7656250000 SiSiGeGeSiGeGeGeSiSiSiGeGeGeGeGeSiSiSiGeSiSiSiSiGeSiSiGeSiSiSiGeSiSiSiSiSiSiSiSiSiSiSiSiSiGeSiSiGeGeGeGeGeGeSiSiSiSiSiSi
   -18831.7656250000 SiSiGeGeSiGeGeGeSiSiSiGeGeGeGeGeSiSiSiGeSiSiSiSiGeSiSiGeSiSiSiGeSiSiSiSiSiSiSiSiSiSiSiSiSiGeSiSiGeGeGeGeGeGeSiSiSiSiSiSi
   -18831.7656250000 SiSiGeGeSiGeGeGeSiSiSiGeGeGeGeGeSiSiSiGeSiSiSiSiGeSiSiGeSiSiSiGeSiSiSiSiSiSiSiSiSiSiSiSiSiGeSiSiGeGeGeGeGeGeSiSiSiSiSiSi
   -18831.7656250000 SiSiGeGeSiGeGeGeSiSiSiGeGeGeGeGeSiSiSiGeSiSiSiSiGeSiSiGeSiSiSiGeSiSiSiSiSiSiSiSiSiSiSiSiSiGeSiSiGeGeGeGeGeGeSiSiSiSiSiSi
   -18831.7656250000 SiSiGeGeSiGeGeGeSiSiSiGeGeGeGeGeSiSiSiGeSiSiSiSiGeSiSiGeSiSiSiGeSiSiSiSiSiSiSiSiSiSiSiSiSiGeSiSiGeGeGeGeGeGeSiSiSiSiSiSi
   -19574.2695312500 SiSiGeGeSiGeGeGeSiSiGeGeGeSiGeGeSiSiSiGeSiSiSiSiGeSiSiGeSiSiSiGeSiSiSiSiSiSiSiSiSiSiSiSiSiGeSiSiGeGeGeGeGeGeSiSiSiSiSiSi
   -19574.2695312500 SiSiGeGeSiGeGeGeSiSiGeGeGeSiGeGeSiSiSiGeSiSiSiSiGeSiSiGeSiSiSiGeSiSiSiSiSiSiSiSiSiSiSiSiSiGeSiSiGeGeGeGeGeGeSiSiSiSiSiSi
   -19574.2695312500 SiSiGeGeSiGeGeGeSiSiGeGeGeSiGeGeSiSiSiGeSiSiSiSiGeSiSiGeSiSiSiGeSiSiSiSiSiSiSiSiSiSiSiSiSiGeSiSiGeGeGeGeGeGeSiSiSiSiSiSi
   -19574.2695312500 SiSiGeGeSiGeGeGeSiSiGeGeGeSiGeGeSiSiSiGeSiSiSiSiGeSiSiGeSiSiSiGeSiSiSiSiSiSiSiSiSiSiSiSiSiGeSiSiGeGeGeGeGeGeSiSiSiSiSiSi
   -19604.2343750000 SiSiGeGeGeGeGeGeSiSiGeGeGeGeGeGeSiSiSiSiSiSiSiSiSiSiSiSiSiSiSiGeSiSiSiSiSiSiSiSiSiSiSiSiSiGeSiSiGeGeGeGeGeGeSiGeSiSiSiSi
   -19802.9101562500 SiSiGeGeSiGeGeGeSiSiGeGeGeGeGeSiSiSiSiGeSiSiSiSiSiSiSiSiSiSiSiGeGeSiSiSiSiSiSiSiSiSiSiSiSiGeSiSiGeGeGeGeGeGeGeSiSiSiSiSi
   -19802.9101562500 SiSiGeGeSiGeGeGeSiSiGeGeGeGeGeSiSiSiSiGeSiSiSiSiSiSiSiSiSiSiSiGeGeSiSiSiSiSiSiSiSiSiSiSiSiGeSiSiGeGeGeGeGeGeGeSiSiSiSiSi
   -19802.9101562500 SiSiGeGeSiGeGeGeSiSiGeGeGeGeGeSiSiSiSiGeSiSiSiSiSiSiSiSiSiSiSiGeGeSiSiSiSiSiSiSiSiSiSiSiSiGeSiSiGeGeGeGeGeGeGeSiSiSiSiSi
   -19802.9101562500 SiSiGeGeSiGeGeGeSiSiGeGeGeGeGeSiSiSiSiGeSiSiSiSiSiSiSiSiSiSiSiGeGeSiSiSiSiSiSiSiSiSiSiSiSiGeSiSiGeGeGeGeGeGeGeSiSiSiSiSi
   -19802.9101562500 SiSiGeGeSiGeGeGeSiSiGeGeGeGeGeSiSiSiSiGeSiSiSiSiSiSiSiSiSiSiSiGeGeSiSiSiSiSiSiSiSiSiSiSiSiGeSiSiGeGeGeGeGeGeGeSiSiSiSiSi
   -19802.9101562500 SiSiGeGeSiGeGeGeSiSiGeGeGeGeGeSiSiSiSiGeSiSiSiSiSiSiSiSiSiSiSiGeGeSiSiSiSiSiSiSiSiSiSiSiSiGeSiSiGeGeGeGeGeGeGeSiSiSiSiSi
   -19802.9101562500 SiSiGeGeSiGeGeGeSiSiGeGeGeGeGeSiSiSiSiGeSiSiSiSiSiSiSiSiSiSiSiGeGeSiSiSiSiSiSiSiSiSiSiSiSiGeSiSiGeGeGeGeGeGeGeSiSiSiSiSi
   -19802.9101562500 SiSiGeGeSiGeGeGeSiSiGeGeGeGeGeSiSiSiSiGeSiSiSiSiSiSiSiSiSiSiSiGeGeSiSiSiSiSiSiSiSiSiSiSiSiGeSiSiGeGeGeGeGeGeGeSiSiSiSiSi
   -19859.2617187500 SiSiGeGeSiGeGeGeSiSiGeGeGeGeGeSiGeSiSiGeSiSiSiSiSiSiSiSiSiSiSiGeSiSiSiSiSiSiSiSiSiSiSiSiSiGeSiSiGeGeGeGeGeGeGeSiSiSiSiSi
   -20424.6250000000 SiSiGeGeSiGeGeGeSiGeGeGeGeGeSiSiGeSiSiGeSiSiSiSiSiSiSiSiSiSiSiGeSiSiSiSiSiSiSiSiSiSiSiSiSiGeSiSiGeGeGeGeGeGeGeSiSiSiSiSi
   -20424.6250000000 SiSiGeGeSiGeGeGeSiGeGeGeGeGeSiSiGeSiSiGeSiSiSiSiSiSiSiSiSiSiSiGeSiSiSiSiSiSiSiSiSiSiSiSiSiGeSiSiGeGeGeGeGeGeGeSiSiSiSiSi
   -20424.6250000000 SiSiGeGeSiGeGeGeSiGeGeGeGeGeSiSiGeSiSiGeSiSiSiSiSiSiSiSiSiSiSiGeSiSiSiSiSiSiSiSiSiSiSiSiSiGeSiSiGeGeGeGeGeGeGeSiSiSiSiSi
   -20424.6250000000 SiSiGeGeSiGeGeGeSiGeGeGeGeGeSiSiGeSiSiGeSiSiSiSiSiSiSiSiSiSiSiGeSiSiSiSiSiSiSiSiSiSiSiSiSiGeSiSiGeGeGeGeGeGeGeSiSiSiSiSi
   -20424.6250000000 SiSiGeGeSiGeGeGeSiGeGeGeGeGeSiSiGeSiSiGeSiSiSiSiSiSiSiSiSiSiSiGeSiSiSiSiSiSiSiSiSiSiSiSiSiGeSiSiGeGeGeGeGeGeGeSiSiSiSiSi
   -20424.6250000000 SiSiGeGeSiGeGeGeSiGeGeGeGeGeSiSiGeSiSiGeSiSiSiSiSiSiSiSiSiSiSiGeSiSiSiSiSiSiSiSiSiSiSiSiSiGeSiSiGeGeGeGeGeGeGeSiSiSiSiSi
   -20424.6250000000 SiSiGeGeSiGeGeGeSiGeGeGeGeGeSiSiGeSiSiGeSiSiSiSiSiSiSiSiSiSiSiGeSiSiSiSiSiSiSiSiSiSiSiSiSiGeSiSiGeGeGeGeGeGeGeSiSiSiSiSi
   -20424.6250000000 SiSiGeGeSiGeGeGeSiGeGeGeGeGeSiSiGeSiSiGeSiSiSiSiSiSiSiSiSiSiSiGeSiSiSiSiSiSiSiSiSiSiSiSiSiGeSiSiGeGeGeGeGeGeGeSiSiSiSiSi
   -20430.5195312500 SiSiGeGeSiGeGeGeSiGeGeGeGeGeSiSiSiSiSiGeSiSiSiSiGeSiSiSiSiSiSiGeSiSiSiSiSiSiSiSiSiSiSiSiSiGeSiSiGeGeGeGeGeGeGeSiSiSiSiSi
   -20985.4082031250 GeSiGeGeSiGeGeGeSiGeSiGeSiGeSiGeSiSiSiGeGeSiSiSiSiSiSiSiSiSiSiSiSiSiSiSiSiSiSiSiSiSiSiSiSiSiSiSiGeGeGeGeGeGeGeGeSiSiSiGe
   -20985.4082031250 GeSiGeGeSiGeGeGeSiGeSiGeSiGeSiGeSiSiSiGeGeSiSiSiSiSiSiSiSiSiSiSiSiSiSiSiSiSiSiSiSiSiSiSiSiSiSiSiGeGeGeGeGeGeGeGeSiSiSiGe
   -21056.6210937500 GeSiGeGeSiGeGeGeSiGeSiGeSiSiSiGeSiSiSiGeGeSiSiSiSiSiSiSiSiSiSiSiSiSiSiSiSiSiSiSiSiSiSiSiSiSiSiSiGeGeGeGeGeGeGeGeGeSiSiGe
   -21056.6210937500 GeSiGeGeSiGeGeGeSiGeSiGeSiSiSiGeSiSiSiGeGeSiSiSiSiSiSiSiSiSiSiSiSiSiSiSiSiSiSiSiSiSiSiSiSiSiSiSiGeGeGeGeGeGeGeGeGeSiSiGe
   -21598.5585937500 GeGeGeGeSiGeGeGeSiGeSiGeSiSiSiGeSiSiSiSiGeSiSiSiSiSiSiSiSiSiSiSiSiSiSiSiSiSiSiSiSiSiSiSiSiSiSiSiGeGeSiGeGeGeGeGeGeSiGeGe
   -21948.0273437500 GeGeGeGeSiGeGeGeSiGeGeGeSiSiSiGeSiSiSiSiGeSiSiSiSiSiSiSiSiSiSiSiSiSiSiSiSiSiSiSiSiSiSiSiSiSiSiSiGeGeSiGeGeSiGeGeGeSiGeGe
   -22037.2929687500 GeGeGeGeSiGeGeGeSiGeGeGeSiSiSiGeSiSiSiSiGeSiSiSiSiSiSiSiSiSiSiSiSiSiSiSiSiSiSiSiSiSiSiSiSiSiSiSiGeGeSiGeGeSiGeGeGeGeSiGe
   -22037.2929687500 GeGeGeGeSiGeGeGeSiGeGeGeSiSiSiGeSiSiSiSiGeSiSiSiSiSiSiSiSiSiSiSiSiSiSiSiSiSiSiSiSiSiSiSiSiSiSiSiGeGeSiGeGeSiGeGeGeGeSiGe
   -22037.2929687500 GeGeGeGeSiGeGeGeSiGeGeGeSiSiSiGeSiSiSiSiGeSiSiSiSiSiSiSiSiSiSiSiSiSiSiSiSiSiSiSiSiSiSiSiSiSiSiSiGeGeSiGeGeSiGeGeGeGeSiGe
   -22037.2929687500 GeGeGeGeSiGeGeGeSiGeGeGeSiSiSiGeSiSiSiSiGeSiSiSiSiSiSiSiSiSiSiSiSiSiSiSiSiSiSiSiSiSiSiSiSiSiSiSiGeGeSiGeGeSiGeGeGeGeSiGe
   -22037.2929687500 GeGeGeGeSiGeGeGeSiGeGeGeSiSiSiGeSiSiSiSiGeSiSiSiSiSiSiSiSiSiSiSiSiSiSiSiSiSiSiSiSiSiSiSiSiSiSiSiGeGeSiGeGeSiGeGeGeGeSiGe
   -22037.2929687500 GeGeGeGeSiGeGeGeSiGeGeGeSiSiSiGeSiSiSiSiGeSiSiSiSiSiSiSiSiSiSiSiSiSiSiSiSiSiSiSiSiSiSiSiSiSiSiSiGeGeSiGeGeSiGeGeGeGeSiGe
   -22037.2929687500 GeGeGeGeSiGeGeGeSiGeGeGeSiSiSiGeSiSiSiSiGeSiSiSiSiSiSiSiSiSiSiSiSiSiSiSiSiSiSiSiSiSiSiSiSiSiSiSiGeGeSiGeGeSiGeGeGeGeSiGe
   -22037.2929687500 GeGeGeGeSiGeGeGeSiGeGeGeSiSiSiGeSiSiSiSiGeSiSiSiSiSiSiSiSiSiSiSiSiSiSiSiSiSiSiSiSiSiSiSiSiSiSiSiGeGeSiGeGeSiGeGeGeGeSiGe
   -22037.2929687500 GeGeGeGeSiGeGeGeSiGeGeGeSiSiSiGeSiSiSiSiGeSiSiSiSiSiSiSiSiSiSiSiSiSiSiSiSiSiSiSiSiSiSiSiSiSiSiSiGeGeSiGeGeSiGeGeGeGeSiGe
   -22066.7460937500 GeGeGeGeSiGeGeGeSiGeGeGeSiSiSiGeSiSiSiSiGeSiSiSiSiSiSiSiSiSiSiSiSiSiSiSiSiSiSiSiSiSiSiSiSiSiSiSiGeGeSiGeGeGeSiGeGeGeSiGe
   -22066.7460937500 GeGeGeGeSiGeGeGeSiGeGeGeSiSiSiGeSiSiSiSiGeSiSiSiSiSiSiSiSiSiSiSiSiSiSiSiSiSiSiSiSiSiSiSiSiSiSiSiGeGeSiGeGeGeSiGeGeGeSiGe
   -22066.7460937500 GeGeGeGeSiGeGeGeSiGeGeGeSiSiSiGeSiSiSiSiGeSiSiSiSiSiSiSiSiSiSiSiSiSiSiSiSiSiSiSiSiSiSiSiSiSiSiSiGeGeSiGeGeGeSiGeGeGeSiGe
   -22066.7460937500 GeGeGeGeSiGeGeGeSiGeGeGeSiSiSiGeSiSiSiSiGeSiSiSiSiSiSiSiSiSiSiSiSiSiSiSiSiSiSiSiSiSiSiSiSiSiSiSiGeGeSiGeGeGeSiGeGeGeSiGe
   -22066.7460937500 GeGeGeGeSiGeGeGeSiGeGeGeSiSiSiGeSiSiSiSiGeSiSiSiSiSiSiSiSiSiSiSiSiSiSiSiSiSiSiSiSiSiSiSiSiSiSiSiGeGeSiGeGeGeSiGeGeGeSiGe
   -22066.7460937500 GeGeGeGeSiGeGeGeSiGeGeGeSiSiSiGeSiSiSiSiGeSiSiSiSiSiSiSiSiSiSiSiSiSiSiSiSiSiSiSiSiSiSiSiSiSiSiSiGeGeSiGeGeGeSiGeGeGeSiGe
   -22183.1953125000 GeGeGeGeSiGeGeGeSiGeGeGeSiSiSiSiSiSiSiSiGeSiSiSiSiSiSiSiSiSiSiSiSiSiSiSiSiSiSiSiSiSiSiSiSiSiSiSiGeGeSiGeGeGeGeGeGeGeSiGe
   -22183.1953125000 GeGeGeGeSiGeGeGeSiGeGeGeSiSiSiSiSiSiSiSiGeSiSiSiSiSiSiSiSiSiSiSiSiSiSiSiSiSiSiSiSiSiSiSiSiSiSiSiGeGeSiGeGeGeGeGeGeGeSiGe
   -22183.1953125000 GeGeGeGeSiGeGeGeSiGeGeGeSiSiSiSiSiSiSiSiGeSiSiSiSiSiSiSiSiSiSiSiSiSiSiSiSiSiSiSiSiSiSiSiSiSiSiSiGeGeSiGeGeGeGeGeGeGeSiGe
   -22183.1953125000 GeGeGeGeSiGeGeGeSiGeGeGeSiSiSiSiSiSiSiSiGeSiSiSiSiSiSiSiSiSiSiSiSiSiSiSiSiSiSiSiSiSiSiSiSiSiSiSiGeGeSiGeGeGeGeGeGeGeSiGe
   -22225.2773437500 GeGeGeGeSiGeGeGeSiGeGeGeSiSiSiSiSiSiSiSiSiSiSiSiSiSiSiSiSiSiSiSiSiSiSiSiSiSiGeSiSiSiSiSiSiSiSiSiGeGeSiGeGeGeGeGeGeGeSiGe
   -22225.2773437500 GeGeGeGeSiGeGeGeSiGeGeGeSiSiSiSiSiSiSiSiSiSiSiSiSiSiSiSiSiSiSiSiSiSiSiSiSiSiGeSiSiSiSiSiSiSiSiSiGeGeSiGeGeGeGeGeGeGeSiGe
   -22225.2773437500 GeGeGeGeSiGeGeGeSiGeGeGeSiSiSiSiSiSiSiSiSiSiSiSiSiSiSiSiSiSiSiSiSiSiSiSiSiSiGeSiSiSiSiSiSiSiSiSiGeGeSiGeGeGeGeGeGeGeSiGe
   -22225.2773437500 GeGeGeGeSiGeGeGeSiGeGeGeSiSiSiSiSiSiSiSiSiSiSiSiSiSiSiSiSiSiSiSiSiSiSiSiSiSiGeSiSiSiSiSiSiSiSiSiGeGeSiGeGeGeGeGeGeGeSiGe
   -22225.2773437500 GeGeGeGeSiGeGeGeSiGeGeGeSiSiSiSiSiSiSiSiSiSiSiSiSiSiSiSiSiSiSiSiSiSiSiSiSiSiGeSiSiSiSiSiSiSiSiSiGeGeSiGeGeGeGeGeGeGeSiGe
   -22244.6445312500 GeGeGeGeSiGeGeGeSiGeGeGeSiSiSiSiSiSiSiSiSiSiSiSiSiSiSiSiSiSiSiSiSiSiSiSiSiSiGeSiSiSiSiSiSiSiSiSiGeGeSiGeGeGeSiGeGeGeGeGe
   -22244.6445312500 GeGeGeGeSiGeGeGeSiGeGeGeSiSiSiSiSiSiSiSiSiSiSiSiSiSiSiSiSiSiSiSiSiSiSiSiSiSiGeSiSiSiSiSiSiSiSiSiGeGeSiGeGeGeSiGeGeGeGeGe
   -22244.6445312500 GeGeGeGeSiGeGeGeSiGeGeGeSiSiSiSiSiSiSiSiSiSiSiSiSiSiSiSiSiSiSiSiSiSiSiSiSiSiGeSiSiSiSiSiSiSiSiSiGeGeSiGeGeGeSiGeGeGeGeGe
   -22244.6445312500 GeGeGeGeSiGeGeGeSiGeGeGeSiSiSiSiSiSiSiSiSiSiSiSiSiSiSiSiSiSiSiSiSiSiSiSiSiSiGeSiSiSiSiSiSiSiSiSiGeGeSiGeGeGeSiGeGeGeGeGe
   -22244.6445312500 GeGeGeGeSiGeGeGeSiGeGeGeSiSiSiSiSiSiSiSiSiSiSiSiSiSiSiSiSiSiSiSiSiSiSiSiSiSiGeSiSiSiSiSiSiSiSiSiGeGeSiGeGeGeSiGeGeGeGeGe
   -22244.6445312500 GeGeGeGeSiGeGeGeSiGeGeGeSiSiSiSiSiSiSiSiSiSiSiSiSiSiSiSiSiSiSiSiSiSiSiSiSiSiGeSiSiSiSiSiSiSiSiSiGeGeSiGeGeGeSiGeGeGeGeGe
   -22244.6445312500 GeGeGeGeSiGeGeGeSiGeGeGeSiSiSiSiSiSiSiSiSiSiSiSiSiSiSiSiSiSiSiSiSiSiSiSiSiSiGeSiSiSiSiSiSiSiSiSiGeGeSiGeGeGeSiGeGeGeGeGe
   -22244.6445312500 GeGeGeGeSiGeGeGeSiGeGeGeSiSiSiSiSiSiSiSiSiSiSiSiSiSiSiSiSiSiSiSiSiSiSiSiSiSiGeSiSiSiSiSiSiSiSiSiGeGeSiGeGeGeSiGeGeGeGeGe
   -22244.6445312500 GeGeGeGeSiGeGeGeSiGeGeGeSiSiSiSiSiSiSiSiSiSiSiSiSiSiSiSiSiSiSiSiSiSiSiSiSiSiGeSiSiSiSiSiSiSiSiSiGeGeSiGeGeGeSiGeGeGeGeGe
   -22244.6445312500 GeGeGeGeSiGeGeGeSiGeGeGeSiSiSiSiSiSiSiSiSiSiSiSiSiSiSiSiSiSiSiSiSiSiSiSiSiSiGeSiSiSiSiSiSiSiSiSiGeGeSiGeGeGeSiGeGeGeGeGe
   -22244.6445312500 GeGeGeGeSiGeGeGeSiGeGeGeSiSiSiSiSiSiSiSiSiSiSiSiSiSiSiSiSiSiSiSiSiSiSiSiSiSiGeSiSiSiSiSiSiSiSiSiGeGeSiGeGeGeSiGeGeGeGeGe
   -22244.6445312500 GeGeGeGeSiGeGeGeSiGeGeGeSiSiSiSiSiSiSiSiSiSiSiSiSiSiSiSiSiSiSiSiSiSiSiSiSiSiGeSiSiSiSiSiSiSiSiSiGeGeSiGeGeGeSiGeGeGeGeGe
   -22244.6445312500 GeGeGeGeSiGeGeGeSiGeGeGeSiSiSiSiSiSiSiSiSiSiSiSiSiSiSiSiSiSiSiSiSiSiSiSiSiSiGeSiSiSiSiSiSiSiSiSiGeGeSiGeGeGeSiGeGeGeGeGe
   -22244.6445312500 GeGeGeGeSiGeGeGeSiGeGeGeSiSiSiSiSiSiSiSiSiSiSiSiSiSiSiSiSiSiSiSiSiSiSiSiSiSiGeSiSiSiSiSiSiSiSiSiGeGeSiGeGeGeSiGeGeGeGeGe
   -22244.6445312500 GeGeGeGeSiGeGeGeSiGeGeGeSiSiSiSiSiSiSiSiSiSiSiSiSiSiSiSiSiSiSiSiSiSiSiSiSiSiGeSiSiSiSiSiSiSiSiSiGeGeSiGeGeGeSiGeGeGeGeGe
   -22244.6445312500 GeGeGeGeSiGeGeGeSiGeGeGeSiSiSiSiSiSiSiSiSiSiSiSiSiSiSiSiSiSiSiSiSiSiSiSiSiSiGeSiSiSiSiSiSiSiSiSiGeGeSiGeGeGeSiGeGeGeGeGe
   -22244.6445312500 GeGeGeGeSiGeGeGeSiGeGeGeSiSiSiSiSiSiSiSiSiSiSiSiSiSiSiSiSiSiSiSiSiSiSiSiSiSiGeSiSiSiSiSiSiSiSiSiGeGeSiGeGeGeSiGeGeGeGeGe
   -22244.6445312500 GeGeGeGeSiGeGeGeSiGeGeGeSiSiSiSiSiSiSiSiSiSiSiSiSiSiSiSiSiSiSiSiSiSiSiSiSiSiGeSiSiSiSiSiSiSiSiSiGeGeSiGeGeGeSiGeGeGeGeGe
   -22244.6445312500 GeGeGeGeSiGeGeGeSiGeGeGeSiSiSiSiSiSiSiSiSiSiSiSiSiSiSiSiSiSiSiSiSiSiSiSiSiSiGeSiSiSiSiSiSiSiSiSiGeGeSiGeGeGeSiGeGeGeGeGe
   -22244.6445312500 GeGeGeGeSiGeGeGeSiGeGeGeSiSiSiSiSiSiSiSiSiSiSiSiSiSiSiSiSiSiSiSiSiSiSiSiSiSiGeSiSiSiSiSiSiSiSiSiGeGeSiGeGeGeSiGeGeGeGeGe
   -22244.6445312500 GeGeGeGeSiGeGeGeSiGeGeGeSiSiSiSiSiSiSiSiSiSiSiSiSiSiSiSiSiSiSiSiSiSiSiSiSiSiGeSiSiSiSiSiSiSiSiSiGeGeSiGeGeGeSiGeGeGeGeGe
   -22244.6445312500 GeGeGeGeSiGeGeGeSiGeGeGeSiSiSiSiSiSiSiSiSiSiSiSiSiSiSiSiSiSiSiSiSiSiSiSiSiSiGeSiSiSiSiSiSiSiSiSiGeGeSiGeGeGeSiGeGeGeGeGe
   -22244.6445312500 GeGeGeGeSiGeGeGeSiGeGeGeSiSiSiSiSiSiSiSiSiSiSiSiSiSiSiSiSiSiSiSiSiSiSiSiSiSiGeSiSiSiSiSiSiSiSiSiGeGeSiGeGeGeSiGeGeGeGeGe
   -22244.6445312500 GeGeGeGeSiGeGeGeSiGeGeGeSiSiSiSiSiSiSiSiSiSiSiSiSiSiSiSiSiSiSiSiSiSiSiSiSiSiGeSiSiSiSiSiSiSiSiSiGeGeSiGeGeGeSiGeGeGeGeGe
   -22244.6445312500 GeGeGeGeSiGeGeGeSiGeGeGeSiSiSiSiSiSiSiSiSiSiSiSiSiSiSiSiSiSiSiSiSiSiSiSiSiSiGeSiSiSiSiSiSiSiSiSiGeGeSiGeGeGeSiGeGeGeGeGe
   -22244.6445312500 GeGeGeGeSiGeGeGeSiGeGeGeSiSiSiSiSiSiSiSiSiSiSiSiSiSiSiSiSiSiSiSiSiSiSiSiSiSiGeSiSiSiSiSiSiSiSiSiGeGeSiGeGeGeSiGeGeGeGeGe
   -22244.6445312500 GeGeGeGeSiGeGeGeSiGeGeGeSiSiSiSiSiSiSiSiSiSiSiSiSiSiSiSiSiSiSiSiSiSiSiSiSiSiGeSiSiSiSiSiSiSiSiSiGeGeSiGeGeGeSiGeGeGeGeGe
   -22244.6445312500 GeGeGeGeSiGeGeGeSiGeGeGeSiSiSiSiSiSiSiSiSiSiSiSiSiSiSiSiSiSiSiSiSiSiSiSiSiSiGeSiSiSiSiSiSiSiSiSiGeGeSiGeGeGeSiGeGeGeGeGe
   -22244.6445312500 GeGeGeGeSiGeGeGeSiGeGeGeSiSiSiSiSiSiSiSiSiSiSiSiSiSiSiSiSiSiSiSiSiSiSiSiSiSiGeSiSiSiSiSiSiSiSiSiGeGeSiGeGeGeSiGeGeGeGeGe
   -22244.6445312500 GeGeGeGeSiGeGeGeSiGeGeGeSiSiSiSiSiSiSiSiSiSiSiSiSiSiSiSiSiSiSiSiSiSiSiSiSiSiGeSiSiSiSiSiSiSiSiSiGeGeSiGeGeGeSiGeGeGeGeGe
   -22244.6445312500 GeGeGeGeSiGeGeGeSiGeGeGeSiSiSiSiSiSiSiSiSiSiSiSiSiSiSiSiSiSiSiSiSiSiSiSiSiSiGeSiSiSiSiSiSiSiSiSiGeGeSiGeGeGeSiGeGeGeGeGe
   -22244.6445312500 GeGeGeGeSiGeGeGeSiGeGeGeSiSiSiSiSiSiSiSiSiSiSiSiSiSiSiSiSiSiSiSiSiSiSiSiSiSiGeSiSiSiSiSiSiSiSiSiGeGeSiGeGeGeSiGeGeGeGeGe
   -22244.6445312500 GeGeGeGeSiGeGeGeSiGeGeGeSiSiSiSiSiSiSiSiSiSiSiSiSiSiSiSiSiSiSiSiSiSiSiSiSiSiGeSiSiSiSiSiSiSiSiSiGeGeSiGeGeGeSiGeGeGeGeGe
   -22244.6445312500 GeGeGeGeSiGeGeGeSiGeGeGeSiSiSiSiSiSiSiSiSiSiSiSiSiSiSiSiSiSiSiSiSiSiSiSiSiSiGeSiSiSiSiSiSiSiSiSiGeGeSiGeGeGeSiGeGeGeGeGe
   -22244.6445312500 GeGeGeGeSiGeGeGeSiGeGeGeSiSiSiSiSiSiSiSiSiSiSiSiSiSiSiSiSiSiSiSiSiSiSiSiSiSiGeSiSiSiSiSiSiSiSiSiGeGeSiGeGeGeSiGeGeGeGeGe
   -22244.6445312500 GeGeGeGeSiGeGeGeSiGeGeGeSiSiSiSiSiSiSiSiSiSiSiSiSiSiSiSiSiSiSiSiSiSiSiSiSiSiGeSiSiSiSiSiSiSiSiSiGeGeSiGeGeGeSiGeGeGeGeGe
   -22244.6445312500 GeGeGeGeSiGeGeGeSiGeGeGeSiSiSiSiSiSiSiSiSiSiSiSiSiSiSiSiSiSiSiSiSiSiSiSiSiSiGeSiSiSiSiSiSiSiSiSiGeGeSiGeGeGeSiGeGeGeGeGe
   -22244.6445312500 GeGeGeGeSiGeGeGeSiGeGeGeSiSiSiSiSiSiSiSiSiSiSiSiSiSiSiSiSiSiSiSiSiSiSiSiSiSiGeSiSiSiSiSiSiSiSiSiGeGeSiGeGeGeSiGeGeGeGeGe
   -22244.6445312500 GeGeGeGeSiGeGeGeSiGeGeGeSiSiSiSiSiSiSiSiSiSiSiSiSiSiSiSiSiSiSiSiSiSiSiSiSiSiGeSiSiSiSiSiSiSiSiSiGeGeSiGeGeGeSiGeGeGeGeGe
   -22244.6445312500 GeGeGeGeSiGeGeGeSiGeGeGeSiSiSiSiSiSiSiSiSiSiSiSiSiSiSiSiSiSiSiSiSiSiSiSiSiSiGeSiSiSiSiSiSiSiSiSiGeGeSiGeGeGeSiGeGeGeGeGe
   -22244.6445312500 GeGeGeGeSiGeGeGeSiGeGeGeSiSiSiSiSiSiSiSiSiSiSiSiSiSiSiSiSiSiSiSiSiSiSiSiSiSiGeSiSiSiSiSiSiSiSiSiGeGeSiGeGeGeSiGeGeGeGeGe
   -22244.6445312500 GeGeGeGeSiGeGeGeSiGeGeGeSiSiSiSiSiSiSiSiSiSiSiSiSiSiSiSiSiSiSiSiSiSiSiSiSiSiGeSiSiSiSiSiSiSiSiSiGeGeSiGeGeGeSiGeGeGeGeGe
   -22244.6445312500 GeGeGeGeSiGeGeGeSiGeGeGeSiSiSiSiSiSiSiSiSiSiSiSiSiSiSiSiSiSiSiSiSiSiSiSiSiSiGeSiSiSiSiSiSiSiSiSiGeGeSiGeGeGeSiGeGeGeGeGe
   -22244.6445312500 GeGeGeGeSiGeGeGeSiGeGeGeSiSiSiSiSiSiSiSiSiSiSiSiSiSiSiSiSiSiSiSiSiSiSiSiSiSiGeSiSiSiSiSiSiSiSiSiGeGeSiGeGeGeSiGeGeGeGeGe
   -22244.6445312500 GeGeGeGeSiGeGeGeSiGeGeGeSiSiSiSiSiSiSiSiSiSiSiSiSiSiSiSiSiSiSiSiSiSiSiSiSiSiGeSiSiSiSiSiSiSiSiSiGeGeSiGeGeGeSiGeGeGeGeGe
   -22244.6445312500 GeGeGeGeSiGeGeGeSiGeGeGeSiSiSiSiSiSiSiSiSiSiSiSiSiSiSiSiSiSiSiSiSiSiSiSiSiSiGeSiSiSiSiSiSiSiSiSiGeGeSiGeGeGeSiGeGeGeGeGe
   -22244.6445312500 GeGeGeGeSiGeGeGeSiGeGeGeSiSiSiSiSiSiSiSiSiSiSiSiSiSiSiSiSiSiSiSiSiSiSiSiSiSiGeSiSiSiSiSiSiSiSiSiGeGeSiGeGeGeSiGeGeGeGeGe
   -22244.6445312500 GeGeGeGeSiGeGeGeSiGeGeGeSiSiSiSiSiSiSiSiSiSiSiSiSiSiSiSiSiSiSiSiSiSiSiSiSiSiGeSiSiSiSiSiSiSiSiSiGeGeSiGeGeGeSiGeGeGeGeGe
   -22244.6445312500 GeGeGeGeSiGeGeGeSiGeGeGeSiSiSiSiSiSiSiSiSiSiSiSiSiSiSiSiSiSiSiSiSiSiSiSiSiSiGeSiSiSiSiSiSiSiSiSiGeGeSiGeGeGeSiGeGeGeGeGe
   -22244.6445312500 GeGeGeGeSiGeGeGeSiGeGeGeSiSiSiSiSiSiSiSiSiSiSiSiSiSiSiSiSiSiSiSiSiSiSiSiSiSiGeSiSiSiSiSiSiSiSiSiGeGeSiGeGeGeSiGeGeGeGeGe
   -22244.6445312500 GeGeGeGeSiGeGeGeSiGeGeGeSiSiSiSiSiSiSiSiSiSiSiSiSiSiSiSiSiSiSiSiSiSiSiSiSiSiGeSiSiSiSiSiSiSiSiSiGeGeSiGeGeGeSiGeGeGeGeGe
   -22244.6445312500 GeGeGeGeSiGeGeGeSiGeGeGeSiSiSiSiSiSiSiSiSiSiSiSiSiSiSiSiSiSiSiSiSiSiSiSiSiSiGeSiSiSiSiSiSiSiSiSiGeGeSiGeGeGeSiGeGeGeGeGe
   -22244.6445312500 GeGeGeGeSiGeGeGeSiGeGeGeSiSiSiSiSiSiSiSiSiSiSiSiSiSiSiSiSiSiSiSiSiSiSiSiSiSiGeSiSiSiSiSiSiSiSiSiGeGeSiGeGeGeSiGeGeGeGeGe
   -22244.6445312500 GeGeGeGeSiGeGeGeSiGeGeGeSiSiSiSiSiSiSiSiSiSiSiSiSiSiSiSiSiSiSiSiSiSiSiSiSiSiGeSiSiSiSiSiSiSiSiSiGeGeSiGeGeGeSiGeGeGeGeGe
   -22244.6445312500 GeGeGeGeSiGeGeGeSiGeGeGeSiSiSiSiSiSiSiSiSiSiSiSiSiSiSiSiSiSiSiSiSiSiSiSiSiSiGeSiSiSiSiSiSiSiSiSiGeGeSiGeGeGeSiGeGeGeGeGe
   -22244.6445312500 GeGeGeGeSiGeGeGeSiGeGeGeSiSiSiSiSiSiSiSiSiSiSiSiSiSiSiSiSiSiSiSiSiSiSiSiSiSiGeSiSiSiSiSiSiSiSiSiGeGeSiGeGeGeSiGeGeGeGeGe
   -22244.6445312500 GeGeGeGeSiGeGeGeSiGeGeGeSiSiSiSiSiSiSiSiSiSiSiSiSiSiSiSiSiSiSiSiSiSiSiSiSiSiGeSiSiSiSiSiSiSiSiSiGeGeSiGeGeGeSiGeGeGeGeGe
   -22244.6445312500 GeGeGeGeSiGeGeGeSiGeGeGeSiSiSiSiSiSiSiSiSiSiSiSiSiSiSiSiSiSiSiSiSiSiSiSiSiSiGeSiSiSiSiSiSiSiSiSiGeGeSiGeGeGeSiGeGeGeGeGe
   -22244.6445312500 GeGeGeGeSiGeGeGeSiGeGeGeSiSiSiSiSiSiSiSiSiSiSiSiSiSiSiSiSiSiSiSiSiSiSiSiSiSiGeSiSiSiSiSiSiSiSiSiGeGeSiGeGeGeSiGeGeGeGeGe
   -22244.6445312500 GeGeGeGeSiGeGeGeSiGeGeGeSiSiSiSiSiSiSiSiSiSiSiSiSiSiSiSiSiSiSiSiSiSiSiSiSiSiGeSiSiSiSiSiSiSiSiSiGeGeSiGeGeGeSiGeGeGeGeGe
   -22244.6445312500 GeGeGeGeSiGeGeGeSiGeGeGeSiSiSiSiSiSiSiSiSiSiSiSiSiSiSiSiSiSiSiSiSiSiSiSiSiSiGeSiSiSiSiSiSiSiSiSiGeGeSiGeGeGeSiGeGeGeGeGe
   -22244.6445312500 GeGeGeGeSiGeGeGeSiGeGeGeSiSiSiSiSiSiSiSiSiSiSiSiSiSiSiSiSiSiSiSiSiSiSiSiSiSiGeSiSiSiSiSiSiSiSiSiGeGeSiGeGeGeSiGeGeGeGeGe
   -22244.6445312500 GeGeGeGeSiGeGeGeSiGeGeGeSiSiSiSiSiSiSiSiSiSiSiSiSiSiSiSiSiSiSiSiSiSiSiSiSiSiGeSiSiSiSiSiSiSiSiSiGeGeSiGeGeGeSiGeGeGeGeGe
   -22244.6445312500 GeGeGeGeSiGeGeGeSiGeGeGeSiSiSiSiSiSiSiSiSiSiSiSiSiSiSiSiSiSiSiSiSiSiSiSiSiSiGeSiSiSiSiSiSiSiSiSiGeGeSiGeGeGeSiGeGeGeGeGe
   -22244.6445312500 GeGeGeGeSiGeGeGeSiGeGeGeSiSiSiSiSiSiSiSiSiSiSiSiSiSiSiSiSiSiSiSiSiSiSiSiSiSiGeSiSiSiSiSiSiSiSiSiGeGeSiGeGeGeSiGeGeGeGeGe
   -22244.6445312500 GeGeGeGeSiGeGeGeSiGeGeGeSiSiSiSiSiSiSiSiSiSiSiSiSiSiSiSiSiSiSiSiSiSiSiSiSiSiGeSiSiSiSiSiSiSiSiSiGeGeSiGeGeGeSiGeGeGeGeGe
   -22244.6445312500 GeGeGeGeSiGeGeGeSiGeGeGeSiSiSiSiSiSiSiSiSiSiSiSiSiSiSiSiSiSiSiSiSiSiSiSiSiSiGeSiSiSiSiSiSiSiSiSiGeGeSiGeGeGeSiGeGeGeGeGe
   -22244.6445312500 GeGeGeGeSiGeGeGeSiGeGeGeSiSiSiSiSiSiSiSiSiSiSiSiSiSiSiSiSiSiSiSiSiSiSiSiSiSiGeSiSiSiSiSiSiSiSiSiGeGeSiGeGeGeSiGeGeGeGeGe
   -22244.6445312500 GeGeGeGeSiGeGeGeSiGeGeGeSiSiSiSiSiSiSiSiSiSiSiSiSiSiSiSiSiSiSiSiSiSiSiSiSiSiGeSiSiSiSiSiSiSiSiSiGeGeSiGeGeGeSiGeGeGeGeGe
   -22244.6445312500 GeGeGeGeSiGeGeGeSiGeGeGeSiSiSiSiSiSiSiSiSiSiSiSiSiSiSiSiSiSiSiSiSiSiSiSiSiSiGeSiSiSiSiSiSiSiSiSiGeGeSiGeGeGeSiGeGeGeGeGe
   -22244.6445312500 GeGeGeGeSiGeGeGeSiGeGeGeSiSiSiSiSiSiSiSiSiSiSiSiSiSiSiSiSiSiSiSiSiSiSiSiSiSiGeSiSiSiSiSiSiSiSiSiGeGeSiGeGeGeSiGeGeGeGeGe
   -22244.6445312500 GeGeGeGeSiGeGeGeSiGeGeGeSiSiSiSiSiSiSiSiSiSiSiSiSiSiSiSiSiSiSiSiSiSiSiSiSiSiGeSiSiSiSiSiSiSiSiSiGeGeSiGeGeGeSiGeGeGeGeGe
   -22244.6445312500 GeGeGeGeSiGeGeGeSiGeGeGeSiSiSiSiSiSiSiSiSiSiSiSiSiSiSiSiSiSiSiSiSiSiSiSiSiSiGeSiSiSiSiSiSiSiSiSiGeGeSiGeGeGeSiGeGeGeGeGe
   -22244.6445312500 GeGeGeGeSiGeGeGeSiGeGeGeSiSiSiSiSiSiSiSiSiSiSiSiSiSiSiSiSiSiSiSiSiSiSiSiSiSiGeSiSiSiSiSiSiSiSiSiGeGeSiGeGeGeSiGeGeGeGeGe
   -22244.6445312500 GeGeGeGeSiGeGeGeSiGeGeGeSiSiSiSiSiSiSiSiSiSiSiSiSiSiSiSiSiSiSiSiSiSiSiSiSiSiGeSiSiSiSiSiSiSiSiSiGeGeSiGeGeGeSiGeGeGeGeGe
   -22244.6445312500 GeGeGeGeSiGeGeGeSiGeGeGeSiSiSiSiSiSiSiSiSiSiSiSiSiSiSiSiSiSiSiSiSiSiSiSiSiSiGeSiSiSiSiSiSiSiSiSiGeGeSiGeGeGeSiGeGeGeGeGe
   -22244.6445312500 GeGeGeGeSiGeGeGeSiGeGeGeSiSiSiSiSiSiSiSiSiSiSiSiSiSiSiSiSiSiSiSiSiSiSiSiSiSiGeSiSiSiSiSiSiSiSiSiGeGeSiGeGeGeSiGeGeGeGeGe
   -22244.6445312500 GeGeGeGeSiGeGeGeSiGeGeGeSiSiSiSiSiSiSiSiSiSiSiSiSiSiSiSiSiSiSiSiSiSiSiSiSiSiGeSiSiSiSiSiSiSiSiSiGeGeSiGeGeGeSiGeGeGeGeGe
   -22244.6445312500 GeGeGeGeSiGeGeGeSiGeGeGeSiSiSiSiSiSiSiSiSiSiSiSiSiSiSiSiSiSiSiSiSiSiSiSiSiSiGeSiSiSiSiSiSiSiSiSiGeGeSiGeGeGeSiGeGeGeGeGe
   -22244.6445312500 GeGeGeGeSiGeGeGeSiGeGeGeSiSiSiSiSiSiSiSiSiSiSiSiSiSiSiSiSiSiSiSiSiSiSiSiSiSiGeSiSiSiSiSiSiSiSiSiGeGeSiGeGeGeSiGeGeGeGeGe
   -22244.6445312500 GeGeGeGeSiGeGeGeSiGeGeGeSiSiSiSiSiSiSiSiSiSiSiSiSiSiSiSiSiSiSiSiSiSiSiSiSiSiGeSiSiSiSiSiSiSiSiSiGeGeSiGeGeGeSiGeGeGeGeGe
   -22244.6445312500 GeGeGeGeSiGeGeGeSiGeGeGeSiSiSiSiSiSiSiSiSiSiSiSiSiSiSiSiSiSiSiSiSiSiSiSiSiSiGeSiSiSiSiSiSiSiSiSiGeGeSiGeGeGeSiGeGeGeGeGe
   -22244.6445312500 GeGeGeGeSiGeGeGeSiGeGeGeSiSiSiSiSiSiSiSiSiSiSiSiSiSiSiSiSiSiSiSiSiSiSiSiSiSiGeSiSiSiSiSiSiSiSiSiGeGeSiGeGeGeSiGeGeGeGeGe
   -22244.6445312500 GeGeGeGeSiGeGeGeSiGeGeGeSiSiSiSiSiSiSiSiSiSiSiSiSiSiSiSiSiSiSiSiSiSiSiSiSiSiGeSiSiSiSiSiSiSiSiSiGeGeSiGeGeGeSiGeGeGeGeGe
   -22244.6445312500 GeGeGeGeSiGeGeGeSiGeGeGeSiSiSiSiSiSiSiSiSiSiSiSiSiSiSiSiSiSiSiSiSiSiSiSiSiSiGeSiSiSiSiSiSiSiSiSiGeGeSiGeGeGeSiGeGeGeGeGe
   -22244.6445312500 GeGeGeGeSiGeGeGeSiGeGeGeSiSiSiSiSiSiSiSiSiSiSiSiSiSiSiSiSiSiSiSiSiSiSiSiSiSiGeSiSiSiSiSiSiSiSiSiGeGeSiGeGeGeSiGeGeGeGeGe
   -22244.6445312500 GeGeGeGeSiGeGeGeSiGeGeGeSiSiSiSiSiSiSiSiSiSiSiSiSiSiSiSiSiSiSiSiSiSiSiSiSiSiGeSiSiSiSiSiSiSiSiSiGeGeSiGeGeGeSiGeGeGeGeGe
   -22244.6445312500 GeGeGeGeSiGeGeGeSiGeGeGeSiSiSiSiSiSiSiSiSiSiSiSiSiSiSiSiSiSiSiSiSiSiSiSiSiSiGeSiSiSiSiSiSiSiSiSiGeGeSiGeGeGeSiGeGeGeGeGe
   -22244.6445312500 GeGeGeGeSiGeGeGeSiGeGeGeSiSiSiSiSiSiSiSiSiSiSiSiSiSiSiSiSiSiSiSiSiSiSiSiSiSiGeSiSiSiSiSiSiSiSiSiGeGeSiGeGeGeSiGeGeGeGeGe
   -22244.6445312500 GeGeGeGeSiGeGeGeSiGeGeGeSiSiSiSiSiSiSiSiSiSiSiSiSiSiSiSiSiSiSiSiSiSiSiSiSiSiGeSiSiSiSiSiSiSiSiSiGeGeSiGeGeGeSiGeGeGeGeGe
   -22244.6445312500 GeGeGeGeSiGeGeGeSiGeGeGeSiSiSiSiSiSiSiSiSiSiSiSiSiSiSiSiSiSiSiSiSiSiSiSiSiSiGeSiSiSiSiSiSiSiSiSiGeGeSiGeGeGeSiGeGeGeGeGe
   -22244.6445312500 GeGeGeGeSiGeGeGeSiGeGeGeSiSiSiSiSiSiSiSiSiSiSiSiSiSiSiSiSiSiSiSiSiSiSiSiSiSiGeSiSiSiSiSiSiSiSiSiGeGeSiGeGeGeSiGeGeGeGeGe
   -22244.6445312500 GeGeGeGeSiGeGeGeSiGeGeGeSiSiSiSiSiSiSiSiSiSiSiSiSiSiSiSiSiSiSiSiSiSiSiSiSiSiGeSiSiSiSiSiSiSiSiSiGeGeSiGeGeGeSiGeGeGeGeGe
   -22244.6445312500 GeGeGeGeSiGeGeGeSiGeGeGeSiSiSiSiSiSiSiSiSiSiSiSiSiSiSiSiSiSiSiSiSiSiSiSiSiSiGeSiSiSiSiSiSiSiSiSiGeGeSiGeGeGeSiGeGeGeGeGe
   -22244.6445312500 GeGeGeGeSiGeGeGeSiGeGeGeSiSiSiSiSiSiSiSiSiSiSiSiSiSiSiSiSiSiSiSiSiSiSiSiSiSiGeSiSiSiSiSiSiSiSiSiGeGeSiGeGeGeSiGeGeGeGeGe
   -22244.6445312500 GeGeGeGeSiGeGeGeSiGeGeGeSiSiSiSiSiSiSiSiSiSiSiSiSiSiSiSiSiSiSiSiSiSiSiSiSiSiGeSiSiSiSiSiSiSiSiSiGeGeSiGeGeGeSiGeGeGeGeGe
   -22244.6445312500 GeGeGeGeSiGeGeGeSiGeGeGeSiSiSiSiSiSiSiSiSiSiSiSiSiSiSiSiSiSiSiSiSiSiSiSiSiSiGeSiSiSiSiSiSiSiSiSiGeGeSiGeGeGeSiGeGeGeGeGe
   -22244.6445312500 GeGeGeGeSiGeGeGeSiGeGeGeSiSiSiSiSiSiSiSiSiSiSiSiSiSiSiSiSiSiSiSiSiSiSiSiSiSiGeSiSiSiSiSiSiSiSiSiGeGeSiGeGeGeSiGeGeGeGeGe
   -22244.6445312500 GeGeGeGeSiGeGeGeSiGeGeGeSiSiSiSiSiSiSiSiSiSiSiSiSiSiSiSiSiSiSiSiSiSiSiSiSiSiGeSiSiSiSiSiSiSiSiSiGeGeSiGeGeGeSiGeGeGeGeGe
   -22244.6445312500 GeGeGeGeSiGeGeGeSiGeGeGeSiSiSiSiSiSiSiSiSiSiSiSiSiSiSiSiSiSiSiSiSiSiSiSiSiSiGeSiSiSiSiSiSiSiSiSiGeGeSiGeGeGeSiGeGeGeGeGe
   -22244.6445312500 GeGeGeGeSiGeGeGeSiGeGeGeSiSiSiSiSiSiSiSiSiSiSiSiSiSiSiSiSiSiSiSiSiSiSiSiSiSiGeSiSiSiSiSiSiSiSiSiGeGeSiGeGeGeSiGeGeGeGeGe
   -22244.6445312500 GeGeGeGeSiGeGeGeSiGeGeGeSiSiSiSiSiSiSiSiSiSiSiSiSiSiSiSiSiSiSiSiSiSiSiSiSiSiGeSiSiSiSiSiSiSiSiSiGeGeSiGeGeGeSiGeGeGeGeGe
   -22244.6445312500 GeGeGeGeSiGeGeGeSiGeGeGeSiSiSiSiSiSiSiSiSiSiSiSiSiSiSiSiSiSiSiSiSiSiSiSiSiSiGeSiSiSiSiSiSiSiSiSiGeGeSiGeGeGeSiGeGeGeGeGe
   -22244.6445312500 GeGeGeGeSiGeGeGeSiGeGeGeSiSiSiSiSiSiSiSiSiSiSiSiSiSiSiSiSiSiSiSiSiSiSiSiSiSiGeSiSiSiSiSiSiSiSiSiGeGeSiGeGeGeSiGeGeGeGeGe
   -22244.6445312500 GeGeGeGeSiGeGeGeSiGeGeGeSiSiSiSiSiSiSiSiSiSiSiSiSiSiSiSiSiSiSiSiSiSiSiSiSiSiGeSiSiSiSiSiSiSiSiSiGeGeSiGeGeGeSiGeGeGeGeGe
   -22244.6445312500 GeGeGeGeSiGeGeGeSiGeGeGeSiSiSiSiSiSiSiSiSiSiSiSiSiSiSiSiSiSiSiSiSiSiSiSiSiSiGeSiSiSiSiSiSiSiSiSiGeGeSiGeGeGeSiGeGeGeGeGe
   -22244.6445312500 GeGeGeGeSiGeGeGeSiGeGeGeSiSiSiSiSiSiSiSiSiSiSiSiSiSiSiSiSiSiSiSiSiSiSiSiSiSiGeSiSiSiSiSiSiSiSiSiGeGeSiGeGeGeSiGeGeGeGeGe
   -22244.6445312500 GeGeGeGeSiGeGeGeSiGeGeGeSiSiSiSiSiSiSiSiSiSiSiSiSiSiSiSiSiSiSiSiSiSiSiSiSiSiGeSiSiSiSiSiSiSiSiSiGeGeSiGeGeGeSiGeGeGeGeGe
   -22244.6445312500 GeGeGeGeSiGeGeGeSiGeGeGeSiSiSiSiSiSiSiSiSiSiSiSiSiSiSiSiSiSiSiSiSiSiSiSiSiSiGeSiSiSiSiSiSiSiSiSiGeGeSiGeGeGeSiGeGeGeGeGe
   -22244.6445312500 GeGeGeGeSiGeGeGeSiGeGeGeSiSiSiSiSiSiSiSiSiSiSiSiSiSiSiSiSiSiSiSiSiSiSiSiSiSiGeSiSiSiSiSiSiSiSiSiGeGeSiGeGeGeSiGeGeGeGeGe
   -22244.6445312500 GeGeGeGeSiGeGeGeSiGeGeGeSiSiSiSiSiSiSiSiSiSiSiSiSiSiSiSiSiSiSiSiSiSiSiSiSiSiGeSiSiSiSiSiSiSiSiSiGeGeSiGeGeGeSiGeGeGeGeGe
   -22244.6445312500 GeGeGeGeSiGeGeGeSiGeGeGeSiSiSiSiSiSiSiSiSiSiSiSiSiSiSiSiSiSiSiSiSiSiSiSiSiSiGeSiSiSiSiSiSiSiSiSiGeGeSiGeGeGeSiGeGeGeGeGe
   -22244.6445312500 GeGeGeGeSiGeGeGeSiGeGeGeSiSiSiSiSiSiSiSiSiSiSiSiSiSiSiSiSiSiSiSiSiSiSiSiSiSiGeSiSiSiSiSiSiSiSiSiGeGeSiGeGeGeSiGeGeGeGeGe
   -22244.6445312500 GeGeGeGeSiGeGeGeSiGeGeGeSiSiSiSiSiSiSiSiSiSiSiSiSiSiSiSiSiSiSiSiSiSiSiSiSiSiGeSiSiSiSiSiSiSiSiSiGeGeSiGeGeGeSiGeGeGeGeGe
   -22244.6445312500 GeGeGeGeSiGeGeGeSiGeGeGeSiSiSiSiSiSiSiSiSiSiSiSiSiSiSiSiSiSiSiSiSiSiSiSiSiSiGeSiSiSiSiSiSiSiSiSiGeGeSiGeGeGeSiGeGeGeGeGe
   -22244.6445312500 GeGeGeGeSiGeGeGeSiGeGeGeSiSiSiSiSiSiSiSiSiSiSiSiSiSiSiSiSiSiSiSiSiSiSiSiSiSiGeSiSiSiSiSiSiSiSiSiGeGeSiGeGeGeSiGeGeGeGeGe
   -22244.6445312500 GeGeGeGeSiGeGeGeSiGeGeGeSiSiSiSiSiSiSiSiSiSiSiSiSiSiSiSiSiSiSiSiSiSiSiSiSiSiGeSiSiSiSiSiSiSiSiSiGeGeSiGeGeGeSiGeGeGeGeGe
   -22244.6445312500 GeGeGeGeSiGeGeGeSiGeGeGeSiSiSiSiSiSiSiSiSiSiSiSiSiSiSiSiSiSiSiSiSiSiSiSiSiSiGeSiSiSiSiSiSiSiSiSiGeGeSiGeGeGeSiGeGeGeGeGe
   -22244.6445312500 GeGeGeGeSiGeGeGeSiGeGeGeSiSiSiSiSiSiSiSiSiSiSiSiSiSiSiSiSiSiSiSiSiSiSiSiSiSiGeSiSiSiSiSiSiSiSiSiGeGeSiGeGeGeSiGeGeGeGeGe
   -22244.6445312500 GeGeGeGeSiGeGeGeSiGeGeGeSiSiSiSiSiSiSiSiSiSiSiSiSiSiSiSiSiSiSiSiSiSiSiSiSiSiGeSiSiSiSiSiSiSiSiSiGeGeSiGeGeGeSiGeGeGeGeGe
   -22244.6445312500 GeGeGeGeSiGeGeGeSiGeGeGeSiSiSiSiSiSiSiSiSiSiSiSiSiSiSiSiSiSiSiSiSiSiSiSiSiSiGeSiSiSiSiSiSiSiSiSiGeGeSiGeGeGeSiGeGeGeGeGe
   -22244.6445312500 GeGeGeGeSiGeGeGeSiGeGeGeSiSiSiSiSiSiSiSiSiSiSiSiSiSiSiSiSiSiSiSiSiSiSiSiSiSiGeSiSiSiSiSiSiSiSiSiGeGeSiGeGeGeSiGeGeGeGeGe
   -22244.6445312500 GeGeGeGeSiGeGeGeSiGeGeGeSiSiSiSiSiSiSiSiSiSiSiSiSiSiSiSiSiSiSiSiSiSiSiSiSiSiGeSiSiSiSiSiSiSiSiSiGeGeSiGeGeGeSiGeGeGeGeGe
   -22244.6445312500 GeGeGeGeSiGeGeGeSiGeGeGeSiSiSiSiSiSiSiSiSiSiSiSiSiSiSiSiSiSiSiSiSiSiSiSiSiSiGeSiSiSiSiSiSiSiSiSiGeGeSiGeGeGeSiGeGeGeGeGe
   -22244.6445312500 GeGeGeGeSiGeGeGeSiGeGeGeSiSiSiSiSiSiSiSiSiSiSiSiSiSiSiSiSiSiSiSiSiSiSiSiSiSiGeSiSiSiSiSiSiSiSiSiGeGeSiGeGeGeSiGeGeGeGeGe
   -22244.6445312500 GeGeGeGeSiGeGeGeSiGeGeGeSiSiSiSiSiSiSiSiSiSiSiSiSiSiSiSiSiSiSiSiSiSiSiSiSiSiGeSiSiSiSiSiSiSiSiSiGeGeSiGeGeGeSiGeGeGeGeGe
   -22244.6445312500 GeGeGeGeSiGeGeGeSiGeGeGeSiSiSiSiSiSiSiSiSiSiSiSiSiSiSiSiSiSiSiSiSiSiSiSiSiSiGeSiSiSiSiSiSiSiSiSiGeGeSiGeGeGeSiGeGeGeGeGe
   -22244.6445312500 GeGeGeGeSiGeGeGeSiGeGeGeSiSiSiSiSiSiSiSiSiSiSiSiSiSiSiSiSiSiSiSiSiSiSiSiSiSiGeSiSiSiSiSiSiSiSiSiGeGeSiGeGeGeSiGeGeGeGeGe
   -22244.6445312500 GeGeGeGeSiGeGeGeSiGeGeGeSiSiSiSiSiSiSiSiSiSiSiSiSiSiSiSiSiSiSiSiSiSiSiSiSiSiGeSiSiSiSiSiSiSiSiSiGeGeSiGeGeGeSiGeGeGeGeGe
   -22244.6445312500 GeGeGeGeSiGeGeGeSiGeGeGeSiSiSiSiSiSiSiSiSiSiSiSiSiSiSiSiSiSiSiSiSiSiSiSiSiSiGeSiSiSiSiSiSiSiSiSiGeGeSiGeGeGeSiGeGeGeGeGe
   -22244.6445312500 GeGeGeGeSiGeGeGeSiGeGeGeSiSiSiSiSiSiSiSiSiSiSiSiSiSiSiSiSiSiSiSiSiSiSiSiSiSiGeSiSiSiSiSiSiSiSiSiGeGeSiGeGeGeSiGeGeGeGeGe
   -22244.6445312500 GeGeGeGeSiGeGeGeSiGeGeGeSiSiSiSiSiSiSiSiSiSiSiSiSiSiSiSiSiSiSiSiSiSiSiSiSiSiGeSiSiSiSiSiSiSiSiSiGeGeSiGeGeGeSiGeGeGeGeGe
   -22244.6445312500 GeGeGeGeSiGeGeGeSiGeGeGeSiSiSiSiSiSiSiSiSiSiSiSiSiSiSiSiSiSiSiSiSiSiSiSiSiSiGeSiSiSiSiSiSiSiSiSiGeGeSiGeGeGeSiGeGeGeGeGe
   -22244.6445312500 GeGeGeGeSiGeGeGeSiGeGeGeSiSiSiSiSiSiSiSiSiSiSiSiSiSiSiSiSiSiSiSiSiSiSiSiSiSiGeSiSiSiSiSiSiSiSiSiGeGeSiGeGeGeSiGeGeGeGeGe
filename: c000001149374038.gin     
Cell:
    11.9020996    11.9020996    29.6919994    90.0000000    90.0000000   120.0000000
Box:
    11.9020996    -5.9510503     0.0000000
     0.0000000    10.3075209     0.0000000
     0.0000000     0.0000000    29.6919994
----------------------------------------
Inverse Box:
     0.0840188     0.0485083     0.0000000
     0.0000000     0.0970165     0.0000000
     0.0000000     0.0000000     0.0336791
----------------------------------------
==============================================
geometrical properties of  21 Ge:
 Configuration:           0
 D_ave:   9.39388371       3.51091266    
 D_min:   3.32975841      0.581687868    
 energia:  -22244.6445    
