Random Seed:   834470979
Number of atoms:    60
Space Group:    1
Cell:
    11.9020996    11.9020996    29.6919994    90.0000000    90.0000000   120.0000000
Box:
    11.9020996    -5.9510503     0.0000000
     0.0000000    10.3075209     0.0000000
     0.0000000     0.0000000    29.6919994
----------------------------------------
Inverse Box:
     0.0840188     0.0485083     0.0000000
     0.0000000     0.0970165     0.0000000
     0.0000000     0.0000000     0.0336791
----------------------------------------
GeSiSiSiSiSiSiSiSiSiSiSiSiSiSiSiSiSiSiSiSiSiSiSiSiSiSiSiSiSiSiSiSiGeSiSiSiSiSiSiSiSiSiSiSiSiSiSiSiSiSiSiSiSiSiSiSiSiSiSi
           1 Ge    -7733.59912    
GeSiGeSiSiSiSiSiSiSiSiSiSiSiSiSiSiSiSiSiSiSiSiSiSiSiSiSiSiSiSiSiSiGeSiSiSiSiSiSiSiSiSiSiSiSiSiSiSiSiSiSiSiSiSiSiSiSiSiSi
           3 Ge    -7721.62061    
GeSiGeGeSiSiSiSiSiSiSiSiSiSiSiSiSiSiSiSiSiSiSiSiSiSiSiSiSiSiSiSiSiGeSiSiSiSiSiSiSiSiSiSiSiSiSiSiSiSiSiSiSiSiSiSiSiSiSiSi
           4 Ge    -7728.32617    
GeSiGeGeSiGeSiSiSiSiSiSiSiSiSiSiSiSiSiSiSiSiSiSiSiSiSiSiSiSiSiSiSiGeSiSiSiSiSiSiSiSiSiSiSiSiSiSiSiSiSiSiSiSiSiSiSiSiSiSi
           6 Ge    -7748.51807    
GeSiGeGeSiGeGeSiSiSiSiSiSiSiSiSiSiSiSiSiSiSiSiSiSiSiSiSiSiSiSiSiSiGeSiSiSiSiSiSiSiSiSiSiSiSiSiSiSiSiSiSiSiSiSiSiSiSiSiSi
           7 Ge    -7817.48242    
GeSiGeGeSiGeGeGeSiSiSiSiSiSiSiSiSiSiSiSiSiSiSiSiSiSiSiSiSiSiSiSiSiGeSiSiSiSiSiSiSiSiSiSiSiSiSiSiSiSiSiSiSiSiSiSiSiSiSiSi
           8 Ge    -7910.18994    
GeSiGeGeSiGeGeGeGeSiSiSiSiSiSiSiSiSiSiSiSiSiSiSiSiSiSiSiSiSiSiSiSiGeSiSiSiSiSiSiSiSiSiSiSiSiSiSiSiSiSiSiSiSiSiSiSiSiSiSi
           9 Ge    -8034.39648    
GeSiGeGeSiGeGeGeGeSiSiGeSiSiSiSiSiSiSiSiSiSiSiSiSiSiSiSiSiSiSiSiSiGeSiSiSiSiSiSiSiSiSiSiSiSiSiSiSiSiSiSiSiSiSiSiSiSiSiSi
          12 Ge    -8286.85547    
GeSiGeGeSiGeGeGeGeSiSiGeSiSiSiGeSiSiSiSiSiSiSiSiSiSiSiSiSiSiSiSiSiGeSiSiSiSiSiSiSiSiSiSiSiSiSiSiSiSiSiSiSiSiSiSiSiSiSiSi
          16 Ge    -8392.07715    
GeSiGeGeSiGeGeGeGeSiSiGeSiSiSiGeSiSiSiSiGeSiSiSiSiSiSiSiSiSiSiSiSiGeSiSiSiSiSiSiSiSiSiSiSiSiSiSiSiSiSiSiSiSiSiSiSiSiSiSi
          21 Ge    -8272.32324    
GeSiGeGeSiGeGeGeGeSiSiGeSiSiSiGeSiSiSiSiGeSiSiSiSiGeSiSiSiSiSiSiSiGeSiSiSiSiSiSiSiSiSiSiSiSiSiSiSiSiSiSiSiSiSiSiSiSiSiSi
          26 Ge    -8223.22754    
GeSiGeGeSiGeGeGeGeSiSiGeSiSiSiGeSiSiSiSiGeSiSiSiSiGeSiSiSiGeSiSiSiGeSiSiSiSiSiSiSiSiSiSiSiSiSiSiSiSiSiSiSiSiSiSiSiSiSiSi
          30 Ge    -8038.56592    
GeSiGeGeSiGeGeGeGeSiSiGeSiSiSiGeSiSiSiSiGeSiSiSiSiGeSiSiSiGeSiSiGeGeSiSiSiSiSiSiSiSiSiSiSiSiSiSiSiSiSiSiSiSiSiSiSiSiSiSi
          33 Ge    -8345.38184    
GeSiGeGeSiGeGeGeGeSiSiGeSiSiSiGeSiSiSiSiGeSiSiSiSiGeSiSiSiGeSiSiGeGeSiSiSiSiGeSiSiSiSiSiSiSiSiSiSiSiSiSiSiSiSiSiSiSiSiSi
          39 Ge    -7862.76514    
GeSiGeGeSiGeGeGeGeSiSiGeSiSiSiGeSiSiSiSiGeSiSiSiSiGeSiSiSiGeSiSiGeGeSiSiSiSiGeGeSiSiSiSiSiSiSiSiSiSiSiSiSiSiSiSiSiSiSiSi
          40 Ge    -7503.88916    
GeSiGeGeSiGeGeGeGeSiSiGeSiSiSiGeSiSiSiSiGeSiSiSiSiGeSiSiSiGeSiSiGeGeSiSiSiSiGeGeSiGeSiSiSiSiSiSiSiSiSiSiSiSiSiSiSiSiSiSi
          42 Ge    -6085.36621    
GeSiGeGeSiGeGeGeGeSiSiGeSiSiSiGeSiSiSiSiGeSiSiSiSiGeSiSiSiGeSiSiGeGeSiSiSiSiGeGeSiGeSiSiSiGeSiSiSiSiSiSiSiSiSiSiSiSiSiSi
          46 Ge    -6219.04639    
GeSiGeGeSiGeGeGeGeSiSiGeSiSiSiGeSiSiSiSiGeSiSiSiSiGeSiSiSiGeSiSiGeGeSiSiSiSiGeGeSiGeSiSiSiGeSiSiSiSiSiSiGeSiSiSiSiSiSiSi
          53 Ge    -7654.48828    
GeSiGeGeSiGeGeGeGeSiSiGeSiSiSiGeSiSiSiSiGeSiSiSiSiGeSiSiSiGeSiSiGeGeSiSiSiSiGeGeSiGeSiSiSiGeSiSiSiSiSiSiGeSiSiSiGeSiSiSi
          57 Ge    -8538.64062    
GeSiGeGeSiGeGeGeGeGeSiGeSiSiSiGeSiSiSiSiGeSiSiSiSiGeSiSiSiGeSiSiGeGeSiSiSiSiGeGeSiGeSiSiSiGeSiSiSiSiSiSiGeSiSiSiGeSiSiSi
          10 Ge    -8819.09961    
GeSiGeGeSiGeGeGeGeGeGeGeSiSiSiGeSiSiSiSiGeSiSiSiSiGeSiSiSiGeSiSiGeGeSiSiSiSiGeGeSiGeSiSiSiGeSiSiSiSiSiSiGeSiSiSiGeSiSiSi
          11 Ge    -9938.14062    
==============================================
MonteCarlo: Metropolis with identity changes
Si > Ge, Ge > Si. STOP when occurrence <    0.00000
==============================================
Cost_function     Occurrence %     Scan-Cost
   -16128.7314453125 GeSiGeGeSiGeSiGeSiSiGeGeSiSiSiGeSiSiSiSiGeSiSiSiSiGeSiSiSiSiSiSiGeGeSiSiSiSiGeGeSiGeGeSiSiSiSiGeSiGeGeSiGeSiSiSiGeGeSiSi
   -16594.1445312500 GeSiGeGeSiGeSiGeSiSiGeGeSiGeSiGeSiSiSiGeGeSiSiSiSiSiSiSiSiSiSiSiGeGeSiSiSiSiGeGeSiGeGeSiSiSiSiSiSiGeSiSiGeSiSiSiGeGeSiGe
   -17248.9726562500 GeSiGeSiSiGeGeGeSiSiGeGeSiGeSiGeSiSiSiGeGeSiSiSiSiSiSiSiSiSiSiSiGeGeSiSiSiSiGeSiSiGeGeSiSiSiSiSiSiGeGeSiGeSiSiSiGeGeSiGe
   -17248.9726562500 GeSiGeSiSiGeGeGeSiSiGeGeSiGeSiGeSiSiSiGeGeSiSiSiSiSiSiSiSiSiSiSiGeGeSiSiSiSiGeSiSiGeGeSiSiSiSiSiSiGeGeSiGeSiSiSiGeGeSiGe
   -17248.9726562500 GeSiGeSiSiGeGeGeSiSiGeGeSiGeSiGeSiSiSiGeGeSiSiSiSiSiSiSiSiSiSiSiGeGeSiSiSiSiGeSiSiGeGeSiSiSiSiSiSiGeGeSiGeSiSiSiGeGeSiGe
   -17248.9726562500 GeSiGeSiSiGeGeGeSiSiGeGeSiGeSiGeSiSiSiGeGeSiSiSiSiSiSiSiSiSiSiSiGeGeSiSiSiSiGeSiSiGeGeSiSiSiSiSiSiGeGeSiGeSiSiSiGeGeSiGe
   -17248.9726562500 GeSiGeSiSiGeGeGeSiSiGeGeSiGeSiGeSiSiSiGeGeSiSiSiSiSiSiSiSiSiSiSiGeGeSiSiSiSiGeSiSiGeGeSiSiSiSiSiSiGeGeSiGeSiSiSiGeGeSiGe
   -17248.9726562500 GeSiGeSiSiGeGeGeSiSiGeGeSiGeSiGeSiSiSiGeGeSiSiSiSiSiSiSiSiSiSiSiGeGeSiSiSiSiGeSiSiGeGeSiSiSiSiSiSiGeGeSiGeSiSiSiGeGeSiGe
   -17323.4335937500 SiSiSiGeSiSiGeGeSiGeGeSiGeGeSiSiSiGeSiSiGeSiSiGeSiSiSiSiSiSiSiSiSiSiSiSiSiSiSiSiGeSiGeSiGeGeSiSiSiGeGeGeSiGeGeSiSiGeGeGe
   -17323.4335937500 SiSiSiGeSiSiGeGeSiGeGeSiGeGeSiSiSiGeSiSiGeSiSiGeSiSiSiSiSiSiSiSiSiSiSiSiSiSiSiSiGeSiGeSiGeGeSiSiSiGeGeGeSiGeGeSiSiGeGeGe
   -18284.8828125000 SiSiSiGeGeSiGeSiSiGeGeSiGeGeSiSiSiGeSiSiGeSiSiGeGeSiSiSiSiSiSiSiSiSiSiSiSiSiSiSiGeSiGeGeGeSiSiSiSiGeGeSiSiGeGeSiSiGeGeGe
   -18284.8828125000 SiSiSiGeGeSiGeSiSiGeGeSiGeGeSiSiSiGeSiSiGeSiSiGeGeSiSiSiSiSiSiSiSiSiSiSiSiSiSiSiGeSiGeGeGeSiSiSiSiGeGeSiSiGeGeSiSiGeGeGe
   -18284.8828125000 SiSiSiGeGeSiGeSiSiGeGeSiGeGeSiSiSiGeSiSiGeSiSiGeGeSiSiSiSiSiSiSiSiSiSiSiSiSiSiSiGeSiGeGeGeSiSiSiSiGeGeSiSiGeGeSiSiGeGeGe
   -18284.8828125000 SiSiSiGeGeSiGeSiSiGeGeSiGeGeSiSiSiGeSiSiGeSiSiGeGeSiSiSiSiSiSiSiSiSiSiSiSiSiSiSiGeSiGeGeGeSiSiSiSiGeGeSiSiGeGeSiSiGeGeGe
   -18284.8828125000 SiSiSiGeGeSiGeSiSiGeGeSiGeGeSiSiSiGeSiSiGeSiSiGeGeSiSiSiSiSiSiSiSiSiSiSiSiSiSiSiGeSiGeGeGeSiSiSiSiGeGeSiSiGeGeSiSiGeGeGe
   -18284.8828125000 SiSiSiGeGeSiGeSiSiGeGeSiGeGeSiSiSiGeSiSiGeSiSiGeGeSiSiSiSiSiSiSiSiSiSiSiSiSiSiSiGeSiGeGeGeSiSiSiSiGeGeSiSiGeGeSiSiGeGeGe
   -18284.8828125000 SiSiSiGeGeSiGeSiSiGeGeSiGeGeSiSiSiGeSiSiGeSiSiGeGeSiSiSiSiSiSiSiSiSiSiSiSiSiSiSiGeSiGeGeGeSiSiSiSiGeGeSiSiGeGeSiSiGeGeGe
   -18432.1992187500 SiSiSiGeGeSiSiGeGeGeGeSiSiGeSiSiSiGeSiSiSiSiGeGeGeSiSiSiSiSiSiSiSiSiSiSiSiSiSiSiGeSiGeGeGeSiSiSiSiGeGeSiSiGeGeSiSiGeGeGe
   -20741.6601562500 SiGeSiGeGeGeGeGeGeGeGeSiSiSiSiSiSiGeSiSiSiGeSiGeSiSiSiSiSiSiSiSiSiSiSiSiSiSiSiSiGeSiSiSiGeSiSiSiSiGeGeSiSiGeGeGeSiGeGeGe
   -21494.0273437500 SiGeSiGeGeSiGeGeGeGeGeSiSiSiSiSiSiGeSiSiSiGeSiGeSiSiSiSiSiGeSiSiSiSiSiSiSiSiSiSiGeSiSiSiGeSiSiSiSiGeGeSiSiGeGeGeSiGeGeGe
   -21494.0273437500 SiGeSiGeGeSiGeGeGeGeGeSiSiSiSiSiSiGeSiSiSiGeSiGeSiSiSiSiSiGeSiSiSiSiSiSiSiSiSiSiGeSiSiSiGeSiSiSiSiGeGeSiSiGeGeGeSiGeGeGe
   -21494.0273437500 SiGeSiGeGeSiGeGeGeGeGeSiSiSiSiSiSiGeSiSiSiGeSiGeSiSiSiSiSiGeSiSiSiSiSiSiSiSiSiSiGeSiSiSiGeSiSiSiSiGeGeSiSiGeGeGeSiGeGeGe
   -22854.2773437500 GeGeGeGeGeSiGeGeGeSiGeSiSiSiSiSiSiSiSiSiSiGeSiGeSiSiSiSiSiGeSiSiSiSiSiSiSiSiSiSiGeSiSiSiGeSiSiSiSiGeGeSiSiGeGeGeSiGeGeGe
   -23332.5625000000 GeGeGeGeGeSiGeGeGeSiGeSiSiSiSiSiSiSiSiSiSiGeSiGeSiSiSiSiSiGeSiSiSiSiSiSiSiSiSiSiSiSiSiSiGeSiSiSiSiGeGeGeSiGeGeGeSiGeGeGe
   -23332.5625000000 GeGeGeGeGeSiGeGeGeSiGeSiSiSiSiSiSiSiSiSiSiGeSiGeSiSiSiSiSiGeSiSiSiSiSiSiSiSiSiSiSiSiSiSiGeSiSiSiSiGeGeGeSiGeGeGeSiGeGeGe
   -23544.4257812500 GeGeGeGeGeSiGeGeGeSiGeSiSiSiSiSiSiSiSiSiSiSiSiGeSiSiSiSiSiGeSiSiSiSiSiSiSiSiSiSiSiSiSiSiGeSiSiSiSiGeGeGeGeGeGeGeSiGeGeGe
   -23544.4257812500 GeGeGeGeGeSiGeGeGeSiGeSiSiSiSiSiSiSiSiSiSiSiSiGeSiSiSiSiSiGeSiSiSiSiSiSiSiSiSiSiSiSiSiSiGeSiSiSiSiGeGeGeGeGeGeGeSiGeGeGe
   -23544.4257812500 GeGeGeGeGeSiGeGeGeSiGeSiSiSiSiSiSiSiSiSiSiSiSiGeSiSiSiSiSiGeSiSiSiSiSiSiSiSiSiSiSiSiSiSiGeSiSiSiSiGeGeGeGeGeGeGeSiGeGeGe
   -23623.5859375000 GeGeGeGeGeSiGeGeGeSiGeSiGeSiSiSiSiSiSiSiSiSiSiGeSiSiSiSiSiSiSiSiSiSiSiSiSiSiSiSiSiSiSiSiSiSiSiSiGeGeGeGeGeGeGeGeSiGeGeGe
   -23623.5859375000 GeGeGeGeGeSiGeGeGeSiGeSiGeSiSiSiSiSiSiSiSiSiSiGeSiSiSiSiSiSiSiSiSiSiSiSiSiSiSiSiSiSiSiSiSiSiSiSiGeGeGeGeGeGeGeGeSiGeGeGe
   -23623.5859375000 GeGeGeGeGeSiGeGeGeSiGeSiGeSiSiSiSiSiSiSiSiSiSiGeSiSiSiSiSiSiSiSiSiSiSiSiSiSiSiSiSiSiSiSiSiSiSiSiGeGeGeGeGeGeGeGeSiGeGeGe
   -23623.5859375000 GeGeGeGeGeSiGeGeGeSiGeSiGeSiSiSiSiSiSiSiSiSiSiGeSiSiSiSiSiSiSiSiSiSiSiSiSiSiSiSiSiSiSiSiSiSiSiSiGeGeGeGeGeGeGeGeSiGeGeGe
   -23731.1289062500 GeGeGeGeGeSiSiGeGeGeGeSiGeSiSiSiSiSiSiSiSiSiSiGeSiSiSiSiSiSiSiSiSiSiSiSiSiSiSiSiSiSiSiSiSiSiSiSiGeGeGeGeGeGeGeGeSiGeGeGe
   -23731.1289062500 GeGeGeGeGeSiSiGeGeGeGeSiGeSiSiSiSiSiSiSiSiSiSiGeSiSiSiSiSiSiSiSiSiSiSiSiSiSiSiSiSiSiSiSiSiSiSiSiGeGeGeGeGeGeGeGeSiGeGeGe
   -23731.1289062500 GeGeGeGeGeSiSiGeGeGeGeSiGeSiSiSiSiSiSiSiSiSiSiGeSiSiSiSiSiSiSiSiSiSiSiSiSiSiSiSiSiSiSiSiSiSiSiSiGeGeGeGeGeGeGeGeSiGeGeGe
   -23731.1289062500 GeGeGeGeGeSiSiGeGeGeGeSiGeSiSiSiSiSiSiSiSiSiSiGeSiSiSiSiSiSiSiSiSiSiSiSiSiSiSiSiSiSiSiSiSiSiSiSiGeGeGeGeGeGeGeGeSiGeGeGe
   -23731.1289062500 GeGeGeGeGeSiSiGeGeGeGeSiGeSiSiSiSiSiSiSiSiSiSiGeSiSiSiSiSiSiSiSiSiSiSiSiSiSiSiSiSiSiSiSiSiSiSiSiGeGeGeGeGeGeGeGeSiGeGeGe
   -23731.1289062500 GeGeGeGeGeSiSiGeGeGeGeSiGeSiSiSiSiSiSiSiSiSiSiGeSiSiSiSiSiSiSiSiSiSiSiSiSiSiSiSiSiSiSiSiSiSiSiSiGeGeGeGeGeGeGeGeSiGeGeGe
   -23731.1289062500 GeGeGeGeGeSiSiGeGeGeGeSiGeSiSiSiSiSiSiSiSiSiSiGeSiSiSiSiSiSiSiSiSiSiSiSiSiSiSiSiSiSiSiSiSiSiSiSiGeGeGeGeGeGeGeGeSiGeGeGe
   -24029.3281250000 GeGeGeGeGeGeSiGeGeGeGeSiGeSiSiSiSiSiSiSiSiSiSiGeSiSiSiSiSiSiSiSiSiSiSiSiSiSiSiSiSiSiSiSiSiSiSiSiGeGeGeGeGeSiGeGeSiGeGeGe
   -24029.3281250000 GeGeGeGeGeGeSiGeGeGeGeSiGeSiSiSiSiSiSiSiSiSiSiGeSiSiSiSiSiSiSiSiSiSiSiSiSiSiSiSiSiSiSiSiSiSiSiSiGeGeGeGeGeSiGeGeSiGeGeGe
   -24029.3281250000 GeGeGeGeGeGeSiGeGeGeGeSiGeSiSiSiSiSiSiSiSiSiSiGeSiSiSiSiSiSiSiSiSiSiSiSiSiSiSiSiSiSiSiSiSiSiSiSiGeGeGeGeGeSiGeGeSiGeGeGe
   -24029.3281250000 GeGeGeGeGeGeSiGeGeGeGeSiGeSiSiSiSiSiSiSiSiSiSiGeSiSiSiSiSiSiSiSiSiSiSiSiSiSiSiSiSiSiSiSiSiSiSiSiGeGeGeGeGeSiGeGeSiGeGeGe
   -24029.3281250000 GeGeGeGeGeGeSiGeGeGeGeSiGeSiSiSiSiSiSiSiSiSiSiGeSiSiSiSiSiSiSiSiSiSiSiSiSiSiSiSiSiSiSiSiSiSiSiSiGeGeGeGeGeSiGeGeSiGeGeGe
   -24029.3281250000 GeGeGeGeGeGeSiGeGeGeGeSiGeSiSiSiSiSiSiSiSiSiSiGeSiSiSiSiSiSiSiSiSiSiSiSiSiSiSiSiSiSiSiSiSiSiSiSiGeGeGeGeGeSiGeGeSiGeGeGe
   -24029.3281250000 GeGeGeGeGeGeSiGeGeGeGeSiGeSiSiSiSiSiSiSiSiSiSiGeSiSiSiSiSiSiSiSiSiSiSiSiSiSiSiSiSiSiSiSiSiSiSiSiGeGeGeGeGeSiGeGeSiGeGeGe
   -24029.3281250000 GeGeGeGeGeGeSiGeGeGeGeSiGeSiSiSiSiSiSiSiSiSiSiGeSiSiSiSiSiSiSiSiSiSiSiSiSiSiSiSiSiSiSiSiSiSiSiSiGeGeGeGeGeSiGeGeSiGeGeGe
   -24029.3281250000 GeGeGeGeGeGeSiGeGeGeGeSiGeSiSiSiSiSiSiSiSiSiSiGeSiSiSiSiSiSiSiSiSiSiSiSiSiSiSiSiSiSiSiSiSiSiSiSiGeGeGeGeGeSiGeGeSiGeGeGe
   -24029.3281250000 GeGeGeGeGeGeSiGeGeGeGeSiGeSiSiSiSiSiSiSiSiSiSiGeSiSiSiSiSiSiSiSiSiSiSiSiSiSiSiSiSiSiSiSiSiSiSiSiGeGeGeGeGeSiGeGeSiGeGeGe
   -24029.3281250000 GeGeGeGeGeGeSiGeGeGeGeSiGeSiSiSiSiSiSiSiSiSiSiGeSiSiSiSiSiSiSiSiSiSiSiSiSiSiSiSiSiSiSiSiSiSiSiSiGeGeGeGeGeSiGeGeSiGeGeGe
   -24029.3281250000 GeGeGeGeGeGeSiGeGeGeGeSiGeSiSiSiSiSiSiSiSiSiSiGeSiSiSiSiSiSiSiSiSiSiSiSiSiSiSiSiSiSiSiSiSiSiSiSiGeGeGeGeGeSiGeGeSiGeGeGe
   -24029.3281250000 GeGeGeGeGeGeSiGeGeGeGeSiGeSiSiSiSiSiSiSiSiSiSiGeSiSiSiSiSiSiSiSiSiSiSiSiSiSiSiSiSiSiSiSiSiSiSiSiGeGeGeGeGeSiGeGeSiGeGeGe
   -24029.3281250000 GeGeGeGeGeGeSiGeGeGeGeSiGeSiSiSiSiSiSiSiSiSiSiGeSiSiSiSiSiSiSiSiSiSiSiSiSiSiSiSiSiSiSiSiSiSiSiSiGeGeGeGeGeSiGeGeSiGeGeGe
   -24030.6835937500 GeGeGeGeGeGeSiGeGeGeGeSiGeSiSiSiSiGeSiSiSiSiSiSiSiSiSiSiSiSiSiSiSiSiSiSiSiSiSiSiSiSiSiSiSiSiSiSiGeGeGeGeGeSiGeGeSiGeGeGe
   -24030.6835937500 GeGeGeGeGeGeSiGeGeGeGeSiGeSiSiSiSiGeSiSiSiSiSiSiSiSiSiSiSiSiSiSiSiSiSiSiSiSiSiSiSiSiSiSiSiSiSiSiGeGeGeGeGeSiGeGeSiGeGeGe
   -24030.6835937500 GeGeGeGeGeGeSiGeGeGeGeSiGeSiSiSiSiGeSiSiSiSiSiSiSiSiSiSiSiSiSiSiSiSiSiSiSiSiSiSiSiSiSiSiSiSiSiSiGeGeGeGeGeSiGeGeSiGeGeGe
   -24030.6835937500 GeGeGeGeGeGeSiGeGeGeGeSiGeSiSiSiSiGeSiSiSiSiSiSiSiSiSiSiSiSiSiSiSiSiSiSiSiSiSiSiSiSiSiSiSiSiSiSiGeGeGeGeGeSiGeGeSiGeGeGe
   -24030.6835937500 GeGeGeGeGeGeSiGeGeGeGeSiGeSiSiSiSiGeSiSiSiSiSiSiSiSiSiSiSiSiSiSiSiSiSiSiSiSiSiSiSiSiSiSiSiSiSiSiGeGeGeGeGeSiGeGeSiGeGeGe
   -24220.8007812500 GeGeGeGeGeGeSiGeGeGeGeSiGeSiSiSiSiGeSiSiSiSiSiSiSiSiSiSiSiSiSiSiSiSiSiSiSiSiSiSiSiSiSiSiSiSiSiSiGeSiGeGeGeGeGeGeSiGeGeGe
   -24220.8007812500 GeGeGeGeGeGeSiGeGeGeGeSiGeSiSiSiSiGeSiSiSiSiSiSiSiSiSiSiSiSiSiSiSiSiSiSiSiSiSiSiSiSiSiSiSiSiSiSiGeSiGeGeGeGeGeGeSiGeGeGe
   -24220.8007812500 GeGeGeGeGeGeSiGeGeGeGeSiGeSiSiSiSiGeSiSiSiSiSiSiSiSiSiSiSiSiSiSiSiSiSiSiSiSiSiSiSiSiSiSiSiSiSiSiGeSiGeGeGeGeGeGeSiGeGeGe
   -24220.8007812500 GeGeGeGeGeGeSiGeGeGeGeSiGeSiSiSiSiGeSiSiSiSiSiSiSiSiSiSiSiSiSiSiSiSiSiSiSiSiSiSiSiSiSiSiSiSiSiSiGeSiGeGeGeGeGeGeSiGeGeGe
   -24220.8007812500 GeGeGeGeGeGeSiGeGeGeGeSiGeSiSiSiSiGeSiSiSiSiSiSiSiSiSiSiSiSiSiSiSiSiSiSiSiSiSiSiSiSiSiSiSiSiSiSiGeSiGeGeGeGeGeGeSiGeGeGe
   -24220.8007812500 GeGeGeGeGeGeSiGeGeGeGeSiGeSiSiSiSiGeSiSiSiSiSiSiSiSiSiSiSiSiSiSiSiSiSiSiSiSiSiSiSiSiSiSiSiSiSiSiGeSiGeGeGeGeGeGeSiGeGeGe
   -24370.6093750000 GeGeGeGeGeGeSiGeGeGeGeSiSiSiSiSiSiGeSiSiSiSiSiSiSiSiSiSiSiSiSiSiSiSiSiSiSiSiSiSiSiSiSiSiSiSiSiSiGeSiGeGeGeGeGeGeGeGeGeGe
   -24370.6093750000 GeGeGeGeGeGeSiGeGeGeGeSiSiSiSiSiSiGeSiSiSiSiSiSiSiSiSiSiSiSiSiSiSiSiSiSiSiSiSiSiSiSiSiSiSiSiSiSiGeSiGeGeGeGeGeGeGeGeGeGe
   -24370.6093750000 GeGeGeGeGeGeSiGeGeGeGeSiSiSiSiSiSiGeSiSiSiSiSiSiSiSiSiSiSiSiSiSiSiSiSiSiSiSiSiSiSiSiSiSiSiSiSiSiGeSiGeGeGeGeGeGeGeGeGeGe
   -24370.6093750000 GeGeGeGeGeGeSiGeGeGeGeSiSiSiSiSiSiGeSiSiSiSiSiSiSiSiSiSiSiSiSiSiSiSiSiSiSiSiSiSiSiSiSiSiSiSiSiSiGeSiGeGeGeGeGeGeGeGeGeGe
   -24370.6093750000 GeGeGeGeGeGeSiGeGeGeGeSiSiSiSiSiSiGeSiSiSiSiSiSiSiSiSiSiSiSiSiSiSiSiSiSiSiSiSiSiSiSiSiSiSiSiSiSiGeSiGeGeGeGeGeGeGeGeGeGe
   -24370.6093750000 GeGeGeGeGeGeSiGeGeGeGeSiSiSiSiSiSiGeSiSiSiSiSiSiSiSiSiSiSiSiSiSiSiSiSiSiSiSiSiSiSiSiSiSiSiSiSiSiGeSiGeGeGeGeGeGeGeGeGeGe
   -24370.6093750000 GeGeGeGeGeGeSiGeGeGeGeSiSiSiSiSiSiGeSiSiSiSiSiSiSiSiSiSiSiSiSiSiSiSiSiSiSiSiSiSiSiSiSiSiSiSiSiSiGeSiGeGeGeGeGeGeGeGeGeGe
   -24370.6093750000 GeGeGeGeGeGeSiGeGeGeGeSiSiSiSiSiSiGeSiSiSiSiSiSiSiSiSiSiSiSiSiSiSiSiSiSiSiSiSiSiSiSiSiSiSiSiSiSiGeSiGeGeGeGeGeGeGeGeGeGe
   -24370.6093750000 GeGeGeGeGeGeSiGeGeGeGeSiSiSiSiSiSiGeSiSiSiSiSiSiSiSiSiSiSiSiSiSiSiSiSiSiSiSiSiSiSiSiSiSiSiSiSiSiGeSiGeGeGeGeGeGeGeGeGeGe
   -24370.6093750000 GeGeGeGeGeGeSiGeGeGeGeSiSiSiSiSiSiGeSiSiSiSiSiSiSiSiSiSiSiSiSiSiSiSiSiSiSiSiSiSiSiSiSiSiSiSiSiSiGeSiGeGeGeGeGeGeGeGeGeGe
   -24370.6093750000 GeGeGeGeGeGeSiGeGeGeGeSiSiSiSiSiSiGeSiSiSiSiSiSiSiSiSiSiSiSiSiSiSiSiSiSiSiSiSiSiSiSiSiSiSiSiSiSiGeSiGeGeGeGeGeGeGeGeGeGe
   -24370.6093750000 GeGeGeGeGeGeSiGeGeGeGeSiSiSiSiSiSiGeSiSiSiSiSiSiSiSiSiSiSiSiSiSiSiSiSiSiSiSiSiSiSiSiSiSiSiSiSiSiGeSiGeGeGeGeGeGeGeGeGeGe
   -24370.6093750000 GeGeGeGeGeGeSiGeGeGeGeSiSiSiSiSiSiGeSiSiSiSiSiSiSiSiSiSiSiSiSiSiSiSiSiSiSiSiSiSiSiSiSiSiSiSiSiSiGeSiGeGeGeGeGeGeGeGeGeGe
   -24370.6093750000 GeGeGeGeGeGeSiGeGeGeGeSiSiSiSiSiSiGeSiSiSiSiSiSiSiSiSiSiSiSiSiSiSiSiSiSiSiSiSiSiSiSiSiSiSiSiSiSiGeSiGeGeGeGeGeGeGeGeGeGe
   -24370.6093750000 GeGeGeGeGeGeSiGeGeGeGeSiSiSiSiSiSiGeSiSiSiSiSiSiSiSiSiSiSiSiSiSiSiSiSiSiSiSiSiSiSiSiSiSiSiSiSiSiGeSiGeGeGeGeGeGeGeGeGeGe
   -24370.6093750000 GeGeGeGeGeGeSiGeGeGeGeSiSiSiSiSiSiGeSiSiSiSiSiSiSiSiSiSiSiSiSiSiSiSiSiSiSiSiSiSiSiSiSiSiSiSiSiSiGeSiGeGeGeGeGeGeGeGeGeGe
   -24370.6093750000 GeGeGeGeGeGeSiGeGeGeGeSiSiSiSiSiSiGeSiSiSiSiSiSiSiSiSiSiSiSiSiSiSiSiSiSiSiSiSiSiSiSiSiSiSiSiSiSiGeSiGeGeGeGeGeGeGeGeGeGe
   -24370.6093750000 GeGeGeGeGeGeSiGeGeGeGeSiSiSiSiSiSiGeSiSiSiSiSiSiSiSiSiSiSiSiSiSiSiSiSiSiSiSiSiSiSiSiSiSiSiSiSiSiGeSiGeGeGeGeGeGeGeGeGeGe
   -24370.6093750000 GeGeGeGeGeGeSiGeGeGeGeSiSiSiSiSiSiGeSiSiSiSiSiSiSiSiSiSiSiSiSiSiSiSiSiSiSiSiSiSiSiSiSiSiSiSiSiSiGeSiGeGeGeGeGeGeGeGeGeGe
   -24370.6093750000 GeGeGeGeGeGeSiGeGeGeGeSiSiSiSiSiSiGeSiSiSiSiSiSiSiSiSiSiSiSiSiSiSiSiSiSiSiSiSiSiSiSiSiSiSiSiSiSiGeSiGeGeGeGeGeGeGeGeGeGe
   -24370.6093750000 GeGeGeGeGeGeSiGeGeGeGeSiSiSiSiSiSiGeSiSiSiSiSiSiSiSiSiSiSiSiSiSiSiSiSiSiSiSiSiSiSiSiSiSiSiSiSiSiGeSiGeGeGeGeGeGeGeGeGeGe
   -24370.6093750000 GeGeGeGeGeGeSiGeGeGeGeSiSiSiSiSiSiGeSiSiSiSiSiSiSiSiSiSiSiSiSiSiSiSiSiSiSiSiSiSiSiSiSiSiSiSiSiSiGeSiGeGeGeGeGeGeGeGeGeGe
   -24370.6093750000 GeGeGeGeGeGeSiGeGeGeGeSiSiSiSiSiSiGeSiSiSiSiSiSiSiSiSiSiSiSiSiSiSiSiSiSiSiSiSiSiSiSiSiSiSiSiSiSiGeSiGeGeGeGeGeGeGeGeGeGe
   -24370.6093750000 GeGeGeGeGeGeSiGeGeGeGeSiSiSiSiSiSiGeSiSiSiSiSiSiSiSiSiSiSiSiSiSiSiSiSiSiSiSiSiSiSiSiSiSiSiSiSiSiGeSiGeGeGeGeGeGeGeGeGeGe
   -24370.6093750000 GeGeGeGeGeGeSiGeGeGeGeSiSiSiSiSiSiGeSiSiSiSiSiSiSiSiSiSiSiSiSiSiSiSiSiSiSiSiSiSiSiSiSiSiSiSiSiSiGeSiGeGeGeGeGeGeGeGeGeGe
   -24370.6093750000 GeGeGeGeGeGeSiGeGeGeGeSiSiSiSiSiSiGeSiSiSiSiSiSiSiSiSiSiSiSiSiSiSiSiSiSiSiSiSiSiSiSiSiSiSiSiSiSiGeSiGeGeGeGeGeGeGeGeGeGe
   -24370.6093750000 GeGeGeGeGeGeSiGeGeGeGeSiSiSiSiSiSiGeSiSiSiSiSiSiSiSiSiSiSiSiSiSiSiSiSiSiSiSiSiSiSiSiSiSiSiSiSiSiGeSiGeGeGeGeGeGeGeGeGeGe
   -24370.6093750000 GeGeGeGeGeGeSiGeGeGeGeSiSiSiSiSiSiGeSiSiSiSiSiSiSiSiSiSiSiSiSiSiSiSiSiSiSiSiSiSiSiSiSiSiSiSiSiSiGeSiGeGeGeGeGeGeGeGeGeGe
   -24370.6093750000 GeGeGeGeGeGeSiGeGeGeGeSiSiSiSiSiSiGeSiSiSiSiSiSiSiSiSiSiSiSiSiSiSiSiSiSiSiSiSiSiSiSiSiSiSiSiSiSiGeSiGeGeGeGeGeGeGeGeGeGe
   -24370.6093750000 GeGeGeGeGeGeSiGeGeGeGeSiSiSiSiSiSiGeSiSiSiSiSiSiSiSiSiSiSiSiSiSiSiSiSiSiSiSiSiSiSiSiSiSiSiSiSiSiGeSiGeGeGeGeGeGeGeGeGeGe
   -24370.6093750000 GeGeGeGeGeGeSiGeGeGeGeSiSiSiSiSiSiGeSiSiSiSiSiSiSiSiSiSiSiSiSiSiSiSiSiSiSiSiSiSiSiSiSiSiSiSiSiSiGeSiGeGeGeGeGeGeGeGeGeGe
   -24370.6093750000 GeGeGeGeGeGeSiGeGeGeGeSiSiSiSiSiSiGeSiSiSiSiSiSiSiSiSiSiSiSiSiSiSiSiSiSiSiSiSiSiSiSiSiSiSiSiSiSiGeSiGeGeGeGeGeGeGeGeGeGe
   -24370.6093750000 GeGeGeGeGeGeSiGeGeGeGeSiSiSiSiSiSiGeSiSiSiSiSiSiSiSiSiSiSiSiSiSiSiSiSiSiSiSiSiSiSiSiSiSiSiSiSiSiGeSiGeGeGeGeGeGeGeGeGeGe
   -24370.6093750000 GeGeGeGeGeGeSiGeGeGeGeSiSiSiSiSiSiGeSiSiSiSiSiSiSiSiSiSiSiSiSiSiSiSiSiSiSiSiSiSiSiSiSiSiSiSiSiSiGeSiGeGeGeGeGeGeGeGeGeGe
   -24370.6093750000 GeGeGeGeGeGeSiGeGeGeGeSiSiSiSiSiSiGeSiSiSiSiSiSiSiSiSiSiSiSiSiSiSiSiSiSiSiSiSiSiSiSiSiSiSiSiSiSiGeSiGeGeGeGeGeGeGeGeGeGe
   -24370.6093750000 GeGeGeGeGeGeSiGeGeGeGeSiSiSiSiSiSiGeSiSiSiSiSiSiSiSiSiSiSiSiSiSiSiSiSiSiSiSiSiSiSiSiSiSiSiSiSiSiGeSiGeGeGeGeGeGeGeGeGeGe
   -24370.6093750000 GeGeGeGeGeGeSiGeGeGeGeSiSiSiSiSiSiGeSiSiSiSiSiSiSiSiSiSiSiSiSiSiSiSiSiSiSiSiSiSiSiSiSiSiSiSiSiSiGeSiGeGeGeGeGeGeGeGeGeGe
   -24370.6093750000 GeGeGeGeGeGeSiGeGeGeGeSiSiSiSiSiSiGeSiSiSiSiSiSiSiSiSiSiSiSiSiSiSiSiSiSiSiSiSiSiSiSiSiSiSiSiSiSiGeSiGeGeGeGeGeGeGeGeGeGe
   -24370.6093750000 GeGeGeGeGeGeSiGeGeGeGeSiSiSiSiSiSiGeSiSiSiSiSiSiSiSiSiSiSiSiSiSiSiSiSiSiSiSiSiSiSiSiSiSiSiSiSiSiGeSiGeGeGeGeGeGeGeGeGeGe
   -24370.6093750000 GeGeGeGeGeGeSiGeGeGeGeSiSiSiSiSiSiGeSiSiSiSiSiSiSiSiSiSiSiSiSiSiSiSiSiSiSiSiSiSiSiSiSiSiSiSiSiSiGeSiGeGeGeGeGeGeGeGeGeGe
   -24370.6093750000 GeGeGeGeGeGeSiGeGeGeGeSiSiSiSiSiSiGeSiSiSiSiSiSiSiSiSiSiSiSiSiSiSiSiSiSiSiSiSiSiSiSiSiSiSiSiSiSiGeSiGeGeGeGeGeGeGeGeGeGe
   -24370.6093750000 GeGeGeGeGeGeSiGeGeGeGeSiSiSiSiSiSiGeSiSiSiSiSiSiSiSiSiSiSiSiSiSiSiSiSiSiSiSiSiSiSiSiSiSiSiSiSiSiGeSiGeGeGeGeGeGeGeGeGeGe
   -24370.6093750000 GeGeGeGeGeGeSiGeGeGeGeSiSiSiSiSiSiGeSiSiSiSiSiSiSiSiSiSiSiSiSiSiSiSiSiSiSiSiSiSiSiSiSiSiSiSiSiSiGeSiGeGeGeGeGeGeGeGeGeGe
   -24370.6093750000 GeGeGeGeGeGeSiGeGeGeGeSiSiSiSiSiSiGeSiSiSiSiSiSiSiSiSiSiSiSiSiSiSiSiSiSiSiSiSiSiSiSiSiSiSiSiSiSiGeSiGeGeGeGeGeGeGeGeGeGe
   -24370.6093750000 GeGeGeGeGeGeSiGeGeGeGeSiSiSiSiSiSiGeSiSiSiSiSiSiSiSiSiSiSiSiSiSiSiSiSiSiSiSiSiSiSiSiSiSiSiSiSiSiGeSiGeGeGeGeGeGeGeGeGeGe
   -24370.6093750000 GeGeGeGeGeGeSiGeGeGeGeSiSiSiSiSiSiGeSiSiSiSiSiSiSiSiSiSiSiSiSiSiSiSiSiSiSiSiSiSiSiSiSiSiSiSiSiSiGeSiGeGeGeGeGeGeGeGeGeGe
   -24370.6093750000 GeGeGeGeGeGeSiGeGeGeGeSiSiSiSiSiSiGeSiSiSiSiSiSiSiSiSiSiSiSiSiSiSiSiSiSiSiSiSiSiSiSiSiSiSiSiSiSiGeSiGeGeGeGeGeGeGeGeGeGe
   -24370.6093750000 GeGeGeGeGeGeSiGeGeGeGeSiSiSiSiSiSiGeSiSiSiSiSiSiSiSiSiSiSiSiSiSiSiSiSiSiSiSiSiSiSiSiSiSiSiSiSiSiGeSiGeGeGeGeGeGeGeGeGeGe
   -24370.6093750000 GeGeGeGeGeGeSiGeGeGeGeSiSiSiSiSiSiGeSiSiSiSiSiSiSiSiSiSiSiSiSiSiSiSiSiSiSiSiSiSiSiSiSiSiSiSiSiSiGeSiGeGeGeGeGeGeGeGeGeGe
   -24370.6093750000 GeGeGeGeGeGeSiGeGeGeGeSiSiSiSiSiSiGeSiSiSiSiSiSiSiSiSiSiSiSiSiSiSiSiSiSiSiSiSiSiSiSiSiSiSiSiSiSiGeSiGeGeGeGeGeGeGeGeGeGe
   -24370.6093750000 GeGeGeGeGeGeSiGeGeGeGeSiSiSiSiSiSiGeSiSiSiSiSiSiSiSiSiSiSiSiSiSiSiSiSiSiSiSiSiSiSiSiSiSiSiSiSiSiGeSiGeGeGeGeGeGeGeGeGeGe
   -24370.6093750000 GeGeGeGeGeGeSiGeGeGeGeSiSiSiSiSiSiGeSiSiSiSiSiSiSiSiSiSiSiSiSiSiSiSiSiSiSiSiSiSiSiSiSiSiSiSiSiSiGeSiGeGeGeGeGeGeGeGeGeGe
   -24370.6093750000 GeGeGeGeGeGeSiGeGeGeGeSiSiSiSiSiSiGeSiSiSiSiSiSiSiSiSiSiSiSiSiSiSiSiSiSiSiSiSiSiSiSiSiSiSiSiSiSiGeSiGeGeGeGeGeGeGeGeGeGe
   -24370.6093750000 GeGeGeGeGeGeSiGeGeGeGeSiSiSiSiSiSiGeSiSiSiSiSiSiSiSiSiSiSiSiSiSiSiSiSiSiSiSiSiSiSiSiSiSiSiSiSiSiGeSiGeGeGeGeGeGeGeGeGeGe
   -24370.6093750000 GeGeGeGeGeGeSiGeGeGeGeSiSiSiSiSiSiGeSiSiSiSiSiSiSiSiSiSiSiSiSiSiSiSiSiSiSiSiSiSiSiSiSiSiSiSiSiSiGeSiGeGeGeGeGeGeGeGeGeGe
   -24370.6093750000 GeGeGeGeGeGeSiGeGeGeGeSiSiSiSiSiSiGeSiSiSiSiSiSiSiSiSiSiSiSiSiSiSiSiSiSiSiSiSiSiSiSiSiSiSiSiSiSiGeSiGeGeGeGeGeGeGeGeGeGe
   -24370.6093750000 GeGeGeGeGeGeSiGeGeGeGeSiSiSiSiSiSiGeSiSiSiSiSiSiSiSiSiSiSiSiSiSiSiSiSiSiSiSiSiSiSiSiSiSiSiSiSiSiGeSiGeGeGeGeGeGeGeGeGeGe
   -24370.6093750000 GeGeGeGeGeGeSiGeGeGeGeSiSiSiSiSiSiGeSiSiSiSiSiSiSiSiSiSiSiSiSiSiSiSiSiSiSiSiSiSiSiSiSiSiSiSiSiSiGeSiGeGeGeGeGeGeGeGeGeGe
   -24370.6093750000 GeGeGeGeGeGeSiGeGeGeGeSiSiSiSiSiSiGeSiSiSiSiSiSiSiSiSiSiSiSiSiSiSiSiSiSiSiSiSiSiSiSiSiSiSiSiSiSiGeSiGeGeGeGeGeGeGeGeGeGe
   -24370.6093750000 GeGeGeGeGeGeSiGeGeGeGeSiSiSiSiSiSiGeSiSiSiSiSiSiSiSiSiSiSiSiSiSiSiSiSiSiSiSiSiSiSiSiSiSiSiSiSiSiGeSiGeGeGeGeGeGeGeGeGeGe
   -24370.6093750000 GeGeGeGeGeGeSiGeGeGeGeSiSiSiSiSiSiGeSiSiSiSiSiSiSiSiSiSiSiSiSiSiSiSiSiSiSiSiSiSiSiSiSiSiSiSiSiSiGeSiGeGeGeGeGeGeGeGeGeGe
   -24370.6093750000 GeGeGeGeGeGeSiGeGeGeGeSiSiSiSiSiSiGeSiSiSiSiSiSiSiSiSiSiSiSiSiSiSiSiSiSiSiSiSiSiSiSiSiSiSiSiSiSiGeSiGeGeGeGeGeGeGeGeGeGe
   -24370.6093750000 GeGeGeGeGeGeSiGeGeGeGeSiSiSiSiSiSiGeSiSiSiSiSiSiSiSiSiSiSiSiSiSiSiSiSiSiSiSiSiSiSiSiSiSiSiSiSiSiGeSiGeGeGeGeGeGeGeGeGeGe
   -24370.6093750000 GeGeGeGeGeGeSiGeGeGeGeSiSiSiSiSiSiGeSiSiSiSiSiSiSiSiSiSiSiSiSiSiSiSiSiSiSiSiSiSiSiSiSiSiSiSiSiSiGeSiGeGeGeGeGeGeGeGeGeGe
   -24370.6093750000 GeGeGeGeGeGeSiGeGeGeGeSiSiSiSiSiSiGeSiSiSiSiSiSiSiSiSiSiSiSiSiSiSiSiSiSiSiSiSiSiSiSiSiSiSiSiSiSiGeSiGeGeGeGeGeGeGeGeGeGe
   -24370.6093750000 GeGeGeGeGeGeSiGeGeGeGeSiSiSiSiSiSiGeSiSiSiSiSiSiSiSiSiSiSiSiSiSiSiSiSiSiSiSiSiSiSiSiSiSiSiSiSiSiGeSiGeGeGeGeGeGeGeGeGeGe
   -24370.6093750000 GeGeGeGeGeGeSiGeGeGeGeSiSiSiSiSiSiGeSiSiSiSiSiSiSiSiSiSiSiSiSiSiSiSiSiSiSiSiSiSiSiSiSiSiSiSiSiSiGeSiGeGeGeGeGeGeGeGeGeGe
   -24370.6093750000 GeGeGeGeGeGeSiGeGeGeGeSiSiSiSiSiSiGeSiSiSiSiSiSiSiSiSiSiSiSiSiSiSiSiSiSiSiSiSiSiSiSiSiSiSiSiSiSiGeSiGeGeGeGeGeGeGeGeGeGe
   -24370.6093750000 GeGeGeGeGeGeSiGeGeGeGeSiSiSiSiSiSiGeSiSiSiSiSiSiSiSiSiSiSiSiSiSiSiSiSiSiSiSiSiSiSiSiSiSiSiSiSiSiGeSiGeGeGeGeGeGeGeGeGeGe
   -24370.6093750000 GeGeGeGeGeGeSiGeGeGeGeSiSiSiSiSiSiGeSiSiSiSiSiSiSiSiSiSiSiSiSiSiSiSiSiSiSiSiSiSiSiSiSiSiSiSiSiSiGeSiGeGeGeGeGeGeGeGeGeGe
   -24370.6093750000 GeGeGeGeGeGeSiGeGeGeGeSiSiSiSiSiSiGeSiSiSiSiSiSiSiSiSiSiSiSiSiSiSiSiSiSiSiSiSiSiSiSiSiSiSiSiSiSiGeSiGeGeGeGeGeGeGeGeGeGe
   -24370.6093750000 GeGeGeGeGeGeSiGeGeGeGeSiSiSiSiSiSiGeSiSiSiSiSiSiSiSiSiSiSiSiSiSiSiSiSiSiSiSiSiSiSiSiSiSiSiSiSiSiGeSiGeGeGeGeGeGeGeGeGeGe
   -24370.6093750000 GeGeGeGeGeGeSiGeGeGeGeSiSiSiSiSiSiGeSiSiSiSiSiSiSiSiSiSiSiSiSiSiSiSiSiSiSiSiSiSiSiSiSiSiSiSiSiSiGeSiGeGeGeGeGeGeGeGeGeGe
   -24370.6093750000 GeGeGeGeGeGeSiGeGeGeGeSiSiSiSiSiSiGeSiSiSiSiSiSiSiSiSiSiSiSiSiSiSiSiSiSiSiSiSiSiSiSiSiSiSiSiSiSiGeSiGeGeGeGeGeGeGeGeGeGe
   -24370.6093750000 GeGeGeGeGeGeSiGeGeGeGeSiSiSiSiSiSiGeSiSiSiSiSiSiSiSiSiSiSiSiSiSiSiSiSiSiSiSiSiSiSiSiSiSiSiSiSiSiGeSiGeGeGeGeGeGeGeGeGeGe
   -24370.6093750000 GeGeGeGeGeGeSiGeGeGeGeSiSiSiSiSiSiGeSiSiSiSiSiSiSiSiSiSiSiSiSiSiSiSiSiSiSiSiSiSiSiSiSiSiSiSiSiSiGeSiGeGeGeGeGeGeGeGeGeGe
   -24370.6093750000 GeGeGeGeGeGeSiGeGeGeGeSiSiSiSiSiSiGeSiSiSiSiSiSiSiSiSiSiSiSiSiSiSiSiSiSiSiSiSiSiSiSiSiSiSiSiSiSiGeSiGeGeGeGeGeGeGeGeGeGe
   -24370.6093750000 GeGeGeGeGeGeSiGeGeGeGeSiSiSiSiSiSiGeSiSiSiSiSiSiSiSiSiSiSiSiSiSiSiSiSiSiSiSiSiSiSiSiSiSiSiSiSiSiGeSiGeGeGeGeGeGeGeGeGeGe
   -24370.6093750000 GeGeGeGeGeGeSiGeGeGeGeSiSiSiSiSiSiGeSiSiSiSiSiSiSiSiSiSiSiSiSiSiSiSiSiSiSiSiSiSiSiSiSiSiSiSiSiSiGeSiGeGeGeGeGeGeGeGeGeGe
   -24370.6093750000 GeGeGeGeGeGeSiGeGeGeGeSiSiSiSiSiSiGeSiSiSiSiSiSiSiSiSiSiSiSiSiSiSiSiSiSiSiSiSiSiSiSiSiSiSiSiSiSiGeSiGeGeGeGeGeGeGeGeGeGe
   -24370.6093750000 GeGeGeGeGeGeSiGeGeGeGeSiSiSiSiSiSiGeSiSiSiSiSiSiSiSiSiSiSiSiSiSiSiSiSiSiSiSiSiSiSiSiSiSiSiSiSiSiGeSiGeGeGeGeGeGeGeGeGeGe
   -24370.6093750000 GeGeGeGeGeGeSiGeGeGeGeSiSiSiSiSiSiGeSiSiSiSiSiSiSiSiSiSiSiSiSiSiSiSiSiSiSiSiSiSiSiSiSiSiSiSiSiSiGeSiGeGeGeGeGeGeGeGeGeGe
   -24370.6093750000 GeGeGeGeGeGeSiGeGeGeGeSiSiSiSiSiSiGeSiSiSiSiSiSiSiSiSiSiSiSiSiSiSiSiSiSiSiSiSiSiSiSiSiSiSiSiSiSiGeSiGeGeGeGeGeGeGeGeGeGe
   -24370.6093750000 GeGeGeGeGeGeSiGeGeGeGeSiSiSiSiSiSiGeSiSiSiSiSiSiSiSiSiSiSiSiSiSiSiSiSiSiSiSiSiSiSiSiSiSiSiSiSiSiGeSiGeGeGeGeGeGeGeGeGeGe
   -24370.6093750000 GeGeGeGeGeGeSiGeGeGeGeSiSiSiSiSiSiGeSiSiSiSiSiSiSiSiSiSiSiSiSiSiSiSiSiSiSiSiSiSiSiSiSiSiSiSiSiSiGeSiGeGeGeGeGeGeGeGeGeGe
   -24370.6093750000 GeGeGeGeGeGeSiGeGeGeGeSiSiSiSiSiSiGeSiSiSiSiSiSiSiSiSiSiSiSiSiSiSiSiSiSiSiSiSiSiSiSiSiSiSiSiSiSiGeSiGeGeGeGeGeGeGeGeGeGe
   -24370.6093750000 GeGeGeGeGeGeSiGeGeGeGeSiSiSiSiSiSiGeSiSiSiSiSiSiSiSiSiSiSiSiSiSiSiSiSiSiSiSiSiSiSiSiSiSiSiSiSiSiGeSiGeGeGeGeGeGeGeGeGeGe
   -24370.6093750000 GeGeGeGeGeGeSiGeGeGeGeSiSiSiSiSiSiGeSiSiSiSiSiSiSiSiSiSiSiSiSiSiSiSiSiSiSiSiSiSiSiSiSiSiSiSiSiSiGeSiGeGeGeGeGeGeGeGeGeGe
   -24370.6093750000 GeGeGeGeGeGeSiGeGeGeGeSiSiSiSiSiSiGeSiSiSiSiSiSiSiSiSiSiSiSiSiSiSiSiSiSiSiSiSiSiSiSiSiSiSiSiSiSiGeSiGeGeGeGeGeGeGeGeGeGe
   -24370.6093750000 GeGeGeGeGeGeSiGeGeGeGeSiSiSiSiSiSiGeSiSiSiSiSiSiSiSiSiSiSiSiSiSiSiSiSiSiSiSiSiSiSiSiSiSiSiSiSiSiGeSiGeGeGeGeGeGeGeGeGeGe
   -24370.6093750000 GeGeGeGeGeGeSiGeGeGeGeSiSiSiSiSiSiGeSiSiSiSiSiSiSiSiSiSiSiSiSiSiSiSiSiSiSiSiSiSiSiSiSiSiSiSiSiSiGeSiGeGeGeGeGeGeGeGeGeGe
   -24370.6093750000 GeGeGeGeGeGeSiGeGeGeGeSiSiSiSiSiSiGeSiSiSiSiSiSiSiSiSiSiSiSiSiSiSiSiSiSiSiSiSiSiSiSiSiSiSiSiSiSiGeSiGeGeGeGeGeGeGeGeGeGe
   -24370.6093750000 GeGeGeGeGeGeSiGeGeGeGeSiSiSiSiSiSiGeSiSiSiSiSiSiSiSiSiSiSiSiSiSiSiSiSiSiSiSiSiSiSiSiSiSiSiSiSiSiGeSiGeGeGeGeGeGeGeGeGeGe
   -24370.6093750000 GeGeGeGeGeGeSiGeGeGeGeSiSiSiSiSiSiGeSiSiSiSiSiSiSiSiSiSiSiSiSiSiSiSiSiSiSiSiSiSiSiSiSiSiSiSiSiSiGeSiGeGeGeGeGeGeGeGeGeGe
   -24370.6093750000 GeGeGeGeGeGeSiGeGeGeGeSiSiSiSiSiSiGeSiSiSiSiSiSiSiSiSiSiSiSiSiSiSiSiSiSiSiSiSiSiSiSiSiSiSiSiSiSiGeSiGeGeGeGeGeGeGeGeGeGe
   -24370.6093750000 GeGeGeGeGeGeSiGeGeGeGeSiSiSiSiSiSiGeSiSiSiSiSiSiSiSiSiSiSiSiSiSiSiSiSiSiSiSiSiSiSiSiSiSiSiSiSiSiGeSiGeGeGeGeGeGeGeGeGeGe
   -24370.6093750000 GeGeGeGeGeGeSiGeGeGeGeSiSiSiSiSiSiGeSiSiSiSiSiSiSiSiSiSiSiSiSiSiSiSiSiSiSiSiSiSiSiSiSiSiSiSiSiSiGeSiGeGeGeGeGeGeGeGeGeGe
   -24370.6093750000 GeGeGeGeGeGeSiGeGeGeGeSiSiSiSiSiSiGeSiSiSiSiSiSiSiSiSiSiSiSiSiSiSiSiSiSiSiSiSiSiSiSiSiSiSiSiSiSiGeSiGeGeGeGeGeGeGeGeGeGe
   -24370.6093750000 GeGeGeGeGeGeSiGeGeGeGeSiSiSiSiSiSiGeSiSiSiSiSiSiSiSiSiSiSiSiSiSiSiSiSiSiSiSiSiSiSiSiSiSiSiSiSiSiGeSiGeGeGeGeGeGeGeGeGeGe
   -24370.6093750000 GeGeGeGeGeGeSiGeGeGeGeSiSiSiSiSiSiGeSiSiSiSiSiSiSiSiSiSiSiSiSiSiSiSiSiSiSiSiSiSiSiSiSiSiSiSiSiSiGeSiGeGeGeGeGeGeGeGeGeGe
   -24370.6093750000 GeGeGeGeGeGeSiGeGeGeGeSiSiSiSiSiSiGeSiSiSiSiSiSiSiSiSiSiSiSiSiSiSiSiSiSiSiSiSiSiSiSiSiSiSiSiSiSiGeSiGeGeGeGeGeGeGeGeGeGe
   -24370.6093750000 GeGeGeGeGeGeSiGeGeGeGeSiSiSiSiSiSiGeSiSiSiSiSiSiSiSiSiSiSiSiSiSiSiSiSiSiSiSiSiSiSiSiSiSiSiSiSiSiGeSiGeGeGeGeGeGeGeGeGeGe
   -24370.6093750000 GeGeGeGeGeGeSiGeGeGeGeSiSiSiSiSiSiGeSiSiSiSiSiSiSiSiSiSiSiSiSiSiSiSiSiSiSiSiSiSiSiSiSiSiSiSiSiSiGeSiGeGeGeGeGeGeGeGeGeGe
   -24370.6093750000 GeGeGeGeGeGeSiGeGeGeGeSiSiSiSiSiSiGeSiSiSiSiSiSiSiSiSiSiSiSiSiSiSiSiSiSiSiSiSiSiSiSiSiSiSiSiSiSiGeSiGeGeGeGeGeGeGeGeGeGe
   -24370.6093750000 GeGeGeGeGeGeSiGeGeGeGeSiSiSiSiSiSiGeSiSiSiSiSiSiSiSiSiSiSiSiSiSiSiSiSiSiSiSiSiSiSiSiSiSiSiSiSiSiGeSiGeGeGeGeGeGeGeGeGeGe
   -24370.6093750000 GeGeGeGeGeGeSiGeGeGeGeSiSiSiSiSiSiGeSiSiSiSiSiSiSiSiSiSiSiSiSiSiSiSiSiSiSiSiSiSiSiSiSiSiSiSiSiSiGeSiGeGeGeGeGeGeGeGeGeGe
   -24370.6093750000 GeGeGeGeGeGeSiGeGeGeGeSiSiSiSiSiSiGeSiSiSiSiSiSiSiSiSiSiSiSiSiSiSiSiSiSiSiSiSiSiSiSiSiSiSiSiSiSiGeSiGeGeGeGeGeGeGeGeGeGe
   -24370.6093750000 GeGeGeGeGeGeSiGeGeGeGeSiSiSiSiSiSiGeSiSiSiSiSiSiSiSiSiSiSiSiSiSiSiSiSiSiSiSiSiSiSiSiSiSiSiSiSiSiGeSiGeGeGeGeGeGeGeGeGeGe
   -24370.6093750000 GeGeGeGeGeGeSiGeGeGeGeSiSiSiSiSiSiGeSiSiSiSiSiSiSiSiSiSiSiSiSiSiSiSiSiSiSiSiSiSiSiSiSiSiSiSiSiSiGeSiGeGeGeGeGeGeGeGeGeGe
   -24370.6093750000 GeGeGeGeGeGeSiGeGeGeGeSiSiSiSiSiSiGeSiSiSiSiSiSiSiSiSiSiSiSiSiSiSiSiSiSiSiSiSiSiSiSiSiSiSiSiSiSiGeSiGeGeGeGeGeGeGeGeGeGe
   -24370.6093750000 GeGeGeGeGeGeSiGeGeGeGeSiSiSiSiSiSiGeSiSiSiSiSiSiSiSiSiSiSiSiSiSiSiSiSiSiSiSiSiSiSiSiSiSiSiSiSiSiGeSiGeGeGeGeGeGeGeGeGeGe
   -24370.6093750000 GeGeGeGeGeGeSiGeGeGeGeSiSiSiSiSiSiGeSiSiSiSiSiSiSiSiSiSiSiSiSiSiSiSiSiSiSiSiSiSiSiSiSiSiSiSiSiSiGeSiGeGeGeGeGeGeGeGeGeGe
   -24370.6093750000 GeGeGeGeGeGeSiGeGeGeGeSiSiSiSiSiSiGeSiSiSiSiSiSiSiSiSiSiSiSiSiSiSiSiSiSiSiSiSiSiSiSiSiSiSiSiSiSiGeSiGeGeGeGeGeGeGeGeGeGe
   -24370.6093750000 GeGeGeGeGeGeSiGeGeGeGeSiSiSiSiSiSiGeSiSiSiSiSiSiSiSiSiSiSiSiSiSiSiSiSiSiSiSiSiSiSiSiSiSiSiSiSiSiGeSiGeGeGeGeGeGeGeGeGeGe
   -24370.6093750000 GeGeGeGeGeGeSiGeGeGeGeSiSiSiSiSiSiGeSiSiSiSiSiSiSiSiSiSiSiSiSiSiSiSiSiSiSiSiSiSiSiSiSiSiSiSiSiSiGeSiGeGeGeGeGeGeGeGeGeGe
   -24370.6093750000 GeGeGeGeGeGeSiGeGeGeGeSiSiSiSiSiSiGeSiSiSiSiSiSiSiSiSiSiSiSiSiSiSiSiSiSiSiSiSiSiSiSiSiSiSiSiSiSiGeSiGeGeGeGeGeGeGeGeGeGe
   -24370.6093750000 GeGeGeGeGeGeSiGeGeGeGeSiSiSiSiSiSiGeSiSiSiSiSiSiSiSiSiSiSiSiSiSiSiSiSiSiSiSiSiSiSiSiSiSiSiSiSiSiGeSiGeGeGeGeGeGeGeGeGeGe
   -24370.6093750000 GeGeGeGeGeGeSiGeGeGeGeSiSiSiSiSiSiGeSiSiSiSiSiSiSiSiSiSiSiSiSiSiSiSiSiSiSiSiSiSiSiSiSiSiSiSiSiSiGeSiGeGeGeGeGeGeGeGeGeGe
   -24370.6093750000 GeGeGeGeGeGeSiGeGeGeGeSiSiSiSiSiSiGeSiSiSiSiSiSiSiSiSiSiSiSiSiSiSiSiSiSiSiSiSiSiSiSiSiSiSiSiSiSiGeSiGeGeGeGeGeGeGeGeGeGe
   -24370.6093750000 GeGeGeGeGeGeSiGeGeGeGeSiSiSiSiSiSiGeSiSiSiSiSiSiSiSiSiSiSiSiSiSiSiSiSiSiSiSiSiSiSiSiSiSiSiSiSiSiGeSiGeGeGeGeGeGeGeGeGeGe
   -24370.6093750000 GeGeGeGeGeGeSiGeGeGeGeSiSiSiSiSiSiGeSiSiSiSiSiSiSiSiSiSiSiSiSiSiSiSiSiSiSiSiSiSiSiSiSiSiSiSiSiSiGeSiGeGeGeGeGeGeGeGeGeGe
   -24370.6093750000 GeGeGeGeGeGeSiGeGeGeGeSiSiSiSiSiSiGeSiSiSiSiSiSiSiSiSiSiSiSiSiSiSiSiSiSiSiSiSiSiSiSiSiSiSiSiSiSiGeSiGeGeGeGeGeGeGeGeGeGe
   -24370.6093750000 GeGeGeGeGeGeSiGeGeGeGeSiSiSiSiSiSiGeSiSiSiSiSiSiSiSiSiSiSiSiSiSiSiSiSiSiSiSiSiSiSiSiSiSiSiSiSiSiGeSiGeGeGeGeGeGeGeGeGeGe
   -24370.6093750000 GeGeGeGeGeGeSiGeGeGeGeSiSiSiSiSiSiGeSiSiSiSiSiSiSiSiSiSiSiSiSiSiSiSiSiSiSiSiSiSiSiSiSiSiSiSiSiSiGeSiGeGeGeGeGeGeGeGeGeGe
   -24370.6093750000 GeGeGeGeGeGeSiGeGeGeGeSiSiSiSiSiSiGeSiSiSiSiSiSiSiSiSiSiSiSiSiSiSiSiSiSiSiSiSiSiSiSiSiSiSiSiSiSiGeSiGeGeGeGeGeGeGeGeGeGe
   -24370.6093750000 GeGeGeGeGeGeSiGeGeGeGeSiSiSiSiSiSiGeSiSiSiSiSiSiSiSiSiSiSiSiSiSiSiSiSiSiSiSiSiSiSiSiSiSiSiSiSiSiGeSiGeGeGeGeGeGeGeGeGeGe
   -24370.6093750000 GeGeGeGeGeGeSiGeGeGeGeSiSiSiSiSiSiGeSiSiSiSiSiSiSiSiSiSiSiSiSiSiSiSiSiSiSiSiSiSiSiSiSiSiSiSiSiSiGeSiGeGeGeGeGeGeGeGeGeGe
   -24370.6093750000 GeGeGeGeGeGeSiGeGeGeGeSiSiSiSiSiSiGeSiSiSiSiSiSiSiSiSiSiSiSiSiSiSiSiSiSiSiSiSiSiSiSiSiSiSiSiSiSiGeSiGeGeGeGeGeGeGeGeGeGe
   -24370.6093750000 GeGeGeGeGeGeSiGeGeGeGeSiSiSiSiSiSiGeSiSiSiSiSiSiSiSiSiSiSiSiSiSiSiSiSiSiSiSiSiSiSiSiSiSiSiSiSiSiGeSiGeGeGeGeGeGeGeGeGeGe
   -24370.6093750000 GeGeGeGeGeGeSiGeGeGeGeSiSiSiSiSiSiGeSiSiSiSiSiSiSiSiSiSiSiSiSiSiSiSiSiSiSiSiSiSiSiSiSiSiSiSiSiSiGeSiGeGeGeGeGeGeGeGeGeGe
   -24370.6093750000 GeGeGeGeGeGeSiGeGeGeGeSiSiSiSiSiSiGeSiSiSiSiSiSiSiSiSiSiSiSiSiSiSiSiSiSiSiSiSiSiSiSiSiSiSiSiSiSiGeSiGeGeGeGeGeGeGeGeGeGe
   -24370.6093750000 GeGeGeGeGeGeSiGeGeGeGeSiSiSiSiSiSiGeSiSiSiSiSiSiSiSiSiSiSiSiSiSiSiSiSiSiSiSiSiSiSiSiSiSiSiSiSiSiGeSiGeGeGeGeGeGeGeGeGeGe
   -24370.6093750000 GeGeGeGeGeGeSiGeGeGeGeSiSiSiSiSiSiGeSiSiSiSiSiSiSiSiSiSiSiSiSiSiSiSiSiSiSiSiSiSiSiSiSiSiSiSiSiSiGeSiGeGeGeGeGeGeGeGeGeGe
   -24370.6093750000 GeGeGeGeGeGeSiGeGeGeGeSiSiSiSiSiSiGeSiSiSiSiSiSiSiSiSiSiSiSiSiSiSiSiSiSiSiSiSiSiSiSiSiSiSiSiSiSiGeSiGeGeGeGeGeGeGeGeGeGe
   -24370.6093750000 GeGeGeGeGeGeSiGeGeGeGeSiSiSiSiSiSiGeSiSiSiSiSiSiSiSiSiSiSiSiSiSiSiSiSiSiSiSiSiSiSiSiSiSiSiSiSiSiGeSiGeGeGeGeGeGeGeGeGeGe
   -24370.6093750000 GeGeGeGeGeGeSiGeGeGeGeSiSiSiSiSiSiGeSiSiSiSiSiSiSiSiSiSiSiSiSiSiSiSiSiSiSiSiSiSiSiSiSiSiSiSiSiSiGeSiGeGeGeGeGeGeGeGeGeGe
   -24370.6093750000 GeGeGeGeGeGeSiGeGeGeGeSiSiSiSiSiSiGeSiSiSiSiSiSiSiSiSiSiSiSiSiSiSiSiSiSiSiSiSiSiSiSiSiSiSiSiSiSiGeSiGeGeGeGeGeGeGeGeGeGe
filename: c000001206005337.gin     
Cell:
    11.9020996    11.9020996    29.6919994    90.0000000    90.0000000   120.0000000
Box:
    11.9020996    -5.9510503     0.0000000
     0.0000000    10.3075209     0.0000000
     0.0000000     0.0000000    29.6919994
----------------------------------------
Inverse Box:
     0.0840188     0.0485083     0.0000000
     0.0000000     0.0970165     0.0000000
     0.0000000     0.0000000     0.0336791
----------------------------------------
==============================================
geometrical properties of  22 Ge:
 Configuration:           0
 D_ave:   9.35004807       3.52721071    
 D_min:   3.19857001      0.458741218    
 energia:  -24370.6094    
