Random Seed:   917207571
Number of atoms:    60
Space Group:    1
Cell:
    11.9020996    11.9020996    29.6919994    90.0000000    90.0000000   120.0000000
Box:
    11.9020996    -5.9510503     0.0000000
     0.0000000    10.3075209     0.0000000
     0.0000000     0.0000000    29.6919994
----------------------------------------
Inverse Box:
     0.0840188     0.0485083     0.0000000
     0.0000000     0.0970165     0.0000000
     0.0000000     0.0000000     0.0336791
----------------------------------------
GeSiSiSiSiSiSiSiSiSiSiSiSiSiSiSiSiSiSiSiSiSiSiSiSiSiSiSiSiSiSiSiSiSiSiSiSiSiSiSiSiSiSiSiSiSiSiSiSiSiSiSiSiSiSiSiGeSiSiSi
           1 Ge    -7732.93262    
GeGeSiSiSiSiSiSiSiSiSiSiSiSiSiSiSiSiSiSiSiSiSiSiSiSiSiSiSiSiSiSiSiSiSiSiSiSiSiSiSiSiSiSiSiSiSiSiSiSiSiSiSiSiSiSiGeSiSiSi
           2 Ge    -7726.98389    
GeGeGeSiSiSiSiSiSiSiSiSiSiSiSiSiSiSiSiSiSiSiSiSiSiSiSiSiSiSiSiSiSiSiSiSiSiSiSiSiSiSiSiSiSiSiSiSiSiSiSiSiSiSiSiSiGeSiSiSi
           3 Ge    -7727.64941    
GeGeGeGeSiSiSiSiSiSiSiSiSiSiSiSiSiSiSiSiSiSiSiSiSiSiSiSiSiSiSiSiSiSiSiSiSiSiSiSiSiSiSiSiSiSiSiSiSiSiSiSiSiSiSiSiGeSiSiSi
           4 Ge    -7753.43555    
GeGeGeGeGeSiSiSiSiSiSiSiSiSiSiSiSiSiSiSiSiSiSiSiSiSiSiSiSiSiSiSiSiSiSiSiSiSiSiSiSiSiSiSiSiSiSiSiSiSiSiSiSiSiSiSiGeSiSiSi
           5 Ge    -7816.19775    
GeGeGeGeGeGeSiSiSiSiSiSiSiSiSiSiSiSiSiSiSiSiSiSiSiSiSiSiSiSiSiSiSiSiSiSiSiSiSiSiSiSiSiSiSiSiSiSiSiSiSiSiSiSiSiSiGeSiSiSi
           6 Ge    -7897.65332    
GeGeGeGeGeGeGeSiSiSiSiSiSiSiSiSiSiSiSiSiSiSiSiSiSiSiSiSiSiSiSiSiSiSiSiSiSiSiSiSiSiSiSiSiSiSiSiSiSiSiSiSiSiSiSiSiGeSiSiSi
           7 Ge    -8086.23291    
GeGeGeGeGeGeGeGeSiSiSiSiSiSiSiSiSiSiSiSiSiSiSiSiSiSiSiSiSiSiSiSiSiSiSiSiSiSiSiSiSiSiSiSiSiSiSiSiSiSiSiSiSiSiSiSiGeSiSiSi
           8 Ge    -8317.43457    
GeGeGeGeGeGeGeGeSiSiSiGeSiSiSiSiSiSiSiSiSiSiSiSiSiSiSiSiSiSiSiSiSiSiSiSiSiSiSiSiSiSiSiSiSiSiSiSiSiSiSiSiSiSiSiSiGeSiSiSi
          12 Ge    -8682.38379    
GeGeGeGeGeGeGeGeSiSiSiGeSiSiSiGeSiSiSiSiSiSiSiSiSiSiSiSiSiSiSiSiSiSiSiSiSiSiSiSiSiSiSiSiSiSiSiSiSiSiSiSiSiSiSiSiGeSiSiSi
          16 Ge    -9077.63574    
GeGeGeGeGeGeGeGeSiSiSiGeSiSiSiGeSiSiSiSiSiSiSiSiSiGeSiSiSiSiSiSiSiSiSiSiSiSiSiSiSiSiSiSiSiSiSiSiSiSiSiSiSiSiSiSiGeSiSiSi
          26 Ge    -9126.25684    
GeGeGeGeGeGeGeGeSiSiSiGeSiSiSiGeSiSiSiSiSiSiSiSiSiGeSiSiSiGeSiSiSiSiSiSiSiSiSiSiSiSiSiSiSiSiSiSiSiSiSiSiSiSiSiSiGeSiSiSi
          30 Ge    -9236.56250    
GeGeGeGeGeGeGeGeSiSiSiGeSiSiSiGeSiSiSiSiSiSiSiSiSiGeSiSiSiGeSiSiGeSiSiSiSiSiSiSiSiSiSiSiSiSiSiSiSiSiSiSiSiSiSiSiGeSiSiSi
          33 Ge    -9867.88672    
GeGeGeGeGeGeGeGeSiSiSiGeSiSiSiGeSiSiSiSiSiSiSiSiSiGeSiSiSiGeSiSiGeSiSiGeSiSiSiSiSiSiSiSiSiSiSiSiSiSiSiSiSiSiSiSiGeSiSiSi
          36 Ge    -9924.68652    
GeGeGeGeGeGeGeGeSiSiSiGeSiSiSiGeSiSiSiSiSiSiSiSiSiGeSiSiSiGeSiSiGeSiSiGeSiSiGeSiSiSiSiSiSiSiSiSiSiSiSiSiSiSiSiSiGeSiSiSi
          39 Ge    -10683.1406    
GeGeGeGeGeGeGeGeSiSiSiGeSiSiSiGeSiSiSiSiSiSiSiSiSiGeSiSiSiGeSiSiGeSiSiGeSiSiGeGeSiSiSiSiSiSiSiSiSiSiSiSiSiSiSiSiGeSiSiSi
          40 Ge    -11007.3477    
GeGeGeGeGeGeGeGeSiSiSiGeSiSiSiGeSiSiSiSiSiSiSiSiSiGeSiSiSiGeSiSiGeSiSiGeSiSiGeGeSiGeSiSiSiSiSiSiSiSiSiSiSiSiSiSiGeSiSiSi
          42 Ge    -9909.56250    
GeGeGeGeGeGeGeGeSiSiSiGeSiSiSiGeSiSiSiSiSiSiSiSiSiGeSiSiSiGeSiSiGeSiSiGeSiSiGeGeSiGeSiSiGeSiSiSiSiSiSiSiSiSiSiSiGeSiSiSi
          45 Ge    -9947.63867    
GeGeGeGeGeGeGeGeSiSiSiGeSiSiSiGeSiSiSiSiSiSiSiSiSiGeSiSiSiGeSiSiGeSiSiGeSiSiGeGeSiGeSiSiGeGeSiSiSiSiSiSiSiSiSiSiGeSiSiSi
          46 Ge    -10232.6211    
GeGeGeGeGeGeGeGeSiGeSiGeSiSiSiGeSiSiSiSiSiSiSiSiSiGeSiSiSiGeSiSiGeSiSiGeSiSiGeGeSiGeSiSiGeGeSiSiSiSiSiSiSiSiSiSiGeSiSiSi
          10 Ge    -9510.37891    
GeGeGeGeGeGeGeGeSiGeGeGeSiSiSiGeSiSiSiSiSiSiSiSiSiGeSiSiSiGeSiSiGeSiSiGeSiSiGeGeSiGeSiSiGeGeSiSiSiSiSiSiSiSiSiSiGeSiSiSi
          11 Ge    -10380.8457    
==============================================
MonteCarlo: Metropolis with identity changes
Si > Ge, Ge > Si. STOP when occurrence <    0.00000
==============================================
Cost_function     Occurrence %     Scan-Cost
   -14971.0615234375 SiSiGeSiGeSiGeSiSiSiGeGeGeSiSiSiSiSiSiGeGeSiGeGeSiSiSiSiSiSiSiSiSiSiSiSiSiSiGeSiSiGeGeSiGeGeGeSiGeSiSiSiGeGeGeGeSiSiGeSi
   -18522.8242187500 SiSiGeSiGeSiGeSiGeSiGeGeGeSiSiSiSiSiSiGeGeSiGeGeSiSiSiSiSiSiSiSiGeSiSiSiSiGeSiSiSiSiGeSiSiGeGeSiGeSiSiSiGeGeGeGeSiSiGeSi
   -18943.2734375000 SiSiGeSiGeSiGeSiGeSiGeGeGeSiSiSiSiSiSiGeGeSiGeGeSiSiSiSiSiSiSiSiGeSiSiSiSiGeSiSiSiSiGeSiSiGeSiGeGeSiSiSiGeGeGeGeSiSiGeSi
   -19812.5039062500 SiSiGeSiGeSiGeSiGeSiGeGeGeSiSiSiSiSiSiGeGeSiGeSiSiSiSiSiSiSiSiSiGeSiSiSiSiGeSiSiGeSiGeSiSiGeSiGeGeSiSiSiGeGeGeGeSiSiGeSi
   -19812.5039062500 SiSiGeSiGeSiGeSiGeSiGeGeGeSiSiSiSiSiSiGeGeSiGeSiSiSiSiSiSiSiSiSiGeSiSiSiSiGeSiSiGeSiGeSiSiGeSiGeGeSiSiSiGeGeGeGeSiSiGeSi
   -19812.5039062500 SiSiGeSiGeSiGeSiGeSiGeGeGeSiSiSiSiSiSiGeGeSiGeSiSiSiSiSiSiSiSiSiGeSiSiSiSiGeSiSiGeSiGeSiSiGeSiGeGeSiSiSiGeGeGeGeSiSiGeSi
   -19839.9726562500 SiSiGeSiGeSiGeSiGeSiGeGeGeSiSiSiSiSiSiGeGeSiGeSiSiSiSiGeSiSiSiSiGeSiSiSiSiSiSiSiGeSiGeSiSiGeSiGeGeSiSiSiGeGeGeGeSiSiGeSi
   -20330.8554687500 SiSiGeSiGeSiGeSiGeSiGeGeGeSiSiSiSiSiSiGeGeSiGeSiSiSiSiGeSiSiSiSiGeSiSiSiSiSiSiSiGeSiGeSiSiGeSiSiGeSiSiSiGeGeGeGeSiSiGeGe
   -20800.2695312500 SiSiGeSiGeSiGeSiGeSiGeGeGeSiSiGeSiSiSiSiSiSiGeSiSiSiSiGeSiSiSiSiGeSiSiSiSiSiSiSiGeSiGeSiSiGeSiSiGeSiGeSiGeGeGeGeSiSiGeGe
   -20800.2695312500 SiSiGeSiGeSiGeSiGeSiGeGeGeSiSiGeSiSiSiSiSiSiGeSiSiSiSiGeSiSiSiSiGeSiSiSiSiSiSiSiGeSiGeSiSiGeSiSiGeSiGeSiGeGeGeGeSiSiGeGe
   -20800.2695312500 SiSiGeSiGeSiGeSiGeSiGeGeGeSiSiGeSiSiSiSiSiSiGeSiSiSiSiGeSiSiSiSiGeSiSiSiSiSiSiSiGeSiGeSiSiGeSiSiGeSiGeSiGeGeGeGeSiSiGeGe
   -20800.2695312500 SiSiGeSiGeSiGeSiGeSiGeGeGeSiSiGeSiSiSiSiSiSiGeSiSiSiSiGeSiSiSiSiGeSiSiSiSiSiSiSiGeSiGeSiSiGeSiSiGeSiGeSiGeGeGeGeSiSiGeGe
   -20800.2695312500 SiSiGeSiGeSiGeSiGeSiGeGeGeSiSiGeSiSiSiSiSiSiGeSiSiSiSiGeSiSiSiSiGeSiSiSiSiSiSiSiGeSiGeSiSiGeSiSiGeSiGeSiGeGeGeGeSiSiGeGe
   -20800.2695312500 SiSiGeSiGeSiGeSiGeSiGeGeGeSiSiGeSiSiSiSiSiSiGeSiSiSiSiGeSiSiSiSiGeSiSiSiSiSiSiSiGeSiGeSiSiGeSiSiGeSiGeSiGeGeGeGeSiSiGeGe
   -20800.2695312500 SiSiGeSiGeSiGeSiGeSiGeGeGeSiSiGeSiSiSiSiSiSiGeSiSiSiSiGeSiSiSiSiGeSiSiSiSiSiSiSiGeSiGeSiSiGeSiSiGeSiGeSiGeGeGeGeSiSiGeGe
   -20800.2695312500 SiSiGeSiGeSiGeSiGeSiGeGeGeSiSiGeSiSiSiSiSiSiGeSiSiSiSiGeSiSiSiSiGeSiSiSiSiSiSiSiGeSiGeSiSiGeSiSiGeSiGeSiGeGeGeGeSiSiGeGe
   -20800.2695312500 SiSiGeSiGeSiGeSiGeSiGeGeGeSiSiGeSiSiSiSiSiSiGeSiSiSiSiGeSiSiSiSiGeSiSiSiSiSiSiSiGeSiGeSiSiGeSiSiGeSiGeSiGeGeGeGeSiSiGeGe
   -20800.2695312500 SiSiGeSiGeSiGeSiGeSiGeGeGeSiSiGeSiSiSiSiSiSiGeSiSiSiSiGeSiSiSiSiGeSiSiSiSiSiSiSiGeSiGeSiSiGeSiSiGeSiGeSiGeGeGeGeSiSiGeGe
   -20800.2695312500 SiSiGeSiGeSiGeSiGeSiGeGeGeSiSiGeSiSiSiSiSiSiGeSiSiSiSiGeSiSiSiSiGeSiSiSiSiSiSiSiGeSiGeSiSiGeSiSiGeSiGeSiGeGeGeGeSiSiGeGe
   -20800.2695312500 SiSiGeSiGeSiGeSiGeSiGeGeGeSiSiGeSiSiSiSiSiSiGeSiSiSiSiGeSiSiSiSiGeSiSiSiSiSiSiSiGeSiGeSiSiGeSiSiGeSiGeSiGeGeGeGeSiSiGeGe
   -20800.2695312500 SiSiGeSiGeSiGeSiGeSiGeGeGeSiSiGeSiSiSiSiSiSiGeSiSiSiSiGeSiSiSiSiGeSiSiSiSiSiSiSiGeSiGeSiSiGeSiSiGeSiGeSiGeGeGeGeSiSiGeGe
   -20800.2695312500 SiSiGeSiGeSiGeSiGeSiGeGeGeSiSiGeSiSiSiSiSiSiGeSiSiSiSiGeSiSiSiSiGeSiSiSiSiSiSiSiGeSiGeSiSiGeSiSiGeSiGeSiGeGeGeGeSiSiGeGe
   -20800.2695312500 SiSiGeSiGeSiGeSiGeSiGeGeGeSiSiGeSiSiSiSiSiSiGeSiSiSiSiGeSiSiSiSiGeSiSiSiSiSiSiSiGeSiGeSiSiGeSiSiGeSiGeSiGeGeGeGeSiSiGeGe
   -20800.2695312500 SiSiGeSiGeSiGeSiGeSiGeGeGeSiSiGeSiSiSiSiSiSiGeSiSiSiSiGeSiSiSiSiGeSiSiSiSiSiSiSiGeSiGeSiSiGeSiSiGeSiGeSiGeGeGeGeSiSiGeGe
   -20800.2695312500 SiSiGeSiGeSiGeSiGeSiGeGeGeSiSiGeSiSiSiSiSiSiGeSiSiSiSiGeSiSiSiSiGeSiSiSiSiSiSiSiGeSiGeSiSiGeSiSiGeSiGeSiGeGeGeGeSiSiGeGe
   -20800.2695312500 SiSiGeSiGeSiGeSiGeSiGeGeGeSiSiGeSiSiSiSiSiSiGeSiSiSiSiGeSiSiSiSiGeSiSiSiSiSiSiSiGeSiGeSiSiGeSiSiGeSiGeSiGeGeGeGeSiSiGeGe
   -20811.9296875000 SiSiGeSiGeSiGeSiGeSiGeGeGeSiSiGeSiSiSiSiSiSiGeSiSiSiSiGeSiSiSiSiGeSiSiSiSiGeSiSiGeSiSiSiSiGeSiSiGeSiGeSiGeGeGeGeSiSiGeGe
   -20811.9296875000 SiSiGeSiGeSiGeSiGeSiGeGeGeSiSiGeSiSiSiSiSiSiGeSiSiSiSiGeSiSiSiSiGeSiSiSiSiGeSiSiGeSiSiSiSiGeSiSiGeSiGeSiGeGeGeGeSiSiGeGe
   -20811.9296875000 SiSiGeSiGeSiGeSiGeSiGeGeGeSiSiGeSiSiSiSiSiSiGeSiSiSiSiGeSiSiSiSiGeSiSiSiSiGeSiSiGeSiSiSiSiGeSiSiGeSiGeSiGeGeGeGeSiSiGeGe
   -20908.2617187500 SiSiGeSiGeSiGeSiGeSiGeGeSiSiSiGeSiSiSiGeSiSiGeGeSiSiSiGeSiSiSiSiSiSiSiSiSiGeSiSiGeSiSiSiSiGeSiSiSiSiGeGeGeGeGeGeSiSiGeGe
   -20908.2617187500 SiSiGeSiGeSiGeSiGeSiGeGeSiSiSiGeSiSiSiGeSiSiGeGeSiSiSiGeSiSiSiSiSiSiSiSiSiGeSiSiGeSiSiSiSiGeSiSiSiSiGeGeGeGeGeGeSiSiGeGe
   -20908.2617187500 SiSiGeSiGeSiGeSiGeSiGeGeSiSiSiGeSiSiSiGeSiSiGeGeSiSiSiGeSiSiSiSiSiSiSiSiSiGeSiSiGeSiSiSiSiGeSiSiSiSiGeGeGeGeGeGeSiSiGeGe
   -20908.2617187500 SiSiGeSiGeSiGeSiGeSiGeGeSiSiSiGeSiSiSiGeSiSiGeGeSiSiSiGeSiSiSiSiSiSiSiSiSiGeSiSiGeSiSiSiSiGeSiSiSiSiGeGeGeGeGeGeSiSiGeGe
   -20908.2617187500 SiSiGeSiGeSiGeSiGeSiGeGeSiSiSiGeSiSiSiGeSiSiGeGeSiSiSiGeSiSiSiSiSiSiSiSiSiGeSiSiGeSiSiSiSiGeSiSiSiSiGeGeGeGeGeGeSiSiGeGe
   -21093.4218750000 SiSiGeSiGeSiGeSiGeSiGeGeSiSiSiGeSiSiSiGeSiSiGeGeSiSiSiGeSiSiSiSiSiSiSiSiSiGeSiSiGeSiSiSiSiSiSiSiGeSiGeGeGeGeGeGeSiSiGeGe
   -21093.4218750000 SiSiGeSiGeSiGeSiGeSiGeGeSiSiSiGeSiSiSiGeSiSiGeGeSiSiSiGeSiSiSiSiSiSiSiSiSiGeSiSiGeSiSiSiSiSiSiSiGeSiGeGeGeGeGeGeSiSiGeGe
   -21093.4218750000 SiSiGeSiGeSiGeSiGeSiGeGeSiSiSiGeSiSiSiGeSiSiGeGeSiSiSiGeSiSiSiSiSiSiSiSiSiGeSiSiGeSiSiSiSiSiSiSiGeSiGeGeGeGeGeGeSiSiGeGe
   -21093.4218750000 SiSiGeSiGeSiGeSiGeSiGeGeSiSiSiGeSiSiSiGeSiSiGeGeSiSiSiGeSiSiSiSiSiSiSiSiSiGeSiSiGeSiSiSiSiSiSiSiGeSiGeGeGeGeGeGeSiSiGeGe
   -21093.4218750000 SiSiGeSiGeSiGeSiGeSiGeGeSiSiSiGeSiSiSiGeSiSiGeGeSiSiSiGeSiSiSiSiSiSiSiSiSiGeSiSiGeSiSiSiSiSiSiSiGeSiGeGeGeGeGeGeSiSiGeGe
   -21103.7695312500 SiSiGeSiGeSiGeSiGeSiGeGeSiSiSiGeSiSiSiGeSiSiSiGeSiSiSiGeSiSiSiSiSiSiGeSiSiGeSiSiGeSiSiSiSiSiSiSiGeSiGeGeGeGeGeGeSiSiGeGe
   -21103.7695312500 SiSiGeSiGeSiGeSiGeSiGeGeSiSiSiGeSiSiSiGeSiSiSiGeSiSiSiGeSiSiSiSiSiSiGeSiSiGeSiSiGeSiSiSiSiSiSiSiGeSiGeGeGeGeGeGeSiSiGeGe
   -21103.7695312500 SiSiGeSiGeSiGeSiGeSiGeGeSiSiSiGeSiSiSiGeSiSiSiGeSiSiSiGeSiSiSiSiSiSiGeSiSiGeSiSiGeSiSiSiSiSiSiSiGeSiGeGeGeGeGeGeSiSiGeGe
   -21103.7695312500 SiSiGeSiGeSiGeSiGeSiGeGeSiSiSiGeSiSiSiGeSiSiSiGeSiSiSiGeSiSiSiSiSiSiGeSiSiGeSiSiGeSiSiSiSiSiSiSiGeSiGeGeGeGeGeGeSiSiGeGe
   -21103.7695312500 SiSiGeSiGeSiGeSiGeSiGeGeSiSiSiGeSiSiSiGeSiSiSiGeSiSiSiGeSiSiSiSiSiSiGeSiSiGeSiSiGeSiSiSiSiSiSiSiGeSiGeGeGeGeGeGeSiSiGeGe
   -21103.7695312500 SiSiGeSiGeSiGeSiGeSiGeGeSiSiSiGeSiSiSiGeSiSiSiGeSiSiSiGeSiSiSiSiSiSiGeSiSiGeSiSiGeSiSiSiSiSiSiSiGeSiGeGeGeGeGeGeSiSiGeGe
   -21103.7695312500 SiSiGeSiGeSiGeSiGeSiGeGeSiSiSiGeSiSiSiGeSiSiSiGeSiSiSiGeSiSiSiSiSiSiGeSiSiGeSiSiGeSiSiSiSiSiSiSiGeSiGeGeGeGeGeGeSiSiGeGe
   -21103.7695312500 SiSiGeSiGeSiGeSiGeSiGeGeSiSiSiGeSiSiSiGeSiSiSiGeSiSiSiGeSiSiSiSiSiSiGeSiSiGeSiSiGeSiSiSiSiSiSiSiGeSiGeGeGeGeGeGeSiSiGeGe
   -21103.7695312500 SiSiGeSiGeSiGeSiGeSiGeGeSiSiSiGeSiSiSiGeSiSiSiGeSiSiSiGeSiSiSiSiSiSiGeSiSiGeSiSiGeSiSiSiSiSiSiSiGeSiGeGeGeGeGeGeSiSiGeGe
   -21103.7695312500 SiSiGeSiGeSiGeSiGeSiGeGeSiSiSiGeSiSiSiGeSiSiSiGeSiSiSiGeSiSiSiSiSiSiGeSiSiGeSiSiGeSiSiSiSiSiSiSiGeSiGeGeGeGeGeGeSiSiGeGe
   -21103.7695312500 SiSiGeSiGeSiGeSiGeSiGeGeSiSiSiGeSiSiSiGeSiSiSiGeSiSiSiGeSiSiSiSiSiSiGeSiSiGeSiSiGeSiSiSiSiSiSiSiGeSiGeGeGeGeGeGeSiSiGeGe
   -21103.7695312500 SiSiGeSiGeSiGeSiGeSiGeGeSiSiSiGeSiSiSiGeSiSiSiGeSiSiSiGeSiSiSiSiSiSiGeSiSiGeSiSiGeSiSiSiSiSiSiSiGeSiGeGeGeGeGeGeSiSiGeGe
   -21103.7695312500 SiSiGeSiGeSiGeSiGeSiGeGeSiSiSiGeSiSiSiGeSiSiSiGeSiSiSiGeSiSiSiSiSiSiGeSiSiGeSiSiGeSiSiSiSiSiSiSiGeSiGeGeGeGeGeGeSiSiGeGe
   -21103.7695312500 SiSiGeSiGeSiGeSiGeSiGeGeSiSiSiGeSiSiSiGeSiSiSiGeSiSiSiGeSiSiSiSiSiSiGeSiSiGeSiSiGeSiSiSiSiSiSiSiGeSiGeGeGeGeGeGeSiSiGeGe
   -21103.7695312500 SiSiGeSiGeSiGeSiGeSiGeGeSiSiSiGeSiSiSiGeSiSiSiGeSiSiSiGeSiSiSiSiSiSiGeSiSiGeSiSiGeSiSiSiSiSiSiSiGeSiGeGeGeGeGeGeSiSiGeGe
   -21103.7695312500 SiSiGeSiGeSiGeSiGeSiGeGeSiSiSiGeSiSiSiGeSiSiSiGeSiSiSiGeSiSiSiSiSiSiGeSiSiGeSiSiGeSiSiSiSiSiSiSiGeSiGeGeGeGeGeGeSiSiGeGe
   -21103.7695312500 SiSiGeSiGeSiGeSiGeSiGeGeSiSiSiGeSiSiSiGeSiSiSiGeSiSiSiGeSiSiSiSiSiSiGeSiSiGeSiSiGeSiSiSiSiSiSiSiGeSiGeGeGeGeGeGeSiSiGeGe
   -21103.7695312500 SiSiGeSiGeSiGeSiGeSiGeGeSiSiSiGeSiSiSiGeSiSiSiGeSiSiSiGeSiSiSiSiSiSiGeSiSiGeSiSiGeSiSiSiSiSiSiSiGeSiGeGeGeGeGeGeSiSiGeGe
   -21103.7695312500 SiSiGeSiGeSiGeSiGeSiGeGeSiSiSiGeSiSiSiGeSiSiSiGeSiSiSiGeSiSiSiSiSiSiGeSiSiGeSiSiGeSiSiSiSiSiSiSiGeSiGeGeGeGeGeGeSiSiGeGe
   -21103.7695312500 SiSiGeSiGeSiGeSiGeSiGeGeSiSiSiGeSiSiSiGeSiSiSiGeSiSiSiGeSiSiSiSiSiSiGeSiSiGeSiSiGeSiSiSiSiSiSiSiGeSiGeGeGeGeGeGeSiSiGeGe
   -21103.7695312500 SiSiGeSiGeSiGeSiGeSiGeGeSiSiSiGeSiSiSiGeSiSiSiGeSiSiSiGeSiSiSiSiSiSiGeSiSiGeSiSiGeSiSiSiSiSiSiSiGeSiGeGeGeGeGeGeSiSiGeGe
   -21103.7695312500 SiSiGeSiGeSiGeSiGeSiGeGeSiSiSiGeSiSiSiGeSiSiSiGeSiSiSiGeSiSiSiSiSiSiGeSiSiGeSiSiGeSiSiSiSiSiSiSiGeSiGeGeGeGeGeGeSiSiGeGe
   -21103.7695312500 SiSiGeSiGeSiGeSiGeSiGeGeSiSiSiGeSiSiSiGeSiSiSiGeSiSiSiGeSiSiSiSiSiSiGeSiSiGeSiSiGeSiSiSiSiSiSiSiGeSiGeGeGeGeGeGeSiSiGeGe
   -21103.7695312500 SiSiGeSiGeSiGeSiGeSiGeGeSiSiSiGeSiSiSiGeSiSiSiGeSiSiSiGeSiSiSiSiSiSiGeSiSiGeSiSiGeSiSiSiSiSiSiSiGeSiGeGeGeGeGeGeSiSiGeGe
   -21103.7695312500 SiSiGeSiGeSiGeSiGeSiGeGeSiSiSiGeSiSiSiGeSiSiSiGeSiSiSiGeSiSiSiSiSiSiGeSiSiGeSiSiGeSiSiSiSiSiSiSiGeSiGeGeGeGeGeGeSiSiGeGe
   -21103.7695312500 SiSiGeSiGeSiGeSiGeSiGeGeSiSiSiGeSiSiSiGeSiSiSiGeSiSiSiGeSiSiSiSiSiSiGeSiSiGeSiSiGeSiSiSiSiSiSiSiGeSiGeGeGeGeGeGeSiSiGeGe
   -21103.7695312500 SiSiGeSiGeSiGeSiGeSiGeGeSiSiSiGeSiSiSiGeSiSiSiGeSiSiSiGeSiSiSiSiSiSiGeSiSiGeSiSiGeSiSiSiSiSiSiSiGeSiGeGeGeGeGeGeSiSiGeGe
   -21103.7695312500 SiSiGeSiGeSiGeSiGeSiGeGeSiSiSiGeSiSiSiGeSiSiSiGeSiSiSiGeSiSiSiSiSiSiGeSiSiGeSiSiGeSiSiSiSiSiSiSiGeSiGeGeGeGeGeGeSiSiGeGe
   -21103.7695312500 SiSiGeSiGeSiGeSiGeSiGeGeSiSiSiGeSiSiSiGeSiSiSiGeSiSiSiGeSiSiSiSiSiSiGeSiSiGeSiSiGeSiSiSiSiSiSiSiGeSiGeGeGeGeGeGeSiSiGeGe
   -21103.7695312500 SiSiGeSiGeSiGeSiGeSiGeGeSiSiSiGeSiSiSiGeSiSiSiGeSiSiSiGeSiSiSiSiSiSiGeSiSiGeSiSiGeSiSiSiSiSiSiSiGeSiGeGeGeGeGeGeSiSiGeGe
   -21103.7695312500 SiSiGeSiGeSiGeSiGeSiGeGeSiSiSiGeSiSiSiGeSiSiSiGeSiSiSiGeSiSiSiSiSiSiGeSiSiGeSiSiGeSiSiSiSiSiSiSiGeSiGeGeGeGeGeGeSiSiGeGe
   -21103.7695312500 SiSiGeSiGeSiGeSiGeSiGeGeSiSiSiGeSiSiSiGeSiSiSiGeSiSiSiGeSiSiSiSiSiSiGeSiSiGeSiSiGeSiSiSiSiSiSiSiGeSiGeGeGeGeGeGeSiSiGeGe
   -21103.7695312500 SiSiGeSiGeSiGeSiGeSiGeGeSiSiSiGeSiSiSiGeSiSiSiGeSiSiSiGeSiSiSiSiSiSiGeSiSiGeSiSiGeSiSiSiSiSiSiSiGeSiGeGeGeGeGeGeSiSiGeGe
   -21103.7695312500 SiSiGeSiGeSiGeSiGeSiGeGeSiSiSiGeSiSiSiGeSiSiSiGeSiSiSiGeSiSiSiSiSiSiGeSiSiGeSiSiGeSiSiSiSiSiSiSiGeSiGeGeGeGeGeGeSiSiGeGe
   -21103.7695312500 SiSiGeSiGeSiGeSiGeSiGeGeSiSiSiGeSiSiSiGeSiSiSiGeSiSiSiGeSiSiSiSiSiSiGeSiSiGeSiSiGeSiSiSiSiSiSiSiGeSiGeGeGeGeGeGeSiSiGeGe
   -21103.7695312500 SiSiGeSiGeSiGeSiGeSiGeGeSiSiSiGeSiSiSiGeSiSiSiGeSiSiSiGeSiSiSiSiSiSiGeSiSiGeSiSiGeSiSiSiSiSiSiSiGeSiGeGeGeGeGeGeSiSiGeGe
   -21103.7695312500 SiSiGeSiGeSiGeSiGeSiGeGeSiSiSiGeSiSiSiGeSiSiSiGeSiSiSiGeSiSiSiSiSiSiGeSiSiGeSiSiGeSiSiSiSiSiSiSiGeSiGeGeGeGeGeGeSiSiGeGe
   -21103.7695312500 SiSiGeSiGeSiGeSiGeSiGeGeSiSiSiGeSiSiSiGeSiSiSiGeSiSiSiGeSiSiSiSiSiSiGeSiSiGeSiSiGeSiSiSiSiSiSiSiGeSiGeGeGeGeGeGeSiSiGeGe
   -21103.7695312500 SiSiGeSiGeSiGeSiGeSiGeGeSiSiSiGeSiSiSiGeSiSiSiGeSiSiSiGeSiSiSiSiSiSiGeSiSiGeSiSiGeSiSiSiSiSiSiSiGeSiGeGeGeGeGeGeSiSiGeGe
   -21103.7695312500 SiSiGeSiGeSiGeSiGeSiGeGeSiSiSiGeSiSiSiGeSiSiSiGeSiSiSiGeSiSiSiSiSiSiGeSiSiGeSiSiGeSiSiSiSiSiSiSiGeSiGeGeGeGeGeGeSiSiGeGe
   -21103.7695312500 SiSiGeSiGeSiGeSiGeSiGeGeSiSiSiGeSiSiSiGeSiSiSiGeSiSiSiGeSiSiSiSiSiSiGeSiSiGeSiSiGeSiSiSiSiSiSiSiGeSiGeGeGeGeGeGeSiSiGeGe
   -21103.7695312500 SiSiGeSiGeSiGeSiGeSiGeGeSiSiSiGeSiSiSiGeSiSiSiGeSiSiSiGeSiSiSiSiSiSiGeSiSiGeSiSiGeSiSiSiSiSiSiSiGeSiGeGeGeGeGeGeSiSiGeGe
   -21103.7695312500 SiSiGeSiGeSiGeSiGeSiGeGeSiSiSiGeSiSiSiGeSiSiSiGeSiSiSiGeSiSiSiSiSiSiGeSiSiGeSiSiGeSiSiSiSiSiSiSiGeSiGeGeGeGeGeGeSiSiGeGe
   -21103.7695312500 SiSiGeSiGeSiGeSiGeSiGeGeSiSiSiGeSiSiSiGeSiSiSiGeSiSiSiGeSiSiSiSiSiSiGeSiSiGeSiSiGeSiSiSiSiSiSiSiGeSiGeGeGeGeGeGeSiSiGeGe
   -21103.7695312500 SiSiGeSiGeSiGeSiGeSiGeGeSiSiSiGeSiSiSiGeSiSiSiGeSiSiSiGeSiSiSiSiSiSiGeSiSiGeSiSiGeSiSiSiSiSiSiSiGeSiGeGeGeGeGeGeSiSiGeGe
   -21103.7695312500 SiSiGeSiGeSiGeSiGeSiGeGeSiSiSiGeSiSiSiGeSiSiSiGeSiSiSiGeSiSiSiSiSiSiGeSiSiGeSiSiGeSiSiSiSiSiSiSiGeSiGeGeGeGeGeGeSiSiGeGe
   -21103.7695312500 SiSiGeSiGeSiGeSiGeSiGeGeSiSiSiGeSiSiSiGeSiSiSiGeSiSiSiGeSiSiSiSiSiSiGeSiSiGeSiSiGeSiSiSiSiSiSiSiGeSiGeGeGeGeGeGeSiSiGeGe
   -21103.7695312500 SiSiGeSiGeSiGeSiGeSiGeGeSiSiSiGeSiSiSiGeSiSiSiGeSiSiSiGeSiSiSiSiSiSiGeSiSiGeSiSiGeSiSiSiSiSiSiSiGeSiGeGeGeGeGeGeSiSiGeGe
   -21103.7695312500 SiSiGeSiGeSiGeSiGeSiGeGeSiSiSiGeSiSiSiGeSiSiSiGeSiSiSiGeSiSiSiSiSiSiGeSiSiGeSiSiGeSiSiSiSiSiSiSiGeSiGeGeGeGeGeGeSiSiGeGe
   -21103.7695312500 SiSiGeSiGeSiGeSiGeSiGeGeSiSiSiGeSiSiSiGeSiSiSiGeSiSiSiGeSiSiSiSiSiSiGeSiSiGeSiSiGeSiSiSiSiSiSiSiGeSiGeGeGeGeGeGeSiSiGeGe
   -21103.7695312500 SiSiGeSiGeSiGeSiGeSiGeGeSiSiSiGeSiSiSiGeSiSiSiGeSiSiSiGeSiSiSiSiSiSiGeSiSiGeSiSiGeSiSiSiSiSiSiSiGeSiGeGeGeGeGeGeSiSiGeGe
   -21103.7695312500 SiSiGeSiGeSiGeSiGeSiGeGeSiSiSiGeSiSiSiGeSiSiSiGeSiSiSiGeSiSiSiSiSiSiGeSiSiGeSiSiGeSiSiSiSiSiSiSiGeSiGeGeGeGeGeGeSiSiGeGe
   -21103.7695312500 SiSiGeSiGeSiGeSiGeSiGeGeSiSiSiGeSiSiSiGeSiSiSiGeSiSiSiGeSiSiSiSiSiSiGeSiSiGeSiSiGeSiSiSiSiSiSiSiGeSiGeGeGeGeGeGeSiSiGeGe
   -21103.7695312500 SiSiGeSiGeSiGeSiGeSiGeGeSiSiSiGeSiSiSiGeSiSiSiGeSiSiSiGeSiSiSiSiSiSiGeSiSiGeSiSiGeSiSiSiSiSiSiSiGeSiGeGeGeGeGeGeSiSiGeGe
   -21103.7695312500 SiSiGeSiGeSiGeSiGeSiGeGeSiSiSiGeSiSiSiGeSiSiSiGeSiSiSiGeSiSiSiSiSiSiGeSiSiGeSiSiGeSiSiSiSiSiSiSiGeSiGeGeGeGeGeGeSiSiGeGe
   -21103.7695312500 SiSiGeSiGeSiGeSiGeSiGeGeSiSiSiGeSiSiSiGeSiSiSiGeSiSiSiGeSiSiSiSiSiSiGeSiSiGeSiSiGeSiSiSiSiSiSiSiGeSiGeGeGeGeGeGeSiSiGeGe
   -21103.7695312500 SiSiGeSiGeSiGeSiGeSiGeGeSiSiSiGeSiSiSiGeSiSiSiGeSiSiSiGeSiSiSiSiSiSiGeSiSiGeSiSiGeSiSiSiSiSiSiSiGeSiGeGeGeGeGeGeSiSiGeGe
   -21103.7695312500 SiSiGeSiGeSiGeSiGeSiGeGeSiSiSiGeSiSiSiGeSiSiSiGeSiSiSiGeSiSiSiSiSiSiGeSiSiGeSiSiGeSiSiSiSiSiSiSiGeSiGeGeGeGeGeGeSiSiGeGe
   -21103.7695312500 SiSiGeSiGeSiGeSiGeSiGeGeSiSiSiGeSiSiSiGeSiSiSiGeSiSiSiGeSiSiSiSiSiSiGeSiSiGeSiSiGeSiSiSiSiSiSiSiGeSiGeGeGeGeGeGeSiSiGeGe
   -21103.7695312500 SiSiGeSiGeSiGeSiGeSiGeGeSiSiSiGeSiSiSiGeSiSiSiGeSiSiSiGeSiSiSiSiSiSiGeSiSiGeSiSiGeSiSiSiSiSiSiSiGeSiGeGeGeGeGeGeSiSiGeGe
   -21103.7695312500 SiSiGeSiGeSiGeSiGeSiGeGeSiSiSiGeSiSiSiGeSiSiSiGeSiSiSiGeSiSiSiSiSiSiGeSiSiGeSiSiGeSiSiSiSiSiSiSiGeSiGeGeGeGeGeGeSiSiGeGe
   -21103.7695312500 SiSiGeSiGeSiGeSiGeSiGeGeSiSiSiGeSiSiSiGeSiSiSiGeSiSiSiGeSiSiSiSiSiSiGeSiSiGeSiSiGeSiSiSiSiSiSiSiGeSiGeGeGeGeGeGeSiSiGeGe
   -21103.7695312500 SiSiGeSiGeSiGeSiGeSiGeGeSiSiSiGeSiSiSiGeSiSiSiGeSiSiSiGeSiSiSiSiSiSiGeSiSiGeSiSiGeSiSiSiSiSiSiSiGeSiGeGeGeGeGeGeSiSiGeGe
   -21103.7695312500 SiSiGeSiGeSiGeSiGeSiGeGeSiSiSiGeSiSiSiGeSiSiSiGeSiSiSiGeSiSiSiSiSiSiGeSiSiGeSiSiGeSiSiSiSiSiSiSiGeSiGeGeGeGeGeGeSiSiGeGe
   -21103.7695312500 SiSiGeSiGeSiGeSiGeSiGeGeSiSiSiGeSiSiSiGeSiSiSiGeSiSiSiGeSiSiSiSiSiSiGeSiSiGeSiSiGeSiSiSiSiSiSiSiGeSiGeGeGeGeGeGeSiSiGeGe
   -21103.7695312500 SiSiGeSiGeSiGeSiGeSiGeGeSiSiSiGeSiSiSiGeSiSiSiGeSiSiSiGeSiSiSiSiSiSiGeSiSiGeSiSiGeSiSiSiSiSiSiSiGeSiGeGeGeGeGeGeSiSiGeGe
   -21103.7695312500 SiSiGeSiGeSiGeSiGeSiGeGeSiSiSiGeSiSiSiGeSiSiSiGeSiSiSiGeSiSiSiSiSiSiGeSiSiGeSiSiGeSiSiSiSiSiSiSiGeSiGeGeGeGeGeGeSiSiGeGe
   -21103.7695312500 SiSiGeSiGeSiGeSiGeSiGeGeSiSiSiGeSiSiSiGeSiSiSiGeSiSiSiGeSiSiSiSiSiSiGeSiSiGeSiSiGeSiSiSiSiSiSiSiGeSiGeGeGeGeGeGeSiSiGeGe
   -21103.7695312500 SiSiGeSiGeSiGeSiGeSiGeGeSiSiSiGeSiSiSiGeSiSiSiGeSiSiSiGeSiSiSiSiSiSiGeSiSiGeSiSiGeSiSiSiSiSiSiSiGeSiGeGeGeGeGeGeSiSiGeGe
   -21103.7695312500 SiSiGeSiGeSiGeSiGeSiGeGeSiSiSiGeSiSiSiGeSiSiSiGeSiSiSiGeSiSiSiSiSiSiGeSiSiGeSiSiGeSiSiSiSiSiSiSiGeSiGeGeGeGeGeGeSiSiGeGe
   -21103.7695312500 SiSiGeSiGeSiGeSiGeSiGeGeSiSiSiGeSiSiSiGeSiSiSiGeSiSiSiGeSiSiSiSiSiSiGeSiSiGeSiSiGeSiSiSiSiSiSiSiGeSiGeGeGeGeGeGeSiSiGeGe
   -21103.7695312500 SiSiGeSiGeSiGeSiGeSiGeGeSiSiSiGeSiSiSiGeSiSiSiGeSiSiSiGeSiSiSiSiSiSiGeSiSiGeSiSiGeSiSiSiSiSiSiSiGeSiGeGeGeGeGeGeSiSiGeGe
   -21103.7695312500 SiSiGeSiGeSiGeSiGeSiGeGeSiSiSiGeSiSiSiGeSiSiSiGeSiSiSiGeSiSiSiSiSiSiGeSiSiGeSiSiGeSiSiSiSiSiSiSiGeSiGeGeGeGeGeGeSiSiGeGe
   -21103.7695312500 SiSiGeSiGeSiGeSiGeSiGeGeSiSiSiGeSiSiSiGeSiSiSiGeSiSiSiGeSiSiSiSiSiSiGeSiSiGeSiSiGeSiSiSiSiSiSiSiGeSiGeGeGeGeGeGeSiSiGeGe
   -21103.7695312500 SiSiGeSiGeSiGeSiGeSiGeGeSiSiSiGeSiSiSiGeSiSiSiGeSiSiSiGeSiSiSiSiSiSiGeSiSiGeSiSiGeSiSiSiSiSiSiSiGeSiGeGeGeGeGeGeSiSiGeGe
   -21103.7695312500 SiSiGeSiGeSiGeSiGeSiGeGeSiSiSiGeSiSiSiGeSiSiSiGeSiSiSiGeSiSiSiSiSiSiGeSiSiGeSiSiGeSiSiSiSiSiSiSiGeSiGeGeGeGeGeGeSiSiGeGe
   -21103.7695312500 SiSiGeSiGeSiGeSiGeSiGeGeSiSiSiGeSiSiSiGeSiSiSiGeSiSiSiGeSiSiSiSiSiSiGeSiSiGeSiSiGeSiSiSiSiSiSiSiGeSiGeGeGeGeGeGeSiSiGeGe
   -21103.7695312500 SiSiGeSiGeSiGeSiGeSiGeGeSiSiSiGeSiSiSiGeSiSiSiGeSiSiSiGeSiSiSiSiSiSiGeSiSiGeSiSiGeSiSiSiSiSiSiSiGeSiGeGeGeGeGeGeSiSiGeGe
   -21103.7695312500 SiSiGeSiGeSiGeSiGeSiGeGeSiSiSiGeSiSiSiGeSiSiSiGeSiSiSiGeSiSiSiSiSiSiGeSiSiGeSiSiGeSiSiSiSiSiSiSiGeSiGeGeGeGeGeGeSiSiGeGe
   -21103.7695312500 SiSiGeSiGeSiGeSiGeSiGeGeSiSiSiGeSiSiSiGeSiSiSiGeSiSiSiGeSiSiSiSiSiSiGeSiSiGeSiSiGeSiSiSiSiSiSiSiGeSiGeGeGeGeGeGeSiSiGeGe
   -21103.7695312500 SiSiGeSiGeSiGeSiGeSiGeGeSiSiSiGeSiSiSiGeSiSiSiGeSiSiSiGeSiSiSiSiSiSiGeSiSiGeSiSiGeSiSiSiSiSiSiSiGeSiGeGeGeGeGeGeSiSiGeGe
   -21103.7695312500 SiSiGeSiGeSiGeSiGeSiGeGeSiSiSiGeSiSiSiGeSiSiSiGeSiSiSiGeSiSiSiSiSiSiGeSiSiGeSiSiGeSiSiSiSiSiSiSiGeSiGeGeGeGeGeGeSiSiGeGe
   -21103.7695312500 SiSiGeSiGeSiGeSiGeSiGeGeSiSiSiGeSiSiSiGeSiSiSiGeSiSiSiGeSiSiSiSiSiSiGeSiSiGeSiSiGeSiSiSiSiSiSiSiGeSiGeGeGeGeGeGeSiSiGeGe
   -21103.7695312500 SiSiGeSiGeSiGeSiGeSiGeGeSiSiSiGeSiSiSiGeSiSiSiGeSiSiSiGeSiSiSiSiSiSiGeSiSiGeSiSiGeSiSiSiSiSiSiSiGeSiGeGeGeGeGeGeSiSiGeGe
   -21103.7695312500 SiSiGeSiGeSiGeSiGeSiGeGeSiSiSiGeSiSiSiGeSiSiSiGeSiSiSiGeSiSiSiSiSiSiGeSiSiGeSiSiGeSiSiSiSiSiSiSiGeSiGeGeGeGeGeGeSiSiGeGe
   -21103.7695312500 SiSiGeSiGeSiGeSiGeSiGeGeSiSiSiGeSiSiSiGeSiSiSiGeSiSiSiGeSiSiSiSiSiSiGeSiSiGeSiSiGeSiSiSiSiSiSiSiGeSiGeGeGeGeGeGeSiSiGeGe
   -21103.7695312500 SiSiGeSiGeSiGeSiGeSiGeGeSiSiSiGeSiSiSiGeSiSiSiGeSiSiSiGeSiSiSiSiSiSiGeSiSiGeSiSiGeSiSiSiSiSiSiSiGeSiGeGeGeGeGeGeSiSiGeGe
   -21103.7695312500 SiSiGeSiGeSiGeSiGeSiGeGeSiSiSiGeSiSiSiGeSiSiSiGeSiSiSiGeSiSiSiSiSiSiGeSiSiGeSiSiGeSiSiSiSiSiSiSiGeSiGeGeGeGeGeGeSiSiGeGe
   -21103.7695312500 SiSiGeSiGeSiGeSiGeSiGeGeSiSiSiGeSiSiSiGeSiSiSiGeSiSiSiGeSiSiSiSiSiSiGeSiSiGeSiSiGeSiSiSiSiSiSiSiGeSiGeGeGeGeGeGeSiSiGeGe
   -21103.7695312500 SiSiGeSiGeSiGeSiGeSiGeGeSiSiSiGeSiSiSiGeSiSiSiGeSiSiSiGeSiSiSiSiSiSiGeSiSiGeSiSiGeSiSiSiSiSiSiSiGeSiGeGeGeGeGeGeSiSiGeGe
   -21103.7695312500 SiSiGeSiGeSiGeSiGeSiGeGeSiSiSiGeSiSiSiGeSiSiSiGeSiSiSiGeSiSiSiSiSiSiGeSiSiGeSiSiGeSiSiSiSiSiSiSiGeSiGeGeGeGeGeGeSiSiGeGe
   -21103.7695312500 SiSiGeSiGeSiGeSiGeSiGeGeSiSiSiGeSiSiSiGeSiSiSiGeSiSiSiGeSiSiSiSiSiSiGeSiSiGeSiSiGeSiSiSiSiSiSiSiGeSiGeGeGeGeGeGeSiSiGeGe
   -21103.7695312500 SiSiGeSiGeSiGeSiGeSiGeGeSiSiSiGeSiSiSiGeSiSiSiGeSiSiSiGeSiSiSiSiSiSiGeSiSiGeSiSiGeSiSiSiSiSiSiSiGeSiGeGeGeGeGeGeSiSiGeGe
   -21103.7695312500 SiSiGeSiGeSiGeSiGeSiGeGeSiSiSiGeSiSiSiGeSiSiSiGeSiSiSiGeSiSiSiSiSiSiGeSiSiGeSiSiGeSiSiSiSiSiSiSiGeSiGeGeGeGeGeGeSiSiGeGe
   -21103.7695312500 SiSiGeSiGeSiGeSiGeSiGeGeSiSiSiGeSiSiSiGeSiSiSiGeSiSiSiGeSiSiSiSiSiSiGeSiSiGeSiSiGeSiSiSiSiSiSiSiGeSiGeGeGeGeGeGeSiSiGeGe
   -21103.7695312500 SiSiGeSiGeSiGeSiGeSiGeGeSiSiSiGeSiSiSiGeSiSiSiGeSiSiSiGeSiSiSiSiSiSiGeSiSiGeSiSiGeSiSiSiSiSiSiSiGeSiGeGeGeGeGeGeSiSiGeGe
   -21103.7695312500 SiSiGeSiGeSiGeSiGeSiGeGeSiSiSiGeSiSiSiGeSiSiSiGeSiSiSiGeSiSiSiSiSiSiGeSiSiGeSiSiGeSiSiSiSiSiSiSiGeSiGeGeGeGeGeGeSiSiGeGe
   -21103.7695312500 SiSiGeSiGeSiGeSiGeSiGeGeSiSiSiGeSiSiSiGeSiSiSiGeSiSiSiGeSiSiSiSiSiSiGeSiSiGeSiSiGeSiSiSiSiSiSiSiGeSiGeGeGeGeGeGeSiSiGeGe
   -21103.7695312500 SiSiGeSiGeSiGeSiGeSiGeGeSiSiSiGeSiSiSiGeSiSiSiGeSiSiSiGeSiSiSiSiSiSiGeSiSiGeSiSiGeSiSiSiSiSiSiSiGeSiGeGeGeGeGeGeSiSiGeGe
   -21103.7695312500 SiSiGeSiGeSiGeSiGeSiGeGeSiSiSiGeSiSiSiGeSiSiSiGeSiSiSiGeSiSiSiSiSiSiGeSiSiGeSiSiGeSiSiSiSiSiSiSiGeSiGeGeGeGeGeGeSiSiGeGe
   -21103.7695312500 SiSiGeSiGeSiGeSiGeSiGeGeSiSiSiGeSiSiSiGeSiSiSiGeSiSiSiGeSiSiSiSiSiSiGeSiSiGeSiSiGeSiSiSiSiSiSiSiGeSiGeGeGeGeGeGeSiSiGeGe
   -21103.7695312500 SiSiGeSiGeSiGeSiGeSiGeGeSiSiSiGeSiSiSiGeSiSiSiGeSiSiSiGeSiSiSiSiSiSiGeSiSiGeSiSiGeSiSiSiSiSiSiSiGeSiGeGeGeGeGeGeSiSiGeGe
   -21103.7695312500 SiSiGeSiGeSiGeSiGeSiGeGeSiSiSiGeSiSiSiGeSiSiSiGeSiSiSiGeSiSiSiSiSiSiGeSiSiGeSiSiGeSiSiSiSiSiSiSiGeSiGeGeGeGeGeGeSiSiGeGe
   -21103.7695312500 SiSiGeSiGeSiGeSiGeSiGeGeSiSiSiGeSiSiSiGeSiSiSiGeSiSiSiGeSiSiSiSiSiSiGeSiSiGeSiSiGeSiSiSiSiSiSiSiGeSiGeGeGeGeGeGeSiSiGeGe
   -21103.7695312500 SiSiGeSiGeSiGeSiGeSiGeGeSiSiSiGeSiSiSiGeSiSiSiGeSiSiSiGeSiSiSiSiSiSiGeSiSiGeSiSiGeSiSiSiSiSiSiSiGeSiGeGeGeGeGeGeSiSiGeGe
   -21103.7695312500 SiSiGeSiGeSiGeSiGeSiGeGeSiSiSiGeSiSiSiGeSiSiSiGeSiSiSiGeSiSiSiSiSiSiGeSiSiGeSiSiGeSiSiSiSiSiSiSiGeSiGeGeGeGeGeGeSiSiGeGe
   -21103.7695312500 SiSiGeSiGeSiGeSiGeSiGeGeSiSiSiGeSiSiSiGeSiSiSiGeSiSiSiGeSiSiSiSiSiSiGeSiSiGeSiSiGeSiSiSiSiSiSiSiGeSiGeGeGeGeGeGeSiSiGeGe
   -21103.7695312500 SiSiGeSiGeSiGeSiGeSiGeGeSiSiSiGeSiSiSiGeSiSiSiGeSiSiSiGeSiSiSiSiSiSiGeSiSiGeSiSiGeSiSiSiSiSiSiSiGeSiGeGeGeGeGeGeSiSiGeGe
   -21103.7695312500 SiSiGeSiGeSiGeSiGeSiGeGeSiSiSiGeSiSiSiGeSiSiSiGeSiSiSiGeSiSiSiSiSiSiGeSiSiGeSiSiGeSiSiSiSiSiSiSiGeSiGeGeGeGeGeGeSiSiGeGe
   -21103.7695312500 SiSiGeSiGeSiGeSiGeSiGeGeSiSiSiGeSiSiSiGeSiSiSiGeSiSiSiGeSiSiSiSiSiSiGeSiSiGeSiSiGeSiSiSiSiSiSiSiGeSiGeGeGeGeGeGeSiSiGeGe
   -21103.7695312500 SiSiGeSiGeSiGeSiGeSiGeGeSiSiSiGeSiSiSiGeSiSiSiGeSiSiSiGeSiSiSiSiSiSiGeSiSiGeSiSiGeSiSiSiSiSiSiSiGeSiGeGeGeGeGeGeSiSiGeGe
   -21103.7695312500 SiSiGeSiGeSiGeSiGeSiGeGeSiSiSiGeSiSiSiGeSiSiSiGeSiSiSiGeSiSiSiSiSiSiGeSiSiGeSiSiGeSiSiSiSiSiSiSiGeSiGeGeGeGeGeGeSiSiGeGe
   -21103.7695312500 SiSiGeSiGeSiGeSiGeSiGeGeSiSiSiGeSiSiSiGeSiSiSiGeSiSiSiGeSiSiSiSiSiSiGeSiSiGeSiSiGeSiSiSiSiSiSiSiGeSiGeGeGeGeGeGeSiSiGeGe
   -21103.7695312500 SiSiGeSiGeSiGeSiGeSiGeGeSiSiSiGeSiSiSiGeSiSiSiGeSiSiSiGeSiSiSiSiSiSiGeSiSiGeSiSiGeSiSiSiSiSiSiSiGeSiGeGeGeGeGeGeSiSiGeGe
   -21103.7695312500 SiSiGeSiGeSiGeSiGeSiGeGeSiSiSiGeSiSiSiGeSiSiSiGeSiSiSiGeSiSiSiSiSiSiGeSiSiGeSiSiGeSiSiSiSiSiSiSiGeSiGeGeGeGeGeGeSiSiGeGe
   -21103.7695312500 SiSiGeSiGeSiGeSiGeSiGeGeSiSiSiGeSiSiSiGeSiSiSiGeSiSiSiGeSiSiSiSiSiSiGeSiSiGeSiSiGeSiSiSiSiSiSiSiGeSiGeGeGeGeGeGeSiSiGeGe
   -21103.7695312500 SiSiGeSiGeSiGeSiGeSiGeGeSiSiSiGeSiSiSiGeSiSiSiGeSiSiSiGeSiSiSiSiSiSiGeSiSiGeSiSiGeSiSiSiSiSiSiSiGeSiGeGeGeGeGeGeSiSiGeGe
   -21103.7695312500 SiSiGeSiGeSiGeSiGeSiGeGeSiSiSiGeSiSiSiGeSiSiSiGeSiSiSiGeSiSiSiSiSiSiGeSiSiGeSiSiGeSiSiSiSiSiSiSiGeSiGeGeGeGeGeGeSiSiGeGe
   -21103.7695312500 SiSiGeSiGeSiGeSiGeSiGeGeSiSiSiGeSiSiSiGeSiSiSiGeSiSiSiGeSiSiSiSiSiSiGeSiSiGeSiSiGeSiSiSiSiSiSiSiGeSiGeGeGeGeGeGeSiSiGeGe
   -21103.7695312500 SiSiGeSiGeSiGeSiGeSiGeGeSiSiSiGeSiSiSiGeSiSiSiGeSiSiSiGeSiSiSiSiSiSiGeSiSiGeSiSiGeSiSiSiSiSiSiSiGeSiGeGeGeGeGeGeSiSiGeGe
   -21103.7695312500 SiSiGeSiGeSiGeSiGeSiGeGeSiSiSiGeSiSiSiGeSiSiSiGeSiSiSiGeSiSiSiSiSiSiGeSiSiGeSiSiGeSiSiSiSiSiSiSiGeSiGeGeGeGeGeGeSiSiGeGe
   -21103.7695312500 SiSiGeSiGeSiGeSiGeSiGeGeSiSiSiGeSiSiSiGeSiSiSiGeSiSiSiGeSiSiSiSiSiSiGeSiSiGeSiSiGeSiSiSiSiSiSiSiGeSiGeGeGeGeGeGeSiSiGeGe
   -21103.7695312500 SiSiGeSiGeSiGeSiGeSiGeGeSiSiSiGeSiSiSiGeSiSiSiGeSiSiSiGeSiSiSiSiSiSiGeSiSiGeSiSiGeSiSiSiSiSiSiSiGeSiGeGeGeGeGeGeSiSiGeGe
   -21103.7695312500 SiSiGeSiGeSiGeSiGeSiGeGeSiSiSiGeSiSiSiGeSiSiSiGeSiSiSiGeSiSiSiSiSiSiGeSiSiGeSiSiGeSiSiSiSiSiSiSiGeSiGeGeGeGeGeGeSiSiGeGe
   -21103.7695312500 SiSiGeSiGeSiGeSiGeSiGeGeSiSiSiGeSiSiSiGeSiSiSiGeSiSiSiGeSiSiSiSiSiSiGeSiSiGeSiSiGeSiSiSiSiSiSiSiGeSiGeGeGeGeGeGeSiSiGeGe
   -21103.7695312500 SiSiGeSiGeSiGeSiGeSiGeGeSiSiSiGeSiSiSiGeSiSiSiGeSiSiSiGeSiSiSiSiSiSiGeSiSiGeSiSiGeSiSiSiSiSiSiSiGeSiGeGeGeGeGeGeSiSiGeGe
   -21103.7695312500 SiSiGeSiGeSiGeSiGeSiGeGeSiSiSiGeSiSiSiGeSiSiSiGeSiSiSiGeSiSiSiSiSiSiGeSiSiGeSiSiGeSiSiSiSiSiSiSiGeSiGeGeGeGeGeGeSiSiGeGe
   -21103.7695312500 SiSiGeSiGeSiGeSiGeSiGeGeSiSiSiGeSiSiSiGeSiSiSiGeSiSiSiGeSiSiSiSiSiSiGeSiSiGeSiSiGeSiSiSiSiSiSiSiGeSiGeGeGeGeGeGeSiSiGeGe
   -21103.7695312500 SiSiGeSiGeSiGeSiGeSiGeGeSiSiSiGeSiSiSiGeSiSiSiGeSiSiSiGeSiSiSiSiSiSiGeSiSiGeSiSiGeSiSiSiSiSiSiSiGeSiGeGeGeGeGeGeSiSiGeGe
   -21103.7695312500 SiSiGeSiGeSiGeSiGeSiGeGeSiSiSiGeSiSiSiGeSiSiSiGeSiSiSiGeSiSiSiSiSiSiGeSiSiGeSiSiGeSiSiSiSiSiSiSiGeSiGeGeGeGeGeGeSiSiGeGe
   -21103.7695312500 SiSiGeSiGeSiGeSiGeSiGeGeSiSiSiGeSiSiSiGeSiSiSiGeSiSiSiGeSiSiSiSiSiSiGeSiSiGeSiSiGeSiSiSiSiSiSiSiGeSiGeGeGeGeGeGeSiSiGeGe
   -21103.7695312500 SiSiGeSiGeSiGeSiGeSiGeGeSiSiSiGeSiSiSiGeSiSiSiGeSiSiSiGeSiSiSiSiSiSiGeSiSiGeSiSiGeSiSiSiSiSiSiSiGeSiGeGeGeGeGeGeSiSiGeGe
   -21103.7695312500 SiSiGeSiGeSiGeSiGeSiGeGeSiSiSiGeSiSiSiGeSiSiSiGeSiSiSiGeSiSiSiSiSiSiGeSiSiGeSiSiGeSiSiSiSiSiSiSiGeSiGeGeGeGeGeGeSiSiGeGe
   -21103.7695312500 SiSiGeSiGeSiGeSiGeSiGeGeSiSiSiGeSiSiSiGeSiSiSiGeSiSiSiGeSiSiSiSiSiSiGeSiSiGeSiSiGeSiSiSiSiSiSiSiGeSiGeGeGeGeGeGeSiSiGeGe
   -21103.7695312500 SiSiGeSiGeSiGeSiGeSiGeGeSiSiSiGeSiSiSiGeSiSiSiGeSiSiSiGeSiSiSiSiSiSiGeSiSiGeSiSiGeSiSiSiSiSiSiSiGeSiGeGeGeGeGeGeSiSiGeGe
   -21103.7695312500 SiSiGeSiGeSiGeSiGeSiGeGeSiSiSiGeSiSiSiGeSiSiSiGeSiSiSiGeSiSiSiSiSiSiGeSiSiGeSiSiGeSiSiSiSiSiSiSiGeSiGeGeGeGeGeGeSiSiGeGe
   -21103.7695312500 SiSiGeSiGeSiGeSiGeSiGeGeSiSiSiGeSiSiSiGeSiSiSiGeSiSiSiGeSiSiSiSiSiSiGeSiSiGeSiSiGeSiSiSiSiSiSiSiGeSiGeGeGeGeGeGeSiSiGeGe
   -21103.7695312500 SiSiGeSiGeSiGeSiGeSiGeGeSiSiSiGeSiSiSiGeSiSiSiGeSiSiSiGeSiSiSiSiSiSiGeSiSiGeSiSiGeSiSiSiSiSiSiSiGeSiGeGeGeGeGeGeSiSiGeGe
   -21103.7695312500 SiSiGeSiGeSiGeSiGeSiGeGeSiSiSiGeSiSiSiGeSiSiSiGeSiSiSiGeSiSiSiSiSiSiGeSiSiGeSiSiGeSiSiSiSiSiSiSiGeSiGeGeGeGeGeGeSiSiGeGe
   -21103.7695312500 SiSiGeSiGeSiGeSiGeSiGeGeSiSiSiGeSiSiSiGeSiSiSiGeSiSiSiGeSiSiSiSiSiSiGeSiSiGeSiSiGeSiSiSiSiSiSiSiGeSiGeGeGeGeGeGeSiSiGeGe
   -21103.7695312500 SiSiGeSiGeSiGeSiGeSiGeGeSiSiSiGeSiSiSiGeSiSiSiGeSiSiSiGeSiSiSiSiSiSiGeSiSiGeSiSiGeSiSiSiSiSiSiSiGeSiGeGeGeGeGeGeSiSiGeGe
   -21103.7695312500 SiSiGeSiGeSiGeSiGeSiGeGeSiSiSiGeSiSiSiGeSiSiSiGeSiSiSiGeSiSiSiSiSiSiGeSiSiGeSiSiGeSiSiSiSiSiSiSiGeSiGeGeGeGeGeGeSiSiGeGe
   -21103.7695312500 SiSiGeSiGeSiGeSiGeSiGeGeSiSiSiGeSiSiSiGeSiSiSiGeSiSiSiGeSiSiSiSiSiSiGeSiSiGeSiSiGeSiSiSiSiSiSiSiGeSiGeGeGeGeGeGeSiSiGeGe
   -21103.7695312500 SiSiGeSiGeSiGeSiGeSiGeGeSiSiSiGeSiSiSiGeSiSiSiGeSiSiSiGeSiSiSiSiSiSiGeSiSiGeSiSiGeSiSiSiSiSiSiSiGeSiGeGeGeGeGeGeSiSiGeGe
   -21103.7695312500 SiSiGeSiGeSiGeSiGeSiGeGeSiSiSiGeSiSiSiGeSiSiSiGeSiSiSiGeSiSiSiSiSiSiGeSiSiGeSiSiGeSiSiSiSiSiSiSiGeSiGeGeGeGeGeGeSiSiGeGe
   -21103.7695312500 SiSiGeSiGeSiGeSiGeSiGeGeSiSiSiGeSiSiSiGeSiSiSiGeSiSiSiGeSiSiSiSiSiSiGeSiSiGeSiSiGeSiSiSiSiSiSiSiGeSiGeGeGeGeGeGeSiSiGeGe
   -21103.7695312500 SiSiGeSiGeSiGeSiGeSiGeGeSiSiSiGeSiSiSiGeSiSiSiGeSiSiSiGeSiSiSiSiSiSiGeSiSiGeSiSiGeSiSiSiSiSiSiSiGeSiGeGeGeGeGeGeSiSiGeGe
   -21103.7695312500 SiSiGeSiGeSiGeSiGeSiGeGeSiSiSiGeSiSiSiGeSiSiSiGeSiSiSiGeSiSiSiSiSiSiGeSiSiGeSiSiGeSiSiSiSiSiSiSiGeSiGeGeGeGeGeGeSiSiGeGe
   -21103.7695312500 SiSiGeSiGeSiGeSiGeSiGeGeSiSiSiGeSiSiSiGeSiSiSiGeSiSiSiGeSiSiSiSiSiSiGeSiSiGeSiSiGeSiSiSiSiSiSiSiGeSiGeGeGeGeGeGeSiSiGeGe
   -21103.7695312500 SiSiGeSiGeSiGeSiGeSiGeGeSiSiSiGeSiSiSiGeSiSiSiGeSiSiSiGeSiSiSiSiSiSiGeSiSiGeSiSiGeSiSiSiSiSiSiSiGeSiGeGeGeGeGeGeSiSiGeGe
   -21103.7695312500 SiSiGeSiGeSiGeSiGeSiGeGeSiSiSiGeSiSiSiGeSiSiSiGeSiSiSiGeSiSiSiSiSiSiGeSiSiGeSiSiGeSiSiSiSiSiSiSiGeSiGeGeGeGeGeGeSiSiGeGe
   -21103.7695312500 SiSiGeSiGeSiGeSiGeSiGeGeSiSiSiGeSiSiSiGeSiSiSiGeSiSiSiGeSiSiSiSiSiSiGeSiSiGeSiSiGeSiSiSiSiSiSiSiGeSiGeGeGeGeGeGeSiSiGeGe
   -21103.7695312500 SiSiGeSiGeSiGeSiGeSiGeGeSiSiSiGeSiSiSiGeSiSiSiGeSiSiSiGeSiSiSiSiSiSiGeSiSiGeSiSiGeSiSiSiSiSiSiSiGeSiGeGeGeGeGeGeSiSiGeGe
   -21103.7695312500 SiSiGeSiGeSiGeSiGeSiGeGeSiSiSiGeSiSiSiGeSiSiSiGeSiSiSiGeSiSiSiSiSiSiGeSiSiGeSiSiGeSiSiSiSiSiSiSiGeSiGeGeGeGeGeGeSiSiGeGe
   -21103.7695312500 SiSiGeSiGeSiGeSiGeSiGeGeSiSiSiGeSiSiSiGeSiSiSiGeSiSiSiGeSiSiSiSiSiSiGeSiSiGeSiSiGeSiSiSiSiSiSiSiGeSiGeGeGeGeGeGeSiSiGeGe
   -21103.7695312500 SiSiGeSiGeSiGeSiGeSiGeGeSiSiSiGeSiSiSiGeSiSiSiGeSiSiSiGeSiSiSiSiSiSiGeSiSiGeSiSiGeSiSiSiSiSiSiSiGeSiGeGeGeGeGeGeSiSiGeGe
   -21103.7695312500 SiSiGeSiGeSiGeSiGeSiGeGeSiSiSiGeSiSiSiGeSiSiSiGeSiSiSiGeSiSiSiSiSiSiGeSiSiGeSiSiGeSiSiSiSiSiSiSiGeSiGeGeGeGeGeGeSiSiGeGe
   -21103.7695312500 SiSiGeSiGeSiGeSiGeSiGeGeSiSiSiGeSiSiSiGeSiSiSiGeSiSiSiGeSiSiSiSiSiSiGeSiSiGeSiSiGeSiSiSiSiSiSiSiGeSiGeGeGeGeGeGeSiSiGeGe
   -21103.7695312500 SiSiGeSiGeSiGeSiGeSiGeGeSiSiSiGeSiSiSiGeSiSiSiGeSiSiSiGeSiSiSiSiSiSiGeSiSiGeSiSiGeSiSiSiSiSiSiSiGeSiGeGeGeGeGeGeSiSiGeGe
   -21103.7695312500 SiSiGeSiGeSiGeSiGeSiGeGeSiSiSiGeSiSiSiGeSiSiSiGeSiSiSiGeSiSiSiSiSiSiGeSiSiGeSiSiGeSiSiSiSiSiSiSiGeSiGeGeGeGeGeGeSiSiGeGe
   -21103.7695312500 SiSiGeSiGeSiGeSiGeSiGeGeSiSiSiGeSiSiSiGeSiSiSiGeSiSiSiGeSiSiSiSiSiSiGeSiSiGeSiSiGeSiSiSiSiSiSiSiGeSiGeGeGeGeGeGeSiSiGeGe
   -21103.7695312500 SiSiGeSiGeSiGeSiGeSiGeGeSiSiSiGeSiSiSiGeSiSiSiGeSiSiSiGeSiSiSiSiSiSiGeSiSiGeSiSiGeSiSiSiSiSiSiSiGeSiGeGeGeGeGeGeSiSiGeGe
filename: c000001209278366.gin     
Cell:
    11.9020996    11.9020996    29.6919994    90.0000000    90.0000000   120.0000000
Box:
    11.9020996    -5.9510503     0.0000000
     0.0000000    10.3075209     0.0000000
     0.0000000     0.0000000    29.6919994
----------------------------------------
Inverse Box:
     0.0840188     0.0485083     0.0000000
     0.0000000     0.0970165     0.0000000
     0.0000000     0.0000000     0.0336791
----------------------------------------
==============================================
geometrical properties of  22 Ge:
 Configuration:           0
 D_ave:   9.22747612       3.50955629    
 D_min:   3.54878592      0.755353868    
 energia:  -21103.7695    
