Random Seed:   969849297
Number of atoms:    60
Space Group:    1
Cell:
    11.9020996    11.9020996    29.6919994    90.0000000    90.0000000   120.0000000
Box:
    11.9020996    -5.9510503     0.0000000
     0.0000000    10.3075209     0.0000000
     0.0000000     0.0000000    29.6919994
----------------------------------------
Inverse Box:
     0.0840188     0.0485083     0.0000000
     0.0000000     0.0970165     0.0000000
     0.0000000     0.0000000     0.0336791
----------------------------------------
GeSiSiSiSiSiSiSiSiSiSiSiSiSiSiSiSiSiSiSiSiSiSiSiSiSiSiSiSiSiSiSiSiSiSiSiSiSiGeSiSiSiSiSiSiSiSiSiSiSiSiSiSiSiSiSiSiSiSiSi
           1 Ge    -7733.49805    
GeGeSiSiSiSiSiSiSiSiSiSiSiSiSiSiSiSiSiSiSiSiSiSiSiSiSiSiSiSiSiSiSiSiSiSiSiSiGeSiSiSiSiSiSiSiSiSiSiSiSiSiSiSiSiSiSiSiSiSi
           2 Ge    -7727.44824    
GeGeGeSiSiSiSiSiSiSiSiSiSiSiSiSiSiSiSiSiSiSiSiSiSiSiSiSiSiSiSiSiSiSiSiSiSiSiGeSiSiSiSiSiSiSiSiSiSiSiSiSiSiSiSiSiSiSiSiSi
           3 Ge    -7721.31152    
GeGeGeGeSiSiSiSiSiSiSiSiSiSiSiSiSiSiSiSiSiSiSiSiSiSiSiSiSiSiSiSiSiSiSiSiSiSiGeSiSiSiSiSiSiSiSiSiSiSiSiSiSiSiSiSiSiSiSiSi
           4 Ge    -7744.36621    
GeGeGeGeGeSiSiSiSiSiSiSiSiSiSiSiSiSiSiSiSiSiSiSiSiSiSiSiSiSiSiSiSiSiSiSiSiSiGeSiSiSiSiSiSiSiSiSiSiSiSiSiSiSiSiSiSiSiSiSi
           5 Ge    -7785.99316    
GeGeGeGeGeGeSiSiSiSiSiSiSiSiSiSiSiSiSiSiSiSiSiSiSiSiSiSiSiSiSiSiSiSiSiSiSiSiGeSiSiSiSiSiSiSiSiSiSiSiSiSiSiSiSiSiSiSiSiSi
           6 Ge    -7852.15186    
GeGeGeGeGeGeGeSiSiSiSiSiSiSiSiSiSiSiSiSiSiSiSiSiSiSiSiSiSiSiSiSiSiSiSiSiSiSiGeSiSiSiSiSiSiSiSiSiSiSiSiSiSiSiSiSiSiSiSiSi
           7 Ge    -8017.77002    
GeGeGeGeGeGeGeGeSiSiSiSiSiSiSiSiSiSiSiSiSiSiSiSiSiSiSiSiSiSiSiSiSiSiSiSiSiSiGeSiSiSiSiSiSiSiSiSiSiSiSiSiSiSiSiSiSiSiSiSi
           8 Ge    -8219.34082    
GeGeGeGeGeGeGeGeSiSiSiGeSiSiSiSiSiSiSiSiSiSiSiSiSiSiSiSiSiSiSiSiSiSiSiSiSiSiGeSiSiSiSiSiSiSiSiSiSiSiSiSiSiSiSiSiSiSiSiSi
          12 Ge    -8548.23438    
GeGeGeGeGeGeGeGeSiSiSiGeSiSiSiGeSiSiSiSiSiSiSiSiSiSiSiSiSiSiSiSiSiSiSiSiSiSiGeSiSiSiSiSiSiSiSiSiSiSiSiSiSiSiSiSiSiSiSiSi
          16 Ge    -8933.29102    
GeGeGeGeGeGeGeGeSiSiSiGeSiSiSiGeSiSiSiSiSiSiSiSiSiGeSiSiSiSiSiSiSiSiSiSiSiSiGeSiSiSiSiSiSiSiSiSiSiSiSiSiSiSiSiSiSiSiSiSi
          26 Ge    -8921.33203    
GeGeGeGeGeGeGeGeSiSiSiGeSiSiSiGeSiSiSiSiSiSiSiSiSiGeSiSiSiGeSiSiSiSiSiSiSiSiGeSiSiSiSiSiSiSiSiSiSiSiSiSiSiSiSiSiSiSiSiSi
          30 Ge    -8964.20508    
GeGeGeGeGeGeGeGeSiSiSiGeSiSiSiGeSiSiSiSiSiSiSiSiSiGeSiSiSiGeSiSiGeSiSiSiSiSiGeSiSiSiSiSiSiSiSiSiSiSiSiSiSiSiSiSiSiSiSiSi
          33 Ge    -9522.06543    
GeGeGeGeGeGeGeGeSiSiSiGeSiSiSiGeSiSiSiSiSiSiSiSiSiGeSiSiSiGeSiSiGeSiSiGeSiSiGeSiSiSiSiSiSiSiSiSiSiSiSiSiSiSiSiSiSiSiSiSi
          36 Ge    -9498.68945    
GeGeGeGeGeGeGeGeSiSiSiGeSiSiSiGeSiSiSiSiSiSiSiSiSiGeSiSiSiGeSiSiGeSiSiGeSiSiGeGeSiSiSiSiSiSiSiSiSiSiSiSiSiSiSiSiSiSiSiSi
          40 Ge    -9671.79590    
GeGeGeGeGeGeGeGeSiSiSiGeSiSiSiGeSiSiSiSiSiSiSiSiSiGeSiSiSiGeSiSiGeSiSiGeSiSiGeGeSiGeSiSiSiSiSiSiSiSiSiSiSiSiSiSiSiSiSiSi
          42 Ge    -8416.00684    
GeGeGeGeGeGeGeGeSiSiSiGeSiSiSiGeSiSiSiSiSiSiSiSiSiGeSiSiSiGeSiSiGeSiSiGeSiSiGeGeSiGeSiSiGeSiSiSiSiSiSiSiSiSiSiSiSiSiSiSi
          45 Ge    -8915.39453    
GeGeGeGeGeGeGeGeSiSiSiGeSiSiSiGeSiSiSiSiSiSiSiSiSiGeSiSiSiGeSiSiGeSiSiGeSiSiGeGeSiGeSiSiGeGeSiSiSiSiSiSiSiSiSiSiSiSiSiSi
          46 Ge    -9097.63379    
GeGeGeGeGeGeGeGeSiSiSiGeSiSiSiGeSiSiSiSiSiSiSiSiSiGeSiSiSiGeSiSiGeSiSiGeSiSiGeGeSiGeSiSiGeGeSiSiSiSiSiSiSiSiSiSiGeSiSiSi
          57 Ge    -10232.6211    
GeGeGeGeGeGeGeGeSiGeSiGeSiSiSiGeSiSiSiSiSiSiSiSiSiGeSiSiSiGeSiSiGeSiSiGeSiSiGeGeSiGeSiSiGeGeSiSiSiSiSiSiSiSiSiSiGeSiSiSi
          10 Ge    -9510.37891    
GeGeGeGeGeGeGeGeSiGeGeGeSiSiSiGeSiSiSiSiSiSiSiSiSiGeSiSiSiGeSiSiGeSiSiGeSiSiGeGeSiGeSiSiGeGeSiSiSiSiSiSiSiSiSiSiGeSiSiSi
          11 Ge    -10380.8457    
==============================================
MonteCarlo: Metropolis with identity changes
Si > Ge, Ge > Si. STOP when occurrence <    0.00000
==============================================
Cost_function     Occurrence %     Scan-Cost
   -14025.7089843750 GeSiSiGeGeSiGeSiSiGeSiSiSiGeSiSiGeSiSiGeSiSiSiSiSiGeSiGeSiGeGeSiSiSiSiGeSiSiGeGeSiSiSiGeSiGeGeSiSiSiGeGeSiGeSiSiGeSiSiSi
   -16295.3828125000 GeSiSiGeGeSiGeSiSiGeGeSiSiGeSiSiGeSiSiGeSiSiGeSiSiGeSiGeGeGeSiSiSiSiSiGeSiSiSiSiSiSiSiGeSiGeSiSiSiGeGeGeSiGeSiSiGeSiSiSi
   -17366.6171875000 GeSiSiGeGeSiGeSiSiGeGeSiSiGeSiSiSiSiSiGeGeSiSiGeSiSiSiSiSiSiGeGeSiSiGeGeGeSiSiSiSiSiSiSiGeGeSiSiSiGeSiSiGeGeSiGeSiSiGeSi
   -17366.6171875000 GeSiSiGeGeSiGeSiSiGeGeSiSiGeSiSiSiSiSiGeGeSiSiGeSiSiSiSiSiSiGeGeSiSiGeGeGeSiSiSiSiSiSiSiGeGeSiSiSiGeSiSiGeGeSiGeSiSiGeSi
   -17739.7109375000 GeSiSiGeGeSiGeSiSiGeGeSiSiGeSiSiSiSiSiGeGeSiSiGeSiSiSiGeSiSiSiGeSiSiGeGeGeSiSiSiSiSiSiSiGeGeSiSiSiGeSiSiGeGeSiGeSiSiGeSi
   -19122.1015625000 GeSiSiGeGeGeGeSiSiGeGeSiSiSiSiSiSiSiSiGeGeSiGeGeSiSiSiGeSiSiSiSiSiSiGeGeGeSiSiSiSiSiSiSiGeGeSiSiSiSiSiSiGeGeSiGeSiSiGeGe
   -19122.1015625000 GeSiSiGeGeGeGeSiSiGeGeSiSiSiSiSiSiSiSiGeGeSiGeGeSiSiSiGeSiSiSiSiSiSiGeGeGeSiSiSiSiSiSiSiGeGeSiSiSiSiSiSiGeGeSiGeSiSiGeGe
   -19122.1015625000 GeSiSiGeGeGeGeSiSiGeGeSiSiSiSiSiSiSiSiGeGeSiGeGeSiSiSiGeSiSiSiSiSiSiGeGeGeSiSiSiSiSiSiSiGeGeSiSiSiSiSiSiGeGeSiGeSiSiGeGe
   -19122.1015625000 GeSiSiGeGeGeGeSiSiGeGeSiSiSiSiSiSiSiSiGeGeSiGeGeSiSiSiGeSiSiSiSiSiSiGeGeGeSiSiSiSiSiSiSiGeGeSiSiSiSiSiSiGeGeSiGeSiSiGeGe
   -19122.1015625000 GeSiSiGeGeGeGeSiSiGeGeSiSiSiSiSiSiSiSiGeGeSiGeGeSiSiSiGeSiSiSiSiSiSiGeGeGeSiSiSiSiSiSiSiGeGeSiSiSiSiSiSiGeGeSiGeSiSiGeGe
   -19725.9648437500 GeGeSiGeGeSiSiSiSiGeGeSiSiSiSiGeSiSiSiGeGeSiSiGeSiSiSiSiSiSiSiSiSiSiGeSiGeSiGeSiSiSiSiSiSiGeSiSiSiSiGeGeGeGeGeGeSiSiGeGe
   -19725.9648437500 GeGeSiGeGeSiSiSiSiGeGeSiSiSiSiGeSiSiSiGeGeSiSiGeSiSiSiSiSiSiSiSiSiSiGeSiGeSiGeSiSiSiSiSiSiGeSiSiSiSiGeGeGeGeGeGeSiSiGeGe
   -20490.6914062500 GeGeSiGeGeGeSiSiSiGeGeSiSiSiSiGeSiSiSiGeGeSiSiGeSiSiSiSiSiSiSiSiSiSiSiSiGeSiGeSiSiSiSiSiSiGeSiSiSiSiGeGeGeGeGeGeSiSiGeGe
   -20490.6914062500 GeGeSiGeGeGeSiSiSiGeGeSiSiSiSiGeSiSiSiGeGeSiSiGeSiSiSiSiSiSiSiSiSiSiSiSiGeSiGeSiSiSiSiSiSiGeSiSiSiSiGeGeGeGeGeGeSiSiGeGe
   -20490.6914062500 GeGeSiGeGeGeSiSiSiGeGeSiSiSiSiGeSiSiSiGeGeSiSiGeSiSiSiSiSiSiSiSiSiSiSiSiGeSiGeSiSiSiSiSiSiGeSiSiSiSiGeGeGeGeGeGeSiSiGeGe
   -20490.6914062500 GeGeSiGeGeGeSiSiSiGeGeSiSiSiSiGeSiSiSiGeGeSiSiGeSiSiSiSiSiSiSiSiSiSiSiSiGeSiGeSiSiSiSiSiSiGeSiSiSiSiGeGeGeGeGeGeSiSiGeGe
   -20490.6914062500 GeGeSiGeGeGeSiSiSiGeGeSiSiSiSiGeSiSiSiGeGeSiSiGeSiSiSiSiSiSiSiSiSiSiSiSiGeSiGeSiSiSiSiSiSiGeSiSiSiSiGeGeGeGeGeGeSiSiGeGe
   -20490.6914062500 GeGeSiGeGeGeSiSiSiGeGeSiSiSiSiGeSiSiSiGeGeSiSiGeSiSiSiSiSiSiSiSiSiSiSiSiGeSiGeSiSiSiSiSiSiGeSiSiSiSiGeGeGeGeGeGeSiSiGeGe
   -20490.6914062500 GeGeSiGeGeGeSiSiSiGeGeSiSiSiSiGeSiSiSiGeGeSiSiGeSiSiSiSiSiSiSiSiSiSiSiSiGeSiGeSiSiSiSiSiSiGeSiSiSiSiGeGeGeGeGeGeSiSiGeGe
   -20490.6914062500 GeGeSiGeGeGeSiSiSiGeGeSiSiSiSiGeSiSiSiGeGeSiSiGeSiSiSiSiSiSiSiSiSiSiSiSiGeSiGeSiSiSiSiSiSiGeSiSiSiSiGeGeGeGeGeGeSiSiGeGe
   -20490.6914062500 GeGeSiGeGeGeSiSiSiGeGeSiSiSiSiGeSiSiSiGeGeSiSiGeSiSiSiSiSiSiSiSiSiSiSiSiGeSiGeSiSiSiSiSiSiGeSiSiSiSiGeGeGeGeGeGeSiSiGeGe
   -21187.7617187500 GeGeGeGeGeGeSiSiSiGeGeSiGeSiSiGeSiSiSiGeGeSiSiGeSiSiSiSiSiSiSiSiSiSiSiSiGeSiSiSiSiSiSiSiSiSiSiSiSiGeGeGeSiGeGeGeSiSiGeGe
   -21187.7617187500 GeGeGeGeGeGeSiSiSiGeGeSiGeSiSiGeSiSiSiGeGeSiSiGeSiSiSiSiSiSiSiSiSiSiSiSiGeSiSiSiSiSiSiSiSiSiSiSiSiGeGeGeSiGeGeGeSiSiGeGe
   -22632.9140625000 GeGeGeGeGeGeGeSiSiGeGeSiGeSiSiGeSiSiSiGeGeSiSiGeSiSiSiSiSiSiSiSiSiSiSiSiSiSiGeSiSiSiSiSiSiSiSiSiSiGeSiGeSiGeGeGeSiSiGeGe
   -22632.9140625000 GeGeGeGeGeGeGeSiSiGeGeSiGeSiSiGeSiSiSiGeGeSiSiGeSiSiSiSiSiSiSiSiSiSiSiSiSiSiGeSiSiSiSiSiSiSiSiSiSiGeSiGeSiGeGeGeSiSiGeGe
   -22632.9140625000 GeGeGeGeGeGeGeSiSiGeGeSiGeSiSiGeSiSiSiGeGeSiSiGeSiSiSiSiSiSiSiSiSiSiSiSiSiSiGeSiSiSiSiSiSiSiSiSiSiGeSiGeSiGeGeGeSiSiGeGe
   -22632.9140625000 GeGeGeGeGeGeGeSiSiGeGeSiGeSiSiGeSiSiSiGeGeSiSiGeSiSiSiSiSiSiSiSiSiSiSiSiSiSiGeSiSiSiSiSiSiSiSiSiSiGeSiGeSiGeGeGeSiSiGeGe
   -22632.9140625000 GeGeGeGeGeGeGeSiSiGeGeSiGeSiSiGeSiSiSiGeGeSiSiGeSiSiSiSiSiSiSiSiSiSiSiSiSiSiGeSiSiSiSiSiSiSiSiSiSiGeSiGeSiGeGeGeSiSiGeGe
   -22632.9140625000 GeGeGeGeGeGeGeSiSiGeGeSiGeSiSiGeSiSiSiGeGeSiSiGeSiSiSiSiSiSiSiSiSiSiSiSiSiSiGeSiSiSiSiSiSiSiSiSiSiGeSiGeSiGeGeGeSiSiGeGe
   -22632.9140625000 GeGeGeGeGeGeGeSiSiGeGeSiGeSiSiGeSiSiSiGeGeSiSiGeSiSiSiSiSiSiSiSiSiSiSiSiSiSiGeSiSiSiSiSiSiSiSiSiSiGeSiGeSiGeGeGeSiSiGeGe
   -22632.9140625000 GeGeGeGeGeGeGeSiSiGeGeSiGeSiSiGeSiSiSiGeGeSiSiGeSiSiSiSiSiSiSiSiSiSiSiSiSiSiGeSiSiSiSiSiSiSiSiSiSiGeSiGeSiGeGeGeSiSiGeGe
   -22632.9140625000 GeGeGeGeGeGeGeSiSiGeGeSiGeSiSiGeSiSiSiGeGeSiSiGeSiSiSiSiSiSiSiSiSiSiSiSiSiSiGeSiSiSiSiSiSiSiSiSiSiGeSiGeSiGeGeGeSiSiGeGe
   -22632.9140625000 GeGeGeGeGeGeGeSiSiGeGeSiGeSiSiGeSiSiSiGeGeSiSiGeSiSiSiSiSiSiSiSiSiSiSiSiSiSiGeSiSiSiSiSiSiSiSiSiSiGeSiGeSiGeGeGeSiSiGeGe
   -22632.9140625000 GeGeGeGeGeGeGeSiSiGeGeSiGeSiSiGeSiSiSiGeGeSiSiGeSiSiSiSiSiSiSiSiSiSiSiSiSiSiGeSiSiSiSiSiSiSiSiSiSiGeSiGeSiGeGeGeSiSiGeGe
   -22632.9140625000 GeGeGeGeGeGeGeSiSiGeGeSiGeSiSiGeSiSiSiGeGeSiSiGeSiSiSiSiSiSiSiSiSiSiSiSiSiSiGeSiSiSiSiSiSiSiSiSiSiGeSiGeSiGeGeGeSiSiGeGe
   -22632.9140625000 GeGeGeGeGeGeGeSiSiGeGeSiGeSiSiGeSiSiSiGeGeSiSiGeSiSiSiSiSiSiSiSiSiSiSiSiSiSiGeSiSiSiSiSiSiSiSiSiSiGeSiGeSiGeGeGeSiSiGeGe
   -22632.9140625000 GeGeGeGeGeGeGeSiSiGeGeSiGeSiSiGeSiSiSiGeGeSiSiGeSiSiSiSiSiSiSiSiSiSiSiSiSiSiGeSiSiSiSiSiSiSiSiSiSiGeSiGeSiGeGeGeSiSiGeGe
   -22632.9140625000 GeGeGeGeGeGeGeSiSiGeGeSiGeSiSiGeSiSiSiGeGeSiSiGeSiSiSiSiSiSiSiSiSiSiSiSiSiSiGeSiSiSiSiSiSiSiSiSiSiGeSiGeSiGeGeGeSiSiGeGe
   -22632.9140625000 GeGeGeGeGeGeGeSiSiGeGeSiGeSiSiGeSiSiSiGeGeSiSiGeSiSiSiSiSiSiSiSiSiSiSiSiSiSiGeSiSiSiSiSiSiSiSiSiSiGeSiGeSiGeGeGeSiSiGeGe
   -22632.9140625000 GeGeGeGeGeGeGeSiSiGeGeSiGeSiSiGeSiSiSiGeGeSiSiGeSiSiSiSiSiSiSiSiSiSiSiSiSiSiGeSiSiSiSiSiSiSiSiSiSiGeSiGeSiGeGeGeSiSiGeGe
   -22632.9140625000 GeGeGeGeGeGeGeSiSiGeGeSiGeSiSiGeSiSiSiGeGeSiSiGeSiSiSiSiSiSiSiSiSiSiSiSiSiSiGeSiSiSiSiSiSiSiSiSiSiGeSiGeSiGeGeGeSiSiGeGe
   -22632.9140625000 GeGeGeGeGeGeGeSiSiGeGeSiGeSiSiGeSiSiSiGeGeSiSiGeSiSiSiSiSiSiSiSiSiSiSiSiSiSiGeSiSiSiSiSiSiSiSiSiSiGeSiGeSiGeGeGeSiSiGeGe
   -22632.9140625000 GeGeGeGeGeGeGeSiSiGeGeSiGeSiSiGeSiSiSiGeGeSiSiGeSiSiSiSiSiSiSiSiSiSiSiSiSiSiGeSiSiSiSiSiSiSiSiSiSiGeSiGeSiGeGeGeSiSiGeGe
   -22632.9140625000 GeGeGeGeGeGeGeSiSiGeGeSiGeSiSiGeSiSiSiGeGeSiSiGeSiSiSiSiSiSiSiSiSiSiSiSiSiSiGeSiSiSiSiSiSiSiSiSiSiGeSiGeSiGeGeGeSiSiGeGe
   -22632.9140625000 GeGeGeGeGeGeGeSiSiGeGeSiGeSiSiGeSiSiSiGeGeSiSiGeSiSiSiSiSiSiSiSiSiSiSiSiSiSiGeSiSiSiSiSiSiSiSiSiSiGeSiGeSiGeGeGeSiSiGeGe
   -22632.9140625000 GeGeGeGeGeGeGeSiSiGeGeSiGeSiSiGeSiSiSiGeGeSiSiGeSiSiSiSiSiSiSiSiSiSiSiSiSiSiGeSiSiSiSiSiSiSiSiSiSiGeSiGeSiGeGeGeSiSiGeGe
   -22632.9140625000 GeGeGeGeGeGeGeSiSiGeGeSiGeSiSiGeSiSiSiGeGeSiSiGeSiSiSiSiSiSiSiSiSiSiSiSiSiSiGeSiSiSiSiSiSiSiSiSiSiGeSiGeSiGeGeGeSiSiGeGe
   -22632.9140625000 GeGeGeGeGeGeGeSiSiGeGeSiGeSiSiGeSiSiSiGeGeSiSiGeSiSiSiSiSiSiSiSiSiSiSiSiSiSiGeSiSiSiSiSiSiSiSiSiSiGeSiGeSiGeGeGeSiSiGeGe
   -22632.9140625000 GeGeGeGeGeGeGeSiSiGeGeSiGeSiSiGeSiSiSiGeGeSiSiGeSiSiSiSiSiSiSiSiSiSiSiSiSiSiGeSiSiSiSiSiSiSiSiSiSiGeSiGeSiGeGeGeSiSiGeGe
   -22632.9140625000 GeGeGeGeGeGeGeSiSiGeGeSiGeSiSiGeSiSiSiGeGeSiSiGeSiSiSiSiSiSiSiSiSiSiSiSiSiSiGeSiSiSiSiSiSiSiSiSiSiGeSiGeSiGeGeGeSiSiGeGe
   -22632.9140625000 GeGeGeGeGeGeGeSiSiGeGeSiGeSiSiGeSiSiSiGeGeSiSiGeSiSiSiSiSiSiSiSiSiSiSiSiSiSiGeSiSiSiSiSiSiSiSiSiSiGeSiGeSiGeGeGeSiSiGeGe
   -22632.9140625000 GeGeGeGeGeGeGeSiSiGeGeSiGeSiSiGeSiSiSiGeGeSiSiGeSiSiSiSiSiSiSiSiSiSiSiSiSiSiGeSiSiSiSiSiSiSiSiSiSiGeSiGeSiGeGeGeSiSiGeGe
   -22632.9140625000 GeGeGeGeGeGeGeSiSiGeGeSiGeSiSiGeSiSiSiGeGeSiSiGeSiSiSiSiSiSiSiSiSiSiSiSiSiSiGeSiSiSiSiSiSiSiSiSiSiGeSiGeSiGeGeGeSiSiGeGe
   -22632.9140625000 GeGeGeGeGeGeGeSiSiGeGeSiGeSiSiGeSiSiSiGeGeSiSiGeSiSiSiSiSiSiSiSiSiSiSiSiSiSiGeSiSiSiSiSiSiSiSiSiSiGeSiGeSiGeGeGeSiSiGeGe
   -22632.9140625000 GeGeGeGeGeGeGeSiSiGeGeSiGeSiSiGeSiSiSiGeGeSiSiGeSiSiSiSiSiSiSiSiSiSiSiSiSiSiGeSiSiSiSiSiSiSiSiSiSiGeSiGeSiGeGeGeSiSiGeGe
   -22632.9140625000 GeGeGeGeGeGeGeSiSiGeGeSiGeSiSiGeSiSiSiGeGeSiSiGeSiSiSiSiSiSiSiSiSiSiSiSiSiSiGeSiSiSiSiSiSiSiSiSiSiGeSiGeSiGeGeGeSiSiGeGe
   -22632.9140625000 GeGeGeGeGeGeGeSiSiGeGeSiGeSiSiGeSiSiSiGeGeSiSiGeSiSiSiSiSiSiSiSiSiSiSiSiSiSiGeSiSiSiSiSiSiSiSiSiSiGeSiGeSiGeGeGeSiSiGeGe
   -22632.9140625000 GeGeGeGeGeGeGeSiSiGeGeSiGeSiSiGeSiSiSiGeGeSiSiGeSiSiSiSiSiSiSiSiSiSiSiSiSiSiGeSiSiSiSiSiSiSiSiSiSiGeSiGeSiGeGeGeSiSiGeGe
   -22632.9140625000 GeGeGeGeGeGeGeSiSiGeGeSiGeSiSiGeSiSiSiGeGeSiSiGeSiSiSiSiSiSiSiSiSiSiSiSiSiSiGeSiSiSiSiSiSiSiSiSiSiGeSiGeSiGeGeGeSiSiGeGe
   -22632.9140625000 GeGeGeGeGeGeGeSiSiGeGeSiGeSiSiGeSiSiSiGeGeSiSiGeSiSiSiSiSiSiSiSiSiSiSiSiSiSiGeSiSiSiSiSiSiSiSiSiSiGeSiGeSiGeGeGeSiSiGeGe
   -22632.9140625000 GeGeGeGeGeGeGeSiSiGeGeSiGeSiSiGeSiSiSiGeGeSiSiGeSiSiSiSiSiSiSiSiSiSiSiSiSiSiGeSiSiSiSiSiSiSiSiSiSiGeSiGeSiGeGeGeSiSiGeGe
   -22632.9140625000 GeGeGeGeGeGeGeSiSiGeGeSiGeSiSiGeSiSiSiGeGeSiSiGeSiSiSiSiSiSiSiSiSiSiSiSiSiSiGeSiSiSiSiSiSiSiSiSiSiGeSiGeSiGeGeGeSiSiGeGe
   -22632.9140625000 GeGeGeGeGeGeGeSiSiGeGeSiGeSiSiGeSiSiSiGeGeSiSiGeSiSiSiSiSiSiSiSiSiSiSiSiSiSiGeSiSiSiSiSiSiSiSiSiSiGeSiGeSiGeGeGeSiSiGeGe
   -22632.9140625000 GeGeGeGeGeGeGeSiSiGeGeSiGeSiSiGeSiSiSiGeGeSiSiGeSiSiSiSiSiSiSiSiSiSiSiSiSiSiGeSiSiSiSiSiSiSiSiSiSiGeSiGeSiGeGeGeSiSiGeGe
   -22632.9140625000 GeGeGeGeGeGeGeSiSiGeGeSiGeSiSiGeSiSiSiGeGeSiSiGeSiSiSiSiSiSiSiSiSiSiSiSiSiSiGeSiSiSiSiSiSiSiSiSiSiGeSiGeSiGeGeGeSiSiGeGe
   -22632.9140625000 GeGeGeGeGeGeGeSiSiGeGeSiGeSiSiGeSiSiSiGeGeSiSiGeSiSiSiSiSiSiSiSiSiSiSiSiSiSiGeSiSiSiSiSiSiSiSiSiSiGeSiGeSiGeGeGeSiSiGeGe
   -22632.9140625000 GeGeGeGeGeGeGeSiSiGeGeSiGeSiSiGeSiSiSiGeGeSiSiGeSiSiSiSiSiSiSiSiSiSiSiSiSiSiGeSiSiSiSiSiSiSiSiSiSiGeSiGeSiGeGeGeSiSiGeGe
   -22632.9140625000 GeGeGeGeGeGeGeSiSiGeGeSiGeSiSiGeSiSiSiGeGeSiSiGeSiSiSiSiSiSiSiSiSiSiSiSiSiSiGeSiSiSiSiSiSiSiSiSiSiGeSiGeSiGeGeGeSiSiGeGe
   -22632.9140625000 GeGeGeGeGeGeGeSiSiGeGeSiGeSiSiGeSiSiSiGeGeSiSiGeSiSiSiSiSiSiSiSiSiSiSiSiSiSiGeSiSiSiSiSiSiSiSiSiSiGeSiGeSiGeGeGeSiSiGeGe
   -22632.9140625000 GeGeGeGeGeGeGeSiSiGeGeSiGeSiSiGeSiSiSiGeGeSiSiGeSiSiSiSiSiSiSiSiSiSiSiSiSiSiGeSiSiSiSiSiSiSiSiSiSiGeSiGeSiGeGeGeSiSiGeGe
   -22632.9140625000 GeGeGeGeGeGeGeSiSiGeGeSiGeSiSiGeSiSiSiGeGeSiSiGeSiSiSiSiSiSiSiSiSiSiSiSiSiSiGeSiSiSiSiSiSiSiSiSiSiGeSiGeSiGeGeGeSiSiGeGe
   -22632.9140625000 GeGeGeGeGeGeGeSiSiGeGeSiGeSiSiGeSiSiSiGeGeSiSiGeSiSiSiSiSiSiSiSiSiSiSiSiSiSiGeSiSiSiSiSiSiSiSiSiSiGeSiGeSiGeGeGeSiSiGeGe
   -22632.9140625000 GeGeGeGeGeGeGeSiSiGeGeSiGeSiSiGeSiSiSiGeGeSiSiGeSiSiSiSiSiSiSiSiSiSiSiSiSiSiGeSiSiSiSiSiSiSiSiSiSiGeSiGeSiGeGeGeSiSiGeGe
   -22632.9140625000 GeGeGeGeGeGeGeSiSiGeGeSiGeSiSiGeSiSiSiGeGeSiSiGeSiSiSiSiSiSiSiSiSiSiSiSiSiSiGeSiSiSiSiSiSiSiSiSiSiGeSiGeSiGeGeGeSiSiGeGe
   -22632.9140625000 GeGeGeGeGeGeGeSiSiGeGeSiGeSiSiGeSiSiSiGeGeSiSiGeSiSiSiSiSiSiSiSiSiSiSiSiSiSiGeSiSiSiSiSiSiSiSiSiSiGeSiGeSiGeGeGeSiSiGeGe
   -22632.9140625000 GeGeGeGeGeGeGeSiSiGeGeSiGeSiSiGeSiSiSiGeGeSiSiGeSiSiSiSiSiSiSiSiSiSiSiSiSiSiGeSiSiSiSiSiSiSiSiSiSiGeSiGeSiGeGeGeSiSiGeGe
   -22632.9140625000 GeGeGeGeGeGeGeSiSiGeGeSiGeSiSiGeSiSiSiGeGeSiSiGeSiSiSiSiSiSiSiSiSiSiSiSiSiSiGeSiSiSiSiSiSiSiSiSiSiGeSiGeSiGeGeGeSiSiGeGe
   -22632.9140625000 GeGeGeGeGeGeGeSiSiGeGeSiGeSiSiGeSiSiSiGeGeSiSiGeSiSiSiSiSiSiSiSiSiSiSiSiSiSiGeSiSiSiSiSiSiSiSiSiSiGeSiGeSiGeGeGeSiSiGeGe
   -22632.9140625000 GeGeGeGeGeGeGeSiSiGeGeSiGeSiSiGeSiSiSiGeGeSiSiGeSiSiSiSiSiSiSiSiSiSiSiSiSiSiGeSiSiSiSiSiSiSiSiSiSiGeSiGeSiGeGeGeSiSiGeGe
   -22632.9140625000 GeGeGeGeGeGeGeSiSiGeGeSiGeSiSiGeSiSiSiGeGeSiSiGeSiSiSiSiSiSiSiSiSiSiSiSiSiSiGeSiSiSiSiSiSiSiSiSiSiGeSiGeSiGeGeGeSiSiGeGe
   -22632.9140625000 GeGeGeGeGeGeGeSiSiGeGeSiGeSiSiGeSiSiSiGeGeSiSiGeSiSiSiSiSiSiSiSiSiSiSiSiSiSiGeSiSiSiSiSiSiSiSiSiSiGeSiGeSiGeGeGeSiSiGeGe
   -22632.9140625000 GeGeGeGeGeGeGeSiSiGeGeSiGeSiSiGeSiSiSiGeGeSiSiGeSiSiSiSiSiSiSiSiSiSiSiSiSiSiGeSiSiSiSiSiSiSiSiSiSiGeSiGeSiGeGeGeSiSiGeGe
   -22632.9140625000 GeGeGeGeGeGeGeSiSiGeGeSiGeSiSiGeSiSiSiGeGeSiSiGeSiSiSiSiSiSiSiSiSiSiSiSiSiSiGeSiSiSiSiSiSiSiSiSiSiGeSiGeSiGeGeGeSiSiGeGe
   -22632.9140625000 GeGeGeGeGeGeGeSiSiGeGeSiGeSiSiGeSiSiSiGeGeSiSiGeSiSiSiSiSiSiSiSiSiSiSiSiSiSiGeSiSiSiSiSiSiSiSiSiSiGeSiGeSiGeGeGeSiSiGeGe
   -22632.9140625000 GeGeGeGeGeGeGeSiSiGeGeSiGeSiSiGeSiSiSiGeGeSiSiGeSiSiSiSiSiSiSiSiSiSiSiSiSiSiGeSiSiSiSiSiSiSiSiSiSiGeSiGeSiGeGeGeSiSiGeGe
   -22632.9140625000 GeGeGeGeGeGeGeSiSiGeGeSiGeSiSiGeSiSiSiGeGeSiSiGeSiSiSiSiSiSiSiSiSiSiSiSiSiSiGeSiSiSiSiSiSiSiSiSiSiGeSiGeSiGeGeGeSiSiGeGe
   -22632.9140625000 GeGeGeGeGeGeGeSiSiGeGeSiGeSiSiGeSiSiSiGeGeSiSiGeSiSiSiSiSiSiSiSiSiSiSiSiSiSiGeSiSiSiSiSiSiSiSiSiSiGeSiGeSiGeGeGeSiSiGeGe
   -22632.9140625000 GeGeGeGeGeGeGeSiSiGeGeSiGeSiSiGeSiSiSiGeGeSiSiGeSiSiSiSiSiSiSiSiSiSiSiSiSiSiGeSiSiSiSiSiSiSiSiSiSiGeSiGeSiGeGeGeSiSiGeGe
   -22632.9140625000 GeGeGeGeGeGeGeSiSiGeGeSiGeSiSiGeSiSiSiGeGeSiSiGeSiSiSiSiSiSiSiSiSiSiSiSiSiSiGeSiSiSiSiSiSiSiSiSiSiGeSiGeSiGeGeGeSiSiGeGe
   -22632.9140625000 GeGeGeGeGeGeGeSiSiGeGeSiGeSiSiGeSiSiSiGeGeSiSiGeSiSiSiSiSiSiSiSiSiSiSiSiSiSiGeSiSiSiSiSiSiSiSiSiSiGeSiGeSiGeGeGeSiSiGeGe
   -22632.9140625000 GeGeGeGeGeGeGeSiSiGeGeSiGeSiSiGeSiSiSiGeGeSiSiGeSiSiSiSiSiSiSiSiSiSiSiSiSiSiGeSiSiSiSiSiSiSiSiSiSiGeSiGeSiGeGeGeSiSiGeGe
   -22632.9140625000 GeGeGeGeGeGeGeSiSiGeGeSiGeSiSiGeSiSiSiGeGeSiSiGeSiSiSiSiSiSiSiSiSiSiSiSiSiSiGeSiSiSiSiSiSiSiSiSiSiGeSiGeSiGeGeGeSiSiGeGe
   -22632.9140625000 GeGeGeGeGeGeGeSiSiGeGeSiGeSiSiGeSiSiSiGeGeSiSiGeSiSiSiSiSiSiSiSiSiSiSiSiSiSiGeSiSiSiSiSiSiSiSiSiSiGeSiGeSiGeGeGeSiSiGeGe
   -22632.9140625000 GeGeGeGeGeGeGeSiSiGeGeSiGeSiSiGeSiSiSiGeGeSiSiGeSiSiSiSiSiSiSiSiSiSiSiSiSiSiGeSiSiSiSiSiSiSiSiSiSiGeSiGeSiGeGeGeSiSiGeGe
   -22632.9140625000 GeGeGeGeGeGeGeSiSiGeGeSiGeSiSiGeSiSiSiGeGeSiSiGeSiSiSiSiSiSiSiSiSiSiSiSiSiSiGeSiSiSiSiSiSiSiSiSiSiGeSiGeSiGeGeGeSiSiGeGe
   -22632.9140625000 GeGeGeGeGeGeGeSiSiGeGeSiGeSiSiGeSiSiSiGeGeSiSiGeSiSiSiSiSiSiSiSiSiSiSiSiSiSiGeSiSiSiSiSiSiSiSiSiSiGeSiGeSiGeGeGeSiSiGeGe
   -22632.9140625000 GeGeGeGeGeGeGeSiSiGeGeSiGeSiSiGeSiSiSiGeGeSiSiGeSiSiSiSiSiSiSiSiSiSiSiSiSiSiGeSiSiSiSiSiSiSiSiSiSiGeSiGeSiGeGeGeSiSiGeGe
   -22632.9140625000 GeGeGeGeGeGeGeSiSiGeGeSiGeSiSiGeSiSiSiGeGeSiSiGeSiSiSiSiSiSiSiSiSiSiSiSiSiSiGeSiSiSiSiSiSiSiSiSiSiGeSiGeSiGeGeGeSiSiGeGe
   -22632.9140625000 GeGeGeGeGeGeGeSiSiGeGeSiGeSiSiGeSiSiSiGeGeSiSiGeSiSiSiSiSiSiSiSiSiSiSiSiSiSiGeSiSiSiSiSiSiSiSiSiSiGeSiGeSiGeGeGeSiSiGeGe
   -22632.9140625000 GeGeGeGeGeGeGeSiSiGeGeSiGeSiSiGeSiSiSiGeGeSiSiGeSiSiSiSiSiSiSiSiSiSiSiSiSiSiGeSiSiSiSiSiSiSiSiSiSiGeSiGeSiGeGeGeSiSiGeGe
   -22632.9140625000 GeGeGeGeGeGeGeSiSiGeGeSiGeSiSiGeSiSiSiGeGeSiSiGeSiSiSiSiSiSiSiSiSiSiSiSiSiSiGeSiSiSiSiSiSiSiSiSiSiGeSiGeSiGeGeGeSiSiGeGe
   -22632.9140625000 GeGeGeGeGeGeGeSiSiGeGeSiGeSiSiGeSiSiSiGeGeSiSiGeSiSiSiSiSiSiSiSiSiSiSiSiSiSiGeSiSiSiSiSiSiSiSiSiSiGeSiGeSiGeGeGeSiSiGeGe
   -22632.9140625000 GeGeGeGeGeGeGeSiSiGeGeSiGeSiSiGeSiSiSiGeGeSiSiGeSiSiSiSiSiSiSiSiSiSiSiSiSiSiGeSiSiSiSiSiSiSiSiSiSiGeSiGeSiGeGeGeSiSiGeGe
   -22632.9140625000 GeGeGeGeGeGeGeSiSiGeGeSiGeSiSiGeSiSiSiGeGeSiSiGeSiSiSiSiSiSiSiSiSiSiSiSiSiSiGeSiSiSiSiSiSiSiSiSiSiGeSiGeSiGeGeGeSiSiGeGe
   -22632.9140625000 GeGeGeGeGeGeGeSiSiGeGeSiGeSiSiGeSiSiSiGeGeSiSiGeSiSiSiSiSiSiSiSiSiSiSiSiSiSiGeSiSiSiSiSiSiSiSiSiSiGeSiGeSiGeGeGeSiSiGeGe
   -22632.9140625000 GeGeGeGeGeGeGeSiSiGeGeSiGeSiSiGeSiSiSiGeGeSiSiGeSiSiSiSiSiSiSiSiSiSiSiSiSiSiGeSiSiSiSiSiSiSiSiSiSiGeSiGeSiGeGeGeSiSiGeGe
   -22632.9140625000 GeGeGeGeGeGeGeSiSiGeGeSiGeSiSiGeSiSiSiGeGeSiSiGeSiSiSiSiSiSiSiSiSiSiSiSiSiSiGeSiSiSiSiSiSiSiSiSiSiGeSiGeSiGeGeGeSiSiGeGe
   -22632.9140625000 GeGeGeGeGeGeGeSiSiGeGeSiGeSiSiGeSiSiSiGeGeSiSiGeSiSiSiSiSiSiSiSiSiSiSiSiSiSiGeSiSiSiSiSiSiSiSiSiSiGeSiGeSiGeGeGeSiSiGeGe
   -22632.9140625000 GeGeGeGeGeGeGeSiSiGeGeSiGeSiSiGeSiSiSiGeGeSiSiGeSiSiSiSiSiSiSiSiSiSiSiSiSiSiGeSiSiSiSiSiSiSiSiSiSiGeSiGeSiGeGeGeSiSiGeGe
   -22632.9140625000 GeGeGeGeGeGeGeSiSiGeGeSiGeSiSiGeSiSiSiGeGeSiSiGeSiSiSiSiSiSiSiSiSiSiSiSiSiSiGeSiSiSiSiSiSiSiSiSiSiGeSiGeSiGeGeGeSiSiGeGe
   -22632.9140625000 GeGeGeGeGeGeGeSiSiGeGeSiGeSiSiGeSiSiSiGeGeSiSiGeSiSiSiSiSiSiSiSiSiSiSiSiSiSiGeSiSiSiSiSiSiSiSiSiSiGeSiGeSiGeGeGeSiSiGeGe
   -22632.9140625000 GeGeGeGeGeGeGeSiSiGeGeSiGeSiSiGeSiSiSiGeGeSiSiGeSiSiSiSiSiSiSiSiSiSiSiSiSiSiGeSiSiSiSiSiSiSiSiSiSiGeSiGeSiGeGeGeSiSiGeGe
   -22632.9140625000 GeGeGeGeGeGeGeSiSiGeGeSiGeSiSiGeSiSiSiGeGeSiSiGeSiSiSiSiSiSiSiSiSiSiSiSiSiSiGeSiSiSiSiSiSiSiSiSiSiGeSiGeSiGeGeGeSiSiGeGe
   -22632.9140625000 GeGeGeGeGeGeGeSiSiGeGeSiGeSiSiGeSiSiSiGeGeSiSiGeSiSiSiSiSiSiSiSiSiSiSiSiSiSiGeSiSiSiSiSiSiSiSiSiSiGeSiGeSiGeGeGeSiSiGeGe
   -22632.9140625000 GeGeGeGeGeGeGeSiSiGeGeSiGeSiSiGeSiSiSiGeGeSiSiGeSiSiSiSiSiSiSiSiSiSiSiSiSiSiGeSiSiSiSiSiSiSiSiSiSiGeSiGeSiGeGeGeSiSiGeGe
   -22632.9140625000 GeGeGeGeGeGeGeSiSiGeGeSiGeSiSiGeSiSiSiGeGeSiSiGeSiSiSiSiSiSiSiSiSiSiSiSiSiSiGeSiSiSiSiSiSiSiSiSiSiGeSiGeSiGeGeGeSiSiGeGe
   -22632.9140625000 GeGeGeGeGeGeGeSiSiGeGeSiGeSiSiGeSiSiSiGeGeSiSiGeSiSiSiSiSiSiSiSiSiSiSiSiSiSiGeSiSiSiSiSiSiSiSiSiSiGeSiGeSiGeGeGeSiSiGeGe
   -22632.9140625000 GeGeGeGeGeGeGeSiSiGeGeSiGeSiSiGeSiSiSiGeGeSiSiGeSiSiSiSiSiSiSiSiSiSiSiSiSiSiGeSiSiSiSiSiSiSiSiSiSiGeSiGeSiGeGeGeSiSiGeGe
   -22632.9140625000 GeGeGeGeGeGeGeSiSiGeGeSiGeSiSiGeSiSiSiGeGeSiSiGeSiSiSiSiSiSiSiSiSiSiSiSiSiSiGeSiSiSiSiSiSiSiSiSiSiGeSiGeSiGeGeGeSiSiGeGe
   -22632.9140625000 GeGeGeGeGeGeGeSiSiGeGeSiGeSiSiGeSiSiSiGeGeSiSiGeSiSiSiSiSiSiSiSiSiSiSiSiSiSiGeSiSiSiSiSiSiSiSiSiSiGeSiGeSiGeGeGeSiSiGeGe
   -22632.9140625000 GeGeGeGeGeGeGeSiSiGeGeSiGeSiSiGeSiSiSiGeGeSiSiGeSiSiSiSiSiSiSiSiSiSiSiSiSiSiGeSiSiSiSiSiSiSiSiSiSiGeSiGeSiGeGeGeSiSiGeGe
   -22632.9140625000 GeGeGeGeGeGeGeSiSiGeGeSiGeSiSiGeSiSiSiGeGeSiSiGeSiSiSiSiSiSiSiSiSiSiSiSiSiSiGeSiSiSiSiSiSiSiSiSiSiGeSiGeSiGeGeGeSiSiGeGe
   -22632.9140625000 GeGeGeGeGeGeGeSiSiGeGeSiGeSiSiGeSiSiSiGeGeSiSiGeSiSiSiSiSiSiSiSiSiSiSiSiSiSiGeSiSiSiSiSiSiSiSiSiSiGeSiGeSiGeGeGeSiSiGeGe
   -22632.9140625000 GeGeGeGeGeGeGeSiSiGeGeSiGeSiSiGeSiSiSiGeGeSiSiGeSiSiSiSiSiSiSiSiSiSiSiSiSiSiGeSiSiSiSiSiSiSiSiSiSiGeSiGeSiGeGeGeSiSiGeGe
   -22632.9140625000 GeGeGeGeGeGeGeSiSiGeGeSiGeSiSiGeSiSiSiGeGeSiSiGeSiSiSiSiSiSiSiSiSiSiSiSiSiSiGeSiSiSiSiSiSiSiSiSiSiGeSiGeSiGeGeGeSiSiGeGe
   -22632.9140625000 GeGeGeGeGeGeGeSiSiGeGeSiGeSiSiGeSiSiSiGeGeSiSiGeSiSiSiSiSiSiSiSiSiSiSiSiSiSiGeSiSiSiSiSiSiSiSiSiSiGeSiGeSiGeGeGeSiSiGeGe
   -22632.9140625000 GeGeGeGeGeGeGeSiSiGeGeSiGeSiSiGeSiSiSiGeGeSiSiGeSiSiSiSiSiSiSiSiSiSiSiSiSiSiGeSiSiSiSiSiSiSiSiSiSiGeSiGeSiGeGeGeSiSiGeGe
   -22632.9140625000 GeGeGeGeGeGeGeSiSiGeGeSiGeSiSiGeSiSiSiGeGeSiSiGeSiSiSiSiSiSiSiSiSiSiSiSiSiSiGeSiSiSiSiSiSiSiSiSiSiGeSiGeSiGeGeGeSiSiGeGe
   -22632.9140625000 GeGeGeGeGeGeGeSiSiGeGeSiGeSiSiGeSiSiSiGeGeSiSiGeSiSiSiSiSiSiSiSiSiSiSiSiSiSiGeSiSiSiSiSiSiSiSiSiSiGeSiGeSiGeGeGeSiSiGeGe
   -22632.9140625000 GeGeGeGeGeGeGeSiSiGeGeSiGeSiSiGeSiSiSiGeGeSiSiGeSiSiSiSiSiSiSiSiSiSiSiSiSiSiGeSiSiSiSiSiSiSiSiSiSiGeSiGeSiGeGeGeSiSiGeGe
   -22632.9140625000 GeGeGeGeGeGeGeSiSiGeGeSiGeSiSiGeSiSiSiGeGeSiSiGeSiSiSiSiSiSiSiSiSiSiSiSiSiSiGeSiSiSiSiSiSiSiSiSiSiGeSiGeSiGeGeGeSiSiGeGe
   -22632.9140625000 GeGeGeGeGeGeGeSiSiGeGeSiGeSiSiGeSiSiSiGeGeSiSiGeSiSiSiSiSiSiSiSiSiSiSiSiSiSiGeSiSiSiSiSiSiSiSiSiSiGeSiGeSiGeGeGeSiSiGeGe
   -22632.9140625000 GeGeGeGeGeGeGeSiSiGeGeSiGeSiSiGeSiSiSiGeGeSiSiGeSiSiSiSiSiSiSiSiSiSiSiSiSiSiGeSiSiSiSiSiSiSiSiSiSiGeSiGeSiGeGeGeSiSiGeGe
   -22632.9140625000 GeGeGeGeGeGeGeSiSiGeGeSiGeSiSiGeSiSiSiGeGeSiSiGeSiSiSiSiSiSiSiSiSiSiSiSiSiSiGeSiSiSiSiSiSiSiSiSiSiGeSiGeSiGeGeGeSiSiGeGe
   -22632.9140625000 GeGeGeGeGeGeGeSiSiGeGeSiGeSiSiGeSiSiSiGeGeSiSiGeSiSiSiSiSiSiSiSiSiSiSiSiSiSiGeSiSiSiSiSiSiSiSiSiSiGeSiGeSiGeGeGeSiSiGeGe
   -22632.9140625000 GeGeGeGeGeGeGeSiSiGeGeSiGeSiSiGeSiSiSiGeGeSiSiGeSiSiSiSiSiSiSiSiSiSiSiSiSiSiGeSiSiSiSiSiSiSiSiSiSiGeSiGeSiGeGeGeSiSiGeGe
   -22632.9140625000 GeGeGeGeGeGeGeSiSiGeGeSiGeSiSiGeSiSiSiGeGeSiSiGeSiSiSiSiSiSiSiSiSiSiSiSiSiSiGeSiSiSiSiSiSiSiSiSiSiGeSiGeSiGeGeGeSiSiGeGe
   -22632.9140625000 GeGeGeGeGeGeGeSiSiGeGeSiGeSiSiGeSiSiSiGeGeSiSiGeSiSiSiSiSiSiSiSiSiSiSiSiSiSiGeSiSiSiSiSiSiSiSiSiSiGeSiGeSiGeGeGeSiSiGeGe
   -22632.9140625000 GeGeGeGeGeGeGeSiSiGeGeSiGeSiSiGeSiSiSiGeGeSiSiGeSiSiSiSiSiSiSiSiSiSiSiSiSiSiGeSiSiSiSiSiSiSiSiSiSiGeSiGeSiGeGeGeSiSiGeGe
   -22632.9140625000 GeGeGeGeGeGeGeSiSiGeGeSiGeSiSiGeSiSiSiGeGeSiSiGeSiSiSiSiSiSiSiSiSiSiSiSiSiSiGeSiSiSiSiSiSiSiSiSiSiGeSiGeSiGeGeGeSiSiGeGe
   -22632.9140625000 GeGeGeGeGeGeGeSiSiGeGeSiGeSiSiGeSiSiSiGeGeSiSiGeSiSiSiSiSiSiSiSiSiSiSiSiSiSiGeSiSiSiSiSiSiSiSiSiSiGeSiGeSiGeGeGeSiSiGeGe
   -22632.9140625000 GeGeGeGeGeGeGeSiSiGeGeSiGeSiSiGeSiSiSiGeGeSiSiGeSiSiSiSiSiSiSiSiSiSiSiSiSiSiGeSiSiSiSiSiSiSiSiSiSiGeSiGeSiGeGeGeSiSiGeGe
   -22632.9140625000 GeGeGeGeGeGeGeSiSiGeGeSiGeSiSiGeSiSiSiGeGeSiSiGeSiSiSiSiSiSiSiSiSiSiSiSiSiSiGeSiSiSiSiSiSiSiSiSiSiGeSiGeSiGeGeGeSiSiGeGe
   -22632.9140625000 GeGeGeGeGeGeGeSiSiGeGeSiGeSiSiGeSiSiSiGeGeSiSiGeSiSiSiSiSiSiSiSiSiSiSiSiSiSiGeSiSiSiSiSiSiSiSiSiSiGeSiGeSiGeGeGeSiSiGeGe
   -22632.9140625000 GeGeGeGeGeGeGeSiSiGeGeSiGeSiSiGeSiSiSiGeGeSiSiGeSiSiSiSiSiSiSiSiSiSiSiSiSiSiGeSiSiSiSiSiSiSiSiSiSiGeSiGeSiGeGeGeSiSiGeGe
   -22632.9140625000 GeGeGeGeGeGeGeSiSiGeGeSiGeSiSiGeSiSiSiGeGeSiSiGeSiSiSiSiSiSiSiSiSiSiSiSiSiSiGeSiSiSiSiSiSiSiSiSiSiGeSiGeSiGeGeGeSiSiGeGe
   -22632.9140625000 GeGeGeGeGeGeGeSiSiGeGeSiGeSiSiGeSiSiSiGeGeSiSiGeSiSiSiSiSiSiSiSiSiSiSiSiSiSiGeSiSiSiSiSiSiSiSiSiSiGeSiGeSiGeGeGeSiSiGeGe
   -22632.9140625000 GeGeGeGeGeGeGeSiSiGeGeSiGeSiSiGeSiSiSiGeGeSiSiGeSiSiSiSiSiSiSiSiSiSiSiSiSiSiGeSiSiSiSiSiSiSiSiSiSiGeSiGeSiGeGeGeSiSiGeGe
   -22632.9140625000 GeGeGeGeGeGeGeSiSiGeGeSiGeSiSiGeSiSiSiGeGeSiSiGeSiSiSiSiSiSiSiSiSiSiSiSiSiSiGeSiSiSiSiSiSiSiSiSiSiGeSiGeSiGeGeGeSiSiGeGe
   -22632.9140625000 GeGeGeGeGeGeGeSiSiGeGeSiGeSiSiGeSiSiSiGeGeSiSiGeSiSiSiSiSiSiSiSiSiSiSiSiSiSiGeSiSiSiSiSiSiSiSiSiSiGeSiGeSiGeGeGeSiSiGeGe
   -22632.9140625000 GeGeGeGeGeGeGeSiSiGeGeSiGeSiSiGeSiSiSiGeGeSiSiGeSiSiSiSiSiSiSiSiSiSiSiSiSiSiGeSiSiSiSiSiSiSiSiSiSiGeSiGeSiGeGeGeSiSiGeGe
   -22632.9140625000 GeGeGeGeGeGeGeSiSiGeGeSiGeSiSiGeSiSiSiGeGeSiSiGeSiSiSiSiSiSiSiSiSiSiSiSiSiSiGeSiSiSiSiSiSiSiSiSiSiGeSiGeSiGeGeGeSiSiGeGe
   -22632.9140625000 GeGeGeGeGeGeGeSiSiGeGeSiGeSiSiGeSiSiSiGeGeSiSiGeSiSiSiSiSiSiSiSiSiSiSiSiSiSiGeSiSiSiSiSiSiSiSiSiSiGeSiGeSiGeGeGeSiSiGeGe
   -22632.9140625000 GeGeGeGeGeGeGeSiSiGeGeSiGeSiSiGeSiSiSiGeGeSiSiGeSiSiSiSiSiSiSiSiSiSiSiSiSiSiGeSiSiSiSiSiSiSiSiSiSiGeSiGeSiGeGeGeSiSiGeGe
   -22632.9140625000 GeGeGeGeGeGeGeSiSiGeGeSiGeSiSiGeSiSiSiGeGeSiSiGeSiSiSiSiSiSiSiSiSiSiSiSiSiSiGeSiSiSiSiSiSiSiSiSiSiGeSiGeSiGeGeGeSiSiGeGe
   -22632.9140625000 GeGeGeGeGeGeGeSiSiGeGeSiGeSiSiGeSiSiSiGeGeSiSiGeSiSiSiSiSiSiSiSiSiSiSiSiSiSiGeSiSiSiSiSiSiSiSiSiSiGeSiGeSiGeGeGeSiSiGeGe
   -22632.9140625000 GeGeGeGeGeGeGeSiSiGeGeSiGeSiSiGeSiSiSiGeGeSiSiGeSiSiSiSiSiSiSiSiSiSiSiSiSiSiGeSiSiSiSiSiSiSiSiSiSiGeSiGeSiGeGeGeSiSiGeGe
   -22632.9140625000 GeGeGeGeGeGeGeSiSiGeGeSiGeSiSiGeSiSiSiGeGeSiSiGeSiSiSiSiSiSiSiSiSiSiSiSiSiSiGeSiSiSiSiSiSiSiSiSiSiGeSiGeSiGeGeGeSiSiGeGe
   -22632.9140625000 GeGeGeGeGeGeGeSiSiGeGeSiGeSiSiGeSiSiSiGeGeSiSiGeSiSiSiSiSiSiSiSiSiSiSiSiSiSiGeSiSiSiSiSiSiSiSiSiSiGeSiGeSiGeGeGeSiSiGeGe
   -22632.9140625000 GeGeGeGeGeGeGeSiSiGeGeSiGeSiSiGeSiSiSiGeGeSiSiGeSiSiSiSiSiSiSiSiSiSiSiSiSiSiGeSiSiSiSiSiSiSiSiSiSiGeSiGeSiGeGeGeSiSiGeGe
   -22632.9140625000 GeGeGeGeGeGeGeSiSiGeGeSiGeSiSiGeSiSiSiGeGeSiSiGeSiSiSiSiSiSiSiSiSiSiSiSiSiSiGeSiSiSiSiSiSiSiSiSiSiGeSiGeSiGeGeGeSiSiGeGe
   -22632.9140625000 GeGeGeGeGeGeGeSiSiGeGeSiGeSiSiGeSiSiSiGeGeSiSiGeSiSiSiSiSiSiSiSiSiSiSiSiSiSiGeSiSiSiSiSiSiSiSiSiSiGeSiGeSiGeGeGeSiSiGeGe
   -22632.9140625000 GeGeGeGeGeGeGeSiSiGeGeSiGeSiSiGeSiSiSiGeGeSiSiGeSiSiSiSiSiSiSiSiSiSiSiSiSiSiGeSiSiSiSiSiSiSiSiSiSiGeSiGeSiGeGeGeSiSiGeGe
   -22632.9140625000 GeGeGeGeGeGeGeSiSiGeGeSiGeSiSiGeSiSiSiGeGeSiSiGeSiSiSiSiSiSiSiSiSiSiSiSiSiSiGeSiSiSiSiSiSiSiSiSiSiGeSiGeSiGeGeGeSiSiGeGe
   -22632.9140625000 GeGeGeGeGeGeGeSiSiGeGeSiGeSiSiGeSiSiSiGeGeSiSiGeSiSiSiSiSiSiSiSiSiSiSiSiSiSiGeSiSiSiSiSiSiSiSiSiSiGeSiGeSiGeGeGeSiSiGeGe
   -22632.9140625000 GeGeGeGeGeGeGeSiSiGeGeSiGeSiSiGeSiSiSiGeGeSiSiGeSiSiSiSiSiSiSiSiSiSiSiSiSiSiGeSiSiSiSiSiSiSiSiSiSiGeSiGeSiGeGeGeSiSiGeGe
   -22632.9140625000 GeGeGeGeGeGeGeSiSiGeGeSiGeSiSiGeSiSiSiGeGeSiSiGeSiSiSiSiSiSiSiSiSiSiSiSiSiSiGeSiSiSiSiSiSiSiSiSiSiGeSiGeSiGeGeGeSiSiGeGe
   -22632.9140625000 GeGeGeGeGeGeGeSiSiGeGeSiGeSiSiGeSiSiSiGeGeSiSiGeSiSiSiSiSiSiSiSiSiSiSiSiSiSiGeSiSiSiSiSiSiSiSiSiSiGeSiGeSiGeGeGeSiSiGeGe
   -22632.9140625000 GeGeGeGeGeGeGeSiSiGeGeSiGeSiSiGeSiSiSiGeGeSiSiGeSiSiSiSiSiSiSiSiSiSiSiSiSiSiGeSiSiSiSiSiSiSiSiSiSiGeSiGeSiGeGeGeSiSiGeGe
   -22632.9140625000 GeGeGeGeGeGeGeSiSiGeGeSiGeSiSiGeSiSiSiGeGeSiSiGeSiSiSiSiSiSiSiSiSiSiSiSiSiSiGeSiSiSiSiSiSiSiSiSiSiGeSiGeSiGeGeGeSiSiGeGe
   -22632.9140625000 GeGeGeGeGeGeGeSiSiGeGeSiGeSiSiGeSiSiSiGeGeSiSiGeSiSiSiSiSiSiSiSiSiSiSiSiSiSiGeSiSiSiSiSiSiSiSiSiSiGeSiGeSiGeGeGeSiSiGeGe
   -22632.9140625000 GeGeGeGeGeGeGeSiSiGeGeSiGeSiSiGeSiSiSiGeGeSiSiGeSiSiSiSiSiSiSiSiSiSiSiSiSiSiGeSiSiSiSiSiSiSiSiSiSiGeSiGeSiGeGeGeSiSiGeGe
   -22632.9140625000 GeGeGeGeGeGeGeSiSiGeGeSiGeSiSiGeSiSiSiGeGeSiSiGeSiSiSiSiSiSiSiSiSiSiSiSiSiSiGeSiSiSiSiSiSiSiSiSiSiGeSiGeSiGeGeGeSiSiGeGe
   -22632.9140625000 GeGeGeGeGeGeGeSiSiGeGeSiGeSiSiGeSiSiSiGeGeSiSiGeSiSiSiSiSiSiSiSiSiSiSiSiSiSiGeSiSiSiSiSiSiSiSiSiSiGeSiGeSiGeGeGeSiSiGeGe
   -22632.9140625000 GeGeGeGeGeGeGeSiSiGeGeSiGeSiSiGeSiSiSiGeGeSiSiGeSiSiSiSiSiSiSiSiSiSiSiSiSiSiGeSiSiSiSiSiSiSiSiSiSiGeSiGeSiGeGeGeSiSiGeGe
   -22632.9140625000 GeGeGeGeGeGeGeSiSiGeGeSiGeSiSiGeSiSiSiGeGeSiSiGeSiSiSiSiSiSiSiSiSiSiSiSiSiSiGeSiSiSiSiSiSiSiSiSiSiGeSiGeSiGeGeGeSiSiGeGe
   -22632.9140625000 GeGeGeGeGeGeGeSiSiGeGeSiGeSiSiGeSiSiSiGeGeSiSiGeSiSiSiSiSiSiSiSiSiSiSiSiSiSiGeSiSiSiSiSiSiSiSiSiSiGeSiGeSiGeGeGeSiSiGeGe
   -22632.9140625000 GeGeGeGeGeGeGeSiSiGeGeSiGeSiSiGeSiSiSiGeGeSiSiGeSiSiSiSiSiSiSiSiSiSiSiSiSiSiGeSiSiSiSiSiSiSiSiSiSiGeSiGeSiGeGeGeSiSiGeGe
   -22632.9140625000 GeGeGeGeGeGeGeSiSiGeGeSiGeSiSiGeSiSiSiGeGeSiSiGeSiSiSiSiSiSiSiSiSiSiSiSiSiSiGeSiSiSiSiSiSiSiSiSiSiGeSiGeSiGeGeGeSiSiGeGe
   -22632.9140625000 GeGeGeGeGeGeGeSiSiGeGeSiGeSiSiGeSiSiSiGeGeSiSiGeSiSiSiSiSiSiSiSiSiSiSiSiSiSiGeSiSiSiSiSiSiSiSiSiSiGeSiGeSiGeGeGeSiSiGeGe
   -22632.9140625000 GeGeGeGeGeGeGeSiSiGeGeSiGeSiSiGeSiSiSiGeGeSiSiGeSiSiSiSiSiSiSiSiSiSiSiSiSiSiGeSiSiSiSiSiSiSiSiSiSiGeSiGeSiGeGeGeSiSiGeGe
   -22632.9140625000 GeGeGeGeGeGeGeSiSiGeGeSiGeSiSiGeSiSiSiGeGeSiSiGeSiSiSiSiSiSiSiSiSiSiSiSiSiSiGeSiSiSiSiSiSiSiSiSiSiGeSiGeSiGeGeGeSiSiGeGe
   -22632.9140625000 GeGeGeGeGeGeGeSiSiGeGeSiGeSiSiGeSiSiSiGeGeSiSiGeSiSiSiSiSiSiSiSiSiSiSiSiSiSiGeSiSiSiSiSiSiSiSiSiSiGeSiGeSiGeGeGeSiSiGeGe
   -22632.9140625000 GeGeGeGeGeGeGeSiSiGeGeSiGeSiSiGeSiSiSiGeGeSiSiGeSiSiSiSiSiSiSiSiSiSiSiSiSiSiGeSiSiSiSiSiSiSiSiSiSiGeSiGeSiGeGeGeSiSiGeGe
   -22632.9140625000 GeGeGeGeGeGeGeSiSiGeGeSiGeSiSiGeSiSiSiGeGeSiSiGeSiSiSiSiSiSiSiSiSiSiSiSiSiSiGeSiSiSiSiSiSiSiSiSiSiGeSiGeSiGeGeGeSiSiGeGe
   -22632.9140625000 GeGeGeGeGeGeGeSiSiGeGeSiGeSiSiGeSiSiSiGeGeSiSiGeSiSiSiSiSiSiSiSiSiSiSiSiSiSiGeSiSiSiSiSiSiSiSiSiSiGeSiGeSiGeGeGeSiSiGeGe
   -22632.9140625000 GeGeGeGeGeGeGeSiSiGeGeSiGeSiSiGeSiSiSiGeGeSiSiGeSiSiSiSiSiSiSiSiSiSiSiSiSiSiGeSiSiSiSiSiSiSiSiSiSiGeSiGeSiGeGeGeSiSiGeGe
   -22632.9140625000 GeGeGeGeGeGeGeSiSiGeGeSiGeSiSiGeSiSiSiGeGeSiSiGeSiSiSiSiSiSiSiSiSiSiSiSiSiSiGeSiSiSiSiSiSiSiSiSiSiGeSiGeSiGeGeGeSiSiGeGe
   -22632.9140625000 GeGeGeGeGeGeGeSiSiGeGeSiGeSiSiGeSiSiSiGeGeSiSiGeSiSiSiSiSiSiSiSiSiSiSiSiSiSiGeSiSiSiSiSiSiSiSiSiSiGeSiGeSiGeGeGeSiSiGeGe
   -22632.9140625000 GeGeGeGeGeGeGeSiSiGeGeSiGeSiSiGeSiSiSiGeGeSiSiGeSiSiSiSiSiSiSiSiSiSiSiSiSiSiGeSiSiSiSiSiSiSiSiSiSiGeSiGeSiGeGeGeSiSiGeGe
   -22632.9140625000 GeGeGeGeGeGeGeSiSiGeGeSiGeSiSiGeSiSiSiGeGeSiSiGeSiSiSiSiSiSiSiSiSiSiSiSiSiSiGeSiSiSiSiSiSiSiSiSiSiGeSiGeSiGeGeGeSiSiGeGe
   -22632.9140625000 GeGeGeGeGeGeGeSiSiGeGeSiGeSiSiGeSiSiSiGeGeSiSiGeSiSiSiSiSiSiSiSiSiSiSiSiSiSiGeSiSiSiSiSiSiSiSiSiSiGeSiGeSiGeGeGeSiSiGeGe
   -22632.9140625000 GeGeGeGeGeGeGeSiSiGeGeSiGeSiSiGeSiSiSiGeGeSiSiGeSiSiSiSiSiSiSiSiSiSiSiSiSiSiGeSiSiSiSiSiSiSiSiSiSiGeSiGeSiGeGeGeSiSiGeGe
   -22632.9140625000 GeGeGeGeGeGeGeSiSiGeGeSiGeSiSiGeSiSiSiGeGeSiSiGeSiSiSiSiSiSiSiSiSiSiSiSiSiSiGeSiSiSiSiSiSiSiSiSiSiGeSiGeSiGeGeGeSiSiGeGe
   -22632.9140625000 GeGeGeGeGeGeGeSiSiGeGeSiGeSiSiGeSiSiSiGeGeSiSiGeSiSiSiSiSiSiSiSiSiSiSiSiSiSiGeSiSiSiSiSiSiSiSiSiSiGeSiGeSiGeGeGeSiSiGeGe
   -22632.9140625000 GeGeGeGeGeGeGeSiSiGeGeSiGeSiSiGeSiSiSiGeGeSiSiGeSiSiSiSiSiSiSiSiSiSiSiSiSiSiGeSiSiSiSiSiSiSiSiSiSiGeSiGeSiGeGeGeSiSiGeGe
   -22632.9140625000 GeGeGeGeGeGeGeSiSiGeGeSiGeSiSiGeSiSiSiGeGeSiSiGeSiSiSiSiSiSiSiSiSiSiSiSiSiSiGeSiSiSiSiSiSiSiSiSiSiGeSiGeSiGeGeGeSiSiGeGe
   -22632.9140625000 GeGeGeGeGeGeGeSiSiGeGeSiGeSiSiGeSiSiSiGeGeSiSiGeSiSiSiSiSiSiSiSiSiSiSiSiSiSiGeSiSiSiSiSiSiSiSiSiSiGeSiGeSiGeGeGeSiSiGeGe
   -22632.9140625000 GeGeGeGeGeGeGeSiSiGeGeSiGeSiSiGeSiSiSiGeGeSiSiGeSiSiSiSiSiSiSiSiSiSiSiSiSiSiGeSiSiSiSiSiSiSiSiSiSiGeSiGeSiGeGeGeSiSiGeGe
   -22632.9140625000 GeGeGeGeGeGeGeSiSiGeGeSiGeSiSiGeSiSiSiGeGeSiSiGeSiSiSiSiSiSiSiSiSiSiSiSiSiSiGeSiSiSiSiSiSiSiSiSiSiGeSiGeSiGeGeGeSiSiGeGe
   -22632.9140625000 GeGeGeGeGeGeGeSiSiGeGeSiGeSiSiGeSiSiSiGeGeSiSiGeSiSiSiSiSiSiSiSiSiSiSiSiSiSiGeSiSiSiSiSiSiSiSiSiSiGeSiGeSiGeGeGeSiSiGeGe
filename: c000001294498574.gin     
Cell:
    11.9020996    11.9020996    29.6919994    90.0000000    90.0000000   120.0000000
Box:
    11.9020996    -5.9510503     0.0000000
     0.0000000    10.3075209     0.0000000
     0.0000000     0.0000000    29.6919994
----------------------------------------
Inverse Box:
     0.0840188     0.0485083     0.0000000
     0.0000000     0.0970165     0.0000000
     0.0000000     0.0000000     0.0336791
----------------------------------------
==============================================
geometrical properties of  22 Ge:
 Configuration:           0
 D_ave:   9.21716690       3.49355388    
 D_min:   3.40578699      0.627437413    
 energia:  -22632.9141    
