Random Seed:  1076280434
Number of atoms:    60
Space Group:    1
Cell:
    11.9020996    11.9020996    29.6919994    90.0000000    90.0000000   120.0000000
Box:
    11.9020996    -5.9510503     0.0000000
     0.0000000    10.3075209     0.0000000
     0.0000000     0.0000000    29.6919994
----------------------------------------
Inverse Box:
     0.0840188     0.0485083     0.0000000
     0.0000000     0.0970165     0.0000000
     0.0000000     0.0000000     0.0336791
----------------------------------------
GeSiSiSiSiSiSiSiSiSiSiSiSiSiSiSiSiSiSiSiSiSiSiSiSiSiSiSiSiSiSiSiSiSiSiSiSiSiSiSiSiSiSiSiGeSiSiSiSiSiSiSiSiSiSiSiSiSiSiSi
           1 Ge    -7732.92529    
GeGeSiSiSiSiSiSiSiSiSiSiSiSiSiSiSiSiSiSiSiSiSiSiSiSiSiSiSiSiSiSiSiSiSiSiSiSiSiSiSiSiSiSiGeSiSiSiSiSiSiSiSiSiSiSiSiSiSiSi
           2 Ge    -7727.51025    
GeGeGeSiSiSiSiSiSiSiSiSiSiSiSiSiSiSiSiSiSiSiSiSiSiSiSiSiSiSiSiSiSiSiSiSiSiSiSiSiSiSiSiSiGeSiSiSiSiSiSiSiSiSiSiSiSiSiSiSi
           3 Ge    -7720.73486    
GeGeGeGeSiSiSiSiSiSiSiSiSiSiSiSiSiSiSiSiSiSiSiSiSiSiSiSiSiSiSiSiSiSiSiSiSiSiSiSiSiSiSiSiGeSiSiSiSiSiSiSiSiSiSiSiSiSiSiSi
           4 Ge    -7744.83887    
GeGeGeGeGeSiSiSiSiSiSiSiSiSiSiSiSiSiSiSiSiSiSiSiSiSiSiSiSiSiSiSiSiSiSiSiSiSiSiSiSiSiSiSiGeSiSiSiSiSiSiSiSiSiSiSiSiSiSiSi
           5 Ge    -7788.08447    
GeGeGeGeGeGeSiSiSiSiSiSiSiSiSiSiSiSiSiSiSiSiSiSiSiSiSiSiSiSiSiSiSiSiSiSiSiSiSiSiSiSiSiSiGeSiSiSiSiSiSiSiSiSiSiSiSiSiSiSi
           6 Ge    -7854.08301    
GeGeGeGeGeGeGeSiSiSiSiSiSiSiSiSiSiSiSiSiSiSiSiSiSiSiSiSiSiSiSiSiSiSiSiSiSiSiSiSiSiSiSiSiGeSiSiSiSiSiSiSiSiSiSiSiSiSiSiSi
           7 Ge    -8020.25586    
GeGeGeGeGeGeGeGeSiSiSiSiSiSiSiSiSiSiSiSiSiSiSiSiSiSiSiSiSiSiSiSiSiSiSiSiSiSiSiSiSiSiSiSiGeSiSiSiSiSiSiSiSiSiSiSiSiSiSiSi
           8 Ge    -8221.59082    
GeGeGeGeGeGeGeGeSiSiSiGeSiSiSiSiSiSiSiSiSiSiSiSiSiSiSiSiSiSiSiSiSiSiSiSiSiSiSiSiSiSiSiSiGeSiSiSiSiSiSiSiSiSiSiSiSiSiSiSi
          12 Ge    -8550.79297    
GeGeGeGeGeGeGeGeSiSiSiGeSiSiSiGeSiSiSiSiSiSiSiSiSiSiSiSiSiSiSiSiSiSiSiSiSiSiSiSiSiSiSiSiGeSiSiSiSiSiSiSiSiSiSiSiSiSiSiSi
          16 Ge    -8935.76562    
GeGeGeGeGeGeGeGeSiSiSiGeSiSiSiGeSiSiSiSiSiSiSiSiSiGeSiSiSiSiSiSiSiSiSiSiSiSiSiSiSiSiSiSiGeSiSiSiSiSiSiSiSiSiSiSiSiSiSiSi
          26 Ge    -8923.22754    
GeGeGeGeGeGeGeGeSiSiSiGeSiSiSiGeSiSiSiSiSiSiSiSiSiGeSiSiSiGeSiSiSiSiSiSiSiSiSiSiSiSiSiSiGeSiSiSiSiSiSiSiSiSiSiSiSiSiSiSi
          30 Ge    -8966.11816    
GeGeGeGeGeGeGeGeSiSiSiGeSiSiSiGeSiSiSiSiSiSiSiSiSiGeSiSiSiGeSiSiGeSiSiSiSiSiSiSiSiSiSiSiGeSiSiSiSiSiSiSiSiSiSiSiSiSiSiSi
          33 Ge    -9325.76562    
GeGeGeGeGeGeGeGeSiSiSiGeSiSiSiGeSiSiSiSiSiSiSiSiSiGeSiSiSiGeSiSiGeSiSiGeSiSiSiSiSiSiSiSiGeSiSiSiSiSiSiSiSiSiSiSiSiSiSiSi
          36 Ge    -9300.94922    
GeGeGeGeGeGeGeGeSiSiSiGeSiSiSiGeSiSiSiSiSiSiSiSiSiGeSiSiSiGeSiSiGeSiSiGeSiSiGeSiSiSiSiSiGeSiSiSiSiSiSiSiSiSiSiSiSiSiSiSi
          39 Ge    -9881.69727    
GeGeGeGeGeGeGeGeSiSiSiGeSiSiSiGeSiSiSiSiSiSiSiSiSiGeSiSiSiGeSiSiGeSiSiGeSiSiGeGeSiSiSiSiGeSiSiSiSiSiSiSiSiSiSiSiSiSiSiSi
          40 Ge    -10111.9531    
GeGeGeGeGeGeGeGeSiSiSiGeSiSiSiGeSiSiSiSiSiSiSiSiSiGeSiSiSiGeSiSiGeSiSiGeSiSiGeGeSiGeSiSiGeSiSiSiSiSiSiSiSiSiSiSiSiSiSiSi
          42 Ge    -8915.39453    
GeGeGeGeGeGeGeGeSiSiSiGeSiSiSiGeSiSiSiSiSiSiSiSiSiGeSiSiSiGeSiSiGeSiSiGeSiSiGeGeSiGeSiSiGeGeSiSiSiSiSiSiSiSiSiSiSiSiSiSi
          46 Ge    -9097.63379    
GeGeGeGeGeGeGeGeSiSiSiGeSiSiSiGeSiSiSiSiSiSiSiSiSiGeSiSiSiGeSiSiGeSiSiGeSiSiGeGeSiGeSiSiGeGeSiSiSiSiSiSiSiSiSiSiGeSiSiSi
          57 Ge    -10232.6211    
GeGeGeGeGeGeGeGeSiGeSiGeSiSiSiGeSiSiSiSiSiSiSiSiSiGeSiSiSiGeSiSiGeSiSiGeSiSiGeGeSiGeSiSiGeGeSiSiSiSiSiSiSiSiSiSiGeSiSiSi
          10 Ge    -9510.37891    
GeGeGeGeGeGeGeGeSiGeGeGeSiSiSiGeSiSiSiSiSiSiSiSiSiGeSiSiSiGeSiSiGeSiSiGeSiSiGeGeSiGeSiSiGeGeSiSiSiSiSiSiSiSiSiSiGeSiSiSi
          11 Ge    -10380.8457    
GeGeGeGeGeGeGeGeSiGeGeGeGeSiSiGeSiSiSiSiSiSiSiSiSiGeSiSiSiGeSiSiGeSiSiGeSiSiGeGeSiGeSiSiGeGeSiSiSiSiSiSiSiSiSiSiGeSiSiSi
          13 Ge    -9216.20508    
==============================================
MonteCarlo: Metropolis with identity changes
Si > Ge, Ge > Si. STOP when occurrence <    0.00000
==============================================
Cost_function     Occurrence %     Scan-Cost
   -14158.7656250000 GeGeGeGeSiSiGeGeSiSiSiGeSiSiSiSiSiSiGeGeSiSiSiSiSiGeSiSiGeSiSiSiGeSiGeGeGeGeGeGeSiSiGeSiSiGeSiSiSiSiSiSiGeSiSiSiGeSiGeSi
   -15870.4462890625 SiGeGeGeSiGeSiGeSiSiSiGeSiSiSiSiSiSiSiSiSiGeGeSiSiSiSiSiGeGeGeGeGeSiSiGeSiGeSiGeSiGeGeSiSiSiSiGeSiSiSiSiGeSiSiGeGeSiGeSi
   -17779.9101562500 GeGeSiGeGeGeSiGeGeGeGeSiSiSiSiSiSiSiSiSiSiSiSiGeGeSiGeSiSiSiSiGeGeSiGeGeSiSiSiSiSiGeSiSiSiSiSiSiSiGeGeSiSiGeSiSiGeGeGeSi
   -19322.4882812500 GeGeGeGeGeGeGeGeGeGeGeSiSiSiGeSiSiSiSiSiSiSiSiGeGeSiGeSiSiSiSiSiGeSiSiGeSiSiSiSiSiSiSiSiSiSiSiSiGeGeGeSiSiGeSiSiGeSiGeSi
   -19322.4882812500 GeGeGeGeGeGeGeGeGeGeGeSiSiSiGeSiSiSiSiSiSiSiSiGeGeSiGeSiSiSiSiSiGeSiSiGeSiSiSiSiSiSiSiSiSiSiSiSiGeGeGeSiSiGeSiSiGeSiGeSi
   -19322.4882812500 GeGeGeGeGeGeGeGeGeGeGeSiSiSiGeSiSiSiSiSiSiSiSiGeGeSiGeSiSiSiSiSiGeSiSiGeSiSiSiSiSiSiSiSiSiSiSiSiGeGeGeSiSiGeSiSiGeSiGeSi
   -21417.5234375000 GeGeGeGeGeSiGeGeGeSiGeGeGeSiGeSiSiSiSiSiSiSiSiSiGeSiGeSiSiSiSiSiGeSiSiGeSiSiSiSiGeSiSiSiSiSiSiSiGeGeGeSiSiGeSiSiGeSiGeSi
   -22278.5781250000 GeGeGeGeSiGeGeGeGeSiGeSiGeSiGeSiSiSiSiSiSiSiSiGeGeSiGeSiSiSiSiSiGeSiSiGeSiSiSiSiSiSiSiSiSiGeSiSiGeGeGeSiSiGeSiGeGeSiSiSi
   -22278.5781250000 GeGeGeGeSiGeGeGeGeSiGeSiGeSiGeSiSiSiSiSiSiSiSiGeGeSiGeSiSiSiSiSiGeSiSiGeSiSiSiSiSiSiSiSiSiGeSiSiGeGeGeSiSiGeSiGeGeSiSiSi
   -22278.5781250000 GeGeGeGeSiGeGeGeGeSiGeSiGeSiGeSiSiSiSiSiSiSiSiGeGeSiGeSiSiSiSiSiGeSiSiGeSiSiSiSiSiSiSiSiSiGeSiSiGeGeGeSiSiGeSiGeGeSiSiSi
   -24392.1953125000 GeGeGeSiSiGeGeGeGeSiGeSiGeSiSiSiSiSiSiSiSiSiSiGeGeSiGeSiSiSiSiGeGeSiSiSiSiSiSiSiSiSiSiSiSiGeSiSiGeGeGeSiSiGeGeGeGeSiGeSi
   -24392.1953125000 GeGeGeSiSiGeGeGeGeSiGeSiGeSiSiSiSiSiSiSiSiSiSiGeGeSiGeSiSiSiSiGeGeSiSiSiSiSiSiSiSiSiSiSiSiGeSiSiGeGeGeSiSiGeGeGeGeSiGeSi
   -24392.1953125000 GeGeGeSiSiGeGeGeGeSiGeSiGeSiSiSiSiSiSiSiSiSiSiGeGeSiGeSiSiSiSiGeGeSiSiSiSiSiSiSiSiSiSiSiSiGeSiSiGeGeGeSiSiGeGeGeGeSiGeSi
   -24392.1953125000 GeGeGeSiSiGeGeGeGeSiGeSiGeSiSiSiSiSiSiSiSiSiSiGeGeSiGeSiSiSiSiGeGeSiSiSiSiSiSiSiSiSiSiSiSiGeSiSiGeGeGeSiSiGeGeGeGeSiGeSi
   -24392.1953125000 GeGeGeSiSiGeGeGeGeSiGeSiGeSiSiSiSiSiSiSiSiSiSiGeGeSiGeSiSiSiSiGeGeSiSiSiSiSiSiSiSiSiSiSiSiGeSiSiGeGeGeSiSiGeGeGeGeSiGeSi
   -24392.1953125000 GeGeGeSiSiGeGeGeGeSiGeSiGeSiSiSiSiSiSiSiSiSiSiGeGeSiGeSiSiSiSiGeGeSiSiSiSiSiSiSiSiSiSiSiSiGeSiSiGeGeGeSiSiGeGeGeGeSiGeSi
   -24392.1953125000 GeGeGeSiSiGeGeGeGeSiGeSiGeSiSiSiSiSiSiSiSiSiSiGeGeSiGeSiSiSiSiGeGeSiSiSiSiSiSiSiSiSiSiSiSiGeSiSiGeGeGeSiSiGeGeGeGeSiGeSi
   -24402.2695312500 GeGeGeSiSiGeGeGeGeSiGeSiGeSiGeSiSiSiSiSiSiSiSiGeGeSiGeSiSiSiSiGeGeSiSiSiSiSiSiSiSiSiSiSiSiSiSiSiGeGeGeSiSiGeGeGeGeSiGeSi
   -24402.2695312500 GeGeGeSiSiGeGeGeGeSiGeSiGeSiGeSiSiSiSiSiSiSiSiGeGeSiGeSiSiSiSiGeGeSiSiSiSiSiSiSiSiSiSiSiSiSiSiSiGeGeGeSiSiGeGeGeGeSiGeSi
   -24402.2695312500 GeGeGeSiSiGeGeGeGeSiGeSiGeSiGeSiSiSiSiSiSiSiSiGeGeSiGeSiSiSiSiGeGeSiSiSiSiSiSiSiSiSiSiSiSiSiSiSiGeGeGeSiSiGeGeGeGeSiGeSi
   -24402.2695312500 GeGeGeSiSiGeGeGeGeSiGeSiGeSiGeSiSiSiSiSiSiSiSiGeGeSiGeSiSiSiSiGeGeSiSiSiSiSiSiSiSiSiSiSiSiSiSiSiGeGeGeSiSiGeGeGeGeSiGeSi
   -24402.2695312500 GeGeGeSiSiGeGeGeGeSiGeSiGeSiGeSiSiSiSiSiSiSiSiGeGeSiGeSiSiSiSiGeGeSiSiSiSiSiSiSiSiSiSiSiSiSiSiSiGeGeGeSiSiGeGeGeGeSiGeSi
   -24402.2695312500 GeGeGeSiSiGeGeGeGeSiGeSiGeSiGeSiSiSiSiSiSiSiSiGeGeSiGeSiSiSiSiGeGeSiSiSiSiSiSiSiSiSiSiSiSiSiSiSiGeGeGeSiSiGeGeGeGeSiGeSi
   -24402.2695312500 GeGeGeSiSiGeGeGeGeSiGeSiGeSiGeSiSiSiSiSiSiSiSiGeGeSiGeSiSiSiSiGeGeSiSiSiSiSiSiSiSiSiSiSiSiSiSiSiGeGeGeSiSiGeGeGeGeSiGeSi
   -24402.2695312500 GeGeGeSiSiGeGeGeGeSiGeSiGeSiGeSiSiSiSiSiSiSiSiGeGeSiGeSiSiSiSiGeGeSiSiSiSiSiSiSiSiSiSiSiSiSiSiSiGeGeGeSiSiGeGeGeGeSiGeSi
   -24402.2695312500 GeGeGeSiSiGeGeGeGeSiGeSiGeSiGeSiSiSiSiSiSiSiSiGeGeSiGeSiSiSiSiGeGeSiSiSiSiSiSiSiSiSiSiSiSiSiSiSiGeGeGeSiSiGeGeGeGeSiGeSi
   -24402.2695312500 GeGeGeSiSiGeGeGeGeSiGeSiGeSiGeSiSiSiSiSiSiSiSiGeGeSiGeSiSiSiSiGeGeSiSiSiSiSiSiSiSiSiSiSiSiSiSiSiGeGeGeSiSiGeGeGeGeSiGeSi
   -24402.2695312500 GeGeGeSiSiGeGeGeGeSiGeSiGeSiGeSiSiSiSiSiSiSiSiGeGeSiGeSiSiSiSiGeGeSiSiSiSiSiSiSiSiSiSiSiSiSiSiSiGeGeGeSiSiGeGeGeGeSiGeSi
   -24402.2695312500 GeGeGeSiSiGeGeGeGeSiGeSiGeSiGeSiSiSiSiSiSiSiSiGeGeSiGeSiSiSiSiGeGeSiSiSiSiSiSiSiSiSiSiSiSiSiSiSiGeGeGeSiSiGeGeGeGeSiGeSi
   -24402.2695312500 GeGeGeSiSiGeGeGeGeSiGeSiGeSiGeSiSiSiSiSiSiSiSiGeGeSiGeSiSiSiSiGeGeSiSiSiSiSiSiSiSiSiSiSiSiSiSiSiGeGeGeSiSiGeGeGeGeSiGeSi
   -24402.2695312500 GeGeGeSiSiGeGeGeGeSiGeSiGeSiGeSiSiSiSiSiSiSiSiGeGeSiGeSiSiSiSiGeGeSiSiSiSiSiSiSiSiSiSiSiSiSiSiSiGeGeGeSiSiGeGeGeGeSiGeSi
   -24402.2695312500 GeGeGeSiSiGeGeGeGeSiGeSiGeSiGeSiSiSiSiSiSiSiSiGeGeSiGeSiSiSiSiGeGeSiSiSiSiSiSiSiSiSiSiSiSiSiSiSiGeGeGeSiSiGeGeGeGeSiGeSi
   -24402.2695312500 GeGeGeSiSiGeGeGeGeSiGeSiGeSiGeSiSiSiSiSiSiSiSiGeGeSiGeSiSiSiSiGeGeSiSiSiSiSiSiSiSiSiSiSiSiSiSiSiGeGeGeSiSiGeGeGeGeSiGeSi
   -24402.2695312500 GeGeGeSiSiGeGeGeGeSiGeSiGeSiGeSiSiSiSiSiSiSiSiGeGeSiGeSiSiSiSiGeGeSiSiSiSiSiSiSiSiSiSiSiSiSiSiSiGeGeGeSiSiGeGeGeGeSiGeSi
   -24402.2695312500 GeGeGeSiSiGeGeGeGeSiGeSiGeSiGeSiSiSiSiSiSiSiSiGeGeSiGeSiSiSiSiGeGeSiSiSiSiSiSiSiSiSiSiSiSiSiSiSiGeGeGeSiSiGeGeGeGeSiGeSi
   -24402.2695312500 GeGeGeSiSiGeGeGeGeSiGeSiGeSiGeSiSiSiSiSiSiSiSiGeGeSiGeSiSiSiSiGeGeSiSiSiSiSiSiSiSiSiSiSiSiSiSiSiGeGeGeSiSiGeGeGeGeSiGeSi
   -24402.2695312500 GeGeGeSiSiGeGeGeGeSiGeSiGeSiGeSiSiSiSiSiSiSiSiGeGeSiGeSiSiSiSiGeGeSiSiSiSiSiSiSiSiSiSiSiSiSiSiSiGeGeGeSiSiGeGeGeGeSiGeSi
   -24402.2695312500 GeGeGeSiSiGeGeGeGeSiGeSiGeSiGeSiSiSiSiSiSiSiSiGeGeSiGeSiSiSiSiGeGeSiSiSiSiSiSiSiSiSiSiSiSiSiSiSiGeGeGeSiSiGeGeGeGeSiGeSi
   -24402.2695312500 GeGeGeSiSiGeGeGeGeSiGeSiGeSiGeSiSiSiSiSiSiSiSiGeGeSiGeSiSiSiSiGeGeSiSiSiSiSiSiSiSiSiSiSiSiSiSiSiGeGeGeSiSiGeGeGeGeSiGeSi
   -24402.2695312500 GeGeGeSiSiGeGeGeGeSiGeSiGeSiGeSiSiSiSiSiSiSiSiGeGeSiGeSiSiSiSiGeGeSiSiSiSiSiSiSiSiSiSiSiSiSiSiSiGeGeGeSiSiGeGeGeGeSiGeSi
   -24402.2695312500 GeGeGeSiSiGeGeGeGeSiGeSiGeSiGeSiSiSiSiSiSiSiSiGeGeSiGeSiSiSiSiGeGeSiSiSiSiSiSiSiSiSiSiSiSiSiSiSiGeGeGeSiSiGeGeGeGeSiGeSi
   -24402.2695312500 GeGeGeSiSiGeGeGeGeSiGeSiGeSiGeSiSiSiSiSiSiSiSiGeGeSiGeSiSiSiSiGeGeSiSiSiSiSiSiSiSiSiSiSiSiSiSiSiGeGeGeSiSiGeGeGeGeSiGeSi
   -24402.2695312500 GeGeGeSiSiGeGeGeGeSiGeSiGeSiGeSiSiSiSiSiSiSiSiGeGeSiGeSiSiSiSiGeGeSiSiSiSiSiSiSiSiSiSiSiSiSiSiSiGeGeGeSiSiGeGeGeGeSiGeSi
   -24402.2695312500 GeGeGeSiSiGeGeGeGeSiGeSiGeSiGeSiSiSiSiSiSiSiSiGeGeSiGeSiSiSiSiGeGeSiSiSiSiSiSiSiSiSiSiSiSiSiSiSiGeGeGeSiSiGeGeGeGeSiGeSi
   -24402.2695312500 GeGeGeSiSiGeGeGeGeSiGeSiGeSiGeSiSiSiSiSiSiSiSiGeGeSiGeSiSiSiSiGeGeSiSiSiSiSiSiSiSiSiSiSiSiSiSiSiGeGeGeSiSiGeGeGeGeSiGeSi
   -24402.2695312500 GeGeGeSiSiGeGeGeGeSiGeSiGeSiGeSiSiSiSiSiSiSiSiGeGeSiGeSiSiSiSiGeGeSiSiSiSiSiSiSiSiSiSiSiSiSiSiSiGeGeGeSiSiGeGeGeGeSiGeSi
   -24402.2695312500 GeGeGeSiSiGeGeGeGeSiGeSiGeSiGeSiSiSiSiSiSiSiSiGeGeSiGeSiSiSiSiGeGeSiSiSiSiSiSiSiSiSiSiSiSiSiSiSiGeGeGeSiSiGeGeGeGeSiGeSi
   -24402.2695312500 GeGeGeSiSiGeGeGeGeSiGeSiGeSiGeSiSiSiSiSiSiSiSiGeGeSiGeSiSiSiSiGeGeSiSiSiSiSiSiSiSiSiSiSiSiSiSiSiGeGeGeSiSiGeGeGeGeSiGeSi
   -24402.2695312500 GeGeGeSiSiGeGeGeGeSiGeSiGeSiGeSiSiSiSiSiSiSiSiGeGeSiGeSiSiSiSiGeGeSiSiSiSiSiSiSiSiSiSiSiSiSiSiSiGeGeGeSiSiGeGeGeGeSiGeSi
   -24402.2695312500 GeGeGeSiSiGeGeGeGeSiGeSiGeSiGeSiSiSiSiSiSiSiSiGeGeSiGeSiSiSiSiGeGeSiSiSiSiSiSiSiSiSiSiSiSiSiSiSiGeGeGeSiSiGeGeGeGeSiGeSi
   -24402.2695312500 GeGeGeSiSiGeGeGeGeSiGeSiGeSiGeSiSiSiSiSiSiSiSiGeGeSiGeSiSiSiSiGeGeSiSiSiSiSiSiSiSiSiSiSiSiSiSiSiGeGeGeSiSiGeGeGeGeSiGeSi
   -24402.2695312500 GeGeGeSiSiGeGeGeGeSiGeSiGeSiGeSiSiSiSiSiSiSiSiGeGeSiGeSiSiSiSiGeGeSiSiSiSiSiSiSiSiSiSiSiSiSiSiSiGeGeGeSiSiGeGeGeGeSiGeSi
   -24402.2695312500 GeGeGeSiSiGeGeGeGeSiGeSiGeSiGeSiSiSiSiSiSiSiSiGeGeSiGeSiSiSiSiGeGeSiSiSiSiSiSiSiSiSiSiSiSiSiSiSiGeGeGeSiSiGeGeGeGeSiGeSi
   -24402.2695312500 GeGeGeSiSiGeGeGeGeSiGeSiGeSiGeSiSiSiSiSiSiSiSiGeGeSiGeSiSiSiSiGeGeSiSiSiSiSiSiSiSiSiSiSiSiSiSiSiGeGeGeSiSiGeGeGeGeSiGeSi
   -24402.2695312500 GeGeGeSiSiGeGeGeGeSiGeSiGeSiGeSiSiSiSiSiSiSiSiGeGeSiGeSiSiSiSiGeGeSiSiSiSiSiSiSiSiSiSiSiSiSiSiSiGeGeGeSiSiGeGeGeGeSiGeSi
   -24402.2695312500 GeGeGeSiSiGeGeGeGeSiGeSiGeSiGeSiSiSiSiSiSiSiSiGeGeSiGeSiSiSiSiGeGeSiSiSiSiSiSiSiSiSiSiSiSiSiSiSiGeGeGeSiSiGeGeGeGeSiGeSi
   -24402.2695312500 GeGeGeSiSiGeGeGeGeSiGeSiGeSiGeSiSiSiSiSiSiSiSiGeGeSiGeSiSiSiSiGeGeSiSiSiSiSiSiSiSiSiSiSiSiSiSiSiGeGeGeSiSiGeGeGeGeSiGeSi
   -24402.2695312500 GeGeGeSiSiGeGeGeGeSiGeSiGeSiGeSiSiSiSiSiSiSiSiGeGeSiGeSiSiSiSiGeGeSiSiSiSiSiSiSiSiSiSiSiSiSiSiSiGeGeGeSiSiGeGeGeGeSiGeSi
   -24402.2695312500 GeGeGeSiSiGeGeGeGeSiGeSiGeSiGeSiSiSiSiSiSiSiSiGeGeSiGeSiSiSiSiGeGeSiSiSiSiSiSiSiSiSiSiSiSiSiSiSiGeGeGeSiSiGeGeGeGeSiGeSi
   -24402.2695312500 GeGeGeSiSiGeGeGeGeSiGeSiGeSiGeSiSiSiSiSiSiSiSiGeGeSiGeSiSiSiSiGeGeSiSiSiSiSiSiSiSiSiSiSiSiSiSiSiGeGeGeSiSiGeGeGeGeSiGeSi
   -24402.2695312500 GeGeGeSiSiGeGeGeGeSiGeSiGeSiGeSiSiSiSiSiSiSiSiGeGeSiGeSiSiSiSiGeGeSiSiSiSiSiSiSiSiSiSiSiSiSiSiSiGeGeGeSiSiGeGeGeGeSiGeSi
   -24402.2695312500 GeGeGeSiSiGeGeGeGeSiGeSiGeSiGeSiSiSiSiSiSiSiSiGeGeSiGeSiSiSiSiGeGeSiSiSiSiSiSiSiSiSiSiSiSiSiSiSiGeGeGeSiSiGeGeGeGeSiGeSi
   -24402.2695312500 GeGeGeSiSiGeGeGeGeSiGeSiGeSiGeSiSiSiSiSiSiSiSiGeGeSiGeSiSiSiSiGeGeSiSiSiSiSiSiSiSiSiSiSiSiSiSiSiGeGeGeSiSiGeGeGeGeSiGeSi
   -24402.2695312500 GeGeGeSiSiGeGeGeGeSiGeSiGeSiGeSiSiSiSiSiSiSiSiGeGeSiGeSiSiSiSiGeGeSiSiSiSiSiSiSiSiSiSiSiSiSiSiSiGeGeGeSiSiGeGeGeGeSiGeSi
   -24402.2695312500 GeGeGeSiSiGeGeGeGeSiGeSiGeSiGeSiSiSiSiSiSiSiSiGeGeSiGeSiSiSiSiGeGeSiSiSiSiSiSiSiSiSiSiSiSiSiSiSiGeGeGeSiSiGeGeGeGeSiGeSi
   -24402.2695312500 GeGeGeSiSiGeGeGeGeSiGeSiGeSiGeSiSiSiSiSiSiSiSiGeGeSiGeSiSiSiSiGeGeSiSiSiSiSiSiSiSiSiSiSiSiSiSiSiGeGeGeSiSiGeGeGeGeSiGeSi
   -24402.2695312500 GeGeGeSiSiGeGeGeGeSiGeSiGeSiGeSiSiSiSiSiSiSiSiGeGeSiGeSiSiSiSiGeGeSiSiSiSiSiSiSiSiSiSiSiSiSiSiSiGeGeGeSiSiGeGeGeGeSiGeSi
   -24402.2695312500 GeGeGeSiSiGeGeGeGeSiGeSiGeSiGeSiSiSiSiSiSiSiSiGeGeSiGeSiSiSiSiGeGeSiSiSiSiSiSiSiSiSiSiSiSiSiSiSiGeGeGeSiSiGeGeGeGeSiGeSi
   -24402.2695312500 GeGeGeSiSiGeGeGeGeSiGeSiGeSiGeSiSiSiSiSiSiSiSiGeGeSiGeSiSiSiSiGeGeSiSiSiSiSiSiSiSiSiSiSiSiSiSiSiGeGeGeSiSiGeGeGeGeSiGeSi
   -24402.2695312500 GeGeGeSiSiGeGeGeGeSiGeSiGeSiGeSiSiSiSiSiSiSiSiGeGeSiGeSiSiSiSiGeGeSiSiSiSiSiSiSiSiSiSiSiSiSiSiSiGeGeGeSiSiGeGeGeGeSiGeSi
   -24402.2695312500 GeGeGeSiSiGeGeGeGeSiGeSiGeSiGeSiSiSiSiSiSiSiSiGeGeSiGeSiSiSiSiGeGeSiSiSiSiSiSiSiSiSiSiSiSiSiSiSiGeGeGeSiSiGeGeGeGeSiGeSi
   -24402.2695312500 GeGeGeSiSiGeGeGeGeSiGeSiGeSiGeSiSiSiSiSiSiSiSiGeGeSiGeSiSiSiSiGeGeSiSiSiSiSiSiSiSiSiSiSiSiSiSiSiGeGeGeSiSiGeGeGeGeSiGeSi
   -24402.2695312500 GeGeGeSiSiGeGeGeGeSiGeSiGeSiGeSiSiSiSiSiSiSiSiGeGeSiGeSiSiSiSiGeGeSiSiSiSiSiSiSiSiSiSiSiSiSiSiSiGeGeGeSiSiGeGeGeGeSiGeSi
   -24402.2695312500 GeGeGeSiSiGeGeGeGeSiGeSiGeSiGeSiSiSiSiSiSiSiSiGeGeSiGeSiSiSiSiGeGeSiSiSiSiSiSiSiSiSiSiSiSiSiSiSiGeGeGeSiSiGeGeGeGeSiGeSi
   -24402.2695312500 GeGeGeSiSiGeGeGeGeSiGeSiGeSiGeSiSiSiSiSiSiSiSiGeGeSiGeSiSiSiSiGeGeSiSiSiSiSiSiSiSiSiSiSiSiSiSiSiGeGeGeSiSiGeGeGeGeSiGeSi
   -24402.2695312500 GeGeGeSiSiGeGeGeGeSiGeSiGeSiGeSiSiSiSiSiSiSiSiGeGeSiGeSiSiSiSiGeGeSiSiSiSiSiSiSiSiSiSiSiSiSiSiSiGeGeGeSiSiGeGeGeGeSiGeSi
   -24402.2695312500 GeGeGeSiSiGeGeGeGeSiGeSiGeSiGeSiSiSiSiSiSiSiSiGeGeSiGeSiSiSiSiGeGeSiSiSiSiSiSiSiSiSiSiSiSiSiSiSiGeGeGeSiSiGeGeGeGeSiGeSi
   -24402.2695312500 GeGeGeSiSiGeGeGeGeSiGeSiGeSiGeSiSiSiSiSiSiSiSiGeGeSiGeSiSiSiSiGeGeSiSiSiSiSiSiSiSiSiSiSiSiSiSiSiGeGeGeSiSiGeGeGeGeSiGeSi
   -24402.2695312500 GeGeGeSiSiGeGeGeGeSiGeSiGeSiGeSiSiSiSiSiSiSiSiGeGeSiGeSiSiSiSiGeGeSiSiSiSiSiSiSiSiSiSiSiSiSiSiSiGeGeGeSiSiGeGeGeGeSiGeSi
   -24402.2695312500 GeGeGeSiSiGeGeGeGeSiGeSiGeSiGeSiSiSiSiSiSiSiSiGeGeSiGeSiSiSiSiGeGeSiSiSiSiSiSiSiSiSiSiSiSiSiSiSiGeGeGeSiSiGeGeGeGeSiGeSi
   -24402.2695312500 GeGeGeSiSiGeGeGeGeSiGeSiGeSiGeSiSiSiSiSiSiSiSiGeGeSiGeSiSiSiSiGeGeSiSiSiSiSiSiSiSiSiSiSiSiSiSiSiGeGeGeSiSiGeGeGeGeSiGeSi
   -24402.2695312500 GeGeGeSiSiGeGeGeGeSiGeSiGeSiGeSiSiSiSiSiSiSiSiGeGeSiGeSiSiSiSiGeGeSiSiSiSiSiSiSiSiSiSiSiSiSiSiSiGeGeGeSiSiGeGeGeGeSiGeSi
   -24402.2695312500 GeGeGeSiSiGeGeGeGeSiGeSiGeSiGeSiSiSiSiSiSiSiSiGeGeSiGeSiSiSiSiGeGeSiSiSiSiSiSiSiSiSiSiSiSiSiSiSiGeGeGeSiSiGeGeGeGeSiGeSi
   -24402.2695312500 GeGeGeSiSiGeGeGeGeSiGeSiGeSiGeSiSiSiSiSiSiSiSiGeGeSiGeSiSiSiSiGeGeSiSiSiSiSiSiSiSiSiSiSiSiSiSiSiGeGeGeSiSiGeGeGeGeSiGeSi
   -24402.2695312500 GeGeGeSiSiGeGeGeGeSiGeSiGeSiGeSiSiSiSiSiSiSiSiGeGeSiGeSiSiSiSiGeGeSiSiSiSiSiSiSiSiSiSiSiSiSiSiSiGeGeGeSiSiGeGeGeGeSiGeSi
   -24402.2695312500 GeGeGeSiSiGeGeGeGeSiGeSiGeSiGeSiSiSiSiSiSiSiSiGeGeSiGeSiSiSiSiGeGeSiSiSiSiSiSiSiSiSiSiSiSiSiSiSiGeGeGeSiSiGeGeGeGeSiGeSi
   -24402.2695312500 GeGeGeSiSiGeGeGeGeSiGeSiGeSiGeSiSiSiSiSiSiSiSiGeGeSiGeSiSiSiSiGeGeSiSiSiSiSiSiSiSiSiSiSiSiSiSiSiGeGeGeSiSiGeGeGeGeSiGeSi
   -24402.2695312500 GeGeGeSiSiGeGeGeGeSiGeSiGeSiGeSiSiSiSiSiSiSiSiGeGeSiGeSiSiSiSiGeGeSiSiSiSiSiSiSiSiSiSiSiSiSiSiSiGeGeGeSiSiGeGeGeGeSiGeSi
   -24402.2695312500 GeGeGeSiSiGeGeGeGeSiGeSiGeSiGeSiSiSiSiSiSiSiSiGeGeSiGeSiSiSiSiGeGeSiSiSiSiSiSiSiSiSiSiSiSiSiSiSiGeGeGeSiSiGeGeGeGeSiGeSi
   -24402.2695312500 GeGeGeSiSiGeGeGeGeSiGeSiGeSiGeSiSiSiSiSiSiSiSiGeGeSiGeSiSiSiSiGeGeSiSiSiSiSiSiSiSiSiSiSiSiSiSiSiGeGeGeSiSiGeGeGeGeSiGeSi
   -24402.2695312500 GeGeGeSiSiGeGeGeGeSiGeSiGeSiGeSiSiSiSiSiSiSiSiGeGeSiGeSiSiSiSiGeGeSiSiSiSiSiSiSiSiSiSiSiSiSiSiSiGeGeGeSiSiGeGeGeGeSiGeSi
   -24402.2695312500 GeGeGeSiSiGeGeGeGeSiGeSiGeSiGeSiSiSiSiSiSiSiSiGeGeSiGeSiSiSiSiGeGeSiSiSiSiSiSiSiSiSiSiSiSiSiSiSiGeGeGeSiSiGeGeGeGeSiGeSi
   -24402.2695312500 GeGeGeSiSiGeGeGeGeSiGeSiGeSiGeSiSiSiSiSiSiSiSiGeGeSiGeSiSiSiSiGeGeSiSiSiSiSiSiSiSiSiSiSiSiSiSiSiGeGeGeSiSiGeGeGeGeSiGeSi
   -24402.2695312500 GeGeGeSiSiGeGeGeGeSiGeSiGeSiGeSiSiSiSiSiSiSiSiGeGeSiGeSiSiSiSiGeGeSiSiSiSiSiSiSiSiSiSiSiSiSiSiSiGeGeGeSiSiGeGeGeGeSiGeSi
   -24402.2695312500 GeGeGeSiSiGeGeGeGeSiGeSiGeSiGeSiSiSiSiSiSiSiSiGeGeSiGeSiSiSiSiGeGeSiSiSiSiSiSiSiSiSiSiSiSiSiSiSiGeGeGeSiSiGeGeGeGeSiGeSi
   -24402.2695312500 GeGeGeSiSiGeGeGeGeSiGeSiGeSiGeSiSiSiSiSiSiSiSiGeGeSiGeSiSiSiSiGeGeSiSiSiSiSiSiSiSiSiSiSiSiSiSiSiGeGeGeSiSiGeGeGeGeSiGeSi
   -24402.2695312500 GeGeGeSiSiGeGeGeGeSiGeSiGeSiGeSiSiSiSiSiSiSiSiGeGeSiGeSiSiSiSiGeGeSiSiSiSiSiSiSiSiSiSiSiSiSiSiSiGeGeGeSiSiGeGeGeGeSiGeSi
   -24402.2695312500 GeGeGeSiSiGeGeGeGeSiGeSiGeSiGeSiSiSiSiSiSiSiSiGeGeSiGeSiSiSiSiGeGeSiSiSiSiSiSiSiSiSiSiSiSiSiSiSiGeGeGeSiSiGeGeGeGeSiGeSi
   -24402.2695312500 GeGeGeSiSiGeGeGeGeSiGeSiGeSiGeSiSiSiSiSiSiSiSiGeGeSiGeSiSiSiSiGeGeSiSiSiSiSiSiSiSiSiSiSiSiSiSiSiGeGeGeSiSiGeGeGeGeSiGeSi
   -24402.2695312500 GeGeGeSiSiGeGeGeGeSiGeSiGeSiGeSiSiSiSiSiSiSiSiGeGeSiGeSiSiSiSiGeGeSiSiSiSiSiSiSiSiSiSiSiSiSiSiSiGeGeGeSiSiGeGeGeGeSiGeSi
   -24402.2695312500 GeGeGeSiSiGeGeGeGeSiGeSiGeSiGeSiSiSiSiSiSiSiSiGeGeSiGeSiSiSiSiGeGeSiSiSiSiSiSiSiSiSiSiSiSiSiSiSiGeGeGeSiSiGeGeGeGeSiGeSi
   -24402.2695312500 GeGeGeSiSiGeGeGeGeSiGeSiGeSiGeSiSiSiSiSiSiSiSiGeGeSiGeSiSiSiSiGeGeSiSiSiSiSiSiSiSiSiSiSiSiSiSiSiGeGeGeSiSiGeGeGeGeSiGeSi
   -24402.2695312500 GeGeGeSiSiGeGeGeGeSiGeSiGeSiGeSiSiSiSiSiSiSiSiGeGeSiGeSiSiSiSiGeGeSiSiSiSiSiSiSiSiSiSiSiSiSiSiSiGeGeGeSiSiGeGeGeGeSiGeSi
   -24402.2695312500 GeGeGeSiSiGeGeGeGeSiGeSiGeSiGeSiSiSiSiSiSiSiSiGeGeSiGeSiSiSiSiGeGeSiSiSiSiSiSiSiSiSiSiSiSiSiSiSiGeGeGeSiSiGeGeGeGeSiGeSi
   -24402.2695312500 GeGeGeSiSiGeGeGeGeSiGeSiGeSiGeSiSiSiSiSiSiSiSiGeGeSiGeSiSiSiSiGeGeSiSiSiSiSiSiSiSiSiSiSiSiSiSiSiGeGeGeSiSiGeGeGeGeSiGeSi
   -24402.2695312500 GeGeGeSiSiGeGeGeGeSiGeSiGeSiGeSiSiSiSiSiSiSiSiGeGeSiGeSiSiSiSiGeGeSiSiSiSiSiSiSiSiSiSiSiSiSiSiSiGeGeGeSiSiGeGeGeGeSiGeSi
   -24402.2695312500 GeGeGeSiSiGeGeGeGeSiGeSiGeSiGeSiSiSiSiSiSiSiSiGeGeSiGeSiSiSiSiGeGeSiSiSiSiSiSiSiSiSiSiSiSiSiSiSiGeGeGeSiSiGeGeGeGeSiGeSi
   -24402.2695312500 GeGeGeSiSiGeGeGeGeSiGeSiGeSiGeSiSiSiSiSiSiSiSiGeGeSiGeSiSiSiSiGeGeSiSiSiSiSiSiSiSiSiSiSiSiSiSiSiGeGeGeSiSiGeGeGeGeSiGeSi
   -24402.2695312500 GeGeGeSiSiGeGeGeGeSiGeSiGeSiGeSiSiSiSiSiSiSiSiGeGeSiGeSiSiSiSiGeGeSiSiSiSiSiSiSiSiSiSiSiSiSiSiSiGeGeGeSiSiGeGeGeGeSiGeSi
   -24402.2695312500 GeGeGeSiSiGeGeGeGeSiGeSiGeSiGeSiSiSiSiSiSiSiSiGeGeSiGeSiSiSiSiGeGeSiSiSiSiSiSiSiSiSiSiSiSiSiSiSiGeGeGeSiSiGeGeGeGeSiGeSi
   -24402.2695312500 GeGeGeSiSiGeGeGeGeSiGeSiGeSiGeSiSiSiSiSiSiSiSiGeGeSiGeSiSiSiSiGeGeSiSiSiSiSiSiSiSiSiSiSiSiSiSiSiGeGeGeSiSiGeGeGeGeSiGeSi
   -24402.2695312500 GeGeGeSiSiGeGeGeGeSiGeSiGeSiGeSiSiSiSiSiSiSiSiGeGeSiGeSiSiSiSiGeGeSiSiSiSiSiSiSiSiSiSiSiSiSiSiSiGeGeGeSiSiGeGeGeGeSiGeSi
   -24402.2695312500 GeGeGeSiSiGeGeGeGeSiGeSiGeSiGeSiSiSiSiSiSiSiSiGeGeSiGeSiSiSiSiGeGeSiSiSiSiSiSiSiSiSiSiSiSiSiSiSiGeGeGeSiSiGeGeGeGeSiGeSi
   -24402.2695312500 GeGeGeSiSiGeGeGeGeSiGeSiGeSiGeSiSiSiSiSiSiSiSiGeGeSiGeSiSiSiSiGeGeSiSiSiSiSiSiSiSiSiSiSiSiSiSiSiGeGeGeSiSiGeGeGeGeSiGeSi
   -24402.2695312500 GeGeGeSiSiGeGeGeGeSiGeSiGeSiGeSiSiSiSiSiSiSiSiGeGeSiGeSiSiSiSiGeGeSiSiSiSiSiSiSiSiSiSiSiSiSiSiSiGeGeGeSiSiGeGeGeGeSiGeSi
   -24402.2695312500 GeGeGeSiSiGeGeGeGeSiGeSiGeSiGeSiSiSiSiSiSiSiSiGeGeSiGeSiSiSiSiGeGeSiSiSiSiSiSiSiSiSiSiSiSiSiSiSiGeGeGeSiSiGeGeGeGeSiGeSi
   -24402.2695312500 GeGeGeSiSiGeGeGeGeSiGeSiGeSiGeSiSiSiSiSiSiSiSiGeGeSiGeSiSiSiSiGeGeSiSiSiSiSiSiSiSiSiSiSiSiSiSiSiGeGeGeSiSiGeGeGeGeSiGeSi
   -24402.2695312500 GeGeGeSiSiGeGeGeGeSiGeSiGeSiGeSiSiSiSiSiSiSiSiGeGeSiGeSiSiSiSiGeGeSiSiSiSiSiSiSiSiSiSiSiSiSiSiSiGeGeGeSiSiGeGeGeGeSiGeSi
   -24402.2695312500 GeGeGeSiSiGeGeGeGeSiGeSiGeSiGeSiSiSiSiSiSiSiSiGeGeSiGeSiSiSiSiGeGeSiSiSiSiSiSiSiSiSiSiSiSiSiSiSiGeGeGeSiSiGeGeGeGeSiGeSi
   -24402.2695312500 GeGeGeSiSiGeGeGeGeSiGeSiGeSiGeSiSiSiSiSiSiSiSiGeGeSiGeSiSiSiSiGeGeSiSiSiSiSiSiSiSiSiSiSiSiSiSiSiGeGeGeSiSiGeGeGeGeSiGeSi
   -24402.2695312500 GeGeGeSiSiGeGeGeGeSiGeSiGeSiGeSiSiSiSiSiSiSiSiGeGeSiGeSiSiSiSiGeGeSiSiSiSiSiSiSiSiSiSiSiSiSiSiSiGeGeGeSiSiGeGeGeGeSiGeSi
   -24402.2695312500 GeGeGeSiSiGeGeGeGeSiGeSiGeSiGeSiSiSiSiSiSiSiSiGeGeSiGeSiSiSiSiGeGeSiSiSiSiSiSiSiSiSiSiSiSiSiSiSiGeGeGeSiSiGeGeGeGeSiGeSi
   -24402.2695312500 GeGeGeSiSiGeGeGeGeSiGeSiGeSiGeSiSiSiSiSiSiSiSiGeGeSiGeSiSiSiSiGeGeSiSiSiSiSiSiSiSiSiSiSiSiSiSiSiGeGeGeSiSiGeGeGeGeSiGeSi
   -24402.2695312500 GeGeGeSiSiGeGeGeGeSiGeSiGeSiGeSiSiSiSiSiSiSiSiGeGeSiGeSiSiSiSiGeGeSiSiSiSiSiSiSiSiSiSiSiSiSiSiSiGeGeGeSiSiGeGeGeGeSiGeSi
   -24402.2695312500 GeGeGeSiSiGeGeGeGeSiGeSiGeSiGeSiSiSiSiSiSiSiSiGeGeSiGeSiSiSiSiGeGeSiSiSiSiSiSiSiSiSiSiSiSiSiSiSiGeGeGeSiSiGeGeGeGeSiGeSi
   -24402.2695312500 GeGeGeSiSiGeGeGeGeSiGeSiGeSiGeSiSiSiSiSiSiSiSiGeGeSiGeSiSiSiSiGeGeSiSiSiSiSiSiSiSiSiSiSiSiSiSiSiGeGeGeSiSiGeGeGeGeSiGeSi
   -24402.2695312500 GeGeGeSiSiGeGeGeGeSiGeSiGeSiGeSiSiSiSiSiSiSiSiGeGeSiGeSiSiSiSiGeGeSiSiSiSiSiSiSiSiSiSiSiSiSiSiSiGeGeGeSiSiGeGeGeGeSiGeSi
   -24402.2695312500 GeGeGeSiSiGeGeGeGeSiGeSiGeSiGeSiSiSiSiSiSiSiSiGeGeSiGeSiSiSiSiGeGeSiSiSiSiSiSiSiSiSiSiSiSiSiSiSiGeGeGeSiSiGeGeGeGeSiGeSi
   -24402.2695312500 GeGeGeSiSiGeGeGeGeSiGeSiGeSiGeSiSiSiSiSiSiSiSiGeGeSiGeSiSiSiSiGeGeSiSiSiSiSiSiSiSiSiSiSiSiSiSiSiGeGeGeSiSiGeGeGeGeSiGeSi
   -24402.2695312500 GeGeGeSiSiGeGeGeGeSiGeSiGeSiGeSiSiSiSiSiSiSiSiGeGeSiGeSiSiSiSiGeGeSiSiSiSiSiSiSiSiSiSiSiSiSiSiSiGeGeGeSiSiGeGeGeGeSiGeSi
   -24402.2695312500 GeGeGeSiSiGeGeGeGeSiGeSiGeSiGeSiSiSiSiSiSiSiSiGeGeSiGeSiSiSiSiGeGeSiSiSiSiSiSiSiSiSiSiSiSiSiSiSiGeGeGeSiSiGeGeGeGeSiGeSi
   -24402.2695312500 GeGeGeSiSiGeGeGeGeSiGeSiGeSiGeSiSiSiSiSiSiSiSiGeGeSiGeSiSiSiSiGeGeSiSiSiSiSiSiSiSiSiSiSiSiSiSiSiGeGeGeSiSiGeGeGeGeSiGeSi
   -24402.2695312500 GeGeGeSiSiGeGeGeGeSiGeSiGeSiGeSiSiSiSiSiSiSiSiGeGeSiGeSiSiSiSiGeGeSiSiSiSiSiSiSiSiSiSiSiSiSiSiSiGeGeGeSiSiGeGeGeGeSiGeSi
   -24402.2695312500 GeGeGeSiSiGeGeGeGeSiGeSiGeSiGeSiSiSiSiSiSiSiSiGeGeSiGeSiSiSiSiGeGeSiSiSiSiSiSiSiSiSiSiSiSiSiSiSiGeGeGeSiSiGeGeGeGeSiGeSi
   -24402.2695312500 GeGeGeSiSiGeGeGeGeSiGeSiGeSiGeSiSiSiSiSiSiSiSiGeGeSiGeSiSiSiSiGeGeSiSiSiSiSiSiSiSiSiSiSiSiSiSiSiGeGeGeSiSiGeGeGeGeSiGeSi
   -24402.2695312500 GeGeGeSiSiGeGeGeGeSiGeSiGeSiGeSiSiSiSiSiSiSiSiGeGeSiGeSiSiSiSiGeGeSiSiSiSiSiSiSiSiSiSiSiSiSiSiSiGeGeGeSiSiGeGeGeGeSiGeSi
   -24402.2695312500 GeGeGeSiSiGeGeGeGeSiGeSiGeSiGeSiSiSiSiSiSiSiSiGeGeSiGeSiSiSiSiGeGeSiSiSiSiSiSiSiSiSiSiSiSiSiSiSiGeGeGeSiSiGeGeGeGeSiGeSi
   -24402.2695312500 GeGeGeSiSiGeGeGeGeSiGeSiGeSiGeSiSiSiSiSiSiSiSiGeGeSiGeSiSiSiSiGeGeSiSiSiSiSiSiSiSiSiSiSiSiSiSiSiGeGeGeSiSiGeGeGeGeSiGeSi
   -24402.2695312500 GeGeGeSiSiGeGeGeGeSiGeSiGeSiGeSiSiSiSiSiSiSiSiGeGeSiGeSiSiSiSiGeGeSiSiSiSiSiSiSiSiSiSiSiSiSiSiSiGeGeGeSiSiGeGeGeGeSiGeSi
   -24402.2695312500 GeGeGeSiSiGeGeGeGeSiGeSiGeSiGeSiSiSiSiSiSiSiSiGeGeSiGeSiSiSiSiGeGeSiSiSiSiSiSiSiSiSiSiSiSiSiSiSiGeGeGeSiSiGeGeGeGeSiGeSi
   -24402.2695312500 GeGeGeSiSiGeGeGeGeSiGeSiGeSiGeSiSiSiSiSiSiSiSiGeGeSiGeSiSiSiSiGeGeSiSiSiSiSiSiSiSiSiSiSiSiSiSiSiGeGeGeSiSiGeGeGeGeSiGeSi
   -24402.2695312500 GeGeGeSiSiGeGeGeGeSiGeSiGeSiGeSiSiSiSiSiSiSiSiGeGeSiGeSiSiSiSiGeGeSiSiSiSiSiSiSiSiSiSiSiSiSiSiSiGeGeGeSiSiGeGeGeGeSiGeSi
   -24402.2695312500 GeGeGeSiSiGeGeGeGeSiGeSiGeSiGeSiSiSiSiSiSiSiSiGeGeSiGeSiSiSiSiGeGeSiSiSiSiSiSiSiSiSiSiSiSiSiSiSiGeGeGeSiSiGeGeGeGeSiGeSi
   -24402.2695312500 GeGeGeSiSiGeGeGeGeSiGeSiGeSiGeSiSiSiSiSiSiSiSiGeGeSiGeSiSiSiSiGeGeSiSiSiSiSiSiSiSiSiSiSiSiSiSiSiGeGeGeSiSiGeGeGeGeSiGeSi
   -24402.2695312500 GeGeGeSiSiGeGeGeGeSiGeSiGeSiGeSiSiSiSiSiSiSiSiGeGeSiGeSiSiSiSiGeGeSiSiSiSiSiSiSiSiSiSiSiSiSiSiSiGeGeGeSiSiGeGeGeGeSiGeSi
   -24402.2695312500 GeGeGeSiSiGeGeGeGeSiGeSiGeSiGeSiSiSiSiSiSiSiSiGeGeSiGeSiSiSiSiGeGeSiSiSiSiSiSiSiSiSiSiSiSiSiSiSiGeGeGeSiSiGeGeGeGeSiGeSi
   -24402.2695312500 GeGeGeSiSiGeGeGeGeSiGeSiGeSiGeSiSiSiSiSiSiSiSiGeGeSiGeSiSiSiSiGeGeSiSiSiSiSiSiSiSiSiSiSiSiSiSiSiGeGeGeSiSiGeGeGeGeSiGeSi
   -24402.2695312500 GeGeGeSiSiGeGeGeGeSiGeSiGeSiGeSiSiSiSiSiSiSiSiGeGeSiGeSiSiSiSiGeGeSiSiSiSiSiSiSiSiSiSiSiSiSiSiSiGeGeGeSiSiGeGeGeGeSiGeSi
   -24402.2695312500 GeGeGeSiSiGeGeGeGeSiGeSiGeSiGeSiSiSiSiSiSiSiSiGeGeSiGeSiSiSiSiGeGeSiSiSiSiSiSiSiSiSiSiSiSiSiSiSiGeGeGeSiSiGeGeGeGeSiGeSi
   -24402.2695312500 GeGeGeSiSiGeGeGeGeSiGeSiGeSiGeSiSiSiSiSiSiSiSiGeGeSiGeSiSiSiSiGeGeSiSiSiSiSiSiSiSiSiSiSiSiSiSiSiGeGeGeSiSiGeGeGeGeSiGeSi
   -24402.2695312500 GeGeGeSiSiGeGeGeGeSiGeSiGeSiGeSiSiSiSiSiSiSiSiGeGeSiGeSiSiSiSiGeGeSiSiSiSiSiSiSiSiSiSiSiSiSiSiSiGeGeGeSiSiGeGeGeGeSiGeSi
   -24402.2695312500 GeGeGeSiSiGeGeGeGeSiGeSiGeSiGeSiSiSiSiSiSiSiSiGeGeSiGeSiSiSiSiGeGeSiSiSiSiSiSiSiSiSiSiSiSiSiSiSiGeGeGeSiSiGeGeGeGeSiGeSi
   -24402.2695312500 GeGeGeSiSiGeGeGeGeSiGeSiGeSiGeSiSiSiSiSiSiSiSiGeGeSiGeSiSiSiSiGeGeSiSiSiSiSiSiSiSiSiSiSiSiSiSiSiGeGeGeSiSiGeGeGeGeSiGeSi
   -24402.2695312500 GeGeGeSiSiGeGeGeGeSiGeSiGeSiGeSiSiSiSiSiSiSiSiGeGeSiGeSiSiSiSiGeGeSiSiSiSiSiSiSiSiSiSiSiSiSiSiSiGeGeGeSiSiGeGeGeGeSiGeSi
   -24402.2695312500 GeGeGeSiSiGeGeGeGeSiGeSiGeSiGeSiSiSiSiSiSiSiSiGeGeSiGeSiSiSiSiGeGeSiSiSiSiSiSiSiSiSiSiSiSiSiSiSiGeGeGeSiSiGeGeGeGeSiGeSi
   -24402.2695312500 GeGeGeSiSiGeGeGeGeSiGeSiGeSiGeSiSiSiSiSiSiSiSiGeGeSiGeSiSiSiSiGeGeSiSiSiSiSiSiSiSiSiSiSiSiSiSiSiGeGeGeSiSiGeGeGeGeSiGeSi
   -24402.2695312500 GeGeGeSiSiGeGeGeGeSiGeSiGeSiGeSiSiSiSiSiSiSiSiGeGeSiGeSiSiSiSiGeGeSiSiSiSiSiSiSiSiSiSiSiSiSiSiSiGeGeGeSiSiGeGeGeGeSiGeSi
   -24402.2695312500 GeGeGeSiSiGeGeGeGeSiGeSiGeSiGeSiSiSiSiSiSiSiSiGeGeSiGeSiSiSiSiGeGeSiSiSiSiSiSiSiSiSiSiSiSiSiSiSiGeGeGeSiSiGeGeGeGeSiGeSi
   -24402.2695312500 GeGeGeSiSiGeGeGeGeSiGeSiGeSiGeSiSiSiSiSiSiSiSiGeGeSiGeSiSiSiSiGeGeSiSiSiSiSiSiSiSiSiSiSiSiSiSiSiGeGeGeSiSiGeGeGeGeSiGeSi
   -24402.2695312500 GeGeGeSiSiGeGeGeGeSiGeSiGeSiGeSiSiSiSiSiSiSiSiGeGeSiGeSiSiSiSiGeGeSiSiSiSiSiSiSiSiSiSiSiSiSiSiSiGeGeGeSiSiGeGeGeGeSiGeSi
   -24402.2695312500 GeGeGeSiSiGeGeGeGeSiGeSiGeSiGeSiSiSiSiSiSiSiSiGeGeSiGeSiSiSiSiGeGeSiSiSiSiSiSiSiSiSiSiSiSiSiSiSiGeGeGeSiSiGeGeGeGeSiGeSi
   -24402.2695312500 GeGeGeSiSiGeGeGeGeSiGeSiGeSiGeSiSiSiSiSiSiSiSiGeGeSiGeSiSiSiSiGeGeSiSiSiSiSiSiSiSiSiSiSiSiSiSiSiGeGeGeSiSiGeGeGeGeSiGeSi
   -24402.2695312500 GeGeGeSiSiGeGeGeGeSiGeSiGeSiGeSiSiSiSiSiSiSiSiGeGeSiGeSiSiSiSiGeGeSiSiSiSiSiSiSiSiSiSiSiSiSiSiSiGeGeGeSiSiGeGeGeGeSiGeSi
   -24402.2695312500 GeGeGeSiSiGeGeGeGeSiGeSiGeSiGeSiSiSiSiSiSiSiSiGeGeSiGeSiSiSiSiGeGeSiSiSiSiSiSiSiSiSiSiSiSiSiSiSiGeGeGeSiSiGeGeGeGeSiGeSi
   -24402.2695312500 GeGeGeSiSiGeGeGeGeSiGeSiGeSiGeSiSiSiSiSiSiSiSiGeGeSiGeSiSiSiSiGeGeSiSiSiSiSiSiSiSiSiSiSiSiSiSiSiGeGeGeSiSiGeGeGeGeSiGeSi
   -24402.2695312500 GeGeGeSiSiGeGeGeGeSiGeSiGeSiGeSiSiSiSiSiSiSiSiGeGeSiGeSiSiSiSiGeGeSiSiSiSiSiSiSiSiSiSiSiSiSiSiSiGeGeGeSiSiGeGeGeGeSiGeSi
   -24402.2695312500 GeGeGeSiSiGeGeGeGeSiGeSiGeSiGeSiSiSiSiSiSiSiSiGeGeSiGeSiSiSiSiGeGeSiSiSiSiSiSiSiSiSiSiSiSiSiSiSiGeGeGeSiSiGeGeGeGeSiGeSi
   -24402.2695312500 GeGeGeSiSiGeGeGeGeSiGeSiGeSiGeSiSiSiSiSiSiSiSiGeGeSiGeSiSiSiSiGeGeSiSiSiSiSiSiSiSiSiSiSiSiSiSiSiGeGeGeSiSiGeGeGeGeSiGeSi
   -24402.2695312500 GeGeGeSiSiGeGeGeGeSiGeSiGeSiGeSiSiSiSiSiSiSiSiGeGeSiGeSiSiSiSiGeGeSiSiSiSiSiSiSiSiSiSiSiSiSiSiSiGeGeGeSiSiGeGeGeGeSiGeSi
   -24402.2695312500 GeGeGeSiSiGeGeGeGeSiGeSiGeSiGeSiSiSiSiSiSiSiSiGeGeSiGeSiSiSiSiGeGeSiSiSiSiSiSiSiSiSiSiSiSiSiSiSiGeGeGeSiSiGeGeGeGeSiGeSi
   -24402.2695312500 GeGeGeSiSiGeGeGeGeSiGeSiGeSiGeSiSiSiSiSiSiSiSiGeGeSiGeSiSiSiSiGeGeSiSiSiSiSiSiSiSiSiSiSiSiSiSiSiGeGeGeSiSiGeGeGeGeSiGeSi
   -24402.2695312500 GeGeGeSiSiGeGeGeGeSiGeSiGeSiGeSiSiSiSiSiSiSiSiGeGeSiGeSiSiSiSiGeGeSiSiSiSiSiSiSiSiSiSiSiSiSiSiSiGeGeGeSiSiGeGeGeGeSiGeSi
   -24402.2695312500 GeGeGeSiSiGeGeGeGeSiGeSiGeSiGeSiSiSiSiSiSiSiSiGeGeSiGeSiSiSiSiGeGeSiSiSiSiSiSiSiSiSiSiSiSiSiSiSiGeGeGeSiSiGeGeGeGeSiGeSi
   -24402.2695312500 GeGeGeSiSiGeGeGeGeSiGeSiGeSiGeSiSiSiSiSiSiSiSiGeGeSiGeSiSiSiSiGeGeSiSiSiSiSiSiSiSiSiSiSiSiSiSiSiGeGeGeSiSiGeGeGeGeSiGeSi
   -24402.2695312500 GeGeGeSiSiGeGeGeGeSiGeSiGeSiGeSiSiSiSiSiSiSiSiGeGeSiGeSiSiSiSiGeGeSiSiSiSiSiSiSiSiSiSiSiSiSiSiSiGeGeGeSiSiGeGeGeGeSiGeSi
   -24402.2695312500 GeGeGeSiSiGeGeGeGeSiGeSiGeSiGeSiSiSiSiSiSiSiSiGeGeSiGeSiSiSiSiGeGeSiSiSiSiSiSiSiSiSiSiSiSiSiSiSiGeGeGeSiSiGeGeGeGeSiGeSi
   -24402.2695312500 GeGeGeSiSiGeGeGeGeSiGeSiGeSiGeSiSiSiSiSiSiSiSiGeGeSiGeSiSiSiSiGeGeSiSiSiSiSiSiSiSiSiSiSiSiSiSiSiGeGeGeSiSiGeGeGeGeSiGeSi
   -24402.2695312500 GeGeGeSiSiGeGeGeGeSiGeSiGeSiGeSiSiSiSiSiSiSiSiGeGeSiGeSiSiSiSiGeGeSiSiSiSiSiSiSiSiSiSiSiSiSiSiSiGeGeGeSiSiGeGeGeGeSiGeSi
   -24402.2695312500 GeGeGeSiSiGeGeGeGeSiGeSiGeSiGeSiSiSiSiSiSiSiSiGeGeSiGeSiSiSiSiGeGeSiSiSiSiSiSiSiSiSiSiSiSiSiSiSiGeGeGeSiSiGeGeGeGeSiGeSi
   -24402.2695312500 GeGeGeSiSiGeGeGeGeSiGeSiGeSiGeSiSiSiSiSiSiSiSiGeGeSiGeSiSiSiSiGeGeSiSiSiSiSiSiSiSiSiSiSiSiSiSiSiGeGeGeSiSiGeGeGeGeSiGeSi
   -24402.2695312500 GeGeGeSiSiGeGeGeGeSiGeSiGeSiGeSiSiSiSiSiSiSiSiGeGeSiGeSiSiSiSiGeGeSiSiSiSiSiSiSiSiSiSiSiSiSiSiSiGeGeGeSiSiGeGeGeGeSiGeSi
   -24402.2695312500 GeGeGeSiSiGeGeGeGeSiGeSiGeSiGeSiSiSiSiSiSiSiSiGeGeSiGeSiSiSiSiGeGeSiSiSiSiSiSiSiSiSiSiSiSiSiSiSiGeGeGeSiSiGeGeGeGeSiGeSi
   -24402.2695312500 GeGeGeSiSiGeGeGeGeSiGeSiGeSiGeSiSiSiSiSiSiSiSiGeGeSiGeSiSiSiSiGeGeSiSiSiSiSiSiSiSiSiSiSiSiSiSiSiGeGeGeSiSiGeGeGeGeSiGeSi
   -24402.2695312500 GeGeGeSiSiGeGeGeGeSiGeSiGeSiGeSiSiSiSiSiSiSiSiGeGeSiGeSiSiSiSiGeGeSiSiSiSiSiSiSiSiSiSiSiSiSiSiSiGeGeGeSiSiGeGeGeGeSiGeSi
   -24402.2695312500 GeGeGeSiSiGeGeGeGeSiGeSiGeSiGeSiSiSiSiSiSiSiSiGeGeSiGeSiSiSiSiGeGeSiSiSiSiSiSiSiSiSiSiSiSiSiSiSiGeGeGeSiSiGeGeGeGeSiGeSi
   -24402.2695312500 GeGeGeSiSiGeGeGeGeSiGeSiGeSiGeSiSiSiSiSiSiSiSiGeGeSiGeSiSiSiSiGeGeSiSiSiSiSiSiSiSiSiSiSiSiSiSiSiGeGeGeSiSiGeGeGeGeSiGeSi
   -24402.2695312500 GeGeGeSiSiGeGeGeGeSiGeSiGeSiGeSiSiSiSiSiSiSiSiGeGeSiGeSiSiSiSiGeGeSiSiSiSiSiSiSiSiSiSiSiSiSiSiSiGeGeGeSiSiGeGeGeGeSiGeSi
   -24402.2695312500 GeGeGeSiSiGeGeGeGeSiGeSiGeSiGeSiSiSiSiSiSiSiSiGeGeSiGeSiSiSiSiGeGeSiSiSiSiSiSiSiSiSiSiSiSiSiSiSiGeGeGeSiSiGeGeGeGeSiGeSi
   -24402.2695312500 GeGeGeSiSiGeGeGeGeSiGeSiGeSiGeSiSiSiSiSiSiSiSiGeGeSiGeSiSiSiSiGeGeSiSiSiSiSiSiSiSiSiSiSiSiSiSiSiGeGeGeSiSiGeGeGeGeSiGeSi
   -24402.2695312500 GeGeGeSiSiGeGeGeGeSiGeSiGeSiGeSiSiSiSiSiSiSiSiGeGeSiGeSiSiSiSiGeGeSiSiSiSiSiSiSiSiSiSiSiSiSiSiSiGeGeGeSiSiGeGeGeGeSiGeSi
   -24402.2695312500 GeGeGeSiSiGeGeGeGeSiGeSiGeSiGeSiSiSiSiSiSiSiSiGeGeSiGeSiSiSiSiGeGeSiSiSiSiSiSiSiSiSiSiSiSiSiSiSiGeGeGeSiSiGeGeGeGeSiGeSi
   -24402.2695312500 GeGeGeSiSiGeGeGeGeSiGeSiGeSiGeSiSiSiSiSiSiSiSiGeGeSiGeSiSiSiSiGeGeSiSiSiSiSiSiSiSiSiSiSiSiSiSiSiGeGeGeSiSiGeGeGeGeSiGeSi
   -24402.2695312500 GeGeGeSiSiGeGeGeGeSiGeSiGeSiGeSiSiSiSiSiSiSiSiGeGeSiGeSiSiSiSiGeGeSiSiSiSiSiSiSiSiSiSiSiSiSiSiSiGeGeGeSiSiGeGeGeGeSiGeSi
   -24402.2695312500 GeGeGeSiSiGeGeGeGeSiGeSiGeSiGeSiSiSiSiSiSiSiSiGeGeSiGeSiSiSiSiGeGeSiSiSiSiSiSiSiSiSiSiSiSiSiSiSiGeGeGeSiSiGeGeGeGeSiGeSi
   -24402.2695312500 GeGeGeSiSiGeGeGeGeSiGeSiGeSiGeSiSiSiSiSiSiSiSiGeGeSiGeSiSiSiSiGeGeSiSiSiSiSiSiSiSiSiSiSiSiSiSiSiGeGeGeSiSiGeGeGeGeSiGeSi
   -24402.2695312500 GeGeGeSiSiGeGeGeGeSiGeSiGeSiGeSiSiSiSiSiSiSiSiGeGeSiGeSiSiSiSiGeGeSiSiSiSiSiSiSiSiSiSiSiSiSiSiSiGeGeGeSiSiGeGeGeGeSiGeSi
   -24402.2695312500 GeGeGeSiSiGeGeGeGeSiGeSiGeSiGeSiSiSiSiSiSiSiSiGeGeSiGeSiSiSiSiGeGeSiSiSiSiSiSiSiSiSiSiSiSiSiSiSiGeGeGeSiSiGeGeGeGeSiGeSi
   -24402.2695312500 GeGeGeSiSiGeGeGeGeSiGeSiGeSiGeSiSiSiSiSiSiSiSiGeGeSiGeSiSiSiSiGeGeSiSiSiSiSiSiSiSiSiSiSiSiSiSiSiGeGeGeSiSiGeGeGeGeSiGeSi
   -24402.2695312500 GeGeGeSiSiGeGeGeGeSiGeSiGeSiGeSiSiSiSiSiSiSiSiGeGeSiGeSiSiSiSiGeGeSiSiSiSiSiSiSiSiSiSiSiSiSiSiSiGeGeGeSiSiGeGeGeGeSiGeSi
   -24402.2695312500 GeGeGeSiSiGeGeGeGeSiGeSiGeSiGeSiSiSiSiSiSiSiSiGeGeSiGeSiSiSiSiGeGeSiSiSiSiSiSiSiSiSiSiSiSiSiSiSiGeGeGeSiSiGeGeGeGeSiGeSi
   -24402.2695312500 GeGeGeSiSiGeGeGeGeSiGeSiGeSiGeSiSiSiSiSiSiSiSiGeGeSiGeSiSiSiSiGeGeSiSiSiSiSiSiSiSiSiSiSiSiSiSiSiGeGeGeSiSiGeGeGeGeSiGeSi
filename: c000001451446093.gin     
Cell:
    11.9020996    11.9020996    29.6919994    90.0000000    90.0000000   120.0000000
Box:
    11.9020996    -5.9510503     0.0000000
     0.0000000    10.3075209     0.0000000
     0.0000000     0.0000000    29.6919994
----------------------------------------
Inverse Box:
     0.0840188     0.0485083     0.0000000
     0.0000000     0.0970165     0.0000000
     0.0000000     0.0000000     0.0336791
----------------------------------------
==============================================
geometrical properties of  23 Ge:
 Configuration:           0
 D_ave:   9.31319046       3.48408699    
 D_min:   3.46476603      0.552662790    
 energia:  -24402.2695    
