Random Seed:  1439021941
Number of atoms:    60
Space Group:    1
Cell:
    11.9020996    11.9020996    29.6919994    90.0000000    90.0000000   120.0000000
Box:
    11.9020996    -5.9510503     0.0000000
     0.0000000    10.3075209     0.0000000
     0.0000000     0.0000000    29.6919994
----------------------------------------
Inverse Box:
     0.0840188     0.0485083     0.0000000
     0.0000000     0.0970165     0.0000000
     0.0000000     0.0000000     0.0336791
----------------------------------------
GeSiSiSiSiSiSiSiSiSiSiSiSiSiSiSiSiSiSiSiSiSiSiSiSiSiSiSiSiSiSiSiSiSiSiSiSiSiSiSiSiSiSiSiSiSiGeSiSiSiSiSiSiSiSiSiSiSiSiSi
           1 Ge    -7733.52734    
GeGeSiSiSiSiSiSiSiSiSiSiSiSiSiSiSiSiSiSiSiSiSiSiSiSiSiSiSiSiSiSiSiSiSiSiSiSiSiSiSiSiSiSiSiSiGeSiSiSiSiSiSiSiSiSiSiSiSiSi
           2 Ge    -7727.46436    
GeGeSiGeSiSiSiSiSiSiSiSiSiSiSiSiSiSiSiSiSiSiSiSiSiSiSiSiSiSiSiSiSiSiSiSiSiSiSiSiSiSiSiSiSiSiGeSiSiSiSiSiSiSiSiSiSiSiSiSi
           4 Ge    -7731.80469    
GeGeSiGeGeSiSiSiSiSiSiSiSiSiSiSiSiSiSiSiSiSiSiSiSiSiSiSiSiSiSiSiSiSiSiSiSiSiSiSiSiSiSiSiSiSiGeSiSiSiSiSiSiSiSiSiSiSiSiSi
           5 Ge    -7749.84375    
GeGeSiGeGeGeSiSiSiSiSiSiSiSiSiSiSiSiSiSiSiSiSiSiSiSiSiSiSiSiSiSiSiSiSiSiSiSiSiSiSiSiSiSiSiSiGeSiSiSiSiSiSiSiSiSiSiSiSiSi
           6 Ge    -7787.43311    
GeGeSiGeGeGeSiGeSiSiSiSiSiSiSiSiSiSiSiSiSiSiSiSiSiSiSiSiSiSiSiSiSiSiSiSiSiSiSiSiSiSiSiSiSiSiGeSiSiSiSiSiSiSiSiSiSiSiSiSi
           8 Ge    -7899.45068    
GeGeSiGeGeGeSiGeSiSiSiGeSiSiSiSiSiSiSiSiSiSiSiSiSiSiSiSiSiSiSiSiSiSiSiSiSiSiSiSiSiSiSiSiSiSiGeSiSiSiSiSiSiSiSiSiSiSiSiSi
          12 Ge    -8076.25586    
GeGeSiGeGeGeSiGeSiSiSiGeSiSiSiGeSiSiSiSiSiSiSiSiSiSiSiSiSiSiSiSiSiSiSiSiSiSiSiSiSiSiSiSiSiSiGeSiSiSiSiSiSiSiSiSiSiSiSiSi
          16 Ge    -8299.16211    
GeGeSiGeGeGeSiGeSiSiSiGeSiSiSiGeSiSiGeSiSiSiSiSiSiSiSiSiSiSiSiSiSiSiSiSiSiSiSiSiSiSiSiSiSiSiGeSiSiSiSiSiSiSiSiSiSiSiSiSi
          19 Ge    -8140.83154    
GeGeSiGeGeGeSiGeSiSiSiGeSiSiSiGeSiSiGeSiSiSiGeSiSiSiSiSiSiSiSiSiSiSiSiSiSiSiSiSiSiSiSiSiSiSiGeSiSiSiSiSiSiSiSiSiSiSiSiSi
          23 Ge    -7986.05371    
GeGeSiGeGeGeSiGeSiSiSiGeSiSiSiGeSiSiGeSiSiSiGeSiSiGeSiSiSiSiSiSiSiSiSiSiSiSiSiSiSiSiSiSiSiSiGeSiSiSiSiSiSiSiSiSiSiSiSiSi
          26 Ge    -8334.22070    
GeGeSiGeGeGeSiGeSiSiSiGeSiSiSiGeSiSiGeSiSiSiGeSiSiGeGeSiSiSiSiSiSiSiSiSiSiSiSiSiSiSiSiSiSiSiGeSiSiSiSiSiSiSiSiSiSiSiSiSi
          27 Ge    -7882.94531    
GeGeSiGeGeGeSiGeSiSiSiGeSiSiSiGeSiSiGeSiSiSiGeSiSiGeGeSiSiGeSiSiSiSiSiSiSiSiSiSiSiSiSiSiSiSiGeSiSiSiSiSiSiSiSiSiSiSiSiSi
          30 Ge    -7867.64648    
GeGeSiGeGeGeSiGeSiSiSiGeSiSiSiGeSiSiGeSiSiSiGeSiSiGeGeSiSiGeSiSiGeSiSiSiSiSiSiSiSiSiSiSiSiSiGeSiSiSiSiSiSiSiSiSiSiSiSiSi
          33 Ge    -8369.18750    
GeGeSiGeGeGeSiGeSiSiSiGeSiSiSiGeSiSiGeSiSiSiGeSiSiGeGeSiSiGeSiSiGeSiSiGeSiSiSiSiSiSiSiSiSiSiGeSiSiSiSiSiSiSiSiSiSiSiSiSi
          36 Ge    -8796.23047    
GeGeSiGeGeGeSiGeSiSiSiGeSiSiSiGeSiSiGeSiSiSiGeSiSiGeGeSiSiGeSiSiGeSiSiGeSiSiGeSiSiSiSiSiSiSiGeSiSiSiSiSiSiSiSiSiSiSiSiSi
          39 Ge    -8639.69141    
GeGeSiGeGeGeSiGeSiSiSiGeSiSiSiGeSiSiGeSiSiSiGeSiSiGeGeSiSiGeSiSiGeSiSiGeSiSiGeSiSiSiSiSiGeSiGeSiSiSiSiSiSiSiSiSiSiSiSiSi
          45 Ge    -9277.40527    
GeGeSiGeGeGeSiGeSiSiSiGeSiSiSiGeSiSiGeSiSiSiGeSiSiGeGeSiSiGeSiSiGeSiSiGeSiSiGeSiSiSiSiSiGeGeGeSiSiSiSiSiSiSiSiSiSiSiSiSi
          46 Ge    -9577.34375    
GeGeSiGeGeGeSiGeSiSiSiGeSiSiSiGeSiSiGeSiSiSiGeSiSiGeGeSiSiGeSiSiGeSiSiGeSiSiGeSiSiSiSiSiGeGeGeSiSiSiSiSiSiSiSiSiGeSiSiSi
          57 Ge    -9800.50977    
GeGeSiGeGeGeSiGeSiSiSiGeSiSiSiGeSiSiGeSiSiSiGeSiSiGeGeSiSiGeSiSiGeSiSiGeSiSiGeSiSiSiSiSiGeGeGeSiSiSiSiSiSiSiSiSiGeGeSiSi
          58 Ge    -9008.81445    
GeGeSiGeGeGeSiGeSiGeSiGeSiSiSiGeSiSiGeSiSiSiGeSiSiGeGeSiSiGeSiSiGeSiSiGeSiSiGeSiSiSiSiSiGeGeGeSiSiSiSiSiSiSiSiSiGeGeSiSi
          10 Ge    -8826.25000    
GeGeSiGeGeGeSiGeSiGeSiGeGeSiSiGeSiSiGeSiSiSiGeSiSiGeGeSiSiGeSiSiGeSiSiGeSiSiGeSiSiSiSiSiGeGeGeSiSiSiSiSiSiSiSiSiGeGeSiSi
          13 Ge    -7471.37598    
GeGeSiGeGeGeSiGeSiGeSiGeGeGeSiGeSiSiGeSiSiSiGeSiSiGeGeSiSiGeSiSiGeSiSiGeSiSiGeSiSiSiSiSiGeGeGeSiSiSiSiSiSiSiSiSiGeGeSiSi
          14 Ge    -7687.47363    
==============================================
MonteCarlo: Metropolis with identity changes
Si > Ge, Ge > Si. STOP when occurrence <    0.00000
==============================================
Cost_function     Occurrence %     Scan-Cost
   -15227.1328125000 GeSiSiGeGeGeSiGeSiGeGeSiGeGeSiGeGeSiGeSiSiSiSiSiSiSiSiSiSiSiGeSiSiSiGeSiSiGeSiSiSiGeGeSiGeSiSiGeSiGeSiSiGeGeSiSiGeGeSiSi
   -17322.8671875000 GeSiSiSiGeSiSiSiGeGeGeSiGeGeSiGeSiGeSiGeSiSiSiSiGeSiSiSiGeSiGeSiSiSiSiSiSiGeGeGeSiGeGeSiGeSiSiSiSiSiSiSiSiGeSiGeGeGeSiGe
   -17503.6171875000 GeSiSiGeSiSiSiGeSiGeGeSiGeGeSiSiGeSiSiGeSiSiGeSiGeSiSiSiGeSiGeSiGeSiGeSiSiGeSiSiSiGeSiSiSiSiSiSiGeGeSiGeSiGeSiGeGeSiSiGe
   -17503.6171875000 GeSiSiGeSiSiSiGeSiGeGeSiGeGeSiSiGeSiSiGeSiSiGeSiGeSiSiSiGeSiGeSiGeSiGeSiSiGeSiSiSiGeSiSiSiSiSiSiGeGeSiGeSiGeSiGeGeSiSiGe
   -19281.2812500000 GeSiSiGeSiGeSiGeSiGeSiSiGeGeSiSiGeSiGeGeGeSiGeSiSiSiSiSiSiSiGeSiSiSiGeSiSiSiSiGeSiGeSiSiSiGeSiSiGeGeSiGeSiGeSiGeGeSiSiGe
   -21788.2617187500 SiSiSiGeSiGeSiGeSiGeSiGeGeGeSiSiGeSiGeGeGeSiGeSiSiSiSiSiSiSiGeSiSiSiSiSiSiSiSiGeSiGeSiSiSiGeSiSiGeGeGeGeSiSiGeGeGeSiSiGe
   -21788.2617187500 SiSiSiGeSiGeSiGeSiGeSiGeGeGeSiSiGeSiGeGeGeSiGeSiSiSiSiSiSiSiGeSiSiSiSiSiSiSiSiGeSiGeSiSiSiGeSiSiGeGeGeGeSiSiGeGeGeSiSiGe
   -21788.2617187500 SiSiSiGeSiGeSiGeSiGeSiGeGeGeSiSiGeSiGeGeGeSiGeSiSiSiSiSiSiSiGeSiSiSiSiSiSiSiSiGeSiGeSiSiSiGeSiSiGeGeGeGeSiSiGeGeGeSiSiGe
   -21788.2617187500 SiSiSiGeSiGeSiGeSiGeSiGeGeGeSiSiGeSiGeGeGeSiGeSiSiSiSiSiSiSiGeSiSiSiSiSiSiSiSiGeSiGeSiSiSiGeSiSiGeGeGeGeSiSiGeGeGeSiSiGe
   -21788.2617187500 SiSiSiGeSiGeSiGeSiGeSiGeGeGeSiSiGeSiGeGeGeSiGeSiSiSiSiSiSiSiGeSiSiSiSiSiSiSiSiGeSiGeSiSiSiGeSiSiGeGeGeGeSiSiGeGeGeSiSiGe
   -21788.2617187500 SiSiSiGeSiGeSiGeSiGeSiGeGeGeSiSiGeSiGeGeGeSiGeSiSiSiSiSiSiSiGeSiSiSiSiSiSiSiSiGeSiGeSiSiSiGeSiSiGeGeGeGeSiSiGeGeGeSiSiGe
   -21788.2617187500 SiSiSiGeSiGeSiGeSiGeSiGeGeGeSiSiGeSiGeGeGeSiGeSiSiSiSiSiSiSiGeSiSiSiSiSiSiSiSiGeSiGeSiSiSiGeSiSiGeGeGeGeSiSiGeGeGeSiSiGe
   -21788.2617187500 SiSiSiGeSiGeSiGeSiGeSiGeGeGeSiSiGeSiGeGeGeSiGeSiSiSiSiSiSiSiGeSiSiSiSiSiSiSiSiGeSiGeSiSiSiGeSiSiGeGeGeGeSiSiGeGeGeSiSiGe
   -23137.5078125000 SiSiGeGeSiGeSiGeSiGeSiGeGeGeSiSiSiSiGeGeGeSiGeSiSiSiSiSiSiSiGeSiSiSiSiSiSiSiSiGeSiGeSiSiSiGeSiSiGeGeGeGeSiSiGeGeGeSiSiGe
   -23137.5078125000 SiSiGeGeSiGeSiGeSiGeSiGeGeGeSiSiSiSiGeGeGeSiGeSiSiSiSiSiSiSiGeSiSiSiSiSiSiSiSiGeSiGeSiSiSiGeSiSiGeGeGeGeSiSiGeGeGeSiSiGe
   -23137.5078125000 SiSiGeGeSiGeSiGeSiGeSiGeGeGeSiSiSiSiGeGeGeSiGeSiSiSiSiSiSiSiGeSiSiSiSiSiSiSiSiGeSiGeSiSiSiGeSiSiGeGeGeGeSiSiGeGeGeSiSiGe
   -23137.5078125000 SiSiGeGeSiGeSiGeSiGeSiGeGeGeSiSiSiSiGeGeGeSiGeSiSiSiSiSiSiSiGeSiSiSiSiSiSiSiSiGeSiGeSiSiSiGeSiSiGeGeGeGeSiSiGeGeGeSiSiGe
   -23137.5078125000 SiSiGeGeSiGeSiGeSiGeSiGeGeGeSiSiSiSiGeGeGeSiGeSiSiSiSiSiSiSiGeSiSiSiSiSiSiSiSiGeSiGeSiSiSiGeSiSiGeGeGeGeSiSiGeGeGeSiSiGe
   -23229.8867187500 SiSiGeGeSiGeSiGeSiGeSiGeGeGeSiSiGeSiGeGeGeSiGeSiSiSiSiSiSiSiGeSiSiSiSiSiSiSiSiGeSiGeSiSiSiGeSiSiGeGeGeSiSiSiGeGeGeSiSiGe
   -23229.8867187500 SiSiGeGeSiGeSiGeSiGeSiGeGeGeSiSiGeSiGeGeGeSiGeSiSiSiSiSiSiSiGeSiSiSiSiSiSiSiSiGeSiGeSiSiSiGeSiSiGeGeGeSiSiSiGeGeGeSiSiGe
   -23229.8867187500 SiSiGeGeSiGeSiGeSiGeSiGeGeGeSiSiGeSiGeGeGeSiGeSiSiSiSiSiSiSiGeSiSiSiSiSiSiSiSiGeSiGeSiSiSiGeSiSiGeGeGeSiSiSiGeGeGeSiSiGe
   -23229.8867187500 SiSiGeGeSiGeSiGeSiGeSiGeGeGeSiSiGeSiGeGeGeSiGeSiSiSiSiSiSiSiGeSiSiSiSiSiSiSiSiGeSiGeSiSiSiGeSiSiGeGeGeSiSiSiGeGeGeSiSiGe
   -23229.8867187500 SiSiGeGeSiGeSiGeSiGeSiGeGeGeSiSiGeSiGeGeGeSiGeSiSiSiSiSiSiSiGeSiSiSiSiSiSiSiSiGeSiGeSiSiSiGeSiSiGeGeGeSiSiSiGeGeGeSiSiGe
   -23229.8867187500 SiSiGeGeSiGeSiGeSiGeSiGeGeGeSiSiGeSiGeGeGeSiGeSiSiSiSiSiSiSiGeSiSiSiSiSiSiSiSiGeSiGeSiSiSiGeSiSiGeGeGeSiSiSiGeGeGeSiSiGe
   -23229.8867187500 SiSiGeGeSiGeSiGeSiGeSiGeGeGeSiSiGeSiGeGeGeSiGeSiSiSiSiSiSiSiGeSiSiSiSiSiSiSiSiGeSiGeSiSiSiGeSiSiGeGeGeSiSiSiGeGeGeSiSiGe
   -23229.8867187500 SiSiGeGeSiGeSiGeSiGeSiGeGeGeSiSiGeSiGeGeGeSiGeSiSiSiSiSiSiSiGeSiSiSiSiSiSiSiSiGeSiGeSiSiSiGeSiSiGeGeGeSiSiSiGeGeGeSiSiGe
   -23229.8867187500 SiSiGeGeSiGeSiGeSiGeSiGeGeGeSiSiGeSiGeGeGeSiGeSiSiSiSiSiSiSiGeSiSiSiSiSiSiSiSiGeSiGeSiSiSiGeSiSiGeGeGeSiSiSiGeGeGeSiSiGe
   -23229.8867187500 SiSiGeGeSiGeSiGeSiGeSiGeGeGeSiSiGeSiGeGeGeSiGeSiSiSiSiSiSiSiGeSiSiSiSiSiSiSiSiGeSiGeSiSiSiGeSiSiGeGeGeSiSiSiGeGeGeSiSiGe
   -23229.8867187500 SiSiGeGeSiGeSiGeSiGeSiGeGeGeSiSiGeSiGeGeGeSiGeSiSiSiSiSiSiSiGeSiSiSiSiSiSiSiSiGeSiGeSiSiSiGeSiSiGeGeGeSiSiSiGeGeGeSiSiGe
   -23229.8867187500 SiSiGeGeSiGeSiGeSiGeSiGeGeGeSiSiGeSiGeGeGeSiGeSiSiSiSiSiSiSiGeSiSiSiSiSiSiSiSiGeSiGeSiSiSiGeSiSiGeGeGeSiSiSiGeGeGeSiSiGe
   -23229.8867187500 SiSiGeGeSiGeSiGeSiGeSiGeGeGeSiSiGeSiGeGeGeSiGeSiSiSiSiSiSiSiGeSiSiSiSiSiSiSiSiGeSiGeSiSiSiGeSiSiGeGeGeSiSiSiGeGeGeSiSiGe
   -23229.8867187500 SiSiGeGeSiGeSiGeSiGeSiGeGeGeSiSiGeSiGeGeGeSiGeSiSiSiSiSiSiSiGeSiSiSiSiSiSiSiSiGeSiGeSiSiSiGeSiSiGeGeGeSiSiSiGeGeGeSiSiGe
   -23229.8867187500 SiSiGeGeSiGeSiGeSiGeSiGeGeGeSiSiGeSiGeGeGeSiGeSiSiSiSiSiSiSiGeSiSiSiSiSiSiSiSiGeSiGeSiSiSiGeSiSiGeGeGeSiSiSiGeGeGeSiSiGe
   -23832.4140625000 SiGeGeGeSiGeSiGeSiGeSiGeGeGeSiSiGeSiGeGeGeSiGeSiSiSiSiSiSiSiGeSiSiSiSiSiSiSiSiGeSiGeSiSiSiGeSiSiGeGeGeSiSiSiGeGeGeSiSiSi
   -23832.4140625000 SiGeGeGeSiGeSiGeSiGeSiGeGeGeSiSiGeSiGeGeGeSiGeSiSiSiSiSiSiSiGeSiSiSiSiSiSiSiSiGeSiGeSiSiSiGeSiSiGeGeGeSiSiSiGeGeGeSiSiSi
   -23832.4140625000 SiGeGeGeSiGeSiGeSiGeSiGeGeGeSiSiGeSiGeGeGeSiGeSiSiSiSiSiSiSiGeSiSiSiSiSiSiSiSiGeSiGeSiSiSiGeSiSiGeGeGeSiSiSiGeGeGeSiSiSi
   -23832.4140625000 SiGeGeGeSiGeSiGeSiGeSiGeGeGeSiSiGeSiGeGeGeSiGeSiSiSiSiSiSiSiGeSiSiSiSiSiSiSiSiGeSiGeSiSiSiGeSiSiGeGeGeSiSiSiGeGeGeSiSiSi
   -23832.4140625000 SiGeGeGeSiGeSiGeSiGeSiGeGeGeSiSiGeSiGeGeGeSiGeSiSiSiSiSiSiSiGeSiSiSiSiSiSiSiSiGeSiGeSiSiSiGeSiSiGeGeGeSiSiSiGeGeGeSiSiSi
   -23832.4140625000 SiGeGeGeSiGeSiGeSiGeSiGeGeGeSiSiGeSiGeGeGeSiGeSiSiSiSiSiSiSiGeSiSiSiSiSiSiSiSiGeSiGeSiSiSiGeSiSiGeGeGeSiSiSiGeGeGeSiSiSi
   -23832.4140625000 SiGeGeGeSiGeSiGeSiGeSiGeGeGeSiSiGeSiGeGeGeSiGeSiSiSiSiSiSiSiGeSiSiSiSiSiSiSiSiGeSiGeSiSiSiGeSiSiGeGeGeSiSiSiGeGeGeSiSiSi
   -23832.4140625000 SiGeGeGeSiGeSiGeSiGeSiGeGeGeSiSiGeSiGeGeGeSiGeSiSiSiSiSiSiSiGeSiSiSiSiSiSiSiSiGeSiGeSiSiSiGeSiSiGeGeGeSiSiSiGeGeGeSiSiSi
   -23922.8281250000 SiGeGeGeSiGeSiGeSiGeSiGeGeGeSiSiGeSiGeGeGeSiGeSiSiGeSiSiSiSiSiSiSiSiSiSiSiSiSiGeSiGeSiSiSiGeSiSiGeGeGeSiSiSiGeGeGeSiSiSi
   -23922.8281250000 SiGeGeGeSiGeSiGeSiGeSiGeGeGeSiSiGeSiGeGeGeSiGeSiSiGeSiSiSiSiSiSiSiSiSiSiSiSiSiGeSiGeSiSiSiGeSiSiGeGeGeSiSiSiGeGeGeSiSiSi
   -23922.8281250000 SiGeGeGeSiGeSiGeSiGeSiGeGeGeSiSiGeSiGeGeGeSiGeSiSiGeSiSiSiSiSiSiSiSiSiSiSiSiSiGeSiGeSiSiSiGeSiSiGeGeGeSiSiSiGeGeGeSiSiSi
   -23922.8281250000 SiGeGeGeSiGeSiGeSiGeSiGeGeGeSiSiGeSiGeGeGeSiGeSiSiGeSiSiSiSiSiSiSiSiSiSiSiSiSiGeSiGeSiSiSiGeSiSiGeGeGeSiSiSiGeGeGeSiSiSi
   -23922.8281250000 SiGeGeGeSiGeSiGeSiGeSiGeGeGeSiSiGeSiGeGeGeSiGeSiSiGeSiSiSiSiSiSiSiSiSiSiSiSiSiGeSiGeSiSiSiGeSiSiGeGeGeSiSiSiGeGeGeSiSiSi
   -23922.8281250000 SiGeGeGeSiGeSiGeSiGeSiGeGeGeSiSiGeSiGeGeGeSiGeSiSiGeSiSiSiSiSiSiSiSiSiSiSiSiSiGeSiGeSiSiSiGeSiSiGeGeGeSiSiSiGeGeGeSiSiSi
   -24686.2539062500 GeGeGeGeSiGeSiGeSiGeSiSiGeGeSiSiGeSiGeGeGeSiSiSiGeGeSiSiSiSiSiSiSiSiSiSiSiSiSiGeSiGeSiSiSiSiSiSiGeGeGeSiSiSiGeGeGeGeSiSi
   -24686.2539062500 GeGeGeGeSiGeSiGeSiGeSiSiGeGeSiSiGeSiGeGeGeSiSiSiGeGeSiSiSiSiSiSiSiSiSiSiSiSiSiGeSiGeSiSiSiSiSiSiGeGeGeSiSiSiGeGeGeGeSiSi
   -24686.2539062500 GeGeGeGeSiGeSiGeSiGeSiSiGeGeSiSiGeSiGeGeGeSiSiSiGeGeSiSiSiSiSiSiSiSiSiSiSiSiSiGeSiGeSiSiSiSiSiSiGeGeGeSiSiSiGeGeGeGeSiSi
   -24686.2539062500 GeGeGeGeSiGeSiGeSiGeSiSiGeGeSiSiGeSiGeGeGeSiSiSiGeGeSiSiSiSiSiSiSiSiSiSiSiSiSiGeSiGeSiSiSiSiSiSiGeGeGeSiSiSiGeGeGeGeSiSi
   -24686.2539062500 GeGeGeGeSiGeSiGeSiGeSiSiGeGeSiSiGeSiGeGeGeSiSiSiGeGeSiSiSiSiSiSiSiSiSiSiSiSiSiGeSiGeSiSiSiSiSiSiGeGeGeSiSiSiGeGeGeGeSiSi
   -24686.2539062500 GeGeGeGeSiGeSiGeSiGeSiSiGeGeSiSiGeSiGeGeGeSiSiSiGeGeSiSiSiSiSiSiSiSiSiSiSiSiSiGeSiGeSiSiSiSiSiSiGeGeGeSiSiSiGeGeGeGeSiSi
   -24801.7343750000 GeGeGeGeSiGeSiGeSiGeSiSiGeGeSiSiGeSiGeGeSiSiSiSiGeGeSiSiSiSiSiSiSiSiSiSiSiSiSiGeSiGeSiSiSiSiGeSiGeGeGeSiSiSiGeGeGeGeSiSi
   -24801.7343750000 GeGeGeGeSiGeSiGeSiGeSiSiGeGeSiSiGeSiGeGeSiSiSiSiGeGeSiSiSiSiSiSiSiSiSiSiSiSiSiGeSiGeSiSiSiSiGeSiGeGeGeSiSiSiGeGeGeGeSiSi
   -24801.7343750000 GeGeGeGeSiGeSiGeSiGeSiSiGeGeSiSiGeSiGeGeSiSiSiSiGeGeSiSiSiSiSiSiSiSiSiSiSiSiSiGeSiGeSiSiSiSiGeSiGeGeGeSiSiSiGeGeGeGeSiSi
   -24801.7343750000 GeGeGeGeSiGeSiGeSiGeSiSiGeGeSiSiGeSiGeGeSiSiSiSiGeGeSiSiSiSiSiSiSiSiSiSiSiSiSiGeSiGeSiSiSiSiGeSiGeGeGeSiSiSiGeGeGeGeSiSi
   -24801.7343750000 GeGeGeGeSiGeSiGeSiGeSiSiGeGeSiSiGeSiGeGeSiSiSiSiGeGeSiSiSiSiSiSiSiSiSiSiSiSiSiGeSiGeSiSiSiSiGeSiGeGeGeSiSiSiGeGeGeGeSiSi
   -24801.7343750000 GeGeGeGeSiGeSiGeSiGeSiSiGeGeSiSiGeSiGeGeSiSiSiSiGeGeSiSiSiSiSiSiSiSiSiSiSiSiSiGeSiGeSiSiSiSiGeSiGeGeGeSiSiSiGeGeGeGeSiSi
   -24801.7343750000 GeGeGeGeSiGeSiGeSiGeSiSiGeGeSiSiGeSiGeGeSiSiSiSiGeGeSiSiSiSiSiSiSiSiSiSiSiSiSiGeSiGeSiSiSiSiGeSiGeGeGeSiSiSiGeGeGeGeSiSi
   -24801.7343750000 GeGeGeGeSiGeSiGeSiGeSiSiGeGeSiSiGeSiGeGeSiSiSiSiGeGeSiSiSiSiSiSiSiSiSiSiSiSiSiGeSiGeSiSiSiSiGeSiGeGeGeSiSiSiGeGeGeGeSiSi
   -25182.5976562500 GeGeGeGeSiGeSiGeSiGeSiSiGeGeSiSiGeSiGeGeSiSiSiSiSiGeSiSiSiSiSiSiSiSiSiSiSiSiSiGeSiGeSiSiSiSiGeSiGeGeGeSiSiSiGeGeGeGeSiGe
   -25182.5976562500 GeGeGeGeSiGeSiGeSiGeSiSiGeGeSiSiGeSiGeGeSiSiSiSiSiGeSiSiSiSiSiSiSiSiSiSiSiSiSiGeSiGeSiSiSiSiGeSiGeGeGeSiSiSiGeGeGeGeSiGe
   -25182.5976562500 GeGeGeGeSiGeSiGeSiGeSiSiGeGeSiSiGeSiGeGeSiSiSiSiSiGeSiSiSiSiSiSiSiSiSiSiSiSiSiGeSiGeSiSiSiSiGeSiGeGeGeSiSiSiGeGeGeGeSiGe
   -25182.5976562500 GeGeGeGeSiGeSiGeSiGeSiSiGeGeSiSiGeSiGeGeSiSiSiSiSiGeSiSiSiSiSiSiSiSiSiSiSiSiSiGeSiGeSiSiSiSiGeSiGeGeGeSiSiSiGeGeGeGeSiGe
   -25182.5976562500 GeGeGeGeSiGeSiGeSiGeSiSiGeGeSiSiGeSiGeGeSiSiSiSiSiGeSiSiSiSiSiSiSiSiSiSiSiSiSiGeSiGeSiSiSiSiGeSiGeGeGeSiSiSiGeGeGeGeSiGe
   -25189.9414062500 GeGeGeGeSiGeSiGeSiGeSiSiGeGeSiSiGeSiGeGeSiSiSiSiSiGeSiSiSiSiGeSiSiSiSiSiSiSiSiSiSiGeSiSiSiSiGeSiGeGeGeSiSiSiGeGeGeGeSiGe
   -25189.9414062500 GeGeGeGeSiGeSiGeSiGeSiSiGeGeSiSiGeSiGeGeSiSiSiSiSiGeSiSiSiSiGeSiSiSiSiSiSiSiSiSiSiGeSiSiSiSiGeSiGeGeGeSiSiSiGeGeGeGeSiGe
   -25189.9414062500 GeGeGeGeSiGeSiGeSiGeSiSiGeGeSiSiGeSiGeGeSiSiSiSiSiGeSiSiSiSiGeSiSiSiSiSiSiSiSiSiSiGeSiSiSiSiGeSiGeGeGeSiSiSiGeGeGeGeSiGe
   -25189.9414062500 GeGeGeGeSiGeSiGeSiGeSiSiGeGeSiSiGeSiGeGeSiSiSiSiSiGeSiSiSiSiGeSiSiSiSiSiSiSiSiSiSiGeSiSiSiSiGeSiGeGeGeSiSiSiGeGeGeGeSiGe
   -25189.9414062500 GeGeGeGeSiGeSiGeSiGeSiSiGeGeSiSiGeSiGeGeSiSiSiSiSiGeSiSiSiSiGeSiSiSiSiSiSiSiSiSiSiGeSiSiSiSiGeSiGeGeGeSiSiSiGeGeGeGeSiGe
   -25189.9414062500 GeGeGeGeSiGeSiGeSiGeSiSiGeGeSiSiGeSiGeGeSiSiSiSiSiGeSiSiSiSiGeSiSiSiSiSiSiSiSiSiSiGeSiSiSiSiGeSiGeGeGeSiSiSiGeGeGeGeSiGe
   -25189.9414062500 GeGeGeGeSiGeSiGeSiGeSiSiGeGeSiSiGeSiGeGeSiSiSiSiSiGeSiSiSiSiGeSiSiSiSiSiSiSiSiSiSiGeSiSiSiSiGeSiGeGeGeSiSiSiGeGeGeGeSiGe
   -25369.7773437500 GeGeGeGeSiGeSiGeGeGeSiSiGeGeSiSiGeSiSiGeSiSiSiSiSiGeSiSiSiSiGeSiSiSiSiSiSiSiSiSiSiGeSiSiSiSiGeSiGeGeGeSiSiSiGeGeGeGeSiGe
   -25369.7773437500 GeGeGeGeSiGeSiGeGeGeSiSiGeGeSiSiGeSiSiGeSiSiSiSiSiGeSiSiSiSiGeSiSiSiSiSiSiSiSiSiSiGeSiSiSiSiGeSiGeGeGeSiSiSiGeGeGeGeSiGe
   -25369.7773437500 GeGeGeGeSiGeSiGeGeGeSiSiGeGeSiSiGeSiSiGeSiSiSiSiSiGeSiSiSiSiGeSiSiSiSiSiSiSiSiSiSiGeSiSiSiSiGeSiGeGeGeSiSiSiGeGeGeGeSiGe
   -25369.7773437500 GeGeGeGeSiGeSiGeGeGeSiSiGeGeSiSiGeSiSiGeSiSiSiSiSiGeSiSiSiSiGeSiSiSiSiSiSiSiSiSiSiGeSiSiSiSiGeSiGeGeGeSiSiSiGeGeGeGeSiGe
   -25369.7773437500 GeGeGeGeSiGeSiGeGeGeSiSiGeGeSiSiGeSiSiGeSiSiSiSiSiGeSiSiSiSiGeSiSiSiSiSiSiSiSiSiSiGeSiSiSiSiGeSiGeGeGeSiSiSiGeGeGeGeSiGe
   -25369.7773437500 GeGeGeGeSiGeSiGeGeGeSiSiGeGeSiSiGeSiSiGeSiSiSiSiSiGeSiSiSiSiGeSiSiSiSiSiSiSiSiSiSiGeSiSiSiSiGeSiGeGeGeSiSiSiGeGeGeGeSiGe
   -25680.0742187500 GeGeGeGeSiGeSiGeGeGeSiSiGeGeSiSiGeSiSiGeSiSiSiSiSiGeSiSiSiSiSiSiSiSiSiSiSiSiSiSiSiGeSiSiSiSiGeSiGeGeGeGeSiSiGeGeGeGeSiGe
   -25680.0742187500 GeGeGeGeSiGeSiGeGeGeSiSiGeGeSiSiGeSiSiGeSiSiSiSiSiGeSiSiSiSiSiSiSiSiSiSiSiSiSiSiSiGeSiSiSiSiGeSiGeGeGeGeSiSiGeGeGeGeSiGe
   -25680.0742187500 GeGeGeGeSiGeSiGeGeGeSiSiGeGeSiSiGeSiSiGeSiSiSiSiSiGeSiSiSiSiSiSiSiSiSiSiSiSiSiSiSiGeSiSiSiSiGeSiGeGeGeGeSiSiGeGeGeGeSiGe
   -25680.0742187500 GeGeGeGeSiGeSiGeGeGeSiSiGeGeSiSiGeSiSiGeSiSiSiSiSiGeSiSiSiSiSiSiSiSiSiSiSiSiSiSiSiGeSiSiSiSiGeSiGeGeGeGeSiSiGeGeGeGeSiGe
   -25680.0742187500 GeGeGeGeSiGeSiGeGeGeSiSiGeGeSiSiGeSiSiGeSiSiSiSiSiGeSiSiSiSiSiSiSiSiSiSiSiSiSiSiSiGeSiSiSiSiGeSiGeGeGeGeSiSiGeGeGeGeSiGe
   -25833.7695312500 GeGeGeGeSiGeSiGeSiGeSiSiGeGeSiSiGeSiSiGeSiSiSiSiSiGeSiSiSiSiSiSiSiSiSiSiSiSiSiSiSiGeSiSiSiSiGeSiGeGeGeGeGeSiGeGeGeGeSiGe
   -25833.7695312500 GeGeGeGeSiGeSiGeSiGeSiSiGeGeSiSiGeSiSiGeSiSiSiSiSiGeSiSiSiSiSiSiSiSiSiSiSiSiSiSiSiGeSiSiSiSiGeSiGeGeGeGeGeSiGeGeGeGeSiGe
   -25833.7695312500 GeGeGeGeSiGeSiGeSiGeSiSiGeGeSiSiGeSiSiGeSiSiSiSiSiGeSiSiSiSiSiSiSiSiSiSiSiSiSiSiSiGeSiSiSiSiGeSiGeGeGeGeGeSiGeGeGeGeSiGe
   -25833.7695312500 GeGeGeGeSiGeSiGeSiGeSiSiGeGeSiSiGeSiSiGeSiSiSiSiSiGeSiSiSiSiSiSiSiSiSiSiSiSiSiSiSiGeSiSiSiSiGeSiGeGeGeGeGeSiGeGeGeGeSiGe
   -25833.7695312500 GeGeGeGeSiGeSiGeSiGeSiSiGeGeSiSiGeSiSiGeSiSiSiSiSiGeSiSiSiSiSiSiSiSiSiSiSiSiSiSiSiGeSiSiSiSiGeSiGeGeGeGeGeSiGeGeGeGeSiGe
   -25833.7695312500 GeGeGeGeSiGeSiGeSiGeSiSiGeGeSiSiGeSiSiGeSiSiSiSiSiGeSiSiSiSiSiSiSiSiSiSiSiSiSiSiSiGeSiSiSiSiGeSiGeGeGeGeGeSiGeGeGeGeSiGe
   -25833.7695312500 GeGeGeGeSiGeSiGeSiGeSiSiGeGeSiSiGeSiSiGeSiSiSiSiSiGeSiSiSiSiSiSiSiSiSiSiSiSiSiSiSiGeSiSiSiSiGeSiGeGeGeGeGeSiGeGeGeGeSiGe
   -25833.7695312500 GeGeGeGeSiGeSiGeSiGeSiSiGeGeSiSiGeSiSiGeSiSiSiSiSiGeSiSiSiSiSiSiSiSiSiSiSiSiSiSiSiGeSiSiSiSiGeSiGeGeGeGeGeSiGeGeGeGeSiGe
   -26862.8203125000 GeGeGeGeSiGeSiGeGeGeSiSiGeGeSiSiGeSiSiGeSiSiSiSiSiGeSiSiSiSiSiSiSiSiSiSiSiSiSiSiSiGeSiSiSiSiSiSiGeGeGeGeGeSiGeGeGeGeSiGe
   -26862.8203125000 GeGeGeGeSiGeSiGeGeGeSiSiGeGeSiSiGeSiSiGeSiSiSiSiSiGeSiSiSiSiSiSiSiSiSiSiSiSiSiSiSiGeSiSiSiSiSiSiGeGeGeGeGeSiGeGeGeGeSiGe
   -26862.8203125000 GeGeGeGeSiGeSiGeGeGeSiSiGeGeSiSiGeSiSiGeSiSiSiSiSiGeSiSiSiSiSiSiSiSiSiSiSiSiSiSiSiGeSiSiSiSiSiSiGeGeGeGeGeSiGeGeGeGeSiGe
   -26862.8203125000 GeGeGeGeSiGeSiGeGeGeSiSiGeGeSiSiGeSiSiGeSiSiSiSiSiGeSiSiSiSiSiSiSiSiSiSiSiSiSiSiSiGeSiSiSiSiSiSiGeGeGeGeGeSiGeGeGeGeSiGe
   -26862.8203125000 GeGeGeGeSiGeSiGeGeGeSiSiGeGeSiSiGeSiSiGeSiSiSiSiSiGeSiSiSiSiSiSiSiSiSiSiSiSiSiSiSiGeSiSiSiSiSiSiGeGeGeGeGeSiGeGeGeGeSiGe
   -26862.8203125000 GeGeGeGeSiGeSiGeGeGeSiSiGeGeSiSiGeSiSiGeSiSiSiSiSiGeSiSiSiSiSiSiSiSiSiSiSiSiSiSiSiGeSiSiSiSiSiSiGeGeGeGeGeSiGeGeGeGeSiGe
   -26862.8203125000 GeGeGeGeSiGeSiGeGeGeSiSiGeGeSiSiGeSiSiGeSiSiSiSiSiGeSiSiSiSiSiSiSiSiSiSiSiSiSiSiSiGeSiSiSiSiSiSiGeGeGeGeGeSiGeGeGeGeSiGe
   -26862.8203125000 GeGeGeGeSiGeSiGeGeGeSiSiGeGeSiSiGeSiSiGeSiSiSiSiSiGeSiSiSiSiSiSiSiSiSiSiSiSiSiSiSiGeSiSiSiSiSiSiGeGeGeGeGeSiGeGeGeGeSiGe
   -26877.3476562500 GeGeGeGeSiGeSiGeGeGeSiSiGeGeSiSiGeSiGeGeSiSiSiSiSiGeSiSiSiSiSiSiSiSiSiSiSiSiSiSiSiSiSiSiSiSiSiSiGeGeGeGeGeSiGeGeGeGeSiGe
   -26877.3476562500 GeGeGeGeSiGeSiGeGeGeSiSiGeGeSiSiGeSiGeGeSiSiSiSiSiGeSiSiSiSiSiSiSiSiSiSiSiSiSiSiSiSiSiSiSiSiSiSiGeGeGeGeGeSiGeGeGeGeSiGe
   -26984.6484375000 GeGeGeGeSiGeSiGeGeGeSiSiGeGeSiSiSiSiGeGeSiSiSiSiSiGeSiSiSiSiGeSiSiSiSiSiSiSiSiSiSiSiSiSiSiSiSiSiGeGeGeGeGeSiGeGeGeGeSiGe
   -26984.6484375000 GeGeGeGeSiGeSiGeGeGeSiSiGeGeSiSiSiSiGeGeSiSiSiSiSiGeSiSiSiSiGeSiSiSiSiSiSiSiSiSiSiSiSiSiSiSiSiSiGeGeGeGeGeSiGeGeGeGeSiGe
   -26984.6484375000 GeGeGeGeSiGeSiGeGeGeSiSiGeGeSiSiSiSiGeGeSiSiSiSiSiGeSiSiSiSiGeSiSiSiSiSiSiSiSiSiSiSiSiSiSiSiSiSiGeGeGeGeGeSiGeGeGeGeSiGe
   -26984.6484375000 GeGeGeGeSiGeSiGeGeGeSiSiGeGeSiSiSiSiGeGeSiSiSiSiSiGeSiSiSiSiGeSiSiSiSiSiSiSiSiSiSiSiSiSiSiSiSiSiGeGeGeGeGeSiGeGeGeGeSiGe
   -26984.6484375000 GeGeGeGeSiGeSiGeGeGeSiSiGeGeSiSiSiSiGeGeSiSiSiSiSiGeSiSiSiSiGeSiSiSiSiSiSiSiSiSiSiSiSiSiSiSiSiSiGeGeGeGeGeSiGeGeGeGeSiGe
   -26984.6484375000 GeGeGeGeSiGeSiGeGeGeSiSiGeGeSiSiSiSiGeGeSiSiSiSiSiGeSiSiSiSiGeSiSiSiSiSiSiSiSiSiSiSiSiSiSiSiSiSiGeGeGeGeGeSiGeGeGeGeSiGe
   -26984.6484375000 GeGeGeGeSiGeSiGeGeGeSiSiGeGeSiSiSiSiGeGeSiSiSiSiSiGeSiSiSiSiGeSiSiSiSiSiSiSiSiSiSiSiSiSiSiSiSiSiGeGeGeGeGeSiGeGeGeGeSiGe
   -26984.6484375000 GeGeGeGeSiGeSiGeGeGeSiSiGeGeSiSiSiSiGeGeSiSiSiSiSiGeSiSiSiSiGeSiSiSiSiSiSiSiSiSiSiSiSiSiSiSiSiSiGeGeGeGeGeSiGeGeGeGeSiGe
   -26984.6484375000 GeGeGeGeSiGeSiGeGeGeSiSiGeGeSiSiSiSiGeGeSiSiSiSiSiGeSiSiSiSiGeSiSiSiSiSiSiSiSiSiSiSiSiSiSiSiSiSiGeGeGeGeGeSiGeGeGeGeSiGe
   -26984.6484375000 GeGeGeGeSiGeSiGeGeGeSiSiGeGeSiSiSiSiGeGeSiSiSiSiSiGeSiSiSiSiGeSiSiSiSiSiSiSiSiSiSiSiSiSiSiSiSiSiGeGeGeGeGeSiGeGeGeGeSiGe
   -26984.6484375000 GeGeGeGeSiGeSiGeGeGeSiSiGeGeSiSiSiSiGeGeSiSiSiSiSiGeSiSiSiSiGeSiSiSiSiSiSiSiSiSiSiSiSiSiSiSiSiSiGeGeGeGeGeSiGeGeGeGeSiGe
   -26984.6484375000 GeGeGeGeSiGeSiGeGeGeSiSiGeGeSiSiSiSiGeGeSiSiSiSiSiGeSiSiSiSiGeSiSiSiSiSiSiSiSiSiSiSiSiSiSiSiSiSiGeGeGeGeGeSiGeGeGeGeSiGe
   -26984.6484375000 GeGeGeGeSiGeSiGeGeGeSiSiGeGeSiSiSiSiGeGeSiSiSiSiSiGeSiSiSiSiGeSiSiSiSiSiSiSiSiSiSiSiSiSiSiSiSiSiGeGeGeGeGeSiGeGeGeGeSiGe
   -27956.7734375000 GeGeGeGeSiGeSiGeGeGeSiGeSiGeSiSiSiSiGeGeSiSiSiSiSiGeSiSiSiSiGeSiSiSiSiSiSiSiSiSiSiSiSiSiSiSiSiSiGeGeGeGeGeSiGeGeGeGeSiGe
   -27956.7734375000 GeGeGeGeSiGeSiGeGeGeSiGeSiGeSiSiSiSiGeGeSiSiSiSiSiGeSiSiSiSiGeSiSiSiSiSiSiSiSiSiSiSiSiSiSiSiSiSiGeGeGeGeGeSiGeGeGeGeSiGe
   -27956.7734375000 GeGeGeGeSiGeSiGeGeGeSiGeSiGeSiSiSiSiGeGeSiSiSiSiSiGeSiSiSiSiGeSiSiSiSiSiSiSiSiSiSiSiSiSiSiSiSiSiGeGeGeGeGeSiGeGeGeGeSiGe
   -27956.7734375000 GeGeGeGeSiGeSiGeGeGeSiGeSiGeSiSiSiSiGeGeSiSiSiSiSiGeSiSiSiSiGeSiSiSiSiSiSiSiSiSiSiSiSiSiSiSiSiSiGeGeGeGeGeSiGeGeGeGeSiGe
   -27956.7734375000 GeGeGeGeSiGeSiGeGeGeSiGeSiGeSiSiSiSiGeGeSiSiSiSiSiGeSiSiSiSiGeSiSiSiSiSiSiSiSiSiSiSiSiSiSiSiSiSiGeGeGeGeGeSiGeGeGeGeSiGe
   -27956.7734375000 GeGeGeGeSiGeSiGeGeGeSiGeSiGeSiSiSiSiGeGeSiSiSiSiSiGeSiSiSiSiGeSiSiSiSiSiSiSiSiSiSiSiSiSiSiSiSiSiGeGeGeGeGeSiGeGeGeGeSiGe
   -27956.7734375000 GeGeGeGeSiGeSiGeGeGeSiGeSiGeSiSiSiSiGeGeSiSiSiSiSiGeSiSiSiSiGeSiSiSiSiSiSiSiSiSiSiSiSiSiSiSiSiSiGeGeGeGeGeSiGeGeGeGeSiGe
   -27956.7734375000 GeGeGeGeSiGeSiGeGeGeSiGeSiGeSiSiSiSiGeGeSiSiSiSiSiGeSiSiSiSiGeSiSiSiSiSiSiSiSiSiSiSiSiSiSiSiSiSiGeGeGeGeGeSiGeGeGeGeSiGe
   -27956.7734375000 GeGeGeGeSiGeSiGeGeGeSiGeSiGeSiSiSiSiGeGeSiSiSiSiSiGeSiSiSiSiGeSiSiSiSiSiSiSiSiSiSiSiSiSiSiSiSiSiGeGeGeGeGeSiGeGeGeGeSiGe
   -27956.7734375000 GeGeGeGeSiGeSiGeGeGeSiGeSiGeSiSiSiSiGeGeSiSiSiSiSiGeSiSiSiSiGeSiSiSiSiSiSiSiSiSiSiSiSiSiSiSiSiSiGeGeGeGeGeSiGeGeGeGeSiGe
   -27956.7734375000 GeGeGeGeSiGeSiGeGeGeSiGeSiGeSiSiSiSiGeGeSiSiSiSiSiGeSiSiSiSiGeSiSiSiSiSiSiSiSiSiSiSiSiSiSiSiSiSiGeGeGeGeGeSiGeGeGeGeSiGe
   -27956.7734375000 GeGeGeGeSiGeSiGeGeGeSiGeSiGeSiSiSiSiGeGeSiSiSiSiSiGeSiSiSiSiGeSiSiSiSiSiSiSiSiSiSiSiSiSiSiSiSiSiGeGeGeGeGeSiGeGeGeGeSiGe
   -27956.7734375000 GeGeGeGeSiGeSiGeGeGeSiGeSiGeSiSiSiSiGeGeSiSiSiSiSiGeSiSiSiSiGeSiSiSiSiSiSiSiSiSiSiSiSiSiSiSiSiSiGeGeGeGeGeSiGeGeGeGeSiGe
   -27956.7734375000 GeGeGeGeSiGeSiGeGeGeSiGeSiGeSiSiSiSiGeGeSiSiSiSiSiGeSiSiSiSiGeSiSiSiSiSiSiSiSiSiSiSiSiSiSiSiSiSiGeGeGeGeGeSiGeGeGeGeSiGe
   -27956.7734375000 GeGeGeGeSiGeSiGeGeGeSiGeSiGeSiSiSiSiGeGeSiSiSiSiSiGeSiSiSiSiGeSiSiSiSiSiSiSiSiSiSiSiSiSiSiSiSiSiGeGeGeGeGeSiGeGeGeGeSiGe
   -27956.7734375000 GeGeGeGeSiGeSiGeGeGeSiGeSiGeSiSiSiSiGeGeSiSiSiSiSiGeSiSiSiSiGeSiSiSiSiSiSiSiSiSiSiSiSiSiSiSiSiSiGeGeGeGeGeSiGeGeGeGeSiGe
   -27956.7734375000 GeGeGeGeSiGeSiGeGeGeSiGeSiGeSiSiSiSiGeGeSiSiSiSiSiGeSiSiSiSiGeSiSiSiSiSiSiSiSiSiSiSiSiSiSiSiSiSiGeGeGeGeGeSiGeGeGeGeSiGe
   -27956.7734375000 GeGeGeGeSiGeSiGeGeGeSiGeSiGeSiSiSiSiGeGeSiSiSiSiSiGeSiSiSiSiGeSiSiSiSiSiSiSiSiSiSiSiSiSiSiSiSiSiGeGeGeGeGeSiGeGeGeGeSiGe
   -27956.7734375000 GeGeGeGeSiGeSiGeGeGeSiGeSiGeSiSiSiSiGeGeSiSiSiSiSiGeSiSiSiSiGeSiSiSiSiSiSiSiSiSiSiSiSiSiSiSiSiSiGeGeGeGeGeSiGeGeGeGeSiGe
   -27956.7734375000 GeGeGeGeSiGeSiGeGeGeSiGeSiGeSiSiSiSiGeGeSiSiSiSiSiGeSiSiSiSiGeSiSiSiSiSiSiSiSiSiSiSiSiSiSiSiSiSiGeGeGeGeGeSiGeGeGeGeSiGe
   -27956.7734375000 GeGeGeGeSiGeSiGeGeGeSiGeSiGeSiSiSiSiGeGeSiSiSiSiSiGeSiSiSiSiGeSiSiSiSiSiSiSiSiSiSiSiSiSiSiSiSiSiGeGeGeGeGeSiGeGeGeGeSiGe
   -27956.7734375000 GeGeGeGeSiGeSiGeGeGeSiGeSiGeSiSiSiSiGeGeSiSiSiSiSiGeSiSiSiSiGeSiSiSiSiSiSiSiSiSiSiSiSiSiSiSiSiSiGeGeGeGeGeSiGeGeGeGeSiGe
   -27956.7734375000 GeGeGeGeSiGeSiGeGeGeSiGeSiGeSiSiSiSiGeGeSiSiSiSiSiGeSiSiSiSiGeSiSiSiSiSiSiSiSiSiSiSiSiSiSiSiSiSiGeGeGeGeGeSiGeGeGeGeSiGe
   -27956.7734375000 GeGeGeGeSiGeSiGeGeGeSiGeSiGeSiSiSiSiGeGeSiSiSiSiSiGeSiSiSiSiGeSiSiSiSiSiSiSiSiSiSiSiSiSiSiSiSiSiGeGeGeGeGeSiGeGeGeGeSiGe
   -27956.7734375000 GeGeGeGeSiGeSiGeGeGeSiGeSiGeSiSiSiSiGeGeSiSiSiSiSiGeSiSiSiSiGeSiSiSiSiSiSiSiSiSiSiSiSiSiSiSiSiSiGeGeGeGeGeSiGeGeGeGeSiGe
   -27956.7734375000 GeGeGeGeSiGeSiGeGeGeSiGeSiGeSiSiSiSiGeGeSiSiSiSiSiGeSiSiSiSiGeSiSiSiSiSiSiSiSiSiSiSiSiSiSiSiSiSiGeGeGeGeGeSiGeGeGeGeSiGe
   -27956.7734375000 GeGeGeGeSiGeSiGeGeGeSiGeSiGeSiSiSiSiGeGeSiSiSiSiSiGeSiSiSiSiGeSiSiSiSiSiSiSiSiSiSiSiSiSiSiSiSiSiGeGeGeGeGeSiGeGeGeGeSiGe
   -27956.7734375000 GeGeGeGeSiGeSiGeGeGeSiGeSiGeSiSiSiSiGeGeSiSiSiSiSiGeSiSiSiSiGeSiSiSiSiSiSiSiSiSiSiSiSiSiSiSiSiSiGeGeGeGeGeSiGeGeGeGeSiGe
   -27956.7734375000 GeGeGeGeSiGeSiGeGeGeSiGeSiGeSiSiSiSiGeGeSiSiSiSiSiGeSiSiSiSiGeSiSiSiSiSiSiSiSiSiSiSiSiSiSiSiSiSiGeGeGeGeGeSiGeGeGeGeSiGe
   -27956.7734375000 GeGeGeGeSiGeSiGeGeGeSiGeSiGeSiSiSiSiGeGeSiSiSiSiSiGeSiSiSiSiGeSiSiSiSiSiSiSiSiSiSiSiSiSiSiSiSiSiGeGeGeGeGeSiGeGeGeGeSiGe
   -27956.7734375000 GeGeGeGeSiGeSiGeGeGeSiGeSiGeSiSiSiSiGeGeSiSiSiSiSiGeSiSiSiSiGeSiSiSiSiSiSiSiSiSiSiSiSiSiSiSiSiSiGeGeGeGeGeSiGeGeGeGeSiGe
   -27956.7734375000 GeGeGeGeSiGeSiGeGeGeSiGeSiGeSiSiSiSiGeGeSiSiSiSiSiGeSiSiSiSiGeSiSiSiSiSiSiSiSiSiSiSiSiSiSiSiSiSiGeGeGeGeGeSiGeGeGeGeSiGe
   -27956.7734375000 GeGeGeGeSiGeSiGeGeGeSiGeSiGeSiSiSiSiGeGeSiSiSiSiSiGeSiSiSiSiGeSiSiSiSiSiSiSiSiSiSiSiSiSiSiSiSiSiGeGeGeGeGeSiGeGeGeGeSiGe
   -27956.7734375000 GeGeGeGeSiGeSiGeGeGeSiGeSiGeSiSiSiSiGeGeSiSiSiSiSiGeSiSiSiSiGeSiSiSiSiSiSiSiSiSiSiSiSiSiSiSiSiSiGeGeGeGeGeSiGeGeGeGeSiGe
   -27956.7734375000 GeGeGeGeSiGeSiGeGeGeSiGeSiGeSiSiSiSiGeGeSiSiSiSiSiGeSiSiSiSiGeSiSiSiSiSiSiSiSiSiSiSiSiSiSiSiSiSiGeGeGeGeGeSiGeGeGeGeSiGe
   -27956.7734375000 GeGeGeGeSiGeSiGeGeGeSiGeSiGeSiSiSiSiGeGeSiSiSiSiSiGeSiSiSiSiGeSiSiSiSiSiSiSiSiSiSiSiSiSiSiSiSiSiGeGeGeGeGeSiGeGeGeGeSiGe
   -27956.7734375000 GeGeGeGeSiGeSiGeGeGeSiGeSiGeSiSiSiSiGeGeSiSiSiSiSiGeSiSiSiSiGeSiSiSiSiSiSiSiSiSiSiSiSiSiSiSiSiSiGeGeGeGeGeSiGeGeGeGeSiGe
   -27956.7734375000 GeGeGeGeSiGeSiGeGeGeSiGeSiGeSiSiSiSiGeGeSiSiSiSiSiGeSiSiSiSiGeSiSiSiSiSiSiSiSiSiSiSiSiSiSiSiSiSiGeGeGeGeGeSiGeGeGeGeSiGe
   -27956.7734375000 GeGeGeGeSiGeSiGeGeGeSiGeSiGeSiSiSiSiGeGeSiSiSiSiSiGeSiSiSiSiGeSiSiSiSiSiSiSiSiSiSiSiSiSiSiSiSiSiGeGeGeGeGeSiGeGeGeGeSiGe
   -27956.7734375000 GeGeGeGeSiGeSiGeGeGeSiGeSiGeSiSiSiSiGeGeSiSiSiSiSiGeSiSiSiSiGeSiSiSiSiSiSiSiSiSiSiSiSiSiSiSiSiSiGeGeGeGeGeSiGeGeGeGeSiGe
   -27956.7734375000 GeGeGeGeSiGeSiGeGeGeSiGeSiGeSiSiSiSiGeGeSiSiSiSiSiGeSiSiSiSiGeSiSiSiSiSiSiSiSiSiSiSiSiSiSiSiSiSiGeGeGeGeGeSiGeGeGeGeSiGe
   -27956.7734375000 GeGeGeGeSiGeSiGeGeGeSiGeSiGeSiSiSiSiGeGeSiSiSiSiSiGeSiSiSiSiGeSiSiSiSiSiSiSiSiSiSiSiSiSiSiSiSiSiGeGeGeGeGeSiGeGeGeGeSiGe
   -27956.7734375000 GeGeGeGeSiGeSiGeGeGeSiGeSiGeSiSiSiSiGeGeSiSiSiSiSiGeSiSiSiSiGeSiSiSiSiSiSiSiSiSiSiSiSiSiSiSiSiSiGeGeGeGeGeSiGeGeGeGeSiGe
   -27956.7734375000 GeGeGeGeSiGeSiGeGeGeSiGeSiGeSiSiSiSiGeGeSiSiSiSiSiGeSiSiSiSiGeSiSiSiSiSiSiSiSiSiSiSiSiSiSiSiSiSiGeGeGeGeGeSiGeGeGeGeSiGe
   -27956.7734375000 GeGeGeGeSiGeSiGeGeGeSiGeSiGeSiSiSiSiGeGeSiSiSiSiSiGeSiSiSiSiGeSiSiSiSiSiSiSiSiSiSiSiSiSiSiSiSiSiGeGeGeGeGeSiGeGeGeGeSiGe
   -27956.7734375000 GeGeGeGeSiGeSiGeGeGeSiGeSiGeSiSiSiSiGeGeSiSiSiSiSiGeSiSiSiSiGeSiSiSiSiSiSiSiSiSiSiSiSiSiSiSiSiSiGeGeGeGeGeSiGeGeGeGeSiGe
   -27956.7734375000 GeGeGeGeSiGeSiGeGeGeSiGeSiGeSiSiSiSiGeGeSiSiSiSiSiGeSiSiSiSiGeSiSiSiSiSiSiSiSiSiSiSiSiSiSiSiSiSiGeGeGeGeGeSiGeGeGeGeSiGe
   -27956.7734375000 GeGeGeGeSiGeSiGeGeGeSiGeSiGeSiSiSiSiGeGeSiSiSiSiSiGeSiSiSiSiGeSiSiSiSiSiSiSiSiSiSiSiSiSiSiSiSiSiGeGeGeGeGeSiGeGeGeGeSiGe
   -27956.7734375000 GeGeGeGeSiGeSiGeGeGeSiGeSiGeSiSiSiSiGeGeSiSiSiSiSiGeSiSiSiSiGeSiSiSiSiSiSiSiSiSiSiSiSiSiSiSiSiSiGeGeGeGeGeSiGeGeGeGeSiGe
   -27956.7734375000 GeGeGeGeSiGeSiGeGeGeSiGeSiGeSiSiSiSiGeGeSiSiSiSiSiGeSiSiSiSiGeSiSiSiSiSiSiSiSiSiSiSiSiSiSiSiSiSiGeGeGeGeGeSiGeGeGeGeSiGe
   -27956.7734375000 GeGeGeGeSiGeSiGeGeGeSiGeSiGeSiSiSiSiGeGeSiSiSiSiSiGeSiSiSiSiGeSiSiSiSiSiSiSiSiSiSiSiSiSiSiSiSiSiGeGeGeGeGeSiGeGeGeGeSiGe
   -27956.7734375000 GeGeGeGeSiGeSiGeGeGeSiGeSiGeSiSiSiSiGeGeSiSiSiSiSiGeSiSiSiSiGeSiSiSiSiSiSiSiSiSiSiSiSiSiSiSiSiSiGeGeGeGeGeSiGeGeGeGeSiGe
   -27956.7734375000 GeGeGeGeSiGeSiGeGeGeSiGeSiGeSiSiSiSiGeGeSiSiSiSiSiGeSiSiSiSiGeSiSiSiSiSiSiSiSiSiSiSiSiSiSiSiSiSiGeGeGeGeGeSiGeGeGeGeSiGe
   -27956.7734375000 GeGeGeGeSiGeSiGeGeGeSiGeSiGeSiSiSiSiGeGeSiSiSiSiSiGeSiSiSiSiGeSiSiSiSiSiSiSiSiSiSiSiSiSiSiSiSiSiGeGeGeGeGeSiGeGeGeGeSiGe
   -27956.7734375000 GeGeGeGeSiGeSiGeGeGeSiGeSiGeSiSiSiSiGeGeSiSiSiSiSiGeSiSiSiSiGeSiSiSiSiSiSiSiSiSiSiSiSiSiSiSiSiSiGeGeGeGeGeSiGeGeGeGeSiGe
   -27956.7734375000 GeGeGeGeSiGeSiGeGeGeSiGeSiGeSiSiSiSiGeGeSiSiSiSiSiGeSiSiSiSiGeSiSiSiSiSiSiSiSiSiSiSiSiSiSiSiSiSiGeGeGeGeGeSiGeGeGeGeSiGe
   -27956.7734375000 GeGeGeGeSiGeSiGeGeGeSiGeSiGeSiSiSiSiGeGeSiSiSiSiSiGeSiSiSiSiGeSiSiSiSiSiSiSiSiSiSiSiSiSiSiSiSiSiGeGeGeGeGeSiGeGeGeGeSiGe
   -27956.7734375000 GeGeGeGeSiGeSiGeGeGeSiGeSiGeSiSiSiSiGeGeSiSiSiSiSiGeSiSiSiSiGeSiSiSiSiSiSiSiSiSiSiSiSiSiSiSiSiSiGeGeGeGeGeSiGeGeGeGeSiGe
   -27956.7734375000 GeGeGeGeSiGeSiGeGeGeSiGeSiGeSiSiSiSiGeGeSiSiSiSiSiGeSiSiSiSiGeSiSiSiSiSiSiSiSiSiSiSiSiSiSiSiSiSiGeGeGeGeGeSiGeGeGeGeSiGe
   -27956.7734375000 GeGeGeGeSiGeSiGeGeGeSiGeSiGeSiSiSiSiGeGeSiSiSiSiSiGeSiSiSiSiGeSiSiSiSiSiSiSiSiSiSiSiSiSiSiSiSiSiGeGeGeGeGeSiGeGeGeGeSiGe
   -27956.7734375000 GeGeGeGeSiGeSiGeGeGeSiGeSiGeSiSiSiSiGeGeSiSiSiSiSiGeSiSiSiSiGeSiSiSiSiSiSiSiSiSiSiSiSiSiSiSiSiSiGeGeGeGeGeSiGeGeGeGeSiGe
   -27956.7734375000 GeGeGeGeSiGeSiGeGeGeSiGeSiGeSiSiSiSiGeGeSiSiSiSiSiGeSiSiSiSiGeSiSiSiSiSiSiSiSiSiSiSiSiSiSiSiSiSiGeGeGeGeGeSiGeGeGeGeSiGe
   -27956.7734375000 GeGeGeGeSiGeSiGeGeGeSiGeSiGeSiSiSiSiGeGeSiSiSiSiSiGeSiSiSiSiGeSiSiSiSiSiSiSiSiSiSiSiSiSiSiSiSiSiGeGeGeGeGeSiGeGeGeGeSiGe
   -27956.7734375000 GeGeGeGeSiGeSiGeGeGeSiGeSiGeSiSiSiSiGeGeSiSiSiSiSiGeSiSiSiSiGeSiSiSiSiSiSiSiSiSiSiSiSiSiSiSiSiSiGeGeGeGeGeSiGeGeGeGeSiGe
   -27956.7734375000 GeGeGeGeSiGeSiGeGeGeSiGeSiGeSiSiSiSiGeGeSiSiSiSiSiGeSiSiSiSiGeSiSiSiSiSiSiSiSiSiSiSiSiSiSiSiSiSiGeGeGeGeGeSiGeGeGeGeSiGe
   -27956.7734375000 GeGeGeGeSiGeSiGeGeGeSiGeSiGeSiSiSiSiGeGeSiSiSiSiSiGeSiSiSiSiGeSiSiSiSiSiSiSiSiSiSiSiSiSiSiSiSiSiGeGeGeGeGeSiGeGeGeGeSiGe
   -27956.7734375000 GeGeGeGeSiGeSiGeGeGeSiGeSiGeSiSiSiSiGeGeSiSiSiSiSiGeSiSiSiSiGeSiSiSiSiSiSiSiSiSiSiSiSiSiSiSiSiSiGeGeGeGeGeSiGeGeGeGeSiGe
   -27956.7734375000 GeGeGeGeSiGeSiGeGeGeSiGeSiGeSiSiSiSiGeGeSiSiSiSiSiGeSiSiSiSiGeSiSiSiSiSiSiSiSiSiSiSiSiSiSiSiSiSiGeGeGeGeGeSiGeGeGeGeSiGe
   -27956.7734375000 GeGeGeGeSiGeSiGeGeGeSiGeSiGeSiSiSiSiGeGeSiSiSiSiSiGeSiSiSiSiGeSiSiSiSiSiSiSiSiSiSiSiSiSiSiSiSiSiGeGeGeGeGeSiGeGeGeGeSiGe
   -27956.7734375000 GeGeGeGeSiGeSiGeGeGeSiGeSiGeSiSiSiSiGeGeSiSiSiSiSiGeSiSiSiSiGeSiSiSiSiSiSiSiSiSiSiSiSiSiSiSiSiSiGeGeGeGeGeSiGeGeGeGeSiGe
   -27956.7734375000 GeGeGeGeSiGeSiGeGeGeSiGeSiGeSiSiSiSiGeGeSiSiSiSiSiGeSiSiSiSiGeSiSiSiSiSiSiSiSiSiSiSiSiSiSiSiSiSiGeGeGeGeGeSiGeGeGeGeSiGe
   -27956.7734375000 GeGeGeGeSiGeSiGeGeGeSiGeSiGeSiSiSiSiGeGeSiSiSiSiSiGeSiSiSiSiGeSiSiSiSiSiSiSiSiSiSiSiSiSiSiSiSiSiGeGeGeGeGeSiGeGeGeGeSiGe
   -27956.7734375000 GeGeGeGeSiGeSiGeGeGeSiGeSiGeSiSiSiSiGeGeSiSiSiSiSiGeSiSiSiSiGeSiSiSiSiSiSiSiSiSiSiSiSiSiSiSiSiSiGeGeGeGeGeSiGeGeGeGeSiGe
   -27956.7734375000 GeGeGeGeSiGeSiGeGeGeSiGeSiGeSiSiSiSiGeGeSiSiSiSiSiGeSiSiSiSiGeSiSiSiSiSiSiSiSiSiSiSiSiSiSiSiSiSiGeGeGeGeGeSiGeGeGeGeSiGe
   -27956.7734375000 GeGeGeGeSiGeSiGeGeGeSiGeSiGeSiSiSiSiGeGeSiSiSiSiSiGeSiSiSiSiGeSiSiSiSiSiSiSiSiSiSiSiSiSiSiSiSiSiGeGeGeGeGeSiGeGeGeGeSiGe
   -27956.7734375000 GeGeGeGeSiGeSiGeGeGeSiGeSiGeSiSiSiSiGeGeSiSiSiSiSiGeSiSiSiSiGeSiSiSiSiSiSiSiSiSiSiSiSiSiSiSiSiSiGeGeGeGeGeSiGeGeGeGeSiGe
   -27956.7734375000 GeGeGeGeSiGeSiGeGeGeSiGeSiGeSiSiSiSiGeGeSiSiSiSiSiGeSiSiSiSiGeSiSiSiSiSiSiSiSiSiSiSiSiSiSiSiSiSiGeGeGeGeGeSiGeGeGeGeSiGe
   -27956.7734375000 GeGeGeGeSiGeSiGeGeGeSiGeSiGeSiSiSiSiGeGeSiSiSiSiSiGeSiSiSiSiGeSiSiSiSiSiSiSiSiSiSiSiSiSiSiSiSiSiGeGeGeGeGeSiGeGeGeGeSiGe
   -27956.7734375000 GeGeGeGeSiGeSiGeGeGeSiGeSiGeSiSiSiSiGeGeSiSiSiSiSiGeSiSiSiSiGeSiSiSiSiSiSiSiSiSiSiSiSiSiSiSiSiSiGeGeGeGeGeSiGeGeGeGeSiGe
   -27956.7734375000 GeGeGeGeSiGeSiGeGeGeSiGeSiGeSiSiSiSiGeGeSiSiSiSiSiGeSiSiSiSiGeSiSiSiSiSiSiSiSiSiSiSiSiSiSiSiSiSiGeGeGeGeGeSiGeGeGeGeSiGe
   -27956.7734375000 GeGeGeGeSiGeSiGeGeGeSiGeSiGeSiSiSiSiGeGeSiSiSiSiSiGeSiSiSiSiGeSiSiSiSiSiSiSiSiSiSiSiSiSiSiSiSiSiGeGeGeGeGeSiGeGeGeGeSiGe
   -27956.7734375000 GeGeGeGeSiGeSiGeGeGeSiGeSiGeSiSiSiSiGeGeSiSiSiSiSiGeSiSiSiSiGeSiSiSiSiSiSiSiSiSiSiSiSiSiSiSiSiSiGeGeGeGeGeSiGeGeGeGeSiGe
   -27956.7734375000 GeGeGeGeSiGeSiGeGeGeSiGeSiGeSiSiSiSiGeGeSiSiSiSiSiGeSiSiSiSiGeSiSiSiSiSiSiSiSiSiSiSiSiSiSiSiSiSiGeGeGeGeGeSiGeGeGeGeSiGe
   -27956.7734375000 GeGeGeGeSiGeSiGeGeGeSiGeSiGeSiSiSiSiGeGeSiSiSiSiSiGeSiSiSiSiGeSiSiSiSiSiSiSiSiSiSiSiSiSiSiSiSiSiGeGeGeGeGeSiGeGeGeGeSiGe
   -27956.7734375000 GeGeGeGeSiGeSiGeGeGeSiGeSiGeSiSiSiSiGeGeSiSiSiSiSiGeSiSiSiSiGeSiSiSiSiSiSiSiSiSiSiSiSiSiSiSiSiSiGeGeGeGeGeSiGeGeGeGeSiGe
   -27956.7734375000 GeGeGeGeSiGeSiGeGeGeSiGeSiGeSiSiSiSiGeGeSiSiSiSiSiGeSiSiSiSiGeSiSiSiSiSiSiSiSiSiSiSiSiSiSiSiSiSiGeGeGeGeGeSiGeGeGeGeSiGe
filename: c000001228291083.gin     
Cell:
    11.9020996    11.9020996    29.6919994    90.0000000    90.0000000   120.0000000
Box:
    11.9020996    -5.9510503     0.0000000
     0.0000000    10.3075209     0.0000000
     0.0000000     0.0000000    29.6919994
----------------------------------------
Inverse Box:
     0.0840188     0.0485083     0.0000000
     0.0000000     0.0970165     0.0000000
     0.0000000     0.0000000     0.0336791
----------------------------------------
==============================================
geometrical properties of  24 Ge:
 Configuration:           0
 D_ave:   9.28672791       3.49373603    
 D_min:   3.19393539      0.342901409    
 energia:  -27956.7734    
