Random Seed:  1389434638
Number of atoms:    60
Space Group:    1
Cell:
    11.9020996    11.9020996    29.6919994    90.0000000    90.0000000   120.0000000
Box:
    11.9020996    -5.9510503     0.0000000
     0.0000000    10.3075209     0.0000000
     0.0000000     0.0000000    29.6919994
----------------------------------------
Inverse Box:
     0.0840188     0.0485083     0.0000000
     0.0000000     0.0970165     0.0000000
     0.0000000     0.0000000     0.0336791
----------------------------------------
GeSiSiSiSiSiSiSiSiSiSiSiSiSiSiSiSiSiSiSiSiSiSiSiSiSiSiSiSiSiSiSiSiSiSiSiSiSiSiGeSiSiSiSiSiSiSiSiSiSiSiSiSiSiSiSiSiSiSiSi
           1 Ge    -7733.46680    
GeGeSiSiSiSiSiSiSiSiSiSiSiSiSiSiSiSiSiSiSiSiSiSiSiSiSiSiSiSiSiSiSiSiSiSiSiSiSiGeSiSiSiSiSiSiSiSiSiSiSiSiSiSiSiSiSiSiSiSi
           2 Ge    -7727.01367    
GeGeGeSiSiSiSiSiSiSiSiSiSiSiSiSiSiSiSiSiSiSiSiSiSiSiSiSiSiSiSiSiSiSiSiSiSiSiSiGeSiSiSiSiSiSiSiSiSiSiSiSiSiSiSiSiSiSiSiSi
           3 Ge    -7720.49658    
GeGeGeGeSiSiSiSiSiSiSiSiSiSiSiSiSiSiSiSiSiSiSiSiSiSiSiSiSiSiSiSiSiSiSiSiSiSiSiGeSiSiSiSiSiSiSiSiSiSiSiSiSiSiSiSiSiSiSiSi
           4 Ge    -7744.46191    
GeGeGeGeGeSiSiSiSiSiSiSiSiSiSiSiSiSiSiSiSiSiSiSiSiSiSiSiSiSiSiSiSiSiSiSiSiSiSiGeSiSiSiSiSiSiSiSiSiSiSiSiSiSiSiSiSiSiSiSi
           5 Ge    -7786.52197    
GeGeGeGeGeGeSiSiSiSiSiSiSiSiSiSiSiSiSiSiSiSiSiSiSiSiSiSiSiSiSiSiSiSiSiSiSiSiSiGeSiSiSiSiSiSiSiSiSiSiSiSiSiSiSiSiSiSiSiSi
           6 Ge    -7852.08789    
GeGeGeGeGeGeGeSiSiSiSiSiSiSiSiSiSiSiSiSiSiSiSiSiSiSiSiSiSiSiSiSiSiSiSiSiSiSiSiGeSiSiSiSiSiSiSiSiSiSiSiSiSiSiSiSiSiSiSiSi
           7 Ge    -8017.84521    
GeGeGeGeGeGeGeGeSiSiSiSiSiSiSiSiSiSiSiSiSiSiSiSiSiSiSiSiSiSiSiSiSiSiSiSiSiSiSiGeSiSiSiSiSiSiSiSiSiSiSiSiSiSiSiSiSiSiSiSi
           8 Ge    -8218.88477    
GeGeGeGeGeGeGeGeSiSiSiGeSiSiSiSiSiSiSiSiSiSiSiSiSiSiSiSiSiSiSiSiSiSiSiSiSiSiSiGeSiSiSiSiSiSiSiSiSiSiSiSiSiSiSiSiSiSiSiSi
          12 Ge    -8547.71484    
GeGeGeGeGeGeGeGeSiSiSiGeSiSiSiGeSiSiSiSiSiSiSiSiSiSiSiSiSiSiSiSiSiSiSiSiSiSiSiGeSiSiSiSiSiSiSiSiSiSiSiSiSiSiSiSiSiSiSiSi
          16 Ge    -8537.17090    
GeGeGeGeGeGeGeGeSiSiSiGeSiSiSiGeSiSiSiSiSiSiSiSiSiGeSiSiSiSiSiSiSiSiSiSiSiSiSiGeSiSiSiSiSiSiSiSiSiSiSiSiSiSiSiSiSiSiSiSi
          26 Ge    -8523.68945    
GeGeGeGeGeGeGeGeSiSiSiGeSiSiSiGeSiSiSiSiSiSiSiSiSiGeSiSiSiGeSiSiSiSiSiSiSiSiSiGeSiSiSiSiSiSiSiSiSiSiSiSiSiSiSiSiSiSiSiSi
          30 Ge    -8565.55273    
GeGeGeGeGeGeGeGeSiSiSiGeSiSiSiGeSiSiSiSiSiSiSiSiSiGeSiSiSiGeSiSiGeSiSiSiSiSiSiGeSiSiSiSiSiSiSiSiSiSiSiSiSiSiSiSiSiSiSiSi
          33 Ge    -9122.35742    
GeGeGeGeGeGeGeGeSiSiSiGeSiSiSiGeSiSiSiSiSiSiSiSiSiGeSiSiSiGeSiSiGeSiSiGeSiSiSiGeSiSiSiSiSiSiSiSiSiSiSiSiSiSiSiSiSiSiSiSi
          36 Ge    -9097.56055    
GeGeGeGeGeGeGeGeSiSiSiGeSiSiSiGeSiSiSiSiSiSiSiSiSiGeSiSiSiGeSiSiGeSiSiGeSiSiGeGeSiSiSiSiSiSiSiSiSiSiSiSiSiSiSiSiSiSiSiSi
          39 Ge    -9671.79590    
GeGeGeGeGeGeGeGeSiSiSiGeSiSiSiGeSiSiSiSiSiSiSiSiSiGeSiSiSiGeSiSiGeSiSiGeSiSiGeGeSiGeSiSiSiSiSiSiSiSiSiSiSiSiSiSiSiSiSiSi
          42 Ge    -8416.00684    
GeGeGeGeGeGeGeGeSiSiSiGeSiSiSiGeSiSiSiSiSiSiSiSiSiGeSiSiSiGeSiSiGeSiSiGeSiSiGeGeSiGeSiSiGeSiSiSiSiSiSiSiSiSiSiSiSiSiSiSi
          45 Ge    -8915.39453    
GeGeGeGeGeGeGeGeSiSiSiGeSiSiSiGeSiSiSiSiSiSiSiSiSiGeSiSiSiGeSiSiGeSiSiGeSiSiGeGeSiGeSiSiGeGeSiSiSiSiSiSiSiSiSiSiSiSiSiSi
          46 Ge    -9097.63379    
GeGeGeGeGeGeGeGeSiSiSiGeSiSiSiGeSiSiSiSiSiSiSiSiSiGeSiSiSiGeSiSiGeSiSiGeSiSiGeGeSiGeSiSiGeGeSiSiSiSiSiSiSiSiSiSiGeSiSiSi
          57 Ge    -10232.6211    
GeGeGeGeGeGeGeGeSiGeSiGeSiSiSiGeSiSiSiSiSiSiSiSiSiGeSiSiSiGeSiSiGeSiSiGeSiSiGeGeSiGeSiSiGeGeSiSiSiSiSiSiSiSiSiSiGeSiSiSi
          10 Ge    -9510.37891    
GeGeGeGeGeGeGeGeSiGeGeGeSiSiSiGeSiSiSiSiSiSiSiSiSiGeSiSiSiGeSiSiGeSiSiGeSiSiGeGeSiGeSiSiGeGeSiSiSiSiSiSiSiSiSiSiGeSiSiSi
          11 Ge    -10380.8457    
GeGeGeGeGeGeGeGeSiGeGeGeGeSiSiGeSiSiSiSiSiSiSiSiSiGeSiSiSiGeSiSiGeSiSiGeSiSiGeGeSiGeSiSiGeGeSiSiSiSiSiSiSiSiSiSiGeSiSiSi
          13 Ge    -9216.20508    
GeGeGeGeGeGeGeGeSiGeGeGeGeGeSiGeSiSiSiSiSiSiSiSiSiGeSiSiSiGeSiSiGeSiSiGeSiSiGeGeSiGeSiSiGeGeSiSiSiSiSiSiSiSiSiSiGeSiSiSi
          14 Ge    -7029.72949    
GeGeGeGeGeGeGeGeSiGeGeGeGeGeGeGeSiSiSiSiSiSiSiSiSiGeSiSiSiGeSiSiGeSiSiGeSiSiGeGeSiGeSiSiGeGeSiSiSiSiSiSiSiSiSiSiGeSiSiSi
          15 Ge    -5181.40527    
==============================================
MonteCarlo: Metropolis with identity changes
Si > Ge, Ge > Si. STOP when occurrence <    0.00000
==============================================
Cost_function     Occurrence %     Scan-Cost
   -14391.4414062500 SiGeGeSiSiGeGeSiSiSiSiGeGeSiSiSiSiSiSiGeSiSiSiSiGeSiSiSiSiGeSiSiGeSiGeSiSiGeGeSiGeSiGeGeGeSiGeGeSiSiSiGeSiGeGeGeSiGeGeSi
   -16861.0156250000 GeGeGeSiGeGeGeSiSiSiSiGeSiSiSiSiSiSiSiGeSiGeSiSiSiSiGeSiSiGeSiSiSiSiGeSiSiGeGeSiGeSiGeSiGeSiGeSiSiSiGeGeSiGeGeGeSiGeSiGe
   -17954.7968750000 GeGeGeSiGeGeGeSiSiSiSiGeSiSiSiSiSiSiSiGeSiGeGeSiSiSiGeSiSiGeSiSiSiSiGeSiSiGeGeSiGeSiGeSiGeSiGeSiSiSiGeSiSiGeGeGeSiGeSiGe
   -18553.7695312500 GeGeGeSiGeGeGeSiSiSiGeGeSiSiSiGeSiSiSiGeSiGeGeSiSiSiSiSiSiGeSiSiSiSiGeSiSiGeGeSiGeSiGeSiGeSiSiSiSiSiGeSiSiGeGeGeSiGeSiGe
   -19580.8203125000 GeGeGeSiGeGeGeSiSiSiGeGeSiSiSiGeSiSiSiSiSiGeGeSiGeSiSiSiSiGeSiSiSiSiGeSiSiGeGeSiGeSiGeSiGeSiSiSiSiSiGeSiSiGeGeGeSiGeSiGe
   -21152.5117187500 GeSiGeSiGeGeGeSiSiSiGeGeSiSiSiGeSiSiSiSiSiGeGeSiGeSiSiSiSiGeSiSiSiSiGeSiSiGeGeSiGeSiGeSiGeSiGeSiSiSiGeSiSiGeGeGeSiGeSiGe
   -21152.5117187500 GeSiGeSiGeGeGeSiSiSiGeGeSiSiSiGeSiSiSiSiSiGeGeSiGeSiSiSiSiGeSiSiSiSiGeSiSiGeGeSiGeSiGeSiGeSiGeSiSiSiGeSiSiGeGeGeSiGeSiGe
   -21152.5117187500 GeSiGeSiGeGeGeSiSiSiGeGeSiSiSiGeSiSiSiSiSiGeGeSiGeSiSiSiSiGeSiSiSiSiGeSiSiGeGeSiGeSiGeSiGeSiGeSiSiSiGeSiSiGeGeGeSiGeSiGe
   -21152.5117187500 GeSiGeSiGeGeGeSiSiSiGeGeSiSiSiGeSiSiSiSiSiGeGeSiGeSiSiSiSiGeSiSiSiSiGeSiSiGeGeSiGeSiGeSiGeSiGeSiSiSiGeSiSiGeGeGeSiGeSiGe
   -21152.5117187500 GeSiGeSiGeGeGeSiSiSiGeGeSiSiSiGeSiSiSiSiSiGeGeSiGeSiSiSiSiGeSiSiSiSiGeSiSiGeGeSiGeSiGeSiGeSiGeSiSiSiGeSiSiGeGeGeSiGeSiGe
   -21152.5117187500 GeSiGeSiGeGeGeSiSiSiGeGeSiSiSiGeSiSiSiSiSiGeGeSiGeSiSiSiSiGeSiSiSiSiGeSiSiGeGeSiGeSiGeSiGeSiGeSiSiSiGeSiSiGeGeGeSiGeSiGe
   -21152.5117187500 GeSiGeSiGeGeGeSiSiSiGeGeSiSiSiGeSiSiSiSiSiGeGeSiGeSiSiSiSiGeSiSiSiSiGeSiSiGeGeSiGeSiGeSiGeSiGeSiSiSiGeSiSiGeGeGeSiGeSiGe
   -21152.5117187500 GeSiGeSiGeGeGeSiSiSiGeGeSiSiSiGeSiSiSiSiSiGeGeSiGeSiSiSiSiGeSiSiSiSiGeSiSiGeGeSiGeSiGeSiGeSiGeSiSiSiGeSiSiGeGeGeSiGeSiGe
   -21152.5117187500 GeSiGeSiGeGeGeSiSiSiGeGeSiSiSiGeSiSiSiSiSiGeGeSiGeSiSiSiSiGeSiSiSiSiGeSiSiGeGeSiGeSiGeSiGeSiGeSiSiSiGeSiSiGeGeGeSiGeSiGe
   -21152.5117187500 GeSiGeSiGeGeGeSiSiSiGeGeSiSiSiGeSiSiSiSiSiGeGeSiGeSiSiSiSiGeSiSiSiSiGeSiSiGeGeSiGeSiGeSiGeSiGeSiSiSiGeSiSiGeGeGeSiGeSiGe
   -21152.5117187500 GeSiGeSiGeGeGeSiSiSiGeGeSiSiSiGeSiSiSiSiSiGeGeSiGeSiSiSiSiGeSiSiSiSiGeSiSiGeGeSiGeSiGeSiGeSiGeSiSiSiGeSiSiGeGeGeSiGeSiGe
   -21152.5117187500 GeSiGeSiGeGeGeSiSiSiGeGeSiSiSiGeSiSiSiSiSiGeGeSiGeSiSiSiSiGeSiSiSiSiGeSiSiGeGeSiGeSiGeSiGeSiGeSiSiSiGeSiSiGeGeGeSiGeSiGe
   -21152.5117187500 GeSiGeSiGeGeGeSiSiSiGeGeSiSiSiGeSiSiSiSiSiGeGeSiGeSiSiSiSiGeSiSiSiSiGeSiSiGeGeSiGeSiGeSiGeSiGeSiSiSiGeSiSiGeGeGeSiGeSiGe
   -21152.5117187500 GeSiGeSiGeGeGeSiSiSiGeGeSiSiSiGeSiSiSiSiSiGeGeSiGeSiSiSiSiGeSiSiSiSiGeSiSiGeGeSiGeSiGeSiGeSiGeSiSiSiGeSiSiGeGeGeSiGeSiGe
   -21152.5117187500 GeSiGeSiGeGeGeSiSiSiGeGeSiSiSiGeSiSiSiSiSiGeGeSiGeSiSiSiSiGeSiSiSiSiGeSiSiGeGeSiGeSiGeSiGeSiGeSiSiSiGeSiSiGeGeGeSiGeSiGe
   -21152.5117187500 GeSiGeSiGeGeGeSiSiSiGeGeSiSiSiGeSiSiSiSiSiGeGeSiGeSiSiSiSiGeSiSiSiSiGeSiSiGeGeSiGeSiGeSiGeSiGeSiSiSiGeSiSiGeGeGeSiGeSiGe
   -21152.5117187500 GeSiGeSiGeGeGeSiSiSiGeGeSiSiSiGeSiSiSiSiSiGeGeSiGeSiSiSiSiGeSiSiSiSiGeSiSiGeGeSiGeSiGeSiGeSiGeSiSiSiGeSiSiGeGeGeSiGeSiGe
   -21152.5117187500 GeSiGeSiGeGeGeSiSiSiGeGeSiSiSiGeSiSiSiSiSiGeGeSiGeSiSiSiSiGeSiSiSiSiGeSiSiGeGeSiGeSiGeSiGeSiGeSiSiSiGeSiSiGeGeGeSiGeSiGe
   -21764.8867187500 GeSiGeSiGeGeGeSiSiSiGeGeSiSiSiGeSiSiSiSiSiGeGeSiGeSiSiSiSiGeSiSiSiSiGeSiSiGeGeSiGeSiSiSiGeSiGeSiSiSiGeGeSiGeGeGeSiGeSiGe
   -21764.8867187500 GeSiGeSiGeGeGeSiSiSiGeGeSiSiSiGeSiSiSiSiSiGeGeSiGeSiSiSiSiGeSiSiSiSiGeSiSiGeGeSiGeSiSiSiGeSiGeSiSiSiGeGeSiGeGeGeSiGeSiGe
   -22988.4062500000 GeSiGeSiGeGeGeGeSiSiGeGeSiSiSiGeSiSiSiSiSiGeGeSiGeSiSiSiSiGeSiSiSiSiGeSiSiGeGeSiGeSiSiSiGeSiSiSiSiSiGeGeSiGeGeGeSiGeSiGe
   -23397.4960937500 GeSiGeSiGeGeGeGeSiSiGeGeSiSiSiGeSiSiSiSiSiGeGeSiGeSiSiGeSiGeSiSiSiSiGeSiSiGeGeSiSiSiSiSiGeSiSiSiSiSiGeGeSiGeGeGeSiGeSiGe
   -23397.4960937500 GeSiGeSiGeGeGeGeSiSiGeGeSiSiSiGeSiSiSiSiSiGeGeSiGeSiSiGeSiGeSiSiSiSiGeSiSiGeGeSiSiSiSiSiGeSiSiSiSiSiGeGeSiGeGeGeSiGeSiGe
   -24420.7285156250 GeSiGeGeGeGeGeGeSiSiGeGeSiSiSiGeSiSiSiSiSiGeGeSiGeSiSiGeSiGeSiSiSiSiGeSiSiGeGeSiSiSiSiSiGeSiSiSiSiSiGeGeSiGeGeGeSiSiSiGe
   -24420.7285156250 GeSiGeGeGeGeGeGeSiSiGeGeSiSiSiGeSiSiSiSiSiGeGeSiGeSiSiGeSiGeSiSiSiSiGeSiSiGeGeSiSiSiSiSiGeSiSiSiSiSiGeGeSiGeGeGeSiSiSiGe
   -24430.8515625000 GeSiGeGeGeGeGeSiSiSiGeGeSiSiSiGeSiSiSiSiSiGeGeSiGeSiSiGeSiGeSiSiSiSiGeSiSiGeGeSiSiSiSiSiGeSiSiSiSiSiGeGeSiGeGeGeSiGeSiGe
   -24430.8515625000 GeSiGeGeGeGeGeSiSiSiGeGeSiSiSiGeSiSiSiSiSiGeGeSiGeSiSiGeSiGeSiSiSiSiGeSiSiGeGeSiSiSiSiSiGeSiSiSiSiSiGeGeSiGeGeGeSiGeSiGe
   -24430.8515625000 GeSiGeGeGeGeGeSiSiSiGeGeSiSiSiGeSiSiSiSiSiGeGeSiGeSiSiGeSiGeSiSiSiSiGeSiSiGeGeSiSiSiSiSiGeSiSiSiSiSiGeGeSiGeGeGeSiGeSiGe
   -24430.8515625000 GeSiGeGeGeGeGeSiSiSiGeGeSiSiSiGeSiSiSiSiSiGeGeSiGeSiSiGeSiGeSiSiSiSiGeSiSiGeGeSiSiSiSiSiGeSiSiSiSiSiGeGeSiGeGeGeSiGeSiGe
   -24430.8515625000 GeSiGeGeGeGeGeSiSiSiGeGeSiSiSiGeSiSiSiSiSiGeGeSiGeSiSiGeSiGeSiSiSiSiGeSiSiGeGeSiSiSiSiSiGeSiSiSiSiSiGeGeSiGeGeGeSiGeSiGe
   -24430.8515625000 GeSiGeGeGeGeGeSiSiSiGeGeSiSiSiGeSiSiSiSiSiGeGeSiGeSiSiGeSiGeSiSiSiSiGeSiSiGeGeSiSiSiSiSiGeSiSiSiSiSiGeGeSiGeGeGeSiGeSiGe
   -24430.8515625000 GeSiGeGeGeGeGeSiSiSiGeGeSiSiSiGeSiSiSiSiSiGeGeSiGeSiSiGeSiGeSiSiSiSiGeSiSiGeGeSiSiSiSiSiGeSiSiSiSiSiGeGeSiGeGeGeSiGeSiGe
   -24430.8515625000 GeSiGeGeGeGeGeSiSiSiGeGeSiSiSiGeSiSiSiSiSiGeGeSiGeSiSiGeSiGeSiSiSiSiGeSiSiGeGeSiSiSiSiSiGeSiSiSiSiSiGeGeSiGeGeGeSiGeSiGe
   -26108.7949218750 GeSiGeGeGeGeGeGeSiSiGeGeSiSiSiGeSiSiSiSiSiGeGeSiSiSiSiGeSiGeSiSiGeSiGeSiSiSiGeSiSiSiSiSiGeSiSiSiSiSiGeGeGeGeGeGeSiSiSiGe
   -26108.7949218750 GeSiGeGeGeGeGeGeSiSiGeGeSiSiSiGeSiSiSiSiSiGeGeSiSiSiSiGeSiGeSiSiGeSiGeSiSiSiGeSiSiSiSiSiGeSiSiSiSiSiGeGeGeGeGeGeSiSiSiGe
   -26108.7949218750 GeSiGeGeGeGeGeGeSiSiGeGeSiSiSiGeSiSiSiSiSiGeGeSiSiSiSiGeSiGeSiSiGeSiGeSiSiSiGeSiSiSiSiSiGeSiSiSiSiSiGeGeGeGeGeGeSiSiSiGe
   -26108.7949218750 GeSiGeGeGeGeGeGeSiSiGeGeSiSiSiGeSiSiSiSiSiGeGeSiSiSiSiGeSiGeSiSiGeSiGeSiSiSiGeSiSiSiSiSiGeSiSiSiSiSiGeGeGeGeGeGeSiSiSiGe
   -26108.7949218750 GeSiGeGeGeGeGeGeSiSiGeGeSiSiSiGeSiSiSiSiSiGeGeSiSiSiSiGeSiGeSiSiGeSiGeSiSiSiGeSiSiSiSiSiGeSiSiSiSiSiGeGeGeGeGeGeSiSiSiGe
   -26108.7949218750 GeSiGeGeGeGeGeGeSiSiGeGeSiSiSiGeSiSiSiSiSiGeGeSiSiSiSiGeSiGeSiSiGeSiGeSiSiSiGeSiSiSiSiSiGeSiSiSiSiSiGeGeGeGeGeGeSiSiSiGe
   -26108.7949218750 GeSiGeGeGeGeGeGeSiSiGeGeSiSiSiGeSiSiSiSiSiGeGeSiSiSiSiGeSiGeSiSiGeSiGeSiSiSiGeSiSiSiSiSiGeSiSiSiSiSiGeGeGeGeGeGeSiSiSiGe
   -26108.7949218750 GeSiGeGeGeGeGeGeSiSiGeGeSiSiSiGeSiSiSiSiSiGeGeSiSiSiSiGeSiGeSiSiGeSiGeSiSiSiGeSiSiSiSiSiGeSiSiSiSiSiGeGeGeGeGeGeSiSiSiGe
   -26108.7949218750 GeSiGeGeGeGeGeGeSiSiGeGeSiSiSiGeSiSiSiSiSiGeGeSiSiSiSiGeSiGeSiSiGeSiGeSiSiSiGeSiSiSiSiSiGeSiSiSiSiSiGeGeGeGeGeGeSiSiSiGe
   -26108.7949218750 GeSiGeGeGeGeGeGeSiSiGeGeSiSiSiGeSiSiSiSiSiGeGeSiSiSiSiGeSiGeSiSiGeSiGeSiSiSiGeSiSiSiSiSiGeSiSiSiSiSiGeGeGeGeGeGeSiSiSiGe
   -26108.7949218750 GeSiGeGeGeGeGeGeSiSiGeGeSiSiSiGeSiSiSiSiSiGeGeSiSiSiSiGeSiGeSiSiGeSiGeSiSiSiGeSiSiSiSiSiGeSiSiSiSiSiGeGeGeGeGeGeSiSiSiGe
   -26108.7949218750 GeSiGeGeGeGeGeGeSiSiGeGeSiSiSiGeSiSiSiSiSiGeGeSiSiSiSiGeSiGeSiSiGeSiGeSiSiSiGeSiSiSiSiSiGeSiSiSiSiSiGeGeGeGeGeGeSiSiSiGe
   -26108.7949218750 GeSiGeGeGeGeGeGeSiSiGeGeSiSiSiGeSiSiSiSiSiGeGeSiSiSiSiGeSiGeSiSiGeSiGeSiSiSiGeSiSiSiSiSiGeSiSiSiSiSiGeGeGeGeGeGeSiSiSiGe
   -26108.7949218750 GeSiGeGeGeGeGeGeSiSiGeGeSiSiSiGeSiSiSiSiSiGeGeSiSiSiSiGeSiGeSiSiGeSiGeSiSiSiGeSiSiSiSiSiGeSiSiSiSiSiGeGeGeGeGeGeSiSiSiGe
   -26108.7949218750 GeSiGeGeGeGeGeGeSiSiGeGeSiSiSiGeSiSiSiSiSiGeGeSiSiSiSiGeSiGeSiSiGeSiGeSiSiSiGeSiSiSiSiSiGeSiSiSiSiSiGeGeGeGeGeGeSiSiSiGe
   -26108.7949218750 GeSiGeGeGeGeGeGeSiSiGeGeSiSiSiGeSiSiSiSiSiGeGeSiSiSiSiGeSiGeSiSiGeSiGeSiSiSiGeSiSiSiSiSiGeSiSiSiSiSiGeGeGeGeGeGeSiSiSiGe
   -26108.7949218750 GeSiGeGeGeGeGeGeSiSiGeGeSiSiSiGeSiSiSiSiSiGeGeSiSiSiSiGeSiGeSiSiGeSiGeSiSiSiGeSiSiSiSiSiGeSiSiSiSiSiGeGeGeGeGeGeSiSiSiGe
   -27427.2832031250 GeSiGeGeGeGeGeGeSiSiGeGeSiGeSiGeSiSiSiSiSiGeGeSiSiSiSiGeSiSiSiSiGeSiGeSiSiSiGeSiSiSiSiSiGeSiSiSiSiSiGeGeGeGeGeGeSiSiSiGe
   -27427.2832031250 GeSiGeGeGeGeGeGeSiSiGeGeSiGeSiGeSiSiSiSiSiGeGeSiSiSiSiGeSiSiSiSiGeSiGeSiSiSiGeSiSiSiSiSiGeSiSiSiSiSiGeGeGeGeGeGeSiSiSiGe
   -27427.2832031250 GeSiGeGeGeGeGeGeSiSiGeGeSiGeSiGeSiSiSiSiSiGeGeSiSiSiSiGeSiSiSiSiGeSiGeSiSiSiGeSiSiSiSiSiGeSiSiSiSiSiGeGeGeGeGeGeSiSiSiGe
   -27427.2832031250 GeSiGeGeGeGeGeGeSiSiGeGeSiGeSiGeSiSiSiSiSiGeGeSiSiSiSiGeSiSiSiSiGeSiGeSiSiSiGeSiSiSiSiSiGeSiSiSiSiSiGeGeGeGeGeGeSiSiSiGe
   -27427.2832031250 GeSiGeGeGeGeGeGeSiSiGeGeSiGeSiGeSiSiSiSiSiGeGeSiSiSiSiGeSiSiSiSiGeSiGeSiSiSiGeSiSiSiSiSiGeSiSiSiSiSiGeGeGeGeGeGeSiSiSiGe
   -27427.2832031250 GeSiGeGeGeGeGeGeSiSiGeGeSiGeSiGeSiSiSiSiSiGeGeSiSiSiSiGeSiSiSiSiGeSiGeSiSiSiGeSiSiSiSiSiGeSiSiSiSiSiGeGeGeGeGeGeSiSiSiGe
   -27427.2832031250 GeSiGeGeGeGeGeGeSiSiGeGeSiGeSiGeSiSiSiSiSiGeGeSiSiSiSiGeSiSiSiSiGeSiGeSiSiSiGeSiSiSiSiSiGeSiSiSiSiSiGeGeGeGeGeGeSiSiSiGe
   -27427.2832031250 GeSiGeGeGeGeGeGeSiSiGeGeSiGeSiGeSiSiSiSiSiGeGeSiSiSiSiGeSiSiSiSiGeSiGeSiSiSiGeSiSiSiSiSiGeSiSiSiSiSiGeGeGeGeGeGeSiSiSiGe
   -27427.2832031250 GeSiGeGeGeGeGeGeSiSiGeGeSiGeSiGeSiSiSiSiSiGeGeSiSiSiSiGeSiSiSiSiGeSiGeSiSiSiGeSiSiSiSiSiGeSiSiSiSiSiGeGeGeGeGeGeSiSiSiGe
   -27427.2832031250 GeSiGeGeGeGeGeGeSiSiGeGeSiGeSiGeSiSiSiSiSiGeGeSiSiSiSiGeSiSiSiSiGeSiGeSiSiSiGeSiSiSiSiSiGeSiSiSiSiSiGeGeGeGeGeGeSiSiSiGe
   -27427.2832031250 GeSiGeGeGeGeGeGeSiSiGeGeSiGeSiGeSiSiSiSiSiGeGeSiSiSiSiGeSiSiSiSiGeSiGeSiSiSiGeSiSiSiSiSiGeSiSiSiSiSiGeGeGeGeGeGeSiSiSiGe
   -27427.2832031250 GeSiGeGeGeGeGeGeSiSiGeGeSiGeSiGeSiSiSiSiSiGeGeSiSiSiSiGeSiSiSiSiGeSiGeSiSiSiGeSiSiSiSiSiGeSiSiSiSiSiGeGeGeGeGeGeSiSiSiGe
   -27427.2832031250 GeSiGeGeGeGeGeGeSiSiGeGeSiGeSiGeSiSiSiSiSiGeGeSiSiSiSiGeSiSiSiSiGeSiGeSiSiSiGeSiSiSiSiSiGeSiSiSiSiSiGeGeGeGeGeGeSiSiSiGe
   -27555.6367187500 GeSiGeGeGeGeGeGeSiSiGeGeSiSiSiGeSiSiSiSiSiGeGeSiSiSiSiGeSiSiSiSiGeSiGeSiSiGeGeSiGeSiSiSiSiSiSiSiSiSiSiGeGeGeGeGeSiSiGeGe
   -27555.6367187500 GeSiGeGeGeGeGeGeSiSiGeGeSiSiSiGeSiSiSiSiSiGeGeSiSiSiSiGeSiSiSiSiGeSiGeSiSiGeGeSiGeSiSiSiSiSiSiSiSiSiSiGeGeGeGeGeSiSiGeGe
   -27555.6367187500 GeSiGeGeGeGeGeGeSiSiGeGeSiSiSiGeSiSiSiSiSiGeGeSiSiSiSiGeSiSiSiSiGeSiGeSiSiGeGeSiGeSiSiSiSiSiSiSiSiSiSiGeGeGeGeGeSiSiGeGe
   -27555.6367187500 GeSiGeGeGeGeGeGeSiSiGeGeSiSiSiGeSiSiSiSiSiGeGeSiSiSiSiGeSiSiSiSiGeSiGeSiSiGeGeSiGeSiSiSiSiSiSiSiSiSiSiGeGeGeGeGeSiSiGeGe
   -27555.6367187500 GeSiGeGeGeGeGeGeSiSiGeGeSiSiSiGeSiSiSiSiSiGeGeSiSiSiSiGeSiSiSiSiGeSiGeSiSiGeGeSiGeSiSiSiSiSiSiSiSiSiSiGeGeGeGeGeSiSiGeGe
   -27555.6367187500 GeSiGeGeGeGeGeGeSiSiGeGeSiSiSiGeSiSiSiSiSiGeGeSiSiSiSiGeSiSiSiSiGeSiGeSiSiGeGeSiGeSiSiSiSiSiSiSiSiSiSiGeGeGeGeGeSiSiGeGe
   -27555.6367187500 GeSiGeGeGeGeGeGeSiSiGeGeSiSiSiGeSiSiSiSiSiGeGeSiSiSiSiGeSiSiSiSiGeSiGeSiSiGeGeSiGeSiSiSiSiSiSiSiSiSiSiGeGeGeGeGeSiSiGeGe
   -27555.6367187500 GeSiGeGeGeGeGeGeSiSiGeGeSiSiSiGeSiSiSiSiSiGeGeSiSiSiSiGeSiSiSiSiGeSiGeSiSiGeGeSiGeSiSiSiSiSiSiSiSiSiSiGeGeGeGeGeSiSiGeGe
   -27555.6367187500 GeSiGeGeGeGeGeGeSiSiGeGeSiSiSiGeSiSiSiSiSiGeGeSiSiSiSiGeSiSiSiSiGeSiGeSiSiGeGeSiGeSiSiSiSiSiSiSiSiSiSiGeGeGeGeGeSiSiGeGe
   -27555.6367187500 GeSiGeGeGeGeGeGeSiSiGeGeSiSiSiGeSiSiSiSiSiGeGeSiSiSiSiGeSiSiSiSiGeSiGeSiSiGeGeSiGeSiSiSiSiSiSiSiSiSiSiGeGeGeGeGeSiSiGeGe
   -27555.6367187500 GeSiGeGeGeGeGeGeSiSiGeGeSiSiSiGeSiSiSiSiSiGeGeSiSiSiSiGeSiSiSiSiGeSiGeSiSiGeGeSiGeSiSiSiSiSiSiSiSiSiSiGeGeGeGeGeSiSiGeGe
   -27555.6367187500 GeSiGeGeGeGeGeGeSiSiGeGeSiSiSiGeSiSiSiSiSiGeGeSiSiSiSiGeSiSiSiSiGeSiGeSiSiGeGeSiGeSiSiSiSiSiSiSiSiSiSiGeGeGeGeGeSiSiGeGe
   -27555.6367187500 GeSiGeGeGeGeGeGeSiSiGeGeSiSiSiGeSiSiSiSiSiGeGeSiSiSiSiGeSiSiSiSiGeSiGeSiSiGeGeSiGeSiSiSiSiSiSiSiSiSiSiGeGeGeGeGeSiSiGeGe
   -27555.6367187500 GeSiGeGeGeGeGeGeSiSiGeGeSiSiSiGeSiSiSiSiSiGeGeSiSiSiSiGeSiSiSiSiGeSiGeSiSiGeGeSiGeSiSiSiSiSiSiSiSiSiSiGeGeGeGeGeSiSiGeGe
   -27555.6367187500 GeSiGeGeGeGeGeGeSiSiGeGeSiSiSiGeSiSiSiSiSiGeGeSiSiSiSiGeSiSiSiSiGeSiGeSiSiGeGeSiGeSiSiSiSiSiSiSiSiSiSiGeGeGeGeGeSiSiGeGe
   -27555.6367187500 GeSiGeGeGeGeGeGeSiSiGeGeSiSiSiGeSiSiSiSiSiGeGeSiSiSiSiGeSiSiSiSiGeSiGeSiSiGeGeSiGeSiSiSiSiSiSiSiSiSiSiGeGeGeGeGeSiSiGeGe
   -27555.6367187500 GeSiGeGeGeGeGeGeSiSiGeGeSiSiSiGeSiSiSiSiSiGeGeSiSiSiSiGeSiSiSiSiGeSiGeSiSiGeGeSiGeSiSiSiSiSiSiSiSiSiSiGeGeGeGeGeSiSiGeGe
   -27555.6367187500 GeSiGeGeGeGeGeGeSiSiGeGeSiSiSiGeSiSiSiSiSiGeGeSiSiSiSiGeSiSiSiSiGeSiGeSiSiGeGeSiGeSiSiSiSiSiSiSiSiSiSiGeGeGeGeGeSiSiGeGe
   -27555.6367187500 GeSiGeGeGeGeGeGeSiSiGeGeSiSiSiGeSiSiSiSiSiGeGeSiSiSiSiGeSiSiSiSiGeSiGeSiSiGeGeSiGeSiSiSiSiSiSiSiSiSiSiGeGeGeGeGeSiSiGeGe
   -27555.6367187500 GeSiGeGeGeGeGeGeSiSiGeGeSiSiSiGeSiSiSiSiSiGeGeSiSiSiSiGeSiSiSiSiGeSiGeSiSiGeGeSiGeSiSiSiSiSiSiSiSiSiSiGeGeGeGeGeSiSiGeGe
   -27555.6367187500 GeSiGeGeGeGeGeGeSiSiGeGeSiSiSiGeSiSiSiSiSiGeGeSiSiSiSiGeSiSiSiSiGeSiGeSiSiGeGeSiGeSiSiSiSiSiSiSiSiSiSiGeGeGeGeGeSiSiGeGe
   -27555.6367187500 GeSiGeGeGeGeGeGeSiSiGeGeSiSiSiGeSiSiSiSiSiGeGeSiSiSiSiGeSiSiSiSiGeSiGeSiSiGeGeSiGeSiSiSiSiSiSiSiSiSiSiGeGeGeGeGeSiSiGeGe
   -27555.6367187500 GeSiGeGeGeGeGeGeSiSiGeGeSiSiSiGeSiSiSiSiSiGeGeSiSiSiSiGeSiSiSiSiGeSiGeSiSiGeGeSiGeSiSiSiSiSiSiSiSiSiSiGeGeGeGeGeSiSiGeGe
   -27555.6367187500 GeSiGeGeGeGeGeGeSiSiGeGeSiSiSiGeSiSiSiSiSiGeGeSiSiSiSiGeSiSiSiSiGeSiGeSiSiGeGeSiGeSiSiSiSiSiSiSiSiSiSiGeGeGeGeGeSiSiGeGe
   -27555.6367187500 GeSiGeGeGeGeGeGeSiSiGeGeSiSiSiGeSiSiSiSiSiGeGeSiSiSiSiGeSiSiSiSiGeSiGeSiSiGeGeSiGeSiSiSiSiSiSiSiSiSiSiGeGeGeGeGeSiSiGeGe
   -27555.6367187500 GeSiGeGeGeGeGeGeSiSiGeGeSiSiSiGeSiSiSiSiSiGeGeSiSiSiSiGeSiSiSiSiGeSiGeSiSiGeGeSiGeSiSiSiSiSiSiSiSiSiSiGeGeGeGeGeSiSiGeGe
   -27555.6367187500 GeSiGeGeGeGeGeGeSiSiGeGeSiSiSiGeSiSiSiSiSiGeGeSiSiSiSiGeSiSiSiSiGeSiGeSiSiGeGeSiGeSiSiSiSiSiSiSiSiSiSiGeGeGeGeGeSiSiGeGe
   -27555.6367187500 GeSiGeGeGeGeGeGeSiSiGeGeSiSiSiGeSiSiSiSiSiGeGeSiSiSiSiGeSiSiSiSiGeSiGeSiSiGeGeSiGeSiSiSiSiSiSiSiSiSiSiGeGeGeGeGeSiSiGeGe
   -27555.6367187500 GeSiGeGeGeGeGeGeSiSiGeGeSiSiSiGeSiSiSiSiSiGeGeSiSiSiSiGeSiSiSiSiGeSiGeSiSiGeGeSiGeSiSiSiSiSiSiSiSiSiSiGeGeGeGeGeSiSiGeGe
   -27555.6367187500 GeSiGeGeGeGeGeGeSiSiGeGeSiSiSiGeSiSiSiSiSiGeGeSiSiSiSiGeSiSiSiSiGeSiGeSiSiGeGeSiGeSiSiSiSiSiSiSiSiSiSiGeGeGeGeGeSiSiGeGe
   -27555.6367187500 GeSiGeGeGeGeGeGeSiSiGeGeSiSiSiGeSiSiSiSiSiGeGeSiSiSiSiGeSiSiSiSiGeSiGeSiSiGeGeSiGeSiSiSiSiSiSiSiSiSiSiGeGeGeGeGeSiSiGeGe
   -27555.6367187500 GeSiGeGeGeGeGeGeSiSiGeGeSiSiSiGeSiSiSiSiSiGeGeSiSiSiSiGeSiSiSiSiGeSiGeSiSiGeGeSiGeSiSiSiSiSiSiSiSiSiSiGeGeGeGeGeSiSiGeGe
   -27555.6367187500 GeSiGeGeGeGeGeGeSiSiGeGeSiSiSiGeSiSiSiSiSiGeGeSiSiSiSiGeSiSiSiSiGeSiGeSiSiGeGeSiGeSiSiSiSiSiSiSiSiSiSiGeGeGeGeGeSiSiGeGe
   -27555.6367187500 GeSiGeGeGeGeGeGeSiSiGeGeSiSiSiGeSiSiSiSiSiGeGeSiSiSiSiGeSiSiSiSiGeSiGeSiSiGeGeSiGeSiSiSiSiSiSiSiSiSiSiGeGeGeGeGeSiSiGeGe
   -27555.6367187500 GeSiGeGeGeGeGeGeSiSiGeGeSiSiSiGeSiSiSiSiSiGeGeSiSiSiSiGeSiSiSiSiGeSiGeSiSiGeGeSiGeSiSiSiSiSiSiSiSiSiSiGeGeGeGeGeSiSiGeGe
   -27555.6367187500 GeSiGeGeGeGeGeGeSiSiGeGeSiSiSiGeSiSiSiSiSiGeGeSiSiSiSiGeSiSiSiSiGeSiGeSiSiGeGeSiGeSiSiSiSiSiSiSiSiSiSiGeGeGeGeGeSiSiGeGe
   -27555.6367187500 GeSiGeGeGeGeGeGeSiSiGeGeSiSiSiGeSiSiSiSiSiGeGeSiSiSiSiGeSiSiSiSiGeSiGeSiSiGeGeSiGeSiSiSiSiSiSiSiSiSiSiGeGeGeGeGeSiSiGeGe
   -27555.6367187500 GeSiGeGeGeGeGeGeSiSiGeGeSiSiSiGeSiSiSiSiSiGeGeSiSiSiSiGeSiSiSiSiGeSiGeSiSiGeGeSiGeSiSiSiSiSiSiSiSiSiSiGeGeGeGeGeSiSiGeGe
   -27555.6367187500 GeSiGeGeGeGeGeGeSiSiGeGeSiSiSiGeSiSiSiSiSiGeGeSiSiSiSiGeSiSiSiSiGeSiGeSiSiGeGeSiGeSiSiSiSiSiSiSiSiSiSiGeGeGeGeGeSiSiGeGe
   -27555.6367187500 GeSiGeGeGeGeGeGeSiSiGeGeSiSiSiGeSiSiSiSiSiGeGeSiSiSiSiGeSiSiSiSiGeSiGeSiSiGeGeSiGeSiSiSiSiSiSiSiSiSiSiGeGeGeGeGeSiSiGeGe
   -27555.6367187500 GeSiGeGeGeGeGeGeSiSiGeGeSiSiSiGeSiSiSiSiSiGeGeSiSiSiSiGeSiSiSiSiGeSiGeSiSiGeGeSiGeSiSiSiSiSiSiSiSiSiSiGeGeGeGeGeSiSiGeGe
   -27555.6367187500 GeSiGeGeGeGeGeGeSiSiGeGeSiSiSiGeSiSiSiSiSiGeGeSiSiSiSiGeSiSiSiSiGeSiGeSiSiGeGeSiGeSiSiSiSiSiSiSiSiSiSiGeGeGeGeGeSiSiGeGe
   -27555.6367187500 GeSiGeGeGeGeGeGeSiSiGeGeSiSiSiGeSiSiSiSiSiGeGeSiSiSiSiGeSiSiSiSiGeSiGeSiSiGeGeSiGeSiSiSiSiSiSiSiSiSiSiGeGeGeGeGeSiSiGeGe
   -27555.6367187500 GeSiGeGeGeGeGeGeSiSiGeGeSiSiSiGeSiSiSiSiSiGeGeSiSiSiSiGeSiSiSiSiGeSiGeSiSiGeGeSiGeSiSiSiSiSiSiSiSiSiSiGeGeGeGeGeSiSiGeGe
   -27555.6367187500 GeSiGeGeGeGeGeGeSiSiGeGeSiSiSiGeSiSiSiSiSiGeGeSiSiSiSiGeSiSiSiSiGeSiGeSiSiGeGeSiGeSiSiSiSiSiSiSiSiSiSiGeGeGeGeGeSiSiGeGe
   -27555.6367187500 GeSiGeGeGeGeGeGeSiSiGeGeSiSiSiGeSiSiSiSiSiGeGeSiSiSiSiGeSiSiSiSiGeSiGeSiSiGeGeSiGeSiSiSiSiSiSiSiSiSiSiGeGeGeGeGeSiSiGeGe
   -27555.6367187500 GeSiGeGeGeGeGeGeSiSiGeGeSiSiSiGeSiSiSiSiSiGeGeSiSiSiSiGeSiSiSiSiGeSiGeSiSiGeGeSiGeSiSiSiSiSiSiSiSiSiSiGeGeGeGeGeSiSiGeGe
   -27555.6367187500 GeSiGeGeGeGeGeGeSiSiGeGeSiSiSiGeSiSiSiSiSiGeGeSiSiSiSiGeSiSiSiSiGeSiGeSiSiGeGeSiGeSiSiSiSiSiSiSiSiSiSiGeGeGeGeGeSiSiGeGe
   -27555.6367187500 GeSiGeGeGeGeGeGeSiSiGeGeSiSiSiGeSiSiSiSiSiGeGeSiSiSiSiGeSiSiSiSiGeSiGeSiSiGeGeSiGeSiSiSiSiSiSiSiSiSiSiGeGeGeGeGeSiSiGeGe
   -27555.6367187500 GeSiGeGeGeGeGeGeSiSiGeGeSiSiSiGeSiSiSiSiSiGeGeSiSiSiSiGeSiSiSiSiGeSiGeSiSiGeGeSiGeSiSiSiSiSiSiSiSiSiSiGeGeGeGeGeSiSiGeGe
   -27555.6367187500 GeSiGeGeGeGeGeGeSiSiGeGeSiSiSiGeSiSiSiSiSiGeGeSiSiSiSiGeSiSiSiSiGeSiGeSiSiGeGeSiGeSiSiSiSiSiSiSiSiSiSiGeGeGeGeGeSiSiGeGe
   -27555.6367187500 GeSiGeGeGeGeGeGeSiSiGeGeSiSiSiGeSiSiSiSiSiGeGeSiSiSiSiGeSiSiSiSiGeSiGeSiSiGeGeSiGeSiSiSiSiSiSiSiSiSiSiGeGeGeGeGeSiSiGeGe
   -27555.6367187500 GeSiGeGeGeGeGeGeSiSiGeGeSiSiSiGeSiSiSiSiSiGeGeSiSiSiSiGeSiSiSiSiGeSiGeSiSiGeGeSiGeSiSiSiSiSiSiSiSiSiSiGeGeGeGeGeSiSiGeGe
   -27555.6367187500 GeSiGeGeGeGeGeGeSiSiGeGeSiSiSiGeSiSiSiSiSiGeGeSiSiSiSiGeSiSiSiSiGeSiGeSiSiGeGeSiGeSiSiSiSiSiSiSiSiSiSiGeGeGeGeGeSiSiGeGe
   -27555.6367187500 GeSiGeGeGeGeGeGeSiSiGeGeSiSiSiGeSiSiSiSiSiGeGeSiSiSiSiGeSiSiSiSiGeSiGeSiSiGeGeSiGeSiSiSiSiSiSiSiSiSiSiGeGeGeGeGeSiSiGeGe
   -27555.6367187500 GeSiGeGeGeGeGeGeSiSiGeGeSiSiSiGeSiSiSiSiSiGeGeSiSiSiSiGeSiSiSiSiGeSiGeSiSiGeGeSiGeSiSiSiSiSiSiSiSiSiSiGeGeGeGeGeSiSiGeGe
   -27555.6367187500 GeSiGeGeGeGeGeGeSiSiGeGeSiSiSiGeSiSiSiSiSiGeGeSiSiSiSiGeSiSiSiSiGeSiGeSiSiGeGeSiGeSiSiSiSiSiSiSiSiSiSiGeGeGeGeGeSiSiGeGe
   -27555.6367187500 GeSiGeGeGeGeGeGeSiSiGeGeSiSiSiGeSiSiSiSiSiGeGeSiSiSiSiGeSiSiSiSiGeSiGeSiSiGeGeSiGeSiSiSiSiSiSiSiSiSiSiGeGeGeGeGeSiSiGeGe
   -27555.6367187500 GeSiGeGeGeGeGeGeSiSiGeGeSiSiSiGeSiSiSiSiSiGeGeSiSiSiSiGeSiSiSiSiGeSiGeSiSiGeGeSiGeSiSiSiSiSiSiSiSiSiSiGeGeGeGeGeSiSiGeGe
   -27555.6367187500 GeSiGeGeGeGeGeGeSiSiGeGeSiSiSiGeSiSiSiSiSiGeGeSiSiSiSiGeSiSiSiSiGeSiGeSiSiGeGeSiGeSiSiSiSiSiSiSiSiSiSiGeGeGeGeGeSiSiGeGe
   -27555.6367187500 GeSiGeGeGeGeGeGeSiSiGeGeSiSiSiGeSiSiSiSiSiGeGeSiSiSiSiGeSiSiSiSiGeSiGeSiSiGeGeSiGeSiSiSiSiSiSiSiSiSiSiGeGeGeGeGeSiSiGeGe
   -27555.6367187500 GeSiGeGeGeGeGeGeSiSiGeGeSiSiSiGeSiSiSiSiSiGeGeSiSiSiSiGeSiSiSiSiGeSiGeSiSiGeGeSiGeSiSiSiSiSiSiSiSiSiSiGeGeGeGeGeSiSiGeGe
   -27555.6367187500 GeSiGeGeGeGeGeGeSiSiGeGeSiSiSiGeSiSiSiSiSiGeGeSiSiSiSiGeSiSiSiSiGeSiGeSiSiGeGeSiGeSiSiSiSiSiSiSiSiSiSiGeGeGeGeGeSiSiGeGe
   -27555.6367187500 GeSiGeGeGeGeGeGeSiSiGeGeSiSiSiGeSiSiSiSiSiGeGeSiSiSiSiGeSiSiSiSiGeSiGeSiSiGeGeSiGeSiSiSiSiSiSiSiSiSiSiGeGeGeGeGeSiSiGeGe
   -27555.6367187500 GeSiGeGeGeGeGeGeSiSiGeGeSiSiSiGeSiSiSiSiSiGeGeSiSiSiSiGeSiSiSiSiGeSiGeSiSiGeGeSiGeSiSiSiSiSiSiSiSiSiSiGeGeGeGeGeSiSiGeGe
   -27555.6367187500 GeSiGeGeGeGeGeGeSiSiGeGeSiSiSiGeSiSiSiSiSiGeGeSiSiSiSiGeSiSiSiSiGeSiGeSiSiGeGeSiGeSiSiSiSiSiSiSiSiSiSiGeGeGeGeGeSiSiGeGe
   -27555.6367187500 GeSiGeGeGeGeGeGeSiSiGeGeSiSiSiGeSiSiSiSiSiGeGeSiSiSiSiGeSiSiSiSiGeSiGeSiSiGeGeSiGeSiSiSiSiSiSiSiSiSiSiGeGeGeGeGeSiSiGeGe
   -27555.6367187500 GeSiGeGeGeGeGeGeSiSiGeGeSiSiSiGeSiSiSiSiSiGeGeSiSiSiSiGeSiSiSiSiGeSiGeSiSiGeGeSiGeSiSiSiSiSiSiSiSiSiSiGeGeGeGeGeSiSiGeGe
   -27555.6367187500 GeSiGeGeGeGeGeGeSiSiGeGeSiSiSiGeSiSiSiSiSiGeGeSiSiSiSiGeSiSiSiSiGeSiGeSiSiGeGeSiGeSiSiSiSiSiSiSiSiSiSiGeGeGeGeGeSiSiGeGe
   -27555.6367187500 GeSiGeGeGeGeGeGeSiSiGeGeSiSiSiGeSiSiSiSiSiGeGeSiSiSiSiGeSiSiSiSiGeSiGeSiSiGeGeSiGeSiSiSiSiSiSiSiSiSiSiGeGeGeGeGeSiSiGeGe
   -27555.6367187500 GeSiGeGeGeGeGeGeSiSiGeGeSiSiSiGeSiSiSiSiSiGeGeSiSiSiSiGeSiSiSiSiGeSiGeSiSiGeGeSiGeSiSiSiSiSiSiSiSiSiSiGeGeGeGeGeSiSiGeGe
   -27555.6367187500 GeSiGeGeGeGeGeGeSiSiGeGeSiSiSiGeSiSiSiSiSiGeGeSiSiSiSiGeSiSiSiSiGeSiGeSiSiGeGeSiGeSiSiSiSiSiSiSiSiSiSiGeGeGeGeGeSiSiGeGe
   -27555.6367187500 GeSiGeGeGeGeGeGeSiSiGeGeSiSiSiGeSiSiSiSiSiGeGeSiSiSiSiGeSiSiSiSiGeSiGeSiSiGeGeSiGeSiSiSiSiSiSiSiSiSiSiGeGeGeGeGeSiSiGeGe
   -27555.6367187500 GeSiGeGeGeGeGeGeSiSiGeGeSiSiSiGeSiSiSiSiSiGeGeSiSiSiSiGeSiSiSiSiGeSiGeSiSiGeGeSiGeSiSiSiSiSiSiSiSiSiSiGeGeGeGeGeSiSiGeGe
   -27555.6367187500 GeSiGeGeGeGeGeGeSiSiGeGeSiSiSiGeSiSiSiSiSiGeGeSiSiSiSiGeSiSiSiSiGeSiGeSiSiGeGeSiGeSiSiSiSiSiSiSiSiSiSiGeGeGeGeGeSiSiGeGe
   -27555.6367187500 GeSiGeGeGeGeGeGeSiSiGeGeSiSiSiGeSiSiSiSiSiGeGeSiSiSiSiGeSiSiSiSiGeSiGeSiSiGeGeSiGeSiSiSiSiSiSiSiSiSiSiGeGeGeGeGeSiSiGeGe
   -27555.6367187500 GeSiGeGeGeGeGeGeSiSiGeGeSiSiSiGeSiSiSiSiSiGeGeSiSiSiSiGeSiSiSiSiGeSiGeSiSiGeGeSiGeSiSiSiSiSiSiSiSiSiSiGeGeGeGeGeSiSiGeGe
   -27555.6367187500 GeSiGeGeGeGeGeGeSiSiGeGeSiSiSiGeSiSiSiSiSiGeGeSiSiSiSiGeSiSiSiSiGeSiGeSiSiGeGeSiGeSiSiSiSiSiSiSiSiSiSiGeGeGeGeGeSiSiGeGe
   -27555.6367187500 GeSiGeGeGeGeGeGeSiSiGeGeSiSiSiGeSiSiSiSiSiGeGeSiSiSiSiGeSiSiSiSiGeSiGeSiSiGeGeSiGeSiSiSiSiSiSiSiSiSiSiGeGeGeGeGeSiSiGeGe
   -27555.6367187500 GeSiGeGeGeGeGeGeSiSiGeGeSiSiSiGeSiSiSiSiSiGeGeSiSiSiSiGeSiSiSiSiGeSiGeSiSiGeGeSiGeSiSiSiSiSiSiSiSiSiSiGeGeGeGeGeSiSiGeGe
   -27555.6367187500 GeSiGeGeGeGeGeGeSiSiGeGeSiSiSiGeSiSiSiSiSiGeGeSiSiSiSiGeSiSiSiSiGeSiGeSiSiGeGeSiGeSiSiSiSiSiSiSiSiSiSiGeGeGeGeGeSiSiGeGe
   -27555.6367187500 GeSiGeGeGeGeGeGeSiSiGeGeSiSiSiGeSiSiSiSiSiGeGeSiSiSiSiGeSiSiSiSiGeSiGeSiSiGeGeSiGeSiSiSiSiSiSiSiSiSiSiGeGeGeGeGeSiSiGeGe
   -27555.6367187500 GeSiGeGeGeGeGeGeSiSiGeGeSiSiSiGeSiSiSiSiSiGeGeSiSiSiSiGeSiSiSiSiGeSiGeSiSiGeGeSiGeSiSiSiSiSiSiSiSiSiSiGeGeGeGeGeSiSiGeGe
   -27555.6367187500 GeSiGeGeGeGeGeGeSiSiGeGeSiSiSiGeSiSiSiSiSiGeGeSiSiSiSiGeSiSiSiSiGeSiGeSiSiGeGeSiGeSiSiSiSiSiSiSiSiSiSiGeGeGeGeGeSiSiGeGe
   -27555.6367187500 GeSiGeGeGeGeGeGeSiSiGeGeSiSiSiGeSiSiSiSiSiGeGeSiSiSiSiGeSiSiSiSiGeSiGeSiSiGeGeSiGeSiSiSiSiSiSiSiSiSiSiGeGeGeGeGeSiSiGeGe
   -27555.6367187500 GeSiGeGeGeGeGeGeSiSiGeGeSiSiSiGeSiSiSiSiSiGeGeSiSiSiSiGeSiSiSiSiGeSiGeSiSiGeGeSiGeSiSiSiSiSiSiSiSiSiSiGeGeGeGeGeSiSiGeGe
   -27555.6367187500 GeSiGeGeGeGeGeGeSiSiGeGeSiSiSiGeSiSiSiSiSiGeGeSiSiSiSiGeSiSiSiSiGeSiGeSiSiGeGeSiGeSiSiSiSiSiSiSiSiSiSiGeGeGeGeGeSiSiGeGe
   -27555.6367187500 GeSiGeGeGeGeGeGeSiSiGeGeSiSiSiGeSiSiSiSiSiGeGeSiSiSiSiGeSiSiSiSiGeSiGeSiSiGeGeSiGeSiSiSiSiSiSiSiSiSiSiGeGeGeGeGeSiSiGeGe
   -27555.6367187500 GeSiGeGeGeGeGeGeSiSiGeGeSiSiSiGeSiSiSiSiSiGeGeSiSiSiSiGeSiSiSiSiGeSiGeSiSiGeGeSiGeSiSiSiSiSiSiSiSiSiSiGeGeGeGeGeSiSiGeGe
   -27555.6367187500 GeSiGeGeGeGeGeGeSiSiGeGeSiSiSiGeSiSiSiSiSiGeGeSiSiSiSiGeSiSiSiSiGeSiGeSiSiGeGeSiGeSiSiSiSiSiSiSiSiSiSiGeGeGeGeGeSiSiGeGe
   -27555.6367187500 GeSiGeGeGeGeGeGeSiSiGeGeSiSiSiGeSiSiSiSiSiGeGeSiSiSiSiGeSiSiSiSiGeSiGeSiSiGeGeSiGeSiSiSiSiSiSiSiSiSiSiGeGeGeGeGeSiSiGeGe
   -27555.6367187500 GeSiGeGeGeGeGeGeSiSiGeGeSiSiSiGeSiSiSiSiSiGeGeSiSiSiSiGeSiSiSiSiGeSiGeSiSiGeGeSiGeSiSiSiSiSiSiSiSiSiSiGeGeGeGeGeSiSiGeGe
   -27555.6367187500 GeSiGeGeGeGeGeGeSiSiGeGeSiSiSiGeSiSiSiSiSiGeGeSiSiSiSiGeSiSiSiSiGeSiGeSiSiGeGeSiGeSiSiSiSiSiSiSiSiSiSiGeGeGeGeGeSiSiGeGe
   -27555.6367187500 GeSiGeGeGeGeGeGeSiSiGeGeSiSiSiGeSiSiSiSiSiGeGeSiSiSiSiGeSiSiSiSiGeSiGeSiSiGeGeSiGeSiSiSiSiSiSiSiSiSiSiGeGeGeGeGeSiSiGeGe
   -27555.6367187500 GeSiGeGeGeGeGeGeSiSiGeGeSiSiSiGeSiSiSiSiSiGeGeSiSiSiSiGeSiSiSiSiGeSiGeSiSiGeGeSiGeSiSiSiSiSiSiSiSiSiSiGeGeGeGeGeSiSiGeGe
   -27555.6367187500 GeSiGeGeGeGeGeGeSiSiGeGeSiSiSiGeSiSiSiSiSiGeGeSiSiSiSiGeSiSiSiSiGeSiGeSiSiGeGeSiGeSiSiSiSiSiSiSiSiSiSiGeGeGeGeGeSiSiGeGe
   -27555.6367187500 GeSiGeGeGeGeGeGeSiSiGeGeSiSiSiGeSiSiSiSiSiGeGeSiSiSiSiGeSiSiSiSiGeSiGeSiSiGeGeSiGeSiSiSiSiSiSiSiSiSiSiGeGeGeGeGeSiSiGeGe
   -27555.6367187500 GeSiGeGeGeGeGeGeSiSiGeGeSiSiSiGeSiSiSiSiSiGeGeSiSiSiSiGeSiSiSiSiGeSiGeSiSiGeGeSiGeSiSiSiSiSiSiSiSiSiSiGeGeGeGeGeSiSiGeGe
   -27555.6367187500 GeSiGeGeGeGeGeGeSiSiGeGeSiSiSiGeSiSiSiSiSiGeGeSiSiSiSiGeSiSiSiSiGeSiGeSiSiGeGeSiGeSiSiSiSiSiSiSiSiSiSiGeGeGeGeGeSiSiGeGe
   -27555.6367187500 GeSiGeGeGeGeGeGeSiSiGeGeSiSiSiGeSiSiSiSiSiGeGeSiSiSiSiGeSiSiSiSiGeSiGeSiSiGeGeSiGeSiSiSiSiSiSiSiSiSiSiGeGeGeGeGeSiSiGeGe
   -27555.6367187500 GeSiGeGeGeGeGeGeSiSiGeGeSiSiSiGeSiSiSiSiSiGeGeSiSiSiSiGeSiSiSiSiGeSiGeSiSiGeGeSiGeSiSiSiSiSiSiSiSiSiSiGeGeGeGeGeSiSiGeGe
   -27555.6367187500 GeSiGeGeGeGeGeGeSiSiGeGeSiSiSiGeSiSiSiSiSiGeGeSiSiSiSiGeSiSiSiSiGeSiGeSiSiGeGeSiGeSiSiSiSiSiSiSiSiSiSiGeGeGeGeGeSiSiGeGe
   -27555.6367187500 GeSiGeGeGeGeGeGeSiSiGeGeSiSiSiGeSiSiSiSiSiGeGeSiSiSiSiGeSiSiSiSiGeSiGeSiSiGeGeSiGeSiSiSiSiSiSiSiSiSiSiGeGeGeGeGeSiSiGeGe
   -27555.6367187500 GeSiGeGeGeGeGeGeSiSiGeGeSiSiSiGeSiSiSiSiSiGeGeSiSiSiSiGeSiSiSiSiGeSiGeSiSiGeGeSiGeSiSiSiSiSiSiSiSiSiSiGeGeGeGeGeSiSiGeGe
   -27555.6367187500 GeSiGeGeGeGeGeGeSiSiGeGeSiSiSiGeSiSiSiSiSiGeGeSiSiSiSiGeSiSiSiSiGeSiGeSiSiGeGeSiGeSiSiSiSiSiSiSiSiSiSiGeGeGeGeGeSiSiGeGe
   -27555.6367187500 GeSiGeGeGeGeGeGeSiSiGeGeSiSiSiGeSiSiSiSiSiGeGeSiSiSiSiGeSiSiSiSiGeSiGeSiSiGeGeSiGeSiSiSiSiSiSiSiSiSiSiGeGeGeGeGeSiSiGeGe
   -27555.6367187500 GeSiGeGeGeGeGeGeSiSiGeGeSiSiSiGeSiSiSiSiSiGeGeSiSiSiSiGeSiSiSiSiGeSiGeSiSiGeGeSiGeSiSiSiSiSiSiSiSiSiSiGeGeGeGeGeSiSiGeGe
   -27555.6367187500 GeSiGeGeGeGeGeGeSiSiGeGeSiSiSiGeSiSiSiSiSiGeGeSiSiSiSiGeSiSiSiSiGeSiGeSiSiGeGeSiGeSiSiSiSiSiSiSiSiSiSiGeGeGeGeGeSiSiGeGe
   -27555.6367187500 GeSiGeGeGeGeGeGeSiSiGeGeSiSiSiGeSiSiSiSiSiGeGeSiSiSiSiGeSiSiSiSiGeSiGeSiSiGeGeSiGeSiSiSiSiSiSiSiSiSiSiGeGeGeGeGeSiSiGeGe
   -27555.6367187500 GeSiGeGeGeGeGeGeSiSiGeGeSiSiSiGeSiSiSiSiSiGeGeSiSiSiSiGeSiSiSiSiGeSiGeSiSiGeGeSiGeSiSiSiSiSiSiSiSiSiSiGeGeGeGeGeSiSiGeGe
   -27555.6367187500 GeSiGeGeGeGeGeGeSiSiGeGeSiSiSiGeSiSiSiSiSiGeGeSiSiSiSiGeSiSiSiSiGeSiGeSiSiGeGeSiGeSiSiSiSiSiSiSiSiSiSiGeGeGeGeGeSiSiGeGe
   -27555.6367187500 GeSiGeGeGeGeGeGeSiSiGeGeSiSiSiGeSiSiSiSiSiGeGeSiSiSiSiGeSiSiSiSiGeSiGeSiSiGeGeSiGeSiSiSiSiSiSiSiSiSiSiGeGeGeGeGeSiSiGeGe
   -27555.6367187500 GeSiGeGeGeGeGeGeSiSiGeGeSiSiSiGeSiSiSiSiSiGeGeSiSiSiSiGeSiSiSiSiGeSiGeSiSiGeGeSiGeSiSiSiSiSiSiSiSiSiSiGeGeGeGeGeSiSiGeGe
   -27555.6367187500 GeSiGeGeGeGeGeGeSiSiGeGeSiSiSiGeSiSiSiSiSiGeGeSiSiSiSiGeSiSiSiSiGeSiGeSiSiGeGeSiGeSiSiSiSiSiSiSiSiSiSiGeGeGeGeGeSiSiGeGe
   -27555.6367187500 GeSiGeGeGeGeGeGeSiSiGeGeSiSiSiGeSiSiSiSiSiGeGeSiSiSiSiGeSiSiSiSiGeSiGeSiSiGeGeSiGeSiSiSiSiSiSiSiSiSiSiGeGeGeGeGeSiSiGeGe
   -27555.6367187500 GeSiGeGeGeGeGeGeSiSiGeGeSiSiSiGeSiSiSiSiSiGeGeSiSiSiSiGeSiSiSiSiGeSiGeSiSiGeGeSiGeSiSiSiSiSiSiSiSiSiSiGeGeGeGeGeSiSiGeGe
   -27555.6367187500 GeSiGeGeGeGeGeGeSiSiGeGeSiSiSiGeSiSiSiSiSiGeGeSiSiSiSiGeSiSiSiSiGeSiGeSiSiGeGeSiGeSiSiSiSiSiSiSiSiSiSiGeGeGeGeGeSiSiGeGe
   -27555.6367187500 GeSiGeGeGeGeGeGeSiSiGeGeSiSiSiGeSiSiSiSiSiGeGeSiSiSiSiGeSiSiSiSiGeSiGeSiSiGeGeSiGeSiSiSiSiSiSiSiSiSiSiGeGeGeGeGeSiSiGeGe
   -27555.6367187500 GeSiGeGeGeGeGeGeSiSiGeGeSiSiSiGeSiSiSiSiSiGeGeSiSiSiSiGeSiSiSiSiGeSiGeSiSiGeGeSiGeSiSiSiSiSiSiSiSiSiSiGeGeGeGeGeSiSiGeGe
   -27555.6367187500 GeSiGeGeGeGeGeGeSiSiGeGeSiSiSiGeSiSiSiSiSiGeGeSiSiSiSiGeSiSiSiSiGeSiGeSiSiGeGeSiGeSiSiSiSiSiSiSiSiSiSiGeGeGeGeGeSiSiGeGe
   -27555.6367187500 GeSiGeGeGeGeGeGeSiSiGeGeSiSiSiGeSiSiSiSiSiGeGeSiSiSiSiGeSiSiSiSiGeSiGeSiSiGeGeSiGeSiSiSiSiSiSiSiSiSiSiGeGeGeGeGeSiSiGeGe
   -27555.6367187500 GeSiGeGeGeGeGeGeSiSiGeGeSiSiSiGeSiSiSiSiSiGeGeSiSiSiSiGeSiSiSiSiGeSiGeSiSiGeGeSiGeSiSiSiSiSiSiSiSiSiSiGeGeGeGeGeSiSiGeGe
   -27555.6367187500 GeSiGeGeGeGeGeGeSiSiGeGeSiSiSiGeSiSiSiSiSiGeGeSiSiSiSiGeSiSiSiSiGeSiGeSiSiGeGeSiGeSiSiSiSiSiSiSiSiSiSiGeGeGeGeGeSiSiGeGe
   -27555.6367187500 GeSiGeGeGeGeGeGeSiSiGeGeSiSiSiGeSiSiSiSiSiGeGeSiSiSiSiGeSiSiSiSiGeSiGeSiSiGeGeSiGeSiSiSiSiSiSiSiSiSiSiGeGeGeGeGeSiSiGeGe
   -27555.6367187500 GeSiGeGeGeGeGeGeSiSiGeGeSiSiSiGeSiSiSiSiSiGeGeSiSiSiSiGeSiSiSiSiGeSiGeSiSiGeGeSiGeSiSiSiSiSiSiSiSiSiSiGeGeGeGeGeSiSiGeGe
   -27555.6367187500 GeSiGeGeGeGeGeGeSiSiGeGeSiSiSiGeSiSiSiSiSiGeGeSiSiSiSiGeSiSiSiSiGeSiGeSiSiGeGeSiGeSiSiSiSiSiSiSiSiSiSiGeGeGeGeGeSiSiGeGe
   -27555.6367187500 GeSiGeGeGeGeGeGeSiSiGeGeSiSiSiGeSiSiSiSiSiGeGeSiSiSiSiGeSiSiSiSiGeSiGeSiSiGeGeSiGeSiSiSiSiSiSiSiSiSiSiGeGeGeGeGeSiSiGeGe
   -27555.6367187500 GeSiGeGeGeGeGeGeSiSiGeGeSiSiSiGeSiSiSiSiSiGeGeSiSiSiSiGeSiSiSiSiGeSiGeSiSiGeGeSiGeSiSiSiSiSiSiSiSiSiSiGeGeGeGeGeSiSiGeGe
   -27555.6367187500 GeSiGeGeGeGeGeGeSiSiGeGeSiSiSiGeSiSiSiSiSiGeGeSiSiSiSiGeSiSiSiSiGeSiGeSiSiGeGeSiGeSiSiSiSiSiSiSiSiSiSiGeGeGeGeGeSiSiGeGe
   -27555.6367187500 GeSiGeGeGeGeGeGeSiSiGeGeSiSiSiGeSiSiSiSiSiGeGeSiSiSiSiGeSiSiSiSiGeSiGeSiSiGeGeSiGeSiSiSiSiSiSiSiSiSiSiGeGeGeGeGeSiSiGeGe
   -27555.6367187500 GeSiGeGeGeGeGeGeSiSiGeGeSiSiSiGeSiSiSiSiSiGeGeSiSiSiSiGeSiSiSiSiGeSiGeSiSiGeGeSiGeSiSiSiSiSiSiSiSiSiSiGeGeGeGeGeSiSiGeGe
   -27555.6367187500 GeSiGeGeGeGeGeGeSiSiGeGeSiSiSiGeSiSiSiSiSiGeGeSiSiSiSiGeSiSiSiSiGeSiGeSiSiGeGeSiGeSiSiSiSiSiSiSiSiSiSiGeGeGeGeGeSiSiGeGe
   -27555.6367187500 GeSiGeGeGeGeGeGeSiSiGeGeSiSiSiGeSiSiSiSiSiGeGeSiSiSiSiGeSiSiSiSiGeSiGeSiSiGeGeSiGeSiSiSiSiSiSiSiSiSiSiGeGeGeGeGeSiSiGeGe
filename: c000001280574537.gin     
Cell:
    11.9020996    11.9020996    29.6919994    90.0000000    90.0000000   120.0000000
Box:
    11.9020996    -5.9510503     0.0000000
     0.0000000    10.3075209     0.0000000
     0.0000000     0.0000000    29.6919994
----------------------------------------
Inverse Box:
     0.0840188     0.0485083     0.0000000
     0.0000000     0.0970165     0.0000000
     0.0000000     0.0000000     0.0336791
----------------------------------------
==============================================
geometrical properties of  25 Ge:
 Configuration:           0
 D_ave:   9.23853683       3.48975825    
 D_min:   3.36859703      0.528266132    
 energia:  -27555.6367    
