Random Seed:  1492283053
Number of atoms:    60
Space Group:    1
Cell:
    11.9020996    11.9020996    29.6919994    90.0000000    90.0000000   120.0000000
Box:
    11.9020996    -5.9510503     0.0000000
     0.0000000    10.3075209     0.0000000
     0.0000000     0.0000000    29.6919994
----------------------------------------
Inverse Box:
     0.0840188     0.0485083     0.0000000
     0.0000000     0.0970165     0.0000000
     0.0000000     0.0000000     0.0336791
----------------------------------------
GeSiSiSiSiSiSiSiSiSiSiSiSiSiSiSiSiSiSiSiSiSiSiSiSiSiSiSiSiSiSiSiSiSiSiSiGeSiSiSiSiSiSiSiSiSiSiSiSiSiSiSiSiSiSiSiSiSiSiSi
           1 Ge    -7733.60059    
GeGeSiSiSiSiSiSiSiSiSiSiSiSiSiSiSiSiSiSiSiSiSiSiSiSiSiSiSiSiSiSiSiSiSiSiGeSiSiSiSiSiSiSiSiSiSiSiSiSiSiSiSiSiSiSiSiSiSiSi
           2 Ge    -7727.47803    
GeGeGeSiSiSiSiSiSiSiSiSiSiSiSiSiSiSiSiSiSiSiSiSiSiSiSiSiSiSiSiSiSiSiSiSiGeSiSiSiSiSiSiSiSiSiSiSiSiSiSiSiSiSiSiSiSiSiSiSi
           3 Ge    -7721.35010    
GeGeGeGeSiSiSiSiSiSiSiSiSiSiSiSiSiSiSiSiSiSiSiSiSiSiSiSiSiSiSiSiSiSiSiSiGeSiSiSiSiSiSiSiSiSiSiSiSiSiSiSiSiSiSiSiSiSiSiSi
           4 Ge    -7745.39990    
GeGeGeGeGeSiSiSiSiSiSiSiSiSiSiSiSiSiSiSiSiSiSiSiSiSiSiSiSiSiSiSiSiSiSiSiGeSiSiSiSiSiSiSiSiSiSiSiSiSiSiSiSiSiSiSiSiSiSiSi
           5 Ge    -7786.52588    
GeGeGeGeGeGeSiSiSiSiSiSiSiSiSiSiSiSiSiSiSiSiSiSiSiSiSiSiSiSiSiSiSiSiSiSiGeSiSiSiSiSiSiSiSiSiSiSiSiSiSiSiSiSiSiSiSiSiSiSi
           6 Ge    -7852.19043    
GeGeGeGeGeGeGeSiSiSiSiSiSiSiSiSiSiSiSiSiSiSiSiSiSiSiSiSiSiSiSiSiSiSiSiSiGeSiSiSiSiSiSiSiSiSiSiSiSiSiSiSiSiSiSiSiSiSiSiSi
           7 Ge    -8017.93896    
GeGeGeGeGeGeGeGeSiSiSiSiSiSiSiSiSiSiSiSiSiSiSiSiSiSiSiSiSiSiSiSiSiSiSiSiGeSiSiSiSiSiSiSiSiSiSiSiSiSiSiSiSiSiSiSiSiSiSiSi
           8 Ge    -7954.20068    
GeGeGeGeGeGeGeGeSiSiSiGeSiSiSiSiSiSiSiSiSiSiSiSiSiSiSiSiSiSiSiSiSiSiSiSiGeSiSiSiSiSiSiSiSiSiSiSiSiSiSiSiSiSiSiSiSiSiSiSi
          12 Ge    -8281.97168    
GeGeGeGeGeGeGeGeSiSiSiGeSiGeSiSiSiSiSiSiSiSiSiSiSiSiSiSiSiSiSiSiSiSiSiSiGeSiSiSiSiSiSiSiSiSiSiSiSiSiSiSiSiSiSiSiSiSiSiSi
          14 Ge    -8665.25098    
GeGeGeGeGeGeGeGeSiSiSiGeSiGeSiGeSiSiSiSiSiSiSiSiSiSiSiSiSiSiSiSiSiSiSiSiGeSiSiSiSiSiSiSiSiSiSiSiSiSiSiSiSiSiSiSiSiSiSiSi
          16 Ge    -9105.03223    
GeGeGeGeGeGeGeGeSiSiSiGeSiGeSiGeSiSiSiSiSiSiSiSiSiGeSiSiSiSiSiSiSiSiSiSiGeSiSiSiSiSiSiSiSiSiSiSiSiSiSiSiSiSiSiSiSiSiSiSi
          26 Ge    -8964.01660    
GeGeGeGeGeGeGeGeSiSiSiGeSiGeSiGeSiSiSiSiSiSiSiSiSiGeSiSiSiGeSiSiSiSiSiSiGeSiSiSiSiSiSiSiSiSiSiSiSiSiSiSiSiSiSiSiSiSiSiSi
          30 Ge    -8499.36816    
GeGeGeGeGeGeGeGeSiSiSiGeSiGeSiGeSiSiSiSiSiSiSiSiSiGeSiSiSiGeSiSiGeSiSiSiGeSiSiSiSiSiSiSiSiSiSiSiSiSiSiSiSiSiSiSiSiSiSiSi
          33 Ge    -8924.88184    
GeGeGeGeGeGeGeGeSiSiSiGeSiGeSiGeSiSiSiSiSiSiSiSiSiGeSiSiSiGeSiSiGeSiSiSiGeSiGeSiSiSiSiSiSiSiSiSiSiSiSiSiSiSiSiSiSiSiSiSi
          39 Ge    -9594.79297    
GeGeGeGeGeGeGeGeSiSiSiGeSiGeSiGeSiSiSiSiSiSiSiSiSiGeSiSiSiGeSiSiGeSiSiSiGeSiGeGeSiSiSiSiSiSiSiSiSiSiSiSiSiSiSiSiSiSiSiSi
          40 Ge    -9821.96289    
GeGeGeGeGeGeGeGeSiSiSiGeSiGeSiGeSiSiSiSiSiSiSiSiSiGeSiSiSiGeSiSiGeSiSiSiGeSiGeGeGeSiSiSiSiSiSiSiSiSiSiSiSiSiSiSiSiSiSiSi
          41 Ge    -10418.2207    
GeGeGeGeGeGeGeGeSiSiSiGeSiGeSiGeSiSiSiSiSiSiSiSiSiGeSiSiSiGeSiSiGeSiSiSiGeSiGeGeGeGeSiSiSiSiSiSiSiSiSiSiSiSiSiSiSiSiSiSi
          42 Ge    -8806.58008    
GeGeGeGeGeGeGeGeSiSiSiGeSiGeSiGeSiSiSiSiSiSiSiSiSiGeSiSiSiGeSiSiGeSiSiSiGeSiGeGeGeGeSiSiSiGeSiSiSiSiSiSiSiSiSiSiSiSiSiSi
          46 Ge    -8951.46680    
GeGeGeGeGeGeGeGeSiSiSiGeSiGeSiGeSiSiSiSiSiSiSiSiSiGeSiSiSiGeSiSiGeSiSiSiGeSiGeGeGeGeSiSiSiGeSiSiSiSiSiSiSiSiSiSiGeSiSiSi
          57 Ge    -10962.7422    
GeGeGeGeGeGeGeGeGeSiSiGeSiGeSiGeSiSiSiSiSiSiSiSiSiGeSiSiSiGeSiSiGeSiSiSiGeSiGeGeGeGeSiSiSiGeSiSiSiSiSiSiSiSiSiSiGeSiSiSi
           9 Ge    -11345.9141    
GeGeGeGeGeGeGeGeGeGeSiGeSiGeSiGeSiSiSiSiSiSiSiSiSiGeSiSiSiGeSiSiGeSiSiSiGeSiGeGeGeGeSiSiSiGeSiSiSiSiSiSiSiSiSiSiGeSiSiSi
          10 Ge    -10721.2207    
GeGeGeGeGeGeGeGeGeGeGeGeSiGeSiGeSiSiSiSiSiSiSiSiSiGeSiSiSiGeSiSiGeSiSiSiGeSiGeGeGeGeSiSiSiGeSiSiSiSiSiSiSiSiSiSiGeSiSiSi
          11 Ge    -10614.7051    
GeGeGeGeGeGeGeGeGeGeGeGeGeGeSiGeSiSiSiSiSiSiSiSiSiGeSiSiSiGeSiSiGeSiSiSiGeSiGeGeGeGeSiSiSiGeSiSiSiSiSiSiSiSiSiSiGeSiSiSi
          13 Ge    -7725.24854    
==============================================
MonteCarlo: Metropolis with identity changes
Si > Ge, Ge > Si. STOP when occurrence <    0.00000
==============================================
Cost_function     Occurrence %     Scan-Cost
   -12242.0292968750 GeSiSiSiSiGeSiSiSiSiSiSiSiGeGeSiGeSiSiGeGeGeGeGeGeSiSiSiGeSiSiSiSiGeGeGeSiSiSiSiGeGeSiGeGeGeGeSiSiSiSiSiSiGeGeSiSiSiGeGe
   -17108.1132812500 GeSiSiGeSiGeSiGeGeGeGeSiSiSiGeGeGeSiSiSiSiGeSiSiSiGeGeGeSiGeSiSiGeGeSiGeSiSiSiSiSiSiGeSiSiSiSiSiSiGeGeSiGeGeSiSiSiSiGeGe
   -18720.8203125000 GeSiSiGeSiGeSiGeSiGeGeSiSiSiGeGeGeSiSiSiSiGeSiSiSiGeGeGeSiGeSiSiGeGeGeGeSiSiSiSiSiSiGeSiSiSiSiSiSiGeGeSiGeGeSiSiSiSiGeGe
   -20157.8281250000 GeSiSiGeSiGeSiGeSiGeGeSiSiSiGeGeGeGeSiSiGeGeSiSiSiGeGeSiSiGeSiSiSiGeGeGeSiSiSiSiSiSiGeSiSiSiSiSiSiGeGeSiGeGeSiSiSiSiGeGe
   -21520.7578125000 GeGeSiGeSiGeSiGeSiGeGeSiSiSiGeGeGeGeSiSiGeGeSiSiSiGeGeSiSiGeSiSiSiGeGeGeSiSiSiSiSiSiSiSiSiSiSiSiSiGeGeSiGeGeSiSiSiSiGeGe
   -21520.7578125000 GeGeSiGeSiGeSiGeSiGeGeSiSiSiGeGeGeGeSiSiGeGeSiSiSiGeGeSiSiGeSiSiSiGeGeGeSiSiSiSiSiSiSiSiSiSiSiSiSiGeGeSiGeGeSiSiSiSiGeGe
   -21639.7265625000 GeGeSiGeSiGeSiGeSiGeGeSiSiSiGeGeGeGeSiSiSiGeSiSiSiGeGeSiSiGeSiSiSiGeGeGeSiSiSiSiSiSiSiSiGeSiSiSiSiGeGeSiGeGeSiSiSiSiGeGe
   -21639.7265625000 GeGeSiGeSiGeSiGeSiGeGeSiSiSiGeGeGeGeSiSiSiGeSiSiSiGeGeSiSiGeSiSiSiGeGeGeSiSiSiSiSiSiSiSiGeSiSiSiSiGeGeSiGeGeSiSiSiSiGeGe
   -23315.6015625000 GeSiSiGeSiGeSiGeSiGeGeSiGeSiSiGeSiSiSiGeGeSiGeSiSiSiSiSiSiSiSiSiSiSiSiSiSiGeGeSiSiSiGeSiGeGeSiGeGeGeGeGeGeGeGeGeSiSiSiSi
   -23315.6015625000 GeSiSiGeSiGeSiGeSiGeGeSiGeSiSiGeSiSiSiGeGeSiGeSiSiSiSiSiSiSiSiSiSiSiSiSiSiGeGeSiSiSiGeSiGeGeSiGeGeGeGeGeGeGeGeGeSiSiSiSi
   -23315.6015625000 GeSiSiGeSiGeSiGeSiGeGeSiGeSiSiGeSiSiSiGeGeSiGeSiSiSiSiSiSiSiSiSiSiSiSiSiSiGeGeSiSiSiGeSiGeGeSiGeGeGeGeGeGeGeGeGeSiSiSiSi
   -23315.6015625000 GeSiSiGeSiGeSiGeSiGeGeSiGeSiSiGeSiSiSiGeGeSiGeSiSiSiSiSiSiSiSiSiSiSiSiSiSiGeGeSiSiSiGeSiGeGeSiGeGeGeGeGeGeGeGeGeSiSiSiSi
   -23315.6015625000 GeSiSiGeSiGeSiGeSiGeGeSiGeSiSiGeSiSiSiGeGeSiGeSiSiSiSiSiSiSiSiSiSiSiSiSiSiGeGeSiSiSiGeSiGeGeSiGeGeGeGeGeGeGeGeGeSiSiSiSi
   -23315.6015625000 GeSiSiGeSiGeSiGeSiGeGeSiGeSiSiGeSiSiSiGeGeSiGeSiSiSiSiSiSiSiSiSiSiSiSiSiSiGeGeSiSiSiGeSiGeGeSiGeGeGeGeGeGeGeGeGeSiSiSiSi
   -23596.4023437500 GeGeSiGeSiGeSiGeSiGeGeSiGeSiSiGeSiSiSiGeGeSiGeSiSiSiSiSiSiSiSiSiSiSiSiSiSiGeGeSiSiSiSiSiGeGeSiGeGeGeGeGeSiGeGeGeSiGeSiSi
   -23596.4023437500 GeGeSiGeSiGeSiGeSiGeGeSiGeSiSiGeSiSiSiGeGeSiGeSiSiSiSiSiSiSiSiSiSiSiSiSiSiGeGeSiSiSiSiSiGeGeSiGeGeGeGeGeSiGeGeGeSiGeSiSi
   -23596.4023437500 GeGeSiGeSiGeSiGeSiGeGeSiGeSiSiGeSiSiSiGeGeSiGeSiSiSiSiSiSiSiSiSiSiSiSiSiSiGeGeSiSiSiSiSiGeGeSiGeGeGeGeGeSiGeGeGeSiGeSiSi
   -23596.4023437500 GeGeSiGeSiGeSiGeSiGeGeSiGeSiSiGeSiSiSiGeGeSiGeSiSiSiSiSiSiSiSiSiSiSiSiSiSiGeGeSiSiSiSiSiGeGeSiGeGeGeGeGeSiGeGeGeSiGeSiSi
   -23596.4023437500 GeGeSiGeSiGeSiGeSiGeGeSiGeSiSiGeSiSiSiGeGeSiGeSiSiSiSiSiSiSiSiSiSiSiSiSiSiGeGeSiSiSiSiSiGeGeSiGeGeGeGeGeSiGeGeGeSiGeSiSi
   -23596.4023437500 GeGeSiGeSiGeSiGeSiGeGeSiGeSiSiGeSiSiSiGeGeSiGeSiSiSiSiSiSiSiSiSiSiSiSiSiSiGeGeSiSiSiSiSiGeGeSiGeGeGeGeGeSiGeGeGeSiGeSiSi
   -24009.3261718750 GeGeSiGeSiGeSiGeSiGeGeSiGeSiSiGeSiSiSiGeGeSiGeSiGeSiSiSiSiSiSiSiSiSiSiSiSiGeGeSiSiSiSiSiGeGeSiGeGeGeGeGeSiGeSiGeSiGeSiSi
   -24009.3261718750 GeGeSiGeSiGeSiGeSiGeGeSiGeSiSiGeSiSiSiGeGeSiGeSiGeSiSiSiSiSiSiSiSiSiSiSiSiGeGeSiSiSiSiSiGeGeSiGeGeGeGeGeSiGeSiGeSiGeSiSi
   -24009.3261718750 GeGeSiGeSiGeSiGeSiGeGeSiGeSiSiGeSiSiSiGeGeSiGeSiGeSiSiSiSiSiSiSiSiSiSiSiSiGeGeSiSiSiSiSiGeGeSiGeGeGeGeGeSiGeSiGeSiGeSiSi
   -24009.3261718750 GeGeSiGeSiGeSiGeSiGeGeSiGeSiSiGeSiSiSiGeGeSiGeSiGeSiSiSiSiSiSiSiSiSiSiSiSiGeGeSiSiSiSiSiGeGeSiGeGeGeGeGeSiGeSiGeSiGeSiSi
   -25223.3574218750 GeGeSiGeSiGeSiGeSiGeGeGeSiSiSiGeSiSiSiGeGeSiGeSiGeSiSiSiSiSiSiSiSiSiSiSiSiGeGeSiSiSiSiSiGeGeSiGeGeGeGeGeSiGeSiGeSiGeSiSi
   -25223.3574218750 GeGeSiGeSiGeSiGeSiGeGeGeSiSiSiGeSiSiSiGeGeSiGeSiGeSiSiSiSiSiSiSiSiSiSiSiSiGeGeSiSiSiSiSiGeGeSiGeGeGeGeGeSiGeSiGeSiGeSiSi
   -25223.3574218750 GeGeSiGeSiGeSiGeSiGeGeGeSiSiSiGeSiSiSiGeGeSiGeSiGeSiSiSiSiSiSiSiSiSiSiSiSiGeGeSiSiSiSiSiGeGeSiGeGeGeGeGeSiGeSiGeSiGeSiSi
   -25223.3574218750 GeGeSiGeSiGeSiGeSiGeGeGeSiSiSiGeSiSiSiGeGeSiGeSiGeSiSiSiSiSiSiSiSiSiSiSiSiGeGeSiSiSiSiSiGeGeSiGeGeGeGeGeSiGeSiGeSiGeSiSi
   -25223.3574218750 GeGeSiGeSiGeSiGeSiGeGeGeSiSiSiGeSiSiSiGeGeSiGeSiGeSiSiSiSiSiSiSiSiSiSiSiSiGeGeSiSiSiSiSiGeGeSiGeGeGeGeGeSiGeSiGeSiGeSiSi
   -25223.3574218750 GeGeSiGeSiGeSiGeSiGeGeGeSiSiSiGeSiSiSiGeGeSiGeSiGeSiSiSiSiSiSiSiSiSiSiSiSiGeGeSiSiSiSiSiGeGeSiGeGeGeGeGeSiGeSiGeSiGeSiSi
   -25223.3574218750 GeGeSiGeSiGeSiGeSiGeGeGeSiSiSiGeSiSiSiGeGeSiGeSiGeSiSiSiSiSiSiSiSiSiSiSiSiGeGeSiSiSiSiSiGeGeSiGeGeGeGeGeSiGeSiGeSiGeSiSi
   -26336.4121093750 GeGeGeGeSiGeSiGeSiGeGeGeSiSiSiGeSiSiSiGeGeSiSiSiGeSiSiSiSiSiSiSiSiSiSiSiSiGeGeSiSiSiGeSiGeSiSiGeGeGeGeGeSiGeSiGeSiGeSiSi
   -26336.4121093750 GeGeGeGeSiGeSiGeSiGeGeGeSiSiSiGeSiSiSiGeGeSiSiSiGeSiSiSiSiSiSiSiSiSiSiSiSiGeGeSiSiSiGeSiGeSiSiGeGeGeGeGeSiGeSiGeSiGeSiSi
   -26336.4121093750 GeGeGeGeSiGeSiGeSiGeGeGeSiSiSiGeSiSiSiGeGeSiSiSiGeSiSiSiSiSiSiSiSiSiSiSiSiGeGeSiSiSiGeSiGeSiSiGeGeGeGeGeSiGeSiGeSiGeSiSi
   -26336.4121093750 GeGeGeGeSiGeSiGeSiGeGeGeSiSiSiGeSiSiSiGeGeSiSiSiGeSiSiSiSiSiSiSiSiSiSiSiSiGeGeSiSiSiGeSiGeSiSiGeGeGeGeGeSiGeSiGeSiGeSiSi
   -26336.4121093750 GeGeGeGeSiGeSiGeSiGeGeGeSiSiSiGeSiSiSiGeGeSiSiSiGeSiSiSiSiSiSiSiSiSiSiSiSiGeGeSiSiSiGeSiGeSiSiGeGeGeGeGeSiGeSiGeSiGeSiSi
   -26336.4121093750 GeGeGeGeSiGeSiGeSiGeGeGeSiSiSiGeSiSiSiGeGeSiSiSiGeSiSiSiSiSiSiSiSiSiSiSiSiGeGeSiSiSiGeSiGeSiSiGeGeGeGeGeSiGeSiGeSiGeSiSi
   -26336.4121093750 GeGeGeGeSiGeSiGeSiGeGeGeSiSiSiGeSiSiSiGeGeSiSiSiGeSiSiSiSiSiSiSiSiSiSiSiSiGeGeSiSiSiGeSiGeSiSiGeGeGeGeGeSiGeSiGeSiGeSiSi
   -26336.4121093750 GeGeGeGeSiGeSiGeSiGeGeGeSiSiSiGeSiSiSiGeGeSiSiSiGeSiSiSiSiSiSiSiSiSiSiSiSiGeGeSiSiSiGeSiGeSiSiGeGeGeGeGeSiGeSiGeSiGeSiSi
   -26336.4121093750 GeGeGeGeSiGeSiGeSiGeGeGeSiSiSiGeSiSiSiGeGeSiSiSiGeSiSiSiSiSiSiSiSiSiSiSiSiGeGeSiSiSiGeSiGeSiSiGeGeGeGeGeSiGeSiGeSiGeSiSi
   -26336.4121093750 GeGeGeGeSiGeSiGeSiGeGeGeSiSiSiGeSiSiSiGeGeSiSiSiGeSiSiSiSiSiSiSiSiSiSiSiSiGeGeSiSiSiGeSiGeSiSiGeGeGeGeGeSiGeSiGeSiGeSiSi
   -26492.3964843750 GeGeGeGeSiGeSiGeSiGeGeGeSiSiSiGeGeSiSiGeGeSiSiSiGeSiSiSiSiSiSiSiSiSiSiSiSiGeGeSiSiSiSiSiGeSiSiGeGeGeGeGeSiGeSiGeSiGeSiSi
   -26492.3964843750 GeGeGeGeSiGeSiGeSiGeGeGeSiSiSiGeGeSiSiGeGeSiSiSiGeSiSiSiSiSiSiSiSiSiSiSiSiGeGeSiSiSiSiSiGeSiSiGeGeGeGeGeSiGeSiGeSiGeSiSi
   -26492.3964843750 GeGeGeGeSiGeSiGeSiGeGeGeSiSiSiGeGeSiSiGeGeSiSiSiGeSiSiSiSiSiSiSiSiSiSiSiSiGeGeSiSiSiSiSiGeSiSiGeGeGeGeGeSiGeSiGeSiGeSiSi
   -26492.3964843750 GeGeGeGeSiGeSiGeSiGeGeGeSiSiSiGeGeSiSiGeGeSiSiSiGeSiSiSiSiSiSiSiSiSiSiSiSiGeGeSiSiSiSiSiGeSiSiGeGeGeGeGeSiGeSiGeSiGeSiSi
   -26492.3964843750 GeGeGeGeSiGeSiGeSiGeGeGeSiSiSiGeGeSiSiGeGeSiSiSiGeSiSiSiSiSiSiSiSiSiSiSiSiGeGeSiSiSiSiSiGeSiSiGeGeGeGeGeSiGeSiGeSiGeSiSi
   -26492.3964843750 GeGeGeGeSiGeSiGeSiGeGeGeSiSiSiGeGeSiSiGeGeSiSiSiGeSiSiSiSiSiSiSiSiSiSiSiSiGeGeSiSiSiSiSiGeSiSiGeGeGeGeGeSiGeSiGeSiGeSiSi
   -26492.3964843750 GeGeGeGeSiGeSiGeSiGeGeGeSiSiSiGeGeSiSiGeGeSiSiSiGeSiSiSiSiSiSiSiSiSiSiSiSiGeGeSiSiSiSiSiGeSiSiGeGeGeGeGeSiGeSiGeSiGeSiSi
   -26492.3964843750 GeGeGeGeSiGeSiGeSiGeGeGeSiSiSiGeGeSiSiGeGeSiSiSiGeSiSiSiSiSiSiSiSiSiSiSiSiGeGeSiSiSiSiSiGeSiSiGeGeGeGeGeSiGeSiGeSiGeSiSi
   -26492.3964843750 GeGeGeGeSiGeSiGeSiGeGeGeSiSiSiGeGeSiSiGeGeSiSiSiGeSiSiSiSiSiSiSiSiSiSiSiSiGeGeSiSiSiSiSiGeSiSiGeGeGeGeGeSiGeSiGeSiGeSiSi
   -26492.3964843750 GeGeGeGeSiGeSiGeSiGeGeGeSiSiSiGeGeSiSiGeGeSiSiSiGeSiSiSiSiSiSiSiSiSiSiSiSiGeGeSiSiSiSiSiGeSiSiGeGeGeGeGeSiGeSiGeSiGeSiSi
   -26492.3964843750 GeGeGeGeSiGeSiGeSiGeGeGeSiSiSiGeGeSiSiGeGeSiSiSiGeSiSiSiSiSiSiSiSiSiSiSiSiGeGeSiSiSiSiSiGeSiSiGeGeGeGeGeSiGeSiGeSiGeSiSi
   -26492.3964843750 GeGeGeGeSiGeSiGeSiGeGeGeSiSiSiGeGeSiSiGeGeSiSiSiGeSiSiSiSiSiSiSiSiSiSiSiSiGeGeSiSiSiSiSiGeSiSiGeGeGeGeGeSiGeSiGeSiGeSiSi
   -26492.3964843750 GeGeGeGeSiGeSiGeSiGeGeGeSiSiSiGeGeSiSiGeGeSiSiSiGeSiSiSiSiSiSiSiSiSiSiSiSiGeGeSiSiSiSiSiGeSiSiGeGeGeGeGeSiGeSiGeSiGeSiSi
   -26492.3964843750 GeGeGeGeSiGeSiGeSiGeGeGeSiSiSiGeGeSiSiGeGeSiSiSiGeSiSiSiSiSiSiSiSiSiSiSiSiGeGeSiSiSiSiSiGeSiSiGeGeGeGeGeSiGeSiGeSiGeSiSi
   -26492.3964843750 GeGeGeGeSiGeSiGeSiGeGeGeSiSiSiGeGeSiSiGeGeSiSiSiGeSiSiSiSiSiSiSiSiSiSiSiSiGeGeSiSiSiSiSiGeSiSiGeGeGeGeGeSiGeSiGeSiGeSiSi
   -26492.3964843750 GeGeGeGeSiGeSiGeSiGeGeGeSiSiSiGeGeSiSiGeGeSiSiSiGeSiSiSiSiSiSiSiSiSiSiSiSiGeGeSiSiSiSiSiGeSiSiGeGeGeGeGeSiGeSiGeSiGeSiSi
   -26492.3964843750 GeGeGeGeSiGeSiGeSiGeGeGeSiSiSiGeGeSiSiGeGeSiSiSiGeSiSiSiSiSiSiSiSiSiSiSiSiGeGeSiSiSiSiSiGeSiSiGeGeGeGeGeSiGeSiGeSiGeSiSi
   -27023.1074218750 GeGeGeGeSiGeSiGeSiGeGeGeSiSiSiGeGeSiSiGeGeSiGeSiGeSiSiSiSiSiSiSiSiSiSiSiSiGeGeSiSiSiSiSiSiSiSiGeGeGeGeGeSiGeSiGeSiGeSiSi
   -27023.1074218750 GeGeGeGeSiGeSiGeSiGeGeGeSiSiSiGeGeSiSiGeGeSiGeSiGeSiSiSiSiSiSiSiSiSiSiSiSiGeGeSiSiSiSiSiSiSiSiGeGeGeGeGeSiGeSiGeSiGeSiSi
   -27023.1074218750 GeGeGeGeSiGeSiGeSiGeGeGeSiSiSiGeGeSiSiGeGeSiGeSiGeSiSiSiSiSiSiSiSiSiSiSiSiGeGeSiSiSiSiSiSiSiSiGeGeGeGeGeSiGeSiGeSiGeSiSi
   -27023.1074218750 GeGeGeGeSiGeSiGeSiGeGeGeSiSiSiGeGeSiSiGeGeSiGeSiGeSiSiSiSiSiSiSiSiSiSiSiSiGeGeSiSiSiSiSiSiSiSiGeGeGeGeGeSiGeSiGeSiGeSiSi
   -27023.1074218750 GeGeGeGeSiGeSiGeSiGeGeGeSiSiSiGeGeSiSiGeGeSiGeSiGeSiSiSiSiSiSiSiSiSiSiSiSiGeGeSiSiSiSiSiSiSiSiGeGeGeGeGeSiGeSiGeSiGeSiSi
   -27023.1074218750 GeGeGeGeSiGeSiGeSiGeGeGeSiSiSiGeGeSiSiGeGeSiGeSiGeSiSiSiSiSiSiSiSiSiSiSiSiGeGeSiSiSiSiSiSiSiSiGeGeGeGeGeSiGeSiGeSiGeSiSi
   -27023.1074218750 GeGeGeGeSiGeSiGeSiGeGeGeSiSiSiGeGeSiSiGeGeSiGeSiGeSiSiSiSiSiSiSiSiSiSiSiSiGeGeSiSiSiSiSiSiSiSiGeGeGeGeGeSiGeSiGeSiGeSiSi
   -27023.1074218750 GeGeGeGeSiGeSiGeSiGeGeGeSiSiSiGeGeSiSiGeGeSiGeSiGeSiSiSiSiSiSiSiSiSiSiSiSiGeGeSiSiSiSiSiSiSiSiGeGeGeGeGeSiGeSiGeSiGeSiSi
   -28583.7207031250 GeGeGeGeSiGeSiGeSiGeGeGeSiSiSiGeGeSiSiGeGeSiSiSiGeSiSiSiSiSiSiSiSiSiGeSiSiGeGeSiSiSiSiSiSiSiSiGeGeGeGeGeSiGeSiGeSiGeSiSi
   -28583.7207031250 GeGeGeGeSiGeSiGeSiGeGeGeSiSiSiGeGeSiSiGeGeSiSiSiGeSiSiSiSiSiSiSiSiSiGeSiSiGeGeSiSiSiSiSiSiSiSiGeGeGeGeGeSiGeSiGeSiGeSiSi
   -28583.7207031250 GeGeGeGeSiGeSiGeSiGeGeGeSiSiSiGeGeSiSiGeGeSiSiSiGeSiSiSiSiSiSiSiSiSiGeSiSiGeGeSiSiSiSiSiSiSiSiGeGeGeGeGeSiGeSiGeSiGeSiSi
   -28583.7207031250 GeGeGeGeSiGeSiGeSiGeGeGeSiSiSiGeGeSiSiGeGeSiSiSiGeSiSiSiSiSiSiSiSiSiGeSiSiGeGeSiSiSiSiSiSiSiSiGeGeGeGeGeSiGeSiGeSiGeSiSi
   -28583.7207031250 GeGeGeGeSiGeSiGeSiGeGeGeSiSiSiGeGeSiSiGeGeSiSiSiGeSiSiSiSiSiSiSiSiSiGeSiSiGeGeSiSiSiSiSiSiSiSiGeGeGeGeGeSiGeSiGeSiGeSiSi
   -28583.7207031250 GeGeGeGeSiGeSiGeSiGeGeGeSiSiSiGeGeSiSiGeGeSiSiSiGeSiSiSiSiSiSiSiSiSiGeSiSiGeGeSiSiSiSiSiSiSiSiGeGeGeGeGeSiGeSiGeSiGeSiSi
   -28583.7207031250 GeGeGeGeSiGeSiGeSiGeGeGeSiSiSiGeGeSiSiGeGeSiSiSiGeSiSiSiSiSiSiSiSiSiGeSiSiGeGeSiSiSiSiSiSiSiSiGeGeGeGeGeSiGeSiGeSiGeSiSi
   -28583.7207031250 GeGeGeGeSiGeSiGeSiGeGeGeSiSiSiGeGeSiSiGeGeSiSiSiGeSiSiSiSiSiSiSiSiSiGeSiSiGeGeSiSiSiSiSiSiSiSiGeGeGeGeGeSiGeSiGeSiGeSiSi
   -28583.7207031250 GeGeGeGeSiGeSiGeSiGeGeGeSiSiSiGeGeSiSiGeGeSiSiSiGeSiSiSiSiSiSiSiSiSiGeSiSiGeGeSiSiSiSiSiSiSiSiGeGeGeGeGeSiGeSiGeSiGeSiSi
   -28583.7207031250 GeGeGeGeSiGeSiGeSiGeGeGeSiSiSiGeGeSiSiGeGeSiSiSiGeSiSiSiSiSiSiSiSiSiGeSiSiGeGeSiSiSiSiSiSiSiSiGeGeGeGeGeSiGeSiGeSiGeSiSi
   -28583.7207031250 GeGeGeGeSiGeSiGeSiGeGeGeSiSiSiGeGeSiSiGeGeSiSiSiGeSiSiSiSiSiSiSiSiSiGeSiSiGeGeSiSiSiSiSiSiSiSiGeGeGeGeGeSiGeSiGeSiGeSiSi
   -28583.7207031250 GeGeGeGeSiGeSiGeSiGeGeGeSiSiSiGeGeSiSiGeGeSiSiSiGeSiSiSiSiSiSiSiSiSiGeSiSiGeGeSiSiSiSiSiSiSiSiGeGeGeGeGeSiGeSiGeSiGeSiSi
   -28583.7207031250 GeGeGeGeSiGeSiGeSiGeGeGeSiSiSiGeGeSiSiGeGeSiSiSiGeSiSiSiSiSiSiSiSiSiGeSiSiGeGeSiSiSiSiSiSiSiSiGeGeGeGeGeSiGeSiGeSiGeSiSi
   -28583.7207031250 GeGeGeGeSiGeSiGeSiGeGeGeSiSiSiGeGeSiSiGeGeSiSiSiGeSiSiSiSiSiSiSiSiSiGeSiSiGeGeSiSiSiSiSiSiSiSiGeGeGeGeGeSiGeSiGeSiGeSiSi
   -28583.7207031250 GeGeGeGeSiGeSiGeSiGeGeGeSiSiSiGeGeSiSiGeGeSiSiSiGeSiSiSiSiSiSiSiSiSiGeSiSiGeGeSiSiSiSiSiSiSiSiGeGeGeGeGeSiGeSiGeSiGeSiSi
   -28583.7207031250 GeGeGeGeSiGeSiGeSiGeGeGeSiSiSiGeGeSiSiGeGeSiSiSiGeSiSiSiSiSiSiSiSiSiGeSiSiGeGeSiSiSiSiSiSiSiSiGeGeGeGeGeSiGeSiGeSiGeSiSi
   -28583.7207031250 GeGeGeGeSiGeSiGeSiGeGeGeSiSiSiGeGeSiSiGeGeSiSiSiGeSiSiSiSiSiSiSiSiSiGeSiSiGeGeSiSiSiSiSiSiSiSiGeGeGeGeGeSiGeSiGeSiGeSiSi
   -28583.7207031250 GeGeGeGeSiGeSiGeSiGeGeGeSiSiSiGeGeSiSiGeGeSiSiSiGeSiSiSiSiSiSiSiSiSiGeSiSiGeGeSiSiSiSiSiSiSiSiGeGeGeGeGeSiGeSiGeSiGeSiSi
   -28583.7207031250 GeGeGeGeSiGeSiGeSiGeGeGeSiSiSiGeGeSiSiGeGeSiSiSiGeSiSiSiSiSiSiSiSiSiGeSiSiGeGeSiSiSiSiSiSiSiSiGeGeGeGeGeSiGeSiGeSiGeSiSi
   -28583.7207031250 GeGeGeGeSiGeSiGeSiGeGeGeSiSiSiGeGeSiSiGeGeSiSiSiGeSiSiSiSiSiSiSiSiSiGeSiSiGeGeSiSiSiSiSiSiSiSiGeGeGeGeGeSiGeSiGeSiGeSiSi
   -28583.7207031250 GeGeGeGeSiGeSiGeSiGeGeGeSiSiSiGeGeSiSiGeGeSiSiSiGeSiSiSiSiSiSiSiSiSiGeSiSiGeGeSiSiSiSiSiSiSiSiGeGeGeGeGeSiGeSiGeSiGeSiSi
   -28583.7207031250 GeGeGeGeSiGeSiGeSiGeGeGeSiSiSiGeGeSiSiGeGeSiSiSiGeSiSiSiSiSiSiSiSiSiGeSiSiGeGeSiSiSiSiSiSiSiSiGeGeGeGeGeSiGeSiGeSiGeSiSi
   -28583.7207031250 GeGeGeGeSiGeSiGeSiGeGeGeSiSiSiGeGeSiSiGeGeSiSiSiGeSiSiSiSiSiSiSiSiSiGeSiSiGeGeSiSiSiSiSiSiSiSiGeGeGeGeGeSiGeSiGeSiGeSiSi
   -28583.7207031250 GeGeGeGeSiGeSiGeSiGeGeGeSiSiSiGeGeSiSiGeGeSiSiSiGeSiSiSiSiSiSiSiSiSiGeSiSiGeGeSiSiSiSiSiSiSiSiGeGeGeGeGeSiGeSiGeSiGeSiSi
   -28583.7207031250 GeGeGeGeSiGeSiGeSiGeGeGeSiSiSiGeGeSiSiGeGeSiSiSiGeSiSiSiSiSiSiSiSiSiGeSiSiGeGeSiSiSiSiSiSiSiSiGeGeGeGeGeSiGeSiGeSiGeSiSi
   -28583.7207031250 GeGeGeGeSiGeSiGeSiGeGeGeSiSiSiGeGeSiSiGeGeSiSiSiGeSiSiSiSiSiSiSiSiSiGeSiSiGeGeSiSiSiSiSiSiSiSiGeGeGeGeGeSiGeSiGeSiGeSiSi
   -28583.7207031250 GeGeGeGeSiGeSiGeSiGeGeGeSiSiSiGeGeSiSiGeGeSiSiSiGeSiSiSiSiSiSiSiSiSiGeSiSiGeGeSiSiSiSiSiSiSiSiGeGeGeGeGeSiGeSiGeSiGeSiSi
   -28583.7207031250 GeGeGeGeSiGeSiGeSiGeGeGeSiSiSiGeGeSiSiGeGeSiSiSiGeSiSiSiSiSiSiSiSiSiGeSiSiGeGeSiSiSiSiSiSiSiSiGeGeGeGeGeSiGeSiGeSiGeSiSi
   -28583.7207031250 GeGeGeGeSiGeSiGeSiGeGeGeSiSiSiGeGeSiSiGeGeSiSiSiGeSiSiSiSiSiSiSiSiSiGeSiSiGeGeSiSiSiSiSiSiSiSiGeGeGeGeGeSiGeSiGeSiGeSiSi
   -28583.7207031250 GeGeGeGeSiGeSiGeSiGeGeGeSiSiSiGeGeSiSiGeGeSiSiSiGeSiSiSiSiSiSiSiSiSiGeSiSiGeGeSiSiSiSiSiSiSiSiGeGeGeGeGeSiGeSiGeSiGeSiSi
   -28583.7207031250 GeGeGeGeSiGeSiGeSiGeGeGeSiSiSiGeGeSiSiGeGeSiSiSiGeSiSiSiSiSiSiSiSiSiGeSiSiGeGeSiSiSiSiSiSiSiSiGeGeGeGeGeSiGeSiGeSiGeSiSi
   -28583.7207031250 GeGeGeGeSiGeSiGeSiGeGeGeSiSiSiGeGeSiSiGeGeSiSiSiGeSiSiSiSiSiSiSiSiSiGeSiSiGeGeSiSiSiSiSiSiSiSiGeGeGeGeGeSiGeSiGeSiGeSiSi
   -28583.7207031250 GeGeGeGeSiGeSiGeSiGeGeGeSiSiSiGeGeSiSiGeGeSiSiSiGeSiSiSiSiSiSiSiSiSiGeSiSiGeGeSiSiSiSiSiSiSiSiGeGeGeGeGeSiGeSiGeSiGeSiSi
   -28583.7207031250 GeGeGeGeSiGeSiGeSiGeGeGeSiSiSiGeGeSiSiGeGeSiSiSiGeSiSiSiSiSiSiSiSiSiGeSiSiGeGeSiSiSiSiSiSiSiSiGeGeGeGeGeSiGeSiGeSiGeSiSi
   -28583.7207031250 GeGeGeGeSiGeSiGeSiGeGeGeSiSiSiGeGeSiSiGeGeSiSiSiGeSiSiSiSiSiSiSiSiSiGeSiSiGeGeSiSiSiSiSiSiSiSiGeGeGeGeGeSiGeSiGeSiGeSiSi
   -28583.7207031250 GeGeGeGeSiGeSiGeSiGeGeGeSiSiSiGeGeSiSiGeGeSiSiSiGeSiSiSiSiSiSiSiSiSiGeSiSiGeGeSiSiSiSiSiSiSiSiGeGeGeGeGeSiGeSiGeSiGeSiSi
   -28583.7207031250 GeGeGeGeSiGeSiGeSiGeGeGeSiSiSiGeGeSiSiGeGeSiSiSiGeSiSiSiSiSiSiSiSiSiGeSiSiGeGeSiSiSiSiSiSiSiSiGeGeGeGeGeSiGeSiGeSiGeSiSi
   -28583.7207031250 GeGeGeGeSiGeSiGeSiGeGeGeSiSiSiGeGeSiSiGeGeSiSiSiGeSiSiSiSiSiSiSiSiSiGeSiSiGeGeSiSiSiSiSiSiSiSiGeGeGeGeGeSiGeSiGeSiGeSiSi
   -28583.7207031250 GeGeGeGeSiGeSiGeSiGeGeGeSiSiSiGeGeSiSiGeGeSiSiSiGeSiSiSiSiSiSiSiSiSiGeSiSiGeGeSiSiSiSiSiSiSiSiGeGeGeGeGeSiGeSiGeSiGeSiSi
   -28583.7207031250 GeGeGeGeSiGeSiGeSiGeGeGeSiSiSiGeGeSiSiGeGeSiSiSiGeSiSiSiSiSiSiSiSiSiGeSiSiGeGeSiSiSiSiSiSiSiSiGeGeGeGeGeSiGeSiGeSiGeSiSi
   -28583.7207031250 GeGeGeGeSiGeSiGeSiGeGeGeSiSiSiGeGeSiSiGeGeSiSiSiGeSiSiSiSiSiSiSiSiSiGeSiSiGeGeSiSiSiSiSiSiSiSiGeGeGeGeGeSiGeSiGeSiGeSiSi
   -28583.7207031250 GeGeGeGeSiGeSiGeSiGeGeGeSiSiSiGeGeSiSiGeGeSiSiSiGeSiSiSiSiSiSiSiSiSiGeSiSiGeGeSiSiSiSiSiSiSiSiGeGeGeGeGeSiGeSiGeSiGeSiSi
   -28583.7207031250 GeGeGeGeSiGeSiGeSiGeGeGeSiSiSiGeGeSiSiGeGeSiSiSiGeSiSiSiSiSiSiSiSiSiGeSiSiGeGeSiSiSiSiSiSiSiSiGeGeGeGeGeSiGeSiGeSiGeSiSi
   -28583.7207031250 GeGeGeGeSiGeSiGeSiGeGeGeSiSiSiGeGeSiSiGeGeSiSiSiGeSiSiSiSiSiSiSiSiSiGeSiSiGeGeSiSiSiSiSiSiSiSiGeGeGeGeGeSiGeSiGeSiGeSiSi
   -28583.7207031250 GeGeGeGeSiGeSiGeSiGeGeGeSiSiSiGeGeSiSiGeGeSiSiSiGeSiSiSiSiSiSiSiSiSiGeSiSiGeGeSiSiSiSiSiSiSiSiGeGeGeGeGeSiGeSiGeSiGeSiSi
   -28583.7207031250 GeGeGeGeSiGeSiGeSiGeGeGeSiSiSiGeGeSiSiGeGeSiSiSiGeSiSiSiSiSiSiSiSiSiGeSiSiGeGeSiSiSiSiSiSiSiSiGeGeGeGeGeSiGeSiGeSiGeSiSi
   -28583.7207031250 GeGeGeGeSiGeSiGeSiGeGeGeSiSiSiGeGeSiSiGeGeSiSiSiGeSiSiSiSiSiSiSiSiSiGeSiSiGeGeSiSiSiSiSiSiSiSiGeGeGeGeGeSiGeSiGeSiGeSiSi
   -28583.7207031250 GeGeGeGeSiGeSiGeSiGeGeGeSiSiSiGeGeSiSiGeGeSiSiSiGeSiSiSiSiSiSiSiSiSiGeSiSiGeGeSiSiSiSiSiSiSiSiGeGeGeGeGeSiGeSiGeSiGeSiSi
   -28583.7207031250 GeGeGeGeSiGeSiGeSiGeGeGeSiSiSiGeGeSiSiGeGeSiSiSiGeSiSiSiSiSiSiSiSiSiGeSiSiGeGeSiSiSiSiSiSiSiSiGeGeGeGeGeSiGeSiGeSiGeSiSi
   -28583.7207031250 GeGeGeGeSiGeSiGeSiGeGeGeSiSiSiGeGeSiSiGeGeSiSiSiGeSiSiSiSiSiSiSiSiSiGeSiSiGeGeSiSiSiSiSiSiSiSiGeGeGeGeGeSiGeSiGeSiGeSiSi
   -28583.7207031250 GeGeGeGeSiGeSiGeSiGeGeGeSiSiSiGeGeSiSiGeGeSiSiSiGeSiSiSiSiSiSiSiSiSiGeSiSiGeGeSiSiSiSiSiSiSiSiGeGeGeGeGeSiGeSiGeSiGeSiSi
   -28583.7207031250 GeGeGeGeSiGeSiGeSiGeGeGeSiSiSiGeGeSiSiGeGeSiSiSiGeSiSiSiSiSiSiSiSiSiGeSiSiGeGeSiSiSiSiSiSiSiSiGeGeGeGeGeSiGeSiGeSiGeSiSi
   -28583.7207031250 GeGeGeGeSiGeSiGeSiGeGeGeSiSiSiGeGeSiSiGeGeSiSiSiGeSiSiSiSiSiSiSiSiSiGeSiSiGeGeSiSiSiSiSiSiSiSiGeGeGeGeGeSiGeSiGeSiGeSiSi
   -28583.7207031250 GeGeGeGeSiGeSiGeSiGeGeGeSiSiSiGeGeSiSiGeGeSiSiSiGeSiSiSiSiSiSiSiSiSiGeSiSiGeGeSiSiSiSiSiSiSiSiGeGeGeGeGeSiGeSiGeSiGeSiSi
   -28583.7207031250 GeGeGeGeSiGeSiGeSiGeGeGeSiSiSiGeGeSiSiGeGeSiSiSiGeSiSiSiSiSiSiSiSiSiGeSiSiGeGeSiSiSiSiSiSiSiSiGeGeGeGeGeSiGeSiGeSiGeSiSi
   -28583.7207031250 GeGeGeGeSiGeSiGeSiGeGeGeSiSiSiGeGeSiSiGeGeSiSiSiGeSiSiSiSiSiSiSiSiSiGeSiSiGeGeSiSiSiSiSiSiSiSiGeGeGeGeGeSiGeSiGeSiGeSiSi
   -28583.7207031250 GeGeGeGeSiGeSiGeSiGeGeGeSiSiSiGeGeSiSiGeGeSiSiSiGeSiSiSiSiSiSiSiSiSiGeSiSiGeGeSiSiSiSiSiSiSiSiGeGeGeGeGeSiGeSiGeSiGeSiSi
   -28583.7207031250 GeGeGeGeSiGeSiGeSiGeGeGeSiSiSiGeGeSiSiGeGeSiSiSiGeSiSiSiSiSiSiSiSiSiGeSiSiGeGeSiSiSiSiSiSiSiSiGeGeGeGeGeSiGeSiGeSiGeSiSi
   -28583.7207031250 GeGeGeGeSiGeSiGeSiGeGeGeSiSiSiGeGeSiSiGeGeSiSiSiGeSiSiSiSiSiSiSiSiSiGeSiSiGeGeSiSiSiSiSiSiSiSiGeGeGeGeGeSiGeSiGeSiGeSiSi
   -28583.7207031250 GeGeGeGeSiGeSiGeSiGeGeGeSiSiSiGeGeSiSiGeGeSiSiSiGeSiSiSiSiSiSiSiSiSiGeSiSiGeGeSiSiSiSiSiSiSiSiGeGeGeGeGeSiGeSiGeSiGeSiSi
   -28583.7207031250 GeGeGeGeSiGeSiGeSiGeGeGeSiSiSiGeGeSiSiGeGeSiSiSiGeSiSiSiSiSiSiSiSiSiGeSiSiGeGeSiSiSiSiSiSiSiSiGeGeGeGeGeSiGeSiGeSiGeSiSi
   -28583.7207031250 GeGeGeGeSiGeSiGeSiGeGeGeSiSiSiGeGeSiSiGeGeSiSiSiGeSiSiSiSiSiSiSiSiSiGeSiSiGeGeSiSiSiSiSiSiSiSiGeGeGeGeGeSiGeSiGeSiGeSiSi
   -28583.7207031250 GeGeGeGeSiGeSiGeSiGeGeGeSiSiSiGeGeSiSiGeGeSiSiSiGeSiSiSiSiSiSiSiSiSiGeSiSiGeGeSiSiSiSiSiSiSiSiGeGeGeGeGeSiGeSiGeSiGeSiSi
   -28583.7207031250 GeGeGeGeSiGeSiGeSiGeGeGeSiSiSiGeGeSiSiGeGeSiSiSiGeSiSiSiSiSiSiSiSiSiGeSiSiGeGeSiSiSiSiSiSiSiSiGeGeGeGeGeSiGeSiGeSiGeSiSi
   -28583.7207031250 GeGeGeGeSiGeSiGeSiGeGeGeSiSiSiGeGeSiSiGeGeSiSiSiGeSiSiSiSiSiSiSiSiSiGeSiSiGeGeSiSiSiSiSiSiSiSiGeGeGeGeGeSiGeSiGeSiGeSiSi
   -28583.7207031250 GeGeGeGeSiGeSiGeSiGeGeGeSiSiSiGeGeSiSiGeGeSiSiSiGeSiSiSiSiSiSiSiSiSiGeSiSiGeGeSiSiSiSiSiSiSiSiGeGeGeGeGeSiGeSiGeSiGeSiSi
   -28583.7207031250 GeGeGeGeSiGeSiGeSiGeGeGeSiSiSiGeGeSiSiGeGeSiSiSiGeSiSiSiSiSiSiSiSiSiGeSiSiGeGeSiSiSiSiSiSiSiSiGeGeGeGeGeSiGeSiGeSiGeSiSi
   -28583.7207031250 GeGeGeGeSiGeSiGeSiGeGeGeSiSiSiGeGeSiSiGeGeSiSiSiGeSiSiSiSiSiSiSiSiSiGeSiSiGeGeSiSiSiSiSiSiSiSiGeGeGeGeGeSiGeSiGeSiGeSiSi
   -28583.7207031250 GeGeGeGeSiGeSiGeSiGeGeGeSiSiSiGeGeSiSiGeGeSiSiSiGeSiSiSiSiSiSiSiSiSiGeSiSiGeGeSiSiSiSiSiSiSiSiGeGeGeGeGeSiGeSiGeSiGeSiSi
   -28583.7207031250 GeGeGeGeSiGeSiGeSiGeGeGeSiSiSiGeGeSiSiGeGeSiSiSiGeSiSiSiSiSiSiSiSiSiGeSiSiGeGeSiSiSiSiSiSiSiSiGeGeGeGeGeSiGeSiGeSiGeSiSi
   -28583.7207031250 GeGeGeGeSiGeSiGeSiGeGeGeSiSiSiGeGeSiSiGeGeSiSiSiGeSiSiSiSiSiSiSiSiSiGeSiSiGeGeSiSiSiSiSiSiSiSiGeGeGeGeGeSiGeSiGeSiGeSiSi
   -28583.7207031250 GeGeGeGeSiGeSiGeSiGeGeGeSiSiSiGeGeSiSiGeGeSiSiSiGeSiSiSiSiSiSiSiSiSiGeSiSiGeGeSiSiSiSiSiSiSiSiGeGeGeGeGeSiGeSiGeSiGeSiSi
   -28583.7207031250 GeGeGeGeSiGeSiGeSiGeGeGeSiSiSiGeGeSiSiGeGeSiSiSiGeSiSiSiSiSiSiSiSiSiGeSiSiGeGeSiSiSiSiSiSiSiSiGeGeGeGeGeSiGeSiGeSiGeSiSi
   -28583.7207031250 GeGeGeGeSiGeSiGeSiGeGeGeSiSiSiGeGeSiSiGeGeSiSiSiGeSiSiSiSiSiSiSiSiSiGeSiSiGeGeSiSiSiSiSiSiSiSiGeGeGeGeGeSiGeSiGeSiGeSiSi
   -28583.7207031250 GeGeGeGeSiGeSiGeSiGeGeGeSiSiSiGeGeSiSiGeGeSiSiSiGeSiSiSiSiSiSiSiSiSiGeSiSiGeGeSiSiSiSiSiSiSiSiGeGeGeGeGeSiGeSiGeSiGeSiSi
   -28583.7207031250 GeGeGeGeSiGeSiGeSiGeGeGeSiSiSiGeGeSiSiGeGeSiSiSiGeSiSiSiSiSiSiSiSiSiGeSiSiGeGeSiSiSiSiSiSiSiSiGeGeGeGeGeSiGeSiGeSiGeSiSi
   -28583.7207031250 GeGeGeGeSiGeSiGeSiGeGeGeSiSiSiGeGeSiSiGeGeSiSiSiGeSiSiSiSiSiSiSiSiSiGeSiSiGeGeSiSiSiSiSiSiSiSiGeGeGeGeGeSiGeSiGeSiGeSiSi
   -28583.7207031250 GeGeGeGeSiGeSiGeSiGeGeGeSiSiSiGeGeSiSiGeGeSiSiSiGeSiSiSiSiSiSiSiSiSiGeSiSiGeGeSiSiSiSiSiSiSiSiGeGeGeGeGeSiGeSiGeSiGeSiSi
   -28583.7207031250 GeGeGeGeSiGeSiGeSiGeGeGeSiSiSiGeGeSiSiGeGeSiSiSiGeSiSiSiSiSiSiSiSiSiGeSiSiGeGeSiSiSiSiSiSiSiSiGeGeGeGeGeSiGeSiGeSiGeSiSi
   -28583.7207031250 GeGeGeGeSiGeSiGeSiGeGeGeSiSiSiGeGeSiSiGeGeSiSiSiGeSiSiSiSiSiSiSiSiSiGeSiSiGeGeSiSiSiSiSiSiSiSiGeGeGeGeGeSiGeSiGeSiGeSiSi
   -28583.7207031250 GeGeGeGeSiGeSiGeSiGeGeGeSiSiSiGeGeSiSiGeGeSiSiSiGeSiSiSiSiSiSiSiSiSiGeSiSiGeGeSiSiSiSiSiSiSiSiGeGeGeGeGeSiGeSiGeSiGeSiSi
   -28583.7207031250 GeGeGeGeSiGeSiGeSiGeGeGeSiSiSiGeGeSiSiGeGeSiSiSiGeSiSiSiSiSiSiSiSiSiGeSiSiGeGeSiSiSiSiSiSiSiSiGeGeGeGeGeSiGeSiGeSiGeSiSi
   -28583.7207031250 GeGeGeGeSiGeSiGeSiGeGeGeSiSiSiGeGeSiSiGeGeSiSiSiGeSiSiSiSiSiSiSiSiSiGeSiSiGeGeSiSiSiSiSiSiSiSiGeGeGeGeGeSiGeSiGeSiGeSiSi
   -28583.7207031250 GeGeGeGeSiGeSiGeSiGeGeGeSiSiSiGeGeSiSiGeGeSiSiSiGeSiSiSiSiSiSiSiSiSiGeSiSiGeGeSiSiSiSiSiSiSiSiGeGeGeGeGeSiGeSiGeSiGeSiSi
   -28583.7207031250 GeGeGeGeSiGeSiGeSiGeGeGeSiSiSiGeGeSiSiGeGeSiSiSiGeSiSiSiSiSiSiSiSiSiGeSiSiGeGeSiSiSiSiSiSiSiSiGeGeGeGeGeSiGeSiGeSiGeSiSi
   -28583.7207031250 GeGeGeGeSiGeSiGeSiGeGeGeSiSiSiGeGeSiSiGeGeSiSiSiGeSiSiSiSiSiSiSiSiSiGeSiSiGeGeSiSiSiSiSiSiSiSiGeGeGeGeGeSiGeSiGeSiGeSiSi
   -28583.7207031250 GeGeGeGeSiGeSiGeSiGeGeGeSiSiSiGeGeSiSiGeGeSiSiSiGeSiSiSiSiSiSiSiSiSiGeSiSiGeGeSiSiSiSiSiSiSiSiGeGeGeGeGeSiGeSiGeSiGeSiSi
   -28583.7207031250 GeGeGeGeSiGeSiGeSiGeGeGeSiSiSiGeGeSiSiGeGeSiSiSiGeSiSiSiSiSiSiSiSiSiGeSiSiGeGeSiSiSiSiSiSiSiSiGeGeGeGeGeSiGeSiGeSiGeSiSi
   -28583.7207031250 GeGeGeGeSiGeSiGeSiGeGeGeSiSiSiGeGeSiSiGeGeSiSiSiGeSiSiSiSiSiSiSiSiSiGeSiSiGeGeSiSiSiSiSiSiSiSiGeGeGeGeGeSiGeSiGeSiGeSiSi
   -28583.7207031250 GeGeGeGeSiGeSiGeSiGeGeGeSiSiSiGeGeSiSiGeGeSiSiSiGeSiSiSiSiSiSiSiSiSiGeSiSiGeGeSiSiSiSiSiSiSiSiGeGeGeGeGeSiGeSiGeSiGeSiSi
   -28583.7207031250 GeGeGeGeSiGeSiGeSiGeGeGeSiSiSiGeGeSiSiGeGeSiSiSiGeSiSiSiSiSiSiSiSiSiGeSiSiGeGeSiSiSiSiSiSiSiSiGeGeGeGeGeSiGeSiGeSiGeSiSi
   -28583.7207031250 GeGeGeGeSiGeSiGeSiGeGeGeSiSiSiGeGeSiSiGeGeSiSiSiGeSiSiSiSiSiSiSiSiSiGeSiSiGeGeSiSiSiSiSiSiSiSiGeGeGeGeGeSiGeSiGeSiGeSiSi
   -28583.7207031250 GeGeGeGeSiGeSiGeSiGeGeGeSiSiSiGeGeSiSiGeGeSiSiSiGeSiSiSiSiSiSiSiSiSiGeSiSiGeGeSiSiSiSiSiSiSiSiGeGeGeGeGeSiGeSiGeSiGeSiSi
   -28583.7207031250 GeGeGeGeSiGeSiGeSiGeGeGeSiSiSiGeGeSiSiGeGeSiSiSiGeSiSiSiSiSiSiSiSiSiGeSiSiGeGeSiSiSiSiSiSiSiSiGeGeGeGeGeSiGeSiGeSiGeSiSi
   -28583.7207031250 GeGeGeGeSiGeSiGeSiGeGeGeSiSiSiGeGeSiSiGeGeSiSiSiGeSiSiSiSiSiSiSiSiSiGeSiSiGeGeSiSiSiSiSiSiSiSiGeGeGeGeGeSiGeSiGeSiGeSiSi
   -28583.7207031250 GeGeGeGeSiGeSiGeSiGeGeGeSiSiSiGeGeSiSiGeGeSiSiSiGeSiSiSiSiSiSiSiSiSiGeSiSiGeGeSiSiSiSiSiSiSiSiGeGeGeGeGeSiGeSiGeSiGeSiSi
   -28583.7207031250 GeGeGeGeSiGeSiGeSiGeGeGeSiSiSiGeGeSiSiGeGeSiSiSiGeSiSiSiSiSiSiSiSiSiGeSiSiGeGeSiSiSiSiSiSiSiSiGeGeGeGeGeSiGeSiGeSiGeSiSi
   -28583.7207031250 GeGeGeGeSiGeSiGeSiGeGeGeSiSiSiGeGeSiSiGeGeSiSiSiGeSiSiSiSiSiSiSiSiSiGeSiSiGeGeSiSiSiSiSiSiSiSiGeGeGeGeGeSiGeSiGeSiGeSiSi
   -28583.7207031250 GeGeGeGeSiGeSiGeSiGeGeGeSiSiSiGeGeSiSiGeGeSiSiSiGeSiSiSiSiSiSiSiSiSiGeSiSiGeGeSiSiSiSiSiSiSiSiGeGeGeGeGeSiGeSiGeSiGeSiSi
   -28583.7207031250 GeGeGeGeSiGeSiGeSiGeGeGeSiSiSiGeGeSiSiGeGeSiSiSiGeSiSiSiSiSiSiSiSiSiGeSiSiGeGeSiSiSiSiSiSiSiSiGeGeGeGeGeSiGeSiGeSiGeSiSi
   -28583.7207031250 GeGeGeGeSiGeSiGeSiGeGeGeSiSiSiGeGeSiSiGeGeSiSiSiGeSiSiSiSiSiSiSiSiSiGeSiSiGeGeSiSiSiSiSiSiSiSiGeGeGeGeGeSiGeSiGeSiGeSiSi
   -28583.7207031250 GeGeGeGeSiGeSiGeSiGeGeGeSiSiSiGeGeSiSiGeGeSiSiSiGeSiSiSiSiSiSiSiSiSiGeSiSiGeGeSiSiSiSiSiSiSiSiGeGeGeGeGeSiGeSiGeSiGeSiSi
   -28583.7207031250 GeGeGeGeSiGeSiGeSiGeGeGeSiSiSiGeGeSiSiGeGeSiSiSiGeSiSiSiSiSiSiSiSiSiGeSiSiGeGeSiSiSiSiSiSiSiSiGeGeGeGeGeSiGeSiGeSiGeSiSi
   -28583.7207031250 GeGeGeGeSiGeSiGeSiGeGeGeSiSiSiGeGeSiSiGeGeSiSiSiGeSiSiSiSiSiSiSiSiSiGeSiSiGeGeSiSiSiSiSiSiSiSiGeGeGeGeGeSiGeSiGeSiGeSiSi
   -28583.7207031250 GeGeGeGeSiGeSiGeSiGeGeGeSiSiSiGeGeSiSiGeGeSiSiSiGeSiSiSiSiSiSiSiSiSiGeSiSiGeGeSiSiSiSiSiSiSiSiGeGeGeGeGeSiGeSiGeSiGeSiSi
   -28583.7207031250 GeGeGeGeSiGeSiGeSiGeGeGeSiSiSiGeGeSiSiGeGeSiSiSiGeSiSiSiSiSiSiSiSiSiGeSiSiGeGeSiSiSiSiSiSiSiSiGeGeGeGeGeSiGeSiGeSiGeSiSi
   -28583.7207031250 GeGeGeGeSiGeSiGeSiGeGeGeSiSiSiGeGeSiSiGeGeSiSiSiGeSiSiSiSiSiSiSiSiSiGeSiSiGeGeSiSiSiSiSiSiSiSiGeGeGeGeGeSiGeSiGeSiGeSiSi
   -28583.7207031250 GeGeGeGeSiGeSiGeSiGeGeGeSiSiSiGeGeSiSiGeGeSiSiSiGeSiSiSiSiSiSiSiSiSiGeSiSiGeGeSiSiSiSiSiSiSiSiGeGeGeGeGeSiGeSiGeSiGeSiSi
   -28583.7207031250 GeGeGeGeSiGeSiGeSiGeGeGeSiSiSiGeGeSiSiGeGeSiSiSiGeSiSiSiSiSiSiSiSiSiGeSiSiGeGeSiSiSiSiSiSiSiSiGeGeGeGeGeSiGeSiGeSiGeSiSi
   -28583.7207031250 GeGeGeGeSiGeSiGeSiGeGeGeSiSiSiGeGeSiSiGeGeSiSiSiGeSiSiSiSiSiSiSiSiSiGeSiSiGeGeSiSiSiSiSiSiSiSiGeGeGeGeGeSiGeSiGeSiGeSiSi
   -28583.7207031250 GeGeGeGeSiGeSiGeSiGeGeGeSiSiSiGeGeSiSiGeGeSiSiSiGeSiSiSiSiSiSiSiSiSiGeSiSiGeGeSiSiSiSiSiSiSiSiGeGeGeGeGeSiGeSiGeSiGeSiSi
   -28583.7207031250 GeGeGeGeSiGeSiGeSiGeGeGeSiSiSiGeGeSiSiGeGeSiSiSiGeSiSiSiSiSiSiSiSiSiGeSiSiGeGeSiSiSiSiSiSiSiSiGeGeGeGeGeSiGeSiGeSiGeSiSi
   -28583.7207031250 GeGeGeGeSiGeSiGeSiGeGeGeSiSiSiGeGeSiSiGeGeSiSiSiGeSiSiSiSiSiSiSiSiSiGeSiSiGeGeSiSiSiSiSiSiSiSiGeGeGeGeGeSiGeSiGeSiGeSiSi
   -28583.7207031250 GeGeGeGeSiGeSiGeSiGeGeGeSiSiSiGeGeSiSiGeGeSiSiSiGeSiSiSiSiSiSiSiSiSiGeSiSiGeGeSiSiSiSiSiSiSiSiGeGeGeGeGeSiGeSiGeSiGeSiSi
   -28583.7207031250 GeGeGeGeSiGeSiGeSiGeGeGeSiSiSiGeGeSiSiGeGeSiSiSiGeSiSiSiSiSiSiSiSiSiGeSiSiGeGeSiSiSiSiSiSiSiSiGeGeGeGeGeSiGeSiGeSiGeSiSi
   -28583.7207031250 GeGeGeGeSiGeSiGeSiGeGeGeSiSiSiGeGeSiSiGeGeSiSiSiGeSiSiSiSiSiSiSiSiSiGeSiSiGeGeSiSiSiSiSiSiSiSiGeGeGeGeGeSiGeSiGeSiGeSiSi
   -28583.7207031250 GeGeGeGeSiGeSiGeSiGeGeGeSiSiSiGeGeSiSiGeGeSiSiSiGeSiSiSiSiSiSiSiSiSiGeSiSiGeGeSiSiSiSiSiSiSiSiGeGeGeGeGeSiGeSiGeSiGeSiSi
   -28583.7207031250 GeGeGeGeSiGeSiGeSiGeGeGeSiSiSiGeGeSiSiGeGeSiSiSiGeSiSiSiSiSiSiSiSiSiGeSiSiGeGeSiSiSiSiSiSiSiSiGeGeGeGeGeSiGeSiGeSiGeSiSi
   -28583.7207031250 GeGeGeGeSiGeSiGeSiGeGeGeSiSiSiGeGeSiSiGeGeSiSiSiGeSiSiSiSiSiSiSiSiSiGeSiSiGeGeSiSiSiSiSiSiSiSiGeGeGeGeGeSiGeSiGeSiGeSiSi
   -28583.7207031250 GeGeGeGeSiGeSiGeSiGeGeGeSiSiSiGeGeSiSiGeGeSiSiSiGeSiSiSiSiSiSiSiSiSiGeSiSiGeGeSiSiSiSiSiSiSiSiGeGeGeGeGeSiGeSiGeSiGeSiSi
   -28583.7207031250 GeGeGeGeSiGeSiGeSiGeGeGeSiSiSiGeGeSiSiGeGeSiSiSiGeSiSiSiSiSiSiSiSiSiGeSiSiGeGeSiSiSiSiSiSiSiSiGeGeGeGeGeSiGeSiGeSiGeSiSi
   -28583.7207031250 GeGeGeGeSiGeSiGeSiGeGeGeSiSiSiGeGeSiSiGeGeSiSiSiGeSiSiSiSiSiSiSiSiSiGeSiSiGeGeSiSiSiSiSiSiSiSiGeGeGeGeGeSiGeSiGeSiGeSiSi
   -28583.7207031250 GeGeGeGeSiGeSiGeSiGeGeGeSiSiSiGeGeSiSiGeGeSiSiSiGeSiSiSiSiSiSiSiSiSiGeSiSiGeGeSiSiSiSiSiSiSiSiGeGeGeGeGeSiGeSiGeSiGeSiSi
   -28583.7207031250 GeGeGeGeSiGeSiGeSiGeGeGeSiSiSiGeGeSiSiGeGeSiSiSiGeSiSiSiSiSiSiSiSiSiGeSiSiGeGeSiSiSiSiSiSiSiSiGeGeGeGeGeSiGeSiGeSiGeSiSi
   -28583.7207031250 GeGeGeGeSiGeSiGeSiGeGeGeSiSiSiGeGeSiSiGeGeSiSiSiGeSiSiSiSiSiSiSiSiSiGeSiSiGeGeSiSiSiSiSiSiSiSiGeGeGeGeGeSiGeSiGeSiGeSiSi
   -28583.7207031250 GeGeGeGeSiGeSiGeSiGeGeGeSiSiSiGeGeSiSiGeGeSiSiSiGeSiSiSiSiSiSiSiSiSiGeSiSiGeGeSiSiSiSiSiSiSiSiGeGeGeGeGeSiGeSiGeSiGeSiSi
   -28583.7207031250 GeGeGeGeSiGeSiGeSiGeGeGeSiSiSiGeGeSiSiGeGeSiSiSiGeSiSiSiSiSiSiSiSiSiGeSiSiGeGeSiSiSiSiSiSiSiSiGeGeGeGeGeSiGeSiGeSiGeSiSi
   -28583.7207031250 GeGeGeGeSiGeSiGeSiGeGeGeSiSiSiGeGeSiSiGeGeSiSiSiGeSiSiSiSiSiSiSiSiSiGeSiSiGeGeSiSiSiSiSiSiSiSiGeGeGeGeGeSiGeSiGeSiGeSiSi
   -28583.7207031250 GeGeGeGeSiGeSiGeSiGeGeGeSiSiSiGeGeSiSiGeGeSiSiSiGeSiSiSiSiSiSiSiSiSiGeSiSiGeGeSiSiSiSiSiSiSiSiGeGeGeGeGeSiGeSiGeSiGeSiSi
   -28583.7207031250 GeGeGeGeSiGeSiGeSiGeGeGeSiSiSiGeGeSiSiGeGeSiSiSiGeSiSiSiSiSiSiSiSiSiGeSiSiGeGeSiSiSiSiSiSiSiSiGeGeGeGeGeSiGeSiGeSiGeSiSi
   -28583.7207031250 GeGeGeGeSiGeSiGeSiGeGeGeSiSiSiGeGeSiSiGeGeSiSiSiGeSiSiSiSiSiSiSiSiSiGeSiSiGeGeSiSiSiSiSiSiSiSiGeGeGeGeGeSiGeSiGeSiGeSiSi
   -28583.7207031250 GeGeGeGeSiGeSiGeSiGeGeGeSiSiSiGeGeSiSiGeGeSiSiSiGeSiSiSiSiSiSiSiSiSiGeSiSiGeGeSiSiSiSiSiSiSiSiGeGeGeGeGeSiGeSiGeSiGeSiSi
   -28583.7207031250 GeGeGeGeSiGeSiGeSiGeGeGeSiSiSiGeGeSiSiGeGeSiSiSiGeSiSiSiSiSiSiSiSiSiGeSiSiGeGeSiSiSiSiSiSiSiSiGeGeGeGeGeSiGeSiGeSiGeSiSi
   -28583.7207031250 GeGeGeGeSiGeSiGeSiGeGeGeSiSiSiGeGeSiSiGeGeSiSiSiGeSiSiSiSiSiSiSiSiSiGeSiSiGeGeSiSiSiSiSiSiSiSiGeGeGeGeGeSiGeSiGeSiGeSiSi
   -28583.7207031250 GeGeGeGeSiGeSiGeSiGeGeGeSiSiSiGeGeSiSiGeGeSiSiSiGeSiSiSiSiSiSiSiSiSiGeSiSiGeGeSiSiSiSiSiSiSiSiGeGeGeGeGeSiGeSiGeSiGeSiSi
filename: c000001351202742.gin     
Cell:
    11.9020996    11.9020996    29.6919994    90.0000000    90.0000000   120.0000000
Box:
    11.9020996    -5.9510503     0.0000000
     0.0000000    10.3075209     0.0000000
     0.0000000     0.0000000    29.6919994
----------------------------------------
Inverse Box:
     0.0840188     0.0485083     0.0000000
     0.0000000     0.0970165     0.0000000
     0.0000000     0.0000000     0.0336791
----------------------------------------
==============================================
geometrical properties of  25 Ge:
 Configuration:           0
 D_ave:   9.27961826       3.46647501    
 D_min:   3.23133206      0.480955780    
 energia:  -28583.7207    
