Random Seed:  1515619326
Number of atoms:    60
Space Group:    1
Cell:
    11.9020996    11.9020996    29.6919994    90.0000000    90.0000000   120.0000000
Box:
    11.9020996    -5.9510503     0.0000000
     0.0000000    10.3075209     0.0000000
     0.0000000     0.0000000    29.6919994
----------------------------------------
Inverse Box:
     0.0840188     0.0485083     0.0000000
     0.0000000     0.0970165     0.0000000
     0.0000000     0.0000000     0.0336791
----------------------------------------
GeSiSiSiSiSiSiSiSiSiSiSiSiSiSiSiSiSiSiSiSiSiSiSiSiSiSiSiSiSiSiSiSiSiSiSiSiSiSiSiSiSiSiSiSiSiSiSiSiSiSiSiSiSiSiSiGeSiSiSi
           1 Ge    -7732.93262    
GeGeSiSiSiSiSiSiSiSiSiSiSiSiSiSiSiSiSiSiSiSiSiSiSiSiSiSiSiSiSiSiSiSiSiSiSiSiSiSiSiSiSiSiSiSiSiSiSiSiSiSiSiSiSiSiGeSiSiSi
           2 Ge    -7726.98389    
GeGeGeSiSiSiSiSiSiSiSiSiSiSiSiSiSiSiSiSiSiSiSiSiSiSiSiSiSiSiSiSiSiSiSiSiSiSiSiSiSiSiSiSiSiSiSiSiSiSiSiSiSiSiSiSiGeSiSiSi
           3 Ge    -7727.64941    
GeGeGeGeSiSiSiSiSiSiSiSiSiSiSiSiSiSiSiSiSiSiSiSiSiSiSiSiSiSiSiSiSiSiSiSiSiSiSiSiSiSiSiSiSiSiSiSiSiSiSiSiSiSiSiSiGeSiSiSi
           4 Ge    -7753.43555    
GeGeGeGeGeSiSiSiSiSiSiSiSiSiSiSiSiSiSiSiSiSiSiSiSiSiSiSiSiSiSiSiSiSiSiSiSiSiSiSiSiSiSiSiSiSiSiSiSiSiSiSiSiSiSiSiGeSiSiSi
           5 Ge    -7816.19775    
GeGeGeGeGeGeSiSiSiSiSiSiSiSiSiSiSiSiSiSiSiSiSiSiSiSiSiSiSiSiSiSiSiSiSiSiSiSiSiSiSiSiSiSiSiSiSiSiSiSiSiSiSiSiSiSiGeSiSiSi
           6 Ge    -7897.65332    
GeGeGeGeGeGeGeSiSiSiSiSiSiSiSiSiSiSiSiSiSiSiSiSiSiSiSiSiSiSiSiSiSiSiSiSiSiSiSiSiSiSiSiSiSiSiSiSiSiSiSiSiSiSiSiSiGeSiSiSi
           7 Ge    -8086.23291    
GeGeGeGeGeGeGeGeSiSiSiSiSiSiSiSiSiSiSiSiSiSiSiSiSiSiSiSiSiSiSiSiSiSiSiSiSiSiSiSiSiSiSiSiSiSiSiSiSiSiSiSiSiSiSiSiGeSiSiSi
           8 Ge    -8317.43457    
GeGeGeGeGeGeGeGeSiSiSiGeSiSiSiSiSiSiSiSiSiSiSiSiSiSiSiSiSiSiSiSiSiSiSiSiSiSiSiSiSiSiSiSiSiSiSiSiSiSiSiSiSiSiSiSiGeSiSiSi
          12 Ge    -8682.38379    
GeGeGeGeGeGeGeGeSiSiSiGeSiSiSiGeSiSiSiSiSiSiSiSiSiSiSiSiSiSiSiSiSiSiSiSiSiSiSiSiSiSiSiSiSiSiSiSiSiSiSiSiSiSiSiSiGeSiSiSi
          16 Ge    -9077.63574    
GeGeGeGeGeGeGeGeSiSiSiGeSiSiSiGeSiSiSiSiSiSiSiSiSiGeSiSiSiSiSiSiSiSiSiSiSiSiSiSiSiSiSiSiSiSiSiSiSiSiSiSiSiSiSiSiGeSiSiSi
          26 Ge    -9126.25684    
GeGeGeGeGeGeGeGeSiSiSiGeSiSiSiGeSiSiSiSiSiSiSiSiSiGeSiSiSiGeSiSiSiSiSiSiSiSiSiSiSiSiSiSiSiSiSiSiSiSiSiSiSiSiSiSiGeSiSiSi
          30 Ge    -9236.56250    
GeGeGeGeGeGeGeGeSiSiSiGeSiSiSiGeSiSiSiSiSiSiSiSiSiGeSiSiSiGeSiSiGeSiSiSiSiSiSiSiSiSiSiSiSiSiSiSiSiSiSiSiSiSiSiSiGeSiSiSi
          33 Ge    -9867.88672    
GeGeGeGeGeGeGeGeSiSiSiGeSiSiSiGeSiSiSiSiSiSiSiSiSiGeSiSiSiGeSiSiGeSiSiGeSiSiSiSiSiSiSiSiSiSiSiSiSiSiSiSiSiSiSiSiGeSiSiSi
          36 Ge    -9924.68652    
GeGeGeGeGeGeGeGeSiSiSiGeSiSiSiGeSiSiSiSiSiSiSiSiSiGeSiSiSiGeSiSiGeSiSiGeSiSiGeSiSiSiSiSiSiSiSiSiSiSiSiSiSiSiSiSiGeSiSiSi
          39 Ge    -10683.1406    
GeGeGeGeGeGeGeGeSiSiSiGeSiSiSiGeSiSiSiSiSiSiSiSiSiGeSiSiSiGeSiSiGeSiSiGeSiSiGeGeSiSiSiSiSiSiSiSiSiSiSiSiSiSiSiSiGeSiSiSi
          40 Ge    -11007.3477    
GeGeGeGeGeGeGeGeSiSiSiGeSiSiSiGeSiSiSiSiSiSiSiSiSiGeSiSiSiGeSiSiGeSiSiGeSiSiGeGeSiGeSiSiSiSiSiSiSiSiSiSiSiSiSiSiGeSiSiSi
          42 Ge    -9909.56250    
GeGeGeGeGeGeGeGeSiSiSiGeSiSiSiGeSiSiSiSiSiSiSiSiSiGeSiSiSiGeSiSiGeSiSiGeSiSiGeGeSiGeSiSiGeSiSiSiSiSiSiSiSiSiSiSiGeSiSiSi
          45 Ge    -9947.63867    
GeGeGeGeGeGeGeGeSiSiSiGeSiSiSiGeSiSiSiSiSiSiSiSiSiGeSiSiSiGeSiSiGeSiSiGeSiSiGeGeSiGeSiSiGeGeSiSiSiSiSiSiSiSiSiSiGeSiSiSi
          46 Ge    -10232.6211    
GeGeGeGeGeGeGeGeSiGeSiGeSiSiSiGeSiSiSiSiSiSiSiSiSiGeSiSiSiGeSiSiGeSiSiGeSiSiGeGeSiGeSiSiGeGeSiSiSiSiSiSiSiSiSiSiGeSiSiSi
          10 Ge    -9510.37891    
GeGeGeGeGeGeGeGeSiGeGeGeSiSiSiGeSiSiSiSiSiSiSiSiSiGeSiSiSiGeSiSiGeSiSiGeSiSiGeGeSiGeSiSiGeGeSiSiSiSiSiSiSiSiSiSiGeSiSiSi
          11 Ge    -10380.8457    
GeGeGeGeGeGeGeGeSiGeGeGeGeSiSiGeSiSiSiSiSiSiSiSiSiGeSiSiSiGeSiSiGeSiSiGeSiSiGeGeSiGeSiSiGeGeSiSiSiSiSiSiSiSiSiSiGeSiSiSi
          13 Ge    -9216.20508    
GeGeGeGeGeGeGeGeSiGeGeGeGeSiGeGeSiSiSiSiSiSiSiSiSiGeSiSiSiGeSiSiGeSiSiGeSiSiGeGeSiGeSiSiGeGeSiSiSiSiSiSiSiSiSiSiGeSiSiSi
          15 Ge    -7484.93506    
GeGeGeGeGeGeGeGeSiGeGeGeGeSiGeGeSiGeSiSiSiSiSiSiSiGeSiSiSiGeSiSiGeSiSiGeSiSiGeGeSiGeSiSiGeGeSiSiSiSiSiSiSiSiSiSiGeSiSiSi
          18 Ge    -4455.35449    
GeGeGeGeGeGeGeGeSiGeGeGeGeSiGeGeSiGeSiSiSiSiGeSiSiGeSiSiSiGeSiSiGeSiSiGeSiSiGeGeSiGeSiSiGeGeSiSiSiSiSiSiSiSiSiSiGeSiSiSi
          23 Ge    -695.105469    
==============================================
MonteCarlo: Metropolis with identity changes
Si > Ge, Ge > Si. STOP when occurrence <    0.00000
==============================================
Cost_function     Occurrence %     Scan-Cost
   -15263.1152343750 GeSiGeSiGeSiGeSiGeSiSiGeSiGeGeSiGeSiSiSiSiSiGeGeSiSiGeGeSiSiGeSiGeSiSiSiGeGeSiSiSiSiSiSiSiGeGeSiSiSiGeSiGeGeSiGeGeSiGeGe
   -15263.1152343750 GeSiGeSiGeSiGeSiGeSiSiGeSiGeGeSiGeSiSiSiSiSiGeGeSiSiGeGeSiSiGeSiGeSiSiSiGeGeSiSiSiSiSiSiSiGeGeSiSiSiGeSiGeGeSiGeGeSiGeGe
   -16922.9726562500 SiGeGeGeGeSiSiSiGeSiSiGeSiSiSiSiGeGeSiGeSiGeGeGeSiSiGeGeSiGeSiSiSiSiSiSiGeGeSiGeSiSiSiSiGeGeSiSiGeSiGeSiGeSiGeSiSiSiGeGe
   -17467.0507812500 SiGeGeGeGeSiSiSiGeSiSiGeSiSiSiSiGeGeSiGeSiGeGeGeSiSiGeGeSiGeSiSiSiSiSiSiGeSiSiGeSiSiSiSiGeGeSiSiGeSiGeSiGeGeGeSiSiSiGeGe
   -18917.5390625000 SiGeGeGeSiSiGeSiGeSiSiGeSiSiSiSiGeGeSiGeSiGeGeGeSiSiGeGeSiGeSiSiSiGeSiSiGeSiSiGeSiSiSiSiGeGeSiSiGeSiSiSiGeGeGeSiSiSiGeGe
   -19166.0234375000 SiSiGeSiSiSiGeSiGeSiSiGeSiSiSiSiSiGeSiGeGeSiGeGeSiSiSiGeSiSiSiGeSiGeSiSiGeGeSiGeSiSiGeSiSiGeGeGeGeSiGeSiGeGeGeSiGeSiGeSi
   -19166.0234375000 SiSiGeSiSiSiGeSiGeSiSiGeSiSiSiSiSiGeSiGeGeSiGeGeSiSiSiGeSiSiSiGeSiGeSiSiGeGeSiGeSiSiGeSiSiGeGeGeGeSiGeSiGeGeGeSiGeSiGeSi
   -20977.3281250000 SiSiGeSiSiSiGeSiGeSiSiGeSiSiGeSiSiGeSiGeGeSiSiGeSiSiSiGeSiSiSiSiSiGeSiSiGeGeSiGeSiSiGeGeSiGeGeGeGeSiGeSiGeGeGeSiGeSiGeSi
   -20977.3281250000 SiSiGeSiSiSiGeSiGeSiSiGeSiSiGeSiSiGeSiGeGeSiSiGeSiSiSiGeSiSiSiSiSiGeSiSiGeGeSiGeSiSiGeGeSiGeGeGeGeSiGeSiGeGeGeSiGeSiGeSi
   -20977.3281250000 SiSiGeSiSiSiGeSiGeSiSiGeSiSiGeSiSiGeSiGeGeSiSiGeSiSiSiGeSiSiSiSiSiGeSiSiGeGeSiGeSiSiGeGeSiGeGeGeGeSiGeSiGeGeGeSiGeSiGeSi
   -20977.3281250000 SiSiGeSiSiSiGeSiGeSiSiGeSiSiGeSiSiGeSiGeGeSiSiGeSiSiSiGeSiSiSiSiSiGeSiSiGeGeSiGeSiSiGeGeSiGeGeGeGeSiGeSiGeGeGeSiGeSiGeSi
   -20977.3281250000 SiSiGeSiSiSiGeSiGeSiSiGeSiSiGeSiSiGeSiGeGeSiSiGeSiSiSiGeSiSiSiSiSiGeSiSiGeGeSiGeSiSiGeGeSiGeGeGeGeSiGeSiGeGeGeSiGeSiGeSi
   -20977.3281250000 SiSiGeSiSiSiGeSiGeSiSiGeSiSiGeSiSiGeSiGeGeSiSiGeSiSiSiGeSiSiSiSiSiGeSiSiGeGeSiGeSiSiGeGeSiGeGeGeGeSiGeSiGeGeGeSiGeSiGeSi
   -21242.0156250000 SiSiGeSiSiSiGeSiGeGeSiSiSiSiGeSiSiGeSiGeGeSiSiSiSiSiGeGeSiSiSiSiSiGeSiSiGeGeSiGeSiSiGeGeSiGeSiGeGeSiGeSiGeGeGeSiGeSiGeGe
   -21716.8437500000 SiSiGeSiSiSiGeSiGeGeGeSiSiSiGeSiSiGeSiGeGeSiSiSiSiSiGeGeSiSiSiSiSiGeSiSiGeGeSiGeSiSiGeGeSiGeSiGeGeSiGeSiGeSiGeSiGeSiGeGe
   -22638.2109375000 GeSiGeSiSiSiGeSiGeGeGeSiSiSiGeSiSiGeSiGeGeSiSiSiSiSiGeGeSiSiSiSiSiGeSiSiGeGeSiGeSiSiSiGeSiGeSiGeGeSiGeSiGeSiGeSiGeSiGeGe
   -22638.2109375000 GeSiGeSiSiSiGeSiGeGeGeSiSiSiGeSiSiGeSiGeGeSiSiSiSiSiGeGeSiSiSiSiSiGeSiSiGeGeSiGeSiSiSiGeSiGeSiGeGeSiGeSiGeSiGeSiGeSiGeGe
   -23026.8789062500 GeSiGeSiSiSiGeSiGeGeGeSiSiSiSiGeSiGeSiGeGeSiSiSiSiSiGeGeSiSiSiSiSiGeSiSiGeGeSiGeSiSiSiGeSiGeSiGeGeSiGeSiGeSiGeSiGeSiGeGe
   -23362.3281250000 GeSiGeSiSiSiGeSiGeGeGeSiSiSiSiGeSiGeSiGeGeSiSiSiSiSiGeGeSiSiSiSiSiGeSiSiGeGeSiSiSiSiSiGeSiGeGeGeSiSiGeSiGeGeGeSiGeSiGeGe
   -23362.3281250000 GeSiGeSiSiSiGeSiGeGeGeSiSiSiSiGeSiGeSiGeGeSiSiSiSiSiGeGeSiSiSiSiSiGeSiSiGeGeSiSiSiSiSiGeSiGeGeGeSiSiGeSiGeGeGeSiGeSiGeGe
   -23362.3281250000 GeSiGeSiSiSiGeSiGeGeGeSiSiSiSiGeSiGeSiGeGeSiSiSiSiSiGeGeSiSiSiSiSiGeSiSiGeGeSiSiSiSiSiGeSiGeGeGeSiSiGeSiGeGeGeSiGeSiGeGe
   -23362.3281250000 GeSiGeSiSiSiGeSiGeGeGeSiSiSiSiGeSiGeSiGeGeSiSiSiSiSiGeGeSiSiSiSiSiGeSiSiGeGeSiSiSiSiSiGeSiGeGeGeSiSiGeSiGeGeGeSiGeSiGeGe
   -23362.3281250000 GeSiGeSiSiSiGeSiGeGeGeSiSiSiSiGeSiGeSiGeGeSiSiSiSiSiGeGeSiSiSiSiSiGeSiSiGeGeSiSiSiSiSiGeSiGeGeGeSiSiGeSiGeGeGeSiGeSiGeGe
   -23445.2617187500 GeSiGeSiGeSiGeSiGeGeGeSiSiSiSiGeSiGeSiGeGeSiSiSiSiSiGeGeSiSiSiSiSiGeSiSiGeSiSiSiSiSiSiGeSiGeGeGeSiSiGeSiGeGeGeSiGeSiGeGe
   -23445.2617187500 GeSiGeSiGeSiGeSiGeGeGeSiSiSiSiGeSiGeSiGeGeSiSiSiSiSiGeGeSiSiSiSiSiGeSiSiGeSiSiSiSiSiSiGeSiGeGeGeSiSiGeSiGeGeGeSiGeSiGeGe
   -23606.0000000000 GeSiGeSiGeSiGeSiGeGeGeSiSiSiSiGeSiGeSiGeGeSiSiSiSiSiGeGeSiSiSiSiSiSiSiSiGeSiSiSiSiSiSiGeSiGeGeGeSiSiGeSiGeGeGeGeGeSiGeGe
   -24100.1835937500 GeGeGeSiGeSiGeSiGeGeSiGeSiSiSiGeSiSiSiGeGeSiSiSiSiSiGeGeSiSiSiSiSiSiSiSiGeSiSiSiSiSiSiGeSiGeGeGeSiSiGeSiGeGeGeGeGeSiGeGe
   -24100.1835937500 GeGeGeSiGeSiGeSiGeGeSiGeSiSiSiGeSiSiSiGeGeSiSiSiSiSiGeGeSiSiSiSiSiSiSiSiGeSiSiSiSiSiSiGeSiGeGeGeSiSiGeSiGeGeGeGeGeSiGeGe
   -24100.1835937500 GeGeGeSiGeSiGeSiGeGeSiGeSiSiSiGeSiSiSiGeGeSiSiSiSiSiGeGeSiSiSiSiSiSiSiSiGeSiSiSiSiSiSiGeSiGeGeGeSiSiGeSiGeGeGeGeGeSiGeGe
   -24100.1835937500 GeGeGeSiGeSiGeSiGeGeSiGeSiSiSiGeSiSiSiGeGeSiSiSiSiSiGeGeSiSiSiSiSiSiSiSiGeSiSiSiSiSiSiGeSiGeGeGeSiSiGeSiGeGeGeGeGeSiGeGe
   -24335.1250000000 GeGeGeSiGeSiGeSiGeGeSiGeSiSiSiGeGeSiSiGeGeSiSiSiSiSiGeGeSiSiSiSiSiSiSiSiGeSiSiSiSiSiSiSiSiGeGeGeSiSiGeSiGeGeGeGeGeSiGeGe
   -26252.1679687500 GeGeGeSiGeSiGeSiGeGeGeGeSiSiSiGeSiSiSiGeGeSiSiSiSiSiSiGeSiSiSiSiSiSiSiSiGeSiSiSiSiSiSiSiSiGeGeGeSiSiGeSiGeGeGeGeGeGeGeGe
   -26252.1679687500 GeGeGeSiGeSiGeSiGeGeGeGeSiSiSiGeSiSiSiGeGeSiSiSiSiSiSiGeSiSiSiSiSiSiSiSiGeSiSiSiSiSiSiSiSiGeGeGeSiSiGeSiGeGeGeGeGeGeGeGe
   -26252.1679687500 GeGeGeSiGeSiGeSiGeGeGeGeSiSiSiGeSiSiSiGeGeSiSiSiSiSiSiGeSiSiSiSiSiSiSiSiGeSiSiSiSiSiSiSiSiGeGeGeSiSiGeSiGeGeGeGeGeGeGeGe
   -26252.1679687500 GeGeGeSiGeSiGeSiGeGeGeGeSiSiSiGeSiSiSiGeGeSiSiSiSiSiSiGeSiSiSiSiSiSiSiSiGeSiSiSiSiSiSiSiSiGeGeGeSiSiGeSiGeGeGeGeGeGeGeGe
   -26252.1679687500 GeGeGeSiGeSiGeSiGeGeGeGeSiSiSiGeSiSiSiGeGeSiSiSiSiSiSiGeSiSiSiSiSiSiSiSiGeSiSiSiSiSiSiSiSiGeGeGeSiSiGeSiGeGeGeGeGeGeGeGe
   -26252.1679687500 GeGeGeSiGeSiGeSiGeGeGeGeSiSiSiGeSiSiSiGeGeSiSiSiSiSiSiGeSiSiSiSiSiSiSiSiGeSiSiSiSiSiSiSiSiGeGeGeSiSiGeSiGeGeGeGeGeGeGeGe
   -26252.1679687500 GeGeGeSiGeSiGeSiGeGeGeGeSiSiSiGeSiSiSiGeGeSiSiSiSiSiSiGeSiSiSiSiSiSiSiSiGeSiSiSiSiSiSiSiSiGeGeGeSiSiGeSiGeGeGeGeGeGeGeGe
   -26555.3789062500 GeGeGeSiGeSiGeSiGeGeGeGeSiSiSiGeSiSiSiGeGeSiGeSiSiSiSiGeSiSiSiSiSiSiSiSiGeSiSiSiSiSiSiSiSiGeSiGeSiSiGeSiGeGeGeGeGeGeGeGe
   -26555.3789062500 GeGeGeSiGeSiGeSiGeGeGeGeSiSiSiGeSiSiSiGeGeSiGeSiSiSiSiGeSiSiSiSiSiSiSiSiGeSiSiSiSiSiSiSiSiGeSiGeSiSiGeSiGeGeGeGeGeGeGeGe
   -26555.3789062500 GeGeGeSiGeSiGeSiGeGeGeGeSiSiSiGeSiSiSiGeGeSiGeSiSiSiSiGeSiSiSiSiSiSiSiSiGeSiSiSiSiSiSiSiSiGeSiGeSiSiGeSiGeGeGeGeGeGeGeGe
   -26555.3789062500 GeGeGeSiGeSiGeSiGeGeGeGeSiSiSiGeSiSiSiGeGeSiGeSiSiSiSiGeSiSiSiSiSiSiSiSiGeSiSiSiSiSiSiSiSiGeSiGeSiSiGeSiGeGeGeGeGeGeGeGe
   -26555.3789062500 GeGeGeSiGeSiGeSiGeGeGeGeSiSiSiGeSiSiSiGeGeSiGeSiSiSiSiGeSiSiSiSiSiSiSiSiGeSiSiSiSiSiSiSiSiGeSiGeSiSiGeSiGeGeGeGeGeGeGeGe
   -27117.3554687500 GeGeGeSiGeSiGeSiGeGeGeGeSiSiSiGeSiSiGeGeGeGeGeSiSiSiSiSiSiSiSiSiSiSiSiSiGeSiSiSiSiSiSiSiSiSiSiGeSiSiGeSiGeGeGeGeGeGeGeGe
   -27117.3554687500 GeGeGeSiGeSiGeSiGeGeGeGeSiSiSiGeSiSiGeGeGeGeGeSiSiSiSiSiSiSiSiSiSiSiSiSiGeSiSiSiSiSiSiSiSiSiSiGeSiSiGeSiGeGeGeGeGeGeGeGe
   -27117.3554687500 GeGeGeSiGeSiGeSiGeGeGeGeSiSiSiGeSiSiGeGeGeGeGeSiSiSiSiSiSiSiSiSiSiSiSiSiGeSiSiSiSiSiSiSiSiSiSiGeSiSiGeSiGeGeGeGeGeGeGeGe
   -27117.3554687500 GeGeGeSiGeSiGeSiGeGeGeGeSiSiSiGeSiSiGeGeGeGeGeSiSiSiSiSiSiSiSiSiSiSiSiSiGeSiSiSiSiSiSiSiSiSiSiGeSiSiGeSiGeGeGeGeGeGeGeGe
   -27117.3554687500 GeGeGeSiGeSiGeSiGeGeGeGeSiSiSiGeSiSiGeGeGeGeGeSiSiSiSiSiSiSiSiSiSiSiSiSiGeSiSiSiSiSiSiSiSiSiSiGeSiSiGeSiGeGeGeGeGeGeGeGe
   -27117.3554687500 GeGeGeSiGeSiGeSiGeGeGeGeSiSiSiGeSiSiGeGeGeGeGeSiSiSiSiSiSiSiSiSiSiSiSiSiGeSiSiSiSiSiSiSiSiSiSiGeSiSiGeSiGeGeGeGeGeGeGeGe
   -27117.3554687500 GeGeGeSiGeSiGeSiGeGeGeGeSiSiSiGeSiSiGeGeGeGeGeSiSiSiSiSiSiSiSiSiSiSiSiSiGeSiSiSiSiSiSiSiSiSiSiGeSiSiGeSiGeGeGeGeGeGeGeGe
   -27117.3554687500 GeGeGeSiGeSiGeSiGeGeGeGeSiSiSiGeSiSiGeGeGeGeGeSiSiSiSiSiSiSiSiSiSiSiSiSiGeSiSiSiSiSiSiSiSiSiSiGeSiSiGeSiGeGeGeGeGeGeGeGe
   -27117.3554687500 GeGeGeSiGeSiGeSiGeGeGeGeSiSiSiGeSiSiGeGeGeGeGeSiSiSiSiSiSiSiSiSiSiSiSiSiGeSiSiSiSiSiSiSiSiSiSiGeSiSiGeSiGeGeGeGeGeGeGeGe
   -27117.3554687500 GeGeGeSiGeSiGeSiGeGeGeGeSiSiSiGeSiSiGeGeGeGeGeSiSiSiSiSiSiSiSiSiSiSiSiSiGeSiSiSiSiSiSiSiSiSiSiGeSiSiGeSiGeGeGeGeGeGeGeGe
   -27117.3554687500 GeGeGeSiGeSiGeSiGeGeGeGeSiSiSiGeSiSiGeGeGeGeGeSiSiSiSiSiSiSiSiSiSiSiSiSiGeSiSiSiSiSiSiSiSiSiSiGeSiSiGeSiGeGeGeGeGeGeGeGe
   -27117.3554687500 GeGeGeSiGeSiGeSiGeGeGeGeSiSiSiGeSiSiGeGeGeGeGeSiSiSiSiSiSiSiSiSiSiSiSiSiGeSiSiSiSiSiSiSiSiSiSiGeSiSiGeSiGeGeGeGeGeGeGeGe
   -27117.3554687500 GeGeGeSiGeSiGeSiGeGeGeGeSiSiSiGeSiSiGeGeGeGeGeSiSiSiSiSiSiSiSiSiSiSiSiSiGeSiSiSiSiSiSiSiSiSiSiGeSiSiGeSiGeGeGeGeGeGeGeGe
   -27117.3554687500 GeGeGeSiGeSiGeSiGeGeGeGeSiSiSiGeSiSiGeGeGeGeGeSiSiSiSiSiSiSiSiSiSiSiSiSiGeSiSiSiSiSiSiSiSiSiSiGeSiSiGeSiGeGeGeGeGeGeGeGe
   -27117.3554687500 GeGeGeSiGeSiGeSiGeGeGeGeSiSiSiGeSiSiGeGeGeGeGeSiSiSiSiSiSiSiSiSiSiSiSiSiGeSiSiSiSiSiSiSiSiSiSiGeSiSiGeSiGeGeGeGeGeGeGeGe
   -27117.3554687500 GeGeGeSiGeSiGeSiGeGeGeGeSiSiSiGeSiSiGeGeGeGeGeSiSiSiSiSiSiSiSiSiSiSiSiSiGeSiSiSiSiSiSiSiSiSiSiGeSiSiGeSiGeGeGeGeGeGeGeGe
   -27117.3554687500 GeGeGeSiGeSiGeSiGeGeGeGeSiSiSiGeSiSiGeGeGeGeGeSiSiSiSiSiSiSiSiSiSiSiSiSiGeSiSiSiSiSiSiSiSiSiSiGeSiSiGeSiGeGeGeGeGeGeGeGe
   -27629.1757812500 GeGeGeGeGeSiGeSiGeGeGeGeSiSiSiSiSiSiGeGeGeGeGeSiSiSiSiSiSiSiSiSiSiSiSiSiGeSiSiSiSiSiSiSiSiSiSiGeSiSiGeSiGeGeGeGeGeGeGeGe
   -27629.1757812500 GeGeGeGeGeSiGeSiGeGeGeGeSiSiSiSiSiSiGeGeGeGeGeSiSiSiSiSiSiSiSiSiSiSiSiSiGeSiSiSiSiSiSiSiSiSiSiGeSiSiGeSiGeGeGeGeGeGeGeGe
   -27629.1757812500 GeGeGeGeGeSiGeSiGeGeGeGeSiSiSiSiSiSiGeGeGeGeGeSiSiSiSiSiSiSiSiSiSiSiSiSiGeSiSiSiSiSiSiSiSiSiSiGeSiSiGeSiGeGeGeGeGeGeGeGe
   -28323.8632812500 GeGeGeGeGeSiGeSiGeGeGeGeSiSiSiSiSiSiGeGeSiGeGeSiSiSiSiSiSiSiSiSiSiSiSiSiGeSiSiSiSiSiSiSiSiSiSiGeSiGeGeSiGeGeGeGeGeGeGeGe
   -28323.8632812500 GeGeGeGeGeSiGeSiGeGeGeGeSiSiSiSiSiSiGeGeSiGeGeSiSiSiSiSiSiSiSiSiSiSiSiSiGeSiSiSiSiSiSiSiSiSiSiGeSiGeGeSiGeGeGeGeGeGeGeGe
   -28323.8632812500 GeGeGeGeGeSiGeSiGeGeGeGeSiSiSiSiSiSiGeGeSiGeGeSiSiSiSiSiSiSiSiSiSiSiSiSiGeSiSiSiSiSiSiSiSiSiSiGeSiGeGeSiGeGeGeGeGeGeGeGe
   -28323.8632812500 GeGeGeGeGeSiGeSiGeGeGeGeSiSiSiSiSiSiGeGeSiGeGeSiSiSiSiSiSiSiSiSiSiSiSiSiGeSiSiSiSiSiSiSiSiSiSiGeSiGeGeSiGeGeGeGeGeGeGeGe
   -28323.8632812500 GeGeGeGeGeSiGeSiGeGeGeGeSiSiSiSiSiSiGeGeSiGeGeSiSiSiSiSiSiSiSiSiSiSiSiSiGeSiSiSiSiSiSiSiSiSiSiGeSiGeGeSiGeGeGeGeGeGeGeGe
   -28323.8632812500 GeGeGeGeGeSiGeSiGeGeGeGeSiSiSiSiSiSiGeGeSiGeGeSiSiSiSiSiSiSiSiSiSiSiSiSiGeSiSiSiSiSiSiSiSiSiSiGeSiGeGeSiGeGeGeGeGeGeGeGe
   -28323.8632812500 GeGeGeGeGeSiGeSiGeGeGeGeSiSiSiSiSiSiGeGeSiGeGeSiSiSiSiSiSiSiSiSiSiSiSiSiGeSiSiSiSiSiSiSiSiSiSiGeSiGeGeSiGeGeGeGeGeGeGeGe
   -28323.8632812500 GeGeGeGeGeSiGeSiGeGeGeGeSiSiSiSiSiSiGeGeSiGeGeSiSiSiSiSiSiSiSiSiSiSiSiSiGeSiSiSiSiSiSiSiSiSiSiGeSiGeGeSiGeGeGeGeGeGeGeGe
   -28323.8632812500 GeGeGeGeGeSiGeSiGeGeGeGeSiSiSiSiSiSiGeGeSiGeGeSiSiSiSiSiSiSiSiSiSiSiSiSiGeSiSiSiSiSiSiSiSiSiSiGeSiGeGeSiGeGeGeGeGeGeGeGe
   -29141.5625000000 GeSiGeGeGeSiGeSiGeGeGeGeSiSiSiSiSiSiGeGeSiGeGeSiSiSiSiSiSiSiSiSiSiSiSiSiGeSiSiSiSiSiSiSiSiSiSiGeSiGeGeGeGeGeGeGeGeGeGeGe
   -29141.5625000000 GeSiGeGeGeSiGeSiGeGeGeGeSiSiSiSiSiSiGeGeSiGeGeSiSiSiSiSiSiSiSiSiSiSiSiSiGeSiSiSiSiSiSiSiSiSiSiGeSiGeGeGeGeGeGeGeGeGeGeGe
   -29141.5625000000 GeSiGeGeGeSiGeSiGeGeGeGeSiSiSiSiSiSiGeGeSiGeGeSiSiSiSiSiSiSiSiSiSiSiSiSiGeSiSiSiSiSiSiSiSiSiSiGeSiGeGeGeGeGeGeGeGeGeGeGe
   -29141.5625000000 GeSiGeGeGeSiGeSiGeGeGeGeSiSiSiSiSiSiGeGeSiGeGeSiSiSiSiSiSiSiSiSiSiSiSiSiGeSiSiSiSiSiSiSiSiSiSiGeSiGeGeGeGeGeGeGeGeGeGeGe
   -29141.5625000000 GeSiGeGeGeSiGeSiGeGeGeGeSiSiSiSiSiSiGeGeSiGeGeSiSiSiSiSiSiSiSiSiSiSiSiSiGeSiSiSiSiSiSiSiSiSiSiGeSiGeGeGeGeGeGeGeGeGeGeGe
   -29141.5625000000 GeSiGeGeGeSiGeSiGeGeGeGeSiSiSiSiSiSiGeGeSiGeGeSiSiSiSiSiSiSiSiSiSiSiSiSiGeSiSiSiSiSiSiSiSiSiSiGeSiGeGeGeGeGeGeGeGeGeGeGe
   -29853.0585937500 GeSiGeGeGeSiGeSiGeGeGeGeSiSiSiSiGeSiGeGeSiGeGeSiSiSiSiSiSiSiSiSiSiSiSiSiGeSiSiSiSiSiSiSiSiSiSiGeSiSiGeGeGeGeGeGeGeGeGeGe
   -29853.0585937500 GeSiGeGeGeSiGeSiGeGeGeGeSiSiSiSiGeSiGeGeSiGeGeSiSiSiSiSiSiSiSiSiSiSiSiSiGeSiSiSiSiSiSiSiSiSiSiGeSiSiGeGeGeGeGeGeGeGeGeGe
   -29853.0585937500 GeSiGeGeGeSiGeSiGeGeGeGeSiSiSiSiGeSiGeGeSiGeGeSiSiSiSiSiSiSiSiSiSiSiSiSiGeSiSiSiSiSiSiSiSiSiSiGeSiSiGeGeGeGeGeGeGeGeGeGe
   -29853.0585937500 GeSiGeGeGeSiGeSiGeGeGeGeSiSiSiSiGeSiGeGeSiGeGeSiSiSiSiSiSiSiSiSiSiSiSiSiGeSiSiSiSiSiSiSiSiSiSiGeSiSiGeGeGeGeGeGeGeGeGeGe
   -29853.0585937500 GeSiGeGeGeSiGeSiGeGeGeGeSiSiSiSiGeSiGeGeSiGeGeSiSiSiSiSiSiSiSiSiSiSiSiSiGeSiSiSiSiSiSiSiSiSiSiGeSiSiGeGeGeGeGeGeGeGeGeGe
   -29853.0585937500 GeSiGeGeGeSiGeSiGeGeGeGeSiSiSiSiGeSiGeGeSiGeGeSiSiSiSiSiSiSiSiSiSiSiSiSiGeSiSiSiSiSiSiSiSiSiSiGeSiSiGeGeGeGeGeGeGeGeGeGe
   -29853.0585937500 GeSiGeGeGeSiGeSiGeGeGeGeSiSiSiSiGeSiGeGeSiGeGeSiSiSiSiSiSiSiSiSiSiSiSiSiGeSiSiSiSiSiSiSiSiSiSiGeSiSiGeGeGeGeGeGeGeGeGeGe
   -29853.0585937500 GeSiGeGeGeSiGeSiGeGeGeGeSiSiSiSiGeSiGeGeSiGeGeSiSiSiSiSiSiSiSiSiSiSiSiSiGeSiSiSiSiSiSiSiSiSiSiGeSiSiGeGeGeGeGeGeGeGeGeGe
   -29853.0585937500 GeSiGeGeGeSiGeSiGeGeGeGeSiSiSiSiGeSiGeGeSiGeGeSiSiSiSiSiSiSiSiSiSiSiSiSiGeSiSiSiSiSiSiSiSiSiSiGeSiSiGeGeGeGeGeGeGeGeGeGe
   -29853.0585937500 GeSiGeGeGeSiGeSiGeGeGeGeSiSiSiSiGeSiGeGeSiGeGeSiSiSiSiSiSiSiSiSiSiSiSiSiGeSiSiSiSiSiSiSiSiSiSiGeSiSiGeGeGeGeGeGeGeGeGeGe
   -29853.0585937500 GeSiGeGeGeSiGeSiGeGeGeGeSiSiSiSiGeSiGeGeSiGeGeSiSiSiSiSiSiSiSiSiSiSiSiSiGeSiSiSiSiSiSiSiSiSiSiGeSiSiGeGeGeGeGeGeGeGeGeGe
   -29853.0585937500 GeSiGeGeGeSiGeSiGeGeGeGeSiSiSiSiGeSiGeGeSiGeGeSiSiSiSiSiSiSiSiSiSiSiSiSiGeSiSiSiSiSiSiSiSiSiSiGeSiSiGeGeGeGeGeGeGeGeGeGe
   -29853.0585937500 GeSiGeGeGeSiGeSiGeGeGeGeSiSiSiSiGeSiGeGeSiGeGeSiSiSiSiSiSiSiSiSiSiSiSiSiGeSiSiSiSiSiSiSiSiSiSiGeSiSiGeGeGeGeGeGeGeGeGeGe
   -29853.0585937500 GeSiGeGeGeSiGeSiGeGeGeGeSiSiSiSiGeSiGeGeSiGeGeSiSiSiSiSiSiSiSiSiSiSiSiSiGeSiSiSiSiSiSiSiSiSiSiGeSiSiGeGeGeGeGeGeGeGeGeGe
   -29853.0585937500 GeSiGeGeGeSiGeSiGeGeGeGeSiSiSiSiGeSiGeGeSiGeGeSiSiSiSiSiSiSiSiSiSiSiSiSiGeSiSiSiSiSiSiSiSiSiSiGeSiSiGeGeGeGeGeGeGeGeGeGe
   -29853.0585937500 GeSiGeGeGeSiGeSiGeGeGeGeSiSiSiSiGeSiGeGeSiGeGeSiSiSiSiSiSiSiSiSiSiSiSiSiGeSiSiSiSiSiSiSiSiSiSiGeSiSiGeGeGeGeGeGeGeGeGeGe
   -29853.0585937500 GeSiGeGeGeSiGeSiGeGeGeGeSiSiSiSiGeSiGeGeSiGeGeSiSiSiSiSiSiSiSiSiSiSiSiSiGeSiSiSiSiSiSiSiSiSiSiGeSiSiGeGeGeGeGeGeGeGeGeGe
   -29853.0585937500 GeSiGeGeGeSiGeSiGeGeGeGeSiSiSiSiGeSiGeGeSiGeGeSiSiSiSiSiSiSiSiSiSiSiSiSiGeSiSiSiSiSiSiSiSiSiSiGeSiSiGeGeGeGeGeGeGeGeGeGe
   -29853.0585937500 GeSiGeGeGeSiGeSiGeGeGeGeSiSiSiSiGeSiGeGeSiGeGeSiSiSiSiSiSiSiSiSiSiSiSiSiGeSiSiSiSiSiSiSiSiSiSiGeSiSiGeGeGeGeGeGeGeGeGeGe
   -29853.0585937500 GeSiGeGeGeSiGeSiGeGeGeGeSiSiSiSiGeSiGeGeSiGeGeSiSiSiSiSiSiSiSiSiSiSiSiSiGeSiSiSiSiSiSiSiSiSiSiGeSiSiGeGeGeGeGeGeGeGeGeGe
   -29853.0585937500 GeSiGeGeGeSiGeSiGeGeGeGeSiSiSiSiGeSiGeGeSiGeGeSiSiSiSiSiSiSiSiSiSiSiSiSiGeSiSiSiSiSiSiSiSiSiSiGeSiSiGeGeGeGeGeGeGeGeGeGe
   -29853.0585937500 GeSiGeGeGeSiGeSiGeGeGeGeSiSiSiSiGeSiGeGeSiGeGeSiSiSiSiSiSiSiSiSiSiSiSiSiGeSiSiSiSiSiSiSiSiSiSiGeSiSiGeGeGeGeGeGeGeGeGeGe
   -29853.0585937500 GeSiGeGeGeSiGeSiGeGeGeGeSiSiSiSiGeSiGeGeSiGeGeSiSiSiSiSiSiSiSiSiSiSiSiSiGeSiSiSiSiSiSiSiSiSiSiGeSiSiGeGeGeGeGeGeGeGeGeGe
   -29853.0585937500 GeSiGeGeGeSiGeSiGeGeGeGeSiSiSiSiGeSiGeGeSiGeGeSiSiSiSiSiSiSiSiSiSiSiSiSiGeSiSiSiSiSiSiSiSiSiSiGeSiSiGeGeGeGeGeGeGeGeGeGe
   -29853.0585937500 GeSiGeGeGeSiGeSiGeGeGeGeSiSiSiSiGeSiGeGeSiGeGeSiSiSiSiSiSiSiSiSiSiSiSiSiGeSiSiSiSiSiSiSiSiSiSiGeSiSiGeGeGeGeGeGeGeGeGeGe
   -29853.0585937500 GeSiGeGeGeSiGeSiGeGeGeGeSiSiSiSiGeSiGeGeSiGeGeSiSiSiSiSiSiSiSiSiSiSiSiSiGeSiSiSiSiSiSiSiSiSiSiGeSiSiGeGeGeGeGeGeGeGeGeGe
   -29853.0585937500 GeSiGeGeGeSiGeSiGeGeGeGeSiSiSiSiGeSiGeGeSiGeGeSiSiSiSiSiSiSiSiSiSiSiSiSiGeSiSiSiSiSiSiSiSiSiSiGeSiSiGeGeGeGeGeGeGeGeGeGe
   -29853.0585937500 GeSiGeGeGeSiGeSiGeGeGeGeSiSiSiSiGeSiGeGeSiGeGeSiSiSiSiSiSiSiSiSiSiSiSiSiGeSiSiSiSiSiSiSiSiSiSiGeSiSiGeGeGeGeGeGeGeGeGeGe
   -29853.0585937500 GeSiGeGeGeSiGeSiGeGeGeGeSiSiSiSiGeSiGeGeSiGeGeSiSiSiSiSiSiSiSiSiSiSiSiSiGeSiSiSiSiSiSiSiSiSiSiGeSiSiGeGeGeGeGeGeGeGeGeGe
   -29853.0585937500 GeSiGeGeGeSiGeSiGeGeGeGeSiSiSiSiGeSiGeGeSiGeGeSiSiSiSiSiSiSiSiSiSiSiSiSiGeSiSiSiSiSiSiSiSiSiSiGeSiSiGeGeGeGeGeGeGeGeGeGe
   -29853.0585937500 GeSiGeGeGeSiGeSiGeGeGeGeSiSiSiSiGeSiGeGeSiGeGeSiSiSiSiSiSiSiSiSiSiSiSiSiGeSiSiSiSiSiSiSiSiSiSiGeSiSiGeGeGeGeGeGeGeGeGeGe
   -29853.0585937500 GeSiGeGeGeSiGeSiGeGeGeGeSiSiSiSiGeSiGeGeSiGeGeSiSiSiSiSiSiSiSiSiSiSiSiSiGeSiSiSiSiSiSiSiSiSiSiGeSiSiGeGeGeGeGeGeGeGeGeGe
   -29853.0585937500 GeSiGeGeGeSiGeSiGeGeGeGeSiSiSiSiGeSiGeGeSiGeGeSiSiSiSiSiSiSiSiSiSiSiSiSiGeSiSiSiSiSiSiSiSiSiSiGeSiSiGeGeGeGeGeGeGeGeGeGe
   -29853.0585937500 GeSiGeGeGeSiGeSiGeGeGeGeSiSiSiSiGeSiGeGeSiGeGeSiSiSiSiSiSiSiSiSiSiSiSiSiGeSiSiSiSiSiSiSiSiSiSiGeSiSiGeGeGeGeGeGeGeGeGeGe
   -29853.0585937500 GeSiGeGeGeSiGeSiGeGeGeGeSiSiSiSiGeSiGeGeSiGeGeSiSiSiSiSiSiSiSiSiSiSiSiSiGeSiSiSiSiSiSiSiSiSiSiGeSiSiGeGeGeGeGeGeGeGeGeGe
   -29853.0585937500 GeSiGeGeGeSiGeSiGeGeGeGeSiSiSiSiGeSiGeGeSiGeGeSiSiSiSiSiSiSiSiSiSiSiSiSiGeSiSiSiSiSiSiSiSiSiSiGeSiSiGeGeGeGeGeGeGeGeGeGe
   -29853.0585937500 GeSiGeGeGeSiGeSiGeGeGeGeSiSiSiSiGeSiGeGeSiGeGeSiSiSiSiSiSiSiSiSiSiSiSiSiGeSiSiSiSiSiSiSiSiSiSiGeSiSiGeGeGeGeGeGeGeGeGeGe
   -29853.0585937500 GeSiGeGeGeSiGeSiGeGeGeGeSiSiSiSiGeSiGeGeSiGeGeSiSiSiSiSiSiSiSiSiSiSiSiSiGeSiSiSiSiSiSiSiSiSiSiGeSiSiGeGeGeGeGeGeGeGeGeGe
   -29853.0585937500 GeSiGeGeGeSiGeSiGeGeGeGeSiSiSiSiGeSiGeGeSiGeGeSiSiSiSiSiSiSiSiSiSiSiSiSiGeSiSiSiSiSiSiSiSiSiSiGeSiSiGeGeGeGeGeGeGeGeGeGe
   -29853.0585937500 GeSiGeGeGeSiGeSiGeGeGeGeSiSiSiSiGeSiGeGeSiGeGeSiSiSiSiSiSiSiSiSiSiSiSiSiGeSiSiSiSiSiSiSiSiSiSiGeSiSiGeGeGeGeGeGeGeGeGeGe
   -29853.0585937500 GeSiGeGeGeSiGeSiGeGeGeGeSiSiSiSiGeSiGeGeSiGeGeSiSiSiSiSiSiSiSiSiSiSiSiSiGeSiSiSiSiSiSiSiSiSiSiGeSiSiGeGeGeGeGeGeGeGeGeGe
   -29853.0585937500 GeSiGeGeGeSiGeSiGeGeGeGeSiSiSiSiGeSiGeGeSiGeGeSiSiSiSiSiSiSiSiSiSiSiSiSiGeSiSiSiSiSiSiSiSiSiSiGeSiSiGeGeGeGeGeGeGeGeGeGe
   -29853.0585937500 GeSiGeGeGeSiGeSiGeGeGeGeSiSiSiSiGeSiGeGeSiGeGeSiSiSiSiSiSiSiSiSiSiSiSiSiGeSiSiSiSiSiSiSiSiSiSiGeSiSiGeGeGeGeGeGeGeGeGeGe
   -29853.0585937500 GeSiGeGeGeSiGeSiGeGeGeGeSiSiSiSiGeSiGeGeSiGeGeSiSiSiSiSiSiSiSiSiSiSiSiSiGeSiSiSiSiSiSiSiSiSiSiGeSiSiGeGeGeGeGeGeGeGeGeGe
   -29853.0585937500 GeSiGeGeGeSiGeSiGeGeGeGeSiSiSiSiGeSiGeGeSiGeGeSiSiSiSiSiSiSiSiSiSiSiSiSiGeSiSiSiSiSiSiSiSiSiSiGeSiSiGeGeGeGeGeGeGeGeGeGe
   -29853.0585937500 GeSiGeGeGeSiGeSiGeGeGeGeSiSiSiSiGeSiGeGeSiGeGeSiSiSiSiSiSiSiSiSiSiSiSiSiGeSiSiSiSiSiSiSiSiSiSiGeSiSiGeGeGeGeGeGeGeGeGeGe
   -29853.0585937500 GeSiGeGeGeSiGeSiGeGeGeGeSiSiSiSiGeSiGeGeSiGeGeSiSiSiSiSiSiSiSiSiSiSiSiSiGeSiSiSiSiSiSiSiSiSiSiGeSiSiGeGeGeGeGeGeGeGeGeGe
   -29853.0585937500 GeSiGeGeGeSiGeSiGeGeGeGeSiSiSiSiGeSiGeGeSiGeGeSiSiSiSiSiSiSiSiSiSiSiSiSiGeSiSiSiSiSiSiSiSiSiSiGeSiSiGeGeGeGeGeGeGeGeGeGe
   -29853.0585937500 GeSiGeGeGeSiGeSiGeGeGeGeSiSiSiSiGeSiGeGeSiGeGeSiSiSiSiSiSiSiSiSiSiSiSiSiGeSiSiSiSiSiSiSiSiSiSiGeSiSiGeGeGeGeGeGeGeGeGeGe
   -29853.0585937500 GeSiGeGeGeSiGeSiGeGeGeGeSiSiSiSiGeSiGeGeSiGeGeSiSiSiSiSiSiSiSiSiSiSiSiSiGeSiSiSiSiSiSiSiSiSiSiGeSiSiGeGeGeGeGeGeGeGeGeGe
   -29853.0585937500 GeSiGeGeGeSiGeSiGeGeGeGeSiSiSiSiGeSiGeGeSiGeGeSiSiSiSiSiSiSiSiSiSiSiSiSiGeSiSiSiSiSiSiSiSiSiSiGeSiSiGeGeGeGeGeGeGeGeGeGe
   -29853.0585937500 GeSiGeGeGeSiGeSiGeGeGeGeSiSiSiSiGeSiGeGeSiGeGeSiSiSiSiSiSiSiSiSiSiSiSiSiGeSiSiSiSiSiSiSiSiSiSiGeSiSiGeGeGeGeGeGeGeGeGeGe
   -29853.0585937500 GeSiGeGeGeSiGeSiGeGeGeGeSiSiSiSiGeSiGeGeSiGeGeSiSiSiSiSiSiSiSiSiSiSiSiSiGeSiSiSiSiSiSiSiSiSiSiGeSiSiGeGeGeGeGeGeGeGeGeGe
   -29853.0585937500 GeSiGeGeGeSiGeSiGeGeGeGeSiSiSiSiGeSiGeGeSiGeGeSiSiSiSiSiSiSiSiSiSiSiSiSiGeSiSiSiSiSiSiSiSiSiSiGeSiSiGeGeGeGeGeGeGeGeGeGe
   -29853.0585937500 GeSiGeGeGeSiGeSiGeGeGeGeSiSiSiSiGeSiGeGeSiGeGeSiSiSiSiSiSiSiSiSiSiSiSiSiGeSiSiSiSiSiSiSiSiSiSiGeSiSiGeGeGeGeGeGeGeGeGeGe
   -29853.0585937500 GeSiGeGeGeSiGeSiGeGeGeGeSiSiSiSiGeSiGeGeSiGeGeSiSiSiSiSiSiSiSiSiSiSiSiSiGeSiSiSiSiSiSiSiSiSiSiGeSiSiGeGeGeGeGeGeGeGeGeGe
   -29853.0585937500 GeSiGeGeGeSiGeSiGeGeGeGeSiSiSiSiGeSiGeGeSiGeGeSiSiSiSiSiSiSiSiSiSiSiSiSiGeSiSiSiSiSiSiSiSiSiSiGeSiSiGeGeGeGeGeGeGeGeGeGe
   -29853.0585937500 GeSiGeGeGeSiGeSiGeGeGeGeSiSiSiSiGeSiGeGeSiGeGeSiSiSiSiSiSiSiSiSiSiSiSiSiGeSiSiSiSiSiSiSiSiSiSiGeSiSiGeGeGeGeGeGeGeGeGeGe
   -29853.0585937500 GeSiGeGeGeSiGeSiGeGeGeGeSiSiSiSiGeSiGeGeSiGeGeSiSiSiSiSiSiSiSiSiSiSiSiSiGeSiSiSiSiSiSiSiSiSiSiGeSiSiGeGeGeGeGeGeGeGeGeGe
   -29853.0585937500 GeSiGeGeGeSiGeSiGeGeGeGeSiSiSiSiGeSiGeGeSiGeGeSiSiSiSiSiSiSiSiSiSiSiSiSiGeSiSiSiSiSiSiSiSiSiSiGeSiSiGeGeGeGeGeGeGeGeGeGe
   -29853.0585937500 GeSiGeGeGeSiGeSiGeGeGeGeSiSiSiSiGeSiGeGeSiGeGeSiSiSiSiSiSiSiSiSiSiSiSiSiGeSiSiSiSiSiSiSiSiSiSiGeSiSiGeGeGeGeGeGeGeGeGeGe
   -29853.0585937500 GeSiGeGeGeSiGeSiGeGeGeGeSiSiSiSiGeSiGeGeSiGeGeSiSiSiSiSiSiSiSiSiSiSiSiSiGeSiSiSiSiSiSiSiSiSiSiGeSiSiGeGeGeGeGeGeGeGeGeGe
   -29853.0585937500 GeSiGeGeGeSiGeSiGeGeGeGeSiSiSiSiGeSiGeGeSiGeGeSiSiSiSiSiSiSiSiSiSiSiSiSiGeSiSiSiSiSiSiSiSiSiSiGeSiSiGeGeGeGeGeGeGeGeGeGe
   -29853.0585937500 GeSiGeGeGeSiGeSiGeGeGeGeSiSiSiSiGeSiGeGeSiGeGeSiSiSiSiSiSiSiSiSiSiSiSiSiGeSiSiSiSiSiSiSiSiSiSiGeSiSiGeGeGeGeGeGeGeGeGeGe
   -29853.0585937500 GeSiGeGeGeSiGeSiGeGeGeGeSiSiSiSiGeSiGeGeSiGeGeSiSiSiSiSiSiSiSiSiSiSiSiSiGeSiSiSiSiSiSiSiSiSiSiGeSiSiGeGeGeGeGeGeGeGeGeGe
   -29853.0585937500 GeSiGeGeGeSiGeSiGeGeGeGeSiSiSiSiGeSiGeGeSiGeGeSiSiSiSiSiSiSiSiSiSiSiSiSiGeSiSiSiSiSiSiSiSiSiSiGeSiSiGeGeGeGeGeGeGeGeGeGe
   -29853.0585937500 GeSiGeGeGeSiGeSiGeGeGeGeSiSiSiSiGeSiGeGeSiGeGeSiSiSiSiSiSiSiSiSiSiSiSiSiGeSiSiSiSiSiSiSiSiSiSiGeSiSiGeGeGeGeGeGeGeGeGeGe
   -29853.0585937500 GeSiGeGeGeSiGeSiGeGeGeGeSiSiSiSiGeSiGeGeSiGeGeSiSiSiSiSiSiSiSiSiSiSiSiSiGeSiSiSiSiSiSiSiSiSiSiGeSiSiGeGeGeGeGeGeGeGeGeGe
   -29853.0585937500 GeSiGeGeGeSiGeSiGeGeGeGeSiSiSiSiGeSiGeGeSiGeGeSiSiSiSiSiSiSiSiSiSiSiSiSiGeSiSiSiSiSiSiSiSiSiSiGeSiSiGeGeGeGeGeGeGeGeGeGe
   -29853.0585937500 GeSiGeGeGeSiGeSiGeGeGeGeSiSiSiSiGeSiGeGeSiGeGeSiSiSiSiSiSiSiSiSiSiSiSiSiGeSiSiSiSiSiSiSiSiSiSiGeSiSiGeGeGeGeGeGeGeGeGeGe
   -29853.0585937500 GeSiGeGeGeSiGeSiGeGeGeGeSiSiSiSiGeSiGeGeSiGeGeSiSiSiSiSiSiSiSiSiSiSiSiSiGeSiSiSiSiSiSiSiSiSiSiGeSiSiGeGeGeGeGeGeGeGeGeGe
   -29853.0585937500 GeSiGeGeGeSiGeSiGeGeGeGeSiSiSiSiGeSiGeGeSiGeGeSiSiSiSiSiSiSiSiSiSiSiSiSiGeSiSiSiSiSiSiSiSiSiSiGeSiSiGeGeGeGeGeGeGeGeGeGe
   -29853.0585937500 GeSiGeGeGeSiGeSiGeGeGeGeSiSiSiSiGeSiGeGeSiGeGeSiSiSiSiSiSiSiSiSiSiSiSiSiGeSiSiSiSiSiSiSiSiSiSiGeSiSiGeGeGeGeGeGeGeGeGeGe
   -29853.0585937500 GeSiGeGeGeSiGeSiGeGeGeGeSiSiSiSiGeSiGeGeSiGeGeSiSiSiSiSiSiSiSiSiSiSiSiSiGeSiSiSiSiSiSiSiSiSiSiGeSiSiGeGeGeGeGeGeGeGeGeGe
   -29853.0585937500 GeSiGeGeGeSiGeSiGeGeGeGeSiSiSiSiGeSiGeGeSiGeGeSiSiSiSiSiSiSiSiSiSiSiSiSiGeSiSiSiSiSiSiSiSiSiSiGeSiSiGeGeGeGeGeGeGeGeGeGe
   -29853.0585937500 GeSiGeGeGeSiGeSiGeGeGeGeSiSiSiSiGeSiGeGeSiGeGeSiSiSiSiSiSiSiSiSiSiSiSiSiGeSiSiSiSiSiSiSiSiSiSiGeSiSiGeGeGeGeGeGeGeGeGeGe
   -29853.0585937500 GeSiGeGeGeSiGeSiGeGeGeGeSiSiSiSiGeSiGeGeSiGeGeSiSiSiSiSiSiSiSiSiSiSiSiSiGeSiSiSiSiSiSiSiSiSiSiGeSiSiGeGeGeGeGeGeGeGeGeGe
   -29853.0585937500 GeSiGeGeGeSiGeSiGeGeGeGeSiSiSiSiGeSiGeGeSiGeGeSiSiSiSiSiSiSiSiSiSiSiSiSiGeSiSiSiSiSiSiSiSiSiSiGeSiSiGeGeGeGeGeGeGeGeGeGe
   -29853.0585937500 GeSiGeGeGeSiGeSiGeGeGeGeSiSiSiSiGeSiGeGeSiGeGeSiSiSiSiSiSiSiSiSiSiSiSiSiGeSiSiSiSiSiSiSiSiSiSiGeSiSiGeGeGeGeGeGeGeGeGeGe
   -29853.0585937500 GeSiGeGeGeSiGeSiGeGeGeGeSiSiSiSiGeSiGeGeSiGeGeSiSiSiSiSiSiSiSiSiSiSiSiSiGeSiSiSiSiSiSiSiSiSiSiGeSiSiGeGeGeGeGeGeGeGeGeGe
   -29853.0585937500 GeSiGeGeGeSiGeSiGeGeGeGeSiSiSiSiGeSiGeGeSiGeGeSiSiSiSiSiSiSiSiSiSiSiSiSiGeSiSiSiSiSiSiSiSiSiSiGeSiSiGeGeGeGeGeGeGeGeGeGe
   -29853.0585937500 GeSiGeGeGeSiGeSiGeGeGeGeSiSiSiSiGeSiGeGeSiGeGeSiSiSiSiSiSiSiSiSiSiSiSiSiGeSiSiSiSiSiSiSiSiSiSiGeSiSiGeGeGeGeGeGeGeGeGeGe
   -29853.0585937500 GeSiGeGeGeSiGeSiGeGeGeGeSiSiSiSiGeSiGeGeSiGeGeSiSiSiSiSiSiSiSiSiSiSiSiSiGeSiSiSiSiSiSiSiSiSiSiGeSiSiGeGeGeGeGeGeGeGeGeGe
   -29853.0585937500 GeSiGeGeGeSiGeSiGeGeGeGeSiSiSiSiGeSiGeGeSiGeGeSiSiSiSiSiSiSiSiSiSiSiSiSiGeSiSiSiSiSiSiSiSiSiSiGeSiSiGeGeGeGeGeGeGeGeGeGe
   -29853.0585937500 GeSiGeGeGeSiGeSiGeGeGeGeSiSiSiSiGeSiGeGeSiGeGeSiSiSiSiSiSiSiSiSiSiSiSiSiGeSiSiSiSiSiSiSiSiSiSiGeSiSiGeGeGeGeGeGeGeGeGeGe
   -29853.0585937500 GeSiGeGeGeSiGeSiGeGeGeGeSiSiSiSiGeSiGeGeSiGeGeSiSiSiSiSiSiSiSiSiSiSiSiSiGeSiSiSiSiSiSiSiSiSiSiGeSiSiGeGeGeGeGeGeGeGeGeGe
   -29853.0585937500 GeSiGeGeGeSiGeSiGeGeGeGeSiSiSiSiGeSiGeGeSiGeGeSiSiSiSiSiSiSiSiSiSiSiSiSiGeSiSiSiSiSiSiSiSiSiSiGeSiSiGeGeGeGeGeGeGeGeGeGe
   -29853.0585937500 GeSiGeGeGeSiGeSiGeGeGeGeSiSiSiSiGeSiGeGeSiGeGeSiSiSiSiSiSiSiSiSiSiSiSiSiGeSiSiSiSiSiSiSiSiSiSiGeSiSiGeGeGeGeGeGeGeGeGeGe
   -29853.0585937500 GeSiGeGeGeSiGeSiGeGeGeGeSiSiSiSiGeSiGeGeSiGeGeSiSiSiSiSiSiSiSiSiSiSiSiSiGeSiSiSiSiSiSiSiSiSiSiGeSiSiGeGeGeGeGeGeGeGeGeGe
   -29853.0585937500 GeSiGeGeGeSiGeSiGeGeGeGeSiSiSiSiGeSiGeGeSiGeGeSiSiSiSiSiSiSiSiSiSiSiSiSiGeSiSiSiSiSiSiSiSiSiSiGeSiSiGeGeGeGeGeGeGeGeGeGe
   -29853.0585937500 GeSiGeGeGeSiGeSiGeGeGeGeSiSiSiSiGeSiGeGeSiGeGeSiSiSiSiSiSiSiSiSiSiSiSiSiGeSiSiSiSiSiSiSiSiSiSiGeSiSiGeGeGeGeGeGeGeGeGeGe
   -29853.0585937500 GeSiGeGeGeSiGeSiGeGeGeGeSiSiSiSiGeSiGeGeSiGeGeSiSiSiSiSiSiSiSiSiSiSiSiSiGeSiSiSiSiSiSiSiSiSiSiGeSiSiGeGeGeGeGeGeGeGeGeGe
   -29853.0585937500 GeSiGeGeGeSiGeSiGeGeGeGeSiSiSiSiGeSiGeGeSiGeGeSiSiSiSiSiSiSiSiSiSiSiSiSiGeSiSiSiSiSiSiSiSiSiSiGeSiSiGeGeGeGeGeGeGeGeGeGe
   -29853.0585937500 GeSiGeGeGeSiGeSiGeGeGeGeSiSiSiSiGeSiGeGeSiGeGeSiSiSiSiSiSiSiSiSiSiSiSiSiGeSiSiSiSiSiSiSiSiSiSiGeSiSiGeGeGeGeGeGeGeGeGeGe
   -29853.0585937500 GeSiGeGeGeSiGeSiGeGeGeGeSiSiSiSiGeSiGeGeSiGeGeSiSiSiSiSiSiSiSiSiSiSiSiSiGeSiSiSiSiSiSiSiSiSiSiGeSiSiGeGeGeGeGeGeGeGeGeGe
   -29853.0585937500 GeSiGeGeGeSiGeSiGeGeGeGeSiSiSiSiGeSiGeGeSiGeGeSiSiSiSiSiSiSiSiSiSiSiSiSiGeSiSiSiSiSiSiSiSiSiSiGeSiSiGeGeGeGeGeGeGeGeGeGe
   -29853.0585937500 GeSiGeGeGeSiGeSiGeGeGeGeSiSiSiSiGeSiGeGeSiGeGeSiSiSiSiSiSiSiSiSiSiSiSiSiGeSiSiSiSiSiSiSiSiSiSiGeSiSiGeGeGeGeGeGeGeGeGeGe
   -29853.0585937500 GeSiGeGeGeSiGeSiGeGeGeGeSiSiSiSiGeSiGeGeSiGeGeSiSiSiSiSiSiSiSiSiSiSiSiSiGeSiSiSiSiSiSiSiSiSiSiGeSiSiGeGeGeGeGeGeGeGeGeGe
   -29853.0585937500 GeSiGeGeGeSiGeSiGeGeGeGeSiSiSiSiGeSiGeGeSiGeGeSiSiSiSiSiSiSiSiSiSiSiSiSiGeSiSiSiSiSiSiSiSiSiSiGeSiSiGeGeGeGeGeGeGeGeGeGe
   -29853.0585937500 GeSiGeGeGeSiGeSiGeGeGeGeSiSiSiSiGeSiGeGeSiGeGeSiSiSiSiSiSiSiSiSiSiSiSiSiGeSiSiSiSiSiSiSiSiSiSiGeSiSiGeGeGeGeGeGeGeGeGeGe
   -29853.0585937500 GeSiGeGeGeSiGeSiGeGeGeGeSiSiSiSiGeSiGeGeSiGeGeSiSiSiSiSiSiSiSiSiSiSiSiSiGeSiSiSiSiSiSiSiSiSiSiGeSiSiGeGeGeGeGeGeGeGeGeGe
   -29853.0585937500 GeSiGeGeGeSiGeSiGeGeGeGeSiSiSiSiGeSiGeGeSiGeGeSiSiSiSiSiSiSiSiSiSiSiSiSiGeSiSiSiSiSiSiSiSiSiSiGeSiSiGeGeGeGeGeGeGeGeGeGe
   -29853.0585937500 GeSiGeGeGeSiGeSiGeGeGeGeSiSiSiSiGeSiGeGeSiGeGeSiSiSiSiSiSiSiSiSiSiSiSiSiGeSiSiSiSiSiSiSiSiSiSiGeSiSiGeGeGeGeGeGeGeGeGeGe
   -29853.0585937500 GeSiGeGeGeSiGeSiGeGeGeGeSiSiSiSiGeSiGeGeSiGeGeSiSiSiSiSiSiSiSiSiSiSiSiSiGeSiSiSiSiSiSiSiSiSiSiGeSiSiGeGeGeGeGeGeGeGeGeGe
   -29853.0585937500 GeSiGeGeGeSiGeSiGeGeGeGeSiSiSiSiGeSiGeGeSiGeGeSiSiSiSiSiSiSiSiSiSiSiSiSiGeSiSiSiSiSiSiSiSiSiSiGeSiSiGeGeGeGeGeGeGeGeGeGe
   -29853.0585937500 GeSiGeGeGeSiGeSiGeGeGeGeSiSiSiSiGeSiGeGeSiGeGeSiSiSiSiSiSiSiSiSiSiSiSiSiGeSiSiSiSiSiSiSiSiSiSiGeSiSiGeGeGeGeGeGeGeGeGeGe
   -29853.0585937500 GeSiGeGeGeSiGeSiGeGeGeGeSiSiSiSiGeSiGeGeSiGeGeSiSiSiSiSiSiSiSiSiSiSiSiSiGeSiSiSiSiSiSiSiSiSiSiGeSiSiGeGeGeGeGeGeGeGeGeGe
   -29853.0585937500 GeSiGeGeGeSiGeSiGeGeGeGeSiSiSiSiGeSiGeGeSiGeGeSiSiSiSiSiSiSiSiSiSiSiSiSiGeSiSiSiSiSiSiSiSiSiSiGeSiSiGeGeGeGeGeGeGeGeGeGe
   -29853.0585937500 GeSiGeGeGeSiGeSiGeGeGeGeSiSiSiSiGeSiGeGeSiGeGeSiSiSiSiSiSiSiSiSiSiSiSiSiGeSiSiSiSiSiSiSiSiSiSiGeSiSiGeGeGeGeGeGeGeGeGeGe
   -29853.0585937500 GeSiGeGeGeSiGeSiGeGeGeGeSiSiSiSiGeSiGeGeSiGeGeSiSiSiSiSiSiSiSiSiSiSiSiSiGeSiSiSiSiSiSiSiSiSiSiGeSiSiGeGeGeGeGeGeGeGeGeGe
   -29853.0585937500 GeSiGeGeGeSiGeSiGeGeGeGeSiSiSiSiGeSiGeGeSiGeGeSiSiSiSiSiSiSiSiSiSiSiSiSiGeSiSiSiSiSiSiSiSiSiSiGeSiSiGeGeGeGeGeGeGeGeGeGe
   -29853.0585937500 GeSiGeGeGeSiGeSiGeGeGeGeSiSiSiSiGeSiGeGeSiGeGeSiSiSiSiSiSiSiSiSiSiSiSiSiGeSiSiSiSiSiSiSiSiSiSiGeSiSiGeGeGeGeGeGeGeGeGeGe
   -29853.0585937500 GeSiGeGeGeSiGeSiGeGeGeGeSiSiSiSiGeSiGeGeSiGeGeSiSiSiSiSiSiSiSiSiSiSiSiSiGeSiSiSiSiSiSiSiSiSiSiGeSiSiGeGeGeGeGeGeGeGeGeGe
   -29853.0585937500 GeSiGeGeGeSiGeSiGeGeGeGeSiSiSiSiGeSiGeGeSiGeGeSiSiSiSiSiSiSiSiSiSiSiSiSiGeSiSiSiSiSiSiSiSiSiSiGeSiSiGeGeGeGeGeGeGeGeGeGe
   -29853.0585937500 GeSiGeGeGeSiGeSiGeGeGeGeSiSiSiSiGeSiGeGeSiGeGeSiSiSiSiSiSiSiSiSiSiSiSiSiGeSiSiSiSiSiSiSiSiSiSiGeSiSiGeGeGeGeGeGeGeGeGeGe
   -29853.0585937500 GeSiGeGeGeSiGeSiGeGeGeGeSiSiSiSiGeSiGeGeSiGeGeSiSiSiSiSiSiSiSiSiSiSiSiSiGeSiSiSiSiSiSiSiSiSiSiGeSiSiGeGeGeGeGeGeGeGeGeGe
   -29853.0585937500 GeSiGeGeGeSiGeSiGeGeGeGeSiSiSiSiGeSiGeGeSiGeGeSiSiSiSiSiSiSiSiSiSiSiSiSiGeSiSiSiSiSiSiSiSiSiSiGeSiSiGeGeGeGeGeGeGeGeGeGe
   -29853.0585937500 GeSiGeGeGeSiGeSiGeGeGeGeSiSiSiSiGeSiGeGeSiGeGeSiSiSiSiSiSiSiSiSiSiSiSiSiGeSiSiSiSiSiSiSiSiSiSiGeSiSiGeGeGeGeGeGeGeGeGeGe
   -29853.0585937500 GeSiGeGeGeSiGeSiGeGeGeGeSiSiSiSiGeSiGeGeSiGeGeSiSiSiSiSiSiSiSiSiSiSiSiSiGeSiSiSiSiSiSiSiSiSiSiGeSiSiGeGeGeGeGeGeGeGeGeGe
   -29853.0585937500 GeSiGeGeGeSiGeSiGeGeGeGeSiSiSiSiGeSiGeGeSiGeGeSiSiSiSiSiSiSiSiSiSiSiSiSiGeSiSiSiSiSiSiSiSiSiSiGeSiSiGeGeGeGeGeGeGeGeGeGe
   -29853.0585937500 GeSiGeGeGeSiGeSiGeGeGeGeSiSiSiSiGeSiGeGeSiGeGeSiSiSiSiSiSiSiSiSiSiSiSiSiGeSiSiSiSiSiSiSiSiSiSiGeSiSiGeGeGeGeGeGeGeGeGeGe
   -29853.0585937500 GeSiGeGeGeSiGeSiGeGeGeGeSiSiSiSiGeSiGeGeSiGeGeSiSiSiSiSiSiSiSiSiSiSiSiSiGeSiSiSiSiSiSiSiSiSiSiGeSiSiGeGeGeGeGeGeGeGeGeGe
   -29853.0585937500 GeSiGeGeGeSiGeSiGeGeGeGeSiSiSiSiGeSiGeGeSiGeGeSiSiSiSiSiSiSiSiSiSiSiSiSiGeSiSiSiSiSiSiSiSiSiSiGeSiSiGeGeGeGeGeGeGeGeGeGe
filename: c000001189980246.gin     
Cell:
    11.9020996    11.9020996    29.6919994    90.0000000    90.0000000   120.0000000
Box:
    11.9020996    -5.9510503     0.0000000
     0.0000000    10.3075209     0.0000000
     0.0000000     0.0000000    29.6919994
----------------------------------------
Inverse Box:
     0.0840188     0.0485083     0.0000000
     0.0000000     0.0970165     0.0000000
     0.0000000     0.0000000     0.0336791
----------------------------------------
==============================================
geometrical properties of  26 Ge:
 Configuration:           0
 D_ave:   9.25993061       3.47150922    
 D_min:   3.17435193      0.339932144    
 energia:  -29853.0586    
