Random Seed:  1026520991
Number of atoms:    60
Space Group:    1
Cell:
    11.9020996    11.9020996    29.6919994    90.0000000    90.0000000   120.0000000
Box:
    11.9020996    -5.9510503     0.0000000
     0.0000000    10.3075209     0.0000000
     0.0000000     0.0000000    29.6919994
----------------------------------------
Inverse Box:
     0.0840188     0.0485083     0.0000000
     0.0000000     0.0970165     0.0000000
     0.0000000     0.0000000     0.0336791
----------------------------------------
GeSiSiSiSiSiSiSiSiSiSiSiSiSiSiSiSiSiSiSiSiSiSiSiSiSiSiSiSiSiSiSiGeSiSiSiSiSiSiSiSiSiSiSiSiSiSiSiSiSiSiSiSiSiSiSiSiSiSiSi
           1 Ge    -7732.92236    
GeGeSiSiSiSiSiSiSiSiSiSiSiSiSiSiSiSiSiSiSiSiSiSiSiSiSiSiSiSiSiSiGeSiSiSiSiSiSiSiSiSiSiSiSiSiSiSiSiSiSiSiSiSiSiSiSiSiSiSi
           2 Ge    -7727.56201    
GeGeGeSiSiSiSiSiSiSiSiSiSiSiSiSiSiSiSiSiSiSiSiSiSiSiSiSiSiSiSiSiGeSiSiSiSiSiSiSiSiSiSiSiSiSiSiSiSiSiSiSiSiSiSiSiSiSiSiSi
           3 Ge    -7721.04443    
GeGeGeGeSiSiSiSiSiSiSiSiSiSiSiSiSiSiSiSiSiSiSiSiSiSiSiSiSiSiSiSiGeSiSiSiSiSiSiSiSiSiSiSiSiSiSiSiSiSiSiSiSiSiSiSiSiSiSiSi
           4 Ge    -7745.21729    
GeGeGeGeGeSiSiSiSiSiSiSiSiSiSiSiSiSiSiSiSiSiSiSiSiSiSiSiSiSiSiSiGeSiSiSiSiSiSiSiSiSiSiSiSiSiSiSiSiSiSiSiSiSiSiSiSiSiSiSi
           5 Ge    -7788.82910    
GeGeGeGeGeGeSiSiSiSiSiSiSiSiSiSiSiSiSiSiSiSiSiSiSiSiSiSiSiSiSiSiGeSiSiSiSiSiSiSiSiSiSiSiSiSiSiSiSiSiSiSiSiSiSiSiSiSiSiSi
           6 Ge    -7854.91943    
GeGeGeGeGeGeGeSiSiSiSiSiSiSiSiSiSiSiSiSiSiSiSiSiSiSiSiSiSiSiSiSiGeSiSiSiSiSiSiSiSiSiSiSiSiSiSiSiSiSiSiSiSiSiSiSiSiSiSiSi
           7 Ge    -8021.40674    
GeGeGeGeGeGeGeGeSiSiSiSiSiSiSiSiSiSiSiSiSiSiSiSiSiSiSiSiSiSiSiSiGeSiSiSiSiSiSiSiSiSiSiSiSiSiSiSiSiSiSiSiSiSiSiSiSiSiSiSi
           8 Ge    -8222.85352    
GeGeGeGeGeGeGeGeSiSiSiGeSiSiSiSiSiSiSiSiSiSiSiSiSiSiSiSiSiSiSiSiGeSiSiSiSiSiSiSiSiSiSiSiSiSiSiSiSiSiSiSiSiSiSiSiSiSiSiSi
          12 Ge    -8552.27539    
GeGeGeGeGeGeGeGeSiSiSiGeSiSiSiGeSiSiSiSiSiSiSiSiSiSiSiSiSiSiSiSiGeSiSiSiSiSiSiSiSiSiSiSiSiSiSiSiSiSiSiSiSiSiSiSiSiSiSiSi
          16 Ge    -8937.39648    
GeGeGeGeGeGeGeGeSiSiSiGeSiSiSiGeSiSiSiSiSiSiSiSiSiGeSiSiSiSiSiSiGeSiSiSiSiSiSiSiSiSiSiSiSiSiSiSiSiSiSiSiSiSiSiSiSiSiSiSi
          26 Ge    -8925.33496    
GeGeGeGeGeGeGeGeSiSiSiGeSiSiSiGeSiSiSiSiSiSiSiSiSiGeSiSiSiGeSiSiGeSiSiSiSiSiSiSiSiSiSiSiSiSiSiSiSiSiSiSiSiSiSiSiSiSiSiSi
          30 Ge    -8968.34668    
GeGeGeGeGeGeGeGeSiSiSiGeSiSiSiGeSiSiSiSiSiSiSiSiSiGeSiSiSiGeSiSiGeSiSiGeSiSiSiSiSiSiSiSiSiSiSiSiSiSiSiSiSiSiSiSiSiSiSiSi
          36 Ge    -8886.60645    
GeGeGeGeGeGeGeGeSiSiSiGeSiSiSiGeSiSiSiSiSiSiSiSiSiGeSiSiSiGeSiSiGeSiSiGeSiSiGeSiSiSiSiSiSiSiSiSiSiSiSiSiSiSiSiSiSiSiSiSi
          39 Ge    -9498.68945    
GeGeGeGeGeGeGeGeSiSiSiGeSiSiSiGeSiSiSiSiSiSiSiSiSiGeSiSiSiGeSiSiGeSiSiGeSiSiGeGeSiSiSiSiSiSiSiSiSiSiSiSiSiSiSiSiSiSiSiSi
          40 Ge    -9671.79590    
GeGeGeGeGeGeGeGeSiSiSiGeSiSiSiGeSiSiSiSiSiSiSiSiSiGeSiSiSiGeSiSiGeSiSiGeSiSiGeGeSiGeSiSiSiSiSiSiSiSiSiSiSiSiSiSiSiSiSiSi
          42 Ge    -8416.00684    
GeGeGeGeGeGeGeGeSiSiSiGeSiSiSiGeSiSiSiSiSiSiSiSiSiGeSiSiSiGeSiSiGeSiSiGeSiSiGeGeSiGeSiSiGeSiSiSiSiSiSiSiSiSiSiSiSiSiSiSi
          45 Ge    -8915.39453    
GeGeGeGeGeGeGeGeSiSiSiGeSiSiSiGeSiSiSiSiSiSiSiSiSiGeSiSiSiGeSiSiGeSiSiGeSiSiGeGeSiGeSiSiGeGeSiSiSiSiSiSiSiSiSiSiSiSiSiSi
          46 Ge    -9097.63379    
GeGeGeGeGeGeGeGeSiSiSiGeSiSiSiGeSiSiSiSiSiSiSiSiSiGeSiSiSiGeSiSiGeSiSiGeSiSiGeGeSiGeSiSiGeGeSiSiSiSiSiSiSiSiSiSiGeSiSiSi
          57 Ge    -10232.6211    
GeGeGeGeGeGeGeGeSiGeSiGeSiSiSiGeSiSiSiSiSiSiSiSiSiGeSiSiSiGeSiSiGeSiSiGeSiSiGeGeSiGeSiSiGeGeSiSiSiSiSiSiSiSiSiSiGeSiSiSi
          10 Ge    -9510.37891    
GeGeGeGeGeGeGeGeSiGeGeGeSiSiSiGeSiSiSiSiSiSiSiSiSiGeSiSiSiGeSiSiGeSiSiGeSiSiGeGeSiGeSiSiGeGeSiSiSiSiSiSiSiSiSiSiGeSiSiSi
          11 Ge    -10380.8457    
GeGeGeGeGeGeGeGeSiGeGeGeGeSiSiGeSiSiSiSiSiSiSiSiSiGeSiSiSiGeSiSiGeSiSiGeSiSiGeGeSiGeSiSiGeGeSiSiSiSiSiSiSiSiSiSiGeSiSiSi
          13 Ge    -9216.20508    
GeGeGeGeGeGeGeGeSiGeGeGeGeGeSiGeSiSiSiSiSiSiSiSiSiGeSiSiSiGeSiSiGeSiSiGeSiSiGeGeSiGeSiSiGeGeSiSiSiSiSiSiSiSiSiSiGeSiSiSi
          14 Ge    -7029.72949    
GeGeGeGeGeGeGeGeSiGeGeGeGeGeGeGeSiSiSiSiSiSiSiSiSiGeSiSiSiGeSiSiGeSiSiGeSiSiGeGeSiGeSiSiGeGeSiSiSiSiSiSiSiSiSiSiGeSiSiSi
          15 Ge    -5181.40527    
GeGeGeGeGeGeGeGeSiGeGeGeGeGeGeGeSiSiSiSiSiSiGeSiSiGeSiSiSiGeSiSiGeSiSiGeSiSiGeGeSiGeSiSiGeGeSiSiSiSiSiSiSiSiSiSiGeSiSiSi
          23 Ge    -907.562012    
GeGeGeGeGeGeGeGeSiGeGeGeGeGeGeGeSiSiSiSiSiSiGeGeSiGeSiSiSiGeSiSiGeSiSiGeSiSiGeGeSiGeSiSiGeGeSiSiSiSiSiSiSiSiSiSiGeSiSiSi
          24 Ge     5267.60107    
GeGeGeGeGeGeGeGeSiGeGeGeGeGeGeGeSiSiSiSiSiSiGeGeSiGeSiGeSiGeSiSiGeSiSiGeSiSiGeGeSiGeSiSiGeGeSiSiSiSiSiSiSiSiSiSiGeSiSiSi
          28 Ge     8488.70703    
==============================================
MonteCarlo: Metropolis with identity changes
Si > Ge, Ge > Si. STOP when occurrence <    0.00000
==============================================
Cost_function     Occurrence %     Scan-Cost
   -11774.0019531250 GeGeSiSiGeGeGeGeGeGeSiSiGeGeSiSiGeSiSiGeSiSiGeSiSiGeGeGeGeSiSiSiGeSiSiSiSiSiSiSiSiSiSiGeGeSiGeSiSiSiGeSiGeSiGeGeSiGeGeGe
   -17007.0546875000 GeSiSiSiGeGeGeGeGeGeSiSiGeGeGeGeSiSiSiSiSiSiGeSiSiGeSiGeGeSiGeSiGeSiSiSiSiSiSiSiSiSiSiGeSiSiGeSiSiGeGeSiGeSiGeGeGeGeGeGe
   -17007.0546875000 GeSiSiSiGeGeGeGeGeGeSiSiGeGeGeGeSiSiSiSiSiSiGeSiSiGeSiGeGeSiGeSiGeSiSiSiSiSiSiSiSiSiSiGeSiSiGeSiSiGeGeSiGeSiGeGeGeGeGeGe
   -19485.6679687500 GeGeSiSiSiGeSiGeGeGeSiSiSiGeSiSiSiSiGeSiGeGeGeGeSiSiGeSiGeGeSiSiGeSiSiGeGeSiGeSiSiSiSiSiSiGeGeSiSiGeSiSiGeGeGeGeSiSiGeGe
   -19485.6679687500 GeGeSiSiSiGeSiGeGeGeSiSiSiGeSiSiSiSiGeSiGeGeGeGeSiSiGeSiGeGeSiSiGeSiSiGeGeSiGeSiSiSiSiSiSiGeGeSiSiGeSiSiGeGeGeGeSiSiGeGe
   -21129.2851562500 GeGeSiSiSiGeSiGeGeGeSiSiSiGeGeSiSiGeGeSiGeGeGeGeGeSiGeSiSiGeSiSiGeSiSiSiSiSiGeSiSiSiSiSiSiGeGeSiSiGeSiSiGeGeGeGeSiSiGeGe
   -21379.1992187500 GeGeSiSiSiGeSiGeGeGeSiSiSiGeGeGeSiGeGeSiSiGeGeGeGeSiGeSiSiGeSiSiGeSiSiSiSiSiGeSiSiSiSiSiSiGeGeSiSiGeSiSiGeGeGeGeSiSiGeGe
   -21379.1992187500 GeGeSiSiSiGeSiGeGeGeSiSiSiGeGeGeSiGeGeSiSiGeGeGeGeSiGeSiSiGeSiSiGeSiSiSiSiSiGeSiSiSiSiSiSiGeGeSiSiGeSiSiGeGeGeGeSiSiGeGe
   -21379.1992187500 GeGeSiSiSiGeSiGeGeGeSiSiSiGeGeGeSiGeGeSiSiGeGeGeGeSiGeSiSiGeSiSiGeSiSiSiSiSiGeSiSiSiSiSiSiGeGeSiSiGeSiSiGeGeGeGeSiSiGeGe
   -21379.1992187500 GeGeSiSiSiGeSiGeGeGeSiSiSiGeGeGeSiGeGeSiSiGeGeGeGeSiGeSiSiGeSiSiGeSiSiSiSiSiGeSiSiSiSiSiSiGeGeSiSiGeSiSiGeGeGeGeSiSiGeGe
   -21379.1992187500 GeGeSiSiSiGeSiGeGeGeSiSiSiGeGeGeSiGeGeSiSiGeGeGeGeSiGeSiSiGeSiSiGeSiSiSiSiSiGeSiSiSiSiSiSiGeGeSiSiGeSiSiGeGeGeGeSiSiGeGe
   -22875.8437500000 GeGeSiSiSiGeSiGeGeGeSiSiSiGeGeGeSiGeGeSiSiSiGeGeGeSiGeSiSiGeSiSiGeSiSiSiGeSiGeSiSiSiSiSiSiGeGeSiSiGeSiSiGeGeGeGeSiSiGeGe
   -22875.8437500000 GeGeSiSiSiGeSiGeGeGeSiSiSiGeGeGeSiGeGeSiSiSiGeGeGeSiGeSiSiGeSiSiGeSiSiSiGeSiGeSiSiSiSiSiSiGeGeSiSiGeSiSiGeGeGeGeSiSiGeGe
   -22875.8437500000 GeGeSiSiSiGeSiGeGeGeSiSiSiGeGeGeSiGeGeSiSiSiGeGeGeSiGeSiSiGeSiSiGeSiSiSiGeSiGeSiSiSiSiSiSiGeGeSiSiGeSiSiGeGeGeGeSiSiGeGe
   -22955.8671875000 GeGeSiSiSiGeSiGeGeGeSiSiSiGeGeSiSiGeGeSiSiSiGeGeGeSiGeSiSiGeSiSiGeSiSiSiGeSiGeGeSiSiSiSiSiGeGeSiSiGeSiSiGeGeGeGeSiSiGeGe
   -22955.8671875000 GeGeSiSiSiGeSiGeGeGeSiSiSiGeGeSiSiGeGeSiSiSiGeGeGeSiGeSiSiGeSiSiGeSiSiSiGeSiGeGeSiSiSiSiSiGeGeSiSiGeSiSiGeGeGeGeSiSiGeGe
   -23414.4023437500 GeGeSiSiSiGeSiGeGeGeSiSiSiGeGeSiSiGeGeSiSiSiGeGeGeSiGeSiSiGeSiSiGeSiSiSiSiSiGeGeGeSiSiSiSiGeGeSiSiGeSiSiGeGeGeGeSiSiGeGe
   -23644.9648437500 GeGeSiSiSiGeSiGeGeGeSiSiSiGeGeSiSiGeGeSiSiSiGeGeGeSiGeSiSiSiSiSiGeSiSiSiSiSiGeGeGeSiSiSiSiGeGeSiGeGeSiSiGeGeGeGeSiSiGeGe
   -23644.9648437500 GeGeSiSiSiGeSiGeGeGeSiSiSiGeGeSiSiGeGeSiSiSiGeGeGeSiGeSiSiSiSiSiGeSiSiSiSiSiGeGeGeSiSiSiSiGeGeSiGeGeSiSiGeGeGeGeSiSiGeGe
   -23791.3828125000 GeGeSiSiSiGeSiGeGeGeSiSiGeGeGeSiSiGeGeSiSiSiGeSiGeSiGeSiSiSiSiSiGeSiSiSiSiSiGeGeSiSiSiSiSiGeGeGeGeGeSiSiGeGeGeGeGeSiGeSi
   -23917.1328125000 GeGeSiSiSiGeSiGeGeGeGeSiGeGeGeSiSiGeGeSiGeSiSiSiGeSiGeSiSiSiSiSiGeSiSiSiSiSiGeGeSiSiSiSiSiSiGeGeGeGeSiSiGeGeGeGeGeSiGeSi
   -23917.1328125000 GeGeSiSiSiGeSiGeGeGeGeSiGeGeGeSiSiGeGeSiGeSiSiSiGeSiGeSiSiSiSiSiGeSiSiSiSiSiGeGeSiSiSiSiSiSiGeGeGeGeSiSiGeGeGeGeGeSiGeSi
   -23917.1328125000 GeGeSiSiSiGeSiGeGeGeGeSiGeGeGeSiSiGeGeSiGeSiSiSiGeSiGeSiSiSiSiSiGeSiSiSiSiSiGeGeSiSiSiSiSiSiGeGeGeGeSiSiGeGeGeGeGeSiGeSi
   -23917.1328125000 GeGeSiSiSiGeSiGeGeGeGeSiGeGeGeSiSiGeGeSiGeSiSiSiGeSiGeSiSiSiSiSiGeSiSiSiSiSiGeGeSiSiSiSiSiSiGeGeGeGeSiSiGeGeGeGeGeSiGeSi
   -23917.1328125000 GeGeSiSiSiGeSiGeGeGeGeSiGeGeGeSiSiGeGeSiGeSiSiSiGeSiGeSiSiSiSiSiGeSiSiSiSiSiGeGeSiSiSiSiSiSiGeGeGeGeSiSiGeGeGeGeGeSiGeSi
   -23917.1328125000 GeGeSiSiSiGeSiGeGeGeGeSiGeGeGeSiSiGeGeSiGeSiSiSiGeSiGeSiSiSiSiSiGeSiSiSiSiSiGeGeSiSiSiSiSiSiGeGeGeGeSiSiGeGeGeGeGeSiGeSi
   -23917.1328125000 GeGeSiSiSiGeSiGeGeGeGeSiGeGeGeSiSiGeGeSiGeSiSiSiGeSiGeSiSiSiSiSiGeSiSiSiSiSiGeGeSiSiSiSiSiSiGeGeGeGeSiSiGeGeGeGeGeSiGeSi
   -23917.1328125000 GeGeSiSiSiGeSiGeGeGeGeSiGeGeGeSiSiGeGeSiGeSiSiSiGeSiGeSiSiSiSiSiGeSiSiSiSiSiGeGeSiSiSiSiSiSiGeGeGeGeSiSiGeGeGeGeGeSiGeSi
   -25011.0781250000 GeGeSiSiSiGeSiGeGeGeGeSiGeGeGeSiSiGeGeSiGeSiSiSiGeSiGeSiSiSiSiSiGeSiSiSiSiSiGeGeSiSiSiSiSiGeGeGeGeGeSiSiSiGeGeGeGeSiGeSi
   -25011.0781250000 GeGeSiSiSiGeSiGeGeGeGeSiGeGeGeSiSiGeGeSiGeSiSiSiGeSiGeSiSiSiSiSiGeSiSiSiSiSiGeGeSiSiSiSiSiGeGeGeGeGeSiSiSiGeGeGeGeSiGeSi
   -30052.7187500000 GeGeGeSiSiGeGeGeGeSiGeSiGeSiGeSiSiSiGeSiGeSiSiSiGeSiGeSiSiSiSiGeGeSiSiSiSiSiSiGeGeSiSiSiSiGeGeGeGeGeSiSiSiGeGeGeGeSiGeSi
   -30052.7187500000 GeGeGeSiSiGeGeGeGeSiGeSiGeSiGeSiSiSiGeSiGeSiSiSiGeSiGeSiSiSiSiGeGeSiSiSiSiSiSiGeGeSiSiSiSiGeGeGeGeGeSiSiSiGeGeGeGeSiGeSi
   -30052.7187500000 GeGeGeSiSiGeGeGeGeSiGeSiGeSiGeSiSiSiGeSiGeSiSiSiGeSiGeSiSiSiSiGeGeSiSiSiSiSiSiGeGeSiSiSiSiGeGeGeGeGeSiSiSiGeGeGeGeSiGeSi
   -30303.4101562500 GeGeGeSiSiGeGeGeGeSiGeSiGeSiGeSiSiSiSiSiGeSiSiGeGeSiGeSiSiSiSiGeGeSiSiSiSiSiSiGeGeSiSiSiSiGeGeGeGeGeSiSiSiGeGeGeGeSiGeSi
   -30303.4101562500 GeGeGeSiSiGeGeGeGeSiGeSiGeSiGeSiSiSiSiSiGeSiSiGeGeSiGeSiSiSiSiGeGeSiSiSiSiSiSiGeGeSiSiSiSiGeGeGeGeGeSiSiSiGeGeGeGeSiGeSi
   -30303.4101562500 GeGeGeSiSiGeGeGeGeSiGeSiGeSiGeSiSiSiSiSiGeSiSiGeGeSiGeSiSiSiSiGeGeSiSiSiSiSiSiGeGeSiSiSiSiGeGeGeGeGeSiSiSiGeGeGeGeSiGeSi
   -30303.4101562500 GeGeGeSiSiGeGeGeGeSiGeSiGeSiGeSiSiSiSiSiGeSiSiGeGeSiGeSiSiSiSiGeGeSiSiSiSiSiSiGeGeSiSiSiSiGeGeGeGeGeSiSiSiGeGeGeGeSiGeSi
   -30303.4101562500 GeGeGeSiSiGeGeGeGeSiGeSiGeSiGeSiSiSiSiSiGeSiSiGeGeSiGeSiSiSiSiGeGeSiSiSiSiSiSiGeGeSiSiSiSiGeGeGeGeGeSiSiSiGeGeGeGeSiGeSi
   -30303.4101562500 GeGeGeSiSiGeGeGeGeSiGeSiGeSiGeSiSiSiSiSiGeSiSiGeGeSiGeSiSiSiSiGeGeSiSiSiSiSiSiGeGeSiSiSiSiGeGeGeGeGeSiSiSiGeGeGeGeSiGeSi
   -30303.4101562500 GeGeGeSiSiGeGeGeGeSiGeSiGeSiGeSiSiSiSiSiGeSiSiGeGeSiGeSiSiSiSiGeGeSiSiSiSiSiSiGeGeSiSiSiSiGeGeGeGeGeSiSiSiGeGeGeGeSiGeSi
   -30303.4101562500 GeGeGeSiSiGeGeGeGeSiGeSiGeSiGeSiSiSiSiSiGeSiSiGeGeSiGeSiSiSiSiGeGeSiSiSiSiSiSiGeGeSiSiSiSiGeGeGeGeGeSiSiSiGeGeGeGeSiGeSi
   -30303.4101562500 GeGeGeSiSiGeGeGeGeSiGeSiGeSiGeSiSiSiSiSiGeSiSiGeGeSiGeSiSiSiSiGeGeSiSiSiSiSiSiGeGeSiSiSiSiGeGeGeGeGeSiSiSiGeGeGeGeSiGeSi
   -30303.4101562500 GeGeGeSiSiGeGeGeGeSiGeSiGeSiGeSiSiSiSiSiGeSiSiGeGeSiGeSiSiSiSiGeGeSiSiSiSiSiSiGeGeSiSiSiSiGeGeGeGeGeSiSiSiGeGeGeGeSiGeSi
   -30303.4101562500 GeGeGeSiSiGeGeGeGeSiGeSiGeSiGeSiSiSiSiSiGeSiSiGeGeSiGeSiSiSiSiGeGeSiSiSiSiSiSiGeGeSiSiSiSiGeGeGeGeGeSiSiSiGeGeGeGeSiGeSi
   -30303.4101562500 GeGeGeSiSiGeGeGeGeSiGeSiGeSiGeSiSiSiSiSiGeSiSiGeGeSiGeSiSiSiSiGeGeSiSiSiSiSiSiGeGeSiSiSiSiGeGeGeGeGeSiSiSiGeGeGeGeSiGeSi
   -30303.4101562500 GeGeGeSiSiGeGeGeGeSiGeSiGeSiGeSiSiSiSiSiGeSiSiGeGeSiGeSiSiSiSiGeGeSiSiSiSiSiSiGeGeSiSiSiSiGeGeGeGeGeSiSiSiGeGeGeGeSiGeSi
   -30303.4101562500 GeGeGeSiSiGeGeGeGeSiGeSiGeSiGeSiSiSiSiSiGeSiSiGeGeSiGeSiSiSiSiGeGeSiSiSiSiSiSiGeGeSiSiSiSiGeGeGeGeGeSiSiSiGeGeGeGeSiGeSi
   -30303.4101562500 GeGeGeSiSiGeGeGeGeSiGeSiGeSiGeSiSiSiSiSiGeSiSiGeGeSiGeSiSiSiSiGeGeSiSiSiSiSiSiGeGeSiSiSiSiGeGeGeGeGeSiSiSiGeGeGeGeSiGeSi
   -30303.4101562500 GeGeGeSiSiGeGeGeGeSiGeSiGeSiGeSiSiSiSiSiGeSiSiGeGeSiGeSiSiSiSiGeGeSiSiSiSiSiSiGeGeSiSiSiSiGeGeGeGeGeSiSiSiGeGeGeGeSiGeSi
   -30303.4101562500 GeGeGeSiSiGeGeGeGeSiGeSiGeSiGeSiSiSiSiSiGeSiSiGeGeSiGeSiSiSiSiGeGeSiSiSiSiSiSiGeGeSiSiSiSiGeGeGeGeGeSiSiSiGeGeGeGeSiGeSi
   -30303.4101562500 GeGeGeSiSiGeGeGeGeSiGeSiGeSiGeSiSiSiSiSiGeSiSiGeGeSiGeSiSiSiSiGeGeSiSiSiSiSiSiGeGeSiSiSiSiGeGeGeGeGeSiSiSiGeGeGeGeSiGeSi
   -30303.4101562500 GeGeGeSiSiGeGeGeGeSiGeSiGeSiGeSiSiSiSiSiGeSiSiGeGeSiGeSiSiSiSiGeGeSiSiSiSiSiSiGeGeSiSiSiSiGeGeGeGeGeSiSiSiGeGeGeGeSiGeSi
   -30303.4101562500 GeGeGeSiSiGeGeGeGeSiGeSiGeSiGeSiSiSiSiSiGeSiSiGeGeSiGeSiSiSiSiGeGeSiSiSiSiSiSiGeGeSiSiSiSiGeGeGeGeGeSiSiSiGeGeGeGeSiGeSi
   -30303.4101562500 GeGeGeSiSiGeGeGeGeSiGeSiGeSiGeSiSiSiSiSiGeSiSiGeGeSiGeSiSiSiSiGeGeSiSiSiSiSiSiGeGeSiSiSiSiGeGeGeGeGeSiSiSiGeGeGeGeSiGeSi
   -30303.4101562500 GeGeGeSiSiGeGeGeGeSiGeSiGeSiGeSiSiSiSiSiGeSiSiGeGeSiGeSiSiSiSiGeGeSiSiSiSiSiSiGeGeSiSiSiSiGeGeGeGeGeSiSiSiGeGeGeGeSiGeSi
   -30303.4101562500 GeGeGeSiSiGeGeGeGeSiGeSiGeSiGeSiSiSiSiSiGeSiSiGeGeSiGeSiSiSiSiGeGeSiSiSiSiSiSiGeGeSiSiSiSiGeGeGeGeGeSiSiSiGeGeGeGeSiGeSi
   -30303.4101562500 GeGeGeSiSiGeGeGeGeSiGeSiGeSiGeSiSiSiSiSiGeSiSiGeGeSiGeSiSiSiSiGeGeSiSiSiSiSiSiGeGeSiSiSiSiGeGeGeGeGeSiSiSiGeGeGeGeSiGeSi
   -30303.4101562500 GeGeGeSiSiGeGeGeGeSiGeSiGeSiGeSiSiSiSiSiGeSiSiGeGeSiGeSiSiSiSiGeGeSiSiSiSiSiSiGeGeSiSiSiSiGeGeGeGeGeSiSiSiGeGeGeGeSiGeSi
   -30303.4101562500 GeGeGeSiSiGeGeGeGeSiGeSiGeSiGeSiSiSiSiSiGeSiSiGeGeSiGeSiSiSiSiGeGeSiSiSiSiSiSiGeGeSiSiSiSiGeGeGeGeGeSiSiSiGeGeGeGeSiGeSi
   -30303.4101562500 GeGeGeSiSiGeGeGeGeSiGeSiGeSiGeSiSiSiSiSiGeSiSiGeGeSiGeSiSiSiSiGeGeSiSiSiSiSiSiGeGeSiSiSiSiGeGeGeGeGeSiSiSiGeGeGeGeSiGeSi
   -30303.4101562500 GeGeGeSiSiGeGeGeGeSiGeSiGeSiGeSiSiSiSiSiGeSiSiGeGeSiGeSiSiSiSiGeGeSiSiSiSiSiSiGeGeSiSiSiSiGeGeGeGeGeSiSiSiGeGeGeGeSiGeSi
   -30303.4101562500 GeGeGeSiSiGeGeGeGeSiGeSiGeSiGeSiSiSiSiSiGeSiSiGeGeSiGeSiSiSiSiGeGeSiSiSiSiSiSiGeGeSiSiSiSiGeGeGeGeGeSiSiSiGeGeGeGeSiGeSi
   -30303.4101562500 GeGeGeSiSiGeGeGeGeSiGeSiGeSiGeSiSiSiSiSiGeSiSiGeGeSiGeSiSiSiSiGeGeSiSiSiSiSiSiGeGeSiSiSiSiGeGeGeGeGeSiSiSiGeGeGeGeSiGeSi
   -30303.4101562500 GeGeGeSiSiGeGeGeGeSiGeSiGeSiGeSiSiSiSiSiGeSiSiGeGeSiGeSiSiSiSiGeGeSiSiSiSiSiSiGeGeSiSiSiSiGeGeGeGeGeSiSiSiGeGeGeGeSiGeSi
   -30303.4101562500 GeGeGeSiSiGeGeGeGeSiGeSiGeSiGeSiSiSiSiSiGeSiSiGeGeSiGeSiSiSiSiGeGeSiSiSiSiSiSiGeGeSiSiSiSiGeGeGeGeGeSiSiSiGeGeGeGeSiGeSi
   -30303.4101562500 GeGeGeSiSiGeGeGeGeSiGeSiGeSiGeSiSiSiSiSiGeSiSiGeGeSiGeSiSiSiSiGeGeSiSiSiSiSiSiGeGeSiSiSiSiGeGeGeGeGeSiSiSiGeGeGeGeSiGeSi
   -30303.4101562500 GeGeGeSiSiGeGeGeGeSiGeSiGeSiGeSiSiSiSiSiGeSiSiGeGeSiGeSiSiSiSiGeGeSiSiSiSiSiSiGeGeSiSiSiSiGeGeGeGeGeSiSiSiGeGeGeGeSiGeSi
   -30303.4101562500 GeGeGeSiSiGeGeGeGeSiGeSiGeSiGeSiSiSiSiSiGeSiSiGeGeSiGeSiSiSiSiGeGeSiSiSiSiSiSiGeGeSiSiSiSiGeGeGeGeGeSiSiSiGeGeGeGeSiGeSi
   -30303.4101562500 GeGeGeSiSiGeGeGeGeSiGeSiGeSiGeSiSiSiSiSiGeSiSiGeGeSiGeSiSiSiSiGeGeSiSiSiSiSiSiGeGeSiSiSiSiGeGeGeGeGeSiSiSiGeGeGeGeSiGeSi
   -30303.4101562500 GeGeGeSiSiGeGeGeGeSiGeSiGeSiGeSiSiSiSiSiGeSiSiGeGeSiGeSiSiSiSiGeGeSiSiSiSiSiSiGeGeSiSiSiSiGeGeGeGeGeSiSiSiGeGeGeGeSiGeSi
   -30303.4101562500 GeGeGeSiSiGeGeGeGeSiGeSiGeSiGeSiSiSiSiSiGeSiSiGeGeSiGeSiSiSiSiGeGeSiSiSiSiSiSiGeGeSiSiSiSiGeGeGeGeGeSiSiSiGeGeGeGeSiGeSi
   -30303.4101562500 GeGeGeSiSiGeGeGeGeSiGeSiGeSiGeSiSiSiSiSiGeSiSiGeGeSiGeSiSiSiSiGeGeSiSiSiSiSiSiGeGeSiSiSiSiGeGeGeGeGeSiSiSiGeGeGeGeSiGeSi
   -30303.4101562500 GeGeGeSiSiGeGeGeGeSiGeSiGeSiGeSiSiSiSiSiGeSiSiGeGeSiGeSiSiSiSiGeGeSiSiSiSiSiSiGeGeSiSiSiSiGeGeGeGeGeSiSiSiGeGeGeGeSiGeSi
   -30303.4101562500 GeGeGeSiSiGeGeGeGeSiGeSiGeSiGeSiSiSiSiSiGeSiSiGeGeSiGeSiSiSiSiGeGeSiSiSiSiSiSiGeGeSiSiSiSiGeGeGeGeGeSiSiSiGeGeGeGeSiGeSi
   -30303.4101562500 GeGeGeSiSiGeGeGeGeSiGeSiGeSiGeSiSiSiSiSiGeSiSiGeGeSiGeSiSiSiSiGeGeSiSiSiSiSiSiGeGeSiSiSiSiGeGeGeGeGeSiSiSiGeGeGeGeSiGeSi
   -30303.4101562500 GeGeGeSiSiGeGeGeGeSiGeSiGeSiGeSiSiSiSiSiGeSiSiGeGeSiGeSiSiSiSiGeGeSiSiSiSiSiSiGeGeSiSiSiSiGeGeGeGeGeSiSiSiGeGeGeGeSiGeSi
   -30303.4101562500 GeGeGeSiSiGeGeGeGeSiGeSiGeSiGeSiSiSiSiSiGeSiSiGeGeSiGeSiSiSiSiGeGeSiSiSiSiSiSiGeGeSiSiSiSiGeGeGeGeGeSiSiSiGeGeGeGeSiGeSi
   -30303.4101562500 GeGeGeSiSiGeGeGeGeSiGeSiGeSiGeSiSiSiSiSiGeSiSiGeGeSiGeSiSiSiSiGeGeSiSiSiSiSiSiGeGeSiSiSiSiGeGeGeGeGeSiSiSiGeGeGeGeSiGeSi
   -30303.4101562500 GeGeGeSiSiGeGeGeGeSiGeSiGeSiGeSiSiSiSiSiGeSiSiGeGeSiGeSiSiSiSiGeGeSiSiSiSiSiSiGeGeSiSiSiSiGeGeGeGeGeSiSiSiGeGeGeGeSiGeSi
   -30303.4101562500 GeGeGeSiSiGeGeGeGeSiGeSiGeSiGeSiSiSiSiSiGeSiSiGeGeSiGeSiSiSiSiGeGeSiSiSiSiSiSiGeGeSiSiSiSiGeGeGeGeGeSiSiSiGeGeGeGeSiGeSi
   -30303.4101562500 GeGeGeSiSiGeGeGeGeSiGeSiGeSiGeSiSiSiSiSiGeSiSiGeGeSiGeSiSiSiSiGeGeSiSiSiSiSiSiGeGeSiSiSiSiGeGeGeGeGeSiSiSiGeGeGeGeSiGeSi
   -30303.4101562500 GeGeGeSiSiGeGeGeGeSiGeSiGeSiGeSiSiSiSiSiGeSiSiGeGeSiGeSiSiSiSiGeGeSiSiSiSiSiSiGeGeSiSiSiSiGeGeGeGeGeSiSiSiGeGeGeGeSiGeSi
   -30303.4101562500 GeGeGeSiSiGeGeGeGeSiGeSiGeSiGeSiSiSiSiSiGeSiSiGeGeSiGeSiSiSiSiGeGeSiSiSiSiSiSiGeGeSiSiSiSiGeGeGeGeGeSiSiSiGeGeGeGeSiGeSi
   -30303.4101562500 GeGeGeSiSiGeGeGeGeSiGeSiGeSiGeSiSiSiSiSiGeSiSiGeGeSiGeSiSiSiSiGeGeSiSiSiSiSiSiGeGeSiSiSiSiGeGeGeGeGeSiSiSiGeGeGeGeSiGeSi
   -30303.4101562500 GeGeGeSiSiGeGeGeGeSiGeSiGeSiGeSiSiSiSiSiGeSiSiGeGeSiGeSiSiSiSiGeGeSiSiSiSiSiSiGeGeSiSiSiSiGeGeGeGeGeSiSiSiGeGeGeGeSiGeSi
   -30303.4101562500 GeGeGeSiSiGeGeGeGeSiGeSiGeSiGeSiSiSiSiSiGeSiSiGeGeSiGeSiSiSiSiGeGeSiSiSiSiSiSiGeGeSiSiSiSiGeGeGeGeGeSiSiSiGeGeGeGeSiGeSi
   -30303.4101562500 GeGeGeSiSiGeGeGeGeSiGeSiGeSiGeSiSiSiSiSiGeSiSiGeGeSiGeSiSiSiSiGeGeSiSiSiSiSiSiGeGeSiSiSiSiGeGeGeGeGeSiSiSiGeGeGeGeSiGeSi
   -30303.4101562500 GeGeGeSiSiGeGeGeGeSiGeSiGeSiGeSiSiSiSiSiGeSiSiGeGeSiGeSiSiSiSiGeGeSiSiSiSiSiSiGeGeSiSiSiSiGeGeGeGeGeSiSiSiGeGeGeGeSiGeSi
   -30303.4101562500 GeGeGeSiSiGeGeGeGeSiGeSiGeSiGeSiSiSiSiSiGeSiSiGeGeSiGeSiSiSiSiGeGeSiSiSiSiSiSiGeGeSiSiSiSiGeGeGeGeGeSiSiSiGeGeGeGeSiGeSi
   -30303.4101562500 GeGeGeSiSiGeGeGeGeSiGeSiGeSiGeSiSiSiSiSiGeSiSiGeGeSiGeSiSiSiSiGeGeSiSiSiSiSiSiGeGeSiSiSiSiGeGeGeGeGeSiSiSiGeGeGeGeSiGeSi
   -30303.4101562500 GeGeGeSiSiGeGeGeGeSiGeSiGeSiGeSiSiSiSiSiGeSiSiGeGeSiGeSiSiSiSiGeGeSiSiSiSiSiSiGeGeSiSiSiSiGeGeGeGeGeSiSiSiGeGeGeGeSiGeSi
   -30303.4101562500 GeGeGeSiSiGeGeGeGeSiGeSiGeSiGeSiSiSiSiSiGeSiSiGeGeSiGeSiSiSiSiGeGeSiSiSiSiSiSiGeGeSiSiSiSiGeGeGeGeGeSiSiSiGeGeGeGeSiGeSi
   -30303.4101562500 GeGeGeSiSiGeGeGeGeSiGeSiGeSiGeSiSiSiSiSiGeSiSiGeGeSiGeSiSiSiSiGeGeSiSiSiSiSiSiGeGeSiSiSiSiGeGeGeGeGeSiSiSiGeGeGeGeSiGeSi
   -30303.4101562500 GeGeGeSiSiGeGeGeGeSiGeSiGeSiGeSiSiSiSiSiGeSiSiGeGeSiGeSiSiSiSiGeGeSiSiSiSiSiSiGeGeSiSiSiSiGeGeGeGeGeSiSiSiGeGeGeGeSiGeSi
   -30303.4101562500 GeGeGeSiSiGeGeGeGeSiGeSiGeSiGeSiSiSiSiSiGeSiSiGeGeSiGeSiSiSiSiGeGeSiSiSiSiSiSiGeGeSiSiSiSiGeGeGeGeGeSiSiSiGeGeGeGeSiGeSi
   -30303.4101562500 GeGeGeSiSiGeGeGeGeSiGeSiGeSiGeSiSiSiSiSiGeSiSiGeGeSiGeSiSiSiSiGeGeSiSiSiSiSiSiGeGeSiSiSiSiGeGeGeGeGeSiSiSiGeGeGeGeSiGeSi
   -30303.4101562500 GeGeGeSiSiGeGeGeGeSiGeSiGeSiGeSiSiSiSiSiGeSiSiGeGeSiGeSiSiSiSiGeGeSiSiSiSiSiSiGeGeSiSiSiSiGeGeGeGeGeSiSiSiGeGeGeGeSiGeSi
   -30303.4101562500 GeGeGeSiSiGeGeGeGeSiGeSiGeSiGeSiSiSiSiSiGeSiSiGeGeSiGeSiSiSiSiGeGeSiSiSiSiSiSiGeGeSiSiSiSiGeGeGeGeGeSiSiSiGeGeGeGeSiGeSi
   -30303.4101562500 GeGeGeSiSiGeGeGeGeSiGeSiGeSiGeSiSiSiSiSiGeSiSiGeGeSiGeSiSiSiSiGeGeSiSiSiSiSiSiGeGeSiSiSiSiGeGeGeGeGeSiSiSiGeGeGeGeSiGeSi
   -30303.4101562500 GeGeGeSiSiGeGeGeGeSiGeSiGeSiGeSiSiSiSiSiGeSiSiGeGeSiGeSiSiSiSiGeGeSiSiSiSiSiSiGeGeSiSiSiSiGeGeGeGeGeSiSiSiGeGeGeGeSiGeSi
   -30303.4101562500 GeGeGeSiSiGeGeGeGeSiGeSiGeSiGeSiSiSiSiSiGeSiSiGeGeSiGeSiSiSiSiGeGeSiSiSiSiSiSiGeGeSiSiSiSiGeGeGeGeGeSiSiSiGeGeGeGeSiGeSi
   -30303.4101562500 GeGeGeSiSiGeGeGeGeSiGeSiGeSiGeSiSiSiSiSiGeSiSiGeGeSiGeSiSiSiSiGeGeSiSiSiSiSiSiGeGeSiSiSiSiGeGeGeGeGeSiSiSiGeGeGeGeSiGeSi
   -30303.4101562500 GeGeGeSiSiGeGeGeGeSiGeSiGeSiGeSiSiSiSiSiGeSiSiGeGeSiGeSiSiSiSiGeGeSiSiSiSiSiSiGeGeSiSiSiSiGeGeGeGeGeSiSiSiGeGeGeGeSiGeSi
   -30303.4101562500 GeGeGeSiSiGeGeGeGeSiGeSiGeSiGeSiSiSiSiSiGeSiSiGeGeSiGeSiSiSiSiGeGeSiSiSiSiSiSiGeGeSiSiSiSiGeGeGeGeGeSiSiSiGeGeGeGeSiGeSi
   -30303.4101562500 GeGeGeSiSiGeGeGeGeSiGeSiGeSiGeSiSiSiSiSiGeSiSiGeGeSiGeSiSiSiSiGeGeSiSiSiSiSiSiGeGeSiSiSiSiGeGeGeGeGeSiSiSiGeGeGeGeSiGeSi
   -30303.4101562500 GeGeGeSiSiGeGeGeGeSiGeSiGeSiGeSiSiSiSiSiGeSiSiGeGeSiGeSiSiSiSiGeGeSiSiSiSiSiSiGeGeSiSiSiSiGeGeGeGeGeSiSiSiGeGeGeGeSiGeSi
   -30303.4101562500 GeGeGeSiSiGeGeGeGeSiGeSiGeSiGeSiSiSiSiSiGeSiSiGeGeSiGeSiSiSiSiGeGeSiSiSiSiSiSiGeGeSiSiSiSiGeGeGeGeGeSiSiSiGeGeGeGeSiGeSi
   -30303.4101562500 GeGeGeSiSiGeGeGeGeSiGeSiGeSiGeSiSiSiSiSiGeSiSiGeGeSiGeSiSiSiSiGeGeSiSiSiSiSiSiGeGeSiSiSiSiGeGeGeGeGeSiSiSiGeGeGeGeSiGeSi
   -30303.4101562500 GeGeGeSiSiGeGeGeGeSiGeSiGeSiGeSiSiSiSiSiGeSiSiGeGeSiGeSiSiSiSiGeGeSiSiSiSiSiSiGeGeSiSiSiSiGeGeGeGeGeSiSiSiGeGeGeGeSiGeSi
   -30303.4101562500 GeGeGeSiSiGeGeGeGeSiGeSiGeSiGeSiSiSiSiSiGeSiSiGeGeSiGeSiSiSiSiGeGeSiSiSiSiSiSiGeGeSiSiSiSiGeGeGeGeGeSiSiSiGeGeGeGeSiGeSi
   -30303.4101562500 GeGeGeSiSiGeGeGeGeSiGeSiGeSiGeSiSiSiSiSiGeSiSiGeGeSiGeSiSiSiSiGeGeSiSiSiSiSiSiGeGeSiSiSiSiGeGeGeGeGeSiSiSiGeGeGeGeSiGeSi
   -30303.4101562500 GeGeGeSiSiGeGeGeGeSiGeSiGeSiGeSiSiSiSiSiGeSiSiGeGeSiGeSiSiSiSiGeGeSiSiSiSiSiSiGeGeSiSiSiSiGeGeGeGeGeSiSiSiGeGeGeGeSiGeSi
   -30303.4101562500 GeGeGeSiSiGeGeGeGeSiGeSiGeSiGeSiSiSiSiSiGeSiSiGeGeSiGeSiSiSiSiGeGeSiSiSiSiSiSiGeGeSiSiSiSiGeGeGeGeGeSiSiSiGeGeGeGeSiGeSi
   -30303.4101562500 GeGeGeSiSiGeGeGeGeSiGeSiGeSiGeSiSiSiSiSiGeSiSiGeGeSiGeSiSiSiSiGeGeSiSiSiSiSiSiGeGeSiSiSiSiGeGeGeGeGeSiSiSiGeGeGeGeSiGeSi
   -30303.4101562500 GeGeGeSiSiGeGeGeGeSiGeSiGeSiGeSiSiSiSiSiGeSiSiGeGeSiGeSiSiSiSiGeGeSiSiSiSiSiSiGeGeSiSiSiSiGeGeGeGeGeSiSiSiGeGeGeGeSiGeSi
   -30303.4101562500 GeGeGeSiSiGeGeGeGeSiGeSiGeSiGeSiSiSiSiSiGeSiSiGeGeSiGeSiSiSiSiGeGeSiSiSiSiSiSiGeGeSiSiSiSiGeGeGeGeGeSiSiSiGeGeGeGeSiGeSi
   -30303.4101562500 GeGeGeSiSiGeGeGeGeSiGeSiGeSiGeSiSiSiSiSiGeSiSiGeGeSiGeSiSiSiSiGeGeSiSiSiSiSiSiGeGeSiSiSiSiGeGeGeGeGeSiSiSiGeGeGeGeSiGeSi
   -30303.4101562500 GeGeGeSiSiGeGeGeGeSiGeSiGeSiGeSiSiSiSiSiGeSiSiGeGeSiGeSiSiSiSiGeGeSiSiSiSiSiSiGeGeSiSiSiSiGeGeGeGeGeSiSiSiGeGeGeGeSiGeSi
   -30303.4101562500 GeGeGeSiSiGeGeGeGeSiGeSiGeSiGeSiSiSiSiSiGeSiSiGeGeSiGeSiSiSiSiGeGeSiSiSiSiSiSiGeGeSiSiSiSiGeGeGeGeGeSiSiSiGeGeGeGeSiGeSi
   -30303.4101562500 GeGeGeSiSiGeGeGeGeSiGeSiGeSiGeSiSiSiSiSiGeSiSiGeGeSiGeSiSiSiSiGeGeSiSiSiSiSiSiGeGeSiSiSiSiGeGeGeGeGeSiSiSiGeGeGeGeSiGeSi
   -30303.4101562500 GeGeGeSiSiGeGeGeGeSiGeSiGeSiGeSiSiSiSiSiGeSiSiGeGeSiGeSiSiSiSiGeGeSiSiSiSiSiSiGeGeSiSiSiSiGeGeGeGeGeSiSiSiGeGeGeGeSiGeSi
   -30303.4101562500 GeGeGeSiSiGeGeGeGeSiGeSiGeSiGeSiSiSiSiSiGeSiSiGeGeSiGeSiSiSiSiGeGeSiSiSiSiSiSiGeGeSiSiSiSiGeGeGeGeGeSiSiSiGeGeGeGeSiGeSi
   -30303.4101562500 GeGeGeSiSiGeGeGeGeSiGeSiGeSiGeSiSiSiSiSiGeSiSiGeGeSiGeSiSiSiSiGeGeSiSiSiSiSiSiGeGeSiSiSiSiGeGeGeGeGeSiSiSiGeGeGeGeSiGeSi
   -30303.4101562500 GeGeGeSiSiGeGeGeGeSiGeSiGeSiGeSiSiSiSiSiGeSiSiGeGeSiGeSiSiSiSiGeGeSiSiSiSiSiSiGeGeSiSiSiSiGeGeGeGeGeSiSiSiGeGeGeGeSiGeSi
   -30303.4101562500 GeGeGeSiSiGeGeGeGeSiGeSiGeSiGeSiSiSiSiSiGeSiSiGeGeSiGeSiSiSiSiGeGeSiSiSiSiSiSiGeGeSiSiSiSiGeGeGeGeGeSiSiSiGeGeGeGeSiGeSi
   -30303.4101562500 GeGeGeSiSiGeGeGeGeSiGeSiGeSiGeSiSiSiSiSiGeSiSiGeGeSiGeSiSiSiSiGeGeSiSiSiSiSiSiGeGeSiSiSiSiGeGeGeGeGeSiSiSiGeGeGeGeSiGeSi
   -30303.4101562500 GeGeGeSiSiGeGeGeGeSiGeSiGeSiGeSiSiSiSiSiGeSiSiGeGeSiGeSiSiSiSiGeGeSiSiSiSiSiSiGeGeSiSiSiSiGeGeGeGeGeSiSiSiGeGeGeGeSiGeSi
   -30303.4101562500 GeGeGeSiSiGeGeGeGeSiGeSiGeSiGeSiSiSiSiSiGeSiSiGeGeSiGeSiSiSiSiGeGeSiSiSiSiSiSiGeGeSiSiSiSiGeGeGeGeGeSiSiSiGeGeGeGeSiGeSi
   -30303.4101562500 GeGeGeSiSiGeGeGeGeSiGeSiGeSiGeSiSiSiSiSiGeSiSiGeGeSiGeSiSiSiSiGeGeSiSiSiSiSiSiGeGeSiSiSiSiGeGeGeGeGeSiSiSiGeGeGeGeSiGeSi
   -30303.4101562500 GeGeGeSiSiGeGeGeGeSiGeSiGeSiGeSiSiSiSiSiGeSiSiGeGeSiGeSiSiSiSiGeGeSiSiSiSiSiSiGeGeSiSiSiSiGeGeGeGeGeSiSiSiGeGeGeGeSiGeSi
   -30303.4101562500 GeGeGeSiSiGeGeGeGeSiGeSiGeSiGeSiSiSiSiSiGeSiSiGeGeSiGeSiSiSiSiGeGeSiSiSiSiSiSiGeGeSiSiSiSiGeGeGeGeGeSiSiSiGeGeGeGeSiGeSi
   -30303.4101562500 GeGeGeSiSiGeGeGeGeSiGeSiGeSiGeSiSiSiSiSiGeSiSiGeGeSiGeSiSiSiSiGeGeSiSiSiSiSiSiGeGeSiSiSiSiGeGeGeGeGeSiSiSiGeGeGeGeSiGeSi
   -30303.4101562500 GeGeGeSiSiGeGeGeGeSiGeSiGeSiGeSiSiSiSiSiGeSiSiGeGeSiGeSiSiSiSiGeGeSiSiSiSiSiSiGeGeSiSiSiSiGeGeGeGeGeSiSiSiGeGeGeGeSiGeSi
   -30303.4101562500 GeGeGeSiSiGeGeGeGeSiGeSiGeSiGeSiSiSiSiSiGeSiSiGeGeSiGeSiSiSiSiGeGeSiSiSiSiSiSiGeGeSiSiSiSiGeGeGeGeGeSiSiSiGeGeGeGeSiGeSi
   -30303.4101562500 GeGeGeSiSiGeGeGeGeSiGeSiGeSiGeSiSiSiSiSiGeSiSiGeGeSiGeSiSiSiSiGeGeSiSiSiSiSiSiGeGeSiSiSiSiGeGeGeGeGeSiSiSiGeGeGeGeSiGeSi
   -30303.4101562500 GeGeGeSiSiGeGeGeGeSiGeSiGeSiGeSiSiSiSiSiGeSiSiGeGeSiGeSiSiSiSiGeGeSiSiSiSiSiSiGeGeSiSiSiSiGeGeGeGeGeSiSiSiGeGeGeGeSiGeSi
   -30303.4101562500 GeGeGeSiSiGeGeGeGeSiGeSiGeSiGeSiSiSiSiSiGeSiSiGeGeSiGeSiSiSiSiGeGeSiSiSiSiSiSiGeGeSiSiSiSiGeGeGeGeGeSiSiSiGeGeGeGeSiGeSi
   -30303.4101562500 GeGeGeSiSiGeGeGeGeSiGeSiGeSiGeSiSiSiSiSiGeSiSiGeGeSiGeSiSiSiSiGeGeSiSiSiSiSiSiGeGeSiSiSiSiGeGeGeGeGeSiSiSiGeGeGeGeSiGeSi
   -30303.4101562500 GeGeGeSiSiGeGeGeGeSiGeSiGeSiGeSiSiSiSiSiGeSiSiGeGeSiGeSiSiSiSiGeGeSiSiSiSiSiSiGeGeSiSiSiSiGeGeGeGeGeSiSiSiGeGeGeGeSiGeSi
   -30303.4101562500 GeGeGeSiSiGeGeGeGeSiGeSiGeSiGeSiSiSiSiSiGeSiSiGeGeSiGeSiSiSiSiGeGeSiSiSiSiSiSiGeGeSiSiSiSiGeGeGeGeGeSiSiSiGeGeGeGeSiGeSi
   -30303.4101562500 GeGeGeSiSiGeGeGeGeSiGeSiGeSiGeSiSiSiSiSiGeSiSiGeGeSiGeSiSiSiSiGeGeSiSiSiSiSiSiGeGeSiSiSiSiGeGeGeGeGeSiSiSiGeGeGeGeSiGeSi
   -30303.4101562500 GeGeGeSiSiGeGeGeGeSiGeSiGeSiGeSiSiSiSiSiGeSiSiGeGeSiGeSiSiSiSiGeGeSiSiSiSiSiSiGeGeSiSiSiSiGeGeGeGeGeSiSiSiGeGeGeGeSiGeSi
   -30303.4101562500 GeGeGeSiSiGeGeGeGeSiGeSiGeSiGeSiSiSiSiSiGeSiSiGeGeSiGeSiSiSiSiGeGeSiSiSiSiSiSiGeGeSiSiSiSiGeGeGeGeGeSiSiSiGeGeGeGeSiGeSi
   -30303.4101562500 GeGeGeSiSiGeGeGeGeSiGeSiGeSiGeSiSiSiSiSiGeSiSiGeGeSiGeSiSiSiSiGeGeSiSiSiSiSiSiGeGeSiSiSiSiGeGeGeGeGeSiSiSiGeGeGeGeSiGeSi
   -30303.4101562500 GeGeGeSiSiGeGeGeGeSiGeSiGeSiGeSiSiSiSiSiGeSiSiGeGeSiGeSiSiSiSiGeGeSiSiSiSiSiSiGeGeSiSiSiSiGeGeGeGeGeSiSiSiGeGeGeGeSiGeSi
   -30303.4101562500 GeGeGeSiSiGeGeGeGeSiGeSiGeSiGeSiSiSiSiSiGeSiSiGeGeSiGeSiSiSiSiGeGeSiSiSiSiSiSiGeGeSiSiSiSiGeGeGeGeGeSiSiSiGeGeGeGeSiGeSi
   -30303.4101562500 GeGeGeSiSiGeGeGeGeSiGeSiGeSiGeSiSiSiSiSiGeSiSiGeGeSiGeSiSiSiSiGeGeSiSiSiSiSiSiGeGeSiSiSiSiGeGeGeGeGeSiSiSiGeGeGeGeSiGeSi
   -30303.4101562500 GeGeGeSiSiGeGeGeGeSiGeSiGeSiGeSiSiSiSiSiGeSiSiGeGeSiGeSiSiSiSiGeGeSiSiSiSiSiSiGeGeSiSiSiSiGeGeGeGeGeSiSiSiGeGeGeGeSiGeSi
   -30303.4101562500 GeGeGeSiSiGeGeGeGeSiGeSiGeSiGeSiSiSiSiSiGeSiSiGeGeSiGeSiSiSiSiGeGeSiSiSiSiSiSiGeGeSiSiSiSiGeGeGeGeGeSiSiSiGeGeGeGeSiGeSi
   -30303.4101562500 GeGeGeSiSiGeGeGeGeSiGeSiGeSiGeSiSiSiSiSiGeSiSiGeGeSiGeSiSiSiSiGeGeSiSiSiSiSiSiGeGeSiSiSiSiGeGeGeGeGeSiSiSiGeGeGeGeSiGeSi
   -30303.4101562500 GeGeGeSiSiGeGeGeGeSiGeSiGeSiGeSiSiSiSiSiGeSiSiGeGeSiGeSiSiSiSiGeGeSiSiSiSiSiSiGeGeSiSiSiSiGeGeGeGeGeSiSiSiGeGeGeGeSiGeSi
   -30303.4101562500 GeGeGeSiSiGeGeGeGeSiGeSiGeSiGeSiSiSiSiSiGeSiSiGeGeSiGeSiSiSiSiGeGeSiSiSiSiSiSiGeGeSiSiSiSiGeGeGeGeGeSiSiSiGeGeGeGeSiGeSi
   -30303.4101562500 GeGeGeSiSiGeGeGeGeSiGeSiGeSiGeSiSiSiSiSiGeSiSiGeGeSiGeSiSiSiSiGeGeSiSiSiSiSiSiGeGeSiSiSiSiGeGeGeGeGeSiSiSiGeGeGeGeSiGeSi
   -30303.4101562500 GeGeGeSiSiGeGeGeGeSiGeSiGeSiGeSiSiSiSiSiGeSiSiGeGeSiGeSiSiSiSiGeGeSiSiSiSiSiSiGeGeSiSiSiSiGeGeGeGeGeSiSiSiGeGeGeGeSiGeSi
   -30303.4101562500 GeGeGeSiSiGeGeGeGeSiGeSiGeSiGeSiSiSiSiSiGeSiSiGeGeSiGeSiSiSiSiGeGeSiSiSiSiSiSiGeGeSiSiSiSiGeGeGeGeGeSiSiSiGeGeGeGeSiGeSi
   -30303.4101562500 GeGeGeSiSiGeGeGeGeSiGeSiGeSiGeSiSiSiSiSiGeSiSiGeGeSiGeSiSiSiSiGeGeSiSiSiSiSiSiGeGeSiSiSiSiGeGeGeGeGeSiSiSiGeGeGeGeSiGeSi
   -30303.4101562500 GeGeGeSiSiGeGeGeGeSiGeSiGeSiGeSiSiSiSiSiGeSiSiGeGeSiGeSiSiSiSiGeGeSiSiSiSiSiSiGeGeSiSiSiSiGeGeGeGeGeSiSiSiGeGeGeGeSiGeSi
   -30303.4101562500 GeGeGeSiSiGeGeGeGeSiGeSiGeSiGeSiSiSiSiSiGeSiSiGeGeSiGeSiSiSiSiGeGeSiSiSiSiSiSiGeGeSiSiSiSiGeGeGeGeGeSiSiSiGeGeGeGeSiGeSi
   -30303.4101562500 GeGeGeSiSiGeGeGeGeSiGeSiGeSiGeSiSiSiSiSiGeSiSiGeGeSiGeSiSiSiSiGeGeSiSiSiSiSiSiGeGeSiSiSiSiGeGeGeGeGeSiSiSiGeGeGeGeSiGeSi
   -30303.4101562500 GeGeGeSiSiGeGeGeGeSiGeSiGeSiGeSiSiSiSiSiGeSiSiGeGeSiGeSiSiSiSiGeGeSiSiSiSiSiSiGeGeSiSiSiSiGeGeGeGeGeSiSiSiGeGeGeGeSiGeSi
   -30303.4101562500 GeGeGeSiSiGeGeGeGeSiGeSiGeSiGeSiSiSiSiSiGeSiSiGeGeSiGeSiSiSiSiGeGeSiSiSiSiSiSiGeGeSiSiSiSiGeGeGeGeGeSiSiSiGeGeGeGeSiGeSi
   -30303.4101562500 GeGeGeSiSiGeGeGeGeSiGeSiGeSiGeSiSiSiSiSiGeSiSiGeGeSiGeSiSiSiSiGeGeSiSiSiSiSiSiGeGeSiSiSiSiGeGeGeGeGeSiSiSiGeGeGeGeSiGeSi
   -30303.4101562500 GeGeGeSiSiGeGeGeGeSiGeSiGeSiGeSiSiSiSiSiGeSiSiGeGeSiGeSiSiSiSiGeGeSiSiSiSiSiSiGeGeSiSiSiSiGeGeGeGeGeSiSiSiGeGeGeGeSiGeSi
   -30303.4101562500 GeGeGeSiSiGeGeGeGeSiGeSiGeSiGeSiSiSiSiSiGeSiSiGeGeSiGeSiSiSiSiGeGeSiSiSiSiSiSiGeGeSiSiSiSiGeGeGeGeGeSiSiSiGeGeGeGeSiGeSi
   -30303.4101562500 GeGeGeSiSiGeGeGeGeSiGeSiGeSiGeSiSiSiSiSiGeSiSiGeGeSiGeSiSiSiSiGeGeSiSiSiSiSiSiGeGeSiSiSiSiGeGeGeGeGeSiSiSiGeGeGeGeSiGeSi
   -30303.4101562500 GeGeGeSiSiGeGeGeGeSiGeSiGeSiGeSiSiSiSiSiGeSiSiGeGeSiGeSiSiSiSiGeGeSiSiSiSiSiSiGeGeSiSiSiSiGeGeGeGeGeSiSiSiGeGeGeGeSiGeSi
   -30303.4101562500 GeGeGeSiSiGeGeGeGeSiGeSiGeSiGeSiSiSiSiSiGeSiSiGeGeSiGeSiSiSiSiGeGeSiSiSiSiSiSiGeGeSiSiSiSiGeGeGeGeGeSiSiSiGeGeGeGeSiGeSi
   -30303.4101562500 GeGeGeSiSiGeGeGeGeSiGeSiGeSiGeSiSiSiSiSiGeSiSiGeGeSiGeSiSiSiSiGeGeSiSiSiSiSiSiGeGeSiSiSiSiGeGeGeGeGeSiSiSiGeGeGeGeSiGeSi
   -30303.4101562500 GeGeGeSiSiGeGeGeGeSiGeSiGeSiGeSiSiSiSiSiGeSiSiGeGeSiGeSiSiSiSiGeGeSiSiSiSiSiSiGeGeSiSiSiSiGeGeGeGeGeSiSiSiGeGeGeGeSiGeSi
   -30303.4101562500 GeGeGeSiSiGeGeGeGeSiGeSiGeSiGeSiSiSiSiSiGeSiSiGeGeSiGeSiSiSiSiGeGeSiSiSiSiSiSiGeGeSiSiSiSiGeGeGeGeGeSiSiSiGeGeGeGeSiGeSi
   -30303.4101562500 GeGeGeSiSiGeGeGeGeSiGeSiGeSiGeSiSiSiSiSiGeSiSiGeGeSiGeSiSiSiSiGeGeSiSiSiSiSiSiGeGeSiSiSiSiGeGeGeGeGeSiSiSiGeGeGeGeSiGeSi
   -30303.4101562500 GeGeGeSiSiGeGeGeGeSiGeSiGeSiGeSiSiSiSiSiGeSiSiGeGeSiGeSiSiSiSiGeGeSiSiSiSiSiSiGeGeSiSiSiSiGeGeGeGeGeSiSiSiGeGeGeGeSiGeSi
   -30303.4101562500 GeGeGeSiSiGeGeGeGeSiGeSiGeSiGeSiSiSiSiSiGeSiSiGeGeSiGeSiSiSiSiGeGeSiSiSiSiSiSiGeGeSiSiSiSiGeGeGeGeGeSiSiSiGeGeGeGeSiGeSi
   -30303.4101562500 GeGeGeSiSiGeGeGeGeSiGeSiGeSiGeSiSiSiSiSiGeSiSiGeGeSiGeSiSiSiSiGeGeSiSiSiSiSiSiGeGeSiSiSiSiGeGeGeGeGeSiSiSiGeGeGeGeSiGeSi
   -30303.4101562500 GeGeGeSiSiGeGeGeGeSiGeSiGeSiGeSiSiSiSiSiGeSiSiGeGeSiGeSiSiSiSiGeGeSiSiSiSiSiSiGeGeSiSiSiSiGeGeGeGeGeSiSiSiGeGeGeGeSiGeSi
   -30303.4101562500 GeGeGeSiSiGeGeGeGeSiGeSiGeSiGeSiSiSiSiSiGeSiSiGeGeSiGeSiSiSiSiGeGeSiSiSiSiSiSiGeGeSiSiSiSiGeGeGeGeGeSiSiSiGeGeGeGeSiGeSi
   -30303.4101562500 GeGeGeSiSiGeGeGeGeSiGeSiGeSiGeSiSiSiSiSiGeSiSiGeGeSiGeSiSiSiSiGeGeSiSiSiSiSiSiGeGeSiSiSiSiGeGeGeGeGeSiSiSiGeGeGeGeSiGeSi
   -30303.4101562500 GeGeGeSiSiGeGeGeGeSiGeSiGeSiGeSiSiSiSiSiGeSiSiGeGeSiGeSiSiSiSiGeGeSiSiSiSiSiSiGeGeSiSiSiSiGeGeGeGeGeSiSiSiGeGeGeGeSiGeSi
   -30303.4101562500 GeGeGeSiSiGeGeGeGeSiGeSiGeSiGeSiSiSiSiSiGeSiSiGeGeSiGeSiSiSiSiGeGeSiSiSiSiSiSiGeGeSiSiSiSiGeGeGeGeGeSiSiSiGeGeGeGeSiGeSi
   -30303.4101562500 GeGeGeSiSiGeGeGeGeSiGeSiGeSiGeSiSiSiSiSiGeSiSiGeGeSiGeSiSiSiSiGeGeSiSiSiSiSiSiGeGeSiSiSiSiGeGeGeGeGeSiSiSiGeGeGeGeSiGeSi
   -30303.4101562500 GeGeGeSiSiGeGeGeGeSiGeSiGeSiGeSiSiSiSiSiGeSiSiGeGeSiGeSiSiSiSiGeGeSiSiSiSiSiSiGeGeSiSiSiSiGeGeGeGeGeSiSiSiGeGeGeGeSiGeSi
   -30303.4101562500 GeGeGeSiSiGeGeGeGeSiGeSiGeSiGeSiSiSiSiSiGeSiSiGeGeSiGeSiSiSiSiGeGeSiSiSiSiSiSiGeGeSiSiSiSiGeGeGeGeGeSiSiSiGeGeGeGeSiGeSi
   -30303.4101562500 GeGeGeSiSiGeGeGeGeSiGeSiGeSiGeSiSiSiSiSiGeSiSiGeGeSiGeSiSiSiSiGeGeSiSiSiSiSiSiGeGeSiSiSiSiGeGeGeGeGeSiSiSiGeGeGeGeSiGeSi
   -30303.4101562500 GeGeGeSiSiGeGeGeGeSiGeSiGeSiGeSiSiSiSiSiGeSiSiGeGeSiGeSiSiSiSiGeGeSiSiSiSiSiSiGeGeSiSiSiSiGeGeGeGeGeSiSiSiGeGeGeGeSiGeSi
   -30303.4101562500 GeGeGeSiSiGeGeGeGeSiGeSiGeSiGeSiSiSiSiSiGeSiSiGeGeSiGeSiSiSiSiGeGeSiSiSiSiSiSiGeGeSiSiSiSiGeGeGeGeGeSiSiSiGeGeGeGeSiGeSi
   -30303.4101562500 GeGeGeSiSiGeGeGeGeSiGeSiGeSiGeSiSiSiSiSiGeSiSiGeGeSiGeSiSiSiSiGeGeSiSiSiSiSiSiGeGeSiSiSiSiGeGeGeGeGeSiSiSiGeGeGeGeSiGeSi
   -30303.4101562500 GeGeGeSiSiGeGeGeGeSiGeSiGeSiGeSiSiSiSiSiGeSiSiGeGeSiGeSiSiSiSiGeGeSiSiSiSiSiSiGeGeSiSiSiSiGeGeGeGeGeSiSiSiGeGeGeGeSiGeSi
   -30303.4101562500 GeGeGeSiSiGeGeGeGeSiGeSiGeSiGeSiSiSiSiSiGeSiSiGeGeSiGeSiSiSiSiGeGeSiSiSiSiSiSiGeGeSiSiSiSiGeGeGeGeGeSiSiSiGeGeGeGeSiGeSi
   -30303.4101562500 GeGeGeSiSiGeGeGeGeSiGeSiGeSiGeSiSiSiSiSiGeSiSiGeGeSiGeSiSiSiSiGeGeSiSiSiSiSiSiGeGeSiSiSiSiGeGeGeGeGeSiSiSiGeGeGeGeSiGeSi
   -30303.4101562500 GeGeGeSiSiGeGeGeGeSiGeSiGeSiGeSiSiSiSiSiGeSiSiGeGeSiGeSiSiSiSiGeGeSiSiSiSiSiSiGeGeSiSiSiSiGeGeGeGeGeSiSiSiGeGeGeGeSiGeSi
   -30303.4101562500 GeGeGeSiSiGeGeGeGeSiGeSiGeSiGeSiSiSiSiSiGeSiSiGeGeSiGeSiSiSiSiGeGeSiSiSiSiSiSiGeGeSiSiSiSiGeGeGeGeGeSiSiSiGeGeGeGeSiGeSi
   -30303.4101562500 GeGeGeSiSiGeGeGeGeSiGeSiGeSiGeSiSiSiSiSiGeSiSiGeGeSiGeSiSiSiSiGeGeSiSiSiSiSiSiGeGeSiSiSiSiGeGeGeGeGeSiSiSiGeGeGeGeSiGeSi
   -30303.4101562500 GeGeGeSiSiGeGeGeGeSiGeSiGeSiGeSiSiSiSiSiGeSiSiGeGeSiGeSiSiSiSiGeGeSiSiSiSiSiSiGeGeSiSiSiSiGeGeGeGeGeSiSiSiGeGeGeGeSiGeSi
   -30303.4101562500 GeGeGeSiSiGeGeGeGeSiGeSiGeSiGeSiSiSiSiSiGeSiSiGeGeSiGeSiSiSiSiGeGeSiSiSiSiSiSiGeGeSiSiSiSiGeGeGeGeGeSiSiSiGeGeGeGeSiGeSi
   -30303.4101562500 GeGeGeSiSiGeGeGeGeSiGeSiGeSiGeSiSiSiSiSiGeSiSiGeGeSiGeSiSiSiSiGeGeSiSiSiSiSiSiGeGeSiSiSiSiGeGeGeGeGeSiSiSiGeGeGeGeSiGeSi
   -30303.4101562500 GeGeGeSiSiGeGeGeGeSiGeSiGeSiGeSiSiSiSiSiGeSiSiGeGeSiGeSiSiSiSiGeGeSiSiSiSiSiSiGeGeSiSiSiSiGeGeGeGeGeSiSiSiGeGeGeGeSiGeSi
   -30303.4101562500 GeGeGeSiSiGeGeGeGeSiGeSiGeSiGeSiSiSiSiSiGeSiSiGeGeSiGeSiSiSiSiGeGeSiSiSiSiSiSiGeGeSiSiSiSiGeGeGeGeGeSiSiSiGeGeGeGeSiGeSi
   -30303.4101562500 GeGeGeSiSiGeGeGeGeSiGeSiGeSiGeSiSiSiSiSiGeSiSiGeGeSiGeSiSiSiSiGeGeSiSiSiSiSiSiGeGeSiSiSiSiGeGeGeGeGeSiSiSiGeGeGeGeSiGeSi
   -30303.4101562500 GeGeGeSiSiGeGeGeGeSiGeSiGeSiGeSiSiSiSiSiGeSiSiGeGeSiGeSiSiSiSiGeGeSiSiSiSiSiSiGeGeSiSiSiSiGeGeGeGeGeSiSiSiGeGeGeGeSiGeSi
   -30303.4101562500 GeGeGeSiSiGeGeGeGeSiGeSiGeSiGeSiSiSiSiSiGeSiSiGeGeSiGeSiSiSiSiGeGeSiSiSiSiSiSiGeGeSiSiSiSiGeGeGeGeGeSiSiSiGeGeGeGeSiGeSi
   -30303.4101562500 GeGeGeSiSiGeGeGeGeSiGeSiGeSiGeSiSiSiSiSiGeSiSiGeGeSiGeSiSiSiSiGeGeSiSiSiSiSiSiGeGeSiSiSiSiGeGeGeGeGeSiSiSiGeGeGeGeSiGeSi
filename: c000000774710277.gin     
Cell:
    11.9020996    11.9020996    29.6919994    90.0000000    90.0000000   120.0000000
Box:
    11.9020996    -5.9510503     0.0000000
     0.0000000    10.3075209     0.0000000
     0.0000000     0.0000000    29.6919994
----------------------------------------
Inverse Box:
     0.0840188     0.0485083     0.0000000
     0.0000000     0.0970165     0.0000000
     0.0000000     0.0000000     0.0336791
----------------------------------------
==============================================
geometrical properties of  28 Ge:
 Configuration:           0
 D_ave:   9.23361778       3.49854469    
 D_min:   3.43866038      0.597396910    
 energia:  -30303.4102    
