Random Seed:   953263432
Number of atoms:    60
Space Group:    1
Cell:
    11.9020996    11.9020996    29.6919994    90.0000000    90.0000000   120.0000000
Box:
    11.9020996    -5.9510503     0.0000000
     0.0000000    10.3075209     0.0000000
     0.0000000     0.0000000    29.6919994
----------------------------------------
Inverse Box:
     0.0840188     0.0485083     0.0000000
     0.0000000     0.0970165     0.0000000
     0.0000000     0.0000000     0.0336791
----------------------------------------
GeSiSiSiSiSiSiSiSiSiSiSiSiSiSiSiSiSiSiSiSiSiSiSiSiSiSiSiSiSiSiSiSiSiSiSiSiSiSiSiSiSiSiSiSiSiSiSiSiSiSiSiSiSiGeSiSiSiSiSi
           1 Ge    -7732.98535    
GeGeSiSiSiSiSiSiSiSiSiSiSiSiSiSiSiSiSiSiSiSiSiSiSiSiSiSiSiSiSiSiSiSiSiSiSiSiSiSiSiSiSiSiSiSiSiSiSiSiSiSiSiSiGeSiSiSiSiSi
           2 Ge    -7726.92188    
GeGeGeSiSiSiSiSiSiSiSiSiSiSiSiSiSiSiSiSiSiSiSiSiSiSiSiSiSiSiSiSiSiSiSiSiSiSiSiSiSiSiSiSiSiSiSiSiSiSiSiSiSiSiGeSiSiSiSiSi
           3 Ge    -7727.69287    
GeGeGeGeSiSiSiSiSiSiSiSiSiSiSiSiSiSiSiSiSiSiSiSiSiSiSiSiSiSiSiSiSiSiSiSiSiSiSiSiSiSiSiSiSiSiSiSiSiSiSiSiSiSiGeSiSiSiSiSi
           4 Ge    -7765.57568    
GeGeGeGeGeSiSiSiSiSiSiSiSiSiSiSiSiSiSiSiSiSiSiSiSiSiSiSiSiSiSiSiSiSiSiSiSiSiSiSiSiSiSiSiSiSiSiSiSiSiSiSiSiSiGeSiSiSiSiSi
           5 Ge    -7828.20166    
GeGeGeGeGeGeSiSiSiSiSiSiSiSiSiSiSiSiSiSiSiSiSiSiSiSiSiSiSiSiSiSiSiSiSiSiSiSiSiSiSiSiSiSiSiSiSiSiSiSiSiSiSiSiGeSiSiSiSiSi
           6 Ge    -7897.69678    
GeGeGeGeGeGeGeSiSiSiSiSiSiSiSiSiSiSiSiSiSiSiSiSiSiSiSiSiSiSiSiSiSiSiSiSiSiSiSiSiSiSiSiSiSiSiSiSiSiSiSiSiSiSiGeSiSiSiSiSi
           7 Ge    -8082.46631    
GeGeGeGeGeGeGeGeSiSiSiSiSiSiSiSiSiSiSiSiSiSiSiSiSiSiSiSiSiSiSiSiSiSiSiSiSiSiSiSiSiSiSiSiSiSiSiSiSiSiSiSiSiSiGeSiSiSiSiSi
           8 Ge    -8312.50586    
GeGeGeGeGeGeGeGeSiSiSiGeSiSiSiSiSiSiSiSiSiSiSiSiSiSiSiSiSiSiSiSiSiSiSiSiSiSiSiSiSiSiSiSiSiSiSiSiSiSiSiSiSiSiGeSiSiSiSiSi
          12 Ge    -8677.23047    
GeGeGeGeGeGeGeGeSiSiSiGeSiSiSiGeSiSiSiSiSiSiSiSiSiSiSiSiSiSiSiSiSiSiSiSiSiSiSiSiSiSiSiSiSiSiSiSiSiSiSiSiSiSiGeSiSiSiSiSi
          16 Ge    -9115.89355    
GeGeGeGeGeGeGeGeSiSiSiGeSiSiSiGeSiSiSiSiSiSiSiSiSiGeSiSiSiSiSiSiSiSiSiSiSiSiSiSiSiSiSiSiSiSiSiSiSiSiSiSiSiSiGeSiSiSiSiSi
          26 Ge    -8942.00586    
GeGeGeGeGeGeGeGeSiSiSiGeSiSiSiGeSiSiSiSiSiSiSiSiSiGeSiSiSiGeSiSiSiSiSiSiSiSiSiSiSiSiSiSiSiSiSiSiSiSiSiSiSiSiGeSiSiSiSiSi
          30 Ge    -8992.83105    
GeGeGeGeGeGeGeGeSiSiSiGeSiSiSiGeSiSiSiSiSiSiSiSiSiGeSiSiSiGeSiSiGeSiSiSiSiSiSiSiSiSiSiSiSiSiSiSiSiSiSiSiSiSiGeSiSiSiSiSi
          33 Ge    -9617.88867    
GeGeGeGeGeGeGeGeSiSiSiGeSiSiSiGeSiSiSiSiSiSiSiSiSiGeSiSiSiGeSiSiGeSiSiGeSiSiSiSiSiSiSiSiSiSiSiSiSiSiSiSiSiSiGeSiSiSiSiSi
          36 Ge    -8728.40332    
GeGeGeGeGeGeGeGeSiSiSiGeSiSiSiGeSiSiSiSiSiSiSiSiSiGeSiSiSiGeSiSiGeSiSiGeSiSiSiGeSiSiSiSiSiSiSiSiSiSiSiSiSiSiGeSiSiSiSiSi
          40 Ge    -8658.98438    
GeGeGeGeGeGeGeGeSiSiSiGeSiSiSiGeSiSiSiSiSiSiSiSiSiGeSiSiSiGeSiSiGeSiSiGeSiSiSiGeSiGeSiSiSiSiSiSiSiSiSiSiSiSiGeSiSiSiSiSi
          42 Ge    -7495.79785    
GeGeGeGeGeGeGeGeSiSiSiGeSiSiSiGeSiSiSiSiSiSiSiSiSiGeSiSiSiGeSiSiGeSiSiGeSiSiSiGeSiGeSiSiGeSiSiSiSiSiSiSiSiSiGeSiSiSiSiSi
          45 Ge    -8186.20459    
GeGeGeGeGeGeGeGeSiSiSiGeSiSiSiGeSiSiSiSiSiSiSiSiSiGeSiSiSiGeSiSiGeSiSiGeSiSiSiGeSiGeSiSiGeGeSiSiSiSiSiSiSiSiGeSiSiSiSiSi
          46 Ge    -8475.60449    
GeGeGeGeGeGeGeGeSiSiSiGeSiSiSiGeSiSiSiSiSiSiSiSiSiGeSiSiSiGeSiSiGeSiSiGeSiSiSiGeSiGeSiSiGeGeSiSiSiSiSiSiSiSiGeSiGeSiSiSi
          57 Ge    -9896.81934    
GeGeGeGeGeGeGeGeSiGeSiGeSiSiSiGeSiSiSiSiSiSiSiSiSiGeSiSiSiGeSiSiGeSiSiGeSiSiSiGeSiGeSiSiGeGeSiSiSiSiSiSiSiSiGeSiGeSiSiSi
          10 Ge    -9454.03027    
GeGeGeGeGeGeGeGeSiGeGeGeSiSiSiGeSiSiSiSiSiSiSiSiSiGeSiSiSiGeSiSiGeSiSiGeSiSiSiGeSiGeSiSiGeGeSiSiSiSiSiSiSiSiGeSiGeSiSiSi
          11 Ge    -9925.45801    
GeGeGeGeGeGeGeGeSiGeGeGeGeSiSiGeSiSiSiSiSiSiSiSiSiGeSiSiSiGeSiSiGeSiSiGeSiSiSiGeSiGeSiSiGeGeSiSiSiSiSiSiSiSiGeSiGeSiSiSi
          13 Ge    -8796.13574    
GeGeGeGeGeGeGeGeSiGeGeGeGeGeSiGeSiSiSiSiSiSiSiSiSiGeSiSiSiGeSiSiGeSiSiGeSiSiSiGeSiGeSiSiGeGeSiSiSiSiSiSiSiSiGeSiGeSiSiSi
          14 Ge    -5141.39355    
GeGeGeGeGeGeGeGeSiGeGeGeGeGeGeGeSiSiSiSiSiSiSiSiSiGeSiSiSiGeSiSiGeSiSiGeSiSiSiGeSiGeSiSiGeGeSiSiSiSiSiSiSiSiGeSiGeSiSiSi
          15 Ge    -4430.43652    
GeGeGeGeGeGeGeGeSiGeGeGeGeGeGeGeSiSiSiSiSiSiSiGeSiGeSiSiSiGeSiSiGeSiSiGeSiSiSiGeSiGeSiSiGeGeSiSiSiSiSiSiSiSiGeSiGeSiSiSi
          24 Ge     2126.05469    
GeGeGeGeGeGeGeGeSiGeGeGeGeGeGeGeSiSiSiSiSiSiSiGeSiGeSiGeSiGeSiSiGeSiSiGeSiSiSiGeSiGeSiSiGeGeSiSiSiSiSiSiSiSiGeSiGeSiSiSi
          28 Ge     6061.81152    
GeGeGeGeGeGeGeGeSiGeGeGeGeGeGeGeSiSiSiSiSiSiSiGeSiGeSiGeSiGeSiSiGeSiSiGeSiSiGeGeSiGeSiSiGeGeSiSiSiSiSiSiSiSiGeSiGeSiSiSi
          39 Ge     5808.01758    
GeGeGeGeGeGeGeGeSiGeGeGeGeGeGeGeSiSiSiSiSiSiSiGeSiGeSiGeSiGeSiSiGeSiSiGeSiSiGeGeSiGeSiGeGeGeSiSiSiSiSiSiSiSiGeSiGeSiSiSi
          44 Ge     6838.51904    
GeGeGeGeGeGeGeGeSiGeGeGeGeGeGeGeSiSiSiSiSiSiSiGeSiGeSiGeSiGeSiSiGeSiSiGeSiSiGeGeSiGeSiGeGeGeSiSiSiSiGeSiSiSiGeSiGeSiSiSi
          51 Ge     6193.07080    
GeGeGeGeGeGeGeGeSiGeGeGeGeGeGeGeSiSiSiSiSiSiSiGeSiGeSiGeSiGeSiSiGeSiSiGeSiSiGeGeSiGeSiGeGeGeSiSiSiSiGeSiSiSiGeSiGeGeSiSi
          58 Ge     9293.99512    
==============================================
MonteCarlo: Metropolis with identity changes
Si > Ge, Ge > Si. STOP when occurrence <    0.00000
==============================================
Cost_function     Occurrence %     Scan-Cost
    -9882.4960937500 SiSiSiGeGeGeGeGeSiSiGeGeGeGeSiGeGeGeSiSiSiSiSiSiSiSiGeGeGeGeSiSiGeSiGeSiSiSiGeGeSiSiSiGeGeSiSiSiSiGeGeGeGeGeGeGeSiGeSiGe
   -14748.8945312500 SiSiGeSiSiGeGeGeSiSiGeGeGeGeSiGeSiGeSiSiGeGeGeGeGeSiSiGeSiSiGeSiSiSiGeSiSiSiGeGeSiSiSiGeGeGeSiSiSiGeGeSiGeGeGeGeSiGeSiGe
   -20215.3632812500 SiSiGeSiSiGeGeGeSiSiGeGeGeGeSiGeGeGeSiSiGeGeGeGeGeSiSiSiSiSiGeSiSiSiGeSiSiSiGeGeSiSiSiGeGeGeSiSiSiGeGeSiGeGeGeGeSiGeSiGe
   -22763.8710937500 SiSiGeSiSiGeGeGeSiSiGeGeGeSiSiGeGeGeSiSiGeGeGeGeSiSiSiSiSiGeGeSiSiSiGeSiSiSiGeGeGeSiSiGeGeGeSiSiSiGeGeSiGeGeGeGeSiGeSiGe
   -22763.8710937500 SiSiGeSiSiGeGeGeSiSiGeGeGeSiSiGeGeGeSiSiGeGeGeGeSiSiSiSiSiGeGeSiSiSiGeSiSiSiGeGeGeSiSiGeGeGeSiSiSiGeGeSiGeGeGeGeSiGeSiGe
   -22763.8710937500 SiSiGeSiSiGeGeGeSiSiGeGeGeSiSiGeGeGeSiSiGeGeGeGeSiSiSiSiSiGeGeSiSiSiGeSiSiSiGeGeGeSiSiGeGeGeSiSiSiGeGeSiGeGeGeGeSiGeSiGe
   -22763.8710937500 SiSiGeSiSiGeGeGeSiSiGeGeGeSiSiGeGeGeSiSiGeGeGeGeSiSiSiSiSiGeGeSiSiSiGeSiSiSiGeGeGeSiSiGeGeGeSiSiSiGeGeSiGeGeGeGeSiGeSiGe
   -23621.2851562500 SiSiGeSiSiGeGeGeSiSiGeGeGeSiSiSiGeSiSiSiGeGeGeGeSiSiSiSiSiGeGeSiSiSiGeSiGeSiGeGeGeSiGeGeGeSiGeSiSiGeGeSiGeGeGeGeSiGeSiGe
   -23621.2851562500 SiSiGeSiSiGeGeGeSiSiGeGeGeSiSiSiGeSiSiSiGeGeGeGeSiSiSiSiSiGeGeSiSiSiGeSiGeSiGeGeGeSiGeGeGeSiGeSiSiGeGeSiGeGeGeGeSiGeSiGe
   -24289.8867187500 SiSiGeSiSiGeGeGeSiSiGeGeGeSiSiGeGeSiSiSiGeGeSiGeSiSiSiSiSiGeGeSiSiSiGeSiGeSiGeGeGeSiGeGeGeSiGeSiSiGeGeSiGeGeGeGeSiGeSiGe
   -24289.8867187500 SiSiGeSiSiGeGeGeSiSiGeGeGeSiSiGeGeSiSiSiGeGeSiGeSiSiSiSiSiGeGeSiSiSiGeSiGeSiGeGeGeSiGeGeGeSiGeSiSiGeGeSiGeGeGeGeSiGeSiGe
   -24289.8867187500 SiSiGeSiSiGeGeGeSiSiGeGeGeSiSiGeGeSiSiSiGeGeSiGeSiSiSiSiSiGeGeSiSiSiGeSiGeSiGeGeGeSiGeGeGeSiGeSiSiGeGeSiGeGeGeGeSiGeSiGe
   -24289.8867187500 SiSiGeSiSiGeGeGeSiSiGeGeGeSiSiGeGeSiSiSiGeGeSiGeSiSiSiSiSiGeGeSiSiSiGeSiGeSiGeGeGeSiGeGeGeSiGeSiSiGeGeSiGeGeGeGeSiGeSiGe
   -24289.8867187500 SiSiGeSiSiGeGeGeSiSiGeGeGeSiSiGeGeSiSiSiGeGeSiGeSiSiSiSiSiGeGeSiSiSiGeSiGeSiGeGeGeSiGeGeGeSiGeSiSiGeGeSiGeGeGeGeSiGeSiGe
   -24289.8867187500 SiSiGeSiSiGeGeGeSiSiGeGeGeSiSiGeGeSiSiSiGeGeSiGeSiSiSiSiSiGeGeSiSiSiGeSiGeSiGeGeGeSiGeGeGeSiGeSiSiGeGeSiGeGeGeGeSiGeSiGe
   -24289.8867187500 SiSiGeSiSiGeGeGeSiSiGeGeGeSiSiGeGeSiSiSiGeGeSiGeSiSiSiSiSiGeGeSiSiSiGeSiGeSiGeGeGeSiGeGeGeSiGeSiSiGeGeSiGeGeGeGeSiGeSiGe
   -24289.8867187500 SiSiGeSiSiGeGeGeSiSiGeGeGeSiSiGeGeSiSiSiGeGeSiGeSiSiSiSiSiGeGeSiSiSiGeSiGeSiGeGeGeSiGeGeGeSiGeSiSiGeGeSiGeGeGeGeSiGeSiGe
   -24289.8867187500 SiSiGeSiSiGeGeGeSiSiGeGeGeSiSiGeGeSiSiSiGeGeSiGeSiSiSiSiSiGeGeSiSiSiGeSiGeSiGeGeGeSiGeGeGeSiGeSiSiGeGeSiGeGeGeGeSiGeSiGe
   -24415.3867187500 SiSiGeSiSiGeGeGeSiSiGeGeGeGeSiGeGeSiSiSiGeGeSiGeSiSiSiSiSiGeGeSiSiSiGeSiGeSiGeGeGeSiGeGeGeSiGeSiSiGeGeSiGeGeSiGeSiGeSiGe
   -24415.3867187500 SiSiGeSiSiGeGeGeSiSiGeGeGeGeSiGeGeSiSiSiGeGeSiGeSiSiSiSiSiGeGeSiSiSiGeSiGeSiGeGeGeSiGeGeGeSiGeSiSiGeGeSiGeGeSiGeSiGeSiGe
   -24415.3867187500 SiSiGeSiSiGeGeGeSiSiGeGeGeGeSiGeGeSiSiSiGeGeSiGeSiSiSiSiSiGeGeSiSiSiGeSiGeSiGeGeGeSiGeGeGeSiGeSiSiGeGeSiGeGeSiGeSiGeSiGe
   -24415.3867187500 SiSiGeSiSiGeGeGeSiSiGeGeGeGeSiGeGeSiSiSiGeGeSiGeSiSiSiSiSiGeGeSiSiSiGeSiGeSiGeGeGeSiGeGeGeSiGeSiSiGeGeSiGeGeSiGeSiGeSiGe
   -24415.3867187500 SiSiGeSiSiGeGeGeSiSiGeGeGeGeSiGeGeSiSiSiGeGeSiGeSiSiSiSiSiGeGeSiSiSiGeSiGeSiGeGeGeSiGeGeGeSiGeSiSiGeGeSiGeGeSiGeSiGeSiGe
   -24415.3867187500 SiSiGeSiSiGeGeGeSiSiGeGeGeGeSiGeGeSiSiSiGeGeSiGeSiSiSiSiSiGeGeSiSiSiGeSiGeSiGeGeGeSiGeGeGeSiGeSiSiGeGeSiGeGeSiGeSiGeSiGe
   -24415.3867187500 SiSiGeSiSiGeGeGeSiSiGeGeGeGeSiGeGeSiSiSiGeGeSiGeSiSiSiSiSiGeGeSiSiSiGeSiGeSiGeGeGeSiGeGeGeSiGeSiSiGeGeSiGeGeSiGeSiGeSiGe
   -24415.3867187500 SiSiGeSiSiGeGeGeSiSiGeGeGeGeSiGeGeSiSiSiGeGeSiGeSiSiSiSiSiGeGeSiSiSiGeSiGeSiGeGeGeSiGeGeGeSiGeSiSiGeGeSiGeGeSiGeSiGeSiGe
   -24415.3867187500 SiSiGeSiSiGeGeGeSiSiGeGeGeGeSiGeGeSiSiSiGeGeSiGeSiSiSiSiSiGeGeSiSiSiGeSiGeSiGeGeGeSiGeGeGeSiGeSiSiGeGeSiGeGeSiGeSiGeSiGe
   -24415.3867187500 SiSiGeSiSiGeGeGeSiSiGeGeGeGeSiGeGeSiSiSiGeGeSiGeSiSiSiSiSiGeGeSiSiSiGeSiGeSiGeGeGeSiGeGeGeSiGeSiSiGeGeSiGeGeSiGeSiGeSiGe
   -24415.3867187500 SiSiGeSiSiGeGeGeSiSiGeGeGeGeSiGeGeSiSiSiGeGeSiGeSiSiSiSiSiGeGeSiSiSiGeSiGeSiGeGeGeSiGeGeGeSiGeSiSiGeGeSiGeGeSiGeSiGeSiGe
   -24415.3867187500 SiSiGeSiSiGeGeGeSiSiGeGeGeGeSiGeGeSiSiSiGeGeSiGeSiSiSiSiSiGeGeSiSiSiGeSiGeSiGeGeGeSiGeGeGeSiGeSiSiGeGeSiGeGeSiGeSiGeSiGe
   -24415.3867187500 SiSiGeSiSiGeGeGeSiSiGeGeGeGeSiGeGeSiSiSiGeGeSiGeSiSiSiSiSiGeGeSiSiSiGeSiGeSiGeGeGeSiGeGeGeSiGeSiSiGeGeSiGeGeSiGeSiGeSiGe
   -24415.3867187500 SiSiGeSiSiGeGeGeSiSiGeGeGeGeSiGeGeSiSiSiGeGeSiGeSiSiSiSiSiGeGeSiSiSiGeSiGeSiGeGeGeSiGeGeGeSiGeSiSiGeGeSiGeGeSiGeSiGeSiGe
   -24415.3867187500 SiSiGeSiSiGeGeGeSiSiGeGeGeGeSiGeGeSiSiSiGeGeSiGeSiSiSiSiSiGeGeSiSiSiGeSiGeSiGeGeGeSiGeGeGeSiGeSiSiGeGeSiGeGeSiGeSiGeSiGe
   -24415.3867187500 SiSiGeSiSiGeGeGeSiSiGeGeGeGeSiGeGeSiSiSiGeGeSiGeSiSiSiSiSiGeGeSiSiSiGeSiGeSiGeGeGeSiGeGeGeSiGeSiSiGeGeSiGeGeSiGeSiGeSiGe
   -24415.3867187500 SiSiGeSiSiGeGeGeSiSiGeGeGeGeSiGeGeSiSiSiGeGeSiGeSiSiSiSiSiGeGeSiSiSiGeSiGeSiGeGeGeSiGeGeGeSiGeSiSiGeGeSiGeGeSiGeSiGeSiGe
   -24415.3867187500 SiSiGeSiSiGeGeGeSiSiGeGeGeGeSiGeGeSiSiSiGeGeSiGeSiSiSiSiSiGeGeSiSiSiGeSiGeSiGeGeGeSiGeGeGeSiGeSiSiGeGeSiGeGeSiGeSiGeSiGe
   -24415.3867187500 SiSiGeSiSiGeGeGeSiSiGeGeGeGeSiGeGeSiSiSiGeGeSiGeSiSiSiSiSiGeGeSiSiSiGeSiGeSiGeGeGeSiGeGeGeSiGeSiSiGeGeSiGeGeSiGeSiGeSiGe
   -24415.3867187500 SiSiGeSiSiGeGeGeSiSiGeGeGeGeSiGeGeSiSiSiGeGeSiGeSiSiSiSiSiGeGeSiSiSiGeSiGeSiGeGeGeSiGeGeGeSiGeSiSiGeGeSiGeGeSiGeSiGeSiGe
   -24415.3867187500 SiSiGeSiSiGeGeGeSiSiGeGeGeGeSiGeGeSiSiSiGeGeSiGeSiSiSiSiSiGeGeSiSiSiGeSiGeSiGeGeGeSiGeGeGeSiGeSiSiGeGeSiGeGeSiGeSiGeSiGe
   -24415.3867187500 SiSiGeSiSiGeGeGeSiSiGeGeGeGeSiGeGeSiSiSiGeGeSiGeSiSiSiSiSiGeGeSiSiSiGeSiGeSiGeGeGeSiGeGeGeSiGeSiSiGeGeSiGeGeSiGeSiGeSiGe
   -24415.3867187500 SiSiGeSiSiGeGeGeSiSiGeGeGeGeSiGeGeSiSiSiGeGeSiGeSiSiSiSiSiGeGeSiSiSiGeSiGeSiGeGeGeSiGeGeGeSiGeSiSiGeGeSiGeGeSiGeSiGeSiGe
   -24415.3867187500 SiSiGeSiSiGeGeGeSiSiGeGeGeGeSiGeGeSiSiSiGeGeSiGeSiSiSiSiSiGeGeSiSiSiGeSiGeSiGeGeGeSiGeGeGeSiGeSiSiGeGeSiGeGeSiGeSiGeSiGe
   -24415.3867187500 SiSiGeSiSiGeGeGeSiSiGeGeGeGeSiGeGeSiSiSiGeGeSiGeSiSiSiSiSiGeGeSiSiSiGeSiGeSiGeGeGeSiGeGeGeSiGeSiSiGeGeSiGeGeSiGeSiGeSiGe
   -24415.3867187500 SiSiGeSiSiGeGeGeSiSiGeGeGeGeSiGeGeSiSiSiGeGeSiGeSiSiSiSiSiGeGeSiSiSiGeSiGeSiGeGeGeSiGeGeGeSiGeSiSiGeGeSiGeGeSiGeSiGeSiGe
   -24415.3867187500 SiSiGeSiSiGeGeGeSiSiGeGeGeGeSiGeGeSiSiSiGeGeSiGeSiSiSiSiSiGeGeSiSiSiGeSiGeSiGeGeGeSiGeGeGeSiGeSiSiGeGeSiGeGeSiGeSiGeSiGe
   -24415.3867187500 SiSiGeSiSiGeGeGeSiSiGeGeGeGeSiGeGeSiSiSiGeGeSiGeSiSiSiSiSiGeGeSiSiSiGeSiGeSiGeGeGeSiGeGeGeSiGeSiSiGeGeSiGeGeSiGeSiGeSiGe
   -24415.3867187500 SiSiGeSiSiGeGeGeSiSiGeGeGeGeSiGeGeSiSiSiGeGeSiGeSiSiSiSiSiGeGeSiSiSiGeSiGeSiGeGeGeSiGeGeGeSiGeSiSiGeGeSiGeGeSiGeSiGeSiGe
   -24415.3867187500 SiSiGeSiSiGeGeGeSiSiGeGeGeGeSiGeGeSiSiSiGeGeSiGeSiSiSiSiSiGeGeSiSiSiGeSiGeSiGeGeGeSiGeGeGeSiGeSiSiGeGeSiGeGeSiGeSiGeSiGe
   -24415.3867187500 SiSiGeSiSiGeGeGeSiSiGeGeGeGeSiGeGeSiSiSiGeGeSiGeSiSiSiSiSiGeGeSiSiSiGeSiGeSiGeGeGeSiGeGeGeSiGeSiSiGeGeSiGeGeSiGeSiGeSiGe
   -24415.3867187500 SiSiGeSiSiGeGeGeSiSiGeGeGeGeSiGeGeSiSiSiGeGeSiGeSiSiSiSiSiGeGeSiSiSiGeSiGeSiGeGeGeSiGeGeGeSiGeSiSiGeGeSiGeGeSiGeSiGeSiGe
   -24415.3867187500 SiSiGeSiSiGeGeGeSiSiGeGeGeGeSiGeGeSiSiSiGeGeSiGeSiSiSiSiSiGeGeSiSiSiGeSiGeSiGeGeGeSiGeGeGeSiGeSiSiGeGeSiGeGeSiGeSiGeSiGe
   -24415.3867187500 SiSiGeSiSiGeGeGeSiSiGeGeGeGeSiGeGeSiSiSiGeGeSiGeSiSiSiSiSiGeGeSiSiSiGeSiGeSiGeGeGeSiGeGeGeSiGeSiSiGeGeSiGeGeSiGeSiGeSiGe
   -24415.3867187500 SiSiGeSiSiGeGeGeSiSiGeGeGeGeSiGeGeSiSiSiGeGeSiGeSiSiSiSiSiGeGeSiSiSiGeSiGeSiGeGeGeSiGeGeGeSiGeSiSiGeGeSiGeGeSiGeSiGeSiGe
   -24415.3867187500 SiSiGeSiSiGeGeGeSiSiGeGeGeGeSiGeGeSiSiSiGeGeSiGeSiSiSiSiSiGeGeSiSiSiGeSiGeSiGeGeGeSiGeGeGeSiGeSiSiGeGeSiGeGeSiGeSiGeSiGe
   -24415.3867187500 SiSiGeSiSiGeGeGeSiSiGeGeGeGeSiGeGeSiSiSiGeGeSiGeSiSiSiSiSiGeGeSiSiSiGeSiGeSiGeGeGeSiGeGeGeSiGeSiSiGeGeSiGeGeSiGeSiGeSiGe
   -24415.3867187500 SiSiGeSiSiGeGeGeSiSiGeGeGeGeSiGeGeSiSiSiGeGeSiGeSiSiSiSiSiGeGeSiSiSiGeSiGeSiGeGeGeSiGeGeGeSiGeSiSiGeGeSiGeGeSiGeSiGeSiGe
   -24415.3867187500 SiSiGeSiSiGeGeGeSiSiGeGeGeGeSiGeGeSiSiSiGeGeSiGeSiSiSiSiSiGeGeSiSiSiGeSiGeSiGeGeGeSiGeGeGeSiGeSiSiGeGeSiGeGeSiGeSiGeSiGe
   -24415.3867187500 SiSiGeSiSiGeGeGeSiSiGeGeGeGeSiGeGeSiSiSiGeGeSiGeSiSiSiSiSiGeGeSiSiSiGeSiGeSiGeGeGeSiGeGeGeSiGeSiSiGeGeSiGeGeSiGeSiGeSiGe
   -24415.3867187500 SiSiGeSiSiGeGeGeSiSiGeGeGeGeSiGeGeSiSiSiGeGeSiGeSiSiSiSiSiGeGeSiSiSiGeSiGeSiGeGeGeSiGeGeGeSiGeSiSiGeGeSiGeGeSiGeSiGeSiGe
   -24415.3867187500 SiSiGeSiSiGeGeGeSiSiGeGeGeGeSiGeGeSiSiSiGeGeSiGeSiSiSiSiSiGeGeSiSiSiGeSiGeSiGeGeGeSiGeGeGeSiGeSiSiGeGeSiGeGeSiGeSiGeSiGe
   -24415.3867187500 SiSiGeSiSiGeGeGeSiSiGeGeGeGeSiGeGeSiSiSiGeGeSiGeSiSiSiSiSiGeGeSiSiSiGeSiGeSiGeGeGeSiGeGeGeSiGeSiSiGeGeSiGeGeSiGeSiGeSiGe
   -24415.3867187500 SiSiGeSiSiGeGeGeSiSiGeGeGeGeSiGeGeSiSiSiGeGeSiGeSiSiSiSiSiGeGeSiSiSiGeSiGeSiGeGeGeSiGeGeGeSiGeSiSiGeGeSiGeGeSiGeSiGeSiGe
   -24415.3867187500 SiSiGeSiSiGeGeGeSiSiGeGeGeGeSiGeGeSiSiSiGeGeSiGeSiSiSiSiSiGeGeSiSiSiGeSiGeSiGeGeGeSiGeGeGeSiGeSiSiGeGeSiGeGeSiGeSiGeSiGe
   -24415.3867187500 SiSiGeSiSiGeGeGeSiSiGeGeGeGeSiGeGeSiSiSiGeGeSiGeSiSiSiSiSiGeGeSiSiSiGeSiGeSiGeGeGeSiGeGeGeSiGeSiSiGeGeSiGeGeSiGeSiGeSiGe
   -24415.3867187500 SiSiGeSiSiGeGeGeSiSiGeGeGeGeSiGeGeSiSiSiGeGeSiGeSiSiSiSiSiGeGeSiSiSiGeSiGeSiGeGeGeSiGeGeGeSiGeSiSiGeGeSiGeGeSiGeSiGeSiGe
   -24415.3867187500 SiSiGeSiSiGeGeGeSiSiGeGeGeGeSiGeGeSiSiSiGeGeSiGeSiSiSiSiSiGeGeSiSiSiGeSiGeSiGeGeGeSiGeGeGeSiGeSiSiGeGeSiGeGeSiGeSiGeSiGe
   -24415.3867187500 SiSiGeSiSiGeGeGeSiSiGeGeGeGeSiGeGeSiSiSiGeGeSiGeSiSiSiSiSiGeGeSiSiSiGeSiGeSiGeGeGeSiGeGeGeSiGeSiSiGeGeSiGeGeSiGeSiGeSiGe
   -24415.3867187500 SiSiGeSiSiGeGeGeSiSiGeGeGeGeSiGeGeSiSiSiGeGeSiGeSiSiSiSiSiGeGeSiSiSiGeSiGeSiGeGeGeSiGeGeGeSiGeSiSiGeGeSiGeGeSiGeSiGeSiGe
   -24415.3867187500 SiSiGeSiSiGeGeGeSiSiGeGeGeGeSiGeGeSiSiSiGeGeSiGeSiSiSiSiSiGeGeSiSiSiGeSiGeSiGeGeGeSiGeGeGeSiGeSiSiGeGeSiGeGeSiGeSiGeSiGe
   -24415.3867187500 SiSiGeSiSiGeGeGeSiSiGeGeGeGeSiGeGeSiSiSiGeGeSiGeSiSiSiSiSiGeGeSiSiSiGeSiGeSiGeGeGeSiGeGeGeSiGeSiSiGeGeSiGeGeSiGeSiGeSiGe
   -24415.3867187500 SiSiGeSiSiGeGeGeSiSiGeGeGeGeSiGeGeSiSiSiGeGeSiGeSiSiSiSiSiGeGeSiSiSiGeSiGeSiGeGeGeSiGeGeGeSiGeSiSiGeGeSiGeGeSiGeSiGeSiGe
   -24415.3867187500 SiSiGeSiSiGeGeGeSiSiGeGeGeGeSiGeGeSiSiSiGeGeSiGeSiSiSiSiSiGeGeSiSiSiGeSiGeSiGeGeGeSiGeGeGeSiGeSiSiGeGeSiGeGeSiGeSiGeSiGe
   -24415.3867187500 SiSiGeSiSiGeGeGeSiSiGeGeGeGeSiGeGeSiSiSiGeGeSiGeSiSiSiSiSiGeGeSiSiSiGeSiGeSiGeGeGeSiGeGeGeSiGeSiSiGeGeSiGeGeSiGeSiGeSiGe
   -24415.3867187500 SiSiGeSiSiGeGeGeSiSiGeGeGeGeSiGeGeSiSiSiGeGeSiGeSiSiSiSiSiGeGeSiSiSiGeSiGeSiGeGeGeSiGeGeGeSiGeSiSiGeGeSiGeGeSiGeSiGeSiGe
   -24415.3867187500 SiSiGeSiSiGeGeGeSiSiGeGeGeGeSiGeGeSiSiSiGeGeSiGeSiSiSiSiSiGeGeSiSiSiGeSiGeSiGeGeGeSiGeGeGeSiGeSiSiGeGeSiGeGeSiGeSiGeSiGe
   -24415.3867187500 SiSiGeSiSiGeGeGeSiSiGeGeGeGeSiGeGeSiSiSiGeGeSiGeSiSiSiSiSiGeGeSiSiSiGeSiGeSiGeGeGeSiGeGeGeSiGeSiSiGeGeSiGeGeSiGeSiGeSiGe
   -24415.3867187500 SiSiGeSiSiGeGeGeSiSiGeGeGeGeSiGeGeSiSiSiGeGeSiGeSiSiSiSiSiGeGeSiSiSiGeSiGeSiGeGeGeSiGeGeGeSiGeSiSiGeGeSiGeGeSiGeSiGeSiGe
   -24415.3867187500 SiSiGeSiSiGeGeGeSiSiGeGeGeGeSiGeGeSiSiSiGeGeSiGeSiSiSiSiSiGeGeSiSiSiGeSiGeSiGeGeGeSiGeGeGeSiGeSiSiGeGeSiGeGeSiGeSiGeSiGe
   -24415.3867187500 SiSiGeSiSiGeGeGeSiSiGeGeGeGeSiGeGeSiSiSiGeGeSiGeSiSiSiSiSiGeGeSiSiSiGeSiGeSiGeGeGeSiGeGeGeSiGeSiSiGeGeSiGeGeSiGeSiGeSiGe
   -24415.3867187500 SiSiGeSiSiGeGeGeSiSiGeGeGeGeSiGeGeSiSiSiGeGeSiGeSiSiSiSiSiGeGeSiSiSiGeSiGeSiGeGeGeSiGeGeGeSiGeSiSiGeGeSiGeGeSiGeSiGeSiGe
   -24415.3867187500 SiSiGeSiSiGeGeGeSiSiGeGeGeGeSiGeGeSiSiSiGeGeSiGeSiSiSiSiSiGeGeSiSiSiGeSiGeSiGeGeGeSiGeGeGeSiGeSiSiGeGeSiGeGeSiGeSiGeSiGe
   -24415.3867187500 SiSiGeSiSiGeGeGeSiSiGeGeGeGeSiGeGeSiSiSiGeGeSiGeSiSiSiSiSiGeGeSiSiSiGeSiGeSiGeGeGeSiGeGeGeSiGeSiSiGeGeSiGeGeSiGeSiGeSiGe
   -24415.3867187500 SiSiGeSiSiGeGeGeSiSiGeGeGeGeSiGeGeSiSiSiGeGeSiGeSiSiSiSiSiGeGeSiSiSiGeSiGeSiGeGeGeSiGeGeGeSiGeSiSiGeGeSiGeGeSiGeSiGeSiGe
   -24415.3867187500 SiSiGeSiSiGeGeGeSiSiGeGeGeGeSiGeGeSiSiSiGeGeSiGeSiSiSiSiSiGeGeSiSiSiGeSiGeSiGeGeGeSiGeGeGeSiGeSiSiGeGeSiGeGeSiGeSiGeSiGe
   -24415.3867187500 SiSiGeSiSiGeGeGeSiSiGeGeGeGeSiGeGeSiSiSiGeGeSiGeSiSiSiSiSiGeGeSiSiSiGeSiGeSiGeGeGeSiGeGeGeSiGeSiSiGeGeSiGeGeSiGeSiGeSiGe
   -24415.3867187500 SiSiGeSiSiGeGeGeSiSiGeGeGeGeSiGeGeSiSiSiGeGeSiGeSiSiSiSiSiGeGeSiSiSiGeSiGeSiGeGeGeSiGeGeGeSiGeSiSiGeGeSiGeGeSiGeSiGeSiGe
   -24415.3867187500 SiSiGeSiSiGeGeGeSiSiGeGeGeGeSiGeGeSiSiSiGeGeSiGeSiSiSiSiSiGeGeSiSiSiGeSiGeSiGeGeGeSiGeGeGeSiGeSiSiGeGeSiGeGeSiGeSiGeSiGe
   -24415.3867187500 SiSiGeSiSiGeGeGeSiSiGeGeGeGeSiGeGeSiSiSiGeGeSiGeSiSiSiSiSiGeGeSiSiSiGeSiGeSiGeGeGeSiGeGeGeSiGeSiSiGeGeSiGeGeSiGeSiGeSiGe
   -24415.3867187500 SiSiGeSiSiGeGeGeSiSiGeGeGeGeSiGeGeSiSiSiGeGeSiGeSiSiSiSiSiGeGeSiSiSiGeSiGeSiGeGeGeSiGeGeGeSiGeSiSiGeGeSiGeGeSiGeSiGeSiGe
   -24415.3867187500 SiSiGeSiSiGeGeGeSiSiGeGeGeGeSiGeGeSiSiSiGeGeSiGeSiSiSiSiSiGeGeSiSiSiGeSiGeSiGeGeGeSiGeGeGeSiGeSiSiGeGeSiGeGeSiGeSiGeSiGe
   -24415.3867187500 SiSiGeSiSiGeGeGeSiSiGeGeGeGeSiGeGeSiSiSiGeGeSiGeSiSiSiSiSiGeGeSiSiSiGeSiGeSiGeGeGeSiGeGeGeSiGeSiSiGeGeSiGeGeSiGeSiGeSiGe
   -24415.3867187500 SiSiGeSiSiGeGeGeSiSiGeGeGeGeSiGeGeSiSiSiGeGeSiGeSiSiSiSiSiGeGeSiSiSiGeSiGeSiGeGeGeSiGeGeGeSiGeSiSiGeGeSiGeGeSiGeSiGeSiGe
   -24415.3867187500 SiSiGeSiSiGeGeGeSiSiGeGeGeGeSiGeGeSiSiSiGeGeSiGeSiSiSiSiSiGeGeSiSiSiGeSiGeSiGeGeGeSiGeGeGeSiGeSiSiGeGeSiGeGeSiGeSiGeSiGe
   -24415.3867187500 SiSiGeSiSiGeGeGeSiSiGeGeGeGeSiGeGeSiSiSiGeGeSiGeSiSiSiSiSiGeGeSiSiSiGeSiGeSiGeGeGeSiGeGeGeSiGeSiSiGeGeSiGeGeSiGeSiGeSiGe
   -24415.3867187500 SiSiGeSiSiGeGeGeSiSiGeGeGeGeSiGeGeSiSiSiGeGeSiGeSiSiSiSiSiGeGeSiSiSiGeSiGeSiGeGeGeSiGeGeGeSiGeSiSiGeGeSiGeGeSiGeSiGeSiGe
   -24415.3867187500 SiSiGeSiSiGeGeGeSiSiGeGeGeGeSiGeGeSiSiSiGeGeSiGeSiSiSiSiSiGeGeSiSiSiGeSiGeSiGeGeGeSiGeGeGeSiGeSiSiGeGeSiGeGeSiGeSiGeSiGe
   -24415.3867187500 SiSiGeSiSiGeGeGeSiSiGeGeGeGeSiGeGeSiSiSiGeGeSiGeSiSiSiSiSiGeGeSiSiSiGeSiGeSiGeGeGeSiGeGeGeSiGeSiSiGeGeSiGeGeSiGeSiGeSiGe
   -24415.3867187500 SiSiGeSiSiGeGeGeSiSiGeGeGeGeSiGeGeSiSiSiGeGeSiGeSiSiSiSiSiGeGeSiSiSiGeSiGeSiGeGeGeSiGeGeGeSiGeSiSiGeGeSiGeGeSiGeSiGeSiGe
   -24415.3867187500 SiSiGeSiSiGeGeGeSiSiGeGeGeGeSiGeGeSiSiSiGeGeSiGeSiSiSiSiSiGeGeSiSiSiGeSiGeSiGeGeGeSiGeGeGeSiGeSiSiGeGeSiGeGeSiGeSiGeSiGe
   -24415.3867187500 SiSiGeSiSiGeGeGeSiSiGeGeGeGeSiGeGeSiSiSiGeGeSiGeSiSiSiSiSiGeGeSiSiSiGeSiGeSiGeGeGeSiGeGeGeSiGeSiSiGeGeSiGeGeSiGeSiGeSiGe
   -24415.3867187500 SiSiGeSiSiGeGeGeSiSiGeGeGeGeSiGeGeSiSiSiGeGeSiGeSiSiSiSiSiGeGeSiSiSiGeSiGeSiGeGeGeSiGeGeGeSiGeSiSiGeGeSiGeGeSiGeSiGeSiGe
   -24415.3867187500 SiSiGeSiSiGeGeGeSiSiGeGeGeGeSiGeGeSiSiSiGeGeSiGeSiSiSiSiSiGeGeSiSiSiGeSiGeSiGeGeGeSiGeGeGeSiGeSiSiGeGeSiGeGeSiGeSiGeSiGe
   -24415.3867187500 SiSiGeSiSiGeGeGeSiSiGeGeGeGeSiGeGeSiSiSiGeGeSiGeSiSiSiSiSiGeGeSiSiSiGeSiGeSiGeGeGeSiGeGeGeSiGeSiSiGeGeSiGeGeSiGeSiGeSiGe
   -24415.3867187500 SiSiGeSiSiGeGeGeSiSiGeGeGeGeSiGeGeSiSiSiGeGeSiGeSiSiSiSiSiGeGeSiSiSiGeSiGeSiGeGeGeSiGeGeGeSiGeSiSiGeGeSiGeGeSiGeSiGeSiGe
   -24415.3867187500 SiSiGeSiSiGeGeGeSiSiGeGeGeGeSiGeGeSiSiSiGeGeSiGeSiSiSiSiSiGeGeSiSiSiGeSiGeSiGeGeGeSiGeGeGeSiGeSiSiGeGeSiGeGeSiGeSiGeSiGe
   -24415.3867187500 SiSiGeSiSiGeGeGeSiSiGeGeGeGeSiGeGeSiSiSiGeGeSiGeSiSiSiSiSiGeGeSiSiSiGeSiGeSiGeGeGeSiGeGeGeSiGeSiSiGeGeSiGeGeSiGeSiGeSiGe
   -24415.3867187500 SiSiGeSiSiGeGeGeSiSiGeGeGeGeSiGeGeSiSiSiGeGeSiGeSiSiSiSiSiGeGeSiSiSiGeSiGeSiGeGeGeSiGeGeGeSiGeSiSiGeGeSiGeGeSiGeSiGeSiGe
   -24415.3867187500 SiSiGeSiSiGeGeGeSiSiGeGeGeGeSiGeGeSiSiSiGeGeSiGeSiSiSiSiSiGeGeSiSiSiGeSiGeSiGeGeGeSiGeGeGeSiGeSiSiGeGeSiGeGeSiGeSiGeSiGe
   -24415.3867187500 SiSiGeSiSiGeGeGeSiSiGeGeGeGeSiGeGeSiSiSiGeGeSiGeSiSiSiSiSiGeGeSiSiSiGeSiGeSiGeGeGeSiGeGeGeSiGeSiSiGeGeSiGeGeSiGeSiGeSiGe
   -24415.3867187500 SiSiGeSiSiGeGeGeSiSiGeGeGeGeSiGeGeSiSiSiGeGeSiGeSiSiSiSiSiGeGeSiSiSiGeSiGeSiGeGeGeSiGeGeGeSiGeSiSiGeGeSiGeGeSiGeSiGeSiGe
   -24415.3867187500 SiSiGeSiSiGeGeGeSiSiGeGeGeGeSiGeGeSiSiSiGeGeSiGeSiSiSiSiSiGeGeSiSiSiGeSiGeSiGeGeGeSiGeGeGeSiGeSiSiGeGeSiGeGeSiGeSiGeSiGe
   -24415.3867187500 SiSiGeSiSiGeGeGeSiSiGeGeGeGeSiGeGeSiSiSiGeGeSiGeSiSiSiSiSiGeGeSiSiSiGeSiGeSiGeGeGeSiGeGeGeSiGeSiSiGeGeSiGeGeSiGeSiGeSiGe
   -24415.3867187500 SiSiGeSiSiGeGeGeSiSiGeGeGeGeSiGeGeSiSiSiGeGeSiGeSiSiSiSiSiGeGeSiSiSiGeSiGeSiGeGeGeSiGeGeGeSiGeSiSiGeGeSiGeGeSiGeSiGeSiGe
   -24415.3867187500 SiSiGeSiSiGeGeGeSiSiGeGeGeGeSiGeGeSiSiSiGeGeSiGeSiSiSiSiSiGeGeSiSiSiGeSiGeSiGeGeGeSiGeGeGeSiGeSiSiGeGeSiGeGeSiGeSiGeSiGe
   -24415.3867187500 SiSiGeSiSiGeGeGeSiSiGeGeGeGeSiGeGeSiSiSiGeGeSiGeSiSiSiSiSiGeGeSiSiSiGeSiGeSiGeGeGeSiGeGeGeSiGeSiSiGeGeSiGeGeSiGeSiGeSiGe
   -24415.3867187500 SiSiGeSiSiGeGeGeSiSiGeGeGeGeSiGeGeSiSiSiGeGeSiGeSiSiSiSiSiGeGeSiSiSiGeSiGeSiGeGeGeSiGeGeGeSiGeSiSiGeGeSiGeGeSiGeSiGeSiGe
   -24415.3867187500 SiSiGeSiSiGeGeGeSiSiGeGeGeGeSiGeGeSiSiSiGeGeSiGeSiSiSiSiSiGeGeSiSiSiGeSiGeSiGeGeGeSiGeGeGeSiGeSiSiGeGeSiGeGeSiGeSiGeSiGe
   -24415.3867187500 SiSiGeSiSiGeGeGeSiSiGeGeGeGeSiGeGeSiSiSiGeGeSiGeSiSiSiSiSiGeGeSiSiSiGeSiGeSiGeGeGeSiGeGeGeSiGeSiSiGeGeSiGeGeSiGeSiGeSiGe
   -24415.3867187500 SiSiGeSiSiGeGeGeSiSiGeGeGeGeSiGeGeSiSiSiGeGeSiGeSiSiSiSiSiGeGeSiSiSiGeSiGeSiGeGeGeSiGeGeGeSiGeSiSiGeGeSiGeGeSiGeSiGeSiGe
   -24415.3867187500 SiSiGeSiSiGeGeGeSiSiGeGeGeGeSiGeGeSiSiSiGeGeSiGeSiSiSiSiSiGeGeSiSiSiGeSiGeSiGeGeGeSiGeGeGeSiGeSiSiGeGeSiGeGeSiGeSiGeSiGe
   -24415.3867187500 SiSiGeSiSiGeGeGeSiSiGeGeGeGeSiGeGeSiSiSiGeGeSiGeSiSiSiSiSiGeGeSiSiSiGeSiGeSiGeGeGeSiGeGeGeSiGeSiSiGeGeSiGeGeSiGeSiGeSiGe
   -24415.3867187500 SiSiGeSiSiGeGeGeSiSiGeGeGeGeSiGeGeSiSiSiGeGeSiGeSiSiSiSiSiGeGeSiSiSiGeSiGeSiGeGeGeSiGeGeGeSiGeSiSiGeGeSiGeGeSiGeSiGeSiGe
   -24415.3867187500 SiSiGeSiSiGeGeGeSiSiGeGeGeGeSiGeGeSiSiSiGeGeSiGeSiSiSiSiSiGeGeSiSiSiGeSiGeSiGeGeGeSiGeGeGeSiGeSiSiGeGeSiGeGeSiGeSiGeSiGe
   -24415.3867187500 SiSiGeSiSiGeGeGeSiSiGeGeGeGeSiGeGeSiSiSiGeGeSiGeSiSiSiSiSiGeGeSiSiSiGeSiGeSiGeGeGeSiGeGeGeSiGeSiSiGeGeSiGeGeSiGeSiGeSiGe
   -24415.3867187500 SiSiGeSiSiGeGeGeSiSiGeGeGeGeSiGeGeSiSiSiGeGeSiGeSiSiSiSiSiGeGeSiSiSiGeSiGeSiGeGeGeSiGeGeGeSiGeSiSiGeGeSiGeGeSiGeSiGeSiGe
   -24415.3867187500 SiSiGeSiSiGeGeGeSiSiGeGeGeGeSiGeGeSiSiSiGeGeSiGeSiSiSiSiSiGeGeSiSiSiGeSiGeSiGeGeGeSiGeGeGeSiGeSiSiGeGeSiGeGeSiGeSiGeSiGe
   -24415.3867187500 SiSiGeSiSiGeGeGeSiSiGeGeGeGeSiGeGeSiSiSiGeGeSiGeSiSiSiSiSiGeGeSiSiSiGeSiGeSiGeGeGeSiGeGeGeSiGeSiSiGeGeSiGeGeSiGeSiGeSiGe
   -24415.3867187500 SiSiGeSiSiGeGeGeSiSiGeGeGeGeSiGeGeSiSiSiGeGeSiGeSiSiSiSiSiGeGeSiSiSiGeSiGeSiGeGeGeSiGeGeGeSiGeSiSiGeGeSiGeGeSiGeSiGeSiGe
   -24415.3867187500 SiSiGeSiSiGeGeGeSiSiGeGeGeGeSiGeGeSiSiSiGeGeSiGeSiSiSiSiSiGeGeSiSiSiGeSiGeSiGeGeGeSiGeGeGeSiGeSiSiGeGeSiGeGeSiGeSiGeSiGe
   -24415.3867187500 SiSiGeSiSiGeGeGeSiSiGeGeGeGeSiGeGeSiSiSiGeGeSiGeSiSiSiSiSiGeGeSiSiSiGeSiGeSiGeGeGeSiGeGeGeSiGeSiSiGeGeSiGeGeSiGeSiGeSiGe
   -24415.3867187500 SiSiGeSiSiGeGeGeSiSiGeGeGeGeSiGeGeSiSiSiGeGeSiGeSiSiSiSiSiGeGeSiSiSiGeSiGeSiGeGeGeSiGeGeGeSiGeSiSiGeGeSiGeGeSiGeSiGeSiGe
   -24415.3867187500 SiSiGeSiSiGeGeGeSiSiGeGeGeGeSiGeGeSiSiSiGeGeSiGeSiSiSiSiSiGeGeSiSiSiGeSiGeSiGeGeGeSiGeGeGeSiGeSiSiGeGeSiGeGeSiGeSiGeSiGe
   -24415.3867187500 SiSiGeSiSiGeGeGeSiSiGeGeGeGeSiGeGeSiSiSiGeGeSiGeSiSiSiSiSiGeGeSiSiSiGeSiGeSiGeGeGeSiGeGeGeSiGeSiSiGeGeSiGeGeSiGeSiGeSiGe
   -24415.3867187500 SiSiGeSiSiGeGeGeSiSiGeGeGeGeSiGeGeSiSiSiGeGeSiGeSiSiSiSiSiGeGeSiSiSiGeSiGeSiGeGeGeSiGeGeGeSiGeSiSiGeGeSiGeGeSiGeSiGeSiGe
   -24415.3867187500 SiSiGeSiSiGeGeGeSiSiGeGeGeGeSiGeGeSiSiSiGeGeSiGeSiSiSiSiSiGeGeSiSiSiGeSiGeSiGeGeGeSiGeGeGeSiGeSiSiGeGeSiGeGeSiGeSiGeSiGe
   -24415.3867187500 SiSiGeSiSiGeGeGeSiSiGeGeGeGeSiGeGeSiSiSiGeGeSiGeSiSiSiSiSiGeGeSiSiSiGeSiGeSiGeGeGeSiGeGeGeSiGeSiSiGeGeSiGeGeSiGeSiGeSiGe
   -24415.3867187500 SiSiGeSiSiGeGeGeSiSiGeGeGeGeSiGeGeSiSiSiGeGeSiGeSiSiSiSiSiGeGeSiSiSiGeSiGeSiGeGeGeSiGeGeGeSiGeSiSiGeGeSiGeGeSiGeSiGeSiGe
   -24415.3867187500 SiSiGeSiSiGeGeGeSiSiGeGeGeGeSiGeGeSiSiSiGeGeSiGeSiSiSiSiSiGeGeSiSiSiGeSiGeSiGeGeGeSiGeGeGeSiGeSiSiGeGeSiGeGeSiGeSiGeSiGe
   -24415.3867187500 SiSiGeSiSiGeGeGeSiSiGeGeGeGeSiGeGeSiSiSiGeGeSiGeSiSiSiSiSiGeGeSiSiSiGeSiGeSiGeGeGeSiGeGeGeSiGeSiSiGeGeSiGeGeSiGeSiGeSiGe
   -24415.3867187500 SiSiGeSiSiGeGeGeSiSiGeGeGeGeSiGeGeSiSiSiGeGeSiGeSiSiSiSiSiGeGeSiSiSiGeSiGeSiGeGeGeSiGeGeGeSiGeSiSiGeGeSiGeGeSiGeSiGeSiGe
   -24415.3867187500 SiSiGeSiSiGeGeGeSiSiGeGeGeGeSiGeGeSiSiSiGeGeSiGeSiSiSiSiSiGeGeSiSiSiGeSiGeSiGeGeGeSiGeGeGeSiGeSiSiGeGeSiGeGeSiGeSiGeSiGe
   -24415.3867187500 SiSiGeSiSiGeGeGeSiSiGeGeGeGeSiGeGeSiSiSiGeGeSiGeSiSiSiSiSiGeGeSiSiSiGeSiGeSiGeGeGeSiGeGeGeSiGeSiSiGeGeSiGeGeSiGeSiGeSiGe
   -24415.3867187500 SiSiGeSiSiGeGeGeSiSiGeGeGeGeSiGeGeSiSiSiGeGeSiGeSiSiSiSiSiGeGeSiSiSiGeSiGeSiGeGeGeSiGeGeGeSiGeSiSiGeGeSiGeGeSiGeSiGeSiGe
   -24415.3867187500 SiSiGeSiSiGeGeGeSiSiGeGeGeGeSiGeGeSiSiSiGeGeSiGeSiSiSiSiSiGeGeSiSiSiGeSiGeSiGeGeGeSiGeGeGeSiGeSiSiGeGeSiGeGeSiGeSiGeSiGe
   -24415.3867187500 SiSiGeSiSiGeGeGeSiSiGeGeGeGeSiGeGeSiSiSiGeGeSiGeSiSiSiSiSiGeGeSiSiSiGeSiGeSiGeGeGeSiGeGeGeSiGeSiSiGeGeSiGeGeSiGeSiGeSiGe
   -24415.3867187500 SiSiGeSiSiGeGeGeSiSiGeGeGeGeSiGeGeSiSiSiGeGeSiGeSiSiSiSiSiGeGeSiSiSiGeSiGeSiGeGeGeSiGeGeGeSiGeSiSiGeGeSiGeGeSiGeSiGeSiGe
   -24415.3867187500 SiSiGeSiSiGeGeGeSiSiGeGeGeGeSiGeGeSiSiSiGeGeSiGeSiSiSiSiSiGeGeSiSiSiGeSiGeSiGeGeGeSiGeGeGeSiGeSiSiGeGeSiGeGeSiGeSiGeSiGe
   -24415.3867187500 SiSiGeSiSiGeGeGeSiSiGeGeGeGeSiGeGeSiSiSiGeGeSiGeSiSiSiSiSiGeGeSiSiSiGeSiGeSiGeGeGeSiGeGeGeSiGeSiSiGeGeSiGeGeSiGeSiGeSiGe
   -24415.3867187500 SiSiGeSiSiGeGeGeSiSiGeGeGeGeSiGeGeSiSiSiGeGeSiGeSiSiSiSiSiGeGeSiSiSiGeSiGeSiGeGeGeSiGeGeGeSiGeSiSiGeGeSiGeGeSiGeSiGeSiGe
   -24415.3867187500 SiSiGeSiSiGeGeGeSiSiGeGeGeGeSiGeGeSiSiSiGeGeSiGeSiSiSiSiSiGeGeSiSiSiGeSiGeSiGeGeGeSiGeGeGeSiGeSiSiGeGeSiGeGeSiGeSiGeSiGe
   -24415.3867187500 SiSiGeSiSiGeGeGeSiSiGeGeGeGeSiGeGeSiSiSiGeGeSiGeSiSiSiSiSiGeGeSiSiSiGeSiGeSiGeGeGeSiGeGeGeSiGeSiSiGeGeSiGeGeSiGeSiGeSiGe
   -24415.3867187500 SiSiGeSiSiGeGeGeSiSiGeGeGeGeSiGeGeSiSiSiGeGeSiGeSiSiSiSiSiGeGeSiSiSiGeSiGeSiGeGeGeSiGeGeGeSiGeSiSiGeGeSiGeGeSiGeSiGeSiGe
   -24415.3867187500 SiSiGeSiSiGeGeGeSiSiGeGeGeGeSiGeGeSiSiSiGeGeSiGeSiSiSiSiSiGeGeSiSiSiGeSiGeSiGeGeGeSiGeGeGeSiGeSiSiGeGeSiGeGeSiGeSiGeSiGe
   -24415.3867187500 SiSiGeSiSiGeGeGeSiSiGeGeGeGeSiGeGeSiSiSiGeGeSiGeSiSiSiSiSiGeGeSiSiSiGeSiGeSiGeGeGeSiGeGeGeSiGeSiSiGeGeSiGeGeSiGeSiGeSiGe
   -24415.3867187500 SiSiGeSiSiGeGeGeSiSiGeGeGeGeSiGeGeSiSiSiGeGeSiGeSiSiSiSiSiGeGeSiSiSiGeSiGeSiGeGeGeSiGeGeGeSiGeSiSiGeGeSiGeGeSiGeSiGeSiGe
   -24415.3867187500 SiSiGeSiSiGeGeGeSiSiGeGeGeGeSiGeGeSiSiSiGeGeSiGeSiSiSiSiSiGeGeSiSiSiGeSiGeSiGeGeGeSiGeGeGeSiGeSiSiGeGeSiGeGeSiGeSiGeSiGe
   -24415.3867187500 SiSiGeSiSiGeGeGeSiSiGeGeGeGeSiGeGeSiSiSiGeGeSiGeSiSiSiSiSiGeGeSiSiSiGeSiGeSiGeGeGeSiGeGeGeSiGeSiSiGeGeSiGeGeSiGeSiGeSiGe
   -24415.3867187500 SiSiGeSiSiGeGeGeSiSiGeGeGeGeSiGeGeSiSiSiGeGeSiGeSiSiSiSiSiGeGeSiSiSiGeSiGeSiGeGeGeSiGeGeGeSiGeSiSiGeGeSiGeGeSiGeSiGeSiGe
   -24415.3867187500 SiSiGeSiSiGeGeGeSiSiGeGeGeGeSiGeGeSiSiSiGeGeSiGeSiSiSiSiSiGeGeSiSiSiGeSiGeSiGeGeGeSiGeGeGeSiGeSiSiGeGeSiGeGeSiGeSiGeSiGe
   -24415.3867187500 SiSiGeSiSiGeGeGeSiSiGeGeGeGeSiGeGeSiSiSiGeGeSiGeSiSiSiSiSiGeGeSiSiSiGeSiGeSiGeGeGeSiGeGeGeSiGeSiSiGeGeSiGeGeSiGeSiGeSiGe
   -24415.3867187500 SiSiGeSiSiGeGeGeSiSiGeGeGeGeSiGeGeSiSiSiGeGeSiGeSiSiSiSiSiGeGeSiSiSiGeSiGeSiGeGeGeSiGeGeGeSiGeSiSiGeGeSiGeGeSiGeSiGeSiGe
   -24415.3867187500 SiSiGeSiSiGeGeGeSiSiGeGeGeGeSiGeGeSiSiSiGeGeSiGeSiSiSiSiSiGeGeSiSiSiGeSiGeSiGeGeGeSiGeGeGeSiGeSiSiGeGeSiGeGeSiGeSiGeSiGe
   -24415.3867187500 SiSiGeSiSiGeGeGeSiSiGeGeGeGeSiGeGeSiSiSiGeGeSiGeSiSiSiSiSiGeGeSiSiSiGeSiGeSiGeGeGeSiGeGeGeSiGeSiSiGeGeSiGeGeSiGeSiGeSiGe
   -24415.3867187500 SiSiGeSiSiGeGeGeSiSiGeGeGeGeSiGeGeSiSiSiGeGeSiGeSiSiSiSiSiGeGeSiSiSiGeSiGeSiGeGeGeSiGeGeGeSiGeSiSiGeGeSiGeGeSiGeSiGeSiGe
   -24415.3867187500 SiSiGeSiSiGeGeGeSiSiGeGeGeGeSiGeGeSiSiSiGeGeSiGeSiSiSiSiSiGeGeSiSiSiGeSiGeSiGeGeGeSiGeGeGeSiGeSiSiGeGeSiGeGeSiGeSiGeSiGe
   -24415.3867187500 SiSiGeSiSiGeGeGeSiSiGeGeGeGeSiGeGeSiSiSiGeGeSiGeSiSiSiSiSiGeGeSiSiSiGeSiGeSiGeGeGeSiGeGeGeSiGeSiSiGeGeSiGeGeSiGeSiGeSiGe
   -24415.3867187500 SiSiGeSiSiGeGeGeSiSiGeGeGeGeSiGeGeSiSiSiGeGeSiGeSiSiSiSiSiGeGeSiSiSiGeSiGeSiGeGeGeSiGeGeGeSiGeSiSiGeGeSiGeGeSiGeSiGeSiGe
   -24415.3867187500 SiSiGeSiSiGeGeGeSiSiGeGeGeGeSiGeGeSiSiSiGeGeSiGeSiSiSiSiSiGeGeSiSiSiGeSiGeSiGeGeGeSiGeGeGeSiGeSiSiGeGeSiGeGeSiGeSiGeSiGe
   -24415.3867187500 SiSiGeSiSiGeGeGeSiSiGeGeGeGeSiGeGeSiSiSiGeGeSiGeSiSiSiSiSiGeGeSiSiSiGeSiGeSiGeGeGeSiGeGeGeSiGeSiSiGeGeSiGeGeSiGeSiGeSiGe
   -24415.3867187500 SiSiGeSiSiGeGeGeSiSiGeGeGeGeSiGeGeSiSiSiGeGeSiGeSiSiSiSiSiGeGeSiSiSiGeSiGeSiGeGeGeSiGeGeGeSiGeSiSiGeGeSiGeGeSiGeSiGeSiGe
   -24415.3867187500 SiSiGeSiSiGeGeGeSiSiGeGeGeGeSiGeGeSiSiSiGeGeSiGeSiSiSiSiSiGeGeSiSiSiGeSiGeSiGeGeGeSiGeGeGeSiGeSiSiGeGeSiGeGeSiGeSiGeSiGe
   -24415.3867187500 SiSiGeSiSiGeGeGeSiSiGeGeGeGeSiGeGeSiSiSiGeGeSiGeSiSiSiSiSiGeGeSiSiSiGeSiGeSiGeGeGeSiGeGeGeSiGeSiSiGeGeSiGeGeSiGeSiGeSiGe
   -24415.3867187500 SiSiGeSiSiGeGeGeSiSiGeGeGeGeSiGeGeSiSiSiGeGeSiGeSiSiSiSiSiGeGeSiSiSiGeSiGeSiGeGeGeSiGeGeGeSiGeSiSiGeGeSiGeGeSiGeSiGeSiGe
   -24415.3867187500 SiSiGeSiSiGeGeGeSiSiGeGeGeGeSiGeGeSiSiSiGeGeSiGeSiSiSiSiSiGeGeSiSiSiGeSiGeSiGeGeGeSiGeGeGeSiGeSiSiGeGeSiGeGeSiGeSiGeSiGe
   -24415.3867187500 SiSiGeSiSiGeGeGeSiSiGeGeGeGeSiGeGeSiSiSiGeGeSiGeSiSiSiSiSiGeGeSiSiSiGeSiGeSiGeGeGeSiGeGeGeSiGeSiSiGeGeSiGeGeSiGeSiGeSiGe
   -24415.3867187500 SiSiGeSiSiGeGeGeSiSiGeGeGeGeSiGeGeSiSiSiGeGeSiGeSiSiSiSiSiGeGeSiSiSiGeSiGeSiGeGeGeSiGeGeGeSiGeSiSiGeGeSiGeGeSiGeSiGeSiGe
   -24415.3867187500 SiSiGeSiSiGeGeGeSiSiGeGeGeGeSiGeGeSiSiSiGeGeSiGeSiSiSiSiSiGeGeSiSiSiGeSiGeSiGeGeGeSiGeGeGeSiGeSiSiGeGeSiGeGeSiGeSiGeSiGe
   -24415.3867187500 SiSiGeSiSiGeGeGeSiSiGeGeGeGeSiGeGeSiSiSiGeGeSiGeSiSiSiSiSiGeGeSiSiSiGeSiGeSiGeGeGeSiGeGeGeSiGeSiSiGeGeSiGeGeSiGeSiGeSiGe
   -24415.3867187500 SiSiGeSiSiGeGeGeSiSiGeGeGeGeSiGeGeSiSiSiGeGeSiGeSiSiSiSiSiGeGeSiSiSiGeSiGeSiGeGeGeSiGeGeGeSiGeSiSiGeGeSiGeGeSiGeSiGeSiGe
   -24415.3867187500 SiSiGeSiSiGeGeGeSiSiGeGeGeGeSiGeGeSiSiSiGeGeSiGeSiSiSiSiSiGeGeSiSiSiGeSiGeSiGeGeGeSiGeGeGeSiGeSiSiGeGeSiGeGeSiGeSiGeSiGe
   -24415.3867187500 SiSiGeSiSiGeGeGeSiSiGeGeGeGeSiGeGeSiSiSiGeGeSiGeSiSiSiSiSiGeGeSiSiSiGeSiGeSiGeGeGeSiGeGeGeSiGeSiSiGeGeSiGeGeSiGeSiGeSiGe
   -24415.3867187500 SiSiGeSiSiGeGeGeSiSiGeGeGeGeSiGeGeSiSiSiGeGeSiGeSiSiSiSiSiGeGeSiSiSiGeSiGeSiGeGeGeSiGeGeGeSiGeSiSiGeGeSiGeGeSiGeSiGeSiGe
   -24415.3867187500 SiSiGeSiSiGeGeGeSiSiGeGeGeGeSiGeGeSiSiSiGeGeSiGeSiSiSiSiSiGeGeSiSiSiGeSiGeSiGeGeGeSiGeGeGeSiGeSiSiGeGeSiGeGeSiGeSiGeSiGe
   -24415.3867187500 SiSiGeSiSiGeGeGeSiSiGeGeGeGeSiGeGeSiSiSiGeGeSiGeSiSiSiSiSiGeGeSiSiSiGeSiGeSiGeGeGeSiGeGeGeSiGeSiSiGeGeSiGeGeSiGeSiGeSiGe
   -24415.3867187500 SiSiGeSiSiGeGeGeSiSiGeGeGeGeSiGeGeSiSiSiGeGeSiGeSiSiSiSiSiGeGeSiSiSiGeSiGeSiGeGeGeSiGeGeGeSiGeSiSiGeGeSiGeGeSiGeSiGeSiGe
   -24415.3867187500 SiSiGeSiSiGeGeGeSiSiGeGeGeGeSiGeGeSiSiSiGeGeSiGeSiSiSiSiSiGeGeSiSiSiGeSiGeSiGeGeGeSiGeGeGeSiGeSiSiGeGeSiGeGeSiGeSiGeSiGe
   -24415.3867187500 SiSiGeSiSiGeGeGeSiSiGeGeGeGeSiGeGeSiSiSiGeGeSiGeSiSiSiSiSiGeGeSiSiSiGeSiGeSiGeGeGeSiGeGeGeSiGeSiSiGeGeSiGeGeSiGeSiGeSiGe
   -24415.3867187500 SiSiGeSiSiGeGeGeSiSiGeGeGeGeSiGeGeSiSiSiGeGeSiGeSiSiSiSiSiGeGeSiSiSiGeSiGeSiGeGeGeSiGeGeGeSiGeSiSiGeGeSiGeGeSiGeSiGeSiGe
   -24415.3867187500 SiSiGeSiSiGeGeGeSiSiGeGeGeGeSiGeGeSiSiSiGeGeSiGeSiSiSiSiSiGeGeSiSiSiGeSiGeSiGeGeGeSiGeGeGeSiGeSiSiGeGeSiGeGeSiGeSiGeSiGe
   -24415.3867187500 SiSiGeSiSiGeGeGeSiSiGeGeGeGeSiGeGeSiSiSiGeGeSiGeSiSiSiSiSiGeGeSiSiSiGeSiGeSiGeGeGeSiGeGeGeSiGeSiSiGeGeSiGeGeSiGeSiGeSiGe
   -24415.3867187500 SiSiGeSiSiGeGeGeSiSiGeGeGeGeSiGeGeSiSiSiGeGeSiGeSiSiSiSiSiGeGeSiSiSiGeSiGeSiGeGeGeSiGeGeGeSiGeSiSiGeGeSiGeGeSiGeSiGeSiGe
   -24415.3867187500 SiSiGeSiSiGeGeGeSiSiGeGeGeGeSiGeGeSiSiSiGeGeSiGeSiSiSiSiSiGeGeSiSiSiGeSiGeSiGeGeGeSiGeGeGeSiGeSiSiGeGeSiGeGeSiGeSiGeSiGe
   -24415.3867187500 SiSiGeSiSiGeGeGeSiSiGeGeGeGeSiGeGeSiSiSiGeGeSiGeSiSiSiSiSiGeGeSiSiSiGeSiGeSiGeGeGeSiGeGeGeSiGeSiSiGeGeSiGeGeSiGeSiGeSiGe
   -24415.3867187500 SiSiGeSiSiGeGeGeSiSiGeGeGeGeSiGeGeSiSiSiGeGeSiGeSiSiSiSiSiGeGeSiSiSiGeSiGeSiGeGeGeSiGeGeGeSiGeSiSiGeGeSiGeGeSiGeSiGeSiGe
   -24415.3867187500 SiSiGeSiSiGeGeGeSiSiGeGeGeGeSiGeGeSiSiSiGeGeSiGeSiSiSiSiSiGeGeSiSiSiGeSiGeSiGeGeGeSiGeGeGeSiGeSiSiGeGeSiGeGeSiGeSiGeSiGe
   -24415.3867187500 SiSiGeSiSiGeGeGeSiSiGeGeGeGeSiGeGeSiSiSiGeGeSiGeSiSiSiSiSiGeGeSiSiSiGeSiGeSiGeGeGeSiGeGeGeSiGeSiSiGeGeSiGeGeSiGeSiGeSiGe
   -24415.3867187500 SiSiGeSiSiGeGeGeSiSiGeGeGeGeSiGeGeSiSiSiGeGeSiGeSiSiSiSiSiGeGeSiSiSiGeSiGeSiGeGeGeSiGeGeGeSiGeSiSiGeGeSiGeGeSiGeSiGeSiGe
   -24415.3867187500 SiSiGeSiSiGeGeGeSiSiGeGeGeGeSiGeGeSiSiSiGeGeSiGeSiSiSiSiSiGeGeSiSiSiGeSiGeSiGeGeGeSiGeGeGeSiGeSiSiGeGeSiGeGeSiGeSiGeSiGe
   -24415.3867187500 SiSiGeSiSiGeGeGeSiSiGeGeGeGeSiGeGeSiSiSiGeGeSiGeSiSiSiSiSiGeGeSiSiSiGeSiGeSiGeGeGeSiGeGeGeSiGeSiSiGeGeSiGeGeSiGeSiGeSiGe
   -24415.3867187500 SiSiGeSiSiGeGeGeSiSiGeGeGeGeSiGeGeSiSiSiGeGeSiGeSiSiSiSiSiGeGeSiSiSiGeSiGeSiGeGeGeSiGeGeGeSiGeSiSiGeGeSiGeGeSiGeSiGeSiGe
   -24415.3867187500 SiSiGeSiSiGeGeGeSiSiGeGeGeGeSiGeGeSiSiSiGeGeSiGeSiSiSiSiSiGeGeSiSiSiGeSiGeSiGeGeGeSiGeGeGeSiGeSiSiGeGeSiGeGeSiGeSiGeSiGe
filename: c000001062232836.gin     
Cell:
    11.9020996    11.9020996    29.6919994    90.0000000    90.0000000   120.0000000
Box:
    11.9020996    -5.9510503     0.0000000
     0.0000000    10.3075209     0.0000000
     0.0000000     0.0000000    29.6919994
----------------------------------------
Inverse Box:
     0.0840188     0.0485083     0.0000000
     0.0000000     0.0970165     0.0000000
     0.0000000     0.0000000     0.0336791
----------------------------------------
==============================================
geometrical properties of  31 Ge:
 Configuration:           0
 D_ave:   9.18121815       3.50256371    
 D_min:   3.10068583      0.224498957    
 energia:  -24415.3867    
