Random Seed:  1088259187
Number of atoms:    60
Space Group:    1
Cell:
    11.9020996    11.9020996    29.6919994    90.0000000    90.0000000   120.0000000
Box:
    11.9020996    -5.9510503     0.0000000
     0.0000000    10.3075209     0.0000000
     0.0000000     0.0000000    29.6919994
----------------------------------------
Inverse Box:
     0.0840188     0.0485083     0.0000000
     0.0000000     0.0970165     0.0000000
     0.0000000     0.0000000     0.0336791
----------------------------------------
GeSiSiSiSiSiSiSiSiSiSiSiSiSiSiSiSiSiSiSiSiSiSiSiGeSiSiSiSiSiSiSiSiSiSiSiSiSiSiSiSiSiSiSiSiSiSiSiSiSiSiSiSiSiSiSiSiSiSiSi
           1 Ge    -7733.73486    
GeGeSiSiSiSiSiSiSiSiSiSiSiSiSiSiSiSiSiSiSiSiSiSiGeSiSiSiSiSiSiSiSiSiSiSiSiSiSiSiSiSiSiSiSiSiSiSiSiSiSiSiSiSiSiSiSiSiSiSi
           2 Ge    -7727.56543    
GeGeGeSiSiSiSiSiSiSiSiSiSiSiSiSiSiSiSiSiSiSiSiSiGeSiSiSiSiSiSiSiSiSiSiSiSiSiSiSiSiSiSiSiSiSiSiSiSiSiSiSiSiSiSiSiSiSiSiSi
           3 Ge    -7721.45850    
GeGeGeGeSiSiSiSiSiSiSiSiSiSiSiSiSiSiSiSiSiSiSiSiGeSiSiSiSiSiSiSiSiSiSiSiSiSiSiSiSiSiSiSiSiSiSiSiSiSiSiSiSiSiSiSiSiSiSiSi
           4 Ge    -7745.49658    
GeGeGeGeSiGeSiSiSiSiSiSiSiSiSiSiSiSiSiSiSiSiSiSiGeSiSiSiSiSiSiSiSiSiSiSiSiSiSiSiSiSiSiSiSiSiSiSiSiSiSiSiSiSiSiSiSiSiSiSi
           6 Ge    -7787.59766    
GeGeGeGeSiGeGeSiSiSiSiSiSiSiSiSiSiSiSiSiSiSiSiSiGeSiSiSiSiSiSiSiSiSiSiSiSiSiSiSiSiSiSiSiSiSiSiSiSiSiSiSiSiSiSiSiSiSiSiSi
           7 Ge    -7898.35547    
GeGeGeGeSiGeGeGeSiSiSiSiSiSiSiSiSiSiSiSiSiSiSiSiGeSiSiSiSiSiSiSiSiSiSiSiSiSiSiSiSiSiSiSiSiSiSiSiSiSiSiSiSiSiSiSiSiSiSiSi
           8 Ge    -8043.16748    
GeGeGeGeSiGeGeGeGeSiSiSiSiSiSiSiSiSiSiSiSiSiSiSiGeSiSiSiSiSiSiSiSiSiSiSiSiSiSiSiSiSiSiSiSiSiSiSiSiSiSiSiSiSiSiSiSiSiSiSi
           9 Ge    -8221.76367    
GeGeGeGeSiGeGeGeGeSiSiGeSiSiSiSiSiSiSiSiSiSiSiSiGeSiSiSiSiSiSiSiSiSiSiSiSiSiSiSiSiSiSiSiSiSiSiSiSiSiSiSiSiSiSiSiSiSiSiSi
          12 Ge    -8552.82812    
GeGeGeGeSiGeGeGeGeSiSiGeSiSiSiGeSiSiSiSiSiSiSiSiGeSiSiSiSiSiSiSiSiSiSiSiSiSiSiSiSiSiSiSiSiSiSiSiSiSiSiSiSiSiSiSiSiSiSiSi
          16 Ge    -8737.30859    
GeGeGeGeSiGeGeGeGeSiSiGeSiSiSiGeSiSiSiSiSiSiSiSiGeGeSiSiSiSiSiSiSiSiSiSiSiSiSiSiSiSiSiSiSiSiSiSiSiSiSiSiSiSiSiSiSiSiSiSi
          26 Ge    -8726.97461    
GeGeGeGeSiGeGeGeGeSiSiGeSiSiSiGeSiSiSiSiSiSiSiSiGeGeSiSiSiGeSiSiSiSiSiSiSiSiSiSiSiSiSiSiSiSiSiSiSiSiSiSiSiSiSiSiSiSiSiSi
          30 Ge    -8769.65918    
GeGeGeGeSiGeGeGeGeSiSiGeSiSiSiGeSiSiSiSiSiSiSiSiGeGeSiSiSiGeSiSiGeSiSiSiSiSiSiSiSiSiSiSiSiSiSiSiSiSiSiSiSiSiSiSiSiSiSiSi
          33 Ge    -9330.72754    
GeGeGeGeSiGeGeGeGeSiSiGeSiSiSiGeSiSiSiSiSiSiSiSiGeGeSiSiSiGeSiSiGeSiSiSiGeSiSiSiSiSiSiSiSiSiSiSiSiSiSiSiSiSiSiSiSiSiSiSi
          37 Ge    -9467.34473    
GeGeGeGeSiGeGeGeGeSiSiGeSiSiSiGeSiSiSiSiSiSiSiSiGeGeSiSiSiGeSiSiGeSiSiSiGeSiGeSiSiSiSiSiSiSiSiSiSiSiSiSiSiSiSiSiSiSiSiSi
          39 Ge    -9679.22266    
GeGeGeGeSiGeGeGeGeSiSiGeSiSiSiGeSiSiSiSiSiSiSiSiGeGeSiSiSiGeSiSiGeSiSiSiGeSiGeGeSiSiSiSiSiSiSiSiSiSiSiSiSiSiSiSiSiSiSiSi
          40 Ge    -9534.28125    
GeGeGeGeSiGeGeGeGeSiSiGeSiSiSiGeSiSiSiSiSiSiSiSiGeGeSiSiSiGeSiSiGeSiSiSiGeSiGeGeSiGeSiSiSiSiSiSiSiSiSiSiSiSiSiSiSiSiSiSi
          42 Ge    -8150.89502    
GeGeGeGeSiGeGeGeGeSiSiGeSiSiSiGeSiSiSiSiSiSiSiSiGeGeSiSiSiGeSiSiGeSiSiSiGeSiGeGeSiGeSiSiSiGeSiSiSiSiSiSiSiSiSiSiSiSiSiSi
          46 Ge    -8704.66406    
GeGeGeGeSiGeGeGeGeSiSiGeSiSiSiGeSiSiSiSiSiSiSiSiGeGeSiSiSiGeSiSiGeSiSiSiGeSiGeGeSiGeSiSiSiGeSiSiSiSiSiSiSiSiSiSiGeSiSiSi
          57 Ge    -9883.37695    
GeGeGeGeSiGeGeGeGeGeSiGeSiSiSiGeSiSiSiSiSiSiSiSiGeGeSiSiSiGeSiSiGeSiSiSiGeSiGeGeSiGeSiSiSiGeSiSiSiSiSiSiSiSiSiSiGeSiSiSi
          10 Ge    -10421.1348    
GeGeGeGeSiGeGeGeGeGeGeGeSiSiSiGeSiSiSiSiSiSiSiSiGeGeSiSiSiGeSiSiGeSiSiSiGeSiGeGeSiGeSiSiSiGeSiSiSiSiSiSiSiSiSiSiGeSiSiSi
          11 Ge    -11020.8047    
GeGeGeGeSiGeGeGeGeGeGeGeGeSiSiGeSiSiSiSiSiSiSiSiGeGeSiSiSiGeSiSiGeSiSiSiGeSiGeGeSiGeSiSiSiGeSiSiSiSiSiSiSiSiSiSiGeSiSiSi
          13 Ge    -8176.68359    
GeGeGeGeSiGeGeGeGeGeGeGeGeGeSiGeSiSiSiSiSiSiSiSiGeGeSiSiSiGeSiSiGeSiSiSiGeSiGeGeSiGeSiSiSiGeSiSiSiSiSiSiSiSiSiSiGeSiSiSi
          14 Ge    -7713.29443    
GeGeGeGeSiGeGeGeGeGeGeGeGeGeGeGeSiSiSiSiSiSiSiSiGeGeSiSiSiGeSiSiGeSiSiSiGeSiGeGeSiGeSiSiSiGeSiSiSiSiSiSiSiSiSiSiGeSiSiSi
          15 Ge    -5131.68896    
GeGeGeGeSiGeGeGeGeGeGeGeGeGeGeGeSiSiSiSiSiSiGeSiGeGeSiSiSiGeSiSiGeSiSiSiGeSiGeGeSiGeSiSiSiGeSiSiSiSiSiSiSiSiSiSiGeSiSiSi
          23 Ge    -879.791504    
GeGeGeGeSiGeGeGeGeGeGeGeGeGeGeGeSiSiSiSiSiSiGeGeGeGeSiSiSiGeSiSiGeSiSiSiGeSiGeGeSiGeSiSiSiGeSiSiSiSiSiSiSiSiSiSiGeSiSiSi
          24 Ge     4528.23389    
GeGeGeGeSiGeGeGeGeGeGeGeGeGeGeGeSiSiSiSiSiSiGeGeGeGeSiGeSiGeSiSiGeSiSiSiGeSiGeGeSiGeSiSiSiGeSiSiSiSiSiSiSiSiSiSiGeSiSiSi
          28 Ge     7395.89209    
GeGeGeGeSiGeGeGeGeGeGeGeGeGeGeGeSiSiSiSiSiSiGeGeGeGeSiGeSiGeSiSiGeSiSiSiGeSiGeGeSiGeSiGeSiGeSiSiSiSiSiSiSiSiSiSiGeSiSiSi
          44 Ge     8863.29297    
GeGeGeGeSiGeGeGeGeGeGeGeGeGeGeGeSiSiSiSiSiSiGeGeGeGeSiGeSiGeSiSiGeSiSiSiGeSiGeGeSiGeSiGeSiGeSiSiSiSiGeSiSiSiSiSiGeSiSiSi
          51 Ge     8902.22266    
GeGeGeGeSiGeGeGeGeGeGeGeGeGeGeGeSiSiSiSiSiSiGeGeGeGeSiGeSiGeSiSiGeSiSiSiGeSiGeGeSiGeSiGeSiGeSiSiSiSiGeSiSiSiSiSiGeGeSiSi
          58 Ge     9501.83984    
GeGeGeGeGeGeGeGeGeGeGeGeGeGeGeGeSiSiSiSiSiSiGeGeGeGeSiGeSiGeSiSiGeSiSiSiGeSiGeGeSiGeSiGeSiGeSiSiSiSiGeSiSiSiSiSiGeGeSiSi
           5 Ge     13764.8125    
==============================================
MonteCarlo: Metropolis with identity changes
Si > Ge, Ge > Si. STOP when occurrence <    0.00000
==============================================
Cost_function     Occurrence %     Scan-Cost
   -13353.4589843750 SiGeGeSiGeGeGeGeGeGeSiGeGeGeSiGeSiSiSiGeGeSiGeSiGeSiGeSiSiSiGeSiSiGeSiSiSiSiSiGeSiGeSiGeGeGeGeGeGeGeGeSiSiGeSiSiGeSiGeSi
   -13353.4589843750 SiGeGeSiGeGeGeGeGeGeSiGeGeGeSiGeSiSiSiGeGeSiGeSiGeSiGeSiSiSiGeSiSiGeSiSiSiSiSiGeSiGeSiGeGeGeGeGeGeGeGeSiSiGeSiSiGeSiGeSi
   -15933.0664062500 SiGeGeSiGeGeGeGeGeGeSiGeGeGeSiGeSiSiSiGeGeSiGeSiGeSiGeSiSiSiGeSiSiGeSiSiSiSiSiGeSiGeSiGeSiGeGeGeGeGeGeSiSiGeSiSiGeSiGeGe
   -16211.3515625000 SiGeGeSiGeGeGeGeGeGeSiGeGeGeSiGeSiSiSiGeGeSiGeSiGeSiGeSiSiSiGeSiSiGeSiSiSiSiSiGeSiGeGeGeSiGeGeGeGeGeGeSiSiGeSiSiGeSiGeSi
   -20433.5429687500 SiGeGeSiGeGeGeGeGeGeSiGeGeGeSiGeSiSiSiGeGeSiGeSiGeSiGeSiSiSiGeSiGeSiSiSiSiSiSiGeSiGeGeGeSiGeGeGeGeGeGeSiSiGeSiSiGeSiGeSi
   -22345.2773437500 GeGeGeSiGeGeGeGeGeGeSiSiGeGeSiGeSiSiSiSiGeSiGeSiGeSiGeSiSiSiSiSiSiSiSiSiSiSiSiGeSiGeGeGeSiGeGeGeGeGeGeGeGeGeSiGeGeSiGeSi
   -22472.0039062500 GeGeGeSiGeGeGeGeGeGeSiSiGeGeSiGeSiSiSiSiGeSiGeGeGeSiSiSiSiSiSiSiSiSiSiSiSiSiSiGeSiGeGeGeSiGeGeGeGeGeGeGeGeGeGeSiGeSiGeSi
   -24931.9960937500 GeSiGeSiGeGeGeGeGeSiSiSiGeGeSiGeSiSiSiSiGeSiGeGeGeSiSiSiSiSiSiGeGeSiSiSiSiSiSiGeGeGeGeSiSiGeGeGeGeGeGeGeGeGeGeGeSiSiGeSi
   -24931.9960937500 GeSiGeSiGeGeGeGeGeSiSiSiGeGeSiGeSiSiSiSiGeSiGeGeGeSiSiSiSiSiSiGeGeSiSiSiSiSiSiGeGeGeGeSiSiGeGeGeGeGeGeGeGeGeGeGeSiSiGeSi
   -24931.9960937500 GeSiGeSiGeGeGeGeGeSiSiSiGeGeSiGeSiSiSiSiGeSiGeGeGeSiSiSiSiSiSiGeGeSiSiSiSiSiSiGeGeGeGeSiSiGeGeGeGeGeGeGeGeGeGeGeSiSiGeSi
   -24931.9960937500 GeSiGeSiGeGeGeGeGeSiSiSiGeGeSiGeSiSiSiSiGeSiGeGeGeSiSiSiSiSiSiGeGeSiSiSiSiSiSiGeGeGeGeSiSiGeGeGeGeGeGeGeGeGeGeGeSiSiGeSi
   -24931.9960937500 GeSiGeSiGeGeGeGeGeSiSiSiGeGeSiGeSiSiSiSiGeSiGeGeGeSiSiSiSiSiSiGeGeSiSiSiSiSiSiGeGeGeGeSiSiGeGeGeGeGeGeGeGeGeGeGeSiSiGeSi
   -27228.0390625000 GeSiGeSiGeGeGeGeGeSiGeSiGeGeSiGeSiSiSiSiGeSiGeGeGeSiSiSiSiSiSiGeGeSiSiSiSiSiSiGeGeGeSiSiSiGeGeGeGeGeGeGeSiGeGeGeGeSiGeSi
   -27228.0390625000 GeSiGeSiGeGeGeGeGeSiGeSiGeGeSiGeSiSiSiSiGeSiGeGeGeSiSiSiSiSiSiGeGeSiSiSiSiSiSiGeGeGeSiSiSiGeGeGeGeGeGeGeSiGeGeGeGeSiGeSi
   -27228.0390625000 GeSiGeSiGeGeGeGeGeSiGeSiGeGeSiGeSiSiSiSiGeSiGeGeGeSiSiSiSiSiSiGeGeSiSiSiSiSiSiGeGeGeSiSiSiGeGeGeGeGeGeGeSiGeGeGeGeSiGeSi
   -27228.0390625000 GeSiGeSiGeGeGeGeGeSiGeSiGeGeSiGeSiSiSiSiGeSiGeGeGeSiSiSiSiSiSiGeGeSiSiSiSiSiSiGeGeGeSiSiSiGeGeGeGeGeGeGeSiGeGeGeGeSiGeSi
   -27228.0390625000 GeSiGeSiGeGeGeGeGeSiGeSiGeGeSiGeSiSiSiSiGeSiGeGeGeSiSiSiSiSiSiGeGeSiSiSiSiSiSiGeGeGeSiSiSiGeGeGeGeGeGeGeSiGeGeGeGeSiGeSi
   -27228.0390625000 GeSiGeSiGeGeGeGeGeSiGeSiGeGeSiGeSiSiSiSiGeSiGeGeGeSiSiSiSiSiSiGeGeSiSiSiSiSiSiGeGeGeSiSiSiGeGeGeGeGeGeGeSiGeGeGeGeSiGeSi
   -27228.0390625000 GeSiGeSiGeGeGeGeGeSiGeSiGeGeSiGeSiSiSiSiGeSiGeGeGeSiSiSiSiSiSiGeGeSiSiSiSiSiSiGeGeGeSiSiSiGeGeGeGeGeGeGeSiGeGeGeGeSiGeSi
   -27228.0390625000 GeSiGeSiGeGeGeGeGeSiGeSiGeGeSiGeSiSiSiSiGeSiGeGeGeSiSiSiSiSiSiGeGeSiSiSiSiSiSiGeGeGeSiSiSiGeGeGeGeGeGeGeSiGeGeGeGeSiGeSi
   -27228.0390625000 GeSiGeSiGeGeGeGeGeSiGeSiGeGeSiGeSiSiSiSiGeSiGeGeGeSiSiSiSiSiSiGeGeSiSiSiSiSiSiGeGeGeSiSiSiGeGeGeGeGeGeGeSiGeGeGeGeSiGeSi
   -27228.0390625000 GeSiGeSiGeGeGeGeGeSiGeSiGeGeSiGeSiSiSiSiGeSiGeGeGeSiSiSiSiSiSiGeGeSiSiSiSiSiSiGeGeGeSiSiSiGeGeGeGeGeGeGeSiGeGeGeGeSiGeSi
   -27228.0390625000 GeSiGeSiGeGeGeGeGeSiGeSiGeGeSiGeSiSiSiSiGeSiGeGeGeSiSiSiSiSiSiGeGeSiSiSiSiSiSiGeGeGeSiSiSiGeGeGeGeGeGeGeSiGeGeGeGeSiGeSi
   -27228.0390625000 GeSiGeSiGeGeGeGeGeSiGeSiGeGeSiGeSiSiSiSiGeSiGeGeGeSiSiSiSiSiSiGeGeSiSiSiSiSiSiGeGeGeSiSiSiGeGeGeGeGeGeGeSiGeGeGeGeSiGeSi
   -27342.1757812500 GeSiGeSiGeGeGeGeGeSiGeSiGeGeSiGeSiSiGeSiGeSiGeGeGeSiSiSiSiSiSiGeGeSiSiSiSiSiSiGeGeGeSiSiSiGeGeGeGeGeGeSiSiGeGeGeGeSiGeSi
   -27342.1757812500 GeSiGeSiGeGeGeGeGeSiGeSiGeGeSiGeSiSiGeSiGeSiGeGeGeSiSiSiSiSiSiGeGeSiSiSiSiSiSiGeGeGeSiSiSiGeGeGeGeGeGeSiSiGeGeGeGeSiGeSi
   -27342.1757812500 GeSiGeSiGeGeGeGeGeSiGeSiGeGeSiGeSiSiGeSiGeSiGeGeGeSiSiSiSiSiSiGeGeSiSiSiSiSiSiGeGeGeSiSiSiGeGeGeGeGeGeSiSiGeGeGeGeSiGeSi
   -28576.0898437500 GeSiGeSiGeGeGeGeGeSiGeSiGeGeSiGeSiSiSiGeGeSiGeGeGeSiSiSiSiSiSiGeGeSiSiSiSiSiSiGeGeGeSiSiSiGeGeGeGeGeGeSiSiGeGeGeGeSiGeSi
   -28576.0898437500 GeSiGeSiGeGeGeGeGeSiGeSiGeGeSiGeSiSiSiGeGeSiGeGeGeSiSiSiSiSiSiGeGeSiSiSiSiSiSiGeGeGeSiSiSiGeGeGeGeGeGeSiSiGeGeGeGeSiGeSi
   -28576.0898437500 GeSiGeSiGeGeGeGeGeSiGeSiGeGeSiGeSiSiSiGeGeSiGeGeGeSiSiSiSiSiSiGeGeSiSiSiSiSiSiGeGeGeSiSiSiGeGeGeGeGeGeSiSiGeGeGeGeSiGeSi
   -28576.0898437500 GeSiGeSiGeGeGeGeGeSiGeSiGeGeSiGeSiSiSiGeGeSiGeGeGeSiSiSiSiSiSiGeGeSiSiSiSiSiSiGeGeGeSiSiSiGeGeGeGeGeGeSiSiGeGeGeGeSiGeSi
   -28576.0898437500 GeSiGeSiGeGeGeGeGeSiGeSiGeGeSiGeSiSiSiGeGeSiGeGeGeSiSiSiSiSiSiGeGeSiSiSiSiSiSiGeGeGeSiSiSiGeGeGeGeGeGeSiSiGeGeGeGeSiGeSi
   -28576.0898437500 GeSiGeSiGeGeGeGeGeSiGeSiGeGeSiGeSiSiSiGeGeSiGeGeGeSiSiSiSiSiSiGeGeSiSiSiSiSiSiGeGeGeSiSiSiGeGeGeGeGeGeSiSiGeGeGeGeSiGeSi
   -28903.2500000000 GeSiGeSiGeGeGeGeGeGeGeSiGeGeSiGeSiSiSiGeGeSiGeGeGeSiSiSiSiSiSiGeSiSiSiSiSiSiSiGeGeGeSiSiSiGeGeGeGeGeGeSiSiGeGeGeGeSiGeSi
   -28903.2500000000 GeSiGeSiGeGeGeGeGeGeGeSiGeGeSiGeSiSiSiGeGeSiGeGeGeSiSiSiSiSiSiGeSiSiSiSiSiSiSiGeGeGeSiSiSiGeGeGeGeGeGeSiSiGeGeGeGeSiGeSi
   -28903.2500000000 GeSiGeSiGeGeGeGeGeGeGeSiGeGeSiGeSiSiSiGeGeSiGeGeGeSiSiSiSiSiSiGeSiSiSiSiSiSiSiGeGeGeSiSiSiGeGeGeGeGeGeSiSiGeGeGeGeSiGeSi
   -28903.2500000000 GeSiGeSiGeGeGeGeGeGeGeSiGeGeSiGeSiSiSiGeGeSiGeGeGeSiSiSiSiSiSiGeSiSiSiSiSiSiSiGeGeGeSiSiSiGeGeGeGeGeGeSiSiGeGeGeGeSiGeSi
   -28903.2500000000 GeSiGeSiGeGeGeGeGeGeGeSiGeGeSiGeSiSiSiGeGeSiGeGeGeSiSiSiSiSiSiGeSiSiSiSiSiSiSiGeGeGeSiSiSiGeGeGeGeGeGeSiSiGeGeGeGeSiGeSi
   -28903.2500000000 GeSiGeSiGeGeGeGeGeGeGeSiGeGeSiGeSiSiSiGeGeSiGeGeGeSiSiSiSiSiSiGeSiSiSiSiSiSiSiGeGeGeSiSiSiGeGeGeGeGeGeSiSiGeGeGeGeSiGeSi
   -28903.2500000000 GeSiGeSiGeGeGeGeGeGeGeSiGeGeSiGeSiSiSiGeGeSiGeGeGeSiSiSiSiSiSiGeSiSiSiSiSiSiSiGeGeGeSiSiSiGeGeGeGeGeGeSiSiGeGeGeGeSiGeSi
   -28903.2500000000 GeSiGeSiGeGeGeGeGeGeGeSiGeGeSiGeSiSiSiGeGeSiGeGeGeSiSiSiSiSiSiGeSiSiSiSiSiSiSiGeGeGeSiSiSiGeGeGeGeGeGeSiSiGeGeGeGeSiGeSi
   -28903.2500000000 GeSiGeSiGeGeGeGeGeGeGeSiGeGeSiGeSiSiSiGeGeSiGeGeGeSiSiSiSiSiSiGeSiSiSiSiSiSiSiGeGeGeSiSiSiGeGeGeGeGeGeSiSiGeGeGeGeSiGeSi
   -28903.2500000000 GeSiGeSiGeGeGeGeGeGeGeSiGeGeSiGeSiSiSiGeGeSiGeGeGeSiSiSiSiSiSiGeSiSiSiSiSiSiSiGeGeGeSiSiSiGeGeGeGeGeGeSiSiGeGeGeGeSiGeSi
   -28903.2500000000 GeSiGeSiGeGeGeGeGeGeGeSiGeGeSiGeSiSiSiGeGeSiGeGeGeSiSiSiSiSiSiGeSiSiSiSiSiSiSiGeGeGeSiSiSiGeGeGeGeGeGeSiSiGeGeGeGeSiGeSi
   -28903.2500000000 GeSiGeSiGeGeGeGeGeGeGeSiGeGeSiGeSiSiSiGeGeSiGeGeGeSiSiSiSiSiSiGeSiSiSiSiSiSiSiGeGeGeSiSiSiGeGeGeGeGeGeSiSiGeGeGeGeSiGeSi
   -28903.2500000000 GeSiGeSiGeGeGeGeGeGeGeSiGeGeSiGeSiSiSiGeGeSiGeGeGeSiSiSiSiSiSiGeSiSiSiSiSiSiSiGeGeGeSiSiSiGeGeGeGeGeGeSiSiGeGeGeGeSiGeSi
   -28903.2500000000 GeSiGeSiGeGeGeGeGeGeGeSiGeGeSiGeSiSiSiGeGeSiGeGeGeSiSiSiSiSiSiGeSiSiSiSiSiSiSiGeGeGeSiSiSiGeGeGeGeGeGeSiSiGeGeGeGeSiGeSi
   -28903.2500000000 GeSiGeSiGeGeGeGeGeGeGeSiGeGeSiGeSiSiSiGeGeSiGeGeGeSiSiSiSiSiSiGeSiSiSiSiSiSiSiGeGeGeSiSiSiGeGeGeGeGeGeSiSiGeGeGeGeSiGeSi
   -28903.2500000000 GeSiGeSiGeGeGeGeGeGeGeSiGeGeSiGeSiSiSiGeGeSiGeGeGeSiSiSiSiSiSiGeSiSiSiSiSiSiSiGeGeGeSiSiSiGeGeGeGeGeGeSiSiGeGeGeGeSiGeSi
   -28903.2500000000 GeSiGeSiGeGeGeGeGeGeGeSiGeGeSiGeSiSiSiGeGeSiGeGeGeSiSiSiSiSiSiGeSiSiSiSiSiSiSiGeGeGeSiSiSiGeGeGeGeGeGeSiSiGeGeGeGeSiGeSi
   -28903.2500000000 GeSiGeSiGeGeGeGeGeGeGeSiGeGeSiGeSiSiSiGeGeSiGeGeGeSiSiSiSiSiSiGeSiSiSiSiSiSiSiGeGeGeSiSiSiGeGeGeGeGeGeSiSiGeGeGeGeSiGeSi
   -28903.2500000000 GeSiGeSiGeGeGeGeGeGeGeSiGeGeSiGeSiSiSiGeGeSiGeGeGeSiSiSiSiSiSiGeSiSiSiSiSiSiSiGeGeGeSiSiSiGeGeGeGeGeGeSiSiGeGeGeGeSiGeSi
   -28903.2500000000 GeSiGeSiGeGeGeGeGeGeGeSiGeGeSiGeSiSiSiGeGeSiGeGeGeSiSiSiSiSiSiGeSiSiSiSiSiSiSiGeGeGeSiSiSiGeGeGeGeGeGeSiSiGeGeGeGeSiGeSi
   -28903.2500000000 GeSiGeSiGeGeGeGeGeGeGeSiGeGeSiGeSiSiSiGeGeSiGeGeGeSiSiSiSiSiSiGeSiSiSiSiSiSiSiGeGeGeSiSiSiGeGeGeGeGeGeSiSiGeGeGeGeSiGeSi
   -28903.2500000000 GeSiGeSiGeGeGeGeGeGeGeSiGeGeSiGeSiSiSiGeGeSiGeGeGeSiSiSiSiSiSiGeSiSiSiSiSiSiSiGeGeGeSiSiSiGeGeGeGeGeGeSiSiGeGeGeGeSiGeSi
   -28903.2500000000 GeSiGeSiGeGeGeGeGeGeGeSiGeGeSiGeSiSiSiGeGeSiGeGeGeSiSiSiSiSiSiGeSiSiSiSiSiSiSiGeGeGeSiSiSiGeGeGeGeGeGeSiSiGeGeGeGeSiGeSi
   -28903.2500000000 GeSiGeSiGeGeGeGeGeGeGeSiGeGeSiGeSiSiSiGeGeSiGeGeGeSiSiSiSiSiSiGeSiSiSiSiSiSiSiGeGeGeSiSiSiGeGeGeGeGeGeSiSiGeGeGeGeSiGeSi
   -28903.2500000000 GeSiGeSiGeGeGeGeGeGeGeSiGeGeSiGeSiSiSiGeGeSiGeGeGeSiSiSiSiSiSiGeSiSiSiSiSiSiSiGeGeGeSiSiSiGeGeGeGeGeGeSiSiGeGeGeGeSiGeSi
   -28903.2500000000 GeSiGeSiGeGeGeGeGeGeGeSiGeGeSiGeSiSiSiGeGeSiGeGeGeSiSiSiSiSiSiGeSiSiSiSiSiSiSiGeGeGeSiSiSiGeGeGeGeGeGeSiSiGeGeGeGeSiGeSi
   -28903.2500000000 GeSiGeSiGeGeGeGeGeGeGeSiGeGeSiGeSiSiSiGeGeSiGeGeGeSiSiSiSiSiSiGeSiSiSiSiSiSiSiGeGeGeSiSiSiGeGeGeGeGeGeSiSiGeGeGeGeSiGeSi
   -28903.2500000000 GeSiGeSiGeGeGeGeGeGeGeSiGeGeSiGeSiSiSiGeGeSiGeGeGeSiSiSiSiSiSiGeSiSiSiSiSiSiSiGeGeGeSiSiSiGeGeGeGeGeGeSiSiGeGeGeGeSiGeSi
   -28903.2500000000 GeSiGeSiGeGeGeGeGeGeGeSiGeGeSiGeSiSiSiGeGeSiGeGeGeSiSiSiSiSiSiGeSiSiSiSiSiSiSiGeGeGeSiSiSiGeGeGeGeGeGeSiSiGeGeGeGeSiGeSi
   -28903.2500000000 GeSiGeSiGeGeGeGeGeGeGeSiGeGeSiGeSiSiSiGeGeSiGeGeGeSiSiSiSiSiSiGeSiSiSiSiSiSiSiGeGeGeSiSiSiGeGeGeGeGeGeSiSiGeGeGeGeSiGeSi
   -28903.2500000000 GeSiGeSiGeGeGeGeGeGeGeSiGeGeSiGeSiSiSiGeGeSiGeGeGeSiSiSiSiSiSiGeSiSiSiSiSiSiSiGeGeGeSiSiSiGeGeGeGeGeGeSiSiGeGeGeGeSiGeSi
   -28903.2500000000 GeSiGeSiGeGeGeGeGeGeGeSiGeGeSiGeSiSiSiGeGeSiGeGeGeSiSiSiSiSiSiGeSiSiSiSiSiSiSiGeGeGeSiSiSiGeGeGeGeGeGeSiSiGeGeGeGeSiGeSi
   -28903.2500000000 GeSiGeSiGeGeGeGeGeGeGeSiGeGeSiGeSiSiSiGeGeSiGeGeGeSiSiSiSiSiSiGeSiSiSiSiSiSiSiGeGeGeSiSiSiGeGeGeGeGeGeSiSiGeGeGeGeSiGeSi
   -28903.2500000000 GeSiGeSiGeGeGeGeGeGeGeSiGeGeSiGeSiSiSiGeGeSiGeGeGeSiSiSiSiSiSiGeSiSiSiSiSiSiSiGeGeGeSiSiSiGeGeGeGeGeGeSiSiGeGeGeGeSiGeSi
   -28903.2500000000 GeSiGeSiGeGeGeGeGeGeGeSiGeGeSiGeSiSiSiGeGeSiGeGeGeSiSiSiSiSiSiGeSiSiSiSiSiSiSiGeGeGeSiSiSiGeGeGeGeGeGeSiSiGeGeGeGeSiGeSi
   -28903.2500000000 GeSiGeSiGeGeGeGeGeGeGeSiGeGeSiGeSiSiSiGeGeSiGeGeGeSiSiSiSiSiSiGeSiSiSiSiSiSiSiGeGeGeSiSiSiGeGeGeGeGeGeSiSiGeGeGeGeSiGeSi
   -28903.2500000000 GeSiGeSiGeGeGeGeGeGeGeSiGeGeSiGeSiSiSiGeGeSiGeGeGeSiSiSiSiSiSiGeSiSiSiSiSiSiSiGeGeGeSiSiSiGeGeGeGeGeGeSiSiGeGeGeGeSiGeSi
   -28903.2500000000 GeSiGeSiGeGeGeGeGeGeGeSiGeGeSiGeSiSiSiGeGeSiGeGeGeSiSiSiSiSiSiGeSiSiSiSiSiSiSiGeGeGeSiSiSiGeGeGeGeGeGeSiSiGeGeGeGeSiGeSi
   -28903.2500000000 GeSiGeSiGeGeGeGeGeGeGeSiGeGeSiGeSiSiSiGeGeSiGeGeGeSiSiSiSiSiSiGeSiSiSiSiSiSiSiGeGeGeSiSiSiGeGeGeGeGeGeSiSiGeGeGeGeSiGeSi
   -28903.2500000000 GeSiGeSiGeGeGeGeGeGeGeSiGeGeSiGeSiSiSiGeGeSiGeGeGeSiSiSiSiSiSiGeSiSiSiSiSiSiSiGeGeGeSiSiSiGeGeGeGeGeGeSiSiGeGeGeGeSiGeSi
   -28903.2500000000 GeSiGeSiGeGeGeGeGeGeGeSiGeGeSiGeSiSiSiGeGeSiGeGeGeSiSiSiSiSiSiGeSiSiSiSiSiSiSiGeGeGeSiSiSiGeGeGeGeGeGeSiSiGeGeGeGeSiGeSi
   -28903.2500000000 GeSiGeSiGeGeGeGeGeGeGeSiGeGeSiGeSiSiSiGeGeSiGeGeGeSiSiSiSiSiSiGeSiSiSiSiSiSiSiGeGeGeSiSiSiGeGeGeGeGeGeSiSiGeGeGeGeSiGeSi
   -28903.2500000000 GeSiGeSiGeGeGeGeGeGeGeSiGeGeSiGeSiSiSiGeGeSiGeGeGeSiSiSiSiSiSiGeSiSiSiSiSiSiSiGeGeGeSiSiSiGeGeGeGeGeGeSiSiGeGeGeGeSiGeSi
   -28903.2500000000 GeSiGeSiGeGeGeGeGeGeGeSiGeGeSiGeSiSiSiGeGeSiGeGeGeSiSiSiSiSiSiGeSiSiSiSiSiSiSiGeGeGeSiSiSiGeGeGeGeGeGeSiSiGeGeGeGeSiGeSi
   -28903.2500000000 GeSiGeSiGeGeGeGeGeGeGeSiGeGeSiGeSiSiSiGeGeSiGeGeGeSiSiSiSiSiSiGeSiSiSiSiSiSiSiGeGeGeSiSiSiGeGeGeGeGeGeSiSiGeGeGeGeSiGeSi
   -28903.2500000000 GeSiGeSiGeGeGeGeGeGeGeSiGeGeSiGeSiSiSiGeGeSiGeGeGeSiSiSiSiSiSiGeSiSiSiSiSiSiSiGeGeGeSiSiSiGeGeGeGeGeGeSiSiGeGeGeGeSiGeSi
   -28903.2500000000 GeSiGeSiGeGeGeGeGeGeGeSiGeGeSiGeSiSiSiGeGeSiGeGeGeSiSiSiSiSiSiGeSiSiSiSiSiSiSiGeGeGeSiSiSiGeGeGeGeGeGeSiSiGeGeGeGeSiGeSi
   -28903.2500000000 GeSiGeSiGeGeGeGeGeGeGeSiGeGeSiGeSiSiSiGeGeSiGeGeGeSiSiSiSiSiSiGeSiSiSiSiSiSiSiGeGeGeSiSiSiGeGeGeGeGeGeSiSiGeGeGeGeSiGeSi
   -28903.2500000000 GeSiGeSiGeGeGeGeGeGeGeSiGeGeSiGeSiSiSiGeGeSiGeGeGeSiSiSiSiSiSiGeSiSiSiSiSiSiSiGeGeGeSiSiSiGeGeGeGeGeGeSiSiGeGeGeGeSiGeSi
   -28903.2500000000 GeSiGeSiGeGeGeGeGeGeGeSiGeGeSiGeSiSiSiGeGeSiGeGeGeSiSiSiSiSiSiGeSiSiSiSiSiSiSiGeGeGeSiSiSiGeGeGeGeGeGeSiSiGeGeGeGeSiGeSi
   -28903.2500000000 GeSiGeSiGeGeGeGeGeGeGeSiGeGeSiGeSiSiSiGeGeSiGeGeGeSiSiSiSiSiSiGeSiSiSiSiSiSiSiGeGeGeSiSiSiGeGeGeGeGeGeSiSiGeGeGeGeSiGeSi
   -28903.2500000000 GeSiGeSiGeGeGeGeGeGeGeSiGeGeSiGeSiSiSiGeGeSiGeGeGeSiSiSiSiSiSiGeSiSiSiSiSiSiSiGeGeGeSiSiSiGeGeGeGeGeGeSiSiGeGeGeGeSiGeSi
   -28903.2500000000 GeSiGeSiGeGeGeGeGeGeGeSiGeGeSiGeSiSiSiGeGeSiGeGeGeSiSiSiSiSiSiGeSiSiSiSiSiSiSiGeGeGeSiSiSiGeGeGeGeGeGeSiSiGeGeGeGeSiGeSi
   -28903.2500000000 GeSiGeSiGeGeGeGeGeGeGeSiGeGeSiGeSiSiSiGeGeSiGeGeGeSiSiSiSiSiSiGeSiSiSiSiSiSiSiGeGeGeSiSiSiGeGeGeGeGeGeSiSiGeGeGeGeSiGeSi
   -28903.2500000000 GeSiGeSiGeGeGeGeGeGeGeSiGeGeSiGeSiSiSiGeGeSiGeGeGeSiSiSiSiSiSiGeSiSiSiSiSiSiSiGeGeGeSiSiSiGeGeGeGeGeGeSiSiGeGeGeGeSiGeSi
   -28903.2500000000 GeSiGeSiGeGeGeGeGeGeGeSiGeGeSiGeSiSiSiGeGeSiGeGeGeSiSiSiSiSiSiGeSiSiSiSiSiSiSiGeGeGeSiSiSiGeGeGeGeGeGeSiSiGeGeGeGeSiGeSi
   -28903.2500000000 GeSiGeSiGeGeGeGeGeGeGeSiGeGeSiGeSiSiSiGeGeSiGeGeGeSiSiSiSiSiSiGeSiSiSiSiSiSiSiGeGeGeSiSiSiGeGeGeGeGeGeSiSiGeGeGeGeSiGeSi
   -28903.2500000000 GeSiGeSiGeGeGeGeGeGeGeSiGeGeSiGeSiSiSiGeGeSiGeGeGeSiSiSiSiSiSiGeSiSiSiSiSiSiSiGeGeGeSiSiSiGeGeGeGeGeGeSiSiGeGeGeGeSiGeSi
   -28903.2500000000 GeSiGeSiGeGeGeGeGeGeGeSiGeGeSiGeSiSiSiGeGeSiGeGeGeSiSiSiSiSiSiGeSiSiSiSiSiSiSiGeGeGeSiSiSiGeGeGeGeGeGeSiSiGeGeGeGeSiGeSi
   -28903.2500000000 GeSiGeSiGeGeGeGeGeGeGeSiGeGeSiGeSiSiSiGeGeSiGeGeGeSiSiSiSiSiSiGeSiSiSiSiSiSiSiGeGeGeSiSiSiGeGeGeGeGeGeSiSiGeGeGeGeSiGeSi
   -28903.2500000000 GeSiGeSiGeGeGeGeGeGeGeSiGeGeSiGeSiSiSiGeGeSiGeGeGeSiSiSiSiSiSiGeSiSiSiSiSiSiSiGeGeGeSiSiSiGeGeGeGeGeGeSiSiGeGeGeGeSiGeSi
   -28903.2500000000 GeSiGeSiGeGeGeGeGeGeGeSiGeGeSiGeSiSiSiGeGeSiGeGeGeSiSiSiSiSiSiGeSiSiSiSiSiSiSiGeGeGeSiSiSiGeGeGeGeGeGeSiSiGeGeGeGeSiGeSi
   -28903.2500000000 GeSiGeSiGeGeGeGeGeGeGeSiGeGeSiGeSiSiSiGeGeSiGeGeGeSiSiSiSiSiSiGeSiSiSiSiSiSiSiGeGeGeSiSiSiGeGeGeGeGeGeSiSiGeGeGeGeSiGeSi
   -28903.2500000000 GeSiGeSiGeGeGeGeGeGeGeSiGeGeSiGeSiSiSiGeGeSiGeGeGeSiSiSiSiSiSiGeSiSiSiSiSiSiSiGeGeGeSiSiSiGeGeGeGeGeGeSiSiGeGeGeGeSiGeSi
   -28903.2500000000 GeSiGeSiGeGeGeGeGeGeGeSiGeGeSiGeSiSiSiGeGeSiGeGeGeSiSiSiSiSiSiGeSiSiSiSiSiSiSiGeGeGeSiSiSiGeGeGeGeGeGeSiSiGeGeGeGeSiGeSi
   -28903.2500000000 GeSiGeSiGeGeGeGeGeGeGeSiGeGeSiGeSiSiSiGeGeSiGeGeGeSiSiSiSiSiSiGeSiSiSiSiSiSiSiGeGeGeSiSiSiGeGeGeGeGeGeSiSiGeGeGeGeSiGeSi
   -28903.2500000000 GeSiGeSiGeGeGeGeGeGeGeSiGeGeSiGeSiSiSiGeGeSiGeGeGeSiSiSiSiSiSiGeSiSiSiSiSiSiSiGeGeGeSiSiSiGeGeGeGeGeGeSiSiGeGeGeGeSiGeSi
   -28903.2500000000 GeSiGeSiGeGeGeGeGeGeGeSiGeGeSiGeSiSiSiGeGeSiGeGeGeSiSiSiSiSiSiGeSiSiSiSiSiSiSiGeGeGeSiSiSiGeGeGeGeGeGeSiSiGeGeGeGeSiGeSi
   -28903.2500000000 GeSiGeSiGeGeGeGeGeGeGeSiGeGeSiGeSiSiSiGeGeSiGeGeGeSiSiSiSiSiSiGeSiSiSiSiSiSiSiGeGeGeSiSiSiGeGeGeGeGeGeSiSiGeGeGeGeSiGeSi
   -28903.2500000000 GeSiGeSiGeGeGeGeGeGeGeSiGeGeSiGeSiSiSiGeGeSiGeGeGeSiSiSiSiSiSiGeSiSiSiSiSiSiSiGeGeGeSiSiSiGeGeGeGeGeGeSiSiGeGeGeGeSiGeSi
   -28903.2500000000 GeSiGeSiGeGeGeGeGeGeGeSiGeGeSiGeSiSiSiGeGeSiGeGeGeSiSiSiSiSiSiGeSiSiSiSiSiSiSiGeGeGeSiSiSiGeGeGeGeGeGeSiSiGeGeGeGeSiGeSi
   -28903.2500000000 GeSiGeSiGeGeGeGeGeGeGeSiGeGeSiGeSiSiSiGeGeSiGeGeGeSiSiSiSiSiSiGeSiSiSiSiSiSiSiGeGeGeSiSiSiGeGeGeGeGeGeSiSiGeGeGeGeSiGeSi
   -28903.2500000000 GeSiGeSiGeGeGeGeGeGeGeSiGeGeSiGeSiSiSiGeGeSiGeGeGeSiSiSiSiSiSiGeSiSiSiSiSiSiSiGeGeGeSiSiSiGeGeGeGeGeGeSiSiGeGeGeGeSiGeSi
   -28903.2500000000 GeSiGeSiGeGeGeGeGeGeGeSiGeGeSiGeSiSiSiGeGeSiGeGeGeSiSiSiSiSiSiGeSiSiSiSiSiSiSiGeGeGeSiSiSiGeGeGeGeGeGeSiSiGeGeGeGeSiGeSi
   -28903.2500000000 GeSiGeSiGeGeGeGeGeGeGeSiGeGeSiGeSiSiSiGeGeSiGeGeGeSiSiSiSiSiSiGeSiSiSiSiSiSiSiGeGeGeSiSiSiGeGeGeGeGeGeSiSiGeGeGeGeSiGeSi
   -28903.2500000000 GeSiGeSiGeGeGeGeGeGeGeSiGeGeSiGeSiSiSiGeGeSiGeGeGeSiSiSiSiSiSiGeSiSiSiSiSiSiSiGeGeGeSiSiSiGeGeGeGeGeGeSiSiGeGeGeGeSiGeSi
   -28903.2500000000 GeSiGeSiGeGeGeGeGeGeGeSiGeGeSiGeSiSiSiGeGeSiGeGeGeSiSiSiSiSiSiGeSiSiSiSiSiSiSiGeGeGeSiSiSiGeGeGeGeGeGeSiSiGeGeGeGeSiGeSi
   -28903.2500000000 GeSiGeSiGeGeGeGeGeGeGeSiGeGeSiGeSiSiSiGeGeSiGeGeGeSiSiSiSiSiSiGeSiSiSiSiSiSiSiGeGeGeSiSiSiGeGeGeGeGeGeSiSiGeGeGeGeSiGeSi
   -28903.2500000000 GeSiGeSiGeGeGeGeGeGeGeSiGeGeSiGeSiSiSiGeGeSiGeGeGeSiSiSiSiSiSiGeSiSiSiSiSiSiSiGeGeGeSiSiSiGeGeGeGeGeGeSiSiGeGeGeGeSiGeSi
   -28903.2500000000 GeSiGeSiGeGeGeGeGeGeGeSiGeGeSiGeSiSiSiGeGeSiGeGeGeSiSiSiSiSiSiGeSiSiSiSiSiSiSiGeGeGeSiSiSiGeGeGeGeGeGeSiSiGeGeGeGeSiGeSi
   -28903.2500000000 GeSiGeSiGeGeGeGeGeGeGeSiGeGeSiGeSiSiSiGeGeSiGeGeGeSiSiSiSiSiSiGeSiSiSiSiSiSiSiGeGeGeSiSiSiGeGeGeGeGeGeSiSiGeGeGeGeSiGeSi
   -28903.2500000000 GeSiGeSiGeGeGeGeGeGeGeSiGeGeSiGeSiSiSiGeGeSiGeGeGeSiSiSiSiSiSiGeSiSiSiSiSiSiSiGeGeGeSiSiSiGeGeGeGeGeGeSiSiGeGeGeGeSiGeSi
   -28903.2500000000 GeSiGeSiGeGeGeGeGeGeGeSiGeGeSiGeSiSiSiGeGeSiGeGeGeSiSiSiSiSiSiGeSiSiSiSiSiSiSiGeGeGeSiSiSiGeGeGeGeGeGeSiSiGeGeGeGeSiGeSi
   -28903.2500000000 GeSiGeSiGeGeGeGeGeGeGeSiGeGeSiGeSiSiSiGeGeSiGeGeGeSiSiSiSiSiSiGeSiSiSiSiSiSiSiGeGeGeSiSiSiGeGeGeGeGeGeSiSiGeGeGeGeSiGeSi
   -28903.2500000000 GeSiGeSiGeGeGeGeGeGeGeSiGeGeSiGeSiSiSiGeGeSiGeGeGeSiSiSiSiSiSiGeSiSiSiSiSiSiSiGeGeGeSiSiSiGeGeGeGeGeGeSiSiGeGeGeGeSiGeSi
   -28903.2500000000 GeSiGeSiGeGeGeGeGeGeGeSiGeGeSiGeSiSiSiGeGeSiGeGeGeSiSiSiSiSiSiGeSiSiSiSiSiSiSiGeGeGeSiSiSiGeGeGeGeGeGeSiSiGeGeGeGeSiGeSi
   -28903.2500000000 GeSiGeSiGeGeGeGeGeGeGeSiGeGeSiGeSiSiSiGeGeSiGeGeGeSiSiSiSiSiSiGeSiSiSiSiSiSiSiGeGeGeSiSiSiGeGeGeGeGeGeSiSiGeGeGeGeSiGeSi
   -28903.2500000000 GeSiGeSiGeGeGeGeGeGeGeSiGeGeSiGeSiSiSiGeGeSiGeGeGeSiSiSiSiSiSiGeSiSiSiSiSiSiSiGeGeGeSiSiSiGeGeGeGeGeGeSiSiGeGeGeGeSiGeSi
   -28903.2500000000 GeSiGeSiGeGeGeGeGeGeGeSiGeGeSiGeSiSiSiGeGeSiGeGeGeSiSiSiSiSiSiGeSiSiSiSiSiSiSiGeGeGeSiSiSiGeGeGeGeGeGeSiSiGeGeGeGeSiGeSi
   -28903.2500000000 GeSiGeSiGeGeGeGeGeGeGeSiGeGeSiGeSiSiSiGeGeSiGeGeGeSiSiSiSiSiSiGeSiSiSiSiSiSiSiGeGeGeSiSiSiGeGeGeGeGeGeSiSiGeGeGeGeSiGeSi
   -28903.2500000000 GeSiGeSiGeGeGeGeGeGeGeSiGeGeSiGeSiSiSiGeGeSiGeGeGeSiSiSiSiSiSiGeSiSiSiSiSiSiSiGeGeGeSiSiSiGeGeGeGeGeGeSiSiGeGeGeGeSiGeSi
   -28903.2500000000 GeSiGeSiGeGeGeGeGeGeGeSiGeGeSiGeSiSiSiGeGeSiGeGeGeSiSiSiSiSiSiGeSiSiSiSiSiSiSiGeGeGeSiSiSiGeGeGeGeGeGeSiSiGeGeGeGeSiGeSi
   -28903.2500000000 GeSiGeSiGeGeGeGeGeGeGeSiGeGeSiGeSiSiSiGeGeSiGeGeGeSiSiSiSiSiSiGeSiSiSiSiSiSiSiGeGeGeSiSiSiGeGeGeGeGeGeSiSiGeGeGeGeSiGeSi
   -28903.2500000000 GeSiGeSiGeGeGeGeGeGeGeSiGeGeSiGeSiSiSiGeGeSiGeGeGeSiSiSiSiSiSiGeSiSiSiSiSiSiSiGeGeGeSiSiSiGeGeGeGeGeGeSiSiGeGeGeGeSiGeSi
   -28903.2500000000 GeSiGeSiGeGeGeGeGeGeGeSiGeGeSiGeSiSiSiGeGeSiGeGeGeSiSiSiSiSiSiGeSiSiSiSiSiSiSiGeGeGeSiSiSiGeGeGeGeGeGeSiSiGeGeGeGeSiGeSi
   -28903.2500000000 GeSiGeSiGeGeGeGeGeGeGeSiGeGeSiGeSiSiSiGeGeSiGeGeGeSiSiSiSiSiSiGeSiSiSiSiSiSiSiGeGeGeSiSiSiGeGeGeGeGeGeSiSiGeGeGeGeSiGeSi
   -28903.2500000000 GeSiGeSiGeGeGeGeGeGeGeSiGeGeSiGeSiSiSiGeGeSiGeGeGeSiSiSiSiSiSiGeSiSiSiSiSiSiSiGeGeGeSiSiSiGeGeGeGeGeGeSiSiGeGeGeGeSiGeSi
   -28903.2500000000 GeSiGeSiGeGeGeGeGeGeGeSiGeGeSiGeSiSiSiGeGeSiGeGeGeSiSiSiSiSiSiGeSiSiSiSiSiSiSiGeGeGeSiSiSiGeGeGeGeGeGeSiSiGeGeGeGeSiGeSi
   -28903.2500000000 GeSiGeSiGeGeGeGeGeGeGeSiGeGeSiGeSiSiSiGeGeSiGeGeGeSiSiSiSiSiSiGeSiSiSiSiSiSiSiGeGeGeSiSiSiGeGeGeGeGeGeSiSiGeGeGeGeSiGeSi
   -28903.2500000000 GeSiGeSiGeGeGeGeGeGeGeSiGeGeSiGeSiSiSiGeGeSiGeGeGeSiSiSiSiSiSiGeSiSiSiSiSiSiSiGeGeGeSiSiSiGeGeGeGeGeGeSiSiGeGeGeGeSiGeSi
   -28903.2500000000 GeSiGeSiGeGeGeGeGeGeGeSiGeGeSiGeSiSiSiGeGeSiGeGeGeSiSiSiSiSiSiGeSiSiSiSiSiSiSiGeGeGeSiSiSiGeGeGeGeGeGeSiSiGeGeGeGeSiGeSi
   -28903.2500000000 GeSiGeSiGeGeGeGeGeGeGeSiGeGeSiGeSiSiSiGeGeSiGeGeGeSiSiSiSiSiSiGeSiSiSiSiSiSiSiGeGeGeSiSiSiGeGeGeGeGeGeSiSiGeGeGeGeSiGeSi
   -28903.2500000000 GeSiGeSiGeGeGeGeGeGeGeSiGeGeSiGeSiSiSiGeGeSiGeGeGeSiSiSiSiSiSiGeSiSiSiSiSiSiSiGeGeGeSiSiSiGeGeGeGeGeGeSiSiGeGeGeGeSiGeSi
   -28903.2500000000 GeSiGeSiGeGeGeGeGeGeGeSiGeGeSiGeSiSiSiGeGeSiGeGeGeSiSiSiSiSiSiGeSiSiSiSiSiSiSiGeGeGeSiSiSiGeGeGeGeGeGeSiSiGeGeGeGeSiGeSi
   -28903.2500000000 GeSiGeSiGeGeGeGeGeGeGeSiGeGeSiGeSiSiSiGeGeSiGeGeGeSiSiSiSiSiSiGeSiSiSiSiSiSiSiGeGeGeSiSiSiGeGeGeGeGeGeSiSiGeGeGeGeSiGeSi
   -28903.2500000000 GeSiGeSiGeGeGeGeGeGeGeSiGeGeSiGeSiSiSiGeGeSiGeGeGeSiSiSiSiSiSiGeSiSiSiSiSiSiSiGeGeGeSiSiSiGeGeGeGeGeGeSiSiGeGeGeGeSiGeSi
   -28903.2500000000 GeSiGeSiGeGeGeGeGeGeGeSiGeGeSiGeSiSiSiGeGeSiGeGeGeSiSiSiSiSiSiGeSiSiSiSiSiSiSiGeGeGeSiSiSiGeGeGeGeGeGeSiSiGeGeGeGeSiGeSi
   -28903.2500000000 GeSiGeSiGeGeGeGeGeGeGeSiGeGeSiGeSiSiSiGeGeSiGeGeGeSiSiSiSiSiSiGeSiSiSiSiSiSiSiGeGeGeSiSiSiGeGeGeGeGeGeSiSiGeGeGeGeSiGeSi
   -28903.2500000000 GeSiGeSiGeGeGeGeGeGeGeSiGeGeSiGeSiSiSiGeGeSiGeGeGeSiSiSiSiSiSiGeSiSiSiSiSiSiSiGeGeGeSiSiSiGeGeGeGeGeGeSiSiGeGeGeGeSiGeSi
   -28903.2500000000 GeSiGeSiGeGeGeGeGeGeGeSiGeGeSiGeSiSiSiGeGeSiGeGeGeSiSiSiSiSiSiGeSiSiSiSiSiSiSiGeGeGeSiSiSiGeGeGeGeGeGeSiSiGeGeGeGeSiGeSi
   -28903.2500000000 GeSiGeSiGeGeGeGeGeGeGeSiGeGeSiGeSiSiSiGeGeSiGeGeGeSiSiSiSiSiSiGeSiSiSiSiSiSiSiGeGeGeSiSiSiGeGeGeGeGeGeSiSiGeGeGeGeSiGeSi
   -28903.2500000000 GeSiGeSiGeGeGeGeGeGeGeSiGeGeSiGeSiSiSiGeGeSiGeGeGeSiSiSiSiSiSiGeSiSiSiSiSiSiSiGeGeGeSiSiSiGeGeGeGeGeGeSiSiGeGeGeGeSiGeSi
   -28903.2500000000 GeSiGeSiGeGeGeGeGeGeGeSiGeGeSiGeSiSiSiGeGeSiGeGeGeSiSiSiSiSiSiGeSiSiSiSiSiSiSiGeGeGeSiSiSiGeGeGeGeGeGeSiSiGeGeGeGeSiGeSi
   -28903.2500000000 GeSiGeSiGeGeGeGeGeGeGeSiGeGeSiGeSiSiSiGeGeSiGeGeGeSiSiSiSiSiSiGeSiSiSiSiSiSiSiGeGeGeSiSiSiGeGeGeGeGeGeSiSiGeGeGeGeSiGeSi
   -28903.2500000000 GeSiGeSiGeGeGeGeGeGeGeSiGeGeSiGeSiSiSiGeGeSiGeGeGeSiSiSiSiSiSiGeSiSiSiSiSiSiSiGeGeGeSiSiSiGeGeGeGeGeGeSiSiGeGeGeGeSiGeSi
   -28903.2500000000 GeSiGeSiGeGeGeGeGeGeGeSiGeGeSiGeSiSiSiGeGeSiGeGeGeSiSiSiSiSiSiGeSiSiSiSiSiSiSiGeGeGeSiSiSiGeGeGeGeGeGeSiSiGeGeGeGeSiGeSi
   -28903.2500000000 GeSiGeSiGeGeGeGeGeGeGeSiGeGeSiGeSiSiSiGeGeSiGeGeGeSiSiSiSiSiSiGeSiSiSiSiSiSiSiGeGeGeSiSiSiGeGeGeGeGeGeSiSiGeGeGeGeSiGeSi
   -28903.2500000000 GeSiGeSiGeGeGeGeGeGeGeSiGeGeSiGeSiSiSiGeGeSiGeGeGeSiSiSiSiSiSiGeSiSiSiSiSiSiSiGeGeGeSiSiSiGeGeGeGeGeGeSiSiGeGeGeGeSiGeSi
   -28903.2500000000 GeSiGeSiGeGeGeGeGeGeGeSiGeGeSiGeSiSiSiGeGeSiGeGeGeSiSiSiSiSiSiGeSiSiSiSiSiSiSiGeGeGeSiSiSiGeGeGeGeGeGeSiSiGeGeGeGeSiGeSi
   -28903.2500000000 GeSiGeSiGeGeGeGeGeGeGeSiGeGeSiGeSiSiSiGeGeSiGeGeGeSiSiSiSiSiSiGeSiSiSiSiSiSiSiGeGeGeSiSiSiGeGeGeGeGeGeSiSiGeGeGeGeSiGeSi
   -28903.2500000000 GeSiGeSiGeGeGeGeGeGeGeSiGeGeSiGeSiSiSiGeGeSiGeGeGeSiSiSiSiSiSiGeSiSiSiSiSiSiSiGeGeGeSiSiSiGeGeGeGeGeGeSiSiGeGeGeGeSiGeSi
   -28903.2500000000 GeSiGeSiGeGeGeGeGeGeGeSiGeGeSiGeSiSiSiGeGeSiGeGeGeSiSiSiSiSiSiGeSiSiSiSiSiSiSiGeGeGeSiSiSiGeGeGeGeGeGeSiSiGeGeGeGeSiGeSi
   -28903.2500000000 GeSiGeSiGeGeGeGeGeGeGeSiGeGeSiGeSiSiSiGeGeSiGeGeGeSiSiSiSiSiSiGeSiSiSiSiSiSiSiGeGeGeSiSiSiGeGeGeGeGeGeSiSiGeGeGeGeSiGeSi
   -28903.2500000000 GeSiGeSiGeGeGeGeGeGeGeSiGeGeSiGeSiSiSiGeGeSiGeGeGeSiSiSiSiSiSiGeSiSiSiSiSiSiSiGeGeGeSiSiSiGeGeGeGeGeGeSiSiGeGeGeGeSiGeSi
   -28903.2500000000 GeSiGeSiGeGeGeGeGeGeGeSiGeGeSiGeSiSiSiGeGeSiGeGeGeSiSiSiSiSiSiGeSiSiSiSiSiSiSiGeGeGeSiSiSiGeGeGeGeGeGeSiSiGeGeGeGeSiGeSi
   -28903.2500000000 GeSiGeSiGeGeGeGeGeGeGeSiGeGeSiGeSiSiSiGeGeSiGeGeGeSiSiSiSiSiSiGeSiSiSiSiSiSiSiGeGeGeSiSiSiGeGeGeGeGeGeSiSiGeGeGeGeSiGeSi
   -28903.2500000000 GeSiGeSiGeGeGeGeGeGeGeSiGeGeSiGeSiSiSiGeGeSiGeGeGeSiSiSiSiSiSiGeSiSiSiSiSiSiSiGeGeGeSiSiSiGeGeGeGeGeGeSiSiGeGeGeGeSiGeSi
   -28903.2500000000 GeSiGeSiGeGeGeGeGeGeGeSiGeGeSiGeSiSiSiGeGeSiGeGeGeSiSiSiSiSiSiGeSiSiSiSiSiSiSiGeGeGeSiSiSiGeGeGeGeGeGeSiSiGeGeGeGeSiGeSi
   -28903.2500000000 GeSiGeSiGeGeGeGeGeGeGeSiGeGeSiGeSiSiSiGeGeSiGeGeGeSiSiSiSiSiSiGeSiSiSiSiSiSiSiGeGeGeSiSiSiGeGeGeGeGeGeSiSiGeGeGeGeSiGeSi
   -28903.2500000000 GeSiGeSiGeGeGeGeGeGeGeSiGeGeSiGeSiSiSiGeGeSiGeGeGeSiSiSiSiSiSiGeSiSiSiSiSiSiSiGeGeGeSiSiSiGeGeGeGeGeGeSiSiGeGeGeGeSiGeSi
   -28903.2500000000 GeSiGeSiGeGeGeGeGeGeGeSiGeGeSiGeSiSiSiGeGeSiGeGeGeSiSiSiSiSiSiGeSiSiSiSiSiSiSiGeGeGeSiSiSiGeGeGeGeGeGeSiSiGeGeGeGeSiGeSi
   -28903.2500000000 GeSiGeSiGeGeGeGeGeGeGeSiGeGeSiGeSiSiSiGeGeSiGeGeGeSiSiSiSiSiSiGeSiSiSiSiSiSiSiGeGeGeSiSiSiGeGeGeGeGeGeSiSiGeGeGeGeSiGeSi
   -28903.2500000000 GeSiGeSiGeGeGeGeGeGeGeSiGeGeSiGeSiSiSiGeGeSiGeGeGeSiSiSiSiSiSiGeSiSiSiSiSiSiSiGeGeGeSiSiSiGeGeGeGeGeGeSiSiGeGeGeGeSiGeSi
   -28903.2500000000 GeSiGeSiGeGeGeGeGeGeGeSiGeGeSiGeSiSiSiGeGeSiGeGeGeSiSiSiSiSiSiGeSiSiSiSiSiSiSiGeGeGeSiSiSiGeGeGeGeGeGeSiSiGeGeGeGeSiGeSi
   -28903.2500000000 GeSiGeSiGeGeGeGeGeGeGeSiGeGeSiGeSiSiSiGeGeSiGeGeGeSiSiSiSiSiSiGeSiSiSiSiSiSiSiGeGeGeSiSiSiGeGeGeGeGeGeSiSiGeGeGeGeSiGeSi
   -28903.2500000000 GeSiGeSiGeGeGeGeGeGeGeSiGeGeSiGeSiSiSiGeGeSiGeGeGeSiSiSiSiSiSiGeSiSiSiSiSiSiSiGeGeGeSiSiSiGeGeGeGeGeGeSiSiGeGeGeGeSiGeSi
   -28903.2500000000 GeSiGeSiGeGeGeGeGeGeGeSiGeGeSiGeSiSiSiGeGeSiGeGeGeSiSiSiSiSiSiGeSiSiSiSiSiSiSiGeGeGeSiSiSiGeGeGeGeGeGeSiSiGeGeGeGeSiGeSi
   -28903.2500000000 GeSiGeSiGeGeGeGeGeGeGeSiGeGeSiGeSiSiSiGeGeSiGeGeGeSiSiSiSiSiSiGeSiSiSiSiSiSiSiGeGeGeSiSiSiGeGeGeGeGeGeSiSiGeGeGeGeSiGeSi
   -28903.2500000000 GeSiGeSiGeGeGeGeGeGeGeSiGeGeSiGeSiSiSiGeGeSiGeGeGeSiSiSiSiSiSiGeSiSiSiSiSiSiSiGeGeGeSiSiSiGeGeGeGeGeGeSiSiGeGeGeGeSiGeSi
   -28903.2500000000 GeSiGeSiGeGeGeGeGeGeGeSiGeGeSiGeSiSiSiGeGeSiGeGeGeSiSiSiSiSiSiGeSiSiSiSiSiSiSiGeGeGeSiSiSiGeGeGeGeGeGeSiSiGeGeGeGeSiGeSi
   -28903.2500000000 GeSiGeSiGeGeGeGeGeGeGeSiGeGeSiGeSiSiSiGeGeSiGeGeGeSiSiSiSiSiSiGeSiSiSiSiSiSiSiGeGeGeSiSiSiGeGeGeGeGeGeSiSiGeGeGeGeSiGeSi
   -28903.2500000000 GeSiGeSiGeGeGeGeGeGeGeSiGeGeSiGeSiSiSiGeGeSiGeGeGeSiSiSiSiSiSiGeSiSiSiSiSiSiSiGeGeGeSiSiSiGeGeGeGeGeGeSiSiGeGeGeGeSiGeSi
   -28903.2500000000 GeSiGeSiGeGeGeGeGeGeGeSiGeGeSiGeSiSiSiGeGeSiGeGeGeSiSiSiSiSiSiGeSiSiSiSiSiSiSiGeGeGeSiSiSiGeGeGeGeGeGeSiSiGeGeGeGeSiGeSi
   -28903.2500000000 GeSiGeSiGeGeGeGeGeGeGeSiGeGeSiGeSiSiSiGeGeSiGeGeGeSiSiSiSiSiSiGeSiSiSiSiSiSiSiGeGeGeSiSiSiGeGeGeGeGeGeSiSiGeGeGeGeSiGeSi
   -28903.2500000000 GeSiGeSiGeGeGeGeGeGeGeSiGeGeSiGeSiSiSiGeGeSiGeGeGeSiSiSiSiSiSiGeSiSiSiSiSiSiSiGeGeGeSiSiSiGeGeGeGeGeGeSiSiGeGeGeGeSiGeSi
   -28903.2500000000 GeSiGeSiGeGeGeGeGeGeGeSiGeGeSiGeSiSiSiGeGeSiGeGeGeSiSiSiSiSiSiGeSiSiSiSiSiSiSiGeGeGeSiSiSiGeGeGeGeGeGeSiSiGeGeGeGeSiGeSi
   -28903.2500000000 GeSiGeSiGeGeGeGeGeGeGeSiGeGeSiGeSiSiSiGeGeSiGeGeGeSiSiSiSiSiSiGeSiSiSiSiSiSiSiGeGeGeSiSiSiGeGeGeGeGeGeSiSiGeGeGeGeSiGeSi
   -28903.2500000000 GeSiGeSiGeGeGeGeGeGeGeSiGeGeSiGeSiSiSiGeGeSiGeGeGeSiSiSiSiSiSiGeSiSiSiSiSiSiSiGeGeGeSiSiSiGeGeGeGeGeGeSiSiGeGeGeGeSiGeSi
   -28903.2500000000 GeSiGeSiGeGeGeGeGeGeGeSiGeGeSiGeSiSiSiGeGeSiGeGeGeSiSiSiSiSiSiGeSiSiSiSiSiSiSiGeGeGeSiSiSiGeGeGeGeGeGeSiSiGeGeGeGeSiGeSi
   -28903.2500000000 GeSiGeSiGeGeGeGeGeGeGeSiGeGeSiGeSiSiSiGeGeSiGeGeGeSiSiSiSiSiSiGeSiSiSiSiSiSiSiGeGeGeSiSiSiGeGeGeGeGeGeSiSiGeGeGeGeSiGeSi
   -28903.2500000000 GeSiGeSiGeGeGeGeGeGeGeSiGeGeSiGeSiSiSiGeGeSiGeGeGeSiSiSiSiSiSiGeSiSiSiSiSiSiSiGeGeGeSiSiSiGeGeGeGeGeGeSiSiGeGeGeGeSiGeSi
   -28903.2500000000 GeSiGeSiGeGeGeGeGeGeGeSiGeGeSiGeSiSiSiGeGeSiGeGeGeSiSiSiSiSiSiGeSiSiSiSiSiSiSiGeGeGeSiSiSiGeGeGeGeGeGeSiSiGeGeGeGeSiGeSi
   -28903.2500000000 GeSiGeSiGeGeGeGeGeGeGeSiGeGeSiGeSiSiSiGeGeSiGeGeGeSiSiSiSiSiSiGeSiSiSiSiSiSiSiGeGeGeSiSiSiGeGeGeGeGeGeSiSiGeGeGeGeSiGeSi
   -28903.2500000000 GeSiGeSiGeGeGeGeGeGeGeSiGeGeSiGeSiSiSiGeGeSiGeGeGeSiSiSiSiSiSiGeSiSiSiSiSiSiSiGeGeGeSiSiSiGeGeGeGeGeGeSiSiGeGeGeGeSiGeSi
   -28903.2500000000 GeSiGeSiGeGeGeGeGeGeGeSiGeGeSiGeSiSiSiGeGeSiGeGeGeSiSiSiSiSiSiGeSiSiSiSiSiSiSiGeGeGeSiSiSiGeGeGeGeGeGeSiSiGeGeGeGeSiGeSi
   -28903.2500000000 GeSiGeSiGeGeGeGeGeGeGeSiGeGeSiGeSiSiSiGeGeSiGeGeGeSiSiSiSiSiSiGeSiSiSiSiSiSiSiGeGeGeSiSiSiGeGeGeGeGeGeSiSiGeGeGeGeSiGeSi
   -28903.2500000000 GeSiGeSiGeGeGeGeGeGeGeSiGeGeSiGeSiSiSiGeGeSiGeGeGeSiSiSiSiSiSiGeSiSiSiSiSiSiSiGeGeGeSiSiSiGeGeGeGeGeGeSiSiGeGeGeGeSiGeSi
   -28903.2500000000 GeSiGeSiGeGeGeGeGeGeGeSiGeGeSiGeSiSiSiGeGeSiGeGeGeSiSiSiSiSiSiGeSiSiSiSiSiSiSiGeGeGeSiSiSiGeGeGeGeGeGeSiSiGeGeGeGeSiGeSi
   -28903.2500000000 GeSiGeSiGeGeGeGeGeGeGeSiGeGeSiGeSiSiSiGeGeSiGeGeGeSiSiSiSiSiSiGeSiSiSiSiSiSiSiGeGeGeSiSiSiGeGeGeGeGeGeSiSiGeGeGeGeSiGeSi
   -28903.2500000000 GeSiGeSiGeGeGeGeGeGeGeSiGeGeSiGeSiSiSiGeGeSiGeGeGeSiSiSiSiSiSiGeSiSiSiSiSiSiSiGeGeGeSiSiSiGeGeGeGeGeGeSiSiGeGeGeGeSiGeSi
   -28903.2500000000 GeSiGeSiGeGeGeGeGeGeGeSiGeGeSiGeSiSiSiGeGeSiGeGeGeSiSiSiSiSiSiGeSiSiSiSiSiSiSiGeGeGeSiSiSiGeGeGeGeGeGeSiSiGeGeGeGeSiGeSi
   -28903.2500000000 GeSiGeSiGeGeGeGeGeGeGeSiGeGeSiGeSiSiSiGeGeSiGeGeGeSiSiSiSiSiSiGeSiSiSiSiSiSiSiGeGeGeSiSiSiGeGeGeGeGeGeSiSiGeGeGeGeSiGeSi
   -28903.2500000000 GeSiGeSiGeGeGeGeGeGeGeSiGeGeSiGeSiSiSiGeGeSiGeGeGeSiSiSiSiSiSiGeSiSiSiSiSiSiSiGeGeGeSiSiSiGeGeGeGeGeGeSiSiGeGeGeGeSiGeSi
   -28903.2500000000 GeSiGeSiGeGeGeGeGeGeGeSiGeGeSiGeSiSiSiGeGeSiGeGeGeSiSiSiSiSiSiGeSiSiSiSiSiSiSiGeGeGeSiSiSiGeGeGeGeGeGeSiSiGeGeGeGeSiGeSi
   -28903.2500000000 GeSiGeSiGeGeGeGeGeGeGeSiGeGeSiGeSiSiSiGeGeSiGeGeGeSiSiSiSiSiSiGeSiSiSiSiSiSiSiGeGeGeSiSiSiGeGeGeGeGeGeSiSiGeGeGeGeSiGeSi
   -28903.2500000000 GeSiGeSiGeGeGeGeGeGeGeSiGeGeSiGeSiSiSiGeGeSiGeGeGeSiSiSiSiSiSiGeSiSiSiSiSiSiSiGeGeGeSiSiSiGeGeGeGeGeGeSiSiGeGeGeGeSiGeSi
   -28903.2500000000 GeSiGeSiGeGeGeGeGeGeGeSiGeGeSiGeSiSiSiGeGeSiGeGeGeSiSiSiSiSiSiGeSiSiSiSiSiSiSiGeGeGeSiSiSiGeGeGeGeGeGeSiSiGeGeGeGeSiGeSi
   -28903.2500000000 GeSiGeSiGeGeGeGeGeGeGeSiGeGeSiGeSiSiSiGeGeSiGeGeGeSiSiSiSiSiSiGeSiSiSiSiSiSiSiGeGeGeSiSiSiGeGeGeGeGeGeSiSiGeGeGeGeSiGeSi
filename: c000001040305362.gin     
Cell:
    11.9020996    11.9020996    29.6919994    90.0000000    90.0000000   120.0000000
Box:
    11.9020996    -5.9510503     0.0000000
     0.0000000    10.3075209     0.0000000
     0.0000000     0.0000000    29.6919994
----------------------------------------
Inverse Box:
     0.0840188     0.0485083     0.0000000
     0.0000000     0.0970165     0.0000000
     0.0000000     0.0000000     0.0336791
----------------------------------------
==============================================
geometrical properties of  32 Ge:
 Configuration:           0
 D_ave:   9.20278835       3.50768733    
 D_min:   3.10014009      0.225368112    
 energia:  -28903.2500    
