Random Seed:  1123752426
Number of atoms:    60
Space Group:    1
Cell:
    11.9020996    11.9020996    29.6919994    90.0000000    90.0000000   120.0000000
Box:
    11.9020996    -5.9510503     0.0000000
     0.0000000    10.3075209     0.0000000
     0.0000000     0.0000000    29.6919994
----------------------------------------
Inverse Box:
     0.0840188     0.0485083     0.0000000
     0.0000000     0.0970165     0.0000000
     0.0000000     0.0000000     0.0336791
----------------------------------------
GeSiSiSiSiSiSiSiSiSiSiSiSiSiSiSiSiSiSiSiSiSiSiSiSiSiSiSiSiSiSiSiSiSiSiSiSiSiSiGeSiSiSiSiSiSiSiSiSiSiSiSiSiSiSiSiSiSiSiSi
           1 Ge    -7733.46680    
GeGeSiSiSiSiSiSiSiSiSiSiSiSiSiSiSiSiSiSiSiSiSiSiSiSiSiSiSiSiSiSiSiSiSiSiSiSiSiGeSiSiSiSiSiSiSiSiSiSiSiSiSiSiSiSiSiSiSiSi
           2 Ge    -7727.01367    
GeGeGeSiSiSiSiSiSiSiSiSiSiSiSiSiSiSiSiSiSiSiSiSiSiSiSiSiSiSiSiSiSiSiSiSiSiSiSiGeSiSiSiSiSiSiSiSiSiSiSiSiSiSiSiSiSiSiSiSi
           3 Ge    -7720.49658    
GeGeGeGeSiSiSiSiSiSiSiSiSiSiSiSiSiSiSiSiSiSiSiSiSiSiSiSiSiSiSiSiSiSiSiSiSiSiSiGeSiSiSiSiSiSiSiSiSiSiSiSiSiSiSiSiSiSiSiSi
           4 Ge    -7744.46191    
GeGeGeGeGeSiSiSiSiSiSiSiSiSiSiSiSiSiSiSiSiSiSiSiSiSiSiSiSiSiSiSiSiSiSiSiSiSiSiGeSiSiSiSiSiSiSiSiSiSiSiSiSiSiSiSiSiSiSiSi
           5 Ge    -7786.52197    
GeGeGeGeGeGeSiSiSiSiSiSiSiSiSiSiSiSiSiSiSiSiSiSiSiSiSiSiSiSiSiSiSiSiSiSiSiSiSiGeSiSiSiSiSiSiSiSiSiSiSiSiSiSiSiSiSiSiSiSi
           6 Ge    -7852.08789    
GeGeGeGeGeGeGeSiSiSiSiSiSiSiSiSiSiSiSiSiSiSiSiSiSiSiSiSiSiSiSiSiSiSiSiSiSiSiSiGeSiSiSiSiSiSiSiSiSiSiSiSiSiSiSiSiSiSiSiSi
           7 Ge    -8017.84521    
GeGeGeGeGeGeGeGeSiSiSiSiSiSiSiSiSiSiSiSiSiSiSiSiSiSiSiSiSiSiSiSiSiSiSiSiSiSiSiGeSiSiSiSiSiSiSiSiSiSiSiSiSiSiSiSiSiSiSiSi
           8 Ge    -8218.88477    
GeGeGeGeGeGeGeGeSiSiSiGeSiSiSiSiSiSiSiSiSiSiSiSiSiSiSiSiSiSiSiSiSiSiSiSiSiSiSiGeSiSiSiSiSiSiSiSiSiSiSiSiSiSiSiSiSiSiSiSi
          12 Ge    -8547.71484    
GeGeGeGeGeGeGeGeSiSiSiGeSiGeSiSiSiSiSiSiSiSiSiSiSiSiSiSiSiSiSiSiSiSiSiSiSiSiSiGeSiSiSiSiSiSiSiSiSiSiSiSiSiSiSiSiSiSiSiSi
          14 Ge    -8931.72461    
GeGeGeGeGeGeGeGeSiSiSiGeSiGeSiGeSiSiSiSiSiSiSiSiSiSiSiSiSiSiSiSiSiSiSiSiSiSiSiGeSiSiSiSiSiSiSiSiSiSiSiSiSiSiSiSiSiSiSiSi
          16 Ge    -8976.48340    
GeGeGeGeGeGeGeGeSiSiSiGeSiGeSiGeSiSiSiSiSiSiSiSiSiGeSiSiSiSiSiSiSiSiSiSiSiSiSiGeSiSiSiSiSiSiSiSiSiSiSiSiSiSiSiSiSiSiSiSi
          26 Ge    -8835.96484    
GeGeGeGeGeGeGeGeSiSiSiGeSiGeSiGeSiSiSiSiSiSiSiSiSiGeSiSiSiGeSiSiSiSiSiSiSiSiSiGeSiSiSiSiSiSiSiSiSiSiSiSiSiSiSiSiSiSiSiSi
          30 Ge    -8745.75586    
GeGeGeGeGeGeGeGeSiSiSiGeSiGeSiGeSiSiSiSiSiSiSiSiSiGeSiSiSiGeSiSiGeSiSiSiSiSiSiGeSiSiSiSiSiSiSiSiSiSiSiSiSiSiSiSiSiSiSiSi
          33 Ge    -9358.23828    
GeGeGeGeGeGeGeGeSiSiSiGeSiGeSiGeSiSiSiSiSiSiSiSiSiGeSiSiSiGeSiSiGeSiSiGeSiSiSiGeSiSiSiSiSiSiSiSiSiSiSiSiSiSiSiSiSiSiSiSi
          36 Ge    -8059.77441    
GeGeGeGeGeGeGeGeSiSiSiGeSiGeSiGeSiSiSiSiSiSiSiSiSiGeSiSiSiGeSiSiGeSiSiGeSiSiGeGeSiSiSiSiSiSiSiSiSiSiSiSiSiSiSiSiSiSiSiSi
          39 Ge    -8694.12598    
GeGeGeGeGeGeGeGeSiSiSiGeSiGeSiGeSiSiSiSiSiSiSiSiSiGeSiSiSiGeSiSiGeSiSiGeSiSiGeGeGeSiSiSiSiSiSiSiSiSiSiSiSiSiSiSiSiSiSiSi
          41 Ge    -9475.82617    
GeGeGeGeGeGeGeGeSiSiSiGeSiGeSiGeSiSiSiSiSiSiSiSiSiGeSiSiSiGeSiSiGeSiSiGeSiSiGeGeGeGeSiSiSiSiSiSiSiSiSiSiSiSiSiSiSiSiSiSi
          42 Ge    -8050.49463    
GeGeGeGeGeGeGeGeSiSiSiGeSiGeSiGeSiSiSiSiSiSiSiSiSiGeSiSiSiGeSiSiGeSiSiGeSiSiGeGeGeGeSiSiGeSiSiSiSiSiSiSiSiSiSiSiSiSiSiSi
          45 Ge    -8569.50195    
GeGeGeGeGeGeGeGeSiSiSiGeSiGeSiGeSiSiSiSiSiSiSiSiSiGeSiSiSiGeSiSiGeSiSiGeSiSiGeGeGeGeSiSiGeGeSiSiSiSiSiSiSiSiSiSiSiSiSiSi
          46 Ge    -8874.30957    
GeGeGeGeGeGeGeGeSiSiSiGeSiGeSiGeSiSiSiSiSiSiSiSiSiGeSiSiSiGeSiSiGeSiSiGeSiSiGeGeGeGeSiSiGeGeSiSiSiSiSiSiSiSiSiSiGeSiSiSi
          57 Ge    -10112.7715    
GeGeGeGeGeGeGeGeSiGeSiGeSiGeSiGeSiSiSiSiSiSiSiSiSiGeSiSiSiGeSiSiGeSiSiGeSiSiGeGeGeGeSiSiGeGeSiSiSiSiSiSiSiSiSiSiGeSiSiSi
          10 Ge    -8048.07129    
GeGeGeGeGeGeGeGeSiGeGeGeSiGeSiGeSiSiSiSiSiSiSiSiSiGeSiSiSiGeSiSiGeSiSiGeSiSiGeGeGeGeSiSiGeGeSiSiSiSiSiSiSiSiSiSiGeSiSiSi
          11 Ge    -7774.87646    
GeGeGeGeGeGeGeGeSiGeGeGeGeGeSiGeSiSiSiSiSiSiSiSiSiGeSiSiSiGeSiSiGeSiSiGeSiSiGeGeGeGeSiSiGeGeSiSiSiSiSiSiSiSiSiSiGeSiSiSi
          13 Ge    -6287.58398    
GeGeGeGeGeGeGeGeSiGeGeGeGeGeGeGeSiSiSiSiSiSiSiSiSiGeSiSiSiGeSiSiGeSiSiGeSiSiGeGeGeGeSiSiGeGeSiSiSiSiSiSiSiSiSiSiGeSiSiSi
          15 Ge    -4048.12451    
GeGeGeGeGeGeGeGeSiGeGeGeGeGeGeGeSiGeSiSiSiSiSiSiSiGeSiSiSiGeSiSiGeSiSiGeSiSiGeGeGeGeSiSiGeGeSiSiSiSiSiSiSiSiSiSiGeSiSiSi
          18 Ge    -716.418945    
GeGeGeGeGeGeGeGeSiGeGeGeGeGeGeGeSiGeSiSiSiSiGeSiSiGeSiSiSiGeSiSiGeSiSiGeSiSiGeGeGeGeSiSiGeGeSiSiSiSiSiSiSiSiSiSiGeSiSiSi
          23 Ge     3686.19141    
GeGeGeGeGeGeGeGeSiGeGeGeGeGeGeGeSiGeSiSiSiSiGeGeSiGeSiSiSiGeSiSiGeSiSiGeSiSiGeGeGeGeSiSiGeGeSiSiSiSiSiSiSiSiSiSiGeSiSiSi
          24 Ge     10564.3965    
GeGeGeGeGeGeGeGeSiGeGeGeGeGeGeGeSiGeSiSiSiSiGeGeSiGeSiGeSiGeSiSiGeSiSiGeSiSiGeGeGeGeSiSiGeGeSiSiSiSiSiSiSiSiSiSiGeSiSiSi
          28 Ge     13814.1016    
GeGeGeGeGeGeGeGeSiGeGeGeGeGeGeGeSiGeSiSiSiSiGeGeSiGeSiGeSiGeSiSiGeSiSiGeSiSiGeGeGeGeSiGeGeGeSiSiSiSiSiSiSiSiSiSiGeSiSiSi
          44 Ge     15663.7051    
GeGeGeGeGeGeGeGeSiGeGeGeGeGeGeGeSiGeSiSiSiSiGeGeSiGeSiGeSiGeSiSiGeSiSiGeSiSiGeGeGeGeSiGeGeGeSiSiSiSiGeSiSiSiSiSiGeSiSiSi
          51 Ge     15743.6035    
GeGeGeGeGeGeGeGeSiGeGeGeGeGeGeGeSiGeSiSiSiSiGeGeSiGeSiGeSiGeSiSiGeSiSiGeSiSiGeGeGeGeSiGeGeGeSiSiSiSiGeSiSiSiSiSiGeGeSiSi
          58 Ge     19281.3652    
==============================================
MonteCarlo: Metropolis with identity changes
Si > Ge, Ge > Si. STOP when occurrence <    0.00000
==============================================
Cost_function     Occurrence %     Scan-Cost
    -6968.6621093750 GeSiGeGeSiGeSiSiGeSiSiSiGeGeGeGeSiGeSiSiGeGeGeSiGeGeSiSiSiGeGeGeGeGeSiGeGeSiSiGeGeGeSiSiSiGeSiSiGeGeGeSiSiGeGeSiGeSiGeSi
   -10453.6318359375 SiGeGeGeGeSiSiSiGeSiSiSiGeGeGeGeSiGeSiGeGeSiGeSiGeGeSiSiSiGeSiGeGeGeSiGeGeSiSiGeGeGeSiSiSiGeGeSiSiGeGeSiSiGeGeSiGeGeSiGe
   -10453.6318359375 SiGeGeGeGeSiSiSiGeSiSiSiGeGeGeGeSiGeSiGeGeSiGeSiGeGeSiSiSiGeSiGeGeGeSiGeGeSiSiGeGeGeSiSiSiGeGeSiSiGeGeSiSiGeGeSiGeGeSiGe
   -10453.6318359375 SiGeGeGeGeSiSiSiGeSiSiSiGeGeGeGeSiGeSiGeGeSiGeSiGeGeSiSiSiGeSiGeGeGeSiGeGeSiSiGeGeGeSiSiSiGeGeSiSiGeGeSiSiGeGeSiGeGeSiGe
   -10453.6318359375 SiGeGeGeGeSiSiSiGeSiSiSiGeGeGeGeSiGeSiGeGeSiGeSiGeGeSiSiSiGeSiGeGeGeSiGeGeSiSiGeGeGeSiSiSiGeGeSiSiGeGeSiSiGeGeSiGeGeSiGe
   -10453.6318359375 SiGeGeGeGeSiSiSiGeSiSiSiGeGeGeGeSiGeSiGeGeSiGeSiGeGeSiSiSiGeSiGeGeGeSiGeGeSiSiGeGeGeSiSiSiGeGeSiSiGeGeSiSiGeGeSiGeGeSiGe
   -12582.0908203125 SiGeGeGeGeSiSiSiGeSiSiSiGeGeGeGeSiGeGeGeGeSiGeSiGeGeSiSiSiGeSiGeGeGeSiGeGeSiSiGeGeGeSiSiSiGeGeSiSiGeGeSiSiGeGeSiGeGeSiSi
   -12582.0908203125 SiGeGeGeGeSiSiSiGeSiSiSiGeGeGeGeSiGeGeGeGeSiGeSiGeGeSiSiSiGeSiGeGeGeSiGeGeSiSiGeGeGeSiSiSiGeGeSiSiGeGeSiSiGeGeSiGeGeSiSi
   -14395.8583984375 SiGeGeGeGeSiSiSiGeSiSiSiGeGeGeGeSiGeGeGeGeSiGeSiGeGeSiSiSiGeSiGeGeGeSiGeGeSiSiGeGeGeSiSiSiSiGeSiSiGeGeGeSiGeGeSiGeGeSiSi
   -15507.1728515625 SiGeGeGeGeSiSiSiGeSiSiSiGeGeGeSiSiGeGeGeGeSiGeSiGeGeSiSiSiGeSiGeGeGeSiGeGeSiSiGeGeGeSiSiSiSiGeSiSiGeGeGeSiGeGeSiGeGeSiGe
   -15507.1728515625 SiGeGeGeGeSiSiSiGeSiSiSiGeGeGeSiSiGeGeGeGeSiGeSiGeGeSiSiSiGeSiGeGeGeSiGeGeSiSiGeGeGeSiSiSiSiGeSiSiGeGeGeSiGeGeSiGeGeSiGe
   -15507.1728515625 SiGeGeGeGeSiSiSiGeSiSiSiGeGeGeSiSiGeGeGeGeSiGeSiGeGeSiSiSiGeSiGeGeGeSiGeGeSiSiGeGeGeSiSiSiSiGeSiSiGeGeGeSiGeGeSiGeGeSiGe
   -15507.1728515625 SiGeGeGeGeSiSiSiGeSiSiSiGeGeGeSiSiGeGeGeGeSiGeSiGeGeSiSiSiGeSiGeGeGeSiGeGeSiSiGeGeGeSiSiSiSiGeSiSiGeGeGeSiGeGeSiGeGeSiGe
   -18563.6757812500 GeGeGeSiGeGeSiSiGeSiSiSiSiGeGeSiSiGeGeGeGeGeGeSiGeGeSiSiSiGeSiGeGeGeSiGeGeSiSiGeGeGeSiSiSiSiGeSiSiGeGeGeSiSiGeSiGeGeSiGe
   -18563.6757812500 GeGeGeSiGeGeSiSiGeSiSiSiSiGeGeSiSiGeGeGeGeGeGeSiGeGeSiSiSiGeSiGeGeGeSiGeGeSiSiGeGeGeSiSiSiSiGeSiSiGeGeGeSiSiGeSiGeGeSiGe
   -18563.6757812500 GeGeGeSiGeGeSiSiGeSiSiSiSiGeGeSiSiGeGeGeGeGeGeSiGeGeSiSiSiGeSiGeGeGeSiGeGeSiSiGeGeGeSiSiSiSiGeSiSiGeGeGeSiSiGeSiGeGeSiGe
   -19010.6679687500 GeGeGeSiGeGeSiSiGeSiSiSiSiGeGeSiSiGeGeSiGeGeGeSiGeGeSiSiSiGeSiGeGeGeSiGeGeSiSiGeGeGeSiGeSiSiGeSiSiGeGeGeSiSiGeSiGeGeSiGe
   -19010.6679687500 GeGeGeSiGeGeSiSiGeSiSiSiSiGeGeSiSiGeGeSiGeGeGeSiGeGeSiSiSiGeSiGeGeGeSiGeGeSiSiGeGeGeSiGeSiSiGeSiSiGeGeGeSiSiGeSiGeGeSiGe
   -19010.6679687500 GeGeGeSiGeGeSiSiGeSiSiSiSiGeGeSiSiGeGeSiGeGeGeSiGeGeSiSiSiGeSiGeGeGeSiGeGeSiSiGeGeGeSiGeSiSiGeSiSiGeGeGeSiSiGeSiGeGeSiGe
   -19010.6679687500 GeGeGeSiGeGeSiSiGeSiSiSiSiGeGeSiSiGeGeSiGeGeGeSiGeGeSiSiSiGeSiGeGeGeSiGeGeSiSiGeGeGeSiGeSiSiGeSiSiGeGeGeSiSiGeSiGeGeSiGe
   -21259.1210937500 GeGeGeSiGeGeSiSiGeSiSiSiSiGeGeSiSiGeGeSiGeGeGeSiGeGeSiSiSiSiGeGeGeGeSiGeGeSiSiGeGeGeSiGeSiSiGeSiSiGeGeGeSiSiGeSiGeGeSiGe
   -21259.1210937500 GeGeGeSiGeGeSiSiGeSiSiSiSiGeGeSiSiGeGeSiGeGeGeSiGeGeSiSiSiSiGeGeGeGeSiGeGeSiSiGeGeGeSiGeSiSiGeSiSiGeGeGeSiSiGeSiGeGeSiGe
   -21259.1210937500 GeGeGeSiGeGeSiSiGeSiSiSiSiGeGeSiSiGeGeSiGeGeGeSiGeGeSiSiSiSiGeGeGeGeSiGeGeSiSiGeGeGeSiGeSiSiGeSiSiGeGeGeSiSiGeSiGeGeSiGe
   -21259.1210937500 GeGeGeSiGeGeSiSiGeSiSiSiSiGeGeSiSiGeGeSiGeGeGeSiGeGeSiSiSiSiGeGeGeGeSiGeGeSiSiGeGeGeSiGeSiSiGeSiSiGeGeGeSiSiGeSiGeGeSiGe
   -21259.1210937500 GeGeGeSiGeGeSiSiGeSiSiSiSiGeGeSiSiGeGeSiGeGeGeSiGeGeSiSiSiSiGeGeGeGeSiGeGeSiSiGeGeGeSiGeSiSiGeSiSiGeGeGeSiSiGeSiGeGeSiGe
   -21259.1210937500 GeGeGeSiGeGeSiSiGeSiSiSiSiGeGeSiSiGeGeSiGeGeGeSiGeGeSiSiSiSiGeGeGeGeSiGeGeSiSiGeGeGeSiGeSiSiGeSiSiGeGeGeSiSiGeSiGeGeSiGe
   -21259.1210937500 GeGeGeSiGeGeSiSiGeSiSiSiSiGeGeSiSiGeGeSiGeGeGeSiGeGeSiSiSiSiGeGeGeGeSiGeGeSiSiGeGeGeSiGeSiSiGeSiSiGeGeGeSiSiGeSiGeGeSiGe
   -23917.2109375000 GeGeGeSiGeGeSiSiGeSiSiGeSiGeGeSiSiGeGeSiGeGeGeSiGeGeSiSiSiSiGeSiGeGeSiGeGeSiSiGeGeGeSiGeSiSiGeSiSiGeGeSiSiSiGeSiGeGeGeGe
   -23917.2109375000 GeGeGeSiGeGeSiSiGeSiSiGeSiGeGeSiSiGeGeSiGeGeGeSiGeGeSiSiSiSiGeSiGeGeSiGeGeSiSiGeGeGeSiGeSiSiGeSiSiGeGeSiSiSiGeSiGeGeGeGe
   -23917.2109375000 GeGeGeSiGeGeSiSiGeSiSiGeSiGeGeSiSiGeGeSiGeGeGeSiGeGeSiSiSiSiGeSiGeGeSiGeGeSiSiGeGeGeSiGeSiSiGeSiSiGeGeSiSiSiGeSiGeGeGeGe
   -23917.2109375000 GeGeGeSiGeGeSiSiGeSiSiGeSiGeGeSiSiGeGeSiGeGeGeSiGeGeSiSiSiSiGeSiGeGeSiGeGeSiSiGeGeGeSiGeSiSiGeSiSiGeGeSiSiSiGeSiGeGeGeGe
   -23917.2109375000 GeGeGeSiGeGeSiSiGeSiSiGeSiGeGeSiSiGeGeSiGeGeGeSiGeGeSiSiSiSiGeSiGeGeSiGeGeSiSiGeGeGeSiGeSiSiGeSiSiGeGeSiSiSiGeSiGeGeGeGe
   -23917.2109375000 GeGeGeSiGeGeSiSiGeSiSiGeSiGeGeSiSiGeGeSiGeGeGeSiGeGeSiSiSiSiGeSiGeGeSiGeGeSiSiGeGeGeSiGeSiSiGeSiSiGeGeSiSiSiGeSiGeGeGeGe
   -23917.2109375000 GeGeGeSiGeGeSiSiGeSiSiGeSiGeGeSiSiGeGeSiGeGeGeSiGeGeSiSiSiSiGeSiGeGeSiGeGeSiSiGeGeGeSiGeSiSiGeSiSiGeGeSiSiSiGeSiGeGeGeGe
   -25490.8789062500 GeGeGeSiGeGeSiSiGeSiSiGeSiGeGeSiSiGeGeSiGeGeGeSiGeGeSiSiSiSiGeSiGeGeSiSiGeSiSiGeGeGeSiGeSiSiGeSiSiGeGeSiSiSiGeGeGeGeGeGe
   -25490.8789062500 GeGeGeSiGeGeSiSiGeSiSiGeSiGeGeSiSiGeGeSiGeGeGeSiGeGeSiSiSiSiGeSiGeGeSiSiGeSiSiGeGeGeSiGeSiSiGeSiSiGeGeSiSiSiGeGeGeGeGeGe
   -25490.8789062500 GeGeGeSiGeGeSiSiGeSiSiGeSiGeGeSiSiGeGeSiGeGeGeSiGeGeSiSiSiSiGeSiGeGeSiSiGeSiSiGeGeGeSiGeSiSiGeSiSiGeGeSiSiSiGeGeGeGeGeGe
   -25490.8789062500 GeGeGeSiGeGeSiSiGeSiSiGeSiGeGeSiSiGeGeSiGeGeGeSiGeGeSiSiSiSiGeSiGeGeSiSiGeSiSiGeGeGeSiGeSiSiGeSiSiGeGeSiSiSiGeGeGeGeGeGe
   -25490.8789062500 GeGeGeSiGeGeSiSiGeSiSiGeSiGeGeSiSiGeGeSiGeGeGeSiGeGeSiSiSiSiGeSiGeGeSiSiGeSiSiGeGeGeSiGeSiSiGeSiSiGeGeSiSiSiGeGeGeGeGeGe
   -25490.8789062500 GeGeGeSiGeGeSiSiGeSiSiGeSiGeGeSiSiGeGeSiGeGeGeSiGeGeSiSiSiSiGeSiGeGeSiSiGeSiSiGeGeGeSiGeSiSiGeSiSiGeGeSiSiSiGeGeGeGeGeGe
   -25490.8789062500 GeGeGeSiGeGeSiSiGeSiSiGeSiGeGeSiSiGeGeSiGeGeGeSiGeGeSiSiSiSiGeSiGeGeSiSiGeSiSiGeGeGeSiGeSiSiGeSiSiGeGeSiSiSiGeGeGeGeGeGe
   -25490.8789062500 GeGeGeSiGeGeSiSiGeSiSiGeSiGeGeSiSiGeGeSiGeGeGeSiGeGeSiSiSiSiGeSiGeGeSiSiGeSiSiGeGeGeSiGeSiSiGeSiSiGeGeSiSiSiGeGeGeGeGeGe
   -25490.8789062500 GeGeGeSiGeGeSiSiGeSiSiGeSiGeGeSiSiGeGeSiGeGeGeSiGeGeSiSiSiSiGeSiGeGeSiSiGeSiSiGeGeGeSiGeSiSiGeSiSiGeGeSiSiSiGeGeGeGeGeGe
   -25490.8789062500 GeGeGeSiGeGeSiSiGeSiSiGeSiGeGeSiSiGeGeSiGeGeGeSiGeGeSiSiSiSiGeSiGeGeSiSiGeSiSiGeGeGeSiGeSiSiGeSiSiGeGeSiSiSiGeGeGeGeGeGe
   -25490.8789062500 GeGeGeSiGeGeSiSiGeSiSiGeSiGeGeSiSiGeGeSiGeGeGeSiGeGeSiSiSiSiGeSiGeGeSiSiGeSiSiGeGeGeSiGeSiSiGeSiSiGeGeSiSiSiGeGeGeGeGeGe
   -25490.8789062500 GeGeGeSiGeGeSiSiGeSiSiGeSiGeGeSiSiGeGeSiGeGeGeSiGeGeSiSiSiSiGeSiGeGeSiSiGeSiSiGeGeGeSiGeSiSiGeSiSiGeGeSiSiSiGeGeGeGeGeGe
   -25490.8789062500 GeGeGeSiGeGeSiSiGeSiSiGeSiGeGeSiSiGeGeSiGeGeGeSiGeGeSiSiSiSiGeSiGeGeSiSiGeSiSiGeGeGeSiGeSiSiGeSiSiGeGeSiSiSiGeGeGeGeGeGe
   -25490.8789062500 GeGeGeSiGeGeSiSiGeSiSiGeSiGeGeSiSiGeGeSiGeGeGeSiGeGeSiSiSiSiGeSiGeGeSiSiGeSiSiGeGeGeSiGeSiSiGeSiSiGeGeSiSiSiGeGeGeGeGeGe
   -25490.8789062500 GeGeGeSiGeGeSiSiGeSiSiGeSiGeGeSiSiGeGeSiGeGeGeSiGeGeSiSiSiSiGeSiGeGeSiSiGeSiSiGeGeGeSiGeSiSiGeSiSiGeGeSiSiSiGeGeGeGeGeGe
   -25490.8789062500 GeGeGeSiGeGeSiSiGeSiSiGeSiGeGeSiSiGeGeSiGeGeGeSiGeGeSiSiSiSiGeSiGeGeSiSiGeSiSiGeGeGeSiGeSiSiGeSiSiGeGeSiSiSiGeGeGeGeGeGe
   -25490.8789062500 GeGeGeSiGeGeSiSiGeSiSiGeSiGeGeSiSiGeGeSiGeGeGeSiGeGeSiSiSiSiGeSiGeGeSiSiGeSiSiGeGeGeSiGeSiSiGeSiSiGeGeSiSiSiGeGeGeGeGeGe
   -25490.8789062500 GeGeGeSiGeGeSiSiGeSiSiGeSiGeGeSiSiGeGeSiGeGeGeSiGeGeSiSiSiSiGeSiGeGeSiSiGeSiSiGeGeGeSiGeSiSiGeSiSiGeGeSiSiSiGeGeGeGeGeGe
   -25490.8789062500 GeGeGeSiGeGeSiSiGeSiSiGeSiGeGeSiSiGeGeSiGeGeGeSiGeGeSiSiSiSiGeSiGeGeSiSiGeSiSiGeGeGeSiGeSiSiGeSiSiGeGeSiSiSiGeGeGeGeGeGe
   -25490.8789062500 GeGeGeSiGeGeSiSiGeSiSiGeSiGeGeSiSiGeGeSiGeGeGeSiGeGeSiSiSiSiGeSiGeGeSiSiGeSiSiGeGeGeSiGeSiSiGeSiSiGeGeSiSiSiGeGeGeGeGeGe
   -25490.8789062500 GeGeGeSiGeGeSiSiGeSiSiGeSiGeGeSiSiGeGeSiGeGeGeSiGeGeSiSiSiSiGeSiGeGeSiSiGeSiSiGeGeGeSiGeSiSiGeSiSiGeGeSiSiSiGeGeGeGeGeGe
   -25490.8789062500 GeGeGeSiGeGeSiSiGeSiSiGeSiGeGeSiSiGeGeSiGeGeGeSiGeGeSiSiSiSiGeSiGeGeSiSiGeSiSiGeGeGeSiGeSiSiGeSiSiGeGeSiSiSiGeGeGeGeGeGe
   -25490.8789062500 GeGeGeSiGeGeSiSiGeSiSiGeSiGeGeSiSiGeGeSiGeGeGeSiGeGeSiSiSiSiGeSiGeGeSiSiGeSiSiGeGeGeSiGeSiSiGeSiSiGeGeSiSiSiGeGeGeGeGeGe
   -25490.8789062500 GeGeGeSiGeGeSiSiGeSiSiGeSiGeGeSiSiGeGeSiGeGeGeSiGeGeSiSiSiSiGeSiGeGeSiSiGeSiSiGeGeGeSiGeSiSiGeSiSiGeGeSiSiSiGeGeGeGeGeGe
   -25490.8789062500 GeGeGeSiGeGeSiSiGeSiSiGeSiGeGeSiSiGeGeSiGeGeGeSiGeGeSiSiSiSiGeSiGeGeSiSiGeSiSiGeGeGeSiGeSiSiGeSiSiGeGeSiSiSiGeGeGeGeGeGe
   -25490.8789062500 GeGeGeSiGeGeSiSiGeSiSiGeSiGeGeSiSiGeGeSiGeGeGeSiGeGeSiSiSiSiGeSiGeGeSiSiGeSiSiGeGeGeSiGeSiSiGeSiSiGeGeSiSiSiGeGeGeGeGeGe
   -25490.8789062500 GeGeGeSiGeGeSiSiGeSiSiGeSiGeGeSiSiGeGeSiGeGeGeSiGeGeSiSiSiSiGeSiGeGeSiSiGeSiSiGeGeGeSiGeSiSiGeSiSiGeGeSiSiSiGeGeGeGeGeGe
   -25490.8789062500 GeGeGeSiGeGeSiSiGeSiSiGeSiGeGeSiSiGeGeSiGeGeGeSiGeGeSiSiSiSiGeSiGeGeSiSiGeSiSiGeGeGeSiGeSiSiGeSiSiGeGeSiSiSiGeGeGeGeGeGe
   -25490.8789062500 GeGeGeSiGeGeSiSiGeSiSiGeSiGeGeSiSiGeGeSiGeGeGeSiGeGeSiSiSiSiGeSiGeGeSiSiGeSiSiGeGeGeSiGeSiSiGeSiSiGeGeSiSiSiGeGeGeGeGeGe
   -25490.8789062500 GeGeGeSiGeGeSiSiGeSiSiGeSiGeGeSiSiGeGeSiGeGeGeSiGeGeSiSiSiSiGeSiGeGeSiSiGeSiSiGeGeGeSiGeSiSiGeSiSiGeGeSiSiSiGeGeGeGeGeGe
   -25490.8789062500 GeGeGeSiGeGeSiSiGeSiSiGeSiGeGeSiSiGeGeSiGeGeGeSiGeGeSiSiSiSiGeSiGeGeSiSiGeSiSiGeGeGeSiGeSiSiGeSiSiGeGeSiSiSiGeGeGeGeGeGe
   -25490.8789062500 GeGeGeSiGeGeSiSiGeSiSiGeSiGeGeSiSiGeGeSiGeGeGeSiGeGeSiSiSiSiGeSiGeGeSiSiGeSiSiGeGeGeSiGeSiSiGeSiSiGeGeSiSiSiGeGeGeGeGeGe
   -25490.8789062500 GeGeGeSiGeGeSiSiGeSiSiGeSiGeGeSiSiGeGeSiGeGeGeSiGeGeSiSiSiSiGeSiGeGeSiSiGeSiSiGeGeGeSiGeSiSiGeSiSiGeGeSiSiSiGeGeGeGeGeGe
   -25490.8789062500 GeGeGeSiGeGeSiSiGeSiSiGeSiGeGeSiSiGeGeSiGeGeGeSiGeGeSiSiSiSiGeSiGeGeSiSiGeSiSiGeGeGeSiGeSiSiGeSiSiGeGeSiSiSiGeGeGeGeGeGe
   -25490.8789062500 GeGeGeSiGeGeSiSiGeSiSiGeSiGeGeSiSiGeGeSiGeGeGeSiGeGeSiSiSiSiGeSiGeGeSiSiGeSiSiGeGeGeSiGeSiSiGeSiSiGeGeSiSiSiGeGeGeGeGeGe
   -25490.8789062500 GeGeGeSiGeGeSiSiGeSiSiGeSiGeGeSiSiGeGeSiGeGeGeSiGeGeSiSiSiSiGeSiGeGeSiSiGeSiSiGeGeGeSiGeSiSiGeSiSiGeGeSiSiSiGeGeGeGeGeGe
   -25490.8789062500 GeGeGeSiGeGeSiSiGeSiSiGeSiGeGeSiSiGeGeSiGeGeGeSiGeGeSiSiSiSiGeSiGeGeSiSiGeSiSiGeGeGeSiGeSiSiGeSiSiGeGeSiSiSiGeGeGeGeGeGe
   -25490.8789062500 GeGeGeSiGeGeSiSiGeSiSiGeSiGeGeSiSiGeGeSiGeGeGeSiGeGeSiSiSiSiGeSiGeGeSiSiGeSiSiGeGeGeSiGeSiSiGeSiSiGeGeSiSiSiGeGeGeGeGeGe
   -25490.8789062500 GeGeGeSiGeGeSiSiGeSiSiGeSiGeGeSiSiGeGeSiGeGeGeSiGeGeSiSiSiSiGeSiGeGeSiSiGeSiSiGeGeGeSiGeSiSiGeSiSiGeGeSiSiSiGeGeGeGeGeGe
   -25490.8789062500 GeGeGeSiGeGeSiSiGeSiSiGeSiGeGeSiSiGeGeSiGeGeGeSiGeGeSiSiSiSiGeSiGeGeSiSiGeSiSiGeGeGeSiGeSiSiGeSiSiGeGeSiSiSiGeGeGeGeGeGe
   -25490.8789062500 GeGeGeSiGeGeSiSiGeSiSiGeSiGeGeSiSiGeGeSiGeGeGeSiGeGeSiSiSiSiGeSiGeGeSiSiGeSiSiGeGeGeSiGeSiSiGeSiSiGeGeSiSiSiGeGeGeGeGeGe
   -25490.8789062500 GeGeGeSiGeGeSiSiGeSiSiGeSiGeGeSiSiGeGeSiGeGeGeSiGeGeSiSiSiSiGeSiGeGeSiSiGeSiSiGeGeGeSiGeSiSiGeSiSiGeGeSiSiSiGeGeGeGeGeGe
   -25490.8789062500 GeGeGeSiGeGeSiSiGeSiSiGeSiGeGeSiSiGeGeSiGeGeGeSiGeGeSiSiSiSiGeSiGeGeSiSiGeSiSiGeGeGeSiGeSiSiGeSiSiGeGeSiSiSiGeGeGeGeGeGe
   -25490.8789062500 GeGeGeSiGeGeSiSiGeSiSiGeSiGeGeSiSiGeGeSiGeGeGeSiGeGeSiSiSiSiGeSiGeGeSiSiGeSiSiGeGeGeSiGeSiSiGeSiSiGeGeSiSiSiGeGeGeGeGeGe
   -25490.8789062500 GeGeGeSiGeGeSiSiGeSiSiGeSiGeGeSiSiGeGeSiGeGeGeSiGeGeSiSiSiSiGeSiGeGeSiSiGeSiSiGeGeGeSiGeSiSiGeSiSiGeGeSiSiSiGeGeGeGeGeGe
   -25490.8789062500 GeGeGeSiGeGeSiSiGeSiSiGeSiGeGeSiSiGeGeSiGeGeGeSiGeGeSiSiSiSiGeSiGeGeSiSiGeSiSiGeGeGeSiGeSiSiGeSiSiGeGeSiSiSiGeGeGeGeGeGe
   -25490.8789062500 GeGeGeSiGeGeSiSiGeSiSiGeSiGeGeSiSiGeGeSiGeGeGeSiGeGeSiSiSiSiGeSiGeGeSiSiGeSiSiGeGeGeSiGeSiSiGeSiSiGeGeSiSiSiGeGeGeGeGeGe
   -25490.8789062500 GeGeGeSiGeGeSiSiGeSiSiGeSiGeGeSiSiGeGeSiGeGeGeSiGeGeSiSiSiSiGeSiGeGeSiSiGeSiSiGeGeGeSiGeSiSiGeSiSiGeGeSiSiSiGeGeGeGeGeGe
   -25490.8789062500 GeGeGeSiGeGeSiSiGeSiSiGeSiGeGeSiSiGeGeSiGeGeGeSiGeGeSiSiSiSiGeSiGeGeSiSiGeSiSiGeGeGeSiGeSiSiGeSiSiGeGeSiSiSiGeGeGeGeGeGe
   -25490.8789062500 GeGeGeSiGeGeSiSiGeSiSiGeSiGeGeSiSiGeGeSiGeGeGeSiGeGeSiSiSiSiGeSiGeGeSiSiGeSiSiGeGeGeSiGeSiSiGeSiSiGeGeSiSiSiGeGeGeGeGeGe
   -25490.8789062500 GeGeGeSiGeGeSiSiGeSiSiGeSiGeGeSiSiGeGeSiGeGeGeSiGeGeSiSiSiSiGeSiGeGeSiSiGeSiSiGeGeGeSiGeSiSiGeSiSiGeGeSiSiSiGeGeGeGeGeGe
   -25490.8789062500 GeGeGeSiGeGeSiSiGeSiSiGeSiGeGeSiSiGeGeSiGeGeGeSiGeGeSiSiSiSiGeSiGeGeSiSiGeSiSiGeGeGeSiGeSiSiGeSiSiGeGeSiSiSiGeGeGeGeGeGe
   -25490.8789062500 GeGeGeSiGeGeSiSiGeSiSiGeSiGeGeSiSiGeGeSiGeGeGeSiGeGeSiSiSiSiGeSiGeGeSiSiGeSiSiGeGeGeSiGeSiSiGeSiSiGeGeSiSiSiGeGeGeGeGeGe
   -25490.8789062500 GeGeGeSiGeGeSiSiGeSiSiGeSiGeGeSiSiGeGeSiGeGeGeSiGeGeSiSiSiSiGeSiGeGeSiSiGeSiSiGeGeGeSiGeSiSiGeSiSiGeGeSiSiSiGeGeGeGeGeGe
   -25490.8789062500 GeGeGeSiGeGeSiSiGeSiSiGeSiGeGeSiSiGeGeSiGeGeGeSiGeGeSiSiSiSiGeSiGeGeSiSiGeSiSiGeGeGeSiGeSiSiGeSiSiGeGeSiSiSiGeGeGeGeGeGe
   -25490.8789062500 GeGeGeSiGeGeSiSiGeSiSiGeSiGeGeSiSiGeGeSiGeGeGeSiGeGeSiSiSiSiGeSiGeGeSiSiGeSiSiGeGeGeSiGeSiSiGeSiSiGeGeSiSiSiGeGeGeGeGeGe
   -25490.8789062500 GeGeGeSiGeGeSiSiGeSiSiGeSiGeGeSiSiGeGeSiGeGeGeSiGeGeSiSiSiSiGeSiGeGeSiSiGeSiSiGeGeGeSiGeSiSiGeSiSiGeGeSiSiSiGeGeGeGeGeGe
   -25490.8789062500 GeGeGeSiGeGeSiSiGeSiSiGeSiGeGeSiSiGeGeSiGeGeGeSiGeGeSiSiSiSiGeSiGeGeSiSiGeSiSiGeGeGeSiGeSiSiGeSiSiGeGeSiSiSiGeGeGeGeGeGe
   -25490.8789062500 GeGeGeSiGeGeSiSiGeSiSiGeSiGeGeSiSiGeGeSiGeGeGeSiGeGeSiSiSiSiGeSiGeGeSiSiGeSiSiGeGeGeSiGeSiSiGeSiSiGeGeSiSiSiGeGeGeGeGeGe
   -25490.8789062500 GeGeGeSiGeGeSiSiGeSiSiGeSiGeGeSiSiGeGeSiGeGeGeSiGeGeSiSiSiSiGeSiGeGeSiSiGeSiSiGeGeGeSiGeSiSiGeSiSiGeGeSiSiSiGeGeGeGeGeGe
   -25490.8789062500 GeGeGeSiGeGeSiSiGeSiSiGeSiGeGeSiSiGeGeSiGeGeGeSiGeGeSiSiSiSiGeSiGeGeSiSiGeSiSiGeGeGeSiGeSiSiGeSiSiGeGeSiSiSiGeGeGeGeGeGe
   -25490.8789062500 GeGeGeSiGeGeSiSiGeSiSiGeSiGeGeSiSiGeGeSiGeGeGeSiGeGeSiSiSiSiGeSiGeGeSiSiGeSiSiGeGeGeSiGeSiSiGeSiSiGeGeSiSiSiGeGeGeGeGeGe
   -25490.8789062500 GeGeGeSiGeGeSiSiGeSiSiGeSiGeGeSiSiGeGeSiGeGeGeSiGeGeSiSiSiSiGeSiGeGeSiSiGeSiSiGeGeGeSiGeSiSiGeSiSiGeGeSiSiSiGeGeGeGeGeGe
   -25490.8789062500 GeGeGeSiGeGeSiSiGeSiSiGeSiGeGeSiSiGeGeSiGeGeGeSiGeGeSiSiSiSiGeSiGeGeSiSiGeSiSiGeGeGeSiGeSiSiGeSiSiGeGeSiSiSiGeGeGeGeGeGe
   -25490.8789062500 GeGeGeSiGeGeSiSiGeSiSiGeSiGeGeSiSiGeGeSiGeGeGeSiGeGeSiSiSiSiGeSiGeGeSiSiGeSiSiGeGeGeSiGeSiSiGeSiSiGeGeSiSiSiGeGeGeGeGeGe
   -25490.8789062500 GeGeGeSiGeGeSiSiGeSiSiGeSiGeGeSiSiGeGeSiGeGeGeSiGeGeSiSiSiSiGeSiGeGeSiSiGeSiSiGeGeGeSiGeSiSiGeSiSiGeGeSiSiSiGeGeGeGeGeGe
   -25490.8789062500 GeGeGeSiGeGeSiSiGeSiSiGeSiGeGeSiSiGeGeSiGeGeGeSiGeGeSiSiSiSiGeSiGeGeSiSiGeSiSiGeGeGeSiGeSiSiGeSiSiGeGeSiSiSiGeGeGeGeGeGe
   -25490.8789062500 GeGeGeSiGeGeSiSiGeSiSiGeSiGeGeSiSiGeGeSiGeGeGeSiGeGeSiSiSiSiGeSiGeGeSiSiGeSiSiGeGeGeSiGeSiSiGeSiSiGeGeSiSiSiGeGeGeGeGeGe
   -25490.8789062500 GeGeGeSiGeGeSiSiGeSiSiGeSiGeGeSiSiGeGeSiGeGeGeSiGeGeSiSiSiSiGeSiGeGeSiSiGeSiSiGeGeGeSiGeSiSiGeSiSiGeGeSiSiSiGeGeGeGeGeGe
   -25490.8789062500 GeGeGeSiGeGeSiSiGeSiSiGeSiGeGeSiSiGeGeSiGeGeGeSiGeGeSiSiSiSiGeSiGeGeSiSiGeSiSiGeGeGeSiGeSiSiGeSiSiGeGeSiSiSiGeGeGeGeGeGe
   -25490.8789062500 GeGeGeSiGeGeSiSiGeSiSiGeSiGeGeSiSiGeGeSiGeGeGeSiGeGeSiSiSiSiGeSiGeGeSiSiGeSiSiGeGeGeSiGeSiSiGeSiSiGeGeSiSiSiGeGeGeGeGeGe
   -25490.8789062500 GeGeGeSiGeGeSiSiGeSiSiGeSiGeGeSiSiGeGeSiGeGeGeSiGeGeSiSiSiSiGeSiGeGeSiSiGeSiSiGeGeGeSiGeSiSiGeSiSiGeGeSiSiSiGeGeGeGeGeGe
   -25490.8789062500 GeGeGeSiGeGeSiSiGeSiSiGeSiGeGeSiSiGeGeSiGeGeGeSiGeGeSiSiSiSiGeSiGeGeSiSiGeSiSiGeGeGeSiGeSiSiGeSiSiGeGeSiSiSiGeGeGeGeGeGe
   -25490.8789062500 GeGeGeSiGeGeSiSiGeSiSiGeSiGeGeSiSiGeGeSiGeGeGeSiGeGeSiSiSiSiGeSiGeGeSiSiGeSiSiGeGeGeSiGeSiSiGeSiSiGeGeSiSiSiGeGeGeGeGeGe
   -25490.8789062500 GeGeGeSiGeGeSiSiGeSiSiGeSiGeGeSiSiGeGeSiGeGeGeSiGeGeSiSiSiSiGeSiGeGeSiSiGeSiSiGeGeGeSiGeSiSiGeSiSiGeGeSiSiSiGeGeGeGeGeGe
   -25490.8789062500 GeGeGeSiGeGeSiSiGeSiSiGeSiGeGeSiSiGeGeSiGeGeGeSiGeGeSiSiSiSiGeSiGeGeSiSiGeSiSiGeGeGeSiGeSiSiGeSiSiGeGeSiSiSiGeGeGeGeGeGe
   -25490.8789062500 GeGeGeSiGeGeSiSiGeSiSiGeSiGeGeSiSiGeGeSiGeGeGeSiGeGeSiSiSiSiGeSiGeGeSiSiGeSiSiGeGeGeSiGeSiSiGeSiSiGeGeSiSiSiGeGeGeGeGeGe
   -25490.8789062500 GeGeGeSiGeGeSiSiGeSiSiGeSiGeGeSiSiGeGeSiGeGeGeSiGeGeSiSiSiSiGeSiGeGeSiSiGeSiSiGeGeGeSiGeSiSiGeSiSiGeGeSiSiSiGeGeGeGeGeGe
   -25490.8789062500 GeGeGeSiGeGeSiSiGeSiSiGeSiGeGeSiSiGeGeSiGeGeGeSiGeGeSiSiSiSiGeSiGeGeSiSiGeSiSiGeGeGeSiGeSiSiGeSiSiGeGeSiSiSiGeGeGeGeGeGe
   -25490.8789062500 GeGeGeSiGeGeSiSiGeSiSiGeSiGeGeSiSiGeGeSiGeGeGeSiGeGeSiSiSiSiGeSiGeGeSiSiGeSiSiGeGeGeSiGeSiSiGeSiSiGeGeSiSiSiGeGeGeGeGeGe
   -25490.8789062500 GeGeGeSiGeGeSiSiGeSiSiGeSiGeGeSiSiGeGeSiGeGeGeSiGeGeSiSiSiSiGeSiGeGeSiSiGeSiSiGeGeGeSiGeSiSiGeSiSiGeGeSiSiSiGeGeGeGeGeGe
   -25490.8789062500 GeGeGeSiGeGeSiSiGeSiSiGeSiGeGeSiSiGeGeSiGeGeGeSiGeGeSiSiSiSiGeSiGeGeSiSiGeSiSiGeGeGeSiGeSiSiGeSiSiGeGeSiSiSiGeGeGeGeGeGe
   -25490.8789062500 GeGeGeSiGeGeSiSiGeSiSiGeSiGeGeSiSiGeGeSiGeGeGeSiGeGeSiSiSiSiGeSiGeGeSiSiGeSiSiGeGeGeSiGeSiSiGeSiSiGeGeSiSiSiGeGeGeGeGeGe
   -25490.8789062500 GeGeGeSiGeGeSiSiGeSiSiGeSiGeGeSiSiGeGeSiGeGeGeSiGeGeSiSiSiSiGeSiGeGeSiSiGeSiSiGeGeGeSiGeSiSiGeSiSiGeGeSiSiSiGeGeGeGeGeGe
   -25490.8789062500 GeGeGeSiGeGeSiSiGeSiSiGeSiGeGeSiSiGeGeSiGeGeGeSiGeGeSiSiSiSiGeSiGeGeSiSiGeSiSiGeGeGeSiGeSiSiGeSiSiGeGeSiSiSiGeGeGeGeGeGe
   -25490.8789062500 GeGeGeSiGeGeSiSiGeSiSiGeSiGeGeSiSiGeGeSiGeGeGeSiGeGeSiSiSiSiGeSiGeGeSiSiGeSiSiGeGeGeSiGeSiSiGeSiSiGeGeSiSiSiGeGeGeGeGeGe
   -25490.8789062500 GeGeGeSiGeGeSiSiGeSiSiGeSiGeGeSiSiGeGeSiGeGeGeSiGeGeSiSiSiSiGeSiGeGeSiSiGeSiSiGeGeGeSiGeSiSiGeSiSiGeGeSiSiSiGeGeGeGeGeGe
   -25490.8789062500 GeGeGeSiGeGeSiSiGeSiSiGeSiGeGeSiSiGeGeSiGeGeGeSiGeGeSiSiSiSiGeSiGeGeSiSiGeSiSiGeGeGeSiGeSiSiGeSiSiGeGeSiSiSiGeGeGeGeGeGe
   -25490.8789062500 GeGeGeSiGeGeSiSiGeSiSiGeSiGeGeSiSiGeGeSiGeGeGeSiGeGeSiSiSiSiGeSiGeGeSiSiGeSiSiGeGeGeSiGeSiSiGeSiSiGeGeSiSiSiGeGeGeGeGeGe
   -25490.8789062500 GeGeGeSiGeGeSiSiGeSiSiGeSiGeGeSiSiGeGeSiGeGeGeSiGeGeSiSiSiSiGeSiGeGeSiSiGeSiSiGeGeGeSiGeSiSiGeSiSiGeGeSiSiSiGeGeGeGeGeGe
   -25490.8789062500 GeGeGeSiGeGeSiSiGeSiSiGeSiGeGeSiSiGeGeSiGeGeGeSiGeGeSiSiSiSiGeSiGeGeSiSiGeSiSiGeGeGeSiGeSiSiGeSiSiGeGeSiSiSiGeGeGeGeGeGe
   -25490.8789062500 GeGeGeSiGeGeSiSiGeSiSiGeSiGeGeSiSiGeGeSiGeGeGeSiGeGeSiSiSiSiGeSiGeGeSiSiGeSiSiGeGeGeSiGeSiSiGeSiSiGeGeSiSiSiGeGeGeGeGeGe
   -25490.8789062500 GeGeGeSiGeGeSiSiGeSiSiGeSiGeGeSiSiGeGeSiGeGeGeSiGeGeSiSiSiSiGeSiGeGeSiSiGeSiSiGeGeGeSiGeSiSiGeSiSiGeGeSiSiSiGeGeGeGeGeGe
   -25490.8789062500 GeGeGeSiGeGeSiSiGeSiSiGeSiGeGeSiSiGeGeSiGeGeGeSiGeGeSiSiSiSiGeSiGeGeSiSiGeSiSiGeGeGeSiGeSiSiGeSiSiGeGeSiSiSiGeGeGeGeGeGe
   -25490.8789062500 GeGeGeSiGeGeSiSiGeSiSiGeSiGeGeSiSiGeGeSiGeGeGeSiGeGeSiSiSiSiGeSiGeGeSiSiGeSiSiGeGeGeSiGeSiSiGeSiSiGeGeSiSiSiGeGeGeGeGeGe
   -25490.8789062500 GeGeGeSiGeGeSiSiGeSiSiGeSiGeGeSiSiGeGeSiGeGeGeSiGeGeSiSiSiSiGeSiGeGeSiSiGeSiSiGeGeGeSiGeSiSiGeSiSiGeGeSiSiSiGeGeGeGeGeGe
   -25490.8789062500 GeGeGeSiGeGeSiSiGeSiSiGeSiGeGeSiSiGeGeSiGeGeGeSiGeGeSiSiSiSiGeSiGeGeSiSiGeSiSiGeGeGeSiGeSiSiGeSiSiGeGeSiSiSiGeGeGeGeGeGe
   -25490.8789062500 GeGeGeSiGeGeSiSiGeSiSiGeSiGeGeSiSiGeGeSiGeGeGeSiGeGeSiSiSiSiGeSiGeGeSiSiGeSiSiGeGeGeSiGeSiSiGeSiSiGeGeSiSiSiGeGeGeGeGeGe
   -25490.8789062500 GeGeGeSiGeGeSiSiGeSiSiGeSiGeGeSiSiGeGeSiGeGeGeSiGeGeSiSiSiSiGeSiGeGeSiSiGeSiSiGeGeGeSiGeSiSiGeSiSiGeGeSiSiSiGeGeGeGeGeGe
   -25490.8789062500 GeGeGeSiGeGeSiSiGeSiSiGeSiGeGeSiSiGeGeSiGeGeGeSiGeGeSiSiSiSiGeSiGeGeSiSiGeSiSiGeGeGeSiGeSiSiGeSiSiGeGeSiSiSiGeGeGeGeGeGe
   -25490.8789062500 GeGeGeSiGeGeSiSiGeSiSiGeSiGeGeSiSiGeGeSiGeGeGeSiGeGeSiSiSiSiGeSiGeGeSiSiGeSiSiGeGeGeSiGeSiSiGeSiSiGeGeSiSiSiGeGeGeGeGeGe
   -25490.8789062500 GeGeGeSiGeGeSiSiGeSiSiGeSiGeGeSiSiGeGeSiGeGeGeSiGeGeSiSiSiSiGeSiGeGeSiSiGeSiSiGeGeGeSiGeSiSiGeSiSiGeGeSiSiSiGeGeGeGeGeGe
   -25490.8789062500 GeGeGeSiGeGeSiSiGeSiSiGeSiGeGeSiSiGeGeSiGeGeGeSiGeGeSiSiSiSiGeSiGeGeSiSiGeSiSiGeGeGeSiGeSiSiGeSiSiGeGeSiSiSiGeGeGeGeGeGe
   -25490.8789062500 GeGeGeSiGeGeSiSiGeSiSiGeSiGeGeSiSiGeGeSiGeGeGeSiGeGeSiSiSiSiGeSiGeGeSiSiGeSiSiGeGeGeSiGeSiSiGeSiSiGeGeSiSiSiGeGeGeGeGeGe
   -25490.8789062500 GeGeGeSiGeGeSiSiGeSiSiGeSiGeGeSiSiGeGeSiGeGeGeSiGeGeSiSiSiSiGeSiGeGeSiSiGeSiSiGeGeGeSiGeSiSiGeSiSiGeGeSiSiSiGeGeGeGeGeGe
   -25490.8789062500 GeGeGeSiGeGeSiSiGeSiSiGeSiGeGeSiSiGeGeSiGeGeGeSiGeGeSiSiSiSiGeSiGeGeSiSiGeSiSiGeGeGeSiGeSiSiGeSiSiGeGeSiSiSiGeGeGeGeGeGe
   -25490.8789062500 GeGeGeSiGeGeSiSiGeSiSiGeSiGeGeSiSiGeGeSiGeGeGeSiGeGeSiSiSiSiGeSiGeGeSiSiGeSiSiGeGeGeSiGeSiSiGeSiSiGeGeSiSiSiGeGeGeGeGeGe
   -25490.8789062500 GeGeGeSiGeGeSiSiGeSiSiGeSiGeGeSiSiGeGeSiGeGeGeSiGeGeSiSiSiSiGeSiGeGeSiSiGeSiSiGeGeGeSiGeSiSiGeSiSiGeGeSiSiSiGeGeGeGeGeGe
   -25490.8789062500 GeGeGeSiGeGeSiSiGeSiSiGeSiGeGeSiSiGeGeSiGeGeGeSiGeGeSiSiSiSiGeSiGeGeSiSiGeSiSiGeGeGeSiGeSiSiGeSiSiGeGeSiSiSiGeGeGeGeGeGe
   -25490.8789062500 GeGeGeSiGeGeSiSiGeSiSiGeSiGeGeSiSiGeGeSiGeGeGeSiGeGeSiSiSiSiGeSiGeGeSiSiGeSiSiGeGeGeSiGeSiSiGeSiSiGeGeSiSiSiGeGeGeGeGeGe
   -25490.8789062500 GeGeGeSiGeGeSiSiGeSiSiGeSiGeGeSiSiGeGeSiGeGeGeSiGeGeSiSiSiSiGeSiGeGeSiSiGeSiSiGeGeGeSiGeSiSiGeSiSiGeGeSiSiSiGeGeGeGeGeGe
   -25490.8789062500 GeGeGeSiGeGeSiSiGeSiSiGeSiGeGeSiSiGeGeSiGeGeGeSiGeGeSiSiSiSiGeSiGeGeSiSiGeSiSiGeGeGeSiGeSiSiGeSiSiGeGeSiSiSiGeGeGeGeGeGe
   -25490.8789062500 GeGeGeSiGeGeSiSiGeSiSiGeSiGeGeSiSiGeGeSiGeGeGeSiGeGeSiSiSiSiGeSiGeGeSiSiGeSiSiGeGeGeSiGeSiSiGeSiSiGeGeSiSiSiGeGeGeGeGeGe
   -25490.8789062500 GeGeGeSiGeGeSiSiGeSiSiGeSiGeGeSiSiGeGeSiGeGeGeSiGeGeSiSiSiSiGeSiGeGeSiSiGeSiSiGeGeGeSiGeSiSiGeSiSiGeGeSiSiSiGeGeGeGeGeGe
   -25490.8789062500 GeGeGeSiGeGeSiSiGeSiSiGeSiGeGeSiSiGeGeSiGeGeGeSiGeGeSiSiSiSiGeSiGeGeSiSiGeSiSiGeGeGeSiGeSiSiGeSiSiGeGeSiSiSiGeGeGeGeGeGe
   -25490.8789062500 GeGeGeSiGeGeSiSiGeSiSiGeSiGeGeSiSiGeGeSiGeGeGeSiGeGeSiSiSiSiGeSiGeGeSiSiGeSiSiGeGeGeSiGeSiSiGeSiSiGeGeSiSiSiGeGeGeGeGeGe
   -25490.8789062500 GeGeGeSiGeGeSiSiGeSiSiGeSiGeGeSiSiGeGeSiGeGeGeSiGeGeSiSiSiSiGeSiGeGeSiSiGeSiSiGeGeGeSiGeSiSiGeSiSiGeGeSiSiSiGeGeGeGeGeGe
   -25490.8789062500 GeGeGeSiGeGeSiSiGeSiSiGeSiGeGeSiSiGeGeSiGeGeGeSiGeGeSiSiSiSiGeSiGeGeSiSiGeSiSiGeGeGeSiGeSiSiGeSiSiGeGeSiSiSiGeGeGeGeGeGe
   -25490.8789062500 GeGeGeSiGeGeSiSiGeSiSiGeSiGeGeSiSiGeGeSiGeGeGeSiGeGeSiSiSiSiGeSiGeGeSiSiGeSiSiGeGeGeSiGeSiSiGeSiSiGeGeSiSiSiGeGeGeGeGeGe
   -25490.8789062500 GeGeGeSiGeGeSiSiGeSiSiGeSiGeGeSiSiGeGeSiGeGeGeSiGeGeSiSiSiSiGeSiGeGeSiSiGeSiSiGeGeGeSiGeSiSiGeSiSiGeGeSiSiSiGeGeGeGeGeGe
   -25490.8789062500 GeGeGeSiGeGeSiSiGeSiSiGeSiGeGeSiSiGeGeSiGeGeGeSiGeGeSiSiSiSiGeSiGeGeSiSiGeSiSiGeGeGeSiGeSiSiGeSiSiGeGeSiSiSiGeGeGeGeGeGe
   -25490.8789062500 GeGeGeSiGeGeSiSiGeSiSiGeSiGeGeSiSiGeGeSiGeGeGeSiGeGeSiSiSiSiGeSiGeGeSiSiGeSiSiGeGeGeSiGeSiSiGeSiSiGeGeSiSiSiGeGeGeGeGeGe
   -25490.8789062500 GeGeGeSiGeGeSiSiGeSiSiGeSiGeGeSiSiGeGeSiGeGeGeSiGeGeSiSiSiSiGeSiGeGeSiSiGeSiSiGeGeGeSiGeSiSiGeSiSiGeGeSiSiSiGeGeGeGeGeGe
   -25490.8789062500 GeGeGeSiGeGeSiSiGeSiSiGeSiGeGeSiSiGeGeSiGeGeGeSiGeGeSiSiSiSiGeSiGeGeSiSiGeSiSiGeGeGeSiGeSiSiGeSiSiGeGeSiSiSiGeGeGeGeGeGe
   -25490.8789062500 GeGeGeSiGeGeSiSiGeSiSiGeSiGeGeSiSiGeGeSiGeGeGeSiGeGeSiSiSiSiGeSiGeGeSiSiGeSiSiGeGeGeSiGeSiSiGeSiSiGeGeSiSiSiGeGeGeGeGeGe
   -25490.8789062500 GeGeGeSiGeGeSiSiGeSiSiGeSiGeGeSiSiGeGeSiGeGeGeSiGeGeSiSiSiSiGeSiGeGeSiSiGeSiSiGeGeGeSiGeSiSiGeSiSiGeGeSiSiSiGeGeGeGeGeGe
   -25490.8789062500 GeGeGeSiGeGeSiSiGeSiSiGeSiGeGeSiSiGeGeSiGeGeGeSiGeGeSiSiSiSiGeSiGeGeSiSiGeSiSiGeGeGeSiGeSiSiGeSiSiGeGeSiSiSiGeGeGeGeGeGe
   -25490.8789062500 GeGeGeSiGeGeSiSiGeSiSiGeSiGeGeSiSiGeGeSiGeGeGeSiGeGeSiSiSiSiGeSiGeGeSiSiGeSiSiGeGeGeSiGeSiSiGeSiSiGeGeSiSiSiGeGeGeGeGeGe
   -25490.8789062500 GeGeGeSiGeGeSiSiGeSiSiGeSiGeGeSiSiGeGeSiGeGeGeSiGeGeSiSiSiSiGeSiGeGeSiSiGeSiSiGeGeGeSiGeSiSiGeSiSiGeGeSiSiSiGeGeGeGeGeGe
   -25490.8789062500 GeGeGeSiGeGeSiSiGeSiSiGeSiGeGeSiSiGeGeSiGeGeGeSiGeGeSiSiSiSiGeSiGeGeSiSiGeSiSiGeGeGeSiGeSiSiGeSiSiGeGeSiSiSiGeGeGeGeGeGe
   -25490.8789062500 GeGeGeSiGeGeSiSiGeSiSiGeSiGeGeSiSiGeGeSiGeGeGeSiGeGeSiSiSiSiGeSiGeGeSiSiGeSiSiGeGeGeSiGeSiSiGeSiSiGeGeSiSiSiGeGeGeGeGeGe
   -25490.8789062500 GeGeGeSiGeGeSiSiGeSiSiGeSiGeGeSiSiGeGeSiGeGeGeSiGeGeSiSiSiSiGeSiGeGeSiSiGeSiSiGeGeGeSiGeSiSiGeSiSiGeGeSiSiSiGeGeGeGeGeGe
   -25490.8789062500 GeGeGeSiGeGeSiSiGeSiSiGeSiGeGeSiSiGeGeSiGeGeGeSiGeGeSiSiSiSiGeSiGeGeSiSiGeSiSiGeGeGeSiGeSiSiGeSiSiGeGeSiSiSiGeGeGeGeGeGe
   -25490.8789062500 GeGeGeSiGeGeSiSiGeSiSiGeSiGeGeSiSiGeGeSiGeGeGeSiGeGeSiSiSiSiGeSiGeGeSiSiGeSiSiGeGeGeSiGeSiSiGeSiSiGeGeSiSiSiGeGeGeGeGeGe
   -25490.8789062500 GeGeGeSiGeGeSiSiGeSiSiGeSiGeGeSiSiGeGeSiGeGeGeSiGeGeSiSiSiSiGeSiGeGeSiSiGeSiSiGeGeGeSiGeSiSiGeSiSiGeGeSiSiSiGeGeGeGeGeGe
   -25490.8789062500 GeGeGeSiGeGeSiSiGeSiSiGeSiGeGeSiSiGeGeSiGeGeGeSiGeGeSiSiSiSiGeSiGeGeSiSiGeSiSiGeGeGeSiGeSiSiGeSiSiGeGeSiSiSiGeGeGeGeGeGe
   -25490.8789062500 GeGeGeSiGeGeSiSiGeSiSiGeSiGeGeSiSiGeGeSiGeGeGeSiGeGeSiSiSiSiGeSiGeGeSiSiGeSiSiGeGeGeSiGeSiSiGeSiSiGeGeSiSiSiGeGeGeGeGeGe
   -25490.8789062500 GeGeGeSiGeGeSiSiGeSiSiGeSiGeGeSiSiGeGeSiGeGeGeSiGeGeSiSiSiSiGeSiGeGeSiSiGeSiSiGeGeGeSiGeSiSiGeSiSiGeGeSiSiSiGeGeGeGeGeGe
   -25490.8789062500 GeGeGeSiGeGeSiSiGeSiSiGeSiGeGeSiSiGeGeSiGeGeGeSiGeGeSiSiSiSiGeSiGeGeSiSiGeSiSiGeGeGeSiGeSiSiGeSiSiGeGeSiSiSiGeGeGeGeGeGe
   -25490.8789062500 GeGeGeSiGeGeSiSiGeSiSiGeSiGeGeSiSiGeGeSiGeGeGeSiGeGeSiSiSiSiGeSiGeGeSiSiGeSiSiGeGeGeSiGeSiSiGeSiSiGeGeSiSiSiGeGeGeGeGeGe
   -25490.8789062500 GeGeGeSiGeGeSiSiGeSiSiGeSiGeGeSiSiGeGeSiGeGeGeSiGeGeSiSiSiSiGeSiGeGeSiSiGeSiSiGeGeGeSiGeSiSiGeSiSiGeGeSiSiSiGeGeGeGeGeGe
   -25490.8789062500 GeGeGeSiGeGeSiSiGeSiSiGeSiGeGeSiSiGeGeSiGeGeGeSiGeGeSiSiSiSiGeSiGeGeSiSiGeSiSiGeGeGeSiGeSiSiGeSiSiGeGeSiSiSiGeGeGeGeGeGe
   -25490.8789062500 GeGeGeSiGeGeSiSiGeSiSiGeSiGeGeSiSiGeGeSiGeGeGeSiGeGeSiSiSiSiGeSiGeGeSiSiGeSiSiGeGeGeSiGeSiSiGeSiSiGeGeSiSiSiGeGeGeGeGeGe
   -25490.8789062500 GeGeGeSiGeGeSiSiGeSiSiGeSiGeGeSiSiGeGeSiGeGeGeSiGeGeSiSiSiSiGeSiGeGeSiSiGeSiSiGeGeGeSiGeSiSiGeSiSiGeGeSiSiSiGeGeGeGeGeGe
   -25490.8789062500 GeGeGeSiGeGeSiSiGeSiSiGeSiGeGeSiSiGeGeSiGeGeGeSiGeGeSiSiSiSiGeSiGeGeSiSiGeSiSiGeGeGeSiGeSiSiGeSiSiGeGeSiSiSiGeGeGeGeGeGe
   -25490.8789062500 GeGeGeSiGeGeSiSiGeSiSiGeSiGeGeSiSiGeGeSiGeGeGeSiGeGeSiSiSiSiGeSiGeGeSiSiGeSiSiGeGeGeSiGeSiSiGeSiSiGeGeSiSiSiGeGeGeGeGeGe
   -25490.8789062500 GeGeGeSiGeGeSiSiGeSiSiGeSiGeGeSiSiGeGeSiGeGeGeSiGeGeSiSiSiSiGeSiGeGeSiSiGeSiSiGeGeGeSiGeSiSiGeSiSiGeGeSiSiSiGeGeGeGeGeGe
   -25490.8789062500 GeGeGeSiGeGeSiSiGeSiSiGeSiGeGeSiSiGeGeSiGeGeGeSiGeGeSiSiSiSiGeSiGeGeSiSiGeSiSiGeGeGeSiGeSiSiGeSiSiGeGeSiSiSiGeGeGeGeGeGe
   -25490.8789062500 GeGeGeSiGeGeSiSiGeSiSiGeSiGeGeSiSiGeGeSiGeGeGeSiGeGeSiSiSiSiGeSiGeGeSiSiGeSiSiGeGeGeSiGeSiSiGeSiSiGeGeSiSiSiGeGeGeGeGeGe
   -25490.8789062500 GeGeGeSiGeGeSiSiGeSiSiGeSiGeGeSiSiGeGeSiGeGeGeSiGeGeSiSiSiSiGeSiGeGeSiSiGeSiSiGeGeGeSiGeSiSiGeSiSiGeGeSiSiSiGeGeGeGeGeGe
   -25490.8789062500 GeGeGeSiGeGeSiSiGeSiSiGeSiGeGeSiSiGeGeSiGeGeGeSiGeGeSiSiSiSiGeSiGeGeSiSiGeSiSiGeGeGeSiGeSiSiGeSiSiGeGeSiSiSiGeGeGeGeGeGe
   -25490.8789062500 GeGeGeSiGeGeSiSiGeSiSiGeSiGeGeSiSiGeGeSiGeGeGeSiGeGeSiSiSiSiGeSiGeGeSiSiGeSiSiGeGeGeSiGeSiSiGeSiSiGeGeSiSiSiGeGeGeGeGeGe
   -25490.8789062500 GeGeGeSiGeGeSiSiGeSiSiGeSiGeGeSiSiGeGeSiGeGeGeSiGeGeSiSiSiSiGeSiGeGeSiSiGeSiSiGeGeGeSiGeSiSiGeSiSiGeGeSiSiSiGeGeGeGeGeGe
   -25490.8789062500 GeGeGeSiGeGeSiSiGeSiSiGeSiGeGeSiSiGeGeSiGeGeGeSiGeGeSiSiSiSiGeSiGeGeSiSiGeSiSiGeGeGeSiGeSiSiGeSiSiGeGeSiSiSiGeGeGeGeGeGe
   -25490.8789062500 GeGeGeSiGeGeSiSiGeSiSiGeSiGeGeSiSiGeGeSiGeGeGeSiGeGeSiSiSiSiGeSiGeGeSiSiGeSiSiGeGeGeSiGeSiSiGeSiSiGeGeSiSiSiGeGeGeGeGeGe
   -25490.8789062500 GeGeGeSiGeGeSiSiGeSiSiGeSiGeGeSiSiGeGeSiGeGeGeSiGeGeSiSiSiSiGeSiGeGeSiSiGeSiSiGeGeGeSiGeSiSiGeSiSiGeGeSiSiSiGeGeGeGeGeGe
   -25490.8789062500 GeGeGeSiGeGeSiSiGeSiSiGeSiGeGeSiSiGeGeSiGeGeGeSiGeGeSiSiSiSiGeSiGeGeSiSiGeSiSiGeGeGeSiGeSiSiGeSiSiGeGeSiSiSiGeGeGeGeGeGe
   -25490.8789062500 GeGeGeSiGeGeSiSiGeSiSiGeSiGeGeSiSiGeGeSiGeGeGeSiGeGeSiSiSiSiGeSiGeGeSiSiGeSiSiGeGeGeSiGeSiSiGeSiSiGeGeSiSiSiGeGeGeGeGeGe
   -25490.8789062500 GeGeGeSiGeGeSiSiGeSiSiGeSiGeGeSiSiGeGeSiGeGeGeSiGeGeSiSiSiSiGeSiGeGeSiSiGeSiSiGeGeGeSiGeSiSiGeSiSiGeGeSiSiSiGeGeGeGeGeGe
   -25490.8789062500 GeGeGeSiGeGeSiSiGeSiSiGeSiGeGeSiSiGeGeSiGeGeGeSiGeGeSiSiSiSiGeSiGeGeSiSiGeSiSiGeGeGeSiGeSiSiGeSiSiGeGeSiSiSiGeGeGeGeGeGe
   -25490.8789062500 GeGeGeSiGeGeSiSiGeSiSiGeSiGeGeSiSiGeGeSiGeGeGeSiGeGeSiSiSiSiGeSiGeGeSiSiGeSiSiGeGeGeSiGeSiSiGeSiSiGeGeSiSiSiGeGeGeGeGeGe
   -25490.8789062500 GeGeGeSiGeGeSiSiGeSiSiGeSiGeGeSiSiGeGeSiGeGeGeSiGeGeSiSiSiSiGeSiGeGeSiSiGeSiSiGeGeGeSiGeSiSiGeSiSiGeGeSiSiSiGeGeGeGeGeGe
   -25490.8789062500 GeGeGeSiGeGeSiSiGeSiSiGeSiGeGeSiSiGeGeSiGeGeGeSiGeGeSiSiSiSiGeSiGeGeSiSiGeSiSiGeGeGeSiGeSiSiGeSiSiGeGeSiSiSiGeGeGeGeGeGe
   -25490.8789062500 GeGeGeSiGeGeSiSiGeSiSiGeSiGeGeSiSiGeGeSiGeGeGeSiGeGeSiSiSiSiGeSiGeGeSiSiGeSiSiGeGeGeSiGeSiSiGeSiSiGeGeSiSiSiGeGeGeGeGeGe
   -25490.8789062500 GeGeGeSiGeGeSiSiGeSiSiGeSiGeGeSiSiGeGeSiGeGeGeSiGeGeSiSiSiSiGeSiGeGeSiSiGeSiSiGeGeGeSiGeSiSiGeSiSiGeGeSiSiSiGeGeGeGeGeGe
   -25490.8789062500 GeGeGeSiGeGeSiSiGeSiSiGeSiGeGeSiSiGeGeSiGeGeGeSiGeGeSiSiSiSiGeSiGeGeSiSiGeSiSiGeGeGeSiGeSiSiGeSiSiGeGeSiSiSiGeGeGeGeGeGe
   -25490.8789062500 GeGeGeSiGeGeSiSiGeSiSiGeSiGeGeSiSiGeGeSiGeGeGeSiGeGeSiSiSiSiGeSiGeGeSiSiGeSiSiGeGeGeSiGeSiSiGeSiSiGeGeSiSiSiGeGeGeGeGeGe
filename: c000000834942515.gin     
Cell:
    11.9020996    11.9020996    29.6919994    90.0000000    90.0000000   120.0000000
Box:
    11.9020996    -5.9510503     0.0000000
     0.0000000    10.3075209     0.0000000
     0.0000000     0.0000000    29.6919994
----------------------------------------
Inverse Box:
     0.0840188     0.0485083     0.0000000
     0.0000000     0.0970165     0.0000000
     0.0000000     0.0000000     0.0336791
----------------------------------------
==============================================
geometrical properties of  33 Ge:
 Configuration:           0
 D_ave:   9.18108463       3.53285718    
 D_min:   3.16464663      0.372176677    
 energia:  -25490.8789    
