Random Seed:  1131585836
Number of atoms:    60
Space Group:    1
Cell:
    11.9020996    11.9020996    29.6919994    90.0000000    90.0000000   120.0000000
Box:
    11.9020996    -5.9510503     0.0000000
     0.0000000    10.3075209     0.0000000
     0.0000000     0.0000000    29.6919994
----------------------------------------
Inverse Box:
     0.0840188     0.0485083     0.0000000
     0.0000000     0.0970165     0.0000000
     0.0000000     0.0000000     0.0336791
----------------------------------------
GeSiSiSiSiSiSiSiSiSiSiSiSiSiSiSiSiSiSiSiGeSiSiSiSiSiSiSiSiSiSiSiSiSiSiSiSiSiSiSiSiSiSiSiSiSiSiSiSiSiSiSiSiSiSiSiSiSiSiSi
           1 Ge    -7732.98779    
GeGeSiSiSiSiSiSiSiSiSiSiSiSiSiSiSiSiSiSiGeSiSiSiSiSiSiSiSiSiSiSiSiSiSiSiSiSiSiSiSiSiSiSiSiSiSiSiSiSiSiSiSiSiSiSiSiSiSiSi
           2 Ge    -7727.80859    
GeGeGeSiSiSiSiSiSiSiSiSiSiSiSiSiSiSiSiSiGeSiSiSiSiSiSiSiSiSiSiSiSiSiSiSiSiSiSiSiSiSiSiSiSiSiSiSiSiSiSiSiSiSiSiSiSiSiSiSi
           3 Ge    -7721.04053    
GeGeGeGeSiSiSiSiSiSiSiSiSiSiSiSiSiSiSiSiGeSiSiSiSiSiSiSiSiSiSiSiSiSiSiSiSiSiSiSiSiSiSiSiSiSiSiSiSiSiSiSiSiSiSiSiSiSiSiSi
           4 Ge    -7745.01367    
GeGeGeGeSiGeSiSiSiSiSiSiSiSiSiSiSiSiSiSiGeSiSiSiSiSiSiSiSiSiSiSiSiSiSiSiSiSiSiSiSiSiSiSiSiSiSiSiSiSiSiSiSiSiSiSiSiSiSiSi
           6 Ge    -7787.33838    
GeGeGeGeSiGeGeSiSiSiSiSiSiSiSiSiSiSiSiSiGeSiSiSiSiSiSiSiSiSiSiSiSiSiSiSiSiSiSiSiSiSiSiSiSiSiSiSiSiSiSiSiSiSiSiSiSiSiSiSi
           7 Ge    -7898.82227    
GeGeGeGeSiGeGeGeSiSiSiSiSiSiSiSiSiSiSiSiGeSiSiSiSiSiSiSiSiSiSiSiSiSiSiSiSiSiSiSiSiSiSiSiSiSiSiSiSiSiSiSiSiSiSiSiSiSiSiSi
           8 Ge    -8044.83838    
GeGeGeGeSiGeGeGeGeSiSiSiSiSiSiSiSiSiSiSiGeSiSiSiSiSiSiSiSiSiSiSiSiSiSiSiSiSiSiSiSiSiSiSiSiSiSiSiSiSiSiSiSiSiSiSiSiSiSiSi
           9 Ge    -7954.98926    
GeGeGeGeSiGeGeGeGeSiSiGeSiSiSiSiSiSiSiSiGeSiSiSiSiSiSiSiSiSiSiSiSiSiSiSiSiSiSiSiSiSiSiSiSiSiSiSiSiSiSiSiSiSiSiSiSiSiSiSi
          12 Ge    -8286.89258    
GeGeGeGeSiGeGeGeGeSiSiGeSiGeSiSiSiSiSiSiGeSiSiSiSiSiSiSiSiSiSiSiSiSiSiSiSiSiSiSiSiSiSiSiSiSiSiSiSiSiSiSiSiSiSiSiSiSiSiSi
          14 Ge    -8673.93750    
GeGeGeGeSiGeGeGeGeSiSiGeSiGeSiGeSiSiSiSiGeSiSiSiSiSiSiSiSiSiSiSiSiSiSiSiSiSiSiSiSiSiSiSiSiSiSiSiSiSiSiSiSiSiSiSiSiSiSiSi
          16 Ge    -8714.26172    
GeGeGeGeSiGeGeGeGeSiSiGeSiGeSiGeSiSiSiSiGeSiSiSiSiGeSiSiSiSiSiSiSiSiSiSiSiSiSiSiSiSiSiSiSiSiSiSiSiSiSiSiSiSiSiSiSiSiSiSi
          26 Ge    -8577.30176    
GeGeGeGeSiGeGeGeGeSiSiGeSiGeSiGeSiSiSiSiGeSiSiSiSiGeSiSiSiGeSiSiSiSiSiSiSiSiSiSiSiSiSiSiSiSiSiSiSiSiSiSiSiSiSiSiSiSiSiSi
          30 Ge    -8488.47559    
GeGeGeGeSiGeGeGeGeSiSiGeSiGeSiGeSiSiSiSiGeSiSiSiSiGeSiSiSiGeSiSiGeSiSiSiSiSiSiSiSiSiSiSiSiSiSiSiSiSiSiSiSiSiSiSiSiSiSiSi
          33 Ge    -8905.20020    
GeGeGeGeSiGeGeGeGeSiSiGeSiGeSiGeSiSiSiSiGeSiSiSiSiGeSiSiSiGeSiSiGeSiSiSiSiSiGeSiSiSiSiSiSiSiSiSiSiSiSiSiSiSiSiSiSiSiSiSi
          39 Ge    -8538.00879    
GeGeGeGeSiGeGeGeGeSiSiGeSiGeSiGeSiSiSiSiGeSiSiSiSiGeSiSiSiGeSiSiGeSiSiSiSiSiGeGeSiSiSiSiSiSiSiSiSiSiSiSiSiSiSiSiSiSiSiSi
          40 Ge    -8095.62598    
GeGeGeGeSiGeGeGeGeSiSiGeSiGeSiGeSiSiSiSiGeSiSiSiSiGeSiSiSiGeSiSiGeSiSiSiSiSiGeGeGeSiSiSiSiSiSiSiSiSiSiSiSiSiSiSiSiSiSiSi
          41 Ge    -8585.72070    
GeGeGeGeSiGeGeGeGeSiSiGeSiGeSiGeSiSiSiSiGeSiSiSiSiGeSiSiSiGeSiSiGeSiSiSiSiSiGeGeGeGeSiSiSiSiSiSiSiSiSiSiSiSiSiSiSiSiSiSi
          42 Ge    -7346.92725    
GeGeGeGeSiGeGeGeGeSiSiGeSiGeSiGeSiSiSiSiGeSiSiSiSiGeSiSiSiGeSiSiGeSiSiSiSiSiGeGeGeGeSiSiSiGeSiSiSiSiSiSiSiSiSiSiSiSiSiSi
          46 Ge    -8062.19043    
GeGeGeGeSiGeGeGeGeSiSiGeSiGeSiGeSiSiSiSiGeSiSiSiSiGeSiSiSiGeSiSiGeSiSiSiSiSiGeGeGeGeSiSiSiGeSiSiSiSiSiSiSiSiSiSiGeSiSiSi
          57 Ge    -9230.55273    
GeGeGeGeSiGeGeGeGeGeSiGeSiGeSiGeSiSiSiSiGeSiSiSiSiGeSiSiSiGeSiSiGeSiSiSiSiSiGeGeGeGeSiSiSiGeSiSiSiSiSiSiSiSiSiSiGeSiSiSi
          10 Ge    -8894.58203    
GeGeGeGeSiGeGeGeGeGeGeGeSiGeSiGeSiSiSiSiGeSiSiSiSiGeSiSiSiGeSiSiGeSiSiSiSiSiGeGeGeGeSiSiSiGeSiSiSiSiSiSiSiSiSiSiGeSiSiSi
          11 Ge    -8547.98242    
GeGeGeGeSiGeGeGeGeGeGeGeGeGeSiGeSiSiSiSiGeSiSiSiSiGeSiSiSiGeSiSiGeSiSiSiSiSiGeGeGeGeSiSiSiGeSiSiSiSiSiSiSiSiSiSiGeSiSiSi
          13 Ge    -7473.33496    
GeGeGeGeSiGeGeGeGeGeGeGeGeGeGeGeSiSiSiSiGeSiSiSiSiGeSiSiSiGeSiSiGeSiSiSiSiSiGeGeGeGeSiSiSiGeSiSiSiSiSiSiSiSiSiSiGeSiSiSi
          15 Ge    -4125.03076    
GeGeGeGeSiGeGeGeGeGeGeGeGeGeGeGeSiGeSiSiGeSiSiSiSiGeSiSiSiGeSiSiGeSiSiSiSiSiGeGeGeGeSiSiSiGeSiSiSiSiSiSiSiSiSiSiGeSiSiSi
          18 Ge    -1362.74951    
GeGeGeGeSiGeGeGeGeGeGeGeGeGeGeGeSiGeSiSiGeSiGeSiSiGeSiSiSiGeSiSiGeSiSiSiSiSiGeGeGeGeSiSiSiGeSiSiSiSiSiSiSiSiSiSiGeSiSiSi
          23 Ge     3268.38281    
GeGeGeGeSiGeGeGeGeGeGeGeGeGeGeGeSiGeSiSiGeSiGeGeSiGeSiSiSiGeSiSiGeSiSiSiSiSiGeGeGeGeSiSiSiGeSiSiSiSiSiSiSiSiSiSiGeSiSiSi
          24 Ge     9165.72461    
GeGeGeGeSiGeGeGeGeGeGeGeGeGeGeGeSiGeSiSiGeSiGeGeGeGeSiSiSiGeSiSiGeSiSiSiSiSiGeGeGeGeSiSiSiGeSiSiSiSiSiSiSiSiSiSiGeSiSiSi
          25 Ge     8294.68945    
GeGeGeGeSiGeGeGeGeGeGeGeGeGeGeGeSiGeSiSiGeSiGeGeGeGeSiGeSiGeSiSiGeSiSiSiSiSiGeGeGeGeSiSiSiGeSiSiSiSiSiSiSiSiSiSiGeSiSiSi
          28 Ge     11201.1406    
GeGeGeGeSiGeGeGeGeGeGeGeGeGeGeGeSiGeSiSiGeSiGeGeGeGeSiGeSiGeSiSiGeSiSiSiGeSiGeGeGeGeSiSiSiGeSiSiSiSiSiSiSiSiSiSiGeSiSiSi
          37 Ge     13004.5566    
GeGeGeGeSiGeGeGeGeGeGeGeGeGeGeGeSiGeSiSiGeSiGeGeGeGeSiGeSiGeSiSiGeSiSiSiGeSiGeGeGeGeSiGeSiGeSiSiSiSiSiSiSiSiSiSiGeSiSiSi
          44 Ge     15042.4824    
GeGeGeGeSiGeGeGeGeGeGeGeGeGeGeGeSiGeSiSiGeSiGeGeGeGeSiGeSiGeSiSiGeSiSiSiGeSiGeGeGeGeSiGeSiGeSiSiSiSiGeSiSiSiSiSiGeSiSiSi
          51 Ge     15745.6250    
GeGeGeGeSiGeGeGeGeGeGeGeGeGeGeGeSiGeSiSiGeSiGeGeGeGeSiGeSiGeSiSiGeSiSiSiGeSiGeGeGeGeSiGeSiGeSiSiSiSiGeSiSiSiSiSiGeGeSiSi
          58 Ge     16487.9238    
==============================================
MonteCarlo: Metropolis with identity changes
Si > Ge, Ge > Si. STOP when occurrence <    0.00000
==============================================
Cost_function     Occurrence %     Scan-Cost
    -4957.5156250000 SiSiGeSiSiGeGeSiSiSiGeGeGeGeSiGeSiGeSiGeGeSiGeGeGeSiGeSiSiGeGeSiGeSiGeGeGeGeGeGeGeSiGeSiGeSiGeSiGeGeGeSiGeGeSiGeSiSiSiSi
    -5316.5771484375 SiSiGeGeSiGeGeSiSiSiGeGeGeGeSiSiSiGeSiGeGeSiGeGeGeSiGeSiSiGeGeSiGeSiGeGeGeGeGeGeGeSiGeSiGeSiGeSiGeGeGeSiGeGeSiGeSiSiSiSi
    -6279.4741210938 SiSiGeSiSiGeGeSiGeSiGeSiGeGeSiSiSiGeGeGeGeSiGeGeGeSiGeSiSiGeGeSiGeGeGeSiSiGeSiGeGeSiGeGeGeGeGeSiSiSiGeGeGeGeSiGeSiSiSiGe
    -6458.3525390625 SiSiGeSiGeGeGeSiGeSiSiSiGeGeSiSiSiGeGeGeGeSiGeGeGeSiGeGeSiGeGeSiGeGeGeSiSiGeSiGeSiSiGeGeGeGeGeSiSiSiGeGeGeGeSiGeSiSiSiGe
    -6458.3525390625 SiSiGeSiGeGeGeSiGeSiSiSiGeGeSiSiSiGeGeGeGeSiGeGeGeSiGeGeSiGeGeSiGeGeGeSiSiGeSiGeSiSiGeGeGeGeGeSiSiSiGeGeGeGeSiGeSiSiSiGe
    -8213.1347656250 SiSiGeSiGeGeGeSiGeSiSiSiGeGeSiSiSiGeGeGeGeSiGeGeGeSiGeGeSiGeGeSiGeGeSiSiSiGeSiGeGeSiGeGeGeGeGeSiSiSiGeGeGeGeSiGeSiSiSiGe
    -8213.1347656250 SiSiGeSiGeGeGeSiGeSiSiSiGeGeSiSiSiGeGeGeGeSiGeGeGeSiGeGeSiGeGeSiGeGeSiSiSiGeSiGeGeSiGeGeGeGeGeSiSiSiGeGeGeGeSiGeSiSiSiGe
    -8213.1347656250 SiSiGeSiGeGeGeSiGeSiSiSiGeGeSiSiSiGeGeGeGeSiGeGeGeSiGeGeSiGeGeSiGeGeSiSiSiGeSiGeGeSiGeGeGeGeGeSiSiSiGeGeGeGeSiGeSiSiSiGe
   -11318.0595703125 GeSiGeSiGeGeGeSiGeSiSiSiSiGeSiSiSiGeSiSiGeGeGeGeGeSiGeGeSiGeGeSiGeGeSiSiGeGeSiGeGeGeGeGeGeGeSiSiSiSiGeGeSiGeGeSiGeSiSiGe
   -11318.0595703125 GeSiGeSiGeGeGeSiGeSiSiSiSiGeSiSiSiGeSiSiGeGeGeGeGeSiGeGeSiGeGeSiGeGeSiSiGeGeSiGeGeGeGeGeGeGeSiSiSiSiGeGeSiGeGeSiGeSiSiGe
   -11318.0595703125 GeSiGeSiGeGeGeSiGeSiSiSiSiGeSiSiSiGeSiSiGeGeGeGeGeSiGeGeSiGeGeSiGeGeSiSiGeGeSiGeGeGeGeGeGeGeSiSiSiSiGeGeSiGeGeSiGeSiSiGe
   -11318.0595703125 GeSiGeSiGeGeGeSiGeSiSiSiSiGeSiSiSiGeSiSiGeGeGeGeGeSiGeGeSiGeGeSiGeGeSiSiGeGeSiGeGeGeGeGeGeGeSiSiSiSiGeGeSiGeGeSiGeSiSiGe
   -11318.0595703125 GeSiGeSiGeGeGeSiGeSiSiSiSiGeSiSiSiGeSiSiGeGeGeGeGeSiGeGeSiGeGeSiGeGeSiSiGeGeSiGeGeGeGeGeGeGeSiSiSiSiGeGeSiGeGeSiGeSiSiGe
   -11318.0595703125 GeSiGeSiGeGeGeSiGeSiSiSiSiGeSiSiSiGeSiSiGeGeGeGeGeSiGeGeSiGeGeSiGeGeSiSiGeGeSiGeGeGeGeGeGeGeSiSiSiSiGeGeSiGeGeSiGeSiSiGe
   -11318.0595703125 GeSiGeSiGeGeGeSiGeSiSiSiSiGeSiSiSiGeSiSiGeGeGeGeGeSiGeGeSiGeGeSiGeGeSiSiGeGeSiGeGeGeGeGeGeGeSiSiSiSiGeGeSiGeGeSiGeSiSiGe
   -11318.0595703125 GeSiGeSiGeGeGeSiGeSiSiSiSiGeSiSiSiGeSiSiGeGeGeGeGeSiGeGeSiGeGeSiGeGeSiSiGeGeSiGeGeGeGeGeGeGeSiSiSiSiGeGeSiGeGeSiGeSiSiGe
   -12732.8310546875 GeSiGeSiGeGeGeSiGeSiSiSiSiGeSiSiSiGeSiSiGeGeGeGeGeSiGeGeSiGeGeSiGeGeSiSiGeGeSiGeGeGeGeGeGeSiGeSiSiSiGeGeSiGeGeSiGeSiSiGe
   -12732.8310546875 GeSiGeSiGeGeGeSiGeSiSiSiSiGeSiSiSiGeSiSiGeGeGeGeGeSiGeGeSiGeGeSiGeGeSiSiGeGeSiGeGeGeGeGeGeSiGeSiSiSiGeGeSiGeGeSiGeSiSiGe
   -12732.8310546875 GeSiGeSiGeGeGeSiGeSiSiSiSiGeSiSiSiGeSiSiGeGeGeGeGeSiGeGeSiGeGeSiGeGeSiSiGeGeSiGeGeGeGeGeGeSiGeSiSiSiGeGeSiGeGeSiGeSiSiGe
   -13033.3310546875 GeSiGeSiGeGeGeSiGeGeSiSiSiGeSiSiSiGeSiGeGeSiGeGeGeSiGeGeSiGeGeSiGeGeSiSiGeGeSiGeGeSiGeGeSiSiGeSiSiSiGeGeGeGeGeSiGeSiSiGe
   -14760.5429687500 GeSiGeSiGeGeGeSiGeGeSiSiSiGeSiGeSiGeSiGeGeSiGeGeGeSiGeGeSiGeSiSiGeGeSiSiGeGeSiGeSiSiGeGeSiSiGeSiSiSiGeGeGeGeGeSiGeSiGeGe
   -16106.8789062500 GeSiGeSiGeGeGeSiGeGeSiSiSiGeSiGeGeGeSiGeGeSiGeGeGeSiGeGeSiGeSiSiGeGeSiSiGeGeSiGeSiSiGeGeSiSiGeSiSiSiGeSiGeGeGeSiGeSiGeGe
   -16106.8789062500 GeSiGeSiGeGeGeSiGeGeSiSiSiGeSiGeGeGeSiGeGeSiGeGeGeSiGeGeSiGeSiSiGeGeSiSiGeGeSiGeSiSiGeGeSiSiGeSiSiSiGeSiGeGeGeSiGeSiGeGe
   -16106.8789062500 GeSiGeSiGeGeGeSiGeGeSiSiSiGeSiGeGeGeSiGeGeSiGeGeGeSiGeGeSiGeSiSiGeGeSiSiGeGeSiGeSiSiGeGeSiSiGeSiSiSiGeSiGeGeGeSiGeSiGeGe
   -16106.8789062500 GeSiGeSiGeGeGeSiGeGeSiSiSiGeSiGeGeGeSiGeGeSiGeGeGeSiGeGeSiGeSiSiGeGeSiSiGeGeSiGeSiSiGeGeSiSiGeSiSiSiGeSiGeGeGeSiGeSiGeGe
   -16106.8789062500 GeSiGeSiGeGeGeSiGeGeSiSiSiGeSiGeGeGeSiGeGeSiGeGeGeSiGeGeSiGeSiSiGeGeSiSiGeGeSiGeSiSiGeGeSiSiGeSiSiSiGeSiGeGeGeSiGeSiGeGe
   -16106.8789062500 GeSiGeSiGeGeGeSiGeGeSiSiSiGeSiGeGeGeSiGeGeSiGeGeGeSiGeGeSiGeSiSiGeGeSiSiGeGeSiGeSiSiGeGeSiSiGeSiSiSiGeSiGeGeGeSiGeSiGeGe
   -16106.8789062500 GeSiGeSiGeGeGeSiGeGeSiSiSiGeSiGeGeGeSiGeGeSiGeGeGeSiGeGeSiGeSiSiGeGeSiSiGeGeSiGeSiSiGeGeSiSiGeSiSiSiGeSiGeGeGeSiGeSiGeGe
   -17472.6875000000 GeSiGeSiSiGeGeSiGeGeSiSiSiGeSiGeGeGeSiGeGeSiGeGeGeSiGeSiSiGeSiSiGeGeSiSiGeGeSiGeSiSiGeGeSiGeGeSiSiGeGeSiGeGeGeSiGeSiGeGe
   -17472.6875000000 GeSiGeSiSiGeGeSiGeGeSiSiSiGeSiGeGeGeSiGeGeSiGeGeGeSiGeSiSiGeSiSiGeGeSiSiGeGeSiGeSiSiGeGeSiGeGeSiSiGeGeSiGeGeGeSiGeSiGeGe
   -17472.6875000000 GeSiGeSiSiGeGeSiGeGeSiSiSiGeSiGeGeGeSiGeGeSiGeGeGeSiGeSiSiGeSiSiGeGeSiSiGeGeSiGeSiSiGeGeSiGeGeSiSiGeGeSiGeGeGeSiGeSiGeGe
   -20760.2929687500 GeGeGeSiSiGeGeGeGeSiSiSiSiGeGeGeGeSiSiGeGeGeGeSiSiSiGeSiSiGeSiSiGeGeSiSiSiSiSiGeGeGeGeGeSiGeGeSiSiGeGeSiGeGeGeSiGeSiGeGe
   -20760.2929687500 GeGeGeSiSiGeGeGeGeSiSiSiSiGeGeGeGeSiSiGeGeGeGeSiSiSiGeSiSiGeSiSiGeGeSiSiSiSiSiGeGeGeGeGeSiGeGeSiSiGeGeSiGeGeGeSiGeSiGeGe
   -20760.2929687500 GeGeGeSiSiGeGeGeGeSiSiSiSiGeGeGeGeSiSiGeGeGeGeSiSiSiGeSiSiGeSiSiGeGeSiSiSiSiSiGeGeGeGeGeSiGeGeSiSiGeGeSiGeGeGeSiGeSiGeGe
   -20760.2929687500 GeGeGeSiSiGeGeGeGeSiSiSiSiGeGeGeGeSiSiGeGeGeGeSiSiSiGeSiSiGeSiSiGeGeSiSiSiSiSiGeGeGeGeGeSiGeGeSiSiGeGeSiGeGeGeSiGeSiGeGe
   -20760.2929687500 GeGeGeSiSiGeGeGeGeSiSiSiSiGeGeGeGeSiSiGeGeGeGeSiSiSiGeSiSiGeSiSiGeGeSiSiSiSiSiGeGeGeGeGeSiGeGeSiSiGeGeSiGeGeGeSiGeSiGeGe
   -21374.6835937500 GeGeGeSiSiGeGeGeGeSiSiSiSiGeGeGeSiSiSiGeGeGeGeGeSiSiSiSiSiGeSiSiGeGeSiSiGeSiSiGeGeGeGeGeSiSiGeSiSiGeGeSiGeGeGeSiGeGeGeGe
   -21374.6835937500 GeGeGeSiSiGeGeGeGeSiSiSiSiGeGeGeSiSiSiGeGeGeGeGeSiSiSiSiSiGeSiSiGeGeSiSiGeSiSiGeGeGeGeGeSiSiGeSiSiGeGeSiGeGeGeSiGeGeGeGe
   -21374.6835937500 GeGeGeSiSiGeGeGeGeSiSiSiSiGeGeGeSiSiSiGeGeGeGeGeSiSiSiSiSiGeSiSiGeGeSiSiGeSiSiGeGeGeGeGeSiSiGeSiSiGeGeSiGeGeGeSiGeGeGeGe
   -21374.6835937500 GeGeGeSiSiGeGeGeGeSiSiSiSiGeGeGeSiSiSiGeGeGeGeGeSiSiSiSiSiGeSiSiGeGeSiSiGeSiSiGeGeGeGeGeSiSiGeSiSiGeGeSiGeGeGeSiGeGeGeGe
   -21374.6835937500 GeGeGeSiSiGeGeGeGeSiSiSiSiGeGeGeSiSiSiGeGeGeGeGeSiSiSiSiSiGeSiSiGeGeSiSiGeSiSiGeGeGeGeGeSiSiGeSiSiGeGeSiGeGeGeSiGeGeGeGe
   -24584.7265625000 GeGeGeSiSiGeGeGeGeSiSiSiSiGeGeGeSiGeSiSiGeGeGeGeGeSiGeSiSiSiSiSiGeGeSiSiGeSiSiGeGeSiGeGeSiSiGeSiSiGeGeSiSiGeGeGeGeGeGeGe
   -24584.7265625000 GeGeGeSiSiGeGeGeGeSiSiSiSiGeGeGeSiGeSiSiGeGeGeGeGeSiGeSiSiSiSiSiGeGeSiSiGeSiSiGeGeSiGeGeSiSiGeSiSiGeGeSiSiGeGeGeGeGeGeGe
   -24584.7265625000 GeGeGeSiSiGeGeGeGeSiSiSiSiGeGeGeSiGeSiSiGeGeGeGeGeSiGeSiSiSiSiSiGeGeSiSiGeSiSiGeGeSiGeGeSiSiGeSiSiGeGeSiSiGeGeGeGeGeGeGe
   -24584.7265625000 GeGeGeSiSiGeGeGeGeSiSiSiSiGeGeGeSiGeSiSiGeGeGeGeGeSiGeSiSiSiSiSiGeGeSiSiGeSiSiGeGeSiGeGeSiSiGeSiSiGeGeSiSiGeGeGeGeGeGeGe
   -24584.7265625000 GeGeGeSiSiGeGeGeGeSiSiSiSiGeGeGeSiGeSiSiGeGeGeGeGeSiGeSiSiSiSiSiGeGeSiSiGeSiSiGeGeSiGeGeSiSiGeSiSiGeGeSiSiGeGeGeGeGeGeGe
   -24584.7265625000 GeGeGeSiSiGeGeGeGeSiSiSiSiGeGeGeSiGeSiSiGeGeGeGeGeSiGeSiSiSiSiSiGeGeSiSiGeSiSiGeGeSiGeGeSiSiGeSiSiGeGeSiSiGeGeGeGeGeGeGe
   -24584.7265625000 GeGeGeSiSiGeGeGeGeSiSiSiSiGeGeGeSiGeSiSiGeGeGeGeGeSiGeSiSiSiSiSiGeGeSiSiGeSiSiGeGeSiGeGeSiSiGeSiSiGeGeSiSiGeGeGeGeGeGeGe
   -25108.8671875000 GeGeGeSiSiGeGeSiGeSiSiSiSiGeGeGeSiGeSiSiGeGeGeGeGeSiGeSiSiGeSiSiGeGeSiSiGeSiSiGeGeSiGeGeSiSiGeSiSiGeGeSiSiGeGeGeGeGeGeGe
   -25108.8671875000 GeGeGeSiSiGeGeSiGeSiSiSiSiGeGeGeSiGeSiSiGeGeGeGeGeSiGeSiSiGeSiSiGeGeSiSiGeSiSiGeGeSiGeGeSiSiGeSiSiGeGeSiSiGeGeGeGeGeGeGe
   -25108.8671875000 GeGeGeSiSiGeGeSiGeSiSiSiSiGeGeGeSiGeSiSiGeGeGeGeGeSiGeSiSiGeSiSiGeGeSiSiGeSiSiGeGeSiGeGeSiSiGeSiSiGeGeSiSiGeGeGeGeGeGeGe
   -25108.8671875000 GeGeGeSiSiGeGeSiGeSiSiSiSiGeGeGeSiGeSiSiGeGeGeGeGeSiGeSiSiGeSiSiGeGeSiSiGeSiSiGeGeSiGeGeSiSiGeSiSiGeGeSiSiGeGeGeGeGeGeGe
   -25161.2148437500 GeGeGeSiGeGeGeSiGeSiSiSiSiGeGeGeSiGeSiSiGeGeGeGeGeSiGeSiSiGeSiSiSiGeSiSiGeSiSiGeGeSiGeGeSiSiGeSiSiGeGeSiSiGeGeGeGeGeGeGe
   -25161.2148437500 GeGeGeSiGeGeGeSiGeSiSiSiSiGeGeGeSiGeSiSiGeGeGeGeGeSiGeSiSiGeSiSiSiGeSiSiGeSiSiGeGeSiGeGeSiSiGeSiSiGeGeSiSiGeGeGeGeGeGeGe
   -25869.0039062500 GeGeGeSiGeGeGeSiGeSiSiSiSiGeGeGeSiGeSiSiGeGeGeGeGeSiGeSiSiGeSiSiGeGeSiSiGeSiSiGeGeSiGeGeSiSiGeSiSiGeSiSiSiGeGeGeGeGeGeGe
   -25869.0039062500 GeGeGeSiGeGeGeSiGeSiSiSiSiGeGeGeSiGeSiSiGeGeGeGeGeSiGeSiSiGeSiSiGeGeSiSiGeSiSiGeGeSiGeGeSiSiGeSiSiGeSiSiSiGeGeGeGeGeGeGe
   -25869.0039062500 GeGeGeSiGeGeGeSiGeSiSiSiSiGeGeGeSiGeSiSiGeGeGeGeGeSiGeSiSiGeSiSiGeGeSiSiGeSiSiGeGeSiGeGeSiSiGeSiSiGeSiSiSiGeGeGeGeGeGeGe
   -25869.0039062500 GeGeGeSiGeGeGeSiGeSiSiSiSiGeGeGeSiGeSiSiGeGeGeGeGeSiGeSiSiGeSiSiGeGeSiSiGeSiSiGeGeSiGeGeSiSiGeSiSiGeSiSiSiGeGeGeGeGeGeGe
   -25869.0039062500 GeGeGeSiGeGeGeSiGeSiSiSiSiGeGeGeSiGeSiSiGeGeGeGeGeSiGeSiSiGeSiSiGeGeSiSiGeSiSiGeGeSiGeGeSiSiGeSiSiGeSiSiSiGeGeGeGeGeGeGe
   -25907.6406250000 GeGeGeSiGeGeGeSiGeSiSiSiSiGeGeGeSiGeGeSiGeGeGeGeGeSiGeSiSiGeSiSiGeGeSiSiGeSiSiGeGeSiSiGeSiSiGeSiSiGeSiSiSiGeGeGeGeGeGeGe
   -25907.6406250000 GeGeGeSiGeGeGeSiGeSiSiSiSiGeGeGeSiGeGeSiGeGeGeGeGeSiGeSiSiGeSiSiGeGeSiSiGeSiSiGeGeSiSiGeSiSiGeSiSiGeSiSiSiGeGeGeGeGeGeGe
   -25907.6406250000 GeGeGeSiGeGeGeSiGeSiSiSiSiGeGeGeSiGeGeSiGeGeGeGeGeSiGeSiSiGeSiSiGeGeSiSiGeSiSiGeGeSiSiGeSiSiGeSiSiGeSiSiSiGeGeGeGeGeGeGe
   -25907.6406250000 GeGeGeSiGeGeGeSiGeSiSiSiSiGeGeGeSiGeGeSiGeGeGeGeGeSiGeSiSiGeSiSiGeGeSiSiGeSiSiGeGeSiSiGeSiSiGeSiSiGeSiSiSiGeGeGeGeGeGeGe
   -25907.6406250000 GeGeGeSiGeGeGeSiGeSiSiSiSiGeGeGeSiGeGeSiGeGeGeGeGeSiGeSiSiGeSiSiGeGeSiSiGeSiSiGeGeSiSiGeSiSiGeSiSiGeSiSiSiGeGeGeGeGeGeGe
   -25907.6406250000 GeGeGeSiGeGeGeSiGeSiSiSiSiGeGeGeSiGeGeSiGeGeGeGeGeSiGeSiSiGeSiSiGeGeSiSiGeSiSiGeGeSiSiGeSiSiGeSiSiGeSiSiSiGeGeGeGeGeGeGe
   -25907.6406250000 GeGeGeSiGeGeGeSiGeSiSiSiSiGeGeGeSiGeGeSiGeGeGeGeGeSiGeSiSiGeSiSiGeGeSiSiGeSiSiGeGeSiSiGeSiSiGeSiSiGeSiSiSiGeGeGeGeGeGeGe
   -25907.6406250000 GeGeGeSiGeGeGeSiGeSiSiSiSiGeGeGeSiGeGeSiGeGeGeGeGeSiGeSiSiGeSiSiGeGeSiSiGeSiSiGeGeSiSiGeSiSiGeSiSiGeSiSiSiGeGeGeGeGeGeGe
   -25907.6406250000 GeGeGeSiGeGeGeSiGeSiSiSiSiGeGeGeSiGeGeSiGeGeGeGeGeSiGeSiSiGeSiSiGeGeSiSiGeSiSiGeGeSiSiGeSiSiGeSiSiGeSiSiSiGeGeGeGeGeGeGe
   -25907.6406250000 GeGeGeSiGeGeGeSiGeSiSiSiSiGeGeGeSiGeGeSiGeGeGeGeGeSiGeSiSiGeSiSiGeGeSiSiGeSiSiGeGeSiSiGeSiSiGeSiSiGeSiSiSiGeGeGeGeGeGeGe
   -26567.3281250000 GeGeGeSiGeGeGeSiGeSiSiSiSiGeGeGeSiGeSiSiGeGeGeGeGeSiGeSiSiGeGeSiGeGeSiSiGeSiSiGeGeSiSiGeSiSiGeSiSiGeSiSiSiGeGeGeGeGeGeGe
   -26567.3281250000 GeGeGeSiGeGeGeSiGeSiSiSiSiGeGeGeSiGeSiSiGeGeGeGeGeSiGeSiSiGeGeSiGeGeSiSiGeSiSiGeGeSiSiGeSiSiGeSiSiGeSiSiSiGeGeGeGeGeGeGe
   -26567.3281250000 GeGeGeSiGeGeGeSiGeSiSiSiSiGeGeGeSiGeSiSiGeGeGeGeGeSiGeSiSiGeGeSiGeGeSiSiGeSiSiGeGeSiSiGeSiSiGeSiSiGeSiSiSiGeGeGeGeGeGeGe
   -26567.3281250000 GeGeGeSiGeGeGeSiGeSiSiSiSiGeGeGeSiGeSiSiGeGeGeGeGeSiGeSiSiGeGeSiGeGeSiSiGeSiSiGeGeSiSiGeSiSiGeSiSiGeSiSiSiGeGeGeGeGeGeGe
   -26567.3281250000 GeGeGeSiGeGeGeSiGeSiSiSiSiGeGeGeSiGeSiSiGeGeGeGeGeSiGeSiSiGeGeSiGeGeSiSiGeSiSiGeGeSiSiGeSiSiGeSiSiGeSiSiSiGeGeGeGeGeGeGe
   -26567.3281250000 GeGeGeSiGeGeGeSiGeSiSiSiSiGeGeGeSiGeSiSiGeGeGeGeGeSiGeSiSiGeGeSiGeGeSiSiGeSiSiGeGeSiSiGeSiSiGeSiSiGeSiSiSiGeGeGeGeGeGeGe
   -26567.3281250000 GeGeGeSiGeGeGeSiGeSiSiSiSiGeGeGeSiGeSiSiGeGeGeGeGeSiGeSiSiGeGeSiGeGeSiSiGeSiSiGeGeSiSiGeSiSiGeSiSiGeSiSiSiGeGeGeGeGeGeGe
   -26567.3281250000 GeGeGeSiGeGeGeSiGeSiSiSiSiGeGeGeSiGeSiSiGeGeGeGeGeSiGeSiSiGeGeSiGeGeSiSiGeSiSiGeGeSiSiGeSiSiGeSiSiGeSiSiSiGeGeGeGeGeGeGe
   -26567.3281250000 GeGeGeSiGeGeGeSiGeSiSiSiSiGeGeGeSiGeSiSiGeGeGeGeGeSiGeSiSiGeGeSiGeGeSiSiGeSiSiGeGeSiSiGeSiSiGeSiSiGeSiSiSiGeGeGeGeGeGeGe
   -26567.3281250000 GeGeGeSiGeGeGeSiGeSiSiSiSiGeGeGeSiGeSiSiGeGeGeGeGeSiGeSiSiGeGeSiGeGeSiSiGeSiSiGeGeSiSiGeSiSiGeSiSiGeSiSiSiGeGeGeGeGeGeGe
   -26567.3281250000 GeGeGeSiGeGeGeSiGeSiSiSiSiGeGeGeSiGeSiSiGeGeGeGeGeSiGeSiSiGeGeSiGeGeSiSiGeSiSiGeGeSiSiGeSiSiGeSiSiGeSiSiSiGeGeGeGeGeGeGe
   -26567.3281250000 GeGeGeSiGeGeGeSiGeSiSiSiSiGeGeGeSiGeSiSiGeGeGeGeGeSiGeSiSiGeGeSiGeGeSiSiGeSiSiGeGeSiSiGeSiSiGeSiSiGeSiSiSiGeGeGeGeGeGeGe
   -26567.3281250000 GeGeGeSiGeGeGeSiGeSiSiSiSiGeGeGeSiGeSiSiGeGeGeGeGeSiGeSiSiGeGeSiGeGeSiSiGeSiSiGeGeSiSiGeSiSiGeSiSiGeSiSiSiGeGeGeGeGeGeGe
   -26567.3281250000 GeGeGeSiGeGeGeSiGeSiSiSiSiGeGeGeSiGeSiSiGeGeGeGeGeSiGeSiSiGeGeSiGeGeSiSiGeSiSiGeGeSiSiGeSiSiGeSiSiGeSiSiSiGeGeGeGeGeGeGe
   -26567.3281250000 GeGeGeSiGeGeGeSiGeSiSiSiSiGeGeGeSiGeSiSiGeGeGeGeGeSiGeSiSiGeGeSiGeGeSiSiGeSiSiGeGeSiSiGeSiSiGeSiSiGeSiSiSiGeGeGeGeGeGeGe
   -26567.3281250000 GeGeGeSiGeGeGeSiGeSiSiSiSiGeGeGeSiGeSiSiGeGeGeGeGeSiGeSiSiGeGeSiGeGeSiSiGeSiSiGeGeSiSiGeSiSiGeSiSiGeSiSiSiGeGeGeGeGeGeGe
   -26567.3281250000 GeGeGeSiGeGeGeSiGeSiSiSiSiGeGeGeSiGeSiSiGeGeGeGeGeSiGeSiSiGeGeSiGeGeSiSiGeSiSiGeGeSiSiGeSiSiGeSiSiGeSiSiSiGeGeGeGeGeGeGe
   -26567.3281250000 GeGeGeSiGeGeGeSiGeSiSiSiSiGeGeGeSiGeSiSiGeGeGeGeGeSiGeSiSiGeGeSiGeGeSiSiGeSiSiGeGeSiSiGeSiSiGeSiSiGeSiSiSiGeGeGeGeGeGeGe
   -26567.3281250000 GeGeGeSiGeGeGeSiGeSiSiSiSiGeGeGeSiGeSiSiGeGeGeGeGeSiGeSiSiGeGeSiGeGeSiSiGeSiSiGeGeSiSiGeSiSiGeSiSiGeSiSiSiGeGeGeGeGeGeGe
   -26567.3281250000 GeGeGeSiGeGeGeSiGeSiSiSiSiGeGeGeSiGeSiSiGeGeGeGeGeSiGeSiSiGeGeSiGeGeSiSiGeSiSiGeGeSiSiGeSiSiGeSiSiGeSiSiSiGeGeGeGeGeGeGe
   -26567.3281250000 GeGeGeSiGeGeGeSiGeSiSiSiSiGeGeGeSiGeSiSiGeGeGeGeGeSiGeSiSiGeGeSiGeGeSiSiGeSiSiGeGeSiSiGeSiSiGeSiSiGeSiSiSiGeGeGeGeGeGeGe
   -26567.3281250000 GeGeGeSiGeGeGeSiGeSiSiSiSiGeGeGeSiGeSiSiGeGeGeGeGeSiGeSiSiGeGeSiGeGeSiSiGeSiSiGeGeSiSiGeSiSiGeSiSiGeSiSiSiGeGeGeGeGeGeGe
   -26567.3281250000 GeGeGeSiGeGeGeSiGeSiSiSiSiGeGeGeSiGeSiSiGeGeGeGeGeSiGeSiSiGeGeSiGeGeSiSiGeSiSiGeGeSiSiGeSiSiGeSiSiGeSiSiSiGeGeGeGeGeGeGe
   -26567.3281250000 GeGeGeSiGeGeGeSiGeSiSiSiSiGeGeGeSiGeSiSiGeGeGeGeGeSiGeSiSiGeGeSiGeGeSiSiGeSiSiGeGeSiSiGeSiSiGeSiSiGeSiSiSiGeGeGeGeGeGeGe
   -26567.3281250000 GeGeGeSiGeGeGeSiGeSiSiSiSiGeGeGeSiGeSiSiGeGeGeGeGeSiGeSiSiGeGeSiGeGeSiSiGeSiSiGeGeSiSiGeSiSiGeSiSiGeSiSiSiGeGeGeGeGeGeGe
   -26567.3281250000 GeGeGeSiGeGeGeSiGeSiSiSiSiGeGeGeSiGeSiSiGeGeGeGeGeSiGeSiSiGeGeSiGeGeSiSiGeSiSiGeGeSiSiGeSiSiGeSiSiGeSiSiSiGeGeGeGeGeGeGe
   -26567.3281250000 GeGeGeSiGeGeGeSiGeSiSiSiSiGeGeGeSiGeSiSiGeGeGeGeGeSiGeSiSiGeGeSiGeGeSiSiGeSiSiGeGeSiSiGeSiSiGeSiSiGeSiSiSiGeGeGeGeGeGeGe
   -26567.3281250000 GeGeGeSiGeGeGeSiGeSiSiSiSiGeGeGeSiGeSiSiGeGeGeGeGeSiGeSiSiGeGeSiGeGeSiSiGeSiSiGeGeSiSiGeSiSiGeSiSiGeSiSiSiGeGeGeGeGeGeGe
   -26567.3281250000 GeGeGeSiGeGeGeSiGeSiSiSiSiGeGeGeSiGeSiSiGeGeGeGeGeSiGeSiSiGeGeSiGeGeSiSiGeSiSiGeGeSiSiGeSiSiGeSiSiGeSiSiSiGeGeGeGeGeGeGe
   -26567.3281250000 GeGeGeSiGeGeGeSiGeSiSiSiSiGeGeGeSiGeSiSiGeGeGeGeGeSiGeSiSiGeGeSiGeGeSiSiGeSiSiGeGeSiSiGeSiSiGeSiSiGeSiSiSiGeGeGeGeGeGeGe
   -26567.3281250000 GeGeGeSiGeGeGeSiGeSiSiSiSiGeGeGeSiGeSiSiGeGeGeGeGeSiGeSiSiGeGeSiGeGeSiSiGeSiSiGeGeSiSiGeSiSiGeSiSiGeSiSiSiGeGeGeGeGeGeGe
   -26567.3281250000 GeGeGeSiGeGeGeSiGeSiSiSiSiGeGeGeSiGeSiSiGeGeGeGeGeSiGeSiSiGeGeSiGeGeSiSiGeSiSiGeGeSiSiGeSiSiGeSiSiGeSiSiSiGeGeGeGeGeGeGe
   -26567.3281250000 GeGeGeSiGeGeGeSiGeSiSiSiSiGeGeGeSiGeSiSiGeGeGeGeGeSiGeSiSiGeGeSiGeGeSiSiGeSiSiGeGeSiSiGeSiSiGeSiSiGeSiSiSiGeGeGeGeGeGeGe
   -26567.3281250000 GeGeGeSiGeGeGeSiGeSiSiSiSiGeGeGeSiGeSiSiGeGeGeGeGeSiGeSiSiGeGeSiGeGeSiSiGeSiSiGeGeSiSiGeSiSiGeSiSiGeSiSiSiGeGeGeGeGeGeGe
   -26567.3281250000 GeGeGeSiGeGeGeSiGeSiSiSiSiGeGeGeSiGeSiSiGeGeGeGeGeSiGeSiSiGeGeSiGeGeSiSiGeSiSiGeGeSiSiGeSiSiGeSiSiGeSiSiSiGeGeGeGeGeGeGe
   -26567.3281250000 GeGeGeSiGeGeGeSiGeSiSiSiSiGeGeGeSiGeSiSiGeGeGeGeGeSiGeSiSiGeGeSiGeGeSiSiGeSiSiGeGeSiSiGeSiSiGeSiSiGeSiSiSiGeGeGeGeGeGeGe
   -26567.3281250000 GeGeGeSiGeGeGeSiGeSiSiSiSiGeGeGeSiGeSiSiGeGeGeGeGeSiGeSiSiGeGeSiGeGeSiSiGeSiSiGeGeSiSiGeSiSiGeSiSiGeSiSiSiGeGeGeGeGeGeGe
   -26567.3281250000 GeGeGeSiGeGeGeSiGeSiSiSiSiGeGeGeSiGeSiSiGeGeGeGeGeSiGeSiSiGeGeSiGeGeSiSiGeSiSiGeGeSiSiGeSiSiGeSiSiGeSiSiSiGeGeGeGeGeGeGe
   -26567.3281250000 GeGeGeSiGeGeGeSiGeSiSiSiSiGeGeGeSiGeSiSiGeGeGeGeGeSiGeSiSiGeGeSiGeGeSiSiGeSiSiGeGeSiSiGeSiSiGeSiSiGeSiSiSiGeGeGeGeGeGeGe
   -26567.3281250000 GeGeGeSiGeGeGeSiGeSiSiSiSiGeGeGeSiGeSiSiGeGeGeGeGeSiGeSiSiGeGeSiGeGeSiSiGeSiSiGeGeSiSiGeSiSiGeSiSiGeSiSiSiGeGeGeGeGeGeGe
   -26567.3281250000 GeGeGeSiGeGeGeSiGeSiSiSiSiGeGeGeSiGeSiSiGeGeGeGeGeSiGeSiSiGeGeSiGeGeSiSiGeSiSiGeGeSiSiGeSiSiGeSiSiGeSiSiSiGeGeGeGeGeGeGe
   -26567.3281250000 GeGeGeSiGeGeGeSiGeSiSiSiSiGeGeGeSiGeSiSiGeGeGeGeGeSiGeSiSiGeGeSiGeGeSiSiGeSiSiGeGeSiSiGeSiSiGeSiSiGeSiSiSiGeGeGeGeGeGeGe
   -26567.3281250000 GeGeGeSiGeGeGeSiGeSiSiSiSiGeGeGeSiGeSiSiGeGeGeGeGeSiGeSiSiGeGeSiGeGeSiSiGeSiSiGeGeSiSiGeSiSiGeSiSiGeSiSiSiGeGeGeGeGeGeGe
   -26567.3281250000 GeGeGeSiGeGeGeSiGeSiSiSiSiGeGeGeSiGeSiSiGeGeGeGeGeSiGeSiSiGeGeSiGeGeSiSiGeSiSiGeGeSiSiGeSiSiGeSiSiGeSiSiSiGeGeGeGeGeGeGe
   -26567.3281250000 GeGeGeSiGeGeGeSiGeSiSiSiSiGeGeGeSiGeSiSiGeGeGeGeGeSiGeSiSiGeGeSiGeGeSiSiGeSiSiGeGeSiSiGeSiSiGeSiSiGeSiSiSiGeGeGeGeGeGeGe
   -26567.3281250000 GeGeGeSiGeGeGeSiGeSiSiSiSiGeGeGeSiGeSiSiGeGeGeGeGeSiGeSiSiGeGeSiGeGeSiSiGeSiSiGeGeSiSiGeSiSiGeSiSiGeSiSiSiGeGeGeGeGeGeGe
   -26567.3281250000 GeGeGeSiGeGeGeSiGeSiSiSiSiGeGeGeSiGeSiSiGeGeGeGeGeSiGeSiSiGeGeSiGeGeSiSiGeSiSiGeGeSiSiGeSiSiGeSiSiGeSiSiSiGeGeGeGeGeGeGe
   -26567.3281250000 GeGeGeSiGeGeGeSiGeSiSiSiSiGeGeGeSiGeSiSiGeGeGeGeGeSiGeSiSiGeGeSiGeGeSiSiGeSiSiGeGeSiSiGeSiSiGeSiSiGeSiSiSiGeGeGeGeGeGeGe
   -26567.3281250000 GeGeGeSiGeGeGeSiGeSiSiSiSiGeGeGeSiGeSiSiGeGeGeGeGeSiGeSiSiGeGeSiGeGeSiSiGeSiSiGeGeSiSiGeSiSiGeSiSiGeSiSiSiGeGeGeGeGeGeGe
   -26567.3281250000 GeGeGeSiGeGeGeSiGeSiSiSiSiGeGeGeSiGeSiSiGeGeGeGeGeSiGeSiSiGeGeSiGeGeSiSiGeSiSiGeGeSiSiGeSiSiGeSiSiGeSiSiSiGeGeGeGeGeGeGe
   -26567.3281250000 GeGeGeSiGeGeGeSiGeSiSiSiSiGeGeGeSiGeSiSiGeGeGeGeGeSiGeSiSiGeGeSiGeGeSiSiGeSiSiGeGeSiSiGeSiSiGeSiSiGeSiSiSiGeGeGeGeGeGeGe
   -26567.3281250000 GeGeGeSiGeGeGeSiGeSiSiSiSiGeGeGeSiGeSiSiGeGeGeGeGeSiGeSiSiGeGeSiGeGeSiSiGeSiSiGeGeSiSiGeSiSiGeSiSiGeSiSiSiGeGeGeGeGeGeGe
   -26567.3281250000 GeGeGeSiGeGeGeSiGeSiSiSiSiGeGeGeSiGeSiSiGeGeGeGeGeSiGeSiSiGeGeSiGeGeSiSiGeSiSiGeGeSiSiGeSiSiGeSiSiGeSiSiSiGeGeGeGeGeGeGe
   -26567.3281250000 GeGeGeSiGeGeGeSiGeSiSiSiSiGeGeGeSiGeSiSiGeGeGeGeGeSiGeSiSiGeGeSiGeGeSiSiGeSiSiGeGeSiSiGeSiSiGeSiSiGeSiSiSiGeGeGeGeGeGeGe
   -26567.3281250000 GeGeGeSiGeGeGeSiGeSiSiSiSiGeGeGeSiGeSiSiGeGeGeGeGeSiGeSiSiGeGeSiGeGeSiSiGeSiSiGeGeSiSiGeSiSiGeSiSiGeSiSiSiGeGeGeGeGeGeGe
   -26567.3281250000 GeGeGeSiGeGeGeSiGeSiSiSiSiGeGeGeSiGeSiSiGeGeGeGeGeSiGeSiSiGeGeSiGeGeSiSiGeSiSiGeGeSiSiGeSiSiGeSiSiGeSiSiSiGeGeGeGeGeGeGe
   -26567.3281250000 GeGeGeSiGeGeGeSiGeSiSiSiSiGeGeGeSiGeSiSiGeGeGeGeGeSiGeSiSiGeGeSiGeGeSiSiGeSiSiGeGeSiSiGeSiSiGeSiSiGeSiSiSiGeGeGeGeGeGeGe
   -26567.3281250000 GeGeGeSiGeGeGeSiGeSiSiSiSiGeGeGeSiGeSiSiGeGeGeGeGeSiGeSiSiGeGeSiGeGeSiSiGeSiSiGeGeSiSiGeSiSiGeSiSiGeSiSiSiGeGeGeGeGeGeGe
   -26567.3281250000 GeGeGeSiGeGeGeSiGeSiSiSiSiGeGeGeSiGeSiSiGeGeGeGeGeSiGeSiSiGeGeSiGeGeSiSiGeSiSiGeGeSiSiGeSiSiGeSiSiGeSiSiSiGeGeGeGeGeGeGe
   -26567.3281250000 GeGeGeSiGeGeGeSiGeSiSiSiSiGeGeGeSiGeSiSiGeGeGeGeGeSiGeSiSiGeGeSiGeGeSiSiGeSiSiGeGeSiSiGeSiSiGeSiSiGeSiSiSiGeGeGeGeGeGeGe
   -26567.3281250000 GeGeGeSiGeGeGeSiGeSiSiSiSiGeGeGeSiGeSiSiGeGeGeGeGeSiGeSiSiGeGeSiGeGeSiSiGeSiSiGeGeSiSiGeSiSiGeSiSiGeSiSiSiGeGeGeGeGeGeGe
   -26567.3281250000 GeGeGeSiGeGeGeSiGeSiSiSiSiGeGeGeSiGeSiSiGeGeGeGeGeSiGeSiSiGeGeSiGeGeSiSiGeSiSiGeGeSiSiGeSiSiGeSiSiGeSiSiSiGeGeGeGeGeGeGe
   -26567.3281250000 GeGeGeSiGeGeGeSiGeSiSiSiSiGeGeGeSiGeSiSiGeGeGeGeGeSiGeSiSiGeGeSiGeGeSiSiGeSiSiGeGeSiSiGeSiSiGeSiSiGeSiSiSiGeGeGeGeGeGeGe
   -26567.3281250000 GeGeGeSiGeGeGeSiGeSiSiSiSiGeGeGeSiGeSiSiGeGeGeGeGeSiGeSiSiGeGeSiGeGeSiSiGeSiSiGeGeSiSiGeSiSiGeSiSiGeSiSiSiGeGeGeGeGeGeGe
   -26567.3281250000 GeGeGeSiGeGeGeSiGeSiSiSiSiGeGeGeSiGeSiSiGeGeGeGeGeSiGeSiSiGeGeSiGeGeSiSiGeSiSiGeGeSiSiGeSiSiGeSiSiGeSiSiSiGeGeGeGeGeGeGe
   -26567.3281250000 GeGeGeSiGeGeGeSiGeSiSiSiSiGeGeGeSiGeSiSiGeGeGeGeGeSiGeSiSiGeGeSiGeGeSiSiGeSiSiGeGeSiSiGeSiSiGeSiSiGeSiSiSiGeGeGeGeGeGeGe
   -26567.3281250000 GeGeGeSiGeGeGeSiGeSiSiSiSiGeGeGeSiGeSiSiGeGeGeGeGeSiGeSiSiGeGeSiGeGeSiSiGeSiSiGeGeSiSiGeSiSiGeSiSiGeSiSiSiGeGeGeGeGeGeGe
   -26567.3281250000 GeGeGeSiGeGeGeSiGeSiSiSiSiGeGeGeSiGeSiSiGeGeGeGeGeSiGeSiSiGeGeSiGeGeSiSiGeSiSiGeGeSiSiGeSiSiGeSiSiGeSiSiSiGeGeGeGeGeGeGe
   -26567.3281250000 GeGeGeSiGeGeGeSiGeSiSiSiSiGeGeGeSiGeSiSiGeGeGeGeGeSiGeSiSiGeGeSiGeGeSiSiGeSiSiGeGeSiSiGeSiSiGeSiSiGeSiSiSiGeGeGeGeGeGeGe
   -26567.3281250000 GeGeGeSiGeGeGeSiGeSiSiSiSiGeGeGeSiGeSiSiGeGeGeGeGeSiGeSiSiGeGeSiGeGeSiSiGeSiSiGeGeSiSiGeSiSiGeSiSiGeSiSiSiGeGeGeGeGeGeGe
   -26567.3281250000 GeGeGeSiGeGeGeSiGeSiSiSiSiGeGeGeSiGeSiSiGeGeGeGeGeSiGeSiSiGeGeSiGeGeSiSiGeSiSiGeGeSiSiGeSiSiGeSiSiGeSiSiSiGeGeGeGeGeGeGe
   -26567.3281250000 GeGeGeSiGeGeGeSiGeSiSiSiSiGeGeGeSiGeSiSiGeGeGeGeGeSiGeSiSiGeGeSiGeGeSiSiGeSiSiGeGeSiSiGeSiSiGeSiSiGeSiSiSiGeGeGeGeGeGeGe
   -26567.3281250000 GeGeGeSiGeGeGeSiGeSiSiSiSiGeGeGeSiGeSiSiGeGeGeGeGeSiGeSiSiGeGeSiGeGeSiSiGeSiSiGeGeSiSiGeSiSiGeSiSiGeSiSiSiGeGeGeGeGeGeGe
   -26567.3281250000 GeGeGeSiGeGeGeSiGeSiSiSiSiGeGeGeSiGeSiSiGeGeGeGeGeSiGeSiSiGeGeSiGeGeSiSiGeSiSiGeGeSiSiGeSiSiGeSiSiGeSiSiSiGeGeGeGeGeGeGe
   -26567.3281250000 GeGeGeSiGeGeGeSiGeSiSiSiSiGeGeGeSiGeSiSiGeGeGeGeGeSiGeSiSiGeGeSiGeGeSiSiGeSiSiGeGeSiSiGeSiSiGeSiSiGeSiSiSiGeGeGeGeGeGeGe
   -26567.3281250000 GeGeGeSiGeGeGeSiGeSiSiSiSiGeGeGeSiGeSiSiGeGeGeGeGeSiGeSiSiGeGeSiGeGeSiSiGeSiSiGeGeSiSiGeSiSiGeSiSiGeSiSiSiGeGeGeGeGeGeGe
   -26567.3281250000 GeGeGeSiGeGeGeSiGeSiSiSiSiGeGeGeSiGeSiSiGeGeGeGeGeSiGeSiSiGeGeSiGeGeSiSiGeSiSiGeGeSiSiGeSiSiGeSiSiGeSiSiSiGeGeGeGeGeGeGe
   -26567.3281250000 GeGeGeSiGeGeGeSiGeSiSiSiSiGeGeGeSiGeSiSiGeGeGeGeGeSiGeSiSiGeGeSiGeGeSiSiGeSiSiGeGeSiSiGeSiSiGeSiSiGeSiSiSiGeGeGeGeGeGeGe
   -26567.3281250000 GeGeGeSiGeGeGeSiGeSiSiSiSiGeGeGeSiGeSiSiGeGeGeGeGeSiGeSiSiGeGeSiGeGeSiSiGeSiSiGeGeSiSiGeSiSiGeSiSiGeSiSiSiGeGeGeGeGeGeGe
   -26567.3281250000 GeGeGeSiGeGeGeSiGeSiSiSiSiGeGeGeSiGeSiSiGeGeGeGeGeSiGeSiSiGeGeSiGeGeSiSiGeSiSiGeGeSiSiGeSiSiGeSiSiGeSiSiSiGeGeGeGeGeGeGe
   -26567.3281250000 GeGeGeSiGeGeGeSiGeSiSiSiSiGeGeGeSiGeSiSiGeGeGeGeGeSiGeSiSiGeGeSiGeGeSiSiGeSiSiGeGeSiSiGeSiSiGeSiSiGeSiSiSiGeGeGeGeGeGeGe
   -26567.3281250000 GeGeGeSiGeGeGeSiGeSiSiSiSiGeGeGeSiGeSiSiGeGeGeGeGeSiGeSiSiGeGeSiGeGeSiSiGeSiSiGeGeSiSiGeSiSiGeSiSiGeSiSiSiGeGeGeGeGeGeGe
   -26567.3281250000 GeGeGeSiGeGeGeSiGeSiSiSiSiGeGeGeSiGeSiSiGeGeGeGeGeSiGeSiSiGeGeSiGeGeSiSiGeSiSiGeGeSiSiGeSiSiGeSiSiGeSiSiSiGeGeGeGeGeGeGe
   -26567.3281250000 GeGeGeSiGeGeGeSiGeSiSiSiSiGeGeGeSiGeSiSiGeGeGeGeGeSiGeSiSiGeGeSiGeGeSiSiGeSiSiGeGeSiSiGeSiSiGeSiSiGeSiSiSiGeGeGeGeGeGeGe
   -26567.3281250000 GeGeGeSiGeGeGeSiGeSiSiSiSiGeGeGeSiGeSiSiGeGeGeGeGeSiGeSiSiGeGeSiGeGeSiSiGeSiSiGeGeSiSiGeSiSiGeSiSiGeSiSiSiGeGeGeGeGeGeGe
   -26567.3281250000 GeGeGeSiGeGeGeSiGeSiSiSiSiGeGeGeSiGeSiSiGeGeGeGeGeSiGeSiSiGeGeSiGeGeSiSiGeSiSiGeGeSiSiGeSiSiGeSiSiGeSiSiSiGeGeGeGeGeGeGe
   -26567.3281250000 GeGeGeSiGeGeGeSiGeSiSiSiSiGeGeGeSiGeSiSiGeGeGeGeGeSiGeSiSiGeGeSiGeGeSiSiGeSiSiGeGeSiSiGeSiSiGeSiSiGeSiSiSiGeGeGeGeGeGeGe
   -26567.3281250000 GeGeGeSiGeGeGeSiGeSiSiSiSiGeGeGeSiGeSiSiGeGeGeGeGeSiGeSiSiGeGeSiGeGeSiSiGeSiSiGeGeSiSiGeSiSiGeSiSiGeSiSiSiGeGeGeGeGeGeGe
   -26567.3281250000 GeGeGeSiGeGeGeSiGeSiSiSiSiGeGeGeSiGeSiSiGeGeGeGeGeSiGeSiSiGeGeSiGeGeSiSiGeSiSiGeGeSiSiGeSiSiGeSiSiGeSiSiSiGeGeGeGeGeGeGe
   -26567.3281250000 GeGeGeSiGeGeGeSiGeSiSiSiSiGeGeGeSiGeSiSiGeGeGeGeGeSiGeSiSiGeGeSiGeGeSiSiGeSiSiGeGeSiSiGeSiSiGeSiSiGeSiSiSiGeGeGeGeGeGeGe
   -26567.3281250000 GeGeGeSiGeGeGeSiGeSiSiSiSiGeGeGeSiGeSiSiGeGeGeGeGeSiGeSiSiGeGeSiGeGeSiSiGeSiSiGeGeSiSiGeSiSiGeSiSiGeSiSiSiGeGeGeGeGeGeGe
   -26567.3281250000 GeGeGeSiGeGeGeSiGeSiSiSiSiGeGeGeSiGeSiSiGeGeGeGeGeSiGeSiSiGeGeSiGeGeSiSiGeSiSiGeGeSiSiGeSiSiGeSiSiGeSiSiSiGeGeGeGeGeGeGe
   -26567.3281250000 GeGeGeSiGeGeGeSiGeSiSiSiSiGeGeGeSiGeSiSiGeGeGeGeGeSiGeSiSiGeGeSiGeGeSiSiGeSiSiGeGeSiSiGeSiSiGeSiSiGeSiSiSiGeGeGeGeGeGeGe
   -26567.3281250000 GeGeGeSiGeGeGeSiGeSiSiSiSiGeGeGeSiGeSiSiGeGeGeGeGeSiGeSiSiGeGeSiGeGeSiSiGeSiSiGeGeSiSiGeSiSiGeSiSiGeSiSiSiGeGeGeGeGeGeGe
   -26567.3281250000 GeGeGeSiGeGeGeSiGeSiSiSiSiGeGeGeSiGeSiSiGeGeGeGeGeSiGeSiSiGeGeSiGeGeSiSiGeSiSiGeGeSiSiGeSiSiGeSiSiGeSiSiSiGeGeGeGeGeGeGe
   -26567.3281250000 GeGeGeSiGeGeGeSiGeSiSiSiSiGeGeGeSiGeSiSiGeGeGeGeGeSiGeSiSiGeGeSiGeGeSiSiGeSiSiGeGeSiSiGeSiSiGeSiSiGeSiSiSiGeGeGeGeGeGeGe
   -26567.3281250000 GeGeGeSiGeGeGeSiGeSiSiSiSiGeGeGeSiGeSiSiGeGeGeGeGeSiGeSiSiGeGeSiGeGeSiSiGeSiSiGeGeSiSiGeSiSiGeSiSiGeSiSiSiGeGeGeGeGeGeGe
   -26567.3281250000 GeGeGeSiGeGeGeSiGeSiSiSiSiGeGeGeSiGeSiSiGeGeGeGeGeSiGeSiSiGeGeSiGeGeSiSiGeSiSiGeGeSiSiGeSiSiGeSiSiGeSiSiSiGeGeGeGeGeGeGe
   -26567.3281250000 GeGeGeSiGeGeGeSiGeSiSiSiSiGeGeGeSiGeSiSiGeGeGeGeGeSiGeSiSiGeGeSiGeGeSiSiGeSiSiGeGeSiSiGeSiSiGeSiSiGeSiSiSiGeGeGeGeGeGeGe
   -26567.3281250000 GeGeGeSiGeGeGeSiGeSiSiSiSiGeGeGeSiGeSiSiGeGeGeGeGeSiGeSiSiGeGeSiGeGeSiSiGeSiSiGeGeSiSiGeSiSiGeSiSiGeSiSiSiGeGeGeGeGeGeGe
   -26567.3281250000 GeGeGeSiGeGeGeSiGeSiSiSiSiGeGeGeSiGeSiSiGeGeGeGeGeSiGeSiSiGeGeSiGeGeSiSiGeSiSiGeGeSiSiGeSiSiGeSiSiGeSiSiSiGeGeGeGeGeGeGe
   -26567.3281250000 GeGeGeSiGeGeGeSiGeSiSiSiSiGeGeGeSiGeSiSiGeGeGeGeGeSiGeSiSiGeGeSiGeGeSiSiGeSiSiGeGeSiSiGeSiSiGeSiSiGeSiSiSiGeGeGeGeGeGeGe
   -26567.3281250000 GeGeGeSiGeGeGeSiGeSiSiSiSiGeGeGeSiGeSiSiGeGeGeGeGeSiGeSiSiGeGeSiGeGeSiSiGeSiSiGeGeSiSiGeSiSiGeSiSiGeSiSiSiGeGeGeGeGeGeGe
   -26567.3281250000 GeGeGeSiGeGeGeSiGeSiSiSiSiGeGeGeSiGeSiSiGeGeGeGeGeSiGeSiSiGeGeSiGeGeSiSiGeSiSiGeGeSiSiGeSiSiGeSiSiGeSiSiSiGeGeGeGeGeGeGe
   -26567.3281250000 GeGeGeSiGeGeGeSiGeSiSiSiSiGeGeGeSiGeSiSiGeGeGeGeGeSiGeSiSiGeGeSiGeGeSiSiGeSiSiGeGeSiSiGeSiSiGeSiSiGeSiSiSiGeGeGeGeGeGeGe
   -26567.3281250000 GeGeGeSiGeGeGeSiGeSiSiSiSiGeGeGeSiGeSiSiGeGeGeGeGeSiGeSiSiGeGeSiGeGeSiSiGeSiSiGeGeSiSiGeSiSiGeSiSiGeSiSiSiGeGeGeGeGeGeGe
   -26567.3281250000 GeGeGeSiGeGeGeSiGeSiSiSiSiGeGeGeSiGeSiSiGeGeGeGeGeSiGeSiSiGeGeSiGeGeSiSiGeSiSiGeGeSiSiGeSiSiGeSiSiGeSiSiSiGeGeGeGeGeGeGe
   -26567.3281250000 GeGeGeSiGeGeGeSiGeSiSiSiSiGeGeGeSiGeSiSiGeGeGeGeGeSiGeSiSiGeGeSiGeGeSiSiGeSiSiGeGeSiSiGeSiSiGeSiSiGeSiSiSiGeGeGeGeGeGeGe
   -26567.3281250000 GeGeGeSiGeGeGeSiGeSiSiSiSiGeGeGeSiGeSiSiGeGeGeGeGeSiGeSiSiGeGeSiGeGeSiSiGeSiSiGeGeSiSiGeSiSiGeSiSiGeSiSiSiGeGeGeGeGeGeGe
   -26567.3281250000 GeGeGeSiGeGeGeSiGeSiSiSiSiGeGeGeSiGeSiSiGeGeGeGeGeSiGeSiSiGeGeSiGeGeSiSiGeSiSiGeGeSiSiGeSiSiGeSiSiGeSiSiSiGeGeGeGeGeGeGe
   -26567.3281250000 GeGeGeSiGeGeGeSiGeSiSiSiSiGeGeGeSiGeSiSiGeGeGeGeGeSiGeSiSiGeGeSiGeGeSiSiGeSiSiGeGeSiSiGeSiSiGeSiSiGeSiSiSiGeGeGeGeGeGeGe
   -26567.3281250000 GeGeGeSiGeGeGeSiGeSiSiSiSiGeGeGeSiGeSiSiGeGeGeGeGeSiGeSiSiGeGeSiGeGeSiSiGeSiSiGeGeSiSiGeSiSiGeSiSiGeSiSiSiGeGeGeGeGeGeGe
   -26567.3281250000 GeGeGeSiGeGeGeSiGeSiSiSiSiGeGeGeSiGeSiSiGeGeGeGeGeSiGeSiSiGeGeSiGeGeSiSiGeSiSiGeGeSiSiGeSiSiGeSiSiGeSiSiSiGeGeGeGeGeGeGe
   -26567.3281250000 GeGeGeSiGeGeGeSiGeSiSiSiSiGeGeGeSiGeSiSiGeGeGeGeGeSiGeSiSiGeGeSiGeGeSiSiGeSiSiGeGeSiSiGeSiSiGeSiSiGeSiSiSiGeGeGeGeGeGeGe
   -26567.3281250000 GeGeGeSiGeGeGeSiGeSiSiSiSiGeGeGeSiGeSiSiGeGeGeGeGeSiGeSiSiGeGeSiGeGeSiSiGeSiSiGeGeSiSiGeSiSiGeSiSiGeSiSiSiGeGeGeGeGeGeGe
   -26567.3281250000 GeGeGeSiGeGeGeSiGeSiSiSiSiGeGeGeSiGeSiSiGeGeGeGeGeSiGeSiSiGeGeSiGeGeSiSiGeSiSiGeGeSiSiGeSiSiGeSiSiGeSiSiSiGeGeGeGeGeGeGe
   -26567.3281250000 GeGeGeSiGeGeGeSiGeSiSiSiSiGeGeGeSiGeSiSiGeGeGeGeGeSiGeSiSiGeGeSiGeGeSiSiGeSiSiGeGeSiSiGeSiSiGeSiSiGeSiSiSiGeGeGeGeGeGeGe
   -26567.3281250000 GeGeGeSiGeGeGeSiGeSiSiSiSiGeGeGeSiGeSiSiGeGeGeGeGeSiGeSiSiGeGeSiGeGeSiSiGeSiSiGeGeSiSiGeSiSiGeSiSiGeSiSiSiGeGeGeGeGeGeGe
   -26567.3281250000 GeGeGeSiGeGeGeSiGeSiSiSiSiGeGeGeSiGeSiSiGeGeGeGeGeSiGeSiSiGeGeSiGeGeSiSiGeSiSiGeGeSiSiGeSiSiGeSiSiGeSiSiSiGeGeGeGeGeGeGe
   -26567.3281250000 GeGeGeSiGeGeGeSiGeSiSiSiSiGeGeGeSiGeSiSiGeGeGeGeGeSiGeSiSiGeGeSiGeGeSiSiGeSiSiGeGeSiSiGeSiSiGeSiSiGeSiSiSiGeGeGeGeGeGeGe
   -26567.3281250000 GeGeGeSiGeGeGeSiGeSiSiSiSiGeGeGeSiGeSiSiGeGeGeGeGeSiGeSiSiGeGeSiGeGeSiSiGeSiSiGeGeSiSiGeSiSiGeSiSiGeSiSiSiGeGeGeGeGeGeGe
   -26567.3281250000 GeGeGeSiGeGeGeSiGeSiSiSiSiGeGeGeSiGeSiSiGeGeGeGeGeSiGeSiSiGeGeSiGeGeSiSiGeSiSiGeGeSiSiGeSiSiGeSiSiGeSiSiSiGeGeGeGeGeGeGe
   -26567.3281250000 GeGeGeSiGeGeGeSiGeSiSiSiSiGeGeGeSiGeSiSiGeGeGeGeGeSiGeSiSiGeGeSiGeGeSiSiGeSiSiGeGeSiSiGeSiSiGeSiSiGeSiSiSiGeGeGeGeGeGeGe
   -26567.3281250000 GeGeGeSiGeGeGeSiGeSiSiSiSiGeGeGeSiGeSiSiGeGeGeGeGeSiGeSiSiGeGeSiGeGeSiSiGeSiSiGeGeSiSiGeSiSiGeSiSiGeSiSiSiGeGeGeGeGeGeGe
   -26567.3281250000 GeGeGeSiGeGeGeSiGeSiSiSiSiGeGeGeSiGeSiSiGeGeGeGeGeSiGeSiSiGeGeSiGeGeSiSiGeSiSiGeGeSiSiGeSiSiGeSiSiGeSiSiSiGeGeGeGeGeGeGe
   -26567.3281250000 GeGeGeSiGeGeGeSiGeSiSiSiSiGeGeGeSiGeSiSiGeGeGeGeGeSiGeSiSiGeGeSiGeGeSiSiGeSiSiGeGeSiSiGeSiSiGeSiSiGeSiSiSiGeGeGeGeGeGeGe
   -26567.3281250000 GeGeGeSiGeGeGeSiGeSiSiSiSiGeGeGeSiGeSiSiGeGeGeGeGeSiGeSiSiGeGeSiGeGeSiSiGeSiSiGeGeSiSiGeSiSiGeSiSiGeSiSiSiGeGeGeGeGeGeGe
   -26567.3281250000 GeGeGeSiGeGeGeSiGeSiSiSiSiGeGeGeSiGeSiSiGeGeGeGeGeSiGeSiSiGeGeSiGeGeSiSiGeSiSiGeGeSiSiGeSiSiGeSiSiGeSiSiSiGeGeGeGeGeGeGe
   -26567.3281250000 GeGeGeSiGeGeGeSiGeSiSiSiSiGeGeGeSiGeSiSiGeGeGeGeGeSiGeSiSiGeGeSiGeGeSiSiGeSiSiGeGeSiSiGeSiSiGeSiSiGeSiSiSiGeGeGeGeGeGeGe
   -26567.3281250000 GeGeGeSiGeGeGeSiGeSiSiSiSiGeGeGeSiGeSiSiGeGeGeGeGeSiGeSiSiGeGeSiGeGeSiSiGeSiSiGeGeSiSiGeSiSiGeSiSiGeSiSiSiGeGeGeGeGeGeGe
   -26567.3281250000 GeGeGeSiGeGeGeSiGeSiSiSiSiGeGeGeSiGeSiSiGeGeGeGeGeSiGeSiSiGeGeSiGeGeSiSiGeSiSiGeGeSiSiGeSiSiGeSiSiGeSiSiSiGeGeGeGeGeGeGe
   -26567.3281250000 GeGeGeSiGeGeGeSiGeSiSiSiSiGeGeGeSiGeSiSiGeGeGeGeGeSiGeSiSiGeGeSiGeGeSiSiGeSiSiGeGeSiSiGeSiSiGeSiSiGeSiSiSiGeGeGeGeGeGeGe
filename: c000000829568432.gin     
Cell:
    11.9020996    11.9020996    29.6919994    90.0000000    90.0000000   120.0000000
Box:
    11.9020996    -5.9510503     0.0000000
     0.0000000    10.3075209     0.0000000
     0.0000000     0.0000000    29.6919994
----------------------------------------
Inverse Box:
     0.0840188     0.0485083     0.0000000
     0.0000000     0.0970165     0.0000000
     0.0000000     0.0000000     0.0336791
----------------------------------------
==============================================
geometrical properties of  34 Ge:
 Configuration:           0
 D_ave:   9.18076611       3.52081752    
 D_min:   3.13592482      0.368821412    
 energia:  -26567.3281    
