Random Seed:  1187142318
Number of atoms:    60
Space Group:    1
Cell:
    11.9020996    11.9020996    29.6919994    90.0000000    90.0000000   120.0000000
Box:
    11.9020996    -5.9510503     0.0000000
     0.0000000    10.3075209     0.0000000
     0.0000000     0.0000000    29.6919994
----------------------------------------
Inverse Box:
     0.0840188     0.0485083     0.0000000
     0.0000000     0.0970165     0.0000000
     0.0000000     0.0000000     0.0336791
----------------------------------------
GeSiSiSiSiSiSiSiSiSiSiSiSiSiSiSiSiSiSiSiSiSiSiSiSiSiSiSiSiSiSiSiSiSiSiSiSiSiGeSiSiSiSiSiSiSiSiSiSiSiSiSiSiSiSiSiSiSiSiSi
           1 Ge    -7733.49805    
GeGeSiSiSiSiSiSiSiSiSiSiSiSiSiSiSiSiSiSiSiSiSiSiSiSiSiSiSiSiSiSiSiSiSiSiSiSiGeSiSiSiSiSiSiSiSiSiSiSiSiSiSiSiSiSiSiSiSiSi
           2 Ge    -7727.44824    
GeGeGeSiSiSiSiSiSiSiSiSiSiSiSiSiSiSiSiSiSiSiSiSiSiSiSiSiSiSiSiSiSiSiSiSiSiSiGeSiSiSiSiSiSiSiSiSiSiSiSiSiSiSiSiSiSiSiSiSi
           3 Ge    -7721.31152    
GeGeGeGeSiSiSiSiSiSiSiSiSiSiSiSiSiSiSiSiSiSiSiSiSiSiSiSiSiSiSiSiSiSiSiSiSiSiGeSiSiSiSiSiSiSiSiSiSiSiSiSiSiSiSiSiSiSiSiSi
           4 Ge    -7744.36621    
GeGeGeGeGeSiSiSiSiSiSiSiSiSiSiSiSiSiSiSiSiSiSiSiSiSiSiSiSiSiSiSiSiSiSiSiSiSiGeSiSiSiSiSiSiSiSiSiSiSiSiSiSiSiSiSiSiSiSiSi
           5 Ge    -7785.99316    
GeGeGeGeGeGeSiSiSiSiSiSiSiSiSiSiSiSiSiSiSiSiSiSiSiSiSiSiSiSiSiSiSiSiSiSiSiSiGeSiSiSiSiSiSiSiSiSiSiSiSiSiSiSiSiSiSiSiSiSi
           6 Ge    -7852.15186    
GeGeGeGeGeGeGeSiSiSiSiSiSiSiSiSiSiSiSiSiSiSiSiSiSiSiSiSiSiSiSiSiSiSiSiSiSiSiGeSiSiSiSiSiSiSiSiSiSiSiSiSiSiSiSiSiSiSiSiSi
           7 Ge    -8017.77002    
GeGeGeGeGeGeGeGeSiSiSiSiSiSiSiSiSiSiSiSiSiSiSiSiSiSiSiSiSiSiSiSiSiSiSiSiSiSiGeSiSiSiSiSiSiSiSiSiSiSiSiSiSiSiSiSiSiSiSiSi
           8 Ge    -8219.34082    
GeGeGeGeGeGeGeGeSiSiSiGeSiSiSiSiSiSiSiSiSiSiSiSiSiSiSiSiSiSiSiSiSiSiSiSiSiSiGeSiSiSiSiSiSiSiSiSiSiSiSiSiSiSiSiSiSiSiSiSi
          12 Ge    -8548.23438    
GeGeGeGeGeGeGeGeSiSiSiGeSiSiSiGeSiSiSiSiSiSiSiSiSiSiSiSiSiSiSiSiSiSiSiSiSiSiGeSiSiSiSiSiSiSiSiSiSiSiSiSiSiSiSiSiSiSiSiSi
          16 Ge    -8933.29102    
GeGeGeGeGeGeGeGeSiSiSiGeSiSiSiGeSiSiSiSiSiSiSiSiSiGeSiSiSiSiSiSiSiSiSiSiSiSiGeSiSiSiSiSiSiSiSiSiSiSiSiSiSiSiSiSiSiSiSiSi
          26 Ge    -8921.33203    
GeGeGeGeGeGeGeGeSiSiSiGeSiSiSiGeSiSiSiSiSiSiSiSiSiGeSiSiSiGeSiSiSiSiSiSiSiSiGeSiSiSiSiSiSiSiSiSiSiSiSiSiSiSiSiSiSiSiSiSi
          30 Ge    -8964.20508    
GeGeGeGeGeGeGeGeSiSiSiGeSiSiSiGeSiSiSiSiSiSiSiSiSiGeSiSiSiGeSiSiGeSiSiSiSiSiGeSiSiSiSiSiSiSiSiSiSiSiSiSiSiSiSiSiSiSiSiSi
          33 Ge    -9522.06543    
GeGeGeGeGeGeGeGeSiSiSiGeSiSiSiGeSiSiSiSiSiSiSiSiSiGeSiSiSiGeSiSiGeSiSiGeSiSiGeSiSiSiSiSiSiSiSiSiSiSiSiSiSiSiSiSiSiSiSiSi
          36 Ge    -9498.68945    
GeGeGeGeGeGeGeGeSiSiSiGeSiSiSiGeSiSiSiSiSiSiSiSiSiGeSiSiSiGeSiSiGeSiSiGeSiSiGeGeSiSiSiSiSiSiSiSiSiSiSiSiSiSiSiSiSiSiSiSi
          40 Ge    -9671.79590    
GeGeGeGeGeGeGeGeSiSiSiGeSiSiSiGeSiSiSiSiSiSiSiSiSiGeSiSiSiGeSiSiGeSiSiGeSiSiGeGeSiGeSiSiSiSiSiSiSiSiSiSiSiSiSiSiSiSiSiSi
          42 Ge    -8416.00684    
GeGeGeGeGeGeGeGeSiSiSiGeSiSiSiGeSiSiSiSiSiSiSiSiSiGeSiSiSiGeSiSiGeSiSiGeSiSiGeGeSiGeSiSiGeSiSiSiSiSiSiSiSiSiSiSiSiSiSiSi
          45 Ge    -8915.39453    
GeGeGeGeGeGeGeGeSiSiSiGeSiSiSiGeSiSiSiSiSiSiSiSiSiGeSiSiSiGeSiSiGeSiSiGeSiSiGeGeSiGeSiSiGeGeSiSiSiSiSiSiSiSiSiSiSiSiSiSi
          46 Ge    -9097.63379    
GeGeGeGeGeGeGeGeSiSiSiGeSiSiSiGeSiSiSiSiSiSiSiSiSiGeSiSiSiGeSiSiGeSiSiGeSiSiGeGeSiGeSiSiGeGeSiSiSiSiSiSiSiSiSiSiGeSiSiSi
          57 Ge    -10232.6211    
GeGeGeGeGeGeGeGeSiGeSiGeSiSiSiGeSiSiSiSiSiSiSiSiSiGeSiSiSiGeSiSiGeSiSiGeSiSiGeGeSiGeSiSiGeGeSiSiSiSiSiSiSiSiSiSiGeSiSiSi
          10 Ge    -9510.37891    
GeGeGeGeGeGeGeGeSiGeGeGeSiSiSiGeSiSiSiSiSiSiSiSiSiGeSiSiSiGeSiSiGeSiSiGeSiSiGeGeSiGeSiSiGeGeSiSiSiSiSiSiSiSiSiSiGeSiSiSi
          11 Ge    -10380.8457    
GeGeGeGeGeGeGeGeSiGeGeGeGeSiSiGeSiSiSiSiSiSiSiSiSiGeSiSiSiGeSiSiGeSiSiGeSiSiGeGeSiGeSiSiGeGeSiSiSiSiSiSiSiSiSiSiGeSiSiSi
          13 Ge    -9216.20508    
GeGeGeGeGeGeGeGeSiGeGeGeGeGeSiGeSiSiSiSiSiSiSiSiSiGeSiSiSiGeSiSiGeSiSiGeSiSiGeGeSiGeSiSiGeGeSiSiSiSiSiSiSiSiSiSiGeSiSiSi
          14 Ge    -7029.72949    
GeGeGeGeGeGeGeGeSiGeGeGeGeGeGeGeSiSiSiSiSiSiSiSiSiGeSiSiSiGeSiSiGeSiSiGeSiSiGeGeSiGeSiSiGeGeSiSiSiSiSiSiSiSiSiSiGeSiSiSi
          15 Ge    -5181.40527    
GeGeGeGeGeGeGeGeSiGeGeGeGeGeGeGeSiSiSiSiSiSiGeSiSiGeSiSiSiGeSiSiGeSiSiGeSiSiGeGeSiGeSiSiGeGeSiSiSiSiSiSiSiSiSiSiGeSiSiSi
          23 Ge    -907.562012    
GeGeGeGeGeGeGeGeSiGeGeGeGeGeGeGeSiSiSiSiSiSiGeGeSiGeSiSiSiGeSiSiGeSiSiGeSiSiGeGeSiGeSiSiGeGeSiSiSiSiSiSiSiSiSiSiGeSiSiSi
          24 Ge     5267.60107    
GeGeGeGeGeGeGeGeSiGeGeGeGeGeGeGeSiSiSiSiSiSiGeGeSiGeSiGeSiGeSiSiGeSiSiGeSiSiGeGeSiGeSiSiGeGeSiSiSiSiSiSiSiSiSiSiGeSiSiSi
          28 Ge     8488.70703    
GeGeGeGeGeGeGeGeSiGeGeGeGeGeGeGeSiSiSiSiSiSiGeGeSiGeSiGeSiGeSiSiGeSiSiGeSiSiGeGeSiGeSiGeGeGeSiSiSiSiSiSiSiSiSiSiGeSiSiSi
          44 Ge     9690.25391    
GeGeGeGeGeGeGeGeSiGeGeGeGeGeGeGeSiSiSiSiSiSiGeGeSiGeSiGeSiGeSiSiGeSiSiGeSiSiGeGeSiGeSiGeGeGeSiSiSiSiGeSiSiSiSiSiGeSiSiSi
          51 Ge     9491.10156    
GeGeGeGeGeGeGeGeSiGeGeGeGeGeGeGeSiSiSiSiSiSiGeGeSiGeSiGeSiGeSiSiGeSiSiGeSiSiGeGeSiGeSiGeGeGeSiSiSiSiGeSiSiSiSiSiGeGeSiSi
          58 Ge     12607.1953    
GeGeGeGeGeGeGeGeGeGeGeGeGeGeGeGeSiSiSiSiSiSiGeGeSiGeSiGeSiGeSiSiGeSiSiGeSiSiGeGeSiGeSiGeGeGeSiSiSiSiGeSiSiSiSiSiGeGeSiSi
           9 Ge     16611.2051    
GeGeGeGeGeGeGeGeGeGeGeGeGeGeGeGeGeSiSiSiSiSiGeGeSiGeSiGeSiGeSiSiGeSiSiGeSiSiGeGeSiGeSiGeGeGeSiSiSiSiGeSiSiSiSiSiGeGeSiSi
          17 Ge     22356.9941    
GeGeGeGeGeGeGeGeGeGeGeGeGeGeGeGeGeGeSiSiSiSiGeGeSiGeSiGeSiGeSiSiGeSiSiGeSiSiGeGeSiGeSiGeGeGeSiSiSiSiGeSiSiSiSiSiGeGeSiSi
          18 Ge     26729.0645    
GeGeGeGeGeGeGeGeGeGeGeGeGeGeGeGeGeGeSiSiGeSiGeGeSiGeSiGeSiGeSiSiGeSiSiGeSiSiGeGeSiGeSiGeGeGeSiSiSiSiGeSiSiSiSiSiGeGeSiSi
          21 Ge     38059.0469    
GeGeGeGeGeGeGeGeGeGeGeGeGeGeGeGeGeGeSiSiGeGeGeGeSiGeSiGeSiGeSiSiGeSiSiGeSiSiGeGeSiGeSiGeGeGeSiSiSiSiGeSiSiSiSiSiGeGeSiSi
          22 Ge     47819.5234    
==============================================
MonteCarlo: Metropolis with identity changes
Si > Ge, Ge > Si. STOP when occurrence <    0.00000
==============================================
Cost_function     Occurrence %     Scan-Cost
      469.7915039062 SiGeGeSiGeGeSiSiSiSiSiGeSiGeGeGeSiSiGeGeGeGeGeGeGeGeSiSiSiSiSiSiSiGeGeSiGeSiGeGeGeGeGeSiGeGeGeSiGeGeGeGeSiSiGeGeGeGeSiGe
    -7335.1025390625 SiGeGeSiGeSiGeSiSiSiSiGeSiGeGeGeSiGeGeGeGeGeGeGeGeGeSiSiSiSiGeSiSiGeGeSiGeSiGeGeGeGeSiSiGeGeGeSiGeGeGeGeSiSiGeGeGeSiSiGe
    -8428.0986328125 SiGeGeSiGeSiGeSiSiSiSiGeSiGeGeGeSiGeGeGeGeGeGeGeGeGeSiSiSiSiGeSiSiSiGeSiGeSiGeGeGeGeSiGeGeGeGeSiGeGeGeGeSiSiGeGeGeSiSiGe
    -8428.0986328125 SiGeGeSiGeSiGeSiSiSiSiGeSiGeGeGeSiGeGeGeGeGeGeGeGeGeSiSiSiSiGeSiSiSiGeSiGeSiGeGeGeGeSiGeGeGeGeSiGeGeGeGeSiSiGeGeGeSiSiGe
    -8428.0986328125 SiGeGeSiGeSiGeSiSiSiSiGeSiGeGeGeSiGeGeGeGeGeGeGeGeGeSiSiSiSiGeSiSiSiGeSiGeSiGeGeGeGeSiGeGeGeGeSiGeGeGeGeSiSiGeGeGeSiSiGe
    -8428.0986328125 SiGeGeSiGeSiGeSiSiSiSiGeSiGeGeGeSiGeGeGeGeGeGeGeGeGeSiSiSiSiGeSiSiSiGeSiGeSiGeGeGeGeSiGeGeGeGeSiGeGeGeGeSiSiGeGeGeSiSiGe
    -8428.0986328125 SiGeGeSiGeSiGeSiSiSiSiGeSiGeGeGeSiGeGeGeGeGeGeGeGeGeSiSiSiSiGeSiSiSiGeSiGeSiGeGeGeGeSiGeGeGeGeSiGeGeGeGeSiSiGeGeGeSiSiGe
   -11736.8906250000 SiGeGeSiGeSiGeSiSiSiSiGeGeSiGeGeSiGeGeGeGeGeGeGeGeSiSiSiSiSiGeSiSiSiGeSiGeSiGeGeGeGeSiGeGeGeGeSiGeGeGeGeSiGeGeGeSiGeSiGe
   -11736.8906250000 SiGeGeSiGeSiGeSiSiSiSiGeGeSiGeGeSiGeGeGeGeGeGeGeGeSiSiSiSiSiGeSiSiSiGeSiGeSiGeGeGeGeSiGeGeGeGeSiGeGeGeGeSiGeGeGeSiGeSiGe
   -12739.1708984375 SiGeGeSiGeSiGeSiSiSiSiGeGeSiGeGeGeGeGeGeGeGeGeGeGeSiSiSiSiSiGeSiSiSiGeSiGeSiGeGeGeGeSiGeGeGeGeSiGeGeGeGeSiGeGeSiSiGeSiGe
   -15207.9814453125 SiGeGeSiGeSiGeSiSiSiSiGeGeGeGeGeGeGeGeGeGeGeGeGeGeSiSiSiSiSiGeSiSiSiGeSiGeSiGeGeGeSiSiGeGeGeGeSiGeGeGeGeSiGeGeSiSiGeSiGe
   -17104.0390625000 SiGeGeSiGeGeGeSiSiSiSiGeGeGeSiGeGeGeGeGeGeGeGeGeGeSiSiSiSiSiGeSiSiSiGeSiGeSiGeGeGeSiSiGeGeGeGeSiGeGeGeGeSiGeGeSiSiGeSiGe
   -17104.0390625000 SiGeGeSiGeGeGeSiSiSiSiGeGeGeSiGeGeGeGeGeGeGeGeGeGeSiSiSiSiSiGeSiSiSiGeSiGeSiGeGeGeSiSiGeGeGeGeSiGeGeGeGeSiGeGeSiSiGeSiGe
   -17104.0390625000 SiGeGeSiGeGeGeSiSiSiSiGeGeGeSiGeGeGeGeGeGeGeGeGeGeSiSiSiSiSiGeSiSiSiGeSiGeSiGeGeGeSiSiGeGeGeGeSiGeGeGeGeSiGeGeSiSiGeSiGe
   -17104.0390625000 SiGeGeSiGeGeGeSiSiSiSiGeGeGeSiGeGeGeGeGeGeGeGeGeGeSiSiSiSiSiGeSiSiSiGeSiGeSiGeGeGeSiSiGeGeGeGeSiGeGeGeGeSiGeGeSiSiGeSiGe
   -17104.0390625000 SiGeGeSiGeGeGeSiSiSiSiGeGeGeSiGeGeGeGeGeGeGeGeGeGeSiSiSiSiSiGeSiSiSiGeSiGeSiGeGeGeSiSiGeGeGeGeSiGeGeGeGeSiGeGeSiSiGeSiGe
   -17104.0390625000 SiGeGeSiGeGeGeSiSiSiSiGeGeGeSiGeGeGeGeGeGeGeGeGeGeSiSiSiSiSiGeSiSiSiGeSiGeSiGeGeGeSiSiGeGeGeGeSiGeGeGeGeSiGeGeSiSiGeSiGe
   -17104.0390625000 SiGeGeSiGeGeGeSiSiSiSiGeGeGeSiGeGeGeGeGeGeGeGeGeGeSiSiSiSiSiGeSiSiSiGeSiGeSiGeGeGeSiSiGeGeGeGeSiGeGeGeGeSiGeGeSiSiGeSiGe
   -17104.0390625000 SiGeGeSiGeGeGeSiSiSiSiGeGeGeSiGeGeGeGeGeGeGeGeGeGeSiSiSiSiSiGeSiSiSiGeSiGeSiGeGeGeSiSiGeGeGeGeSiGeGeGeGeSiGeGeSiSiGeSiGe
   -17104.0390625000 SiGeGeSiGeGeGeSiSiSiSiGeGeGeSiGeGeGeGeGeGeGeGeGeGeSiSiSiSiSiGeSiSiSiGeSiGeSiGeGeGeSiSiGeGeGeGeSiGeGeGeGeSiGeGeSiSiGeSiGe
   -17104.0390625000 SiGeGeSiGeGeGeSiSiSiSiGeGeGeSiGeGeGeGeGeGeGeGeGeGeSiSiSiSiSiGeSiSiSiGeSiGeSiGeGeGeSiSiGeGeGeGeSiGeGeGeGeSiGeGeSiSiGeSiGe
   -17104.0390625000 SiGeGeSiGeGeGeSiSiSiSiGeGeGeSiGeGeGeGeGeGeGeGeGeGeSiSiSiSiSiGeSiSiSiGeSiGeSiGeGeGeSiSiGeGeGeGeSiGeGeGeGeSiGeGeSiSiGeSiGe
   -17104.0390625000 SiGeGeSiGeGeGeSiSiSiSiGeGeGeSiGeGeGeGeGeGeGeGeGeGeSiSiSiSiSiGeSiSiSiGeSiGeSiGeGeGeSiSiGeGeGeGeSiGeGeGeGeSiGeGeSiSiGeSiGe
   -17104.0390625000 SiGeGeSiGeGeGeSiSiSiSiGeGeGeSiGeGeGeGeGeGeGeGeGeGeSiSiSiSiSiGeSiSiSiGeSiGeSiGeGeGeSiSiGeGeGeGeSiGeGeGeGeSiGeGeSiSiGeSiGe
   -17104.0390625000 SiGeGeSiGeGeGeSiSiSiSiGeGeGeSiGeGeGeGeGeGeGeGeGeGeSiSiSiSiSiGeSiSiSiGeSiGeSiGeGeGeSiSiGeGeGeGeSiGeGeGeGeSiGeGeSiSiGeSiGe
   -17104.0390625000 SiGeGeSiGeGeGeSiSiSiSiGeGeGeSiGeGeGeGeGeGeGeGeGeGeSiSiSiSiSiGeSiSiSiGeSiGeSiGeGeGeSiSiGeGeGeGeSiGeGeGeGeSiGeGeSiSiGeSiGe
   -17104.0390625000 SiGeGeSiGeGeGeSiSiSiSiGeGeGeSiGeGeGeGeGeGeGeGeGeGeSiSiSiSiSiGeSiSiSiGeSiGeSiGeGeGeSiSiGeGeGeGeSiGeGeGeGeSiGeGeSiSiGeSiGe
   -17104.0390625000 SiGeGeSiGeGeGeSiSiSiSiGeGeGeSiGeGeGeGeGeGeGeGeGeGeSiSiSiSiSiGeSiSiSiGeSiGeSiGeGeGeSiSiGeGeGeGeSiGeGeGeGeSiGeGeSiSiGeSiGe
   -17104.0390625000 SiGeGeSiGeGeGeSiSiSiSiGeGeGeSiGeGeGeGeGeGeGeGeGeGeSiSiSiSiSiGeSiSiSiGeSiGeSiGeGeGeSiSiGeGeGeGeSiGeGeGeGeSiGeGeSiSiGeSiGe
   -17104.0390625000 SiGeGeSiGeGeGeSiSiSiSiGeGeGeSiGeGeGeGeGeGeGeGeGeGeSiSiSiSiSiGeSiSiSiGeSiGeSiGeGeGeSiSiGeGeGeGeSiGeGeGeGeSiGeGeSiSiGeSiGe
   -17104.0390625000 SiGeGeSiGeGeGeSiSiSiSiGeGeGeSiGeGeGeGeGeGeGeGeGeGeSiSiSiSiSiGeSiSiSiGeSiGeSiGeGeGeSiSiGeGeGeGeSiGeGeGeGeSiGeGeSiSiGeSiGe
   -17104.0390625000 SiGeGeSiGeGeGeSiSiSiSiGeGeGeSiGeGeGeGeGeGeGeGeGeGeSiSiSiSiSiGeSiSiSiGeSiGeSiGeGeGeSiSiGeGeGeGeSiGeGeGeGeSiGeGeSiSiGeSiGe
   -17104.0390625000 SiGeGeSiGeGeGeSiSiSiSiGeGeGeSiGeGeGeGeGeGeGeGeGeGeSiSiSiSiSiGeSiSiSiGeSiGeSiGeGeGeSiSiGeGeGeGeSiGeGeGeGeSiGeGeSiSiGeSiGe
   -17104.0390625000 SiGeGeSiGeGeGeSiSiSiSiGeGeGeSiGeGeGeGeGeGeGeGeGeGeSiSiSiSiSiGeSiSiSiGeSiGeSiGeGeGeSiSiGeGeGeGeSiGeGeGeGeSiGeGeSiSiGeSiGe
   -17104.0390625000 SiGeGeSiGeGeGeSiSiSiSiGeGeGeSiGeGeGeGeGeGeGeGeGeGeSiSiSiSiSiGeSiSiSiGeSiGeSiGeGeGeSiSiGeGeGeGeSiGeGeGeGeSiGeGeSiSiGeSiGe
   -17104.0390625000 SiGeGeSiGeGeGeSiSiSiSiGeGeGeSiGeGeGeGeGeGeGeGeGeGeSiSiSiSiSiGeSiSiSiGeSiGeSiGeGeGeSiSiGeGeGeGeSiGeGeGeGeSiGeGeSiSiGeSiGe
   -17104.0390625000 SiGeGeSiGeGeGeSiSiSiSiGeGeGeSiGeGeGeGeGeGeGeGeGeGeSiSiSiSiSiGeSiSiSiGeSiGeSiGeGeGeSiSiGeGeGeGeSiGeGeGeGeSiGeGeSiSiGeSiGe
   -17104.0390625000 SiGeGeSiGeGeGeSiSiSiSiGeGeGeSiGeGeGeGeGeGeGeGeGeGeSiSiSiSiSiGeSiSiSiGeSiGeSiGeGeGeSiSiGeGeGeGeSiGeGeGeGeSiGeGeSiSiGeSiGe
   -17104.0390625000 SiGeGeSiGeGeGeSiSiSiSiGeGeGeSiGeGeGeGeGeGeGeGeGeGeSiSiSiSiSiGeSiSiSiGeSiGeSiGeGeGeSiSiGeGeGeGeSiGeGeGeGeSiGeGeSiSiGeSiGe
   -17104.0390625000 SiGeGeSiGeGeGeSiSiSiSiGeGeGeSiGeGeGeGeGeGeGeGeGeGeSiSiSiSiSiGeSiSiSiGeSiGeSiGeGeGeSiSiGeGeGeGeSiGeGeGeGeSiGeGeSiSiGeSiGe
   -17104.0390625000 SiGeGeSiGeGeGeSiSiSiSiGeGeGeSiGeGeGeGeGeGeGeGeGeGeSiSiSiSiSiGeSiSiSiGeSiGeSiGeGeGeSiSiGeGeGeGeSiGeGeGeGeSiGeGeSiSiGeSiGe
   -17104.0390625000 SiGeGeSiGeGeGeSiSiSiSiGeGeGeSiGeGeGeGeGeGeGeGeGeGeSiSiSiSiSiGeSiSiSiGeSiGeSiGeGeGeSiSiGeGeGeGeSiGeGeGeGeSiGeGeSiSiGeSiGe
   -17104.0390625000 SiGeGeSiGeGeGeSiSiSiSiGeGeGeSiGeGeGeGeGeGeGeGeGeGeSiSiSiSiSiGeSiSiSiGeSiGeSiGeGeGeSiSiGeGeGeGeSiGeGeGeGeSiGeGeSiSiGeSiGe
   -17104.0390625000 SiGeGeSiGeGeGeSiSiSiSiGeGeGeSiGeGeGeGeGeGeGeGeGeGeSiSiSiSiSiGeSiSiSiGeSiGeSiGeGeGeSiSiGeGeGeGeSiGeGeGeGeSiGeGeSiSiGeSiGe
   -17104.0390625000 SiGeGeSiGeGeGeSiSiSiSiGeGeGeSiGeGeGeGeGeGeGeGeGeGeSiSiSiSiSiGeSiSiSiGeSiGeSiGeGeGeSiSiGeGeGeGeSiGeGeGeGeSiGeGeSiSiGeSiGe
   -17104.0390625000 SiGeGeSiGeGeGeSiSiSiSiGeGeGeSiGeGeGeGeGeGeGeGeGeGeSiSiSiSiSiGeSiSiSiGeSiGeSiGeGeGeSiSiGeGeGeGeSiGeGeGeGeSiGeGeSiSiGeSiGe
   -17104.0390625000 SiGeGeSiGeGeGeSiSiSiSiGeGeGeSiGeGeGeGeGeGeGeGeGeGeSiSiSiSiSiGeSiSiSiGeSiGeSiGeGeGeSiSiGeGeGeGeSiGeGeGeGeSiGeGeSiSiGeSiGe
   -17104.0390625000 SiGeGeSiGeGeGeSiSiSiSiGeGeGeSiGeGeGeGeGeGeGeGeGeGeSiSiSiSiSiGeSiSiSiGeSiGeSiGeGeGeSiSiGeGeGeGeSiGeGeGeGeSiGeGeSiSiGeSiGe
   -17104.0390625000 SiGeGeSiGeGeGeSiSiSiSiGeGeGeSiGeGeGeGeGeGeGeGeGeGeSiSiSiSiSiGeSiSiSiGeSiGeSiGeGeGeSiSiGeGeGeGeSiGeGeGeGeSiGeGeSiSiGeSiGe
   -17104.0390625000 SiGeGeSiGeGeGeSiSiSiSiGeGeGeSiGeGeGeGeGeGeGeGeGeGeSiSiSiSiSiGeSiSiSiGeSiGeSiGeGeGeSiSiGeGeGeGeSiGeGeGeGeSiGeGeSiSiGeSiGe
   -17104.0390625000 SiGeGeSiGeGeGeSiSiSiSiGeGeGeSiGeGeGeGeGeGeGeGeGeGeSiSiSiSiSiGeSiSiSiGeSiGeSiGeGeGeSiSiGeGeGeGeSiGeGeGeGeSiGeGeSiSiGeSiGe
   -17104.0390625000 SiGeGeSiGeGeGeSiSiSiSiGeGeGeSiGeGeGeGeGeGeGeGeGeGeSiSiSiSiSiGeSiSiSiGeSiGeSiGeGeGeSiSiGeGeGeGeSiGeGeGeGeSiGeGeSiSiGeSiGe
   -17104.0390625000 SiGeGeSiGeGeGeSiSiSiSiGeGeGeSiGeGeGeGeGeGeGeGeGeGeSiSiSiSiSiGeSiSiSiGeSiGeSiGeGeGeSiSiGeGeGeGeSiGeGeGeGeSiGeGeSiSiGeSiGe
   -17104.0390625000 SiGeGeSiGeGeGeSiSiSiSiGeGeGeSiGeGeGeGeGeGeGeGeGeGeSiSiSiSiSiGeSiSiSiGeSiGeSiGeGeGeSiSiGeGeGeGeSiGeGeGeGeSiGeGeSiSiGeSiGe
   -17104.0390625000 SiGeGeSiGeGeGeSiSiSiSiGeGeGeSiGeGeGeGeGeGeGeGeGeGeSiSiSiSiSiGeSiSiSiGeSiGeSiGeGeGeSiSiGeGeGeGeSiGeGeGeGeSiGeGeSiSiGeSiGe
   -17104.0390625000 SiGeGeSiGeGeGeSiSiSiSiGeGeGeSiGeGeGeGeGeGeGeGeGeGeSiSiSiSiSiGeSiSiSiGeSiGeSiGeGeGeSiSiGeGeGeGeSiGeGeGeGeSiGeGeSiSiGeSiGe
   -17104.0390625000 SiGeGeSiGeGeGeSiSiSiSiGeGeGeSiGeGeGeGeGeGeGeGeGeGeSiSiSiSiSiGeSiSiSiGeSiGeSiGeGeGeSiSiGeGeGeGeSiGeGeGeGeSiGeGeSiSiGeSiGe
   -17104.0390625000 SiGeGeSiGeGeGeSiSiSiSiGeGeGeSiGeGeGeGeGeGeGeGeGeGeSiSiSiSiSiGeSiSiSiGeSiGeSiGeGeGeSiSiGeGeGeGeSiGeGeGeGeSiGeGeSiSiGeSiGe
   -17104.0390625000 SiGeGeSiGeGeGeSiSiSiSiGeGeGeSiGeGeGeGeGeGeGeGeGeGeSiSiSiSiSiGeSiSiSiGeSiGeSiGeGeGeSiSiGeGeGeGeSiGeGeGeGeSiGeGeSiSiGeSiGe
   -17104.0390625000 SiGeGeSiGeGeGeSiSiSiSiGeGeGeSiGeGeGeGeGeGeGeGeGeGeSiSiSiSiSiGeSiSiSiGeSiGeSiGeGeGeSiSiGeGeGeGeSiGeGeGeGeSiGeGeSiSiGeSiGe
   -17104.0390625000 SiGeGeSiGeGeGeSiSiSiSiGeGeGeSiGeGeGeGeGeGeGeGeGeGeSiSiSiSiSiGeSiSiSiGeSiGeSiGeGeGeSiSiGeGeGeGeSiGeGeGeGeSiGeGeSiSiGeSiGe
   -17104.0390625000 SiGeGeSiGeGeGeSiSiSiSiGeGeGeSiGeGeGeGeGeGeGeGeGeGeSiSiSiSiSiGeSiSiSiGeSiGeSiGeGeGeSiSiGeGeGeGeSiGeGeGeGeSiGeGeSiSiGeSiGe
   -17104.0390625000 SiGeGeSiGeGeGeSiSiSiSiGeGeGeSiGeGeGeGeGeGeGeGeGeGeSiSiSiSiSiGeSiSiSiGeSiGeSiGeGeGeSiSiGeGeGeGeSiGeGeGeGeSiGeGeSiSiGeSiGe
   -17104.0390625000 SiGeGeSiGeGeGeSiSiSiSiGeGeGeSiGeGeGeGeGeGeGeGeGeGeSiSiSiSiSiGeSiSiSiGeSiGeSiGeGeGeSiSiGeGeGeGeSiGeGeGeGeSiGeGeSiSiGeSiGe
   -17104.0390625000 SiGeGeSiGeGeGeSiSiSiSiGeGeGeSiGeGeGeGeGeGeGeGeGeGeSiSiSiSiSiGeSiSiSiGeSiGeSiGeGeGeSiSiGeGeGeGeSiGeGeGeGeSiGeGeSiSiGeSiGe
   -17104.0390625000 SiGeGeSiGeGeGeSiSiSiSiGeGeGeSiGeGeGeGeGeGeGeGeGeGeSiSiSiSiSiGeSiSiSiGeSiGeSiGeGeGeSiSiGeGeGeGeSiGeGeGeGeSiGeGeSiSiGeSiGe
   -17104.0390625000 SiGeGeSiGeGeGeSiSiSiSiGeGeGeSiGeGeGeGeGeGeGeGeGeGeSiSiSiSiSiGeSiSiSiGeSiGeSiGeGeGeSiSiGeGeGeGeSiGeGeGeGeSiGeGeSiSiGeSiGe
   -17104.0390625000 SiGeGeSiGeGeGeSiSiSiSiGeGeGeSiGeGeGeGeGeGeGeGeGeGeSiSiSiSiSiGeSiSiSiGeSiGeSiGeGeGeSiSiGeGeGeGeSiGeGeGeGeSiGeGeSiSiGeSiGe
   -17104.0390625000 SiGeGeSiGeGeGeSiSiSiSiGeGeGeSiGeGeGeGeGeGeGeGeGeGeSiSiSiSiSiGeSiSiSiGeSiGeSiGeGeGeSiSiGeGeGeGeSiGeGeGeGeSiGeGeSiSiGeSiGe
   -17104.0390625000 SiGeGeSiGeGeGeSiSiSiSiGeGeGeSiGeGeGeGeGeGeGeGeGeGeSiSiSiSiSiGeSiSiSiGeSiGeSiGeGeGeSiSiGeGeGeGeSiGeGeGeGeSiGeGeSiSiGeSiGe
   -17104.0390625000 SiGeGeSiGeGeGeSiSiSiSiGeGeGeSiGeGeGeGeGeGeGeGeGeGeSiSiSiSiSiGeSiSiSiGeSiGeSiGeGeGeSiSiGeGeGeGeSiGeGeGeGeSiGeGeSiSiGeSiGe
   -17104.0390625000 SiGeGeSiGeGeGeSiSiSiSiGeGeGeSiGeGeGeGeGeGeGeGeGeGeSiSiSiSiSiGeSiSiSiGeSiGeSiGeGeGeSiSiGeGeGeGeSiGeGeGeGeSiGeGeSiSiGeSiGe
   -17104.0390625000 SiGeGeSiGeGeGeSiSiSiSiGeGeGeSiGeGeGeGeGeGeGeGeGeGeSiSiSiSiSiGeSiSiSiGeSiGeSiGeGeGeSiSiGeGeGeGeSiGeGeGeGeSiGeGeSiSiGeSiGe
   -17104.0390625000 SiGeGeSiGeGeGeSiSiSiSiGeGeGeSiGeGeGeGeGeGeGeGeGeGeSiSiSiSiSiGeSiSiSiGeSiGeSiGeGeGeSiSiGeGeGeGeSiGeGeGeGeSiGeGeSiSiGeSiGe
   -17104.0390625000 SiGeGeSiGeGeGeSiSiSiSiGeGeGeSiGeGeGeGeGeGeGeGeGeGeSiSiSiSiSiGeSiSiSiGeSiGeSiGeGeGeSiSiGeGeGeGeSiGeGeGeGeSiGeGeSiSiGeSiGe
   -17104.0390625000 SiGeGeSiGeGeGeSiSiSiSiGeGeGeSiGeGeGeGeGeGeGeGeGeGeSiSiSiSiSiGeSiSiSiGeSiGeSiGeGeGeSiSiGeGeGeGeSiGeGeGeGeSiGeGeSiSiGeSiGe
   -17104.0390625000 SiGeGeSiGeGeGeSiSiSiSiGeGeGeSiGeGeGeGeGeGeGeGeGeGeSiSiSiSiSiGeSiSiSiGeSiGeSiGeGeGeSiSiGeGeGeGeSiGeGeGeGeSiGeGeSiSiGeSiGe
   -17104.0390625000 SiGeGeSiGeGeGeSiSiSiSiGeGeGeSiGeGeGeGeGeGeGeGeGeGeSiSiSiSiSiGeSiSiSiGeSiGeSiGeGeGeSiSiGeGeGeGeSiGeGeGeGeSiGeGeSiSiGeSiGe
   -17104.0390625000 SiGeGeSiGeGeGeSiSiSiSiGeGeGeSiGeGeGeGeGeGeGeGeGeGeSiSiSiSiSiGeSiSiSiGeSiGeSiGeGeGeSiSiGeGeGeGeSiGeGeGeGeSiGeGeSiSiGeSiGe
   -17104.0390625000 SiGeGeSiGeGeGeSiSiSiSiGeGeGeSiGeGeGeGeGeGeGeGeGeGeSiSiSiSiSiGeSiSiSiGeSiGeSiGeGeGeSiSiGeGeGeGeSiGeGeGeGeSiGeGeSiSiGeSiGe
   -17104.0390625000 SiGeGeSiGeGeGeSiSiSiSiGeGeGeSiGeGeGeGeGeGeGeGeGeGeSiSiSiSiSiGeSiSiSiGeSiGeSiGeGeGeSiSiGeGeGeGeSiGeGeGeGeSiGeGeSiSiGeSiGe
   -17104.0390625000 SiGeGeSiGeGeGeSiSiSiSiGeGeGeSiGeGeGeGeGeGeGeGeGeGeSiSiSiSiSiGeSiSiSiGeSiGeSiGeGeGeSiSiGeGeGeGeSiGeGeGeGeSiGeGeSiSiGeSiGe
   -17104.0390625000 SiGeGeSiGeGeGeSiSiSiSiGeGeGeSiGeGeGeGeGeGeGeGeGeGeSiSiSiSiSiGeSiSiSiGeSiGeSiGeGeGeSiSiGeGeGeGeSiGeGeGeGeSiGeGeSiSiGeSiGe
   -17104.0390625000 SiGeGeSiGeGeGeSiSiSiSiGeGeGeSiGeGeGeGeGeGeGeGeGeGeSiSiSiSiSiGeSiSiSiGeSiGeSiGeGeGeSiSiGeGeGeGeSiGeGeGeGeSiGeGeSiSiGeSiGe
   -17104.0390625000 SiGeGeSiGeGeGeSiSiSiSiGeGeGeSiGeGeGeGeGeGeGeGeGeGeSiSiSiSiSiGeSiSiSiGeSiGeSiGeGeGeSiSiGeGeGeGeSiGeGeGeGeSiGeGeSiSiGeSiGe
   -17104.0390625000 SiGeGeSiGeGeGeSiSiSiSiGeGeGeSiGeGeGeGeGeGeGeGeGeGeSiSiSiSiSiGeSiSiSiGeSiGeSiGeGeGeSiSiGeGeGeGeSiGeGeGeGeSiGeGeSiSiGeSiGe
   -17104.0390625000 SiGeGeSiGeGeGeSiSiSiSiGeGeGeSiGeGeGeGeGeGeGeGeGeGeSiSiSiSiSiGeSiSiSiGeSiGeSiGeGeGeSiSiGeGeGeGeSiGeGeGeGeSiGeGeSiSiGeSiGe
   -17104.0390625000 SiGeGeSiGeGeGeSiSiSiSiGeGeGeSiGeGeGeGeGeGeGeGeGeGeSiSiSiSiSiGeSiSiSiGeSiGeSiGeGeGeSiSiGeGeGeGeSiGeGeGeGeSiGeGeSiSiGeSiGe
   -17104.0390625000 SiGeGeSiGeGeGeSiSiSiSiGeGeGeSiGeGeGeGeGeGeGeGeGeGeSiSiSiSiSiGeSiSiSiGeSiGeSiGeGeGeSiSiGeGeGeGeSiGeGeGeGeSiGeGeSiSiGeSiGe
   -17104.0390625000 SiGeGeSiGeGeGeSiSiSiSiGeGeGeSiGeGeGeGeGeGeGeGeGeGeSiSiSiSiSiGeSiSiSiGeSiGeSiGeGeGeSiSiGeGeGeGeSiGeGeGeGeSiGeGeSiSiGeSiGe
   -17104.0390625000 SiGeGeSiGeGeGeSiSiSiSiGeGeGeSiGeGeGeGeGeGeGeGeGeGeSiSiSiSiSiGeSiSiSiGeSiGeSiGeGeGeSiSiGeGeGeGeSiGeGeGeGeSiGeGeSiSiGeSiGe
   -17104.0390625000 SiGeGeSiGeGeGeSiSiSiSiGeGeGeSiGeGeGeGeGeGeGeGeGeGeSiSiSiSiSiGeSiSiSiGeSiGeSiGeGeGeSiSiGeGeGeGeSiGeGeGeGeSiGeGeSiSiGeSiGe
   -17104.0390625000 SiGeGeSiGeGeGeSiSiSiSiGeGeGeSiGeGeGeGeGeGeGeGeGeGeSiSiSiSiSiGeSiSiSiGeSiGeSiGeGeGeSiSiGeGeGeGeSiGeGeGeGeSiGeGeSiSiGeSiGe
   -17104.0390625000 SiGeGeSiGeGeGeSiSiSiSiGeGeGeSiGeGeGeGeGeGeGeGeGeGeSiSiSiSiSiGeSiSiSiGeSiGeSiGeGeGeSiSiGeGeGeGeSiGeGeGeGeSiGeGeSiSiGeSiGe
   -17104.0390625000 SiGeGeSiGeGeGeSiSiSiSiGeGeGeSiGeGeGeGeGeGeGeGeGeGeSiSiSiSiSiGeSiSiSiGeSiGeSiGeGeGeSiSiGeGeGeGeSiGeGeGeGeSiGeGeSiSiGeSiGe
   -17104.0390625000 SiGeGeSiGeGeGeSiSiSiSiGeGeGeSiGeGeGeGeGeGeGeGeGeGeSiSiSiSiSiGeSiSiSiGeSiGeSiGeGeGeSiSiGeGeGeGeSiGeGeGeGeSiGeGeSiSiGeSiGe
   -17104.0390625000 SiGeGeSiGeGeGeSiSiSiSiGeGeGeSiGeGeGeGeGeGeGeGeGeGeSiSiSiSiSiGeSiSiSiGeSiGeSiGeGeGeSiSiGeGeGeGeSiGeGeGeGeSiGeGeSiSiGeSiGe
   -17104.0390625000 SiGeGeSiGeGeGeSiSiSiSiGeGeGeSiGeGeGeGeGeGeGeGeGeGeSiSiSiSiSiGeSiSiSiGeSiGeSiGeGeGeSiSiGeGeGeGeSiGeGeGeGeSiGeGeSiSiGeSiGe
   -17104.0390625000 SiGeGeSiGeGeGeSiSiSiSiGeGeGeSiGeGeGeGeGeGeGeGeGeGeSiSiSiSiSiGeSiSiSiGeSiGeSiGeGeGeSiSiGeGeGeGeSiGeGeGeGeSiGeGeSiSiGeSiGe
   -17104.0390625000 SiGeGeSiGeGeGeSiSiSiSiGeGeGeSiGeGeGeGeGeGeGeGeGeGeSiSiSiSiSiGeSiSiSiGeSiGeSiGeGeGeSiSiGeGeGeGeSiGeGeGeGeSiGeGeSiSiGeSiGe
   -17104.0390625000 SiGeGeSiGeGeGeSiSiSiSiGeGeGeSiGeGeGeGeGeGeGeGeGeGeSiSiSiSiSiGeSiSiSiGeSiGeSiGeGeGeSiSiGeGeGeGeSiGeGeGeGeSiGeGeSiSiGeSiGe
   -17104.0390625000 SiGeGeSiGeGeGeSiSiSiSiGeGeGeSiGeGeGeGeGeGeGeGeGeGeSiSiSiSiSiGeSiSiSiGeSiGeSiGeGeGeSiSiGeGeGeGeSiGeGeGeGeSiGeGeSiSiGeSiGe
   -17104.0390625000 SiGeGeSiGeGeGeSiSiSiSiGeGeGeSiGeGeGeGeGeGeGeGeGeGeSiSiSiSiSiGeSiSiSiGeSiGeSiGeGeGeSiSiGeGeGeGeSiGeGeGeGeSiGeGeSiSiGeSiGe
   -17104.0390625000 SiGeGeSiGeGeGeSiSiSiSiGeGeGeSiGeGeGeGeGeGeGeGeGeGeSiSiSiSiSiGeSiSiSiGeSiGeSiGeGeGeSiSiGeGeGeGeSiGeGeGeGeSiGeGeSiSiGeSiGe
   -17104.0390625000 SiGeGeSiGeGeGeSiSiSiSiGeGeGeSiGeGeGeGeGeGeGeGeGeGeSiSiSiSiSiGeSiSiSiGeSiGeSiGeGeGeSiSiGeGeGeGeSiGeGeGeGeSiGeGeSiSiGeSiGe
   -17104.0390625000 SiGeGeSiGeGeGeSiSiSiSiGeGeGeSiGeGeGeGeGeGeGeGeGeGeSiSiSiSiSiGeSiSiSiGeSiGeSiGeGeGeSiSiGeGeGeGeSiGeGeGeGeSiGeGeSiSiGeSiGe
   -17104.0390625000 SiGeGeSiGeGeGeSiSiSiSiGeGeGeSiGeGeGeGeGeGeGeGeGeGeSiSiSiSiSiGeSiSiSiGeSiGeSiGeGeGeSiSiGeGeGeGeSiGeGeGeGeSiGeGeSiSiGeSiGe
   -17104.0390625000 SiGeGeSiGeGeGeSiSiSiSiGeGeGeSiGeGeGeGeGeGeGeGeGeGeSiSiSiSiSiGeSiSiSiGeSiGeSiGeGeGeSiSiGeGeGeGeSiGeGeGeGeSiGeGeSiSiGeSiGe
   -17104.0390625000 SiGeGeSiGeGeGeSiSiSiSiGeGeGeSiGeGeGeGeGeGeGeGeGeGeSiSiSiSiSiGeSiSiSiGeSiGeSiGeGeGeSiSiGeGeGeGeSiGeGeGeGeSiGeGeSiSiGeSiGe
   -17104.0390625000 SiGeGeSiGeGeGeSiSiSiSiGeGeGeSiGeGeGeGeGeGeGeGeGeGeSiSiSiSiSiGeSiSiSiGeSiGeSiGeGeGeSiSiGeGeGeGeSiGeGeGeGeSiGeGeSiSiGeSiGe
   -17104.0390625000 SiGeGeSiGeGeGeSiSiSiSiGeGeGeSiGeGeGeGeGeGeGeGeGeGeSiSiSiSiSiGeSiSiSiGeSiGeSiGeGeGeSiSiGeGeGeGeSiGeGeGeGeSiGeGeSiSiGeSiGe
   -17104.0390625000 SiGeGeSiGeGeGeSiSiSiSiGeGeGeSiGeGeGeGeGeGeGeGeGeGeSiSiSiSiSiGeSiSiSiGeSiGeSiGeGeGeSiSiGeGeGeGeSiGeGeGeGeSiGeGeSiSiGeSiGe
   -17104.0390625000 SiGeGeSiGeGeGeSiSiSiSiGeGeGeSiGeGeGeGeGeGeGeGeGeGeSiSiSiSiSiGeSiSiSiGeSiGeSiGeGeGeSiSiGeGeGeGeSiGeGeGeGeSiGeGeSiSiGeSiGe
   -17104.0390625000 SiGeGeSiGeGeGeSiSiSiSiGeGeGeSiGeGeGeGeGeGeGeGeGeGeSiSiSiSiSiGeSiSiSiGeSiGeSiGeGeGeSiSiGeGeGeGeSiGeGeGeGeSiGeGeSiSiGeSiGe
   -17104.0390625000 SiGeGeSiGeGeGeSiSiSiSiGeGeGeSiGeGeGeGeGeGeGeGeGeGeSiSiSiSiSiGeSiSiSiGeSiGeSiGeGeGeSiSiGeGeGeGeSiGeGeGeGeSiGeGeSiSiGeSiGe
   -17104.0390625000 SiGeGeSiGeGeGeSiSiSiSiGeGeGeSiGeGeGeGeGeGeGeGeGeGeSiSiSiSiSiGeSiSiSiGeSiGeSiGeGeGeSiSiGeGeGeGeSiGeGeGeGeSiGeGeSiSiGeSiGe
   -17104.0390625000 SiGeGeSiGeGeGeSiSiSiSiGeGeGeSiGeGeGeGeGeGeGeGeGeGeSiSiSiSiSiGeSiSiSiGeSiGeSiGeGeGeSiSiGeGeGeGeSiGeGeGeGeSiGeGeSiSiGeSiGe
   -17104.0390625000 SiGeGeSiGeGeGeSiSiSiSiGeGeGeSiGeGeGeGeGeGeGeGeGeGeSiSiSiSiSiGeSiSiSiGeSiGeSiGeGeGeSiSiGeGeGeGeSiGeGeGeGeSiGeGeSiSiGeSiGe
   -17104.0390625000 SiGeGeSiGeGeGeSiSiSiSiGeGeGeSiGeGeGeGeGeGeGeGeGeGeSiSiSiSiSiGeSiSiSiGeSiGeSiGeGeGeSiSiGeGeGeGeSiGeGeGeGeSiGeGeSiSiGeSiGe
   -17104.0390625000 SiGeGeSiGeGeGeSiSiSiSiGeGeGeSiGeGeGeGeGeGeGeGeGeGeSiSiSiSiSiGeSiSiSiGeSiGeSiGeGeGeSiSiGeGeGeGeSiGeGeGeGeSiGeGeSiSiGeSiGe
   -17104.0390625000 SiGeGeSiGeGeGeSiSiSiSiGeGeGeSiGeGeGeGeGeGeGeGeGeGeSiSiSiSiSiGeSiSiSiGeSiGeSiGeGeGeSiSiGeGeGeGeSiGeGeGeGeSiGeGeSiSiGeSiGe
   -17104.0390625000 SiGeGeSiGeGeGeSiSiSiSiGeGeGeSiGeGeGeGeGeGeGeGeGeGeSiSiSiSiSiGeSiSiSiGeSiGeSiGeGeGeSiSiGeGeGeGeSiGeGeGeGeSiGeGeSiSiGeSiGe
   -17104.0390625000 SiGeGeSiGeGeGeSiSiSiSiGeGeGeSiGeGeGeGeGeGeGeGeGeGeSiSiSiSiSiGeSiSiSiGeSiGeSiGeGeGeSiSiGeGeGeGeSiGeGeGeGeSiGeGeSiSiGeSiGe
   -17104.0390625000 SiGeGeSiGeGeGeSiSiSiSiGeGeGeSiGeGeGeGeGeGeGeGeGeGeSiSiSiSiSiGeSiSiSiGeSiGeSiGeGeGeSiSiGeGeGeGeSiGeGeGeGeSiGeGeSiSiGeSiGe
   -17104.0390625000 SiGeGeSiGeGeGeSiSiSiSiGeGeGeSiGeGeGeGeGeGeGeGeGeGeSiSiSiSiSiGeSiSiSiGeSiGeSiGeGeGeSiSiGeGeGeGeSiGeGeGeGeSiGeGeSiSiGeSiGe
   -17104.0390625000 SiGeGeSiGeGeGeSiSiSiSiGeGeGeSiGeGeGeGeGeGeGeGeGeGeSiSiSiSiSiGeSiSiSiGeSiGeSiGeGeGeSiSiGeGeGeGeSiGeGeGeGeSiGeGeSiSiGeSiGe
   -17104.0390625000 SiGeGeSiGeGeGeSiSiSiSiGeGeGeSiGeGeGeGeGeGeGeGeGeGeSiSiSiSiSiGeSiSiSiGeSiGeSiGeGeGeSiSiGeGeGeGeSiGeGeGeGeSiGeGeSiSiGeSiGe
   -17104.0390625000 SiGeGeSiGeGeGeSiSiSiSiGeGeGeSiGeGeGeGeGeGeGeGeGeGeSiSiSiSiSiGeSiSiSiGeSiGeSiGeGeGeSiSiGeGeGeGeSiGeGeGeGeSiGeGeSiSiGeSiGe
   -17104.0390625000 SiGeGeSiGeGeGeSiSiSiSiGeGeGeSiGeGeGeGeGeGeGeGeGeGeSiSiSiSiSiGeSiSiSiGeSiGeSiGeGeGeSiSiGeGeGeGeSiGeGeGeGeSiGeGeSiSiGeSiGe
   -17104.0390625000 SiGeGeSiGeGeGeSiSiSiSiGeGeGeSiGeGeGeGeGeGeGeGeGeGeSiSiSiSiSiGeSiSiSiGeSiGeSiGeGeGeSiSiGeGeGeGeSiGeGeGeGeSiGeGeSiSiGeSiGe
   -17104.0390625000 SiGeGeSiGeGeGeSiSiSiSiGeGeGeSiGeGeGeGeGeGeGeGeGeGeSiSiSiSiSiGeSiSiSiGeSiGeSiGeGeGeSiSiGeGeGeGeSiGeGeGeGeSiGeGeSiSiGeSiGe
   -17104.0390625000 SiGeGeSiGeGeGeSiSiSiSiGeGeGeSiGeGeGeGeGeGeGeGeGeGeSiSiSiSiSiGeSiSiSiGeSiGeSiGeGeGeSiSiGeGeGeGeSiGeGeGeGeSiGeGeSiSiGeSiGe
   -17104.0390625000 SiGeGeSiGeGeGeSiSiSiSiGeGeGeSiGeGeGeGeGeGeGeGeGeGeSiSiSiSiSiGeSiSiSiGeSiGeSiGeGeGeSiSiGeGeGeGeSiGeGeGeGeSiGeGeSiSiGeSiGe
   -17104.0390625000 SiGeGeSiGeGeGeSiSiSiSiGeGeGeSiGeGeGeGeGeGeGeGeGeGeSiSiSiSiSiGeSiSiSiGeSiGeSiGeGeGeSiSiGeGeGeGeSiGeGeGeGeSiGeGeSiSiGeSiGe
   -17104.0390625000 SiGeGeSiGeGeGeSiSiSiSiGeGeGeSiGeGeGeGeGeGeGeGeGeGeSiSiSiSiSiGeSiSiSiGeSiGeSiGeGeGeSiSiGeGeGeGeSiGeGeGeGeSiGeGeSiSiGeSiGe
   -17104.0390625000 SiGeGeSiGeGeGeSiSiSiSiGeGeGeSiGeGeGeGeGeGeGeGeGeGeSiSiSiSiSiGeSiSiSiGeSiGeSiGeGeGeSiSiGeGeGeGeSiGeGeGeGeSiGeGeSiSiGeSiGe
   -17104.0390625000 SiGeGeSiGeGeGeSiSiSiSiGeGeGeSiGeGeGeGeGeGeGeGeGeGeSiSiSiSiSiGeSiSiSiGeSiGeSiGeGeGeSiSiGeGeGeGeSiGeGeGeGeSiGeGeSiSiGeSiGe
   -17104.0390625000 SiGeGeSiGeGeGeSiSiSiSiGeGeGeSiGeGeGeGeGeGeGeGeGeGeSiSiSiSiSiGeSiSiSiGeSiGeSiGeGeGeSiSiGeGeGeGeSiGeGeGeGeSiGeGeSiSiGeSiGe
   -17104.0390625000 SiGeGeSiGeGeGeSiSiSiSiGeGeGeSiGeGeGeGeGeGeGeGeGeGeSiSiSiSiSiGeSiSiSiGeSiGeSiGeGeGeSiSiGeGeGeGeSiGeGeGeGeSiGeGeSiSiGeSiGe
   -17104.0390625000 SiGeGeSiGeGeGeSiSiSiSiGeGeGeSiGeGeGeGeGeGeGeGeGeGeSiSiSiSiSiGeSiSiSiGeSiGeSiGeGeGeSiSiGeGeGeGeSiGeGeGeGeSiGeGeSiSiGeSiGe
   -17104.0390625000 SiGeGeSiGeGeGeSiSiSiSiGeGeGeSiGeGeGeGeGeGeGeGeGeGeSiSiSiSiSiGeSiSiSiGeSiGeSiGeGeGeSiSiGeGeGeGeSiGeGeGeGeSiGeGeSiSiGeSiGe
   -17104.0390625000 SiGeGeSiGeGeGeSiSiSiSiGeGeGeSiGeGeGeGeGeGeGeGeGeGeSiSiSiSiSiGeSiSiSiGeSiGeSiGeGeGeSiSiGeGeGeGeSiGeGeGeGeSiGeGeSiSiGeSiGe
   -17104.0390625000 SiGeGeSiGeGeGeSiSiSiSiGeGeGeSiGeGeGeGeGeGeGeGeGeGeSiSiSiSiSiGeSiSiSiGeSiGeSiGeGeGeSiSiGeGeGeGeSiGeGeGeGeSiGeGeSiSiGeSiGe
   -17104.0390625000 SiGeGeSiGeGeGeSiSiSiSiGeGeGeSiGeGeGeGeGeGeGeGeGeGeSiSiSiSiSiGeSiSiSiGeSiGeSiGeGeGeSiSiGeGeGeGeSiGeGeGeGeSiGeGeSiSiGeSiGe
   -17104.0390625000 SiGeGeSiGeGeGeSiSiSiSiGeGeGeSiGeGeGeGeGeGeGeGeGeGeSiSiSiSiSiGeSiSiSiGeSiGeSiGeGeGeSiSiGeGeGeGeSiGeGeGeGeSiGeGeSiSiGeSiGe
   -17104.0390625000 SiGeGeSiGeGeGeSiSiSiSiGeGeGeSiGeGeGeGeGeGeGeGeGeGeSiSiSiSiSiGeSiSiSiGeSiGeSiGeGeGeSiSiGeGeGeGeSiGeGeGeGeSiGeGeSiSiGeSiGe
   -17104.0390625000 SiGeGeSiGeGeGeSiSiSiSiGeGeGeSiGeGeGeGeGeGeGeGeGeGeSiSiSiSiSiGeSiSiSiGeSiGeSiGeGeGeSiSiGeGeGeGeSiGeGeGeGeSiGeGeSiSiGeSiGe
   -17104.0390625000 SiGeGeSiGeGeGeSiSiSiSiGeGeGeSiGeGeGeGeGeGeGeGeGeGeSiSiSiSiSiGeSiSiSiGeSiGeSiGeGeGeSiSiGeGeGeGeSiGeGeGeGeSiGeGeSiSiGeSiGe
   -17104.0390625000 SiGeGeSiGeGeGeSiSiSiSiGeGeGeSiGeGeGeGeGeGeGeGeGeGeSiSiSiSiSiGeSiSiSiGeSiGeSiGeGeGeSiSiGeGeGeGeSiGeGeGeGeSiGeGeSiSiGeSiGe
   -17104.0390625000 SiGeGeSiGeGeGeSiSiSiSiGeGeGeSiGeGeGeGeGeGeGeGeGeGeSiSiSiSiSiGeSiSiSiGeSiGeSiGeGeGeSiSiGeGeGeGeSiGeGeGeGeSiGeGeSiSiGeSiGe
   -17104.0390625000 SiGeGeSiGeGeGeSiSiSiSiGeGeGeSiGeGeGeGeGeGeGeGeGeGeSiSiSiSiSiGeSiSiSiGeSiGeSiGeGeGeSiSiGeGeGeGeSiGeGeGeGeSiGeGeSiSiGeSiGe
   -17104.0390625000 SiGeGeSiGeGeGeSiSiSiSiGeGeGeSiGeGeGeGeGeGeGeGeGeGeSiSiSiSiSiGeSiSiSiGeSiGeSiGeGeGeSiSiGeGeGeGeSiGeGeGeGeSiGeGeSiSiGeSiGe
   -17104.0390625000 SiGeGeSiGeGeGeSiSiSiSiGeGeGeSiGeGeGeGeGeGeGeGeGeGeSiSiSiSiSiGeSiSiSiGeSiGeSiGeGeGeSiSiGeGeGeGeSiGeGeGeGeSiGeGeSiSiGeSiGe
   -17104.0390625000 SiGeGeSiGeGeGeSiSiSiSiGeGeGeSiGeGeGeGeGeGeGeGeGeGeSiSiSiSiSiGeSiSiSiGeSiGeSiGeGeGeSiSiGeGeGeGeSiGeGeGeGeSiGeGeSiSiGeSiGe
   -17104.0390625000 SiGeGeSiGeGeGeSiSiSiSiGeGeGeSiGeGeGeGeGeGeGeGeGeGeSiSiSiSiSiGeSiSiSiGeSiGeSiGeGeGeSiSiGeGeGeGeSiGeGeGeGeSiGeGeSiSiGeSiGe
   -17104.0390625000 SiGeGeSiGeGeGeSiSiSiSiGeGeGeSiGeGeGeGeGeGeGeGeGeGeSiSiSiSiSiGeSiSiSiGeSiGeSiGeGeGeSiSiGeGeGeGeSiGeGeGeGeSiGeGeSiSiGeSiGe
   -17104.0390625000 SiGeGeSiGeGeGeSiSiSiSiGeGeGeSiGeGeGeGeGeGeGeGeGeGeSiSiSiSiSiGeSiSiSiGeSiGeSiGeGeGeSiSiGeGeGeGeSiGeGeGeGeSiGeGeSiSiGeSiGe
   -17104.0390625000 SiGeGeSiGeGeGeSiSiSiSiGeGeGeSiGeGeGeGeGeGeGeGeGeGeSiSiSiSiSiGeSiSiSiGeSiGeSiGeGeGeSiSiGeGeGeGeSiGeGeGeGeSiGeGeSiSiGeSiGe
   -17104.0390625000 SiGeGeSiGeGeGeSiSiSiSiGeGeGeSiGeGeGeGeGeGeGeGeGeGeSiSiSiSiSiGeSiSiSiGeSiGeSiGeGeGeSiSiGeGeGeGeSiGeGeGeGeSiGeGeSiSiGeSiGe
   -17104.0390625000 SiGeGeSiGeGeGeSiSiSiSiGeGeGeSiGeGeGeGeGeGeGeGeGeGeSiSiSiSiSiGeSiSiSiGeSiGeSiGeGeGeSiSiGeGeGeGeSiGeGeGeGeSiGeGeSiSiGeSiGe
   -17104.0390625000 SiGeGeSiGeGeGeSiSiSiSiGeGeGeSiGeGeGeGeGeGeGeGeGeGeSiSiSiSiSiGeSiSiSiGeSiGeSiGeGeGeSiSiGeGeGeGeSiGeGeGeGeSiGeGeSiSiGeSiGe
   -17104.0390625000 SiGeGeSiGeGeGeSiSiSiSiGeGeGeSiGeGeGeGeGeGeGeGeGeGeSiSiSiSiSiGeSiSiSiGeSiGeSiGeGeGeSiSiGeGeGeGeSiGeGeGeGeSiGeGeSiSiGeSiGe
   -17104.0390625000 SiGeGeSiGeGeGeSiSiSiSiGeGeGeSiGeGeGeGeGeGeGeGeGeGeSiSiSiSiSiGeSiSiSiGeSiGeSiGeGeGeSiSiGeGeGeGeSiGeGeGeGeSiGeGeSiSiGeSiGe
   -17104.0390625000 SiGeGeSiGeGeGeSiSiSiSiGeGeGeSiGeGeGeGeGeGeGeGeGeGeSiSiSiSiSiGeSiSiSiGeSiGeSiGeGeGeSiSiGeGeGeGeSiGeGeGeGeSiGeGeSiSiGeSiGe
   -17104.0390625000 SiGeGeSiGeGeGeSiSiSiSiGeGeGeSiGeGeGeGeGeGeGeGeGeGeSiSiSiSiSiGeSiSiSiGeSiGeSiGeGeGeSiSiGeGeGeGeSiGeGeGeGeSiGeGeSiSiGeSiGe
   -17104.0390625000 SiGeGeSiGeGeGeSiSiSiSiGeGeGeSiGeGeGeGeGeGeGeGeGeGeSiSiSiSiSiGeSiSiSiGeSiGeSiGeGeGeSiSiGeGeGeGeSiGeGeGeGeSiGeGeSiSiGeSiGe
   -17104.0390625000 SiGeGeSiGeGeGeSiSiSiSiGeGeGeSiGeGeGeGeGeGeGeGeGeGeSiSiSiSiSiGeSiSiSiGeSiGeSiGeGeGeSiSiGeGeGeGeSiGeGeGeGeSiGeGeSiSiGeSiGe
   -17104.0390625000 SiGeGeSiGeGeGeSiSiSiSiGeGeGeSiGeGeGeGeGeGeGeGeGeGeSiSiSiSiSiGeSiSiSiGeSiGeSiGeGeGeSiSiGeGeGeGeSiGeGeGeGeSiGeGeSiSiGeSiGe
   -17104.0390625000 SiGeGeSiGeGeGeSiSiSiSiGeGeGeSiGeGeGeGeGeGeGeGeGeGeSiSiSiSiSiGeSiSiSiGeSiGeSiGeGeGeSiSiGeGeGeGeSiGeGeGeGeSiGeGeSiSiGeSiGe
   -17104.0390625000 SiGeGeSiGeGeGeSiSiSiSiGeGeGeSiGeGeGeGeGeGeGeGeGeGeSiSiSiSiSiGeSiSiSiGeSiGeSiGeGeGeSiSiGeGeGeGeSiGeGeGeGeSiGeGeSiSiGeSiGe
   -17104.0390625000 SiGeGeSiGeGeGeSiSiSiSiGeGeGeSiGeGeGeGeGeGeGeGeGeGeSiSiSiSiSiGeSiSiSiGeSiGeSiGeGeGeSiSiGeGeGeGeSiGeGeGeGeSiGeGeSiSiGeSiGe
   -17104.0390625000 SiGeGeSiGeGeGeSiSiSiSiGeGeGeSiGeGeGeGeGeGeGeGeGeGeSiSiSiSiSiGeSiSiSiGeSiGeSiGeGeGeSiSiGeGeGeGeSiGeGeGeGeSiGeGeSiSiGeSiGe
   -17104.0390625000 SiGeGeSiGeGeGeSiSiSiSiGeGeGeSiGeGeGeGeGeGeGeGeGeGeSiSiSiSiSiGeSiSiSiGeSiGeSiGeGeGeSiSiGeGeGeGeSiGeGeGeGeSiGeGeSiSiGeSiGe
   -17104.0390625000 SiGeGeSiGeGeGeSiSiSiSiGeGeGeSiGeGeGeGeGeGeGeGeGeGeSiSiSiSiSiGeSiSiSiGeSiGeSiGeGeGeSiSiGeGeGeGeSiGeGeGeGeSiGeGeSiSiGeSiGe
   -17104.0390625000 SiGeGeSiGeGeGeSiSiSiSiGeGeGeSiGeGeGeGeGeGeGeGeGeGeSiSiSiSiSiGeSiSiSiGeSiGeSiGeGeGeSiSiGeGeGeGeSiGeGeGeGeSiGeGeSiSiGeSiGe
   -17104.0390625000 SiGeGeSiGeGeGeSiSiSiSiGeGeGeSiGeGeGeGeGeGeGeGeGeGeSiSiSiSiSiGeSiSiSiGeSiGeSiGeGeGeSiSiGeGeGeGeSiGeGeGeGeSiGeGeSiSiGeSiGe
   -17104.0390625000 SiGeGeSiGeGeGeSiSiSiSiGeGeGeSiGeGeGeGeGeGeGeGeGeGeSiSiSiSiSiGeSiSiSiGeSiGeSiGeGeGeSiSiGeGeGeGeSiGeGeGeGeSiGeGeSiSiGeSiGe
   -17104.0390625000 SiGeGeSiGeGeGeSiSiSiSiGeGeGeSiGeGeGeGeGeGeGeGeGeGeSiSiSiSiSiGeSiSiSiGeSiGeSiGeGeGeSiSiGeGeGeGeSiGeGeGeGeSiGeGeSiSiGeSiGe
   -17104.0390625000 SiGeGeSiGeGeGeSiSiSiSiGeGeGeSiGeGeGeGeGeGeGeGeGeGeSiSiSiSiSiGeSiSiSiGeSiGeSiGeGeGeSiSiGeGeGeGeSiGeGeGeGeSiGeGeSiSiGeSiGe
   -17104.0390625000 SiGeGeSiGeGeGeSiSiSiSiGeGeGeSiGeGeGeGeGeGeGeGeGeGeSiSiSiSiSiGeSiSiSiGeSiGeSiGeGeGeSiSiGeGeGeGeSiGeGeGeGeSiGeGeSiSiGeSiGe
   -17104.0390625000 SiGeGeSiGeGeGeSiSiSiSiGeGeGeSiGeGeGeGeGeGeGeGeGeGeSiSiSiSiSiGeSiSiSiGeSiGeSiGeGeGeSiSiGeGeGeGeSiGeGeGeGeSiGeGeSiSiGeSiGe
   -17104.0390625000 SiGeGeSiGeGeGeSiSiSiSiGeGeGeSiGeGeGeGeGeGeGeGeGeGeSiSiSiSiSiGeSiSiSiGeSiGeSiGeGeGeSiSiGeGeGeGeSiGeGeGeGeSiGeGeSiSiGeSiGe
   -17104.0390625000 SiGeGeSiGeGeGeSiSiSiSiGeGeGeSiGeGeGeGeGeGeGeGeGeGeSiSiSiSiSiGeSiSiSiGeSiGeSiGeGeGeSiSiGeGeGeGeSiGeGeGeGeSiGeGeSiSiGeSiGe
   -17104.0390625000 SiGeGeSiGeGeGeSiSiSiSiGeGeGeSiGeGeGeGeGeGeGeGeGeGeSiSiSiSiSiGeSiSiSiGeSiGeSiGeGeGeSiSiGeGeGeGeSiGeGeGeGeSiGeGeSiSiGeSiGe
   -17104.0390625000 SiGeGeSiGeGeGeSiSiSiSiGeGeGeSiGeGeGeGeGeGeGeGeGeGeSiSiSiSiSiGeSiSiSiGeSiGeSiGeGeGeSiSiGeGeGeGeSiGeGeGeGeSiGeGeSiSiGeSiGe
   -17104.0390625000 SiGeGeSiGeGeGeSiSiSiSiGeGeGeSiGeGeGeGeGeGeGeGeGeGeSiSiSiSiSiGeSiSiSiGeSiGeSiGeGeGeSiSiGeGeGeGeSiGeGeGeGeSiGeGeSiSiGeSiGe
   -17104.0390625000 SiGeGeSiGeGeGeSiSiSiSiGeGeGeSiGeGeGeGeGeGeGeGeGeGeSiSiSiSiSiGeSiSiSiGeSiGeSiGeGeGeSiSiGeGeGeGeSiGeGeGeGeSiGeGeSiSiGeSiGe
   -17104.0390625000 SiGeGeSiGeGeGeSiSiSiSiGeGeGeSiGeGeGeGeGeGeGeGeGeGeSiSiSiSiSiGeSiSiSiGeSiGeSiGeGeGeSiSiGeGeGeGeSiGeGeGeGeSiGeGeSiSiGeSiGe
   -17104.0390625000 SiGeGeSiGeGeGeSiSiSiSiGeGeGeSiGeGeGeGeGeGeGeGeGeGeSiSiSiSiSiGeSiSiSiGeSiGeSiGeGeGeSiSiGeGeGeGeSiGeGeGeGeSiGeGeSiSiGeSiGe
   -17104.0390625000 SiGeGeSiGeGeGeSiSiSiSiGeGeGeSiGeGeGeGeGeGeGeGeGeGeSiSiSiSiSiGeSiSiSiGeSiGeSiGeGeGeSiSiGeGeGeGeSiGeGeGeGeSiGeGeSiSiGeSiGe
   -17104.0390625000 SiGeGeSiGeGeGeSiSiSiSiGeGeGeSiGeGeGeGeGeGeGeGeGeGeSiSiSiSiSiGeSiSiSiGeSiGeSiGeGeGeSiSiGeGeGeGeSiGeGeGeGeSiGeGeSiSiGeSiGe
   -17104.0390625000 SiGeGeSiGeGeGeSiSiSiSiGeGeGeSiGeGeGeGeGeGeGeGeGeGeSiSiSiSiSiGeSiSiSiGeSiGeSiGeGeGeSiSiGeGeGeGeSiGeGeGeGeSiGeGeSiSiGeSiGe
   -17104.0390625000 SiGeGeSiGeGeGeSiSiSiSiGeGeGeSiGeGeGeGeGeGeGeGeGeGeSiSiSiSiSiGeSiSiSiGeSiGeSiGeGeGeSiSiGeGeGeGeSiGeGeGeGeSiGeGeSiSiGeSiGe
   -17104.0390625000 SiGeGeSiGeGeGeSiSiSiSiGeGeGeSiGeGeGeGeGeGeGeGeGeGeSiSiSiSiSiGeSiSiSiGeSiGeSiGeGeGeSiSiGeGeGeGeSiGeGeGeGeSiGeGeSiSiGeSiGe
   -17104.0390625000 SiGeGeSiGeGeGeSiSiSiSiGeGeGeSiGeGeGeGeGeGeGeGeGeGeSiSiSiSiSiGeSiSiSiGeSiGeSiGeGeGeSiSiGeGeGeGeSiGeGeGeGeSiGeGeSiSiGeSiGe
   -17104.0390625000 SiGeGeSiGeGeGeSiSiSiSiGeGeGeSiGeGeGeGeGeGeGeGeGeGeSiSiSiSiSiGeSiSiSiGeSiGeSiGeGeGeSiSiGeGeGeGeSiGeGeGeGeSiGeGeSiSiGeSiGe
   -17104.0390625000 SiGeGeSiGeGeGeSiSiSiSiGeGeGeSiGeGeGeGeGeGeGeGeGeGeSiSiSiSiSiGeSiSiSiGeSiGeSiGeGeGeSiSiGeGeGeGeSiGeGeGeGeSiGeGeSiSiGeSiGe
   -17104.0390625000 SiGeGeSiGeGeGeSiSiSiSiGeGeGeSiGeGeGeGeGeGeGeGeGeGeSiSiSiSiSiGeSiSiSiGeSiGeSiGeGeGeSiSiGeGeGeGeSiGeGeGeGeSiGeGeSiSiGeSiGe
   -17104.0390625000 SiGeGeSiGeGeGeSiSiSiSiGeGeGeSiGeGeGeGeGeGeGeGeGeGeSiSiSiSiSiGeSiSiSiGeSiGeSiGeGeGeSiSiGeGeGeGeSiGeGeGeGeSiGeGeSiSiGeSiGe
   -17104.0390625000 SiGeGeSiGeGeGeSiSiSiSiGeGeGeSiGeGeGeGeGeGeGeGeGeGeSiSiSiSiSiGeSiSiSiGeSiGeSiGeGeGeSiSiGeGeGeGeSiGeGeGeGeSiGeGeSiSiGeSiGe
   -17104.0390625000 SiGeGeSiGeGeGeSiSiSiSiGeGeGeSiGeGeGeGeGeGeGeGeGeGeSiSiSiSiSiGeSiSiSiGeSiGeSiGeGeGeSiSiGeGeGeGeSiGeGeGeGeSiGeGeSiSiGeSiGe
filename: c000001138805931.gin     
Cell:
    11.9020996    11.9020996    29.6919994    90.0000000    90.0000000   120.0000000
Box:
    11.9020996    -5.9510503     0.0000000
     0.0000000    10.3075209     0.0000000
     0.0000000     0.0000000    29.6919994
----------------------------------------
Inverse Box:
     0.0840188     0.0485083     0.0000000
     0.0000000     0.0970165     0.0000000
     0.0000000     0.0000000     0.0336791
----------------------------------------
==============================================
geometrical properties of  36 Ge:
 Configuration:           0
 D_ave:   9.17367172       3.50892806    
 D_min:   3.05010390       5.46875000E-02
 energia:  -17104.0391    
