Random Seed:  1130225616
Number of atoms:    60
Space Group:    1
Cell:
    11.9020996    11.9020996    29.6919994    90.0000000    90.0000000   120.0000000
Box:
    11.9020996    -5.9510503     0.0000000
     0.0000000    10.3075209     0.0000000
     0.0000000     0.0000000    29.6919994
----------------------------------------
Inverse Box:
     0.0840188     0.0485083     0.0000000
     0.0000000     0.0970165     0.0000000
     0.0000000     0.0000000     0.0336791
----------------------------------------
GeSiSiSiSiSiSiSiSiSiSiSiSiGeSiSiSiSiSiSiSiSiSiSiSiSiSiSiSiSiSiSiSiSiSiSiSiSiSiSiSiSiSiSiSiSiSiSiSiSiSiSiSiSiSiSiSiSiSiSi
           1 Ge    -7733.43115    
GeSiGeSiSiSiSiSiSiSiSiSiSiGeSiSiSiSiSiSiSiSiSiSiSiSiSiSiSiSiSiSiSiSiSiSiSiSiSiSiSiSiSiSiSiSiSiSiSiSiSiSiSiSiSiSiSiSiSiSi
           3 Ge    -7721.45508    
GeSiGeGeSiSiSiSiSiSiSiSiSiGeSiSiSiSiSiSiSiSiSiSiSiSiSiSiSiSiSiSiSiSiSiSiSiSiSiSiSiSiSiSiSiSiSiSiSiSiSiSiSiSiSiSiSiSiSiSi
           4 Ge    -7727.83887    
GeSiGeGeGeSiSiSiSiSiSiSiSiGeSiSiSiSiSiSiSiSiSiSiSiSiSiSiSiSiSiSiSiSiSiSiSiSiSiSiSiSiSiSiSiSiSiSiSiSiSiSiSiSiSiSiSiSiSiSi
           5 Ge    -7746.13379    
GeSiGeGeGeGeSiSiSiSiSiSiSiGeSiSiSiSiSiSiSiSiSiSiSiSiSiSiSiSiSiSiSiSiSiSiSiSiSiSiSiSiSiSiSiSiSiSiSiSiSiSiSiSiSiSiSiSiSiSi
           6 Ge    -7780.47168    
GeSiGeGeGeGeGeSiSiSiSiSiSiGeSiSiSiSiSiSiSiSiSiSiSiSiSiSiSiSiSiSiSiSiSiSiSiSiSiSiSiSiSiSiSiSiSiSiSiSiSiSiSiSiSiSiSiSiSiSi
           7 Ge    -7892.28809    
GeSiGeGeGeGeGeGeSiSiSiSiSiGeSiSiSiSiSiSiSiSiSiSiSiSiSiSiSiSiSiSiSiSiSiSiSiSiSiSiSiSiSiSiSiSiSiSiSiSiSiSiSiSiSiSiSiSiSiSi
           8 Ge    -8032.51221    
GeSiGeGeGeGeGeGeSiSiSiGeSiGeSiSiSiSiSiSiSiSiSiSiSiSiSiSiSiSiSiSiSiSiSiSiSiSiSiSiSiSiSiSiSiSiSiSiSiSiSiSiSiSiSiSiSiSiSiSi
          12 Ge    -8284.32812    
GeSiGeGeGeGeGeGeSiSiSiGeSiGeSiGeSiSiSiSiSiSiSiSiSiSiSiSiSiSiSiSiSiSiSiSiSiSiSiSiSiSiSiSiSiSiSiSiSiSiSiSiSiSiSiSiSiSiSiSi
          16 Ge    -8588.46680    
GeSiGeGeGeGeGeGeSiSiSiGeSiGeSiGeSiSiSiSiSiSiSiSiSiGeSiSiSiSiSiSiSiSiSiSiSiSiSiSiSiSiSiSiSiSiSiSiSiSiSiSiSiSiSiSiSiSiSiSi
          26 Ge    -8304.53027    
GeSiGeGeGeGeGeGeSiSiSiGeSiGeSiGeSiSiSiSiSiSiSiSiSiGeSiSiSiGeSiSiSiSiSiSiSiSiSiSiSiSiSiSiSiSiSiSiSiSiSiSiSiSiSiSiSiSiSiSi
          30 Ge    -8063.20166    
GeSiGeGeGeGeGeGeSiSiSiGeSiGeSiGeSiSiSiSiSiSiSiSiSiGeSiSiSiGeSiSiGeSiSiSiSiSiSiSiSiSiSiSiSiSiSiSiSiSiSiSiSiSiSiSiSiSiSiSi
          33 Ge    -8509.60645    
GeSiGeGeGeGeGeGeSiSiSiGeSiGeSiGeSiSiSiSiSiSiSiSiSiGeSiSiSiGeSiSiGeSiSiGeSiSiSiSiSiSiSiSiSiSiSiSiSiSiSiSiSiSiSiSiSiSiSiSi
          36 Ge    -8089.56055    
GeSiGeGeGeGeGeGeSiSiSiGeSiGeSiGeSiSiSiSiSiSiSiSiSiGeSiSiSiGeSiSiGeSiSiGeSiSiGeSiSiSiSiSiSiSiSiSiSiSiSiSiSiSiSiSiSiSiSiSi
          39 Ge    -8645.10156    
GeSiGeGeGeGeGeGeSiSiSiGeSiGeSiGeSiSiSiSiSiSiSiSiSiGeSiSiSiGeSiSiGeSiSiGeSiSiGeGeSiSiSiSiSiSiSiSiSiSiSiSiSiSiSiSiSiSiSiSi
          40 Ge    -8953.97949    
GeSiGeGeGeGeGeGeSiSiSiGeSiGeSiGeSiSiSiSiSiSiSiSiSiGeSiSiSiGeSiSiGeSiSiGeSiSiGeGeSiGeSiSiSiSiSiSiSiSiSiSiSiSiSiSiSiSiSiSi
          42 Ge    -7344.90918    
GeSiGeGeGeGeGeGeSiSiSiGeSiGeSiGeSiSiSiSiSiSiSiSiSiGeSiSiSiGeSiSiGeSiSiGeSiSiGeGeSiGeSiSiGeSiSiSiSiSiSiSiSiSiSiSiSiSiSiSi
          45 Ge    -7760.84668    
GeSiGeGeGeGeGeGeSiSiSiGeSiGeSiGeSiSiSiSiSiSiSiSiSiGeSiSiSiGeSiSiGeSiSiGeSiSiGeGeSiGeSiSiGeGeSiSiSiSiSiSiSiSiSiSiSiSiSiSi
          46 Ge    -7864.19092    
GeSiGeGeGeGeGeGeSiSiSiGeSiGeSiGeSiSiSiSiSiSiSiSiSiGeSiSiSiGeSiSiGeSiSiGeSiSiGeGeSiGeSiSiGeGeSiSiSiSiSiSiSiSiSiSiGeSiSiSi
          57 Ge    -8916.39453    
GeGeGeGeGeGeGeGeSiSiSiGeSiGeSiGeSiSiSiSiSiSiSiSiSiGeSiSiSiGeSiSiGeSiSiGeSiSiGeGeSiGeSiSiGeGeSiSiSiSiSiSiSiSiSiSiGeSiSiSi
           2 Ge    -9326.75781    
GeGeGeGeGeGeGeGeSiGeSiGeSiGeSiGeSiSiSiSiSiSiSiSiSiGeSiSiSiGeSiSiGeSiSiGeSiSiGeGeSiGeSiSiGeGeSiSiSiSiSiSiSiSiSiSiGeSiSiSi
          10 Ge    -8775.42969    
GeGeGeGeGeGeGeGeSiGeGeGeSiGeSiGeSiSiSiSiSiSiSiSiSiGeSiSiSiGeSiSiGeSiSiGeSiSiGeGeSiGeSiSiGeGeSiSiSiSiSiSiSiSiSiSiGeSiSiSi
          11 Ge    -8314.35742    
GeGeGeGeGeGeGeGeSiGeGeGeGeGeSiGeSiSiSiSiSiSiSiSiSiGeSiSiSiGeSiSiGeSiSiGeSiSiGeGeSiGeSiSiGeGeSiSiSiSiSiSiSiSiSiSiGeSiSiSi
          13 Ge    -7029.72949    
GeGeGeGeGeGeGeGeSiGeGeGeGeGeGeGeSiSiSiSiSiSiSiSiSiGeSiSiSiGeSiSiGeSiSiGeSiSiGeGeSiGeSiSiGeGeSiSiSiSiSiSiSiSiSiSiGeSiSiSi
          15 Ge    -5181.40527    
GeGeGeGeGeGeGeGeSiGeGeGeGeGeGeGeSiSiSiSiSiSiGeSiSiGeSiSiSiGeSiSiGeSiSiGeSiSiGeGeSiGeSiSiGeGeSiSiSiSiSiSiSiSiSiSiGeSiSiSi
          23 Ge    -907.562012    
GeGeGeGeGeGeGeGeSiGeGeGeGeGeGeGeSiSiSiSiSiSiGeGeSiGeSiSiSiGeSiSiGeSiSiGeSiSiGeGeSiGeSiSiGeGeSiSiSiSiSiSiSiSiSiSiGeSiSiSi
          24 Ge     5267.60107    
GeGeGeGeGeGeGeGeSiGeGeGeGeGeGeGeSiSiSiSiSiSiGeGeSiGeSiGeSiGeSiSiGeSiSiGeSiSiGeGeSiGeSiSiGeGeSiSiSiSiSiSiSiSiSiSiGeSiSiSi
          28 Ge     8488.70703    
GeGeGeGeGeGeGeGeSiGeGeGeGeGeGeGeSiSiSiSiSiSiGeGeSiGeSiGeSiGeSiSiGeSiSiGeSiSiGeGeSiGeSiGeGeGeSiSiSiSiSiSiSiSiSiSiGeSiSiSi
          44 Ge     9690.25391    
GeGeGeGeGeGeGeGeSiGeGeGeGeGeGeGeSiSiSiSiSiSiGeGeSiGeSiGeSiGeSiSiGeSiSiGeSiSiGeGeSiGeSiGeGeGeSiSiSiSiGeSiSiSiSiSiGeSiSiSi
          51 Ge     9491.10156    
GeGeGeGeGeGeGeGeSiGeGeGeGeGeGeGeSiSiSiSiSiSiGeGeSiGeSiGeSiGeSiSiGeSiSiGeSiSiGeGeSiGeSiGeGeGeSiSiSiSiGeSiSiSiSiSiGeGeSiSi
          58 Ge     12607.1953    
GeGeGeGeGeGeGeGeGeGeGeGeGeGeGeGeSiSiSiSiSiSiGeGeSiGeSiGeSiGeSiSiGeSiSiGeSiSiGeGeSiGeSiGeGeGeSiSiSiSiGeSiSiSiSiSiGeGeSiSi
           9 Ge     16611.2051    
GeGeGeGeGeGeGeGeGeGeGeGeGeGeGeGeGeSiSiSiSiSiGeGeSiGeSiGeSiGeSiSiGeSiSiGeSiSiGeGeSiGeSiGeGeGeSiSiSiSiGeSiSiSiSiSiGeGeSiSi
          17 Ge     22356.9941    
GeGeGeGeGeGeGeGeGeGeGeGeGeGeGeGeGeGeSiSiSiSiGeGeSiGeSiGeSiGeSiSiGeSiSiGeSiSiGeGeSiGeSiGeGeGeSiSiSiSiGeSiSiSiSiSiGeGeSiSi
          18 Ge     26729.0645    
GeGeGeGeGeGeGeGeGeGeGeGeGeGeGeGeGeGeSiSiGeSiGeGeSiGeSiGeSiGeSiSiGeSiSiGeSiSiGeGeSiGeSiGeGeGeSiSiSiSiGeSiSiSiSiSiGeGeSiSi
          21 Ge     38059.0469    
GeGeGeGeGeGeGeGeGeGeGeGeGeGeGeGeGeGeSiSiGeGeGeGeSiGeSiGeSiGeSiSiGeSiSiGeSiSiGeGeSiGeSiGeGeGeSiSiSiSiGeSiSiSiSiSiGeGeSiSi
          22 Ge     47819.5234    
GeGeGeGeGeGeGeGeGeGeGeGeGeGeGeGeGeGeSiSiGeGeGeGeSiGeSiGeSiGeGeSiGeSiSiGeSiSiGeGeSiGeSiGeGeGeSiSiSiSiGeSiSiSiSiSiGeGeSiSi
          31 Ge     52918.4766    
==============================================
MonteCarlo: Metropolis with identity changes
Si > Ge, Ge > Si. STOP when occurrence <    0.00000
==============================================
Cost_function     Occurrence %     Scan-Cost
    11550.0849609375 SiSiSiGeSiGeGeGeSiGeGeGeGeSiSiGeGeGeSiGeGeGeGeGeGeGeSiGeGeSiSiSiGeSiGeGeGeGeGeGeSiGeSiGeSiGeSiSiSiGeGeGeSiSiGeGeGeSiGeSi
     7006.6250000000 SiSiSiGeSiGeSiGeSiGeGeGeGeSiSiGeSiGeGeGeGeGeGeGeGeSiSiGeGeSiGeGeGeSiGeGeGeGeGeGeSiGeSiGeSiGeSiSiSiGeGeGeSiGeSiGeGeGeSiSi
     7006.6250000000 SiSiSiGeSiGeSiGeSiGeGeGeGeSiSiGeSiGeGeGeGeGeGeGeGeSiSiGeGeSiGeGeGeSiGeGeGeGeGeGeSiGeSiGeSiGeSiSiSiGeGeGeSiGeSiGeGeGeSiSi
    -2148.3398437500 SiGeSiGeSiGeSiGeSiGeSiGeGeSiGeGeSiGeGeGeGeGeGeGeGeSiSiSiSiSiGeGeGeSiGeGeGeGeGeGeSiSiGeGeGeGeSiSiGeGeGeGeSiGeSiGeGeSiSiSi
    -2148.3398437500 SiGeSiGeSiGeSiGeSiGeSiGeGeSiGeGeSiGeGeGeGeGeGeGeGeSiSiSiSiSiGeGeGeSiGeGeGeGeGeGeSiSiGeGeGeGeSiSiGeGeGeGeSiGeSiGeGeSiSiSi
    -2148.3398437500 SiGeSiGeSiGeSiGeSiGeSiGeGeSiGeGeSiGeGeGeGeGeGeGeGeSiSiSiSiSiGeGeGeSiGeGeGeGeGeGeSiSiGeGeGeGeSiSiGeGeGeGeSiGeSiGeGeSiSiSi
    -2148.3398437500 SiGeSiGeSiGeSiGeSiGeSiGeGeSiGeGeSiGeGeGeGeGeGeGeGeSiSiSiSiSiGeGeGeSiGeGeGeGeGeGeSiSiGeGeGeGeSiSiGeGeGeGeSiGeSiGeGeSiSiSi
    -7765.8559570312 SiGeSiGeSiGeSiGeSiGeSiGeGeSiGeSiSiGeGeGeGeGeGeGeGeSiSiSiGeSiGeGeGeSiGeGeGeGeGeGeSiSiGeGeGeGeGeSiGeGeGeGeSiGeSiGeSiSiSiSi
    -7765.8559570312 SiGeSiGeSiGeSiGeSiGeSiGeGeSiGeSiSiGeGeGeGeGeGeGeGeSiSiSiGeSiGeGeGeSiGeGeGeGeGeGeSiSiGeGeGeGeGeSiGeGeGeGeSiGeSiGeSiSiSiSi
    -7765.8559570312 SiGeSiGeSiGeSiGeSiGeSiGeGeSiGeSiSiGeGeGeGeGeGeGeGeSiSiSiGeSiGeGeGeSiGeGeGeGeGeGeSiSiGeGeGeGeGeSiGeGeGeGeSiGeSiGeSiSiSiSi
    -7765.8559570312 SiGeSiGeSiGeSiGeSiGeSiGeGeSiGeSiSiGeGeGeGeGeGeGeGeSiSiSiGeSiGeGeGeSiGeGeGeGeGeGeSiSiGeGeGeGeGeSiGeGeGeGeSiGeSiGeSiSiSiSi
   -10453.8417968750 SiGeSiGeSiSiSiGeSiSiSiGeGeSiGeGeGeGeGeGeGeGeGeGeGeSiSiSiGeSiGeGeGeSiGeGeGeGeGeGeSiSiGeSiGeGeGeGeGeGeGeGeSiGeSiGeSiSiSiSi
   -10453.8417968750 SiGeSiGeSiSiSiGeSiSiSiGeGeSiGeGeGeGeGeGeGeGeGeGeGeSiSiSiGeSiGeGeGeSiGeGeGeGeGeGeSiSiGeSiGeGeGeGeGeGeGeGeSiGeSiGeSiSiSiSi
   -10453.8417968750 SiGeSiGeSiSiSiGeSiSiSiGeGeSiGeGeGeGeGeGeGeGeGeGeGeSiSiSiGeSiGeGeGeSiGeGeGeGeGeGeSiSiGeSiGeGeGeGeGeGeGeGeSiGeSiGeSiSiSiSi
   -10453.8417968750 SiGeSiGeSiSiSiGeSiSiSiGeGeSiGeGeGeGeGeGeGeGeGeGeGeSiSiSiGeSiGeGeGeSiGeGeGeGeGeGeSiSiGeSiGeGeGeGeGeGeGeGeSiGeSiGeSiSiSiSi
   -10453.8417968750 SiGeSiGeSiSiSiGeSiSiSiGeGeSiGeGeGeGeGeGeGeGeGeGeGeSiSiSiGeSiGeGeGeSiGeGeGeGeGeGeSiSiGeSiGeGeGeGeGeGeGeGeSiGeSiGeSiSiSiSi
   -10453.8417968750 SiGeSiGeSiSiSiGeSiSiSiGeGeSiGeGeGeGeGeGeGeGeGeGeGeSiSiSiGeSiGeGeGeSiGeGeGeGeGeGeSiSiGeSiGeGeGeGeGeGeGeGeSiGeSiGeSiSiSiSi
   -10453.8417968750 SiGeSiGeSiSiSiGeSiSiSiGeGeSiGeGeGeGeGeGeGeGeGeGeGeSiSiSiGeSiGeGeGeSiGeGeGeGeGeGeSiSiGeSiGeGeGeGeGeGeGeGeSiGeSiGeSiSiSiSi
   -10453.8417968750 SiGeSiGeSiSiSiGeSiSiSiGeGeSiGeGeGeGeGeGeGeGeGeGeGeSiSiSiGeSiGeGeGeSiGeGeGeGeGeGeSiSiGeSiGeGeGeGeGeGeGeGeSiGeSiGeSiSiSiSi
   -10453.8417968750 SiGeSiGeSiSiSiGeSiSiSiGeGeSiGeGeGeGeGeGeGeGeGeGeGeSiSiSiGeSiGeGeGeSiGeGeGeGeGeGeSiSiGeSiGeGeGeGeGeGeGeGeSiGeSiGeSiSiSiSi
   -10453.8417968750 SiGeSiGeSiSiSiGeSiSiSiGeGeSiGeGeGeGeGeGeGeGeGeGeGeSiSiSiGeSiGeGeGeSiGeGeGeGeGeGeSiSiGeSiGeGeGeGeGeGeGeGeSiGeSiGeSiSiSiSi
   -10453.8417968750 SiGeSiGeSiSiSiGeSiSiSiGeGeSiGeGeGeGeGeGeGeGeGeGeGeSiSiSiGeSiGeGeGeSiGeGeGeGeGeGeSiSiGeSiGeGeGeGeGeGeGeGeSiGeSiGeSiSiSiSi
   -10453.8417968750 SiGeSiGeSiSiSiGeSiSiSiGeGeSiGeGeGeGeGeGeGeGeGeGeGeSiSiSiGeSiGeGeGeSiGeGeGeGeGeGeSiSiGeSiGeGeGeGeGeGeGeGeSiGeSiGeSiSiSiSi
   -10453.8417968750 SiGeSiGeSiSiSiGeSiSiSiGeGeSiGeGeGeGeGeGeGeGeGeGeGeSiSiSiGeSiGeGeGeSiGeGeGeGeGeGeSiSiGeSiGeGeGeGeGeGeGeGeSiGeSiGeSiSiSiSi
   -10453.8417968750 SiGeSiGeSiSiSiGeSiSiSiGeGeSiGeGeGeGeGeGeGeGeGeGeGeSiSiSiGeSiGeGeGeSiGeGeGeGeGeGeSiSiGeSiGeGeGeGeGeGeGeGeSiGeSiGeSiSiSiSi
   -10453.8417968750 SiGeSiGeSiSiSiGeSiSiSiGeGeSiGeGeGeGeGeGeGeGeGeGeGeSiSiSiGeSiGeGeGeSiGeGeGeGeGeGeSiSiGeSiGeGeGeGeGeGeGeGeSiGeSiGeSiSiSiSi
   -10453.8417968750 SiGeSiGeSiSiSiGeSiSiSiGeGeSiGeGeGeGeGeGeGeGeGeGeGeSiSiSiGeSiGeGeGeSiGeGeGeGeGeGeSiSiGeSiGeGeGeGeGeGeGeGeSiGeSiGeSiSiSiSi
   -10453.8417968750 SiGeSiGeSiSiSiGeSiSiSiGeGeSiGeGeGeGeGeGeGeGeGeGeGeSiSiSiGeSiGeGeGeSiGeGeGeGeGeGeSiSiGeSiGeGeGeGeGeGeGeGeSiGeSiGeSiSiSiSi
   -10453.8417968750 SiGeSiGeSiSiSiGeSiSiSiGeGeSiGeGeGeGeGeGeGeGeGeGeGeSiSiSiGeSiGeGeGeSiGeGeGeGeGeGeSiSiGeSiGeGeGeGeGeGeGeGeSiGeSiGeSiSiSiSi
   -10453.8417968750 SiGeSiGeSiSiSiGeSiSiSiGeGeSiGeGeGeGeGeGeGeGeGeGeGeSiSiSiGeSiGeGeGeSiGeGeGeGeGeGeSiSiGeSiGeGeGeGeGeGeGeGeSiGeSiGeSiSiSiSi
   -10453.8417968750 SiGeSiGeSiSiSiGeSiSiSiGeGeSiGeGeGeGeGeGeGeGeGeGeGeSiSiSiGeSiGeGeGeSiGeGeGeGeGeGeSiSiGeSiGeGeGeGeGeGeGeGeSiGeSiGeSiSiSiSi
   -10453.8417968750 SiGeSiGeSiSiSiGeSiSiSiGeGeSiGeGeGeGeGeGeGeGeGeGeGeSiSiSiGeSiGeGeGeSiGeGeGeGeGeGeSiSiGeSiGeGeGeGeGeGeGeGeSiGeSiGeSiSiSiSi
   -10453.8417968750 SiGeSiGeSiSiSiGeSiSiSiGeGeSiGeGeGeGeGeGeGeGeGeGeGeSiSiSiGeSiGeGeGeSiGeGeGeGeGeGeSiSiGeSiGeGeGeGeGeGeGeGeSiGeSiGeSiSiSiSi
   -10453.8417968750 SiGeSiGeSiSiSiGeSiSiSiGeGeSiGeGeGeGeGeGeGeGeGeGeGeSiSiSiGeSiGeGeGeSiGeGeGeGeGeGeSiSiGeSiGeGeGeGeGeGeGeGeSiGeSiGeSiSiSiSi
   -10453.8417968750 SiGeSiGeSiSiSiGeSiSiSiGeGeSiGeGeGeGeGeGeGeGeGeGeGeSiSiSiGeSiGeGeGeSiGeGeGeGeGeGeSiSiGeSiGeGeGeGeGeGeGeGeSiGeSiGeSiSiSiSi
   -10453.8417968750 SiGeSiGeSiSiSiGeSiSiSiGeGeSiGeGeGeGeGeGeGeGeGeGeGeSiSiSiGeSiGeGeGeSiGeGeGeGeGeGeSiSiGeSiGeGeGeGeGeGeGeGeSiGeSiGeSiSiSiSi
   -10453.8417968750 SiGeSiGeSiSiSiGeSiSiSiGeGeSiGeGeGeGeGeGeGeGeGeGeGeSiSiSiGeSiGeGeGeSiGeGeGeGeGeGeSiSiGeSiGeGeGeGeGeGeGeGeSiGeSiGeSiSiSiSi
   -10453.8417968750 SiGeSiGeSiSiSiGeSiSiSiGeGeSiGeGeGeGeGeGeGeGeGeGeGeSiSiSiGeSiGeGeGeSiGeGeGeGeGeGeSiSiGeSiGeGeGeGeGeGeGeGeSiGeSiGeSiSiSiSi
   -10453.8417968750 SiGeSiGeSiSiSiGeSiSiSiGeGeSiGeGeGeGeGeGeGeGeGeGeGeSiSiSiGeSiGeGeGeSiGeGeGeGeGeGeSiSiGeSiGeGeGeGeGeGeGeGeSiGeSiGeSiSiSiSi
   -10453.8417968750 SiGeSiGeSiSiSiGeSiSiSiGeGeSiGeGeGeGeGeGeGeGeGeGeGeSiSiSiGeSiGeGeGeSiGeGeGeGeGeGeSiSiGeSiGeGeGeGeGeGeGeGeSiGeSiGeSiSiSiSi
   -10453.8417968750 SiGeSiGeSiSiSiGeSiSiSiGeGeSiGeGeGeGeGeGeGeGeGeGeGeSiSiSiGeSiGeGeGeSiGeGeGeGeGeGeSiSiGeSiGeGeGeGeGeGeGeGeSiGeSiGeSiSiSiSi
   -10453.8417968750 SiGeSiGeSiSiSiGeSiSiSiGeGeSiGeGeGeGeGeGeGeGeGeGeGeSiSiSiGeSiGeGeGeSiGeGeGeGeGeGeSiSiGeSiGeGeGeGeGeGeGeGeSiGeSiGeSiSiSiSi
   -10453.8417968750 SiGeSiGeSiSiSiGeSiSiSiGeGeSiGeGeGeGeGeGeGeGeGeGeGeSiSiSiGeSiGeGeGeSiGeGeGeGeGeGeSiSiGeSiGeGeGeGeGeGeGeGeSiGeSiGeSiSiSiSi
   -10453.8417968750 SiGeSiGeSiSiSiGeSiSiSiGeGeSiGeGeGeGeGeGeGeGeGeGeGeSiSiSiGeSiGeGeGeSiGeGeGeGeGeGeSiSiGeSiGeGeGeGeGeGeGeGeSiGeSiGeSiSiSiSi
   -10453.8417968750 SiGeSiGeSiSiSiGeSiSiSiGeGeSiGeGeGeGeGeGeGeGeGeGeGeSiSiSiGeSiGeGeGeSiGeGeGeGeGeGeSiSiGeSiGeGeGeGeGeGeGeGeSiGeSiGeSiSiSiSi
   -10453.8417968750 SiGeSiGeSiSiSiGeSiSiSiGeGeSiGeGeGeGeGeGeGeGeGeGeGeSiSiSiGeSiGeGeGeSiGeGeGeGeGeGeSiSiGeSiGeGeGeGeGeGeGeGeSiGeSiGeSiSiSiSi
   -10453.8417968750 SiGeSiGeSiSiSiGeSiSiSiGeGeSiGeGeGeGeGeGeGeGeGeGeGeSiSiSiGeSiGeGeGeSiGeGeGeGeGeGeSiSiGeSiGeGeGeGeGeGeGeGeSiGeSiGeSiSiSiSi
   -10453.8417968750 SiGeSiGeSiSiSiGeSiSiSiGeGeSiGeGeGeGeGeGeGeGeGeGeGeSiSiSiGeSiGeGeGeSiGeGeGeGeGeGeSiSiGeSiGeGeGeGeGeGeGeGeSiGeSiGeSiSiSiSi
   -10453.8417968750 SiGeSiGeSiSiSiGeSiSiSiGeGeSiGeGeGeGeGeGeGeGeGeGeGeSiSiSiGeSiGeGeGeSiGeGeGeGeGeGeSiSiGeSiGeGeGeGeGeGeGeGeSiGeSiGeSiSiSiSi
   -10453.8417968750 SiGeSiGeSiSiSiGeSiSiSiGeGeSiGeGeGeGeGeGeGeGeGeGeGeSiSiSiGeSiGeGeGeSiGeGeGeGeGeGeSiSiGeSiGeGeGeGeGeGeGeGeSiGeSiGeSiSiSiSi
   -10453.8417968750 SiGeSiGeSiSiSiGeSiSiSiGeGeSiGeGeGeGeGeGeGeGeGeGeGeSiSiSiGeSiGeGeGeSiGeGeGeGeGeGeSiSiGeSiGeGeGeGeGeGeGeGeSiGeSiGeSiSiSiSi
   -10453.8417968750 SiGeSiGeSiSiSiGeSiSiSiGeGeSiGeGeGeGeGeGeGeGeGeGeGeSiSiSiGeSiGeGeGeSiGeGeGeGeGeGeSiSiGeSiGeGeGeGeGeGeGeGeSiGeSiGeSiSiSiSi
   -10453.8417968750 SiGeSiGeSiSiSiGeSiSiSiGeGeSiGeGeGeGeGeGeGeGeGeGeGeSiSiSiGeSiGeGeGeSiGeGeGeGeGeGeSiSiGeSiGeGeGeGeGeGeGeGeSiGeSiGeSiSiSiSi
   -10453.8417968750 SiGeSiGeSiSiSiGeSiSiSiGeGeSiGeGeGeGeGeGeGeGeGeGeGeSiSiSiGeSiGeGeGeSiGeGeGeGeGeGeSiSiGeSiGeGeGeGeGeGeGeGeSiGeSiGeSiSiSiSi
   -10453.8417968750 SiGeSiGeSiSiSiGeSiSiSiGeGeSiGeGeGeGeGeGeGeGeGeGeGeSiSiSiGeSiGeGeGeSiGeGeGeGeGeGeSiSiGeSiGeGeGeGeGeGeGeGeSiGeSiGeSiSiSiSi
   -10453.8417968750 SiGeSiGeSiSiSiGeSiSiSiGeGeSiGeGeGeGeGeGeGeGeGeGeGeSiSiSiGeSiGeGeGeSiGeGeGeGeGeGeSiSiGeSiGeGeGeGeGeGeGeGeSiGeSiGeSiSiSiSi
   -10453.8417968750 SiGeSiGeSiSiSiGeSiSiSiGeGeSiGeGeGeGeGeGeGeGeGeGeGeSiSiSiGeSiGeGeGeSiGeGeGeGeGeGeSiSiGeSiGeGeGeGeGeGeGeGeSiGeSiGeSiSiSiSi
   -10453.8417968750 SiGeSiGeSiSiSiGeSiSiSiGeGeSiGeGeGeGeGeGeGeGeGeGeGeSiSiSiGeSiGeGeGeSiGeGeGeGeGeGeSiSiGeSiGeGeGeGeGeGeGeGeSiGeSiGeSiSiSiSi
   -10453.8417968750 SiGeSiGeSiSiSiGeSiSiSiGeGeSiGeGeGeGeGeGeGeGeGeGeGeSiSiSiGeSiGeGeGeSiGeGeGeGeGeGeSiSiGeSiGeGeGeGeGeGeGeGeSiGeSiGeSiSiSiSi
   -10453.8417968750 SiGeSiGeSiSiSiGeSiSiSiGeGeSiGeGeGeGeGeGeGeGeGeGeGeSiSiSiGeSiGeGeGeSiGeGeGeGeGeGeSiSiGeSiGeGeGeGeGeGeGeGeSiGeSiGeSiSiSiSi
   -10453.8417968750 SiGeSiGeSiSiSiGeSiSiSiGeGeSiGeGeGeGeGeGeGeGeGeGeGeSiSiSiGeSiGeGeGeSiGeGeGeGeGeGeSiSiGeSiGeGeGeGeGeGeGeGeSiGeSiGeSiSiSiSi
   -10453.8417968750 SiGeSiGeSiSiSiGeSiSiSiGeGeSiGeGeGeGeGeGeGeGeGeGeGeSiSiSiGeSiGeGeGeSiGeGeGeGeGeGeSiSiGeSiGeGeGeGeGeGeGeGeSiGeSiGeSiSiSiSi
   -10453.8417968750 SiGeSiGeSiSiSiGeSiSiSiGeGeSiGeGeGeGeGeGeGeGeGeGeGeSiSiSiGeSiGeGeGeSiGeGeGeGeGeGeSiSiGeSiGeGeGeGeGeGeGeGeSiGeSiGeSiSiSiSi
   -10453.8417968750 SiGeSiGeSiSiSiGeSiSiSiGeGeSiGeGeGeGeGeGeGeGeGeGeGeSiSiSiGeSiGeGeGeSiGeGeGeGeGeGeSiSiGeSiGeGeGeGeGeGeGeGeSiGeSiGeSiSiSiSi
   -10453.8417968750 SiGeSiGeSiSiSiGeSiSiSiGeGeSiGeGeGeGeGeGeGeGeGeGeGeSiSiSiGeSiGeGeGeSiGeGeGeGeGeGeSiSiGeSiGeGeGeGeGeGeGeGeSiGeSiGeSiSiSiSi
   -10453.8417968750 SiGeSiGeSiSiSiGeSiSiSiGeGeSiGeGeGeGeGeGeGeGeGeGeGeSiSiSiGeSiGeGeGeSiGeGeGeGeGeGeSiSiGeSiGeGeGeGeGeGeGeGeSiGeSiGeSiSiSiSi
   -10453.8417968750 SiGeSiGeSiSiSiGeSiSiSiGeGeSiGeGeGeGeGeGeGeGeGeGeGeSiSiSiGeSiGeGeGeSiGeGeGeGeGeGeSiSiGeSiGeGeGeGeGeGeGeGeSiGeSiGeSiSiSiSi
   -10453.8417968750 SiGeSiGeSiSiSiGeSiSiSiGeGeSiGeGeGeGeGeGeGeGeGeGeGeSiSiSiGeSiGeGeGeSiGeGeGeGeGeGeSiSiGeSiGeGeGeGeGeGeGeGeSiGeSiGeSiSiSiSi
   -10453.8417968750 SiGeSiGeSiSiSiGeSiSiSiGeGeSiGeGeGeGeGeGeGeGeGeGeGeSiSiSiGeSiGeGeGeSiGeGeGeGeGeGeSiSiGeSiGeGeGeGeGeGeGeGeSiGeSiGeSiSiSiSi
   -10453.8417968750 SiGeSiGeSiSiSiGeSiSiSiGeGeSiGeGeGeGeGeGeGeGeGeGeGeSiSiSiGeSiGeGeGeSiGeGeGeGeGeGeSiSiGeSiGeGeGeGeGeGeGeGeSiGeSiGeSiSiSiSi
   -10453.8417968750 SiGeSiGeSiSiSiGeSiSiSiGeGeSiGeGeGeGeGeGeGeGeGeGeGeSiSiSiGeSiGeGeGeSiGeGeGeGeGeGeSiSiGeSiGeGeGeGeGeGeGeGeSiGeSiGeSiSiSiSi
   -10453.8417968750 SiGeSiGeSiSiSiGeSiSiSiGeGeSiGeGeGeGeGeGeGeGeGeGeGeSiSiSiGeSiGeGeGeSiGeGeGeGeGeGeSiSiGeSiGeGeGeGeGeGeGeGeSiGeSiGeSiSiSiSi
   -10453.8417968750 SiGeSiGeSiSiSiGeSiSiSiGeGeSiGeGeGeGeGeGeGeGeGeGeGeSiSiSiGeSiGeGeGeSiGeGeGeGeGeGeSiSiGeSiGeGeGeGeGeGeGeGeSiGeSiGeSiSiSiSi
   -10453.8417968750 SiGeSiGeSiSiSiGeSiSiSiGeGeSiGeGeGeGeGeGeGeGeGeGeGeSiSiSiGeSiGeGeGeSiGeGeGeGeGeGeSiSiGeSiGeGeGeGeGeGeGeGeSiGeSiGeSiSiSiSi
   -10453.8417968750 SiGeSiGeSiSiSiGeSiSiSiGeGeSiGeGeGeGeGeGeGeGeGeGeGeSiSiSiGeSiGeGeGeSiGeGeGeGeGeGeSiSiGeSiGeGeGeGeGeGeGeGeSiGeSiGeSiSiSiSi
   -10453.8417968750 SiGeSiGeSiSiSiGeSiSiSiGeGeSiGeGeGeGeGeGeGeGeGeGeGeSiSiSiGeSiGeGeGeSiGeGeGeGeGeGeSiSiGeSiGeGeGeGeGeGeGeGeSiGeSiGeSiSiSiSi
   -10453.8417968750 SiGeSiGeSiSiSiGeSiSiSiGeGeSiGeGeGeGeGeGeGeGeGeGeGeSiSiSiGeSiGeGeGeSiGeGeGeGeGeGeSiSiGeSiGeGeGeGeGeGeGeGeSiGeSiGeSiSiSiSi
   -10453.8417968750 SiGeSiGeSiSiSiGeSiSiSiGeGeSiGeGeGeGeGeGeGeGeGeGeGeSiSiSiGeSiGeGeGeSiGeGeGeGeGeGeSiSiGeSiGeGeGeGeGeGeGeGeSiGeSiGeSiSiSiSi
   -10453.8417968750 SiGeSiGeSiSiSiGeSiSiSiGeGeSiGeGeGeGeGeGeGeGeGeGeGeSiSiSiGeSiGeGeGeSiGeGeGeGeGeGeSiSiGeSiGeGeGeGeGeGeGeGeSiGeSiGeSiSiSiSi
   -10453.8417968750 SiGeSiGeSiSiSiGeSiSiSiGeGeSiGeGeGeGeGeGeGeGeGeGeGeSiSiSiGeSiGeGeGeSiGeGeGeGeGeGeSiSiGeSiGeGeGeGeGeGeGeGeSiGeSiGeSiSiSiSi
   -10453.8417968750 SiGeSiGeSiSiSiGeSiSiSiGeGeSiGeGeGeGeGeGeGeGeGeGeGeSiSiSiGeSiGeGeGeSiGeGeGeGeGeGeSiSiGeSiGeGeGeGeGeGeGeGeSiGeSiGeSiSiSiSi
   -10453.8417968750 SiGeSiGeSiSiSiGeSiSiSiGeGeSiGeGeGeGeGeGeGeGeGeGeGeSiSiSiGeSiGeGeGeSiGeGeGeGeGeGeSiSiGeSiGeGeGeGeGeGeGeGeSiGeSiGeSiSiSiSi
   -10453.8417968750 SiGeSiGeSiSiSiGeSiSiSiGeGeSiGeGeGeGeGeGeGeGeGeGeGeSiSiSiGeSiGeGeGeSiGeGeGeGeGeGeSiSiGeSiGeGeGeGeGeGeGeGeSiGeSiGeSiSiSiSi
   -10453.8417968750 SiGeSiGeSiSiSiGeSiSiSiGeGeSiGeGeGeGeGeGeGeGeGeGeGeSiSiSiGeSiGeGeGeSiGeGeGeGeGeGeSiSiGeSiGeGeGeGeGeGeGeGeSiGeSiGeSiSiSiSi
   -10453.8417968750 SiGeSiGeSiSiSiGeSiSiSiGeGeSiGeGeGeGeGeGeGeGeGeGeGeSiSiSiGeSiGeGeGeSiGeGeGeGeGeGeSiSiGeSiGeGeGeGeGeGeGeGeSiGeSiGeSiSiSiSi
   -10453.8417968750 SiGeSiGeSiSiSiGeSiSiSiGeGeSiGeGeGeGeGeGeGeGeGeGeGeSiSiSiGeSiGeGeGeSiGeGeGeGeGeGeSiSiGeSiGeGeGeGeGeGeGeGeSiGeSiGeSiSiSiSi
   -10453.8417968750 SiGeSiGeSiSiSiGeSiSiSiGeGeSiGeGeGeGeGeGeGeGeGeGeGeSiSiSiGeSiGeGeGeSiGeGeGeGeGeGeSiSiGeSiGeGeGeGeGeGeGeGeSiGeSiGeSiSiSiSi
   -10453.8417968750 SiGeSiGeSiSiSiGeSiSiSiGeGeSiGeGeGeGeGeGeGeGeGeGeGeSiSiSiGeSiGeGeGeSiGeGeGeGeGeGeSiSiGeSiGeGeGeGeGeGeGeGeSiGeSiGeSiSiSiSi
   -10453.8417968750 SiGeSiGeSiSiSiGeSiSiSiGeGeSiGeGeGeGeGeGeGeGeGeGeGeSiSiSiGeSiGeGeGeSiGeGeGeGeGeGeSiSiGeSiGeGeGeGeGeGeGeGeSiGeSiGeSiSiSiSi
   -10453.8417968750 SiGeSiGeSiSiSiGeSiSiSiGeGeSiGeGeGeGeGeGeGeGeGeGeGeSiSiSiGeSiGeGeGeSiGeGeGeGeGeGeSiSiGeSiGeGeGeGeGeGeGeGeSiGeSiGeSiSiSiSi
   -10453.8417968750 SiGeSiGeSiSiSiGeSiSiSiGeGeSiGeGeGeGeGeGeGeGeGeGeGeSiSiSiGeSiGeGeGeSiGeGeGeGeGeGeSiSiGeSiGeGeGeGeGeGeGeGeSiGeSiGeSiSiSiSi
   -10453.8417968750 SiGeSiGeSiSiSiGeSiSiSiGeGeSiGeGeGeGeGeGeGeGeGeGeGeSiSiSiGeSiGeGeGeSiGeGeGeGeGeGeSiSiGeSiGeGeGeGeGeGeGeGeSiGeSiGeSiSiSiSi
   -10453.8417968750 SiGeSiGeSiSiSiGeSiSiSiGeGeSiGeGeGeGeGeGeGeGeGeGeGeSiSiSiGeSiGeGeGeSiGeGeGeGeGeGeSiSiGeSiGeGeGeGeGeGeGeGeSiGeSiGeSiSiSiSi
   -10453.8417968750 SiGeSiGeSiSiSiGeSiSiSiGeGeSiGeGeGeGeGeGeGeGeGeGeGeSiSiSiGeSiGeGeGeSiGeGeGeGeGeGeSiSiGeSiGeGeGeGeGeGeGeGeSiGeSiGeSiSiSiSi
   -10453.8417968750 SiGeSiGeSiSiSiGeSiSiSiGeGeSiGeGeGeGeGeGeGeGeGeGeGeSiSiSiGeSiGeGeGeSiGeGeGeGeGeGeSiSiGeSiGeGeGeGeGeGeGeGeSiGeSiGeSiSiSiSi
   -10453.8417968750 SiGeSiGeSiSiSiGeSiSiSiGeGeSiGeGeGeGeGeGeGeGeGeGeGeSiSiSiGeSiGeGeGeSiGeGeGeGeGeGeSiSiGeSiGeGeGeGeGeGeGeGeSiGeSiGeSiSiSiSi
   -10453.8417968750 SiGeSiGeSiSiSiGeSiSiSiGeGeSiGeGeGeGeGeGeGeGeGeGeGeSiSiSiGeSiGeGeGeSiGeGeGeGeGeGeSiSiGeSiGeGeGeGeGeGeGeGeSiGeSiGeSiSiSiSi
   -10453.8417968750 SiGeSiGeSiSiSiGeSiSiSiGeGeSiGeGeGeGeGeGeGeGeGeGeGeSiSiSiGeSiGeGeGeSiGeGeGeGeGeGeSiSiGeSiGeGeGeGeGeGeGeGeSiGeSiGeSiSiSiSi
   -10453.8417968750 SiGeSiGeSiSiSiGeSiSiSiGeGeSiGeGeGeGeGeGeGeGeGeGeGeSiSiSiGeSiGeGeGeSiGeGeGeGeGeGeSiSiGeSiGeGeGeGeGeGeGeGeSiGeSiGeSiSiSiSi
   -10453.8417968750 SiGeSiGeSiSiSiGeSiSiSiGeGeSiGeGeGeGeGeGeGeGeGeGeGeSiSiSiGeSiGeGeGeSiGeGeGeGeGeGeSiSiGeSiGeGeGeGeGeGeGeGeSiGeSiGeSiSiSiSi
   -10453.8417968750 SiGeSiGeSiSiSiGeSiSiSiGeGeSiGeGeGeGeGeGeGeGeGeGeGeSiSiSiGeSiGeGeGeSiGeGeGeGeGeGeSiSiGeSiGeGeGeGeGeGeGeGeSiGeSiGeSiSiSiSi
   -10453.8417968750 SiGeSiGeSiSiSiGeSiSiSiGeGeSiGeGeGeGeGeGeGeGeGeGeGeSiSiSiGeSiGeGeGeSiGeGeGeGeGeGeSiSiGeSiGeGeGeGeGeGeGeGeSiGeSiGeSiSiSiSi
   -10453.8417968750 SiGeSiGeSiSiSiGeSiSiSiGeGeSiGeGeGeGeGeGeGeGeGeGeGeSiSiSiGeSiGeGeGeSiGeGeGeGeGeGeSiSiGeSiGeGeGeGeGeGeGeGeSiGeSiGeSiSiSiSi
   -10453.8417968750 SiGeSiGeSiSiSiGeSiSiSiGeGeSiGeGeGeGeGeGeGeGeGeGeGeSiSiSiGeSiGeGeGeSiGeGeGeGeGeGeSiSiGeSiGeGeGeGeGeGeGeGeSiGeSiGeSiSiSiSi
   -10453.8417968750 SiGeSiGeSiSiSiGeSiSiSiGeGeSiGeGeGeGeGeGeGeGeGeGeGeSiSiSiGeSiGeGeGeSiGeGeGeGeGeGeSiSiGeSiGeGeGeGeGeGeGeGeSiGeSiGeSiSiSiSi
   -10453.8417968750 SiGeSiGeSiSiSiGeSiSiSiGeGeSiGeGeGeGeGeGeGeGeGeGeGeSiSiSiGeSiGeGeGeSiGeGeGeGeGeGeSiSiGeSiGeGeGeGeGeGeGeGeSiGeSiGeSiSiSiSi
   -10453.8417968750 SiGeSiGeSiSiSiGeSiSiSiGeGeSiGeGeGeGeGeGeGeGeGeGeGeSiSiSiGeSiGeGeGeSiGeGeGeGeGeGeSiSiGeSiGeGeGeGeGeGeGeGeSiGeSiGeSiSiSiSi
   -10453.8417968750 SiGeSiGeSiSiSiGeSiSiSiGeGeSiGeGeGeGeGeGeGeGeGeGeGeSiSiSiGeSiGeGeGeSiGeGeGeGeGeGeSiSiGeSiGeGeGeGeGeGeGeGeSiGeSiGeSiSiSiSi
   -10453.8417968750 SiGeSiGeSiSiSiGeSiSiSiGeGeSiGeGeGeGeGeGeGeGeGeGeGeSiSiSiGeSiGeGeGeSiGeGeGeGeGeGeSiSiGeSiGeGeGeGeGeGeGeGeSiGeSiGeSiSiSiSi
   -10453.8417968750 SiGeSiGeSiSiSiGeSiSiSiGeGeSiGeGeGeGeGeGeGeGeGeGeGeSiSiSiGeSiGeGeGeSiGeGeGeGeGeGeSiSiGeSiGeGeGeGeGeGeGeGeSiGeSiGeSiSiSiSi
   -10453.8417968750 SiGeSiGeSiSiSiGeSiSiSiGeGeSiGeGeGeGeGeGeGeGeGeGeGeSiSiSiGeSiGeGeGeSiGeGeGeGeGeGeSiSiGeSiGeGeGeGeGeGeGeGeSiGeSiGeSiSiSiSi
   -10453.8417968750 SiGeSiGeSiSiSiGeSiSiSiGeGeSiGeGeGeGeGeGeGeGeGeGeGeSiSiSiGeSiGeGeGeSiGeGeGeGeGeGeSiSiGeSiGeGeGeGeGeGeGeGeSiGeSiGeSiSiSiSi
   -10453.8417968750 SiGeSiGeSiSiSiGeSiSiSiGeGeSiGeGeGeGeGeGeGeGeGeGeGeSiSiSiGeSiGeGeGeSiGeGeGeGeGeGeSiSiGeSiGeGeGeGeGeGeGeGeSiGeSiGeSiSiSiSi
   -10453.8417968750 SiGeSiGeSiSiSiGeSiSiSiGeGeSiGeGeGeGeGeGeGeGeGeGeGeSiSiSiGeSiGeGeGeSiGeGeGeGeGeGeSiSiGeSiGeGeGeGeGeGeGeGeSiGeSiGeSiSiSiSi
   -10453.8417968750 SiGeSiGeSiSiSiGeSiSiSiGeGeSiGeGeGeGeGeGeGeGeGeGeGeSiSiSiGeSiGeGeGeSiGeGeGeGeGeGeSiSiGeSiGeGeGeGeGeGeGeGeSiGeSiGeSiSiSiSi
   -10453.8417968750 SiGeSiGeSiSiSiGeSiSiSiGeGeSiGeGeGeGeGeGeGeGeGeGeGeSiSiSiGeSiGeGeGeSiGeGeGeGeGeGeSiSiGeSiGeGeGeGeGeGeGeGeSiGeSiGeSiSiSiSi
   -10453.8417968750 SiGeSiGeSiSiSiGeSiSiSiGeGeSiGeGeGeGeGeGeGeGeGeGeGeSiSiSiGeSiGeGeGeSiGeGeGeGeGeGeSiSiGeSiGeGeGeGeGeGeGeGeSiGeSiGeSiSiSiSi
   -10453.8417968750 SiGeSiGeSiSiSiGeSiSiSiGeGeSiGeGeGeGeGeGeGeGeGeGeGeSiSiSiGeSiGeGeGeSiGeGeGeGeGeGeSiSiGeSiGeGeGeGeGeGeGeGeSiGeSiGeSiSiSiSi
   -10453.8417968750 SiGeSiGeSiSiSiGeSiSiSiGeGeSiGeGeGeGeGeGeGeGeGeGeGeSiSiSiGeSiGeGeGeSiGeGeGeGeGeGeSiSiGeSiGeGeGeGeGeGeGeGeSiGeSiGeSiSiSiSi
   -10453.8417968750 SiGeSiGeSiSiSiGeSiSiSiGeGeSiGeGeGeGeGeGeGeGeGeGeGeSiSiSiGeSiGeGeGeSiGeGeGeGeGeGeSiSiGeSiGeGeGeGeGeGeGeGeSiGeSiGeSiSiSiSi
   -10453.8417968750 SiGeSiGeSiSiSiGeSiSiSiGeGeSiGeGeGeGeGeGeGeGeGeGeGeSiSiSiGeSiGeGeGeSiGeGeGeGeGeGeSiSiGeSiGeGeGeGeGeGeGeGeSiGeSiGeSiSiSiSi
   -10453.8417968750 SiGeSiGeSiSiSiGeSiSiSiGeGeSiGeGeGeGeGeGeGeGeGeGeGeSiSiSiGeSiGeGeGeSiGeGeGeGeGeGeSiSiGeSiGeGeGeGeGeGeGeGeSiGeSiGeSiSiSiSi
   -10453.8417968750 SiGeSiGeSiSiSiGeSiSiSiGeGeSiGeGeGeGeGeGeGeGeGeGeGeSiSiSiGeSiGeGeGeSiGeGeGeGeGeGeSiSiGeSiGeGeGeGeGeGeGeGeSiGeSiGeSiSiSiSi
   -10453.8417968750 SiGeSiGeSiSiSiGeSiSiSiGeGeSiGeGeGeGeGeGeGeGeGeGeGeSiSiSiGeSiGeGeGeSiGeGeGeGeGeGeSiSiGeSiGeGeGeGeGeGeGeGeSiGeSiGeSiSiSiSi
   -10453.8417968750 SiGeSiGeSiSiSiGeSiSiSiGeGeSiGeGeGeGeGeGeGeGeGeGeGeSiSiSiGeSiGeGeGeSiGeGeGeGeGeGeSiSiGeSiGeGeGeGeGeGeGeGeSiGeSiGeSiSiSiSi
   -10453.8417968750 SiGeSiGeSiSiSiGeSiSiSiGeGeSiGeGeGeGeGeGeGeGeGeGeGeSiSiSiGeSiGeGeGeSiGeGeGeGeGeGeSiSiGeSiGeGeGeGeGeGeGeGeSiGeSiGeSiSiSiSi
   -10453.8417968750 SiGeSiGeSiSiSiGeSiSiSiGeGeSiGeGeGeGeGeGeGeGeGeGeGeSiSiSiGeSiGeGeGeSiGeGeGeGeGeGeSiSiGeSiGeGeGeGeGeGeGeGeSiGeSiGeSiSiSiSi
   -10453.8417968750 SiGeSiGeSiSiSiGeSiSiSiGeGeSiGeGeGeGeGeGeGeGeGeGeGeSiSiSiGeSiGeGeGeSiGeGeGeGeGeGeSiSiGeSiGeGeGeGeGeGeGeGeSiGeSiGeSiSiSiSi
   -10453.8417968750 SiGeSiGeSiSiSiGeSiSiSiGeGeSiGeGeGeGeGeGeGeGeGeGeGeSiSiSiGeSiGeGeGeSiGeGeGeGeGeGeSiSiGeSiGeGeGeGeGeGeGeGeSiGeSiGeSiSiSiSi
   -10453.8417968750 SiGeSiGeSiSiSiGeSiSiSiGeGeSiGeGeGeGeGeGeGeGeGeGeGeSiSiSiGeSiGeGeGeSiGeGeGeGeGeGeSiSiGeSiGeGeGeGeGeGeGeGeSiGeSiGeSiSiSiSi
   -10453.8417968750 SiGeSiGeSiSiSiGeSiSiSiGeGeSiGeGeGeGeGeGeGeGeGeGeGeSiSiSiGeSiGeGeGeSiGeGeGeGeGeGeSiSiGeSiGeGeGeGeGeGeGeGeSiGeSiGeSiSiSiSi
   -10453.8417968750 SiGeSiGeSiSiSiGeSiSiSiGeGeSiGeGeGeGeGeGeGeGeGeGeGeSiSiSiGeSiGeGeGeSiGeGeGeGeGeGeSiSiGeSiGeGeGeGeGeGeGeGeSiGeSiGeSiSiSiSi
   -10453.8417968750 SiGeSiGeSiSiSiGeSiSiSiGeGeSiGeGeGeGeGeGeGeGeGeGeGeSiSiSiGeSiGeGeGeSiGeGeGeGeGeGeSiSiGeSiGeGeGeGeGeGeGeGeSiGeSiGeSiSiSiSi
   -10453.8417968750 SiGeSiGeSiSiSiGeSiSiSiGeGeSiGeGeGeGeGeGeGeGeGeGeGeSiSiSiGeSiGeGeGeSiGeGeGeGeGeGeSiSiGeSiGeGeGeGeGeGeGeGeSiGeSiGeSiSiSiSi
   -10453.8417968750 SiGeSiGeSiSiSiGeSiSiSiGeGeSiGeGeGeGeGeGeGeGeGeGeGeSiSiSiGeSiGeGeGeSiGeGeGeGeGeGeSiSiGeSiGeGeGeGeGeGeGeGeSiGeSiGeSiSiSiSi
   -10453.8417968750 SiGeSiGeSiSiSiGeSiSiSiGeGeSiGeGeGeGeGeGeGeGeGeGeGeSiSiSiGeSiGeGeGeSiGeGeGeGeGeGeSiSiGeSiGeGeGeGeGeGeGeGeSiGeSiGeSiSiSiSi
   -10453.8417968750 SiGeSiGeSiSiSiGeSiSiSiGeGeSiGeGeGeGeGeGeGeGeGeGeGeSiSiSiGeSiGeGeGeSiGeGeGeGeGeGeSiSiGeSiGeGeGeGeGeGeGeGeSiGeSiGeSiSiSiSi
   -10453.8417968750 SiGeSiGeSiSiSiGeSiSiSiGeGeSiGeGeGeGeGeGeGeGeGeGeGeSiSiSiGeSiGeGeGeSiGeGeGeGeGeGeSiSiGeSiGeGeGeGeGeGeGeGeSiGeSiGeSiSiSiSi
   -10453.8417968750 SiGeSiGeSiSiSiGeSiSiSiGeGeSiGeGeGeGeGeGeGeGeGeGeGeSiSiSiGeSiGeGeGeSiGeGeGeGeGeGeSiSiGeSiGeGeGeGeGeGeGeGeSiGeSiGeSiSiSiSi
   -10453.8417968750 SiGeSiGeSiSiSiGeSiSiSiGeGeSiGeGeGeGeGeGeGeGeGeGeGeSiSiSiGeSiGeGeGeSiGeGeGeGeGeGeSiSiGeSiGeGeGeGeGeGeGeGeSiGeSiGeSiSiSiSi
   -10453.8417968750 SiGeSiGeSiSiSiGeSiSiSiGeGeSiGeGeGeGeGeGeGeGeGeGeGeSiSiSiGeSiGeGeGeSiGeGeGeGeGeGeSiSiGeSiGeGeGeGeGeGeGeGeSiGeSiGeSiSiSiSi
   -10453.8417968750 SiGeSiGeSiSiSiGeSiSiSiGeGeSiGeGeGeGeGeGeGeGeGeGeGeSiSiSiGeSiGeGeGeSiGeGeGeGeGeGeSiSiGeSiGeGeGeGeGeGeGeGeSiGeSiGeSiSiSiSi
   -10453.8417968750 SiGeSiGeSiSiSiGeSiSiSiGeGeSiGeGeGeGeGeGeGeGeGeGeGeSiSiSiGeSiGeGeGeSiGeGeGeGeGeGeSiSiGeSiGeGeGeGeGeGeGeGeSiGeSiGeSiSiSiSi
   -10453.8417968750 SiGeSiGeSiSiSiGeSiSiSiGeGeSiGeGeGeGeGeGeGeGeGeGeGeSiSiSiGeSiGeGeGeSiGeGeGeGeGeGeSiSiGeSiGeGeGeGeGeGeGeGeSiGeSiGeSiSiSiSi
   -10453.8417968750 SiGeSiGeSiSiSiGeSiSiSiGeGeSiGeGeGeGeGeGeGeGeGeGeGeSiSiSiGeSiGeGeGeSiGeGeGeGeGeGeSiSiGeSiGeGeGeGeGeGeGeGeSiGeSiGeSiSiSiSi
   -10453.8417968750 SiGeSiGeSiSiSiGeSiSiSiGeGeSiGeGeGeGeGeGeGeGeGeGeGeSiSiSiGeSiGeGeGeSiGeGeGeGeGeGeSiSiGeSiGeGeGeGeGeGeGeGeSiGeSiGeSiSiSiSi
   -10453.8417968750 SiGeSiGeSiSiSiGeSiSiSiGeGeSiGeGeGeGeGeGeGeGeGeGeGeSiSiSiGeSiGeGeGeSiGeGeGeGeGeGeSiSiGeSiGeGeGeGeGeGeGeGeSiGeSiGeSiSiSiSi
   -10453.8417968750 SiGeSiGeSiSiSiGeSiSiSiGeGeSiGeGeGeGeGeGeGeGeGeGeGeSiSiSiGeSiGeGeGeSiGeGeGeGeGeGeSiSiGeSiGeGeGeGeGeGeGeGeSiGeSiGeSiSiSiSi
   -10453.8417968750 SiGeSiGeSiSiSiGeSiSiSiGeGeSiGeGeGeGeGeGeGeGeGeGeGeSiSiSiGeSiGeGeGeSiGeGeGeGeGeGeSiSiGeSiGeGeGeGeGeGeGeGeSiGeSiGeSiSiSiSi
   -10453.8417968750 SiGeSiGeSiSiSiGeSiSiSiGeGeSiGeGeGeGeGeGeGeGeGeGeGeSiSiSiGeSiGeGeGeSiGeGeGeGeGeGeSiSiGeSiGeGeGeGeGeGeGeGeSiGeSiGeSiSiSiSi
   -10453.8417968750 SiGeSiGeSiSiSiGeSiSiSiGeGeSiGeGeGeGeGeGeGeGeGeGeGeSiSiSiGeSiGeGeGeSiGeGeGeGeGeGeSiSiGeSiGeGeGeGeGeGeGeGeSiGeSiGeSiSiSiSi
   -10453.8417968750 SiGeSiGeSiSiSiGeSiSiSiGeGeSiGeGeGeGeGeGeGeGeGeGeGeSiSiSiGeSiGeGeGeSiGeGeGeGeGeGeSiSiGeSiGeGeGeGeGeGeGeGeSiGeSiGeSiSiSiSi
   -10453.8417968750 SiGeSiGeSiSiSiGeSiSiSiGeGeSiGeGeGeGeGeGeGeGeGeGeGeSiSiSiGeSiGeGeGeSiGeGeGeGeGeGeSiSiGeSiGeGeGeGeGeGeGeGeSiGeSiGeSiSiSiSi
   -10453.8417968750 SiGeSiGeSiSiSiGeSiSiSiGeGeSiGeGeGeGeGeGeGeGeGeGeGeSiSiSiGeSiGeGeGeSiGeGeGeGeGeGeSiSiGeSiGeGeGeGeGeGeGeGeSiGeSiGeSiSiSiSi
   -10453.8417968750 SiGeSiGeSiSiSiGeSiSiSiGeGeSiGeGeGeGeGeGeGeGeGeGeGeSiSiSiGeSiGeGeGeSiGeGeGeGeGeGeSiSiGeSiGeGeGeGeGeGeGeGeSiGeSiGeSiSiSiSi
   -10453.8417968750 SiGeSiGeSiSiSiGeSiSiSiGeGeSiGeGeGeGeGeGeGeGeGeGeGeSiSiSiGeSiGeGeGeSiGeGeGeGeGeGeSiSiGeSiGeGeGeGeGeGeGeGeSiGeSiGeSiSiSiSi
   -10453.8417968750 SiGeSiGeSiSiSiGeSiSiSiGeGeSiGeGeGeGeGeGeGeGeGeGeGeSiSiSiGeSiGeGeGeSiGeGeGeGeGeGeSiSiGeSiGeGeGeGeGeGeGeGeSiGeSiGeSiSiSiSi
   -10453.8417968750 SiGeSiGeSiSiSiGeSiSiSiGeGeSiGeGeGeGeGeGeGeGeGeGeGeSiSiSiGeSiGeGeGeSiGeGeGeGeGeGeSiSiGeSiGeGeGeGeGeGeGeGeSiGeSiGeSiSiSiSi
   -10453.8417968750 SiGeSiGeSiSiSiGeSiSiSiGeGeSiGeGeGeGeGeGeGeGeGeGeGeSiSiSiGeSiGeGeGeSiGeGeGeGeGeGeSiSiGeSiGeGeGeGeGeGeGeGeSiGeSiGeSiSiSiSi
   -10453.8417968750 SiGeSiGeSiSiSiGeSiSiSiGeGeSiGeGeGeGeGeGeGeGeGeGeGeSiSiSiGeSiGeGeGeSiGeGeGeGeGeGeSiSiGeSiGeGeGeGeGeGeGeGeSiGeSiGeSiSiSiSi
   -10453.8417968750 SiGeSiGeSiSiSiGeSiSiSiGeGeSiGeGeGeGeGeGeGeGeGeGeGeSiSiSiGeSiGeGeGeSiGeGeGeGeGeGeSiSiGeSiGeGeGeGeGeGeGeGeSiGeSiGeSiSiSiSi
   -10453.8417968750 SiGeSiGeSiSiSiGeSiSiSiGeGeSiGeGeGeGeGeGeGeGeGeGeGeSiSiSiGeSiGeGeGeSiGeGeGeGeGeGeSiSiGeSiGeGeGeGeGeGeGeGeSiGeSiGeSiSiSiSi
   -10453.8417968750 SiGeSiGeSiSiSiGeSiSiSiGeGeSiGeGeGeGeGeGeGeGeGeGeGeSiSiSiGeSiGeGeGeSiGeGeGeGeGeGeSiSiGeSiGeGeGeGeGeGeGeGeSiGeSiGeSiSiSiSi
   -10453.8417968750 SiGeSiGeSiSiSiGeSiSiSiGeGeSiGeGeGeGeGeGeGeGeGeGeGeSiSiSiGeSiGeGeGeSiGeGeGeGeGeGeSiSiGeSiGeGeGeGeGeGeGeGeSiGeSiGeSiSiSiSi
   -10453.8417968750 SiGeSiGeSiSiSiGeSiSiSiGeGeSiGeGeGeGeGeGeGeGeGeGeGeSiSiSiGeSiGeGeGeSiGeGeGeGeGeGeSiSiGeSiGeGeGeGeGeGeGeGeSiGeSiGeSiSiSiSi
   -10453.8417968750 SiGeSiGeSiSiSiGeSiSiSiGeGeSiGeGeGeGeGeGeGeGeGeGeGeSiSiSiGeSiGeGeGeSiGeGeGeGeGeGeSiSiGeSiGeGeGeGeGeGeGeGeSiGeSiGeSiSiSiSi
   -10453.8417968750 SiGeSiGeSiSiSiGeSiSiSiGeGeSiGeGeGeGeGeGeGeGeGeGeGeSiSiSiGeSiGeGeGeSiGeGeGeGeGeGeSiSiGeSiGeGeGeGeGeGeGeGeSiGeSiGeSiSiSiSi
   -10453.8417968750 SiGeSiGeSiSiSiGeSiSiSiGeGeSiGeGeGeGeGeGeGeGeGeGeGeSiSiSiGeSiGeGeGeSiGeGeGeGeGeGeSiSiGeSiGeGeGeGeGeGeGeGeSiGeSiGeSiSiSiSi
   -10453.8417968750 SiGeSiGeSiSiSiGeSiSiSiGeGeSiGeGeGeGeGeGeGeGeGeGeGeSiSiSiGeSiGeGeGeSiGeGeGeGeGeGeSiSiGeSiGeGeGeGeGeGeGeGeSiGeSiGeSiSiSiSi
   -10453.8417968750 SiGeSiGeSiSiSiGeSiSiSiGeGeSiGeGeGeGeGeGeGeGeGeGeGeSiSiSiGeSiGeGeGeSiGeGeGeGeGeGeSiSiGeSiGeGeGeGeGeGeGeGeSiGeSiGeSiSiSiSi
   -10453.8417968750 SiGeSiGeSiSiSiGeSiSiSiGeGeSiGeGeGeGeGeGeGeGeGeGeGeSiSiSiGeSiGeGeGeSiGeGeGeGeGeGeSiSiGeSiGeGeGeGeGeGeGeGeSiGeSiGeSiSiSiSi
   -10453.8417968750 SiGeSiGeSiSiSiGeSiSiSiGeGeSiGeGeGeGeGeGeGeGeGeGeGeSiSiSiGeSiGeGeGeSiGeGeGeGeGeGeSiSiGeSiGeGeGeGeGeGeGeGeSiGeSiGeSiSiSiSi
   -10453.8417968750 SiGeSiGeSiSiSiGeSiSiSiGeGeSiGeGeGeGeGeGeGeGeGeGeGeSiSiSiGeSiGeGeGeSiGeGeGeGeGeGeSiSiGeSiGeGeGeGeGeGeGeGeSiGeSiGeSiSiSiSi
   -10453.8417968750 SiGeSiGeSiSiSiGeSiSiSiGeGeSiGeGeGeGeGeGeGeGeGeGeGeSiSiSiGeSiGeGeGeSiGeGeGeGeGeGeSiSiGeSiGeGeGeGeGeGeGeGeSiGeSiGeSiSiSiSi
   -10453.8417968750 SiGeSiGeSiSiSiGeSiSiSiGeGeSiGeGeGeGeGeGeGeGeGeGeGeSiSiSiGeSiGeGeGeSiGeGeGeGeGeGeSiSiGeSiGeGeGeGeGeGeGeGeSiGeSiGeSiSiSiSi
   -10453.8417968750 SiGeSiGeSiSiSiGeSiSiSiGeGeSiGeGeGeGeGeGeGeGeGeGeGeSiSiSiGeSiGeGeGeSiGeGeGeGeGeGeSiSiGeSiGeGeGeGeGeGeGeGeSiGeSiGeSiSiSiSi
   -10453.8417968750 SiGeSiGeSiSiSiGeSiSiSiGeGeSiGeGeGeGeGeGeGeGeGeGeGeSiSiSiGeSiGeGeGeSiGeGeGeGeGeGeSiSiGeSiGeGeGeGeGeGeGeGeSiGeSiGeSiSiSiSi
   -10453.8417968750 SiGeSiGeSiSiSiGeSiSiSiGeGeSiGeGeGeGeGeGeGeGeGeGeGeSiSiSiGeSiGeGeGeSiGeGeGeGeGeGeSiSiGeSiGeGeGeGeGeGeGeGeSiGeSiGeSiSiSiSi
   -10453.8417968750 SiGeSiGeSiSiSiGeSiSiSiGeGeSiGeGeGeGeGeGeGeGeGeGeGeSiSiSiGeSiGeGeGeSiGeGeGeGeGeGeSiSiGeSiGeGeGeGeGeGeGeGeSiGeSiGeSiSiSiSi
   -10453.8417968750 SiGeSiGeSiSiSiGeSiSiSiGeGeSiGeGeGeGeGeGeGeGeGeGeGeSiSiSiGeSiGeGeGeSiGeGeGeGeGeGeSiSiGeSiGeGeGeGeGeGeGeGeSiGeSiGeSiSiSiSi
   -10453.8417968750 SiGeSiGeSiSiSiGeSiSiSiGeGeSiGeGeGeGeGeGeGeGeGeGeGeSiSiSiGeSiGeGeGeSiGeGeGeGeGeGeSiSiGeSiGeGeGeGeGeGeGeGeSiGeSiGeSiSiSiSi
   -10453.8417968750 SiGeSiGeSiSiSiGeSiSiSiGeGeSiGeGeGeGeGeGeGeGeGeGeGeSiSiSiGeSiGeGeGeSiGeGeGeGeGeGeSiSiGeSiGeGeGeGeGeGeGeGeSiGeSiGeSiSiSiSi
   -10453.8417968750 SiGeSiGeSiSiSiGeSiSiSiGeGeSiGeGeGeGeGeGeGeGeGeGeGeSiSiSiGeSiGeGeGeSiGeGeGeGeGeGeSiSiGeSiGeGeGeGeGeGeGeGeSiGeSiGeSiSiSiSi
   -10453.8417968750 SiGeSiGeSiSiSiGeSiSiSiGeGeSiGeGeGeGeGeGeGeGeGeGeGeSiSiSiGeSiGeGeGeSiGeGeGeGeGeGeSiSiGeSiGeGeGeGeGeGeGeGeSiGeSiGeSiSiSiSi
   -10453.8417968750 SiGeSiGeSiSiSiGeSiSiSiGeGeSiGeGeGeGeGeGeGeGeGeGeGeSiSiSiGeSiGeGeGeSiGeGeGeGeGeGeSiSiGeSiGeGeGeGeGeGeGeGeSiGeSiGeSiSiSiSi
   -10453.8417968750 SiGeSiGeSiSiSiGeSiSiSiGeGeSiGeGeGeGeGeGeGeGeGeGeGeSiSiSiGeSiGeGeGeSiGeGeGeGeGeGeSiSiGeSiGeGeGeGeGeGeGeGeSiGeSiGeSiSiSiSi
   -10453.8417968750 SiGeSiGeSiSiSiGeSiSiSiGeGeSiGeGeGeGeGeGeGeGeGeGeGeSiSiSiGeSiGeGeGeSiGeGeGeGeGeGeSiSiGeSiGeGeGeGeGeGeGeGeSiGeSiGeSiSiSiSi
   -10453.8417968750 SiGeSiGeSiSiSiGeSiSiSiGeGeSiGeGeGeGeGeGeGeGeGeGeGeSiSiSiGeSiGeGeGeSiGeGeGeGeGeGeSiSiGeSiGeGeGeGeGeGeGeGeSiGeSiGeSiSiSiSi
   -10453.8417968750 SiGeSiGeSiSiSiGeSiSiSiGeGeSiGeGeGeGeGeGeGeGeGeGeGeSiSiSiGeSiGeGeGeSiGeGeGeGeGeGeSiSiGeSiGeGeGeGeGeGeGeGeSiGeSiGeSiSiSiSi
   -10453.8417968750 SiGeSiGeSiSiSiGeSiSiSiGeGeSiGeGeGeGeGeGeGeGeGeGeGeSiSiSiGeSiGeGeGeSiGeGeGeGeGeGeSiSiGeSiGeGeGeGeGeGeGeGeSiGeSiGeSiSiSiSi
   -10453.8417968750 SiGeSiGeSiSiSiGeSiSiSiGeGeSiGeGeGeGeGeGeGeGeGeGeGeSiSiSiGeSiGeGeGeSiGeGeGeGeGeGeSiSiGeSiGeGeGeGeGeGeGeGeSiGeSiGeSiSiSiSi
   -10453.8417968750 SiGeSiGeSiSiSiGeSiSiSiGeGeSiGeGeGeGeGeGeGeGeGeGeGeSiSiSiGeSiGeGeGeSiGeGeGeGeGeGeSiSiGeSiGeGeGeGeGeGeGeGeSiGeSiGeSiSiSiSi
   -10453.8417968750 SiGeSiGeSiSiSiGeSiSiSiGeGeSiGeGeGeGeGeGeGeGeGeGeGeSiSiSiGeSiGeGeGeSiGeGeGeGeGeGeSiSiGeSiGeGeGeGeGeGeGeGeSiGeSiGeSiSiSiSi
   -10453.8417968750 SiGeSiGeSiSiSiGeSiSiSiGeGeSiGeGeGeGeGeGeGeGeGeGeGeSiSiSiGeSiGeGeGeSiGeGeGeGeGeGeSiSiGeSiGeGeGeGeGeGeGeGeSiGeSiGeSiSiSiSi
   -10453.8417968750 SiGeSiGeSiSiSiGeSiSiSiGeGeSiGeGeGeGeGeGeGeGeGeGeGeSiSiSiGeSiGeGeGeSiGeGeGeGeGeGeSiSiGeSiGeGeGeGeGeGeGeGeSiGeSiGeSiSiSiSi
   -10453.8417968750 SiGeSiGeSiSiSiGeSiSiSiGeGeSiGeGeGeGeGeGeGeGeGeGeGeSiSiSiGeSiGeGeGeSiGeGeGeGeGeGeSiSiGeSiGeGeGeGeGeGeGeGeSiGeSiGeSiSiSiSi
   -10453.8417968750 SiGeSiGeSiSiSiGeSiSiSiGeGeSiGeGeGeGeGeGeGeGeGeGeGeSiSiSiGeSiGeGeGeSiGeGeGeGeGeGeSiSiGeSiGeGeGeGeGeGeGeGeSiGeSiGeSiSiSiSi
   -10453.8417968750 SiGeSiGeSiSiSiGeSiSiSiGeGeSiGeGeGeGeGeGeGeGeGeGeGeSiSiSiGeSiGeGeGeSiGeGeGeGeGeGeSiSiGeSiGeGeGeGeGeGeGeGeSiGeSiGeSiSiSiSi
   -10453.8417968750 SiGeSiGeSiSiSiGeSiSiSiGeGeSiGeGeGeGeGeGeGeGeGeGeGeSiSiSiGeSiGeGeGeSiGeGeGeGeGeGeSiSiGeSiGeGeGeGeGeGeGeGeSiGeSiGeSiSiSiSi
   -10453.8417968750 SiGeSiGeSiSiSiGeSiSiSiGeGeSiGeGeGeGeGeGeGeGeGeGeGeSiSiSiGeSiGeGeGeSiGeGeGeGeGeGeSiSiGeSiGeGeGeGeGeGeGeGeSiGeSiGeSiSiSiSi
   -10453.8417968750 SiGeSiGeSiSiSiGeSiSiSiGeGeSiGeGeGeGeGeGeGeGeGeGeGeSiSiSiGeSiGeGeGeSiGeGeGeGeGeGeSiSiGeSiGeGeGeGeGeGeGeGeSiGeSiGeSiSiSiSi
filename: c000001353817839.gin     
Cell:
    11.9020996    11.9020996    29.6919994    90.0000000    90.0000000   120.0000000
Box:
    11.9020996    -5.9510503     0.0000000
     0.0000000    10.3075209     0.0000000
     0.0000000     0.0000000    29.6919994
----------------------------------------
Inverse Box:
     0.0840188     0.0485083     0.0000000
     0.0000000     0.0970165     0.0000000
     0.0000000     0.0000000     0.0336791
----------------------------------------
==============================================
geometrical properties of  37 Ge:
 Configuration:           0
 D_ave:   9.14596844       3.53316045    
 D_min:   3.04370570       4.13744524E-02
 energia:  -10453.8418    
