Random Seed:  1058929445
Number of atoms:    60
Space Group:    1
Cell:
    11.9020996    11.9020996    29.6919994    90.0000000    90.0000000   120.0000000
Box:
    11.9020996    -5.9510503     0.0000000
     0.0000000    10.3075209     0.0000000
     0.0000000     0.0000000    29.6919994
----------------------------------------
Inverse Box:
     0.0840188     0.0485083     0.0000000
     0.0000000     0.0970165     0.0000000
     0.0000000     0.0000000     0.0336791
----------------------------------------
GeSiSiSiSiSiSiSiSiSiSiSiSiSiSiSiSiSiSiSiSiSiSiSiSiSiSiSiSiSiSiSiSiSiSiSiSiSiSiSiSiSiSiSiSiSiSiSiSiSiSiGeSiSiSiSiSiSiSiSi
           1 Ge    -7732.99805    
GeSiGeSiSiSiSiSiSiSiSiSiSiSiSiSiSiSiSiSiSiSiSiSiSiSiSiSiSiSiSiSiSiSiSiSiSiSiSiSiSiSiSiSiSiSiSiSiSiSiSiGeSiSiSiSiSiSiSiSi
           3 Ge    -7720.92529    
GeSiGeGeSiSiSiSiSiSiSiSiSiSiSiSiSiSiSiSiSiSiSiSiSiSiSiSiSiSiSiSiSiSiSiSiSiSiSiSiSiSiSiSiSiSiSiSiSiSiSiGeSiSiSiSiSiSiSiSi
           4 Ge    -7733.07129    
GeSiGeGeGeSiSiSiSiSiSiSiSiSiSiSiSiSiSiSiSiSiSiSiSiSiSiSiSiSiSiSiSiSiSiSiSiSiSiSiSiSiSiSiSiSiSiSiSiSiSiGeSiSiSiSiSiSiSiSi
           5 Ge    -7764.22363    
GeSiGeGeGeGeSiSiSiSiSiSiSiSiSiSiSiSiSiSiSiSiSiSiSiSiSiSiSiSiSiSiSiSiSiSiSiSiSiSiSiSiSiSiSiSiSiSiSiSiSiGeSiSiSiSiSiSiSiSi
           6 Ge    -7821.16797    
GeSiGeGeGeGeGeSiSiSiSiSiSiSiSiSiSiSiSiSiSiSiSiSiSiSiSiSiSiSiSiSiSiSiSiSiSiSiSiSiSiSiSiSiSiSiSiSiSiSiSiGeSiSiSiSiSiSiSiSi
           7 Ge    -7959.30664    
GeSiGeGeGeGeGeGeSiSiSiSiSiSiSiSiSiSiSiSiSiSiSiSiSiSiSiSiSiSiSiSiSiSiSiSiSiSiSiSiSiSiSiSiSiSiSiSiSiSiSiGeSiSiSiSiSiSiSiSi
           8 Ge    -8134.29736    
GeSiGeGeGeGeGeGeSiSiSiSiSiGeSiSiSiSiSiSiSiSiSiSiSiSiSiSiSiSiSiSiSiSiSiSiSiSiSiSiSiSiSiSiSiSiSiSiSiSiSiGeSiSiSiSiSiSiSiSi
          14 Ge    -8387.54102    
GeSiGeGeGeGeGeGeSiSiSiSiSiGeSiGeSiSiSiSiSiSiSiSiSiSiSiSiSiSiSiSiSiSiSiSiSiSiSiSiSiSiSiSiSiSiSiSiSiSiSiGeSiSiSiSiSiSiSiSi
          16 Ge    -8688.89746    
GeSiGeGeGeGeGeGeSiSiSiSiSiGeSiGeSiSiSiSiSiSiSiSiSiGeSiSiSiSiSiSiSiSiSiSiSiSiSiSiSiSiSiSiSiSiSiSiSiSiSiGeSiSiSiSiSiSiSiSi
          26 Ge    -8672.29102    
GeSiGeGeGeGeGeGeSiSiSiSiSiGeSiGeSiSiSiSiSiSiSiSiSiGeSiGeSiSiSiSiSiSiSiSiSiSiSiSiSiSiSiSiSiSiSiSiSiSiSiGeSiSiSiSiSiSiSiSi
          28 Ge    -8875.40137    
GeSiGeGeGeGeGeGeSiSiSiSiSiGeSiGeSiSiSiSiSiSiSiSiSiGeSiGeSiGeSiSiSiSiSiSiSiSiSiSiSiSiSiSiSiSiSiSiSiSiSiGeSiSiSiSiSiSiSiSi
          30 Ge    -9327.23047    
GeSiGeGeGeGeGeGeSiSiSiSiSiGeSiGeSiSiSiSiSiSiSiSiSiGeSiGeSiGeSiSiGeSiSiSiSiSiSiSiSiSiSiSiSiSiSiSiSiSiSiGeSiSiSiSiSiSiSiSi
          33 Ge    -9764.01855    
GeSiGeGeGeGeGeGeSiSiSiSiSiGeSiGeSiSiSiSiSiSiSiSiSiGeSiGeSiGeSiSiGeSiSiSiSiSiGeSiSiSiSiSiSiSiSiSiSiSiSiGeSiSiSiSiSiSiSiSi
          39 Ge    -10332.9824    
GeSiGeGeGeGeGeGeSiSiSiSiSiGeSiGeSiSiSiSiSiSiSiSiSiGeSiGeSiGeSiSiGeSiSiSiSiSiGeGeSiSiSiSiSiSiSiSiSiSiSiGeSiSiSiSiSiSiSiSi
          40 Ge    -9802.47852    
GeSiGeGeGeGeGeGeSiSiSiSiSiGeSiGeSiSiSiSiSiSiSiSiSiGeSiGeSiGeSiSiGeSiSiSiSiSiGeGeSiGeSiSiSiSiSiSiSiSiSiGeSiSiSiSiSiSiSiSi
          42 Ge    -9796.42188    
GeSiGeGeGeGeGeGeSiSiSiSiSiGeSiGeSiSiSiSiSiSiSiSiSiGeSiGeSiGeSiSiGeSiSiSiSiSiGeGeSiGeSiSiSiGeSiSiSiSiSiGeSiSiSiSiSiSiSiSi
          46 Ge    -9949.45117    
GeSiGeGeGeGeGeGeSiSiSiSiSiGeSiGeSiSiSiSiSiSiSiSiSiGeSiGeSiGeSiSiGeSiSiSiSiSiGeGeSiGeSiSiSiGeSiSiSiSiSiGeSiSiSiSiGeSiSiSi
          57 Ge    -11241.3906    
GeSiGeGeGeGeGeGeGeSiSiSiSiGeSiGeSiSiSiSiSiSiSiSiSiGeSiGeSiGeSiSiGeSiSiSiSiSiGeGeSiGeSiSiSiGeSiSiSiSiSiGeSiSiSiSiGeSiSiSi
           9 Ge    -10335.3613    
GeSiGeGeGeGeGeGeGeGeSiSiSiGeSiGeSiSiSiSiSiSiSiSiSiGeSiGeSiGeSiSiGeSiSiSiSiSiGeGeSiGeSiSiSiGeSiSiSiSiSiGeSiSiSiSiGeSiSiSi
          10 Ge    -10885.4375    
GeSiGeGeGeGeGeGeGeGeGeSiSiGeSiGeSiSiSiSiSiSiSiSiSiGeSiGeSiGeSiSiGeSiSiSiSiSiGeGeSiGeSiSiSiGeSiSiSiSiSiGeSiSiSiSiGeSiSiSi
          11 Ge    -10414.5332    
GeSiGeGeGeGeGeGeGeGeGeSiGeGeSiGeSiSiSiSiSiSiSiSiSiGeSiGeSiGeSiSiGeSiSiSiSiSiGeGeSiGeSiSiSiGeSiSiSiSiSiGeSiSiSiSiGeSiSiSi
          13 Ge    -10888.2520    
GeSiGeGeGeGeGeGeGeGeGeSiGeGeGeGeSiSiSiSiSiSiSiSiSiGeSiGeSiGeSiSiGeSiSiSiSiSiGeGeSiGeSiSiSiGeSiSiSiSiSiGeSiSiSiSiGeSiSiSi
          15 Ge    -8072.17676    
GeSiGeGeGeGeGeGeGeGeGeSiGeGeGeGeSiGeSiSiSiSiSiSiSiGeSiGeSiGeSiSiGeSiSiSiSiSiGeGeSiGeSiSiSiGeSiSiSiSiSiGeSiSiSiSiGeSiSiSi
          18 Ge    -6700.10303    
GeSiGeGeGeGeGeGeGeGeGeSiGeGeGeGeSiGeSiSiSiSiGeSiSiGeSiGeSiGeSiSiGeSiSiSiSiSiGeGeSiGeSiSiSiGeSiSiSiSiSiGeSiSiSiSiGeSiSiSi
          23 Ge    -3154.57471    
GeSiGeGeGeGeGeGeGeGeGeSiGeGeGeGeSiGeSiSiSiSiGeGeSiGeSiGeSiGeSiSiGeSiSiSiSiSiGeGeSiGeSiSiSiGeSiSiSiSiSiGeSiSiSiSiGeSiSiSi
          24 Ge    -3303.61230    
GeSiGeGeGeGeGeGeGeGeGeSiGeGeGeGeSiGeSiSiSiSiGeGeGeGeSiGeSiGeSiSiGeSiSiSiSiSiGeGeSiGeSiSiSiGeSiSiSiSiSiGeSiSiSiSiGeSiSiSi
          25 Ge    -2603.92480    
GeSiGeGeGeGeGeGeGeGeGeSiGeGeGeGeSiGeSiSiSiSiGeGeGeGeSiGeSiGeSiSiGeSiSiSiGeSiGeGeSiGeSiSiSiGeSiSiSiSiSiGeSiSiSiSiGeSiSiSi
          37 Ge     545.862305    
GeSiGeGeGeGeGeGeGeGeGeSiGeGeGeGeSiGeSiSiSiSiGeGeGeGeSiGeSiGeSiSiGeSiSiSiGeSiGeGeSiGeSiGeSiGeSiSiSiSiSiGeSiSiSiSiGeSiSiSi
          44 Ge     1068.46045    
GeSiGeGeGeGeGeGeGeGeGeSiGeGeGeGeSiGeSiSiSiSiGeGeGeGeSiGeSiGeSiSiGeSiSiSiGeSiGeGeSiGeSiGeSiGeSiSiSiSiGeGeSiSiSiSiGeSiSiSi
          51 Ge     1881.06055    
GeSiGeGeGeGeGeGeGeGeGeSiGeGeGeGeSiGeSiSiSiSiGeGeGeGeSiGeSiGeSiSiGeSiSiSiGeSiGeGeSiGeSiGeSiGeSiSiSiSiGeGeSiSiSiSiGeGeSiSi
          58 Ge     4895.56787    
GeSiGeGeGeGeGeGeGeGeGeGeGeGeGeGeSiGeSiSiSiSiGeGeGeGeSiGeSiGeSiSiGeSiSiSiGeSiGeGeSiGeSiGeSiGeSiSiSiSiGeGeSiSiSiSiGeGeSiSi
          12 Ge     13683.8369    
GeSiGeGeGeGeGeGeGeGeGeGeGeGeGeGeGeGeSiSiSiSiGeGeGeGeSiGeSiGeSiSiGeSiSiSiGeSiGeGeSiGeSiGeSiGeSiSiSiSiGeGeSiSiSiSiGeGeSiSi
          17 Ge     20113.9121    
GeSiGeGeGeGeGeGeGeGeGeGeGeGeGeGeGeGeSiSiSiGeGeGeGeGeSiGeSiGeSiSiGeSiSiSiGeSiGeGeSiGeSiGeSiGeSiSiSiSiGeGeSiSiSiSiGeGeSiSi
          22 Ge     34215.1094    
GeSiGeGeGeGeGeGeGeGeGeGeGeGeGeGeGeGeSiSiSiGeGeGeGeGeSiGeSiGeGeSiGeSiSiSiGeSiGeGeSiGeSiGeSiGeSiSiSiSiGeGeSiSiSiSiGeGeSiSi
          31 Ge     37041.9062    
GeSiGeGeGeGeGeGeGeGeGeGeGeGeGeGeGeGeSiSiSiGeGeGeGeGeSiGeSiGeGeGeGeSiSiSiGeSiGeGeSiGeSiGeSiGeSiSiSiSiGeGeSiSiSiSiGeGeSiSi
          32 Ge     42759.4219    
==============================================
MonteCarlo: Metropolis with identity changes
Si > Ge, Ge > Si. STOP when occurrence <    0.00000
==============================================
Cost_function     Occurrence %     Scan-Cost
     9315.8720703125 GeGeGeGeGeGeSiGeSiGeGeSiGeSiSiSiSiSiGeGeGeSiSiGeGeSiGeGeSiSiGeGeSiGeSiGeSiGeSiSiGeGeSiSiSiGeGeGeGeGeGeGeGeGeSiGeGeGeGeSi
      659.2788085938 GeGeGeGeSiGeSiGeSiGeGeSiGeSiSiSiSiSiGeGeGeSiSiGeGeSiGeGeGeSiSiGeSiGeSiGeSiGeSiSiGeGeGeSiGeGeGeGeGeGeGeGeSiGeSiGeGeGeGeSi
      659.2788085938 GeGeGeGeSiGeSiGeSiGeGeSiGeSiSiSiSiSiGeGeGeSiSiGeGeSiGeGeGeSiSiGeSiGeSiGeSiGeSiSiGeGeGeSiGeGeGeGeGeGeGeGeSiGeSiGeGeGeGeSi
      659.2788085938 GeGeGeGeSiGeSiGeSiGeGeSiGeSiSiSiSiSiGeGeGeSiSiGeGeSiGeGeGeSiSiGeSiGeSiGeSiGeSiSiGeGeGeSiGeGeGeGeGeGeGeGeSiGeSiGeGeGeGeSi
      659.2788085938 GeGeGeGeSiGeSiGeSiGeGeSiGeSiSiSiSiSiGeGeGeSiSiGeGeSiGeGeGeSiSiGeSiGeSiGeSiGeSiSiGeGeGeSiGeGeGeGeGeGeGeGeSiGeSiGeGeGeGeSi
      659.2788085938 GeGeGeGeSiGeSiGeSiGeGeSiGeSiSiSiSiSiGeGeGeSiSiGeGeSiGeGeGeSiSiGeSiGeSiGeSiGeSiSiGeGeGeSiGeGeGeGeGeGeGeGeSiGeSiGeGeGeGeSi
   -10175.3837890625 GeGeGeGeSiGeSiGeSiSiGeSiGeSiGeSiGeSiGeGeGeSiSiGeGeSiGeSiSiSiSiGeSiGeSiGeSiGeGeSiGeGeGeSiGeGeGeGeGeGeGeGeSiGeSiGeGeGeGeSi
   -10175.3837890625 GeGeGeGeSiGeSiGeSiSiGeSiGeSiGeSiGeSiGeGeGeSiSiGeGeSiGeSiSiSiSiGeSiGeSiGeSiGeGeSiGeGeGeSiGeGeGeGeGeGeGeGeSiGeSiGeGeGeGeSi
   -10175.3837890625 GeGeGeGeSiGeSiGeSiSiGeSiGeSiGeSiGeSiGeGeGeSiSiGeGeSiGeSiSiSiSiGeSiGeSiGeSiGeGeSiGeGeGeSiGeGeGeGeGeGeGeGeSiGeSiGeGeGeGeSi
   -10175.3837890625 GeGeGeGeSiGeSiGeSiSiGeSiGeSiGeSiGeSiGeGeGeSiSiGeGeSiGeSiSiSiSiGeSiGeSiGeSiGeGeSiGeGeGeSiGeGeGeGeGeGeGeGeSiGeSiGeGeGeGeSi
   -10175.3837890625 GeGeGeGeSiGeSiGeSiSiGeSiGeSiGeSiGeSiGeGeGeSiSiGeGeSiGeSiSiSiSiGeSiGeSiGeSiGeGeSiGeGeGeSiGeGeGeGeGeGeGeGeSiGeSiGeGeGeGeSi
   -10175.3837890625 GeGeGeGeSiGeSiGeSiSiGeSiGeSiGeSiGeSiGeGeGeSiSiGeGeSiGeSiSiSiSiGeSiGeSiGeSiGeGeSiGeGeGeSiGeGeGeGeGeGeGeGeSiGeSiGeGeGeGeSi
   -10175.3837890625 GeGeGeGeSiGeSiGeSiSiGeSiGeSiGeSiGeSiGeGeGeSiSiGeGeSiGeSiSiSiSiGeSiGeSiGeSiGeGeSiGeGeGeSiGeGeGeGeGeGeGeGeSiGeSiGeGeGeGeSi
   -12735.6396484375 GeGeGeGeSiGeSiGeSiSiGeSiGeSiGeSiGeGeGeGeGeGeSiGeGeSiGeSiSiSiSiGeSiGeSiGeSiGeSiSiGeGeGeSiGeGeGeGeGeGeGeGeSiGeSiSiGeGeGeSi
   -12735.6396484375 GeGeGeGeSiGeSiGeSiSiGeSiGeSiGeSiGeGeGeGeGeGeSiGeGeSiGeSiSiSiSiGeSiGeSiGeSiGeSiSiGeGeGeSiGeGeGeGeGeGeGeGeSiGeSiSiGeGeGeSi
   -12735.6396484375 GeGeGeGeSiGeSiGeSiSiGeSiGeSiGeSiGeGeGeGeGeGeSiGeGeSiGeSiSiSiSiGeSiGeSiGeSiGeSiSiGeGeGeSiGeGeGeGeGeGeGeGeSiGeSiSiGeGeGeSi
   -12735.6396484375 GeGeGeGeSiGeSiGeSiSiGeSiGeSiGeSiGeGeGeGeGeGeSiGeGeSiGeSiSiSiSiGeSiGeSiGeSiGeSiSiGeGeGeSiGeGeGeGeGeGeGeGeSiGeSiSiGeGeGeSi
   -12735.6396484375 GeGeGeGeSiGeSiGeSiSiGeSiGeSiGeSiGeGeGeGeGeGeSiGeGeSiGeSiSiSiSiGeSiGeSiGeSiGeSiSiGeGeGeSiGeGeGeGeGeGeGeGeSiGeSiSiGeGeGeSi
   -12735.6396484375 GeGeGeGeSiGeSiGeSiSiGeSiGeSiGeSiGeGeGeGeGeGeSiGeGeSiGeSiSiSiSiGeSiGeSiGeSiGeSiSiGeGeGeSiGeGeGeGeGeGeGeGeSiGeSiSiGeGeGeSi
   -12735.6396484375 GeGeGeGeSiGeSiGeSiSiGeSiGeSiGeSiGeGeGeGeGeGeSiGeGeSiGeSiSiSiSiGeSiGeSiGeSiGeSiSiGeGeGeSiGeGeGeGeGeGeGeGeSiGeSiSiGeGeGeSi
   -12735.6396484375 GeGeGeGeSiGeSiGeSiSiGeSiGeSiGeSiGeGeGeGeGeGeSiGeGeSiGeSiSiSiSiGeSiGeSiGeSiGeSiSiGeGeGeSiGeGeGeGeGeGeGeGeSiGeSiSiGeGeGeSi
   -12735.6396484375 GeGeGeGeSiGeSiGeSiSiGeSiGeSiGeSiGeGeGeGeGeGeSiGeGeSiGeSiSiSiSiGeSiGeSiGeSiGeSiSiGeGeGeSiGeGeGeGeGeGeGeGeSiGeSiSiGeGeGeSi
   -14854.6669921875 GeGeGeGeSiGeSiGeGeSiGeSiGeSiGeSiGeGeGeGeGeGeSiGeGeSiGeSiSiSiSiGeGeSiSiGeSiGeSiSiGeGeGeSiSiGeGeGeGeGeGeGeSiGeSiSiGeGeGeSi
   -14854.6669921875 GeGeGeGeSiGeSiGeGeSiGeSiGeSiGeSiGeGeGeGeGeGeSiGeGeSiGeSiSiSiSiGeGeSiSiGeSiGeSiSiGeGeGeSiSiGeGeGeGeGeGeGeSiGeSiSiGeGeGeSi
   -14854.6669921875 GeGeGeGeSiGeSiGeGeSiGeSiGeSiGeSiGeGeGeGeGeGeSiGeGeSiGeSiSiSiSiGeGeSiSiGeSiGeSiSiGeGeGeSiSiGeGeGeGeGeGeGeSiGeSiSiGeGeGeSi
   -14854.6669921875 GeGeGeGeSiGeSiGeGeSiGeSiGeSiGeSiGeGeGeGeGeGeSiGeGeSiGeSiSiSiSiGeGeSiSiGeSiGeSiSiGeGeGeSiSiGeGeGeGeGeGeGeSiGeSiSiGeGeGeSi
   -15440.2978515625 GeGeGeSiSiGeSiGeGeSiGeSiGeSiGeSiGeGeGeGeGeGeSiGeGeSiGeSiSiSiSiGeGeGeSiGeSiGeSiSiGeGeGeSiSiGeGeGeGeGeGeGeSiGeSiSiGeGeGeSi
   -15440.2978515625 GeGeGeSiSiGeSiGeGeSiGeSiGeSiGeSiGeGeGeGeGeGeSiGeGeSiGeSiSiSiSiGeGeGeSiGeSiGeSiSiGeGeGeSiSiGeGeGeGeGeGeGeSiGeSiSiGeGeGeSi
   -15893.8769531250 GeGeGeSiSiGeSiGeGeSiGeSiGeSiGeGeGeGeGeSiGeGeSiGeGeSiGeSiSiSiSiGeGeGeSiGeSiGeSiSiGeGeGeGeSiGeGeGeGeGeGeGeSiGeSiSiSiGeGeSi
   -15893.8769531250 GeGeGeSiSiGeSiGeGeSiGeSiGeSiGeGeGeGeGeSiGeGeSiGeGeSiGeSiSiSiSiGeGeGeSiGeSiGeSiSiGeGeGeGeSiGeGeGeGeGeGeGeSiGeSiSiSiGeGeSi
   -15893.8769531250 GeGeGeSiSiGeSiGeGeSiGeSiGeSiGeGeGeGeGeSiGeGeSiGeGeSiGeSiSiSiSiGeGeGeSiGeSiGeSiSiGeGeGeGeSiGeGeGeGeGeGeGeSiGeSiSiSiGeGeSi
   -15893.8769531250 GeGeGeSiSiGeSiGeGeSiGeSiGeSiGeGeGeGeGeSiGeGeSiGeGeSiGeSiSiSiSiGeGeGeSiGeSiGeSiSiGeGeGeGeSiGeGeGeGeGeGeGeSiGeSiSiSiGeGeSi
   -15893.8769531250 GeGeGeSiSiGeSiGeGeSiGeSiGeSiGeGeGeGeGeSiGeGeSiGeGeSiGeSiSiSiSiGeGeGeSiGeSiGeSiSiGeGeGeGeSiGeGeGeGeGeGeGeSiGeSiSiSiGeGeSi
   -15893.8769531250 GeGeGeSiSiGeSiGeGeSiGeSiGeSiGeGeGeGeGeSiGeGeSiGeGeSiGeSiSiSiSiGeGeGeSiGeSiGeSiSiGeGeGeGeSiGeGeGeGeGeGeGeSiGeSiSiSiGeGeSi
   -15893.8769531250 GeGeGeSiSiGeSiGeGeSiGeSiGeSiGeGeGeGeGeSiGeGeSiGeGeSiGeSiSiSiSiGeGeGeSiGeSiGeSiSiGeGeGeGeSiGeGeGeGeGeGeGeSiGeSiSiSiGeGeSi
   -15893.8769531250 GeGeGeSiSiGeSiGeGeSiGeSiGeSiGeGeGeGeGeSiGeGeSiGeGeSiGeSiSiSiSiGeGeGeSiGeSiGeSiSiGeGeGeGeSiGeGeGeGeGeGeGeSiGeSiSiSiGeGeSi
   -15893.8769531250 GeGeGeSiSiGeSiGeGeSiGeSiGeSiGeGeGeGeGeSiGeGeSiGeGeSiGeSiSiSiSiGeGeGeSiGeSiGeSiSiGeGeGeGeSiGeGeGeGeGeGeGeSiGeSiSiSiGeGeSi
   -15893.8769531250 GeGeGeSiSiGeSiGeGeSiGeSiGeSiGeGeGeGeGeSiGeGeSiGeGeSiGeSiSiSiSiGeGeGeSiGeSiGeSiSiGeGeGeGeSiGeGeGeGeGeGeGeSiGeSiSiSiGeGeSi
   -15893.8769531250 GeGeGeSiSiGeSiGeGeSiGeSiGeSiGeGeGeGeGeSiGeGeSiGeGeSiGeSiSiSiSiGeGeGeSiGeSiGeSiSiGeGeGeGeSiGeGeGeGeGeGeGeSiGeSiSiSiGeGeSi
   -16207.4931640625 GeGeGeSiSiGeSiGeGeSiGeSiGeSiGeGeGeGeGeSiGeGeSiGeGeSiGeSiSiSiSiGeGeGeSiSiSiGeSiSiGeGeGeGeSiSiGeGeGeGeGeGeGeGeSiSiGeGeGeSi
   -16207.4931640625 GeGeGeSiSiGeSiGeGeSiGeSiGeSiGeGeGeGeGeSiGeGeSiGeGeSiGeSiSiSiSiGeGeGeSiSiSiGeSiSiGeGeGeGeSiSiGeGeGeGeGeGeGeGeSiSiGeGeGeSi
   -16207.4931640625 GeGeGeSiSiGeSiGeGeSiGeSiGeSiGeGeGeGeGeSiGeGeSiGeGeSiGeSiSiSiSiGeGeGeSiSiSiGeSiSiGeGeGeGeSiSiGeGeGeGeGeGeGeGeSiSiGeGeGeSi
   -16207.4931640625 GeGeGeSiSiGeSiGeGeSiGeSiGeSiGeGeGeGeGeSiGeGeSiGeGeSiGeSiSiSiSiGeGeGeSiSiSiGeSiSiGeGeGeGeSiSiGeGeGeGeGeGeGeGeSiSiGeGeGeSi
   -16207.4931640625 GeGeGeSiSiGeSiGeGeSiGeSiGeSiGeGeGeGeGeSiGeGeSiGeGeSiGeSiSiSiSiGeGeGeSiSiSiGeSiSiGeGeGeGeSiSiGeGeGeGeGeGeGeGeSiSiGeGeGeSi
   -16207.4931640625 GeGeGeSiSiGeSiGeGeSiGeSiGeSiGeGeGeGeGeSiGeGeSiGeGeSiGeSiSiSiSiGeGeGeSiSiSiGeSiSiGeGeGeGeSiSiGeGeGeGeGeGeGeGeSiSiGeGeGeSi
   -16207.4931640625 GeGeGeSiSiGeSiGeGeSiGeSiGeSiGeGeGeGeGeSiGeGeSiGeGeSiGeSiSiSiSiGeGeGeSiSiSiGeSiSiGeGeGeGeSiSiGeGeGeGeGeGeGeGeSiSiGeGeGeSi
   -16207.4931640625 GeGeGeSiSiGeSiGeGeSiGeSiGeSiGeGeGeGeGeSiGeGeSiGeGeSiGeSiSiSiSiGeGeGeSiSiSiGeSiSiGeGeGeGeSiSiGeGeGeGeGeGeGeGeSiSiGeGeGeSi
   -18275.3554687500 GeGeGeSiSiGeSiGeGeSiGeSiGeSiGeGeGeGeGeSiGeGeSiGeGeSiGeSiSiSiSiGeGeGeSiSiSiGeSiSiGeGeGeGeSiGeGeGeGeGeGeGeSiGeSiSiGeGeGeSi
   -18275.3554687500 GeGeGeSiSiGeSiGeGeSiGeSiGeSiGeGeGeGeGeSiGeGeSiGeGeSiGeSiSiSiSiGeGeGeSiSiSiGeSiSiGeGeGeGeSiGeGeGeGeGeGeGeSiGeSiSiGeGeGeSi
   -18275.3554687500 GeGeGeSiSiGeSiGeGeSiGeSiGeSiGeGeGeGeGeSiGeGeSiGeGeSiGeSiSiSiSiGeGeGeSiSiSiGeSiSiGeGeGeGeSiGeGeGeGeGeGeGeSiGeSiSiGeGeGeSi
   -18275.3554687500 GeGeGeSiSiGeSiGeGeSiGeSiGeSiGeGeGeGeGeSiGeGeSiGeGeSiGeSiSiSiSiGeGeGeSiSiSiGeSiSiGeGeGeGeSiGeGeGeGeGeGeGeSiGeSiSiGeGeGeSi
   -18275.3554687500 GeGeGeSiSiGeSiGeGeSiGeSiGeSiGeGeGeGeGeSiGeGeSiGeGeSiGeSiSiSiSiGeGeGeSiSiSiGeSiSiGeGeGeGeSiGeGeGeGeGeGeGeSiGeSiSiGeGeGeSi
   -18275.3554687500 GeGeGeSiSiGeSiGeGeSiGeSiGeSiGeGeGeGeGeSiGeGeSiGeGeSiGeSiSiSiSiGeGeGeSiSiSiGeSiSiGeGeGeGeSiGeGeGeGeGeGeGeSiGeSiSiGeGeGeSi
   -18275.3554687500 GeGeGeSiSiGeSiGeGeSiGeSiGeSiGeGeGeGeGeSiGeGeSiGeGeSiGeSiSiSiSiGeGeGeSiSiSiGeSiSiGeGeGeGeSiGeGeGeGeGeGeGeSiGeSiSiGeGeGeSi
   -18275.3554687500 GeGeGeSiSiGeSiGeGeSiGeSiGeSiGeGeGeGeGeSiGeGeSiGeGeSiGeSiSiSiSiGeGeGeSiSiSiGeSiSiGeGeGeGeSiGeGeGeGeGeGeGeSiGeSiSiGeGeGeSi
   -18275.3554687500 GeGeGeSiSiGeSiGeGeSiGeSiGeSiGeGeGeGeGeSiGeGeSiGeGeSiGeSiSiSiSiGeGeGeSiSiSiGeSiSiGeGeGeGeSiGeGeGeGeGeGeGeSiGeSiSiGeGeGeSi
   -18275.3554687500 GeGeGeSiSiGeSiGeGeSiGeSiGeSiGeGeGeGeGeSiGeGeSiGeGeSiGeSiSiSiSiGeGeGeSiSiSiGeSiSiGeGeGeGeSiGeGeGeGeGeGeGeSiGeSiSiGeGeGeSi
   -18275.3554687500 GeGeGeSiSiGeSiGeGeSiGeSiGeSiGeGeGeGeGeSiGeGeSiGeGeSiGeSiSiSiSiGeGeGeSiSiSiGeSiSiGeGeGeGeSiGeGeGeGeGeGeGeSiGeSiSiGeGeGeSi
   -18275.3554687500 GeGeGeSiSiGeSiGeGeSiGeSiGeSiGeGeGeGeGeSiGeGeSiGeGeSiGeSiSiSiSiGeGeGeSiSiSiGeSiSiGeGeGeGeSiGeGeGeGeGeGeGeSiGeSiSiGeGeGeSi
   -18275.3554687500 GeGeGeSiSiGeSiGeGeSiGeSiGeSiGeGeGeGeGeSiGeGeSiGeGeSiGeSiSiSiSiGeGeGeSiSiSiGeSiSiGeGeGeGeSiGeGeGeGeGeGeGeSiGeSiSiGeGeGeSi
   -18275.3554687500 GeGeGeSiSiGeSiGeGeSiGeSiGeSiGeGeGeGeGeSiGeGeSiGeGeSiGeSiSiSiSiGeGeGeSiSiSiGeSiSiGeGeGeGeSiGeGeGeGeGeGeGeSiGeSiSiGeGeGeSi
   -18275.3554687500 GeGeGeSiSiGeSiGeGeSiGeSiGeSiGeGeGeGeGeSiGeGeSiGeGeSiGeSiSiSiSiGeGeGeSiSiSiGeSiSiGeGeGeGeSiGeGeGeGeGeGeGeSiGeSiSiGeGeGeSi
   -18275.3554687500 GeGeGeSiSiGeSiGeGeSiGeSiGeSiGeGeGeGeGeSiGeGeSiGeGeSiGeSiSiSiSiGeGeGeSiSiSiGeSiSiGeGeGeGeSiGeGeGeGeGeGeGeSiGeSiSiGeGeGeSi
   -18275.3554687500 GeGeGeSiSiGeSiGeGeSiGeSiGeSiGeGeGeGeGeSiGeGeSiGeGeSiGeSiSiSiSiGeGeGeSiSiSiGeSiSiGeGeGeGeSiGeGeGeGeGeGeGeSiGeSiSiGeGeGeSi
   -18275.3554687500 GeGeGeSiSiGeSiGeGeSiGeSiGeSiGeGeGeGeGeSiGeGeSiGeGeSiGeSiSiSiSiGeGeGeSiSiSiGeSiSiGeGeGeGeSiGeGeGeGeGeGeGeSiGeSiSiGeGeGeSi
   -18275.3554687500 GeGeGeSiSiGeSiGeGeSiGeSiGeSiGeGeGeGeGeSiGeGeSiGeGeSiGeSiSiSiSiGeGeGeSiSiSiGeSiSiGeGeGeGeSiGeGeGeGeGeGeGeSiGeSiSiGeGeGeSi
   -18275.3554687500 GeGeGeSiSiGeSiGeGeSiGeSiGeSiGeGeGeGeGeSiGeGeSiGeGeSiGeSiSiSiSiGeGeGeSiSiSiGeSiSiGeGeGeGeSiGeGeGeGeGeGeGeSiGeSiSiGeGeGeSi
   -18275.3554687500 GeGeGeSiSiGeSiGeGeSiGeSiGeSiGeGeGeGeGeSiGeGeSiGeGeSiGeSiSiSiSiGeGeGeSiSiSiGeSiSiGeGeGeGeSiGeGeGeGeGeGeGeSiGeSiSiGeGeGeSi
   -18275.3554687500 GeGeGeSiSiGeSiGeGeSiGeSiGeSiGeGeGeGeGeSiGeGeSiGeGeSiGeSiSiSiSiGeGeGeSiSiSiGeSiSiGeGeGeGeSiGeGeGeGeGeGeGeSiGeSiSiGeGeGeSi
   -18275.3554687500 GeGeGeSiSiGeSiGeGeSiGeSiGeSiGeGeGeGeGeSiGeGeSiGeGeSiGeSiSiSiSiGeGeGeSiSiSiGeSiSiGeGeGeGeSiGeGeGeGeGeGeGeSiGeSiSiGeGeGeSi
   -18275.3554687500 GeGeGeSiSiGeSiGeGeSiGeSiGeSiGeGeGeGeGeSiGeGeSiGeGeSiGeSiSiSiSiGeGeGeSiSiSiGeSiSiGeGeGeGeSiGeGeGeGeGeGeGeSiGeSiSiGeGeGeSi
   -18275.3554687500 GeGeGeSiSiGeSiGeGeSiGeSiGeSiGeGeGeGeGeSiGeGeSiGeGeSiGeSiSiSiSiGeGeGeSiSiSiGeSiSiGeGeGeGeSiGeGeGeGeGeGeGeSiGeSiSiGeGeGeSi
   -18275.3554687500 GeGeGeSiSiGeSiGeGeSiGeSiGeSiGeGeGeGeGeSiGeGeSiGeGeSiGeSiSiSiSiGeGeGeSiSiSiGeSiSiGeGeGeGeSiGeGeGeGeGeGeGeSiGeSiSiGeGeGeSi
   -18275.3554687500 GeGeGeSiSiGeSiGeGeSiGeSiGeSiGeGeGeGeGeSiGeGeSiGeGeSiGeSiSiSiSiGeGeGeSiSiSiGeSiSiGeGeGeGeSiGeGeGeGeGeGeGeSiGeSiSiGeGeGeSi
   -18275.3554687500 GeGeGeSiSiGeSiGeGeSiGeSiGeSiGeGeGeGeGeSiGeGeSiGeGeSiGeSiSiSiSiGeGeGeSiSiSiGeSiSiGeGeGeGeSiGeGeGeGeGeGeGeSiGeSiSiGeGeGeSi
   -18275.3554687500 GeGeGeSiSiGeSiGeGeSiGeSiGeSiGeGeGeGeGeSiGeGeSiGeGeSiGeSiSiSiSiGeGeGeSiSiSiGeSiSiGeGeGeGeSiGeGeGeGeGeGeGeSiGeSiSiGeGeGeSi
   -18275.3554687500 GeGeGeSiSiGeSiGeGeSiGeSiGeSiGeGeGeGeGeSiGeGeSiGeGeSiGeSiSiSiSiGeGeGeSiSiSiGeSiSiGeGeGeGeSiGeGeGeGeGeGeGeSiGeSiSiGeGeGeSi
   -18275.3554687500 GeGeGeSiSiGeSiGeGeSiGeSiGeSiGeGeGeGeGeSiGeGeSiGeGeSiGeSiSiSiSiGeGeGeSiSiSiGeSiSiGeGeGeGeSiGeGeGeGeGeGeGeSiGeSiSiGeGeGeSi
   -18275.3554687500 GeGeGeSiSiGeSiGeGeSiGeSiGeSiGeGeGeGeGeSiGeGeSiGeGeSiGeSiSiSiSiGeGeGeSiSiSiGeSiSiGeGeGeGeSiGeGeGeGeGeGeGeSiGeSiSiGeGeGeSi
   -18275.3554687500 GeGeGeSiSiGeSiGeGeSiGeSiGeSiGeGeGeGeGeSiGeGeSiGeGeSiGeSiSiSiSiGeGeGeSiSiSiGeSiSiGeGeGeGeSiGeGeGeGeGeGeGeSiGeSiSiGeGeGeSi
   -18275.3554687500 GeGeGeSiSiGeSiGeGeSiGeSiGeSiGeGeGeGeGeSiGeGeSiGeGeSiGeSiSiSiSiGeGeGeSiSiSiGeSiSiGeGeGeGeSiGeGeGeGeGeGeGeSiGeSiSiGeGeGeSi
   -18275.3554687500 GeGeGeSiSiGeSiGeGeSiGeSiGeSiGeGeGeGeGeSiGeGeSiGeGeSiGeSiSiSiSiGeGeGeSiSiSiGeSiSiGeGeGeGeSiGeGeGeGeGeGeGeSiGeSiSiGeGeGeSi
   -18275.3554687500 GeGeGeSiSiGeSiGeGeSiGeSiGeSiGeGeGeGeGeSiGeGeSiGeGeSiGeSiSiSiSiGeGeGeSiSiSiGeSiSiGeGeGeGeSiGeGeGeGeGeGeGeSiGeSiSiGeGeGeSi
   -18275.3554687500 GeGeGeSiSiGeSiGeGeSiGeSiGeSiGeGeGeGeGeSiGeGeSiGeGeSiGeSiSiSiSiGeGeGeSiSiSiGeSiSiGeGeGeGeSiGeGeGeGeGeGeGeSiGeSiSiGeGeGeSi
   -18275.3554687500 GeGeGeSiSiGeSiGeGeSiGeSiGeSiGeGeGeGeGeSiGeGeSiGeGeSiGeSiSiSiSiGeGeGeSiSiSiGeSiSiGeGeGeGeSiGeGeGeGeGeGeGeSiGeSiSiGeGeGeSi
   -18275.3554687500 GeGeGeSiSiGeSiGeGeSiGeSiGeSiGeGeGeGeGeSiGeGeSiGeGeSiGeSiSiSiSiGeGeGeSiSiSiGeSiSiGeGeGeGeSiGeGeGeGeGeGeGeSiGeSiSiGeGeGeSi
   -18275.3554687500 GeGeGeSiSiGeSiGeGeSiGeSiGeSiGeGeGeGeGeSiGeGeSiGeGeSiGeSiSiSiSiGeGeGeSiSiSiGeSiSiGeGeGeGeSiGeGeGeGeGeGeGeSiGeSiSiGeGeGeSi
   -18275.3554687500 GeGeGeSiSiGeSiGeGeSiGeSiGeSiGeGeGeGeGeSiGeGeSiGeGeSiGeSiSiSiSiGeGeGeSiSiSiGeSiSiGeGeGeGeSiGeGeGeGeGeGeGeSiGeSiSiGeGeGeSi
   -18275.3554687500 GeGeGeSiSiGeSiGeGeSiGeSiGeSiGeGeGeGeGeSiGeGeSiGeGeSiGeSiSiSiSiGeGeGeSiSiSiGeSiSiGeGeGeGeSiGeGeGeGeGeGeGeSiGeSiSiGeGeGeSi
   -18275.3554687500 GeGeGeSiSiGeSiGeGeSiGeSiGeSiGeGeGeGeGeSiGeGeSiGeGeSiGeSiSiSiSiGeGeGeSiSiSiGeSiSiGeGeGeGeSiGeGeGeGeGeGeGeSiGeSiSiGeGeGeSi
   -18275.3554687500 GeGeGeSiSiGeSiGeGeSiGeSiGeSiGeGeGeGeGeSiGeGeSiGeGeSiGeSiSiSiSiGeGeGeSiSiSiGeSiSiGeGeGeGeSiGeGeGeGeGeGeGeSiGeSiSiGeGeGeSi
   -18275.3554687500 GeGeGeSiSiGeSiGeGeSiGeSiGeSiGeGeGeGeGeSiGeGeSiGeGeSiGeSiSiSiSiGeGeGeSiSiSiGeSiSiGeGeGeGeSiGeGeGeGeGeGeGeSiGeSiSiGeGeGeSi
   -18275.3554687500 GeGeGeSiSiGeSiGeGeSiGeSiGeSiGeGeGeGeGeSiGeGeSiGeGeSiGeSiSiSiSiGeGeGeSiSiSiGeSiSiGeGeGeGeSiGeGeGeGeGeGeGeSiGeSiSiGeGeGeSi
   -18275.3554687500 GeGeGeSiSiGeSiGeGeSiGeSiGeSiGeGeGeGeGeSiGeGeSiGeGeSiGeSiSiSiSiGeGeGeSiSiSiGeSiSiGeGeGeGeSiGeGeGeGeGeGeGeSiGeSiSiGeGeGeSi
   -18275.3554687500 GeGeGeSiSiGeSiGeGeSiGeSiGeSiGeGeGeGeGeSiGeGeSiGeGeSiGeSiSiSiSiGeGeGeSiSiSiGeSiSiGeGeGeGeSiGeGeGeGeGeGeGeSiGeSiSiGeGeGeSi
   -18275.3554687500 GeGeGeSiSiGeSiGeGeSiGeSiGeSiGeGeGeGeGeSiGeGeSiGeGeSiGeSiSiSiSiGeGeGeSiSiSiGeSiSiGeGeGeGeSiGeGeGeGeGeGeGeSiGeSiSiGeGeGeSi
   -18275.3554687500 GeGeGeSiSiGeSiGeGeSiGeSiGeSiGeGeGeGeGeSiGeGeSiGeGeSiGeSiSiSiSiGeGeGeSiSiSiGeSiSiGeGeGeGeSiGeGeGeGeGeGeGeSiGeSiSiGeGeGeSi
   -18275.3554687500 GeGeGeSiSiGeSiGeGeSiGeSiGeSiGeGeGeGeGeSiGeGeSiGeGeSiGeSiSiSiSiGeGeGeSiSiSiGeSiSiGeGeGeGeSiGeGeGeGeGeGeGeSiGeSiSiGeGeGeSi
   -18275.3554687500 GeGeGeSiSiGeSiGeGeSiGeSiGeSiGeGeGeGeGeSiGeGeSiGeGeSiGeSiSiSiSiGeGeGeSiSiSiGeSiSiGeGeGeGeSiGeGeGeGeGeGeGeSiGeSiSiGeGeGeSi
   -18275.3554687500 GeGeGeSiSiGeSiGeGeSiGeSiGeSiGeGeGeGeGeSiGeGeSiGeGeSiGeSiSiSiSiGeGeGeSiSiSiGeSiSiGeGeGeGeSiGeGeGeGeGeGeGeSiGeSiSiGeGeGeSi
   -18275.3554687500 GeGeGeSiSiGeSiGeGeSiGeSiGeSiGeGeGeGeGeSiGeGeSiGeGeSiGeSiSiSiSiGeGeGeSiSiSiGeSiSiGeGeGeGeSiGeGeGeGeGeGeGeSiGeSiSiGeGeGeSi
   -18275.3554687500 GeGeGeSiSiGeSiGeGeSiGeSiGeSiGeGeGeGeGeSiGeGeSiGeGeSiGeSiSiSiSiGeGeGeSiSiSiGeSiSiGeGeGeGeSiGeGeGeGeGeGeGeSiGeSiSiGeGeGeSi
   -18275.3554687500 GeGeGeSiSiGeSiGeGeSiGeSiGeSiGeGeGeGeGeSiGeGeSiGeGeSiGeSiSiSiSiGeGeGeSiSiSiGeSiSiGeGeGeGeSiGeGeGeGeGeGeGeSiGeSiSiGeGeGeSi
   -18275.3554687500 GeGeGeSiSiGeSiGeGeSiGeSiGeSiGeGeGeGeGeSiGeGeSiGeGeSiGeSiSiSiSiGeGeGeSiSiSiGeSiSiGeGeGeGeSiGeGeGeGeGeGeGeSiGeSiSiGeGeGeSi
   -18275.3554687500 GeGeGeSiSiGeSiGeGeSiGeSiGeSiGeGeGeGeGeSiGeGeSiGeGeSiGeSiSiSiSiGeGeGeSiSiSiGeSiSiGeGeGeGeSiGeGeGeGeGeGeGeSiGeSiSiGeGeGeSi
   -18275.3554687500 GeGeGeSiSiGeSiGeGeSiGeSiGeSiGeGeGeGeGeSiGeGeSiGeGeSiGeSiSiSiSiGeGeGeSiSiSiGeSiSiGeGeGeGeSiGeGeGeGeGeGeGeSiGeSiSiGeGeGeSi
   -18275.3554687500 GeGeGeSiSiGeSiGeGeSiGeSiGeSiGeGeGeGeGeSiGeGeSiGeGeSiGeSiSiSiSiGeGeGeSiSiSiGeSiSiGeGeGeGeSiGeGeGeGeGeGeGeSiGeSiSiGeGeGeSi
   -18275.3554687500 GeGeGeSiSiGeSiGeGeSiGeSiGeSiGeGeGeGeGeSiGeGeSiGeGeSiGeSiSiSiSiGeGeGeSiSiSiGeSiSiGeGeGeGeSiGeGeGeGeGeGeGeSiGeSiSiGeGeGeSi
   -18275.3554687500 GeGeGeSiSiGeSiGeGeSiGeSiGeSiGeGeGeGeGeSiGeGeSiGeGeSiGeSiSiSiSiGeGeGeSiSiSiGeSiSiGeGeGeGeSiGeGeGeGeGeGeGeSiGeSiSiGeGeGeSi
   -18275.3554687500 GeGeGeSiSiGeSiGeGeSiGeSiGeSiGeGeGeGeGeSiGeGeSiGeGeSiGeSiSiSiSiGeGeGeSiSiSiGeSiSiGeGeGeGeSiGeGeGeGeGeGeGeSiGeSiSiGeGeGeSi
   -18275.3554687500 GeGeGeSiSiGeSiGeGeSiGeSiGeSiGeGeGeGeGeSiGeGeSiGeGeSiGeSiSiSiSiGeGeGeSiSiSiGeSiSiGeGeGeGeSiGeGeGeGeGeGeGeSiGeSiSiGeGeGeSi
   -18275.3554687500 GeGeGeSiSiGeSiGeGeSiGeSiGeSiGeGeGeGeGeSiGeGeSiGeGeSiGeSiSiSiSiGeGeGeSiSiSiGeSiSiGeGeGeGeSiGeGeGeGeGeGeGeSiGeSiSiGeGeGeSi
   -18275.3554687500 GeGeGeSiSiGeSiGeGeSiGeSiGeSiGeGeGeGeGeSiGeGeSiGeGeSiGeSiSiSiSiGeGeGeSiSiSiGeSiSiGeGeGeGeSiGeGeGeGeGeGeGeSiGeSiSiGeGeGeSi
   -18275.3554687500 GeGeGeSiSiGeSiGeGeSiGeSiGeSiGeGeGeGeGeSiGeGeSiGeGeSiGeSiSiSiSiGeGeGeSiSiSiGeSiSiGeGeGeGeSiGeGeGeGeGeGeGeSiGeSiSiGeGeGeSi
   -18275.3554687500 GeGeGeSiSiGeSiGeGeSiGeSiGeSiGeGeGeGeGeSiGeGeSiGeGeSiGeSiSiSiSiGeGeGeSiSiSiGeSiSiGeGeGeGeSiGeGeGeGeGeGeGeSiGeSiSiGeGeGeSi
   -18275.3554687500 GeGeGeSiSiGeSiGeGeSiGeSiGeSiGeGeGeGeGeSiGeGeSiGeGeSiGeSiSiSiSiGeGeGeSiSiSiGeSiSiGeGeGeGeSiGeGeGeGeGeGeGeSiGeSiSiGeGeGeSi
   -18275.3554687500 GeGeGeSiSiGeSiGeGeSiGeSiGeSiGeGeGeGeGeSiGeGeSiGeGeSiGeSiSiSiSiGeGeGeSiSiSiGeSiSiGeGeGeGeSiGeGeGeGeGeGeGeSiGeSiSiGeGeGeSi
   -18275.3554687500 GeGeGeSiSiGeSiGeGeSiGeSiGeSiGeGeGeGeGeSiGeGeSiGeGeSiGeSiSiSiSiGeGeGeSiSiSiGeSiSiGeGeGeGeSiGeGeGeGeGeGeGeSiGeSiSiGeGeGeSi
   -18275.3554687500 GeGeGeSiSiGeSiGeGeSiGeSiGeSiGeGeGeGeGeSiGeGeSiGeGeSiGeSiSiSiSiGeGeGeSiSiSiGeSiSiGeGeGeGeSiGeGeGeGeGeGeGeSiGeSiSiGeGeGeSi
   -18275.3554687500 GeGeGeSiSiGeSiGeGeSiGeSiGeSiGeGeGeGeGeSiGeGeSiGeGeSiGeSiSiSiSiGeGeGeSiSiSiGeSiSiGeGeGeGeSiGeGeGeGeGeGeGeSiGeSiSiGeGeGeSi
   -18275.3554687500 GeGeGeSiSiGeSiGeGeSiGeSiGeSiGeGeGeGeGeSiGeGeSiGeGeSiGeSiSiSiSiGeGeGeSiSiSiGeSiSiGeGeGeGeSiGeGeGeGeGeGeGeSiGeSiSiGeGeGeSi
   -18275.3554687500 GeGeGeSiSiGeSiGeGeSiGeSiGeSiGeGeGeGeGeSiGeGeSiGeGeSiGeSiSiSiSiGeGeGeSiSiSiGeSiSiGeGeGeGeSiGeGeGeGeGeGeGeSiGeSiSiGeGeGeSi
   -18275.3554687500 GeGeGeSiSiGeSiGeGeSiGeSiGeSiGeGeGeGeGeSiGeGeSiGeGeSiGeSiSiSiSiGeGeGeSiSiSiGeSiSiGeGeGeGeSiGeGeGeGeGeGeGeSiGeSiSiGeGeGeSi
   -18275.3554687500 GeGeGeSiSiGeSiGeGeSiGeSiGeSiGeGeGeGeGeSiGeGeSiGeGeSiGeSiSiSiSiGeGeGeSiSiSiGeSiSiGeGeGeGeSiGeGeGeGeGeGeGeSiGeSiSiGeGeGeSi
   -18275.3554687500 GeGeGeSiSiGeSiGeGeSiGeSiGeSiGeGeGeGeGeSiGeGeSiGeGeSiGeSiSiSiSiGeGeGeSiSiSiGeSiSiGeGeGeGeSiGeGeGeGeGeGeGeSiGeSiSiGeGeGeSi
   -18275.3554687500 GeGeGeSiSiGeSiGeGeSiGeSiGeSiGeGeGeGeGeSiGeGeSiGeGeSiGeSiSiSiSiGeGeGeSiSiSiGeSiSiGeGeGeGeSiGeGeGeGeGeGeGeSiGeSiSiGeGeGeSi
   -18275.3554687500 GeGeGeSiSiGeSiGeGeSiGeSiGeSiGeGeGeGeGeSiGeGeSiGeGeSiGeSiSiSiSiGeGeGeSiSiSiGeSiSiGeGeGeGeSiGeGeGeGeGeGeGeSiGeSiSiGeGeGeSi
   -18275.3554687500 GeGeGeSiSiGeSiGeGeSiGeSiGeSiGeGeGeGeGeSiGeGeSiGeGeSiGeSiSiSiSiGeGeGeSiSiSiGeSiSiGeGeGeGeSiGeGeGeGeGeGeGeSiGeSiSiGeGeGeSi
   -18275.3554687500 GeGeGeSiSiGeSiGeGeSiGeSiGeSiGeGeGeGeGeSiGeGeSiGeGeSiGeSiSiSiSiGeGeGeSiSiSiGeSiSiGeGeGeGeSiGeGeGeGeGeGeGeSiGeSiSiGeGeGeSi
   -18275.3554687500 GeGeGeSiSiGeSiGeGeSiGeSiGeSiGeGeGeGeGeSiGeGeSiGeGeSiGeSiSiSiSiGeGeGeSiSiSiGeSiSiGeGeGeGeSiGeGeGeGeGeGeGeSiGeSiSiGeGeGeSi
   -18275.3554687500 GeGeGeSiSiGeSiGeGeSiGeSiGeSiGeGeGeGeGeSiGeGeSiGeGeSiGeSiSiSiSiGeGeGeSiSiSiGeSiSiGeGeGeGeSiGeGeGeGeGeGeGeSiGeSiSiGeGeGeSi
   -18275.3554687500 GeGeGeSiSiGeSiGeGeSiGeSiGeSiGeGeGeGeGeSiGeGeSiGeGeSiGeSiSiSiSiGeGeGeSiSiSiGeSiSiGeGeGeGeSiGeGeGeGeGeGeGeSiGeSiSiGeGeGeSi
   -18275.3554687500 GeGeGeSiSiGeSiGeGeSiGeSiGeSiGeGeGeGeGeSiGeGeSiGeGeSiGeSiSiSiSiGeGeGeSiSiSiGeSiSiGeGeGeGeSiGeGeGeGeGeGeGeSiGeSiSiGeGeGeSi
   -18275.3554687500 GeGeGeSiSiGeSiGeGeSiGeSiGeSiGeGeGeGeGeSiGeGeSiGeGeSiGeSiSiSiSiGeGeGeSiSiSiGeSiSiGeGeGeGeSiGeGeGeGeGeGeGeSiGeSiSiGeGeGeSi
   -18275.3554687500 GeGeGeSiSiGeSiGeGeSiGeSiGeSiGeGeGeGeGeSiGeGeSiGeGeSiGeSiSiSiSiGeGeGeSiSiSiGeSiSiGeGeGeGeSiGeGeGeGeGeGeGeSiGeSiSiGeGeGeSi
   -18275.3554687500 GeGeGeSiSiGeSiGeGeSiGeSiGeSiGeGeGeGeGeSiGeGeSiGeGeSiGeSiSiSiSiGeGeGeSiSiSiGeSiSiGeGeGeGeSiGeGeGeGeGeGeGeSiGeSiSiGeGeGeSi
   -18275.3554687500 GeGeGeSiSiGeSiGeGeSiGeSiGeSiGeGeGeGeGeSiGeGeSiGeGeSiGeSiSiSiSiGeGeGeSiSiSiGeSiSiGeGeGeGeSiGeGeGeGeGeGeGeSiGeSiSiGeGeGeSi
   -18275.3554687500 GeGeGeSiSiGeSiGeGeSiGeSiGeSiGeGeGeGeGeSiGeGeSiGeGeSiGeSiSiSiSiGeGeGeSiSiSiGeSiSiGeGeGeGeSiGeGeGeGeGeGeGeSiGeSiSiGeGeGeSi
   -18275.3554687500 GeGeGeSiSiGeSiGeGeSiGeSiGeSiGeGeGeGeGeSiGeGeSiGeGeSiGeSiSiSiSiGeGeGeSiSiSiGeSiSiGeGeGeGeSiGeGeGeGeGeGeGeSiGeSiSiGeGeGeSi
   -18275.3554687500 GeGeGeSiSiGeSiGeGeSiGeSiGeSiGeGeGeGeGeSiGeGeSiGeGeSiGeSiSiSiSiGeGeGeSiSiSiGeSiSiGeGeGeGeSiGeGeGeGeGeGeGeSiGeSiSiGeGeGeSi
   -18275.3554687500 GeGeGeSiSiGeSiGeGeSiGeSiGeSiGeGeGeGeGeSiGeGeSiGeGeSiGeSiSiSiSiGeGeGeSiSiSiGeSiSiGeGeGeGeSiGeGeGeGeGeGeGeSiGeSiSiGeGeGeSi
   -18275.3554687500 GeGeGeSiSiGeSiGeGeSiGeSiGeSiGeGeGeGeGeSiGeGeSiGeGeSiGeSiSiSiSiGeGeGeSiSiSiGeSiSiGeGeGeGeSiGeGeGeGeGeGeGeSiGeSiSiGeGeGeSi
   -18275.3554687500 GeGeGeSiSiGeSiGeGeSiGeSiGeSiGeGeGeGeGeSiGeGeSiGeGeSiGeSiSiSiSiGeGeGeSiSiSiGeSiSiGeGeGeGeSiGeGeGeGeGeGeGeSiGeSiSiGeGeGeSi
   -18275.3554687500 GeGeGeSiSiGeSiGeGeSiGeSiGeSiGeGeGeGeGeSiGeGeSiGeGeSiGeSiSiSiSiGeGeGeSiSiSiGeSiSiGeGeGeGeSiGeGeGeGeGeGeGeSiGeSiSiGeGeGeSi
   -18275.3554687500 GeGeGeSiSiGeSiGeGeSiGeSiGeSiGeGeGeGeGeSiGeGeSiGeGeSiGeSiSiSiSiGeGeGeSiSiSiGeSiSiGeGeGeGeSiGeGeGeGeGeGeGeSiGeSiSiGeGeGeSi
   -18275.3554687500 GeGeGeSiSiGeSiGeGeSiGeSiGeSiGeGeGeGeGeSiGeGeSiGeGeSiGeSiSiSiSiGeGeGeSiSiSiGeSiSiGeGeGeGeSiGeGeGeGeGeGeGeSiGeSiSiGeGeGeSi
   -18275.3554687500 GeGeGeSiSiGeSiGeGeSiGeSiGeSiGeGeGeGeGeSiGeGeSiGeGeSiGeSiSiSiSiGeGeGeSiSiSiGeSiSiGeGeGeGeSiGeGeGeGeGeGeGeSiGeSiSiGeGeGeSi
   -18275.3554687500 GeGeGeSiSiGeSiGeGeSiGeSiGeSiGeGeGeGeGeSiGeGeSiGeGeSiGeSiSiSiSiGeGeGeSiSiSiGeSiSiGeGeGeGeSiGeGeGeGeGeGeGeSiGeSiSiGeGeGeSi
   -18275.3554687500 GeGeGeSiSiGeSiGeGeSiGeSiGeSiGeGeGeGeGeSiGeGeSiGeGeSiGeSiSiSiSiGeGeGeSiSiSiGeSiSiGeGeGeGeSiGeGeGeGeGeGeGeSiGeSiSiGeGeGeSi
   -18275.3554687500 GeGeGeSiSiGeSiGeGeSiGeSiGeSiGeGeGeGeGeSiGeGeSiGeGeSiGeSiSiSiSiGeGeGeSiSiSiGeSiSiGeGeGeGeSiGeGeGeGeGeGeGeSiGeSiSiGeGeGeSi
   -18275.3554687500 GeGeGeSiSiGeSiGeGeSiGeSiGeSiGeGeGeGeGeSiGeGeSiGeGeSiGeSiSiSiSiGeGeGeSiSiSiGeSiSiGeGeGeGeSiGeGeGeGeGeGeGeSiGeSiSiGeGeGeSi
   -18275.3554687500 GeGeGeSiSiGeSiGeGeSiGeSiGeSiGeGeGeGeGeSiGeGeSiGeGeSiGeSiSiSiSiGeGeGeSiSiSiGeSiSiGeGeGeGeSiGeGeGeGeGeGeGeSiGeSiSiGeGeGeSi
   -18275.3554687500 GeGeGeSiSiGeSiGeGeSiGeSiGeSiGeGeGeGeGeSiGeGeSiGeGeSiGeSiSiSiSiGeGeGeSiSiSiGeSiSiGeGeGeGeSiGeGeGeGeGeGeGeSiGeSiSiGeGeGeSi
   -18275.3554687500 GeGeGeSiSiGeSiGeGeSiGeSiGeSiGeGeGeGeGeSiGeGeSiGeGeSiGeSiSiSiSiGeGeGeSiSiSiGeSiSiGeGeGeGeSiGeGeGeGeGeGeGeSiGeSiSiGeGeGeSi
   -18275.3554687500 GeGeGeSiSiGeSiGeGeSiGeSiGeSiGeGeGeGeGeSiGeGeSiGeGeSiGeSiSiSiSiGeGeGeSiSiSiGeSiSiGeGeGeGeSiGeGeGeGeGeGeGeSiGeSiSiGeGeGeSi
   -18275.3554687500 GeGeGeSiSiGeSiGeGeSiGeSiGeSiGeGeGeGeGeSiGeGeSiGeGeSiGeSiSiSiSiGeGeGeSiSiSiGeSiSiGeGeGeGeSiGeGeGeGeGeGeGeSiGeSiSiGeGeGeSi
   -18275.3554687500 GeGeGeSiSiGeSiGeGeSiGeSiGeSiGeGeGeGeGeSiGeGeSiGeGeSiGeSiSiSiSiGeGeGeSiSiSiGeSiSiGeGeGeGeSiGeGeGeGeGeGeGeSiGeSiSiGeGeGeSi
   -18275.3554687500 GeGeGeSiSiGeSiGeGeSiGeSiGeSiGeGeGeGeGeSiGeGeSiGeGeSiGeSiSiSiSiGeGeGeSiSiSiGeSiSiGeGeGeGeSiGeGeGeGeGeGeGeSiGeSiSiGeGeGeSi
   -18275.3554687500 GeGeGeSiSiGeSiGeGeSiGeSiGeSiGeGeGeGeGeSiGeGeSiGeGeSiGeSiSiSiSiGeGeGeSiSiSiGeSiSiGeGeGeGeSiGeGeGeGeGeGeGeSiGeSiSiGeGeGeSi
   -18275.3554687500 GeGeGeSiSiGeSiGeGeSiGeSiGeSiGeGeGeGeGeSiGeGeSiGeGeSiGeSiSiSiSiGeGeGeSiSiSiGeSiSiGeGeGeGeSiGeGeGeGeGeGeGeSiGeSiSiGeGeGeSi
   -18275.3554687500 GeGeGeSiSiGeSiGeGeSiGeSiGeSiGeGeGeGeGeSiGeGeSiGeGeSiGeSiSiSiSiGeGeGeSiSiSiGeSiSiGeGeGeGeSiGeGeGeGeGeGeGeSiGeSiSiGeGeGeSi
   -18275.3554687500 GeGeGeSiSiGeSiGeGeSiGeSiGeSiGeGeGeGeGeSiGeGeSiGeGeSiGeSiSiSiSiGeGeGeSiSiSiGeSiSiGeGeGeGeSiGeGeGeGeGeGeGeSiGeSiSiGeGeGeSi
   -18275.3554687500 GeGeGeSiSiGeSiGeGeSiGeSiGeSiGeGeGeGeGeSiGeGeSiGeGeSiGeSiSiSiSiGeGeGeSiSiSiGeSiSiGeGeGeGeSiGeGeGeGeGeGeGeSiGeSiSiGeGeGeSi
   -18275.3554687500 GeGeGeSiSiGeSiGeGeSiGeSiGeSiGeGeGeGeGeSiGeGeSiGeGeSiGeSiSiSiSiGeGeGeSiSiSiGeSiSiGeGeGeGeSiGeGeGeGeGeGeGeSiGeSiSiGeGeGeSi
   -18275.3554687500 GeGeGeSiSiGeSiGeGeSiGeSiGeSiGeGeGeGeGeSiGeGeSiGeGeSiGeSiSiSiSiGeGeGeSiSiSiGeSiSiGeGeGeGeSiGeGeGeGeGeGeGeSiGeSiSiGeGeGeSi
   -18275.3554687500 GeGeGeSiSiGeSiGeGeSiGeSiGeSiGeGeGeGeGeSiGeGeSiGeGeSiGeSiSiSiSiGeGeGeSiSiSiGeSiSiGeGeGeGeSiGeGeGeGeGeGeGeSiGeSiSiGeGeGeSi
   -18275.3554687500 GeGeGeSiSiGeSiGeGeSiGeSiGeSiGeGeGeGeGeSiGeGeSiGeGeSiGeSiSiSiSiGeGeGeSiSiSiGeSiSiGeGeGeGeSiGeGeGeGeGeGeGeSiGeSiSiGeGeGeSi
   -18275.3554687500 GeGeGeSiSiGeSiGeGeSiGeSiGeSiGeGeGeGeGeSiGeGeSiGeGeSiGeSiSiSiSiGeGeGeSiSiSiGeSiSiGeGeGeGeSiGeGeGeGeGeGeGeSiGeSiSiGeGeGeSi
   -18275.3554687500 GeGeGeSiSiGeSiGeGeSiGeSiGeSiGeGeGeGeGeSiGeGeSiGeGeSiGeSiSiSiSiGeGeGeSiSiSiGeSiSiGeGeGeGeSiGeGeGeGeGeGeGeSiGeSiSiGeGeGeSi
   -18275.3554687500 GeGeGeSiSiGeSiGeGeSiGeSiGeSiGeGeGeGeGeSiGeGeSiGeGeSiGeSiSiSiSiGeGeGeSiSiSiGeSiSiGeGeGeGeSiGeGeGeGeGeGeGeSiGeSiSiGeGeGeSi
   -18275.3554687500 GeGeGeSiSiGeSiGeGeSiGeSiGeSiGeGeGeGeGeSiGeGeSiGeGeSiGeSiSiSiSiGeGeGeSiSiSiGeSiSiGeGeGeGeSiGeGeGeGeGeGeGeSiGeSiSiGeGeGeSi
   -18275.3554687500 GeGeGeSiSiGeSiGeGeSiGeSiGeSiGeGeGeGeGeSiGeGeSiGeGeSiGeSiSiSiSiGeGeGeSiSiSiGeSiSiGeGeGeGeSiGeGeGeGeGeGeGeSiGeSiSiGeGeGeSi
   -18275.3554687500 GeGeGeSiSiGeSiGeGeSiGeSiGeSiGeGeGeGeGeSiGeGeSiGeGeSiGeSiSiSiSiGeGeGeSiSiSiGeSiSiGeGeGeGeSiGeGeGeGeGeGeGeSiGeSiSiGeGeGeSi
   -18275.3554687500 GeGeGeSiSiGeSiGeGeSiGeSiGeSiGeGeGeGeGeSiGeGeSiGeGeSiGeSiSiSiSiGeGeGeSiSiSiGeSiSiGeGeGeGeSiGeGeGeGeGeGeGeSiGeSiSiGeGeGeSi
   -18275.3554687500 GeGeGeSiSiGeSiGeGeSiGeSiGeSiGeGeGeGeGeSiGeGeSiGeGeSiGeSiSiSiSiGeGeGeSiSiSiGeSiSiGeGeGeGeSiGeGeGeGeGeGeGeSiGeSiSiGeGeGeSi
   -18275.3554687500 GeGeGeSiSiGeSiGeGeSiGeSiGeSiGeGeGeGeGeSiGeGeSiGeGeSiGeSiSiSiSiGeGeGeSiSiSiGeSiSiGeGeGeGeSiGeGeGeGeGeGeGeSiGeSiSiGeGeGeSi
   -18275.3554687500 GeGeGeSiSiGeSiGeGeSiGeSiGeSiGeGeGeGeGeSiGeGeSiGeGeSiGeSiSiSiSiGeGeGeSiSiSiGeSiSiGeGeGeGeSiGeGeGeGeGeGeGeSiGeSiSiGeGeGeSi
   -18275.3554687500 GeGeGeSiSiGeSiGeGeSiGeSiGeSiGeGeGeGeGeSiGeGeSiGeGeSiGeSiSiSiSiGeGeGeSiSiSiGeSiSiGeGeGeGeSiGeGeGeGeGeGeGeSiGeSiSiGeGeGeSi
   -18275.3554687500 GeGeGeSiSiGeSiGeGeSiGeSiGeSiGeGeGeGeGeSiGeGeSiGeGeSiGeSiSiSiSiGeGeGeSiSiSiGeSiSiGeGeGeGeSiGeGeGeGeGeGeGeSiGeSiSiGeGeGeSi
   -18275.3554687500 GeGeGeSiSiGeSiGeGeSiGeSiGeSiGeGeGeGeGeSiGeGeSiGeGeSiGeSiSiSiSiGeGeGeSiSiSiGeSiSiGeGeGeGeSiGeGeGeGeGeGeGeSiGeSiSiGeGeGeSi
   -18275.3554687500 GeGeGeSiSiGeSiGeGeSiGeSiGeSiGeGeGeGeGeSiGeGeSiGeGeSiGeSiSiSiSiGeGeGeSiSiSiGeSiSiGeGeGeGeSiGeGeGeGeGeGeGeSiGeSiSiGeGeGeSi
   -18275.3554687500 GeGeGeSiSiGeSiGeGeSiGeSiGeSiGeGeGeGeGeSiGeGeSiGeGeSiGeSiSiSiSiGeGeGeSiSiSiGeSiSiGeGeGeGeSiGeGeGeGeGeGeGeSiGeSiSiGeGeGeSi
   -18275.3554687500 GeGeGeSiSiGeSiGeGeSiGeSiGeSiGeGeGeGeGeSiGeGeSiGeGeSiGeSiSiSiSiGeGeGeSiSiSiGeSiSiGeGeGeGeSiGeGeGeGeGeGeGeSiGeSiSiGeGeGeSi
   -18275.3554687500 GeGeGeSiSiGeSiGeGeSiGeSiGeSiGeGeGeGeGeSiGeGeSiGeGeSiGeSiSiSiSiGeGeGeSiSiSiGeSiSiGeGeGeGeSiGeGeGeGeGeGeGeSiGeSiSiGeGeGeSi
   -18275.3554687500 GeGeGeSiSiGeSiGeGeSiGeSiGeSiGeGeGeGeGeSiGeGeSiGeGeSiGeSiSiSiSiGeGeGeSiSiSiGeSiSiGeGeGeGeSiGeGeGeGeGeGeGeSiGeSiSiGeGeGeSi
   -18275.3554687500 GeGeGeSiSiGeSiGeGeSiGeSiGeSiGeGeGeGeGeSiGeGeSiGeGeSiGeSiSiSiSiGeGeGeSiSiSiGeSiSiGeGeGeGeSiGeGeGeGeGeGeGeSiGeSiSiGeGeGeSi
   -18275.3554687500 GeGeGeSiSiGeSiGeGeSiGeSiGeSiGeGeGeGeGeSiGeGeSiGeGeSiGeSiSiSiSiGeGeGeSiSiSiGeSiSiGeGeGeGeSiGeGeGeGeGeGeGeSiGeSiSiGeGeGeSi
   -18275.3554687500 GeGeGeSiSiGeSiGeGeSiGeSiGeSiGeGeGeGeGeSiGeGeSiGeGeSiGeSiSiSiSiGeGeGeSiSiSiGeSiSiGeGeGeGeSiGeGeGeGeGeGeGeSiGeSiSiGeGeGeSi
   -18275.3554687500 GeGeGeSiSiGeSiGeGeSiGeSiGeSiGeGeGeGeGeSiGeGeSiGeGeSiGeSiSiSiSiGeGeGeSiSiSiGeSiSiGeGeGeGeSiGeGeGeGeGeGeGeSiGeSiSiGeGeGeSi
   -18275.3554687500 GeGeGeSiSiGeSiGeGeSiGeSiGeSiGeGeGeGeGeSiGeGeSiGeGeSiGeSiSiSiSiGeGeGeSiSiSiGeSiSiGeGeGeGeSiGeGeGeGeGeGeGeSiGeSiSiGeGeGeSi
   -18275.3554687500 GeGeGeSiSiGeSiGeGeSiGeSiGeSiGeGeGeGeGeSiGeGeSiGeGeSiGeSiSiSiSiGeGeGeSiSiSiGeSiSiGeGeGeGeSiGeGeGeGeGeGeGeSiGeSiSiGeGeGeSi
   -18275.3554687500 GeGeGeSiSiGeSiGeGeSiGeSiGeSiGeGeGeGeGeSiGeGeSiGeGeSiGeSiSiSiSiGeGeGeSiSiSiGeSiSiGeGeGeGeSiGeGeGeGeGeGeGeSiGeSiSiGeGeGeSi
   -18275.3554687500 GeGeGeSiSiGeSiGeGeSiGeSiGeSiGeGeGeGeGeSiGeGeSiGeGeSiGeSiSiSiSiGeGeGeSiSiSiGeSiSiGeGeGeGeSiGeGeGeGeGeGeGeSiGeSiSiGeGeGeSi
   -18275.3554687500 GeGeGeSiSiGeSiGeGeSiGeSiGeSiGeGeGeGeGeSiGeGeSiGeGeSiGeSiSiSiSiGeGeGeSiSiSiGeSiSiGeGeGeGeSiGeGeGeGeGeGeGeSiGeSiSiGeGeGeSi
   -18275.3554687500 GeGeGeSiSiGeSiGeGeSiGeSiGeSiGeGeGeGeGeSiGeGeSiGeGeSiGeSiSiSiSiGeGeGeSiSiSiGeSiSiGeGeGeGeSiGeGeGeGeGeGeGeSiGeSiSiGeGeGeSi
   -18275.3554687500 GeGeGeSiSiGeSiGeGeSiGeSiGeSiGeGeGeGeGeSiGeGeSiGeGeSiGeSiSiSiSiGeGeGeSiSiSiGeSiSiGeGeGeGeSiGeGeGeGeGeGeGeSiGeSiSiGeGeGeSi
   -18275.3554687500 GeGeGeSiSiGeSiGeGeSiGeSiGeSiGeGeGeGeGeSiGeGeSiGeGeSiGeSiSiSiSiGeGeGeSiSiSiGeSiSiGeGeGeGeSiGeGeGeGeGeGeGeSiGeSiSiGeGeGeSi
   -18275.3554687500 GeGeGeSiSiGeSiGeGeSiGeSiGeSiGeGeGeGeGeSiGeGeSiGeGeSiGeSiSiSiSiGeGeGeSiSiSiGeSiSiGeGeGeGeSiGeGeGeGeGeGeGeSiGeSiSiGeGeGeSi
   -18275.3554687500 GeGeGeSiSiGeSiGeGeSiGeSiGeSiGeGeGeGeGeSiGeGeSiGeGeSiGeSiSiSiSiGeGeGeSiSiSiGeSiSiGeGeGeGeSiGeGeGeGeGeGeGeSiGeSiSiGeGeGeSi
   -18275.3554687500 GeGeGeSiSiGeSiGeGeSiGeSiGeSiGeGeGeGeGeSiGeGeSiGeGeSiGeSiSiSiSiGeGeGeSiSiSiGeSiSiGeGeGeGeSiGeGeGeGeGeGeGeSiGeSiSiGeGeGeSi
   -18275.3554687500 GeGeGeSiSiGeSiGeGeSiGeSiGeSiGeGeGeGeGeSiGeGeSiGeGeSiGeSiSiSiSiGeGeGeSiSiSiGeSiSiGeGeGeGeSiGeGeGeGeGeGeGeSiGeSiSiGeGeGeSi
filename: c000001262124442.gin     
Cell:
    11.9020996    11.9020996    29.6919994    90.0000000    90.0000000   120.0000000
Box:
    11.9020996    -5.9510503     0.0000000
     0.0000000    10.3075209     0.0000000
     0.0000000     0.0000000    29.6919994
----------------------------------------
Inverse Box:
     0.0840188     0.0485083     0.0000000
     0.0000000     0.0970165     0.0000000
     0.0000000     0.0000000     0.0336791
----------------------------------------
==============================================
geometrical properties of  37 Ge:
 Configuration:           0
 D_ave:   9.14387894       3.52567148    
 D_min:   3.04007053       5.08375578E-02
 energia:  -18275.3555    
