Random Seed:  1114388769
Number of atoms:    60
Space Group:    1
Cell:
    11.9020996    11.9020996    29.6919994    90.0000000    90.0000000   120.0000000
Box:
    11.9020996    -5.9510503     0.0000000
     0.0000000    10.3075209     0.0000000
     0.0000000     0.0000000    29.6919994
----------------------------------------
Inverse Box:
     0.0840188     0.0485083     0.0000000
     0.0000000     0.0970165     0.0000000
     0.0000000     0.0000000     0.0336791
----------------------------------------
GeSiSiSiSiSiSiSiSiSiSiSiSiSiSiSiSiSiSiSiSiSiSiSiSiSiSiSiSiSiSiGeSiSiSiSiSiSiSiSiSiSiSiSiSiSiSiSiSiSiSiSiSiSiSiSiSiSiSiSi
           1 Ge    -7733.55664    
GeGeSiSiSiSiSiSiSiSiSiSiSiSiSiSiSiSiSiSiSiSiSiSiSiSiSiSiSiSiSiGeSiSiSiSiSiSiSiSiSiSiSiSiSiSiSiSiSiSiSiSiSiSiSiSiSiSiSiSi
           2 Ge    -7727.01562    
GeGeGeSiSiSiSiSiSiSiSiSiSiSiSiSiSiSiSiSiSiSiSiSiSiSiSiSiSiSiSiGeSiSiSiSiSiSiSiSiSiSiSiSiSiSiSiSiSiSiSiSiSiSiSiSiSiSiSiSi
           3 Ge    -7722.35547    
GeGeGeGeSiSiSiSiSiSiSiSiSiSiSiSiSiSiSiSiSiSiSiSiSiSiSiSiSiSiSiGeSiSiSiSiSiSiSiSiSiSiSiSiSiSiSiSiSiSiSiSiSiSiSiSiSiSiSiSi
           4 Ge    -7746.41455    
GeGeGeGeGeSiSiSiSiSiSiSiSiSiSiSiSiSiSiSiSiSiSiSiSiSiSiSiSiSiSiGeSiSiSiSiSiSiSiSiSiSiSiSiSiSiSiSiSiSiSiSiSiSiSiSiSiSiSiSi
           5 Ge    -7788.59326    
GeGeGeGeGeGeSiSiSiSiSiSiSiSiSiSiSiSiSiSiSiSiSiSiSiSiSiSiSiSiSiGeSiSiSiSiSiSiSiSiSiSiSiSiSiSiSiSiSiSiSiSiSiSiSiSiSiSiSiSi
           6 Ge    -7856.23047    
GeGeGeGeGeGeGeSiSiSiSiSiSiSiSiSiSiSiSiSiSiSiSiSiSiSiSiSiSiSiSiGeSiSiSiSiSiSiSiSiSiSiSiSiSiSiSiSiSiSiSiSiSiSiSiSiSiSiSiSi
           7 Ge    -8022.43555    
GeGeGeGeGeGeGeGeSiSiSiSiSiSiSiSiSiSiSiSiSiSiSiSiSiSiSiSiSiSiSiGeSiSiSiSiSiSiSiSiSiSiSiSiSiSiSiSiSiSiSiSiSiSiSiSiSiSiSiSi
           8 Ge    -8223.14160    
GeGeGeGeGeGeGeGeSiSiSiGeSiSiSiSiSiSiSiSiSiSiSiSiSiSiSiSiSiSiSiGeSiSiSiSiSiSiSiSiSiSiSiSiSiSiSiSiSiSiSiSiSiSiSiSiSiSiSiSi
          12 Ge    -8285.79688    
GeGeGeGeGeGeGeGeSiSiSiGeSiSiSiSiSiSiSiSiSiSiSiSiSiSiSiSiSiGeSiGeSiSiSiSiSiSiSiSiSiSiSiSiSiSiSiSiSiSiSiSiSiSiSiSiSiSiSiSi
          30 Ge    -8222.15527    
GeGeGeGeGeGeGeGeSiSiSiGeSiSiSiSiSiSiSiSiSiSiSiSiSiSiSiSiSiGeSiGeGeSiSiSiSiSiSiSiSiSiSiSiSiSiSiSiSiSiSiSiSiSiSiSiSiSiSiSi
          33 Ge    -8664.59473    
GeGeGeGeGeGeGeGeSiSiSiGeSiSiSiSiSiSiSiSiSiSiSiSiSiSiSiSiSiGeSiGeGeSiSiGeSiSiSiSiSiSiSiSiSiSiSiSiSiSiSiSiSiSiSiSiSiSiSiSi
          36 Ge    -8711.14551    
GeGeGeGeGeGeGeGeSiSiSiGeSiSiSiSiSiSiSiSiSiSiSiSiSiSiSiSiSiGeSiGeGeSiSiGeSiSiGeSiSiSiSiSiSiSiSiSiSiSiSiSiSiSiSiSiSiSiSiSi
          39 Ge    -9264.55859    
GeGeGeGeGeGeGeGeSiSiSiGeSiSiSiSiSiSiSiSiSiSiSiSiSiSiSiSiSiGeSiGeGeSiSiGeSiSiGeGeSiSiSiSiSiSiSiSiSiSiSiSiSiSiSiSiSiSiSiSi
          40 Ge    -9876.90332    
GeGeGeGeGeGeGeGeSiSiSiGeSiSiSiSiSiSiSiSiSiSiSiSiSiSiSiSiSiGeSiGeGeSiSiGeSiSiGeGeSiGeSiSiSiSiSiSiSiSiSiSiSiSiSiSiSiSiSiSi
          42 Ge    -8580.64160    
GeGeGeGeGeGeGeGeSiSiSiGeSiSiSiSiSiSiSiSiSiSiSiSiSiSiSiSiSiGeSiGeGeSiSiGeSiSiGeGeSiGeSiSiGeSiSiSiSiSiSiSiSiSiSiSiSiSiSiSi
          45 Ge    -9026.61719    
GeGeGeGeGeGeGeGeSiSiSiGeSiSiSiSiSiSiSiSiSiSiSiSiSiSiSiSiSiGeSiGeGeSiSiGeSiSiGeGeSiGeSiSiGeGeSiSiSiSiSiSiSiSiSiSiSiSiSiSi
          46 Ge    -9150.93262    
GeGeGeGeGeGeGeGeSiSiSiGeSiSiSiSiSiSiSiSiSiSiSiSiSiSiSiSiSiGeSiGeGeSiSiGeSiSiGeGeSiGeSiSiGeGeSiSiSiSiSiSiSiSiSiSiGeSiSiSi
          57 Ge    -10158.1035    
GeGeGeGeGeGeGeGeSiGeSiGeSiSiSiSiSiSiSiSiSiSiSiSiSiSiSiSiSiGeSiGeGeSiSiGeSiSiGeGeSiGeSiSiGeGeSiSiSiSiSiSiSiSiSiSiGeSiSiSi
          10 Ge    -9269.90039    
GeGeGeGeGeGeGeGeSiGeGeGeSiSiSiSiSiSiSiSiSiSiSiSiSiSiSiSiSiGeSiGeGeSiSiGeSiSiGeGeSiGeSiSiGeGeSiSiSiSiSiSiSiSiSiSiGeSiSiSi
          11 Ge    -10558.0215    
GeGeGeGeGeGeGeGeSiGeGeGeGeSiSiSiSiSiSiSiSiSiSiSiSiSiSiSiSiGeSiGeGeSiSiGeSiSiGeGeSiGeSiSiGeGeSiSiSiSiSiSiSiSiSiSiGeSiSiSi
          13 Ge    -9144.13281    
GeGeGeGeGeGeGeGeSiGeGeGeGeGeSiSiSiSiSiSiSiSiSiSiSiSiSiSiSiGeSiGeGeSiSiGeSiSiGeGeSiGeSiSiGeGeSiSiSiSiSiSiSiSiSiSiGeSiSiSi
          14 Ge    -7516.44629    
GeGeGeGeGeGeGeGeSiGeGeGeGeGeGeSiSiSiSiSiSiSiSiSiSiSiSiSiSiGeSiGeGeSiSiGeSiSiGeGeSiGeSiSiGeGeSiSiSiSiSiSiSiSiSiSiGeSiSiSi
          15 Ge    -5687.71729    
GeGeGeGeGeGeGeGeSiGeGeGeGeGeGeGeSiSiSiSiSiSiSiSiSiSiSiSiSiGeSiGeGeSiSiGeSiSiGeGeSiGeSiSiGeGeSiSiSiSiSiSiSiSiSiSiGeSiSiSi
          16 Ge    -5492.08643    
GeGeGeGeGeGeGeGeSiGeGeGeGeGeGeGeSiSiSiSiSiSiGeSiSiSiSiSiSiGeSiGeGeSiSiGeSiSiGeGeSiGeSiSiGeGeSiSiSiSiSiSiSiSiSiSiGeSiSiSi
          23 Ge    -1218.81299    
GeGeGeGeGeGeGeGeSiGeGeGeGeGeGeGeSiSiSiSiSiSiGeGeSiSiSiSiSiGeSiGeGeSiSiGeSiSiGeGeSiGeSiSiGeGeSiSiSiSiSiSiSiSiSiSiGeSiSiSi
          24 Ge     3769.58154    
GeGeGeGeGeGeGeGeSiGeGeGeGeGeGeGeSiSiSiSiSiSiGeGeSiGeSiSiSiGeSiGeGeSiSiGeSiSiGeGeSiGeSiSiGeGeSiSiSiSiSiSiSiSiSiSiGeSiSiSi
          26 Ge     7071.49316    
GeGeGeGeGeGeGeGeSiGeGeGeGeGeGeGeSiSiSiSiSiSiGeGeSiGeSiGeSiGeSiGeGeSiSiGeSiSiGeGeSiGeSiSiGeGeSiSiSiSiSiSiSiSiSiSiGeSiSiSi
          28 Ge     10209.2441    
GeGeGeGeGeGeGeGeSiGeGeGeGeGeGeGeSiSiSiSiSiSiGeGeSiGeSiGeSiGeSiGeGeSiSiGeSiSiGeGeSiGeSiGeGeGeSiSiSiSiSiSiSiSiSiSiGeSiSiSi
          44 Ge     13206.9414    
GeGeGeGeGeGeGeGeSiGeGeGeGeGeGeGeSiSiSiSiSiSiGeGeSiGeSiGeSiGeSiGeGeSiSiGeSiSiGeGeSiGeSiGeGeGeSiSiSiSiGeSiSiSiSiSiGeSiSiSi
          51 Ge     12740.7598    
GeGeGeGeGeGeGeGeSiGeGeGeGeGeGeGeSiSiSiSiSiSiGeGeSiGeSiGeSiGeSiGeGeSiSiGeSiSiGeGeSiGeSiGeGeGeSiSiSiSiGeSiSiSiSiSiGeGeSiSi
          58 Ge     15709.2930    
GeGeGeGeGeGeGeGeGeGeGeGeGeGeGeGeSiSiSiSiSiSiGeGeSiGeSiGeSiGeSiGeGeSiSiGeSiSiGeGeSiGeSiGeGeGeSiSiSiSiGeSiSiSiSiSiGeGeSiSi
           9 Ge     19455.6152    
GeGeGeGeGeGeGeGeGeGeGeGeGeGeGeGeGeSiSiSiSiSiGeGeSiGeSiGeSiGeSiGeGeSiSiGeSiSiGeGeSiGeSiGeGeGeSiSiSiSiGeSiSiSiSiSiGeGeSiSi
          17 Ge     25100.3730    
GeGeGeGeGeGeGeGeGeGeGeGeGeGeGeGeGeGeSiSiSiSiGeGeSiGeSiGeSiGeSiGeGeSiSiGeSiSiGeGeSiGeSiGeGeGeSiSiSiSiGeSiSiSiSiSiGeGeSiSi
          18 Ge     32580.6699    
GeGeGeGeGeGeGeGeGeGeGeGeGeGeGeGeGeGeSiSiGeSiGeGeSiGeSiGeSiGeSiGeGeSiSiGeSiSiGeGeSiGeSiGeGeGeSiSiSiSiGeSiSiSiSiSiGeGeSiSi
          21 Ge     43811.6172    
GeGeGeGeGeGeGeGeGeGeGeGeGeGeGeGeGeGeSiSiGeGeGeGeSiGeSiGeSiGeSiGeGeSiSiGeSiSiGeGeSiGeSiGeGeGeSiSiSiSiGeSiSiSiSiSiGeGeSiSi
          22 Ge     53846.3203    
GeGeGeGeGeGeGeGeGeGeGeGeGeGeGeGeGeGeSiSiGeGeGeGeSiGeSiGeSiGeGeGeGeSiSiGeSiSiGeGeSiGeSiGeGeGeSiSiSiSiGeSiSiSiSiSiGeGeSiSi
          31 Ge     58833.3984    
==============================================
MonteCarlo: Metropolis with identity changes
Si > Ge, Ge > Si. STOP when occurrence <    0.00000
==============================================
Cost_function     Occurrence %     Scan-Cost
    16917.1640625000 GeSiGeSiGeSiGeGeSiGeSiSiSiGeGeGeSiGeSiGeGeSiSiGeSiSiGeGeSiGeGeSiGeSiGeSiGeGeGeGeGeGeGeGeGeGeGeGeSiGeGeGeSiGeGeGeSiSiGeSi
     9952.1601562500 GeGeGeGeSiSiGeSiSiGeSiSiGeSiGeGeGeGeGeGeGeSiSiGeGeSiGeSiGeGeGeGeGeGeGeSiGeGeGeGeGeSiSiGeSiSiSiGeSiGeSiSiSiSiGeGeGeGeGeGe
     8053.8496093750 GeSiSiSiGeSiGeSiGeGeGeGeGeSiGeGeGeGeGeGeGeSiSiGeGeSiGeSiSiSiGeSiGeGeSiGeGeGeSiGeGeSiGeGeSiGeGeGeGeGeGeGeSiGeSiSiGeSiGeSi
     8053.8496093750 GeSiSiSiGeSiGeSiGeGeGeGeGeSiGeGeGeGeGeGeGeSiSiGeGeSiGeSiSiSiGeSiGeGeSiGeGeGeSiGeGeSiGeGeSiGeGeGeGeGeGeGeSiGeSiSiGeSiGeSi
     8053.8496093750 GeSiSiSiGeSiGeSiGeGeGeGeGeSiGeGeGeGeGeGeGeSiSiGeGeSiGeSiSiSiGeSiGeGeSiGeGeGeSiGeGeSiGeGeSiGeGeGeGeGeGeGeSiGeSiSiGeSiGeSi
     8053.8496093750 GeSiSiSiGeSiGeSiGeGeGeGeGeSiGeGeGeGeGeGeGeSiSiGeGeSiGeSiSiSiGeSiGeGeSiGeGeGeSiGeGeSiGeGeSiGeGeGeGeGeGeGeSiGeSiSiGeSiGeSi
     7357.0527343750 GeSiSiSiGeSiGeSiGeGeGeGeGeSiGeGeGeGeGeGeGeSiSiGeGeGeGeSiSiSiGeSiGeGeSiGeGeGeSiGeSiSiGeGeSiGeGeGeGeGeGeSiSiGeSiSiGeSiGeGe
     7357.0527343750 GeSiSiSiGeSiGeSiGeGeGeGeGeSiGeGeGeGeGeGeGeSiSiGeGeGeGeSiSiSiGeSiGeGeSiGeGeGeSiGeSiSiGeGeSiGeGeGeGeGeGeSiSiGeSiSiGeSiGeGe
     7357.0527343750 GeSiSiSiGeSiGeSiGeGeGeGeGeSiGeGeGeGeGeGeGeSiSiGeGeGeGeSiSiSiGeSiGeGeSiGeGeGeSiGeSiSiGeGeSiGeGeGeGeGeGeSiSiGeSiSiGeSiGeGe
     4411.1069335938 GeSiSiSiGeSiGeSiGeGeGeGeGeSiGeGeGeGeGeGeSiSiSiGeSiGeGeSiSiSiGeSiGeGeSiGeGeGeGeGeSiSiGeGeSiGeGeGeGeGeGeGeGeGeSiSiGeSiSiGe
     4411.1069335938 GeSiSiSiGeSiGeSiGeGeGeGeGeSiGeGeGeGeGeGeSiSiSiGeSiGeGeSiSiSiGeSiGeGeSiGeGeGeGeGeSiSiGeGeSiGeGeGeGeGeGeGeGeGeSiSiGeSiSiGe
      621.4189453125 GeGeGeSiGeSiGeSiGeGeGeSiSiSiGeSiGeGeGeGeSiSiSiGeGeGeGeSiSiGeGeSiGeGeSiGeGeSiGeGeSiSiGeGeSiGeGeGeGeGeGeGeGeGeSiSiGeSiSiGe
      621.4189453125 GeGeGeSiGeSiGeSiGeGeGeSiSiSiGeSiGeGeGeGeSiSiSiGeGeGeGeSiSiGeGeSiGeGeSiGeGeSiGeGeSiSiGeGeSiGeGeGeGeGeGeGeGeGeSiSiGeSiSiGe
      621.4189453125 GeGeGeSiGeSiGeSiGeGeGeSiSiSiGeSiGeGeGeGeSiSiSiGeGeGeGeSiSiGeGeSiGeGeSiGeGeSiGeGeSiSiGeGeSiGeGeGeGeGeGeGeGeGeSiSiGeSiSiGe
      621.4189453125 GeGeGeSiGeSiGeSiGeGeGeSiSiSiGeSiGeGeGeGeSiSiSiGeGeGeGeSiSiGeGeSiGeGeSiGeGeSiGeGeSiSiGeGeSiGeGeGeGeGeGeGeGeGeSiSiGeSiSiGe
      621.4189453125 GeGeGeSiGeSiGeSiGeGeGeSiSiSiGeSiGeGeGeGeSiSiSiGeGeGeGeSiSiGeGeSiGeGeSiGeGeSiGeGeSiSiGeGeSiGeGeGeGeGeGeGeGeGeSiSiGeSiSiGe
      621.4189453125 GeGeGeSiGeSiGeSiGeGeGeSiSiSiGeSiGeGeGeGeSiSiSiGeGeGeGeSiSiGeGeSiGeGeSiGeGeSiGeGeSiSiGeGeSiGeGeGeGeGeGeGeGeGeSiSiGeSiSiGe
      621.4189453125 GeGeGeSiGeSiGeSiGeGeGeSiSiSiGeSiGeGeGeGeSiSiSiGeGeGeGeSiSiGeGeSiGeGeSiGeGeSiGeGeSiSiGeGeSiGeGeGeGeGeGeGeGeGeSiSiGeSiSiGe
      621.4189453125 GeGeGeSiGeSiGeSiGeGeGeSiSiSiGeSiGeGeGeGeSiSiSiGeGeGeGeSiSiGeGeSiGeGeSiGeGeSiGeGeSiSiGeGeSiGeGeGeGeGeGeGeGeGeSiSiGeSiSiGe
      621.4189453125 GeGeGeSiGeSiGeSiGeGeGeSiSiSiGeSiGeGeGeGeSiSiSiGeGeGeGeSiSiGeGeSiGeGeSiGeGeSiGeGeSiSiGeGeSiGeGeGeGeGeGeGeGeGeSiSiGeSiSiGe
      621.4189453125 GeGeGeSiGeSiGeSiGeGeGeSiSiSiGeSiGeGeGeGeSiSiSiGeGeGeGeSiSiGeGeSiGeGeSiGeGeSiGeGeSiSiGeGeSiGeGeGeGeGeGeGeGeGeSiSiGeSiSiGe
      611.6845703125 GeGeGeSiGeSiGeSiGeGeGeSiSiSiGeGeGeGeGeGeSiSiSiGeGeGeGeSiSiGeGeSiGeGeSiGeGeSiGeGeSiSiSiGeSiGeGeGeGeGeGeGeGeGeSiSiGeSiSiGe
      611.6845703125 GeGeGeSiGeSiGeSiGeGeGeSiSiSiGeGeGeGeGeGeSiSiSiGeGeGeGeSiSiGeGeSiGeGeSiGeGeSiGeGeSiSiSiGeSiGeGeGeGeGeGeGeGeGeSiSiGeSiSiGe
      611.6845703125 GeGeGeSiGeSiGeSiGeGeGeSiSiSiGeGeGeGeGeGeSiSiSiGeGeGeGeSiSiGeGeSiGeGeSiGeGeSiGeGeSiSiSiGeSiGeGeGeGeGeGeGeGeGeSiSiGeSiSiGe
      611.6845703125 GeGeGeSiGeSiGeSiGeGeGeSiSiSiGeGeGeGeGeGeSiSiSiGeGeGeGeSiSiGeGeSiGeGeSiGeGeSiGeGeSiSiSiGeSiGeGeGeGeGeGeGeGeGeSiSiGeSiSiGe
      611.6845703125 GeGeGeSiGeSiGeSiGeGeGeSiSiSiGeGeGeGeGeGeSiSiSiGeGeGeGeSiSiGeGeSiGeGeSiGeGeSiGeGeSiSiSiGeSiGeGeGeGeGeGeGeGeGeSiSiGeSiSiGe
      611.6845703125 GeGeGeSiGeSiGeSiGeGeGeSiSiSiGeGeGeGeGeGeSiSiSiGeGeGeGeSiSiGeGeSiGeGeSiGeGeSiGeGeSiSiSiGeSiGeGeGeGeGeGeGeGeGeSiSiGeSiSiGe
      611.6845703125 GeGeGeSiGeSiGeSiGeGeGeSiSiSiGeGeGeGeGeGeSiSiSiGeGeGeGeSiSiGeGeSiGeGeSiGeGeSiGeGeSiSiSiGeSiGeGeGeGeGeGeGeGeGeSiSiGeSiSiGe
      611.6845703125 GeGeGeSiGeSiGeSiGeGeGeSiSiSiGeGeGeGeGeGeSiSiSiGeGeGeGeSiSiGeGeSiGeGeSiGeGeSiGeGeSiSiSiGeSiGeGeGeGeGeGeGeGeGeSiSiGeSiSiGe
      611.6845703125 GeGeGeSiGeSiGeSiGeGeGeSiSiSiGeGeGeGeGeGeSiSiSiGeGeGeGeSiSiGeGeSiGeGeSiGeGeSiGeGeSiSiSiGeSiGeGeGeGeGeGeGeGeGeSiSiGeSiSiGe
      611.6845703125 GeGeGeSiGeSiGeSiGeGeGeSiSiSiGeGeGeGeGeGeSiSiSiGeGeGeGeSiSiGeGeSiGeGeSiGeGeSiGeGeSiSiSiGeSiGeGeGeGeGeGeGeGeGeSiSiGeSiSiGe
      611.6845703125 GeGeGeSiGeSiGeSiGeGeGeSiSiSiGeGeGeGeGeGeSiSiSiGeGeGeGeSiSiGeGeSiGeGeSiGeGeSiGeGeSiSiSiGeSiGeGeGeGeGeGeGeGeGeSiSiGeSiSiGe
      611.6845703125 GeGeGeSiGeSiGeSiGeGeGeSiSiSiGeGeGeGeGeGeSiSiSiGeGeGeGeSiSiGeGeSiGeGeSiGeGeSiGeGeSiSiSiGeSiGeGeGeGeGeGeGeGeGeSiSiGeSiSiGe
      417.3520507812 GeGeGeSiGeSiGeSiGeGeGeSiSiSiGeGeGeGeGeGeGeSiSiGeGeGeGeSiSiSiGeSiGeGeSiGeGeSiGeGeSiSiSiGeSiGeGeGeGeGeGeGeGeGeSiSiGeSiSiGe
    -3005.7880859375 GeGeGeSiGeSiGeSiGeGeGeSiSiSiGeGeSiGeGeGeGeSiSiGeGeGeGeSiSiGeGeSiGeGeSiGeGeSiGeGeSiSiSiGeSiGeGeGeGeGeGeGeGeGeSiSiGeSiSiGe
    -3005.7880859375 GeGeGeSiGeSiGeSiGeGeGeSiSiSiGeGeSiGeGeGeGeSiSiGeGeGeGeSiSiGeGeSiGeGeSiGeGeSiGeGeSiSiSiGeSiGeGeGeGeGeGeGeGeGeSiSiGeSiSiGe
    -3005.7880859375 GeGeGeSiGeSiGeSiGeGeGeSiSiSiGeGeSiGeGeGeGeSiSiGeGeGeGeSiSiGeGeSiGeGeSiGeGeSiGeGeSiSiSiGeSiGeGeGeGeGeGeGeGeGeSiSiGeSiSiGe
    -3005.7880859375 GeGeGeSiGeSiGeSiGeGeGeSiSiSiGeGeSiGeGeGeGeSiSiGeGeGeGeSiSiGeGeSiGeGeSiGeGeSiGeGeSiSiSiGeSiGeGeGeGeGeGeGeGeGeSiSiGeSiSiGe
    -3005.7880859375 GeGeGeSiGeSiGeSiGeGeGeSiSiSiGeGeSiGeGeGeGeSiSiGeGeGeGeSiSiGeGeSiGeGeSiGeGeSiGeGeSiSiSiGeSiGeGeGeGeGeGeGeGeGeSiSiGeSiSiGe
    -3005.7880859375 GeGeGeSiGeSiGeSiGeGeGeSiSiSiGeGeSiGeGeGeGeSiSiGeGeGeGeSiSiGeGeSiGeGeSiGeGeSiGeGeSiSiSiGeSiGeGeGeGeGeGeGeGeGeSiSiGeSiSiGe
    -3005.7880859375 GeGeGeSiGeSiGeSiGeGeGeSiSiSiGeGeSiGeGeGeGeSiSiGeGeGeGeSiSiGeGeSiGeGeSiGeGeSiGeGeSiSiSiGeSiGeGeGeGeGeGeGeGeGeSiSiGeSiSiGe
    -3005.7880859375 GeGeGeSiGeSiGeSiGeGeGeSiSiSiGeGeSiGeGeGeGeSiSiGeGeGeGeSiSiGeGeSiGeGeSiGeGeSiGeGeSiSiSiGeSiGeGeGeGeGeGeGeGeGeSiSiGeSiSiGe
    -3005.7880859375 GeGeGeSiGeSiGeSiGeGeGeSiSiSiGeGeSiGeGeGeGeSiSiGeGeGeGeSiSiGeGeSiGeGeSiGeGeSiGeGeSiSiSiGeSiGeGeGeGeGeGeGeGeGeSiSiGeSiSiGe
    -3005.7880859375 GeGeGeSiGeSiGeSiGeGeGeSiSiSiGeGeSiGeGeGeGeSiSiGeGeGeGeSiSiGeGeSiGeGeSiGeGeSiGeGeSiSiSiGeSiGeGeGeGeGeGeGeGeGeSiSiGeSiSiGe
    -3005.7880859375 GeGeGeSiGeSiGeSiGeGeGeSiSiSiGeGeSiGeGeGeGeSiSiGeGeGeGeSiSiGeGeSiGeGeSiGeGeSiGeGeSiSiSiGeSiGeGeGeGeGeGeGeGeGeSiSiGeSiSiGe
    -3005.7880859375 GeGeGeSiGeSiGeSiGeGeGeSiSiSiGeGeSiGeGeGeGeSiSiGeGeGeGeSiSiGeGeSiGeGeSiGeGeSiGeGeSiSiSiGeSiGeGeGeGeGeGeGeGeGeSiSiGeSiSiGe
    -3005.7880859375 GeGeGeSiGeSiGeSiGeGeGeSiSiSiGeGeSiGeGeGeGeSiSiGeGeGeGeSiSiGeGeSiGeGeSiGeGeSiGeGeSiSiSiGeSiGeGeGeGeGeGeGeGeGeSiSiGeSiSiGe
    -3005.7880859375 GeGeGeSiGeSiGeSiGeGeGeSiSiSiGeGeSiGeGeGeGeSiSiGeGeGeGeSiSiGeGeSiGeGeSiGeGeSiGeGeSiSiSiGeSiGeGeGeGeGeGeGeGeGeSiSiGeSiSiGe
    -3005.7880859375 GeGeGeSiGeSiGeSiGeGeGeSiSiSiGeGeSiGeGeGeGeSiSiGeGeGeGeSiSiGeGeSiGeGeSiGeGeSiGeGeSiSiSiGeSiGeGeGeGeGeGeGeGeGeSiSiGeSiSiGe
    -3005.7880859375 GeGeGeSiGeSiGeSiGeGeGeSiSiSiGeGeSiGeGeGeGeSiSiGeGeGeGeSiSiGeGeSiGeGeSiGeGeSiGeGeSiSiSiGeSiGeGeGeGeGeGeGeGeGeSiSiGeSiSiGe
    -3005.7880859375 GeGeGeSiGeSiGeSiGeGeGeSiSiSiGeGeSiGeGeGeGeSiSiGeGeGeGeSiSiGeGeSiGeGeSiGeGeSiGeGeSiSiSiGeSiGeGeGeGeGeGeGeGeGeSiSiGeSiSiGe
    -3005.7880859375 GeGeGeSiGeSiGeSiGeGeGeSiSiSiGeGeSiGeGeGeGeSiSiGeGeGeGeSiSiGeGeSiGeGeSiGeGeSiGeGeSiSiSiGeSiGeGeGeGeGeGeGeGeGeSiSiGeSiSiGe
    -3005.7880859375 GeGeGeSiGeSiGeSiGeGeGeSiSiSiGeGeSiGeGeGeGeSiSiGeGeGeGeSiSiGeGeSiGeGeSiGeGeSiGeGeSiSiSiGeSiGeGeGeGeGeGeGeGeGeSiSiGeSiSiGe
    -3005.7880859375 GeGeGeSiGeSiGeSiGeGeGeSiSiSiGeGeSiGeGeGeGeSiSiGeGeGeGeSiSiGeGeSiGeGeSiGeGeSiGeGeSiSiSiGeSiGeGeGeGeGeGeGeGeGeSiSiGeSiSiGe
    -3005.7880859375 GeGeGeSiGeSiGeSiGeGeGeSiSiSiGeGeSiGeGeGeGeSiSiGeGeGeGeSiSiGeGeSiGeGeSiGeGeSiGeGeSiSiSiGeSiGeGeGeGeGeGeGeGeGeSiSiGeSiSiGe
    -3005.7880859375 GeGeGeSiGeSiGeSiGeGeGeSiSiSiGeGeSiGeGeGeGeSiSiGeGeGeGeSiSiGeGeSiGeGeSiGeGeSiGeGeSiSiSiGeSiGeGeGeGeGeGeGeGeGeSiSiGeSiSiGe
    -3005.7880859375 GeGeGeSiGeSiGeSiGeGeGeSiSiSiGeGeSiGeGeGeGeSiSiGeGeGeGeSiSiGeGeSiGeGeSiGeGeSiGeGeSiSiSiGeSiGeGeGeGeGeGeGeGeGeSiSiGeSiSiGe
    -3005.7880859375 GeGeGeSiGeSiGeSiGeGeGeSiSiSiGeGeSiGeGeGeGeSiSiGeGeGeGeSiSiGeGeSiGeGeSiGeGeSiGeGeSiSiSiGeSiGeGeGeGeGeGeGeGeGeSiSiGeSiSiGe
    -3005.7880859375 GeGeGeSiGeSiGeSiGeGeGeSiSiSiGeGeSiGeGeGeGeSiSiGeGeGeGeSiSiGeGeSiGeGeSiGeGeSiGeGeSiSiSiGeSiGeGeGeGeGeGeGeGeGeSiSiGeSiSiGe
    -3005.7880859375 GeGeGeSiGeSiGeSiGeGeGeSiSiSiGeGeSiGeGeGeGeSiSiGeGeGeGeSiSiGeGeSiGeGeSiGeGeSiGeGeSiSiSiGeSiGeGeGeGeGeGeGeGeGeSiSiGeSiSiGe
    -3005.7880859375 GeGeGeSiGeSiGeSiGeGeGeSiSiSiGeGeSiGeGeGeGeSiSiGeGeGeGeSiSiGeGeSiGeGeSiGeGeSiGeGeSiSiSiGeSiGeGeGeGeGeGeGeGeGeSiSiGeSiSiGe
    -3005.7880859375 GeGeGeSiGeSiGeSiGeGeGeSiSiSiGeGeSiGeGeGeGeSiSiGeGeGeGeSiSiGeGeSiGeGeSiGeGeSiGeGeSiSiSiGeSiGeGeGeGeGeGeGeGeGeSiSiGeSiSiGe
    -3005.7880859375 GeGeGeSiGeSiGeSiGeGeGeSiSiSiGeGeSiGeGeGeGeSiSiGeGeGeGeSiSiGeGeSiGeGeSiGeGeSiGeGeSiSiSiGeSiGeGeGeGeGeGeGeGeGeSiSiGeSiSiGe
    -3005.7880859375 GeGeGeSiGeSiGeSiGeGeGeSiSiSiGeGeSiGeGeGeGeSiSiGeGeGeGeSiSiGeGeSiGeGeSiGeGeSiGeGeSiSiSiGeSiGeGeGeGeGeGeGeGeGeSiSiGeSiSiGe
    -3005.7880859375 GeGeGeSiGeSiGeSiGeGeGeSiSiSiGeGeSiGeGeGeGeSiSiGeGeGeGeSiSiGeGeSiGeGeSiGeGeSiGeGeSiSiSiGeSiGeGeGeGeGeGeGeGeGeSiSiGeSiSiGe
    -3005.7880859375 GeGeGeSiGeSiGeSiGeGeGeSiSiSiGeGeSiGeGeGeGeSiSiGeGeGeGeSiSiGeGeSiGeGeSiGeGeSiGeGeSiSiSiGeSiGeGeGeGeGeGeGeGeGeSiSiGeSiSiGe
    -3005.7880859375 GeGeGeSiGeSiGeSiGeGeGeSiSiSiGeGeSiGeGeGeGeSiSiGeGeGeGeSiSiGeGeSiGeGeSiGeGeSiGeGeSiSiSiGeSiGeGeGeGeGeGeGeGeGeSiSiGeSiSiGe
    -3005.7880859375 GeGeGeSiGeSiGeSiGeGeGeSiSiSiGeGeSiGeGeGeGeSiSiGeGeGeGeSiSiGeGeSiGeGeSiGeGeSiGeGeSiSiSiGeSiGeGeGeGeGeGeGeGeGeSiSiGeSiSiGe
    -3005.7880859375 GeGeGeSiGeSiGeSiGeGeGeSiSiSiGeGeSiGeGeGeGeSiSiGeGeGeGeSiSiGeGeSiGeGeSiGeGeSiGeGeSiSiSiGeSiGeGeGeGeGeGeGeGeGeSiSiGeSiSiGe
    -3005.7880859375 GeGeGeSiGeSiGeSiGeGeGeSiSiSiGeGeSiGeGeGeGeSiSiGeGeGeGeSiSiGeGeSiGeGeSiGeGeSiGeGeSiSiSiGeSiGeGeGeGeGeGeGeGeGeSiSiGeSiSiGe
    -3005.7880859375 GeGeGeSiGeSiGeSiGeGeGeSiSiSiGeGeSiGeGeGeGeSiSiGeGeGeGeSiSiGeGeSiGeGeSiGeGeSiGeGeSiSiSiGeSiGeGeGeGeGeGeGeGeGeSiSiGeSiSiGe
    -3005.7880859375 GeGeGeSiGeSiGeSiGeGeGeSiSiSiGeGeSiGeGeGeGeSiSiGeGeGeGeSiSiGeGeSiGeGeSiGeGeSiGeGeSiSiSiGeSiGeGeGeGeGeGeGeGeGeSiSiGeSiSiGe
    -3005.7880859375 GeGeGeSiGeSiGeSiGeGeGeSiSiSiGeGeSiGeGeGeGeSiSiGeGeGeGeSiSiGeGeSiGeGeSiGeGeSiGeGeSiSiSiGeSiGeGeGeGeGeGeGeGeGeSiSiGeSiSiGe
    -3005.7880859375 GeGeGeSiGeSiGeSiGeGeGeSiSiSiGeGeSiGeGeGeGeSiSiGeGeGeGeSiSiGeGeSiGeGeSiGeGeSiGeGeSiSiSiGeSiGeGeGeGeGeGeGeGeGeSiSiGeSiSiGe
    -3005.7880859375 GeGeGeSiGeSiGeSiGeGeGeSiSiSiGeGeSiGeGeGeGeSiSiGeGeGeGeSiSiGeGeSiGeGeSiGeGeSiGeGeSiSiSiGeSiGeGeGeGeGeGeGeGeGeSiSiGeSiSiGe
    -3005.7880859375 GeGeGeSiGeSiGeSiGeGeGeSiSiSiGeGeSiGeGeGeGeSiSiGeGeGeGeSiSiGeGeSiGeGeSiGeGeSiGeGeSiSiSiGeSiGeGeGeGeGeGeGeGeGeSiSiGeSiSiGe
    -3005.7880859375 GeGeGeSiGeSiGeSiGeGeGeSiSiSiGeGeSiGeGeGeGeSiSiGeGeGeGeSiSiGeGeSiGeGeSiGeGeSiGeGeSiSiSiGeSiGeGeGeGeGeGeGeGeGeSiSiGeSiSiGe
    -3005.7880859375 GeGeGeSiGeSiGeSiGeGeGeSiSiSiGeGeSiGeGeGeGeSiSiGeGeGeGeSiSiGeGeSiGeGeSiGeGeSiGeGeSiSiSiGeSiGeGeGeGeGeGeGeGeGeSiSiGeSiSiGe
    -3005.7880859375 GeGeGeSiGeSiGeSiGeGeGeSiSiSiGeGeSiGeGeGeGeSiSiGeGeGeGeSiSiGeGeSiGeGeSiGeGeSiGeGeSiSiSiGeSiGeGeGeGeGeGeGeGeGeSiSiGeSiSiGe
    -3005.7880859375 GeGeGeSiGeSiGeSiGeGeGeSiSiSiGeGeSiGeGeGeGeSiSiGeGeGeGeSiSiGeGeSiGeGeSiGeGeSiGeGeSiSiSiGeSiGeGeGeGeGeGeGeGeGeSiSiGeSiSiGe
    -3005.7880859375 GeGeGeSiGeSiGeSiGeGeGeSiSiSiGeGeSiGeGeGeGeSiSiGeGeGeGeSiSiGeGeSiGeGeSiGeGeSiGeGeSiSiSiGeSiGeGeGeGeGeGeGeGeGeSiSiGeSiSiGe
    -3005.7880859375 GeGeGeSiGeSiGeSiGeGeGeSiSiSiGeGeSiGeGeGeGeSiSiGeGeGeGeSiSiGeGeSiGeGeSiGeGeSiGeGeSiSiSiGeSiGeGeGeGeGeGeGeGeGeSiSiGeSiSiGe
    -3005.7880859375 GeGeGeSiGeSiGeSiGeGeGeSiSiSiGeGeSiGeGeGeGeSiSiGeGeGeGeSiSiGeGeSiGeGeSiGeGeSiGeGeSiSiSiGeSiGeGeGeGeGeGeGeGeGeSiSiGeSiSiGe
    -3005.7880859375 GeGeGeSiGeSiGeSiGeGeGeSiSiSiGeGeSiGeGeGeGeSiSiGeGeGeGeSiSiGeGeSiGeGeSiGeGeSiGeGeSiSiSiGeSiGeGeGeGeGeGeGeGeGeSiSiGeSiSiGe
    -3005.7880859375 GeGeGeSiGeSiGeSiGeGeGeSiSiSiGeGeSiGeGeGeGeSiSiGeGeGeGeSiSiGeGeSiGeGeSiGeGeSiGeGeSiSiSiGeSiGeGeGeGeGeGeGeGeGeSiSiGeSiSiGe
    -3005.7880859375 GeGeGeSiGeSiGeSiGeGeGeSiSiSiGeGeSiGeGeGeGeSiSiGeGeGeGeSiSiGeGeSiGeGeSiGeGeSiGeGeSiSiSiGeSiGeGeGeGeGeGeGeGeGeSiSiGeSiSiGe
    -3005.7880859375 GeGeGeSiGeSiGeSiGeGeGeSiSiSiGeGeSiGeGeGeGeSiSiGeGeGeGeSiSiGeGeSiGeGeSiGeGeSiGeGeSiSiSiGeSiGeGeGeGeGeGeGeGeGeSiSiGeSiSiGe
    -3005.7880859375 GeGeGeSiGeSiGeSiGeGeGeSiSiSiGeGeSiGeGeGeGeSiSiGeGeGeGeSiSiGeGeSiGeGeSiGeGeSiGeGeSiSiSiGeSiGeGeGeGeGeGeGeGeGeSiSiGeSiSiGe
    -3005.7880859375 GeGeGeSiGeSiGeSiGeGeGeSiSiSiGeGeSiGeGeGeGeSiSiGeGeGeGeSiSiGeGeSiGeGeSiGeGeSiGeGeSiSiSiGeSiGeGeGeGeGeGeGeGeGeSiSiGeSiSiGe
    -3005.7880859375 GeGeGeSiGeSiGeSiGeGeGeSiSiSiGeGeSiGeGeGeGeSiSiGeGeGeGeSiSiGeGeSiGeGeSiGeGeSiGeGeSiSiSiGeSiGeGeGeGeGeGeGeGeGeSiSiGeSiSiGe
    -3005.7880859375 GeGeGeSiGeSiGeSiGeGeGeSiSiSiGeGeSiGeGeGeGeSiSiGeGeGeGeSiSiGeGeSiGeGeSiGeGeSiGeGeSiSiSiGeSiGeGeGeGeGeGeGeGeGeSiSiGeSiSiGe
    -3005.7880859375 GeGeGeSiGeSiGeSiGeGeGeSiSiSiGeGeSiGeGeGeGeSiSiGeGeGeGeSiSiGeGeSiGeGeSiGeGeSiGeGeSiSiSiGeSiGeGeGeGeGeGeGeGeGeSiSiGeSiSiGe
    -3005.7880859375 GeGeGeSiGeSiGeSiGeGeGeSiSiSiGeGeSiGeGeGeGeSiSiGeGeGeGeSiSiGeGeSiGeGeSiGeGeSiGeGeSiSiSiGeSiGeGeGeGeGeGeGeGeGeSiSiGeSiSiGe
    -3005.7880859375 GeGeGeSiGeSiGeSiGeGeGeSiSiSiGeGeSiGeGeGeGeSiSiGeGeGeGeSiSiGeGeSiGeGeSiGeGeSiGeGeSiSiSiGeSiGeGeGeGeGeGeGeGeGeSiSiGeSiSiGe
    -3005.7880859375 GeGeGeSiGeSiGeSiGeGeGeSiSiSiGeGeSiGeGeGeGeSiSiGeGeGeGeSiSiGeGeSiGeGeSiGeGeSiGeGeSiSiSiGeSiGeGeGeGeGeGeGeGeGeSiSiGeSiSiGe
    -3005.7880859375 GeGeGeSiGeSiGeSiGeGeGeSiSiSiGeGeSiGeGeGeGeSiSiGeGeGeGeSiSiGeGeSiGeGeSiGeGeSiGeGeSiSiSiGeSiGeGeGeGeGeGeGeGeGeSiSiGeSiSiGe
    -3005.7880859375 GeGeGeSiGeSiGeSiGeGeGeSiSiSiGeGeSiGeGeGeGeSiSiGeGeGeGeSiSiGeGeSiGeGeSiGeGeSiGeGeSiSiSiGeSiGeGeGeGeGeGeGeGeGeSiSiGeSiSiGe
    -3005.7880859375 GeGeGeSiGeSiGeSiGeGeGeSiSiSiGeGeSiGeGeGeGeSiSiGeGeGeGeSiSiGeGeSiGeGeSiGeGeSiGeGeSiSiSiGeSiGeGeGeGeGeGeGeGeGeSiSiGeSiSiGe
    -3005.7880859375 GeGeGeSiGeSiGeSiGeGeGeSiSiSiGeGeSiGeGeGeGeSiSiGeGeGeGeSiSiGeGeSiGeGeSiGeGeSiGeGeSiSiSiGeSiGeGeGeGeGeGeGeGeGeSiSiGeSiSiGe
    -3005.7880859375 GeGeGeSiGeSiGeSiGeGeGeSiSiSiGeGeSiGeGeGeGeSiSiGeGeGeGeSiSiGeGeSiGeGeSiGeGeSiGeGeSiSiSiGeSiGeGeGeGeGeGeGeGeGeSiSiGeSiSiGe
    -3005.7880859375 GeGeGeSiGeSiGeSiGeGeGeSiSiSiGeGeSiGeGeGeGeSiSiGeGeGeGeSiSiGeGeSiGeGeSiGeGeSiGeGeSiSiSiGeSiGeGeGeGeGeGeGeGeGeSiSiGeSiSiGe
    -3005.7880859375 GeGeGeSiGeSiGeSiGeGeGeSiSiSiGeGeSiGeGeGeGeSiSiGeGeGeGeSiSiGeGeSiGeGeSiGeGeSiGeGeSiSiSiGeSiGeGeGeGeGeGeGeGeGeSiSiGeSiSiGe
    -3005.7880859375 GeGeGeSiGeSiGeSiGeGeGeSiSiSiGeGeSiGeGeGeGeSiSiGeGeGeGeSiSiGeGeSiGeGeSiGeGeSiGeGeSiSiSiGeSiGeGeGeGeGeGeGeGeGeSiSiGeSiSiGe
    -3005.7880859375 GeGeGeSiGeSiGeSiGeGeGeSiSiSiGeGeSiGeGeGeGeSiSiGeGeGeGeSiSiGeGeSiGeGeSiGeGeSiGeGeSiSiSiGeSiGeGeGeGeGeGeGeGeGeSiSiGeSiSiGe
    -3005.7880859375 GeGeGeSiGeSiGeSiGeGeGeSiSiSiGeGeSiGeGeGeGeSiSiGeGeGeGeSiSiGeGeSiGeGeSiGeGeSiGeGeSiSiSiGeSiGeGeGeGeGeGeGeGeGeSiSiGeSiSiGe
    -3005.7880859375 GeGeGeSiGeSiGeSiGeGeGeSiSiSiGeGeSiGeGeGeGeSiSiGeGeGeGeSiSiGeGeSiGeGeSiGeGeSiGeGeSiSiSiGeSiGeGeGeGeGeGeGeGeGeSiSiGeSiSiGe
    -3005.7880859375 GeGeGeSiGeSiGeSiGeGeGeSiSiSiGeGeSiGeGeGeGeSiSiGeGeGeGeSiSiGeGeSiGeGeSiGeGeSiGeGeSiSiSiGeSiGeGeGeGeGeGeGeGeGeSiSiGeSiSiGe
    -3005.7880859375 GeGeGeSiGeSiGeSiGeGeGeSiSiSiGeGeSiGeGeGeGeSiSiGeGeGeGeSiSiGeGeSiGeGeSiGeGeSiGeGeSiSiSiGeSiGeGeGeGeGeGeGeGeGeSiSiGeSiSiGe
    -3005.7880859375 GeGeGeSiGeSiGeSiGeGeGeSiSiSiGeGeSiGeGeGeGeSiSiGeGeGeGeSiSiGeGeSiGeGeSiGeGeSiGeGeSiSiSiGeSiGeGeGeGeGeGeGeGeGeSiSiGeSiSiGe
    -3005.7880859375 GeGeGeSiGeSiGeSiGeGeGeSiSiSiGeGeSiGeGeGeGeSiSiGeGeGeGeSiSiGeGeSiGeGeSiGeGeSiGeGeSiSiSiGeSiGeGeGeGeGeGeGeGeGeSiSiGeSiSiGe
    -3005.7880859375 GeGeGeSiGeSiGeSiGeGeGeSiSiSiGeGeSiGeGeGeGeSiSiGeGeGeGeSiSiGeGeSiGeGeSiGeGeSiGeGeSiSiSiGeSiGeGeGeGeGeGeGeGeGeSiSiGeSiSiGe
    -3005.7880859375 GeGeGeSiGeSiGeSiGeGeGeSiSiSiGeGeSiGeGeGeGeSiSiGeGeGeGeSiSiGeGeSiGeGeSiGeGeSiGeGeSiSiSiGeSiGeGeGeGeGeGeGeGeGeSiSiGeSiSiGe
    -3005.7880859375 GeGeGeSiGeSiGeSiGeGeGeSiSiSiGeGeSiGeGeGeGeSiSiGeGeGeGeSiSiGeGeSiGeGeSiGeGeSiGeGeSiSiSiGeSiGeGeGeGeGeGeGeGeGeSiSiGeSiSiGe
    -3005.7880859375 GeGeGeSiGeSiGeSiGeGeGeSiSiSiGeGeSiGeGeGeGeSiSiGeGeGeGeSiSiGeGeSiGeGeSiGeGeSiGeGeSiSiSiGeSiGeGeGeGeGeGeGeGeGeSiSiGeSiSiGe
    -3005.7880859375 GeGeGeSiGeSiGeSiGeGeGeSiSiSiGeGeSiGeGeGeGeSiSiGeGeGeGeSiSiGeGeSiGeGeSiGeGeSiGeGeSiSiSiGeSiGeGeGeGeGeGeGeGeGeSiSiGeSiSiGe
    -3005.7880859375 GeGeGeSiGeSiGeSiGeGeGeSiSiSiGeGeSiGeGeGeGeSiSiGeGeGeGeSiSiGeGeSiGeGeSiGeGeSiGeGeSiSiSiGeSiGeGeGeGeGeGeGeGeGeSiSiGeSiSiGe
    -3005.7880859375 GeGeGeSiGeSiGeSiGeGeGeSiSiSiGeGeSiGeGeGeGeSiSiGeGeGeGeSiSiGeGeSiGeGeSiGeGeSiGeGeSiSiSiGeSiGeGeGeGeGeGeGeGeGeSiSiGeSiSiGe
    -3005.7880859375 GeGeGeSiGeSiGeSiGeGeGeSiSiSiGeGeSiGeGeGeGeSiSiGeGeGeGeSiSiGeGeSiGeGeSiGeGeSiGeGeSiSiSiGeSiGeGeGeGeGeGeGeGeGeSiSiGeSiSiGe
    -3005.7880859375 GeGeGeSiGeSiGeSiGeGeGeSiSiSiGeGeSiGeGeGeGeSiSiGeGeGeGeSiSiGeGeSiGeGeSiGeGeSiGeGeSiSiSiGeSiGeGeGeGeGeGeGeGeGeSiSiGeSiSiGe
    -3005.7880859375 GeGeGeSiGeSiGeSiGeGeGeSiSiSiGeGeSiGeGeGeGeSiSiGeGeGeGeSiSiGeGeSiGeGeSiGeGeSiGeGeSiSiSiGeSiGeGeGeGeGeGeGeGeGeSiSiGeSiSiGe
    -3005.7880859375 GeGeGeSiGeSiGeSiGeGeGeSiSiSiGeGeSiGeGeGeGeSiSiGeGeGeGeSiSiGeGeSiGeGeSiGeGeSiGeGeSiSiSiGeSiGeGeGeGeGeGeGeGeGeSiSiGeSiSiGe
    -3005.7880859375 GeGeGeSiGeSiGeSiGeGeGeSiSiSiGeGeSiGeGeGeGeSiSiGeGeGeGeSiSiGeGeSiGeGeSiGeGeSiGeGeSiSiSiGeSiGeGeGeGeGeGeGeGeGeSiSiGeSiSiGe
    -3005.7880859375 GeGeGeSiGeSiGeSiGeGeGeSiSiSiGeGeSiGeGeGeGeSiSiGeGeGeGeSiSiGeGeSiGeGeSiGeGeSiGeGeSiSiSiGeSiGeGeGeGeGeGeGeGeGeSiSiGeSiSiGe
    -3005.7880859375 GeGeGeSiGeSiGeSiGeGeGeSiSiSiGeGeSiGeGeGeGeSiSiGeGeGeGeSiSiGeGeSiGeGeSiGeGeSiGeGeSiSiSiGeSiGeGeGeGeGeGeGeGeGeSiSiGeSiSiGe
    -3005.7880859375 GeGeGeSiGeSiGeSiGeGeGeSiSiSiGeGeSiGeGeGeGeSiSiGeGeGeGeSiSiGeGeSiGeGeSiGeGeSiGeGeSiSiSiGeSiGeGeGeGeGeGeGeGeGeSiSiGeSiSiGe
    -3005.7880859375 GeGeGeSiGeSiGeSiGeGeGeSiSiSiGeGeSiGeGeGeGeSiSiGeGeGeGeSiSiGeGeSiGeGeSiGeGeSiGeGeSiSiSiGeSiGeGeGeGeGeGeGeGeGeSiSiGeSiSiGe
    -3005.7880859375 GeGeGeSiGeSiGeSiGeGeGeSiSiSiGeGeSiGeGeGeGeSiSiGeGeGeGeSiSiGeGeSiGeGeSiGeGeSiGeGeSiSiSiGeSiGeGeGeGeGeGeGeGeGeSiSiGeSiSiGe
    -3005.7880859375 GeGeGeSiGeSiGeSiGeGeGeSiSiSiGeGeSiGeGeGeGeSiSiGeGeGeGeSiSiGeGeSiGeGeSiGeGeSiGeGeSiSiSiGeSiGeGeGeGeGeGeGeGeGeSiSiGeSiSiGe
    -3005.7880859375 GeGeGeSiGeSiGeSiGeGeGeSiSiSiGeGeSiGeGeGeGeSiSiGeGeGeGeSiSiGeGeSiGeGeSiGeGeSiGeGeSiSiSiGeSiGeGeGeGeGeGeGeGeGeSiSiGeSiSiGe
    -3005.7880859375 GeGeGeSiGeSiGeSiGeGeGeSiSiSiGeGeSiGeGeGeGeSiSiGeGeGeGeSiSiGeGeSiGeGeSiGeGeSiGeGeSiSiSiGeSiGeGeGeGeGeGeGeGeGeSiSiGeSiSiGe
    -3005.7880859375 GeGeGeSiGeSiGeSiGeGeGeSiSiSiGeGeSiGeGeGeGeSiSiGeGeGeGeSiSiGeGeSiGeGeSiGeGeSiGeGeSiSiSiGeSiGeGeGeGeGeGeGeGeGeSiSiGeSiSiGe
    -3005.7880859375 GeGeGeSiGeSiGeSiGeGeGeSiSiSiGeGeSiGeGeGeGeSiSiGeGeGeGeSiSiGeGeSiGeGeSiGeGeSiGeGeSiSiSiGeSiGeGeGeGeGeGeGeGeGeSiSiGeSiSiGe
    -3005.7880859375 GeGeGeSiGeSiGeSiGeGeGeSiSiSiGeGeSiGeGeGeGeSiSiGeGeGeGeSiSiGeGeSiGeGeSiGeGeSiGeGeSiSiSiGeSiGeGeGeGeGeGeGeGeGeSiSiGeSiSiGe
    -3005.7880859375 GeGeGeSiGeSiGeSiGeGeGeSiSiSiGeGeSiGeGeGeGeSiSiGeGeGeGeSiSiGeGeSiGeGeSiGeGeSiGeGeSiSiSiGeSiGeGeGeGeGeGeGeGeGeSiSiGeSiSiGe
    -3005.7880859375 GeGeGeSiGeSiGeSiGeGeGeSiSiSiGeGeSiGeGeGeGeSiSiGeGeGeGeSiSiGeGeSiGeGeSiGeGeSiGeGeSiSiSiGeSiGeGeGeGeGeGeGeGeGeSiSiGeSiSiGe
    -3005.7880859375 GeGeGeSiGeSiGeSiGeGeGeSiSiSiGeGeSiGeGeGeGeSiSiGeGeGeGeSiSiGeGeSiGeGeSiGeGeSiGeGeSiSiSiGeSiGeGeGeGeGeGeGeGeGeSiSiGeSiSiGe
    -3005.7880859375 GeGeGeSiGeSiGeSiGeGeGeSiSiSiGeGeSiGeGeGeGeSiSiGeGeGeGeSiSiGeGeSiGeGeSiGeGeSiGeGeSiSiSiGeSiGeGeGeGeGeGeGeGeGeSiSiGeSiSiGe
    -3005.7880859375 GeGeGeSiGeSiGeSiGeGeGeSiSiSiGeGeSiGeGeGeGeSiSiGeGeGeGeSiSiGeGeSiGeGeSiGeGeSiGeGeSiSiSiGeSiGeGeGeGeGeGeGeGeGeSiSiGeSiSiGe
    -3005.7880859375 GeGeGeSiGeSiGeSiGeGeGeSiSiSiGeGeSiGeGeGeGeSiSiGeGeGeGeSiSiGeGeSiGeGeSiGeGeSiGeGeSiSiSiGeSiGeGeGeGeGeGeGeGeGeSiSiGeSiSiGe
    -3005.7880859375 GeGeGeSiGeSiGeSiGeGeGeSiSiSiGeGeSiGeGeGeGeSiSiGeGeGeGeSiSiGeGeSiGeGeSiGeGeSiGeGeSiSiSiGeSiGeGeGeGeGeGeGeGeGeSiSiGeSiSiGe
    -3005.7880859375 GeGeGeSiGeSiGeSiGeGeGeSiSiSiGeGeSiGeGeGeGeSiSiGeGeGeGeSiSiGeGeSiGeGeSiGeGeSiGeGeSiSiSiGeSiGeGeGeGeGeGeGeGeGeSiSiGeSiSiGe
    -3005.7880859375 GeGeGeSiGeSiGeSiGeGeGeSiSiSiGeGeSiGeGeGeGeSiSiGeGeGeGeSiSiGeGeSiGeGeSiGeGeSiGeGeSiSiSiGeSiGeGeGeGeGeGeGeGeGeSiSiGeSiSiGe
    -3005.7880859375 GeGeGeSiGeSiGeSiGeGeGeSiSiSiGeGeSiGeGeGeGeSiSiGeGeGeGeSiSiGeGeSiGeGeSiGeGeSiGeGeSiSiSiGeSiGeGeGeGeGeGeGeGeGeSiSiGeSiSiGe
    -3005.7880859375 GeGeGeSiGeSiGeSiGeGeGeSiSiSiGeGeSiGeGeGeGeSiSiGeGeGeGeSiSiGeGeSiGeGeSiGeGeSiGeGeSiSiSiGeSiGeGeGeGeGeGeGeGeGeSiSiGeSiSiGe
    -3005.7880859375 GeGeGeSiGeSiGeSiGeGeGeSiSiSiGeGeSiGeGeGeGeSiSiGeGeGeGeSiSiGeGeSiGeGeSiGeGeSiGeGeSiSiSiGeSiGeGeGeGeGeGeGeGeGeSiSiGeSiSiGe
    -3005.7880859375 GeGeGeSiGeSiGeSiGeGeGeSiSiSiGeGeSiGeGeGeGeSiSiGeGeGeGeSiSiGeGeSiGeGeSiGeGeSiGeGeSiSiSiGeSiGeGeGeGeGeGeGeGeGeSiSiGeSiSiGe
    -3005.7880859375 GeGeGeSiGeSiGeSiGeGeGeSiSiSiGeGeSiGeGeGeGeSiSiGeGeGeGeSiSiGeGeSiGeGeSiGeGeSiGeGeSiSiSiGeSiGeGeGeGeGeGeGeGeGeSiSiGeSiSiGe
    -3005.7880859375 GeGeGeSiGeSiGeSiGeGeGeSiSiSiGeGeSiGeGeGeGeSiSiGeGeGeGeSiSiGeGeSiGeGeSiGeGeSiGeGeSiSiSiGeSiGeGeGeGeGeGeGeGeGeSiSiGeSiSiGe
    -3005.7880859375 GeGeGeSiGeSiGeSiGeGeGeSiSiSiGeGeSiGeGeGeGeSiSiGeGeGeGeSiSiGeGeSiGeGeSiGeGeSiGeGeSiSiSiGeSiGeGeGeGeGeGeGeGeGeSiSiGeSiSiGe
    -3005.7880859375 GeGeGeSiGeSiGeSiGeGeGeSiSiSiGeGeSiGeGeGeGeSiSiGeGeGeGeSiSiGeGeSiGeGeSiGeGeSiGeGeSiSiSiGeSiGeGeGeGeGeGeGeGeGeSiSiGeSiSiGe
    -3005.7880859375 GeGeGeSiGeSiGeSiGeGeGeSiSiSiGeGeSiGeGeGeGeSiSiGeGeGeGeSiSiGeGeSiGeGeSiGeGeSiGeGeSiSiSiGeSiGeGeGeGeGeGeGeGeGeSiSiGeSiSiGe
    -3005.7880859375 GeGeGeSiGeSiGeSiGeGeGeSiSiSiGeGeSiGeGeGeGeSiSiGeGeGeGeSiSiGeGeSiGeGeSiGeGeSiGeGeSiSiSiGeSiGeGeGeGeGeGeGeGeGeSiSiGeSiSiGe
    -3005.7880859375 GeGeGeSiGeSiGeSiGeGeGeSiSiSiGeGeSiGeGeGeGeSiSiGeGeGeGeSiSiGeGeSiGeGeSiGeGeSiGeGeSiSiSiGeSiGeGeGeGeGeGeGeGeGeSiSiGeSiSiGe
    -3005.7880859375 GeGeGeSiGeSiGeSiGeGeGeSiSiSiGeGeSiGeGeGeGeSiSiGeGeGeGeSiSiGeGeSiGeGeSiGeGeSiGeGeSiSiSiGeSiGeGeGeGeGeGeGeGeGeSiSiGeSiSiGe
    -3005.7880859375 GeGeGeSiGeSiGeSiGeGeGeSiSiSiGeGeSiGeGeGeGeSiSiGeGeGeGeSiSiGeGeSiGeGeSiGeGeSiGeGeSiSiSiGeSiGeGeGeGeGeGeGeGeGeSiSiGeSiSiGe
    -3005.7880859375 GeGeGeSiGeSiGeSiGeGeGeSiSiSiGeGeSiGeGeGeGeSiSiGeGeGeGeSiSiGeGeSiGeGeSiGeGeSiGeGeSiSiSiGeSiGeGeGeGeGeGeGeGeGeSiSiGeSiSiGe
    -3005.7880859375 GeGeGeSiGeSiGeSiGeGeGeSiSiSiGeGeSiGeGeGeGeSiSiGeGeGeGeSiSiGeGeSiGeGeSiGeGeSiGeGeSiSiSiGeSiGeGeGeGeGeGeGeGeGeSiSiGeSiSiGe
    -3005.7880859375 GeGeGeSiGeSiGeSiGeGeGeSiSiSiGeGeSiGeGeGeGeSiSiGeGeGeGeSiSiGeGeSiGeGeSiGeGeSiGeGeSiSiSiGeSiGeGeGeGeGeGeGeGeGeSiSiGeSiSiGe
    -3005.7880859375 GeGeGeSiGeSiGeSiGeGeGeSiSiSiGeGeSiGeGeGeGeSiSiGeGeGeGeSiSiGeGeSiGeGeSiGeGeSiGeGeSiSiSiGeSiGeGeGeGeGeGeGeGeGeSiSiGeSiSiGe
    -3005.7880859375 GeGeGeSiGeSiGeSiGeGeGeSiSiSiGeGeSiGeGeGeGeSiSiGeGeGeGeSiSiGeGeSiGeGeSiGeGeSiGeGeSiSiSiGeSiGeGeGeGeGeGeGeGeGeSiSiGeSiSiGe
    -3005.7880859375 GeGeGeSiGeSiGeSiGeGeGeSiSiSiGeGeSiGeGeGeGeSiSiGeGeGeGeSiSiGeGeSiGeGeSiGeGeSiGeGeSiSiSiGeSiGeGeGeGeGeGeGeGeGeSiSiGeSiSiGe
    -3005.7880859375 GeGeGeSiGeSiGeSiGeGeGeSiSiSiGeGeSiGeGeGeGeSiSiGeGeGeGeSiSiGeGeSiGeGeSiGeGeSiGeGeSiSiSiGeSiGeGeGeGeGeGeGeGeGeSiSiGeSiSiGe
    -3005.7880859375 GeGeGeSiGeSiGeSiGeGeGeSiSiSiGeGeSiGeGeGeGeSiSiGeGeGeGeSiSiGeGeSiGeGeSiGeGeSiGeGeSiSiSiGeSiGeGeGeGeGeGeGeGeGeSiSiGeSiSiGe
    -3005.7880859375 GeGeGeSiGeSiGeSiGeGeGeSiSiSiGeGeSiGeGeGeGeSiSiGeGeGeGeSiSiGeGeSiGeGeSiGeGeSiGeGeSiSiSiGeSiGeGeGeGeGeGeGeGeGeSiSiGeSiSiGe
    -3005.7880859375 GeGeGeSiGeSiGeSiGeGeGeSiSiSiGeGeSiGeGeGeGeSiSiGeGeGeGeSiSiGeGeSiGeGeSiGeGeSiGeGeSiSiSiGeSiGeGeGeGeGeGeGeGeGeSiSiGeSiSiGe
    -3005.7880859375 GeGeGeSiGeSiGeSiGeGeGeSiSiSiGeGeSiGeGeGeGeSiSiGeGeGeGeSiSiGeGeSiGeGeSiGeGeSiGeGeSiSiSiGeSiGeGeGeGeGeGeGeGeGeSiSiGeSiSiGe
    -3005.7880859375 GeGeGeSiGeSiGeSiGeGeGeSiSiSiGeGeSiGeGeGeGeSiSiGeGeGeGeSiSiGeGeSiGeGeSiGeGeSiGeGeSiSiSiGeSiGeGeGeGeGeGeGeGeGeSiSiGeSiSiGe
    -3005.7880859375 GeGeGeSiGeSiGeSiGeGeGeSiSiSiGeGeSiGeGeGeGeSiSiGeGeGeGeSiSiGeGeSiGeGeSiGeGeSiGeGeSiSiSiGeSiGeGeGeGeGeGeGeGeGeSiSiGeSiSiGe
    -3005.7880859375 GeGeGeSiGeSiGeSiGeGeGeSiSiSiGeGeSiGeGeGeGeSiSiGeGeGeGeSiSiGeGeSiGeGeSiGeGeSiGeGeSiSiSiGeSiGeGeGeGeGeGeGeGeGeSiSiGeSiSiGe
    -3005.7880859375 GeGeGeSiGeSiGeSiGeGeGeSiSiSiGeGeSiGeGeGeGeSiSiGeGeGeGeSiSiGeGeSiGeGeSiGeGeSiGeGeSiSiSiGeSiGeGeGeGeGeGeGeGeGeSiSiGeSiSiGe
    -3005.7880859375 GeGeGeSiGeSiGeSiGeGeGeSiSiSiGeGeSiGeGeGeGeSiSiGeGeGeGeSiSiGeGeSiGeGeSiGeGeSiGeGeSiSiSiGeSiGeGeGeGeGeGeGeGeGeSiSiGeSiSiGe
    -3005.7880859375 GeGeGeSiGeSiGeSiGeGeGeSiSiSiGeGeSiGeGeGeGeSiSiGeGeGeGeSiSiGeGeSiGeGeSiGeGeSiGeGeSiSiSiGeSiGeGeGeGeGeGeGeGeGeSiSiGeSiSiGe
    -3005.7880859375 GeGeGeSiGeSiGeSiGeGeGeSiSiSiGeGeSiGeGeGeGeSiSiGeGeGeGeSiSiGeGeSiGeGeSiGeGeSiGeGeSiSiSiGeSiGeGeGeGeGeGeGeGeGeSiSiGeSiSiGe
    -3005.7880859375 GeGeGeSiGeSiGeSiGeGeGeSiSiSiGeGeSiGeGeGeGeSiSiGeGeGeGeSiSiGeGeSiGeGeSiGeGeSiGeGeSiSiSiGeSiGeGeGeGeGeGeGeGeGeSiSiGeSiSiGe
    -3005.7880859375 GeGeGeSiGeSiGeSiGeGeGeSiSiSiGeGeSiGeGeGeGeSiSiGeGeGeGeSiSiGeGeSiGeGeSiGeGeSiGeGeSiSiSiGeSiGeGeGeGeGeGeGeGeGeSiSiGeSiSiGe
    -3005.7880859375 GeGeGeSiGeSiGeSiGeGeGeSiSiSiGeGeSiGeGeGeGeSiSiGeGeGeGeSiSiGeGeSiGeGeSiGeGeSiGeGeSiSiSiGeSiGeGeGeGeGeGeGeGeGeSiSiGeSiSiGe
    -3005.7880859375 GeGeGeSiGeSiGeSiGeGeGeSiSiSiGeGeSiGeGeGeGeSiSiGeGeGeGeSiSiGeGeSiGeGeSiGeGeSiGeGeSiSiSiGeSiGeGeGeGeGeGeGeGeGeSiSiGeSiSiGe
    -3005.7880859375 GeGeGeSiGeSiGeSiGeGeGeSiSiSiGeGeSiGeGeGeGeSiSiGeGeGeGeSiSiGeGeSiGeGeSiGeGeSiGeGeSiSiSiGeSiGeGeGeGeGeGeGeGeGeSiSiGeSiSiGe
    -3005.7880859375 GeGeGeSiGeSiGeSiGeGeGeSiSiSiGeGeSiGeGeGeGeSiSiGeGeGeGeSiSiGeGeSiGeGeSiGeGeSiGeGeSiSiSiGeSiGeGeGeGeGeGeGeGeGeSiSiGeSiSiGe
    -3005.7880859375 GeGeGeSiGeSiGeSiGeGeGeSiSiSiGeGeSiGeGeGeGeSiSiGeGeGeGeSiSiGeGeSiGeGeSiGeGeSiGeGeSiSiSiGeSiGeGeGeGeGeGeGeGeGeSiSiGeSiSiGe
    -3005.7880859375 GeGeGeSiGeSiGeSiGeGeGeSiSiSiGeGeSiGeGeGeGeSiSiGeGeGeGeSiSiGeGeSiGeGeSiGeGeSiGeGeSiSiSiGeSiGeGeGeGeGeGeGeGeGeSiSiGeSiSiGe
    -3005.7880859375 GeGeGeSiGeSiGeSiGeGeGeSiSiSiGeGeSiGeGeGeGeSiSiGeGeGeGeSiSiGeGeSiGeGeSiGeGeSiGeGeSiSiSiGeSiGeGeGeGeGeGeGeGeGeSiSiGeSiSiGe
    -3005.7880859375 GeGeGeSiGeSiGeSiGeGeGeSiSiSiGeGeSiGeGeGeGeSiSiGeGeGeGeSiSiGeGeSiGeGeSiGeGeSiGeGeSiSiSiGeSiGeGeGeGeGeGeGeGeGeSiSiGeSiSiGe
    -3005.7880859375 GeGeGeSiGeSiGeSiGeGeGeSiSiSiGeGeSiGeGeGeGeSiSiGeGeGeGeSiSiGeGeSiGeGeSiGeGeSiGeGeSiSiSiGeSiGeGeGeGeGeGeGeGeGeSiSiGeSiSiGe
    -3005.7880859375 GeGeGeSiGeSiGeSiGeGeGeSiSiSiGeGeSiGeGeGeGeSiSiGeGeGeGeSiSiGeGeSiGeGeSiGeGeSiGeGeSiSiSiGeSiGeGeGeGeGeGeGeGeGeSiSiGeSiSiGe
    -3005.7880859375 GeGeGeSiGeSiGeSiGeGeGeSiSiSiGeGeSiGeGeGeGeSiSiGeGeGeGeSiSiGeGeSiGeGeSiGeGeSiGeGeSiSiSiGeSiGeGeGeGeGeGeGeGeGeSiSiGeSiSiGe
    -3005.7880859375 GeGeGeSiGeSiGeSiGeGeGeSiSiSiGeGeSiGeGeGeGeSiSiGeGeGeGeSiSiGeGeSiGeGeSiGeGeSiGeGeSiSiSiGeSiGeGeGeGeGeGeGeGeGeSiSiGeSiSiGe
    -3005.7880859375 GeGeGeSiGeSiGeSiGeGeGeSiSiSiGeGeSiGeGeGeGeSiSiGeGeGeGeSiSiGeGeSiGeGeSiGeGeSiGeGeSiSiSiGeSiGeGeGeGeGeGeGeGeGeSiSiGeSiSiGe
    -3005.7880859375 GeGeGeSiGeSiGeSiGeGeGeSiSiSiGeGeSiGeGeGeGeSiSiGeGeGeGeSiSiGeGeSiGeGeSiGeGeSiGeGeSiSiSiGeSiGeGeGeGeGeGeGeGeGeSiSiGeSiSiGe
    -3005.7880859375 GeGeGeSiGeSiGeSiGeGeGeSiSiSiGeGeSiGeGeGeGeSiSiGeGeGeGeSiSiGeGeSiGeGeSiGeGeSiGeGeSiSiSiGeSiGeGeGeGeGeGeGeGeGeSiSiGeSiSiGe
    -3005.7880859375 GeGeGeSiGeSiGeSiGeGeGeSiSiSiGeGeSiGeGeGeGeSiSiGeGeGeGeSiSiGeGeSiGeGeSiGeGeSiGeGeSiSiSiGeSiGeGeGeGeGeGeGeGeGeSiSiGeSiSiGe
    -3005.7880859375 GeGeGeSiGeSiGeSiGeGeGeSiSiSiGeGeSiGeGeGeGeSiSiGeGeGeGeSiSiGeGeSiGeGeSiGeGeSiGeGeSiSiSiGeSiGeGeGeGeGeGeGeGeGeSiSiGeSiSiGe
    -3005.7880859375 GeGeGeSiGeSiGeSiGeGeGeSiSiSiGeGeSiGeGeGeGeSiSiGeGeGeGeSiSiGeGeSiGeGeSiGeGeSiGeGeSiSiSiGeSiGeGeGeGeGeGeGeGeGeSiSiGeSiSiGe
    -3005.7880859375 GeGeGeSiGeSiGeSiGeGeGeSiSiSiGeGeSiGeGeGeGeSiSiGeGeGeGeSiSiGeGeSiGeGeSiGeGeSiGeGeSiSiSiGeSiGeGeGeGeGeGeGeGeGeSiSiGeSiSiGe
    -3005.7880859375 GeGeGeSiGeSiGeSiGeGeGeSiSiSiGeGeSiGeGeGeGeSiSiGeGeGeGeSiSiGeGeSiGeGeSiGeGeSiGeGeSiSiSiGeSiGeGeGeGeGeGeGeGeGeSiSiGeSiSiGe
    -3005.7880859375 GeGeGeSiGeSiGeSiGeGeGeSiSiSiGeGeSiGeGeGeGeSiSiGeGeGeGeSiSiGeGeSiGeGeSiGeGeSiGeGeSiSiSiGeSiGeGeGeGeGeGeGeGeGeSiSiGeSiSiGe
    -3005.7880859375 GeGeGeSiGeSiGeSiGeGeGeSiSiSiGeGeSiGeGeGeGeSiSiGeGeGeGeSiSiGeGeSiGeGeSiGeGeSiGeGeSiSiSiGeSiGeGeGeGeGeGeGeGeGeSiSiGeSiSiGe
    -3005.7880859375 GeGeGeSiGeSiGeSiGeGeGeSiSiSiGeGeSiGeGeGeGeSiSiGeGeGeGeSiSiGeGeSiGeGeSiGeGeSiGeGeSiSiSiGeSiGeGeGeGeGeGeGeGeGeSiSiGeSiSiGe
    -3005.7880859375 GeGeGeSiGeSiGeSiGeGeGeSiSiSiGeGeSiGeGeGeGeSiSiGeGeGeGeSiSiGeGeSiGeGeSiGeGeSiGeGeSiSiSiGeSiGeGeGeGeGeGeGeGeGeSiSiGeSiSiGe
    -3005.7880859375 GeGeGeSiGeSiGeSiGeGeGeSiSiSiGeGeSiGeGeGeGeSiSiGeGeGeGeSiSiGeGeSiGeGeSiGeGeSiGeGeSiSiSiGeSiGeGeGeGeGeGeGeGeGeSiSiGeSiSiGe
    -3005.7880859375 GeGeGeSiGeSiGeSiGeGeGeSiSiSiGeGeSiGeGeGeGeSiSiGeGeGeGeSiSiGeGeSiGeGeSiGeGeSiGeGeSiSiSiGeSiGeGeGeGeGeGeGeGeGeSiSiGeSiSiGe
filename: c000001241508609.gin     
Cell:
    11.9020996    11.9020996    29.6919994    90.0000000    90.0000000   120.0000000
Box:
    11.9020996    -5.9510503     0.0000000
     0.0000000    10.3075209     0.0000000
     0.0000000     0.0000000    29.6919994
----------------------------------------
Inverse Box:
     0.0840188     0.0485083     0.0000000
     0.0000000     0.0970165     0.0000000
     0.0000000     0.0000000     0.0336791
----------------------------------------
==============================================
geometrical properties of  38 Ge:
 Configuration:           0
 D_ave:   9.14183044       3.54119611    
 D_min:   3.06275082      0.213367179    
 energia:  -3005.78809    
