Random Seed:   946978487
Number of atoms:    60
Space Group:    1
Cell:
    11.9020996    11.9020996    29.6919994    90.0000000    90.0000000   120.0000000
Box:
    11.9020996    -5.9510503     0.0000000
     0.0000000    10.3075209     0.0000000
     0.0000000     0.0000000    29.6919994
----------------------------------------
Inverse Box:
     0.0840188     0.0485083     0.0000000
     0.0000000     0.0970165     0.0000000
     0.0000000     0.0000000     0.0336791
----------------------------------------
GeSiSiSiSiSiSiSiSiSiSiSiSiSiSiSiSiSiSiSiSiSiSiSiSiSiSiSiSiSiSiSiGeSiSiSiSiSiSiSiSiSiSiSiSiSiSiSiSiSiSiSiSiSiSiSiSiSiSiSi
           1 Ge    -7732.92236    
GeGeSiSiSiSiSiSiSiSiSiSiSiSiSiSiSiSiSiSiSiSiSiSiSiSiSiSiSiSiSiSiGeSiSiSiSiSiSiSiSiSiSiSiSiSiSiSiSiSiSiSiSiSiSiSiSiSiSiSi
           2 Ge    -7727.56201    
GeGeGeSiSiSiSiSiSiSiSiSiSiSiSiSiSiSiSiSiSiSiSiSiSiSiSiSiSiSiSiSiGeSiSiSiSiSiSiSiSiSiSiSiSiSiSiSiSiSiSiSiSiSiSiSiSiSiSiSi
           3 Ge    -7721.04443    
GeGeGeGeSiSiSiSiSiSiSiSiSiSiSiSiSiSiSiSiSiSiSiSiSiSiSiSiSiSiSiSiGeSiSiSiSiSiSiSiSiSiSiSiSiSiSiSiSiSiSiSiSiSiSiSiSiSiSiSi
           4 Ge    -7745.21729    
GeGeGeGeGeSiSiSiSiSiSiSiSiSiSiSiSiSiSiSiSiSiSiSiSiSiSiSiSiSiSiSiGeSiSiSiSiSiSiSiSiSiSiSiSiSiSiSiSiSiSiSiSiSiSiSiSiSiSiSi
           5 Ge    -7788.82910    
GeGeGeGeGeGeSiSiSiSiSiSiSiSiSiSiSiSiSiSiSiSiSiSiSiSiSiSiSiSiSiSiGeSiSiSiSiSiSiSiSiSiSiSiSiSiSiSiSiSiSiSiSiSiSiSiSiSiSiSi
           6 Ge    -7854.91943    
GeGeGeGeGeGeGeSiSiSiSiSiSiSiSiSiSiSiSiSiSiSiSiSiSiSiSiSiSiSiSiSiGeSiSiSiSiSiSiSiSiSiSiSiSiSiSiSiSiSiSiSiSiSiSiSiSiSiSiSi
           7 Ge    -8021.40674    
GeGeGeGeGeGeGeGeSiSiSiSiSiSiSiSiSiSiSiSiSiSiSiSiSiSiSiSiSiSiSiSiGeSiSiSiSiSiSiSiSiSiSiSiSiSiSiSiSiSiSiSiSiSiSiSiSiSiSiSi
           8 Ge    -8222.85352    
GeGeGeGeGeGeGeGeSiSiSiGeSiSiSiSiSiSiSiSiSiSiSiSiSiSiSiSiSiSiSiSiGeSiSiSiSiSiSiSiSiSiSiSiSiSiSiSiSiSiSiSiSiSiSiSiSiSiSiSi
          12 Ge    -8552.27539    
GeGeGeGeGeGeGeGeSiSiSiGeSiGeSiSiSiSiSiSiSiSiSiSiSiSiSiSiSiSiSiSiGeSiSiSiSiSiSiSiSiSiSiSiSiSiSiSiSiSiSiSiSiSiSiSiSiSiSiSi
          14 Ge    -8936.78027    
GeGeGeGeGeGeGeGeSiSiSiGeSiGeSiGeSiSiSiSiSiSiSiSiSiSiSiSiSiSiSiSiGeSiSiSiSiSiSiSiSiSiSiSiSiSiSiSiSiSiSiSiSiSiSiSiSiSiSiSi
          16 Ge    -9377.98438    
GeGeGeGeGeGeGeGeSiSiSiGeSiGeSiGeSiSiSiSiSiSiSiSiSiGeSiSiSiSiSiSiGeSiSiSiSiSiSiSiSiSiSiSiSiSiSiSiSiSiSiSiSiSiSiSiSiSiSiSi
          26 Ge    -9238.56934    
GeGeGeGeGeGeGeGeSiSiSiGeSiGeSiGeSiSiSiSiSiSiSiSiSiGeSiSiSiGeSiSiGeSiSiSiSiSiSiSiSiSiSiSiSiSiSiSiSiSiSiSiSiSiSiSiSiSiSiSi
          30 Ge    -9149.38184    
GeGeGeGeGeGeGeGeSiSiSiGeSiGeSiGeSiSiSiSiSiSiSiSiSiGeSiSiSiGeSiSiGeSiSiGeSiSiSiSiSiSiSiSiSiSiSiSiSiSiSiSiSiSiSiSiSiSiSiSi
          36 Ge    -7894.06055    
GeGeGeGeGeGeGeGeSiSiSiGeSiGeSiGeSiSiSiSiSiSiSiSiSiGeSiSiSiGeSiSiGeSiSiGeSiSiGeSiSiSiSiSiSiSiSiSiSiSiSiSiSiSiSiSiSiSiSiSi
          39 Ge    -8565.34375    
GeGeGeGeGeGeGeGeSiSiSiGeSiGeSiGeSiSiSiSiSiSiSiSiSiGeSiSiSiGeSiSiGeSiSiGeSiSiGeGeSiSiSiSiSiSiSiSiSiSiSiSiSiSiSiSiSiSiSiSi
          40 Ge    -8694.12598    
GeGeGeGeGeGeGeGeSiSiSiGeSiGeSiGeSiSiSiSiSiSiSiSiSiGeSiSiSiGeSiSiGeSiSiGeSiSiGeGeGeSiSiSiSiSiSiSiSiSiSiSiSiSiSiSiSiSiSiSi
          41 Ge    -9475.82617    
GeGeGeGeGeGeGeGeSiSiSiGeSiGeSiGeSiSiSiSiSiSiSiSiSiGeSiSiSiGeSiSiGeSiSiGeSiSiGeGeGeGeSiSiSiSiSiSiSiSiSiSiSiSiSiSiSiSiSiSi
          42 Ge    -8050.49463    
GeGeGeGeGeGeGeGeSiSiSiGeSiGeSiGeSiSiSiSiSiSiSiSiSiGeSiSiSiGeSiSiGeSiSiGeSiSiGeGeGeGeSiSiGeSiSiSiSiSiSiSiSiSiSiSiSiSiSiSi
          45 Ge    -8569.50195    
GeGeGeGeGeGeGeGeSiSiSiGeSiGeSiGeSiSiSiSiSiSiSiSiSiGeSiSiSiGeSiSiGeSiSiGeSiSiGeGeGeGeSiSiGeGeSiSiSiSiSiSiSiSiSiSiSiSiSiSi
          46 Ge    -8874.30957    
GeGeGeGeGeGeGeGeSiSiSiGeSiGeSiGeSiSiSiSiSiSiSiSiSiGeSiSiSiGeSiSiGeSiSiGeSiSiGeGeGeGeSiSiGeGeSiSiSiSiSiSiSiSiSiSiGeSiSiSi
          57 Ge    -10112.7715    
GeGeGeGeGeGeGeGeSiGeSiGeSiGeSiGeSiSiSiSiSiSiSiSiSiGeSiSiSiGeSiSiGeSiSiGeSiSiGeGeGeGeSiSiGeGeSiSiSiSiSiSiSiSiSiSiGeSiSiSi
          10 Ge    -8048.07129    
GeGeGeGeGeGeGeGeSiGeGeGeSiGeSiGeSiSiSiSiSiSiSiSiSiGeSiSiSiGeSiSiGeSiSiGeSiSiGeGeGeGeSiSiGeGeSiSiSiSiSiSiSiSiSiSiGeSiSiSi
          11 Ge    -7774.87646    
GeGeGeGeGeGeGeGeSiGeGeGeGeGeSiGeSiSiSiSiSiSiSiSiSiGeSiSiSiGeSiSiGeSiSiGeSiSiGeGeGeGeSiSiGeGeSiSiSiSiSiSiSiSiSiSiGeSiSiSi
          13 Ge    -6287.58398    
GeGeGeGeGeGeGeGeSiGeGeGeGeGeGeGeSiSiSiSiSiSiSiSiSiGeSiSiSiGeSiSiGeSiSiGeSiSiGeGeGeGeSiSiGeGeSiSiSiSiSiSiSiSiSiSiGeSiSiSi
          15 Ge    -4048.12451    
GeGeGeGeGeGeGeGeSiGeGeGeGeGeGeGeSiGeSiSiSiSiSiSiSiGeSiSiSiGeSiSiGeSiSiGeSiSiGeGeGeGeSiSiGeGeSiSiSiSiSiSiSiSiSiSiGeSiSiSi
          18 Ge    -716.418945    
GeGeGeGeGeGeGeGeSiGeGeGeGeGeGeGeSiGeSiSiSiSiGeSiSiGeSiSiSiGeSiSiGeSiSiGeSiSiGeGeGeGeSiSiGeGeSiSiSiSiSiSiSiSiSiSiGeSiSiSi
          23 Ge     3686.19141    
GeGeGeGeGeGeGeGeSiGeGeGeGeGeGeGeSiGeSiSiSiSiGeGeSiGeSiSiSiGeSiSiGeSiSiGeSiSiGeGeGeGeSiSiGeGeSiSiSiSiSiSiSiSiSiSiGeSiSiSi
          24 Ge     10564.3965    
GeGeGeGeGeGeGeGeSiGeGeGeGeGeGeGeSiGeSiSiSiSiGeGeSiGeSiGeSiGeSiSiGeSiSiGeSiSiGeGeGeGeSiSiGeGeSiSiSiSiSiSiSiSiSiSiGeSiSiSi
          28 Ge     13814.1016    
GeGeGeGeGeGeGeGeSiGeGeGeGeGeGeGeSiGeSiSiSiSiGeGeSiGeSiGeSiGeSiSiGeSiSiGeSiSiGeGeGeGeSiGeGeGeSiSiSiSiSiSiSiSiSiSiGeSiSiSi
          44 Ge     15663.7051    
GeGeGeGeGeGeGeGeSiGeGeGeGeGeGeGeSiGeSiSiSiSiGeGeSiGeSiGeSiGeSiSiGeSiSiGeSiSiGeGeGeGeSiGeGeGeSiSiSiSiGeSiSiSiSiSiGeSiSiSi
          51 Ge     15743.6035    
GeGeGeGeGeGeGeGeSiGeGeGeGeGeGeGeSiGeSiSiSiSiGeGeSiGeSiGeSiGeSiSiGeSiSiGeSiSiGeGeGeGeSiGeGeGeSiSiSiSiGeSiSiSiSiSiGeGeSiSi
          58 Ge     19281.3652    
GeGeGeGeGeGeGeGeGeGeGeGeGeGeGeGeSiGeSiSiSiSiGeGeSiGeSiGeSiGeSiSiGeSiSiGeSiSiGeGeGeGeSiGeGeGeSiSiSiSiGeSiSiSiSiSiGeGeSiSi
           9 Ge     22980.3848    
GeGeGeGeGeGeGeGeGeGeGeGeGeGeGeGeGeGeSiSiSiSiGeGeSiGeSiGeSiGeSiSiGeSiSiGeSiSiGeGeGeGeSiGeGeGeSiSiSiSiGeSiSiSiSiSiGeGeSiSi
          17 Ge     32624.2285    
GeGeGeGeGeGeGeGeGeGeGeGeGeGeGeGeGeGeSiSiGeSiGeGeSiGeSiGeSiGeSiSiGeSiSiGeSiSiGeGeGeGeSiGeGeGeSiSiSiSiGeSiSiSiSiSiGeGeSiSi
          21 Ge     45327.3594    
GeGeGeGeGeGeGeGeGeGeGeGeGeGeGeGeGeGeSiSiGeGeGeGeSiGeSiGeSiGeSiSiGeSiSiGeSiSiGeGeGeGeSiGeGeGeSiSiSiSiGeSiSiSiSiSiGeGeSiSi
          22 Ge     57177.9453    
GeGeGeGeGeGeGeGeGeGeGeGeGeGeGeGeGeGeSiSiGeGeGeGeSiGeSiGeSiGeGeSiGeSiSiGeSiSiGeGeGeGeSiGeGeGeSiSiSiSiGeSiSiSiSiSiGeGeSiSi
          31 Ge     62180.6328    
==============================================
MonteCarlo: Metropolis with identity changes
Si > Ge, Ge > Si. STOP when occurrence <    0.00000
==============================================
Cost_function     Occurrence %     Scan-Cost
     7477.4458007812 GeGeGeSiSiSiGeGeSiSiSiGeSiSiGeGeGeSiSiSiGeGeGeGeGeGeGeGeGeSiGeGeGeGeGeGeGeSiGeSiGeSiGeGeSiGeGeGeGeGeSiGeSiGeSiSiSiGeGeSi
     4785.0639648438 GeGeGeSiSiSiGeGeSiSiSiGeSiSiGeGeGeGeSiSiGeGeSiGeGeGeGeGeGeSiGeGeGeGeGeGeGeSiGeSiGeSiGeGeSiGeGeGeGeGeSiGeSiGeSiSiSiGeGeSi
     4785.0639648438 GeGeGeSiSiSiGeGeSiSiSiGeSiSiGeGeGeGeSiSiGeGeSiGeGeGeGeGeGeSiGeGeGeGeGeGeGeSiGeSiGeSiGeGeSiGeGeGeGeGeSiGeSiGeSiSiSiGeGeSi
     -948.3671875000 GeGeGeGeSiGeGeGeSiSiSiGeSiSiGeGeGeGeSiSiGeGeSiGeGeSiGeGeGeSiGeSiGeGeGeGeGeSiGeGeGeSiSiGeSiGeGeSiGeGeGeGeSiGeSiSiSiGeSiGe
     -948.3671875000 GeGeGeGeSiGeGeGeSiSiSiGeSiSiGeGeGeGeSiSiGeGeSiGeGeSiGeGeGeSiGeSiGeGeGeGeGeSiGeGeGeSiSiGeSiGeGeSiGeGeGeGeSiGeSiSiSiGeSiGe
     -948.3671875000 GeGeGeGeSiGeGeGeSiSiSiGeSiSiGeGeGeGeSiSiGeGeSiGeGeSiGeGeGeSiGeSiGeGeGeGeGeSiGeGeGeSiSiGeSiGeGeSiGeGeGeGeSiGeSiSiSiGeSiGe
     -948.3671875000 GeGeGeGeSiGeGeGeSiSiSiGeSiSiGeGeGeGeSiSiGeGeSiGeGeSiGeGeGeSiGeSiGeGeGeGeGeSiGeGeGeSiSiGeSiGeGeSiGeGeGeGeSiGeSiSiSiGeSiGe
     -948.3671875000 GeGeGeGeSiGeGeGeSiSiSiGeSiSiGeGeGeGeSiSiGeGeSiGeGeSiGeGeGeSiGeSiGeGeGeGeGeSiGeGeGeSiSiGeSiGeGeSiGeGeGeGeSiGeSiSiSiGeSiGe
     -948.3671875000 GeGeGeGeSiGeGeGeSiSiSiGeSiSiGeGeGeGeSiSiGeGeSiGeGeSiGeGeGeSiGeSiGeGeGeGeGeSiGeGeGeSiSiGeSiGeGeSiGeGeGeGeSiGeSiSiSiGeSiGe
    -5947.3623046875 GeGeGeGeSiGeGeGeSiSiSiGeSiSiGeGeGeGeSiSiGeGeSiGeGeSiGeSiGeSiGeSiGeGeGeGeGeSiGeGeGeSiGeGeSiGeGeSiGeGeGeGeSiGeSiSiSiGeSiGe
    -8928.7392578125 GeGeGeGeSiGeGeGeSiSiSiGeSiSiGeGeGeGeSiSiGeGeSiGeGeSiGeSiSiSiGeSiGeGeGeGeGeSiGeGeGeSiGeGeGeGeGeSiGeGeGeGeSiGeSiSiSiGeSiGe
    -8928.7392578125 GeGeGeGeSiGeGeGeSiSiSiGeSiSiGeGeGeGeSiSiGeGeSiGeGeSiGeSiSiSiGeSiGeGeGeGeGeSiGeGeGeSiGeGeGeGeGeSiGeGeGeGeSiGeSiSiSiGeSiGe
    -8928.7392578125 GeGeGeGeSiGeGeGeSiSiSiGeSiSiGeGeGeGeSiSiGeGeSiGeGeSiGeSiSiSiGeSiGeGeGeGeGeSiGeGeGeSiGeGeGeGeGeSiGeGeGeGeSiGeSiSiSiGeSiGe
    -8928.7392578125 GeGeGeGeSiGeGeGeSiSiSiGeSiSiGeGeGeGeSiSiGeGeSiGeGeSiGeSiSiSiGeSiGeGeGeGeGeSiGeGeGeSiGeGeGeGeGeSiGeGeGeGeSiGeSiSiSiGeSiGe
    -8928.7392578125 GeGeGeGeSiGeGeGeSiSiSiGeSiSiGeGeGeGeSiSiGeGeSiGeGeSiGeSiSiSiGeSiGeGeGeGeGeSiGeGeGeSiGeGeGeGeGeSiGeGeGeGeSiGeSiSiSiGeSiGe
    -8928.7392578125 GeGeGeGeSiGeGeGeSiSiSiGeSiSiGeGeGeGeSiSiGeGeSiGeGeSiGeSiSiSiGeSiGeGeGeGeGeSiGeGeGeSiGeGeGeGeGeSiGeGeGeGeSiGeSiSiSiGeSiGe
    -8928.7392578125 GeGeGeGeSiGeGeGeSiSiSiGeSiSiGeGeGeGeSiSiGeGeSiGeGeSiGeSiSiSiGeSiGeGeGeGeGeSiGeGeGeSiGeGeGeGeGeSiGeGeGeGeSiGeSiSiSiGeSiGe
    -8928.7392578125 GeGeGeGeSiGeGeGeSiSiSiGeSiSiGeGeGeGeSiSiGeGeSiGeGeSiGeSiSiSiGeSiGeGeGeGeGeSiGeGeGeSiGeGeGeGeGeSiGeGeGeGeSiGeSiSiSiGeSiGe
   -11002.2568359375 GeGeGeGeSiGeGeGeSiSiSiGeSiSiGeGeGeGeSiSiGeGeSiGeGeSiSiSiSiSiGeSiGeGeGeGeGeGeGeGeGeSiGeGeGeGeGeSiGeGeGeGeSiGeSiSiSiGeSiGe
   -11002.2568359375 GeGeGeGeSiGeGeGeSiSiSiGeSiSiGeGeGeGeSiSiGeGeSiGeGeSiSiSiSiSiGeSiGeGeGeGeGeGeGeGeGeSiGeGeGeGeGeSiGeGeGeGeSiGeSiSiSiGeSiGe
   -11002.2568359375 GeGeGeGeSiGeGeGeSiSiSiGeSiSiGeGeGeGeSiSiGeGeSiGeGeSiSiSiSiSiGeSiGeGeGeGeGeGeGeGeGeSiGeGeGeGeGeSiGeGeGeGeSiGeSiSiSiGeSiGe
   -11002.2568359375 GeGeGeGeSiGeGeGeSiSiSiGeSiSiGeGeGeGeSiSiGeGeSiGeGeSiSiSiSiSiGeSiGeGeGeGeGeGeGeGeGeSiGeGeGeGeGeSiGeGeGeGeSiGeSiSiSiGeSiGe
   -11002.2568359375 GeGeGeGeSiGeGeGeSiSiSiGeSiSiGeGeGeGeSiSiGeGeSiGeGeSiSiSiSiSiGeSiGeGeGeGeGeGeGeGeGeSiGeGeGeGeGeSiGeGeGeGeSiGeSiSiSiGeSiGe
   -11002.2568359375 GeGeGeGeSiGeGeGeSiSiSiGeSiSiGeGeGeGeSiSiGeGeSiGeGeSiSiSiSiSiGeSiGeGeGeGeGeGeGeGeGeSiGeGeGeGeGeSiGeGeGeGeSiGeSiSiSiGeSiGe
   -11002.2568359375 GeGeGeGeSiGeGeGeSiSiSiGeSiSiGeGeGeGeSiSiGeGeSiGeGeSiSiSiSiSiGeSiGeGeGeGeGeGeGeGeGeSiGeGeGeGeGeSiGeGeGeGeSiGeSiSiSiGeSiGe
   -11002.2568359375 GeGeGeGeSiGeGeGeSiSiSiGeSiSiGeGeGeGeSiSiGeGeSiGeGeSiSiSiSiSiGeSiGeGeGeGeGeGeGeGeGeSiGeGeGeGeGeSiGeGeGeGeSiGeSiSiSiGeSiGe
   -11002.2568359375 GeGeGeGeSiGeGeGeSiSiSiGeSiSiGeGeGeGeSiSiGeGeSiGeGeSiSiSiSiSiGeSiGeGeGeGeGeGeGeGeGeSiGeGeGeGeGeSiGeGeGeGeSiGeSiSiSiGeSiGe
   -11002.2568359375 GeGeGeGeSiGeGeGeSiSiSiGeSiSiGeGeGeGeSiSiGeGeSiGeGeSiSiSiSiSiGeSiGeGeGeGeGeGeGeGeGeSiGeGeGeGeGeSiGeGeGeGeSiGeSiSiSiGeSiGe
   -11002.2568359375 GeGeGeGeSiGeGeGeSiSiSiGeSiSiGeGeGeGeSiSiGeGeSiGeGeSiSiSiSiSiGeSiGeGeGeGeGeGeGeGeGeSiGeGeGeGeGeSiGeGeGeGeSiGeSiSiSiGeSiGe
   -11002.2568359375 GeGeGeGeSiGeGeGeSiSiSiGeSiSiGeGeGeGeSiSiGeGeSiGeGeSiSiSiSiSiGeSiGeGeGeGeGeGeGeGeGeSiGeGeGeGeGeSiGeGeGeGeSiGeSiSiSiGeSiGe
   -11002.2568359375 GeGeGeGeSiGeGeGeSiSiSiGeSiSiGeGeGeGeSiSiGeGeSiGeGeSiSiSiSiSiGeSiGeGeGeGeGeGeGeGeGeSiGeGeGeGeGeSiGeGeGeGeSiGeSiSiSiGeSiGe
   -11002.2568359375 GeGeGeGeSiGeGeGeSiSiSiGeSiSiGeGeGeGeSiSiGeGeSiGeGeSiSiSiSiSiGeSiGeGeGeGeGeGeGeGeGeSiGeGeGeGeGeSiGeGeGeGeSiGeSiSiSiGeSiGe
   -11002.2568359375 GeGeGeGeSiGeGeGeSiSiSiGeSiSiGeGeGeGeSiSiGeGeSiGeGeSiSiSiSiSiGeSiGeGeGeGeGeGeGeGeGeSiGeGeGeGeGeSiGeGeGeGeSiGeSiSiSiGeSiGe
   -11002.2568359375 GeGeGeGeSiGeGeGeSiSiSiGeSiSiGeGeGeGeSiSiGeGeSiGeGeSiSiSiSiSiGeSiGeGeGeGeGeGeGeGeGeSiGeGeGeGeGeSiGeGeGeGeSiGeSiSiSiGeSiGe
   -11002.2568359375 GeGeGeGeSiGeGeGeSiSiSiGeSiSiGeGeGeGeSiSiGeGeSiGeGeSiSiSiSiSiGeSiGeGeGeGeGeGeGeGeGeSiGeGeGeGeGeSiGeGeGeGeSiGeSiSiSiGeSiGe
   -11002.2568359375 GeGeGeGeSiGeGeGeSiSiSiGeSiSiGeGeGeGeSiSiGeGeSiGeGeSiSiSiSiSiGeSiGeGeGeGeGeGeGeGeGeSiGeGeGeGeGeSiGeGeGeGeSiGeSiSiSiGeSiGe
   -11002.2568359375 GeGeGeGeSiGeGeGeSiSiSiGeSiSiGeGeGeGeSiSiGeGeSiGeGeSiSiSiSiSiGeSiGeGeGeGeGeGeGeGeGeSiGeGeGeGeGeSiGeGeGeGeSiGeSiSiSiGeSiGe
   -11002.2568359375 GeGeGeGeSiGeGeGeSiSiSiGeSiSiGeGeGeGeSiSiGeGeSiGeGeSiSiSiSiSiGeSiGeGeGeGeGeGeGeGeGeSiGeGeGeGeGeSiGeGeGeGeSiGeSiSiSiGeSiGe
   -11002.2568359375 GeGeGeGeSiGeGeGeSiSiSiGeSiSiGeGeGeGeSiSiGeGeSiGeGeSiSiSiSiSiGeSiGeGeGeGeGeGeGeGeGeSiGeGeGeGeGeSiGeGeGeGeSiGeSiSiSiGeSiGe
   -11002.2568359375 GeGeGeGeSiGeGeGeSiSiSiGeSiSiGeGeGeGeSiSiGeGeSiGeGeSiSiSiSiSiGeSiGeGeGeGeGeGeGeGeGeSiGeGeGeGeGeSiGeGeGeGeSiGeSiSiSiGeSiGe
   -11002.2568359375 GeGeGeGeSiGeGeGeSiSiSiGeSiSiGeGeGeGeSiSiGeGeSiGeGeSiSiSiSiSiGeSiGeGeGeGeGeGeGeGeGeSiGeGeGeGeGeSiGeGeGeGeSiGeSiSiSiGeSiGe
   -11002.2568359375 GeGeGeGeSiGeGeGeSiSiSiGeSiSiGeGeGeGeSiSiGeGeSiGeGeSiSiSiSiSiGeSiGeGeGeGeGeGeGeGeGeSiGeGeGeGeGeSiGeGeGeGeSiGeSiSiSiGeSiGe
   -11002.2568359375 GeGeGeGeSiGeGeGeSiSiSiGeSiSiGeGeGeGeSiSiGeGeSiGeGeSiSiSiSiSiGeSiGeGeGeGeGeGeGeGeGeSiGeGeGeGeGeSiGeGeGeGeSiGeSiSiSiGeSiGe
   -11002.2568359375 GeGeGeGeSiGeGeGeSiSiSiGeSiSiGeGeGeGeSiSiGeGeSiGeGeSiSiSiSiSiGeSiGeGeGeGeGeGeGeGeGeSiGeGeGeGeGeSiGeGeGeGeSiGeSiSiSiGeSiGe
   -11002.2568359375 GeGeGeGeSiGeGeGeSiSiSiGeSiSiGeGeGeGeSiSiGeGeSiGeGeSiSiSiSiSiGeSiGeGeGeGeGeGeGeGeGeSiGeGeGeGeGeSiGeGeGeGeSiGeSiSiSiGeSiGe
   -11002.2568359375 GeGeGeGeSiGeGeGeSiSiSiGeSiSiGeGeGeGeSiSiGeGeSiGeGeSiSiSiSiSiGeSiGeGeGeGeGeGeGeGeGeSiGeGeGeGeGeSiGeGeGeGeSiGeSiSiSiGeSiGe
   -11002.2568359375 GeGeGeGeSiGeGeGeSiSiSiGeSiSiGeGeGeGeSiSiGeGeSiGeGeSiSiSiSiSiGeSiGeGeGeGeGeGeGeGeGeSiGeGeGeGeGeSiGeGeGeGeSiGeSiSiSiGeSiGe
   -11002.2568359375 GeGeGeGeSiGeGeGeSiSiSiGeSiSiGeGeGeGeSiSiGeGeSiGeGeSiSiSiSiSiGeSiGeGeGeGeGeGeGeGeGeSiGeGeGeGeGeSiGeGeGeGeSiGeSiSiSiGeSiGe
   -11002.2568359375 GeGeGeGeSiGeGeGeSiSiSiGeSiSiGeGeGeGeSiSiGeGeSiGeGeSiSiSiSiSiGeSiGeGeGeGeGeGeGeGeGeSiGeGeGeGeGeSiGeGeGeGeSiGeSiSiSiGeSiGe
   -11002.2568359375 GeGeGeGeSiGeGeGeSiSiSiGeSiSiGeGeGeGeSiSiGeGeSiGeGeSiSiSiSiSiGeSiGeGeGeGeGeGeGeGeGeSiGeGeGeGeGeSiGeGeGeGeSiGeSiSiSiGeSiGe
   -11002.2568359375 GeGeGeGeSiGeGeGeSiSiSiGeSiSiGeGeGeGeSiSiGeGeSiGeGeSiSiSiSiSiGeSiGeGeGeGeGeGeGeGeGeSiGeGeGeGeGeSiGeGeGeGeSiGeSiSiSiGeSiGe
   -11002.2568359375 GeGeGeGeSiGeGeGeSiSiSiGeSiSiGeGeGeGeSiSiGeGeSiGeGeSiSiSiSiSiGeSiGeGeGeGeGeGeGeGeGeSiGeGeGeGeGeSiGeGeGeGeSiGeSiSiSiGeSiGe
   -11002.2568359375 GeGeGeGeSiGeGeGeSiSiSiGeSiSiGeGeGeGeSiSiGeGeSiGeGeSiSiSiSiSiGeSiGeGeGeGeGeGeGeGeGeSiGeGeGeGeGeSiGeGeGeGeSiGeSiSiSiGeSiGe
   -11002.2568359375 GeGeGeGeSiGeGeGeSiSiSiGeSiSiGeGeGeGeSiSiGeGeSiGeGeSiSiSiSiSiGeSiGeGeGeGeGeGeGeGeGeSiGeGeGeGeGeSiGeGeGeGeSiGeSiSiSiGeSiGe
   -11002.2568359375 GeGeGeGeSiGeGeGeSiSiSiGeSiSiGeGeGeGeSiSiGeGeSiGeGeSiSiSiSiSiGeSiGeGeGeGeGeGeGeGeGeSiGeGeGeGeGeSiGeGeGeGeSiGeSiSiSiGeSiGe
   -11002.2568359375 GeGeGeGeSiGeGeGeSiSiSiGeSiSiGeGeGeGeSiSiGeGeSiGeGeSiSiSiSiSiGeSiGeGeGeGeGeGeGeGeGeSiGeGeGeGeGeSiGeGeGeGeSiGeSiSiSiGeSiGe
   -11002.2568359375 GeGeGeGeSiGeGeGeSiSiSiGeSiSiGeGeGeGeSiSiGeGeSiGeGeSiSiSiSiSiGeSiGeGeGeGeGeGeGeGeGeSiGeGeGeGeGeSiGeGeGeGeSiGeSiSiSiGeSiGe
   -11002.2568359375 GeGeGeGeSiGeGeGeSiSiSiGeSiSiGeGeGeGeSiSiGeGeSiGeGeSiSiSiSiSiGeSiGeGeGeGeGeGeGeGeGeSiGeGeGeGeGeSiGeGeGeGeSiGeSiSiSiGeSiGe
   -11002.2568359375 GeGeGeGeSiGeGeGeSiSiSiGeSiSiGeGeGeGeSiSiGeGeSiGeGeSiSiSiSiSiGeSiGeGeGeGeGeGeGeGeGeSiGeGeGeGeGeSiGeGeGeGeSiGeSiSiSiGeSiGe
   -11002.2568359375 GeGeGeGeSiGeGeGeSiSiSiGeSiSiGeGeGeGeSiSiGeGeSiGeGeSiSiSiSiSiGeSiGeGeGeGeGeGeGeGeGeSiGeGeGeGeGeSiGeGeGeGeSiGeSiSiSiGeSiGe
   -11002.2568359375 GeGeGeGeSiGeGeGeSiSiSiGeSiSiGeGeGeGeSiSiGeGeSiGeGeSiSiSiSiSiGeSiGeGeGeGeGeGeGeGeGeSiGeGeGeGeGeSiGeGeGeGeSiGeSiSiSiGeSiGe
   -11002.2568359375 GeGeGeGeSiGeGeGeSiSiSiGeSiSiGeGeGeGeSiSiGeGeSiGeGeSiSiSiSiSiGeSiGeGeGeGeGeGeGeGeGeSiGeGeGeGeGeSiGeGeGeGeSiGeSiSiSiGeSiGe
   -11002.2568359375 GeGeGeGeSiGeGeGeSiSiSiGeSiSiGeGeGeGeSiSiGeGeSiGeGeSiSiSiSiSiGeSiGeGeGeGeGeGeGeGeGeSiGeGeGeGeGeSiGeGeGeGeSiGeSiSiSiGeSiGe
   -11002.2568359375 GeGeGeGeSiGeGeGeSiSiSiGeSiSiGeGeGeGeSiSiGeGeSiGeGeSiSiSiSiSiGeSiGeGeGeGeGeGeGeGeGeSiGeGeGeGeGeSiGeGeGeGeSiGeSiSiSiGeSiGe
   -11002.2568359375 GeGeGeGeSiGeGeGeSiSiSiGeSiSiGeGeGeGeSiSiGeGeSiGeGeSiSiSiSiSiGeSiGeGeGeGeGeGeGeGeGeSiGeGeGeGeGeSiGeGeGeGeSiGeSiSiSiGeSiGe
   -11002.2568359375 GeGeGeGeSiGeGeGeSiSiSiGeSiSiGeGeGeGeSiSiGeGeSiGeGeSiSiSiSiSiGeSiGeGeGeGeGeGeGeGeGeSiGeGeGeGeGeSiGeGeGeGeSiGeSiSiSiGeSiGe
   -11002.2568359375 GeGeGeGeSiGeGeGeSiSiSiGeSiSiGeGeGeGeSiSiGeGeSiGeGeSiSiSiSiSiGeSiGeGeGeGeGeGeGeGeGeSiGeGeGeGeGeSiGeGeGeGeSiGeSiSiSiGeSiGe
   -11002.2568359375 GeGeGeGeSiGeGeGeSiSiSiGeSiSiGeGeGeGeSiSiGeGeSiGeGeSiSiSiSiSiGeSiGeGeGeGeGeGeGeGeGeSiGeGeGeGeGeSiGeGeGeGeSiGeSiSiSiGeSiGe
   -11002.2568359375 GeGeGeGeSiGeGeGeSiSiSiGeSiSiGeGeGeGeSiSiGeGeSiGeGeSiSiSiSiSiGeSiGeGeGeGeGeGeGeGeGeSiGeGeGeGeGeSiGeGeGeGeSiGeSiSiSiGeSiGe
   -11002.2568359375 GeGeGeGeSiGeGeGeSiSiSiGeSiSiGeGeGeGeSiSiGeGeSiGeGeSiSiSiSiSiGeSiGeGeGeGeGeGeGeGeGeSiGeGeGeGeGeSiGeGeGeGeSiGeSiSiSiGeSiGe
   -11002.2568359375 GeGeGeGeSiGeGeGeSiSiSiGeSiSiGeGeGeGeSiSiGeGeSiGeGeSiSiSiSiSiGeSiGeGeGeGeGeGeGeGeGeSiGeGeGeGeGeSiGeGeGeGeSiGeSiSiSiGeSiGe
   -11002.2568359375 GeGeGeGeSiGeGeGeSiSiSiGeSiSiGeGeGeGeSiSiGeGeSiGeGeSiSiSiSiSiGeSiGeGeGeGeGeGeGeGeGeSiGeGeGeGeGeSiGeGeGeGeSiGeSiSiSiGeSiGe
   -11002.2568359375 GeGeGeGeSiGeGeGeSiSiSiGeSiSiGeGeGeGeSiSiGeGeSiGeGeSiSiSiSiSiGeSiGeGeGeGeGeGeGeGeGeSiGeGeGeGeGeSiGeGeGeGeSiGeSiSiSiGeSiGe
   -11002.2568359375 GeGeGeGeSiGeGeGeSiSiSiGeSiSiGeGeGeGeSiSiGeGeSiGeGeSiSiSiSiSiGeSiGeGeGeGeGeGeGeGeGeSiGeGeGeGeGeSiGeGeGeGeSiGeSiSiSiGeSiGe
   -11002.2568359375 GeGeGeGeSiGeGeGeSiSiSiGeSiSiGeGeGeGeSiSiGeGeSiGeGeSiSiSiSiSiGeSiGeGeGeGeGeGeGeGeGeSiGeGeGeGeGeSiGeGeGeGeSiGeSiSiSiGeSiGe
   -11002.2568359375 GeGeGeGeSiGeGeGeSiSiSiGeSiSiGeGeGeGeSiSiGeGeSiGeGeSiSiSiSiSiGeSiGeGeGeGeGeGeGeGeGeSiGeGeGeGeGeSiGeGeGeGeSiGeSiSiSiGeSiGe
   -11002.2568359375 GeGeGeGeSiGeGeGeSiSiSiGeSiSiGeGeGeGeSiSiGeGeSiGeGeSiSiSiSiSiGeSiGeGeGeGeGeGeGeGeGeSiGeGeGeGeGeSiGeGeGeGeSiGeSiSiSiGeSiGe
   -11002.2568359375 GeGeGeGeSiGeGeGeSiSiSiGeSiSiGeGeGeGeSiSiGeGeSiGeGeSiSiSiSiSiGeSiGeGeGeGeGeGeGeGeGeSiGeGeGeGeGeSiGeGeGeGeSiGeSiSiSiGeSiGe
   -11002.2568359375 GeGeGeGeSiGeGeGeSiSiSiGeSiSiGeGeGeGeSiSiGeGeSiGeGeSiSiSiSiSiGeSiGeGeGeGeGeGeGeGeGeSiGeGeGeGeGeSiGeGeGeGeSiGeSiSiSiGeSiGe
   -11002.2568359375 GeGeGeGeSiGeGeGeSiSiSiGeSiSiGeGeGeGeSiSiGeGeSiGeGeSiSiSiSiSiGeSiGeGeGeGeGeGeGeGeGeSiGeGeGeGeGeSiGeGeGeGeSiGeSiSiSiGeSiGe
   -11002.2568359375 GeGeGeGeSiGeGeGeSiSiSiGeSiSiGeGeGeGeSiSiGeGeSiGeGeSiSiSiSiSiGeSiGeGeGeGeGeGeGeGeGeSiGeGeGeGeGeSiGeGeGeGeSiGeSiSiSiGeSiGe
   -11002.2568359375 GeGeGeGeSiGeGeGeSiSiSiGeSiSiGeGeGeGeSiSiGeGeSiGeGeSiSiSiSiSiGeSiGeGeGeGeGeGeGeGeGeSiGeGeGeGeGeSiGeGeGeGeSiGeSiSiSiGeSiGe
   -11002.2568359375 GeGeGeGeSiGeGeGeSiSiSiGeSiSiGeGeGeGeSiSiGeGeSiGeGeSiSiSiSiSiGeSiGeGeGeGeGeGeGeGeGeSiGeGeGeGeGeSiGeGeGeGeSiGeSiSiSiGeSiGe
   -11002.2568359375 GeGeGeGeSiGeGeGeSiSiSiGeSiSiGeGeGeGeSiSiGeGeSiGeGeSiSiSiSiSiGeSiGeGeGeGeGeGeGeGeGeSiGeGeGeGeGeSiGeGeGeGeSiGeSiSiSiGeSiGe
   -11002.2568359375 GeGeGeGeSiGeGeGeSiSiSiGeSiSiGeGeGeGeSiSiGeGeSiGeGeSiSiSiSiSiGeSiGeGeGeGeGeGeGeGeGeSiGeGeGeGeGeSiGeGeGeGeSiGeSiSiSiGeSiGe
   -11002.2568359375 GeGeGeGeSiGeGeGeSiSiSiGeSiSiGeGeGeGeSiSiGeGeSiGeGeSiSiSiSiSiGeSiGeGeGeGeGeGeGeGeGeSiGeGeGeGeGeSiGeGeGeGeSiGeSiSiSiGeSiGe
   -11002.2568359375 GeGeGeGeSiGeGeGeSiSiSiGeSiSiGeGeGeGeSiSiGeGeSiGeGeSiSiSiSiSiGeSiGeGeGeGeGeGeGeGeGeSiGeGeGeGeGeSiGeGeGeGeSiGeSiSiSiGeSiGe
   -11002.2568359375 GeGeGeGeSiGeGeGeSiSiSiGeSiSiGeGeGeGeSiSiGeGeSiGeGeSiSiSiSiSiGeSiGeGeGeGeGeGeGeGeGeSiGeGeGeGeGeSiGeGeGeGeSiGeSiSiSiGeSiGe
   -11002.2568359375 GeGeGeGeSiGeGeGeSiSiSiGeSiSiGeGeGeGeSiSiGeGeSiGeGeSiSiSiSiSiGeSiGeGeGeGeGeGeGeGeGeSiGeGeGeGeGeSiGeGeGeGeSiGeSiSiSiGeSiGe
   -11002.2568359375 GeGeGeGeSiGeGeGeSiSiSiGeSiSiGeGeGeGeSiSiGeGeSiGeGeSiSiSiSiSiGeSiGeGeGeGeGeGeGeGeGeSiGeGeGeGeGeSiGeGeGeGeSiGeSiSiSiGeSiGe
   -11002.2568359375 GeGeGeGeSiGeGeGeSiSiSiGeSiSiGeGeGeGeSiSiGeGeSiGeGeSiSiSiSiSiGeSiGeGeGeGeGeGeGeGeGeSiGeGeGeGeGeSiGeGeGeGeSiGeSiSiSiGeSiGe
   -11002.2568359375 GeGeGeGeSiGeGeGeSiSiSiGeSiSiGeGeGeGeSiSiGeGeSiGeGeSiSiSiSiSiGeSiGeGeGeGeGeGeGeGeGeSiGeGeGeGeGeSiGeGeGeGeSiGeSiSiSiGeSiGe
   -11002.2568359375 GeGeGeGeSiGeGeGeSiSiSiGeSiSiGeGeGeGeSiSiGeGeSiGeGeSiSiSiSiSiGeSiGeGeGeGeGeGeGeGeGeSiGeGeGeGeGeSiGeGeGeGeSiGeSiSiSiGeSiGe
   -11002.2568359375 GeGeGeGeSiGeGeGeSiSiSiGeSiSiGeGeGeGeSiSiGeGeSiGeGeSiSiSiSiSiGeSiGeGeGeGeGeGeGeGeGeSiGeGeGeGeGeSiGeGeGeGeSiGeSiSiSiGeSiGe
   -11002.2568359375 GeGeGeGeSiGeGeGeSiSiSiGeSiSiGeGeGeGeSiSiGeGeSiGeGeSiSiSiSiSiGeSiGeGeGeGeGeGeGeGeGeSiGeGeGeGeGeSiGeGeGeGeSiGeSiSiSiGeSiGe
   -11002.2568359375 GeGeGeGeSiGeGeGeSiSiSiGeSiSiGeGeGeGeSiSiGeGeSiGeGeSiSiSiSiSiGeSiGeGeGeGeGeGeGeGeGeSiGeGeGeGeGeSiGeGeGeGeSiGeSiSiSiGeSiGe
   -11002.2568359375 GeGeGeGeSiGeGeGeSiSiSiGeSiSiGeGeGeGeSiSiGeGeSiGeGeSiSiSiSiSiGeSiGeGeGeGeGeGeGeGeGeSiGeGeGeGeGeSiGeGeGeGeSiGeSiSiSiGeSiGe
   -11002.2568359375 GeGeGeGeSiGeGeGeSiSiSiGeSiSiGeGeGeGeSiSiGeGeSiGeGeSiSiSiSiSiGeSiGeGeGeGeGeGeGeGeGeSiGeGeGeGeGeSiGeGeGeGeSiGeSiSiSiGeSiGe
   -11002.2568359375 GeGeGeGeSiGeGeGeSiSiSiGeSiSiGeGeGeGeSiSiGeGeSiGeGeSiSiSiSiSiGeSiGeGeGeGeGeGeGeGeGeSiGeGeGeGeGeSiGeGeGeGeSiGeSiSiSiGeSiGe
   -11002.2568359375 GeGeGeGeSiGeGeGeSiSiSiGeSiSiGeGeGeGeSiSiGeGeSiGeGeSiSiSiSiSiGeSiGeGeGeGeGeGeGeGeGeSiGeGeGeGeGeSiGeGeGeGeSiGeSiSiSiGeSiGe
   -11002.2568359375 GeGeGeGeSiGeGeGeSiSiSiGeSiSiGeGeGeGeSiSiGeGeSiGeGeSiSiSiSiSiGeSiGeGeGeGeGeGeGeGeGeSiGeGeGeGeGeSiGeGeGeGeSiGeSiSiSiGeSiGe
   -11002.2568359375 GeGeGeGeSiGeGeGeSiSiSiGeSiSiGeGeGeGeSiSiGeGeSiGeGeSiSiSiSiSiGeSiGeGeGeGeGeGeGeGeGeSiGeGeGeGeGeSiGeGeGeGeSiGeSiSiSiGeSiGe
   -11002.2568359375 GeGeGeGeSiGeGeGeSiSiSiGeSiSiGeGeGeGeSiSiGeGeSiGeGeSiSiSiSiSiGeSiGeGeGeGeGeGeGeGeGeSiGeGeGeGeGeSiGeGeGeGeSiGeSiSiSiGeSiGe
   -11002.2568359375 GeGeGeGeSiGeGeGeSiSiSiGeSiSiGeGeGeGeSiSiGeGeSiGeGeSiSiSiSiSiGeSiGeGeGeGeGeGeGeGeGeSiGeGeGeGeGeSiGeGeGeGeSiGeSiSiSiGeSiGe
   -11002.2568359375 GeGeGeGeSiGeGeGeSiSiSiGeSiSiGeGeGeGeSiSiGeGeSiGeGeSiSiSiSiSiGeSiGeGeGeGeGeGeGeGeGeSiGeGeGeGeGeSiGeGeGeGeSiGeSiSiSiGeSiGe
   -11002.2568359375 GeGeGeGeSiGeGeGeSiSiSiGeSiSiGeGeGeGeSiSiGeGeSiGeGeSiSiSiSiSiGeSiGeGeGeGeGeGeGeGeGeSiGeGeGeGeGeSiGeGeGeGeSiGeSiSiSiGeSiGe
   -11002.2568359375 GeGeGeGeSiGeGeGeSiSiSiGeSiSiGeGeGeGeSiSiGeGeSiGeGeSiSiSiSiSiGeSiGeGeGeGeGeGeGeGeGeSiGeGeGeGeGeSiGeGeGeGeSiGeSiSiSiGeSiGe
   -11002.2568359375 GeGeGeGeSiGeGeGeSiSiSiGeSiSiGeGeGeGeSiSiGeGeSiGeGeSiSiSiSiSiGeSiGeGeGeGeGeGeGeGeGeSiGeGeGeGeGeSiGeGeGeGeSiGeSiSiSiGeSiGe
   -11002.2568359375 GeGeGeGeSiGeGeGeSiSiSiGeSiSiGeGeGeGeSiSiGeGeSiGeGeSiSiSiSiSiGeSiGeGeGeGeGeGeGeGeGeSiGeGeGeGeGeSiGeGeGeGeSiGeSiSiSiGeSiGe
   -11002.2568359375 GeGeGeGeSiGeGeGeSiSiSiGeSiSiGeGeGeGeSiSiGeGeSiGeGeSiSiSiSiSiGeSiGeGeGeGeGeGeGeGeGeSiGeGeGeGeGeSiGeGeGeGeSiGeSiSiSiGeSiGe
   -11002.2568359375 GeGeGeGeSiGeGeGeSiSiSiGeSiSiGeGeGeGeSiSiGeGeSiGeGeSiSiSiSiSiGeSiGeGeGeGeGeGeGeGeGeSiGeGeGeGeGeSiGeGeGeGeSiGeSiSiSiGeSiGe
   -11002.2568359375 GeGeGeGeSiGeGeGeSiSiSiGeSiSiGeGeGeGeSiSiGeGeSiGeGeSiSiSiSiSiGeSiGeGeGeGeGeGeGeGeGeSiGeGeGeGeGeSiGeGeGeGeSiGeSiSiSiGeSiGe
   -11002.2568359375 GeGeGeGeSiGeGeGeSiSiSiGeSiSiGeGeGeGeSiSiGeGeSiGeGeSiSiSiSiSiGeSiGeGeGeGeGeGeGeGeGeSiGeGeGeGeGeSiGeGeGeGeSiGeSiSiSiGeSiGe
   -11002.2568359375 GeGeGeGeSiGeGeGeSiSiSiGeSiSiGeGeGeGeSiSiGeGeSiGeGeSiSiSiSiSiGeSiGeGeGeGeGeGeGeGeGeSiGeGeGeGeGeSiGeGeGeGeSiGeSiSiSiGeSiGe
   -11002.2568359375 GeGeGeGeSiGeGeGeSiSiSiGeSiSiGeGeGeGeSiSiGeGeSiGeGeSiSiSiSiSiGeSiGeGeGeGeGeGeGeGeGeSiGeGeGeGeGeSiGeGeGeGeSiGeSiSiSiGeSiGe
   -11002.2568359375 GeGeGeGeSiGeGeGeSiSiSiGeSiSiGeGeGeGeSiSiGeGeSiGeGeSiSiSiSiSiGeSiGeGeGeGeGeGeGeGeGeSiGeGeGeGeGeSiGeGeGeGeSiGeSiSiSiGeSiGe
   -11002.2568359375 GeGeGeGeSiGeGeGeSiSiSiGeSiSiGeGeGeGeSiSiGeGeSiGeGeSiSiSiSiSiGeSiGeGeGeGeGeGeGeGeGeSiGeGeGeGeGeSiGeGeGeGeSiGeSiSiSiGeSiGe
   -11002.2568359375 GeGeGeGeSiGeGeGeSiSiSiGeSiSiGeGeGeGeSiSiGeGeSiGeGeSiSiSiSiSiGeSiGeGeGeGeGeGeGeGeGeSiGeGeGeGeGeSiGeGeGeGeSiGeSiSiSiGeSiGe
   -11002.2568359375 GeGeGeGeSiGeGeGeSiSiSiGeSiSiGeGeGeGeSiSiGeGeSiGeGeSiSiSiSiSiGeSiGeGeGeGeGeGeGeGeGeSiGeGeGeGeGeSiGeGeGeGeSiGeSiSiSiGeSiGe
   -11002.2568359375 GeGeGeGeSiGeGeGeSiSiSiGeSiSiGeGeGeGeSiSiGeGeSiGeGeSiSiSiSiSiGeSiGeGeGeGeGeGeGeGeGeSiGeGeGeGeGeSiGeGeGeGeSiGeSiSiSiGeSiGe
   -11002.2568359375 GeGeGeGeSiGeGeGeSiSiSiGeSiSiGeGeGeGeSiSiGeGeSiGeGeSiSiSiSiSiGeSiGeGeGeGeGeGeGeGeGeSiGeGeGeGeGeSiGeGeGeGeSiGeSiSiSiGeSiGe
   -11002.2568359375 GeGeGeGeSiGeGeGeSiSiSiGeSiSiGeGeGeGeSiSiGeGeSiGeGeSiSiSiSiSiGeSiGeGeGeGeGeGeGeGeGeSiGeGeGeGeGeSiGeGeGeGeSiGeSiSiSiGeSiGe
   -11002.2568359375 GeGeGeGeSiGeGeGeSiSiSiGeSiSiGeGeGeGeSiSiGeGeSiGeGeSiSiSiSiSiGeSiGeGeGeGeGeGeGeGeGeSiGeGeGeGeGeSiGeGeGeGeSiGeSiSiSiGeSiGe
   -11002.2568359375 GeGeGeGeSiGeGeGeSiSiSiGeSiSiGeGeGeGeSiSiGeGeSiGeGeSiSiSiSiSiGeSiGeGeGeGeGeGeGeGeGeSiGeGeGeGeGeSiGeGeGeGeSiGeSiSiSiGeSiGe
   -11002.2568359375 GeGeGeGeSiGeGeGeSiSiSiGeSiSiGeGeGeGeSiSiGeGeSiGeGeSiSiSiSiSiGeSiGeGeGeGeGeGeGeGeGeSiGeGeGeGeGeSiGeGeGeGeSiGeSiSiSiGeSiGe
   -11002.2568359375 GeGeGeGeSiGeGeGeSiSiSiGeSiSiGeGeGeGeSiSiGeGeSiGeGeSiSiSiSiSiGeSiGeGeGeGeGeGeGeGeGeSiGeGeGeGeGeSiGeGeGeGeSiGeSiSiSiGeSiGe
   -11002.2568359375 GeGeGeGeSiGeGeGeSiSiSiGeSiSiGeGeGeGeSiSiGeGeSiGeGeSiSiSiSiSiGeSiGeGeGeGeGeGeGeGeGeSiGeGeGeGeGeSiGeGeGeGeSiGeSiSiSiGeSiGe
   -11002.2568359375 GeGeGeGeSiGeGeGeSiSiSiGeSiSiGeGeGeGeSiSiGeGeSiGeGeSiSiSiSiSiGeSiGeGeGeGeGeGeGeGeGeSiGeGeGeGeGeSiGeGeGeGeSiGeSiSiSiGeSiGe
   -11002.2568359375 GeGeGeGeSiGeGeGeSiSiSiGeSiSiGeGeGeGeSiSiGeGeSiGeGeSiSiSiSiSiGeSiGeGeGeGeGeGeGeGeGeSiGeGeGeGeGeSiGeGeGeGeSiGeSiSiSiGeSiGe
   -11002.2568359375 GeGeGeGeSiGeGeGeSiSiSiGeSiSiGeGeGeGeSiSiGeGeSiGeGeSiSiSiSiSiGeSiGeGeGeGeGeGeGeGeGeSiGeGeGeGeGeSiGeGeGeGeSiGeSiSiSiGeSiGe
   -11002.2568359375 GeGeGeGeSiGeGeGeSiSiSiGeSiSiGeGeGeGeSiSiGeGeSiGeGeSiSiSiSiSiGeSiGeGeGeGeGeGeGeGeGeSiGeGeGeGeGeSiGeGeGeGeSiGeSiSiSiGeSiGe
   -11002.2568359375 GeGeGeGeSiGeGeGeSiSiSiGeSiSiGeGeGeGeSiSiGeGeSiGeGeSiSiSiSiSiGeSiGeGeGeGeGeGeGeGeGeSiGeGeGeGeGeSiGeGeGeGeSiGeSiSiSiGeSiGe
   -11002.2568359375 GeGeGeGeSiGeGeGeSiSiSiGeSiSiGeGeGeGeSiSiGeGeSiGeGeSiSiSiSiSiGeSiGeGeGeGeGeGeGeGeGeSiGeGeGeGeGeSiGeGeGeGeSiGeSiSiSiGeSiGe
   -11002.2568359375 GeGeGeGeSiGeGeGeSiSiSiGeSiSiGeGeGeGeSiSiGeGeSiGeGeSiSiSiSiSiGeSiGeGeGeGeGeGeGeGeGeSiGeGeGeGeGeSiGeGeGeGeSiGeSiSiSiGeSiGe
   -11002.2568359375 GeGeGeGeSiGeGeGeSiSiSiGeSiSiGeGeGeGeSiSiGeGeSiGeGeSiSiSiSiSiGeSiGeGeGeGeGeGeGeGeGeSiGeGeGeGeGeSiGeGeGeGeSiGeSiSiSiGeSiGe
   -11002.2568359375 GeGeGeGeSiGeGeGeSiSiSiGeSiSiGeGeGeGeSiSiGeGeSiGeGeSiSiSiSiSiGeSiGeGeGeGeGeGeGeGeGeSiGeGeGeGeGeSiGeGeGeGeSiGeSiSiSiGeSiGe
   -11002.2568359375 GeGeGeGeSiGeGeGeSiSiSiGeSiSiGeGeGeGeSiSiGeGeSiGeGeSiSiSiSiSiGeSiGeGeGeGeGeGeGeGeGeSiGeGeGeGeGeSiGeGeGeGeSiGeSiSiSiGeSiGe
   -11002.2568359375 GeGeGeGeSiGeGeGeSiSiSiGeSiSiGeGeGeGeSiSiGeGeSiGeGeSiSiSiSiSiGeSiGeGeGeGeGeGeGeGeGeSiGeGeGeGeGeSiGeGeGeGeSiGeSiSiSiGeSiGe
   -11002.2568359375 GeGeGeGeSiGeGeGeSiSiSiGeSiSiGeGeGeGeSiSiGeGeSiGeGeSiSiSiSiSiGeSiGeGeGeGeGeGeGeGeGeSiGeGeGeGeGeSiGeGeGeGeSiGeSiSiSiGeSiGe
   -11002.2568359375 GeGeGeGeSiGeGeGeSiSiSiGeSiSiGeGeGeGeSiSiGeGeSiGeGeSiSiSiSiSiGeSiGeGeGeGeGeGeGeGeGeSiGeGeGeGeGeSiGeGeGeGeSiGeSiSiSiGeSiGe
   -11002.2568359375 GeGeGeGeSiGeGeGeSiSiSiGeSiSiGeGeGeGeSiSiGeGeSiGeGeSiSiSiSiSiGeSiGeGeGeGeGeGeGeGeGeSiGeGeGeGeGeSiGeGeGeGeSiGeSiSiSiGeSiGe
   -11002.2568359375 GeGeGeGeSiGeGeGeSiSiSiGeSiSiGeGeGeGeSiSiGeGeSiGeGeSiSiSiSiSiGeSiGeGeGeGeGeGeGeGeGeSiGeGeGeGeGeSiGeGeGeGeSiGeSiSiSiGeSiGe
   -11002.2568359375 GeGeGeGeSiGeGeGeSiSiSiGeSiSiGeGeGeGeSiSiGeGeSiGeGeSiSiSiSiSiGeSiGeGeGeGeGeGeGeGeGeSiGeGeGeGeGeSiGeGeGeGeSiGeSiSiSiGeSiGe
   -11002.2568359375 GeGeGeGeSiGeGeGeSiSiSiGeSiSiGeGeGeGeSiSiGeGeSiGeGeSiSiSiSiSiGeSiGeGeGeGeGeGeGeGeGeSiGeGeGeGeGeSiGeGeGeGeSiGeSiSiSiGeSiGe
   -11002.2568359375 GeGeGeGeSiGeGeGeSiSiSiGeSiSiGeGeGeGeSiSiGeGeSiGeGeSiSiSiSiSiGeSiGeGeGeGeGeGeGeGeGeSiGeGeGeGeGeSiGeGeGeGeSiGeSiSiSiGeSiGe
   -11002.2568359375 GeGeGeGeSiGeGeGeSiSiSiGeSiSiGeGeGeGeSiSiGeGeSiGeGeSiSiSiSiSiGeSiGeGeGeGeGeGeGeGeGeSiGeGeGeGeGeSiGeGeGeGeSiGeSiSiSiGeSiGe
   -11002.2568359375 GeGeGeGeSiGeGeGeSiSiSiGeSiSiGeGeGeGeSiSiGeGeSiGeGeSiSiSiSiSiGeSiGeGeGeGeGeGeGeGeGeSiGeGeGeGeGeSiGeGeGeGeSiGeSiSiSiGeSiGe
   -11002.2568359375 GeGeGeGeSiGeGeGeSiSiSiGeSiSiGeGeGeGeSiSiGeGeSiGeGeSiSiSiSiSiGeSiGeGeGeGeGeGeGeGeGeSiGeGeGeGeGeSiGeGeGeGeSiGeSiSiSiGeSiGe
   -11002.2568359375 GeGeGeGeSiGeGeGeSiSiSiGeSiSiGeGeGeGeSiSiGeGeSiGeGeSiSiSiSiSiGeSiGeGeGeGeGeGeGeGeGeSiGeGeGeGeGeSiGeGeGeGeSiGeSiSiSiGeSiGe
   -11002.2568359375 GeGeGeGeSiGeGeGeSiSiSiGeSiSiGeGeGeGeSiSiGeGeSiGeGeSiSiSiSiSiGeSiGeGeGeGeGeGeGeGeGeSiGeGeGeGeGeSiGeGeGeGeSiGeSiSiSiGeSiGe
   -11002.2568359375 GeGeGeGeSiGeGeGeSiSiSiGeSiSiGeGeGeGeSiSiGeGeSiGeGeSiSiSiSiSiGeSiGeGeGeGeGeGeGeGeGeSiGeGeGeGeGeSiGeGeGeGeSiGeSiSiSiGeSiGe
   -11002.2568359375 GeGeGeGeSiGeGeGeSiSiSiGeSiSiGeGeGeGeSiSiGeGeSiGeGeSiSiSiSiSiGeSiGeGeGeGeGeGeGeGeGeSiGeGeGeGeGeSiGeGeGeGeSiGeSiSiSiGeSiGe
   -11002.2568359375 GeGeGeGeSiGeGeGeSiSiSiGeSiSiGeGeGeGeSiSiGeGeSiGeGeSiSiSiSiSiGeSiGeGeGeGeGeGeGeGeGeSiGeGeGeGeGeSiGeGeGeGeSiGeSiSiSiGeSiGe
   -11002.2568359375 GeGeGeGeSiGeGeGeSiSiSiGeSiSiGeGeGeGeSiSiGeGeSiGeGeSiSiSiSiSiGeSiGeGeGeGeGeGeGeGeGeSiGeGeGeGeGeSiGeGeGeGeSiGeSiSiSiGeSiGe
   -11002.2568359375 GeGeGeGeSiGeGeGeSiSiSiGeSiSiGeGeGeGeSiSiGeGeSiGeGeSiSiSiSiSiGeSiGeGeGeGeGeGeGeGeGeSiGeGeGeGeGeSiGeGeGeGeSiGeSiSiSiGeSiGe
   -11002.2568359375 GeGeGeGeSiGeGeGeSiSiSiGeSiSiGeGeGeGeSiSiGeGeSiGeGeSiSiSiSiSiGeSiGeGeGeGeGeGeGeGeGeSiGeGeGeGeGeSiGeGeGeGeSiGeSiSiSiGeSiGe
   -11002.2568359375 GeGeGeGeSiGeGeGeSiSiSiGeSiSiGeGeGeGeSiSiGeGeSiGeGeSiSiSiSiSiGeSiGeGeGeGeGeGeGeGeGeSiGeGeGeGeGeSiGeGeGeGeSiGeSiSiSiGeSiGe
   -11002.2568359375 GeGeGeGeSiGeGeGeSiSiSiGeSiSiGeGeGeGeSiSiGeGeSiGeGeSiSiSiSiSiGeSiGeGeGeGeGeGeGeGeGeSiGeGeGeGeGeSiGeGeGeGeSiGeSiSiSiGeSiGe
   -11002.2568359375 GeGeGeGeSiGeGeGeSiSiSiGeSiSiGeGeGeGeSiSiGeGeSiGeGeSiSiSiSiSiGeSiGeGeGeGeGeGeGeGeGeSiGeGeGeGeGeSiGeGeGeGeSiGeSiSiSiGeSiGe
   -11002.2568359375 GeGeGeGeSiGeGeGeSiSiSiGeSiSiGeGeGeGeSiSiGeGeSiGeGeSiSiSiSiSiGeSiGeGeGeGeGeGeGeGeGeSiGeGeGeGeGeSiGeGeGeGeSiGeSiSiSiGeSiGe
   -11002.2568359375 GeGeGeGeSiGeGeGeSiSiSiGeSiSiGeGeGeGeSiSiGeGeSiGeGeSiSiSiSiSiGeSiGeGeGeGeGeGeGeGeGeSiGeGeGeGeGeSiGeGeGeGeSiGeSiSiSiGeSiGe
   -11002.2568359375 GeGeGeGeSiGeGeGeSiSiSiGeSiSiGeGeGeGeSiSiGeGeSiGeGeSiSiSiSiSiGeSiGeGeGeGeGeGeGeGeGeSiGeGeGeGeGeSiGeGeGeGeSiGeSiSiSiGeSiGe
   -11002.2568359375 GeGeGeGeSiGeGeGeSiSiSiGeSiSiGeGeGeGeSiSiGeGeSiGeGeSiSiSiSiSiGeSiGeGeGeGeGeGeGeGeGeSiGeGeGeGeGeSiGeGeGeGeSiGeSiSiSiGeSiGe
   -11002.2568359375 GeGeGeGeSiGeGeGeSiSiSiGeSiSiGeGeGeGeSiSiGeGeSiGeGeSiSiSiSiSiGeSiGeGeGeGeGeGeGeGeGeSiGeGeGeGeGeSiGeGeGeGeSiGeSiSiSiGeSiGe
   -11002.2568359375 GeGeGeGeSiGeGeGeSiSiSiGeSiSiGeGeGeGeSiSiGeGeSiGeGeSiSiSiSiSiGeSiGeGeGeGeGeGeGeGeGeSiGeGeGeGeGeSiGeGeGeGeSiGeSiSiSiGeSiGe
   -11002.2568359375 GeGeGeGeSiGeGeGeSiSiSiGeSiSiGeGeGeGeSiSiGeGeSiGeGeSiSiSiSiSiGeSiGeGeGeGeGeGeGeGeGeSiGeGeGeGeGeSiGeGeGeGeSiGeSiSiSiGeSiGe
   -11002.2568359375 GeGeGeGeSiGeGeGeSiSiSiGeSiSiGeGeGeGeSiSiGeGeSiGeGeSiSiSiSiSiGeSiGeGeGeGeGeGeGeGeGeSiGeGeGeGeGeSiGeGeGeGeSiGeSiSiSiGeSiGe
   -11002.2568359375 GeGeGeGeSiGeGeGeSiSiSiGeSiSiGeGeGeGeSiSiGeGeSiGeGeSiSiSiSiSiGeSiGeGeGeGeGeGeGeGeGeSiGeGeGeGeGeSiGeGeGeGeSiGeSiSiSiGeSiGe
   -11002.2568359375 GeGeGeGeSiGeGeGeSiSiSiGeSiSiGeGeGeGeSiSiGeGeSiGeGeSiSiSiSiSiGeSiGeGeGeGeGeGeGeGeGeSiGeGeGeGeGeSiGeGeGeGeSiGeSiSiSiGeSiGe
   -11002.2568359375 GeGeGeGeSiGeGeGeSiSiSiGeSiSiGeGeGeGeSiSiGeGeSiGeGeSiSiSiSiSiGeSiGeGeGeGeGeGeGeGeGeSiGeGeGeGeGeSiGeGeGeGeSiGeSiSiSiGeSiGe
   -11002.2568359375 GeGeGeGeSiGeGeGeSiSiSiGeSiSiGeGeGeGeSiSiGeGeSiGeGeSiSiSiSiSiGeSiGeGeGeGeGeGeGeGeGeSiGeGeGeGeGeSiGeGeGeGeSiGeSiSiSiGeSiGe
   -11002.2568359375 GeGeGeGeSiGeGeGeSiSiSiGeSiSiGeGeGeGeSiSiGeGeSiGeGeSiSiSiSiSiGeSiGeGeGeGeGeGeGeGeGeSiGeGeGeGeGeSiGeGeGeGeSiGeSiSiSiGeSiGe
   -11002.2568359375 GeGeGeGeSiGeGeGeSiSiSiGeSiSiGeGeGeGeSiSiGeGeSiGeGeSiSiSiSiSiGeSiGeGeGeGeGeGeGeGeGeSiGeGeGeGeGeSiGeGeGeGeSiGeSiSiSiGeSiGe
   -11002.2568359375 GeGeGeGeSiGeGeGeSiSiSiGeSiSiGeGeGeGeSiSiGeGeSiGeGeSiSiSiSiSiGeSiGeGeGeGeGeGeGeGeGeSiGeGeGeGeGeSiGeGeGeGeSiGeSiSiSiGeSiGe
   -11002.2568359375 GeGeGeGeSiGeGeGeSiSiSiGeSiSiGeGeGeGeSiSiGeGeSiGeGeSiSiSiSiSiGeSiGeGeGeGeGeGeGeGeGeSiGeGeGeGeGeSiGeGeGeGeSiGeSiSiSiGeSiGe
   -11002.2568359375 GeGeGeGeSiGeGeGeSiSiSiGeSiSiGeGeGeGeSiSiGeGeSiGeGeSiSiSiSiSiGeSiGeGeGeGeGeGeGeGeGeSiGeGeGeGeGeSiGeGeGeGeSiGeSiSiSiGeSiGe
   -11002.2568359375 GeGeGeGeSiGeGeGeSiSiSiGeSiSiGeGeGeGeSiSiGeGeSiGeGeSiSiSiSiSiGeSiGeGeGeGeGeGeGeGeGeSiGeGeGeGeGeSiGeGeGeGeSiGeSiSiSiGeSiGe
   -11002.2568359375 GeGeGeGeSiGeGeGeSiSiSiGeSiSiGeGeGeGeSiSiGeGeSiGeGeSiSiSiSiSiGeSiGeGeGeGeGeGeGeGeGeSiGeGeGeGeGeSiGeGeGeGeSiGeSiSiSiGeSiGe
   -11002.2568359375 GeGeGeGeSiGeGeGeSiSiSiGeSiSiGeGeGeGeSiSiGeGeSiGeGeSiSiSiSiSiGeSiGeGeGeGeGeGeGeGeGeSiGeGeGeGeGeSiGeGeGeGeSiGeSiSiSiGeSiGe
   -11002.2568359375 GeGeGeGeSiGeGeGeSiSiSiGeSiSiGeGeGeGeSiSiGeGeSiGeGeSiSiSiSiSiGeSiGeGeGeGeGeGeGeGeGeSiGeGeGeGeGeSiGeGeGeGeSiGeSiSiSiGeSiGe
   -11002.2568359375 GeGeGeGeSiGeGeGeSiSiSiGeSiSiGeGeGeGeSiSiGeGeSiGeGeSiSiSiSiSiGeSiGeGeGeGeGeGeGeGeGeSiGeGeGeGeGeSiGeGeGeGeSiGeSiSiSiGeSiGe
   -11002.2568359375 GeGeGeGeSiGeGeGeSiSiSiGeSiSiGeGeGeGeSiSiGeGeSiGeGeSiSiSiSiSiGeSiGeGeGeGeGeGeGeGeGeSiGeGeGeGeGeSiGeGeGeGeSiGeSiSiSiGeSiGe
   -11002.2568359375 GeGeGeGeSiGeGeGeSiSiSiGeSiSiGeGeGeGeSiSiGeGeSiGeGeSiSiSiSiSiGeSiGeGeGeGeGeGeGeGeGeSiGeGeGeGeGeSiGeGeGeGeSiGeSiSiSiGeSiGe
   -11002.2568359375 GeGeGeGeSiGeGeGeSiSiSiGeSiSiGeGeGeGeSiSiGeGeSiGeGeSiSiSiSiSiGeSiGeGeGeGeGeGeGeGeGeSiGeGeGeGeGeSiGeGeGeGeSiGeSiSiSiGeSiGe
   -11002.2568359375 GeGeGeGeSiGeGeGeSiSiSiGeSiSiGeGeGeGeSiSiGeGeSiGeGeSiSiSiSiSiGeSiGeGeGeGeGeGeGeGeGeSiGeGeGeGeGeSiGeGeGeGeSiGeSiSiSiGeSiGe
   -11002.2568359375 GeGeGeGeSiGeGeGeSiSiSiGeSiSiGeGeGeGeSiSiGeGeSiGeGeSiSiSiSiSiGeSiGeGeGeGeGeGeGeGeGeSiGeGeGeGeGeSiGeGeGeGeSiGeSiSiSiGeSiGe
   -11002.2568359375 GeGeGeGeSiGeGeGeSiSiSiGeSiSiGeGeGeGeSiSiGeGeSiGeGeSiSiSiSiSiGeSiGeGeGeGeGeGeGeGeGeSiGeGeGeGeGeSiGeGeGeGeSiGeSiSiSiGeSiGe
   -11002.2568359375 GeGeGeGeSiGeGeGeSiSiSiGeSiSiGeGeGeGeSiSiGeGeSiGeGeSiSiSiSiSiGeSiGeGeGeGeGeGeGeGeGeSiGeGeGeGeGeSiGeGeGeGeSiGeSiSiSiGeSiGe
   -11002.2568359375 GeGeGeGeSiGeGeGeSiSiSiGeSiSiGeGeGeGeSiSiGeGeSiGeGeSiSiSiSiSiGeSiGeGeGeGeGeGeGeGeGeSiGeGeGeGeGeSiGeGeGeGeSiGeSiSiSiGeSiGe
   -11002.2568359375 GeGeGeGeSiGeGeGeSiSiSiGeSiSiGeGeGeGeSiSiGeGeSiGeGeSiSiSiSiSiGeSiGeGeGeGeGeGeGeGeGeSiGeGeGeGeGeSiGeGeGeGeSiGeSiSiSiGeSiGe
   -11002.2568359375 GeGeGeGeSiGeGeGeSiSiSiGeSiSiGeGeGeGeSiSiGeGeSiGeGeSiSiSiSiSiGeSiGeGeGeGeGeGeGeGeGeSiGeGeGeGeGeSiGeGeGeGeSiGeSiSiSiGeSiGe
   -11002.2568359375 GeGeGeGeSiGeGeGeSiSiSiGeSiSiGeGeGeGeSiSiGeGeSiGeGeSiSiSiSiSiGeSiGeGeGeGeGeGeGeGeGeSiGeGeGeGeGeSiGeGeGeGeSiGeSiSiSiGeSiGe
   -11002.2568359375 GeGeGeGeSiGeGeGeSiSiSiGeSiSiGeGeGeGeSiSiGeGeSiGeGeSiSiSiSiSiGeSiGeGeGeGeGeGeGeGeGeSiGeGeGeGeGeSiGeGeGeGeSiGeSiSiSiGeSiGe
   -11002.2568359375 GeGeGeGeSiGeGeGeSiSiSiGeSiSiGeGeGeGeSiSiGeGeSiGeGeSiSiSiSiSiGeSiGeGeGeGeGeGeGeGeGeSiGeGeGeGeGeSiGeGeGeGeSiGeSiSiSiGeSiGe
   -11002.2568359375 GeGeGeGeSiGeGeGeSiSiSiGeSiSiGeGeGeGeSiSiGeGeSiGeGeSiSiSiSiSiGeSiGeGeGeGeGeGeGeGeGeSiGeGeGeGeGeSiGeGeGeGeSiGeSiSiSiGeSiGe
   -11002.2568359375 GeGeGeGeSiGeGeGeSiSiSiGeSiSiGeGeGeGeSiSiGeGeSiGeGeSiSiSiSiSiGeSiGeGeGeGeGeGeGeGeGeSiGeGeGeGeGeSiGeGeGeGeSiGeSiSiSiGeSiGe
   -11002.2568359375 GeGeGeGeSiGeGeGeSiSiSiGeSiSiGeGeGeGeSiSiGeGeSiGeGeSiSiSiSiSiGeSiGeGeGeGeGeGeGeGeGeSiGeGeGeGeGeSiGeGeGeGeSiGeSiSiSiGeSiGe
   -11002.2568359375 GeGeGeGeSiGeGeGeSiSiSiGeSiSiGeGeGeGeSiSiGeGeSiGeGeSiSiSiSiSiGeSiGeGeGeGeGeGeGeGeGeSiGeGeGeGeGeSiGeGeGeGeSiGeSiSiSiGeSiGe
   -11002.2568359375 GeGeGeGeSiGeGeGeSiSiSiGeSiSiGeGeGeGeSiSiGeGeSiGeGeSiSiSiSiSiGeSiGeGeGeGeGeGeGeGeGeSiGeGeGeGeGeSiGeGeGeGeSiGeSiSiSiGeSiGe
   -11002.2568359375 GeGeGeGeSiGeGeGeSiSiSiGeSiSiGeGeGeGeSiSiGeGeSiGeGeSiSiSiSiSiGeSiGeGeGeGeGeGeGeGeGeSiGeGeGeGeGeSiGeGeGeGeSiGeSiSiSiGeSiGe
   -11002.2568359375 GeGeGeGeSiGeGeGeSiSiSiGeSiSiGeGeGeGeSiSiGeGeSiGeGeSiSiSiSiSiGeSiGeGeGeGeGeGeGeGeGeSiGeGeGeGeGeSiGeGeGeGeSiGeSiSiSiGeSiGe
filename: c000001250823686.gin     
Cell:
    11.9020996    11.9020996    29.6919994    90.0000000    90.0000000   120.0000000
Box:
    11.9020996    -5.9510503     0.0000000
     0.0000000    10.3075209     0.0000000
     0.0000000     0.0000000    29.6919994
----------------------------------------
Inverse Box:
     0.0840188     0.0485083     0.0000000
     0.0000000     0.0970165     0.0000000
     0.0000000     0.0000000     0.0336791
----------------------------------------
==============================================
geometrical properties of  38 Ge:
 Configuration:           0
 D_ave:   9.13927174       3.52642107    
 D_min:   3.04226828       4.63121310E-02
 energia:  -11002.2568    
