Random Seed:   959518015
Number of atoms:    60
Space Group:    1
Cell:
    11.9020996    11.9020996    29.6919994    90.0000000    90.0000000   120.0000000
Box:
    11.9020996    -5.9510503     0.0000000
     0.0000000    10.3075209     0.0000000
     0.0000000     0.0000000    29.6919994
----------------------------------------
Inverse Box:
     0.0840188     0.0485083     0.0000000
     0.0000000     0.0970165     0.0000000
     0.0000000     0.0000000     0.0336791
----------------------------------------
GeSiGeSiSiSiSiSiSiSiSiSiSiSiSiSiSiSiSiSiSiSiSiSiSiSiSiSiSiSiSiSiSiSiSiSiSiSiSiSiSiSiSiSiSiSiSiSiSiSiSiSiSiSiSiSiSiSiSiSi
           1 Ge    -7733.86768    
GeGeGeSiSiSiSiSiSiSiSiSiSiSiSiSiSiSiSiSiSiSiSiSiSiSiSiSiSiSiSiSiSiSiSiSiSiSiSiSiSiSiSiSiSiSiSiSiSiSiSiSiSiSiSiSiSiSiSiSi
           2 Ge    -7727.86816    
GeGeGeGeSiSiSiSiSiSiSiSiSiSiSiSiSiSiSiSiSiSiSiSiSiSiSiSiSiSiSiSiSiSiSiSiSiSiSiSiSiSiSiSiSiSiSiSiSiSiSiSiSiSiSiSiSiSiSiSi
           4 Ge    -7721.92285    
GeGeGeGeGeSiSiSiSiSiSiSiSiSiSiSiSiSiSiSiSiSiSiSiSiSiSiSiSiSiSiSiSiSiSiSiSiSiSiSiSiSiSiSiSiSiSiSiSiSiSiSiSiSiSiSiSiSiSiSi
           5 Ge    -7728.01514    
GeGeGeGeGeGeSiSiSiSiSiSiSiSiSiSiSiSiSiSiSiSiSiSiSiSiSiSiSiSiSiSiSiSiSiSiSiSiSiSiSiSiSiSiSiSiSiSiSiSiSiSiSiSiSiSiSiSiSiSi
           6 Ge    -7752.11963    
GeGeGeGeGeGeGeSiSiSiSiSiSiSiSiSiSiSiSiSiSiSiSiSiSiSiSiSiSiSiSiSiSiSiSiSiSiSiSiSiSiSiSiSiSiSiSiSiSiSiSiSiSiSiSiSiSiSiSiSi
           7 Ge    -7853.17090    
GeGeGeGeGeGeGeGeSiSiSiSiSiSiSiSiSiSiSiSiSiSiSiSiSiSiSiSiSiSiSiSiSiSiSiSiSiSiSiSiSiSiSiSiSiSiSiSiSiSiSiSiSiSiSiSiSiSiSiSi
           8 Ge    -7983.45264    
GeGeGeGeGeGeGeGeSiSiSiGeSiSiSiSiSiSiSiSiSiSiSiSiSiSiSiSiSiSiSiSiSiSiSiSiSiSiSiSiSiSiSiSiSiSiSiSiSiSiSiSiSiSiSiSiSiSiSiSi
          12 Ge    -8223.11523    
GeGeGeGeGeGeGeGeSiSiSiGeGeSiSiSiSiSiSiSiSiSiSiSiSiSiSiSiSiSiSiSiSiSiSiSiSiSiSiSiSiSiSiSiSiSiSiSiSiSiSiSiSiSiSiSiSiSiSiSi
          13 Ge    -8281.02246    
GeGeGeGeGeGeGeGeSiSiSiGeGeSiSiGeSiSiSiSiSiSiSiSiSiSiSiSiSiSiSiSiSiSiSiSiSiSiSiSiSiSiSiSiSiSiSiSiSiSiSiSiSiSiSiSiSiSiSiSi
          16 Ge    -8665.49609    
GeGeGeGeGeGeGeGeSiSiSiGeGeSiSiGeGeSiSiSiSiSiSiSiSiSiSiSiSiSiSiSiSiSiSiSiSiSiSiSiSiSiSiSiSiSiSiSiSiSiSiSiSiSiSiSiSiSiSiSi
          17 Ge    -8918.66797    
GeGeGeGeGeGeGeGeSiSiSiGeGeSiSiGeGeSiSiSiSiSiSiSiSiGeSiSiSiSiSiSiSiSiSiSiSiSiSiSiSiSiSiSiSiSiSiSiSiSiSiSiSiSiSiSiSiSiSiSi
          26 Ge    -8761.75391    
GeGeGeGeGeGeGeGeSiSiSiGeGeSiSiGeGeSiSiSiSiSiSiSiSiGeSiSiSiGeSiSiSiSiSiSiSiSiSiSiSiSiSiSiSiSiSiSiSiSiSiSiSiSiSiSiSiSiSiSi
          30 Ge    -8278.09473    
GeGeGeGeGeGeGeGeSiSiSiGeGeSiSiGeGeSiSiSiSiSiSiSiSiGeSiSiSiGeSiSiSiSiSiGeSiSiSiSiSiSiSiSiSiSiSiSiSiSiSiSiSiSiSiSiSiSiSiSi
          36 Ge    -8251.74902    
GeGeGeGeGeGeGeGeSiSiSiGeGeSiSiGeGeSiSiSiSiSiSiSiSiGeSiSiSiGeSiSiSiSiSiGeSiSiGeSiSiSiSiSiSiSiSiSiSiSiSiSiSiSiSiSiSiSiSiSi
          39 Ge    -8919.22949    
GeGeGeGeGeGeGeGeSiSiSiGeGeSiSiGeGeSiSiSiSiSiSiSiSiGeSiSiSiGeSiSiSiSiSiGeSiSiGeGeSiSiSiSiSiSiSiSiSiSiSiSiSiSiSiSiSiSiSiSi
          40 Ge    -9146.50684    
GeGeGeGeGeGeGeGeSiSiSiGeGeSiSiGeGeSiSiSiSiSiSiSiSiGeSiSiSiGeSiSiSiSiSiGeSiSiGeGeSiGeSiSiSiSiSiSiSiSiSiSiSiSiSiSiSiSiSiSi
          42 Ge    -7567.05078    
GeGeGeGeGeGeGeGeSiSiSiGeGeSiSiGeGeSiSiSiSiSiSiSiSiGeSiSiSiGeSiSiSiSiSiGeSiSiGeGeSiGeSiSiGeSiSiSiSiSiSiSiSiSiSiSiSiSiSiSi
          45 Ge    -8216.86914    
GeGeGeGeGeGeGeGeSiSiSiGeGeSiSiGeGeSiSiSiSiSiSiSiSiGeSiSiSiGeSiSiSiSiSiGeSiSiGeGeSiGeSiSiGeGeSiSiSiSiSiSiSiSiSiSiSiSiSiSi
          46 Ge    -7882.21631    
GeGeGeGeGeGeGeGeSiSiSiGeGeSiSiGeGeSiSiSiSiSiSiSiSiGeSiSiSiGeSiSiSiSiSiGeSiSiGeGeSiGeSiSiGeGeSiSiGeSiSiSiSiSiSiSiSiSiSiSi
          49 Ge    -6581.89697    
GeGeGeGeGeGeGeGeSiSiSiGeGeSiSiGeGeSiSiSiSiSiSiSiSiGeSiSiSiGeSiSiSiSiSiGeSiSiGeGeSiGeSiSiGeGeSiSiGeSiSiSiSiSiSiSiSiGeSiSi
          58 Ge    -3919.06152    
GeGeGeGeGeGeGeGeSiGeSiGeGeSiSiGeGeSiSiSiSiSiSiSiSiGeSiSiSiGeSiSiSiSiSiGeSiSiGeGeSiGeSiSiGeGeSiSiGeSiSiSiSiSiSiSiSiGeSiSi
          10 Ge    -3307.20898    
GeGeGeGeGeGeGeGeSiGeGeGeGeSiSiGeGeSiSiSiSiSiSiSiSiGeSiSiSiGeSiSiSiSiSiGeSiSiGeGeSiGeSiSiGeGeSiSiGeSiSiSiSiSiSiSiSiGeSiSi
          11 Ge    -4670.19336    
GeGeGeGeGeGeGeGeSiGeGeGeGeGeSiGeGeSiSiSiSiSiSiSiSiGeSiSiSiGeSiSiSiSiSiGeSiSiGeGeSiGeSiSiGeGeSiSiGeSiSiSiSiSiSiSiSiGeSiSi
          14 Ge    -2699.16895    
GeGeGeGeGeGeGeGeSiGeGeGeGeGeGeGeGeSiSiSiSiSiSiSiSiGeSiSiSiGeSiSiSiSiSiGeSiSiGeGeSiGeSiSiGeGeSiSiGeSiSiSiSiSiSiSiSiGeSiSi
          15 Ge    -1612.82471    
GeGeGeGeGeGeGeGeSiGeGeGeGeGeGeGeGeSiSiSiSiSiGeSiSiGeSiSiSiGeSiSiSiSiSiGeSiSiGeGeSiGeSiSiGeGeSiSiGeSiSiSiSiSiSiSiSiGeSiSi
          23 Ge     1298.76465    
GeGeGeGeGeGeGeGeSiGeGeGeGeGeGeGeGeSiSiSiSiSiGeGeSiGeSiSiSiGeSiSiSiSiSiGeSiSiGeGeSiGeSiSiGeGeSiSiGeSiSiSiSiSiSiSiSiGeSiSi
          24 Ge     8032.58496    
GeGeGeGeGeGeGeGeSiGeGeGeGeGeGeGeGeSiSiSiSiSiGeGeSiGeSiGeSiGeSiSiSiSiSiGeSiSiGeGeSiGeSiSiGeGeSiSiGeSiSiSiSiSiSiSiSiGeSiSi
          28 Ge     10812.4766    
GeGeGeGeGeGeGeGeSiGeGeGeGeGeGeGeGeSiSiSiSiSiGeGeSiGeSiGeSiGeSiSiSiSiSiGeSiSiGeGeSiGeSiGeGeGeSiSiGeSiSiSiSiSiSiSiSiGeSiSi
          44 Ge     13089.9102    
GeGeGeGeGeGeGeGeSiGeGeGeGeGeGeGeGeSiSiSiSiSiGeGeSiGeSiGeSiGeSiSiSiSiSiGeSiSiGeGeSiGeSiGeGeGeSiSiGeSiGeSiSiSiSiSiSiGeSiSi
          51 Ge     10544.2559    
GeGeGeGeGeGeGeGeSiGeGeGeGeGeGeGeGeSiSiSiSiSiGeGeSiGeSiGeSiGeSiSiSiSiSiGeSiSiGeGeSiGeSiGeGeGeSiSiGeSiGeSiSiSiSiSiGeGeSiSi
          57 Ge     11011.5195    
GeGeGeGeGeGeGeGeGeGeGeGeGeGeGeGeGeSiSiSiSiSiGeGeSiGeSiGeSiGeSiSiSiSiSiGeSiSiGeGeSiGeSiGeGeGeSiSiGeSiGeSiSiSiSiSiGeGeSiSi
           9 Ge     14999.5254    
GeGeGeGeGeGeGeGeGeGeGeGeGeGeGeGeGeGeSiSiSiSiGeGeSiGeSiGeSiGeSiSiSiSiSiGeSiSiGeGeSiGeSiGeGeGeSiSiGeSiGeSiSiSiSiSiGeGeSiSi
          18 Ge     20075.7109    
GeGeGeGeGeGeGeGeGeGeGeGeGeGeGeGeGeGeSiSiGeSiGeGeSiGeSiGeSiGeSiSiSiSiSiGeSiSiGeGeSiGeSiGeGeGeSiSiGeSiGeSiSiSiSiSiGeGeSiSi
          21 Ge     29303.3008    
GeGeGeGeGeGeGeGeGeGeGeGeGeGeGeGeGeGeSiSiGeGeGeGeSiGeSiGeSiGeSiSiSiSiSiGeSiSiGeGeSiGeSiGeGeGeSiSiGeSiGeSiSiSiSiSiGeGeSiSi
          22 Ge     38234.9453    
GeGeGeGeGeGeGeGeGeGeGeGeGeGeGeGeGeGeSiSiGeGeGeGeSiGeSiGeGeGeSiSiSiSiSiGeSiSiGeGeSiGeSiGeGeGeSiSiGeSiGeSiSiSiSiSiGeGeSiSi
          29 Ge     49735.4922    
GeGeGeGeGeGeGeGeGeGeGeGeGeGeGeGeGeGeSiSiGeGeGeGeSiGeSiGeGeGeGeSiSiSiSiGeSiSiGeGeSiGeSiGeGeGeSiSiGeSiGeSiSiSiSiSiGeGeSiSi
          31 Ge     55151.2266    
GeGeGeGeGeGeGeGeGeGeGeGeGeGeGeGeGeGeSiSiGeGeGeGeSiGeSiGeGeGeGeGeSiSiSiGeSiSiGeGeSiGeSiGeGeGeSiSiGeSiGeSiSiSiSiSiGeGeSiSi
          32 Ge     62118.1406    
==============================================
MonteCarlo: Metropolis with identity changes
Si > Ge, Ge > Si. STOP when occurrence <    0.00000
==============================================
Cost_function     Occurrence %     Scan-Cost
     9099.2490234375 GeGeGeSiSiSiGeGeGeSiSiGeSiSiSiGeGeSiGeGeGeGeGeGeGeGeSiGeSiGeGeGeSiGeGeGeSiGeGeGeGeGeGeSiGeGeGeGeSiSiGeGeGeSiSiSiSiGeSiGe
     9099.2490234375 GeGeGeSiSiSiGeGeGeSiSiGeSiSiSiGeGeSiGeGeGeGeGeGeGeGeSiGeSiGeGeGeSiGeGeGeSiGeGeGeGeGeGeSiGeGeGeGeSiSiGeGeGeSiSiSiSiGeSiGe
     9099.2490234375 GeGeGeSiSiSiGeGeGeSiSiGeSiSiSiGeGeSiGeGeGeGeGeGeGeGeSiGeSiGeGeGeSiGeGeGeSiGeGeGeGeGeGeSiGeGeGeGeSiSiGeGeGeSiSiSiSiGeSiGe
     9099.2490234375 GeGeGeSiSiSiGeGeGeSiSiGeSiSiSiGeGeSiGeGeGeGeGeGeGeGeSiGeSiGeGeGeSiGeGeGeSiGeGeGeGeGeGeSiGeGeGeGeSiSiGeGeGeSiSiSiSiGeSiGe
     9099.2490234375 GeGeGeSiSiSiGeGeGeSiSiGeSiSiSiGeGeSiGeGeGeGeGeGeGeGeSiGeSiGeGeGeSiGeGeGeSiGeGeGeGeGeGeSiGeGeGeGeSiSiGeGeGeSiSiSiSiGeSiGe
     8144.9731445312 GeGeGeSiSiGeSiGeGeSiSiGeSiSiSiGeGeSiGeGeGeGeGeSiGeGeSiGeSiGeGeGeSiGeGeGeSiGeSiGeGeGeGeSiGeGeGeGeSiSiGeGeGeSiGeGeSiGeSiGe
     8144.9731445312 GeGeGeSiSiGeSiGeGeSiSiGeSiSiSiGeGeSiGeGeGeGeGeSiGeGeSiGeSiGeGeGeSiGeGeGeSiGeSiGeGeGeGeSiGeGeGeGeSiSiGeGeGeSiGeGeSiGeSiGe
     5036.8071289062 GeGeGeSiSiGeSiGeGeSiSiGeSiSiSiGeGeSiGeGeGeGeGeSiGeGeSiGeSiGeGeGeSiGeGeSiSiGeGeGeGeGeGeSiGeGeGeGeSiSiGeGeGeSiGeGeSiGeSiGe
     5036.8071289062 GeGeGeSiSiGeSiGeGeSiSiGeSiSiSiGeGeSiGeGeGeGeGeSiGeGeSiGeSiGeGeGeSiGeGeSiSiGeGeGeGeGeGeSiGeGeGeGeSiSiGeGeGeSiGeGeSiGeSiGe
     5036.8071289062 GeGeGeSiSiGeSiGeGeSiSiGeSiSiSiGeGeSiGeGeGeGeGeSiGeGeSiGeSiGeGeGeSiGeGeSiSiGeGeGeGeGeGeSiGeGeGeGeSiSiGeGeGeSiGeGeSiGeSiGe
     5036.8071289062 GeGeGeSiSiGeSiGeGeSiSiGeSiSiSiGeGeSiGeGeGeGeGeSiGeGeSiGeSiGeGeGeSiGeGeSiSiGeGeGeGeGeGeSiGeGeGeGeSiSiGeGeGeSiGeGeSiGeSiGe
     4368.6621093750 GeGeGeSiSiGeSiGeGeSiSiGeSiSiSiGeGeSiGeGeGeGeGeSiGeGeSiGeSiGeGeGeGeGeGeSiSiGeGeGeGeGeGeSiGeGeGeGeSiSiGeGeSiSiGeGeSiGeSiGe
     4368.6621093750 GeGeGeSiSiGeSiGeGeSiSiGeSiSiSiGeGeSiGeGeGeGeGeSiGeGeSiGeSiGeGeGeGeGeGeSiSiGeGeGeGeGeGeSiGeGeGeGeSiSiGeGeSiSiGeGeSiGeSiGe
     1533.2348632812 GeGeGeSiSiGeSiGeGeSiSiGeSiSiGeGeGeSiGeGeSiGeGeSiGeGeSiGeSiGeGeGeGeSiGeSiGeGeGeGeGeGeGeSiGeGeGeGeSiSiGeGeSiSiGeGeSiGeSiGe
     1533.2348632812 GeGeGeSiSiGeSiGeGeSiSiGeSiSiGeGeGeSiGeGeSiGeGeSiGeGeSiGeSiGeGeGeGeSiGeSiGeGeGeGeGeGeGeSiGeGeGeGeSiSiGeGeSiSiGeGeSiGeSiGe
     1533.2348632812 GeGeGeSiSiGeSiGeGeSiSiGeSiSiGeGeGeSiGeGeSiGeGeSiGeGeSiGeSiGeGeGeGeSiGeSiGeGeGeGeGeGeGeSiGeGeGeGeSiSiGeGeSiSiGeGeSiGeSiGe
     1533.2348632812 GeGeGeSiSiGeSiGeGeSiSiGeSiSiGeGeGeSiGeGeSiGeGeSiGeGeSiGeSiGeGeGeGeSiGeSiGeGeGeGeGeGeGeSiGeGeGeGeSiSiGeGeSiSiGeGeSiGeSiGe
     1533.2348632812 GeGeGeSiSiGeSiGeGeSiSiGeSiSiGeGeGeSiGeGeSiGeGeSiGeGeSiGeSiGeGeGeGeSiGeSiGeGeGeGeGeGeGeSiGeGeGeGeSiSiGeGeSiSiGeGeSiGeSiGe
     1533.2348632812 GeGeGeSiSiGeSiGeGeSiSiGeSiSiGeGeGeSiGeGeSiGeGeSiGeGeSiGeSiGeGeGeGeSiGeSiGeGeGeGeGeGeGeSiGeGeGeGeSiSiGeGeSiSiGeGeSiGeSiGe
     1533.2348632812 GeGeGeSiSiGeSiGeGeSiSiGeSiSiGeGeGeSiGeGeSiGeGeSiGeGeSiGeSiGeGeGeGeSiGeSiGeGeGeGeGeGeGeSiGeGeGeGeSiSiGeGeSiSiGeGeSiGeSiGe
     1533.2348632812 GeGeGeSiSiGeSiGeGeSiSiGeSiSiGeGeGeSiGeGeSiGeGeSiGeGeSiGeSiGeGeGeGeSiGeSiGeGeGeGeGeGeGeSiGeGeGeGeSiSiGeGeSiSiGeGeSiGeSiGe
     1533.2348632812 GeGeGeSiSiGeSiGeGeSiSiGeSiSiGeGeGeSiGeGeSiGeGeSiGeGeSiGeSiGeGeGeGeSiGeSiGeGeGeGeGeGeGeSiGeGeGeGeSiSiGeGeSiSiGeGeSiGeSiGe
     1533.2348632812 GeGeGeSiSiGeSiGeGeSiSiGeSiSiGeGeGeSiGeGeSiGeGeSiGeGeSiGeSiGeGeGeGeSiGeSiGeGeGeGeGeGeGeSiGeGeGeGeSiSiGeGeSiSiGeGeSiGeSiGe
     1533.2348632812 GeGeGeSiSiGeSiGeGeSiSiGeSiSiGeGeGeSiGeGeSiGeGeSiGeGeSiGeSiGeGeGeGeSiGeSiGeGeGeGeGeGeGeSiGeGeGeGeSiSiGeGeSiSiGeGeSiGeSiGe
     1533.2348632812 GeGeGeSiSiGeSiGeGeSiSiGeSiSiGeGeGeSiGeGeSiGeGeSiGeGeSiGeSiGeGeGeGeSiGeSiGeGeGeGeGeGeGeSiGeGeGeGeSiSiGeGeSiSiGeGeSiGeSiGe
     1533.2348632812 GeGeGeSiSiGeSiGeGeSiSiGeSiSiGeGeGeSiGeGeSiGeGeSiGeGeSiGeSiGeGeGeGeSiGeSiGeGeGeGeGeGeGeSiGeGeGeGeSiSiGeGeSiSiGeGeSiGeSiGe
     1533.2348632812 GeGeGeSiSiGeSiGeGeSiSiGeSiSiGeGeGeSiGeGeSiGeGeSiGeGeSiGeSiGeGeGeGeSiGeSiGeGeGeGeGeGeGeSiGeGeGeGeSiSiGeGeSiSiGeGeSiGeSiGe
     1533.2348632812 GeGeGeSiSiGeSiGeGeSiSiGeSiSiGeGeGeSiGeGeSiGeGeSiGeGeSiGeSiGeGeGeGeSiGeSiGeGeGeGeGeGeGeSiGeGeGeGeSiSiGeGeSiSiGeGeSiGeSiGe
     1533.2348632812 GeGeGeSiSiGeSiGeGeSiSiGeSiSiGeGeGeSiGeGeSiGeGeSiGeGeSiGeSiGeGeGeGeSiGeSiGeGeGeGeGeGeGeSiGeGeGeGeSiSiGeGeSiSiGeGeSiGeSiGe
     1533.2348632812 GeGeGeSiSiGeSiGeGeSiSiGeSiSiGeGeGeSiGeGeSiGeGeSiGeGeSiGeSiGeGeGeGeSiGeSiGeGeGeGeGeGeGeSiGeGeGeGeSiSiGeGeSiSiGeGeSiGeSiGe
     1533.2348632812 GeGeGeSiSiGeSiGeGeSiSiGeSiSiGeGeGeSiGeGeSiGeGeSiGeGeSiGeSiGeGeGeGeSiGeSiGeGeGeGeGeGeGeSiGeGeGeGeSiSiGeGeSiSiGeGeSiGeSiGe
     1533.2348632812 GeGeGeSiSiGeSiGeGeSiSiGeSiSiGeGeGeSiGeGeSiGeGeSiGeGeSiGeSiGeGeGeGeSiGeSiGeGeGeGeGeGeGeSiGeGeGeGeSiSiGeGeSiSiGeGeSiGeSiGe
     1533.2348632812 GeGeGeSiSiGeSiGeGeSiSiGeSiSiGeGeGeSiGeGeSiGeGeSiGeGeSiGeSiGeGeGeGeSiGeSiGeGeGeGeGeGeGeSiGeGeGeGeSiSiGeGeSiSiGeGeSiGeSiGe
     1533.2348632812 GeGeGeSiSiGeSiGeGeSiSiGeSiSiGeGeGeSiGeGeSiGeGeSiGeGeSiGeSiGeGeGeGeSiGeSiGeGeGeGeGeGeGeSiGeGeGeGeSiSiGeGeSiSiGeGeSiGeSiGe
     1533.2348632812 GeGeGeSiSiGeSiGeGeSiSiGeSiSiGeGeGeSiGeGeSiGeGeSiGeGeSiGeSiGeGeGeGeSiGeSiGeGeGeGeGeGeGeSiGeGeGeGeSiSiGeGeSiSiGeGeSiGeSiGe
     1533.2348632812 GeGeGeSiSiGeSiGeGeSiSiGeSiSiGeGeGeSiGeGeSiGeGeSiGeGeSiGeSiGeGeGeGeSiGeSiGeGeGeGeGeGeGeSiGeGeGeGeSiSiGeGeSiSiGeGeSiGeSiGe
     1533.2348632812 GeGeGeSiSiGeSiGeGeSiSiGeSiSiGeGeGeSiGeGeSiGeGeSiGeGeSiGeSiGeGeGeGeSiGeSiGeGeGeGeGeGeGeSiGeGeGeGeSiSiGeGeSiSiGeGeSiGeSiGe
     1533.2348632812 GeGeGeSiSiGeSiGeGeSiSiGeSiSiGeGeGeSiGeGeSiGeGeSiGeGeSiGeSiGeGeGeGeSiGeSiGeGeGeGeGeGeGeSiGeGeGeGeSiSiGeGeSiSiGeGeSiGeSiGe
     1533.2348632812 GeGeGeSiSiGeSiGeGeSiSiGeSiSiGeGeGeSiGeGeSiGeGeSiGeGeSiGeSiGeGeGeGeSiGeSiGeGeGeGeGeGeGeSiGeGeGeGeSiSiGeGeSiSiGeGeSiGeSiGe
     1533.2348632812 GeGeGeSiSiGeSiGeGeSiSiGeSiSiGeGeGeSiGeGeSiGeGeSiGeGeSiGeSiGeGeGeGeSiGeSiGeGeGeGeGeGeGeSiGeGeGeGeSiSiGeGeSiSiGeGeSiGeSiGe
     1533.2348632812 GeGeGeSiSiGeSiGeGeSiSiGeSiSiGeGeGeSiGeGeSiGeGeSiGeGeSiGeSiGeGeGeGeSiGeSiGeGeGeGeGeGeGeSiGeGeGeGeSiSiGeGeSiSiGeGeSiGeSiGe
     1533.2348632812 GeGeGeSiSiGeSiGeGeSiSiGeSiSiGeGeGeSiGeGeSiGeGeSiGeGeSiGeSiGeGeGeGeSiGeSiGeGeGeGeGeGeGeSiGeGeGeGeSiSiGeGeSiSiGeGeSiGeSiGe
     1533.2348632812 GeGeGeSiSiGeSiGeGeSiSiGeSiSiGeGeGeSiGeGeSiGeGeSiGeGeSiGeSiGeGeGeGeSiGeSiGeGeGeGeGeGeGeSiGeGeGeGeSiSiGeGeSiSiGeGeSiGeSiGe
     1533.2348632812 GeGeGeSiSiGeSiGeGeSiSiGeSiSiGeGeGeSiGeGeSiGeGeSiGeGeSiGeSiGeGeGeGeSiGeSiGeGeGeGeGeGeGeSiGeGeGeGeSiSiGeGeSiSiGeGeSiGeSiGe
     1533.2348632812 GeGeGeSiSiGeSiGeGeSiSiGeSiSiGeGeGeSiGeGeSiGeGeSiGeGeSiGeSiGeGeGeGeSiGeSiGeGeGeGeGeGeGeSiGeGeGeGeSiSiGeGeSiSiGeGeSiGeSiGe
     1533.2348632812 GeGeGeSiSiGeSiGeGeSiSiGeSiSiGeGeGeSiGeGeSiGeGeSiGeGeSiGeSiGeGeGeGeSiGeSiGeGeGeGeGeGeGeSiGeGeGeGeSiSiGeGeSiSiGeGeSiGeSiGe
     1533.2348632812 GeGeGeSiSiGeSiGeGeSiSiGeSiSiGeGeGeSiGeGeSiGeGeSiGeGeSiGeSiGeGeGeGeSiGeSiGeGeGeGeGeGeGeSiGeGeGeGeSiSiGeGeSiSiGeGeSiGeSiGe
     1533.2348632812 GeGeGeSiSiGeSiGeGeSiSiGeSiSiGeGeGeSiGeGeSiGeGeSiGeGeSiGeSiGeGeGeGeSiGeSiGeGeGeGeGeGeGeSiGeGeGeGeSiSiGeGeSiSiGeGeSiGeSiGe
     1533.2348632812 GeGeGeSiSiGeSiGeGeSiSiGeSiSiGeGeGeSiGeGeSiGeGeSiGeGeSiGeSiGeGeGeGeSiGeSiGeGeGeGeGeGeGeSiGeGeGeGeSiSiGeGeSiSiGeGeSiGeSiGe
     1533.2348632812 GeGeGeSiSiGeSiGeGeSiSiGeSiSiGeGeGeSiGeGeSiGeGeSiGeGeSiGeSiGeGeGeGeSiGeSiGeGeGeGeGeGeGeSiGeGeGeGeSiSiGeGeSiSiGeGeSiGeSiGe
     1533.2348632812 GeGeGeSiSiGeSiGeGeSiSiGeSiSiGeGeGeSiGeGeSiGeGeSiGeGeSiGeSiGeGeGeGeSiGeSiGeGeGeGeGeGeGeSiGeGeGeGeSiSiGeGeSiSiGeGeSiGeSiGe
     1533.2348632812 GeGeGeSiSiGeSiGeGeSiSiGeSiSiGeGeGeSiGeGeSiGeGeSiGeGeSiGeSiGeGeGeGeSiGeSiGeGeGeGeGeGeGeSiGeGeGeGeSiSiGeGeSiSiGeGeSiGeSiGe
     1533.2348632812 GeGeGeSiSiGeSiGeGeSiSiGeSiSiGeGeGeSiGeGeSiGeGeSiGeGeSiGeSiGeGeGeGeSiGeSiGeGeGeGeGeGeGeSiGeGeGeGeSiSiGeGeSiSiGeGeSiGeSiGe
     1533.2348632812 GeGeGeSiSiGeSiGeGeSiSiGeSiSiGeGeGeSiGeGeSiGeGeSiGeGeSiGeSiGeGeGeGeSiGeSiGeGeGeGeGeGeGeSiGeGeGeGeSiSiGeGeSiSiGeGeSiGeSiGe
     1533.2348632812 GeGeGeSiSiGeSiGeGeSiSiGeSiSiGeGeGeSiGeGeSiGeGeSiGeGeSiGeSiGeGeGeGeSiGeSiGeGeGeGeGeGeGeSiGeGeGeGeSiSiGeGeSiSiGeGeSiGeSiGe
     1533.2348632812 GeGeGeSiSiGeSiGeGeSiSiGeSiSiGeGeGeSiGeGeSiGeGeSiGeGeSiGeSiGeGeGeGeSiGeSiGeGeGeGeGeGeGeSiGeGeGeGeSiSiGeGeSiSiGeGeSiGeSiGe
     1533.2348632812 GeGeGeSiSiGeSiGeGeSiSiGeSiSiGeGeGeSiGeGeSiGeGeSiGeGeSiGeSiGeGeGeGeSiGeSiGeGeGeGeGeGeGeSiGeGeGeGeSiSiGeGeSiSiGeGeSiGeSiGe
     1533.2348632812 GeGeGeSiSiGeSiGeGeSiSiGeSiSiGeGeGeSiGeGeSiGeGeSiGeGeSiGeSiGeGeGeGeSiGeSiGeGeGeGeGeGeGeSiGeGeGeGeSiSiGeGeSiSiGeGeSiGeSiGe
     1533.2348632812 GeGeGeSiSiGeSiGeGeSiSiGeSiSiGeGeGeSiGeGeSiGeGeSiGeGeSiGeSiGeGeGeGeSiGeSiGeGeGeGeGeGeGeSiGeGeGeGeSiSiGeGeSiSiGeGeSiGeSiGe
     1533.2348632812 GeGeGeSiSiGeSiGeGeSiSiGeSiSiGeGeGeSiGeGeSiGeGeSiGeGeSiGeSiGeGeGeGeSiGeSiGeGeGeGeGeGeGeSiGeGeGeGeSiSiGeGeSiSiGeGeSiGeSiGe
     1533.2348632812 GeGeGeSiSiGeSiGeGeSiSiGeSiSiGeGeGeSiGeGeSiGeGeSiGeGeSiGeSiGeGeGeGeSiGeSiGeGeGeGeGeGeGeSiGeGeGeGeSiSiGeGeSiSiGeGeSiGeSiGe
     1533.2348632812 GeGeGeSiSiGeSiGeGeSiSiGeSiSiGeGeGeSiGeGeSiGeGeSiGeGeSiGeSiGeGeGeGeSiGeSiGeGeGeGeGeGeGeSiGeGeGeGeSiSiGeGeSiSiGeGeSiGeSiGe
     1533.2348632812 GeGeGeSiSiGeSiGeGeSiSiGeSiSiGeGeGeSiGeGeSiGeGeSiGeGeSiGeSiGeGeGeGeSiGeSiGeGeGeGeGeGeGeSiGeGeGeGeSiSiGeGeSiSiGeGeSiGeSiGe
     1533.2348632812 GeGeGeSiSiGeSiGeGeSiSiGeSiSiGeGeGeSiGeGeSiGeGeSiGeGeSiGeSiGeGeGeGeSiGeSiGeGeGeGeGeGeGeSiGeGeGeGeSiSiGeGeSiSiGeGeSiGeSiGe
     1533.2348632812 GeGeGeSiSiGeSiGeGeSiSiGeSiSiGeGeGeSiGeGeSiGeGeSiGeGeSiGeSiGeGeGeGeSiGeSiGeGeGeGeGeGeGeSiGeGeGeGeSiSiGeGeSiSiGeGeSiGeSiGe
     1533.2348632812 GeGeGeSiSiGeSiGeGeSiSiGeSiSiGeGeGeSiGeGeSiGeGeSiGeGeSiGeSiGeGeGeGeSiGeSiGeGeGeGeGeGeGeSiGeGeGeGeSiSiGeGeSiSiGeGeSiGeSiGe
     1533.2348632812 GeGeGeSiSiGeSiGeGeSiSiGeSiSiGeGeGeSiGeGeSiGeGeSiGeGeSiGeSiGeGeGeGeSiGeSiGeGeGeGeGeGeGeSiGeGeGeGeSiSiGeGeSiSiGeGeSiGeSiGe
     1533.2348632812 GeGeGeSiSiGeSiGeGeSiSiGeSiSiGeGeGeSiGeGeSiGeGeSiGeGeSiGeSiGeGeGeGeSiGeSiGeGeGeGeGeGeGeSiGeGeGeGeSiSiGeGeSiSiGeGeSiGeSiGe
     1533.2348632812 GeGeGeSiSiGeSiGeGeSiSiGeSiSiGeGeGeSiGeGeSiGeGeSiGeGeSiGeSiGeGeGeGeSiGeSiGeGeGeGeGeGeGeSiGeGeGeGeSiSiGeGeSiSiGeGeSiGeSiGe
     1533.2348632812 GeGeGeSiSiGeSiGeGeSiSiGeSiSiGeGeGeSiGeGeSiGeGeSiGeGeSiGeSiGeGeGeGeSiGeSiGeGeGeGeGeGeGeSiGeGeGeGeSiSiGeGeSiSiGeGeSiGeSiGe
     1533.2348632812 GeGeGeSiSiGeSiGeGeSiSiGeSiSiGeGeGeSiGeGeSiGeGeSiGeGeSiGeSiGeGeGeGeSiGeSiGeGeGeGeGeGeGeSiGeGeGeGeSiSiGeGeSiSiGeGeSiGeSiGe
     1533.2348632812 GeGeGeSiSiGeSiGeGeSiSiGeSiSiGeGeGeSiGeGeSiGeGeSiGeGeSiGeSiGeGeGeGeSiGeSiGeGeGeGeGeGeGeSiGeGeGeGeSiSiGeGeSiSiGeGeSiGeSiGe
     1533.2348632812 GeGeGeSiSiGeSiGeGeSiSiGeSiSiGeGeGeSiGeGeSiGeGeSiGeGeSiGeSiGeGeGeGeSiGeSiGeGeGeGeGeGeGeSiGeGeGeGeSiSiGeGeSiSiGeGeSiGeSiGe
     1533.2348632812 GeGeGeSiSiGeSiGeGeSiSiGeSiSiGeGeGeSiGeGeSiGeGeSiGeGeSiGeSiGeGeGeGeSiGeSiGeGeGeGeGeGeGeSiGeGeGeGeSiSiGeGeSiSiGeGeSiGeSiGe
     1533.2348632812 GeGeGeSiSiGeSiGeGeSiSiGeSiSiGeGeGeSiGeGeSiGeGeSiGeGeSiGeSiGeGeGeGeSiGeSiGeGeGeGeGeGeGeSiGeGeGeGeSiSiGeGeSiSiGeGeSiGeSiGe
     1533.2348632812 GeGeGeSiSiGeSiGeGeSiSiGeSiSiGeGeGeSiGeGeSiGeGeSiGeGeSiGeSiGeGeGeGeSiGeSiGeGeGeGeGeGeGeSiGeGeGeGeSiSiGeGeSiSiGeGeSiGeSiGe
     1533.2348632812 GeGeGeSiSiGeSiGeGeSiSiGeSiSiGeGeGeSiGeGeSiGeGeSiGeGeSiGeSiGeGeGeGeSiGeSiGeGeGeGeGeGeGeSiGeGeGeGeSiSiGeGeSiSiGeGeSiGeSiGe
     1533.2348632812 GeGeGeSiSiGeSiGeGeSiSiGeSiSiGeGeGeSiGeGeSiGeGeSiGeGeSiGeSiGeGeGeGeSiGeSiGeGeGeGeGeGeGeSiGeGeGeGeSiSiGeGeSiSiGeGeSiGeSiGe
     1533.2348632812 GeGeGeSiSiGeSiGeGeSiSiGeSiSiGeGeGeSiGeGeSiGeGeSiGeGeSiGeSiGeGeGeGeSiGeSiGeGeGeGeGeGeGeSiGeGeGeGeSiSiGeGeSiSiGeGeSiGeSiGe
     1533.2348632812 GeGeGeSiSiGeSiGeGeSiSiGeSiSiGeGeGeSiGeGeSiGeGeSiGeGeSiGeSiGeGeGeGeSiGeSiGeGeGeGeGeGeGeSiGeGeGeGeSiSiGeGeSiSiGeGeSiGeSiGe
     1533.2348632812 GeGeGeSiSiGeSiGeGeSiSiGeSiSiGeGeGeSiGeGeSiGeGeSiGeGeSiGeSiGeGeGeGeSiGeSiGeGeGeGeGeGeGeSiGeGeGeGeSiSiGeGeSiSiGeGeSiGeSiGe
     1533.2348632812 GeGeGeSiSiGeSiGeGeSiSiGeSiSiGeGeGeSiGeGeSiGeGeSiGeGeSiGeSiGeGeGeGeSiGeSiGeGeGeGeGeGeGeSiGeGeGeGeSiSiGeGeSiSiGeGeSiGeSiGe
     1533.2348632812 GeGeGeSiSiGeSiGeGeSiSiGeSiSiGeGeGeSiGeGeSiGeGeSiGeGeSiGeSiGeGeGeGeSiGeSiGeGeGeGeGeGeGeSiGeGeGeGeSiSiGeGeSiSiGeGeSiGeSiGe
     1533.2348632812 GeGeGeSiSiGeSiGeGeSiSiGeSiSiGeGeGeSiGeGeSiGeGeSiGeGeSiGeSiGeGeGeGeSiGeSiGeGeGeGeGeGeGeSiGeGeGeGeSiSiGeGeSiSiGeGeSiGeSiGe
     1533.2348632812 GeGeGeSiSiGeSiGeGeSiSiGeSiSiGeGeGeSiGeGeSiGeGeSiGeGeSiGeSiGeGeGeGeSiGeSiGeGeGeGeGeGeGeSiGeGeGeGeSiSiGeGeSiSiGeGeSiGeSiGe
     1533.2348632812 GeGeGeSiSiGeSiGeGeSiSiGeSiSiGeGeGeSiGeGeSiGeGeSiGeGeSiGeSiGeGeGeGeSiGeSiGeGeGeGeGeGeGeSiGeGeGeGeSiSiGeGeSiSiGeGeSiGeSiGe
     1533.2348632812 GeGeGeSiSiGeSiGeGeSiSiGeSiSiGeGeGeSiGeGeSiGeGeSiGeGeSiGeSiGeGeGeGeSiGeSiGeGeGeGeGeGeGeSiGeGeGeGeSiSiGeGeSiSiGeGeSiGeSiGe
     1533.2348632812 GeGeGeSiSiGeSiGeGeSiSiGeSiSiGeGeGeSiGeGeSiGeGeSiGeGeSiGeSiGeGeGeGeSiGeSiGeGeGeGeGeGeGeSiGeGeGeGeSiSiGeGeSiSiGeGeSiGeSiGe
     1533.2348632812 GeGeGeSiSiGeSiGeGeSiSiGeSiSiGeGeGeSiGeGeSiGeGeSiGeGeSiGeSiGeGeGeGeSiGeSiGeGeGeGeGeGeGeSiGeGeGeGeSiSiGeGeSiSiGeGeSiGeSiGe
     1533.2348632812 GeGeGeSiSiGeSiGeGeSiSiGeSiSiGeGeGeSiGeGeSiGeGeSiGeGeSiGeSiGeGeGeGeSiGeSiGeGeGeGeGeGeGeSiGeGeGeGeSiSiGeGeSiSiGeGeSiGeSiGe
     1533.2348632812 GeGeGeSiSiGeSiGeGeSiSiGeSiSiGeGeGeSiGeGeSiGeGeSiGeGeSiGeSiGeGeGeGeSiGeSiGeGeGeGeGeGeGeSiGeGeGeGeSiSiGeGeSiSiGeGeSiGeSiGe
     1533.2348632812 GeGeGeSiSiGeSiGeGeSiSiGeSiSiGeGeGeSiGeGeSiGeGeSiGeGeSiGeSiGeGeGeGeSiGeSiGeGeGeGeGeGeGeSiGeGeGeGeSiSiGeGeSiSiGeGeSiGeSiGe
     1533.2348632812 GeGeGeSiSiGeSiGeGeSiSiGeSiSiGeGeGeSiGeGeSiGeGeSiGeGeSiGeSiGeGeGeGeSiGeSiGeGeGeGeGeGeGeSiGeGeGeGeSiSiGeGeSiSiGeGeSiGeSiGe
     1533.2348632812 GeGeGeSiSiGeSiGeGeSiSiGeSiSiGeGeGeSiGeGeSiGeGeSiGeGeSiGeSiGeGeGeGeSiGeSiGeGeGeGeGeGeGeSiGeGeGeGeSiSiGeGeSiSiGeGeSiGeSiGe
     1533.2348632812 GeGeGeSiSiGeSiGeGeSiSiGeSiSiGeGeGeSiGeGeSiGeGeSiGeGeSiGeSiGeGeGeGeSiGeSiGeGeGeGeGeGeGeSiGeGeGeGeSiSiGeGeSiSiGeGeSiGeSiGe
     1533.2348632812 GeGeGeSiSiGeSiGeGeSiSiGeSiSiGeGeGeSiGeGeSiGeGeSiGeGeSiGeSiGeGeGeGeSiGeSiGeGeGeGeGeGeGeSiGeGeGeGeSiSiGeGeSiSiGeGeSiGeSiGe
     1533.2348632812 GeGeGeSiSiGeSiGeGeSiSiGeSiSiGeGeGeSiGeGeSiGeGeSiGeGeSiGeSiGeGeGeGeSiGeSiGeGeGeGeGeGeGeSiGeGeGeGeSiSiGeGeSiSiGeGeSiGeSiGe
     1533.2348632812 GeGeGeSiSiGeSiGeGeSiSiGeSiSiGeGeGeSiGeGeSiGeGeSiGeGeSiGeSiGeGeGeGeSiGeSiGeGeGeGeGeGeGeSiGeGeGeGeSiSiGeGeSiSiGeGeSiGeSiGe
     1533.2348632812 GeGeGeSiSiGeSiGeGeSiSiGeSiSiGeGeGeSiGeGeSiGeGeSiGeGeSiGeSiGeGeGeGeSiGeSiGeGeGeGeGeGeGeSiGeGeGeGeSiSiGeGeSiSiGeGeSiGeSiGe
     1533.2348632812 GeGeGeSiSiGeSiGeGeSiSiGeSiSiGeGeGeSiGeGeSiGeGeSiGeGeSiGeSiGeGeGeGeSiGeSiGeGeGeGeGeGeGeSiGeGeGeGeSiSiGeGeSiSiGeGeSiGeSiGe
     1533.2348632812 GeGeGeSiSiGeSiGeGeSiSiGeSiSiGeGeGeSiGeGeSiGeGeSiGeGeSiGeSiGeGeGeGeSiGeSiGeGeGeGeGeGeGeSiGeGeGeGeSiSiGeGeSiSiGeGeSiGeSiGe
     1533.2348632812 GeGeGeSiSiGeSiGeGeSiSiGeSiSiGeGeGeSiGeGeSiGeGeSiGeGeSiGeSiGeGeGeGeSiGeSiGeGeGeGeGeGeGeSiGeGeGeGeSiSiGeGeSiSiGeGeSiGeSiGe
     1533.2348632812 GeGeGeSiSiGeSiGeGeSiSiGeSiSiGeGeGeSiGeGeSiGeGeSiGeGeSiGeSiGeGeGeGeSiGeSiGeGeGeGeGeGeGeSiGeGeGeGeSiSiGeGeSiSiGeGeSiGeSiGe
     1533.2348632812 GeGeGeSiSiGeSiGeGeSiSiGeSiSiGeGeGeSiGeGeSiGeGeSiGeGeSiGeSiGeGeGeGeSiGeSiGeGeGeGeGeGeGeSiGeGeGeGeSiSiGeGeSiSiGeGeSiGeSiGe
     1533.2348632812 GeGeGeSiSiGeSiGeGeSiSiGeSiSiGeGeGeSiGeGeSiGeGeSiGeGeSiGeSiGeGeGeGeSiGeSiGeGeGeGeGeGeGeSiGeGeGeGeSiSiGeGeSiSiGeGeSiGeSiGe
     1533.2348632812 GeGeGeSiSiGeSiGeGeSiSiGeSiSiGeGeGeSiGeGeSiGeGeSiGeGeSiGeSiGeGeGeGeSiGeSiGeGeGeGeGeGeGeSiGeGeGeGeSiSiGeGeSiSiGeGeSiGeSiGe
     1533.2348632812 GeGeGeSiSiGeSiGeGeSiSiGeSiSiGeGeGeSiGeGeSiGeGeSiGeGeSiGeSiGeGeGeGeSiGeSiGeGeGeGeGeGeGeSiGeGeGeGeSiSiGeGeSiSiGeGeSiGeSiGe
     1533.2348632812 GeGeGeSiSiGeSiGeGeSiSiGeSiSiGeGeGeSiGeGeSiGeGeSiGeGeSiGeSiGeGeGeGeSiGeSiGeGeGeGeGeGeGeSiGeGeGeGeSiSiGeGeSiSiGeGeSiGeSiGe
     1533.2348632812 GeGeGeSiSiGeSiGeGeSiSiGeSiSiGeGeGeSiGeGeSiGeGeSiGeGeSiGeSiGeGeGeGeSiGeSiGeGeGeGeGeGeGeSiGeGeGeGeSiSiGeGeSiSiGeGeSiGeSiGe
     1533.2348632812 GeGeGeSiSiGeSiGeGeSiSiGeSiSiGeGeGeSiGeGeSiGeGeSiGeGeSiGeSiGeGeGeGeSiGeSiGeGeGeGeGeGeGeSiGeGeGeGeSiSiGeGeSiSiGeGeSiGeSiGe
     1533.2348632812 GeGeGeSiSiGeSiGeGeSiSiGeSiSiGeGeGeSiGeGeSiGeGeSiGeGeSiGeSiGeGeGeGeSiGeSiGeGeGeGeGeGeGeSiGeGeGeGeSiSiGeGeSiSiGeGeSiGeSiGe
     1533.2348632812 GeGeGeSiSiGeSiGeGeSiSiGeSiSiGeGeGeSiGeGeSiGeGeSiGeGeSiGeSiGeGeGeGeSiGeSiGeGeGeGeGeGeGeSiGeGeGeGeSiSiGeGeSiSiGeGeSiGeSiGe
     1533.2348632812 GeGeGeSiSiGeSiGeGeSiSiGeSiSiGeGeGeSiGeGeSiGeGeSiGeGeSiGeSiGeGeGeGeSiGeSiGeGeGeGeGeGeGeSiGeGeGeGeSiSiGeGeSiSiGeGeSiGeSiGe
     1533.2348632812 GeGeGeSiSiGeSiGeGeSiSiGeSiSiGeGeGeSiGeGeSiGeGeSiGeGeSiGeSiGeGeGeGeSiGeSiGeGeGeGeGeGeGeSiGeGeGeGeSiSiGeGeSiSiGeGeSiGeSiGe
     1533.2348632812 GeGeGeSiSiGeSiGeGeSiSiGeSiSiGeGeGeSiGeGeSiGeGeSiGeGeSiGeSiGeGeGeGeSiGeSiGeGeGeGeGeGeGeSiGeGeGeGeSiSiGeGeSiSiGeGeSiGeSiGe
     1533.2348632812 GeGeGeSiSiGeSiGeGeSiSiGeSiSiGeGeGeSiGeGeSiGeGeSiGeGeSiGeSiGeGeGeGeSiGeSiGeGeGeGeGeGeGeSiGeGeGeGeSiSiGeGeSiSiGeGeSiGeSiGe
     1533.2348632812 GeGeGeSiSiGeSiGeGeSiSiGeSiSiGeGeGeSiGeGeSiGeGeSiGeGeSiGeSiGeGeGeGeSiGeSiGeGeGeGeGeGeGeSiGeGeGeGeSiSiGeGeSiSiGeGeSiGeSiGe
     1533.2348632812 GeGeGeSiSiGeSiGeGeSiSiGeSiSiGeGeGeSiGeGeSiGeGeSiGeGeSiGeSiGeGeGeGeSiGeSiGeGeGeGeGeGeGeSiGeGeGeGeSiSiGeGeSiSiGeGeSiGeSiGe
     1533.2348632812 GeGeGeSiSiGeSiGeGeSiSiGeSiSiGeGeGeSiGeGeSiGeGeSiGeGeSiGeSiGeGeGeGeSiGeSiGeGeGeGeGeGeGeSiGeGeGeGeSiSiGeGeSiSiGeGeSiGeSiGe
     1533.2348632812 GeGeGeSiSiGeSiGeGeSiSiGeSiSiGeGeGeSiGeGeSiGeGeSiGeGeSiGeSiGeGeGeGeSiGeSiGeGeGeGeGeGeGeSiGeGeGeGeSiSiGeGeSiSiGeGeSiGeSiGe
     1533.2348632812 GeGeGeSiSiGeSiGeGeSiSiGeSiSiGeGeGeSiGeGeSiGeGeSiGeGeSiGeSiGeGeGeGeSiGeSiGeGeGeGeGeGeGeSiGeGeGeGeSiSiGeGeSiSiGeGeSiGeSiGe
     1533.2348632812 GeGeGeSiSiGeSiGeGeSiSiGeSiSiGeGeGeSiGeGeSiGeGeSiGeGeSiGeSiGeGeGeGeSiGeSiGeGeGeGeGeGeGeSiGeGeGeGeSiSiGeGeSiSiGeGeSiGeSiGe
     1533.2348632812 GeGeGeSiSiGeSiGeGeSiSiGeSiSiGeGeGeSiGeGeSiGeGeSiGeGeSiGeSiGeGeGeGeSiGeSiGeGeGeGeGeGeGeSiGeGeGeGeSiSiGeGeSiSiGeGeSiGeSiGe
     1533.2348632812 GeGeGeSiSiGeSiGeGeSiSiGeSiSiGeGeGeSiGeGeSiGeGeSiGeGeSiGeSiGeGeGeGeSiGeSiGeGeGeGeGeGeGeSiGeGeGeGeSiSiGeGeSiSiGeGeSiGeSiGe
     1533.2348632812 GeGeGeSiSiGeSiGeGeSiSiGeSiSiGeGeGeSiGeGeSiGeGeSiGeGeSiGeSiGeGeGeGeSiGeSiGeGeGeGeGeGeGeSiGeGeGeGeSiSiGeGeSiSiGeGeSiGeSiGe
     1533.2348632812 GeGeGeSiSiGeSiGeGeSiSiGeSiSiGeGeGeSiGeGeSiGeGeSiGeGeSiGeSiGeGeGeGeSiGeSiGeGeGeGeGeGeGeSiGeGeGeGeSiSiGeGeSiSiGeGeSiGeSiGe
     1533.2348632812 GeGeGeSiSiGeSiGeGeSiSiGeSiSiGeGeGeSiGeGeSiGeGeSiGeGeSiGeSiGeGeGeGeSiGeSiGeGeGeGeGeGeGeSiGeGeGeGeSiSiGeGeSiSiGeGeSiGeSiGe
     1533.2348632812 GeGeGeSiSiGeSiGeGeSiSiGeSiSiGeGeGeSiGeGeSiGeGeSiGeGeSiGeSiGeGeGeGeSiGeSiGeGeGeGeGeGeGeSiGeGeGeGeSiSiGeGeSiSiGeGeSiGeSiGe
     1533.2348632812 GeGeGeSiSiGeSiGeGeSiSiGeSiSiGeGeGeSiGeGeSiGeGeSiGeGeSiGeSiGeGeGeGeSiGeSiGeGeGeGeGeGeGeSiGeGeGeGeSiSiGeGeSiSiGeGeSiGeSiGe
     1533.2348632812 GeGeGeSiSiGeSiGeGeSiSiGeSiSiGeGeGeSiGeGeSiGeGeSiGeGeSiGeSiGeGeGeGeSiGeSiGeGeGeGeGeGeGeSiGeGeGeGeSiSiGeGeSiSiGeGeSiGeSiGe
     1533.2348632812 GeGeGeSiSiGeSiGeGeSiSiGeSiSiGeGeGeSiGeGeSiGeGeSiGeGeSiGeSiGeGeGeGeSiGeSiGeGeGeGeGeGeGeSiGeGeGeGeSiSiGeGeSiSiGeGeSiGeSiGe
     1533.2348632812 GeGeGeSiSiGeSiGeGeSiSiGeSiSiGeGeGeSiGeGeSiGeGeSiGeGeSiGeSiGeGeGeGeSiGeSiGeGeGeGeGeGeGeSiGeGeGeGeSiSiGeGeSiSiGeGeSiGeSiGe
     1533.2348632812 GeGeGeSiSiGeSiGeGeSiSiGeSiSiGeGeGeSiGeGeSiGeGeSiGeGeSiGeSiGeGeGeGeSiGeSiGeGeGeGeGeGeGeSiGeGeGeGeSiSiGeGeSiSiGeGeSiGeSiGe
     1533.2348632812 GeGeGeSiSiGeSiGeGeSiSiGeSiSiGeGeGeSiGeGeSiGeGeSiGeGeSiGeSiGeGeGeGeSiGeSiGeGeGeGeGeGeGeSiGeGeGeGeSiSiGeGeSiSiGeGeSiGeSiGe
     1533.2348632812 GeGeGeSiSiGeSiGeGeSiSiGeSiSiGeGeGeSiGeGeSiGeGeSiGeGeSiGeSiGeGeGeGeSiGeSiGeGeGeGeGeGeGeSiGeGeGeGeSiSiGeGeSiSiGeGeSiGeSiGe
     1533.2348632812 GeGeGeSiSiGeSiGeGeSiSiGeSiSiGeGeGeSiGeGeSiGeGeSiGeGeSiGeSiGeGeGeGeSiGeSiGeGeGeGeGeGeGeSiGeGeGeGeSiSiGeGeSiSiGeGeSiGeSiGe
     1533.2348632812 GeGeGeSiSiGeSiGeGeSiSiGeSiSiGeGeGeSiGeGeSiGeGeSiGeGeSiGeSiGeGeGeGeSiGeSiGeGeGeGeGeGeGeSiGeGeGeGeSiSiGeGeSiSiGeGeSiGeSiGe
     1533.2348632812 GeGeGeSiSiGeSiGeGeSiSiGeSiSiGeGeGeSiGeGeSiGeGeSiGeGeSiGeSiGeGeGeGeSiGeSiGeGeGeGeGeGeGeSiGeGeGeGeSiSiGeGeSiSiGeGeSiGeSiGe
     1533.2348632812 GeGeGeSiSiGeSiGeGeSiSiGeSiSiGeGeGeSiGeGeSiGeGeSiGeGeSiGeSiGeGeGeGeSiGeSiGeGeGeGeGeGeGeSiGeGeGeGeSiSiGeGeSiSiGeGeSiGeSiGe
     1533.2348632812 GeGeGeSiSiGeSiGeGeSiSiGeSiSiGeGeGeSiGeGeSiGeGeSiGeGeSiGeSiGeGeGeGeSiGeSiGeGeGeGeGeGeGeSiGeGeGeGeSiSiGeGeSiSiGeGeSiGeSiGe
     1533.2348632812 GeGeGeSiSiGeSiGeGeSiSiGeSiSiGeGeGeSiGeGeSiGeGeSiGeGeSiGeSiGeGeGeGeSiGeSiGeGeGeGeGeGeGeSiGeGeGeGeSiSiGeGeSiSiGeGeSiGeSiGe
     1533.2348632812 GeGeGeSiSiGeSiGeGeSiSiGeSiSiGeGeGeSiGeGeSiGeGeSiGeGeSiGeSiGeGeGeGeSiGeSiGeGeGeGeGeGeGeSiGeGeGeGeSiSiGeGeSiSiGeGeSiGeSiGe
     1533.2348632812 GeGeGeSiSiGeSiGeGeSiSiGeSiSiGeGeGeSiGeGeSiGeGeSiGeGeSiGeSiGeGeGeGeSiGeSiGeGeGeGeGeGeGeSiGeGeGeGeSiSiGeGeSiSiGeGeSiGeSiGe
     1533.2348632812 GeGeGeSiSiGeSiGeGeSiSiGeSiSiGeGeGeSiGeGeSiGeGeSiGeGeSiGeSiGeGeGeGeSiGeSiGeGeGeGeGeGeGeSiGeGeGeGeSiSiGeGeSiSiGeGeSiGeSiGe
     1533.2348632812 GeGeGeSiSiGeSiGeGeSiSiGeSiSiGeGeGeSiGeGeSiGeGeSiGeGeSiGeSiGeGeGeGeSiGeSiGeGeGeGeGeGeGeSiGeGeGeGeSiSiGeGeSiSiGeGeSiGeSiGe
     1533.2348632812 GeGeGeSiSiGeSiGeGeSiSiGeSiSiGeGeGeSiGeGeSiGeGeSiGeGeSiGeSiGeGeGeGeSiGeSiGeGeGeGeGeGeGeSiGeGeGeGeSiSiGeGeSiSiGeGeSiGeSiGe
     1533.2348632812 GeGeGeSiSiGeSiGeGeSiSiGeSiSiGeGeGeSiGeGeSiGeGeSiGeGeSiGeSiGeGeGeGeSiGeSiGeGeGeGeGeGeGeSiGeGeGeGeSiSiGeGeSiSiGeGeSiGeSiGe
     1533.2348632812 GeGeGeSiSiGeSiGeGeSiSiGeSiSiGeGeGeSiGeGeSiGeGeSiGeGeSiGeSiGeGeGeGeSiGeSiGeGeGeGeGeGeGeSiGeGeGeGeSiSiGeGeSiSiGeGeSiGeSiGe
     1533.2348632812 GeGeGeSiSiGeSiGeGeSiSiGeSiSiGeGeGeSiGeGeSiGeGeSiGeGeSiGeSiGeGeGeGeSiGeSiGeGeGeGeGeGeGeSiGeGeGeGeSiSiGeGeSiSiGeGeSiGeSiGe
     1533.2348632812 GeGeGeSiSiGeSiGeGeSiSiGeSiSiGeGeGeSiGeGeSiGeGeSiGeGeSiGeSiGeGeGeGeSiGeSiGeGeGeGeGeGeGeSiGeGeGeGeSiSiGeGeSiSiGeGeSiGeSiGe
     1533.2348632812 GeGeGeSiSiGeSiGeGeSiSiGeSiSiGeGeGeSiGeGeSiGeGeSiGeGeSiGeSiGeGeGeGeSiGeSiGeGeGeGeGeGeGeSiGeGeGeGeSiSiGeGeSiSiGeGeSiGeSiGe
     1533.2348632812 GeGeGeSiSiGeSiGeGeSiSiGeSiSiGeGeGeSiGeGeSiGeGeSiGeGeSiGeSiGeGeGeGeSiGeSiGeGeGeGeGeGeGeSiGeGeGeGeSiSiGeGeSiSiGeGeSiGeSiGe
     1533.2348632812 GeGeGeSiSiGeSiGeGeSiSiGeSiSiGeGeGeSiGeGeSiGeGeSiGeGeSiGeSiGeGeGeGeSiGeSiGeGeGeGeGeGeGeSiGeGeGeGeSiSiGeGeSiSiGeGeSiGeSiGe
     1533.2348632812 GeGeGeSiSiGeSiGeGeSiSiGeSiSiGeGeGeSiGeGeSiGeGeSiGeGeSiGeSiGeGeGeGeSiGeSiGeGeGeGeGeGeGeSiGeGeGeGeSiSiGeGeSiSiGeGeSiGeSiGe
     1533.2348632812 GeGeGeSiSiGeSiGeGeSiSiGeSiSiGeGeGeSiGeGeSiGeGeSiGeGeSiGeSiGeGeGeGeSiGeSiGeGeGeGeGeGeGeSiGeGeGeGeSiSiGeGeSiSiGeGeSiGeSiGe
     1533.2348632812 GeGeGeSiSiGeSiGeGeSiSiGeSiSiGeGeGeSiGeGeSiGeGeSiGeGeSiGeSiGeGeGeGeSiGeSiGeGeGeGeGeGeGeSiGeGeGeGeSiSiGeGeSiSiGeGeSiGeSiGe
     1533.2348632812 GeGeGeSiSiGeSiGeGeSiSiGeSiSiGeGeGeSiGeGeSiGeGeSiGeGeSiGeSiGeGeGeGeSiGeSiGeGeGeGeGeGeGeSiGeGeGeGeSiSiGeGeSiSiGeGeSiGeSiGe
     1533.2348632812 GeGeGeSiSiGeSiGeGeSiSiGeSiSiGeGeGeSiGeGeSiGeGeSiGeGeSiGeSiGeGeGeGeSiGeSiGeGeGeGeGeGeGeSiGeGeGeGeSiSiGeGeSiSiGeGeSiGeSiGe
     1533.2348632812 GeGeGeSiSiGeSiGeGeSiSiGeSiSiGeGeGeSiGeGeSiGeGeSiGeGeSiGeSiGeGeGeGeSiGeSiGeGeGeGeGeGeGeSiGeGeGeGeSiSiGeGeSiSiGeGeSiGeSiGe
     1533.2348632812 GeGeGeSiSiGeSiGeGeSiSiGeSiSiGeGeGeSiGeGeSiGeGeSiGeGeSiGeSiGeGeGeGeSiGeSiGeGeGeGeGeGeGeSiGeGeGeGeSiSiGeGeSiSiGeGeSiGeSiGe
     1533.2348632812 GeGeGeSiSiGeSiGeGeSiSiGeSiSiGeGeGeSiGeGeSiGeGeSiGeGeSiGeSiGeGeGeGeSiGeSiGeGeGeGeGeGeGeSiGeGeGeGeSiSiGeGeSiSiGeGeSiGeSiGe
     1533.2348632812 GeGeGeSiSiGeSiGeGeSiSiGeSiSiGeGeGeSiGeGeSiGeGeSiGeGeSiGeSiGeGeGeGeSiGeSiGeGeGeGeGeGeGeSiGeGeGeGeSiSiGeGeSiSiGeGeSiGeSiGe
     1533.2348632812 GeGeGeSiSiGeSiGeGeSiSiGeSiSiGeGeGeSiGeGeSiGeGeSiGeGeSiGeSiGeGeGeGeSiGeSiGeGeGeGeGeGeGeSiGeGeGeGeSiSiGeGeSiSiGeGeSiGeSiGe
     1533.2348632812 GeGeGeSiSiGeSiGeGeSiSiGeSiSiGeGeGeSiGeGeSiGeGeSiGeGeSiGeSiGeGeGeGeSiGeSiGeGeGeGeGeGeGeSiGeGeGeGeSiSiGeGeSiSiGeGeSiGeSiGe
     1533.2348632812 GeGeGeSiSiGeSiGeGeSiSiGeSiSiGeGeGeSiGeGeSiGeGeSiGeGeSiGeSiGeGeGeGeSiGeSiGeGeGeGeGeGeGeSiGeGeGeGeSiSiGeGeSiSiGeGeSiGeSiGe
     1533.2348632812 GeGeGeSiSiGeSiGeGeSiSiGeSiSiGeGeGeSiGeGeSiGeGeSiGeGeSiGeSiGeGeGeGeSiGeSiGeGeGeGeGeGeGeSiGeGeGeGeSiSiGeGeSiSiGeGeSiGeSiGe
     1533.2348632812 GeGeGeSiSiGeSiGeGeSiSiGeSiSiGeGeGeSiGeGeSiGeGeSiGeGeSiGeSiGeGeGeGeSiGeSiGeGeGeGeGeGeGeSiGeGeGeGeSiSiGeGeSiSiGeGeSiGeSiGe
     1533.2348632812 GeGeGeSiSiGeSiGeGeSiSiGeSiSiGeGeGeSiGeGeSiGeGeSiGeGeSiGeSiGeGeGeGeSiGeSiGeGeGeGeGeGeGeSiGeGeGeGeSiSiGeGeSiSiGeGeSiGeSiGe
     1533.2348632812 GeGeGeSiSiGeSiGeGeSiSiGeSiSiGeGeGeSiGeGeSiGeGeSiGeGeSiGeSiGeGeGeGeSiGeSiGeGeGeGeGeGeGeSiGeGeGeGeSiSiGeGeSiSiGeGeSiGeSiGe
     1533.2348632812 GeGeGeSiSiGeSiGeGeSiSiGeSiSiGeGeGeSiGeGeSiGeGeSiGeGeSiGeSiGeGeGeGeSiGeSiGeGeGeGeGeGeGeSiGeGeGeGeSiSiGeGeSiSiGeGeSiGeSiGe
     1533.2348632812 GeGeGeSiSiGeSiGeGeSiSiGeSiSiGeGeGeSiGeGeSiGeGeSiGeGeSiGeSiGeGeGeGeSiGeSiGeGeGeGeGeGeGeSiGeGeGeGeSiSiGeGeSiSiGeGeSiGeSiGe
     1533.2348632812 GeGeGeSiSiGeSiGeGeSiSiGeSiSiGeGeGeSiGeGeSiGeGeSiGeGeSiGeSiGeGeGeGeSiGeSiGeGeGeGeGeGeGeSiGeGeGeGeSiSiGeGeSiSiGeGeSiGeSiGe
     1533.2348632812 GeGeGeSiSiGeSiGeGeSiSiGeSiSiGeGeGeSiGeGeSiGeGeSiGeGeSiGeSiGeGeGeGeSiGeSiGeGeGeGeGeGeGeSiGeGeGeGeSiSiGeGeSiSiGeGeSiGeSiGe
     1533.2348632812 GeGeGeSiSiGeSiGeGeSiSiGeSiSiGeGeGeSiGeGeSiGeGeSiGeGeSiGeSiGeGeGeGeSiGeSiGeGeGeGeGeGeGeSiGeGeGeGeSiSiGeGeSiSiGeGeSiGeSiGe
     1533.2348632812 GeGeGeSiSiGeSiGeGeSiSiGeSiSiGeGeGeSiGeGeSiGeGeSiGeGeSiGeSiGeGeGeGeSiGeSiGeGeGeGeGeGeGeSiGeGeGeGeSiSiGeGeSiSiGeGeSiGeSiGe
     1533.2348632812 GeGeGeSiSiGeSiGeGeSiSiGeSiSiGeGeGeSiGeGeSiGeGeSiGeGeSiGeSiGeGeGeGeSiGeSiGeGeGeGeGeGeGeSiGeGeGeGeSiSiGeGeSiSiGeGeSiGeSiGe
     1533.2348632812 GeGeGeSiSiGeSiGeGeSiSiGeSiSiGeGeGeSiGeGeSiGeGeSiGeGeSiGeSiGeGeGeGeSiGeSiGeGeGeGeGeGeGeSiGeGeGeGeSiSiGeGeSiSiGeGeSiGeSiGe
     1533.2348632812 GeGeGeSiSiGeSiGeGeSiSiGeSiSiGeGeGeSiGeGeSiGeGeSiGeGeSiGeSiGeGeGeGeSiGeSiGeGeGeGeGeGeGeSiGeGeGeGeSiSiGeGeSiSiGeGeSiGeSiGe
     1533.2348632812 GeGeGeSiSiGeSiGeGeSiSiGeSiSiGeGeGeSiGeGeSiGeGeSiGeGeSiGeSiGeGeGeGeSiGeSiGeGeGeGeGeGeGeSiGeGeGeGeSiSiGeGeSiSiGeGeSiGeSiGe
     1533.2348632812 GeGeGeSiSiGeSiGeGeSiSiGeSiSiGeGeGeSiGeGeSiGeGeSiGeGeSiGeSiGeGeGeGeSiGeSiGeGeGeGeGeGeGeSiGeGeGeGeSiSiGeGeSiSiGeGeSiGeSiGe
     1533.2348632812 GeGeGeSiSiGeSiGeGeSiSiGeSiSiGeGeGeSiGeGeSiGeGeSiGeGeSiGeSiGeGeGeGeSiGeSiGeGeGeGeGeGeGeSiGeGeGeGeSiSiGeGeSiSiGeGeSiGeSiGe
     1533.2348632812 GeGeGeSiSiGeSiGeGeSiSiGeSiSiGeGeGeSiGeGeSiGeGeSiGeGeSiGeSiGeGeGeGeSiGeSiGeGeGeGeGeGeGeSiGeGeGeGeSiSiGeGeSiSiGeGeSiGeSiGe
     1533.2348632812 GeGeGeSiSiGeSiGeGeSiSiGeSiSiGeGeGeSiGeGeSiGeGeSiGeGeSiGeSiGeGeGeGeSiGeSiGeGeGeGeGeGeGeSiGeGeGeGeSiSiGeGeSiSiGeGeSiGeSiGe
     1533.2348632812 GeGeGeSiSiGeSiGeGeSiSiGeSiSiGeGeGeSiGeGeSiGeGeSiGeGeSiGeSiGeGeGeGeSiGeSiGeGeGeGeGeGeGeSiGeGeGeGeSiSiGeGeSiSiGeGeSiGeSiGe
     1533.2348632812 GeGeGeSiSiGeSiGeGeSiSiGeSiSiGeGeGeSiGeGeSiGeGeSiGeGeSiGeSiGeGeGeGeSiGeSiGeGeGeGeGeGeGeSiGeGeGeGeSiSiGeGeSiSiGeGeSiGeSiGe
     1533.2348632812 GeGeGeSiSiGeSiGeGeSiSiGeSiSiGeGeGeSiGeGeSiGeGeSiGeGeSiGeSiGeGeGeGeSiGeSiGeGeGeGeGeGeGeSiGeGeGeGeSiSiGeGeSiSiGeGeSiGeSiGe
     1533.2348632812 GeGeGeSiSiGeSiGeGeSiSiGeSiSiGeGeGeSiGeGeSiGeGeSiGeGeSiGeSiGeGeGeGeSiGeSiGeGeGeGeGeGeGeSiGeGeGeGeSiSiGeGeSiSiGeGeSiGeSiGe
     1533.2348632812 GeGeGeSiSiGeSiGeGeSiSiGeSiSiGeGeGeSiGeGeSiGeGeSiGeGeSiGeSiGeGeGeGeSiGeSiGeGeGeGeGeGeGeSiGeGeGeGeSiSiGeGeSiSiGeGeSiGeSiGe
     1533.2348632812 GeGeGeSiSiGeSiGeGeSiSiGeSiSiGeGeGeSiGeGeSiGeGeSiGeGeSiGeSiGeGeGeGeSiGeSiGeGeGeGeGeGeGeSiGeGeGeGeSiSiGeGeSiSiGeGeSiGeSiGe
     1533.2348632812 GeGeGeSiSiGeSiGeGeSiSiGeSiSiGeGeGeSiGeGeSiGeGeSiGeGeSiGeSiGeGeGeGeSiGeSiGeGeGeGeGeGeGeSiGeGeGeGeSiSiGeGeSiSiGeGeSiGeSiGe
     1533.2348632812 GeGeGeSiSiGeSiGeGeSiSiGeSiSiGeGeGeSiGeGeSiGeGeSiGeGeSiGeSiGeGeGeGeSiGeSiGeGeGeGeGeGeGeSiGeGeGeGeSiSiGeGeSiSiGeGeSiGeSiGe
     1533.2348632812 GeGeGeSiSiGeSiGeGeSiSiGeSiSiGeGeGeSiGeGeSiGeGeSiGeGeSiGeSiGeGeGeGeSiGeSiGeGeGeGeGeGeGeSiGeGeGeGeSiSiGeGeSiSiGeGeSiGeSiGe
     1533.2348632812 GeGeGeSiSiGeSiGeGeSiSiGeSiSiGeGeGeSiGeGeSiGeGeSiGeGeSiGeSiGeGeGeGeSiGeSiGeGeGeGeGeGeGeSiGeGeGeGeSiSiGeGeSiSiGeGeSiGeSiGe
     1533.2348632812 GeGeGeSiSiGeSiGeGeSiSiGeSiSiGeGeGeSiGeGeSiGeGeSiGeGeSiGeSiGeGeGeGeSiGeSiGeGeGeGeGeGeGeSiGeGeGeGeSiSiGeGeSiSiGeGeSiGeSiGe
     1533.2348632812 GeGeGeSiSiGeSiGeGeSiSiGeSiSiGeGeGeSiGeGeSiGeGeSiGeGeSiGeSiGeGeGeGeSiGeSiGeGeGeGeGeGeGeSiGeGeGeGeSiSiGeGeSiSiGeGeSiGeSiGe
     1533.2348632812 GeGeGeSiSiGeSiGeGeSiSiGeSiSiGeGeGeSiGeGeSiGeGeSiGeGeSiGeSiGeGeGeGeSiGeSiGeGeGeGeGeGeGeSiGeGeGeGeSiSiGeGeSiSiGeGeSiGeSiGe
     1533.2348632812 GeGeGeSiSiGeSiGeGeSiSiGeSiSiGeGeGeSiGeGeSiGeGeSiGeGeSiGeSiGeGeGeGeSiGeSiGeGeGeGeGeGeGeSiGeGeGeGeSiSiGeGeSiSiGeGeSiGeSiGe
     1533.2348632812 GeGeGeSiSiGeSiGeGeSiSiGeSiSiGeGeGeSiGeGeSiGeGeSiGeGeSiGeSiGeGeGeGeSiGeSiGeGeGeGeGeGeGeSiGeGeGeGeSiSiGeGeSiSiGeGeSiGeSiGe
     1533.2348632812 GeGeGeSiSiGeSiGeGeSiSiGeSiSiGeGeGeSiGeGeSiGeGeSiGeGeSiGeSiGeGeGeGeSiGeSiGeGeGeGeGeGeGeSiGeGeGeGeSiSiGeGeSiSiGeGeSiGeSiGe
     1533.2348632812 GeGeGeSiSiGeSiGeGeSiSiGeSiSiGeGeGeSiGeGeSiGeGeSiGeGeSiGeSiGeGeGeGeSiGeSiGeGeGeGeGeGeGeSiGeGeGeGeSiSiGeGeSiSiGeGeSiGeSiGe
     1533.2348632812 GeGeGeSiSiGeSiGeGeSiSiGeSiSiGeGeGeSiGeGeSiGeGeSiGeGeSiGeSiGeGeGeGeSiGeSiGeGeGeGeGeGeGeSiGeGeGeGeSiSiGeGeSiSiGeGeSiGeSiGe
filename: c000001473717582.gin     
Cell:
    11.9020996    11.9020996    29.6919994    90.0000000    90.0000000   120.0000000
Box:
    11.9020996    -5.9510503     0.0000000
     0.0000000    10.3075209     0.0000000
     0.0000000     0.0000000    29.6919994
----------------------------------------
Inverse Box:
     0.0840188     0.0485083     0.0000000
     0.0000000     0.0970165     0.0000000
     0.0000000     0.0000000     0.0336791
----------------------------------------
==============================================
geometrical properties of  39 Ge:
 Configuration:           0
 D_ave:   9.13000679       3.54412699    
 D_min:   3.07429123      0.270669937    
 energia:   1533.23486    
