Random Seed:  1187427722
Number of atoms:    60
Space Group:    1
Cell:
    11.9020996    11.9020996    29.6919994    90.0000000    90.0000000   120.0000000
Box:
    11.9020996    -5.9510503     0.0000000
     0.0000000    10.3075209     0.0000000
     0.0000000     0.0000000    29.6919994
----------------------------------------
Inverse Box:
     0.0840188     0.0485083     0.0000000
     0.0000000     0.0970165     0.0000000
     0.0000000     0.0000000     0.0336791
----------------------------------------
GeSiSiSiSiSiSiSiSiSiSiSiSiSiSiSiSiSiSiSiSiSiSiSiSiSiSiSiSiSiSiSiSiSiSiGeSiSiSiSiSiSiSiSiSiSiSiSiSiSiSiSiSiSiSiSiSiSiSiSi
           1 Ge    -7733.56836    
GeGeSiSiSiSiSiSiSiSiSiSiSiSiSiSiSiSiSiSiSiSiSiSiSiSiSiSiSiSiSiSiSiSiSiGeSiSiSiSiSiSiSiSiSiSiSiSiSiSiSiSiSiSiSiSiSiSiSiSi
           2 Ge    -7727.61523    
GeGeGeSiSiSiSiSiSiSiSiSiSiSiSiSiSiSiSiSiSiSiSiSiSiSiSiSiSiSiSiSiSiSiSiGeSiSiSiSiSiSiSiSiSiSiSiSiSiSiSiSiSiSiSiSiSiSiSiSi
           3 Ge    -7721.52441    
GeGeGeGeSiSiSiSiSiSiSiSiSiSiSiSiSiSiSiSiSiSiSiSiSiSiSiSiSiSiSiSiSiSiSiGeSiSiSiSiSiSiSiSiSiSiSiSiSiSiSiSiSiSiSiSiSiSiSiSi
           4 Ge    -7746.98535    
GeGeGeGeGeSiSiSiSiSiSiSiSiSiSiSiSiSiSiSiSiSiSiSiSiSiSiSiSiSiSiSiSiSiSiGeSiSiSiSiSiSiSiSiSiSiSiSiSiSiSiSiSiSiSiSiSiSiSiSi
           5 Ge    -7791.12354    
GeGeGeGeGeGeSiSiSiSiSiSiSiSiSiSiSiSiSiSiSiSiSiSiSiSiSiSiSiSiSiSiSiSiSiGeSiSiSiSiSiSiSiSiSiSiSiSiSiSiSiSiSiSiSiSiSiSiSiSi
           6 Ge    -7855.56396    
GeGeGeGeGeGeGeSiSiSiSiSiSiSiSiSiSiSiSiSiSiSiSiSiSiSiSiSiSiSiSiSiSiSiSiGeSiSiSiSiSiSiSiSiSiSiSiSiSiSiSiSiSiSiSiSiSiSiSiSi
           7 Ge    -7756.38232    
GeGeGeGeGeGeGeGeSiSiSiSiSiSiSiSiSiSiSiSiSiSiSiSiSiSiSiSiSiSiSiSiSiSiSiGeSiSiSiSiSiSiSiSiSiSiSiSiSiSiSiSiSiSiSiSiSiSiSiSi
           8 Ge    -7957.16699    
GeGeGeGeGeGeGeGeSiSiSiGeSiSiSiSiSiSiSiSiSiSiSiSiSiSiSiSiSiSiSiSiSiSiSiGeSiSiSiSiSiSiSiSiSiSiSiSiSiSiSiSiSiSiSiSiSiSiSiSi
          12 Ge    -8285.14551    
GeGeGeGeGeGeGeGeSiSiSiGeGeSiSiSiSiSiSiSiSiSiSiSiSiSiSiSiSiSiSiSiSiSiSiGeSiSiSiSiSiSiSiSiSiSiSiSiSiSiSiSiSiSiSiSiSiSiSiSi
          13 Ge    -8397.30859    
GeGeGeGeGeGeGeGeSiSiSiGeGeSiSiGeSiSiSiSiSiSiSiSiSiSiSiSiSiSiSiSiSiSiSiGeSiSiSiSiSiSiSiSiSiSiSiSiSiSiSiSiSiSiSiSiSiSiSiSi
          16 Ge    -8651.11035    
GeGeGeGeGeGeGeGeSiSiSiGeGeSiSiGeGeSiSiSiSiSiSiSiSiSiSiSiSiSiSiSiSiSiSiGeSiSiSiSiSiSiSiSiSiSiSiSiSiSiSiSiSiSiSiSiSiSiSiSi
          17 Ge    -8960.46582    
GeGeGeGeGeGeGeGeSiSiSiGeGeSiSiGeGeSiSiSiSiSiSiSiSiGeSiSiSiSiSiSiSiSiSiGeSiSiSiSiSiSiSiSiSiSiSiSiSiSiSiSiSiSiSiSiSiSiSiSi
          26 Ge    -8678.40918    
GeGeGeGeGeGeGeGeSiSiSiGeGeSiSiGeGeSiSiSiSiSiSiSiSiGeSiSiSiGeSiSiSiSiSiGeSiSiSiSiSiSiSiSiSiSiSiSiSiSiSiSiSiSiSiSiSiSiSiSi
          30 Ge    -8251.74902    
GeGeGeGeGeGeGeGeSiSiSiGeGeSiSiGeGeSiSiSiSiSiSiSiSiGeSiSiSiGeSiSiSiSiSiGeSiSiGeSiSiSiSiSiSiSiSiSiSiSiSiSiSiSiSiSiSiSiSiSi
          39 Ge    -8919.22949    
GeGeGeGeGeGeGeGeSiSiSiGeGeSiSiGeGeSiSiSiSiSiSiSiSiGeSiSiSiGeSiSiSiSiSiGeSiSiGeGeSiSiSiSiSiSiSiSiSiSiSiSiSiSiSiSiSiSiSiSi
          40 Ge    -9146.50684    
GeGeGeGeGeGeGeGeSiSiSiGeGeSiSiGeGeSiSiSiSiSiSiSiSiGeSiSiSiGeSiSiSiSiSiGeSiSiGeGeSiGeSiSiSiSiSiSiSiSiSiSiSiSiSiSiSiSiSiSi
          42 Ge    -7567.05078    
GeGeGeGeGeGeGeGeSiSiSiGeGeSiSiGeGeSiSiSiSiSiSiSiSiGeSiSiSiGeSiSiSiSiSiGeSiSiGeGeSiGeSiSiGeSiSiSiSiSiSiSiSiSiSiSiSiSiSiSi
          45 Ge    -8216.86914    
GeGeGeGeGeGeGeGeSiSiSiGeGeSiSiGeGeSiSiSiSiSiSiSiSiGeSiSiSiGeSiSiSiSiSiGeSiSiGeGeSiGeSiSiGeGeSiSiSiSiSiSiSiSiSiSiSiSiSiSi
          46 Ge    -7882.21631    
GeGeGeGeGeGeGeGeSiSiSiGeGeSiSiGeGeSiSiSiSiSiSiSiSiGeSiSiSiGeSiSiSiSiSiGeSiSiGeGeSiGeSiSiGeGeSiSiGeSiSiSiSiSiSiSiSiSiSiSi
          49 Ge    -6581.89697    
GeGeGeGeGeGeGeGeSiSiSiGeGeSiSiGeGeSiSiSiSiSiSiSiSiGeSiSiSiGeSiSiSiSiSiGeSiSiGeGeSiGeSiSiGeGeSiSiGeSiSiSiSiSiSiSiSiGeSiSi
          58 Ge    -3919.06152    
GeGeGeGeGeGeGeGeSiGeSiGeGeSiSiGeGeSiSiSiSiSiSiSiSiGeSiSiSiGeSiSiSiSiSiGeSiSiGeGeSiGeSiSiGeGeSiSiGeSiSiSiSiSiSiSiSiGeSiSi
          10 Ge    -3307.20898    
GeGeGeGeGeGeGeGeSiGeGeGeGeSiSiGeGeSiSiSiSiSiSiSiSiGeSiSiSiGeSiSiSiSiSiGeSiSiGeGeSiGeSiSiGeGeSiSiGeSiSiSiSiSiSiSiSiGeSiSi
          11 Ge    -4670.19336    
GeGeGeGeGeGeGeGeSiGeGeGeGeGeSiGeGeSiSiSiSiSiSiSiSiGeSiSiSiGeSiSiSiSiSiGeSiSiGeGeSiGeSiSiGeGeSiSiGeSiSiSiSiSiSiSiSiGeSiSi
          14 Ge    -2699.16895    
GeGeGeGeGeGeGeGeSiGeGeGeGeGeGeGeGeSiSiSiSiSiSiSiSiGeSiSiSiGeSiSiSiSiSiGeSiSiGeGeSiGeSiSiGeGeSiSiGeSiSiSiSiSiSiSiSiGeSiSi
          15 Ge    -1612.82471    
GeGeGeGeGeGeGeGeSiGeGeGeGeGeGeGeGeSiSiSiSiSiGeSiSiGeSiSiSiGeSiSiSiSiSiGeSiSiGeGeSiGeSiSiGeGeSiSiGeSiSiSiSiSiSiSiSiGeSiSi
          23 Ge     1298.76465    
GeGeGeGeGeGeGeGeSiGeGeGeGeGeGeGeGeSiSiSiSiSiGeGeSiGeSiSiSiGeSiSiSiSiSiGeSiSiGeGeSiGeSiSiGeGeSiSiGeSiSiSiSiSiSiSiSiGeSiSi
          24 Ge     8032.58496    
GeGeGeGeGeGeGeGeSiGeGeGeGeGeGeGeGeSiSiSiSiSiGeGeSiGeSiGeSiGeSiSiSiSiSiGeSiSiGeGeSiGeSiSiGeGeSiSiGeSiSiSiSiSiSiSiSiGeSiSi
          28 Ge     10812.4766    
GeGeGeGeGeGeGeGeSiGeGeGeGeGeGeGeGeSiSiSiSiSiGeGeSiGeSiGeSiGeSiSiSiSiSiGeSiSiGeGeSiGeSiGeGeGeSiSiGeSiSiSiSiSiSiSiSiGeSiSi
          44 Ge     13089.9102    
GeGeGeGeGeGeGeGeSiGeGeGeGeGeGeGeGeSiSiSiSiSiGeGeSiGeSiGeSiGeSiSiSiSiSiGeSiSiGeGeSiGeSiGeGeGeSiSiGeSiGeSiSiSiSiSiSiGeSiSi
          51 Ge     10544.2559    
GeGeGeGeGeGeGeGeSiGeGeGeGeGeGeGeGeSiSiSiSiSiGeGeSiGeSiGeSiGeSiSiSiSiSiGeSiSiGeGeSiGeSiGeGeGeSiSiGeSiGeSiSiSiSiSiGeGeSiSi
          57 Ge     11011.5195    
GeGeGeGeGeGeGeGeGeGeGeGeGeGeGeGeGeSiSiSiSiSiGeGeSiGeSiGeSiGeSiSiSiSiSiGeSiSiGeGeSiGeSiGeGeGeSiSiGeSiGeSiSiSiSiSiGeGeSiSi
           9 Ge     14999.5254    
GeGeGeGeGeGeGeGeGeGeGeGeGeGeGeGeGeGeSiSiSiSiGeGeSiGeSiGeSiGeSiSiSiSiSiGeSiSiGeGeSiGeSiGeGeGeSiSiGeSiGeSiSiSiSiSiGeGeSiSi
          18 Ge     20075.7109    
GeGeGeGeGeGeGeGeGeGeGeGeGeGeGeGeGeGeSiSiGeSiGeGeSiGeSiGeSiGeSiSiSiSiSiGeSiSiGeGeSiGeSiGeGeGeSiSiGeSiGeSiSiSiSiSiGeGeSiSi
          21 Ge     29303.3008    
GeGeGeGeGeGeGeGeGeGeGeGeGeGeGeGeGeGeSiSiGeGeGeGeSiGeSiGeSiGeSiSiSiSiSiGeSiSiGeGeSiGeSiGeGeGeSiSiGeSiGeSiSiSiSiSiGeGeSiSi
          22 Ge     38234.9453    
GeGeGeGeGeGeGeGeGeGeGeGeGeGeGeGeGeGeSiSiGeGeGeGeSiGeSiGeGeGeSiSiSiSiSiGeSiSiGeGeSiGeSiGeGeGeSiSiGeSiGeSiSiSiSiSiGeGeSiSi
          29 Ge     49735.4922    
GeGeGeGeGeGeGeGeGeGeGeGeGeGeGeGeGeGeSiSiGeGeGeGeSiGeSiGeGeGeGeSiSiSiSiGeSiSiGeGeSiGeSiGeGeGeSiSiGeSiGeSiSiSiSiSiGeGeSiSi
          31 Ge     55151.2266    
GeGeGeGeGeGeGeGeGeGeGeGeGeGeGeGeGeGeSiSiGeGeGeGeSiGeSiGeGeGeGeGeSiSiSiGeSiSiGeGeSiGeSiGeGeGeSiSiGeSiGeSiSiSiSiSiGeGeSiSi
          32 Ge     62118.1406    
==============================================
MonteCarlo: Metropolis with identity changes
Si > Ge, Ge > Si. STOP when occurrence <    0.00000
==============================================
Cost_function     Occurrence %     Scan-Cost
    21224.8906250000 SiSiSiGeGeSiSiSiGeGeGeSiGeGeGeGeGeGeGeGeSiSiSiGeGeGeSiGeSiGeGeGeSiSiGeGeGeGeSiGeGeGeSiGeGeGeSiGeGeGeGeGeGeGeSiSiGeSiGeSi
    13341.2988281250 GeSiSiGeGeSiSiSiGeGeGeSiGeGeGeSiGeGeGeGeSiSiSiGeSiGeGeGeSiGeGeGeSiSiGeGeGeGeSiGeGeGeSiGeGeGeSiGeGeGeGeGeGeGeSiSiGeSiGeSi
     7461.4863281250 GeSiGeGeGeSiGeSiGeGeGeSiGeGeGeSiGeGeGeGeSiSiSiGeSiGeSiGeSiGeGeGeSiSiGeGeGeSiSiGeGeGeGeGeSiGeSiGeGeGeGeGeGeGeSiSiGeSiGeSi
     7461.4863281250 GeSiGeGeGeSiGeSiGeGeGeSiGeGeGeSiGeGeGeGeSiSiSiGeSiGeSiGeSiGeGeGeSiSiGeGeGeSiSiGeGeGeGeGeSiGeSiGeGeGeGeGeGeGeSiSiGeSiGeSi
     7461.4863281250 GeSiGeGeGeSiGeSiGeGeGeSiGeGeGeSiGeGeGeGeSiSiSiGeSiGeSiGeSiGeGeGeSiSiGeGeGeSiSiGeGeGeGeGeSiGeSiGeGeGeGeGeGeGeSiSiGeSiGeSi
     6546.6665039062 GeSiGeGeGeSiGeSiGeGeGeSiGeGeGeSiGeGeGeGeGeSiSiGeSiGeSiGeSiGeGeGeSiSiGeGeGeSiSiGeGeGeGeGeSiGeSiGeGeGeGeGeGeGeSiSiGeSiSiSi
     6546.6665039062 GeSiGeGeGeSiGeSiGeGeGeSiGeGeGeSiGeGeGeGeGeSiSiGeSiGeSiGeSiGeGeGeSiSiGeGeGeSiSiGeGeGeGeGeSiGeSiGeGeGeGeGeGeGeSiSiGeSiSiSi
     6546.6665039062 GeSiGeGeGeSiGeSiGeGeGeSiGeGeGeSiGeGeGeGeGeSiSiGeSiGeSiGeSiGeGeGeSiSiGeGeGeSiSiGeGeGeGeGeSiGeSiGeGeGeGeGeGeGeSiSiGeSiSiSi
     6546.6665039062 GeSiGeGeGeSiGeSiGeGeGeSiGeGeGeSiGeGeGeGeGeSiSiGeSiGeSiGeSiGeGeGeSiSiGeGeGeSiSiGeGeGeGeGeSiGeSiGeGeGeGeGeGeGeSiSiGeSiSiSi
     6546.6665039062 GeSiGeGeGeSiGeSiGeGeGeSiGeGeGeSiGeGeGeGeGeSiSiGeSiGeSiGeSiGeGeGeSiSiGeGeGeSiSiGeGeGeGeGeSiGeSiGeGeGeGeGeGeGeSiSiGeSiSiSi
     6546.6665039062 GeSiGeGeGeSiGeSiGeGeGeSiGeGeGeSiGeGeGeGeGeSiSiGeSiGeSiGeSiGeGeGeSiSiGeGeGeSiSiGeGeGeGeGeSiGeSiGeGeGeGeGeGeGeSiSiGeSiSiSi
     6546.6665039062 GeSiGeGeGeSiGeSiGeGeGeSiGeGeGeSiGeGeGeGeGeSiSiGeSiGeSiGeSiGeGeGeSiSiGeGeGeSiSiGeGeGeGeGeSiGeSiGeGeGeGeGeGeGeSiSiGeSiSiSi
     3829.4033203125 GeSiGeGeGeSiGeSiGeGeGeSiSiGeGeSiGeGeGeGeGeSiGeGeSiGeSiGeSiGeGeGeSiGeGeGeGeSiSiGeGeGeGeGeSiGeSiGeGeGeGeGeGeGeSiSiSiSiSiSi
     3829.4033203125 GeSiGeGeGeSiGeSiGeGeGeSiSiGeGeSiGeGeGeGeGeSiGeGeSiGeSiGeSiGeGeGeSiGeGeGeGeSiSiGeGeGeGeGeSiGeSiGeGeGeGeGeGeGeSiSiSiSiSiSi
     3829.4033203125 GeSiGeGeGeSiGeSiGeGeGeSiSiGeGeSiGeGeGeGeGeSiGeGeSiGeSiGeSiGeGeGeSiGeGeGeGeSiSiGeGeGeGeGeSiGeSiGeGeGeGeGeGeGeSiSiSiSiSiSi
     3829.4033203125 GeSiGeGeGeSiGeSiGeGeGeSiSiGeGeSiGeGeGeGeGeSiGeGeSiGeSiGeSiGeGeGeSiGeGeGeGeSiSiGeGeGeGeGeSiGeSiGeGeGeGeGeGeGeSiSiSiSiSiSi
     3829.4033203125 GeSiGeGeGeSiGeSiGeGeGeSiSiGeGeSiGeGeGeGeGeSiGeGeSiGeSiGeSiGeGeGeSiGeGeGeGeSiSiGeGeGeGeGeSiGeSiGeGeGeGeGeGeGeSiSiSiSiSiSi
     3829.4033203125 GeSiGeGeGeSiGeSiGeGeGeSiSiGeGeSiGeGeGeGeGeSiGeGeSiGeSiGeSiGeGeGeSiGeGeGeGeSiSiGeGeGeGeGeSiGeSiGeGeGeGeGeGeGeSiSiSiSiSiSi
     3829.4033203125 GeSiGeGeGeSiGeSiGeGeGeSiSiGeGeSiGeGeGeGeGeSiGeGeSiGeSiGeSiGeGeGeSiGeGeGeGeSiSiGeGeGeGeGeSiGeSiGeGeGeGeGeGeGeSiSiSiSiSiSi
     3829.4033203125 GeSiGeGeGeSiGeSiGeGeGeSiSiGeGeSiGeGeGeGeGeSiGeGeSiGeSiGeSiGeGeGeSiGeGeGeGeSiSiGeGeGeGeGeSiGeSiGeGeGeGeGeGeGeSiSiSiSiSiSi
     3352.9521484375 GeSiGeGeGeSiSiSiGeGeGeSiSiGeGeSiGeGeGeGeSiSiGeGeSiGeSiGeSiGeGeGeSiGeGeGeGeGeSiGeGeGeGeGeSiGeSiGeGeGeGeGeGeGeSiSiGeSiSiSi
     3352.9521484375 GeSiGeGeGeSiSiSiGeGeGeSiSiGeGeSiGeGeGeGeSiSiGeGeSiGeSiGeSiGeGeGeSiGeGeGeGeGeSiGeGeGeGeGeSiGeSiGeGeGeGeGeGeGeSiSiGeSiSiSi
     3352.9521484375 GeSiGeGeGeSiSiSiGeGeGeSiSiGeGeSiGeGeGeGeSiSiGeGeSiGeSiGeSiGeGeGeSiGeGeGeGeGeSiGeGeGeGeGeSiGeSiGeGeGeGeGeGeGeSiSiGeSiSiSi
     3352.9521484375 GeSiGeGeGeSiSiSiGeGeGeSiSiGeGeSiGeGeGeGeSiSiGeGeSiGeSiGeSiGeGeGeSiGeGeGeGeGeSiGeGeGeGeGeSiGeSiGeGeGeGeGeGeGeSiSiGeSiSiSi
    -2182.5244140625 GeSiGeGeGeSiSiSiGeSiGeSiSiGeSiSiGeGeGeGeSiGeGeGeSiGeSiGeSiGeGeGeGeGeGeGeGeGeSiGeGeGeGeGeSiGeSiGeGeGeGeGeGeGeSiSiGeSiSiSi
    -2182.5244140625 GeSiGeGeGeSiSiSiGeSiGeSiSiGeSiSiGeGeGeGeSiGeGeGeSiGeSiGeSiGeGeGeGeGeGeGeGeGeSiGeGeGeGeGeSiGeSiGeGeGeGeGeGeGeSiSiGeSiSiSi
    -2182.5244140625 GeSiGeGeGeSiSiSiGeSiGeSiSiGeSiSiGeGeGeGeSiGeGeGeSiGeSiGeSiGeGeGeGeGeGeGeGeGeSiGeGeGeGeGeSiGeSiGeGeGeGeGeGeGeSiSiGeSiSiSi
    -2182.5244140625 GeSiGeGeGeSiSiSiGeSiGeSiSiGeSiSiGeGeGeGeSiGeGeGeSiGeSiGeSiGeGeGeGeGeGeGeGeGeSiGeGeGeGeGeSiGeSiGeGeGeGeGeGeGeSiSiGeSiSiSi
    -2182.5244140625 GeSiGeGeGeSiSiSiGeSiGeSiSiGeSiSiGeGeGeGeSiGeGeGeSiGeSiGeSiGeGeGeGeGeGeGeGeGeSiGeGeGeGeGeSiGeSiGeGeGeGeGeGeGeSiSiGeSiSiSi
    -2182.5244140625 GeSiGeGeGeSiSiSiGeSiGeSiSiGeSiSiGeGeGeGeSiGeGeGeSiGeSiGeSiGeGeGeGeGeGeGeGeGeSiGeGeGeGeGeSiGeSiGeGeGeGeGeGeGeSiSiGeSiSiSi
    -2182.5244140625 GeSiGeGeGeSiSiSiGeSiGeSiSiGeSiSiGeGeGeGeSiGeGeGeSiGeSiGeSiGeGeGeGeGeGeGeGeGeSiGeGeGeGeGeSiGeSiGeGeGeGeGeGeGeSiSiGeSiSiSi
    -2182.5244140625 GeSiGeGeGeSiSiSiGeSiGeSiSiGeSiSiGeGeGeGeSiGeGeGeSiGeSiGeSiGeGeGeGeGeGeGeGeGeSiGeGeGeGeGeSiGeSiGeGeGeGeGeGeGeSiSiGeSiSiSi
    -2182.5244140625 GeSiGeGeGeSiSiSiGeSiGeSiSiGeSiSiGeGeGeGeSiGeGeGeSiGeSiGeSiGeGeGeGeGeGeGeGeGeSiGeGeGeGeGeSiGeSiGeGeGeGeGeGeGeSiSiGeSiSiSi
    -2182.5244140625 GeSiGeGeGeSiSiSiGeSiGeSiSiGeSiSiGeGeGeGeSiGeGeGeSiGeSiGeSiGeGeGeGeGeGeGeGeGeSiGeGeGeGeGeSiGeSiGeGeGeGeGeGeGeSiSiGeSiSiSi
    -2182.5244140625 GeSiGeGeGeSiSiSiGeSiGeSiSiGeSiSiGeGeGeGeSiGeGeGeSiGeSiGeSiGeGeGeGeGeGeGeGeGeSiGeGeGeGeGeSiGeSiGeGeGeGeGeGeGeSiSiGeSiSiSi
    -2182.5244140625 GeSiGeGeGeSiSiSiGeSiGeSiSiGeSiSiGeGeGeGeSiGeGeGeSiGeSiGeSiGeGeGeGeGeGeGeGeGeSiGeGeGeGeGeSiGeSiGeGeGeGeGeGeGeSiSiGeSiSiSi
    -2182.5244140625 GeSiGeGeGeSiSiSiGeSiGeSiSiGeSiSiGeGeGeGeSiGeGeGeSiGeSiGeSiGeGeGeGeGeGeGeGeGeSiGeGeGeGeGeSiGeSiGeGeGeGeGeGeGeSiSiGeSiSiSi
    -2182.5244140625 GeSiGeGeGeSiSiSiGeSiGeSiSiGeSiSiGeGeGeGeSiGeGeGeSiGeSiGeSiGeGeGeGeGeGeGeGeGeSiGeGeGeGeGeSiGeSiGeGeGeGeGeGeGeSiSiGeSiSiSi
    -2182.5244140625 GeSiGeGeGeSiSiSiGeSiGeSiSiGeSiSiGeGeGeGeSiGeGeGeSiGeSiGeSiGeGeGeGeGeGeGeGeGeSiGeGeGeGeGeSiGeSiGeGeGeGeGeGeGeSiSiGeSiSiSi
    -2182.5244140625 GeSiGeGeGeSiSiSiGeSiGeSiSiGeSiSiGeGeGeGeSiGeGeGeSiGeSiGeSiGeGeGeGeGeGeGeGeGeSiGeGeGeGeGeSiGeSiGeGeGeGeGeGeGeSiSiGeSiSiSi
    -2182.5244140625 GeSiGeGeGeSiSiSiGeSiGeSiSiGeSiSiGeGeGeGeSiGeGeGeSiGeSiGeSiGeGeGeGeGeGeGeGeGeSiGeGeGeGeGeSiGeSiGeGeGeGeGeGeGeSiSiGeSiSiSi
    -2182.5244140625 GeSiGeGeGeSiSiSiGeSiGeSiSiGeSiSiGeGeGeGeSiGeGeGeSiGeSiGeSiGeGeGeGeGeGeGeGeGeSiGeGeGeGeGeSiGeSiGeGeGeGeGeGeGeSiSiGeSiSiSi
    -2182.5244140625 GeSiGeGeGeSiSiSiGeSiGeSiSiGeSiSiGeGeGeGeSiGeGeGeSiGeSiGeSiGeGeGeGeGeGeGeGeGeSiGeGeGeGeGeSiGeSiGeGeGeGeGeGeGeSiSiGeSiSiSi
    -2182.5244140625 GeSiGeGeGeSiSiSiGeSiGeSiSiGeSiSiGeGeGeGeSiGeGeGeSiGeSiGeSiGeGeGeGeGeGeGeGeGeSiGeGeGeGeGeSiGeSiGeGeGeGeGeGeGeSiSiGeSiSiSi
    -2182.5244140625 GeSiGeGeGeSiSiSiGeSiGeSiSiGeSiSiGeGeGeGeSiGeGeGeSiGeSiGeSiGeGeGeGeGeGeGeGeGeSiGeGeGeGeGeSiGeSiGeGeGeGeGeGeGeSiSiGeSiSiSi
    -2182.5244140625 GeSiGeGeGeSiSiSiGeSiGeSiSiGeSiSiGeGeGeGeSiGeGeGeSiGeSiGeSiGeGeGeGeGeGeGeGeGeSiGeGeGeGeGeSiGeSiGeGeGeGeGeGeGeSiSiGeSiSiSi
    -2182.5244140625 GeSiGeGeGeSiSiSiGeSiGeSiSiGeSiSiGeGeGeGeSiGeGeGeSiGeSiGeSiGeGeGeGeGeGeGeGeGeSiGeGeGeGeGeSiGeSiGeGeGeGeGeGeGeSiSiGeSiSiSi
    -2182.5244140625 GeSiGeGeGeSiSiSiGeSiGeSiSiGeSiSiGeGeGeGeSiGeGeGeSiGeSiGeSiGeGeGeGeGeGeGeGeGeSiGeGeGeGeGeSiGeSiGeGeGeGeGeGeGeSiSiGeSiSiSi
    -2182.5244140625 GeSiGeGeGeSiSiSiGeSiGeSiSiGeSiSiGeGeGeGeSiGeGeGeSiGeSiGeSiGeGeGeGeGeGeGeGeGeSiGeGeGeGeGeSiGeSiGeGeGeGeGeGeGeSiSiGeSiSiSi
    -2182.5244140625 GeSiGeGeGeSiSiSiGeSiGeSiSiGeSiSiGeGeGeGeSiGeGeGeSiGeSiGeSiGeGeGeGeGeGeGeGeGeSiGeGeGeGeGeSiGeSiGeGeGeGeGeGeGeSiSiGeSiSiSi
    -2182.5244140625 GeSiGeGeGeSiSiSiGeSiGeSiSiGeSiSiGeGeGeGeSiGeGeGeSiGeSiGeSiGeGeGeGeGeGeGeGeGeSiGeGeGeGeGeSiGeSiGeGeGeGeGeGeGeSiSiGeSiSiSi
    -2182.5244140625 GeSiGeGeGeSiSiSiGeSiGeSiSiGeSiSiGeGeGeGeSiGeGeGeSiGeSiGeSiGeGeGeGeGeGeGeGeGeSiGeGeGeGeGeSiGeSiGeGeGeGeGeGeGeSiSiGeSiSiSi
    -2182.5244140625 GeSiGeGeGeSiSiSiGeSiGeSiSiGeSiSiGeGeGeGeSiGeGeGeSiGeSiGeSiGeGeGeGeGeGeGeGeGeSiGeGeGeGeGeSiGeSiGeGeGeGeGeGeGeSiSiGeSiSiSi
    -2182.5244140625 GeSiGeGeGeSiSiSiGeSiGeSiSiGeSiSiGeGeGeGeSiGeGeGeSiGeSiGeSiGeGeGeGeGeGeGeGeGeSiGeGeGeGeGeSiGeSiGeGeGeGeGeGeGeSiSiGeSiSiSi
    -2182.5244140625 GeSiGeGeGeSiSiSiGeSiGeSiSiGeSiSiGeGeGeGeSiGeGeGeSiGeSiGeSiGeGeGeGeGeGeGeGeGeSiGeGeGeGeGeSiGeSiGeGeGeGeGeGeGeSiSiGeSiSiSi
    -2182.5244140625 GeSiGeGeGeSiSiSiGeSiGeSiSiGeSiSiGeGeGeGeSiGeGeGeSiGeSiGeSiGeGeGeGeGeGeGeGeGeSiGeGeGeGeGeSiGeSiGeGeGeGeGeGeGeSiSiGeSiSiSi
    -2182.5244140625 GeSiGeGeGeSiSiSiGeSiGeSiSiGeSiSiGeGeGeGeSiGeGeGeSiGeSiGeSiGeGeGeGeGeGeGeGeGeSiGeGeGeGeGeSiGeSiGeGeGeGeGeGeGeSiSiGeSiSiSi
    -2182.5244140625 GeSiGeGeGeSiSiSiGeSiGeSiSiGeSiSiGeGeGeGeSiGeGeGeSiGeSiGeSiGeGeGeGeGeGeGeGeGeSiGeGeGeGeGeSiGeSiGeGeGeGeGeGeGeSiSiGeSiSiSi
    -2182.5244140625 GeSiGeGeGeSiSiSiGeSiGeSiSiGeSiSiGeGeGeGeSiGeGeGeSiGeSiGeSiGeGeGeGeGeGeGeGeGeSiGeGeGeGeGeSiGeSiGeGeGeGeGeGeGeSiSiGeSiSiSi
    -2182.5244140625 GeSiGeGeGeSiSiSiGeSiGeSiSiGeSiSiGeGeGeGeSiGeGeGeSiGeSiGeSiGeGeGeGeGeGeGeGeGeSiGeGeGeGeGeSiGeSiGeGeGeGeGeGeGeSiSiGeSiSiSi
    -2182.5244140625 GeSiGeGeGeSiSiSiGeSiGeSiSiGeSiSiGeGeGeGeSiGeGeGeSiGeSiGeSiGeGeGeGeGeGeGeGeGeSiGeGeGeGeGeSiGeSiGeGeGeGeGeGeGeSiSiGeSiSiSi
    -2182.5244140625 GeSiGeGeGeSiSiSiGeSiGeSiSiGeSiSiGeGeGeGeSiGeGeGeSiGeSiGeSiGeGeGeGeGeGeGeGeGeSiGeGeGeGeGeSiGeSiGeGeGeGeGeGeGeSiSiGeSiSiSi
    -2182.5244140625 GeSiGeGeGeSiSiSiGeSiGeSiSiGeSiSiGeGeGeGeSiGeGeGeSiGeSiGeSiGeGeGeGeGeGeGeGeGeSiGeGeGeGeGeSiGeSiGeGeGeGeGeGeGeSiSiGeSiSiSi
    -2182.5244140625 GeSiGeGeGeSiSiSiGeSiGeSiSiGeSiSiGeGeGeGeSiGeGeGeSiGeSiGeSiGeGeGeGeGeGeGeGeGeSiGeGeGeGeGeSiGeSiGeGeGeGeGeGeGeSiSiGeSiSiSi
    -2182.5244140625 GeSiGeGeGeSiSiSiGeSiGeSiSiGeSiSiGeGeGeGeSiGeGeGeSiGeSiGeSiGeGeGeGeGeGeGeGeGeSiGeGeGeGeGeSiGeSiGeGeGeGeGeGeGeSiSiGeSiSiSi
    -2182.5244140625 GeSiGeGeGeSiSiSiGeSiGeSiSiGeSiSiGeGeGeGeSiGeGeGeSiGeSiGeSiGeGeGeGeGeGeGeGeGeSiGeGeGeGeGeSiGeSiGeGeGeGeGeGeGeSiSiGeSiSiSi
    -2182.5244140625 GeSiGeGeGeSiSiSiGeSiGeSiSiGeSiSiGeGeGeGeSiGeGeGeSiGeSiGeSiGeGeGeGeGeGeGeGeGeSiGeGeGeGeGeSiGeSiGeGeGeGeGeGeGeSiSiGeSiSiSi
    -2182.5244140625 GeSiGeGeGeSiSiSiGeSiGeSiSiGeSiSiGeGeGeGeSiGeGeGeSiGeSiGeSiGeGeGeGeGeGeGeGeGeSiGeGeGeGeGeSiGeSiGeGeGeGeGeGeGeSiSiGeSiSiSi
    -2182.5244140625 GeSiGeGeGeSiSiSiGeSiGeSiSiGeSiSiGeGeGeGeSiGeGeGeSiGeSiGeSiGeGeGeGeGeGeGeGeGeSiGeGeGeGeGeSiGeSiGeGeGeGeGeGeGeSiSiGeSiSiSi
    -2182.5244140625 GeSiGeGeGeSiSiSiGeSiGeSiSiGeSiSiGeGeGeGeSiGeGeGeSiGeSiGeSiGeGeGeGeGeGeGeGeGeSiGeGeGeGeGeSiGeSiGeGeGeGeGeGeGeSiSiGeSiSiSi
    -2182.5244140625 GeSiGeGeGeSiSiSiGeSiGeSiSiGeSiSiGeGeGeGeSiGeGeGeSiGeSiGeSiGeGeGeGeGeGeGeGeGeSiGeGeGeGeGeSiGeSiGeGeGeGeGeGeGeSiSiGeSiSiSi
    -2182.5244140625 GeSiGeGeGeSiSiSiGeSiGeSiSiGeSiSiGeGeGeGeSiGeGeGeSiGeSiGeSiGeGeGeGeGeGeGeGeGeSiGeGeGeGeGeSiGeSiGeGeGeGeGeGeGeSiSiGeSiSiSi
    -2182.5244140625 GeSiGeGeGeSiSiSiGeSiGeSiSiGeSiSiGeGeGeGeSiGeGeGeSiGeSiGeSiGeGeGeGeGeGeGeGeGeSiGeGeGeGeGeSiGeSiGeGeGeGeGeGeGeSiSiGeSiSiSi
    -2182.5244140625 GeSiGeGeGeSiSiSiGeSiGeSiSiGeSiSiGeGeGeGeSiGeGeGeSiGeSiGeSiGeGeGeGeGeGeGeGeGeSiGeGeGeGeGeSiGeSiGeGeGeGeGeGeGeSiSiGeSiSiSi
    -2182.5244140625 GeSiGeGeGeSiSiSiGeSiGeSiSiGeSiSiGeGeGeGeSiGeGeGeSiGeSiGeSiGeGeGeGeGeGeGeGeGeSiGeGeGeGeGeSiGeSiGeGeGeGeGeGeGeSiSiGeSiSiSi
    -2182.5244140625 GeSiGeGeGeSiSiSiGeSiGeSiSiGeSiSiGeGeGeGeSiGeGeGeSiGeSiGeSiGeGeGeGeGeGeGeGeGeSiGeGeGeGeGeSiGeSiGeGeGeGeGeGeGeSiSiGeSiSiSi
    -2182.5244140625 GeSiGeGeGeSiSiSiGeSiGeSiSiGeSiSiGeGeGeGeSiGeGeGeSiGeSiGeSiGeGeGeGeGeGeGeGeGeSiGeGeGeGeGeSiGeSiGeGeGeGeGeGeGeSiSiGeSiSiSi
    -2182.5244140625 GeSiGeGeGeSiSiSiGeSiGeSiSiGeSiSiGeGeGeGeSiGeGeGeSiGeSiGeSiGeGeGeGeGeGeGeGeGeSiGeGeGeGeGeSiGeSiGeGeGeGeGeGeGeSiSiGeSiSiSi
    -2182.5244140625 GeSiGeGeGeSiSiSiGeSiGeSiSiGeSiSiGeGeGeGeSiGeGeGeSiGeSiGeSiGeGeGeGeGeGeGeGeGeSiGeGeGeGeGeSiGeSiGeGeGeGeGeGeGeSiSiGeSiSiSi
    -2182.5244140625 GeSiGeGeGeSiSiSiGeSiGeSiSiGeSiSiGeGeGeGeSiGeGeGeSiGeSiGeSiGeGeGeGeGeGeGeGeGeSiGeGeGeGeGeSiGeSiGeGeGeGeGeGeGeSiSiGeSiSiSi
    -2182.5244140625 GeSiGeGeGeSiSiSiGeSiGeSiSiGeSiSiGeGeGeGeSiGeGeGeSiGeSiGeSiGeGeGeGeGeGeGeGeGeSiGeGeGeGeGeSiGeSiGeGeGeGeGeGeGeSiSiGeSiSiSi
    -2182.5244140625 GeSiGeGeGeSiSiSiGeSiGeSiSiGeSiSiGeGeGeGeSiGeGeGeSiGeSiGeSiGeGeGeGeGeGeGeGeGeSiGeGeGeGeGeSiGeSiGeGeGeGeGeGeGeSiSiGeSiSiSi
    -2182.5244140625 GeSiGeGeGeSiSiSiGeSiGeSiSiGeSiSiGeGeGeGeSiGeGeGeSiGeSiGeSiGeGeGeGeGeGeGeGeGeSiGeGeGeGeGeSiGeSiGeGeGeGeGeGeGeSiSiGeSiSiSi
    -2182.5244140625 GeSiGeGeGeSiSiSiGeSiGeSiSiGeSiSiGeGeGeGeSiGeGeGeSiGeSiGeSiGeGeGeGeGeGeGeGeGeSiGeGeGeGeGeSiGeSiGeGeGeGeGeGeGeSiSiGeSiSiSi
    -2182.5244140625 GeSiGeGeGeSiSiSiGeSiGeSiSiGeSiSiGeGeGeGeSiGeGeGeSiGeSiGeSiGeGeGeGeGeGeGeGeGeSiGeGeGeGeGeSiGeSiGeGeGeGeGeGeGeSiSiGeSiSiSi
    -2182.5244140625 GeSiGeGeGeSiSiSiGeSiGeSiSiGeSiSiGeGeGeGeSiGeGeGeSiGeSiGeSiGeGeGeGeGeGeGeGeGeSiGeGeGeGeGeSiGeSiGeGeGeGeGeGeGeSiSiGeSiSiSi
    -2182.5244140625 GeSiGeGeGeSiSiSiGeSiGeSiSiGeSiSiGeGeGeGeSiGeGeGeSiGeSiGeSiGeGeGeGeGeGeGeGeGeSiGeGeGeGeGeSiGeSiGeGeGeGeGeGeGeSiSiGeSiSiSi
    -2182.5244140625 GeSiGeGeGeSiSiSiGeSiGeSiSiGeSiSiGeGeGeGeSiGeGeGeSiGeSiGeSiGeGeGeGeGeGeGeGeGeSiGeGeGeGeGeSiGeSiGeGeGeGeGeGeGeSiSiGeSiSiSi
    -2182.5244140625 GeSiGeGeGeSiSiSiGeSiGeSiSiGeSiSiGeGeGeGeSiGeGeGeSiGeSiGeSiGeGeGeGeGeGeGeGeGeSiGeGeGeGeGeSiGeSiGeGeGeGeGeGeGeSiSiGeSiSiSi
    -2182.5244140625 GeSiGeGeGeSiSiSiGeSiGeSiSiGeSiSiGeGeGeGeSiGeGeGeSiGeSiGeSiGeGeGeGeGeGeGeGeGeSiGeGeGeGeGeSiGeSiGeGeGeGeGeGeGeSiSiGeSiSiSi
    -2182.5244140625 GeSiGeGeGeSiSiSiGeSiGeSiSiGeSiSiGeGeGeGeSiGeGeGeSiGeSiGeSiGeGeGeGeGeGeGeGeGeSiGeGeGeGeGeSiGeSiGeGeGeGeGeGeGeSiSiGeSiSiSi
    -2182.5244140625 GeSiGeGeGeSiSiSiGeSiGeSiSiGeSiSiGeGeGeGeSiGeGeGeSiGeSiGeSiGeGeGeGeGeGeGeGeGeSiGeGeGeGeGeSiGeSiGeGeGeGeGeGeGeSiSiGeSiSiSi
    -2182.5244140625 GeSiGeGeGeSiSiSiGeSiGeSiSiGeSiSiGeGeGeGeSiGeGeGeSiGeSiGeSiGeGeGeGeGeGeGeGeGeSiGeGeGeGeGeSiGeSiGeGeGeGeGeGeGeSiSiGeSiSiSi
    -2182.5244140625 GeSiGeGeGeSiSiSiGeSiGeSiSiGeSiSiGeGeGeGeSiGeGeGeSiGeSiGeSiGeGeGeGeGeGeGeGeGeSiGeGeGeGeGeSiGeSiGeGeGeGeGeGeGeSiSiGeSiSiSi
    -2182.5244140625 GeSiGeGeGeSiSiSiGeSiGeSiSiGeSiSiGeGeGeGeSiGeGeGeSiGeSiGeSiGeGeGeGeGeGeGeGeGeSiGeGeGeGeGeSiGeSiGeGeGeGeGeGeGeSiSiGeSiSiSi
    -2182.5244140625 GeSiGeGeGeSiSiSiGeSiGeSiSiGeSiSiGeGeGeGeSiGeGeGeSiGeSiGeSiGeGeGeGeGeGeGeGeGeSiGeGeGeGeGeSiGeSiGeGeGeGeGeGeGeSiSiGeSiSiSi
    -2182.5244140625 GeSiGeGeGeSiSiSiGeSiGeSiSiGeSiSiGeGeGeGeSiGeGeGeSiGeSiGeSiGeGeGeGeGeGeGeGeGeSiGeGeGeGeGeSiGeSiGeGeGeGeGeGeGeSiSiGeSiSiSi
    -2182.5244140625 GeSiGeGeGeSiSiSiGeSiGeSiSiGeSiSiGeGeGeGeSiGeGeGeSiGeSiGeSiGeGeGeGeGeGeGeGeGeSiGeGeGeGeGeSiGeSiGeGeGeGeGeGeGeSiSiGeSiSiSi
    -2182.5244140625 GeSiGeGeGeSiSiSiGeSiGeSiSiGeSiSiGeGeGeGeSiGeGeGeSiGeSiGeSiGeGeGeGeGeGeGeGeGeSiGeGeGeGeGeSiGeSiGeGeGeGeGeGeGeSiSiGeSiSiSi
    -2182.5244140625 GeSiGeGeGeSiSiSiGeSiGeSiSiGeSiSiGeGeGeGeSiGeGeGeSiGeSiGeSiGeGeGeGeGeGeGeGeGeSiGeGeGeGeGeSiGeSiGeGeGeGeGeGeGeSiSiGeSiSiSi
    -2182.5244140625 GeSiGeGeGeSiSiSiGeSiGeSiSiGeSiSiGeGeGeGeSiGeGeGeSiGeSiGeSiGeGeGeGeGeGeGeGeGeSiGeGeGeGeGeSiGeSiGeGeGeGeGeGeGeSiSiGeSiSiSi
    -2182.5244140625 GeSiGeGeGeSiSiSiGeSiGeSiSiGeSiSiGeGeGeGeSiGeGeGeSiGeSiGeSiGeGeGeGeGeGeGeGeGeSiGeGeGeGeGeSiGeSiGeGeGeGeGeGeGeSiSiGeSiSiSi
    -2182.5244140625 GeSiGeGeGeSiSiSiGeSiGeSiSiGeSiSiGeGeGeGeSiGeGeGeSiGeSiGeSiGeGeGeGeGeGeGeGeGeSiGeGeGeGeGeSiGeSiGeGeGeGeGeGeGeSiSiGeSiSiSi
    -2182.5244140625 GeSiGeGeGeSiSiSiGeSiGeSiSiGeSiSiGeGeGeGeSiGeGeGeSiGeSiGeSiGeGeGeGeGeGeGeGeGeSiGeGeGeGeGeSiGeSiGeGeGeGeGeGeGeSiSiGeSiSiSi
    -2182.5244140625 GeSiGeGeGeSiSiSiGeSiGeSiSiGeSiSiGeGeGeGeSiGeGeGeSiGeSiGeSiGeGeGeGeGeGeGeGeGeSiGeGeGeGeGeSiGeSiGeGeGeGeGeGeGeSiSiGeSiSiSi
    -2182.5244140625 GeSiGeGeGeSiSiSiGeSiGeSiSiGeSiSiGeGeGeGeSiGeGeGeSiGeSiGeSiGeGeGeGeGeGeGeGeGeSiGeGeGeGeGeSiGeSiGeGeGeGeGeGeGeSiSiGeSiSiSi
    -2182.5244140625 GeSiGeGeGeSiSiSiGeSiGeSiSiGeSiSiGeGeGeGeSiGeGeGeSiGeSiGeSiGeGeGeGeGeGeGeGeGeSiGeGeGeGeGeSiGeSiGeGeGeGeGeGeGeSiSiGeSiSiSi
    -2182.5244140625 GeSiGeGeGeSiSiSiGeSiGeSiSiGeSiSiGeGeGeGeSiGeGeGeSiGeSiGeSiGeGeGeGeGeGeGeGeGeSiGeGeGeGeGeSiGeSiGeGeGeGeGeGeGeSiSiGeSiSiSi
    -2182.5244140625 GeSiGeGeGeSiSiSiGeSiGeSiSiGeSiSiGeGeGeGeSiGeGeGeSiGeSiGeSiGeGeGeGeGeGeGeGeGeSiGeGeGeGeGeSiGeSiGeGeGeGeGeGeGeSiSiGeSiSiSi
    -2182.5244140625 GeSiGeGeGeSiSiSiGeSiGeSiSiGeSiSiGeGeGeGeSiGeGeGeSiGeSiGeSiGeGeGeGeGeGeGeGeGeSiGeGeGeGeGeSiGeSiGeGeGeGeGeGeGeSiSiGeSiSiSi
    -2182.5244140625 GeSiGeGeGeSiSiSiGeSiGeSiSiGeSiSiGeGeGeGeSiGeGeGeSiGeSiGeSiGeGeGeGeGeGeGeGeGeSiGeGeGeGeGeSiGeSiGeGeGeGeGeGeGeSiSiGeSiSiSi
    -2182.5244140625 GeSiGeGeGeSiSiSiGeSiGeSiSiGeSiSiGeGeGeGeSiGeGeGeSiGeSiGeSiGeGeGeGeGeGeGeGeGeSiGeGeGeGeGeSiGeSiGeGeGeGeGeGeGeSiSiGeSiSiSi
    -2182.5244140625 GeSiGeGeGeSiSiSiGeSiGeSiSiGeSiSiGeGeGeGeSiGeGeGeSiGeSiGeSiGeGeGeGeGeGeGeGeGeSiGeGeGeGeGeSiGeSiGeGeGeGeGeGeGeSiSiGeSiSiSi
    -2182.5244140625 GeSiGeGeGeSiSiSiGeSiGeSiSiGeSiSiGeGeGeGeSiGeGeGeSiGeSiGeSiGeGeGeGeGeGeGeGeGeSiGeGeGeGeGeSiGeSiGeGeGeGeGeGeGeSiSiGeSiSiSi
    -2182.5244140625 GeSiGeGeGeSiSiSiGeSiGeSiSiGeSiSiGeGeGeGeSiGeGeGeSiGeSiGeSiGeGeGeGeGeGeGeGeGeSiGeGeGeGeGeSiGeSiGeGeGeGeGeGeGeSiSiGeSiSiSi
    -2182.5244140625 GeSiGeGeGeSiSiSiGeSiGeSiSiGeSiSiGeGeGeGeSiGeGeGeSiGeSiGeSiGeGeGeGeGeGeGeGeGeSiGeGeGeGeGeSiGeSiGeGeGeGeGeGeGeSiSiGeSiSiSi
    -2182.5244140625 GeSiGeGeGeSiSiSiGeSiGeSiSiGeSiSiGeGeGeGeSiGeGeGeSiGeSiGeSiGeGeGeGeGeGeGeGeGeSiGeGeGeGeGeSiGeSiGeGeGeGeGeGeGeSiSiGeSiSiSi
    -2182.5244140625 GeSiGeGeGeSiSiSiGeSiGeSiSiGeSiSiGeGeGeGeSiGeGeGeSiGeSiGeSiGeGeGeGeGeGeGeGeGeSiGeGeGeGeGeSiGeSiGeGeGeGeGeGeGeSiSiGeSiSiSi
    -2182.5244140625 GeSiGeGeGeSiSiSiGeSiGeSiSiGeSiSiGeGeGeGeSiGeGeGeSiGeSiGeSiGeGeGeGeGeGeGeGeGeSiGeGeGeGeGeSiGeSiGeGeGeGeGeGeGeSiSiGeSiSiSi
    -2182.5244140625 GeSiGeGeGeSiSiSiGeSiGeSiSiGeSiSiGeGeGeGeSiGeGeGeSiGeSiGeSiGeGeGeGeGeGeGeGeGeSiGeGeGeGeGeSiGeSiGeGeGeGeGeGeGeSiSiGeSiSiSi
    -2182.5244140625 GeSiGeGeGeSiSiSiGeSiGeSiSiGeSiSiGeGeGeGeSiGeGeGeSiGeSiGeSiGeGeGeGeGeGeGeGeGeSiGeGeGeGeGeSiGeSiGeGeGeGeGeGeGeSiSiGeSiSiSi
    -2182.5244140625 GeSiGeGeGeSiSiSiGeSiGeSiSiGeSiSiGeGeGeGeSiGeGeGeSiGeSiGeSiGeGeGeGeGeGeGeGeGeSiGeGeGeGeGeSiGeSiGeGeGeGeGeGeGeSiSiGeSiSiSi
    -2182.5244140625 GeSiGeGeGeSiSiSiGeSiGeSiSiGeSiSiGeGeGeGeSiGeGeGeSiGeSiGeSiGeGeGeGeGeGeGeGeGeSiGeGeGeGeGeSiGeSiGeGeGeGeGeGeGeSiSiGeSiSiSi
    -2182.5244140625 GeSiGeGeGeSiSiSiGeSiGeSiSiGeSiSiGeGeGeGeSiGeGeGeSiGeSiGeSiGeGeGeGeGeGeGeGeGeSiGeGeGeGeGeSiGeSiGeGeGeGeGeGeGeSiSiGeSiSiSi
    -2182.5244140625 GeSiGeGeGeSiSiSiGeSiGeSiSiGeSiSiGeGeGeGeSiGeGeGeSiGeSiGeSiGeGeGeGeGeGeGeGeGeSiGeGeGeGeGeSiGeSiGeGeGeGeGeGeGeSiSiGeSiSiSi
    -2182.5244140625 GeSiGeGeGeSiSiSiGeSiGeSiSiGeSiSiGeGeGeGeSiGeGeGeSiGeSiGeSiGeGeGeGeGeGeGeGeGeSiGeGeGeGeGeSiGeSiGeGeGeGeGeGeGeSiSiGeSiSiSi
    -2182.5244140625 GeSiGeGeGeSiSiSiGeSiGeSiSiGeSiSiGeGeGeGeSiGeGeGeSiGeSiGeSiGeGeGeGeGeGeGeGeGeSiGeGeGeGeGeSiGeSiGeGeGeGeGeGeGeSiSiGeSiSiSi
    -2182.5244140625 GeSiGeGeGeSiSiSiGeSiGeSiSiGeSiSiGeGeGeGeSiGeGeGeSiGeSiGeSiGeGeGeGeGeGeGeGeGeSiGeGeGeGeGeSiGeSiGeGeGeGeGeGeGeSiSiGeSiSiSi
    -2182.5244140625 GeSiGeGeGeSiSiSiGeSiGeSiSiGeSiSiGeGeGeGeSiGeGeGeSiGeSiGeSiGeGeGeGeGeGeGeGeGeSiGeGeGeGeGeSiGeSiGeGeGeGeGeGeGeSiSiGeSiSiSi
    -2182.5244140625 GeSiGeGeGeSiSiSiGeSiGeSiSiGeSiSiGeGeGeGeSiGeGeGeSiGeSiGeSiGeGeGeGeGeGeGeGeGeSiGeGeGeGeGeSiGeSiGeGeGeGeGeGeGeSiSiGeSiSiSi
    -2182.5244140625 GeSiGeGeGeSiSiSiGeSiGeSiSiGeSiSiGeGeGeGeSiGeGeGeSiGeSiGeSiGeGeGeGeGeGeGeGeGeSiGeGeGeGeGeSiGeSiGeGeGeGeGeGeGeSiSiGeSiSiSi
    -2182.5244140625 GeSiGeGeGeSiSiSiGeSiGeSiSiGeSiSiGeGeGeGeSiGeGeGeSiGeSiGeSiGeGeGeGeGeGeGeGeGeSiGeGeGeGeGeSiGeSiGeGeGeGeGeGeGeSiSiGeSiSiSi
    -2182.5244140625 GeSiGeGeGeSiSiSiGeSiGeSiSiGeSiSiGeGeGeGeSiGeGeGeSiGeSiGeSiGeGeGeGeGeGeGeGeGeSiGeGeGeGeGeSiGeSiGeGeGeGeGeGeGeSiSiGeSiSiSi
    -2182.5244140625 GeSiGeGeGeSiSiSiGeSiGeSiSiGeSiSiGeGeGeGeSiGeGeGeSiGeSiGeSiGeGeGeGeGeGeGeGeGeSiGeGeGeGeGeSiGeSiGeGeGeGeGeGeGeSiSiGeSiSiSi
    -2182.5244140625 GeSiGeGeGeSiSiSiGeSiGeSiSiGeSiSiGeGeGeGeSiGeGeGeSiGeSiGeSiGeGeGeGeGeGeGeGeGeSiGeGeGeGeGeSiGeSiGeGeGeGeGeGeGeSiSiGeSiSiSi
    -2182.5244140625 GeSiGeGeGeSiSiSiGeSiGeSiSiGeSiSiGeGeGeGeSiGeGeGeSiGeSiGeSiGeGeGeGeGeGeGeGeGeSiGeGeGeGeGeSiGeSiGeGeGeGeGeGeGeSiSiGeSiSiSi
    -2182.5244140625 GeSiGeGeGeSiSiSiGeSiGeSiSiGeSiSiGeGeGeGeSiGeGeGeSiGeSiGeSiGeGeGeGeGeGeGeGeGeSiGeGeGeGeGeSiGeSiGeGeGeGeGeGeGeSiSiGeSiSiSi
    -2182.5244140625 GeSiGeGeGeSiSiSiGeSiGeSiSiGeSiSiGeGeGeGeSiGeGeGeSiGeSiGeSiGeGeGeGeGeGeGeGeGeSiGeGeGeGeGeSiGeSiGeGeGeGeGeGeGeSiSiGeSiSiSi
    -2182.5244140625 GeSiGeGeGeSiSiSiGeSiGeSiSiGeSiSiGeGeGeGeSiGeGeGeSiGeSiGeSiGeGeGeGeGeGeGeGeGeSiGeGeGeGeGeSiGeSiGeGeGeGeGeGeGeSiSiGeSiSiSi
    -2182.5244140625 GeSiGeGeGeSiSiSiGeSiGeSiSiGeSiSiGeGeGeGeSiGeGeGeSiGeSiGeSiGeGeGeGeGeGeGeGeGeSiGeGeGeGeGeSiGeSiGeGeGeGeGeGeGeSiSiGeSiSiSi
    -2182.5244140625 GeSiGeGeGeSiSiSiGeSiGeSiSiGeSiSiGeGeGeGeSiGeGeGeSiGeSiGeSiGeGeGeGeGeGeGeGeGeSiGeGeGeGeGeSiGeSiGeGeGeGeGeGeGeSiSiGeSiSiSi
    -2182.5244140625 GeSiGeGeGeSiSiSiGeSiGeSiSiGeSiSiGeGeGeGeSiGeGeGeSiGeSiGeSiGeGeGeGeGeGeGeGeGeSiGeGeGeGeGeSiGeSiGeGeGeGeGeGeGeSiSiGeSiSiSi
    -2182.5244140625 GeSiGeGeGeSiSiSiGeSiGeSiSiGeSiSiGeGeGeGeSiGeGeGeSiGeSiGeSiGeGeGeGeGeGeGeGeGeSiGeGeGeGeGeSiGeSiGeGeGeGeGeGeGeSiSiGeSiSiSi
    -2182.5244140625 GeSiGeGeGeSiSiSiGeSiGeSiSiGeSiSiGeGeGeGeSiGeGeGeSiGeSiGeSiGeGeGeGeGeGeGeGeGeSiGeGeGeGeGeSiGeSiGeGeGeGeGeGeGeSiSiGeSiSiSi
    -2182.5244140625 GeSiGeGeGeSiSiSiGeSiGeSiSiGeSiSiGeGeGeGeSiGeGeGeSiGeSiGeSiGeGeGeGeGeGeGeGeGeSiGeGeGeGeGeSiGeSiGeGeGeGeGeGeGeSiSiGeSiSiSi
    -2182.5244140625 GeSiGeGeGeSiSiSiGeSiGeSiSiGeSiSiGeGeGeGeSiGeGeGeSiGeSiGeSiGeGeGeGeGeGeGeGeGeSiGeGeGeGeGeSiGeSiGeGeGeGeGeGeGeSiSiGeSiSiSi
    -2182.5244140625 GeSiGeGeGeSiSiSiGeSiGeSiSiGeSiSiGeGeGeGeSiGeGeGeSiGeSiGeSiGeGeGeGeGeGeGeGeGeSiGeGeGeGeGeSiGeSiGeGeGeGeGeGeGeSiSiGeSiSiSi
    -2182.5244140625 GeSiGeGeGeSiSiSiGeSiGeSiSiGeSiSiGeGeGeGeSiGeGeGeSiGeSiGeSiGeGeGeGeGeGeGeGeGeSiGeGeGeGeGeSiGeSiGeGeGeGeGeGeGeSiSiGeSiSiSi
    -2182.5244140625 GeSiGeGeGeSiSiSiGeSiGeSiSiGeSiSiGeGeGeGeSiGeGeGeSiGeSiGeSiGeGeGeGeGeGeGeGeGeSiGeGeGeGeGeSiGeSiGeGeGeGeGeGeGeSiSiGeSiSiSi
    -2182.5244140625 GeSiGeGeGeSiSiSiGeSiGeSiSiGeSiSiGeGeGeGeSiGeGeGeSiGeSiGeSiGeGeGeGeGeGeGeGeGeSiGeGeGeGeGeSiGeSiGeGeGeGeGeGeGeSiSiGeSiSiSi
    -2182.5244140625 GeSiGeGeGeSiSiSiGeSiGeSiSiGeSiSiGeGeGeGeSiGeGeGeSiGeSiGeSiGeGeGeGeGeGeGeGeGeSiGeGeGeGeGeSiGeSiGeGeGeGeGeGeGeSiSiGeSiSiSi
    -2182.5244140625 GeSiGeGeGeSiSiSiGeSiGeSiSiGeSiSiGeGeGeGeSiGeGeGeSiGeSiGeSiGeGeGeGeGeGeGeGeGeSiGeGeGeGeGeSiGeSiGeGeGeGeGeGeGeSiSiGeSiSiSi
    -2182.5244140625 GeSiGeGeGeSiSiSiGeSiGeSiSiGeSiSiGeGeGeGeSiGeGeGeSiGeSiGeSiGeGeGeGeGeGeGeGeGeSiGeGeGeGeGeSiGeSiGeGeGeGeGeGeGeSiSiGeSiSiSi
    -2182.5244140625 GeSiGeGeGeSiSiSiGeSiGeSiSiGeSiSiGeGeGeGeSiGeGeGeSiGeSiGeSiGeGeGeGeGeGeGeGeGeSiGeGeGeGeGeSiGeSiGeGeGeGeGeGeGeSiSiGeSiSiSi
    -2182.5244140625 GeSiGeGeGeSiSiSiGeSiGeSiSiGeSiSiGeGeGeGeSiGeGeGeSiGeSiGeSiGeGeGeGeGeGeGeGeGeSiGeGeGeGeGeSiGeSiGeGeGeGeGeGeGeSiSiGeSiSiSi
    -2182.5244140625 GeSiGeGeGeSiSiSiGeSiGeSiSiGeSiSiGeGeGeGeSiGeGeGeSiGeSiGeSiGeGeGeGeGeGeGeGeGeSiGeGeGeGeGeSiGeSiGeGeGeGeGeGeGeSiSiGeSiSiSi
    -2182.5244140625 GeSiGeGeGeSiSiSiGeSiGeSiSiGeSiSiGeGeGeGeSiGeGeGeSiGeSiGeSiGeGeGeGeGeGeGeGeGeSiGeGeGeGeGeSiGeSiGeGeGeGeGeGeGeSiSiGeSiSiSi
    -2182.5244140625 GeSiGeGeGeSiSiSiGeSiGeSiSiGeSiSiGeGeGeGeSiGeGeGeSiGeSiGeSiGeGeGeGeGeGeGeGeGeSiGeGeGeGeGeSiGeSiGeGeGeGeGeGeGeSiSiGeSiSiSi
    -2182.5244140625 GeSiGeGeGeSiSiSiGeSiGeSiSiGeSiSiGeGeGeGeSiGeGeGeSiGeSiGeSiGeGeGeGeGeGeGeGeGeSiGeGeGeGeGeSiGeSiGeGeGeGeGeGeGeSiSiGeSiSiSi
    -2182.5244140625 GeSiGeGeGeSiSiSiGeSiGeSiSiGeSiSiGeGeGeGeSiGeGeGeSiGeSiGeSiGeGeGeGeGeGeGeGeGeSiGeGeGeGeGeSiGeSiGeGeGeGeGeGeGeSiSiGeSiSiSi
    -2182.5244140625 GeSiGeGeGeSiSiSiGeSiGeSiSiGeSiSiGeGeGeGeSiGeGeGeSiGeSiGeSiGeGeGeGeGeGeGeGeGeSiGeGeGeGeGeSiGeSiGeGeGeGeGeGeGeSiSiGeSiSiSi
    -2182.5244140625 GeSiGeGeGeSiSiSiGeSiGeSiSiGeSiSiGeGeGeGeSiGeGeGeSiGeSiGeSiGeGeGeGeGeGeGeGeGeSiGeGeGeGeGeSiGeSiGeGeGeGeGeGeGeSiSiGeSiSiSi
    -2182.5244140625 GeSiGeGeGeSiSiSiGeSiGeSiSiGeSiSiGeGeGeGeSiGeGeGeSiGeSiGeSiGeGeGeGeGeGeGeGeGeSiGeGeGeGeGeSiGeSiGeGeGeGeGeGeGeSiSiGeSiSiSi
    -2182.5244140625 GeSiGeGeGeSiSiSiGeSiGeSiSiGeSiSiGeGeGeGeSiGeGeGeSiGeSiGeSiGeGeGeGeGeGeGeGeGeSiGeGeGeGeGeSiGeSiGeGeGeGeGeGeGeSiSiGeSiSiSi
    -2182.5244140625 GeSiGeGeGeSiSiSiGeSiGeSiSiGeSiSiGeGeGeGeSiGeGeGeSiGeSiGeSiGeGeGeGeGeGeGeGeGeSiGeGeGeGeGeSiGeSiGeGeGeGeGeGeGeSiSiGeSiSiSi
    -2182.5244140625 GeSiGeGeGeSiSiSiGeSiGeSiSiGeSiSiGeGeGeGeSiGeGeGeSiGeSiGeSiGeGeGeGeGeGeGeGeGeSiGeGeGeGeGeSiGeSiGeGeGeGeGeGeGeSiSiGeSiSiSi
    -2182.5244140625 GeSiGeGeGeSiSiSiGeSiGeSiSiGeSiSiGeGeGeGeSiGeGeGeSiGeSiGeSiGeGeGeGeGeGeGeGeGeSiGeGeGeGeGeSiGeSiGeGeGeGeGeGeGeSiSiGeSiSiSi
    -2182.5244140625 GeSiGeGeGeSiSiSiGeSiGeSiSiGeSiSiGeGeGeGeSiGeGeGeSiGeSiGeSiGeGeGeGeGeGeGeGeGeSiGeGeGeGeGeSiGeSiGeGeGeGeGeGeGeSiSiGeSiSiSi
    -2182.5244140625 GeSiGeGeGeSiSiSiGeSiGeSiSiGeSiSiGeGeGeGeSiGeGeGeSiGeSiGeSiGeGeGeGeGeGeGeGeGeSiGeGeGeGeGeSiGeSiGeGeGeGeGeGeGeSiSiGeSiSiSi
    -2182.5244140625 GeSiGeGeGeSiSiSiGeSiGeSiSiGeSiSiGeGeGeGeSiGeGeGeSiGeSiGeSiGeGeGeGeGeGeGeGeGeSiGeGeGeGeGeSiGeSiGeGeGeGeGeGeGeSiSiGeSiSiSi
    -2182.5244140625 GeSiGeGeGeSiSiSiGeSiGeSiSiGeSiSiGeGeGeGeSiGeGeGeSiGeSiGeSiGeGeGeGeGeGeGeGeGeSiGeGeGeGeGeSiGeSiGeGeGeGeGeGeGeSiSiGeSiSiSi
    -2182.5244140625 GeSiGeGeGeSiSiSiGeSiGeSiSiGeSiSiGeGeGeGeSiGeGeGeSiGeSiGeSiGeGeGeGeGeGeGeGeGeSiGeGeGeGeGeSiGeSiGeGeGeGeGeGeGeSiSiGeSiSiSi
    -2182.5244140625 GeSiGeGeGeSiSiSiGeSiGeSiSiGeSiSiGeGeGeGeSiGeGeGeSiGeSiGeSiGeGeGeGeGeGeGeGeGeSiGeGeGeGeGeSiGeSiGeGeGeGeGeGeGeSiSiGeSiSiSi
    -2182.5244140625 GeSiGeGeGeSiSiSiGeSiGeSiSiGeSiSiGeGeGeGeSiGeGeGeSiGeSiGeSiGeGeGeGeGeGeGeGeGeSiGeGeGeGeGeSiGeSiGeGeGeGeGeGeGeSiSiGeSiSiSi
    -2182.5244140625 GeSiGeGeGeSiSiSiGeSiGeSiSiGeSiSiGeGeGeGeSiGeGeGeSiGeSiGeSiGeGeGeGeGeGeGeGeGeSiGeGeGeGeGeSiGeSiGeGeGeGeGeGeGeSiSiGeSiSiSi
    -2182.5244140625 GeSiGeGeGeSiSiSiGeSiGeSiSiGeSiSiGeGeGeGeSiGeGeGeSiGeSiGeSiGeGeGeGeGeGeGeGeGeSiGeGeGeGeGeSiGeSiGeGeGeGeGeGeGeSiSiGeSiSiSi
    -2182.5244140625 GeSiGeGeGeSiSiSiGeSiGeSiSiGeSiSiGeGeGeGeSiGeGeGeSiGeSiGeSiGeGeGeGeGeGeGeGeGeSiGeGeGeGeGeSiGeSiGeGeGeGeGeGeGeSiSiGeSiSiSi
    -2182.5244140625 GeSiGeGeGeSiSiSiGeSiGeSiSiGeSiSiGeGeGeGeSiGeGeGeSiGeSiGeSiGeGeGeGeGeGeGeGeGeSiGeGeGeGeGeSiGeSiGeGeGeGeGeGeGeSiSiGeSiSiSi
    -2182.5244140625 GeSiGeGeGeSiSiSiGeSiGeSiSiGeSiSiGeGeGeGeSiGeGeGeSiGeSiGeSiGeGeGeGeGeGeGeGeGeSiGeGeGeGeGeSiGeSiGeGeGeGeGeGeGeSiSiGeSiSiSi
    -2182.5244140625 GeSiGeGeGeSiSiSiGeSiGeSiSiGeSiSiGeGeGeGeSiGeGeGeSiGeSiGeSiGeGeGeGeGeGeGeGeGeSiGeGeGeGeGeSiGeSiGeGeGeGeGeGeGeSiSiGeSiSiSi
    -2182.5244140625 GeSiGeGeGeSiSiSiGeSiGeSiSiGeSiSiGeGeGeGeSiGeGeGeSiGeSiGeSiGeGeGeGeGeGeGeGeGeSiGeGeGeGeGeSiGeSiGeGeGeGeGeGeGeSiSiGeSiSiSi
    -2182.5244140625 GeSiGeGeGeSiSiSiGeSiGeSiSiGeSiSiGeGeGeGeSiGeGeGeSiGeSiGeSiGeGeGeGeGeGeGeGeGeSiGeGeGeGeGeSiGeSiGeGeGeGeGeGeGeSiSiGeSiSiSi
    -2182.5244140625 GeSiGeGeGeSiSiSiGeSiGeSiSiGeSiSiGeGeGeGeSiGeGeGeSiGeSiGeSiGeGeGeGeGeGeGeGeGeSiGeGeGeGeGeSiGeSiGeGeGeGeGeGeGeSiSiGeSiSiSi
    -2182.5244140625 GeSiGeGeGeSiSiSiGeSiGeSiSiGeSiSiGeGeGeGeSiGeGeGeSiGeSiGeSiGeGeGeGeGeGeGeGeGeSiGeGeGeGeGeSiGeSiGeGeGeGeGeGeGeSiSiGeSiSiSi
    -2182.5244140625 GeSiGeGeGeSiSiSiGeSiGeSiSiGeSiSiGeGeGeGeSiGeGeGeSiGeSiGeSiGeGeGeGeGeGeGeGeGeSiGeGeGeGeGeSiGeSiGeGeGeGeGeGeGeSiSiGeSiSiSi
    -2182.5244140625 GeSiGeGeGeSiSiSiGeSiGeSiSiGeSiSiGeGeGeGeSiGeGeGeSiGeSiGeSiGeGeGeGeGeGeGeGeGeSiGeGeGeGeGeSiGeSiGeGeGeGeGeGeGeSiSiGeSiSiSi
    -2182.5244140625 GeSiGeGeGeSiSiSiGeSiGeSiSiGeSiSiGeGeGeGeSiGeGeGeSiGeSiGeSiGeGeGeGeGeGeGeGeGeSiGeGeGeGeGeSiGeSiGeGeGeGeGeGeGeSiSiGeSiSiSi
    -2182.5244140625 GeSiGeGeGeSiSiSiGeSiGeSiSiGeSiSiGeGeGeGeSiGeGeGeSiGeSiGeSiGeGeGeGeGeGeGeGeGeSiGeGeGeGeGeSiGeSiGeGeGeGeGeGeGeSiSiGeSiSiSi
    -2182.5244140625 GeSiGeGeGeSiSiSiGeSiGeSiSiGeSiSiGeGeGeGeSiGeGeGeSiGeSiGeSiGeGeGeGeGeGeGeGeGeSiGeGeGeGeGeSiGeSiGeGeGeGeGeGeGeSiSiGeSiSiSi
    -2182.5244140625 GeSiGeGeGeSiSiSiGeSiGeSiSiGeSiSiGeGeGeGeSiGeGeGeSiGeSiGeSiGeGeGeGeGeGeGeGeGeSiGeGeGeGeGeSiGeSiGeGeGeGeGeGeGeSiSiGeSiSiSi
    -2182.5244140625 GeSiGeGeGeSiSiSiGeSiGeSiSiGeSiSiGeGeGeGeSiGeGeGeSiGeSiGeSiGeGeGeGeGeGeGeGeGeSiGeGeGeGeGeSiGeSiGeGeGeGeGeGeGeSiSiGeSiSiSi
    -2182.5244140625 GeSiGeGeGeSiSiSiGeSiGeSiSiGeSiSiGeGeGeGeSiGeGeGeSiGeSiGeSiGeGeGeGeGeGeGeGeGeSiGeGeGeGeGeSiGeSiGeGeGeGeGeGeGeSiSiGeSiSiSi
    -2182.5244140625 GeSiGeGeGeSiSiSiGeSiGeSiSiGeSiSiGeGeGeGeSiGeGeGeSiGeSiGeSiGeGeGeGeGeGeGeGeGeSiGeGeGeGeGeSiGeSiGeGeGeGeGeGeGeSiSiGeSiSiSi
    -2182.5244140625 GeSiGeGeGeSiSiSiGeSiGeSiSiGeSiSiGeGeGeGeSiGeGeGeSiGeSiGeSiGeGeGeGeGeGeGeGeGeSiGeGeGeGeGeSiGeSiGeGeGeGeGeGeGeSiSiGeSiSiSi
    -2182.5244140625 GeSiGeGeGeSiSiSiGeSiGeSiSiGeSiSiGeGeGeGeSiGeGeGeSiGeSiGeSiGeGeGeGeGeGeGeGeGeSiGeGeGeGeGeSiGeSiGeGeGeGeGeGeGeSiSiGeSiSiSi
    -2182.5244140625 GeSiGeGeGeSiSiSiGeSiGeSiSiGeSiSiGeGeGeGeSiGeGeGeSiGeSiGeSiGeGeGeGeGeGeGeGeGeSiGeGeGeGeGeSiGeSiGeGeGeGeGeGeGeSiSiGeSiSiSi
    -2182.5244140625 GeSiGeGeGeSiSiSiGeSiGeSiSiGeSiSiGeGeGeGeSiGeGeGeSiGeSiGeSiGeGeGeGeGeGeGeGeGeSiGeGeGeGeGeSiGeSiGeGeGeGeGeGeGeSiSiGeSiSiSi
    -2182.5244140625 GeSiGeGeGeSiSiSiGeSiGeSiSiGeSiSiGeGeGeGeSiGeGeGeSiGeSiGeSiGeGeGeGeGeGeGeGeGeSiGeGeGeGeGeSiGeSiGeGeGeGeGeGeGeSiSiGeSiSiSi
    -2182.5244140625 GeSiGeGeGeSiSiSiGeSiGeSiSiGeSiSiGeGeGeGeSiGeGeGeSiGeSiGeSiGeGeGeGeGeGeGeGeGeSiGeGeGeGeGeSiGeSiGeGeGeGeGeGeGeSiSiGeSiSiSi
    -2182.5244140625 GeSiGeGeGeSiSiSiGeSiGeSiSiGeSiSiGeGeGeGeSiGeGeGeSiGeSiGeSiGeGeGeGeGeGeGeGeGeSiGeGeGeGeGeSiGeSiGeGeGeGeGeGeGeSiSiGeSiSiSi
    -2182.5244140625 GeSiGeGeGeSiSiSiGeSiGeSiSiGeSiSiGeGeGeGeSiGeGeGeSiGeSiGeSiGeGeGeGeGeGeGeGeGeSiGeGeGeGeGeSiGeSiGeGeGeGeGeGeGeSiSiGeSiSiSi
filename: c000001487331926.gin     
Cell:
    11.9020996    11.9020996    29.6919994    90.0000000    90.0000000   120.0000000
Box:
    11.9020996    -5.9510503     0.0000000
     0.0000000    10.3075209     0.0000000
     0.0000000     0.0000000    29.6919994
----------------------------------------
Inverse Box:
     0.0840188     0.0485083     0.0000000
     0.0000000     0.0970165     0.0000000
     0.0000000     0.0000000     0.0336791
----------------------------------------
==============================================
geometrical properties of  39 Ge:
 Configuration:           0
 D_ave:   9.10393333       3.54080081    
 D_min:   3.06057882      0.203261107    
 energia:  -2182.52441    
