Random Seed:  1103543444
Number of atoms:    60
Space Group:    1
Cell:
    11.9020996    11.9020996    29.6919994    90.0000000    90.0000000   120.0000000
Box:
    11.9020996    -5.9510503     0.0000000
     0.0000000    10.3075209     0.0000000
     0.0000000     0.0000000    29.6919994
----------------------------------------
Inverse Box:
     0.0840188     0.0485083     0.0000000
     0.0000000     0.0970165     0.0000000
     0.0000000     0.0000000     0.0336791
----------------------------------------
GeSiSiSiSiSiSiSiSiSiSiSiSiSiSiSiSiSiSiSiSiSiSiSiSiSiSiSiGeSiSiSiSiSiSiSiSiSiSiSiSiSiSiSiSiSiSiSiSiSiSiSiSiSiSiSiSiSiSiSi
           1 Ge    -7733.62402    
GeGeSiSiSiSiSiSiSiSiSiSiSiSiSiSiSiSiSiSiSiSiSiSiSiSiSiSiGeSiSiSiSiSiSiSiSiSiSiSiSiSiSiSiSiSiSiSiSiSiSiSiSiSiSiSiSiSiSiSi
           2 Ge    -7727.62598    
GeGeGeSiSiSiSiSiSiSiSiSiSiSiSiSiSiSiSiSiSiSiSiSiSiSiSiSiGeSiSiSiSiSiSiSiSiSiSiSiSiSiSiSiSiSiSiSiSiSiSiSiSiSiSiSiSiSiSiSi
           3 Ge    -7720.23486    
GeGeGeGeSiSiSiSiSiSiSiSiSiSiSiSiSiSiSiSiSiSiSiSiSiSiSiSiGeSiSiSiSiSiSiSiSiSiSiSiSiSiSiSiSiSiSiSiSiSiSiSiSiSiSiSiSiSiSiSi
           4 Ge    -7743.59912    
GeGeGeGeGeSiSiSiSiSiSiSiSiSiSiSiSiSiSiSiSiSiSiSiSiSiSiSiGeSiSiSiSiSiSiSiSiSiSiSiSiSiSiSiSiSiSiSiSiSiSiSiSiSiSiSiSiSiSiSi
           5 Ge    -7785.39404    
GeGeGeGeGeGeSiSiSiSiSiSiSiSiSiSiSiSiSiSiSiSiSiSiSiSiSiSiGeSiSiSiSiSiSiSiSiSiSiSiSiSiSiSiSiSiSiSiSiSiSiSiSiSiSiSiSiSiSiSi
           6 Ge    -7851.50293    
GeGeGeGeGeGeGeSiSiSiSiSiSiSiSiSiSiSiSiSiSiSiSiSiSiSiSiSiGeSiSiSiSiSiSiSiSiSiSiSiSiSiSiSiSiSiSiSiSiSiSiSiSiSiSiSiSiSiSiSi
           7 Ge    -8017.02051    
GeGeGeGeGeGeGeGeSiSiSiSiSiSiSiSiSiSiSiSiSiSiSiSiSiSiSiSiGeSiSiSiSiSiSiSiSiSiSiSiSiSiSiSiSiSiSiSiSiSiSiSiSiSiSiSiSiSiSiSi
           8 Ge    -8217.68945    
GeGeGeGeGeGeGeGeSiSiSiGeSiSiSiSiSiSiSiSiSiSiSiSiSiSiSiSiGeSiSiSiSiSiSiSiSiSiSiSiSiSiSiSiSiSiSiSiSiSiSiSiSiSiSiSiSiSiSiSi
          12 Ge    -8546.49707    
GeGeGeGeGeGeGeGeSiSiSiGeGeSiSiSiSiSiSiSiSiSiSiSiSiSiSiSiGeSiSiSiSiSiSiSiSiSiSiSiSiSiSiSiSiSiSiSiSiSiSiSiSiSiSiSiSiSiSiSi
          13 Ge    -8658.81934    
GeGeGeGeGeGeGeGeSiSiSiGeGeSiSiGeSiSiSiSiSiSiSiSiSiSiSiSiGeSiSiSiSiSiSiSiSiSiSiSiSiSiSiSiSiSiSiSiSiSiSiSiSiSiSiSiSiSiSiSi
          16 Ge    -9100.05664    
GeGeGeGeGeGeGeGeSiSiSiGeGeSiSiGeSiSiSiSiSiSiSiSiSiGeSiSiGeSiSiSiSiSiSiSiSiSiSiSiSiSiSiSiSiSiSiSiSiSiSiSiSiSiSiSiSiSiSiSi
          26 Ge    -8943.41504    
GeGeGeGeGeGeGeGeSiSiSiGeGeSiSiGeSiSiSiSiSiSiSiSiSiGeSiSiGeGeSiSiSiSiSiSiSiSiSiSiSiSiSiSiSiSiSiSiSiSiSiSiSiSiSiSiSiSiSiSi
          30 Ge    -8659.54395    
GeGeGeGeGeGeGeGeSiSiSiGeGeSiSiGeSiSiSiSiSiSiSiSiSiGeSiSiGeGeSiSiGeSiSiSiSiSiSiSiSiSiSiSiSiSiSiSiSiSiSiSiSiSiSiSiSiSiSiSi
          33 Ge    -9267.38184    
GeGeGeGeGeGeGeGeSiSiSiGeGeSiSiGeSiSiSiSiSiSiSiSiSiGeSiSiGeGeSiSiGeSiSiSiGeSiSiSiSiSiSiSiSiSiSiSiSiSiSiSiSiSiSiSiSiSiSiSi
          37 Ge    -7958.15625    
GeGeGeGeGeGeGeGeSiSiSiGeGeSiSiGeSiSiSiSiSiSiSiSiSiGeSiSiGeGeSiSiGeSiSiSiGeSiGeSiSiSiSiSiSiSiSiSiSiSiSiSiSiSiSiSiSiSiSiSi
          39 Ge    -8684.22852    
GeGeGeGeGeGeGeGeSiSiSiGeGeSiSiGeSiSiSiSiSiSiSiSiSiGeSiSiGeGeSiSiGeSiSiSiGeSiGeGeSiSiSiSiSiSiSiSiSiSiSiSiSiSiSiSiSiSiSiSi
          40 Ge    -8968.53125    
GeGeGeGeGeGeGeGeSiSiSiGeGeSiSiGeSiSiSiSiSiSiSiSiSiGeSiSiGeGeSiSiGeSiSiSiGeSiGeGeSiGeSiSiSiSiSiSiSiSiSiSiSiSiSiSiSiSiSiSi
          42 Ge    -7164.98730    
GeGeGeGeGeGeGeGeSiSiSiGeGeSiSiGeSiSiSiSiSiSiSiSiSiGeSiSiGeGeSiSiGeSiSiSiGeSiGeGeSiGeSiSiSiGeSiSiSiSiSiSiSiSiSiSiSiSiSiSi
          46 Ge    -6656.13330    
GeGeGeGeGeGeGeGeSiSiSiGeGeSiSiGeSiSiSiSiSiSiSiSiSiGeSiSiGeGeSiSiGeSiSiSiGeSiGeGeSiGeSiSiSiGeSiSiSiSiSiSiSiSiSiSiGeSiSiSi
          57 Ge    -8662.76953    
GeGeGeGeGeGeGeGeSiSiSiGeGeSiSiGeSiSiSiSiSiSiSiSiSiGeSiSiGeGeSiSiGeSiSiSiGeSiGeGeSiGeSiSiSiGeSiSiSiSiSiSiSiSiSiSiGeGeSiSi
          58 Ge    -6937.59961    
GeGeGeGeGeGeGeGeGeSiSiGeGeSiSiGeSiSiSiSiSiSiSiSiSiGeSiSiGeGeSiSiGeSiSiSiGeSiGeGeSiGeSiSiSiGeSiSiSiSiSiSiSiSiSiSiGeGeSiSi
           9 Ge    -7222.13477    
GeGeGeGeGeGeGeGeGeGeSiGeGeSiSiGeSiSiSiSiSiSiSiSiSiGeSiSiGeGeSiSiGeSiSiSiGeSiGeGeSiGeSiSiSiGeSiSiSiSiSiSiSiSiSiSiGeGeSiSi
          10 Ge    -3780.32910    
GeGeGeGeGeGeGeGeGeGeGeGeGeSiSiGeSiSiSiSiSiSiSiSiSiGeSiSiGeGeSiSiGeSiSiSiGeSiGeGeSiGeSiSiSiGeSiSiSiSiSiSiSiSiSiSiGeGeSiSi
          11 Ge    -5130.86377    
GeGeGeGeGeGeGeGeGeGeGeGeGeGeSiGeSiSiSiSiSiSiSiSiSiGeSiSiGeGeSiSiGeSiSiSiGeSiGeGeSiGeSiSiSiGeSiSiSiSiSiSiSiSiSiSiGeGeSiSi
          14 Ge    -5094.28955    
GeGeGeGeGeGeGeGeGeGeGeGeGeGeGeGeSiSiSiSiSiSiSiSiSiGeSiSiGeGeSiSiGeSiSiSiGeSiGeGeSiGeSiSiSiGeSiSiSiSiSiSiSiSiSiSiGeGeSiSi
          15 Ge    -1626.14502    
GeGeGeGeGeGeGeGeGeGeGeGeGeGeGeGeSiSiSiSiSiSiGeSiSiGeSiSiGeGeSiSiGeSiSiSiGeSiGeGeSiGeSiSiSiGeSiSiSiSiSiSiSiSiSiSiGeGeSiSi
          23 Ge     2452.35254    
GeGeGeGeGeGeGeGeGeGeGeGeGeGeGeGeSiSiSiSiSiSiGeGeSiGeSiSiGeGeSiSiGeSiSiSiGeSiGeGeSiGeSiSiSiGeSiSiSiSiSiSiSiSiSiSiGeGeSiSi
          24 Ge     7386.30029    
GeGeGeGeGeGeGeGeGeGeGeGeGeGeGeGeSiSiSiSiSiSiGeGeSiGeSiGeGeGeSiSiGeSiSiSiGeSiGeGeSiGeSiSiSiGeSiSiSiSiSiSiSiSiSiSiGeGeSiSi
          28 Ge     9765.13184    
GeGeGeGeGeGeGeGeGeGeGeGeGeGeGeGeSiSiSiSiSiSiGeGeSiGeSiGeGeGeSiSiGeSiSiSiGeSiGeGeSiGeSiGeSiGeSiSiSiSiSiSiSiSiSiSiGeGeSiSi
          44 Ge     10958.8369    
GeGeGeGeGeGeGeGeGeGeGeGeGeGeGeGeSiSiSiSiSiSiGeGeSiGeSiGeGeGeSiSiGeSiSiSiGeSiGeGeSiGeSiGeSiGeSiSiSiSiGeSiSiSiSiSiGeGeSiSi
          51 Ge     13793.3145    
GeGeGeGeGeGeGeGeGeGeGeGeGeGeGeGeGeSiSiSiSiSiGeGeSiGeSiGeGeGeSiSiGeSiSiSiGeSiGeGeSiGeSiGeSiGeSiSiSiSiGeSiSiSiSiSiGeGeSiSi
          17 Ge     19758.7910    
GeGeGeGeGeGeGeGeGeGeGeGeGeGeGeGeGeGeSiSiSiSiGeGeSiGeSiGeGeGeSiSiGeSiSiSiGeSiGeGeSiGeSiGeSiGeSiSiSiSiGeSiSiSiSiSiGeGeSiSi
          18 Ge     23940.4199    
GeGeGeGeGeGeGeGeGeGeGeGeGeGeGeGeGeGeSiSiGeSiGeGeSiGeSiGeGeGeSiSiGeSiSiSiGeSiGeGeSiGeSiGeSiGeSiSiSiSiGeSiSiSiSiSiGeGeSiSi
          21 Ge     35073.3047    
GeGeGeGeGeGeGeGeGeGeGeGeGeGeGeGeGeGeSiSiGeGeGeGeSiGeSiGeGeGeSiSiGeSiSiSiGeSiGeGeSiGeSiGeSiGeSiSiSiSiGeSiSiSiSiSiGeGeSiSi
          22 Ge     45853.5234    
GeGeGeGeGeGeGeGeGeGeGeGeGeGeGeGeGeGeSiSiGeGeGeGeSiGeSiGeGeGeGeSiGeSiSiSiGeSiGeGeSiGeSiGeSiGeSiSiSiSiGeSiSiSiSiSiGeGeSiSi
          31 Ge     51147.7266    
GeGeGeGeGeGeGeGeGeGeGeGeGeGeGeGeGeGeSiSiGeGeGeGeSiGeSiGeGeGeGeGeGeSiSiSiGeSiGeGeSiGeSiGeSiGeSiSiSiSiGeSiSiSiSiSiGeGeSiSi
          32 Ge     57072.1172    
GeGeGeGeGeGeGeGeGeGeGeGeGeGeGeGeGeGeSiSiGeGeGeGeSiGeSiGeGeGeGeGeGeSiSiSiGeSiGeGeSiGeSiGeGeGeSiSiSiSiGeSiSiSiSiSiGeGeSiSi
          45 Ge     74914.1328    
GeGeGeGeGeGeGeGeGeGeGeGeGeGeGeGeGeGeSiSiGeGeGeGeSiGeSiGeGeGeGeGeGeSiSiSiGeSiGeGeSiGeSiGeGeGeSiSiGeSiGeSiSiSiSiSiGeGeSiSi
          49 Ge     91892.2422    
==============================================
MonteCarlo: Metropolis with identity changes
Si > Ge, Ge > Si. STOP when occurrence <    0.00000
==============================================
Cost_function     Occurrence %     Scan-Cost
    20001.4335937500 GeSiGeGeSiSiSiGeSiGeGeSiSiSiGeGeGeGeGeSiGeGeGeGeGeGeSiGeSiGeGeGeSiGeGeSiGeGeGeSiGeGeSiGeGeGeGeGeSiGeGeGeGeSiGeSiSiGeSiGe
    20001.4335937500 GeSiGeGeSiSiSiGeSiGeGeSiSiSiGeGeGeGeGeSiGeGeGeGeGeGeSiGeSiGeGeGeSiGeGeSiGeGeGeSiGeGeSiGeGeGeGeGeSiGeGeGeGeSiGeSiSiGeSiGe
    20001.4335937500 GeSiGeGeSiSiSiGeSiGeGeSiSiSiGeGeGeGeGeSiGeGeGeGeGeGeSiGeSiGeGeGeSiGeGeSiGeGeGeSiGeGeSiGeGeGeGeGeSiGeGeGeGeSiGeSiSiGeSiGe
    20001.4335937500 GeSiGeGeSiSiSiGeSiGeGeSiSiSiGeGeGeGeGeSiGeGeGeGeGeGeSiGeSiGeGeGeSiGeGeSiGeGeGeSiGeGeSiGeGeGeGeGeSiGeGeGeGeSiGeSiSiGeSiGe
    20001.4335937500 GeSiGeGeSiSiSiGeSiGeGeSiSiSiGeGeGeGeGeSiGeGeGeGeGeGeSiGeSiGeGeGeSiGeGeSiGeGeGeSiGeGeSiGeGeGeGeGeSiGeGeGeGeSiGeSiSiGeSiGe
    13957.8544921875 GeSiSiGeSiGeSiGeSiGeGeSiGeGeGeGeGeGeGeGeGeSiGeGeGeGeSiGeGeGeSiGeSiGeSiGeGeGeGeSiGeGeSiGeGeGeGeGeSiGeGeGeSiSiGeSiSiGeSiSi
    12710.4394531250 GeSiSiGeSiGeSiGeSiGeGeSiSiGeGeGeGeGeGeGeGeSiGeGeGeGeSiGeGeGeSiGeSiGeSiGeGeGeGeSiGeGeSiGeGeGeGeGeSiGeGeGeSiSiGeSiSiGeGeSi
    11117.2109375000 GeSiSiGeSiGeSiGeSiGeGeSiSiGeGeGeGeGeGeGeGeGeGeGeGeGeGeSiGeGeSiGeGeGeSiGeGeGeSiGeSiGeGeGeGeGeSiGeSiGeGeGeGeSiSiSiGeSiSiSi
    11117.2109375000 GeSiSiGeSiGeSiGeSiGeGeSiSiGeGeGeGeGeGeGeGeGeGeGeGeGeGeSiGeGeSiGeGeGeSiGeGeGeSiGeSiGeGeGeGeGeSiGeSiGeGeGeGeSiSiSiGeSiSiSi
    10389.9326171875 GeSiSiGeSiSiSiGeSiGeGeSiSiGeGeSiGeGeGeGeGeGeGeGeGeGeGeSiGeGeGeGeGeGeSiGeGeGeSiGeSiGeGeGeGeGeSiGeSiGeGeGeGeSiSiSiGeSiSiGe
    10389.9326171875 GeSiSiGeSiSiSiGeSiGeGeSiSiGeGeSiGeGeGeGeGeGeGeGeGeGeGeSiGeGeGeGeGeGeSiGeGeGeSiGeSiGeGeGeGeGeSiGeSiGeGeGeGeSiSiSiGeSiSiGe
    10389.9326171875 GeSiSiGeSiSiSiGeSiGeGeSiSiGeGeSiGeGeGeGeGeGeGeGeGeGeGeSiGeGeGeGeGeGeSiGeGeGeSiGeSiGeGeGeGeGeSiGeSiGeGeGeGeSiSiSiGeSiSiGe
    10389.9326171875 GeSiSiGeSiSiSiGeSiGeGeSiSiGeGeSiGeGeGeGeGeGeGeGeGeGeGeSiGeGeGeGeGeGeSiGeGeGeSiGeSiGeGeGeGeGeSiGeSiGeGeGeGeSiSiSiGeSiSiGe
    10389.9326171875 GeSiSiGeSiSiSiGeSiGeGeSiSiGeGeSiGeGeGeGeGeGeGeGeGeGeGeSiGeGeGeGeGeGeSiGeGeGeSiGeSiGeGeGeGeGeSiGeSiGeGeGeGeSiSiSiGeSiSiGe
    10389.9326171875 GeSiSiGeSiSiSiGeSiGeGeSiSiGeGeSiGeGeGeGeGeGeGeGeGeGeGeSiGeGeGeGeGeGeSiGeGeGeSiGeSiGeGeGeGeGeSiGeSiGeGeGeGeSiSiSiGeSiSiGe
    10389.9326171875 GeSiSiGeSiSiSiGeSiGeGeSiSiGeGeSiGeGeGeGeGeGeGeGeGeGeGeSiGeGeGeGeGeGeSiGeGeGeSiGeSiGeGeGeGeGeSiGeSiGeGeGeGeSiSiSiGeSiSiGe
    10389.9326171875 GeSiSiGeSiSiSiGeSiGeGeSiSiGeGeSiGeGeGeGeGeGeGeGeGeGeGeSiGeGeGeGeGeGeSiGeGeGeSiGeSiGeGeGeGeGeSiGeSiGeGeGeGeSiSiSiGeSiSiGe
    10389.9326171875 GeSiSiGeSiSiSiGeSiGeGeSiSiGeGeSiGeGeGeGeGeGeGeGeGeGeGeSiGeGeGeGeGeGeSiGeGeGeSiGeSiGeGeGeGeGeSiGeSiGeGeGeGeSiSiSiGeSiSiGe
    10389.9326171875 GeSiSiGeSiSiSiGeSiGeGeSiSiGeGeSiGeGeGeGeGeGeGeGeGeGeGeSiGeGeGeGeGeGeSiGeGeGeSiGeSiGeGeGeGeGeSiGeSiGeGeGeGeSiSiSiGeSiSiGe
    10389.9326171875 GeSiSiGeSiSiSiGeSiGeGeSiSiGeGeSiGeGeGeGeGeGeGeGeGeGeGeSiGeGeGeGeGeGeSiGeGeGeSiGeSiGeGeGeGeGeSiGeSiGeGeGeGeSiSiSiGeSiSiGe
    10389.9326171875 GeSiSiGeSiSiSiGeSiGeGeSiSiGeGeSiGeGeGeGeGeGeGeGeGeGeGeSiGeGeGeGeGeGeSiGeGeGeSiGeSiGeGeGeGeGeSiGeSiGeGeGeGeSiSiSiGeSiSiGe
    10389.9326171875 GeSiSiGeSiSiSiGeSiGeGeSiSiGeGeSiGeGeGeGeGeGeGeGeGeGeGeSiGeGeGeGeGeGeSiGeGeGeSiGeSiGeGeGeGeGeSiGeSiGeGeGeGeSiSiSiGeSiSiGe
    10389.9326171875 GeSiSiGeSiSiSiGeSiGeGeSiSiGeGeSiGeGeGeGeGeGeGeGeGeGeGeSiGeGeGeGeGeGeSiGeGeGeSiGeSiGeGeGeGeGeSiGeSiGeGeGeGeSiSiSiGeSiSiGe
    10389.9326171875 GeSiSiGeSiSiSiGeSiGeGeSiSiGeGeSiGeGeGeGeGeGeGeGeGeGeGeSiGeGeGeGeGeGeSiGeGeGeSiGeSiGeGeGeGeGeSiGeSiGeGeGeGeSiSiSiGeSiSiGe
    10389.9326171875 GeSiSiGeSiSiSiGeSiGeGeSiSiGeGeSiGeGeGeGeGeGeGeGeGeGeGeSiGeGeGeGeGeGeSiGeGeGeSiGeSiGeGeGeGeGeSiGeSiGeGeGeGeSiSiSiGeSiSiGe
    10389.9326171875 GeSiSiGeSiSiSiGeSiGeGeSiSiGeGeSiGeGeGeGeGeGeGeGeGeGeGeSiGeGeGeGeGeGeSiGeGeGeSiGeSiGeGeGeGeGeSiGeSiGeGeGeGeSiSiSiGeSiSiGe
    10389.9326171875 GeSiSiGeSiSiSiGeSiGeGeSiSiGeGeSiGeGeGeGeGeGeGeGeGeGeGeSiGeGeGeGeGeGeSiGeGeGeSiGeSiGeGeGeGeGeSiGeSiGeGeGeGeSiSiSiGeSiSiGe
    10389.9326171875 GeSiSiGeSiSiSiGeSiGeGeSiSiGeGeSiGeGeGeGeGeGeGeGeGeGeGeSiGeGeGeGeGeGeSiGeGeGeSiGeSiGeGeGeGeGeSiGeSiGeGeGeGeSiSiSiGeSiSiGe
    10389.9326171875 GeSiSiGeSiSiSiGeSiGeGeSiSiGeGeSiGeGeGeGeGeGeGeGeGeGeGeSiGeGeGeGeGeGeSiGeGeGeSiGeSiGeGeGeGeGeSiGeSiGeGeGeGeSiSiSiGeSiSiGe
    10389.9326171875 GeSiSiGeSiSiSiGeSiGeGeSiSiGeGeSiGeGeGeGeGeGeGeGeGeGeGeSiGeGeGeGeGeGeSiGeGeGeSiGeSiGeGeGeGeGeSiGeSiGeGeGeGeSiSiSiGeSiSiGe
    10389.9326171875 GeSiSiGeSiSiSiGeSiGeGeSiSiGeGeSiGeGeGeGeGeGeGeGeGeGeGeSiGeGeGeGeGeGeSiGeGeGeSiGeSiGeGeGeGeGeSiGeSiGeGeGeGeSiSiSiGeSiSiGe
    10389.9326171875 GeSiSiGeSiSiSiGeSiGeGeSiSiGeGeSiGeGeGeGeGeGeGeGeGeGeGeSiGeGeGeGeGeGeSiGeGeGeSiGeSiGeGeGeGeGeSiGeSiGeGeGeGeSiSiSiGeSiSiGe
    10389.9326171875 GeSiSiGeSiSiSiGeSiGeGeSiSiGeGeSiGeGeGeGeGeGeGeGeGeGeGeSiGeGeGeGeGeGeSiGeGeGeSiGeSiGeGeGeGeGeSiGeSiGeGeGeGeSiSiSiGeSiSiGe
    10389.9326171875 GeSiSiGeSiSiSiGeSiGeGeSiSiGeGeSiGeGeGeGeGeGeGeGeGeGeGeSiGeGeGeGeGeGeSiGeGeGeSiGeSiGeGeGeGeGeSiGeSiGeGeGeGeSiSiSiGeSiSiGe
    10389.9326171875 GeSiSiGeSiSiSiGeSiGeGeSiSiGeGeSiGeGeGeGeGeGeGeGeGeGeGeSiGeGeGeGeGeGeSiGeGeGeSiGeSiGeGeGeGeGeSiGeSiGeGeGeGeSiSiSiGeSiSiGe
    10389.9326171875 GeSiSiGeSiSiSiGeSiGeGeSiSiGeGeSiGeGeGeGeGeGeGeGeGeGeGeSiGeGeGeGeGeGeSiGeGeGeSiGeSiGeGeGeGeGeSiGeSiGeGeGeGeSiSiSiGeSiSiGe
    10389.9326171875 GeSiSiGeSiSiSiGeSiGeGeSiSiGeGeSiGeGeGeGeGeGeGeGeGeGeGeSiGeGeGeGeGeGeSiGeGeGeSiGeSiGeGeGeGeGeSiGeSiGeGeGeGeSiSiSiGeSiSiGe
    10389.9326171875 GeSiSiGeSiSiSiGeSiGeGeSiSiGeGeSiGeGeGeGeGeGeGeGeGeGeGeSiGeGeGeGeGeGeSiGeGeGeSiGeSiGeGeGeGeGeSiGeSiGeGeGeGeSiSiSiGeSiSiGe
    10389.9326171875 GeSiSiGeSiSiSiGeSiGeGeSiSiGeGeSiGeGeGeGeGeGeGeGeGeGeGeSiGeGeGeGeGeGeSiGeGeGeSiGeSiGeGeGeGeGeSiGeSiGeGeGeGeSiSiSiGeSiSiGe
    10389.9326171875 GeSiSiGeSiSiSiGeSiGeGeSiSiGeGeSiGeGeGeGeGeGeGeGeGeGeGeSiGeGeGeGeGeGeSiGeGeGeSiGeSiGeGeGeGeGeSiGeSiGeGeGeGeSiSiSiGeSiSiGe
    10389.9326171875 GeSiSiGeSiSiSiGeSiGeGeSiSiGeGeSiGeGeGeGeGeGeGeGeGeGeGeSiGeGeGeGeGeGeSiGeGeGeSiGeSiGeGeGeGeGeSiGeSiGeGeGeGeSiSiSiGeSiSiGe
    10389.9326171875 GeSiSiGeSiSiSiGeSiGeGeSiSiGeGeSiGeGeGeGeGeGeGeGeGeGeGeSiGeGeGeGeGeGeSiGeGeGeSiGeSiGeGeGeGeGeSiGeSiGeGeGeGeSiSiSiGeSiSiGe
    10389.9326171875 GeSiSiGeSiSiSiGeSiGeGeSiSiGeGeSiGeGeGeGeGeGeGeGeGeGeGeSiGeGeGeGeGeGeSiGeGeGeSiGeSiGeGeGeGeGeSiGeSiGeGeGeGeSiSiSiGeSiSiGe
    10389.9326171875 GeSiSiGeSiSiSiGeSiGeGeSiSiGeGeSiGeGeGeGeGeGeGeGeGeGeGeSiGeGeGeGeGeGeSiGeGeGeSiGeSiGeGeGeGeGeSiGeSiGeGeGeGeSiSiSiGeSiSiGe
    10389.9326171875 GeSiSiGeSiSiSiGeSiGeGeSiSiGeGeSiGeGeGeGeGeGeGeGeGeGeGeSiGeGeGeGeGeGeSiGeGeGeSiGeSiGeGeGeGeGeSiGeSiGeGeGeGeSiSiSiGeSiSiGe
    10389.9326171875 GeSiSiGeSiSiSiGeSiGeGeSiSiGeGeSiGeGeGeGeGeGeGeGeGeGeGeSiGeGeGeGeGeGeSiGeGeGeSiGeSiGeGeGeGeGeSiGeSiGeGeGeGeSiSiSiGeSiSiGe
    10389.9326171875 GeSiSiGeSiSiSiGeSiGeGeSiSiGeGeSiGeGeGeGeGeGeGeGeGeGeGeSiGeGeGeGeGeGeSiGeGeGeSiGeSiGeGeGeGeGeSiGeSiGeGeGeGeSiSiSiGeSiSiGe
    10389.9326171875 GeSiSiGeSiSiSiGeSiGeGeSiSiGeGeSiGeGeGeGeGeGeGeGeGeGeGeSiGeGeGeGeGeGeSiGeGeGeSiGeSiGeGeGeGeGeSiGeSiGeGeGeGeSiSiSiGeSiSiGe
    10389.9326171875 GeSiSiGeSiSiSiGeSiGeGeSiSiGeGeSiGeGeGeGeGeGeGeGeGeGeGeSiGeGeGeGeGeGeSiGeGeGeSiGeSiGeGeGeGeGeSiGeSiGeGeGeGeSiSiSiGeSiSiGe
    10389.9326171875 GeSiSiGeSiSiSiGeSiGeGeSiSiGeGeSiGeGeGeGeGeGeGeGeGeGeGeSiGeGeGeGeGeGeSiGeGeGeSiGeSiGeGeGeGeGeSiGeSiGeGeGeGeSiSiSiGeSiSiGe
    10389.9326171875 GeSiSiGeSiSiSiGeSiGeGeSiSiGeGeSiGeGeGeGeGeGeGeGeGeGeGeSiGeGeGeGeGeGeSiGeGeGeSiGeSiGeGeGeGeGeSiGeSiGeGeGeGeSiSiSiGeSiSiGe
    10389.9326171875 GeSiSiGeSiSiSiGeSiGeGeSiSiGeGeSiGeGeGeGeGeGeGeGeGeGeGeSiGeGeGeGeGeGeSiGeGeGeSiGeSiGeGeGeGeGeSiGeSiGeGeGeGeSiSiSiGeSiSiGe
    10389.9326171875 GeSiSiGeSiSiSiGeSiGeGeSiSiGeGeSiGeGeGeGeGeGeGeGeGeGeGeSiGeGeGeGeGeGeSiGeGeGeSiGeSiGeGeGeGeGeSiGeSiGeGeGeGeSiSiSiGeSiSiGe
    10389.9326171875 GeSiSiGeSiSiSiGeSiGeGeSiSiGeGeSiGeGeGeGeGeGeGeGeGeGeGeSiGeGeGeGeGeGeSiGeGeGeSiGeSiGeGeGeGeGeSiGeSiGeGeGeGeSiSiSiGeSiSiGe
    10389.9326171875 GeSiSiGeSiSiSiGeSiGeGeSiSiGeGeSiGeGeGeGeGeGeGeGeGeGeGeSiGeGeGeGeGeGeSiGeGeGeSiGeSiGeGeGeGeGeSiGeSiGeGeGeGeSiSiSiGeSiSiGe
    10389.9326171875 GeSiSiGeSiSiSiGeSiGeGeSiSiGeGeSiGeGeGeGeGeGeGeGeGeGeGeSiGeGeGeGeGeGeSiGeGeGeSiGeSiGeGeGeGeGeSiGeSiGeGeGeGeSiSiSiGeSiSiGe
    10389.9326171875 GeSiSiGeSiSiSiGeSiGeGeSiSiGeGeSiGeGeGeGeGeGeGeGeGeGeGeSiGeGeGeGeGeGeSiGeGeGeSiGeSiGeGeGeGeGeSiGeSiGeGeGeGeSiSiSiGeSiSiGe
    10389.9326171875 GeSiSiGeSiSiSiGeSiGeGeSiSiGeGeSiGeGeGeGeGeGeGeGeGeGeGeSiGeGeGeGeGeGeSiGeGeGeSiGeSiGeGeGeGeGeSiGeSiGeGeGeGeSiSiSiGeSiSiGe
    10389.9326171875 GeSiSiGeSiSiSiGeSiGeGeSiSiGeGeSiGeGeGeGeGeGeGeGeGeGeGeSiGeGeGeGeGeGeSiGeGeGeSiGeSiGeGeGeGeGeSiGeSiGeGeGeGeSiSiSiGeSiSiGe
    10389.9326171875 GeSiSiGeSiSiSiGeSiGeGeSiSiGeGeSiGeGeGeGeGeGeGeGeGeGeGeSiGeGeGeGeGeGeSiGeGeGeSiGeSiGeGeGeGeGeSiGeSiGeGeGeGeSiSiSiGeSiSiGe
    10389.9326171875 GeSiSiGeSiSiSiGeSiGeGeSiSiGeGeSiGeGeGeGeGeGeGeGeGeGeGeSiGeGeGeGeGeGeSiGeGeGeSiGeSiGeGeGeGeGeSiGeSiGeGeGeGeSiSiSiGeSiSiGe
    10389.9326171875 GeSiSiGeSiSiSiGeSiGeGeSiSiGeGeSiGeGeGeGeGeGeGeGeGeGeGeSiGeGeGeGeGeGeSiGeGeGeSiGeSiGeGeGeGeGeSiGeSiGeGeGeGeSiSiSiGeSiSiGe
    10389.9326171875 GeSiSiGeSiSiSiGeSiGeGeSiSiGeGeSiGeGeGeGeGeGeGeGeGeGeGeSiGeGeGeGeGeGeSiGeGeGeSiGeSiGeGeGeGeGeSiGeSiGeGeGeGeSiSiSiGeSiSiGe
    10389.9326171875 GeSiSiGeSiSiSiGeSiGeGeSiSiGeGeSiGeGeGeGeGeGeGeGeGeGeGeSiGeGeGeGeGeGeSiGeGeGeSiGeSiGeGeGeGeGeSiGeSiGeGeGeGeSiSiSiGeSiSiGe
    10389.9326171875 GeSiSiGeSiSiSiGeSiGeGeSiSiGeGeSiGeGeGeGeGeGeGeGeGeGeGeSiGeGeGeGeGeGeSiGeGeGeSiGeSiGeGeGeGeGeSiGeSiGeGeGeGeSiSiSiGeSiSiGe
    10389.9326171875 GeSiSiGeSiSiSiGeSiGeGeSiSiGeGeSiGeGeGeGeGeGeGeGeGeGeGeSiGeGeGeGeGeGeSiGeGeGeSiGeSiGeGeGeGeGeSiGeSiGeGeGeGeSiSiSiGeSiSiGe
    10389.9326171875 GeSiSiGeSiSiSiGeSiGeGeSiSiGeGeSiGeGeGeGeGeGeGeGeGeGeGeSiGeGeGeGeGeGeSiGeGeGeSiGeSiGeGeGeGeGeSiGeSiGeGeGeGeSiSiSiGeSiSiGe
    10389.9326171875 GeSiSiGeSiSiSiGeSiGeGeSiSiGeGeSiGeGeGeGeGeGeGeGeGeGeGeSiGeGeGeGeGeGeSiGeGeGeSiGeSiGeGeGeGeGeSiGeSiGeGeGeGeSiSiSiGeSiSiGe
    10389.9326171875 GeSiSiGeSiSiSiGeSiGeGeSiSiGeGeSiGeGeGeGeGeGeGeGeGeGeGeSiGeGeGeGeGeGeSiGeGeGeSiGeSiGeGeGeGeGeSiGeSiGeGeGeGeSiSiSiGeSiSiGe
    10389.9326171875 GeSiSiGeSiSiSiGeSiGeGeSiSiGeGeSiGeGeGeGeGeGeGeGeGeGeGeSiGeGeGeGeGeGeSiGeGeGeSiGeSiGeGeGeGeGeSiGeSiGeGeGeGeSiSiSiGeSiSiGe
    10389.9326171875 GeSiSiGeSiSiSiGeSiGeGeSiSiGeGeSiGeGeGeGeGeGeGeGeGeGeGeSiGeGeGeGeGeGeSiGeGeGeSiGeSiGeGeGeGeGeSiGeSiGeGeGeGeSiSiSiGeSiSiGe
    10389.9326171875 GeSiSiGeSiSiSiGeSiGeGeSiSiGeGeSiGeGeGeGeGeGeGeGeGeGeGeSiGeGeGeGeGeGeSiGeGeGeSiGeSiGeGeGeGeGeSiGeSiGeGeGeGeSiSiSiGeSiSiGe
    10389.9326171875 GeSiSiGeSiSiSiGeSiGeGeSiSiGeGeSiGeGeGeGeGeGeGeGeGeGeGeSiGeGeGeGeGeGeSiGeGeGeSiGeSiGeGeGeGeGeSiGeSiGeGeGeGeSiSiSiGeSiSiGe
    10389.9326171875 GeSiSiGeSiSiSiGeSiGeGeSiSiGeGeSiGeGeGeGeGeGeGeGeGeGeGeSiGeGeGeGeGeGeSiGeGeGeSiGeSiGeGeGeGeGeSiGeSiGeGeGeGeSiSiSiGeSiSiGe
    10389.9326171875 GeSiSiGeSiSiSiGeSiGeGeSiSiGeGeSiGeGeGeGeGeGeGeGeGeGeGeSiGeGeGeGeGeGeSiGeGeGeSiGeSiGeGeGeGeGeSiGeSiGeGeGeGeSiSiSiGeSiSiGe
    10389.9326171875 GeSiSiGeSiSiSiGeSiGeGeSiSiGeGeSiGeGeGeGeGeGeGeGeGeGeGeSiGeGeGeGeGeGeSiGeGeGeSiGeSiGeGeGeGeGeSiGeSiGeGeGeGeSiSiSiGeSiSiGe
    10389.9326171875 GeSiSiGeSiSiSiGeSiGeGeSiSiGeGeSiGeGeGeGeGeGeGeGeGeGeGeSiGeGeGeGeGeGeSiGeGeGeSiGeSiGeGeGeGeGeSiGeSiGeGeGeGeSiSiSiGeSiSiGe
    10389.9326171875 GeSiSiGeSiSiSiGeSiGeGeSiSiGeGeSiGeGeGeGeGeGeGeGeGeGeGeSiGeGeGeGeGeGeSiGeGeGeSiGeSiGeGeGeGeGeSiGeSiGeGeGeGeSiSiSiGeSiSiGe
    10389.9326171875 GeSiSiGeSiSiSiGeSiGeGeSiSiGeGeSiGeGeGeGeGeGeGeGeGeGeGeSiGeGeGeGeGeGeSiGeGeGeSiGeSiGeGeGeGeGeSiGeSiGeGeGeGeSiSiSiGeSiSiGe
    10389.9326171875 GeSiSiGeSiSiSiGeSiGeGeSiSiGeGeSiGeGeGeGeGeGeGeGeGeGeGeSiGeGeGeGeGeGeSiGeGeGeSiGeSiGeGeGeGeGeSiGeSiGeGeGeGeSiSiSiGeSiSiGe
    10389.9326171875 GeSiSiGeSiSiSiGeSiGeGeSiSiGeGeSiGeGeGeGeGeGeGeGeGeGeGeSiGeGeGeGeGeGeSiGeGeGeSiGeSiGeGeGeGeGeSiGeSiGeGeGeGeSiSiSiGeSiSiGe
    10389.9326171875 GeSiSiGeSiSiSiGeSiGeGeSiSiGeGeSiGeGeGeGeGeGeGeGeGeGeGeSiGeGeGeGeGeGeSiGeGeGeSiGeSiGeGeGeGeGeSiGeSiGeGeGeGeSiSiSiGeSiSiGe
    10389.9326171875 GeSiSiGeSiSiSiGeSiGeGeSiSiGeGeSiGeGeGeGeGeGeGeGeGeGeGeSiGeGeGeGeGeGeSiGeGeGeSiGeSiGeGeGeGeGeSiGeSiGeGeGeGeSiSiSiGeSiSiGe
    10389.9326171875 GeSiSiGeSiSiSiGeSiGeGeSiSiGeGeSiGeGeGeGeGeGeGeGeGeGeGeSiGeGeGeGeGeGeSiGeGeGeSiGeSiGeGeGeGeGeSiGeSiGeGeGeGeSiSiSiGeSiSiGe
    10389.9326171875 GeSiSiGeSiSiSiGeSiGeGeSiSiGeGeSiGeGeGeGeGeGeGeGeGeGeGeSiGeGeGeGeGeGeSiGeGeGeSiGeSiGeGeGeGeGeSiGeSiGeGeGeGeSiSiSiGeSiSiGe
    10389.9326171875 GeSiSiGeSiSiSiGeSiGeGeSiSiGeGeSiGeGeGeGeGeGeGeGeGeGeGeSiGeGeGeGeGeGeSiGeGeGeSiGeSiGeGeGeGeGeSiGeSiGeGeGeGeSiSiSiGeSiSiGe
    10389.9326171875 GeSiSiGeSiSiSiGeSiGeGeSiSiGeGeSiGeGeGeGeGeGeGeGeGeGeGeSiGeGeGeGeGeGeSiGeGeGeSiGeSiGeGeGeGeGeSiGeSiGeGeGeGeSiSiSiGeSiSiGe
    10389.9326171875 GeSiSiGeSiSiSiGeSiGeGeSiSiGeGeSiGeGeGeGeGeGeGeGeGeGeGeSiGeGeGeGeGeGeSiGeGeGeSiGeSiGeGeGeGeGeSiGeSiGeGeGeGeSiSiSiGeSiSiGe
    10389.9326171875 GeSiSiGeSiSiSiGeSiGeGeSiSiGeGeSiGeGeGeGeGeGeGeGeGeGeGeSiGeGeGeGeGeGeSiGeGeGeSiGeSiGeGeGeGeGeSiGeSiGeGeGeGeSiSiSiGeSiSiGe
    10389.9326171875 GeSiSiGeSiSiSiGeSiGeGeSiSiGeGeSiGeGeGeGeGeGeGeGeGeGeGeSiGeGeGeGeGeGeSiGeGeGeSiGeSiGeGeGeGeGeSiGeSiGeGeGeGeSiSiSiGeSiSiGe
    10389.9326171875 GeSiSiGeSiSiSiGeSiGeGeSiSiGeGeSiGeGeGeGeGeGeGeGeGeGeGeSiGeGeGeGeGeGeSiGeGeGeSiGeSiGeGeGeGeGeSiGeSiGeGeGeGeSiSiSiGeSiSiGe
    10389.9326171875 GeSiSiGeSiSiSiGeSiGeGeSiSiGeGeSiGeGeGeGeGeGeGeGeGeGeGeSiGeGeGeGeGeGeSiGeGeGeSiGeSiGeGeGeGeGeSiGeSiGeGeGeGeSiSiSiGeSiSiGe
    10389.9326171875 GeSiSiGeSiSiSiGeSiGeGeSiSiGeGeSiGeGeGeGeGeGeGeGeGeGeGeSiGeGeGeGeGeGeSiGeGeGeSiGeSiGeGeGeGeGeSiGeSiGeGeGeGeSiSiSiGeSiSiGe
    10389.9326171875 GeSiSiGeSiSiSiGeSiGeGeSiSiGeGeSiGeGeGeGeGeGeGeGeGeGeGeSiGeGeGeGeGeGeSiGeGeGeSiGeSiGeGeGeGeGeSiGeSiGeGeGeGeSiSiSiGeSiSiGe
    10389.9326171875 GeSiSiGeSiSiSiGeSiGeGeSiSiGeGeSiGeGeGeGeGeGeGeGeGeGeGeSiGeGeGeGeGeGeSiGeGeGeSiGeSiGeGeGeGeGeSiGeSiGeGeGeGeSiSiSiGeSiSiGe
    10389.9326171875 GeSiSiGeSiSiSiGeSiGeGeSiSiGeGeSiGeGeGeGeGeGeGeGeGeGeGeSiGeGeGeGeGeGeSiGeGeGeSiGeSiGeGeGeGeGeSiGeSiGeGeGeGeSiSiSiGeSiSiGe
    10389.9326171875 GeSiSiGeSiSiSiGeSiGeGeSiSiGeGeSiGeGeGeGeGeGeGeGeGeGeGeSiGeGeGeGeGeGeSiGeGeGeSiGeSiGeGeGeGeGeSiGeSiGeGeGeGeSiSiSiGeSiSiGe
    10389.9326171875 GeSiSiGeSiSiSiGeSiGeGeSiSiGeGeSiGeGeGeGeGeGeGeGeGeGeGeSiGeGeGeGeGeGeSiGeGeGeSiGeSiGeGeGeGeGeSiGeSiGeGeGeGeSiSiSiGeSiSiGe
    10389.9326171875 GeSiSiGeSiSiSiGeSiGeGeSiSiGeGeSiGeGeGeGeGeGeGeGeGeGeGeSiGeGeGeGeGeGeSiGeGeGeSiGeSiGeGeGeGeGeSiGeSiGeGeGeGeSiSiSiGeSiSiGe
    10389.9326171875 GeSiSiGeSiSiSiGeSiGeGeSiSiGeGeSiGeGeGeGeGeGeGeGeGeGeGeSiGeGeGeGeGeGeSiGeGeGeSiGeSiGeGeGeGeGeSiGeSiGeGeGeGeSiSiSiGeSiSiGe
    10389.9326171875 GeSiSiGeSiSiSiGeSiGeGeSiSiGeGeSiGeGeGeGeGeGeGeGeGeGeGeSiGeGeGeGeGeGeSiGeGeGeSiGeSiGeGeGeGeGeSiGeSiGeGeGeGeSiSiSiGeSiSiGe
    10389.9326171875 GeSiSiGeSiSiSiGeSiGeGeSiSiGeGeSiGeGeGeGeGeGeGeGeGeGeGeSiGeGeGeGeGeGeSiGeGeGeSiGeSiGeGeGeGeGeSiGeSiGeGeGeGeSiSiSiGeSiSiGe
    10389.9326171875 GeSiSiGeSiSiSiGeSiGeGeSiSiGeGeSiGeGeGeGeGeGeGeGeGeGeGeSiGeGeGeGeGeGeSiGeGeGeSiGeSiGeGeGeGeGeSiGeSiGeGeGeGeSiSiSiGeSiSiGe
    10389.9326171875 GeSiSiGeSiSiSiGeSiGeGeSiSiGeGeSiGeGeGeGeGeGeGeGeGeGeGeSiGeGeGeGeGeGeSiGeGeGeSiGeSiGeGeGeGeGeSiGeSiGeGeGeGeSiSiSiGeSiSiGe
    10389.9326171875 GeSiSiGeSiSiSiGeSiGeGeSiSiGeGeSiGeGeGeGeGeGeGeGeGeGeGeSiGeGeGeGeGeGeSiGeGeGeSiGeSiGeGeGeGeGeSiGeSiGeGeGeGeSiSiSiGeSiSiGe
    10389.9326171875 GeSiSiGeSiSiSiGeSiGeGeSiSiGeGeSiGeGeGeGeGeGeGeGeGeGeGeSiGeGeGeGeGeGeSiGeGeGeSiGeSiGeGeGeGeGeSiGeSiGeGeGeGeSiSiSiGeSiSiGe
    10389.9326171875 GeSiSiGeSiSiSiGeSiGeGeSiSiGeGeSiGeGeGeGeGeGeGeGeGeGeGeSiGeGeGeGeGeGeSiGeGeGeSiGeSiGeGeGeGeGeSiGeSiGeGeGeGeSiSiSiGeSiSiGe
    10389.9326171875 GeSiSiGeSiSiSiGeSiGeGeSiSiGeGeSiGeGeGeGeGeGeGeGeGeGeGeSiGeGeGeGeGeGeSiGeGeGeSiGeSiGeGeGeGeGeSiGeSiGeGeGeGeSiSiSiGeSiSiGe
    10389.9326171875 GeSiSiGeSiSiSiGeSiGeGeSiSiGeGeSiGeGeGeGeGeGeGeGeGeGeGeSiGeGeGeGeGeGeSiGeGeGeSiGeSiGeGeGeGeGeSiGeSiGeGeGeGeSiSiSiGeSiSiGe
    10389.9326171875 GeSiSiGeSiSiSiGeSiGeGeSiSiGeGeSiGeGeGeGeGeGeGeGeGeGeGeSiGeGeGeGeGeGeSiGeGeGeSiGeSiGeGeGeGeGeSiGeSiGeGeGeGeSiSiSiGeSiSiGe
    10389.9326171875 GeSiSiGeSiSiSiGeSiGeGeSiSiGeGeSiGeGeGeGeGeGeGeGeGeGeGeSiGeGeGeGeGeGeSiGeGeGeSiGeSiGeGeGeGeGeSiGeSiGeGeGeGeSiSiSiGeSiSiGe
    10389.9326171875 GeSiSiGeSiSiSiGeSiGeGeSiSiGeGeSiGeGeGeGeGeGeGeGeGeGeGeSiGeGeGeGeGeGeSiGeGeGeSiGeSiGeGeGeGeGeSiGeSiGeGeGeGeSiSiSiGeSiSiGe
    10389.9326171875 GeSiSiGeSiSiSiGeSiGeGeSiSiGeGeSiGeGeGeGeGeGeGeGeGeGeGeSiGeGeGeGeGeGeSiGeGeGeSiGeSiGeGeGeGeGeSiGeSiGeGeGeGeSiSiSiGeSiSiGe
    10389.9326171875 GeSiSiGeSiSiSiGeSiGeGeSiSiGeGeSiGeGeGeGeGeGeGeGeGeGeGeSiGeGeGeGeGeGeSiGeGeGeSiGeSiGeGeGeGeGeSiGeSiGeGeGeGeSiSiSiGeSiSiGe
    10389.9326171875 GeSiSiGeSiSiSiGeSiGeGeSiSiGeGeSiGeGeGeGeGeGeGeGeGeGeGeSiGeGeGeGeGeGeSiGeGeGeSiGeSiGeGeGeGeGeSiGeSiGeGeGeGeSiSiSiGeSiSiGe
    10389.9326171875 GeSiSiGeSiSiSiGeSiGeGeSiSiGeGeSiGeGeGeGeGeGeGeGeGeGeGeSiGeGeGeGeGeGeSiGeGeGeSiGeSiGeGeGeGeGeSiGeSiGeGeGeGeSiSiSiGeSiSiGe
    10389.9326171875 GeSiSiGeSiSiSiGeSiGeGeSiSiGeGeSiGeGeGeGeGeGeGeGeGeGeGeSiGeGeGeGeGeGeSiGeGeGeSiGeSiGeGeGeGeGeSiGeSiGeGeGeGeSiSiSiGeSiSiGe
    10389.9326171875 GeSiSiGeSiSiSiGeSiGeGeSiSiGeGeSiGeGeGeGeGeGeGeGeGeGeGeSiGeGeGeGeGeGeSiGeGeGeSiGeSiGeGeGeGeGeSiGeSiGeGeGeGeSiSiSiGeSiSiGe
    10389.9326171875 GeSiSiGeSiSiSiGeSiGeGeSiSiGeGeSiGeGeGeGeGeGeGeGeGeGeGeSiGeGeGeGeGeGeSiGeGeGeSiGeSiGeGeGeGeGeSiGeSiGeGeGeGeSiSiSiGeSiSiGe
    10389.9326171875 GeSiSiGeSiSiSiGeSiGeGeSiSiGeGeSiGeGeGeGeGeGeGeGeGeGeGeSiGeGeGeGeGeGeSiGeGeGeSiGeSiGeGeGeGeGeSiGeSiGeGeGeGeSiSiSiGeSiSiGe
    10389.9326171875 GeSiSiGeSiSiSiGeSiGeGeSiSiGeGeSiGeGeGeGeGeGeGeGeGeGeGeSiGeGeGeGeGeGeSiGeGeGeSiGeSiGeGeGeGeGeSiGeSiGeGeGeGeSiSiSiGeSiSiGe
    10389.9326171875 GeSiSiGeSiSiSiGeSiGeGeSiSiGeGeSiGeGeGeGeGeGeGeGeGeGeGeSiGeGeGeGeGeGeSiGeGeGeSiGeSiGeGeGeGeGeSiGeSiGeGeGeGeSiSiSiGeSiSiGe
    10389.9326171875 GeSiSiGeSiSiSiGeSiGeGeSiSiGeGeSiGeGeGeGeGeGeGeGeGeGeGeSiGeGeGeGeGeGeSiGeGeGeSiGeSiGeGeGeGeGeSiGeSiGeGeGeGeSiSiSiGeSiSiGe
    10389.9326171875 GeSiSiGeSiSiSiGeSiGeGeSiSiGeGeSiGeGeGeGeGeGeGeGeGeGeGeSiGeGeGeGeGeGeSiGeGeGeSiGeSiGeGeGeGeGeSiGeSiGeGeGeGeSiSiSiGeSiSiGe
    10389.9326171875 GeSiSiGeSiSiSiGeSiGeGeSiSiGeGeSiGeGeGeGeGeGeGeGeGeGeGeSiGeGeGeGeGeGeSiGeGeGeSiGeSiGeGeGeGeGeSiGeSiGeGeGeGeSiSiSiGeSiSiGe
    10389.9326171875 GeSiSiGeSiSiSiGeSiGeGeSiSiGeGeSiGeGeGeGeGeGeGeGeGeGeGeSiGeGeGeGeGeGeSiGeGeGeSiGeSiGeGeGeGeGeSiGeSiGeGeGeGeSiSiSiGeSiSiGe
    10389.9326171875 GeSiSiGeSiSiSiGeSiGeGeSiSiGeGeSiGeGeGeGeGeGeGeGeGeGeGeSiGeGeGeGeGeGeSiGeGeGeSiGeSiGeGeGeGeGeSiGeSiGeGeGeGeSiSiSiGeSiSiGe
    10389.9326171875 GeSiSiGeSiSiSiGeSiGeGeSiSiGeGeSiGeGeGeGeGeGeGeGeGeGeGeSiGeGeGeGeGeGeSiGeGeGeSiGeSiGeGeGeGeGeSiGeSiGeGeGeGeSiSiSiGeSiSiGe
    10389.9326171875 GeSiSiGeSiSiSiGeSiGeGeSiSiGeGeSiGeGeGeGeGeGeGeGeGeGeGeSiGeGeGeGeGeGeSiGeGeGeSiGeSiGeGeGeGeGeSiGeSiGeGeGeGeSiSiSiGeSiSiGe
    10389.9326171875 GeSiSiGeSiSiSiGeSiGeGeSiSiGeGeSiGeGeGeGeGeGeGeGeGeGeGeSiGeGeGeGeGeGeSiGeGeGeSiGeSiGeGeGeGeGeSiGeSiGeGeGeGeSiSiSiGeSiSiGe
    10389.9326171875 GeSiSiGeSiSiSiGeSiGeGeSiSiGeGeSiGeGeGeGeGeGeGeGeGeGeGeSiGeGeGeGeGeGeSiGeGeGeSiGeSiGeGeGeGeGeSiGeSiGeGeGeGeSiSiSiGeSiSiGe
    10389.9326171875 GeSiSiGeSiSiSiGeSiGeGeSiSiGeGeSiGeGeGeGeGeGeGeGeGeGeGeSiGeGeGeGeGeGeSiGeGeGeSiGeSiGeGeGeGeGeSiGeSiGeGeGeGeSiSiSiGeSiSiGe
    10389.9326171875 GeSiSiGeSiSiSiGeSiGeGeSiSiGeGeSiGeGeGeGeGeGeGeGeGeGeGeSiGeGeGeGeGeGeSiGeGeGeSiGeSiGeGeGeGeGeSiGeSiGeGeGeGeSiSiSiGeSiSiGe
    10389.9326171875 GeSiSiGeSiSiSiGeSiGeGeSiSiGeGeSiGeGeGeGeGeGeGeGeGeGeGeSiGeGeGeGeGeGeSiGeGeGeSiGeSiGeGeGeGeGeSiGeSiGeGeGeGeSiSiSiGeSiSiGe
    10389.9326171875 GeSiSiGeSiSiSiGeSiGeGeSiSiGeGeSiGeGeGeGeGeGeGeGeGeGeGeSiGeGeGeGeGeGeSiGeGeGeSiGeSiGeGeGeGeGeSiGeSiGeGeGeGeSiSiSiGeSiSiGe
    10389.9326171875 GeSiSiGeSiSiSiGeSiGeGeSiSiGeGeSiGeGeGeGeGeGeGeGeGeGeGeSiGeGeGeGeGeGeSiGeGeGeSiGeSiGeGeGeGeGeSiGeSiGeGeGeGeSiSiSiGeSiSiGe
    10389.9326171875 GeSiSiGeSiSiSiGeSiGeGeSiSiGeGeSiGeGeGeGeGeGeGeGeGeGeGeSiGeGeGeGeGeGeSiGeGeGeSiGeSiGeGeGeGeGeSiGeSiGeGeGeGeSiSiSiGeSiSiGe
    10389.9326171875 GeSiSiGeSiSiSiGeSiGeGeSiSiGeGeSiGeGeGeGeGeGeGeGeGeGeGeSiGeGeGeGeGeGeSiGeGeGeSiGeSiGeGeGeGeGeSiGeSiGeGeGeGeSiSiSiGeSiSiGe
    10389.9326171875 GeSiSiGeSiSiSiGeSiGeGeSiSiGeGeSiGeGeGeGeGeGeGeGeGeGeGeSiGeGeGeGeGeGeSiGeGeGeSiGeSiGeGeGeGeGeSiGeSiGeGeGeGeSiSiSiGeSiSiGe
    10389.9326171875 GeSiSiGeSiSiSiGeSiGeGeSiSiGeGeSiGeGeGeGeGeGeGeGeGeGeGeSiGeGeGeGeGeGeSiGeGeGeSiGeSiGeGeGeGeGeSiGeSiGeGeGeGeSiSiSiGeSiSiGe
    10389.9326171875 GeSiSiGeSiSiSiGeSiGeGeSiSiGeGeSiGeGeGeGeGeGeGeGeGeGeGeSiGeGeGeGeGeGeSiGeGeGeSiGeSiGeGeGeGeGeSiGeSiGeGeGeGeSiSiSiGeSiSiGe
    10389.9326171875 GeSiSiGeSiSiSiGeSiGeGeSiSiGeGeSiGeGeGeGeGeGeGeGeGeGeGeSiGeGeGeGeGeGeSiGeGeGeSiGeSiGeGeGeGeGeSiGeSiGeGeGeGeSiSiSiGeSiSiGe
    10389.9326171875 GeSiSiGeSiSiSiGeSiGeGeSiSiGeGeSiGeGeGeGeGeGeGeGeGeGeGeSiGeGeGeGeGeGeSiGeGeGeSiGeSiGeGeGeGeGeSiGeSiGeGeGeGeSiSiSiGeSiSiGe
    10389.9326171875 GeSiSiGeSiSiSiGeSiGeGeSiSiGeGeSiGeGeGeGeGeGeGeGeGeGeGeSiGeGeGeGeGeGeSiGeGeGeSiGeSiGeGeGeGeGeSiGeSiGeGeGeGeSiSiSiGeSiSiGe
    10389.9326171875 GeSiSiGeSiSiSiGeSiGeGeSiSiGeGeSiGeGeGeGeGeGeGeGeGeGeGeSiGeGeGeGeGeGeSiGeGeGeSiGeSiGeGeGeGeGeSiGeSiGeGeGeGeSiSiSiGeSiSiGe
    10389.9326171875 GeSiSiGeSiSiSiGeSiGeGeSiSiGeGeSiGeGeGeGeGeGeGeGeGeGeGeSiGeGeGeGeGeGeSiGeGeGeSiGeSiGeGeGeGeGeSiGeSiGeGeGeGeSiSiSiGeSiSiGe
    10389.9326171875 GeSiSiGeSiSiSiGeSiGeGeSiSiGeGeSiGeGeGeGeGeGeGeGeGeGeGeSiGeGeGeGeGeGeSiGeGeGeSiGeSiGeGeGeGeGeSiGeSiGeGeGeGeSiSiSiGeSiSiGe
    10389.9326171875 GeSiSiGeSiSiSiGeSiGeGeSiSiGeGeSiGeGeGeGeGeGeGeGeGeGeGeSiGeGeGeGeGeGeSiGeGeGeSiGeSiGeGeGeGeGeSiGeSiGeGeGeGeSiSiSiGeSiSiGe
    10389.9326171875 GeSiSiGeSiSiSiGeSiGeGeSiSiGeGeSiGeGeGeGeGeGeGeGeGeGeGeSiGeGeGeGeGeGeSiGeGeGeSiGeSiGeGeGeGeGeSiGeSiGeGeGeGeSiSiSiGeSiSiGe
    10389.9326171875 GeSiSiGeSiSiSiGeSiGeGeSiSiGeGeSiGeGeGeGeGeGeGeGeGeGeGeSiGeGeGeGeGeGeSiGeGeGeSiGeSiGeGeGeGeGeSiGeSiGeGeGeGeSiSiSiGeSiSiGe
    10389.9326171875 GeSiSiGeSiSiSiGeSiGeGeSiSiGeGeSiGeGeGeGeGeGeGeGeGeGeGeSiGeGeGeGeGeGeSiGeGeGeSiGeSiGeGeGeGeGeSiGeSiGeGeGeGeSiSiSiGeSiSiGe
    10389.9326171875 GeSiSiGeSiSiSiGeSiGeGeSiSiGeGeSiGeGeGeGeGeGeGeGeGeGeGeSiGeGeGeGeGeGeSiGeGeGeSiGeSiGeGeGeGeGeSiGeSiGeGeGeGeSiSiSiGeSiSiGe
    10389.9326171875 GeSiSiGeSiSiSiGeSiGeGeSiSiGeGeSiGeGeGeGeGeGeGeGeGeGeGeSiGeGeGeGeGeGeSiGeGeGeSiGeSiGeGeGeGeGeSiGeSiGeGeGeGeSiSiSiGeSiSiGe
    10389.9326171875 GeSiSiGeSiSiSiGeSiGeGeSiSiGeGeSiGeGeGeGeGeGeGeGeGeGeGeSiGeGeGeGeGeGeSiGeGeGeSiGeSiGeGeGeGeGeSiGeSiGeGeGeGeSiSiSiGeSiSiGe
    10389.9326171875 GeSiSiGeSiSiSiGeSiGeGeSiSiGeGeSiGeGeGeGeGeGeGeGeGeGeGeSiGeGeGeGeGeGeSiGeGeGeSiGeSiGeGeGeGeGeSiGeSiGeGeGeGeSiSiSiGeSiSiGe
    10389.9326171875 GeSiSiGeSiSiSiGeSiGeGeSiSiGeGeSiGeGeGeGeGeGeGeGeGeGeGeSiGeGeGeGeGeGeSiGeGeGeSiGeSiGeGeGeGeGeSiGeSiGeGeGeGeSiSiSiGeSiSiGe
    10389.9326171875 GeSiSiGeSiSiSiGeSiGeGeSiSiGeGeSiGeGeGeGeGeGeGeGeGeGeGeSiGeGeGeGeGeGeSiGeGeGeSiGeSiGeGeGeGeGeSiGeSiGeGeGeGeSiSiSiGeSiSiGe
    10389.9326171875 GeSiSiGeSiSiSiGeSiGeGeSiSiGeGeSiGeGeGeGeGeGeGeGeGeGeGeSiGeGeGeGeGeGeSiGeGeGeSiGeSiGeGeGeGeGeSiGeSiGeGeGeGeSiSiSiGeSiSiGe
    10389.9326171875 GeSiSiGeSiSiSiGeSiGeGeSiSiGeGeSiGeGeGeGeGeGeGeGeGeGeGeSiGeGeGeGeGeGeSiGeGeGeSiGeSiGeGeGeGeGeSiGeSiGeGeGeGeSiSiSiGeSiSiGe
    10389.9326171875 GeSiSiGeSiSiSiGeSiGeGeSiSiGeGeSiGeGeGeGeGeGeGeGeGeGeGeSiGeGeGeGeGeGeSiGeGeGeSiGeSiGeGeGeGeGeSiGeSiGeGeGeGeSiSiSiGeSiSiGe
    10389.9326171875 GeSiSiGeSiSiSiGeSiGeGeSiSiGeGeSiGeGeGeGeGeGeGeGeGeGeGeSiGeGeGeGeGeGeSiGeGeGeSiGeSiGeGeGeGeGeSiGeSiGeGeGeGeSiSiSiGeSiSiGe
    10389.9326171875 GeSiSiGeSiSiSiGeSiGeGeSiSiGeGeSiGeGeGeGeGeGeGeGeGeGeGeSiGeGeGeGeGeGeSiGeGeGeSiGeSiGeGeGeGeGeSiGeSiGeGeGeGeSiSiSiGeSiSiGe
    10389.9326171875 GeSiSiGeSiSiSiGeSiGeGeSiSiGeGeSiGeGeGeGeGeGeGeGeGeGeGeSiGeGeGeGeGeGeSiGeGeGeSiGeSiGeGeGeGeGeSiGeSiGeGeGeGeSiSiSiGeSiSiGe
    10389.9326171875 GeSiSiGeSiSiSiGeSiGeGeSiSiGeGeSiGeGeGeGeGeGeGeGeGeGeGeSiGeGeGeGeGeGeSiGeGeGeSiGeSiGeGeGeGeGeSiGeSiGeGeGeGeSiSiSiGeSiSiGe
    10389.9326171875 GeSiSiGeSiSiSiGeSiGeGeSiSiGeGeSiGeGeGeGeGeGeGeGeGeGeGeSiGeGeGeGeGeGeSiGeGeGeSiGeSiGeGeGeGeGeSiGeSiGeGeGeGeSiSiSiGeSiSiGe
    10389.9326171875 GeSiSiGeSiSiSiGeSiGeGeSiSiGeGeSiGeGeGeGeGeGeGeGeGeGeGeSiGeGeGeGeGeGeSiGeGeGeSiGeSiGeGeGeGeGeSiGeSiGeGeGeGeSiSiSiGeSiSiGe
    10389.9326171875 GeSiSiGeSiSiSiGeSiGeGeSiSiGeGeSiGeGeGeGeGeGeGeGeGeGeGeSiGeGeGeGeGeGeSiGeGeGeSiGeSiGeGeGeGeGeSiGeSiGeGeGeGeSiSiSiGeSiSiGe
    10389.9326171875 GeSiSiGeSiSiSiGeSiGeGeSiSiGeGeSiGeGeGeGeGeGeGeGeGeGeGeSiGeGeGeGeGeGeSiGeGeGeSiGeSiGeGeGeGeGeSiGeSiGeGeGeGeSiSiSiGeSiSiGe
    10389.9326171875 GeSiSiGeSiSiSiGeSiGeGeSiSiGeGeSiGeGeGeGeGeGeGeGeGeGeGeSiGeGeGeGeGeGeSiGeGeGeSiGeSiGeGeGeGeGeSiGeSiGeGeGeGeSiSiSiGeSiSiGe
    10389.9326171875 GeSiSiGeSiSiSiGeSiGeGeSiSiGeGeSiGeGeGeGeGeGeGeGeGeGeGeSiGeGeGeGeGeGeSiGeGeGeSiGeSiGeGeGeGeGeSiGeSiGeGeGeGeSiSiSiGeSiSiGe
    10389.9326171875 GeSiSiGeSiSiSiGeSiGeGeSiSiGeGeSiGeGeGeGeGeGeGeGeGeGeGeSiGeGeGeGeGeGeSiGeGeGeSiGeSiGeGeGeGeGeSiGeSiGeGeGeGeSiSiSiGeSiSiGe
    10389.9326171875 GeSiSiGeSiSiSiGeSiGeGeSiSiGeGeSiGeGeGeGeGeGeGeGeGeGeGeSiGeGeGeGeGeGeSiGeGeGeSiGeSiGeGeGeGeGeSiGeSiGeGeGeGeSiSiSiGeSiSiGe
    10389.9326171875 GeSiSiGeSiSiSiGeSiGeGeSiSiGeGeSiGeGeGeGeGeGeGeGeGeGeGeSiGeGeGeGeGeGeSiGeGeGeSiGeSiGeGeGeGeGeSiGeSiGeGeGeGeSiSiSiGeSiSiGe
    10389.9326171875 GeSiSiGeSiSiSiGeSiGeGeSiSiGeGeSiGeGeGeGeGeGeGeGeGeGeGeSiGeGeGeGeGeGeSiGeGeGeSiGeSiGeGeGeGeGeSiGeSiGeGeGeGeSiSiSiGeSiSiGe
    10389.9326171875 GeSiSiGeSiSiSiGeSiGeGeSiSiGeGeSiGeGeGeGeGeGeGeGeGeGeGeSiGeGeGeGeGeGeSiGeGeGeSiGeSiGeGeGeGeGeSiGeSiGeGeGeGeSiSiSiGeSiSiGe
    10389.9326171875 GeSiSiGeSiSiSiGeSiGeGeSiSiGeGeSiGeGeGeGeGeGeGeGeGeGeGeSiGeGeGeGeGeGeSiGeGeGeSiGeSiGeGeGeGeGeSiGeSiGeGeGeGeSiSiSiGeSiSiGe
    10389.9326171875 GeSiSiGeSiSiSiGeSiGeGeSiSiGeGeSiGeGeGeGeGeGeGeGeGeGeGeSiGeGeGeGeGeGeSiGeGeGeSiGeSiGeGeGeGeGeSiGeSiGeGeGeGeSiSiSiGeSiSiGe
    10389.9326171875 GeSiSiGeSiSiSiGeSiGeGeSiSiGeGeSiGeGeGeGeGeGeGeGeGeGeGeSiGeGeGeGeGeGeSiGeGeGeSiGeSiGeGeGeGeGeSiGeSiGeGeGeGeSiSiSiGeSiSiGe
    10389.9326171875 GeSiSiGeSiSiSiGeSiGeGeSiSiGeGeSiGeGeGeGeGeGeGeGeGeGeGeSiGeGeGeGeGeGeSiGeGeGeSiGeSiGeGeGeGeGeSiGeSiGeGeGeGeSiSiSiGeSiSiGe
    10389.9326171875 GeSiSiGeSiSiSiGeSiGeGeSiSiGeGeSiGeGeGeGeGeGeGeGeGeGeGeSiGeGeGeGeGeGeSiGeGeGeSiGeSiGeGeGeGeGeSiGeSiGeGeGeGeSiSiSiGeSiSiGe
    10389.9326171875 GeSiSiGeSiSiSiGeSiGeGeSiSiGeGeSiGeGeGeGeGeGeGeGeGeGeGeSiGeGeGeGeGeGeSiGeGeGeSiGeSiGeGeGeGeGeSiGeSiGeGeGeGeSiSiSiGeSiSiGe
    10389.9326171875 GeSiSiGeSiSiSiGeSiGeGeSiSiGeGeSiGeGeGeGeGeGeGeGeGeGeGeSiGeGeGeGeGeGeSiGeGeGeSiGeSiGeGeGeGeGeSiGeSiGeGeGeGeSiSiSiGeSiSiGe
    10389.9326171875 GeSiSiGeSiSiSiGeSiGeGeSiSiGeGeSiGeGeGeGeGeGeGeGeGeGeGeSiGeGeGeGeGeGeSiGeGeGeSiGeSiGeGeGeGeGeSiGeSiGeGeGeGeSiSiSiGeSiSiGe
    10389.9326171875 GeSiSiGeSiSiSiGeSiGeGeSiSiGeGeSiGeGeGeGeGeGeGeGeGeGeGeSiGeGeGeGeGeGeSiGeGeGeSiGeSiGeGeGeGeGeSiGeSiGeGeGeGeSiSiSiGeSiSiGe
    10389.9326171875 GeSiSiGeSiSiSiGeSiGeGeSiSiGeGeSiGeGeGeGeGeGeGeGeGeGeGeSiGeGeGeGeGeGeSiGeGeGeSiGeSiGeGeGeGeGeSiGeSiGeGeGeGeSiSiSiGeSiSiGe
    10389.9326171875 GeSiSiGeSiSiSiGeSiGeGeSiSiGeGeSiGeGeGeGeGeGeGeGeGeGeGeSiGeGeGeGeGeGeSiGeGeGeSiGeSiGeGeGeGeGeSiGeSiGeGeGeGeSiSiSiGeSiSiGe
    10389.9326171875 GeSiSiGeSiSiSiGeSiGeGeSiSiGeGeSiGeGeGeGeGeGeGeGeGeGeGeSiGeGeGeGeGeGeSiGeGeGeSiGeSiGeGeGeGeGeSiGeSiGeGeGeGeSiSiSiGeSiSiGe
    10389.9326171875 GeSiSiGeSiSiSiGeSiGeGeSiSiGeGeSiGeGeGeGeGeGeGeGeGeGeGeSiGeGeGeGeGeGeSiGeGeGeSiGeSiGeGeGeGeGeSiGeSiGeGeGeGeSiSiSiGeSiSiGe
    10389.9326171875 GeSiSiGeSiSiSiGeSiGeGeSiSiGeGeSiGeGeGeGeGeGeGeGeGeGeGeSiGeGeGeGeGeGeSiGeGeGeSiGeSiGeGeGeGeGeSiGeSiGeGeGeGeSiSiSiGeSiSiGe
    10389.9326171875 GeSiSiGeSiSiSiGeSiGeGeSiSiGeGeSiGeGeGeGeGeGeGeGeGeGeGeSiGeGeGeGeGeGeSiGeGeGeSiGeSiGeGeGeGeGeSiGeSiGeGeGeGeSiSiSiGeSiSiGe
    10389.9326171875 GeSiSiGeSiSiSiGeSiGeGeSiSiGeGeSiGeGeGeGeGeGeGeGeGeGeGeSiGeGeGeGeGeGeSiGeGeGeSiGeSiGeGeGeGeGeSiGeSiGeGeGeGeSiSiSiGeSiSiGe
    10389.9326171875 GeSiSiGeSiSiSiGeSiGeGeSiSiGeGeSiGeGeGeGeGeGeGeGeGeGeGeSiGeGeGeGeGeGeSiGeGeGeSiGeSiGeGeGeGeGeSiGeSiGeGeGeGeSiSiSiGeSiSiGe
    10389.9326171875 GeSiSiGeSiSiSiGeSiGeGeSiSiGeGeSiGeGeGeGeGeGeGeGeGeGeGeSiGeGeGeGeGeGeSiGeGeGeSiGeSiGeGeGeGeGeSiGeSiGeGeGeGeSiSiSiGeSiSiGe
    10389.9326171875 GeSiSiGeSiSiSiGeSiGeGeSiSiGeGeSiGeGeGeGeGeGeGeGeGeGeGeSiGeGeGeGeGeGeSiGeGeGeSiGeSiGeGeGeGeGeSiGeSiGeGeGeGeSiSiSiGeSiSiGe
    10389.9326171875 GeSiSiGeSiSiSiGeSiGeGeSiSiGeGeSiGeGeGeGeGeGeGeGeGeGeGeSiGeGeGeGeGeGeSiGeGeGeSiGeSiGeGeGeGeGeSiGeSiGeGeGeGeSiSiSiGeSiSiGe
    10389.9326171875 GeSiSiGeSiSiSiGeSiGeGeSiSiGeGeSiGeGeGeGeGeGeGeGeGeGeGeSiGeGeGeGeGeGeSiGeGeGeSiGeSiGeGeGeGeGeSiGeSiGeGeGeGeSiSiSiGeSiSiGe
    10389.9326171875 GeSiSiGeSiSiSiGeSiGeGeSiSiGeGeSiGeGeGeGeGeGeGeGeGeGeGeSiGeGeGeGeGeGeSiGeGeGeSiGeSiGeGeGeGeGeSiGeSiGeGeGeGeSiSiSiGeSiSiGe
    10389.9326171875 GeSiSiGeSiSiSiGeSiGeGeSiSiGeGeSiGeGeGeGeGeGeGeGeGeGeGeSiGeGeGeGeGeGeSiGeGeGeSiGeSiGeGeGeGeGeSiGeSiGeGeGeGeSiSiSiGeSiSiGe
    10389.9326171875 GeSiSiGeSiSiSiGeSiGeGeSiSiGeGeSiGeGeGeGeGeGeGeGeGeGeGeSiGeGeGeGeGeGeSiGeGeGeSiGeSiGeGeGeGeGeSiGeSiGeGeGeGeSiSiSiGeSiSiGe
    10389.9326171875 GeSiSiGeSiSiSiGeSiGeGeSiSiGeGeSiGeGeGeGeGeGeGeGeGeGeGeSiGeGeGeGeGeGeSiGeGeGeSiGeSiGeGeGeGeGeSiGeSiGeGeGeGeSiSiSiGeSiSiGe
    10389.9326171875 GeSiSiGeSiSiSiGeSiGeGeSiSiGeGeSiGeGeGeGeGeGeGeGeGeGeGeSiGeGeGeGeGeGeSiGeGeGeSiGeSiGeGeGeGeGeSiGeSiGeGeGeGeSiSiSiGeSiSiGe
filename: c000001491582613.gin     
Cell:
    11.9020996    11.9020996    29.6919994    90.0000000    90.0000000   120.0000000
Box:
    11.9020996    -5.9510503     0.0000000
     0.0000000    10.3075209     0.0000000
     0.0000000     0.0000000    29.6919994
----------------------------------------
Inverse Box:
     0.0840188     0.0485083     0.0000000
     0.0000000     0.0970165     0.0000000
     0.0000000     0.0000000     0.0336791
----------------------------------------
==============================================
geometrical properties of  40 Ge:
 Configuration:           0
 D_ave:   9.11810112       3.55725026    
 D_min:   3.02533388       2.31920741E-02
 energia:   10389.9326    
