Random Seed:   944195211
Number of atoms:    60
Space Group:    1
Cell:
    11.9020996    11.9020996    29.6919994    90.0000000    90.0000000   120.0000000
Box:
    11.9020996    -5.9510503     0.0000000
     0.0000000    10.3075209     0.0000000
     0.0000000     0.0000000    29.6919994
----------------------------------------
Inverse Box:
     0.0840188     0.0485083     0.0000000
     0.0000000     0.0970165     0.0000000
     0.0000000     0.0000000     0.0336791
----------------------------------------
GeSiSiSiSiSiSiSiSiSiSiSiSiSiSiSiSiSiSiSiSiSiSiSiSiSiSiSiSiSiSiSiSiSiSiSiSiSiSiSiSiSiSiSiSiSiSiSiGeSiSiSiSiSiSiSiSiSiSiSi
           1 Ge    -7733.49365    
GeGeSiSiSiSiSiSiSiSiSiSiSiSiSiSiSiSiSiSiSiSiSiSiSiSiSiSiSiSiSiSiSiSiSiSiSiSiSiSiSiSiSiSiSiSiSiSiGeSiSiSiSiSiSiSiSiSiSiSi
           2 Ge    -7726.87354    
GeGeGeSiSiSiSiSiSiSiSiSiSiSiSiSiSiSiSiSiSiSiSiSiSiSiSiSiSiSiSiSiSiSiSiSiSiSiSiSiSiSiSiSiSiSiSiSiGeSiSiSiSiSiSiSiSiSiSiSi
           3 Ge    -7727.76611    
GeGeGeGeSiSiSiSiSiSiSiSiSiSiSiSiSiSiSiSiSiSiSiSiSiSiSiSiSiSiSiSiSiSiSiSiSiSiSiSiSiSiSiSiSiSiSiSiGeSiSiSiSiSiSiSiSiSiSiSi
           4 Ge    -7765.05957    
GeGeGeGeGeSiSiSiSiSiSiSiSiSiSiSiSiSiSiSiSiSiSiSiSiSiSiSiSiSiSiSiSiSiSiSiSiSiSiSiSiSiSiSiSiSiSiSiGeSiSiSiSiSiSiSiSiSiSiSi
           5 Ge    -7827.15527    
GeGeGeGeGeGeSiSiSiSiSiSiSiSiSiSiSiSiSiSiSiSiSiSiSiSiSiSiSiSiSiSiSiSiSiSiSiSiSiSiSiSiSiSiSiSiSiSiGeSiSiSiSiSiSiSiSiSiSiSi
           6 Ge    -7920.75098    
GeGeGeGeGeGeGeSiSiSiSiSiSiSiSiSiSiSiSiSiSiSiSiSiSiSiSiSiSiSiSiSiSiSiSiSiSiSiSiSiSiSiSiSiSiSiSiSiGeSiSiSiSiSiSiSiSiSiSiSi
           7 Ge    -8120.80762    
GeGeGeGeGeGeGeGeSiSiSiSiSiSiSiSiSiSiSiSiSiSiSiSiSiSiSiSiSiSiSiSiSiSiSiSiSiSiSiSiSiSiSiSiSiSiSiSiGeSiSiSiSiSiSiSiSiSiSiSi
           8 Ge    -8362.87012    
GeGeGeGeGeGeGeGeSiSiSiGeSiSiSiSiSiSiSiSiSiSiSiSiSiSiSiSiSiSiSiSiSiSiSiSiSiSiSiSiSiSiSiSiSiSiSiSiGeSiSiSiSiSiSiSiSiSiSiSi
          12 Ge    -8667.08789    
GeGeGeGeGeGeGeGeSiSiSiGeSiSiSiGeSiSiSiSiSiSiSiSiSiSiSiSiSiSiSiSiSiSiSiSiSiSiSiSiSiSiSiSiSiSiSiSiGeSiSiSiSiSiSiSiSiSiSiSi
          16 Ge    -9105.87012    
GeGeGeGeGeGeGeGeSiSiSiGeSiSiSiGeSiSiSiSiSiSiSiSiSiGeSiSiSiSiSiSiSiSiSiSiSiSiSiSiSiSiSiSiSiSiSiSiGeSiSiSiSiSiSiSiSiSiSiSi
          26 Ge    -9153.83887    
GeGeGeGeGeGeGeGeSiSiSiGeSiSiSiGeSiSiSiSiSiSiSiSiSiGeSiSiSiGeSiSiSiSiSiSiSiSiSiSiSiSiSiSiSiSiSiSiGeSiSiSiSiSiSiSiSiSiSiSi
          30 Ge    -8728.63477    
GeGeGeGeGeGeGeGeSiSiSiGeSiSiSiGeSiSiSiSiSiSiSiSiSiGeSiSiSiGeSiSiSiSiSiGeSiSiSiSiSiSiSiSiSiSiSiSiGeSiSiSiSiSiSiSiSiSiSiSi
          36 Ge    -8655.53809    
GeGeGeGeGeGeGeGeSiSiSiGeSiSiSiGeSiSiSiSiSiSiSiSiSiGeSiSiSiGeSiSiSiSiSiGeSiSiGeSiSiSiSiSiSiSiSiSiGeSiSiSiSiSiSiSiSiSiSiSi
          39 Ge    -9347.12305    
GeGeGeGeGeGeGeGeSiSiSiGeSiSiSiGeSiSiSiSiSiSiSiSiSiGeSiSiSiGeSiSiSiSiSiGeSiSiGeGeSiSiSiSiSiSiSiSiGeSiSiSiSiSiSiSiSiSiSiSi
          40 Ge    -9605.85645    
GeGeGeGeGeGeGeGeSiSiSiGeSiSiSiGeSiSiSiSiSiSiSiSiSiGeSiSiSiGeSiSiSiSiSiGeSiSiGeGeSiGeSiSiSiSiSiSiGeSiSiSiSiSiSiSiSiSiSiSi
          42 Ge    -7248.81494    
GeGeGeGeGeGeGeGeSiSiSiGeSiSiSiGeSiSiSiSiSiSiSiSiSiGeSiSiSiGeSiSiSiSiSiGeSiSiGeGeSiGeSiSiGeSiSiSiGeSiSiSiSiSiSiSiSiSiSiSi
          45 Ge    -8138.36963    
GeGeGeGeGeGeGeGeSiSiSiGeSiSiSiGeSiSiSiSiSiSiSiSiSiGeSiSiSiGeSiSiSiSiSiGeSiSiGeGeSiGeSiSiGeGeSiSiGeSiSiSiSiSiSiSiSiSiSiSi
          46 Ge    -8084.64844    
GeGeGeGeGeGeGeGeSiGeSiGeSiSiSiGeSiSiSiSiSiSiSiSiSiGeSiSiSiGeSiSiSiSiSiGeSiSiGeGeSiGeSiSiGeGeSiSiGeSiSiSiSiSiSiSiSiSiSiSi
          10 Ge    -9075.68555    
GeGeGeGeGeGeGeGeSiGeGeGeSiSiSiGeSiSiSiSiSiSiSiSiSiGeSiSiSiGeSiSiSiSiSiGeSiSiGeGeSiGeSiSiGeGeSiSiGeSiSiSiSiSiSiSiSiSiSiSi
          11 Ge    -9776.39844    
GeGeGeGeGeGeGeGeSiGeGeGeGeSiSiGeSiSiSiSiSiSiSiSiSiGeSiSiSiGeSiSiSiSiSiGeSiSiGeGeSiGeSiSiGeGeSiSiGeSiSiSiSiSiSiSiSiSiSiSi
          13 Ge    -8431.77344    
GeGeGeGeGeGeGeGeSiGeGeGeGeGeSiGeSiSiSiSiSiSiSiSiSiGeSiSiSiGeSiSiSiSiSiGeSiSiGeGeSiGeSiSiGeGeSiSiGeSiSiSiSiSiSiSiSiSiSiSi
          14 Ge    -6160.33887    
GeGeGeGeGeGeGeGeSiGeGeGeGeGeGeGeSiSiSiSiSiSiSiSiSiGeSiSiSiGeSiSiSiSiSiGeSiSiGeGeSiGeSiSiGeGeSiSiGeSiSiSiSiSiSiSiSiSiSiSi
          15 Ge    -5527.44043    
GeGeGeGeGeGeGeGeSiGeGeGeGeGeGeGeGeSiSiSiSiSiSiSiSiGeSiSiSiGeSiSiSiSiSiGeSiSiGeGeSiGeSiSiGeGeSiSiGeSiSiSiSiSiSiSiSiSiSiSi
          17 Ge    -4695.04248    
GeGeGeGeGeGeGeGeSiGeGeGeGeGeGeGeGeSiSiSiSiSiGeSiSiGeSiSiSiGeSiSiSiSiSiGeSiSiGeGeSiGeSiSiGeGeSiSiGeSiSiSiSiSiSiSiSiSiSiSi
          23 Ge    -1553.96826    
GeGeGeGeGeGeGeGeSiGeGeGeGeGeGeGeGeSiSiSiSiSiGeGeSiGeSiSiSiGeSiSiSiSiSiGeSiSiGeGeSiGeSiSiGeGeSiSiGeSiSiSiSiSiSiSiSiSiSiSi
          24 Ge     5417.20312    
GeGeGeGeGeGeGeGeSiGeGeGeGeGeGeGeGeSiSiSiSiSiGeGeSiGeSiGeSiGeSiSiSiSiSiGeSiSiGeGeSiGeSiSiGeGeSiSiGeSiSiSiSiSiSiSiSiSiSiSi
          28 Ge     8448.43359    
GeGeGeGeGeGeGeGeSiGeGeGeGeGeGeGeGeSiSiSiSiSiGeGeSiGeSiGeSiGeSiSiSiSiSiGeSiSiGeGeSiGeSiGeGeGeSiSiGeSiSiSiSiSiSiSiSiSiSiSi
          44 Ge     10546.9863    
GeGeGeGeGeGeGeGeSiGeGeGeGeGeGeGeGeSiSiSiSiSiGeGeSiGeSiGeSiGeSiSiSiSiSiGeSiSiGeGeSiGeSiGeGeGeSiSiGeSiGeSiSiSiSiSiSiSiSiSi
          51 Ge     8111.77344    
GeGeGeGeGeGeGeGeSiGeGeGeGeGeGeGeGeSiSiSiSiSiGeGeSiGeSiGeSiGeSiSiSiSiSiGeSiSiGeGeSiGeSiGeGeGeSiSiGeSiGeSiSiSiSiSiGeSiSiSi
          57 Ge     7840.01123    
GeGeGeGeGeGeGeGeSiGeGeGeGeGeGeGeGeSiSiSiSiSiGeGeSiGeSiGeSiGeSiSiSiSiSiGeSiSiGeGeSiGeSiGeGeGeSiSiGeSiGeSiSiSiSiSiGeGeSiSi
          58 Ge     11011.5195    
GeGeGeGeGeGeGeGeGeGeGeGeGeGeGeGeGeSiSiSiSiSiGeGeSiGeSiGeSiGeSiSiSiSiSiGeSiSiGeGeSiGeSiGeGeGeSiSiGeSiGeSiSiSiSiSiGeGeSiSi
           9 Ge     14999.5254    
GeGeGeGeGeGeGeGeGeGeGeGeGeGeGeGeGeGeSiSiSiSiGeGeSiGeSiGeSiGeSiSiSiSiSiGeSiSiGeGeSiGeSiGeGeGeSiSiGeSiGeSiSiSiSiSiGeGeSiSi
          18 Ge     20075.7109    
GeGeGeGeGeGeGeGeGeGeGeGeGeGeGeGeGeGeSiSiGeSiGeGeSiGeSiGeSiGeSiSiSiSiSiGeSiSiGeGeSiGeSiGeGeGeSiSiGeSiGeSiSiSiSiSiGeGeSiSi
          21 Ge     29303.3008    
GeGeGeGeGeGeGeGeGeGeGeGeGeGeGeGeGeGeSiSiGeGeGeGeSiGeSiGeSiGeSiSiSiSiSiGeSiSiGeGeSiGeSiGeGeGeSiSiGeSiGeSiSiSiSiSiGeGeSiSi
          22 Ge     38234.9453    
GeGeGeGeGeGeGeGeGeGeGeGeGeGeGeGeGeGeSiSiGeGeGeGeSiGeSiGeSiGeGeSiSiSiSiGeSiSiGeGeSiGeSiGeGeGeSiSiGeSiGeSiSiSiSiSiGeGeSiSi
          31 Ge     43128.2734    
GeGeGeGeGeGeGeGeGeGeGeGeGeGeGeGeGeGeSiSiGeGeGeGeSiGeSiGeSiGeGeGeSiSiSiGeSiSiGeGeSiGeSiGeGeGeSiSiGeSiGeSiSiSiSiSiGeGeSiSi
          32 Ge     50209.8984    
GeGeGeGeGeGeGeGeGeGeGeGeGeGeGeGeGeGeSiSiGeGeGeGeSiGeSiGeSiGeGeGeGeSiSiGeSiSiGeGeSiGeSiGeGeGeSiSiGeSiGeSiSiSiSiSiGeGeSiSi
          33 Ge     69222.8984    
GeGeGeGeGeGeGeGeGeGeGeGeGeGeGeGeGeGeSiSiGeGeGeGeSiGeSiGeSiGeGeGeGeSiSiGeSiSiGeGeSiGeSiGeGeGeSiSiGeSiGeSiGeSiSiSiGeGeSiSi
          53 Ge     73952.0391    
GeGeGeGeGeGeGeGeGeGeGeGeGeGeGeGeGeGeSiSiGeGeGeGeSiGeSiGeSiGeGeGeGeSiSiGeSiSiGeGeSiGeSiGeGeGeSiSiGeSiGeSiGeSiGeSiGeGeSiSi
          55 Ge     75657.1094    
GeGeGeGeGeGeGeGeGeGeGeGeGeGeGeGeGeGeSiSiGeGeGeGeGeGeSiGeSiGeGeGeGeSiSiGeSiSiGeGeSiGeSiGeGeGeSiSiGeSiGeSiGeSiGeSiGeGeSiSi
          25 Ge     93578.3594    
GeGeGeGeGeGeGeGeGeGeGeGeGeGeGeGeGeGeSiSiGeGeGeGeGeGeGeGeSiGeGeGeGeSiSiGeSiSiGeGeSiGeSiGeGeGeSiSiGeSiGeSiGeSiGeSiGeGeSiSi
          27 Ge     104838.375    
==============================================
MonteCarlo: Metropolis with identity changes
Si > Ge, Ge > Si. STOP when occurrence <    0.00000
==============================================
Cost_function     Occurrence %     Scan-Cost
    57579.5859375000 GeGeGeGeSiSiGeGeSiSiGeSiGeSiGeSiSiGeGeGeGeGeSiSiGeGeGeGeGeGeSiGeGeGeGeGeSiSiGeGeGeGeGeGeGeSiGeGeGeGeGeSiGeGeGeSiSiGeGeGe
    46871.9414062500 GeSiGeGeGeSiGeGeSiSiGeGeGeSiGeGeGeGeGeGeGeGeSiGeSiGeGeGeSiGeSiSiGeSiGeGeGeSiGeGeGeSiGeSiGeGeGeGeSiGeGeSiGeGeSiGeGeGeGeGe
    35683.1679687500 GeSiGeGeGeSiGeGeSiSiGeSiGeGeGeGeGeGeGeGeGeGeSiGeSiGeGeGeSiGeSiSiGeSiGeGeGeSiGeGeGeGeGeSiSiGeGeGeSiGeGeSiGeGeSiGeGeGeGeGe
    35683.1679687500 GeSiGeGeGeSiGeGeSiSiGeSiGeGeGeGeGeGeGeGeGeGeSiGeSiGeGeGeSiGeSiSiGeSiGeGeGeSiGeGeGeGeGeSiSiGeGeGeSiGeGeSiGeGeSiGeGeGeGeGe
    35683.1679687500 GeSiGeGeGeSiGeGeSiSiGeSiGeGeGeGeGeGeGeGeGeGeSiGeSiGeGeGeSiGeSiSiGeSiGeGeGeSiGeGeGeGeGeSiSiGeGeGeSiGeGeSiGeGeSiGeGeGeGeGe
    35683.1679687500 GeSiGeGeGeSiGeGeSiSiGeSiGeGeGeGeGeGeGeGeGeGeSiGeSiGeGeGeSiGeSiSiGeSiGeGeGeSiGeGeGeGeGeSiSiGeGeGeSiGeGeSiGeGeSiGeGeGeGeGe
    35683.1679687500 GeSiGeGeGeSiGeGeSiSiGeSiGeGeGeGeGeGeGeGeGeGeSiGeSiGeGeGeSiGeSiSiGeSiGeGeGeSiGeGeGeGeGeSiSiGeGeGeSiGeGeSiGeGeSiGeGeGeGeGe
    35683.1679687500 GeSiGeGeGeSiGeGeSiSiGeSiGeGeGeGeGeGeGeGeGeGeSiGeSiGeGeGeSiGeSiSiGeSiGeGeGeSiGeGeGeGeGeSiSiGeGeGeSiGeGeSiGeGeSiGeGeGeGeGe
    35683.1679687500 GeSiGeGeGeSiGeGeSiSiGeSiGeGeGeGeGeGeGeGeGeGeSiGeSiGeGeGeSiGeSiSiGeSiGeGeGeSiGeGeGeGeGeSiSiGeGeGeSiGeGeSiGeGeSiGeGeGeGeGe
    35683.1679687500 GeSiGeGeGeSiGeGeSiSiGeSiGeGeGeGeGeGeGeGeGeGeSiGeSiGeGeGeSiGeSiSiGeSiGeGeGeSiGeGeGeGeGeSiSiGeGeGeSiGeGeSiGeGeSiGeGeGeGeGe
    35683.1679687500 GeSiGeGeGeSiGeGeSiSiGeSiGeGeGeGeGeGeGeGeGeGeSiGeSiGeGeGeSiGeSiSiGeSiGeGeGeSiGeGeGeGeGeSiSiGeGeGeSiGeGeSiGeGeSiGeGeGeGeGe
    35683.1679687500 GeSiGeGeGeSiGeGeSiSiGeSiGeGeGeGeGeGeGeGeGeGeSiGeSiGeGeGeSiGeSiSiGeSiGeGeGeSiGeGeGeGeGeSiSiGeGeGeSiGeGeSiGeGeSiGeGeGeGeGe
    35683.1679687500 GeSiGeGeGeSiGeGeSiSiGeSiGeGeGeGeGeGeGeGeGeGeSiGeSiGeGeGeSiGeSiSiGeSiGeGeGeSiGeGeGeGeGeSiSiGeGeGeSiGeGeSiGeGeSiGeGeGeGeGe
    35683.1679687500 GeSiGeGeGeSiGeGeSiSiGeSiGeGeGeGeGeGeGeGeGeGeSiGeSiGeGeGeSiGeSiSiGeSiGeGeGeSiGeGeGeGeGeSiSiGeGeGeSiGeGeSiGeGeSiGeGeGeGeGe
    35683.1679687500 GeSiGeGeGeSiGeGeSiSiGeSiGeGeGeGeGeGeGeGeGeGeSiGeSiGeGeGeSiGeSiSiGeSiGeGeGeSiGeGeGeGeGeSiSiGeGeGeSiGeGeSiGeGeSiGeGeGeGeGe
    35683.1679687500 GeSiGeGeGeSiGeGeSiSiGeSiGeGeGeGeGeGeGeGeGeGeSiGeSiGeGeGeSiGeSiSiGeSiGeGeGeSiGeGeGeGeGeSiSiGeGeGeSiGeGeSiGeGeSiGeGeGeGeGe
    35683.1679687500 GeSiGeGeGeSiGeGeSiSiGeSiGeGeGeGeGeGeGeGeGeGeSiGeSiGeGeGeSiGeSiSiGeSiGeGeGeSiGeGeGeGeGeSiSiGeGeGeSiGeGeSiGeGeSiGeGeGeGeGe
    35683.1679687500 GeSiGeGeGeSiGeGeSiSiGeSiGeGeGeGeGeGeGeGeGeGeSiGeSiGeGeGeSiGeSiSiGeSiGeGeGeSiGeGeGeGeGeSiSiGeGeGeSiGeGeSiGeGeSiGeGeGeGeGe
    35683.1679687500 GeSiGeGeGeSiGeGeSiSiGeSiGeGeGeGeGeGeGeGeGeGeSiGeSiGeGeGeSiGeSiSiGeSiGeGeGeSiGeGeGeGeGeSiSiGeGeGeSiGeGeSiGeGeSiGeGeGeGeGe
    35683.1679687500 GeSiGeGeGeSiGeGeSiSiGeSiGeGeGeGeGeGeGeGeGeGeSiGeSiGeGeGeSiGeSiSiGeSiGeGeGeSiGeGeGeGeGeSiSiGeGeGeSiGeGeSiGeGeSiGeGeGeGeGe
    35683.1679687500 GeSiGeGeGeSiGeGeSiSiGeSiGeGeGeGeGeGeGeGeGeGeSiGeSiGeGeGeSiGeSiSiGeSiGeGeGeSiGeGeGeGeGeSiSiGeGeGeSiGeGeSiGeGeSiGeGeGeGeGe
    35683.1679687500 GeSiGeGeGeSiGeGeSiSiGeSiGeGeGeGeGeGeGeGeGeGeSiGeSiGeGeGeSiGeSiSiGeSiGeGeGeSiGeGeGeGeGeSiSiGeGeGeSiGeGeSiGeGeSiGeGeGeGeGe
    35683.1679687500 GeSiGeGeGeSiGeGeSiSiGeSiGeGeGeGeGeGeGeGeGeGeSiGeSiGeGeGeSiGeSiSiGeSiGeGeGeSiGeGeGeGeGeSiSiGeGeGeSiGeGeSiGeGeSiGeGeGeGeGe
    35683.1679687500 GeSiGeGeGeSiGeGeSiSiGeSiGeGeGeGeGeGeGeGeGeGeSiGeSiGeGeGeSiGeSiSiGeSiGeGeGeSiGeGeGeGeGeSiSiGeGeGeSiGeGeSiGeGeSiGeGeGeGeGe
    35683.1679687500 GeSiGeGeGeSiGeGeSiSiGeSiGeGeGeGeGeGeGeGeGeGeSiGeSiGeGeGeSiGeSiSiGeSiGeGeGeSiGeGeGeGeGeSiSiGeGeGeSiGeGeSiGeGeSiGeGeGeGeGe
    35683.1679687500 GeSiGeGeGeSiGeGeSiSiGeSiGeGeGeGeGeGeGeGeGeGeSiGeSiGeGeGeSiGeSiSiGeSiGeGeGeSiGeGeGeGeGeSiSiGeGeGeSiGeGeSiGeGeSiGeGeGeGeGe
    35683.1679687500 GeSiGeGeGeSiGeGeSiSiGeSiGeGeGeGeGeGeGeGeGeGeSiGeSiGeGeGeSiGeSiSiGeSiGeGeGeSiGeGeGeGeGeSiSiGeGeGeSiGeGeSiGeGeSiGeGeGeGeGe
    35683.1679687500 GeSiGeGeGeSiGeGeSiSiGeSiGeGeGeGeGeGeGeGeGeGeSiGeSiGeGeGeSiGeSiSiGeSiGeGeGeSiGeGeGeGeGeSiSiGeGeGeSiGeGeSiGeGeSiGeGeGeGeGe
    35683.1679687500 GeSiGeGeGeSiGeGeSiSiGeSiGeGeGeGeGeGeGeGeGeGeSiGeSiGeGeGeSiGeSiSiGeSiGeGeGeSiGeGeGeGeGeSiSiGeGeGeSiGeGeSiGeGeSiGeGeGeGeGe
    35683.1679687500 GeSiGeGeGeSiGeGeSiSiGeSiGeGeGeGeGeGeGeGeGeGeSiGeSiGeGeGeSiGeSiSiGeSiGeGeGeSiGeGeGeGeGeSiSiGeGeGeSiGeGeSiGeGeSiGeGeGeGeGe
    35683.1679687500 GeSiGeGeGeSiGeGeSiSiGeSiGeGeGeGeGeGeGeGeGeGeSiGeSiGeGeGeSiGeSiSiGeSiGeGeGeSiGeGeGeGeGeSiSiGeGeGeSiGeGeSiGeGeSiGeGeGeGeGe
    35683.1679687500 GeSiGeGeGeSiGeGeSiSiGeSiGeGeGeGeGeGeGeGeGeGeSiGeSiGeGeGeSiGeSiSiGeSiGeGeGeSiGeGeGeGeGeSiSiGeGeGeSiGeGeSiGeGeSiGeGeGeGeGe
    35683.1679687500 GeSiGeGeGeSiGeGeSiSiGeSiGeGeGeGeGeGeGeGeGeGeSiGeSiGeGeGeSiGeSiSiGeSiGeGeGeSiGeGeGeGeGeSiSiGeGeGeSiGeGeSiGeGeSiGeGeGeGeGe
    35683.1679687500 GeSiGeGeGeSiGeGeSiSiGeSiGeGeGeGeGeGeGeGeGeGeSiGeSiGeGeGeSiGeSiSiGeSiGeGeGeSiGeGeGeGeGeSiSiGeGeGeSiGeGeSiGeGeSiGeGeGeGeGe
    35683.1679687500 GeSiGeGeGeSiGeGeSiSiGeSiGeGeGeGeGeGeGeGeGeGeSiGeSiGeGeGeSiGeSiSiGeSiGeGeGeSiGeGeGeGeGeSiSiGeGeGeSiGeGeSiGeGeSiGeGeGeGeGe
    35683.1679687500 GeSiGeGeGeSiGeGeSiSiGeSiGeGeGeGeGeGeGeGeGeGeSiGeSiGeGeGeSiGeSiSiGeSiGeGeGeSiGeGeGeGeGeSiSiGeGeGeSiGeGeSiGeGeSiGeGeGeGeGe
    35683.1679687500 GeSiGeGeGeSiGeGeSiSiGeSiGeGeGeGeGeGeGeGeGeGeSiGeSiGeGeGeSiGeSiSiGeSiGeGeGeSiGeGeGeGeGeSiSiGeGeGeSiGeGeSiGeGeSiGeGeGeGeGe
    35683.1679687500 GeSiGeGeGeSiGeGeSiSiGeSiGeGeGeGeGeGeGeGeGeGeSiGeSiGeGeGeSiGeSiSiGeSiGeGeGeSiGeGeGeGeGeSiSiGeGeGeSiGeGeSiGeGeSiGeGeGeGeGe
    35683.1679687500 GeSiGeGeGeSiGeGeSiSiGeSiGeGeGeGeGeGeGeGeGeGeSiGeSiGeGeGeSiGeSiSiGeSiGeGeGeSiGeGeGeGeGeSiSiGeGeGeSiGeGeSiGeGeSiGeGeGeGeGe
    35683.1679687500 GeSiGeGeGeSiGeGeSiSiGeSiGeGeGeGeGeGeGeGeGeGeSiGeSiGeGeGeSiGeSiSiGeSiGeGeGeSiGeGeGeGeGeSiSiGeGeGeSiGeGeSiGeGeSiGeGeGeGeGe
    35683.1679687500 GeSiGeGeGeSiGeGeSiSiGeSiGeGeGeGeGeGeGeGeGeGeSiGeSiGeGeGeSiGeSiSiGeSiGeGeGeSiGeGeGeGeGeSiSiGeGeGeSiGeGeSiGeGeSiGeGeGeGeGe
    35683.1679687500 GeSiGeGeGeSiGeGeSiSiGeSiGeGeGeGeGeGeGeGeGeGeSiGeSiGeGeGeSiGeSiSiGeSiGeGeGeSiGeGeGeGeGeSiSiGeGeGeSiGeGeSiGeGeSiGeGeGeGeGe
    35683.1679687500 GeSiGeGeGeSiGeGeSiSiGeSiGeGeGeGeGeGeGeGeGeGeSiGeSiGeGeGeSiGeSiSiGeSiGeGeGeSiGeGeGeGeGeSiSiGeGeGeSiGeGeSiGeGeSiGeGeGeGeGe
    35683.1679687500 GeSiGeGeGeSiGeGeSiSiGeSiGeGeGeGeGeGeGeGeGeGeSiGeSiGeGeGeSiGeSiSiGeSiGeGeGeSiGeGeGeGeGeSiSiGeGeGeSiGeGeSiGeGeSiGeGeGeGeGe
    35683.1679687500 GeSiGeGeGeSiGeGeSiSiGeSiGeGeGeGeGeGeGeGeGeGeSiGeSiGeGeGeSiGeSiSiGeSiGeGeGeSiGeGeGeGeGeSiSiGeGeGeSiGeGeSiGeGeSiGeGeGeGeGe
    35683.1679687500 GeSiGeGeGeSiGeGeSiSiGeSiGeGeGeGeGeGeGeGeGeGeSiGeSiGeGeGeSiGeSiSiGeSiGeGeGeSiGeGeGeGeGeSiSiGeGeGeSiGeGeSiGeGeSiGeGeGeGeGe
    35683.1679687500 GeSiGeGeGeSiGeGeSiSiGeSiGeGeGeGeGeGeGeGeGeGeSiGeSiGeGeGeSiGeSiSiGeSiGeGeGeSiGeGeGeGeGeSiSiGeGeGeSiGeGeSiGeGeSiGeGeGeGeGe
    35683.1679687500 GeSiGeGeGeSiGeGeSiSiGeSiGeGeGeGeGeGeGeGeGeGeSiGeSiGeGeGeSiGeSiSiGeSiGeGeGeSiGeGeGeGeGeSiSiGeGeGeSiGeGeSiGeGeSiGeGeGeGeGe
    35683.1679687500 GeSiGeGeGeSiGeGeSiSiGeSiGeGeGeGeGeGeGeGeGeGeSiGeSiGeGeGeSiGeSiSiGeSiGeGeGeSiGeGeGeGeGeSiSiGeGeGeSiGeGeSiGeGeSiGeGeGeGeGe
    35683.1679687500 GeSiGeGeGeSiGeGeSiSiGeSiGeGeGeGeGeGeGeGeGeGeSiGeSiGeGeGeSiGeSiSiGeSiGeGeGeSiGeGeGeGeGeSiSiGeGeGeSiGeGeSiGeGeSiGeGeGeGeGe
    35683.1679687500 GeSiGeGeGeSiGeGeSiSiGeSiGeGeGeGeGeGeGeGeGeGeSiGeSiGeGeGeSiGeSiSiGeSiGeGeGeSiGeGeGeGeGeSiSiGeGeGeSiGeGeSiGeGeSiGeGeGeGeGe
    35683.1679687500 GeSiGeGeGeSiGeGeSiSiGeSiGeGeGeGeGeGeGeGeGeGeSiGeSiGeGeGeSiGeSiSiGeSiGeGeGeSiGeGeGeGeGeSiSiGeGeGeSiGeGeSiGeGeSiGeGeGeGeGe
    35683.1679687500 GeSiGeGeGeSiGeGeSiSiGeSiGeGeGeGeGeGeGeGeGeGeSiGeSiGeGeGeSiGeSiSiGeSiGeGeGeSiGeGeGeGeGeSiSiGeGeGeSiGeGeSiGeGeSiGeGeGeGeGe
    35683.1679687500 GeSiGeGeGeSiGeGeSiSiGeSiGeGeGeGeGeGeGeGeGeGeSiGeSiGeGeGeSiGeSiSiGeSiGeGeGeSiGeGeGeGeGeSiSiGeGeGeSiGeGeSiGeGeSiGeGeGeGeGe
    35683.1679687500 GeSiGeGeGeSiGeGeSiSiGeSiGeGeGeGeGeGeGeGeGeGeSiGeSiGeGeGeSiGeSiSiGeSiGeGeGeSiGeGeGeGeGeSiSiGeGeGeSiGeGeSiGeGeSiGeGeGeGeGe
    35683.1679687500 GeSiGeGeGeSiGeGeSiSiGeSiGeGeGeGeGeGeGeGeGeGeSiGeSiGeGeGeSiGeSiSiGeSiGeGeGeSiGeGeGeGeGeSiSiGeGeGeSiGeGeSiGeGeSiGeGeGeGeGe
    35683.1679687500 GeSiGeGeGeSiGeGeSiSiGeSiGeGeGeGeGeGeGeGeGeGeSiGeSiGeGeGeSiGeSiSiGeSiGeGeGeSiGeGeGeGeGeSiSiGeGeGeSiGeGeSiGeGeSiGeGeGeGeGe
    35683.1679687500 GeSiGeGeGeSiGeGeSiSiGeSiGeGeGeGeGeGeGeGeGeGeSiGeSiGeGeGeSiGeSiSiGeSiGeGeGeSiGeGeGeGeGeSiSiGeGeGeSiGeGeSiGeGeSiGeGeGeGeGe
    35683.1679687500 GeSiGeGeGeSiGeGeSiSiGeSiGeGeGeGeGeGeGeGeGeGeSiGeSiGeGeGeSiGeSiSiGeSiGeGeGeSiGeGeGeGeGeSiSiGeGeGeSiGeGeSiGeGeSiGeGeGeGeGe
    35683.1679687500 GeSiGeGeGeSiGeGeSiSiGeSiGeGeGeGeGeGeGeGeGeGeSiGeSiGeGeGeSiGeSiSiGeSiGeGeGeSiGeGeGeGeGeSiSiGeGeGeSiGeGeSiGeGeSiGeGeGeGeGe
    35683.1679687500 GeSiGeGeGeSiGeGeSiSiGeSiGeGeGeGeGeGeGeGeGeGeSiGeSiGeGeGeSiGeSiSiGeSiGeGeGeSiGeGeGeGeGeSiSiGeGeGeSiGeGeSiGeGeSiGeGeGeGeGe
    35683.1679687500 GeSiGeGeGeSiGeGeSiSiGeSiGeGeGeGeGeGeGeGeGeGeSiGeSiGeGeGeSiGeSiSiGeSiGeGeGeSiGeGeGeGeGeSiSiGeGeGeSiGeGeSiGeGeSiGeGeGeGeGe
    35683.1679687500 GeSiGeGeGeSiGeGeSiSiGeSiGeGeGeGeGeGeGeGeGeGeSiGeSiGeGeGeSiGeSiSiGeSiGeGeGeSiGeGeGeGeGeSiSiGeGeGeSiGeGeSiGeGeSiGeGeGeGeGe
    35683.1679687500 GeSiGeGeGeSiGeGeSiSiGeSiGeGeGeGeGeGeGeGeGeGeSiGeSiGeGeGeSiGeSiSiGeSiGeGeGeSiGeGeGeGeGeSiSiGeGeGeSiGeGeSiGeGeSiGeGeGeGeGe
    35683.1679687500 GeSiGeGeGeSiGeGeSiSiGeSiGeGeGeGeGeGeGeGeGeGeSiGeSiGeGeGeSiGeSiSiGeSiGeGeGeSiGeGeGeGeGeSiSiGeGeGeSiGeGeSiGeGeSiGeGeGeGeGe
    35683.1679687500 GeSiGeGeGeSiGeGeSiSiGeSiGeGeGeGeGeGeGeGeGeGeSiGeSiGeGeGeSiGeSiSiGeSiGeGeGeSiGeGeGeGeGeSiSiGeGeGeSiGeGeSiGeGeSiGeGeGeGeGe
    35683.1679687500 GeSiGeGeGeSiGeGeSiSiGeSiGeGeGeGeGeGeGeGeGeGeSiGeSiGeGeGeSiGeSiSiGeSiGeGeGeSiGeGeGeGeGeSiSiGeGeGeSiGeGeSiGeGeSiGeGeGeGeGe
    35683.1679687500 GeSiGeGeGeSiGeGeSiSiGeSiGeGeGeGeGeGeGeGeGeGeSiGeSiGeGeGeSiGeSiSiGeSiGeGeGeSiGeGeGeGeGeSiSiGeGeGeSiGeGeSiGeGeSiGeGeGeGeGe
    35683.1679687500 GeSiGeGeGeSiGeGeSiSiGeSiGeGeGeGeGeGeGeGeGeGeSiGeSiGeGeGeSiGeSiSiGeSiGeGeGeSiGeGeGeGeGeSiSiGeGeGeSiGeGeSiGeGeSiGeGeGeGeGe
    35683.1679687500 GeSiGeGeGeSiGeGeSiSiGeSiGeGeGeGeGeGeGeGeGeGeSiGeSiGeGeGeSiGeSiSiGeSiGeGeGeSiGeGeGeGeGeSiSiGeGeGeSiGeGeSiGeGeSiGeGeGeGeGe
    35683.1679687500 GeSiGeGeGeSiGeGeSiSiGeSiGeGeGeGeGeGeGeGeGeGeSiGeSiGeGeGeSiGeSiSiGeSiGeGeGeSiGeGeGeGeGeSiSiGeGeGeSiGeGeSiGeGeSiGeGeGeGeGe
    35683.1679687500 GeSiGeGeGeSiGeGeSiSiGeSiGeGeGeGeGeGeGeGeGeGeSiGeSiGeGeGeSiGeSiSiGeSiGeGeGeSiGeGeGeGeGeSiSiGeGeGeSiGeGeSiGeGeSiGeGeGeGeGe
    35683.1679687500 GeSiGeGeGeSiGeGeSiSiGeSiGeGeGeGeGeGeGeGeGeGeSiGeSiGeGeGeSiGeSiSiGeSiGeGeGeSiGeGeGeGeGeSiSiGeGeGeSiGeGeSiGeGeSiGeGeGeGeGe
    35683.1679687500 GeSiGeGeGeSiGeGeSiSiGeSiGeGeGeGeGeGeGeGeGeGeSiGeSiGeGeGeSiGeSiSiGeSiGeGeGeSiGeGeGeGeGeSiSiGeGeGeSiGeGeSiGeGeSiGeGeGeGeGe
    35683.1679687500 GeSiGeGeGeSiGeGeSiSiGeSiGeGeGeGeGeGeGeGeGeGeSiGeSiGeGeGeSiGeSiSiGeSiGeGeGeSiGeGeGeGeGeSiSiGeGeGeSiGeGeSiGeGeSiGeGeGeGeGe
    35683.1679687500 GeSiGeGeGeSiGeGeSiSiGeSiGeGeGeGeGeGeGeGeGeGeSiGeSiGeGeGeSiGeSiSiGeSiGeGeGeSiGeGeGeGeGeSiSiGeGeGeSiGeGeSiGeGeSiGeGeGeGeGe
    35683.1679687500 GeSiGeGeGeSiGeGeSiSiGeSiGeGeGeGeGeGeGeGeGeGeSiGeSiGeGeGeSiGeSiSiGeSiGeGeGeSiGeGeGeGeGeSiSiGeGeGeSiGeGeSiGeGeSiGeGeGeGeGe
    35683.1679687500 GeSiGeGeGeSiGeGeSiSiGeSiGeGeGeGeGeGeGeGeGeGeSiGeSiGeGeGeSiGeSiSiGeSiGeGeGeSiGeGeGeGeGeSiSiGeGeGeSiGeGeSiGeGeSiGeGeGeGeGe
    35683.1679687500 GeSiGeGeGeSiGeGeSiSiGeSiGeGeGeGeGeGeGeGeGeGeSiGeSiGeGeGeSiGeSiSiGeSiGeGeGeSiGeGeGeGeGeSiSiGeGeGeSiGeGeSiGeGeSiGeGeGeGeGe
    35683.1679687500 GeSiGeGeGeSiGeGeSiSiGeSiGeGeGeGeGeGeGeGeGeGeSiGeSiGeGeGeSiGeSiSiGeSiGeGeGeSiGeGeGeGeGeSiSiGeGeGeSiGeGeSiGeGeSiGeGeGeGeGe
    35683.1679687500 GeSiGeGeGeSiGeGeSiSiGeSiGeGeGeGeGeGeGeGeGeGeSiGeSiGeGeGeSiGeSiSiGeSiGeGeGeSiGeGeGeGeGeSiSiGeGeGeSiGeGeSiGeGeSiGeGeGeGeGe
    35683.1679687500 GeSiGeGeGeSiGeGeSiSiGeSiGeGeGeGeGeGeGeGeGeGeSiGeSiGeGeGeSiGeSiSiGeSiGeGeGeSiGeGeGeGeGeSiSiGeGeGeSiGeGeSiGeGeSiGeGeGeGeGe
    35683.1679687500 GeSiGeGeGeSiGeGeSiSiGeSiGeGeGeGeGeGeGeGeGeGeSiGeSiGeGeGeSiGeSiSiGeSiGeGeGeSiGeGeGeGeGeSiSiGeGeGeSiGeGeSiGeGeSiGeGeGeGeGe
    35683.1679687500 GeSiGeGeGeSiGeGeSiSiGeSiGeGeGeGeGeGeGeGeGeGeSiGeSiGeGeGeSiGeSiSiGeSiGeGeGeSiGeGeGeGeGeSiSiGeGeGeSiGeGeSiGeGeSiGeGeGeGeGe
    35683.1679687500 GeSiGeGeGeSiGeGeSiSiGeSiGeGeGeGeGeGeGeGeGeGeSiGeSiGeGeGeSiGeSiSiGeSiGeGeGeSiGeGeGeGeGeSiSiGeGeGeSiGeGeSiGeGeSiGeGeGeGeGe
    35683.1679687500 GeSiGeGeGeSiGeGeSiSiGeSiGeGeGeGeGeGeGeGeGeGeSiGeSiGeGeGeSiGeSiSiGeSiGeGeGeSiGeGeGeGeGeSiSiGeGeGeSiGeGeSiGeGeSiGeGeGeGeGe
    35683.1679687500 GeSiGeGeGeSiGeGeSiSiGeSiGeGeGeGeGeGeGeGeGeGeSiGeSiGeGeGeSiGeSiSiGeSiGeGeGeSiGeGeGeGeGeSiSiGeGeGeSiGeGeSiGeGeSiGeGeGeGeGe
    35683.1679687500 GeSiGeGeGeSiGeGeSiSiGeSiGeGeGeGeGeGeGeGeGeGeSiGeSiGeGeGeSiGeSiSiGeSiGeGeGeSiGeGeGeGeGeSiSiGeGeGeSiGeGeSiGeGeSiGeGeGeGeGe
    35683.1679687500 GeSiGeGeGeSiGeGeSiSiGeSiGeGeGeGeGeGeGeGeGeGeSiGeSiGeGeGeSiGeSiSiGeSiGeGeGeSiGeGeGeGeGeSiSiGeGeGeSiGeGeSiGeGeSiGeGeGeGeGe
    35683.1679687500 GeSiGeGeGeSiGeGeSiSiGeSiGeGeGeGeGeGeGeGeGeGeSiGeSiGeGeGeSiGeSiSiGeSiGeGeGeSiGeGeGeGeGeSiSiGeGeGeSiGeGeSiGeGeSiGeGeGeGeGe
    35683.1679687500 GeSiGeGeGeSiGeGeSiSiGeSiGeGeGeGeGeGeGeGeGeGeSiGeSiGeGeGeSiGeSiSiGeSiGeGeGeSiGeGeGeGeGeSiSiGeGeGeSiGeGeSiGeGeSiGeGeGeGeGe
    35683.1679687500 GeSiGeGeGeSiGeGeSiSiGeSiGeGeGeGeGeGeGeGeGeGeSiGeSiGeGeGeSiGeSiSiGeSiGeGeGeSiGeGeGeGeGeSiSiGeGeGeSiGeGeSiGeGeSiGeGeGeGeGe
    35683.1679687500 GeSiGeGeGeSiGeGeSiSiGeSiGeGeGeGeGeGeGeGeGeGeSiGeSiGeGeGeSiGeSiSiGeSiGeGeGeSiGeGeGeGeGeSiSiGeGeGeSiGeGeSiGeGeSiGeGeGeGeGe
    35683.1679687500 GeSiGeGeGeSiGeGeSiSiGeSiGeGeGeGeGeGeGeGeGeGeSiGeSiGeGeGeSiGeSiSiGeSiGeGeGeSiGeGeGeGeGeSiSiGeGeGeSiGeGeSiGeGeSiGeGeGeGeGe
    35683.1679687500 GeSiGeGeGeSiGeGeSiSiGeSiGeGeGeGeGeGeGeGeGeGeSiGeSiGeGeGeSiGeSiSiGeSiGeGeGeSiGeGeGeGeGeSiSiGeGeGeSiGeGeSiGeGeSiGeGeGeGeGe
    35683.1679687500 GeSiGeGeGeSiGeGeSiSiGeSiGeGeGeGeGeGeGeGeGeGeSiGeSiGeGeGeSiGeSiSiGeSiGeGeGeSiGeGeGeGeGeSiSiGeGeGeSiGeGeSiGeGeSiGeGeGeGeGe
    35683.1679687500 GeSiGeGeGeSiGeGeSiSiGeSiGeGeGeGeGeGeGeGeGeGeSiGeSiGeGeGeSiGeSiSiGeSiGeGeGeSiGeGeGeGeGeSiSiGeGeGeSiGeGeSiGeGeSiGeGeGeGeGe
    35683.1679687500 GeSiGeGeGeSiGeGeSiSiGeSiGeGeGeGeGeGeGeGeGeGeSiGeSiGeGeGeSiGeSiSiGeSiGeGeGeSiGeGeGeGeGeSiSiGeGeGeSiGeGeSiGeGeSiGeGeGeGeGe
    35683.1679687500 GeSiGeGeGeSiGeGeSiSiGeSiGeGeGeGeGeGeGeGeGeGeSiGeSiGeGeGeSiGeSiSiGeSiGeGeGeSiGeGeGeGeGeSiSiGeGeGeSiGeGeSiGeGeSiGeGeGeGeGe
    35683.1679687500 GeSiGeGeGeSiGeGeSiSiGeSiGeGeGeGeGeGeGeGeGeGeSiGeSiGeGeGeSiGeSiSiGeSiGeGeGeSiGeGeGeGeGeSiSiGeGeGeSiGeGeSiGeGeSiGeGeGeGeGe
    35683.1679687500 GeSiGeGeGeSiGeGeSiSiGeSiGeGeGeGeGeGeGeGeGeGeSiGeSiGeGeGeSiGeSiSiGeSiGeGeGeSiGeGeGeGeGeSiSiGeGeGeSiGeGeSiGeGeSiGeGeGeGeGe
    35683.1679687500 GeSiGeGeGeSiGeGeSiSiGeSiGeGeGeGeGeGeGeGeGeGeSiGeSiGeGeGeSiGeSiSiGeSiGeGeGeSiGeGeGeGeGeSiSiGeGeGeSiGeGeSiGeGeSiGeGeGeGeGe
    35683.1679687500 GeSiGeGeGeSiGeGeSiSiGeSiGeGeGeGeGeGeGeGeGeGeSiGeSiGeGeGeSiGeSiSiGeSiGeGeGeSiGeGeGeGeGeSiSiGeGeGeSiGeGeSiGeGeSiGeGeGeGeGe
    35683.1679687500 GeSiGeGeGeSiGeGeSiSiGeSiGeGeGeGeGeGeGeGeGeGeSiGeSiGeGeGeSiGeSiSiGeSiGeGeGeSiGeGeGeGeGeSiSiGeGeGeSiGeGeSiGeGeSiGeGeGeGeGe
    35683.1679687500 GeSiGeGeGeSiGeGeSiSiGeSiGeGeGeGeGeGeGeGeGeGeSiGeSiGeGeGeSiGeSiSiGeSiGeGeGeSiGeGeGeGeGeSiSiGeGeGeSiGeGeSiGeGeSiGeGeGeGeGe
    35683.1679687500 GeSiGeGeGeSiGeGeSiSiGeSiGeGeGeGeGeGeGeGeGeGeSiGeSiGeGeGeSiGeSiSiGeSiGeGeGeSiGeGeGeGeGeSiSiGeGeGeSiGeGeSiGeGeSiGeGeGeGeGe
    35683.1679687500 GeSiGeGeGeSiGeGeSiSiGeSiGeGeGeGeGeGeGeGeGeGeSiGeSiGeGeGeSiGeSiSiGeSiGeGeGeSiGeGeGeGeGeSiSiGeGeGeSiGeGeSiGeGeSiGeGeGeGeGe
    35683.1679687500 GeSiGeGeGeSiGeGeSiSiGeSiGeGeGeGeGeGeGeGeGeGeSiGeSiGeGeGeSiGeSiSiGeSiGeGeGeSiGeGeGeGeGeSiSiGeGeGeSiGeGeSiGeGeSiGeGeGeGeGe
    35683.1679687500 GeSiGeGeGeSiGeGeSiSiGeSiGeGeGeGeGeGeGeGeGeGeSiGeSiGeGeGeSiGeSiSiGeSiGeGeGeSiGeGeGeGeGeSiSiGeGeGeSiGeGeSiGeGeSiGeGeGeGeGe
    35683.1679687500 GeSiGeGeGeSiGeGeSiSiGeSiGeGeGeGeGeGeGeGeGeGeSiGeSiGeGeGeSiGeSiSiGeSiGeGeGeSiGeGeGeGeGeSiSiGeGeGeSiGeGeSiGeGeSiGeGeGeGeGe
    35683.1679687500 GeSiGeGeGeSiGeGeSiSiGeSiGeGeGeGeGeGeGeGeGeGeSiGeSiGeGeGeSiGeSiSiGeSiGeGeGeSiGeGeGeGeGeSiSiGeGeGeSiGeGeSiGeGeSiGeGeGeGeGe
    35683.1679687500 GeSiGeGeGeSiGeGeSiSiGeSiGeGeGeGeGeGeGeGeGeGeSiGeSiGeGeGeSiGeSiSiGeSiGeGeGeSiGeGeGeGeGeSiSiGeGeGeSiGeGeSiGeGeSiGeGeGeGeGe
    35683.1679687500 GeSiGeGeGeSiGeGeSiSiGeSiGeGeGeGeGeGeGeGeGeGeSiGeSiGeGeGeSiGeSiSiGeSiGeGeGeSiGeGeGeGeGeSiSiGeGeGeSiGeGeSiGeGeSiGeGeGeGeGe
    35683.1679687500 GeSiGeGeGeSiGeGeSiSiGeSiGeGeGeGeGeGeGeGeGeGeSiGeSiGeGeGeSiGeSiSiGeSiGeGeGeSiGeGeGeGeGeSiSiGeGeGeSiGeGeSiGeGeSiGeGeGeGeGe
    35683.1679687500 GeSiGeGeGeSiGeGeSiSiGeSiGeGeGeGeGeGeGeGeGeGeSiGeSiGeGeGeSiGeSiSiGeSiGeGeGeSiGeGeGeGeGeSiSiGeGeGeSiGeGeSiGeGeSiGeGeGeGeGe
    35683.1679687500 GeSiGeGeGeSiGeGeSiSiGeSiGeGeGeGeGeGeGeGeGeGeSiGeSiGeGeGeSiGeSiSiGeSiGeGeGeSiGeGeGeGeGeSiSiGeGeGeSiGeGeSiGeGeSiGeGeGeGeGe
    35683.1679687500 GeSiGeGeGeSiGeGeSiSiGeSiGeGeGeGeGeGeGeGeGeGeSiGeSiGeGeGeSiGeSiSiGeSiGeGeGeSiGeGeGeGeGeSiSiGeGeGeSiGeGeSiGeGeSiGeGeGeGeGe
    35683.1679687500 GeSiGeGeGeSiGeGeSiSiGeSiGeGeGeGeGeGeGeGeGeGeSiGeSiGeGeGeSiGeSiSiGeSiGeGeGeSiGeGeGeGeGeSiSiGeGeGeSiGeGeSiGeGeSiGeGeGeGeGe
    35683.1679687500 GeSiGeGeGeSiGeGeSiSiGeSiGeGeGeGeGeGeGeGeGeGeSiGeSiGeGeGeSiGeSiSiGeSiGeGeGeSiGeGeGeGeGeSiSiGeGeGeSiGeGeSiGeGeSiGeGeGeGeGe
    35683.1679687500 GeSiGeGeGeSiGeGeSiSiGeSiGeGeGeGeGeGeGeGeGeGeSiGeSiGeGeGeSiGeSiSiGeSiGeGeGeSiGeGeGeGeGeSiSiGeGeGeSiGeGeSiGeGeSiGeGeGeGeGe
    35683.1679687500 GeSiGeGeGeSiGeGeSiSiGeSiGeGeGeGeGeGeGeGeGeGeSiGeSiGeGeGeSiGeSiSiGeSiGeGeGeSiGeGeGeGeGeSiSiGeGeGeSiGeGeSiGeGeSiGeGeGeGeGe
    35683.1679687500 GeSiGeGeGeSiGeGeSiSiGeSiGeGeGeGeGeGeGeGeGeGeSiGeSiGeGeGeSiGeSiSiGeSiGeGeGeSiGeGeGeGeGeSiSiGeGeGeSiGeGeSiGeGeSiGeGeGeGeGe
    35683.1679687500 GeSiGeGeGeSiGeGeSiSiGeSiGeGeGeGeGeGeGeGeGeGeSiGeSiGeGeGeSiGeSiSiGeSiGeGeGeSiGeGeGeGeGeSiSiGeGeGeSiGeGeSiGeGeSiGeGeGeGeGe
    35683.1679687500 GeSiGeGeGeSiGeGeSiSiGeSiGeGeGeGeGeGeGeGeGeGeSiGeSiGeGeGeSiGeSiSiGeSiGeGeGeSiGeGeGeGeGeSiSiGeGeGeSiGeGeSiGeGeSiGeGeGeGeGe
    35683.1679687500 GeSiGeGeGeSiGeGeSiSiGeSiGeGeGeGeGeGeGeGeGeGeSiGeSiGeGeGeSiGeSiSiGeSiGeGeGeSiGeGeGeGeGeSiSiGeGeGeSiGeGeSiGeGeSiGeGeGeGeGe
    35683.1679687500 GeSiGeGeGeSiGeGeSiSiGeSiGeGeGeGeGeGeGeGeGeGeSiGeSiGeGeGeSiGeSiSiGeSiGeGeGeSiGeGeGeGeGeSiSiGeGeGeSiGeGeSiGeGeSiGeGeGeGeGe
    35683.1679687500 GeSiGeGeGeSiGeGeSiSiGeSiGeGeGeGeGeGeGeGeGeGeSiGeSiGeGeGeSiGeSiSiGeSiGeGeGeSiGeGeGeGeGeSiSiGeGeGeSiGeGeSiGeGeSiGeGeGeGeGe
    35683.1679687500 GeSiGeGeGeSiGeGeSiSiGeSiGeGeGeGeGeGeGeGeGeGeSiGeSiGeGeGeSiGeSiSiGeSiGeGeGeSiGeGeGeGeGeSiSiGeGeGeSiGeGeSiGeGeSiGeGeGeGeGe
    35683.1679687500 GeSiGeGeGeSiGeGeSiSiGeSiGeGeGeGeGeGeGeGeGeGeSiGeSiGeGeGeSiGeSiSiGeSiGeGeGeSiGeGeGeGeGeSiSiGeGeGeSiGeGeSiGeGeSiGeGeGeGeGe
    35683.1679687500 GeSiGeGeGeSiGeGeSiSiGeSiGeGeGeGeGeGeGeGeGeGeSiGeSiGeGeGeSiGeSiSiGeSiGeGeGeSiGeGeGeGeGeSiSiGeGeGeSiGeGeSiGeGeSiGeGeGeGeGe
    35683.1679687500 GeSiGeGeGeSiGeGeSiSiGeSiGeGeGeGeGeGeGeGeGeGeSiGeSiGeGeGeSiGeSiSiGeSiGeGeGeSiGeGeGeGeGeSiSiGeGeGeSiGeGeSiGeGeSiGeGeGeGeGe
    35683.1679687500 GeSiGeGeGeSiGeGeSiSiGeSiGeGeGeGeGeGeGeGeGeGeSiGeSiGeGeGeSiGeSiSiGeSiGeGeGeSiGeGeGeGeGeSiSiGeGeGeSiGeGeSiGeGeSiGeGeGeGeGe
    35683.1679687500 GeSiGeGeGeSiGeGeSiSiGeSiGeGeGeGeGeGeGeGeGeGeSiGeSiGeGeGeSiGeSiSiGeSiGeGeGeSiGeGeGeGeGeSiSiGeGeGeSiGeGeSiGeGeSiGeGeGeGeGe
    35683.1679687500 GeSiGeGeGeSiGeGeSiSiGeSiGeGeGeGeGeGeGeGeGeGeSiGeSiGeGeGeSiGeSiSiGeSiGeGeGeSiGeGeGeGeGeSiSiGeGeGeSiGeGeSiGeGeSiGeGeGeGeGe
    35683.1679687500 GeSiGeGeGeSiGeGeSiSiGeSiGeGeGeGeGeGeGeGeGeGeSiGeSiGeGeGeSiGeSiSiGeSiGeGeGeSiGeGeGeGeGeSiSiGeGeGeSiGeGeSiGeGeSiGeGeGeGeGe
    35683.1679687500 GeSiGeGeGeSiGeGeSiSiGeSiGeGeGeGeGeGeGeGeGeGeSiGeSiGeGeGeSiGeSiSiGeSiGeGeGeSiGeGeGeGeGeSiSiGeGeGeSiGeGeSiGeGeSiGeGeGeGeGe
    35683.1679687500 GeSiGeGeGeSiGeGeSiSiGeSiGeGeGeGeGeGeGeGeGeGeSiGeSiGeGeGeSiGeSiSiGeSiGeGeGeSiGeGeGeGeGeSiSiGeGeGeSiGeGeSiGeGeSiGeGeGeGeGe
    35683.1679687500 GeSiGeGeGeSiGeGeSiSiGeSiGeGeGeGeGeGeGeGeGeGeSiGeSiGeGeGeSiGeSiSiGeSiGeGeGeSiGeGeGeGeGeSiSiGeGeGeSiGeGeSiGeGeSiGeGeGeGeGe
    35683.1679687500 GeSiGeGeGeSiGeGeSiSiGeSiGeGeGeGeGeGeGeGeGeGeSiGeSiGeGeGeSiGeSiSiGeSiGeGeGeSiGeGeGeGeGeSiSiGeGeGeSiGeGeSiGeGeSiGeGeGeGeGe
    35683.1679687500 GeSiGeGeGeSiGeGeSiSiGeSiGeGeGeGeGeGeGeGeGeGeSiGeSiGeGeGeSiGeSiSiGeSiGeGeGeSiGeGeGeGeGeSiSiGeGeGeSiGeGeSiGeGeSiGeGeGeGeGe
    35683.1679687500 GeSiGeGeGeSiGeGeSiSiGeSiGeGeGeGeGeGeGeGeGeGeSiGeSiGeGeGeSiGeSiSiGeSiGeGeGeSiGeGeGeGeGeSiSiGeGeGeSiGeGeSiGeGeSiGeGeGeGeGe
    35683.1679687500 GeSiGeGeGeSiGeGeSiSiGeSiGeGeGeGeGeGeGeGeGeGeSiGeSiGeGeGeSiGeSiSiGeSiGeGeGeSiGeGeGeGeGeSiSiGeGeGeSiGeGeSiGeGeSiGeGeGeGeGe
    35683.1679687500 GeSiGeGeGeSiGeGeSiSiGeSiGeGeGeGeGeGeGeGeGeGeSiGeSiGeGeGeSiGeSiSiGeSiGeGeGeSiGeGeGeGeGeSiSiGeGeGeSiGeGeSiGeGeSiGeGeGeGeGe
    35683.1679687500 GeSiGeGeGeSiGeGeSiSiGeSiGeGeGeGeGeGeGeGeGeGeSiGeSiGeGeGeSiGeSiSiGeSiGeGeGeSiGeGeGeGeGeSiSiGeGeGeSiGeGeSiGeGeSiGeGeGeGeGe
    35683.1679687500 GeSiGeGeGeSiGeGeSiSiGeSiGeGeGeGeGeGeGeGeGeGeSiGeSiGeGeGeSiGeSiSiGeSiGeGeGeSiGeGeGeGeGeSiSiGeGeGeSiGeGeSiGeGeSiGeGeGeGeGe
    35683.1679687500 GeSiGeGeGeSiGeGeSiSiGeSiGeGeGeGeGeGeGeGeGeGeSiGeSiGeGeGeSiGeSiSiGeSiGeGeGeSiGeGeGeGeGeSiSiGeGeGeSiGeGeSiGeGeSiGeGeGeGeGe
    35683.1679687500 GeSiGeGeGeSiGeGeSiSiGeSiGeGeGeGeGeGeGeGeGeGeSiGeSiGeGeGeSiGeSiSiGeSiGeGeGeSiGeGeGeGeGeSiSiGeGeGeSiGeGeSiGeGeSiGeGeGeGeGe
    35683.1679687500 GeSiGeGeGeSiGeGeSiSiGeSiGeGeGeGeGeGeGeGeGeGeSiGeSiGeGeGeSiGeSiSiGeSiGeGeGeSiGeGeGeGeGeSiSiGeGeGeSiGeGeSiGeGeSiGeGeGeGeGe
    35683.1679687500 GeSiGeGeGeSiGeGeSiSiGeSiGeGeGeGeGeGeGeGeGeGeSiGeSiGeGeGeSiGeSiSiGeSiGeGeGeSiGeGeGeGeGeSiSiGeGeGeSiGeGeSiGeGeSiGeGeGeGeGe
    35683.1679687500 GeSiGeGeGeSiGeGeSiSiGeSiGeGeGeGeGeGeGeGeGeGeSiGeSiGeGeGeSiGeSiSiGeSiGeGeGeSiGeGeGeGeGeSiSiGeGeGeSiGeGeSiGeGeSiGeGeGeGeGe
    35683.1679687500 GeSiGeGeGeSiGeGeSiSiGeSiGeGeGeGeGeGeGeGeGeGeSiGeSiGeGeGeSiGeSiSiGeSiGeGeGeSiGeGeGeGeGeSiSiGeGeGeSiGeGeSiGeGeSiGeGeGeGeGe
    35683.1679687500 GeSiGeGeGeSiGeGeSiSiGeSiGeGeGeGeGeGeGeGeGeGeSiGeSiGeGeGeSiGeSiSiGeSiGeGeGeSiGeGeGeGeGeSiSiGeGeGeSiGeGeSiGeGeSiGeGeGeGeGe
    35683.1679687500 GeSiGeGeGeSiGeGeSiSiGeSiGeGeGeGeGeGeGeGeGeGeSiGeSiGeGeGeSiGeSiSiGeSiGeGeGeSiGeGeGeGeGeSiSiGeGeGeSiGeGeSiGeGeSiGeGeGeGeGe
    35683.1679687500 GeSiGeGeGeSiGeGeSiSiGeSiGeGeGeGeGeGeGeGeGeGeSiGeSiGeGeGeSiGeSiSiGeSiGeGeGeSiGeGeGeGeGeSiSiGeGeGeSiGeGeSiGeGeSiGeGeGeGeGe
    35683.1679687500 GeSiGeGeGeSiGeGeSiSiGeSiGeGeGeGeGeGeGeGeGeGeSiGeSiGeGeGeSiGeSiSiGeSiGeGeGeSiGeGeGeGeGeSiSiGeGeGeSiGeGeSiGeGeSiGeGeGeGeGe
    35683.1679687500 GeSiGeGeGeSiGeGeSiSiGeSiGeGeGeGeGeGeGeGeGeGeSiGeSiGeGeGeSiGeSiSiGeSiGeGeGeSiGeGeGeGeGeSiSiGeGeGeSiGeGeSiGeGeSiGeGeGeGeGe
    35683.1679687500 GeSiGeGeGeSiGeGeSiSiGeSiGeGeGeGeGeGeGeGeGeGeSiGeSiGeGeGeSiGeSiSiGeSiGeGeGeSiGeGeGeGeGeSiSiGeGeGeSiGeGeSiGeGeSiGeGeGeGeGe
    35683.1679687500 GeSiGeGeGeSiGeGeSiSiGeSiGeGeGeGeGeGeGeGeGeGeSiGeSiGeGeGeSiGeSiSiGeSiGeGeGeSiGeGeGeGeGeSiSiGeGeGeSiGeGeSiGeGeSiGeGeGeGeGe
    35683.1679687500 GeSiGeGeGeSiGeGeSiSiGeSiGeGeGeGeGeGeGeGeGeGeSiGeSiGeGeGeSiGeSiSiGeSiGeGeGeSiGeGeGeGeGeSiSiGeGeGeSiGeGeSiGeGeSiGeGeGeGeGe
    35683.1679687500 GeSiGeGeGeSiGeGeSiSiGeSiGeGeGeGeGeGeGeGeGeGeSiGeSiGeGeGeSiGeSiSiGeSiGeGeGeSiGeGeGeGeGeSiSiGeGeGeSiGeGeSiGeGeSiGeGeGeGeGe
    35683.1679687500 GeSiGeGeGeSiGeGeSiSiGeSiGeGeGeGeGeGeGeGeGeGeSiGeSiGeGeGeSiGeSiSiGeSiGeGeGeSiGeGeGeGeGeSiSiGeGeGeSiGeGeSiGeGeSiGeGeGeGeGe
    35683.1679687500 GeSiGeGeGeSiGeGeSiSiGeSiGeGeGeGeGeGeGeGeGeGeSiGeSiGeGeGeSiGeSiSiGeSiGeGeGeSiGeGeGeGeGeSiSiGeGeGeSiGeGeSiGeGeSiGeGeGeGeGe
    35683.1679687500 GeSiGeGeGeSiGeGeSiSiGeSiGeGeGeGeGeGeGeGeGeGeSiGeSiGeGeGeSiGeSiSiGeSiGeGeGeSiGeGeGeGeGeSiSiGeGeGeSiGeGeSiGeGeSiGeGeGeGeGe
    35683.1679687500 GeSiGeGeGeSiGeGeSiSiGeSiGeGeGeGeGeGeGeGeGeGeSiGeSiGeGeGeSiGeSiSiGeSiGeGeGeSiGeGeGeGeGeSiSiGeGeGeSiGeGeSiGeGeSiGeGeGeGeGe
    35683.1679687500 GeSiGeGeGeSiGeGeSiSiGeSiGeGeGeGeGeGeGeGeGeGeSiGeSiGeGeGeSiGeSiSiGeSiGeGeGeSiGeGeGeGeGeSiSiGeGeGeSiGeGeSiGeGeSiGeGeGeGeGe
    35683.1679687500 GeSiGeGeGeSiGeGeSiSiGeSiGeGeGeGeGeGeGeGeGeGeSiGeSiGeGeGeSiGeSiSiGeSiGeGeGeSiGeGeGeGeGeSiSiGeGeGeSiGeGeSiGeGeSiGeGeGeGeGe
    35683.1679687500 GeSiGeGeGeSiGeGeSiSiGeSiGeGeGeGeGeGeGeGeGeGeSiGeSiGeGeGeSiGeSiSiGeSiGeGeGeSiGeGeGeGeGeSiSiGeGeGeSiGeGeSiGeGeSiGeGeGeGeGe
    35683.1679687500 GeSiGeGeGeSiGeGeSiSiGeSiGeGeGeGeGeGeGeGeGeGeSiGeSiGeGeGeSiGeSiSiGeSiGeGeGeSiGeGeGeGeGeSiSiGeGeGeSiGeGeSiGeGeSiGeGeGeGeGe
    35683.1679687500 GeSiGeGeGeSiGeGeSiSiGeSiGeGeGeGeGeGeGeGeGeGeSiGeSiGeGeGeSiGeSiSiGeSiGeGeGeSiGeGeGeGeGeSiSiGeGeGeSiGeGeSiGeGeSiGeGeGeGeGe
    35683.1679687500 GeSiGeGeGeSiGeGeSiSiGeSiGeGeGeGeGeGeGeGeGeGeSiGeSiGeGeGeSiGeSiSiGeSiGeGeGeSiGeGeGeGeGeSiSiGeGeGeSiGeGeSiGeGeSiGeGeGeGeGe
    35683.1679687500 GeSiGeGeGeSiGeGeSiSiGeSiGeGeGeGeGeGeGeGeGeGeSiGeSiGeGeGeSiGeSiSiGeSiGeGeGeSiGeGeGeGeGeSiSiGeGeGeSiGeGeSiGeGeSiGeGeGeGeGe
    35683.1679687500 GeSiGeGeGeSiGeGeSiSiGeSiGeGeGeGeGeGeGeGeGeGeSiGeSiGeGeGeSiGeSiSiGeSiGeGeGeSiGeGeGeGeGeSiSiGeGeGeSiGeGeSiGeGeSiGeGeGeGeGe
    35683.1679687500 GeSiGeGeGeSiGeGeSiSiGeSiGeGeGeGeGeGeGeGeGeGeSiGeSiGeGeGeSiGeSiSiGeSiGeGeGeSiGeGeGeGeGeSiSiGeGeGeSiGeGeSiGeGeSiGeGeGeGeGe
    35683.1679687500 GeSiGeGeGeSiGeGeSiSiGeSiGeGeGeGeGeGeGeGeGeGeSiGeSiGeGeGeSiGeSiSiGeSiGeGeGeSiGeGeGeGeGeSiSiGeGeGeSiGeGeSiGeGeSiGeGeGeGeGe
    35683.1679687500 GeSiGeGeGeSiGeGeSiSiGeSiGeGeGeGeGeGeGeGeGeGeSiGeSiGeGeGeSiGeSiSiGeSiGeGeGeSiGeGeGeGeGeSiSiGeGeGeSiGeGeSiGeGeSiGeGeGeGeGe
    35683.1679687500 GeSiGeGeGeSiGeGeSiSiGeSiGeGeGeGeGeGeGeGeGeGeSiGeSiGeGeGeSiGeSiSiGeSiGeGeGeSiGeGeGeGeGeSiSiGeGeGeSiGeGeSiGeGeSiGeGeGeGeGe
    35683.1679687500 GeSiGeGeGeSiGeGeSiSiGeSiGeGeGeGeGeGeGeGeGeGeSiGeSiGeGeGeSiGeSiSiGeSiGeGeGeSiGeGeGeGeGeSiSiGeGeGeSiGeGeSiGeGeSiGeGeGeGeGe
    35683.1679687500 GeSiGeGeGeSiGeGeSiSiGeSiGeGeGeGeGeGeGeGeGeGeSiGeSiGeGeGeSiGeSiSiGeSiGeGeGeSiGeGeGeGeGeSiSiGeGeGeSiGeGeSiGeGeSiGeGeGeGeGe
    35683.1679687500 GeSiGeGeGeSiGeGeSiSiGeSiGeGeGeGeGeGeGeGeGeGeSiGeSiGeGeGeSiGeSiSiGeSiGeGeGeSiGeGeGeGeGeSiSiGeGeGeSiGeGeSiGeGeSiGeGeGeGeGe
    35683.1679687500 GeSiGeGeGeSiGeGeSiSiGeSiGeGeGeGeGeGeGeGeGeGeSiGeSiGeGeGeSiGeSiSiGeSiGeGeGeSiGeGeGeGeGeSiSiGeGeGeSiGeGeSiGeGeSiGeGeGeGeGe
    35683.1679687500 GeSiGeGeGeSiGeGeSiSiGeSiGeGeGeGeGeGeGeGeGeGeSiGeSiGeGeGeSiGeSiSiGeSiGeGeGeSiGeGeGeGeGeSiSiGeGeGeSiGeGeSiGeGeSiGeGeGeGeGe
    35683.1679687500 GeSiGeGeGeSiGeGeSiSiGeSiGeGeGeGeGeGeGeGeGeGeSiGeSiGeGeGeSiGeSiSiGeSiGeGeGeSiGeGeGeGeGeSiSiGeGeGeSiGeGeSiGeGeSiGeGeGeGeGe
    35683.1679687500 GeSiGeGeGeSiGeGeSiSiGeSiGeGeGeGeGeGeGeGeGeGeSiGeSiGeGeGeSiGeSiSiGeSiGeGeGeSiGeGeGeGeGeSiSiGeGeGeSiGeGeSiGeGeSiGeGeGeGeGe
    35683.1679687500 GeSiGeGeGeSiGeGeSiSiGeSiGeGeGeGeGeGeGeGeGeGeSiGeSiGeGeGeSiGeSiSiGeSiGeGeGeSiGeGeGeGeGeSiSiGeGeGeSiGeGeSiGeGeSiGeGeGeGeGe
    35683.1679687500 GeSiGeGeGeSiGeGeSiSiGeSiGeGeGeGeGeGeGeGeGeGeSiGeSiGeGeGeSiGeSiSiGeSiGeGeGeSiGeGeGeGeGeSiSiGeGeGeSiGeGeSiGeGeSiGeGeGeGeGe
    35683.1679687500 GeSiGeGeGeSiGeGeSiSiGeSiGeGeGeGeGeGeGeGeGeGeSiGeSiGeGeGeSiGeSiSiGeSiGeGeGeSiGeGeGeGeGeSiSiGeGeGeSiGeGeSiGeGeSiGeGeGeGeGe
    35683.1679687500 GeSiGeGeGeSiGeGeSiSiGeSiGeGeGeGeGeGeGeGeGeGeSiGeSiGeGeGeSiGeSiSiGeSiGeGeGeSiGeGeGeGeGeSiSiGeGeGeSiGeGeSiGeGeSiGeGeGeGeGe
    35683.1679687500 GeSiGeGeGeSiGeGeSiSiGeSiGeGeGeGeGeGeGeGeGeGeSiGeSiGeGeGeSiGeSiSiGeSiGeGeGeSiGeGeGeGeGeSiSiGeGeGeSiGeGeSiGeGeSiGeGeGeGeGe
    35683.1679687500 GeSiGeGeGeSiGeGeSiSiGeSiGeGeGeGeGeGeGeGeGeGeSiGeSiGeGeGeSiGeSiSiGeSiGeGeGeSiGeGeGeGeGeSiSiGeGeGeSiGeGeSiGeGeSiGeGeGeGeGe
    35683.1679687500 GeSiGeGeGeSiGeGeSiSiGeSiGeGeGeGeGeGeGeGeGeGeSiGeSiGeGeGeSiGeSiSiGeSiGeGeGeSiGeGeGeGeGeSiSiGeGeGeSiGeGeSiGeGeSiGeGeGeGeGe
    35683.1679687500 GeSiGeGeGeSiGeGeSiSiGeSiGeGeGeGeGeGeGeGeGeGeSiGeSiGeGeGeSiGeSiSiGeSiGeGeGeSiGeGeGeGeGeSiSiGeGeGeSiGeGeSiGeGeSiGeGeGeGeGe
    35683.1679687500 GeSiGeGeGeSiGeGeSiSiGeSiGeGeGeGeGeGeGeGeGeGeSiGeSiGeGeGeSiGeSiSiGeSiGeGeGeSiGeGeGeGeGeSiSiGeGeGeSiGeGeSiGeGeSiGeGeGeGeGe
    35683.1679687500 GeSiGeGeGeSiGeGeSiSiGeSiGeGeGeGeGeGeGeGeGeGeSiGeSiGeGeGeSiGeSiSiGeSiGeGeGeSiGeGeGeGeGeSiSiGeGeGeSiGeGeSiGeGeSiGeGeGeGeGe
    35683.1679687500 GeSiGeGeGeSiGeGeSiSiGeSiGeGeGeGeGeGeGeGeGeGeSiGeSiGeGeGeSiGeSiSiGeSiGeGeGeSiGeGeGeGeGeSiSiGeGeGeSiGeGeSiGeGeSiGeGeGeGeGe
    35683.1679687500 GeSiGeGeGeSiGeGeSiSiGeSiGeGeGeGeGeGeGeGeGeGeSiGeSiGeGeGeSiGeSiSiGeSiGeGeGeSiGeGeGeGeGeSiSiGeGeGeSiGeGeSiGeGeSiGeGeGeGeGe
    35683.1679687500 GeSiGeGeGeSiGeGeSiSiGeSiGeGeGeGeGeGeGeGeGeGeSiGeSiGeGeGeSiGeSiSiGeSiGeGeGeSiGeGeGeGeGeSiSiGeGeGeSiGeGeSiGeGeSiGeGeGeGeGe
    35683.1679687500 GeSiGeGeGeSiGeGeSiSiGeSiGeGeGeGeGeGeGeGeGeGeSiGeSiGeGeGeSiGeSiSiGeSiGeGeGeSiGeGeGeGeGeSiSiGeGeGeSiGeGeSiGeGeSiGeGeGeGeGe
    35683.1679687500 GeSiGeGeGeSiGeGeSiSiGeSiGeGeGeGeGeGeGeGeGeGeSiGeSiGeGeGeSiGeSiSiGeSiGeGeGeSiGeGeGeGeGeSiSiGeGeGeSiGeGeSiGeGeSiGeGeGeGeGe
    35683.1679687500 GeSiGeGeGeSiGeGeSiSiGeSiGeGeGeGeGeGeGeGeGeGeSiGeSiGeGeGeSiGeSiSiGeSiGeGeGeSiGeGeGeGeGeSiSiGeGeGeSiGeGeSiGeGeSiGeGeGeGeGe
    35683.1679687500 GeSiGeGeGeSiGeGeSiSiGeSiGeGeGeGeGeGeGeGeGeGeSiGeSiGeGeGeSiGeSiSiGeSiGeGeGeSiGeGeGeGeGeSiSiGeGeGeSiGeGeSiGeGeSiGeGeGeGeGe
    35683.1679687500 GeSiGeGeGeSiGeGeSiSiGeSiGeGeGeGeGeGeGeGeGeGeSiGeSiGeGeGeSiGeSiSiGeSiGeGeGeSiGeGeGeGeGeSiSiGeGeGeSiGeGeSiGeGeSiGeGeGeGeGe
filename: c000000968946356.gin     
Cell:
    11.9020996    11.9020996    29.6919994    90.0000000    90.0000000   120.0000000
Box:
    11.9020996    -5.9510503     0.0000000
     0.0000000    10.3075209     0.0000000
     0.0000000     0.0000000    29.6919994
----------------------------------------
Inverse Box:
     0.0840188     0.0485083     0.0000000
     0.0000000     0.0970165     0.0000000
     0.0000000     0.0000000     0.0336791
----------------------------------------
==============================================
geometrical properties of  43 Ge:
 Configuration:           0
 D_ave:   9.11968803       3.54541087    
 D_min:   3.02575684       3.47469673E-02
 energia:   35683.1680    
