Random Seed:  1064550385
Number of atoms:    60
Space Group:    1
Cell:
    11.9020996    11.9020996    29.6919994    90.0000000    90.0000000   120.0000000
Box:
    11.9020996    -5.9510503     0.0000000
     0.0000000    10.3075209     0.0000000
     0.0000000     0.0000000    29.6919994
----------------------------------------
Inverse Box:
     0.0840188     0.0485083     0.0000000
     0.0000000     0.0970165     0.0000000
     0.0000000     0.0000000     0.0336791
----------------------------------------
GeSiSiSiSiSiSiSiSiSiSiSiSiSiSiSiSiSiSiSiSiSiSiSiSiSiSiSiSiSiSiSiSiSiSiSiSiSiSiSiSiSiSiGeSiSiSiSiSiSiSiSiSiSiSiSiSiSiSiSi
           1 Ge    -7733.51562    
GeGeSiSiSiSiSiSiSiSiSiSiSiSiSiSiSiSiSiSiSiSiSiSiSiSiSiSiSiSiSiSiSiSiSiSiSiSiSiSiSiSiSiGeSiSiSiSiSiSiSiSiSiSiSiSiSiSiSiSi
           2 Ge    -7726.89795    
GeGeGeSiSiSiSiSiSiSiSiSiSiSiSiSiSiSiSiSiSiSiSiSiSiSiSiSiSiSiSiSiSiSiSiSiSiSiSiSiSiSiSiGeSiSiSiSiSiSiSiSiSiSiSiSiSiSiSiSi
           3 Ge    -7721.91162    
GeGeGeGeSiSiSiSiSiSiSiSiSiSiSiSiSiSiSiSiSiSiSiSiSiSiSiSiSiSiSiSiSiSiSiSiSiSiSiSiSiSiSiGeSiSiSiSiSiSiSiSiSiSiSiSiSiSiSiSi
           4 Ge    -7745.87793    
GeGeGeGeGeSiSiSiSiSiSiSiSiSiSiSiSiSiSiSiSiSiSiSiSiSiSiSiSiSiSiSiSiSiSiSiSiSiSiSiSiSiSiGeSiSiSiSiSiSiSiSiSiSiSiSiSiSiSiSi
           5 Ge    -7787.98438    
GeGeGeGeGeGeSiSiSiSiSiSiSiSiSiSiSiSiSiSiSiSiSiSiSiSiSiSiSiSiSiSiSiSiSiSiSiSiSiSiSiSiSiGeSiSiSiSiSiSiSiSiSiSiSiSiSiSiSiSi
           6 Ge    -7855.25977    
GeGeGeGeGeGeGeSiSiSiSiSiSiSiSiSiSiSiSiSiSiSiSiSiSiSiSiSiSiSiSiSiSiSiSiSiSiSiSiSiSiSiSiGeSiSiSiSiSiSiSiSiSiSiSiSiSiSiSiSi
           7 Ge    -8021.39453    
GeGeGeGeGeGeGeGeSiSiSiSiSiSiSiSiSiSiSiSiSiSiSiSiSiSiSiSiSiSiSiSiSiSiSiSiSiSiSiSiSiSiSiGeSiSiSiSiSiSiSiSiSiSiSiSiSiSiSiSi
           8 Ge    -8222.43750    
GeGeGeGeGeGeGeGeSiSiSiGeSiSiSiSiSiSiSiSiSiSiSiSiSiSiSiSiSiSiSiSiSiSiSiSiSiSiSiSiSiSiSiGeSiSiSiSiSiSiSiSiSiSiSiSiSiSiSiSi
          12 Ge    -8282.65234    
GeGeGeGeGeGeGeGeSiSiSiGeSiGeSiSiSiSiSiSiSiSiSiSiSiSiSiSiSiSiSiSiSiSiSiSiSiSiSiSiSiSiSiGeSiSiSiSiSiSiSiSiSiSiSiSiSiSiSiSi
          14 Ge    -8479.10840    
GeGeGeGeGeGeGeGeSiSiSiGeSiGeSiGeSiSiSiSiSiSiSiSiSiSiSiSiSiSiSiSiSiSiSiSiSiSiSiSiSiSiSiGeSiSiSiSiSiSiSiSiSiSiSiSiSiSiSiSi
          16 Ge    -8920.61035    
GeGeGeGeGeGeGeGeSiSiSiGeSiGeSiGeSiSiSiSiSiSiSiSiSiGeSiSiSiSiSiSiSiSiSiSiSiSiSiSiSiSiSiGeSiSiSiSiSiSiSiSiSiSiSiSiSiSiSiSi
          26 Ge    -8594.35742    
GeGeGeGeGeGeGeGeSiSiSiGeSiGeSiGeSiSiSiSiSiSiSiSiSiGeSiSiSiSiSiSiGeSiSiSiSiSiSiSiSiSiSiGeSiSiSiSiSiSiSiSiSiSiSiSiSiSiSiSi
          33 Ge    -9149.48047    
GeGeGeGeGeGeGeGeSiSiSiGeSiGeSiGeSiSiSiSiSiSiSiSiSiGeSiSiSiSiSiSiGeSiSiGeSiSiSiSiSiSiSiGeSiSiSiSiSiSiSiSiSiSiSiSiSiSiSiSi
          36 Ge    -7895.82471    
GeGeGeGeGeGeGeGeSiSiSiGeSiGeSiGeSiSiSiSiSiSiSiSiSiGeSiSiSiSiSiSiGeSiSiGeSiSiGeSiSiSiSiGeSiSiSiSiSiSiSiSiSiSiSiSiSiSiSiSi
          39 Ge    -8567.51758    
GeGeGeGeGeGeGeGeSiSiSiGeSiGeSiGeSiSiSiSiSiSiSiSiSiGeSiSiSiSiSiSiGeSiSiGeSiSiGeGeSiSiSiGeSiSiSiSiSiSiSiSiSiSiSiSiSiSiSiSi
          40 Ge    -8695.75977    
GeGeGeGeGeGeGeGeSiSiSiGeSiGeSiGeSiSiSiSiSiSiSiSiSiGeSiSiSiSiSiSiGeSiSiGeSiSiGeGeGeSiSiGeSiSiSiSiSiSiSiSiSiSiSiSiSiSiSiSi
          41 Ge    -9476.97852    
GeGeGeGeGeGeGeGeSiSiSiGeSiGeSiGeSiSiSiSiSiSiSiSiSiGeSiSiSiSiSiSiGeSiSiGeSiSiGeGeGeGeSiGeSiSiSiSiSiSiSiSiSiSiSiSiSiSiSiSi
          42 Ge    -9108.53711    
GeGeGeGeGeGeGeGeSiSiSiGeSiGeSiGeSiSiSiSiSiSiSiSiSiGeSiSiSiSiSiSiGeSiSiGeSiSiGeGeGeGeSiGeGeSiSiSiSiSiSiSiSiSiSiSiSiSiSiSi
          45 Ge    -9625.43359    
GeGeGeGeGeGeGeGeSiSiSiGeSiGeSiGeSiSiSiSiSiSiSiSiSiGeSiSiSiSiSiSiGeSiSiGeSiSiGeGeGeGeSiGeGeGeSiSiSiSiSiSiSiSiSiSiSiSiSiSi
          46 Ge    -9931.08008    
GeGeGeGeGeGeGeGeSiSiSiGeSiGeSiGeSiSiSiSiSiSiSiSiSiGeSiSiSiSiSiSiGeSiSiGeSiSiGeGeGeGeSiGeGeGeSiSiSiSiSiSiSiSiSiSiGeSiSiSi
          57 Ge    -11169.2246    
GeGeGeGeGeGeGeGeSiGeSiGeSiGeSiGeSiSiSiSiSiSiSiSiSiGeSiSiSiSiSiSiGeSiSiGeSiSiGeGeGeGeSiGeGeGeSiSiSiSiSiSiSiSiSiSiGeSiSiSi
          10 Ge    -9094.96094    
GeGeGeGeGeGeGeGeSiGeGeGeSiGeSiGeSiSiSiSiSiSiSiSiSiGeSiSiSiSiSiSiGeSiSiGeSiSiGeGeGeGeSiGeGeGeSiSiSiSiSiSiSiSiSiSiGeSiSiSi
          11 Ge    -8811.69727    
GeGeGeGeGeGeGeGeSiGeGeGeGeGeSiGeSiSiSiSiSiSiSiSiSiGeSiSiSiSiSiSiGeSiSiGeSiSiGeGeGeGeSiGeGeGeSiSiSiSiSiSiSiSiSiSiGeSiSiSi
          13 Ge    -7419.21484    
GeGeGeGeGeGeGeGeSiGeGeGeGeGeGeGeSiSiSiSiSiSiSiSiSiGeSiSiSiSiSiSiGeSiSiGeSiSiGeGeGeGeSiGeGeGeSiSiSiSiSiSiSiSiSiSiGeSiSiSi
          15 Ge    -5177.59766    
GeGeGeGeGeGeGeGeSiGeGeGeGeGeGeGeSiGeSiSiSiSiSiSiSiGeSiSiSiSiSiSiGeSiSiGeSiSiGeGeGeGeSiGeGeGeSiSiSiSiSiSiSiSiSiSiGeSiSiSi
          18 Ge    -2095.25195    
GeGeGeGeGeGeGeGeSiGeGeGeGeGeGeGeSiGeSiSiSiSiGeSiSiGeSiSiSiSiSiSiGeSiSiGeSiSiGeGeGeGeSiGeGeGeSiSiSiSiSiSiSiSiSiSiGeSiSiSi
          23 Ge     2308.55957    
GeGeGeGeGeGeGeGeSiGeGeGeGeGeGeGeSiGeSiSiSiSiGeGeSiGeSiSiSiSiSiSiGeSiSiGeSiSiGeGeGeGeSiGeGeGeSiSiSiSiSiSiSiSiSiSiGeSiSiSi
          24 Ge     9102.25000    
GeGeGeGeGeGeGeGeSiGeGeGeGeGeGeGeSiGeSiSiSiSiGeGeSiGeSiGeSiSiSiSiGeSiSiGeSiSiGeGeGeGeSiGeGeGeSiSiSiSiSiSiSiSiSiSiGeSiSiSi
          28 Ge     12347.0410    
GeGeGeGeGeGeGeGeSiGeGeGeGeGeGeGeSiGeSiSiSiSiGeGeSiGeSiGeSiGeSiSiGeSiSiGeSiSiGeGeGeGeSiGeGeGeSiSiSiSiSiSiSiSiSiSiGeSiSiSi
          30 Ge     15663.7051    
GeGeGeGeGeGeGeGeSiGeGeGeGeGeGeGeSiGeSiSiSiSiGeGeSiGeSiGeSiGeSiSiGeSiSiGeSiSiGeGeGeGeSiGeGeGeSiSiSiSiGeSiSiSiSiSiGeSiSiSi
          51 Ge     15743.6035    
GeGeGeGeGeGeGeGeSiGeGeGeGeGeGeGeSiGeSiSiSiSiGeGeSiGeSiGeSiGeSiSiGeSiSiGeSiSiGeGeGeGeSiGeGeGeSiSiSiSiGeSiSiSiSiSiGeGeSiSi
          58 Ge     19281.3652    
GeGeGeGeGeGeGeGeGeGeGeGeGeGeGeGeSiGeSiSiSiSiGeGeSiGeSiGeSiGeSiSiGeSiSiGeSiSiGeGeGeGeSiGeGeGeSiSiSiSiGeSiSiSiSiSiGeGeSiSi
           9 Ge     22980.3848    
GeGeGeGeGeGeGeGeGeGeGeGeGeGeGeGeGeGeSiSiSiSiGeGeSiGeSiGeSiGeSiSiGeSiSiGeSiSiGeGeGeGeSiGeGeGeSiSiSiSiGeSiSiSiSiSiGeGeSiSi
          17 Ge     32624.2285    
GeGeGeGeGeGeGeGeGeGeGeGeGeGeGeGeGeGeSiSiGeSiGeGeSiGeSiGeSiGeSiSiGeSiSiGeSiSiGeGeGeGeSiGeGeGeSiSiSiSiGeSiSiSiSiSiGeGeSiSi
          21 Ge     45327.3594    
GeGeGeGeGeGeGeGeGeGeGeGeGeGeGeGeGeGeSiSiGeGeGeGeSiGeSiGeSiGeSiSiGeSiSiGeSiSiGeGeGeGeSiGeGeGeSiSiSiSiGeSiSiSiSiSiGeGeSiSi
          22 Ge     57177.9453    
GeGeGeGeGeGeGeGeGeGeGeGeGeGeGeGeGeGeSiSiGeGeGeGeSiGeSiGeSiGeGeSiGeSiSiGeSiSiGeGeGeGeSiGeGeGeSiSiSiSiGeSiSiSiSiSiGeGeSiSi
          31 Ge     62180.6328    
GeGeGeGeGeGeGeGeGeGeGeGeGeGeGeGeGeGeSiSiGeGeGeGeSiGeSiGeSiGeGeGeGeSiSiGeSiSiGeGeGeGeSiGeGeGeSiSiSiSiGeSiSiSiSiSiGeGeSiSi
          32 Ge     67989.7109    
GeGeGeGeGeGeGeGeGeGeGeGeGeGeGeGeGeGeSiSiGeGeGeGeSiGeSiGeSiGeGeGeGeSiSiGeSiSiGeGeGeGeSiGeGeGeSiSiGeSiGeSiSiSiSiSiGeGeSiSi
          49 Ge     78703.6016    
GeGeGeGeGeGeGeGeGeGeGeGeGeGeGeGeGeGeSiSiGeGeGeGeSiGeSiGeSiGeGeGeGeSiSiGeSiSiGeGeGeGeSiGeGeGeSiSiGeGeGeSiSiSiSiSiGeGeSiSi
          50 Ge     81521.0703    
GeGeGeGeGeGeGeGeGeGeGeGeGeGeGeGeGeGeSiSiGeGeGeGeSiGeSiGeSiGeGeGeGeSiSiGeSiSiGeGeGeGeSiGeGeGeSiSiGeGeGeSiSiSiGeSiGeGeSiSi
          55 Ge     86031.4062    
GeGeGeGeGeGeGeGeGeGeGeGeGeGeGeGeGeGeSiSiGeGeGeGeGeGeSiGeSiGeGeGeGeSiSiGeSiSiGeGeGeGeSiGeGeGeSiSiGeGeGeSiSiSiGeSiGeGeSiSi
          25 Ge     95907.9531    
GeGeGeGeGeGeGeGeGeGeGeGeGeGeGeGeGeGeSiSiGeGeGeGeGeGeGeGeSiGeGeGeGeSiSiGeSiSiGeGeGeGeSiGeGeGeSiSiGeGeGeSiSiSiGeSiGeGeSiSi
          27 Ge     107081.875    
GeGeGeGeGeGeGeGeGeGeGeGeGeGeGeGeGeGeSiSiGeGeGeGeGeGeGeGeSiGeGeGeGeSiSiGeGeSiGeGeGeGeSiGeGeGeSiSiGeGeGeSiSiSiGeSiGeGeSiSi
          37 Ge     123502.047    
==============================================
MonteCarlo: Metropolis with identity changes
Si > Ge, Ge > Si. STOP when occurrence <    0.00000
==============================================
Cost_function     Occurrence %     Scan-Cost
    77938.9531250000 SiSiGeSiGeSiGeGeGeSiSiSiGeGeSiGeGeGeGeGeGeGeGeGeGeGeGeGeGeGeGeGeGeGeGeGeGeGeGeGeGeGeGeGeSiGeGeSiSiGeGeSiSiGeSiGeGeSiGeGe
    77938.9531250000 SiSiGeSiGeSiGeGeGeSiSiSiGeGeSiGeGeGeGeGeGeGeGeGeGeGeGeGeGeGeGeGeGeGeGeGeGeGeGeGeGeGeGeGeSiGeGeSiSiGeGeSiSiGeSiGeGeSiGeGe
    76292.1562500000 SiGeGeSiGeSiGeGeGeSiSiSiGeGeSiGeGeGeGeGeGeGeGeGeGeGeGeGeSiGeGeGeGeGeGeGeGeGeGeGeGeGeGeGeSiSiGeGeSiGeGeSiSiGeSiGeGeSiGeGe
    64681.2539062500 GeGeGeGeGeSiGeGeSiSiSiSiGeGeSiGeSiGeGeGeGeGeGeGeGeSiGeGeGeGeGeGeGeGeGeGeGeGeGeGeGeGeGeGeGeSiSiGeSiGeGeSiSiGeSiGeGeGeGeSi
    64681.2539062500 GeGeGeGeGeSiGeGeSiSiSiSiGeGeSiGeSiGeGeGeGeGeGeGeGeSiGeGeGeGeGeGeGeGeGeGeGeGeGeGeGeGeGeGeGeSiSiGeSiGeGeSiSiGeSiGeGeGeGeSi
    64681.2539062500 GeGeGeGeGeSiGeGeSiSiSiSiGeGeSiGeSiGeGeGeGeGeGeGeGeSiGeGeGeGeGeGeGeGeGeGeGeGeGeGeGeGeGeGeGeSiSiGeSiGeGeSiSiGeSiGeGeGeGeSi
    64681.2539062500 GeGeGeGeGeSiGeGeSiSiSiSiGeGeSiGeSiGeGeGeGeGeGeGeGeSiGeGeGeGeGeGeGeGeGeGeGeGeGeGeGeGeGeGeGeSiSiGeSiGeGeSiSiGeSiGeGeGeGeSi
    57067.1289062500 SiGeGeGeGeSiGeGeSiSiSiGeGeGeSiGeGeGeGeGeGeGeGeGeGeSiGeGeGeGeGeGeGeSiGeGeGeGeGeGeGeGeGeGeGeGeSiGeSiGeSiSiSiGeSiGeGeGeGeSi
    52490.1054687500 SiGeGeGeSiSiGeGeSiSiSiGeGeGeSiGeGeGeGeGeGeGeGeGeGeGeGeGeGeGeGeGeGeSiGeGeGeGeGeGeGeGeGeGeGeGeGeSiSiGeSiSiSiGeSiGeGeGeGeSi
    52490.1054687500 SiGeGeGeSiSiGeGeSiSiSiGeGeGeSiGeGeGeGeGeGeGeGeGeGeGeGeGeGeGeGeGeGeSiGeGeGeGeGeGeGeGeGeGeGeGeGeSiSiGeSiSiSiGeSiGeGeGeGeSi
    52490.1054687500 SiGeGeGeSiSiGeGeSiSiSiGeGeGeSiGeGeGeGeGeGeGeGeGeGeGeGeGeGeGeGeGeGeSiGeGeGeGeGeGeGeGeGeGeGeGeGeSiSiGeSiSiSiGeSiGeGeGeGeSi
    50534.6757812500 SiGeSiGeSiSiGeGeSiSiSiGeGeGeGeGeGeGeGeGeGeGeGeGeGeGeGeGeGeGeGeGeGeSiGeGeGeGeGeGeGeGeGeGeGeGeGeSiSiGeSiSiSiGeSiGeGeGeGeSi
    50534.6757812500 SiGeSiGeSiSiGeGeSiSiSiGeGeGeGeGeGeGeGeGeGeGeGeGeGeGeGeGeGeGeGeGeGeSiGeGeGeGeGeGeGeGeGeGeGeGeGeSiSiGeSiSiSiGeSiGeGeGeGeSi
    50534.6757812500 SiGeSiGeSiSiGeGeSiSiSiGeGeGeGeGeGeGeGeGeGeGeGeGeGeGeGeGeGeGeGeGeGeSiGeGeGeGeGeGeGeGeGeGeGeGeGeSiSiGeSiSiSiGeSiGeGeGeGeSi
    50534.6757812500 SiGeSiGeSiSiGeGeSiSiSiGeGeGeGeGeGeGeGeGeGeGeGeGeGeGeGeGeGeGeGeGeGeSiGeGeGeGeGeGeGeGeGeGeGeGeGeSiSiGeSiSiSiGeSiGeGeGeGeSi
    50534.6757812500 SiGeSiGeSiSiGeGeSiSiSiGeGeGeGeGeGeGeGeGeGeGeGeGeGeGeGeGeGeGeGeGeGeSiGeGeGeGeGeGeGeGeGeGeGeGeGeSiSiGeSiSiSiGeSiGeGeGeGeSi
    50534.6757812500 SiGeSiGeSiSiGeGeSiSiSiGeGeGeGeGeGeGeGeGeGeGeGeGeGeGeGeGeGeGeGeGeGeSiGeGeGeGeGeGeGeGeGeGeGeGeGeSiSiGeSiSiSiGeSiGeGeGeGeSi
    50534.6757812500 SiGeSiGeSiSiGeGeSiSiSiGeGeGeGeGeGeGeGeGeGeGeGeGeGeGeGeGeGeGeGeGeGeSiGeGeGeGeGeGeGeGeGeGeGeGeGeSiSiGeSiSiSiGeSiGeGeGeGeSi
    50534.6757812500 SiGeSiGeSiSiGeGeSiSiSiGeGeGeGeGeGeGeGeGeGeGeGeGeGeGeGeGeGeGeGeGeGeSiGeGeGeGeGeGeGeGeGeGeGeGeGeSiSiGeSiSiSiGeSiGeGeGeGeSi
    50534.6757812500 SiGeSiGeSiSiGeGeSiSiSiGeGeGeGeGeGeGeGeGeGeGeGeGeGeGeGeGeGeGeGeGeGeSiGeGeGeGeGeGeGeGeGeGeGeGeGeSiSiGeSiSiSiGeSiGeGeGeGeSi
    50534.6757812500 SiGeSiGeSiSiGeGeSiSiSiGeGeGeGeGeGeGeGeGeGeGeGeGeGeGeGeGeGeGeGeGeGeSiGeGeGeGeGeGeGeGeGeGeGeGeGeSiSiGeSiSiSiGeSiGeGeGeGeSi
    50534.6757812500 SiGeSiGeSiSiGeGeSiSiSiGeGeGeGeGeGeGeGeGeGeGeGeGeGeGeGeGeGeGeGeGeGeSiGeGeGeGeGeGeGeGeGeGeGeGeGeSiSiGeSiSiSiGeSiGeGeGeGeSi
    50534.6757812500 SiGeSiGeSiSiGeGeSiSiSiGeGeGeGeGeGeGeGeGeGeGeGeGeGeGeGeGeGeGeGeGeGeSiGeGeGeGeGeGeGeGeGeGeGeGeGeSiSiGeSiSiSiGeSiGeGeGeGeSi
    50534.6757812500 SiGeSiGeSiSiGeGeSiSiSiGeGeGeGeGeGeGeGeGeGeGeGeGeGeGeGeGeGeGeGeGeGeSiGeGeGeGeGeGeGeGeGeGeGeGeGeSiSiGeSiSiSiGeSiGeGeGeGeSi
    50534.6757812500 SiGeSiGeSiSiGeGeSiSiSiGeGeGeGeGeGeGeGeGeGeGeGeGeGeGeGeGeGeGeGeGeGeSiGeGeGeGeGeGeGeGeGeGeGeGeGeSiSiGeSiSiSiGeSiGeGeGeGeSi
    50534.6757812500 SiGeSiGeSiSiGeGeSiSiSiGeGeGeGeGeGeGeGeGeGeGeGeGeGeGeGeGeGeGeGeGeGeSiGeGeGeGeGeGeGeGeGeGeGeGeGeSiSiGeSiSiSiGeSiGeGeGeGeSi
    50534.6757812500 SiGeSiGeSiSiGeGeSiSiSiGeGeGeGeGeGeGeGeGeGeGeGeGeGeGeGeGeGeGeGeGeGeSiGeGeGeGeGeGeGeGeGeGeGeGeGeSiSiGeSiSiSiGeSiGeGeGeGeSi
    50534.6757812500 SiGeSiGeSiSiGeGeSiSiSiGeGeGeGeGeGeGeGeGeGeGeGeGeGeGeGeGeGeGeGeGeGeSiGeGeGeGeGeGeGeGeGeGeGeGeGeSiSiGeSiSiSiGeSiGeGeGeGeSi
    50534.6757812500 SiGeSiGeSiSiGeGeSiSiSiGeGeGeGeGeGeGeGeGeGeGeGeGeGeGeGeGeGeGeGeGeGeSiGeGeGeGeGeGeGeGeGeGeGeGeGeSiSiGeSiSiSiGeSiGeGeGeGeSi
    50534.6757812500 SiGeSiGeSiSiGeGeSiSiSiGeGeGeGeGeGeGeGeGeGeGeGeGeGeGeGeGeGeGeGeGeGeSiGeGeGeGeGeGeGeGeGeGeGeGeGeSiSiGeSiSiSiGeSiGeGeGeGeSi
    50534.6757812500 SiGeSiGeSiSiGeGeSiSiSiGeGeGeGeGeGeGeGeGeGeGeGeGeGeGeGeGeGeGeGeGeGeSiGeGeGeGeGeGeGeGeGeGeGeGeGeSiSiGeSiSiSiGeSiGeGeGeGeSi
    50534.6757812500 SiGeSiGeSiSiGeGeSiSiSiGeGeGeGeGeGeGeGeGeGeGeGeGeGeGeGeGeGeGeGeGeGeSiGeGeGeGeGeGeGeGeGeGeGeGeGeSiSiGeSiSiSiGeSiGeGeGeGeSi
    50534.6757812500 SiGeSiGeSiSiGeGeSiSiSiGeGeGeGeGeGeGeGeGeGeGeGeGeGeGeGeGeGeGeGeGeGeSiGeGeGeGeGeGeGeGeGeGeGeGeGeSiSiGeSiSiSiGeSiGeGeGeGeSi
    50534.6757812500 SiGeSiGeSiSiGeGeSiSiSiGeGeGeGeGeGeGeGeGeGeGeGeGeGeGeGeGeGeGeGeGeGeSiGeGeGeGeGeGeGeGeGeGeGeGeGeSiSiGeSiSiSiGeSiGeGeGeGeSi
    50534.6757812500 SiGeSiGeSiSiGeGeSiSiSiGeGeGeGeGeGeGeGeGeGeGeGeGeGeGeGeGeGeGeGeGeGeSiGeGeGeGeGeGeGeGeGeGeGeGeGeSiSiGeSiSiSiGeSiGeGeGeGeSi
    50534.6757812500 SiGeSiGeSiSiGeGeSiSiSiGeGeGeGeGeGeGeGeGeGeGeGeGeGeGeGeGeGeGeGeGeGeSiGeGeGeGeGeGeGeGeGeGeGeGeGeSiSiGeSiSiSiGeSiGeGeGeGeSi
    50534.6757812500 SiGeSiGeSiSiGeGeSiSiSiGeGeGeGeGeGeGeGeGeGeGeGeGeGeGeGeGeGeGeGeGeGeSiGeGeGeGeGeGeGeGeGeGeGeGeGeSiSiGeSiSiSiGeSiGeGeGeGeSi
    50534.6757812500 SiGeSiGeSiSiGeGeSiSiSiGeGeGeGeGeGeGeGeGeGeGeGeGeGeGeGeGeGeGeGeGeGeSiGeGeGeGeGeGeGeGeGeGeGeGeGeSiSiGeSiSiSiGeSiGeGeGeGeSi
    50534.6757812500 SiGeSiGeSiSiGeGeSiSiSiGeGeGeGeGeGeGeGeGeGeGeGeGeGeGeGeGeGeGeGeGeGeSiGeGeGeGeGeGeGeGeGeGeGeGeGeSiSiGeSiSiSiGeSiGeGeGeGeSi
    50534.6757812500 SiGeSiGeSiSiGeGeSiSiSiGeGeGeGeGeGeGeGeGeGeGeGeGeGeGeGeGeGeGeGeGeGeSiGeGeGeGeGeGeGeGeGeGeGeGeGeSiSiGeSiSiSiGeSiGeGeGeGeSi
    50534.6757812500 SiGeSiGeSiSiGeGeSiSiSiGeGeGeGeGeGeGeGeGeGeGeGeGeGeGeGeGeGeGeGeGeGeSiGeGeGeGeGeGeGeGeGeGeGeGeGeSiSiGeSiSiSiGeSiGeGeGeGeSi
    50534.6757812500 SiGeSiGeSiSiGeGeSiSiSiGeGeGeGeGeGeGeGeGeGeGeGeGeGeGeGeGeGeGeGeGeGeSiGeGeGeGeGeGeGeGeGeGeGeGeGeSiSiGeSiSiSiGeSiGeGeGeGeSi
    50534.6757812500 SiGeSiGeSiSiGeGeSiSiSiGeGeGeGeGeGeGeGeGeGeGeGeGeGeGeGeGeGeGeGeGeGeSiGeGeGeGeGeGeGeGeGeGeGeGeGeSiSiGeSiSiSiGeSiGeGeGeGeSi
    50534.6757812500 SiGeSiGeSiSiGeGeSiSiSiGeGeGeGeGeGeGeGeGeGeGeGeGeGeGeGeGeGeGeGeGeGeSiGeGeGeGeGeGeGeGeGeGeGeGeGeSiSiGeSiSiSiGeSiGeGeGeGeSi
    50534.6757812500 SiGeSiGeSiSiGeGeSiSiSiGeGeGeGeGeGeGeGeGeGeGeGeGeGeGeGeGeGeGeGeGeGeSiGeGeGeGeGeGeGeGeGeGeGeGeGeSiSiGeSiSiSiGeSiGeGeGeGeSi
    50534.6757812500 SiGeSiGeSiSiGeGeSiSiSiGeGeGeGeGeGeGeGeGeGeGeGeGeGeGeGeGeGeGeGeGeGeSiGeGeGeGeGeGeGeGeGeGeGeGeGeSiSiGeSiSiSiGeSiGeGeGeGeSi
    50534.6757812500 SiGeSiGeSiSiGeGeSiSiSiGeGeGeGeGeGeGeGeGeGeGeGeGeGeGeGeGeGeGeGeGeGeSiGeGeGeGeGeGeGeGeGeGeGeGeGeSiSiGeSiSiSiGeSiGeGeGeGeSi
    50534.6757812500 SiGeSiGeSiSiGeGeSiSiSiGeGeGeGeGeGeGeGeGeGeGeGeGeGeGeGeGeGeGeGeGeGeSiGeGeGeGeGeGeGeGeGeGeGeGeGeSiSiGeSiSiSiGeSiGeGeGeGeSi
    50534.6757812500 SiGeSiGeSiSiGeGeSiSiSiGeGeGeGeGeGeGeGeGeGeGeGeGeGeGeGeGeGeGeGeGeGeSiGeGeGeGeGeGeGeGeGeGeGeGeGeSiSiGeSiSiSiGeSiGeGeGeGeSi
    50534.6757812500 SiGeSiGeSiSiGeGeSiSiSiGeGeGeGeGeGeGeGeGeGeGeGeGeGeGeGeGeGeGeGeGeGeSiGeGeGeGeGeGeGeGeGeGeGeGeGeSiSiGeSiSiSiGeSiGeGeGeGeSi
    50534.6757812500 SiGeSiGeSiSiGeGeSiSiSiGeGeGeGeGeGeGeGeGeGeGeGeGeGeGeGeGeGeGeGeGeGeSiGeGeGeGeGeGeGeGeGeGeGeGeGeSiSiGeSiSiSiGeSiGeGeGeGeSi
    50534.6757812500 SiGeSiGeSiSiGeGeSiSiSiGeGeGeGeGeGeGeGeGeGeGeGeGeGeGeGeGeGeGeGeGeGeSiGeGeGeGeGeGeGeGeGeGeGeGeGeSiSiGeSiSiSiGeSiGeGeGeGeSi
    50534.6757812500 SiGeSiGeSiSiGeGeSiSiSiGeGeGeGeGeGeGeGeGeGeGeGeGeGeGeGeGeGeGeGeGeGeSiGeGeGeGeGeGeGeGeGeGeGeGeGeSiSiGeSiSiSiGeSiGeGeGeGeSi
    50534.6757812500 SiGeSiGeSiSiGeGeSiSiSiGeGeGeGeGeGeGeGeGeGeGeGeGeGeGeGeGeGeGeGeGeGeSiGeGeGeGeGeGeGeGeGeGeGeGeGeSiSiGeSiSiSiGeSiGeGeGeGeSi
    50534.6757812500 SiGeSiGeSiSiGeGeSiSiSiGeGeGeGeGeGeGeGeGeGeGeGeGeGeGeGeGeGeGeGeGeGeSiGeGeGeGeGeGeGeGeGeGeGeGeGeSiSiGeSiSiSiGeSiGeGeGeGeSi
    50534.6757812500 SiGeSiGeSiSiGeGeSiSiSiGeGeGeGeGeGeGeGeGeGeGeGeGeGeGeGeGeGeGeGeGeGeSiGeGeGeGeGeGeGeGeGeGeGeGeGeSiSiGeSiSiSiGeSiGeGeGeGeSi
    50534.6757812500 SiGeSiGeSiSiGeGeSiSiSiGeGeGeGeGeGeGeGeGeGeGeGeGeGeGeGeGeGeGeGeGeGeSiGeGeGeGeGeGeGeGeGeGeGeGeGeSiSiGeSiSiSiGeSiGeGeGeGeSi
    50534.6757812500 SiGeSiGeSiSiGeGeSiSiSiGeGeGeGeGeGeGeGeGeGeGeGeGeGeGeGeGeGeGeGeGeGeSiGeGeGeGeGeGeGeGeGeGeGeGeGeSiSiGeSiSiSiGeSiGeGeGeGeSi
    50534.6757812500 SiGeSiGeSiSiGeGeSiSiSiGeGeGeGeGeGeGeGeGeGeGeGeGeGeGeGeGeGeGeGeGeGeSiGeGeGeGeGeGeGeGeGeGeGeGeGeSiSiGeSiSiSiGeSiGeGeGeGeSi
    50534.6757812500 SiGeSiGeSiSiGeGeSiSiSiGeGeGeGeGeGeGeGeGeGeGeGeGeGeGeGeGeGeGeGeGeGeSiGeGeGeGeGeGeGeGeGeGeGeGeGeSiSiGeSiSiSiGeSiGeGeGeGeSi
    50534.6757812500 SiGeSiGeSiSiGeGeSiSiSiGeGeGeGeGeGeGeGeGeGeGeGeGeGeGeGeGeGeGeGeGeGeSiGeGeGeGeGeGeGeGeGeGeGeGeGeSiSiGeSiSiSiGeSiGeGeGeGeSi
    50534.6757812500 SiGeSiGeSiSiGeGeSiSiSiGeGeGeGeGeGeGeGeGeGeGeGeGeGeGeGeGeGeGeGeGeGeSiGeGeGeGeGeGeGeGeGeGeGeGeGeSiSiGeSiSiSiGeSiGeGeGeGeSi
    50534.6757812500 SiGeSiGeSiSiGeGeSiSiSiGeGeGeGeGeGeGeGeGeGeGeGeGeGeGeGeGeGeGeGeGeGeSiGeGeGeGeGeGeGeGeGeGeGeGeGeSiSiGeSiSiSiGeSiGeGeGeGeSi
    50534.6757812500 SiGeSiGeSiSiGeGeSiSiSiGeGeGeGeGeGeGeGeGeGeGeGeGeGeGeGeGeGeGeGeGeGeSiGeGeGeGeGeGeGeGeGeGeGeGeGeSiSiGeSiSiSiGeSiGeGeGeGeSi
    50534.6757812500 SiGeSiGeSiSiGeGeSiSiSiGeGeGeGeGeGeGeGeGeGeGeGeGeGeGeGeGeGeGeGeGeGeSiGeGeGeGeGeGeGeGeGeGeGeGeGeSiSiGeSiSiSiGeSiGeGeGeGeSi
    50534.6757812500 SiGeSiGeSiSiGeGeSiSiSiGeGeGeGeGeGeGeGeGeGeGeGeGeGeGeGeGeGeGeGeGeGeSiGeGeGeGeGeGeGeGeGeGeGeGeGeSiSiGeSiSiSiGeSiGeGeGeGeSi
    50534.6757812500 SiGeSiGeSiSiGeGeSiSiSiGeGeGeGeGeGeGeGeGeGeGeGeGeGeGeGeGeGeGeGeGeGeSiGeGeGeGeGeGeGeGeGeGeGeGeGeSiSiGeSiSiSiGeSiGeGeGeGeSi
    50534.6757812500 SiGeSiGeSiSiGeGeSiSiSiGeGeGeGeGeGeGeGeGeGeGeGeGeGeGeGeGeGeGeGeGeGeSiGeGeGeGeGeGeGeGeGeGeGeGeGeSiSiGeSiSiSiGeSiGeGeGeGeSi
    50534.6757812500 SiGeSiGeSiSiGeGeSiSiSiGeGeGeGeGeGeGeGeGeGeGeGeGeGeGeGeGeGeGeGeGeGeSiGeGeGeGeGeGeGeGeGeGeGeGeGeSiSiGeSiSiSiGeSiGeGeGeGeSi
    50534.6757812500 SiGeSiGeSiSiGeGeSiSiSiGeGeGeGeGeGeGeGeGeGeGeGeGeGeGeGeGeGeGeGeGeGeSiGeGeGeGeGeGeGeGeGeGeGeGeGeSiSiGeSiSiSiGeSiGeGeGeGeSi
    50534.6757812500 SiGeSiGeSiSiGeGeSiSiSiGeGeGeGeGeGeGeGeGeGeGeGeGeGeGeGeGeGeGeGeGeGeSiGeGeGeGeGeGeGeGeGeGeGeGeGeSiSiGeSiSiSiGeSiGeGeGeGeSi
    50534.6757812500 SiGeSiGeSiSiGeGeSiSiSiGeGeGeGeGeGeGeGeGeGeGeGeGeGeGeGeGeGeGeGeGeGeSiGeGeGeGeGeGeGeGeGeGeGeGeGeSiSiGeSiSiSiGeSiGeGeGeGeSi
    50534.6757812500 SiGeSiGeSiSiGeGeSiSiSiGeGeGeGeGeGeGeGeGeGeGeGeGeGeGeGeGeGeGeGeGeGeSiGeGeGeGeGeGeGeGeGeGeGeGeGeSiSiGeSiSiSiGeSiGeGeGeGeSi
    50534.6757812500 SiGeSiGeSiSiGeGeSiSiSiGeGeGeGeGeGeGeGeGeGeGeGeGeGeGeGeGeGeGeGeGeGeSiGeGeGeGeGeGeGeGeGeGeGeGeGeSiSiGeSiSiSiGeSiGeGeGeGeSi
    50534.6757812500 SiGeSiGeSiSiGeGeSiSiSiGeGeGeGeGeGeGeGeGeGeGeGeGeGeGeGeGeGeGeGeGeGeSiGeGeGeGeGeGeGeGeGeGeGeGeGeSiSiGeSiSiSiGeSiGeGeGeGeSi
    50534.6757812500 SiGeSiGeSiSiGeGeSiSiSiGeGeGeGeGeGeGeGeGeGeGeGeGeGeGeGeGeGeGeGeGeGeSiGeGeGeGeGeGeGeGeGeGeGeGeGeSiSiGeSiSiSiGeSiGeGeGeGeSi
    50534.6757812500 SiGeSiGeSiSiGeGeSiSiSiGeGeGeGeGeGeGeGeGeGeGeGeGeGeGeGeGeGeGeGeGeGeSiGeGeGeGeGeGeGeGeGeGeGeGeGeSiSiGeSiSiSiGeSiGeGeGeGeSi
    50534.6757812500 SiGeSiGeSiSiGeGeSiSiSiGeGeGeGeGeGeGeGeGeGeGeGeGeGeGeGeGeGeGeGeGeGeSiGeGeGeGeGeGeGeGeGeGeGeGeGeSiSiGeSiSiSiGeSiGeGeGeGeSi
    50534.6757812500 SiGeSiGeSiSiGeGeSiSiSiGeGeGeGeGeGeGeGeGeGeGeGeGeGeGeGeGeGeGeGeGeGeSiGeGeGeGeGeGeGeGeGeGeGeGeGeSiSiGeSiSiSiGeSiGeGeGeGeSi
    50534.6757812500 SiGeSiGeSiSiGeGeSiSiSiGeGeGeGeGeGeGeGeGeGeGeGeGeGeGeGeGeGeGeGeGeGeSiGeGeGeGeGeGeGeGeGeGeGeGeGeSiSiGeSiSiSiGeSiGeGeGeGeSi
    50534.6757812500 SiGeSiGeSiSiGeGeSiSiSiGeGeGeGeGeGeGeGeGeGeGeGeGeGeGeGeGeGeGeGeGeGeSiGeGeGeGeGeGeGeGeGeGeGeGeGeSiSiGeSiSiSiGeSiGeGeGeGeSi
    50534.6757812500 SiGeSiGeSiSiGeGeSiSiSiGeGeGeGeGeGeGeGeGeGeGeGeGeGeGeGeGeGeGeGeGeGeSiGeGeGeGeGeGeGeGeGeGeGeGeGeSiSiGeSiSiSiGeSiGeGeGeGeSi
    50534.6757812500 SiGeSiGeSiSiGeGeSiSiSiGeGeGeGeGeGeGeGeGeGeGeGeGeGeGeGeGeGeGeGeGeGeSiGeGeGeGeGeGeGeGeGeGeGeGeGeSiSiGeSiSiSiGeSiGeGeGeGeSi
    50534.6757812500 SiGeSiGeSiSiGeGeSiSiSiGeGeGeGeGeGeGeGeGeGeGeGeGeGeGeGeGeGeGeGeGeGeSiGeGeGeGeGeGeGeGeGeGeGeGeGeSiSiGeSiSiSiGeSiGeGeGeGeSi
    50534.6757812500 SiGeSiGeSiSiGeGeSiSiSiGeGeGeGeGeGeGeGeGeGeGeGeGeGeGeGeGeGeGeGeGeGeSiGeGeGeGeGeGeGeGeGeGeGeGeGeSiSiGeSiSiSiGeSiGeGeGeGeSi
    50534.6757812500 SiGeSiGeSiSiGeGeSiSiSiGeGeGeGeGeGeGeGeGeGeGeGeGeGeGeGeGeGeGeGeGeGeSiGeGeGeGeGeGeGeGeGeGeGeGeGeSiSiGeSiSiSiGeSiGeGeGeGeSi
    50534.6757812500 SiGeSiGeSiSiGeGeSiSiSiGeGeGeGeGeGeGeGeGeGeGeGeGeGeGeGeGeGeGeGeGeGeSiGeGeGeGeGeGeGeGeGeGeGeGeGeSiSiGeSiSiSiGeSiGeGeGeGeSi
    50534.6757812500 SiGeSiGeSiSiGeGeSiSiSiGeGeGeGeGeGeGeGeGeGeGeGeGeGeGeGeGeGeGeGeGeGeSiGeGeGeGeGeGeGeGeGeGeGeGeGeSiSiGeSiSiSiGeSiGeGeGeGeSi
    50534.6757812500 SiGeSiGeSiSiGeGeSiSiSiGeGeGeGeGeGeGeGeGeGeGeGeGeGeGeGeGeGeGeGeGeGeSiGeGeGeGeGeGeGeGeGeGeGeGeGeSiSiGeSiSiSiGeSiGeGeGeGeSi
    50534.6757812500 SiGeSiGeSiSiGeGeSiSiSiGeGeGeGeGeGeGeGeGeGeGeGeGeGeGeGeGeGeGeGeGeGeSiGeGeGeGeGeGeGeGeGeGeGeGeGeSiSiGeSiSiSiGeSiGeGeGeGeSi
    50534.6757812500 SiGeSiGeSiSiGeGeSiSiSiGeGeGeGeGeGeGeGeGeGeGeGeGeGeGeGeGeGeGeGeGeGeSiGeGeGeGeGeGeGeGeGeGeGeGeGeSiSiGeSiSiSiGeSiGeGeGeGeSi
    50534.6757812500 SiGeSiGeSiSiGeGeSiSiSiGeGeGeGeGeGeGeGeGeGeGeGeGeGeGeGeGeGeGeGeGeGeSiGeGeGeGeGeGeGeGeGeGeGeGeGeSiSiGeSiSiSiGeSiGeGeGeGeSi
    50534.6757812500 SiGeSiGeSiSiGeGeSiSiSiGeGeGeGeGeGeGeGeGeGeGeGeGeGeGeGeGeGeGeGeGeGeSiGeGeGeGeGeGeGeGeGeGeGeGeGeSiSiGeSiSiSiGeSiGeGeGeGeSi
    50534.6757812500 SiGeSiGeSiSiGeGeSiSiSiGeGeGeGeGeGeGeGeGeGeGeGeGeGeGeGeGeGeGeGeGeGeSiGeGeGeGeGeGeGeGeGeGeGeGeGeSiSiGeSiSiSiGeSiGeGeGeGeSi
    50534.6757812500 SiGeSiGeSiSiGeGeSiSiSiGeGeGeGeGeGeGeGeGeGeGeGeGeGeGeGeGeGeGeGeGeGeSiGeGeGeGeGeGeGeGeGeGeGeGeGeSiSiGeSiSiSiGeSiGeGeGeGeSi
    50534.6757812500 SiGeSiGeSiSiGeGeSiSiSiGeGeGeGeGeGeGeGeGeGeGeGeGeGeGeGeGeGeGeGeGeGeSiGeGeGeGeGeGeGeGeGeGeGeGeGeSiSiGeSiSiSiGeSiGeGeGeGeSi
    50534.6757812500 SiGeSiGeSiSiGeGeSiSiSiGeGeGeGeGeGeGeGeGeGeGeGeGeGeGeGeGeGeGeGeGeGeSiGeGeGeGeGeGeGeGeGeGeGeGeGeSiSiGeSiSiSiGeSiGeGeGeGeSi
    50534.6757812500 SiGeSiGeSiSiGeGeSiSiSiGeGeGeGeGeGeGeGeGeGeGeGeGeGeGeGeGeGeGeGeGeGeSiGeGeGeGeGeGeGeGeGeGeGeGeGeSiSiGeSiSiSiGeSiGeGeGeGeSi
    50534.6757812500 SiGeSiGeSiSiGeGeSiSiSiGeGeGeGeGeGeGeGeGeGeGeGeGeGeGeGeGeGeGeGeGeGeSiGeGeGeGeGeGeGeGeGeGeGeGeGeSiSiGeSiSiSiGeSiGeGeGeGeSi
    50534.6757812500 SiGeSiGeSiSiGeGeSiSiSiGeGeGeGeGeGeGeGeGeGeGeGeGeGeGeGeGeGeGeGeGeGeSiGeGeGeGeGeGeGeGeGeGeGeGeGeSiSiGeSiSiSiGeSiGeGeGeGeSi
    50534.6757812500 SiGeSiGeSiSiGeGeSiSiSiGeGeGeGeGeGeGeGeGeGeGeGeGeGeGeGeGeGeGeGeGeGeSiGeGeGeGeGeGeGeGeGeGeGeGeGeSiSiGeSiSiSiGeSiGeGeGeGeSi
    50534.6757812500 SiGeSiGeSiSiGeGeSiSiSiGeGeGeGeGeGeGeGeGeGeGeGeGeGeGeGeGeGeGeGeGeGeSiGeGeGeGeGeGeGeGeGeGeGeGeGeSiSiGeSiSiSiGeSiGeGeGeGeSi
    50534.6757812500 SiGeSiGeSiSiGeGeSiSiSiGeGeGeGeGeGeGeGeGeGeGeGeGeGeGeGeGeGeGeGeGeGeSiGeGeGeGeGeGeGeGeGeGeGeGeGeSiSiGeSiSiSiGeSiGeGeGeGeSi
    50534.6757812500 SiGeSiGeSiSiGeGeSiSiSiGeGeGeGeGeGeGeGeGeGeGeGeGeGeGeGeGeGeGeGeGeGeSiGeGeGeGeGeGeGeGeGeGeGeGeGeSiSiGeSiSiSiGeSiGeGeGeGeSi
    50534.6757812500 SiGeSiGeSiSiGeGeSiSiSiGeGeGeGeGeGeGeGeGeGeGeGeGeGeGeGeGeGeGeGeGeGeSiGeGeGeGeGeGeGeGeGeGeGeGeGeSiSiGeSiSiSiGeSiGeGeGeGeSi
    50534.6757812500 SiGeSiGeSiSiGeGeSiSiSiGeGeGeGeGeGeGeGeGeGeGeGeGeGeGeGeGeGeGeGeGeGeSiGeGeGeGeGeGeGeGeGeGeGeGeGeSiSiGeSiSiSiGeSiGeGeGeGeSi
    50534.6757812500 SiGeSiGeSiSiGeGeSiSiSiGeGeGeGeGeGeGeGeGeGeGeGeGeGeGeGeGeGeGeGeGeGeSiGeGeGeGeGeGeGeGeGeGeGeGeGeSiSiGeSiSiSiGeSiGeGeGeGeSi
    50534.6757812500 SiGeSiGeSiSiGeGeSiSiSiGeGeGeGeGeGeGeGeGeGeGeGeGeGeGeGeGeGeGeGeGeGeSiGeGeGeGeGeGeGeGeGeGeGeGeGeSiSiGeSiSiSiGeSiGeGeGeGeSi
    50534.6757812500 SiGeSiGeSiSiGeGeSiSiSiGeGeGeGeGeGeGeGeGeGeGeGeGeGeGeGeGeGeGeGeGeGeSiGeGeGeGeGeGeGeGeGeGeGeGeGeSiSiGeSiSiSiGeSiGeGeGeGeSi
    50534.6757812500 SiGeSiGeSiSiGeGeSiSiSiGeGeGeGeGeGeGeGeGeGeGeGeGeGeGeGeGeGeGeGeGeGeSiGeGeGeGeGeGeGeGeGeGeGeGeGeSiSiGeSiSiSiGeSiGeGeGeGeSi
    50534.6757812500 SiGeSiGeSiSiGeGeSiSiSiGeGeGeGeGeGeGeGeGeGeGeGeGeGeGeGeGeGeGeGeGeGeSiGeGeGeGeGeGeGeGeGeGeGeGeGeSiSiGeSiSiSiGeSiGeGeGeGeSi
    50534.6757812500 SiGeSiGeSiSiGeGeSiSiSiGeGeGeGeGeGeGeGeGeGeGeGeGeGeGeGeGeGeGeGeGeGeSiGeGeGeGeGeGeGeGeGeGeGeGeGeSiSiGeSiSiSiGeSiGeGeGeGeSi
    50534.6757812500 SiGeSiGeSiSiGeGeSiSiSiGeGeGeGeGeGeGeGeGeGeGeGeGeGeGeGeGeGeGeGeGeGeSiGeGeGeGeGeGeGeGeGeGeGeGeGeSiSiGeSiSiSiGeSiGeGeGeGeSi
    50534.6757812500 SiGeSiGeSiSiGeGeSiSiSiGeGeGeGeGeGeGeGeGeGeGeGeGeGeGeGeGeGeGeGeGeGeSiGeGeGeGeGeGeGeGeGeGeGeGeGeSiSiGeSiSiSiGeSiGeGeGeGeSi
    50534.6757812500 SiGeSiGeSiSiGeGeSiSiSiGeGeGeGeGeGeGeGeGeGeGeGeGeGeGeGeGeGeGeGeGeGeSiGeGeGeGeGeGeGeGeGeGeGeGeGeSiSiGeSiSiSiGeSiGeGeGeGeSi
    50534.6757812500 SiGeSiGeSiSiGeGeSiSiSiGeGeGeGeGeGeGeGeGeGeGeGeGeGeGeGeGeGeGeGeGeGeSiGeGeGeGeGeGeGeGeGeGeGeGeGeSiSiGeSiSiSiGeSiGeGeGeGeSi
    50534.6757812500 SiGeSiGeSiSiGeGeSiSiSiGeGeGeGeGeGeGeGeGeGeGeGeGeGeGeGeGeGeGeGeGeGeSiGeGeGeGeGeGeGeGeGeGeGeGeGeSiSiGeSiSiSiGeSiGeGeGeGeSi
    50534.6757812500 SiGeSiGeSiSiGeGeSiSiSiGeGeGeGeGeGeGeGeGeGeGeGeGeGeGeGeGeGeGeGeGeGeSiGeGeGeGeGeGeGeGeGeGeGeGeGeSiSiGeSiSiSiGeSiGeGeGeGeSi
    50534.6757812500 SiGeSiGeSiSiGeGeSiSiSiGeGeGeGeGeGeGeGeGeGeGeGeGeGeGeGeGeGeGeGeGeGeSiGeGeGeGeGeGeGeGeGeGeGeGeGeSiSiGeSiSiSiGeSiGeGeGeGeSi
    50534.6757812500 SiGeSiGeSiSiGeGeSiSiSiGeGeGeGeGeGeGeGeGeGeGeGeGeGeGeGeGeGeGeGeGeGeSiGeGeGeGeGeGeGeGeGeGeGeGeGeSiSiGeSiSiSiGeSiGeGeGeGeSi
    50534.6757812500 SiGeSiGeSiSiGeGeSiSiSiGeGeGeGeGeGeGeGeGeGeGeGeGeGeGeGeGeGeGeGeGeGeSiGeGeGeGeGeGeGeGeGeGeGeGeGeSiSiGeSiSiSiGeSiGeGeGeGeSi
    50534.6757812500 SiGeSiGeSiSiGeGeSiSiSiGeGeGeGeGeGeGeGeGeGeGeGeGeGeGeGeGeGeGeGeGeGeSiGeGeGeGeGeGeGeGeGeGeGeGeGeSiSiGeSiSiSiGeSiGeGeGeGeSi
    50534.6757812500 SiGeSiGeSiSiGeGeSiSiSiGeGeGeGeGeGeGeGeGeGeGeGeGeGeGeGeGeGeGeGeGeGeSiGeGeGeGeGeGeGeGeGeGeGeGeGeSiSiGeSiSiSiGeSiGeGeGeGeSi
    50534.6757812500 SiGeSiGeSiSiGeGeSiSiSiGeGeGeGeGeGeGeGeGeGeGeGeGeGeGeGeGeGeGeGeGeGeSiGeGeGeGeGeGeGeGeGeGeGeGeGeSiSiGeSiSiSiGeSiGeGeGeGeSi
    50534.6757812500 SiGeSiGeSiSiGeGeSiSiSiGeGeGeGeGeGeGeGeGeGeGeGeGeGeGeGeGeGeGeGeGeGeSiGeGeGeGeGeGeGeGeGeGeGeGeGeSiSiGeSiSiSiGeSiGeGeGeGeSi
    50534.6757812500 SiGeSiGeSiSiGeGeSiSiSiGeGeGeGeGeGeGeGeGeGeGeGeGeGeGeGeGeGeGeGeGeGeSiGeGeGeGeGeGeGeGeGeGeGeGeGeSiSiGeSiSiSiGeSiGeGeGeGeSi
    50534.6757812500 SiGeSiGeSiSiGeGeSiSiSiGeGeGeGeGeGeGeGeGeGeGeGeGeGeGeGeGeGeGeGeGeGeSiGeGeGeGeGeGeGeGeGeGeGeGeGeSiSiGeSiSiSiGeSiGeGeGeGeSi
    50534.6757812500 SiGeSiGeSiSiGeGeSiSiSiGeGeGeGeGeGeGeGeGeGeGeGeGeGeGeGeGeGeGeGeGeGeSiGeGeGeGeGeGeGeGeGeGeGeGeGeSiSiGeSiSiSiGeSiGeGeGeGeSi
    50534.6757812500 SiGeSiGeSiSiGeGeSiSiSiGeGeGeGeGeGeGeGeGeGeGeGeGeGeGeGeGeGeGeGeGeGeSiGeGeGeGeGeGeGeGeGeGeGeGeGeSiSiGeSiSiSiGeSiGeGeGeGeSi
    50534.6757812500 SiGeSiGeSiSiGeGeSiSiSiGeGeGeGeGeGeGeGeGeGeGeGeGeGeGeGeGeGeGeGeGeGeSiGeGeGeGeGeGeGeGeGeGeGeGeGeSiSiGeSiSiSiGeSiGeGeGeGeSi
    50534.6757812500 SiGeSiGeSiSiGeGeSiSiSiGeGeGeGeGeGeGeGeGeGeGeGeGeGeGeGeGeGeGeGeGeGeSiGeGeGeGeGeGeGeGeGeGeGeGeGeSiSiGeSiSiSiGeSiGeGeGeGeSi
    50534.6757812500 SiGeSiGeSiSiGeGeSiSiSiGeGeGeGeGeGeGeGeGeGeGeGeGeGeGeGeGeGeGeGeGeGeSiGeGeGeGeGeGeGeGeGeGeGeGeGeSiSiGeSiSiSiGeSiGeGeGeGeSi
    50534.6757812500 SiGeSiGeSiSiGeGeSiSiSiGeGeGeGeGeGeGeGeGeGeGeGeGeGeGeGeGeGeGeGeGeGeSiGeGeGeGeGeGeGeGeGeGeGeGeGeSiSiGeSiSiSiGeSiGeGeGeGeSi
    50534.6757812500 SiGeSiGeSiSiGeGeSiSiSiGeGeGeGeGeGeGeGeGeGeGeGeGeGeGeGeGeGeGeGeGeGeSiGeGeGeGeGeGeGeGeGeGeGeGeGeSiSiGeSiSiSiGeSiGeGeGeGeSi
    50534.6757812500 SiGeSiGeSiSiGeGeSiSiSiGeGeGeGeGeGeGeGeGeGeGeGeGeGeGeGeGeGeGeGeGeGeSiGeGeGeGeGeGeGeGeGeGeGeGeGeSiSiGeSiSiSiGeSiGeGeGeGeSi
    50534.6757812500 SiGeSiGeSiSiGeGeSiSiSiGeGeGeGeGeGeGeGeGeGeGeGeGeGeGeGeGeGeGeGeGeGeSiGeGeGeGeGeGeGeGeGeGeGeGeGeSiSiGeSiSiSiGeSiGeGeGeGeSi
    50534.6757812500 SiGeSiGeSiSiGeGeSiSiSiGeGeGeGeGeGeGeGeGeGeGeGeGeGeGeGeGeGeGeGeGeGeSiGeGeGeGeGeGeGeGeGeGeGeGeGeSiSiGeSiSiSiGeSiGeGeGeGeSi
    50534.6757812500 SiGeSiGeSiSiGeGeSiSiSiGeGeGeGeGeGeGeGeGeGeGeGeGeGeGeGeGeGeGeGeGeGeSiGeGeGeGeGeGeGeGeGeGeGeGeGeSiSiGeSiSiSiGeSiGeGeGeGeSi
    50534.6757812500 SiGeSiGeSiSiGeGeSiSiSiGeGeGeGeGeGeGeGeGeGeGeGeGeGeGeGeGeGeGeGeGeGeSiGeGeGeGeGeGeGeGeGeGeGeGeGeSiSiGeSiSiSiGeSiGeGeGeGeSi
    50534.6757812500 SiGeSiGeSiSiGeGeSiSiSiGeGeGeGeGeGeGeGeGeGeGeGeGeGeGeGeGeGeGeGeGeGeSiGeGeGeGeGeGeGeGeGeGeGeGeGeSiSiGeSiSiSiGeSiGeGeGeGeSi
    50534.6757812500 SiGeSiGeSiSiGeGeSiSiSiGeGeGeGeGeGeGeGeGeGeGeGeGeGeGeGeGeGeGeGeGeGeSiGeGeGeGeGeGeGeGeGeGeGeGeGeSiSiGeSiSiSiGeSiGeGeGeGeSi
    50534.6757812500 SiGeSiGeSiSiGeGeSiSiSiGeGeGeGeGeGeGeGeGeGeGeGeGeGeGeGeGeGeGeGeGeGeSiGeGeGeGeGeGeGeGeGeGeGeGeGeSiSiGeSiSiSiGeSiGeGeGeGeSi
    50534.6757812500 SiGeSiGeSiSiGeGeSiSiSiGeGeGeGeGeGeGeGeGeGeGeGeGeGeGeGeGeGeGeGeGeGeSiGeGeGeGeGeGeGeGeGeGeGeGeGeSiSiGeSiSiSiGeSiGeGeGeGeSi
    50534.6757812500 SiGeSiGeSiSiGeGeSiSiSiGeGeGeGeGeGeGeGeGeGeGeGeGeGeGeGeGeGeGeGeGeGeSiGeGeGeGeGeGeGeGeGeGeGeGeGeSiSiGeSiSiSiGeSiGeGeGeGeSi
    50534.6757812500 SiGeSiGeSiSiGeGeSiSiSiGeGeGeGeGeGeGeGeGeGeGeGeGeGeGeGeGeGeGeGeGeGeSiGeGeGeGeGeGeGeGeGeGeGeGeGeSiSiGeSiSiSiGeSiGeGeGeGeSi
    50534.6757812500 SiGeSiGeSiSiGeGeSiSiSiGeGeGeGeGeGeGeGeGeGeGeGeGeGeGeGeGeGeGeGeGeGeSiGeGeGeGeGeGeGeGeGeGeGeGeGeSiSiGeSiSiSiGeSiGeGeGeGeSi
    50534.6757812500 SiGeSiGeSiSiGeGeSiSiSiGeGeGeGeGeGeGeGeGeGeGeGeGeGeGeGeGeGeGeGeGeGeSiGeGeGeGeGeGeGeGeGeGeGeGeGeSiSiGeSiSiSiGeSiGeGeGeGeSi
    50534.6757812500 SiGeSiGeSiSiGeGeSiSiSiGeGeGeGeGeGeGeGeGeGeGeGeGeGeGeGeGeGeGeGeGeGeSiGeGeGeGeGeGeGeGeGeGeGeGeGeSiSiGeSiSiSiGeSiGeGeGeGeSi
    50534.6757812500 SiGeSiGeSiSiGeGeSiSiSiGeGeGeGeGeGeGeGeGeGeGeGeGeGeGeGeGeGeGeGeGeGeSiGeGeGeGeGeGeGeGeGeGeGeGeGeSiSiGeSiSiSiGeSiGeGeGeGeSi
    50534.6757812500 SiGeSiGeSiSiGeGeSiSiSiGeGeGeGeGeGeGeGeGeGeGeGeGeGeGeGeGeGeGeGeGeGeSiGeGeGeGeGeGeGeGeGeGeGeGeGeSiSiGeSiSiSiGeSiGeGeGeGeSi
    50534.6757812500 SiGeSiGeSiSiGeGeSiSiSiGeGeGeGeGeGeGeGeGeGeGeGeGeGeGeGeGeGeGeGeGeGeSiGeGeGeGeGeGeGeGeGeGeGeGeGeSiSiGeSiSiSiGeSiGeGeGeGeSi
    50534.6757812500 SiGeSiGeSiSiGeGeSiSiSiGeGeGeGeGeGeGeGeGeGeGeGeGeGeGeGeGeGeGeGeGeGeSiGeGeGeGeGeGeGeGeGeGeGeGeGeSiSiGeSiSiSiGeSiGeGeGeGeSi
    50534.6757812500 SiGeSiGeSiSiGeGeSiSiSiGeGeGeGeGeGeGeGeGeGeGeGeGeGeGeGeGeGeGeGeGeGeSiGeGeGeGeGeGeGeGeGeGeGeGeGeSiSiGeSiSiSiGeSiGeGeGeGeSi
    50534.6757812500 SiGeSiGeSiSiGeGeSiSiSiGeGeGeGeGeGeGeGeGeGeGeGeGeGeGeGeGeGeGeGeGeGeSiGeGeGeGeGeGeGeGeGeGeGeGeGeSiSiGeSiSiSiGeSiGeGeGeGeSi
    50534.6757812500 SiGeSiGeSiSiGeGeSiSiSiGeGeGeGeGeGeGeGeGeGeGeGeGeGeGeGeGeGeGeGeGeGeSiGeGeGeGeGeGeGeGeGeGeGeGeGeSiSiGeSiSiSiGeSiGeGeGeGeSi
    50534.6757812500 SiGeSiGeSiSiGeGeSiSiSiGeGeGeGeGeGeGeGeGeGeGeGeGeGeGeGeGeGeGeGeGeGeSiGeGeGeGeGeGeGeGeGeGeGeGeGeSiSiGeSiSiSiGeSiGeGeGeGeSi
    50534.6757812500 SiGeSiGeSiSiGeGeSiSiSiGeGeGeGeGeGeGeGeGeGeGeGeGeGeGeGeGeGeGeGeGeGeSiGeGeGeGeGeGeGeGeGeGeGeGeGeSiSiGeSiSiSiGeSiGeGeGeGeSi
    50534.6757812500 SiGeSiGeSiSiGeGeSiSiSiGeGeGeGeGeGeGeGeGeGeGeGeGeGeGeGeGeGeGeGeGeGeSiGeGeGeGeGeGeGeGeGeGeGeGeGeSiSiGeSiSiSiGeSiGeGeGeGeSi
    50534.6757812500 SiGeSiGeSiSiGeGeSiSiSiGeGeGeGeGeGeGeGeGeGeGeGeGeGeGeGeGeGeGeGeGeGeSiGeGeGeGeGeGeGeGeGeGeGeGeGeSiSiGeSiSiSiGeSiGeGeGeGeSi
    50534.6757812500 SiGeSiGeSiSiGeGeSiSiSiGeGeGeGeGeGeGeGeGeGeGeGeGeGeGeGeGeGeGeGeGeGeSiGeGeGeGeGeGeGeGeGeGeGeGeGeSiSiGeSiSiSiGeSiGeGeGeGeSi
    50534.6757812500 SiGeSiGeSiSiGeGeSiSiSiGeGeGeGeGeGeGeGeGeGeGeGeGeGeGeGeGeGeGeGeGeGeSiGeGeGeGeGeGeGeGeGeGeGeGeGeSiSiGeSiSiSiGeSiGeGeGeGeSi
    50534.6757812500 SiGeSiGeSiSiGeGeSiSiSiGeGeGeGeGeGeGeGeGeGeGeGeGeGeGeGeGeGeGeGeGeGeSiGeGeGeGeGeGeGeGeGeGeGeGeGeSiSiGeSiSiSiGeSiGeGeGeGeSi
    50534.6757812500 SiGeSiGeSiSiGeGeSiSiSiGeGeGeGeGeGeGeGeGeGeGeGeGeGeGeGeGeGeGeGeGeGeSiGeGeGeGeGeGeGeGeGeGeGeGeGeSiSiGeSiSiSiGeSiGeGeGeGeSi
    50534.6757812500 SiGeSiGeSiSiGeGeSiSiSiGeGeGeGeGeGeGeGeGeGeGeGeGeGeGeGeGeGeGeGeGeGeSiGeGeGeGeGeGeGeGeGeGeGeGeGeSiSiGeSiSiSiGeSiGeGeGeGeSi
    50534.6757812500 SiGeSiGeSiSiGeGeSiSiSiGeGeGeGeGeGeGeGeGeGeGeGeGeGeGeGeGeGeGeGeGeGeSiGeGeGeGeGeGeGeGeGeGeGeGeGeSiSiGeSiSiSiGeSiGeGeGeGeSi
    50534.6757812500 SiGeSiGeSiSiGeGeSiSiSiGeGeGeGeGeGeGeGeGeGeGeGeGeGeGeGeGeGeGeGeGeGeSiGeGeGeGeGeGeGeGeGeGeGeGeGeSiSiGeSiSiSiGeSiGeGeGeGeSi
    50534.6757812500 SiGeSiGeSiSiGeGeSiSiSiGeGeGeGeGeGeGeGeGeGeGeGeGeGeGeGeGeGeGeGeGeGeSiGeGeGeGeGeGeGeGeGeGeGeGeGeSiSiGeSiSiSiGeSiGeGeGeGeSi
    50534.6757812500 SiGeSiGeSiSiGeGeSiSiSiGeGeGeGeGeGeGeGeGeGeGeGeGeGeGeGeGeGeGeGeGeGeSiGeGeGeGeGeGeGeGeGeGeGeGeGeSiSiGeSiSiSiGeSiGeGeGeGeSi
    50534.6757812500 SiGeSiGeSiSiGeGeSiSiSiGeGeGeGeGeGeGeGeGeGeGeGeGeGeGeGeGeGeGeGeGeGeSiGeGeGeGeGeGeGeGeGeGeGeGeGeSiSiGeSiSiSiGeSiGeGeGeGeSi
    50534.6757812500 SiGeSiGeSiSiGeGeSiSiSiGeGeGeGeGeGeGeGeGeGeGeGeGeGeGeGeGeGeGeGeGeGeSiGeGeGeGeGeGeGeGeGeGeGeGeGeSiSiGeSiSiSiGeSiGeGeGeGeSi
    50534.6757812500 SiGeSiGeSiSiGeGeSiSiSiGeGeGeGeGeGeGeGeGeGeGeGeGeGeGeGeGeGeGeGeGeGeSiGeGeGeGeGeGeGeGeGeGeGeGeGeSiSiGeSiSiSiGeSiGeGeGeGeSi
    50534.6757812500 SiGeSiGeSiSiGeGeSiSiSiGeGeGeGeGeGeGeGeGeGeGeGeGeGeGeGeGeGeGeGeGeGeSiGeGeGeGeGeGeGeGeGeGeGeGeGeSiSiGeSiSiSiGeSiGeGeGeGeSi
    50534.6757812500 SiGeSiGeSiSiGeGeSiSiSiGeGeGeGeGeGeGeGeGeGeGeGeGeGeGeGeGeGeGeGeGeGeSiGeGeGeGeGeGeGeGeGeGeGeGeGeSiSiGeSiSiSiGeSiGeGeGeGeSi
    50534.6757812500 SiGeSiGeSiSiGeGeSiSiSiGeGeGeGeGeGeGeGeGeGeGeGeGeGeGeGeGeGeGeGeGeGeSiGeGeGeGeGeGeGeGeGeGeGeGeGeSiSiGeSiSiSiGeSiGeGeGeGeSi
    50534.6757812500 SiGeSiGeSiSiGeGeSiSiSiGeGeGeGeGeGeGeGeGeGeGeGeGeGeGeGeGeGeGeGeGeGeSiGeGeGeGeGeGeGeGeGeGeGeGeGeSiSiGeSiSiSiGeSiGeGeGeGeSi
    50534.6757812500 SiGeSiGeSiSiGeGeSiSiSiGeGeGeGeGeGeGeGeGeGeGeGeGeGeGeGeGeGeGeGeGeGeSiGeGeGeGeGeGeGeGeGeGeGeGeGeSiSiGeSiSiSiGeSiGeGeGeGeSi
    50534.6757812500 SiGeSiGeSiSiGeGeSiSiSiGeGeGeGeGeGeGeGeGeGeGeGeGeGeGeGeGeGeGeGeGeGeSiGeGeGeGeGeGeGeGeGeGeGeGeGeSiSiGeSiSiSiGeSiGeGeGeGeSi
    50534.6757812500 SiGeSiGeSiSiGeGeSiSiSiGeGeGeGeGeGeGeGeGeGeGeGeGeGeGeGeGeGeGeGeGeGeSiGeGeGeGeGeGeGeGeGeGeGeGeGeSiSiGeSiSiSiGeSiGeGeGeGeSi
    50534.6757812500 SiGeSiGeSiSiGeGeSiSiSiGeGeGeGeGeGeGeGeGeGeGeGeGeGeGeGeGeGeGeGeGeGeSiGeGeGeGeGeGeGeGeGeGeGeGeGeSiSiGeSiSiSiGeSiGeGeGeGeSi
    50534.6757812500 SiGeSiGeSiSiGeGeSiSiSiGeGeGeGeGeGeGeGeGeGeGeGeGeGeGeGeGeGeGeGeGeGeSiGeGeGeGeGeGeGeGeGeGeGeGeGeSiSiGeSiSiSiGeSiGeGeGeGeSi
    50534.6757812500 SiGeSiGeSiSiGeGeSiSiSiGeGeGeGeGeGeGeGeGeGeGeGeGeGeGeGeGeGeGeGeGeGeSiGeGeGeGeGeGeGeGeGeGeGeGeGeSiSiGeSiSiSiGeSiGeGeGeGeSi
    50534.6757812500 SiGeSiGeSiSiGeGeSiSiSiGeGeGeGeGeGeGeGeGeGeGeGeGeGeGeGeGeGeGeGeGeGeSiGeGeGeGeGeGeGeGeGeGeGeGeGeSiSiGeSiSiSiGeSiGeGeGeGeSi
    50534.6757812500 SiGeSiGeSiSiGeGeSiSiSiGeGeGeGeGeGeGeGeGeGeGeGeGeGeGeGeGeGeGeGeGeGeSiGeGeGeGeGeGeGeGeGeGeGeGeGeSiSiGeSiSiSiGeSiGeGeGeGeSi
    50534.6757812500 SiGeSiGeSiSiGeGeSiSiSiGeGeGeGeGeGeGeGeGeGeGeGeGeGeGeGeGeGeGeGeGeGeSiGeGeGeGeGeGeGeGeGeGeGeGeGeSiSiGeSiSiSiGeSiGeGeGeGeSi
    50534.6757812500 SiGeSiGeSiSiGeGeSiSiSiGeGeGeGeGeGeGeGeGeGeGeGeGeGeGeGeGeGeGeGeGeGeSiGeGeGeGeGeGeGeGeGeGeGeGeGeSiSiGeSiSiSiGeSiGeGeGeGeSi
    50534.6757812500 SiGeSiGeSiSiGeGeSiSiSiGeGeGeGeGeGeGeGeGeGeGeGeGeGeGeGeGeGeGeGeGeGeSiGeGeGeGeGeGeGeGeGeGeGeGeGeSiSiGeSiSiSiGeSiGeGeGeGeSi
    50534.6757812500 SiGeSiGeSiSiGeGeSiSiSiGeGeGeGeGeGeGeGeGeGeGeGeGeGeGeGeGeGeGeGeGeGeSiGeGeGeGeGeGeGeGeGeGeGeGeGeSiSiGeSiSiSiGeSiGeGeGeGeSi
    50534.6757812500 SiGeSiGeSiSiGeGeSiSiSiGeGeGeGeGeGeGeGeGeGeGeGeGeGeGeGeGeGeGeGeGeGeSiGeGeGeGeGeGeGeGeGeGeGeGeGeSiSiGeSiSiSiGeSiGeGeGeGeSi
    50534.6757812500 SiGeSiGeSiSiGeGeSiSiSiGeGeGeGeGeGeGeGeGeGeGeGeGeGeGeGeGeGeGeGeGeGeSiGeGeGeGeGeGeGeGeGeGeGeGeGeSiSiGeSiSiSiGeSiGeGeGeGeSi
    50534.6757812500 SiGeSiGeSiSiGeGeSiSiSiGeGeGeGeGeGeGeGeGeGeGeGeGeGeGeGeGeGeGeGeGeGeSiGeGeGeGeGeGeGeGeGeGeGeGeGeSiSiGeSiSiSiGeSiGeGeGeGeSi
    50534.6757812500 SiGeSiGeSiSiGeGeSiSiSiGeGeGeGeGeGeGeGeGeGeGeGeGeGeGeGeGeGeGeGeGeGeSiGeGeGeGeGeGeGeGeGeGeGeGeGeSiSiGeSiSiSiGeSiGeGeGeGeSi
    50534.6757812500 SiGeSiGeSiSiGeGeSiSiSiGeGeGeGeGeGeGeGeGeGeGeGeGeGeGeGeGeGeGeGeGeGeSiGeGeGeGeGeGeGeGeGeGeGeGeGeSiSiGeSiSiSiGeSiGeGeGeGeSi
    50534.6757812500 SiGeSiGeSiSiGeGeSiSiSiGeGeGeGeGeGeGeGeGeGeGeGeGeGeGeGeGeGeGeGeGeGeSiGeGeGeGeGeGeGeGeGeGeGeGeGeSiSiGeSiSiSiGeSiGeGeGeGeSi
    50534.6757812500 SiGeSiGeSiSiGeGeSiSiSiGeGeGeGeGeGeGeGeGeGeGeGeGeGeGeGeGeGeGeGeGeGeSiGeGeGeGeGeGeGeGeGeGeGeGeGeSiSiGeSiSiSiGeSiGeGeGeGeSi
    50534.6757812500 SiGeSiGeSiSiGeGeSiSiSiGeGeGeGeGeGeGeGeGeGeGeGeGeGeGeGeGeGeGeGeGeGeSiGeGeGeGeGeGeGeGeGeGeGeGeGeSiSiGeSiSiSiGeSiGeGeGeGeSi
    50534.6757812500 SiGeSiGeSiSiGeGeSiSiSiGeGeGeGeGeGeGeGeGeGeGeGeGeGeGeGeGeGeGeGeGeGeSiGeGeGeGeGeGeGeGeGeGeGeGeGeSiSiGeSiSiSiGeSiGeGeGeGeSi
    50534.6757812500 SiGeSiGeSiSiGeGeSiSiSiGeGeGeGeGeGeGeGeGeGeGeGeGeGeGeGeGeGeGeGeGeGeSiGeGeGeGeGeGeGeGeGeGeGeGeGeSiSiGeSiSiSiGeSiGeGeGeGeSi
    50534.6757812500 SiGeSiGeSiSiGeGeSiSiSiGeGeGeGeGeGeGeGeGeGeGeGeGeGeGeGeGeGeGeGeGeGeSiGeGeGeGeGeGeGeGeGeGeGeGeGeSiSiGeSiSiSiGeSiGeGeGeGeSi
    50534.6757812500 SiGeSiGeSiSiGeGeSiSiSiGeGeGeGeGeGeGeGeGeGeGeGeGeGeGeGeGeGeGeGeGeGeSiGeGeGeGeGeGeGeGeGeGeGeGeGeSiSiGeSiSiSiGeSiGeGeGeGeSi
    50534.6757812500 SiGeSiGeSiSiGeGeSiSiSiGeGeGeGeGeGeGeGeGeGeGeGeGeGeGeGeGeGeGeGeGeGeSiGeGeGeGeGeGeGeGeGeGeGeGeGeSiSiGeSiSiSiGeSiGeGeGeGeSi
    50534.6757812500 SiGeSiGeSiSiGeGeSiSiSiGeGeGeGeGeGeGeGeGeGeGeGeGeGeGeGeGeGeGeGeGeGeSiGeGeGeGeGeGeGeGeGeGeGeGeGeSiSiGeSiSiSiGeSiGeGeGeGeSi
filename: c000001097183518.gin     
Cell:
    11.9020996    11.9020996    29.6919994    90.0000000    90.0000000   120.0000000
Box:
    11.9020996    -5.9510503     0.0000000
     0.0000000    10.3075209     0.0000000
     0.0000000     0.0000000    29.6919994
----------------------------------------
Inverse Box:
     0.0840188     0.0485083     0.0000000
     0.0000000     0.0970165     0.0000000
     0.0000000     0.0000000     0.0336791
----------------------------------------
==============================================
geometrical properties of  45 Ge:
 Configuration:           0
 D_ave:   9.09771538       3.55928516    
 D_min:   3.02122355       2.17928849E-02
 energia:   50534.6758    
