Random Seed:  1155551527
Number of atoms:    60
Space Group:    1
Cell:
    11.9020996    11.9020996    29.6919994    90.0000000    90.0000000   120.0000000
Box:
    11.9020996    -5.9510503     0.0000000
     0.0000000    10.3075209     0.0000000
     0.0000000     0.0000000    29.6919994
----------------------------------------
Inverse Box:
     0.0840188     0.0485083     0.0000000
     0.0000000     0.0970165     0.0000000
     0.0000000     0.0000000     0.0336791
----------------------------------------
GeSiSiSiSiSiSiSiSiSiSiSiSiSiSiSiSiSiSiSiSiSiSiSiSiSiSiSiSiSiSiSiSiSiSiSiSiSiSiSiSiSiSiSiSiSiSiSiSiSiSiSiSiGeSiSiSiSiSiSi
           1 Ge    -7732.97363    
GeGeSiSiSiSiSiSiSiSiSiSiSiSiSiSiSiSiSiSiSiSiSiSiSiSiSiSiSiSiSiSiSiSiSiSiSiSiSiSiSiSiSiSiSiSiSiSiSiSiSiSiSiGeSiSiSiSiSiSi
           2 Ge    -7726.94922    
GeGeGeSiSiSiSiSiSiSiSiSiSiSiSiSiSiSiSiSiSiSiSiSiSiSiSiSiSiSiSiSiSiSiSiSiSiSiSiSiSiSiSiSiSiSiSiSiSiSiSiSiSiGeSiSiSiSiSiSi
           3 Ge    -7727.71875    
GeGeGeGeSiSiSiSiSiSiSiSiSiSiSiSiSiSiSiSiSiSiSiSiSiSiSiSiSiSiSiSiSiSiSiSiSiSiSiSiSiSiSiSiSiSiSiSiSiSiSiSiSiGeSiSiSiSiSiSi
           4 Ge    -7765.55908    
GeGeGeGeGeSiSiSiSiSiSiSiSiSiSiSiSiSiSiSiSiSiSiSiSiSiSiSiSiSiSiSiSiSiSiSiSiSiSiSiSiSiSiSiSiSiSiSiSiSiSiSiSiGeSiSiSiSiSiSi
           5 Ge    -7828.46533    
GeGeGeGeGeSiGeSiSiSiSiSiSiSiSiSiSiSiSiSiSiSiSiSiSiSiSiSiSiSiSiSiSiSiSiSiSiSiSiSiSiSiSiSiSiSiSiSiSiSiSiSiSiGeSiSiSiSiSiSi
           7 Ge    -7923.07373    
GeGeGeGeGeSiGeGeSiSiSiSiSiSiSiSiSiSiSiSiSiSiSiSiSiSiSiSiSiSiSiSiSiSiSiSiSiSiSiSiSiSiSiSiSiSiSiSiSiSiSiSiSiGeSiSiSiSiSiSi
           8 Ge    -8100.50879    
GeGeGeGeGeSiGeGeSiSiSiGeSiSiSiSiSiSiSiSiSiSiSiSiSiSiSiSiSiSiSiSiSiSiSiSiSiSiSiSiSiSiSiSiSiSiSiSiSiSiSiSiSiGeSiSiSiSiSiSi
          12 Ge    -8379.52930    
GeGeGeGeGeSiGeGeSiSiSiGeSiSiSiGeSiSiSiSiSiSiSiSiSiSiSiSiSiSiSiSiSiSiSiSiSiSiSiSiSiSiSiSiSiSiSiSiSiSiSiSiSiGeSiSiSiSiSiSi
          16 Ge    -8727.16211    
GeGeGeGeGeSiGeGeSiSiSiGeSiSiSiGeSiSiSiSiSiSiSiSiSiGeSiSiSiSiSiSiSiSiSiSiSiSiSiSiSiSiSiSiSiSiSiSiSiSiSiSiSiGeSiSiSiSiSiSi
          26 Ge    -9130.72949    
GeGeGeGeGeSiGeGeSiSiSiGeSiSiSiGeSiSiSiSiSiSiSiSiSiGeSiSiSiGeSiSiSiSiSiSiSiSiSiSiSiSiSiSiSiSiSiSiSiSiSiSiSiGeSiSiSiSiSiSi
          30 Ge    -8839.18262    
GeGeGeGeGeSiGeGeSiSiSiGeSiSiSiGeSiSiSiSiSiSiSiSiSiGeSiSiSiGeSiSiGeSiSiSiSiSiSiSiSiSiSiSiSiSiSiSiSiSiSiSiSiGeSiSiSiSiSiSi
          33 Ge    -9361.91992    
GeGeGeGeGeSiGeGeSiSiSiGeSiSiSiGeSiSiSiSiSiSiSiSiSiGeSiSiSiGeSiSiGeSiSiGeSiSiSiSiSiSiSiSiSiSiSiSiSiSiSiSiSiGeSiSiSiSiSiSi
          36 Ge    -9932.45605    
GeGeGeGeGeSiGeGeSiSiSiGeSiSiSiGeSiSiSiSiSiSiSiSiSiGeSiSiSiGeSiSiGeSiSiGeSiSiGeSiSiSiSiSiSiSiSiSiSiSiSiSiSiGeSiSiSiSiSiSi
          39 Ge    -10570.3936    
GeGeGeGeGeSiGeGeSiSiSiGeSiSiSiGeSiSiSiSiSiSiSiSiSiGeSiSiSiGeSiSiGeSiSiGeSiSiGeGeSiSiSiSiSiSiSiSiSiSiSiSiSiGeSiSiSiSiSiSi
          40 Ge    -10769.2070    
GeGeGeGeGeSiGeGeSiSiSiGeSiSiSiGeSiSiSiSiSiSiSiSiSiGeSiSiSiGeSiSiGeSiSiGeSiSiGeGeSiGeSiSiSiSiSiSiSiSiSiSiSiGeSiSiSiSiSiSi
          42 Ge    -9025.74609    
GeGeGeGeGeSiGeGeSiSiSiGeSiSiSiGeSiSiSiSiSiSiSiSiSiGeSiSiSiGeSiSiGeSiSiGeSiSiGeGeSiGeSiSiGeSiSiSiSiSiSiSiSiGeSiSiSiSiSiSi
          45 Ge    -9552.40039    
GeGeGeGeGeSiGeGeSiSiSiGeSiSiSiGeSiSiSiSiSiSiSiSiSiGeSiSiSiGeSiSiGeSiSiGeSiSiGeGeSiGeSiSiGeGeSiSiSiSiSiSiSiGeSiSiSiSiSiSi
          46 Ge    -9954.49023    
GeGeGeGeGeSiGeGeSiSiSiGeSiSiSiGeSiSiSiSiSiSiSiSiSiGeSiSiSiGeSiSiGeSiSiGeSiSiGeGeSiGeSiSiGeGeSiSiSiSiSiSiSiGeSiSiGeSiSiSi
          57 Ge    -10930.3379    
GeGeGeGeGeGeGeGeSiSiSiGeSiSiSiGeSiSiSiSiSiSiSiSiSiGeSiSiSiGeSiSiGeSiSiGeSiSiGeGeSiGeSiSiGeGeSiSiSiSiSiSiSiGeSiSiGeSiSiSi
           6 Ge    -8690.93359    
GeGeGeGeGeGeGeGeSiSiGeGeSiSiSiGeSiSiSiSiSiSiSiSiSiGeSiSiSiGeSiSiGeSiSiGeSiSiGeGeSiGeSiSiGeGeSiSiSiSiSiSiSiGeSiSiGeSiSiSi
          11 Ge    -9724.91211    
GeGeGeGeGeGeGeGeSiSiGeGeGeSiSiGeSiSiSiSiSiSiSiSiSiGeSiSiSiGeSiSiGeSiSiGeSiSiGeGeSiGeSiSiGeGeSiSiSiSiSiSiSiGeSiSiGeSiSiSi
          13 Ge    -8700.80273    
GeGeGeGeGeGeGeGeSiSiGeGeGeGeSiGeSiSiSiSiSiSiSiSiSiGeSiSiSiGeSiSiGeSiSiGeSiSiGeGeSiGeSiSiGeGeSiSiSiSiSiSiSiGeSiSiGeSiSiSi
          14 Ge    -6010.30859    
GeGeGeGeGeGeGeGeSiSiGeGeGeGeGeGeSiSiSiSiSiSiSiSiSiGeSiSiSiGeSiSiGeSiSiGeSiSiGeGeSiGeSiSiGeGeSiSiSiSiSiSiSiGeSiSiGeSiSiSi
          15 Ge    -5757.44385    
GeGeGeGeGeGeGeGeSiSiGeGeGeGeGeGeSiSiSiSiSiSiGeSiSiGeSiSiSiGeSiSiGeSiSiGeSiSiGeGeSiGeSiSiGeGeSiSiSiSiSiSiSiGeSiSiGeSiSiSi
          23 Ge    -2397.50049    
GeGeGeGeGeGeGeGeSiSiGeGeGeGeGeGeSiSiSiSiSiSiGeGeSiGeSiSiSiGeSiSiGeSiSiGeSiSiGeGeSiGeSiSiGeGeSiSiSiSiSiSiSiGeSiSiGeSiSiSi
          24 Ge     6404.35254    
GeGeGeGeGeGeGeGeSiSiGeGeGeGeGeGeSiSiSiSiSiSiGeGeSiGeSiGeSiGeSiSiGeSiSiGeSiSiGeGeSiGeSiSiGeGeSiSiSiSiSiSiSiGeSiSiGeSiSiSi
          28 Ge     9610.47852    
GeGeGeGeGeGeGeGeSiSiGeGeGeGeGeGeSiSiSiSiSiSiGeGeSiGeSiGeSiGeSiSiGeSiSiGeSiSiGeGeSiGeSiGeGeGeSiSiSiSiSiSiSiGeSiSiGeSiSiSi
          44 Ge     12084.2715    
GeGeGeGeGeGeGeGeSiSiGeGeGeGeGeGeSiSiSiSiSiSiGeGeSiGeSiGeSiGeSiSiGeSiSiGeSiSiGeGeSiGeSiGeGeGeSiSiSiSiGeSiSiGeSiSiGeSiSiSi
          51 Ge     10676.5029    
GeGeGeGeGeGeGeGeSiSiGeGeGeGeGeGeSiSiSiSiSiSiGeGeSiGeSiGeSiGeSiSiGeSiSiGeSiSiGeGeSiGeSiGeGeGeSiSiSiSiGeSiSiGeSiSiGeGeSiSi
          58 Ge     11739.8047    
GeGeGeGeGeGeGeGeGeSiGeGeGeGeGeGeSiSiSiSiSiSiGeGeSiGeSiGeSiGeSiSiGeSiSiGeSiSiGeGeSiGeSiGeGeGeSiSiSiSiGeSiSiGeSiSiGeGeSiSi
           9 Ge     14759.2695    
GeGeGeGeGeGeGeGeGeGeGeGeGeGeGeGeSiSiSiSiSiSiGeGeSiGeSiGeSiGeSiSiGeSiSiGeSiSiGeGeSiGeSiGeGeGeSiSiSiSiGeSiSiGeSiSiGeGeSiSi
          10 Ge     20686.1953    
GeGeGeGeGeGeGeGeGeGeGeGeGeGeGeGeGeSiSiSiSiSiGeGeSiGeSiGeSiGeSiSiGeSiSiGeSiSiGeGeSiGeSiGeGeGeSiSiSiSiGeSiSiGeSiSiGeGeSiSi
          17 Ge     26145.4805    
GeGeGeGeGeGeGeGeGeGeGeGeGeGeGeGeGeGeSiSiSiSiGeGeSiGeSiGeSiGeSiSiGeSiSiGeSiSiGeGeSiGeSiGeGeGeSiSiSiSiGeSiSiGeSiSiGeGeSiSi
          18 Ge     31805.8242    
GeGeGeGeGeGeGeGeGeGeGeGeGeGeGeGeGeGeSiSiGeSiGeGeSiGeSiGeSiGeSiSiGeSiSiGeSiSiGeGeSiGeSiGeGeGeSiSiSiSiGeSiSiGeSiSiGeGeSiSi
          21 Ge     42831.6758    
GeGeGeGeGeGeGeGeGeGeGeGeGeGeGeGeGeGeSiSiGeSiGeGeSiGeSiGeSiGeGeSiGeSiSiGeSiSiGeGeSiGeSiGeGeGeSiSiSiSiGeSiSiGeSiSiGeGeSiSi
          31 Ge     47879.6758    
GeGeGeGeGeGeGeGeGeGeGeGeGeGeGeGeGeGeSiSiGeSiGeGeSiGeSiGeSiGeGeGeGeSiSiGeSiSiGeGeSiGeSiGeGeGeSiSiSiSiGeSiSiGeSiSiGeGeSiSi
          32 Ge     55387.6914    
GeGeGeGeGeGeGeGeGeGeGeGeGeGeGeGeGeGeSiSiGeSiGeGeSiGeSiGeSiGeGeGeGeSiSiGeSiSiGeGeSiGeSiGeGeGeSiSiGeSiGeSiSiGeSiSiGeGeSiSi
          49 Ge     65827.1875    
GeGeGeGeGeGeGeGeGeGeGeGeGeGeGeGeGeGeSiSiGeSiGeGeSiGeSiGeSiGeGeGeGeSiSiGeSiSiGeGeSiGeSiGeGeGeSiSiGeSiGeSiGeGeSiSiGeGeSiSi
          53 Ge     68952.9219    
GeGeGeGeGeGeGeGeGeGeGeGeGeGeGeGeGeGeSiSiGeSiGeGeSiGeSiGeSiGeGeGeGeSiSiGeSiSiGeGeSiGeSiGeGeGeSiSiGeSiGeSiGeGeGeSiGeGeSiSi
          55 Ge     71068.0469    
GeGeGeGeGeGeGeGeGeGeGeGeGeGeGeGeGeGeSiSiGeGeGeGeSiGeSiGeSiGeGeGeGeSiSiGeSiSiGeGeSiGeSiGeGeGeSiSiGeSiGeSiGeGeGeSiGeGeSiSi
          22 Ge     83150.0625    
GeGeGeGeGeGeGeGeGeGeGeGeGeGeGeGeGeGeSiSiGeGeGeGeGeGeSiGeSiGeGeGeGeSiSiGeSiSiGeGeSiGeSiGeGeGeSiSiGeSiGeSiGeGeGeSiGeGeSiSi
          25 Ge     100853.672    
GeGeGeGeGeGeGeGeGeGeGeGeGeGeGeGeGeGeSiSiGeGeGeGeGeGeGeGeSiGeGeGeGeSiSiGeSiSiGeGeSiGeSiGeGeGeSiSiGeSiGeSiGeGeGeSiGeGeSiSi
          27 Ge     111767.109    
GeGeGeGeGeGeGeGeGeGeGeGeGeGeGeGeGeGeSiSiGeGeGeGeGeGeGeGeSiGeGeGeGeSiSiGeSiSiGeGeSiGeSiGeGeGeSiSiGeSiGeSiGeGeGeGeGeGeSiSi
          56 Ge     125773.289    
==============================================
MonteCarlo: Metropolis with identity changes
Si > Ge, Ge > Si. STOP when occurrence <    0.00000
==============================================
Cost_function     Occurrence %     Scan-Cost
    64327.6679687500 GeSiSiSiSiSiGeGeGeSiGeSiGeGeGeGeGeGeGeGeGeGeGeGeGeGeSiGeSiGeGeSiGeGeSiGeGeSiGeGeGeGeGeGeGeGeGeGeGeGeGeGeSiGeSiSiGeGeGeGe
    64327.6679687500 GeSiSiSiSiSiGeGeGeSiGeSiGeGeGeGeGeGeGeGeGeGeGeGeGeGeSiGeSiGeGeSiGeGeSiGeGeSiGeGeGeGeGeGeGeGeGeGeGeGeGeGeSiGeSiSiGeGeGeGe
    60985.3554687500 GeSiSiSiSiSiGeGeGeSiGeSiGeGeGeGeGeGeGeGeGeGeGeGeSiGeGeGeSiGeGeSiGeGeSiGeGeSiGeGeGeGeGeGeGeGeGeGeSiGeGeGeGeGeSiSiGeGeGeGe
    60985.3554687500 GeSiSiSiSiSiGeGeGeSiGeSiGeGeGeGeGeGeGeGeGeGeGeGeSiGeGeGeSiGeGeSiGeGeSiGeGeSiGeGeGeGeGeGeGeGeGeGeSiGeGeGeGeGeSiSiGeGeGeGe
    52107.4179687500 GeSiGeSiSiSiGeGeGeSiGeSiGeGeGeGeGeGeGeGeGeGeGeGeSiGeGeGeSiGeGeSiGeGeSiGeGeGeGeGeGeGeGeGeGeGeGeGeSiSiGeSiGeGeSiSiGeGeGeGe
    50632.5859375000 GeSiGeGeSiSiGeSiGeSiGeSiGeGeGeSiGeGeGeGeGeGeGeGeGeGeGeGeSiGeSiGeGeGeSiGeGeGeGeGeGeGeGeGeGeGeGeGeSiSiGeSiGeGeGeSiSiGeGeGe
    50632.5859375000 GeSiGeGeSiSiGeSiGeSiGeSiGeGeGeSiGeGeGeGeGeGeGeGeGeGeGeGeSiGeSiGeGeGeSiGeGeGeGeGeGeGeGeGeGeGeGeGeSiSiGeSiGeGeGeSiSiGeGeGe
    50632.5859375000 GeSiGeGeSiSiGeSiGeSiGeSiGeGeGeSiGeGeGeGeGeGeGeGeGeGeGeGeSiGeSiGeGeGeSiGeGeGeGeGeGeGeGeGeGeGeGeGeSiSiGeSiGeGeGeSiSiGeGeGe
    50632.5859375000 GeSiGeGeSiSiGeSiGeSiGeSiGeGeGeSiGeGeGeGeGeGeGeGeGeGeGeGeSiGeSiGeGeGeSiGeGeGeGeGeGeGeGeGeGeGeGeGeSiSiGeSiGeGeGeSiSiGeGeGe
    50632.5859375000 GeSiGeGeSiSiGeSiGeSiGeSiGeGeGeSiGeGeGeGeGeGeGeGeGeGeGeGeSiGeSiGeGeGeSiGeGeGeGeGeGeGeGeGeGeGeGeGeSiSiGeSiGeGeGeSiSiGeGeGe
    46820.3437500000 GeSiGeSiSiSiGeSiGeSiGeSiGeGeGeGeGeGeGeGeGeGeGeGeGeGeGeGeSiGeSiGeGeGeGeGeGeGeGeGeGeSiGeGeGeGeGeGeSiSiGeSiGeGeGeSiSiGeGeGe
    46820.3437500000 GeSiGeSiSiSiGeSiGeSiGeSiGeGeGeGeGeGeGeGeGeGeGeGeGeGeGeGeSiGeSiGeGeGeGeGeGeGeGeGeGeSiGeGeGeGeGeGeSiSiGeSiGeGeGeSiSiGeGeGe
    46820.3437500000 GeSiGeSiSiSiGeSiGeSiGeSiGeGeGeGeGeGeGeGeGeGeGeGeGeGeGeGeSiGeSiGeGeGeGeGeGeGeGeGeGeSiGeGeGeGeGeGeSiSiGeSiGeGeGeSiSiGeGeGe
    46820.3437500000 GeSiGeSiSiSiGeSiGeSiGeSiGeGeGeGeGeGeGeGeGeGeGeGeGeGeGeGeSiGeSiGeGeGeGeGeGeGeGeGeGeSiGeGeGeGeGeGeSiSiGeSiGeGeGeSiSiGeGeGe
    46820.3437500000 GeSiGeSiSiSiGeSiGeSiGeSiGeGeGeGeGeGeGeGeGeGeGeGeGeGeGeGeSiGeSiGeGeGeGeGeGeGeGeGeGeSiGeGeGeGeGeGeSiSiGeSiGeGeGeSiSiGeGeGe
    46820.3437500000 GeSiGeSiSiSiGeSiGeSiGeSiGeGeGeGeGeGeGeGeGeGeGeGeGeGeGeGeSiGeSiGeGeGeGeGeGeGeGeGeGeSiGeGeGeGeGeGeSiSiGeSiGeGeGeSiSiGeGeGe
    46820.3437500000 GeSiGeSiSiSiGeSiGeSiGeSiGeGeGeGeGeGeGeGeGeGeGeGeGeGeGeGeSiGeSiGeGeGeGeGeGeGeGeGeGeSiGeGeGeGeGeGeSiSiGeSiGeGeGeSiSiGeGeGe
    46820.3437500000 GeSiGeSiSiSiGeSiGeSiGeSiGeGeGeGeGeGeGeGeGeGeGeGeGeGeGeGeSiGeSiGeGeGeGeGeGeGeGeGeGeSiGeGeGeGeGeGeSiSiGeSiGeGeGeSiSiGeGeGe
    46820.3437500000 GeSiGeSiSiSiGeSiGeSiGeSiGeGeGeGeGeGeGeGeGeGeGeGeGeGeGeGeSiGeSiGeGeGeGeGeGeGeGeGeGeSiGeGeGeGeGeGeSiSiGeSiGeGeGeSiSiGeGeGe
    46820.3437500000 GeSiGeSiSiSiGeSiGeSiGeSiGeGeGeGeGeGeGeGeGeGeGeGeGeGeGeGeSiGeSiGeGeGeGeGeGeGeGeGeGeSiGeGeGeGeGeGeSiSiGeSiGeGeGeSiSiGeGeGe
    46820.3437500000 GeSiGeSiSiSiGeSiGeSiGeSiGeGeGeGeGeGeGeGeGeGeGeGeGeGeGeGeSiGeSiGeGeGeGeGeGeGeGeGeGeSiGeGeGeGeGeGeSiSiGeSiGeGeGeSiSiGeGeGe
    46820.3437500000 GeSiGeSiSiSiGeSiGeSiGeSiGeGeGeGeGeGeGeGeGeGeGeGeGeGeGeGeSiGeSiGeGeGeGeGeGeGeGeGeGeSiGeGeGeGeGeGeSiSiGeSiGeGeGeSiSiGeGeGe
    46820.3437500000 GeSiGeSiSiSiGeSiGeSiGeSiGeGeGeGeGeGeGeGeGeGeGeGeGeGeGeGeSiGeSiGeGeGeGeGeGeGeGeGeGeSiGeGeGeGeGeGeSiSiGeSiGeGeGeSiSiGeGeGe
    46820.3437500000 GeSiGeSiSiSiGeSiGeSiGeSiGeGeGeGeGeGeGeGeGeGeGeGeGeGeGeGeSiGeSiGeGeGeGeGeGeGeGeGeGeSiGeGeGeGeGeGeSiSiGeSiGeGeGeSiSiGeGeGe
    46820.3437500000 GeSiGeSiSiSiGeSiGeSiGeSiGeGeGeGeGeGeGeGeGeGeGeGeGeGeGeGeSiGeSiGeGeGeGeGeGeGeGeGeGeSiGeGeGeGeGeGeSiSiGeSiGeGeGeSiSiGeGeGe
    46820.3437500000 GeSiGeSiSiSiGeSiGeSiGeSiGeGeGeGeGeGeGeGeGeGeGeGeGeGeGeGeSiGeSiGeGeGeGeGeGeGeGeGeGeSiGeGeGeGeGeGeSiSiGeSiGeGeGeSiSiGeGeGe
    46820.3437500000 GeSiGeSiSiSiGeSiGeSiGeSiGeGeGeGeGeGeGeGeGeGeGeGeGeGeGeGeSiGeSiGeGeGeGeGeGeGeGeGeGeSiGeGeGeGeGeGeSiSiGeSiGeGeGeSiSiGeGeGe
    46820.3437500000 GeSiGeSiSiSiGeSiGeSiGeSiGeGeGeGeGeGeGeGeGeGeGeGeGeGeGeGeSiGeSiGeGeGeGeGeGeGeGeGeGeSiGeGeGeGeGeGeSiSiGeSiGeGeGeSiSiGeGeGe
    46820.3437500000 GeSiGeSiSiSiGeSiGeSiGeSiGeGeGeGeGeGeGeGeGeGeGeGeGeGeGeGeSiGeSiGeGeGeGeGeGeGeGeGeGeSiGeGeGeGeGeGeSiSiGeSiGeGeGeSiSiGeGeGe
    46820.3437500000 GeSiGeSiSiSiGeSiGeSiGeSiGeGeGeGeGeGeGeGeGeGeGeGeGeGeGeGeSiGeSiGeGeGeGeGeGeGeGeGeGeSiGeGeGeGeGeGeSiSiGeSiGeGeGeSiSiGeGeGe
    46820.3437500000 GeSiGeSiSiSiGeSiGeSiGeSiGeGeGeGeGeGeGeGeGeGeGeGeGeGeGeGeSiGeSiGeGeGeGeGeGeGeGeGeGeSiGeGeGeGeGeGeSiSiGeSiGeGeGeSiSiGeGeGe
    46820.3437500000 GeSiGeSiSiSiGeSiGeSiGeSiGeGeGeGeGeGeGeGeGeGeGeGeGeGeGeGeSiGeSiGeGeGeGeGeGeGeGeGeGeSiGeGeGeGeGeGeSiSiGeSiGeGeGeSiSiGeGeGe
    46820.3437500000 GeSiGeSiSiSiGeSiGeSiGeSiGeGeGeGeGeGeGeGeGeGeGeGeGeGeGeGeSiGeSiGeGeGeGeGeGeGeGeGeGeSiGeGeGeGeGeGeSiSiGeSiGeGeGeSiSiGeGeGe
    46820.3437500000 GeSiGeSiSiSiGeSiGeSiGeSiGeGeGeGeGeGeGeGeGeGeGeGeGeGeGeGeSiGeSiGeGeGeGeGeGeGeGeGeGeSiGeGeGeGeGeGeSiSiGeSiGeGeGeSiSiGeGeGe
    46820.3437500000 GeSiGeSiSiSiGeSiGeSiGeSiGeGeGeGeGeGeGeGeGeGeGeGeGeGeGeGeSiGeSiGeGeGeGeGeGeGeGeGeGeSiGeGeGeGeGeGeSiSiGeSiGeGeGeSiSiGeGeGe
    46820.3437500000 GeSiGeSiSiSiGeSiGeSiGeSiGeGeGeGeGeGeGeGeGeGeGeGeGeGeGeGeSiGeSiGeGeGeGeGeGeGeGeGeGeSiGeGeGeGeGeGeSiSiGeSiGeGeGeSiSiGeGeGe
    46820.3437500000 GeSiGeSiSiSiGeSiGeSiGeSiGeGeGeGeGeGeGeGeGeGeGeGeGeGeGeGeSiGeSiGeGeGeGeGeGeGeGeGeGeSiGeGeGeGeGeGeSiSiGeSiGeGeGeSiSiGeGeGe
    46820.3437500000 GeSiGeSiSiSiGeSiGeSiGeSiGeGeGeGeGeGeGeGeGeGeGeGeGeGeGeGeSiGeSiGeGeGeGeGeGeGeGeGeGeSiGeGeGeGeGeGeSiSiGeSiGeGeGeSiSiGeGeGe
    46820.3437500000 GeSiGeSiSiSiGeSiGeSiGeSiGeGeGeGeGeGeGeGeGeGeGeGeGeGeGeGeSiGeSiGeGeGeGeGeGeGeGeGeGeSiGeGeGeGeGeGeSiSiGeSiGeGeGeSiSiGeGeGe
    46820.3437500000 GeSiGeSiSiSiGeSiGeSiGeSiGeGeGeGeGeGeGeGeGeGeGeGeGeGeGeGeSiGeSiGeGeGeGeGeGeGeGeGeGeSiGeGeGeGeGeGeSiSiGeSiGeGeGeSiSiGeGeGe
    46820.3437500000 GeSiGeSiSiSiGeSiGeSiGeSiGeGeGeGeGeGeGeGeGeGeGeGeGeGeGeGeSiGeSiGeGeGeGeGeGeGeGeGeGeSiGeGeGeGeGeGeSiSiGeSiGeGeGeSiSiGeGeGe
    46820.3437500000 GeSiGeSiSiSiGeSiGeSiGeSiGeGeGeGeGeGeGeGeGeGeGeGeGeGeGeGeSiGeSiGeGeGeGeGeGeGeGeGeGeSiGeGeGeGeGeGeSiSiGeSiGeGeGeSiSiGeGeGe
    46820.3437500000 GeSiGeSiSiSiGeSiGeSiGeSiGeGeGeGeGeGeGeGeGeGeGeGeGeGeGeGeSiGeSiGeGeGeGeGeGeGeGeGeGeSiGeGeGeGeGeGeSiSiGeSiGeGeGeSiSiGeGeGe
    46820.3437500000 GeSiGeSiSiSiGeSiGeSiGeSiGeGeGeGeGeGeGeGeGeGeGeGeGeGeGeGeSiGeSiGeGeGeGeGeGeGeGeGeGeSiGeGeGeGeGeGeSiSiGeSiGeGeGeSiSiGeGeGe
    46820.3437500000 GeSiGeSiSiSiGeSiGeSiGeSiGeGeGeGeGeGeGeGeGeGeGeGeGeGeGeGeSiGeSiGeGeGeGeGeGeGeGeGeGeSiGeGeGeGeGeGeSiSiGeSiGeGeGeSiSiGeGeGe
    46820.3437500000 GeSiGeSiSiSiGeSiGeSiGeSiGeGeGeGeGeGeGeGeGeGeGeGeGeGeGeGeSiGeSiGeGeGeGeGeGeGeGeGeGeSiGeGeGeGeGeGeSiSiGeSiGeGeGeSiSiGeGeGe
    46820.3437500000 GeSiGeSiSiSiGeSiGeSiGeSiGeGeGeGeGeGeGeGeGeGeGeGeGeGeGeGeSiGeSiGeGeGeGeGeGeGeGeGeGeSiGeGeGeGeGeGeSiSiGeSiGeGeGeSiSiGeGeGe
    46820.3437500000 GeSiGeSiSiSiGeSiGeSiGeSiGeGeGeGeGeGeGeGeGeGeGeGeGeGeGeGeSiGeSiGeGeGeGeGeGeGeGeGeGeSiGeGeGeGeGeGeSiSiGeSiGeGeGeSiSiGeGeGe
    46820.3437500000 GeSiGeSiSiSiGeSiGeSiGeSiGeGeGeGeGeGeGeGeGeGeGeGeGeGeGeGeSiGeSiGeGeGeGeGeGeGeGeGeGeSiGeGeGeGeGeGeSiSiGeSiGeGeGeSiSiGeGeGe
    46820.3437500000 GeSiGeSiSiSiGeSiGeSiGeSiGeGeGeGeGeGeGeGeGeGeGeGeGeGeGeGeSiGeSiGeGeGeGeGeGeGeGeGeGeSiGeGeGeGeGeGeSiSiGeSiGeGeGeSiSiGeGeGe
    46820.3437500000 GeSiGeSiSiSiGeSiGeSiGeSiGeGeGeGeGeGeGeGeGeGeGeGeGeGeGeGeSiGeSiGeGeGeGeGeGeGeGeGeGeSiGeGeGeGeGeGeSiSiGeSiGeGeGeSiSiGeGeGe
    46820.3437500000 GeSiGeSiSiSiGeSiGeSiGeSiGeGeGeGeGeGeGeGeGeGeGeGeGeGeGeGeSiGeSiGeGeGeGeGeGeGeGeGeGeSiGeGeGeGeGeGeSiSiGeSiGeGeGeSiSiGeGeGe
    46820.3437500000 GeSiGeSiSiSiGeSiGeSiGeSiGeGeGeGeGeGeGeGeGeGeGeGeGeGeGeGeSiGeSiGeGeGeGeGeGeGeGeGeGeSiGeGeGeGeGeGeSiSiGeSiGeGeGeSiSiGeGeGe
    46820.3437500000 GeSiGeSiSiSiGeSiGeSiGeSiGeGeGeGeGeGeGeGeGeGeGeGeGeGeGeGeSiGeSiGeGeGeGeGeGeGeGeGeGeSiGeGeGeGeGeGeSiSiGeSiGeGeGeSiSiGeGeGe
    46820.3437500000 GeSiGeSiSiSiGeSiGeSiGeSiGeGeGeGeGeGeGeGeGeGeGeGeGeGeGeGeSiGeSiGeGeGeGeGeGeGeGeGeGeSiGeGeGeGeGeGeSiSiGeSiGeGeGeSiSiGeGeGe
    46820.3437500000 GeSiGeSiSiSiGeSiGeSiGeSiGeGeGeGeGeGeGeGeGeGeGeGeGeGeGeGeSiGeSiGeGeGeGeGeGeGeGeGeGeSiGeGeGeGeGeGeSiSiGeSiGeGeGeSiSiGeGeGe
    46820.3437500000 GeSiGeSiSiSiGeSiGeSiGeSiGeGeGeGeGeGeGeGeGeGeGeGeGeGeGeGeSiGeSiGeGeGeGeGeGeGeGeGeGeSiGeGeGeGeGeGeSiSiGeSiGeGeGeSiSiGeGeGe
    46820.3437500000 GeSiGeSiSiSiGeSiGeSiGeSiGeGeGeGeGeGeGeGeGeGeGeGeGeGeGeGeSiGeSiGeGeGeGeGeGeGeGeGeGeSiGeGeGeGeGeGeSiSiGeSiGeGeGeSiSiGeGeGe
    46820.3437500000 GeSiGeSiSiSiGeSiGeSiGeSiGeGeGeGeGeGeGeGeGeGeGeGeGeGeGeGeSiGeSiGeGeGeGeGeGeGeGeGeGeSiGeGeGeGeGeGeSiSiGeSiGeGeGeSiSiGeGeGe
    46820.3437500000 GeSiGeSiSiSiGeSiGeSiGeSiGeGeGeGeGeGeGeGeGeGeGeGeGeGeGeGeSiGeSiGeGeGeGeGeGeGeGeGeGeSiGeGeGeGeGeGeSiSiGeSiGeGeGeSiSiGeGeGe
    46820.3437500000 GeSiGeSiSiSiGeSiGeSiGeSiGeGeGeGeGeGeGeGeGeGeGeGeGeGeGeGeSiGeSiGeGeGeGeGeGeGeGeGeGeSiGeGeGeGeGeGeSiSiGeSiGeGeGeSiSiGeGeGe
    46820.3437500000 GeSiGeSiSiSiGeSiGeSiGeSiGeGeGeGeGeGeGeGeGeGeGeGeGeGeGeGeSiGeSiGeGeGeGeGeGeGeGeGeGeSiGeGeGeGeGeGeSiSiGeSiGeGeGeSiSiGeGeGe
    46820.3437500000 GeSiGeSiSiSiGeSiGeSiGeSiGeGeGeGeGeGeGeGeGeGeGeGeGeGeGeGeSiGeSiGeGeGeGeGeGeGeGeGeGeSiGeGeGeGeGeGeSiSiGeSiGeGeGeSiSiGeGeGe
    46820.3437500000 GeSiGeSiSiSiGeSiGeSiGeSiGeGeGeGeGeGeGeGeGeGeGeGeGeGeGeGeSiGeSiGeGeGeGeGeGeGeGeGeGeSiGeGeGeGeGeGeSiSiGeSiGeGeGeSiSiGeGeGe
    46820.3437500000 GeSiGeSiSiSiGeSiGeSiGeSiGeGeGeGeGeGeGeGeGeGeGeGeGeGeGeGeSiGeSiGeGeGeGeGeGeGeGeGeGeSiGeGeGeGeGeGeSiSiGeSiGeGeGeSiSiGeGeGe
    46820.3437500000 GeSiGeSiSiSiGeSiGeSiGeSiGeGeGeGeGeGeGeGeGeGeGeGeGeGeGeGeSiGeSiGeGeGeGeGeGeGeGeGeGeSiGeGeGeGeGeGeSiSiGeSiGeGeGeSiSiGeGeGe
    46820.3437500000 GeSiGeSiSiSiGeSiGeSiGeSiGeGeGeGeGeGeGeGeGeGeGeGeGeGeGeGeSiGeSiGeGeGeGeGeGeGeGeGeGeSiGeGeGeGeGeGeSiSiGeSiGeGeGeSiSiGeGeGe
    46820.3437500000 GeSiGeSiSiSiGeSiGeSiGeSiGeGeGeGeGeGeGeGeGeGeGeGeGeGeGeGeSiGeSiGeGeGeGeGeGeGeGeGeGeSiGeGeGeGeGeGeSiSiGeSiGeGeGeSiSiGeGeGe
    46820.3437500000 GeSiGeSiSiSiGeSiGeSiGeSiGeGeGeGeGeGeGeGeGeGeGeGeGeGeGeGeSiGeSiGeGeGeGeGeGeGeGeGeGeSiGeGeGeGeGeGeSiSiGeSiGeGeGeSiSiGeGeGe
    46820.3437500000 GeSiGeSiSiSiGeSiGeSiGeSiGeGeGeGeGeGeGeGeGeGeGeGeGeGeGeGeSiGeSiGeGeGeGeGeGeGeGeGeGeSiGeGeGeGeGeGeSiSiGeSiGeGeGeSiSiGeGeGe
    46820.3437500000 GeSiGeSiSiSiGeSiGeSiGeSiGeGeGeGeGeGeGeGeGeGeGeGeGeGeGeGeSiGeSiGeGeGeGeGeGeGeGeGeGeSiGeGeGeGeGeGeSiSiGeSiGeGeGeSiSiGeGeGe
    46820.3437500000 GeSiGeSiSiSiGeSiGeSiGeSiGeGeGeGeGeGeGeGeGeGeGeGeGeGeGeGeSiGeSiGeGeGeGeGeGeGeGeGeGeSiGeGeGeGeGeGeSiSiGeSiGeGeGeSiSiGeGeGe
    46820.3437500000 GeSiGeSiSiSiGeSiGeSiGeSiGeGeGeGeGeGeGeGeGeGeGeGeGeGeGeGeSiGeSiGeGeGeGeGeGeGeGeGeGeSiGeGeGeGeGeGeSiSiGeSiGeGeGeSiSiGeGeGe
    46820.3437500000 GeSiGeSiSiSiGeSiGeSiGeSiGeGeGeGeGeGeGeGeGeGeGeGeGeGeGeGeSiGeSiGeGeGeGeGeGeGeGeGeGeSiGeGeGeGeGeGeSiSiGeSiGeGeGeSiSiGeGeGe
    46820.3437500000 GeSiGeSiSiSiGeSiGeSiGeSiGeGeGeGeGeGeGeGeGeGeGeGeGeGeGeGeSiGeSiGeGeGeGeGeGeGeGeGeGeSiGeGeGeGeGeGeSiSiGeSiGeGeGeSiSiGeGeGe
    46820.3437500000 GeSiGeSiSiSiGeSiGeSiGeSiGeGeGeGeGeGeGeGeGeGeGeGeGeGeGeGeSiGeSiGeGeGeGeGeGeGeGeGeGeSiGeGeGeGeGeGeSiSiGeSiGeGeGeSiSiGeGeGe
    46820.3437500000 GeSiGeSiSiSiGeSiGeSiGeSiGeGeGeGeGeGeGeGeGeGeGeGeGeGeGeGeSiGeSiGeGeGeGeGeGeGeGeGeGeSiGeGeGeGeGeGeSiSiGeSiGeGeGeSiSiGeGeGe
    46820.3437500000 GeSiGeSiSiSiGeSiGeSiGeSiGeGeGeGeGeGeGeGeGeGeGeGeGeGeGeGeSiGeSiGeGeGeGeGeGeGeGeGeGeSiGeGeGeGeGeGeSiSiGeSiGeGeGeSiSiGeGeGe
    46820.3437500000 GeSiGeSiSiSiGeSiGeSiGeSiGeGeGeGeGeGeGeGeGeGeGeGeGeGeGeGeSiGeSiGeGeGeGeGeGeGeGeGeGeSiGeGeGeGeGeGeSiSiGeSiGeGeGeSiSiGeGeGe
    46820.3437500000 GeSiGeSiSiSiGeSiGeSiGeSiGeGeGeGeGeGeGeGeGeGeGeGeGeGeGeGeSiGeSiGeGeGeGeGeGeGeGeGeGeSiGeGeGeGeGeGeSiSiGeSiGeGeGeSiSiGeGeGe
    46820.3437500000 GeSiGeSiSiSiGeSiGeSiGeSiGeGeGeGeGeGeGeGeGeGeGeGeGeGeGeGeSiGeSiGeGeGeGeGeGeGeGeGeGeSiGeGeGeGeGeGeSiSiGeSiGeGeGeSiSiGeGeGe
    46820.3437500000 GeSiGeSiSiSiGeSiGeSiGeSiGeGeGeGeGeGeGeGeGeGeGeGeGeGeGeGeSiGeSiGeGeGeGeGeGeGeGeGeGeSiGeGeGeGeGeGeSiSiGeSiGeGeGeSiSiGeGeGe
    46820.3437500000 GeSiGeSiSiSiGeSiGeSiGeSiGeGeGeGeGeGeGeGeGeGeGeGeGeGeGeGeSiGeSiGeGeGeGeGeGeGeGeGeGeSiGeGeGeGeGeGeSiSiGeSiGeGeGeSiSiGeGeGe
    46820.3437500000 GeSiGeSiSiSiGeSiGeSiGeSiGeGeGeGeGeGeGeGeGeGeGeGeGeGeGeGeSiGeSiGeGeGeGeGeGeGeGeGeGeSiGeGeGeGeGeGeSiSiGeSiGeGeGeSiSiGeGeGe
    46820.3437500000 GeSiGeSiSiSiGeSiGeSiGeSiGeGeGeGeGeGeGeGeGeGeGeGeGeGeGeGeSiGeSiGeGeGeGeGeGeGeGeGeGeSiGeGeGeGeGeGeSiSiGeSiGeGeGeSiSiGeGeGe
    46820.3437500000 GeSiGeSiSiSiGeSiGeSiGeSiGeGeGeGeGeGeGeGeGeGeGeGeGeGeGeGeSiGeSiGeGeGeGeGeGeGeGeGeGeSiGeGeGeGeGeGeSiSiGeSiGeGeGeSiSiGeGeGe
    46820.3437500000 GeSiGeSiSiSiGeSiGeSiGeSiGeGeGeGeGeGeGeGeGeGeGeGeGeGeGeGeSiGeSiGeGeGeGeGeGeGeGeGeGeSiGeGeGeGeGeGeSiSiGeSiGeGeGeSiSiGeGeGe
    46820.3437500000 GeSiGeSiSiSiGeSiGeSiGeSiGeGeGeGeGeGeGeGeGeGeGeGeGeGeGeGeSiGeSiGeGeGeGeGeGeGeGeGeGeSiGeGeGeGeGeGeSiSiGeSiGeGeGeSiSiGeGeGe
    46820.3437500000 GeSiGeSiSiSiGeSiGeSiGeSiGeGeGeGeGeGeGeGeGeGeGeGeGeGeGeGeSiGeSiGeGeGeGeGeGeGeGeGeGeSiGeGeGeGeGeGeSiSiGeSiGeGeGeSiSiGeGeGe
    46820.3437500000 GeSiGeSiSiSiGeSiGeSiGeSiGeGeGeGeGeGeGeGeGeGeGeGeGeGeGeGeSiGeSiGeGeGeGeGeGeGeGeGeGeSiGeGeGeGeGeGeSiSiGeSiGeGeGeSiSiGeGeGe
    46820.3437500000 GeSiGeSiSiSiGeSiGeSiGeSiGeGeGeGeGeGeGeGeGeGeGeGeGeGeGeGeSiGeSiGeGeGeGeGeGeGeGeGeGeSiGeGeGeGeGeGeSiSiGeSiGeGeGeSiSiGeGeGe
    46820.3437500000 GeSiGeSiSiSiGeSiGeSiGeSiGeGeGeGeGeGeGeGeGeGeGeGeGeGeGeGeSiGeSiGeGeGeGeGeGeGeGeGeGeSiGeGeGeGeGeGeSiSiGeSiGeGeGeSiSiGeGeGe
    46820.3437500000 GeSiGeSiSiSiGeSiGeSiGeSiGeGeGeGeGeGeGeGeGeGeGeGeGeGeGeGeSiGeSiGeGeGeGeGeGeGeGeGeGeSiGeGeGeGeGeGeSiSiGeSiGeGeGeSiSiGeGeGe
    46820.3437500000 GeSiGeSiSiSiGeSiGeSiGeSiGeGeGeGeGeGeGeGeGeGeGeGeGeGeGeGeSiGeSiGeGeGeGeGeGeGeGeGeGeSiGeGeGeGeGeGeSiSiGeSiGeGeGeSiSiGeGeGe
    46820.3437500000 GeSiGeSiSiSiGeSiGeSiGeSiGeGeGeGeGeGeGeGeGeGeGeGeGeGeGeGeSiGeSiGeGeGeGeGeGeGeGeGeGeSiGeGeGeGeGeGeSiSiGeSiGeGeGeSiSiGeGeGe
    46820.3437500000 GeSiGeSiSiSiGeSiGeSiGeSiGeGeGeGeGeGeGeGeGeGeGeGeGeGeGeGeSiGeSiGeGeGeGeGeGeGeGeGeGeSiGeGeGeGeGeGeSiSiGeSiGeGeGeSiSiGeGeGe
    46820.3437500000 GeSiGeSiSiSiGeSiGeSiGeSiGeGeGeGeGeGeGeGeGeGeGeGeGeGeGeGeSiGeSiGeGeGeGeGeGeGeGeGeGeSiGeGeGeGeGeGeSiSiGeSiGeGeGeSiSiGeGeGe
    46820.3437500000 GeSiGeSiSiSiGeSiGeSiGeSiGeGeGeGeGeGeGeGeGeGeGeGeGeGeGeGeSiGeSiGeGeGeGeGeGeGeGeGeGeSiGeGeGeGeGeGeSiSiGeSiGeGeGeSiSiGeGeGe
    46820.3437500000 GeSiGeSiSiSiGeSiGeSiGeSiGeGeGeGeGeGeGeGeGeGeGeGeGeGeGeGeSiGeSiGeGeGeGeGeGeGeGeGeGeSiGeGeGeGeGeGeSiSiGeSiGeGeGeSiSiGeGeGe
    46820.3437500000 GeSiGeSiSiSiGeSiGeSiGeSiGeGeGeGeGeGeGeGeGeGeGeGeGeGeGeGeSiGeSiGeGeGeGeGeGeGeGeGeGeSiGeGeGeGeGeGeSiSiGeSiGeGeGeSiSiGeGeGe
    46820.3437500000 GeSiGeSiSiSiGeSiGeSiGeSiGeGeGeGeGeGeGeGeGeGeGeGeGeGeGeGeSiGeSiGeGeGeGeGeGeGeGeGeGeSiGeGeGeGeGeGeSiSiGeSiGeGeGeSiSiGeGeGe
    46820.3437500000 GeSiGeSiSiSiGeSiGeSiGeSiGeGeGeGeGeGeGeGeGeGeGeGeGeGeGeGeSiGeSiGeGeGeGeGeGeGeGeGeGeSiGeGeGeGeGeGeSiSiGeSiGeGeGeSiSiGeGeGe
    46820.3437500000 GeSiGeSiSiSiGeSiGeSiGeSiGeGeGeGeGeGeGeGeGeGeGeGeGeGeGeGeSiGeSiGeGeGeGeGeGeGeGeGeGeSiGeGeGeGeGeGeSiSiGeSiGeGeGeSiSiGeGeGe
    46820.3437500000 GeSiGeSiSiSiGeSiGeSiGeSiGeGeGeGeGeGeGeGeGeGeGeGeGeGeGeGeSiGeSiGeGeGeGeGeGeGeGeGeGeSiGeGeGeGeGeGeSiSiGeSiGeGeGeSiSiGeGeGe
    46820.3437500000 GeSiGeSiSiSiGeSiGeSiGeSiGeGeGeGeGeGeGeGeGeGeGeGeGeGeGeGeSiGeSiGeGeGeGeGeGeGeGeGeGeSiGeGeGeGeGeGeSiSiGeSiGeGeGeSiSiGeGeGe
    46820.3437500000 GeSiGeSiSiSiGeSiGeSiGeSiGeGeGeGeGeGeGeGeGeGeGeGeGeGeGeGeSiGeSiGeGeGeGeGeGeGeGeGeGeSiGeGeGeGeGeGeSiSiGeSiGeGeGeSiSiGeGeGe
    46820.3437500000 GeSiGeSiSiSiGeSiGeSiGeSiGeGeGeGeGeGeGeGeGeGeGeGeGeGeGeGeSiGeSiGeGeGeGeGeGeGeGeGeGeSiGeGeGeGeGeGeSiSiGeSiGeGeGeSiSiGeGeGe
    46820.3437500000 GeSiGeSiSiSiGeSiGeSiGeSiGeGeGeGeGeGeGeGeGeGeGeGeGeGeGeGeSiGeSiGeGeGeGeGeGeGeGeGeGeSiGeGeGeGeGeGeSiSiGeSiGeGeGeSiSiGeGeGe
    46820.3437500000 GeSiGeSiSiSiGeSiGeSiGeSiGeGeGeGeGeGeGeGeGeGeGeGeGeGeGeGeSiGeSiGeGeGeGeGeGeGeGeGeGeSiGeGeGeGeGeGeSiSiGeSiGeGeGeSiSiGeGeGe
    46820.3437500000 GeSiGeSiSiSiGeSiGeSiGeSiGeGeGeGeGeGeGeGeGeGeGeGeGeGeGeGeSiGeSiGeGeGeGeGeGeGeGeGeGeSiGeGeGeGeGeGeSiSiGeSiGeGeGeSiSiGeGeGe
    46820.3437500000 GeSiGeSiSiSiGeSiGeSiGeSiGeGeGeGeGeGeGeGeGeGeGeGeGeGeGeGeSiGeSiGeGeGeGeGeGeGeGeGeGeSiGeGeGeGeGeGeSiSiGeSiGeGeGeSiSiGeGeGe
    46820.3437500000 GeSiGeSiSiSiGeSiGeSiGeSiGeGeGeGeGeGeGeGeGeGeGeGeGeGeGeGeSiGeSiGeGeGeGeGeGeGeGeGeGeSiGeGeGeGeGeGeSiSiGeSiGeGeGeSiSiGeGeGe
    46820.3437500000 GeSiGeSiSiSiGeSiGeSiGeSiGeGeGeGeGeGeGeGeGeGeGeGeGeGeGeGeSiGeSiGeGeGeGeGeGeGeGeGeGeSiGeGeGeGeGeGeSiSiGeSiGeGeGeSiSiGeGeGe
    46820.3437500000 GeSiGeSiSiSiGeSiGeSiGeSiGeGeGeGeGeGeGeGeGeGeGeGeGeGeGeGeSiGeSiGeGeGeGeGeGeGeGeGeGeSiGeGeGeGeGeGeSiSiGeSiGeGeGeSiSiGeGeGe
    46820.3437500000 GeSiGeSiSiSiGeSiGeSiGeSiGeGeGeGeGeGeGeGeGeGeGeGeGeGeGeGeSiGeSiGeGeGeGeGeGeGeGeGeGeSiGeGeGeGeGeGeSiSiGeSiGeGeGeSiSiGeGeGe
    46820.3437500000 GeSiGeSiSiSiGeSiGeSiGeSiGeGeGeGeGeGeGeGeGeGeGeGeGeGeGeGeSiGeSiGeGeGeGeGeGeGeGeGeGeSiGeGeGeGeGeGeSiSiGeSiGeGeGeSiSiGeGeGe
    46820.3437500000 GeSiGeSiSiSiGeSiGeSiGeSiGeGeGeGeGeGeGeGeGeGeGeGeGeGeGeGeSiGeSiGeGeGeGeGeGeGeGeGeGeSiGeGeGeGeGeGeSiSiGeSiGeGeGeSiSiGeGeGe
    46820.3437500000 GeSiGeSiSiSiGeSiGeSiGeSiGeGeGeGeGeGeGeGeGeGeGeGeGeGeGeGeSiGeSiGeGeGeGeGeGeGeGeGeGeSiGeGeGeGeGeGeSiSiGeSiGeGeGeSiSiGeGeGe
    46820.3437500000 GeSiGeSiSiSiGeSiGeSiGeSiGeGeGeGeGeGeGeGeGeGeGeGeGeGeGeGeSiGeSiGeGeGeGeGeGeGeGeGeGeSiGeGeGeGeGeGeSiSiGeSiGeGeGeSiSiGeGeGe
    46820.3437500000 GeSiGeSiSiSiGeSiGeSiGeSiGeGeGeGeGeGeGeGeGeGeGeGeGeGeGeGeSiGeSiGeGeGeGeGeGeGeGeGeGeSiGeGeGeGeGeGeSiSiGeSiGeGeGeSiSiGeGeGe
    46820.3437500000 GeSiGeSiSiSiGeSiGeSiGeSiGeGeGeGeGeGeGeGeGeGeGeGeGeGeGeGeSiGeSiGeGeGeGeGeGeGeGeGeGeSiGeGeGeGeGeGeSiSiGeSiGeGeGeSiSiGeGeGe
    46820.3437500000 GeSiGeSiSiSiGeSiGeSiGeSiGeGeGeGeGeGeGeGeGeGeGeGeGeGeGeGeSiGeSiGeGeGeGeGeGeGeGeGeGeSiGeGeGeGeGeGeSiSiGeSiGeGeGeSiSiGeGeGe
    46820.3437500000 GeSiGeSiSiSiGeSiGeSiGeSiGeGeGeGeGeGeGeGeGeGeGeGeGeGeGeGeSiGeSiGeGeGeGeGeGeGeGeGeGeSiGeGeGeGeGeGeSiSiGeSiGeGeGeSiSiGeGeGe
    46820.3437500000 GeSiGeSiSiSiGeSiGeSiGeSiGeGeGeGeGeGeGeGeGeGeGeGeGeGeGeGeSiGeSiGeGeGeGeGeGeGeGeGeGeSiGeGeGeGeGeGeSiSiGeSiGeGeGeSiSiGeGeGe
    46820.3437500000 GeSiGeSiSiSiGeSiGeSiGeSiGeGeGeGeGeGeGeGeGeGeGeGeGeGeGeGeSiGeSiGeGeGeGeGeGeGeGeGeGeSiGeGeGeGeGeGeSiSiGeSiGeGeGeSiSiGeGeGe
    46820.3437500000 GeSiGeSiSiSiGeSiGeSiGeSiGeGeGeGeGeGeGeGeGeGeGeGeGeGeGeGeSiGeSiGeGeGeGeGeGeGeGeGeGeSiGeGeGeGeGeGeSiSiGeSiGeGeGeSiSiGeGeGe
    46820.3437500000 GeSiGeSiSiSiGeSiGeSiGeSiGeGeGeGeGeGeGeGeGeGeGeGeGeGeGeGeSiGeSiGeGeGeGeGeGeGeGeGeGeSiGeGeGeGeGeGeSiSiGeSiGeGeGeSiSiGeGeGe
    46820.3437500000 GeSiGeSiSiSiGeSiGeSiGeSiGeGeGeGeGeGeGeGeGeGeGeGeGeGeGeGeSiGeSiGeGeGeGeGeGeGeGeGeGeSiGeGeGeGeGeGeSiSiGeSiGeGeGeSiSiGeGeGe
    46820.3437500000 GeSiGeSiSiSiGeSiGeSiGeSiGeGeGeGeGeGeGeGeGeGeGeGeGeGeGeGeSiGeSiGeGeGeGeGeGeGeGeGeGeSiGeGeGeGeGeGeSiSiGeSiGeGeGeSiSiGeGeGe
    46820.3437500000 GeSiGeSiSiSiGeSiGeSiGeSiGeGeGeGeGeGeGeGeGeGeGeGeGeGeGeGeSiGeSiGeGeGeGeGeGeGeGeGeGeSiGeGeGeGeGeGeSiSiGeSiGeGeGeSiSiGeGeGe
    46820.3437500000 GeSiGeSiSiSiGeSiGeSiGeSiGeGeGeGeGeGeGeGeGeGeGeGeGeGeGeGeSiGeSiGeGeGeGeGeGeGeGeGeGeSiGeGeGeGeGeGeSiSiGeSiGeGeGeSiSiGeGeGe
    46820.3437500000 GeSiGeSiSiSiGeSiGeSiGeSiGeGeGeGeGeGeGeGeGeGeGeGeGeGeGeGeSiGeSiGeGeGeGeGeGeGeGeGeGeSiGeGeGeGeGeGeSiSiGeSiGeGeGeSiSiGeGeGe
    46820.3437500000 GeSiGeSiSiSiGeSiGeSiGeSiGeGeGeGeGeGeGeGeGeGeGeGeGeGeGeGeSiGeSiGeGeGeGeGeGeGeGeGeGeSiGeGeGeGeGeGeSiSiGeSiGeGeGeSiSiGeGeGe
    46820.3437500000 GeSiGeSiSiSiGeSiGeSiGeSiGeGeGeGeGeGeGeGeGeGeGeGeGeGeGeGeSiGeSiGeGeGeGeGeGeGeGeGeGeSiGeGeGeGeGeGeSiSiGeSiGeGeGeSiSiGeGeGe
    46820.3437500000 GeSiGeSiSiSiGeSiGeSiGeSiGeGeGeGeGeGeGeGeGeGeGeGeGeGeGeGeSiGeSiGeGeGeGeGeGeGeGeGeGeSiGeGeGeGeGeGeSiSiGeSiGeGeGeSiSiGeGeGe
    46820.3437500000 GeSiGeSiSiSiGeSiGeSiGeSiGeGeGeGeGeGeGeGeGeGeGeGeGeGeGeGeSiGeSiGeGeGeGeGeGeGeGeGeGeSiGeGeGeGeGeGeSiSiGeSiGeGeGeSiSiGeGeGe
    46820.3437500000 GeSiGeSiSiSiGeSiGeSiGeSiGeGeGeGeGeGeGeGeGeGeGeGeGeGeGeGeSiGeSiGeGeGeGeGeGeGeGeGeGeSiGeGeGeGeGeGeSiSiGeSiGeGeGeSiSiGeGeGe
    46820.3437500000 GeSiGeSiSiSiGeSiGeSiGeSiGeGeGeGeGeGeGeGeGeGeGeGeGeGeGeGeSiGeSiGeGeGeGeGeGeGeGeGeGeSiGeGeGeGeGeGeSiSiGeSiGeGeGeSiSiGeGeGe
    46820.3437500000 GeSiGeSiSiSiGeSiGeSiGeSiGeGeGeGeGeGeGeGeGeGeGeGeGeGeGeGeSiGeSiGeGeGeGeGeGeGeGeGeGeSiGeGeGeGeGeGeSiSiGeSiGeGeGeSiSiGeGeGe
    46820.3437500000 GeSiGeSiSiSiGeSiGeSiGeSiGeGeGeGeGeGeGeGeGeGeGeGeGeGeGeGeSiGeSiGeGeGeGeGeGeGeGeGeGeSiGeGeGeGeGeGeSiSiGeSiGeGeGeSiSiGeGeGe
    46820.3437500000 GeSiGeSiSiSiGeSiGeSiGeSiGeGeGeGeGeGeGeGeGeGeGeGeGeGeGeGeSiGeSiGeGeGeGeGeGeGeGeGeGeSiGeGeGeGeGeGeSiSiGeSiGeGeGeSiSiGeGeGe
    46820.3437500000 GeSiGeSiSiSiGeSiGeSiGeSiGeGeGeGeGeGeGeGeGeGeGeGeGeGeGeGeSiGeSiGeGeGeGeGeGeGeGeGeGeSiGeGeGeGeGeGeSiSiGeSiGeGeGeSiSiGeGeGe
    46820.3437500000 GeSiGeSiSiSiGeSiGeSiGeSiGeGeGeGeGeGeGeGeGeGeGeGeGeGeGeGeSiGeSiGeGeGeGeGeGeGeGeGeGeSiGeGeGeGeGeGeSiSiGeSiGeGeGeSiSiGeGeGe
    46820.3437500000 GeSiGeSiSiSiGeSiGeSiGeSiGeGeGeGeGeGeGeGeGeGeGeGeGeGeGeGeSiGeSiGeGeGeGeGeGeGeGeGeGeSiGeGeGeGeGeGeSiSiGeSiGeGeGeSiSiGeGeGe
    46820.3437500000 GeSiGeSiSiSiGeSiGeSiGeSiGeGeGeGeGeGeGeGeGeGeGeGeGeGeGeGeSiGeSiGeGeGeGeGeGeGeGeGeGeSiGeGeGeGeGeGeSiSiGeSiGeGeGeSiSiGeGeGe
    46820.3437500000 GeSiGeSiSiSiGeSiGeSiGeSiGeGeGeGeGeGeGeGeGeGeGeGeGeGeGeGeSiGeSiGeGeGeGeGeGeGeGeGeGeSiGeGeGeGeGeGeSiSiGeSiGeGeGeSiSiGeGeGe
    46820.3437500000 GeSiGeSiSiSiGeSiGeSiGeSiGeGeGeGeGeGeGeGeGeGeGeGeGeGeGeGeSiGeSiGeGeGeGeGeGeGeGeGeGeSiGeGeGeGeGeGeSiSiGeSiGeGeGeSiSiGeGeGe
    46820.3437500000 GeSiGeSiSiSiGeSiGeSiGeSiGeGeGeGeGeGeGeGeGeGeGeGeGeGeGeGeSiGeSiGeGeGeGeGeGeGeGeGeGeSiGeGeGeGeGeGeSiSiGeSiGeGeGeSiSiGeGeGe
    46820.3437500000 GeSiGeSiSiSiGeSiGeSiGeSiGeGeGeGeGeGeGeGeGeGeGeGeGeGeGeGeSiGeSiGeGeGeGeGeGeGeGeGeGeSiGeGeGeGeGeGeSiSiGeSiGeGeGeSiSiGeGeGe
    46820.3437500000 GeSiGeSiSiSiGeSiGeSiGeSiGeGeGeGeGeGeGeGeGeGeGeGeGeGeGeGeSiGeSiGeGeGeGeGeGeGeGeGeGeSiGeGeGeGeGeGeSiSiGeSiGeGeGeSiSiGeGeGe
    46820.3437500000 GeSiGeSiSiSiGeSiGeSiGeSiGeGeGeGeGeGeGeGeGeGeGeGeGeGeGeGeSiGeSiGeGeGeGeGeGeGeGeGeGeSiGeGeGeGeGeGeSiSiGeSiGeGeGeSiSiGeGeGe
    46820.3437500000 GeSiGeSiSiSiGeSiGeSiGeSiGeGeGeGeGeGeGeGeGeGeGeGeGeGeGeGeSiGeSiGeGeGeGeGeGeGeGeGeGeSiGeGeGeGeGeGeSiSiGeSiGeGeGeSiSiGeGeGe
    46820.3437500000 GeSiGeSiSiSiGeSiGeSiGeSiGeGeGeGeGeGeGeGeGeGeGeGeGeGeGeGeSiGeSiGeGeGeGeGeGeGeGeGeGeSiGeGeGeGeGeGeSiSiGeSiGeGeGeSiSiGeGeGe
    46820.3437500000 GeSiGeSiSiSiGeSiGeSiGeSiGeGeGeGeGeGeGeGeGeGeGeGeGeGeGeGeSiGeSiGeGeGeGeGeGeGeGeGeGeSiGeGeGeGeGeGeSiSiGeSiGeGeGeSiSiGeGeGe
    46820.3437500000 GeSiGeSiSiSiGeSiGeSiGeSiGeGeGeGeGeGeGeGeGeGeGeGeGeGeGeGeSiGeSiGeGeGeGeGeGeGeGeGeGeSiGeGeGeGeGeGeSiSiGeSiGeGeGeSiSiGeGeGe
    46820.3437500000 GeSiGeSiSiSiGeSiGeSiGeSiGeGeGeGeGeGeGeGeGeGeGeGeGeGeGeGeSiGeSiGeGeGeGeGeGeGeGeGeGeSiGeGeGeGeGeGeSiSiGeSiGeGeGeSiSiGeGeGe
    46820.3437500000 GeSiGeSiSiSiGeSiGeSiGeSiGeGeGeGeGeGeGeGeGeGeGeGeGeGeGeGeSiGeSiGeGeGeGeGeGeGeGeGeGeSiGeGeGeGeGeGeSiSiGeSiGeGeGeSiSiGeGeGe
    46820.3437500000 GeSiGeSiSiSiGeSiGeSiGeSiGeGeGeGeGeGeGeGeGeGeGeGeGeGeGeGeSiGeSiGeGeGeGeGeGeGeGeGeGeSiGeGeGeGeGeGeSiSiGeSiGeGeGeSiSiGeGeGe
    46820.3437500000 GeSiGeSiSiSiGeSiGeSiGeSiGeGeGeGeGeGeGeGeGeGeGeGeGeGeGeGeSiGeSiGeGeGeGeGeGeGeGeGeGeSiGeGeGeGeGeGeSiSiGeSiGeGeGeSiSiGeGeGe
    46820.3437500000 GeSiGeSiSiSiGeSiGeSiGeSiGeGeGeGeGeGeGeGeGeGeGeGeGeGeGeGeSiGeSiGeGeGeGeGeGeGeGeGeGeSiGeGeGeGeGeGeSiSiGeSiGeGeGeSiSiGeGeGe
    46820.3437500000 GeSiGeSiSiSiGeSiGeSiGeSiGeGeGeGeGeGeGeGeGeGeGeGeGeGeGeGeSiGeSiGeGeGeGeGeGeGeGeGeGeSiGeGeGeGeGeGeSiSiGeSiGeGeGeSiSiGeGeGe
    46820.3437500000 GeSiGeSiSiSiGeSiGeSiGeSiGeGeGeGeGeGeGeGeGeGeGeGeGeGeGeGeSiGeSiGeGeGeGeGeGeGeGeGeGeSiGeGeGeGeGeGeSiSiGeSiGeGeGeSiSiGeGeGe
    46820.3437500000 GeSiGeSiSiSiGeSiGeSiGeSiGeGeGeGeGeGeGeGeGeGeGeGeGeGeGeGeSiGeSiGeGeGeGeGeGeGeGeGeGeSiGeGeGeGeGeGeSiSiGeSiGeGeGeSiSiGeGeGe
    46820.3437500000 GeSiGeSiSiSiGeSiGeSiGeSiGeGeGeGeGeGeGeGeGeGeGeGeGeGeGeGeSiGeSiGeGeGeGeGeGeGeGeGeGeSiGeGeGeGeGeGeSiSiGeSiGeGeGeSiSiGeGeGe
    46820.3437500000 GeSiGeSiSiSiGeSiGeSiGeSiGeGeGeGeGeGeGeGeGeGeGeGeGeGeGeGeSiGeSiGeGeGeGeGeGeGeGeGeGeSiGeGeGeGeGeGeSiSiGeSiGeGeGeSiSiGeGeGe
    46820.3437500000 GeSiGeSiSiSiGeSiGeSiGeSiGeGeGeGeGeGeGeGeGeGeGeGeGeGeGeGeSiGeSiGeGeGeGeGeGeGeGeGeGeSiGeGeGeGeGeGeSiSiGeSiGeGeGeSiSiGeGeGe
    46820.3437500000 GeSiGeSiSiSiGeSiGeSiGeSiGeGeGeGeGeGeGeGeGeGeGeGeGeGeGeGeSiGeSiGeGeGeGeGeGeGeGeGeGeSiGeGeGeGeGeGeSiSiGeSiGeGeGeSiSiGeGeGe
    46820.3437500000 GeSiGeSiSiSiGeSiGeSiGeSiGeGeGeGeGeGeGeGeGeGeGeGeGeGeGeGeSiGeSiGeGeGeGeGeGeGeGeGeGeSiGeGeGeGeGeGeSiSiGeSiGeGeGeSiSiGeGeGe
    46820.3437500000 GeSiGeSiSiSiGeSiGeSiGeSiGeGeGeGeGeGeGeGeGeGeGeGeGeGeGeGeSiGeSiGeGeGeGeGeGeGeGeGeGeSiGeGeGeGeGeGeSiSiGeSiGeGeGeSiSiGeGeGe
    46820.3437500000 GeSiGeSiSiSiGeSiGeSiGeSiGeGeGeGeGeGeGeGeGeGeGeGeGeGeGeGeSiGeSiGeGeGeGeGeGeGeGeGeGeSiGeGeGeGeGeGeSiSiGeSiGeGeGeSiSiGeGeGe
    46820.3437500000 GeSiGeSiSiSiGeSiGeSiGeSiGeGeGeGeGeGeGeGeGeGeGeGeGeGeGeGeSiGeSiGeGeGeGeGeGeGeGeGeGeSiGeGeGeGeGeGeSiSiGeSiGeGeGeSiSiGeGeGe
    46820.3437500000 GeSiGeSiSiSiGeSiGeSiGeSiGeGeGeGeGeGeGeGeGeGeGeGeGeGeGeGeSiGeSiGeGeGeGeGeGeGeGeGeGeSiGeGeGeGeGeGeSiSiGeSiGeGeGeSiSiGeGeGe
    46820.3437500000 GeSiGeSiSiSiGeSiGeSiGeSiGeGeGeGeGeGeGeGeGeGeGeGeGeGeGeGeSiGeSiGeGeGeGeGeGeGeGeGeGeSiGeGeGeGeGeGeSiSiGeSiGeGeGeSiSiGeGeGe
    46820.3437500000 GeSiGeSiSiSiGeSiGeSiGeSiGeGeGeGeGeGeGeGeGeGeGeGeGeGeGeGeSiGeSiGeGeGeGeGeGeGeGeGeGeSiGeGeGeGeGeGeSiSiGeSiGeGeGeSiSiGeGeGe
    46820.3437500000 GeSiGeSiSiSiGeSiGeSiGeSiGeGeGeGeGeGeGeGeGeGeGeGeGeGeGeGeSiGeSiGeGeGeGeGeGeGeGeGeGeSiGeGeGeGeGeGeSiSiGeSiGeGeGeSiSiGeGeGe
    46820.3437500000 GeSiGeSiSiSiGeSiGeSiGeSiGeGeGeGeGeGeGeGeGeGeGeGeGeGeGeGeSiGeSiGeGeGeGeGeGeGeGeGeGeSiGeGeGeGeGeGeSiSiGeSiGeGeGeSiSiGeGeGe
    46820.3437500000 GeSiGeSiSiSiGeSiGeSiGeSiGeGeGeGeGeGeGeGeGeGeGeGeGeGeGeGeSiGeSiGeGeGeGeGeGeGeGeGeGeSiGeGeGeGeGeGeSiSiGeSiGeGeGeSiSiGeGeGe
    46820.3437500000 GeSiGeSiSiSiGeSiGeSiGeSiGeGeGeGeGeGeGeGeGeGeGeGeGeGeGeGeSiGeSiGeGeGeGeGeGeGeGeGeGeSiGeGeGeGeGeGeSiSiGeSiGeGeGeSiSiGeGeGe
    46820.3437500000 GeSiGeSiSiSiGeSiGeSiGeSiGeGeGeGeGeGeGeGeGeGeGeGeGeGeGeGeSiGeSiGeGeGeGeGeGeGeGeGeGeSiGeGeGeGeGeGeSiSiGeSiGeGeGeSiSiGeGeGe
    46820.3437500000 GeSiGeSiSiSiGeSiGeSiGeSiGeGeGeGeGeGeGeGeGeGeGeGeGeGeGeGeSiGeSiGeGeGeGeGeGeGeGeGeGeSiGeGeGeGeGeGeSiSiGeSiGeGeGeSiSiGeGeGe
    46820.3437500000 GeSiGeSiSiSiGeSiGeSiGeSiGeGeGeGeGeGeGeGeGeGeGeGeGeGeGeGeSiGeSiGeGeGeGeGeGeGeGeGeGeSiGeGeGeGeGeGeSiSiGeSiGeGeGeSiSiGeGeGe
    46820.3437500000 GeSiGeSiSiSiGeSiGeSiGeSiGeGeGeGeGeGeGeGeGeGeGeGeGeGeGeGeSiGeSiGeGeGeGeGeGeGeGeGeGeSiGeGeGeGeGeGeSiSiGeSiGeGeGeSiSiGeGeGe
    46820.3437500000 GeSiGeSiSiSiGeSiGeSiGeSiGeGeGeGeGeGeGeGeGeGeGeGeGeGeGeGeSiGeSiGeGeGeGeGeGeGeGeGeGeSiGeGeGeGeGeGeSiSiGeSiGeGeGeSiSiGeGeGe
    46820.3437500000 GeSiGeSiSiSiGeSiGeSiGeSiGeGeGeGeGeGeGeGeGeGeGeGeGeGeGeGeSiGeSiGeGeGeGeGeGeGeGeGeGeSiGeGeGeGeGeGeSiSiGeSiGeGeGeSiSiGeGeGe
    46820.3437500000 GeSiGeSiSiSiGeSiGeSiGeSiGeGeGeGeGeGeGeGeGeGeGeGeGeGeGeGeSiGeSiGeGeGeGeGeGeGeGeGeGeSiGeGeGeGeGeGeSiSiGeSiGeGeGeSiSiGeGeGe
    46820.3437500000 GeSiGeSiSiSiGeSiGeSiGeSiGeGeGeGeGeGeGeGeGeGeGeGeGeGeGeGeSiGeSiGeGeGeGeGeGeGeGeGeGeSiGeGeGeGeGeGeSiSiGeSiGeGeGeSiSiGeGeGe
    46820.3437500000 GeSiGeSiSiSiGeSiGeSiGeSiGeGeGeGeGeGeGeGeGeGeGeGeGeGeGeGeSiGeSiGeGeGeGeGeGeGeGeGeGeSiGeGeGeGeGeGeSiSiGeSiGeGeGeSiSiGeGeGe
    46820.3437500000 GeSiGeSiSiSiGeSiGeSiGeSiGeGeGeGeGeGeGeGeGeGeGeGeGeGeGeGeSiGeSiGeGeGeGeGeGeGeGeGeGeSiGeGeGeGeGeGeSiSiGeSiGeGeGeSiSiGeGeGe
    46820.3437500000 GeSiGeSiSiSiGeSiGeSiGeSiGeGeGeGeGeGeGeGeGeGeGeGeGeGeGeGeSiGeSiGeGeGeGeGeGeGeGeGeGeSiGeGeGeGeGeGeSiSiGeSiGeGeGeSiSiGeGeGe
    46820.3437500000 GeSiGeSiSiSiGeSiGeSiGeSiGeGeGeGeGeGeGeGeGeGeGeGeGeGeGeGeSiGeSiGeGeGeGeGeGeGeGeGeGeSiGeGeGeGeGeGeSiSiGeSiGeGeGeSiSiGeGeGe
    46820.3437500000 GeSiGeSiSiSiGeSiGeSiGeSiGeGeGeGeGeGeGeGeGeGeGeGeGeGeGeGeSiGeSiGeGeGeGeGeGeGeGeGeGeSiGeGeGeGeGeGeSiSiGeSiGeGeGeSiSiGeGeGe
    46820.3437500000 GeSiGeSiSiSiGeSiGeSiGeSiGeGeGeGeGeGeGeGeGeGeGeGeGeGeGeGeSiGeSiGeGeGeGeGeGeGeGeGeGeSiGeGeGeGeGeGeSiSiGeSiGeGeGeSiSiGeGeGe
    46820.3437500000 GeSiGeSiSiSiGeSiGeSiGeSiGeGeGeGeGeGeGeGeGeGeGeGeGeGeGeGeSiGeSiGeGeGeGeGeGeGeGeGeGeSiGeGeGeGeGeGeSiSiGeSiGeGeGeSiSiGeGeGe
    46820.3437500000 GeSiGeSiSiSiGeSiGeSiGeSiGeGeGeGeGeGeGeGeGeGeGeGeGeGeGeGeSiGeSiGeGeGeGeGeGeGeGeGeGeSiGeGeGeGeGeGeSiSiGeSiGeGeGeSiSiGeGeGe
    46820.3437500000 GeSiGeSiSiSiGeSiGeSiGeSiGeGeGeGeGeGeGeGeGeGeGeGeGeGeGeGeSiGeSiGeGeGeGeGeGeGeGeGeGeSiGeGeGeGeGeGeSiSiGeSiGeGeGeSiSiGeGeGe
    46820.3437500000 GeSiGeSiSiSiGeSiGeSiGeSiGeGeGeGeGeGeGeGeGeGeGeGeGeGeGeGeSiGeSiGeGeGeGeGeGeGeGeGeGeSiGeGeGeGeGeGeSiSiGeSiGeGeGeSiSiGeGeGe
    46820.3437500000 GeSiGeSiSiSiGeSiGeSiGeSiGeGeGeGeGeGeGeGeGeGeGeGeGeGeGeGeSiGeSiGeGeGeGeGeGeGeGeGeGeSiGeGeGeGeGeGeSiSiGeSiGeGeGeSiSiGeGeGe
    46820.3437500000 GeSiGeSiSiSiGeSiGeSiGeSiGeGeGeGeGeGeGeGeGeGeGeGeGeGeGeGeSiGeSiGeGeGeGeGeGeGeGeGeGeSiGeGeGeGeGeGeSiSiGeSiGeGeGeSiSiGeGeGe
    46820.3437500000 GeSiGeSiSiSiGeSiGeSiGeSiGeGeGeGeGeGeGeGeGeGeGeGeGeGeGeGeSiGeSiGeGeGeGeGeGeGeGeGeGeSiGeGeGeGeGeGeSiSiGeSiGeGeGeSiSiGeGeGe
    46820.3437500000 GeSiGeSiSiSiGeSiGeSiGeSiGeGeGeGeGeGeGeGeGeGeGeGeGeGeGeGeSiGeSiGeGeGeGeGeGeGeGeGeGeSiGeGeGeGeGeGeSiSiGeSiGeGeGeSiSiGeGeGe
    46820.3437500000 GeSiGeSiSiSiGeSiGeSiGeSiGeGeGeGeGeGeGeGeGeGeGeGeGeGeGeGeSiGeSiGeGeGeGeGeGeGeGeGeGeSiGeGeGeGeGeGeSiSiGeSiGeGeGeSiSiGeGeGe
filename: c000001144833723.gin     
Cell:
    11.9020996    11.9020996    29.6919994    90.0000000    90.0000000   120.0000000
Box:
    11.9020996    -5.9510503     0.0000000
     0.0000000    10.3075209     0.0000000
     0.0000000     0.0000000    29.6919994
----------------------------------------
Inverse Box:
     0.0840188     0.0485083     0.0000000
     0.0000000     0.0970165     0.0000000
     0.0000000     0.0000000     0.0336791
----------------------------------------
==============================================
geometrical properties of  45 Ge:
 Configuration:           0
 D_ave:   9.10887337       3.55717301    
 D_min:   3.02154279       2.22261846E-02
 energia:   46820.3438    
