Random Seed:  1219323981
Number of atoms:    60
Space Group:    1
Cell:
    11.9020996    11.9020996    29.6919994    90.0000000    90.0000000   120.0000000
Box:
    11.9020996    -5.9510503     0.0000000
     0.0000000    10.3075209     0.0000000
     0.0000000     0.0000000    29.6919994
----------------------------------------
Inverse Box:
     0.0840188     0.0485083     0.0000000
     0.0000000     0.0970165     0.0000000
     0.0000000     0.0000000     0.0336791
----------------------------------------
GeSiSiSiSiSiSiSiSiSiSiSiSiSiSiSiSiSiSiSiSiSiSiSiSiSiSiSiSiSiSiSiSiSiSiGeSiSiSiSiSiSiSiSiSiSiSiSiSiSiSiSiSiSiSiSiSiSiSiSi
           1 Ge    -7733.56836    
GeGeSiSiSiSiSiSiSiSiSiSiSiSiSiSiSiSiSiSiSiSiSiSiSiSiSiSiSiSiSiSiSiSiSiGeSiSiSiSiSiSiSiSiSiSiSiSiSiSiSiSiSiSiSiSiSiSiSiSi
           2 Ge    -7727.61523    
GeGeGeSiSiSiSiSiSiSiSiSiSiSiSiSiSiSiSiSiSiSiSiSiSiSiSiSiSiSiSiSiSiSiSiGeSiSiSiSiSiSiSiSiSiSiSiSiSiSiSiSiSiSiSiSiSiSiSiSi
           3 Ge    -7721.52441    
GeGeGeGeSiSiSiSiSiSiSiSiSiSiSiSiSiSiSiSiSiSiSiSiSiSiSiSiSiSiSiSiSiSiSiGeSiSiSiSiSiSiSiSiSiSiSiSiSiSiSiSiSiSiSiSiSiSiSiSi
           4 Ge    -7746.98535    
GeGeGeGeGeSiSiSiSiSiSiSiSiSiSiSiSiSiSiSiSiSiSiSiSiSiSiSiSiSiSiSiSiSiSiGeSiSiSiSiSiSiSiSiSiSiSiSiSiSiSiSiSiSiSiSiSiSiSiSi
           5 Ge    -7791.12354    
GeGeGeGeGeGeSiSiSiSiSiSiSiSiSiSiSiSiSiSiSiSiSiSiSiSiSiSiSiSiSiSiSiSiSiGeSiSiSiSiSiSiSiSiSiSiSiSiSiSiSiSiSiSiSiSiSiSiSiSi
           6 Ge    -7855.56396    
GeGeGeGeGeGeGeSiSiSiSiSiSiSiSiSiSiSiSiSiSiSiSiSiSiSiSiSiSiSiSiSiSiSiSiGeSiSiSiSiSiSiSiSiSiSiSiSiSiSiSiSiSiSiSiSiSiSiSiSi
           7 Ge    -7756.38232    
GeGeGeGeGeGeGeGeSiSiSiSiSiSiSiSiSiSiSiSiSiSiSiSiSiSiSiSiSiSiSiSiSiSiSiGeSiSiSiSiSiSiSiSiSiSiSiSiSiSiSiSiSiSiSiSiSiSiSiSi
           8 Ge    -7957.16699    
GeGeGeGeGeGeGeGeSiSiSiGeSiSiSiSiSiSiSiSiSiSiSiSiSiSiSiSiSiSiSiSiSiSiSiGeSiSiSiSiSiSiSiSiSiSiSiSiSiSiSiSiSiSiSiSiSiSiSiSi
          12 Ge    -8285.14551    
GeGeGeGeGeGeGeGeSiSiSiGeSiGeSiSiSiSiSiSiSiSiSiSiSiSiSiSiSiSiSiSiSiSiSiGeSiSiSiSiSiSiSiSiSiSiSiSiSiSiSiSiSiSiSiSiSiSiSiSi
          14 Ge    -7705.36475    
GeGeGeGeGeGeGeGeSiSiSiGeSiGeSiGeSiSiSiSiSiSiSiSiSiSiSiSiSiSiSiSiSiSiSiGeSiSiSiSiSiSiSiSiSiSiSiSiSiSiSiSiSiSiSiSiSiSiSiSi
          16 Ge    -7869.28955    
GeGeGeGeGeGeGeGeSiSiSiGeSiGeSiGeSiSiSiSiSiSiSiSiSiGeSiSiSiSiSiSiSiSiSiGeSiSiSiSiSiSiSiSiSiSiSiSiSiSiSiSiSiSiSiSiSiSiSiSi
          26 Ge    -7374.38623    
GeGeGeGeGeGeGeGeSiSiSiGeSiGeSiGeSiSiSiSiSiSiSiSiSiGeSiSiSiGeSiSiSiSiSiGeSiSiSiSiSiSiSiSiSiSiSiSiSiSiSiSiSiSiSiSiSiSiSiSi
          30 Ge    -7283.42188    
GeGeGeGeGeGeGeGeSiSiSiGeSiGeSiGeSiSiSiSiSiSiSiSiSiGeSiSiSiGeSiSiGeSiSiGeSiSiSiSiSiSiSiSiSiSiSiSiSiSiSiSiSiSiSiSiSiSiSiSi
          33 Ge    -7894.06055    
GeGeGeGeGeGeGeGeSiSiSiGeSiGeSiGeSiSiSiSiSiSiSiSiSiGeSiSiSiGeSiSiGeSiSiGeSiSiGeSiSiSiSiSiSiSiSiSiSiSiSiSiSiSiSiSiSiSiSiSi
          39 Ge    -8565.34375    
GeGeGeGeGeGeGeGeSiSiSiGeSiGeSiGeSiSiSiSiSiSiSiSiSiGeSiSiSiGeSiSiGeSiSiGeSiSiGeGeSiSiSiSiSiSiSiSiSiSiSiSiSiSiSiSiSiSiSiSi
          40 Ge    -8694.12598    
GeGeGeGeGeGeGeGeSiSiSiGeSiGeSiGeSiSiSiSiSiSiSiSiSiGeSiSiSiGeSiSiGeSiSiGeSiSiGeGeGeSiSiSiSiSiSiSiSiSiSiSiSiSiSiSiSiSiSiSi
          41 Ge    -9475.82617    
GeGeGeGeGeGeGeGeSiSiSiGeSiGeSiGeSiSiSiSiSiSiSiSiSiGeSiSiSiGeSiSiGeSiSiGeSiSiGeGeGeGeSiSiSiSiSiSiSiSiSiSiSiSiSiSiSiSiSiSi
          42 Ge    -8050.49463    
GeGeGeGeGeGeGeGeSiSiSiGeSiGeSiGeSiSiSiSiSiSiSiSiSiGeSiSiSiGeSiSiGeSiSiGeSiSiGeGeGeGeSiSiGeSiSiSiSiSiSiSiSiSiSiSiSiSiSiSi
          45 Ge    -8569.50195    
GeGeGeGeGeGeGeGeSiSiSiGeSiGeSiGeSiSiSiSiSiSiSiSiSiGeSiSiSiGeSiSiGeSiSiGeSiSiGeGeGeGeSiSiGeGeSiSiSiSiSiSiSiSiSiSiSiSiSiSi
          46 Ge    -8874.30957    
GeGeGeGeGeGeGeGeSiSiSiGeSiGeSiGeSiSiSiSiSiSiSiSiSiGeSiSiSiGeSiSiGeSiSiGeSiSiGeGeGeGeSiSiGeGeSiSiSiSiSiSiSiSiSiSiGeSiSiSi
          57 Ge    -10112.7715    
GeGeGeGeGeGeGeGeSiGeSiGeSiGeSiGeSiSiSiSiSiSiSiSiSiGeSiSiSiGeSiSiGeSiSiGeSiSiGeGeGeGeSiSiGeGeSiSiSiSiSiSiSiSiSiSiGeSiSiSi
          10 Ge    -8048.07129    
GeGeGeGeGeGeGeGeSiGeGeGeSiGeSiGeSiSiSiSiSiSiSiSiSiGeSiSiSiGeSiSiGeSiSiGeSiSiGeGeGeGeSiSiGeGeSiSiSiSiSiSiSiSiSiSiGeSiSiSi
          11 Ge    -7774.87646    
GeGeGeGeGeGeGeGeSiGeGeGeGeGeSiGeSiSiSiSiSiSiSiSiSiGeSiSiSiGeSiSiGeSiSiGeSiSiGeGeGeGeSiSiGeGeSiSiSiSiSiSiSiSiSiSiGeSiSiSi
          13 Ge    -6287.58398    
GeGeGeGeGeGeGeGeSiGeGeGeGeGeGeGeSiSiSiSiSiSiSiSiSiGeSiSiSiGeSiSiGeSiSiGeSiSiGeGeGeGeSiSiGeGeSiSiSiSiSiSiSiSiSiSiGeSiSiSi
          15 Ge    -4048.12451    
GeGeGeGeGeGeGeGeSiGeGeGeGeGeGeGeSiGeSiSiSiSiSiSiSiGeSiSiSiGeSiSiGeSiSiGeSiSiGeGeGeGeSiSiGeGeSiSiSiSiSiSiSiSiSiSiGeSiSiSi
          18 Ge    -716.418945    
GeGeGeGeGeGeGeGeSiGeGeGeGeGeGeGeSiGeSiSiSiSiGeSiSiGeSiSiSiGeSiSiGeSiSiGeSiSiGeGeGeGeSiSiGeGeSiSiSiSiSiSiSiSiSiSiGeSiSiSi
          23 Ge     3686.19141    
GeGeGeGeGeGeGeGeSiGeGeGeGeGeGeGeSiGeSiSiSiSiGeGeSiGeSiSiSiGeSiSiGeSiSiGeSiSiGeGeGeGeSiSiGeGeSiSiSiSiSiSiSiSiSiSiGeSiSiSi
          24 Ge     10564.3965    
GeGeGeGeGeGeGeGeSiGeGeGeGeGeGeGeSiGeSiSiSiSiGeGeSiGeSiGeSiGeSiSiGeSiSiGeSiSiGeGeGeGeSiSiGeGeSiSiSiSiSiSiSiSiSiSiGeSiSiSi
          28 Ge     13814.1016    
GeGeGeGeGeGeGeGeSiGeGeGeGeGeGeGeSiGeSiSiSiSiGeGeSiGeSiGeSiGeSiSiGeSiSiGeSiSiGeGeGeGeSiGeGeGeSiSiSiSiSiSiSiSiSiSiGeSiSiSi
          44 Ge     15663.7051    
GeGeGeGeGeGeGeGeSiGeGeGeGeGeGeGeSiGeSiSiSiSiGeGeSiGeSiGeSiGeSiSiGeSiSiGeSiSiGeGeGeGeSiGeGeGeSiSiSiSiGeSiSiSiSiSiGeSiSiSi
          51 Ge     15743.6035    
GeGeGeGeGeGeGeGeSiGeGeGeGeGeGeGeSiGeSiSiSiSiGeGeSiGeSiGeSiGeSiSiGeSiSiGeSiSiGeGeGeGeSiGeGeGeSiSiSiSiGeSiSiSiSiSiGeGeSiSi
          58 Ge     19281.3652    
GeGeGeGeGeGeGeGeGeGeGeGeGeGeGeGeSiGeSiSiSiSiGeGeSiGeSiGeSiGeSiSiGeSiSiGeSiSiGeGeGeGeSiGeGeGeSiSiSiSiGeSiSiSiSiSiGeGeSiSi
           9 Ge     22980.3848    
GeGeGeGeGeGeGeGeGeGeGeGeGeGeGeGeGeGeSiSiSiSiGeGeSiGeSiGeSiGeSiSiGeSiSiGeSiSiGeGeGeGeSiGeGeGeSiSiSiSiGeSiSiSiSiSiGeGeSiSi
          17 Ge     32624.2285    
GeGeGeGeGeGeGeGeGeGeGeGeGeGeGeGeGeGeSiSiGeSiGeGeSiGeSiGeSiGeSiSiGeSiSiGeSiSiGeGeGeGeSiGeGeGeSiSiSiSiGeSiSiSiSiSiGeGeSiSi
          21 Ge     45327.3594    
GeGeGeGeGeGeGeGeGeGeGeGeGeGeGeGeGeGeSiSiGeGeGeGeSiGeSiGeSiGeSiSiGeSiSiGeSiSiGeGeGeGeSiGeGeGeSiSiSiSiGeSiSiSiSiSiGeGeSiSi
          22 Ge     57177.9453    
GeGeGeGeGeGeGeGeGeGeGeGeGeGeGeGeGeGeSiSiGeGeGeGeSiGeSiGeSiGeGeSiGeSiSiGeSiSiGeGeGeGeSiGeGeGeSiSiSiSiGeSiSiSiSiSiGeGeSiSi
          31 Ge     62180.6328    
GeGeGeGeGeGeGeGeGeGeGeGeGeGeGeGeGeGeSiSiGeGeGeGeSiGeSiGeSiGeGeGeGeSiSiGeSiSiGeGeGeGeSiGeGeGeSiSiSiSiGeSiSiSiSiSiGeGeSiSi
          32 Ge     67989.7109    
GeGeGeGeGeGeGeGeGeGeGeGeGeGeGeGeGeGeSiSiGeGeGeGeSiGeSiGeSiGeGeGeGeSiSiGeSiSiGeGeGeGeSiGeGeGeSiSiGeSiGeSiSiSiSiSiGeGeSiSi
          49 Ge     78703.6016    
GeGeGeGeGeGeGeGeGeGeGeGeGeGeGeGeGeGeSiSiGeGeGeGeSiGeSiGeSiGeGeGeGeSiSiGeSiSiGeGeGeGeSiGeGeGeSiSiGeGeGeSiSiSiSiSiGeGeSiSi
          50 Ge     81521.0703    
GeGeGeGeGeGeGeGeGeGeGeGeGeGeGeGeGeGeSiSiGeGeGeGeSiGeSiGeSiGeGeGeGeSiSiGeSiSiGeGeGeGeSiGeGeGeSiSiGeGeGeSiSiSiGeSiGeGeSiSi
          55 Ge     86031.4062    
GeGeGeGeGeGeGeGeGeGeGeGeGeGeGeGeGeGeSiSiGeGeGeGeGeGeSiGeSiGeGeGeGeSiSiGeSiSiGeGeGeGeSiGeGeGeSiSiGeGeGeSiSiSiGeSiGeGeSiSi
          25 Ge     95907.9531    
GeGeGeGeGeGeGeGeGeGeGeGeGeGeGeGeGeGeSiSiGeGeGeGeGeGeGeGeSiGeGeGeGeSiSiGeSiSiGeGeGeGeSiGeGeGeSiSiGeGeGeSiSiSiGeSiGeGeSiSi
          27 Ge     107081.875    
GeGeGeGeGeGeGeGeGeGeGeGeGeGeGeGeGeGeSiSiGeGeGeGeGeGeGeGeSiGeGeGeGeSiSiGeGeSiGeGeGeGeSiGeGeGeSiSiGeGeGeSiSiSiGeSiGeGeSiSi
          37 Ge     123502.047    
==============================================
MonteCarlo: Metropolis with identity changes
Si > Ge, Ge > Si. STOP when occurrence <    0.00000
==============================================
Cost_function     Occurrence %     Scan-Cost
    84304.3046875000 GeSiSiGeGeSiGeGeSiGeGeSiGeGeGeGeGeGeGeSiGeGeGeGeGeGeGeSiGeGeGeGeGeSiSiGeSiGeGeGeGeGeSiGeGeGeSiGeSiGeGeGeGeGeSiGeGeGeSiGe
    80776.2890625000 GeSiGeSiGeGeGeSiGeGeSiSiGeGeGeGeGeGeGeSiSiSiGeGeGeGeSiGeGeGeGeSiGeGeSiSiGeGeGeGeGeGeGeGeGeGeGeGeSiGeGeGeSiSiGeGeGeGeGeGe
    80776.2890625000 GeSiGeSiGeGeGeSiGeGeSiSiGeGeGeGeGeGeGeSiSiSiGeGeGeGeSiGeGeGeGeSiGeGeSiSiGeGeGeGeGeGeGeGeGeGeGeGeSiGeGeGeSiSiGeGeGeGeGeGe
    70883.3828125000 GeGeGeGeSiSiGeGeGeSiSiGeGeGeGeSiGeGeGeGeSiGeGeGeGeGeSiSiGeGeGeSiGeGeGeSiGeGeGeGeGeGeGeGeSiGeGeGeGeGeGeGeSiSiGeSiSiGeGeGe
    70883.3828125000 GeGeGeGeSiSiGeGeGeSiSiGeGeGeGeSiGeGeGeGeSiGeGeGeGeGeSiSiGeGeGeSiGeGeGeSiGeGeGeGeGeGeGeGeSiGeGeGeGeGeGeGeSiSiGeSiSiGeGeGe
    70883.3828125000 GeGeGeGeSiSiGeGeGeSiSiGeGeGeGeSiGeGeGeGeSiGeGeGeGeGeSiSiGeGeGeSiGeGeGeSiGeGeGeGeGeGeGeGeSiGeGeGeGeGeGeGeSiSiGeSiSiGeGeGe
    66026.2578125000 GeGeGeGeGeSiGeSiGeSiSiGeGeGeGeSiGeGeGeGeSiGeGeGeGeGeSiSiGeGeGeSiGeGeGeSiGeGeGeGeGeGeGeGeSiGeGeGeGeGeGeGeSiSiGeSiSiGeGeGe
    66026.2578125000 GeGeGeGeGeSiGeSiGeSiSiGeGeGeGeSiGeGeGeGeSiGeGeGeGeGeSiSiGeGeGeSiGeGeGeSiGeGeGeGeGeGeGeGeSiGeGeGeGeGeGeGeSiSiGeSiSiGeGeGe
    66026.2578125000 GeGeGeGeGeSiGeSiGeSiSiGeGeGeGeSiGeGeGeGeSiGeGeGeGeGeSiSiGeGeGeSiGeGeGeSiGeGeGeGeGeGeGeGeSiGeGeGeGeGeGeGeSiSiGeSiSiGeGeGe
    65121.4765625000 GeGeGeGeGeGeGeSiGeSiSiGeGeGeGeSiGeGeGeGeSiGeGeSiGeGeGeSiGeSiGeSiGeGeGeSiGeGeGeGeGeGeSiGeGeGeGeGeGeGeGeGeSiSiGeSiSiGeGeGe
    58187.6289062500 GeGeGeGeGeGeGeSiGeSiSiGeGeGeGeSiGeGeGeGeSiGeGeSiGeGeGeSiGeSiGeSiGeGeGeSiGeGeGeGeGeGeGeGeGeGeGeGeGeGeGeGeSiSiGeSiSiGeSiGe
    58187.6289062500 GeGeGeGeGeGeGeSiGeSiSiGeGeGeGeSiGeGeGeGeSiGeGeSiGeGeGeSiGeSiGeSiGeGeGeSiGeGeGeGeGeGeGeGeGeGeGeGeGeGeGeGeSiSiGeSiSiGeSiGe
    58187.6289062500 GeGeGeGeGeGeGeSiGeSiSiGeGeGeGeSiGeGeGeGeSiGeGeSiGeGeGeSiGeSiGeSiGeGeGeSiGeGeGeGeGeGeGeGeGeGeGeGeGeGeGeGeSiSiGeSiSiGeSiGe
    58187.6289062500 GeGeGeGeGeGeGeSiGeSiSiGeGeGeGeSiGeGeGeGeSiGeGeSiGeGeGeSiGeSiGeSiGeGeGeSiGeGeGeGeGeGeGeGeGeGeGeGeGeGeGeGeSiSiGeSiSiGeSiGe
    58187.6289062500 GeGeGeGeGeGeGeSiGeSiSiGeGeGeGeSiGeGeGeGeSiGeGeSiGeGeGeSiGeSiGeSiGeGeGeSiGeGeGeGeGeGeGeGeGeGeGeGeGeGeGeGeSiSiGeSiSiGeSiGe
    58187.6289062500 GeGeGeGeGeGeGeSiGeSiSiGeGeGeGeSiGeGeGeGeSiGeGeSiGeGeGeSiGeSiGeSiGeGeGeSiGeGeGeGeGeGeGeGeGeGeGeGeGeGeGeGeSiSiGeSiSiGeSiGe
    58187.6289062500 GeGeGeGeGeGeGeSiGeSiSiGeGeGeGeSiGeGeGeGeSiGeGeSiGeGeGeSiGeSiGeSiGeGeGeSiGeGeGeGeGeGeGeGeGeGeGeGeGeGeGeGeSiSiGeSiSiGeSiGe
    58187.6289062500 GeGeGeGeGeGeGeSiGeSiSiGeGeGeGeSiGeGeGeGeSiGeGeSiGeGeGeSiGeSiGeSiGeGeGeSiGeGeGeGeGeGeGeGeGeGeGeGeGeGeGeGeSiSiGeSiSiGeSiGe
    58187.6289062500 GeGeGeGeGeGeGeSiGeSiSiGeGeGeGeSiGeGeGeGeSiGeGeSiGeGeGeSiGeSiGeSiGeGeGeSiGeGeGeGeGeGeGeGeGeGeGeGeGeGeGeGeSiSiGeSiSiGeSiGe
    58187.6289062500 GeGeGeGeGeGeGeSiGeSiSiGeGeGeGeSiGeGeGeGeSiGeGeSiGeGeGeSiGeSiGeSiGeGeGeSiGeGeGeGeGeGeGeGeGeGeGeGeGeGeGeGeSiSiGeSiSiGeSiGe
    58187.6289062500 GeGeGeGeGeGeGeSiGeSiSiGeGeGeGeSiGeGeGeGeSiGeGeSiGeGeGeSiGeSiGeSiGeGeGeSiGeGeGeGeGeGeGeGeGeGeGeGeGeGeGeGeSiSiGeSiSiGeSiGe
    58187.6289062500 GeGeGeGeGeGeGeSiGeSiSiGeGeGeGeSiGeGeGeGeSiGeGeSiGeGeGeSiGeSiGeSiGeGeGeSiGeGeGeGeGeGeGeGeGeGeGeGeGeGeGeGeSiSiGeSiSiGeSiGe
    58187.6289062500 GeGeGeGeGeGeGeSiGeSiSiGeGeGeGeSiGeGeGeGeSiGeGeSiGeGeGeSiGeSiGeSiGeGeGeSiGeGeGeGeGeGeGeGeGeGeGeGeGeGeGeGeSiSiGeSiSiGeSiGe
    58187.6289062500 GeGeGeGeGeGeGeSiGeSiSiGeGeGeGeSiGeGeGeGeSiGeGeSiGeGeGeSiGeSiGeSiGeGeGeSiGeGeGeGeGeGeGeGeGeGeGeGeGeGeGeGeSiSiGeSiSiGeSiGe
    58187.6289062500 GeGeGeGeGeGeGeSiGeSiSiGeGeGeGeSiGeGeGeGeSiGeGeSiGeGeGeSiGeSiGeSiGeGeGeSiGeGeGeGeGeGeGeGeGeGeGeGeGeGeGeGeSiSiGeSiSiGeSiGe
    58187.6289062500 GeGeGeGeGeGeGeSiGeSiSiGeGeGeGeSiGeGeGeGeSiGeGeSiGeGeGeSiGeSiGeSiGeGeGeSiGeGeGeGeGeGeGeGeGeGeGeGeGeGeGeGeSiSiGeSiSiGeSiGe
    58187.6289062500 GeGeGeGeGeGeGeSiGeSiSiGeGeGeGeSiGeGeGeGeSiGeGeSiGeGeGeSiGeSiGeSiGeGeGeSiGeGeGeGeGeGeGeGeGeGeGeGeGeGeGeGeSiSiGeSiSiGeSiGe
    58187.6289062500 GeGeGeGeGeGeGeSiGeSiSiGeGeGeGeSiGeGeGeGeSiGeGeSiGeGeGeSiGeSiGeSiGeGeGeSiGeGeGeGeGeGeGeGeGeGeGeGeGeGeGeGeSiSiGeSiSiGeSiGe
    58187.6289062500 GeGeGeGeGeGeGeSiGeSiSiGeGeGeGeSiGeGeGeGeSiGeGeSiGeGeGeSiGeSiGeSiGeGeGeSiGeGeGeGeGeGeGeGeGeGeGeGeGeGeGeGeSiSiGeSiSiGeSiGe
    58187.6289062500 GeGeGeGeGeGeGeSiGeSiSiGeGeGeGeSiGeGeGeGeSiGeGeSiGeGeGeSiGeSiGeSiGeGeGeSiGeGeGeGeGeGeGeGeGeGeGeGeGeGeGeGeSiSiGeSiSiGeSiGe
    58187.6289062500 GeGeGeGeGeGeGeSiGeSiSiGeGeGeGeSiGeGeGeGeSiGeGeSiGeGeGeSiGeSiGeSiGeGeGeSiGeGeGeGeGeGeGeGeGeGeGeGeGeGeGeGeSiSiGeSiSiGeSiGe
    58187.6289062500 GeGeGeGeGeGeGeSiGeSiSiGeGeGeGeSiGeGeGeGeSiGeGeSiGeGeGeSiGeSiGeSiGeGeGeSiGeGeGeGeGeGeGeGeGeGeGeGeGeGeGeGeSiSiGeSiSiGeSiGe
    58187.6289062500 GeGeGeGeGeGeGeSiGeSiSiGeGeGeGeSiGeGeGeGeSiGeGeSiGeGeGeSiGeSiGeSiGeGeGeSiGeGeGeGeGeGeGeGeGeGeGeGeGeGeGeGeSiSiGeSiSiGeSiGe
    58187.6289062500 GeGeGeGeGeGeGeSiGeSiSiGeGeGeGeSiGeGeGeGeSiGeGeSiGeGeGeSiGeSiGeSiGeGeGeSiGeGeGeGeGeGeGeGeGeGeGeGeGeGeGeGeSiSiGeSiSiGeSiGe
    58187.6289062500 GeGeGeGeGeGeGeSiGeSiSiGeGeGeGeSiGeGeGeGeSiGeGeSiGeGeGeSiGeSiGeSiGeGeGeSiGeGeGeGeGeGeGeGeGeGeGeGeGeGeGeGeSiSiGeSiSiGeSiGe
    58187.6289062500 GeGeGeGeGeGeGeSiGeSiSiGeGeGeGeSiGeGeGeGeSiGeGeSiGeGeGeSiGeSiGeSiGeGeGeSiGeGeGeGeGeGeGeGeGeGeGeGeGeGeGeGeSiSiGeSiSiGeSiGe
    58187.6289062500 GeGeGeGeGeGeGeSiGeSiSiGeGeGeGeSiGeGeGeGeSiGeGeSiGeGeGeSiGeSiGeSiGeGeGeSiGeGeGeGeGeGeGeGeGeGeGeGeGeGeGeGeSiSiGeSiSiGeSiGe
    58187.6289062500 GeGeGeGeGeGeGeSiGeSiSiGeGeGeGeSiGeGeGeGeSiGeGeSiGeGeGeSiGeSiGeSiGeGeGeSiGeGeGeGeGeGeGeGeGeGeGeGeGeGeGeGeSiSiGeSiSiGeSiGe
    58187.6289062500 GeGeGeGeGeGeGeSiGeSiSiGeGeGeGeSiGeGeGeGeSiGeGeSiGeGeGeSiGeSiGeSiGeGeGeSiGeGeGeGeGeGeGeGeGeGeGeGeGeGeGeGeSiSiGeSiSiGeSiGe
    58187.6289062500 GeGeGeGeGeGeGeSiGeSiSiGeGeGeGeSiGeGeGeGeSiGeGeSiGeGeGeSiGeSiGeSiGeGeGeSiGeGeGeGeGeGeGeGeGeGeGeGeGeGeGeGeSiSiGeSiSiGeSiGe
    58187.6289062500 GeGeGeGeGeGeGeSiGeSiSiGeGeGeGeSiGeGeGeGeSiGeGeSiGeGeGeSiGeSiGeSiGeGeGeSiGeGeGeGeGeGeGeGeGeGeGeGeGeGeGeGeSiSiGeSiSiGeSiGe
    58187.6289062500 GeGeGeGeGeGeGeSiGeSiSiGeGeGeGeSiGeGeGeGeSiGeGeSiGeGeGeSiGeSiGeSiGeGeGeSiGeGeGeGeGeGeGeGeGeGeGeGeGeGeGeGeSiSiGeSiSiGeSiGe
    58187.6289062500 GeGeGeGeGeGeGeSiGeSiSiGeGeGeGeSiGeGeGeGeSiGeGeSiGeGeGeSiGeSiGeSiGeGeGeSiGeGeGeGeGeGeGeGeGeGeGeGeGeGeGeGeSiSiGeSiSiGeSiGe
    58187.6289062500 GeGeGeGeGeGeGeSiGeSiSiGeGeGeGeSiGeGeGeGeSiGeGeSiGeGeGeSiGeSiGeSiGeGeGeSiGeGeGeGeGeGeGeGeGeGeGeGeGeGeGeGeSiSiGeSiSiGeSiGe
    58187.6289062500 GeGeGeGeGeGeGeSiGeSiSiGeGeGeGeSiGeGeGeGeSiGeGeSiGeGeGeSiGeSiGeSiGeGeGeSiGeGeGeGeGeGeGeGeGeGeGeGeGeGeGeGeSiSiGeSiSiGeSiGe
    58187.6289062500 GeGeGeGeGeGeGeSiGeSiSiGeGeGeGeSiGeGeGeGeSiGeGeSiGeGeGeSiGeSiGeSiGeGeGeSiGeGeGeGeGeGeGeGeGeGeGeGeGeGeGeGeSiSiGeSiSiGeSiGe
    58187.6289062500 GeGeGeGeGeGeGeSiGeSiSiGeGeGeGeSiGeGeGeGeSiGeGeSiGeGeGeSiGeSiGeSiGeGeGeSiGeGeGeGeGeGeGeGeGeGeGeGeGeGeGeGeSiSiGeSiSiGeSiGe
    58187.6289062500 GeGeGeGeGeGeGeSiGeSiSiGeGeGeGeSiGeGeGeGeSiGeGeSiGeGeGeSiGeSiGeSiGeGeGeSiGeGeGeGeGeGeGeGeGeGeGeGeGeGeGeGeSiSiGeSiSiGeSiGe
    58187.6289062500 GeGeGeGeGeGeGeSiGeSiSiGeGeGeGeSiGeGeGeGeSiGeGeSiGeGeGeSiGeSiGeSiGeGeGeSiGeGeGeGeGeGeGeGeGeGeGeGeGeGeGeGeSiSiGeSiSiGeSiGe
    58187.6289062500 GeGeGeGeGeGeGeSiGeSiSiGeGeGeGeSiGeGeGeGeSiGeGeSiGeGeGeSiGeSiGeSiGeGeGeSiGeGeGeGeGeGeGeGeGeGeGeGeGeGeGeGeSiSiGeSiSiGeSiGe
    58187.6289062500 GeGeGeGeGeGeGeSiGeSiSiGeGeGeGeSiGeGeGeGeSiGeGeSiGeGeGeSiGeSiGeSiGeGeGeSiGeGeGeGeGeGeGeGeGeGeGeGeGeGeGeGeSiSiGeSiSiGeSiGe
    58187.6289062500 GeGeGeGeGeGeGeSiGeSiSiGeGeGeGeSiGeGeGeGeSiGeGeSiGeGeGeSiGeSiGeSiGeGeGeSiGeGeGeGeGeGeGeGeGeGeGeGeGeGeGeGeSiSiGeSiSiGeSiGe
    58187.6289062500 GeGeGeGeGeGeGeSiGeSiSiGeGeGeGeSiGeGeGeGeSiGeGeSiGeGeGeSiGeSiGeSiGeGeGeSiGeGeGeGeGeGeGeGeGeGeGeGeGeGeGeGeSiSiGeSiSiGeSiGe
    58187.6289062500 GeGeGeGeGeGeGeSiGeSiSiGeGeGeGeSiGeGeGeGeSiGeGeSiGeGeGeSiGeSiGeSiGeGeGeSiGeGeGeGeGeGeGeGeGeGeGeGeGeGeGeGeSiSiGeSiSiGeSiGe
    58187.6289062500 GeGeGeGeGeGeGeSiGeSiSiGeGeGeGeSiGeGeGeGeSiGeGeSiGeGeGeSiGeSiGeSiGeGeGeSiGeGeGeGeGeGeGeGeGeGeGeGeGeGeGeGeSiSiGeSiSiGeSiGe
    58187.6289062500 GeGeGeGeGeGeGeSiGeSiSiGeGeGeGeSiGeGeGeGeSiGeGeSiGeGeGeSiGeSiGeSiGeGeGeSiGeGeGeGeGeGeGeGeGeGeGeGeGeGeGeGeSiSiGeSiSiGeSiGe
    58187.6289062500 GeGeGeGeGeGeGeSiGeSiSiGeGeGeGeSiGeGeGeGeSiGeGeSiGeGeGeSiGeSiGeSiGeGeGeSiGeGeGeGeGeGeGeGeGeGeGeGeGeGeGeGeSiSiGeSiSiGeSiGe
    58187.6289062500 GeGeGeGeGeGeGeSiGeSiSiGeGeGeGeSiGeGeGeGeSiGeGeSiGeGeGeSiGeSiGeSiGeGeGeSiGeGeGeGeGeGeGeGeGeGeGeGeGeGeGeGeSiSiGeSiSiGeSiGe
    58187.6289062500 GeGeGeGeGeGeGeSiGeSiSiGeGeGeGeSiGeGeGeGeSiGeGeSiGeGeGeSiGeSiGeSiGeGeGeSiGeGeGeGeGeGeGeGeGeGeGeGeGeGeGeGeSiSiGeSiSiGeSiGe
    58187.6289062500 GeGeGeGeGeGeGeSiGeSiSiGeGeGeGeSiGeGeGeGeSiGeGeSiGeGeGeSiGeSiGeSiGeGeGeSiGeGeGeGeGeGeGeGeGeGeGeGeGeGeGeGeSiSiGeSiSiGeSiGe
    58187.6289062500 GeGeGeGeGeGeGeSiGeSiSiGeGeGeGeSiGeGeGeGeSiGeGeSiGeGeGeSiGeSiGeSiGeGeGeSiGeGeGeGeGeGeGeGeGeGeGeGeGeGeGeGeSiSiGeSiSiGeSiGe
    58187.6289062500 GeGeGeGeGeGeGeSiGeSiSiGeGeGeGeSiGeGeGeGeSiGeGeSiGeGeGeSiGeSiGeSiGeGeGeSiGeGeGeGeGeGeGeGeGeGeGeGeGeGeGeGeSiSiGeSiSiGeSiGe
    58187.6289062500 GeGeGeGeGeGeGeSiGeSiSiGeGeGeGeSiGeGeGeGeSiGeGeSiGeGeGeSiGeSiGeSiGeGeGeSiGeGeGeGeGeGeGeGeGeGeGeGeGeGeGeGeSiSiGeSiSiGeSiGe
    58187.6289062500 GeGeGeGeGeGeGeSiGeSiSiGeGeGeGeSiGeGeGeGeSiGeGeSiGeGeGeSiGeSiGeSiGeGeGeSiGeGeGeGeGeGeGeGeGeGeGeGeGeGeGeGeSiSiGeSiSiGeSiGe
    58187.6289062500 GeGeGeGeGeGeGeSiGeSiSiGeGeGeGeSiGeGeGeGeSiGeGeSiGeGeGeSiGeSiGeSiGeGeGeSiGeGeGeGeGeGeGeGeGeGeGeGeGeGeGeGeSiSiGeSiSiGeSiGe
    58187.6289062500 GeGeGeGeGeGeGeSiGeSiSiGeGeGeGeSiGeGeGeGeSiGeGeSiGeGeGeSiGeSiGeSiGeGeGeSiGeGeGeGeGeGeGeGeGeGeGeGeGeGeGeGeSiSiGeSiSiGeSiGe
    58187.6289062500 GeGeGeGeGeGeGeSiGeSiSiGeGeGeGeSiGeGeGeGeSiGeGeSiGeGeGeSiGeSiGeSiGeGeGeSiGeGeGeGeGeGeGeGeGeGeGeGeGeGeGeGeSiSiGeSiSiGeSiGe
    58187.6289062500 GeGeGeGeGeGeGeSiGeSiSiGeGeGeGeSiGeGeGeGeSiGeGeSiGeGeGeSiGeSiGeSiGeGeGeSiGeGeGeGeGeGeGeGeGeGeGeGeGeGeGeGeSiSiGeSiSiGeSiGe
    58187.6289062500 GeGeGeGeGeGeGeSiGeSiSiGeGeGeGeSiGeGeGeGeSiGeGeSiGeGeGeSiGeSiGeSiGeGeGeSiGeGeGeGeGeGeGeGeGeGeGeGeGeGeGeGeSiSiGeSiSiGeSiGe
    58187.6289062500 GeGeGeGeGeGeGeSiGeSiSiGeGeGeGeSiGeGeGeGeSiGeGeSiGeGeGeSiGeSiGeSiGeGeGeSiGeGeGeGeGeGeGeGeGeGeGeGeGeGeGeGeSiSiGeSiSiGeSiGe
    58187.6289062500 GeGeGeGeGeGeGeSiGeSiSiGeGeGeGeSiGeGeGeGeSiGeGeSiGeGeGeSiGeSiGeSiGeGeGeSiGeGeGeGeGeGeGeGeGeGeGeGeGeGeGeGeSiSiGeSiSiGeSiGe
    58187.6289062500 GeGeGeGeGeGeGeSiGeSiSiGeGeGeGeSiGeGeGeGeSiGeGeSiGeGeGeSiGeSiGeSiGeGeGeSiGeGeGeGeGeGeGeGeGeGeGeGeGeGeGeGeSiSiGeSiSiGeSiGe
    58187.6289062500 GeGeGeGeGeGeGeSiGeSiSiGeGeGeGeSiGeGeGeGeSiGeGeSiGeGeGeSiGeSiGeSiGeGeGeSiGeGeGeGeGeGeGeGeGeGeGeGeGeGeGeGeSiSiGeSiSiGeSiGe
    58187.6289062500 GeGeGeGeGeGeGeSiGeSiSiGeGeGeGeSiGeGeGeGeSiGeGeSiGeGeGeSiGeSiGeSiGeGeGeSiGeGeGeGeGeGeGeGeGeGeGeGeGeGeGeGeSiSiGeSiSiGeSiGe
    58187.6289062500 GeGeGeGeGeGeGeSiGeSiSiGeGeGeGeSiGeGeGeGeSiGeGeSiGeGeGeSiGeSiGeSiGeGeGeSiGeGeGeGeGeGeGeGeGeGeGeGeGeGeGeGeSiSiGeSiSiGeSiGe
    58187.6289062500 GeGeGeGeGeGeGeSiGeSiSiGeGeGeGeSiGeGeGeGeSiGeGeSiGeGeGeSiGeSiGeSiGeGeGeSiGeGeGeGeGeGeGeGeGeGeGeGeGeGeGeGeSiSiGeSiSiGeSiGe
    58187.6289062500 GeGeGeGeGeGeGeSiGeSiSiGeGeGeGeSiGeGeGeGeSiGeGeSiGeGeGeSiGeSiGeSiGeGeGeSiGeGeGeGeGeGeGeGeGeGeGeGeGeGeGeGeSiSiGeSiSiGeSiGe
    58187.6289062500 GeGeGeGeGeGeGeSiGeSiSiGeGeGeGeSiGeGeGeGeSiGeGeSiGeGeGeSiGeSiGeSiGeGeGeSiGeGeGeGeGeGeGeGeGeGeGeGeGeGeGeGeSiSiGeSiSiGeSiGe
    58187.6289062500 GeGeGeGeGeGeGeSiGeSiSiGeGeGeGeSiGeGeGeGeSiGeGeSiGeGeGeSiGeSiGeSiGeGeGeSiGeGeGeGeGeGeGeGeGeGeGeGeGeGeGeGeSiSiGeSiSiGeSiGe
    58187.6289062500 GeGeGeGeGeGeGeSiGeSiSiGeGeGeGeSiGeGeGeGeSiGeGeSiGeGeGeSiGeSiGeSiGeGeGeSiGeGeGeGeGeGeGeGeGeGeGeGeGeGeGeGeSiSiGeSiSiGeSiGe
    58187.6289062500 GeGeGeGeGeGeGeSiGeSiSiGeGeGeGeSiGeGeGeGeSiGeGeSiGeGeGeSiGeSiGeSiGeGeGeSiGeGeGeGeGeGeGeGeGeGeGeGeGeGeGeGeSiSiGeSiSiGeSiGe
    58187.6289062500 GeGeGeGeGeGeGeSiGeSiSiGeGeGeGeSiGeGeGeGeSiGeGeSiGeGeGeSiGeSiGeSiGeGeGeSiGeGeGeGeGeGeGeGeGeGeGeGeGeGeGeGeSiSiGeSiSiGeSiGe
    58187.6289062500 GeGeGeGeGeGeGeSiGeSiSiGeGeGeGeSiGeGeGeGeSiGeGeSiGeGeGeSiGeSiGeSiGeGeGeSiGeGeGeGeGeGeGeGeGeGeGeGeGeGeGeGeSiSiGeSiSiGeSiGe
    58187.6289062500 GeGeGeGeGeGeGeSiGeSiSiGeGeGeGeSiGeGeGeGeSiGeGeSiGeGeGeSiGeSiGeSiGeGeGeSiGeGeGeGeGeGeGeGeGeGeGeGeGeGeGeGeSiSiGeSiSiGeSiGe
    58187.6289062500 GeGeGeGeGeGeGeSiGeSiSiGeGeGeGeSiGeGeGeGeSiGeGeSiGeGeGeSiGeSiGeSiGeGeGeSiGeGeGeGeGeGeGeGeGeGeGeGeGeGeGeGeSiSiGeSiSiGeSiGe
    58187.6289062500 GeGeGeGeGeGeGeSiGeSiSiGeGeGeGeSiGeGeGeGeSiGeGeSiGeGeGeSiGeSiGeSiGeGeGeSiGeGeGeGeGeGeGeGeGeGeGeGeGeGeGeGeSiSiGeSiSiGeSiGe
    58187.6289062500 GeGeGeGeGeGeGeSiGeSiSiGeGeGeGeSiGeGeGeGeSiGeGeSiGeGeGeSiGeSiGeSiGeGeGeSiGeGeGeGeGeGeGeGeGeGeGeGeGeGeGeGeSiSiGeSiSiGeSiGe
    58187.6289062500 GeGeGeGeGeGeGeSiGeSiSiGeGeGeGeSiGeGeGeGeSiGeGeSiGeGeGeSiGeSiGeSiGeGeGeSiGeGeGeGeGeGeGeGeGeGeGeGeGeGeGeGeSiSiGeSiSiGeSiGe
    58187.6289062500 GeGeGeGeGeGeGeSiGeSiSiGeGeGeGeSiGeGeGeGeSiGeGeSiGeGeGeSiGeSiGeSiGeGeGeSiGeGeGeGeGeGeGeGeGeGeGeGeGeGeGeGeSiSiGeSiSiGeSiGe
    58187.6289062500 GeGeGeGeGeGeGeSiGeSiSiGeGeGeGeSiGeGeGeGeSiGeGeSiGeGeGeSiGeSiGeSiGeGeGeSiGeGeGeGeGeGeGeGeGeGeGeGeGeGeGeGeSiSiGeSiSiGeSiGe
    58187.6289062500 GeGeGeGeGeGeGeSiGeSiSiGeGeGeGeSiGeGeGeGeSiGeGeSiGeGeGeSiGeSiGeSiGeGeGeSiGeGeGeGeGeGeGeGeGeGeGeGeGeGeGeGeSiSiGeSiSiGeSiGe
    58187.6289062500 GeGeGeGeGeGeGeSiGeSiSiGeGeGeGeSiGeGeGeGeSiGeGeSiGeGeGeSiGeSiGeSiGeGeGeSiGeGeGeGeGeGeGeGeGeGeGeGeGeGeGeGeSiSiGeSiSiGeSiGe
    58187.6289062500 GeGeGeGeGeGeGeSiGeSiSiGeGeGeGeSiGeGeGeGeSiGeGeSiGeGeGeSiGeSiGeSiGeGeGeSiGeGeGeGeGeGeGeGeGeGeGeGeGeGeGeGeSiSiGeSiSiGeSiGe
    58187.6289062500 GeGeGeGeGeGeGeSiGeSiSiGeGeGeGeSiGeGeGeGeSiGeGeSiGeGeGeSiGeSiGeSiGeGeGeSiGeGeGeGeGeGeGeGeGeGeGeGeGeGeGeGeSiSiGeSiSiGeSiGe
    58187.6289062500 GeGeGeGeGeGeGeSiGeSiSiGeGeGeGeSiGeGeGeGeSiGeGeSiGeGeGeSiGeSiGeSiGeGeGeSiGeGeGeGeGeGeGeGeGeGeGeGeGeGeGeGeSiSiGeSiSiGeSiGe
    58187.6289062500 GeGeGeGeGeGeGeSiGeSiSiGeGeGeGeSiGeGeGeGeSiGeGeSiGeGeGeSiGeSiGeSiGeGeGeSiGeGeGeGeGeGeGeGeGeGeGeGeGeGeGeGeSiSiGeSiSiGeSiGe
    58187.6289062500 GeGeGeGeGeGeGeSiGeSiSiGeGeGeGeSiGeGeGeGeSiGeGeSiGeGeGeSiGeSiGeSiGeGeGeSiGeGeGeGeGeGeGeGeGeGeGeGeGeGeGeGeSiSiGeSiSiGeSiGe
    58187.6289062500 GeGeGeGeGeGeGeSiGeSiSiGeGeGeGeSiGeGeGeGeSiGeGeSiGeGeGeSiGeSiGeSiGeGeGeSiGeGeGeGeGeGeGeGeGeGeGeGeGeGeGeGeSiSiGeSiSiGeSiGe
    58187.6289062500 GeGeGeGeGeGeGeSiGeSiSiGeGeGeGeSiGeGeGeGeSiGeGeSiGeGeGeSiGeSiGeSiGeGeGeSiGeGeGeGeGeGeGeGeGeGeGeGeGeGeGeGeSiSiGeSiSiGeSiGe
    58187.6289062500 GeGeGeGeGeGeGeSiGeSiSiGeGeGeGeSiGeGeGeGeSiGeGeSiGeGeGeSiGeSiGeSiGeGeGeSiGeGeGeGeGeGeGeGeGeGeGeGeGeGeGeGeSiSiGeSiSiGeSiGe
    58187.6289062500 GeGeGeGeGeGeGeSiGeSiSiGeGeGeGeSiGeGeGeGeSiGeGeSiGeGeGeSiGeSiGeSiGeGeGeSiGeGeGeGeGeGeGeGeGeGeGeGeGeGeGeGeSiSiGeSiSiGeSiGe
    58187.6289062500 GeGeGeGeGeGeGeSiGeSiSiGeGeGeGeSiGeGeGeGeSiGeGeSiGeGeGeSiGeSiGeSiGeGeGeSiGeGeGeGeGeGeGeGeGeGeGeGeGeGeGeGeSiSiGeSiSiGeSiGe
    58187.6289062500 GeGeGeGeGeGeGeSiGeSiSiGeGeGeGeSiGeGeGeGeSiGeGeSiGeGeGeSiGeSiGeSiGeGeGeSiGeGeGeGeGeGeGeGeGeGeGeGeGeGeGeGeSiSiGeSiSiGeSiGe
    58187.6289062500 GeGeGeGeGeGeGeSiGeSiSiGeGeGeGeSiGeGeGeGeSiGeGeSiGeGeGeSiGeSiGeSiGeGeGeSiGeGeGeGeGeGeGeGeGeGeGeGeGeGeGeGeSiSiGeSiSiGeSiGe
    58187.6289062500 GeGeGeGeGeGeGeSiGeSiSiGeGeGeGeSiGeGeGeGeSiGeGeSiGeGeGeSiGeSiGeSiGeGeGeSiGeGeGeGeGeGeGeGeGeGeGeGeGeGeGeGeSiSiGeSiSiGeSiGe
    58187.6289062500 GeGeGeGeGeGeGeSiGeSiSiGeGeGeGeSiGeGeGeGeSiGeGeSiGeGeGeSiGeSiGeSiGeGeGeSiGeGeGeGeGeGeGeGeGeGeGeGeGeGeGeGeSiSiGeSiSiGeSiGe
    58187.6289062500 GeGeGeGeGeGeGeSiGeSiSiGeGeGeGeSiGeGeGeGeSiGeGeSiGeGeGeSiGeSiGeSiGeGeGeSiGeGeGeGeGeGeGeGeGeGeGeGeGeGeGeGeSiSiGeSiSiGeSiGe
    58187.6289062500 GeGeGeGeGeGeGeSiGeSiSiGeGeGeGeSiGeGeGeGeSiGeGeSiGeGeGeSiGeSiGeSiGeGeGeSiGeGeGeGeGeGeGeGeGeGeGeGeGeGeGeGeSiSiGeSiSiGeSiGe
    58187.6289062500 GeGeGeGeGeGeGeSiGeSiSiGeGeGeGeSiGeGeGeGeSiGeGeSiGeGeGeSiGeSiGeSiGeGeGeSiGeGeGeGeGeGeGeGeGeGeGeGeGeGeGeGeSiSiGeSiSiGeSiGe
    58187.6289062500 GeGeGeGeGeGeGeSiGeSiSiGeGeGeGeSiGeGeGeGeSiGeGeSiGeGeGeSiGeSiGeSiGeGeGeSiGeGeGeGeGeGeGeGeGeGeGeGeGeGeGeGeSiSiGeSiSiGeSiGe
    58187.6289062500 GeGeGeGeGeGeGeSiGeSiSiGeGeGeGeSiGeGeGeGeSiGeGeSiGeGeGeSiGeSiGeSiGeGeGeSiGeGeGeGeGeGeGeGeGeGeGeGeGeGeGeGeSiSiGeSiSiGeSiGe
    58187.6289062500 GeGeGeGeGeGeGeSiGeSiSiGeGeGeGeSiGeGeGeGeSiGeGeSiGeGeGeSiGeSiGeSiGeGeGeSiGeGeGeGeGeGeGeGeGeGeGeGeGeGeGeGeSiSiGeSiSiGeSiGe
    58187.6289062500 GeGeGeGeGeGeGeSiGeSiSiGeGeGeGeSiGeGeGeGeSiGeGeSiGeGeGeSiGeSiGeSiGeGeGeSiGeGeGeGeGeGeGeGeGeGeGeGeGeGeGeGeSiSiGeSiSiGeSiGe
    58187.6289062500 GeGeGeGeGeGeGeSiGeSiSiGeGeGeGeSiGeGeGeGeSiGeGeSiGeGeGeSiGeSiGeSiGeGeGeSiGeGeGeGeGeGeGeGeGeGeGeGeGeGeGeGeSiSiGeSiSiGeSiGe
    58187.6289062500 GeGeGeGeGeGeGeSiGeSiSiGeGeGeGeSiGeGeGeGeSiGeGeSiGeGeGeSiGeSiGeSiGeGeGeSiGeGeGeGeGeGeGeGeGeGeGeGeGeGeGeGeSiSiGeSiSiGeSiGe
    58187.6289062500 GeGeGeGeGeGeGeSiGeSiSiGeGeGeGeSiGeGeGeGeSiGeGeSiGeGeGeSiGeSiGeSiGeGeGeSiGeGeGeGeGeGeGeGeGeGeGeGeGeGeGeGeSiSiGeSiSiGeSiGe
    58187.6289062500 GeGeGeGeGeGeGeSiGeSiSiGeGeGeGeSiGeGeGeGeSiGeGeSiGeGeGeSiGeSiGeSiGeGeGeSiGeGeGeGeGeGeGeGeGeGeGeGeGeGeGeGeSiSiGeSiSiGeSiGe
    58187.6289062500 GeGeGeGeGeGeGeSiGeSiSiGeGeGeGeSiGeGeGeGeSiGeGeSiGeGeGeSiGeSiGeSiGeGeGeSiGeGeGeGeGeGeGeGeGeGeGeGeGeGeGeGeSiSiGeSiSiGeSiGe
    58187.6289062500 GeGeGeGeGeGeGeSiGeSiSiGeGeGeGeSiGeGeGeGeSiGeGeSiGeGeGeSiGeSiGeSiGeGeGeSiGeGeGeGeGeGeGeGeGeGeGeGeGeGeGeGeSiSiGeSiSiGeSiGe
    58187.6289062500 GeGeGeGeGeGeGeSiGeSiSiGeGeGeGeSiGeGeGeGeSiGeGeSiGeGeGeSiGeSiGeSiGeGeGeSiGeGeGeGeGeGeGeGeGeGeGeGeGeGeGeGeSiSiGeSiSiGeSiGe
    58187.6289062500 GeGeGeGeGeGeGeSiGeSiSiGeGeGeGeSiGeGeGeGeSiGeGeSiGeGeGeSiGeSiGeSiGeGeGeSiGeGeGeGeGeGeGeGeGeGeGeGeGeGeGeGeSiSiGeSiSiGeSiGe
    58187.6289062500 GeGeGeGeGeGeGeSiGeSiSiGeGeGeGeSiGeGeGeGeSiGeGeSiGeGeGeSiGeSiGeSiGeGeGeSiGeGeGeGeGeGeGeGeGeGeGeGeGeGeGeGeSiSiGeSiSiGeSiGe
    58187.6289062500 GeGeGeGeGeGeGeSiGeSiSiGeGeGeGeSiGeGeGeGeSiGeGeSiGeGeGeSiGeSiGeSiGeGeGeSiGeGeGeGeGeGeGeGeGeGeGeGeGeGeGeGeSiSiGeSiSiGeSiGe
    58187.6289062500 GeGeGeGeGeGeGeSiGeSiSiGeGeGeGeSiGeGeGeGeSiGeGeSiGeGeGeSiGeSiGeSiGeGeGeSiGeGeGeGeGeGeGeGeGeGeGeGeGeGeGeGeSiSiGeSiSiGeSiGe
    58187.6289062500 GeGeGeGeGeGeGeSiGeSiSiGeGeGeGeSiGeGeGeGeSiGeGeSiGeGeGeSiGeSiGeSiGeGeGeSiGeGeGeGeGeGeGeGeGeGeGeGeGeGeGeGeSiSiGeSiSiGeSiGe
    58187.6289062500 GeGeGeGeGeGeGeSiGeSiSiGeGeGeGeSiGeGeGeGeSiGeGeSiGeGeGeSiGeSiGeSiGeGeGeSiGeGeGeGeGeGeGeGeGeGeGeGeGeGeGeGeSiSiGeSiSiGeSiGe
    58187.6289062500 GeGeGeGeGeGeGeSiGeSiSiGeGeGeGeSiGeGeGeGeSiGeGeSiGeGeGeSiGeSiGeSiGeGeGeSiGeGeGeGeGeGeGeGeGeGeGeGeGeGeGeGeSiSiGeSiSiGeSiGe
    58187.6289062500 GeGeGeGeGeGeGeSiGeSiSiGeGeGeGeSiGeGeGeGeSiGeGeSiGeGeGeSiGeSiGeSiGeGeGeSiGeGeGeGeGeGeGeGeGeGeGeGeGeGeGeGeSiSiGeSiSiGeSiGe
    58187.6289062500 GeGeGeGeGeGeGeSiGeSiSiGeGeGeGeSiGeGeGeGeSiGeGeSiGeGeGeSiGeSiGeSiGeGeGeSiGeGeGeGeGeGeGeGeGeGeGeGeGeGeGeGeSiSiGeSiSiGeSiGe
    58187.6289062500 GeGeGeGeGeGeGeSiGeSiSiGeGeGeGeSiGeGeGeGeSiGeGeSiGeGeGeSiGeSiGeSiGeGeGeSiGeGeGeGeGeGeGeGeGeGeGeGeGeGeGeGeSiSiGeSiSiGeSiGe
    58187.6289062500 GeGeGeGeGeGeGeSiGeSiSiGeGeGeGeSiGeGeGeGeSiGeGeSiGeGeGeSiGeSiGeSiGeGeGeSiGeGeGeGeGeGeGeGeGeGeGeGeGeGeGeGeSiSiGeSiSiGeSiGe
    58187.6289062500 GeGeGeGeGeGeGeSiGeSiSiGeGeGeGeSiGeGeGeGeSiGeGeSiGeGeGeSiGeSiGeSiGeGeGeSiGeGeGeGeGeGeGeGeGeGeGeGeGeGeGeGeSiSiGeSiSiGeSiGe
    58187.6289062500 GeGeGeGeGeGeGeSiGeSiSiGeGeGeGeSiGeGeGeGeSiGeGeSiGeGeGeSiGeSiGeSiGeGeGeSiGeGeGeGeGeGeGeGeGeGeGeGeGeGeGeGeSiSiGeSiSiGeSiGe
    58187.6289062500 GeGeGeGeGeGeGeSiGeSiSiGeGeGeGeSiGeGeGeGeSiGeGeSiGeGeGeSiGeSiGeSiGeGeGeSiGeGeGeGeGeGeGeGeGeGeGeGeGeGeGeGeSiSiGeSiSiGeSiGe
    58187.6289062500 GeGeGeGeGeGeGeSiGeSiSiGeGeGeGeSiGeGeGeGeSiGeGeSiGeGeGeSiGeSiGeSiGeGeGeSiGeGeGeGeGeGeGeGeGeGeGeGeGeGeGeGeSiSiGeSiSiGeSiGe
    58187.6289062500 GeGeGeGeGeGeGeSiGeSiSiGeGeGeGeSiGeGeGeGeSiGeGeSiGeGeGeSiGeSiGeSiGeGeGeSiGeGeGeGeGeGeGeGeGeGeGeGeGeGeGeGeSiSiGeSiSiGeSiGe
    58187.6289062500 GeGeGeGeGeGeGeSiGeSiSiGeGeGeGeSiGeGeGeGeSiGeGeSiGeGeGeSiGeSiGeSiGeGeGeSiGeGeGeGeGeGeGeGeGeGeGeGeGeGeGeGeSiSiGeSiSiGeSiGe
    58187.6289062500 GeGeGeGeGeGeGeSiGeSiSiGeGeGeGeSiGeGeGeGeSiGeGeSiGeGeGeSiGeSiGeSiGeGeGeSiGeGeGeGeGeGeGeGeGeGeGeGeGeGeGeGeSiSiGeSiSiGeSiGe
    58187.6289062500 GeGeGeGeGeGeGeSiGeSiSiGeGeGeGeSiGeGeGeGeSiGeGeSiGeGeGeSiGeSiGeSiGeGeGeSiGeGeGeGeGeGeGeGeGeGeGeGeGeGeGeGeSiSiGeSiSiGeSiGe
    58187.6289062500 GeGeGeGeGeGeGeSiGeSiSiGeGeGeGeSiGeGeGeGeSiGeGeSiGeGeGeSiGeSiGeSiGeGeGeSiGeGeGeGeGeGeGeGeGeGeGeGeGeGeGeGeSiSiGeSiSiGeSiGe
    58187.6289062500 GeGeGeGeGeGeGeSiGeSiSiGeGeGeGeSiGeGeGeGeSiGeGeSiGeGeGeSiGeSiGeSiGeGeGeSiGeGeGeGeGeGeGeGeGeGeGeGeGeGeGeGeSiSiGeSiSiGeSiGe
    58187.6289062500 GeGeGeGeGeGeGeSiGeSiSiGeGeGeGeSiGeGeGeGeSiGeGeSiGeGeGeSiGeSiGeSiGeGeGeSiGeGeGeGeGeGeGeGeGeGeGeGeGeGeGeGeSiSiGeSiSiGeSiGe
    58187.6289062500 GeGeGeGeGeGeGeSiGeSiSiGeGeGeGeSiGeGeGeGeSiGeGeSiGeGeGeSiGeSiGeSiGeGeGeSiGeGeGeGeGeGeGeGeGeGeGeGeGeGeGeGeSiSiGeSiSiGeSiGe
    58187.6289062500 GeGeGeGeGeGeGeSiGeSiSiGeGeGeGeSiGeGeGeGeSiGeGeSiGeGeGeSiGeSiGeSiGeGeGeSiGeGeGeGeGeGeGeGeGeGeGeGeGeGeGeGeSiSiGeSiSiGeSiGe
    58187.6289062500 GeGeGeGeGeGeGeSiGeSiSiGeGeGeGeSiGeGeGeGeSiGeGeSiGeGeGeSiGeSiGeSiGeGeGeSiGeGeGeGeGeGeGeGeGeGeGeGeGeGeGeGeSiSiGeSiSiGeSiGe
    58187.6289062500 GeGeGeGeGeGeGeSiGeSiSiGeGeGeGeSiGeGeGeGeSiGeGeSiGeGeGeSiGeSiGeSiGeGeGeSiGeGeGeGeGeGeGeGeGeGeGeGeGeGeGeGeSiSiGeSiSiGeSiGe
    58187.6289062500 GeGeGeGeGeGeGeSiGeSiSiGeGeGeGeSiGeGeGeGeSiGeGeSiGeGeGeSiGeSiGeSiGeGeGeSiGeGeGeGeGeGeGeGeGeGeGeGeGeGeGeGeSiSiGeSiSiGeSiGe
    58187.6289062500 GeGeGeGeGeGeGeSiGeSiSiGeGeGeGeSiGeGeGeGeSiGeGeSiGeGeGeSiGeSiGeSiGeGeGeSiGeGeGeGeGeGeGeGeGeGeGeGeGeGeGeGeSiSiGeSiSiGeSiGe
    58187.6289062500 GeGeGeGeGeGeGeSiGeSiSiGeGeGeGeSiGeGeGeGeSiGeGeSiGeGeGeSiGeSiGeSiGeGeGeSiGeGeGeGeGeGeGeGeGeGeGeGeGeGeGeGeSiSiGeSiSiGeSiGe
    58187.6289062500 GeGeGeGeGeGeGeSiGeSiSiGeGeGeGeSiGeGeGeGeSiGeGeSiGeGeGeSiGeSiGeSiGeGeGeSiGeGeGeGeGeGeGeGeGeGeGeGeGeGeGeGeSiSiGeSiSiGeSiGe
    58187.6289062500 GeGeGeGeGeGeGeSiGeSiSiGeGeGeGeSiGeGeGeGeSiGeGeSiGeGeGeSiGeSiGeSiGeGeGeSiGeGeGeGeGeGeGeGeGeGeGeGeGeGeGeGeSiSiGeSiSiGeSiGe
    58187.6289062500 GeGeGeGeGeGeGeSiGeSiSiGeGeGeGeSiGeGeGeGeSiGeGeSiGeGeGeSiGeSiGeSiGeGeGeSiGeGeGeGeGeGeGeGeGeGeGeGeGeGeGeGeSiSiGeSiSiGeSiGe
    58187.6289062500 GeGeGeGeGeGeGeSiGeSiSiGeGeGeGeSiGeGeGeGeSiGeGeSiGeGeGeSiGeSiGeSiGeGeGeSiGeGeGeGeGeGeGeGeGeGeGeGeGeGeGeGeSiSiGeSiSiGeSiGe
    58187.6289062500 GeGeGeGeGeGeGeSiGeSiSiGeGeGeGeSiGeGeGeGeSiGeGeSiGeGeGeSiGeSiGeSiGeGeGeSiGeGeGeGeGeGeGeGeGeGeGeGeGeGeGeGeSiSiGeSiSiGeSiGe
    58187.6289062500 GeGeGeGeGeGeGeSiGeSiSiGeGeGeGeSiGeGeGeGeSiGeGeSiGeGeGeSiGeSiGeSiGeGeGeSiGeGeGeGeGeGeGeGeGeGeGeGeGeGeGeGeSiSiGeSiSiGeSiGe
    58187.6289062500 GeGeGeGeGeGeGeSiGeSiSiGeGeGeGeSiGeGeGeGeSiGeGeSiGeGeGeSiGeSiGeSiGeGeGeSiGeGeGeGeGeGeGeGeGeGeGeGeGeGeGeGeSiSiGeSiSiGeSiGe
    58187.6289062500 GeGeGeGeGeGeGeSiGeSiSiGeGeGeGeSiGeGeGeGeSiGeGeSiGeGeGeSiGeSiGeSiGeGeGeSiGeGeGeGeGeGeGeGeGeGeGeGeGeGeGeGeSiSiGeSiSiGeSiGe
    58187.6289062500 GeGeGeGeGeGeGeSiGeSiSiGeGeGeGeSiGeGeGeGeSiGeGeSiGeGeGeSiGeSiGeSiGeGeGeSiGeGeGeGeGeGeGeGeGeGeGeGeGeGeGeGeSiSiGeSiSiGeSiGe
    58187.6289062500 GeGeGeGeGeGeGeSiGeSiSiGeGeGeGeSiGeGeGeGeSiGeGeSiGeGeGeSiGeSiGeSiGeGeGeSiGeGeGeGeGeGeGeGeGeGeGeGeGeGeGeGeSiSiGeSiSiGeSiGe
    58187.6289062500 GeGeGeGeGeGeGeSiGeSiSiGeGeGeGeSiGeGeGeGeSiGeGeSiGeGeGeSiGeSiGeSiGeGeGeSiGeGeGeGeGeGeGeGeGeGeGeGeGeGeGeGeSiSiGeSiSiGeSiGe
    58187.6289062500 GeGeGeGeGeGeGeSiGeSiSiGeGeGeGeSiGeGeGeGeSiGeGeSiGeGeGeSiGeSiGeSiGeGeGeSiGeGeGeGeGeGeGeGeGeGeGeGeGeGeGeGeSiSiGeSiSiGeSiGe
    58187.6289062500 GeGeGeGeGeGeGeSiGeSiSiGeGeGeGeSiGeGeGeGeSiGeGeSiGeGeGeSiGeSiGeSiGeGeGeSiGeGeGeGeGeGeGeGeGeGeGeGeGeGeGeGeSiSiGeSiSiGeSiGe
    58187.6289062500 GeGeGeGeGeGeGeSiGeSiSiGeGeGeGeSiGeGeGeGeSiGeGeSiGeGeGeSiGeSiGeSiGeGeGeSiGeGeGeGeGeGeGeGeGeGeGeGeGeGeGeGeSiSiGeSiSiGeSiGe
    58187.6289062500 GeGeGeGeGeGeGeSiGeSiSiGeGeGeGeSiGeGeGeGeSiGeGeSiGeGeGeSiGeSiGeSiGeGeGeSiGeGeGeGeGeGeGeGeGeGeGeGeGeGeGeGeSiSiGeSiSiGeSiGe
    58187.6289062500 GeGeGeGeGeGeGeSiGeSiSiGeGeGeGeSiGeGeGeGeSiGeGeSiGeGeGeSiGeSiGeSiGeGeGeSiGeGeGeGeGeGeGeGeGeGeGeGeGeGeGeGeSiSiGeSiSiGeSiGe
    58187.6289062500 GeGeGeGeGeGeGeSiGeSiSiGeGeGeGeSiGeGeGeGeSiGeGeSiGeGeGeSiGeSiGeSiGeGeGeSiGeGeGeGeGeGeGeGeGeGeGeGeGeGeGeGeSiSiGeSiSiGeSiGe
    58187.6289062500 GeGeGeGeGeGeGeSiGeSiSiGeGeGeGeSiGeGeGeGeSiGeGeSiGeGeGeSiGeSiGeSiGeGeGeSiGeGeGeGeGeGeGeGeGeGeGeGeGeGeGeGeSiSiGeSiSiGeSiGe
    58187.6289062500 GeGeGeGeGeGeGeSiGeSiSiGeGeGeGeSiGeGeGeGeSiGeGeSiGeGeGeSiGeSiGeSiGeGeGeSiGeGeGeGeGeGeGeGeGeGeGeGeGeGeGeGeSiSiGeSiSiGeSiGe
    58187.6289062500 GeGeGeGeGeGeGeSiGeSiSiGeGeGeGeSiGeGeGeGeSiGeGeSiGeGeGeSiGeSiGeSiGeGeGeSiGeGeGeGeGeGeGeGeGeGeGeGeGeGeGeGeSiSiGeSiSiGeSiGe
    58187.6289062500 GeGeGeGeGeGeGeSiGeSiSiGeGeGeGeSiGeGeGeGeSiGeGeSiGeGeGeSiGeSiGeSiGeGeGeSiGeGeGeGeGeGeGeGeGeGeGeGeGeGeGeGeSiSiGeSiSiGeSiGe
    58187.6289062500 GeGeGeGeGeGeGeSiGeSiSiGeGeGeGeSiGeGeGeGeSiGeGeSiGeGeGeSiGeSiGeSiGeGeGeSiGeGeGeGeGeGeGeGeGeGeGeGeGeGeGeGeSiSiGeSiSiGeSiGe
    58187.6289062500 GeGeGeGeGeGeGeSiGeSiSiGeGeGeGeSiGeGeGeGeSiGeGeSiGeGeGeSiGeSiGeSiGeGeGeSiGeGeGeGeGeGeGeGeGeGeGeGeGeGeGeGeSiSiGeSiSiGeSiGe
    58187.6289062500 GeGeGeGeGeGeGeSiGeSiSiGeGeGeGeSiGeGeGeGeSiGeGeSiGeGeGeSiGeSiGeSiGeGeGeSiGeGeGeGeGeGeGeGeGeGeGeGeGeGeGeGeSiSiGeSiSiGeSiGe
    58187.6289062500 GeGeGeGeGeGeGeSiGeSiSiGeGeGeGeSiGeGeGeGeSiGeGeSiGeGeGeSiGeSiGeSiGeGeGeSiGeGeGeGeGeGeGeGeGeGeGeGeGeGeGeGeSiSiGeSiSiGeSiGe
    58187.6289062500 GeGeGeGeGeGeGeSiGeSiSiGeGeGeGeSiGeGeGeGeSiGeGeSiGeGeGeSiGeSiGeSiGeGeGeSiGeGeGeGeGeGeGeGeGeGeGeGeGeGeGeGeSiSiGeSiSiGeSiGe
    58187.6289062500 GeGeGeGeGeGeGeSiGeSiSiGeGeGeGeSiGeGeGeGeSiGeGeSiGeGeGeSiGeSiGeSiGeGeGeSiGeGeGeGeGeGeGeGeGeGeGeGeGeGeGeGeSiSiGeSiSiGeSiGe
    58187.6289062500 GeGeGeGeGeGeGeSiGeSiSiGeGeGeGeSiGeGeGeGeSiGeGeSiGeGeGeSiGeSiGeSiGeGeGeSiGeGeGeGeGeGeGeGeGeGeGeGeGeGeGeGeSiSiGeSiSiGeSiGe
    58187.6289062500 GeGeGeGeGeGeGeSiGeSiSiGeGeGeGeSiGeGeGeGeSiGeGeSiGeGeGeSiGeSiGeSiGeGeGeSiGeGeGeGeGeGeGeGeGeGeGeGeGeGeGeGeSiSiGeSiSiGeSiGe
    58187.6289062500 GeGeGeGeGeGeGeSiGeSiSiGeGeGeGeSiGeGeGeGeSiGeGeSiGeGeGeSiGeSiGeSiGeGeGeSiGeGeGeGeGeGeGeGeGeGeGeGeGeGeGeGeSiSiGeSiSiGeSiGe
    58187.6289062500 GeGeGeGeGeGeGeSiGeSiSiGeGeGeGeSiGeGeGeGeSiGeGeSiGeGeGeSiGeSiGeSiGeGeGeSiGeGeGeGeGeGeGeGeGeGeGeGeGeGeGeGeSiSiGeSiSiGeSiGe
    58187.6289062500 GeGeGeGeGeGeGeSiGeSiSiGeGeGeGeSiGeGeGeGeSiGeGeSiGeGeGeSiGeSiGeSiGeGeGeSiGeGeGeGeGeGeGeGeGeGeGeGeGeGeGeGeSiSiGeSiSiGeSiGe
    58187.6289062500 GeGeGeGeGeGeGeSiGeSiSiGeGeGeGeSiGeGeGeGeSiGeGeSiGeGeGeSiGeSiGeSiGeGeGeSiGeGeGeGeGeGeGeGeGeGeGeGeGeGeGeGeSiSiGeSiSiGeSiGe
    58187.6289062500 GeGeGeGeGeGeGeSiGeSiSiGeGeGeGeSiGeGeGeGeSiGeGeSiGeGeGeSiGeSiGeSiGeGeGeSiGeGeGeGeGeGeGeGeGeGeGeGeGeGeGeGeSiSiGeSiSiGeSiGe
    58187.6289062500 GeGeGeGeGeGeGeSiGeSiSiGeGeGeGeSiGeGeGeGeSiGeGeSiGeGeGeSiGeSiGeSiGeGeGeSiGeGeGeGeGeGeGeGeGeGeGeGeGeGeGeGeSiSiGeSiSiGeSiGe
    58187.6289062500 GeGeGeGeGeGeGeSiGeSiSiGeGeGeGeSiGeGeGeGeSiGeGeSiGeGeGeSiGeSiGeSiGeGeGeSiGeGeGeGeGeGeGeGeGeGeGeGeGeGeGeGeSiSiGeSiSiGeSiGe
    58187.6289062500 GeGeGeGeGeGeGeSiGeSiSiGeGeGeGeSiGeGeGeGeSiGeGeSiGeGeGeSiGeSiGeSiGeGeGeSiGeGeGeGeGeGeGeGeGeGeGeGeGeGeGeGeSiSiGeSiSiGeSiGe
    58187.6289062500 GeGeGeGeGeGeGeSiGeSiSiGeGeGeGeSiGeGeGeGeSiGeGeSiGeGeGeSiGeSiGeSiGeGeGeSiGeGeGeGeGeGeGeGeGeGeGeGeGeGeGeGeSiSiGeSiSiGeSiGe
    58187.6289062500 GeGeGeGeGeGeGeSiGeSiSiGeGeGeGeSiGeGeGeGeSiGeGeSiGeGeGeSiGeSiGeSiGeGeGeSiGeGeGeGeGeGeGeGeGeGeGeGeGeGeGeGeSiSiGeSiSiGeSiGe
    58187.6289062500 GeGeGeGeGeGeGeSiGeSiSiGeGeGeGeSiGeGeGeGeSiGeGeSiGeGeGeSiGeSiGeSiGeGeGeSiGeGeGeGeGeGeGeGeGeGeGeGeGeGeGeGeSiSiGeSiSiGeSiGe
    58187.6289062500 GeGeGeGeGeGeGeSiGeSiSiGeGeGeGeSiGeGeGeGeSiGeGeSiGeGeGeSiGeSiGeSiGeGeGeSiGeGeGeGeGeGeGeGeGeGeGeGeGeGeGeGeSiSiGeSiSiGeSiGe
    58187.6289062500 GeGeGeGeGeGeGeSiGeSiSiGeGeGeGeSiGeGeGeGeSiGeGeSiGeGeGeSiGeSiGeSiGeGeGeSiGeGeGeGeGeGeGeGeGeGeGeGeGeGeGeGeSiSiGeSiSiGeSiGe
    58187.6289062500 GeGeGeGeGeGeGeSiGeSiSiGeGeGeGeSiGeGeGeGeSiGeGeSiGeGeGeSiGeSiGeSiGeGeGeSiGeGeGeGeGeGeGeGeGeGeGeGeGeGeGeGeSiSiGeSiSiGeSiGe
    58187.6289062500 GeGeGeGeGeGeGeSiGeSiSiGeGeGeGeSiGeGeGeGeSiGeGeSiGeGeGeSiGeSiGeSiGeGeGeSiGeGeGeGeGeGeGeGeGeGeGeGeGeGeGeGeSiSiGeSiSiGeSiGe
    58187.6289062500 GeGeGeGeGeGeGeSiGeSiSiGeGeGeGeSiGeGeGeGeSiGeGeSiGeGeGeSiGeSiGeSiGeGeGeSiGeGeGeGeGeGeGeGeGeGeGeGeGeGeGeGeSiSiGeSiSiGeSiGe
    58187.6289062500 GeGeGeGeGeGeGeSiGeSiSiGeGeGeGeSiGeGeGeGeSiGeGeSiGeGeGeSiGeSiGeSiGeGeGeSiGeGeGeGeGeGeGeGeGeGeGeGeGeGeGeGeSiSiGeSiSiGeSiGe
    58187.6289062500 GeGeGeGeGeGeGeSiGeSiSiGeGeGeGeSiGeGeGeGeSiGeGeSiGeGeGeSiGeSiGeSiGeGeGeSiGeGeGeGeGeGeGeGeGeGeGeGeGeGeGeGeSiSiGeSiSiGeSiGe
    58187.6289062500 GeGeGeGeGeGeGeSiGeSiSiGeGeGeGeSiGeGeGeGeSiGeGeSiGeGeGeSiGeSiGeSiGeGeGeSiGeGeGeGeGeGeGeGeGeGeGeGeGeGeGeGeSiSiGeSiSiGeSiGe
    58187.6289062500 GeGeGeGeGeGeGeSiGeSiSiGeGeGeGeSiGeGeGeGeSiGeGeSiGeGeGeSiGeSiGeSiGeGeGeSiGeGeGeGeGeGeGeGeGeGeGeGeGeGeGeGeSiSiGeSiSiGeSiGe
    58187.6289062500 GeGeGeGeGeGeGeSiGeSiSiGeGeGeGeSiGeGeGeGeSiGeGeSiGeGeGeSiGeSiGeSiGeGeGeSiGeGeGeGeGeGeGeGeGeGeGeGeGeGeGeGeSiSiGeSiSiGeSiGe
    58187.6289062500 GeGeGeGeGeGeGeSiGeSiSiGeGeGeGeSiGeGeGeGeSiGeGeSiGeGeGeSiGeSiGeSiGeGeGeSiGeGeGeGeGeGeGeGeGeGeGeGeGeGeGeGeSiSiGeSiSiGeSiGe
    58187.6289062500 GeGeGeGeGeGeGeSiGeSiSiGeGeGeGeSiGeGeGeGeSiGeGeSiGeGeGeSiGeSiGeSiGeGeGeSiGeGeGeGeGeGeGeGeGeGeGeGeGeGeGeGeSiSiGeSiSiGeSiGe
filename: c000000861033551.gin     
Cell:
    11.9020996    11.9020996    29.6919994    90.0000000    90.0000000   120.0000000
Box:
    11.9020996    -5.9510503     0.0000000
     0.0000000    10.3075209     0.0000000
     0.0000000     0.0000000    29.6919994
----------------------------------------
Inverse Box:
     0.0840188     0.0485083     0.0000000
     0.0000000     0.0970165     0.0000000
     0.0000000     0.0000000     0.0336791
----------------------------------------
==============================================
geometrical properties of  45 Ge:
 Configuration:           0
 D_ave:   9.10673714       3.55283165    
 D_min:   3.02130437       2.04845481E-02
 energia:   58187.6289    
