Random Seed:  1229974989
Number of atoms:    60
Space Group:    1
Cell:
    11.9020996    11.9020996    29.6919994    90.0000000    90.0000000   120.0000000
Box:
    11.9020996    -5.9510503     0.0000000
     0.0000000    10.3075209     0.0000000
     0.0000000     0.0000000    29.6919994
----------------------------------------
Inverse Box:
     0.0840188     0.0485083     0.0000000
     0.0000000     0.0970165     0.0000000
     0.0000000     0.0000000     0.0336791
----------------------------------------
SiGeSiSiSiSiSiSiSiSiSiSiSiSiSiSiGeSiSiSiSiSiSiSiSiSiSiSiSiSiSiSiSiSiSiSiSiSiSiSiSiSiSiSiSiSiSiSiSiSiSiSiSiSiSiSiSiSiSiSi
           2 Ge    -7727.77197    
SiGeGeSiSiSiSiSiSiSiSiSiSiSiSiSiGeSiSiSiSiSiSiSiSiSiSiSiSiSiSiSiSiSiSiSiSiSiSiSiSiSiSiSiSiSiSiSiSiSiSiSiSiSiSiSiSiSiSiSi
           3 Ge    -7715.08252    
SiGeGeGeSiSiSiSiSiSiSiSiSiSiSiSiGeSiSiSiSiSiSiSiSiSiSiSiSiSiSiSiSiSiSiSiSiSiSiSiSiSiSiSiSiSiSiSiSiSiSiSiSiSiSiSiSiSiSiSi
           4 Ge    -7720.72998    
SiGeGeGeGeSiSiSiSiSiSiSiSiSiSiSiGeSiSiSiSiSiSiSiSiSiSiSiSiSiSiSiSiSiSiSiSiSiSiSiSiSiSiSiSiSiSiSiSiSiSiSiSiSiSiSiSiSiSiSi
           5 Ge    -7739.64355    
SiGeGeGeGeGeSiSiSiSiSiSiSiSiSiSiGeSiSiSiSiSiSiSiSiSiSiSiSiSiSiSiSiSiSiSiSiSiSiSiSiSiSiSiSiSiSiSiSiSiSiSiSiSiSiSiSiSiSiSi
           6 Ge    -7776.24951    
SiGeGeGeGeGeGeSiSiSiSiSiSiSiSiSiGeSiSiSiSiSiSiSiSiSiSiSiSiSiSiSiSiSiSiSiSiSiSiSiSiSiSiSiSiSiSiSiSiSiSiSiSiSiSiSiSiSiSiSi
           7 Ge    -7888.81689    
SiGeGeGeGeGeGeGeSiSiSiSiSiSiSiSiGeSiSiSiSiSiSiSiSiSiSiSiSiSiSiSiSiSiSiSiSiSiSiSiSiSiSiSiSiSiSiSiSiSiSiSiSiSiSiSiSiSiSiSi
           8 Ge    -8029.62744    
SiGeGeGeGeGeGeGeSiSiSiGeSiSiSiSiGeSiSiSiSiSiSiSiSiSiSiSiSiSiSiSiSiSiSiSiSiSiSiSiSiSiSiSiSiSiSiSiSiSiSiSiSiSiSiSiSiSiSiSi
          12 Ge    -8284.16406    
SiGeGeGeGeGeGeGeSiSiSiGeGeSiSiSiGeSiSiSiSiSiSiSiSiSiSiSiSiSiSiSiSiSiSiSiSiSiSiSiSiSiSiSiSiSiSiSiSiSiSiSiSiSiSiSiSiSiSiSi
          13 Ge    -8393.40625    
SiGeGeGeGeGeGeGeSiSiSiGeGeGeSiSiGeSiSiSiSiSiSiSiSiSiSiSiSiSiSiSiSiSiSiSiSiSiSiSiSiSiSiSiSiSiSiSiSiSiSiSiSiSiSiSiSiSiSiSi
          14 Ge    -8741.04883    
SiGeGeGeGeGeGeGeSiSiSiGeGeGeSiGeGeSiSiSiSiSiSiSiSiSiSiSiSiSiSiSiSiSiSiSiSiSiSiSiSiSiSiSiSiSiSiSiSiSiSiSiSiSiSiSiSiSiSiSi
          16 Ge    -9144.15430    
SiGeGeGeGeGeGeGeSiSiSiGeGeGeSiGeGeSiSiSiSiSiSiSiSiGeSiSiSiSiSiSiSiSiSiSiSiSiSiSiSiSiSiSiSiSiSiSiSiSiSiSiSiSiSiSiSiSiSiSi
          26 Ge    -8958.50586    
SiGeGeGeGeGeGeGeSiSiSiGeGeGeSiGeGeSiSiSiSiSiSiSiSiGeSiSiSiGeSiSiSiSiSiSiSiSiSiSiSiSiSiSiSiSiSiSiSiSiSiSiSiSiSiSiSiSiSiSi
          30 Ge    -9254.37793    
SiGeGeGeGeGeGeGeSiSiSiGeGeGeSiGeGeSiSiSiSiSiSiSiSiGeSiSiSiGeSiSiSiSiSiGeSiSiSiSiSiSiSiSiSiSiSiSiSiSiSiSiSiSiSiSiSiSiSiSi
          36 Ge    -7942.10400    
SiGeGeGeGeGeGeGeSiSiSiGeGeGeSiGeGeSiSiSiSiSiSiSiSiGeSiSiSiGeSiSiSiSiSiGeSiSiGeSiSiSiSiSiSiSiSiSiSiSiSiSiSiSiSiSiSiSiSiSi
          39 Ge    -8549.52832    
SiGeGeGeGeGeGeGeSiSiSiGeGeGeSiGeGeSiSiSiSiSiSiSiSiGeSiSiSiGeSiSiSiSiSiGeSiSiGeGeSiSiSiSiSiSiSiSiSiSiSiSiSiSiSiSiSiSiSiSi
          40 Ge    -8606.32324    
SiGeGeGeGeGeGeGeSiSiSiGeGeGeSiGeGeSiSiSiSiSiSiSiSiGeSiSiSiGeSiSiSiSiSiGeSiSiGeGeGeSiSiSiSiSiSiSiSiSiSiSiSiSiSiSiSiSiSiSi
          41 Ge    -8920.03711    
SiGeGeGeGeGeGeGeSiSiSiGeGeGeSiGeGeSiSiSiSiSiSiSiSiGeSiSiSiGeSiSiSiSiSiGeSiSiGeGeGeGeSiSiSiSiSiSiSiSiSiSiSiSiSiSiSiSiSiSi
          42 Ge    -8629.74805    
SiGeGeGeGeGeGeGeSiSiSiGeGeGeSiGeGeSiSiSiSiSiSiSiSiGeSiSiSiGeSiSiSiSiSiGeSiSiGeGeGeGeSiSiGeSiSiSiSiSiSiSiSiSiSiSiSiSiSiSi
          45 Ge    -9143.49023    
SiGeGeGeGeGeGeGeSiSiSiGeGeGeSiGeGeSiSiSiSiSiSiSiSiGeSiSiSiGeSiSiSiSiSiGeSiSiGeGeGeGeSiSiGeGeSiSiSiSiSiSiSiSiSiSiSiSiSiSi
          46 Ge    -8976.62012    
SiGeGeGeGeGeGeGeSiSiSiGeGeGeSiGeGeSiSiSiSiSiSiSiSiGeSiSiSiGeSiSiSiSiSiGeSiSiGeGeGeGeSiSiGeGeSiSiGeSiSiSiSiSiSiSiSiSiSiSi
          49 Ge    -9336.77539    
SiGeGeGeGeGeGeGeSiGeSiGeGeGeSiGeGeSiSiSiSiSiSiSiSiGeSiSiSiGeSiSiSiSiSiGeSiSiGeGeGeGeSiSiGeGeSiSiGeSiSiSiSiSiSiSiSiSiSiSi
          10 Ge    -8288.11719    
SiGeGeGeGeGeGeGeSiGeGeGeGeGeSiGeGeSiSiSiSiSiSiSiSiGeSiSiSiGeSiSiSiSiSiGeSiSiGeGeGeGeSiSiGeGeSiSiGeSiSiSiSiSiSiSiSiSiSiSi
          11 Ge    -7958.48682    
SiGeGeGeGeGeGeGeSiGeGeGeGeGeGeGeGeSiSiSiSiSiSiSiSiGeSiSiSiGeSiSiSiSiSiGeSiSiGeGeGeGeSiSiGeGeSiSiGeSiSiSiSiSiSiSiSiSiSiSi
          15 Ge    -6544.16357    
SiGeGeGeGeGeGeGeSiGeGeGeGeGeGeGeGeGeSiSiSiSiSiSiSiGeSiSiSiGeSiSiSiSiSiGeSiSiGeGeGeGeSiSiGeGeSiSiGeSiSiSiSiSiSiSiSiSiSiSi
          18 Ge    -3221.60449    
SiGeGeGeGeGeGeGeSiGeGeGeGeGeGeGeGeGeSiSiSiSiGeSiSiGeSiSiSiGeSiSiSiSiSiGeSiSiGeGeGeGeSiSiGeGeSiSiGeSiSiSiSiSiSiSiSiSiSiSi
          23 Ge     256.687500    
SiGeGeGeGeGeGeGeSiGeGeGeGeGeGeGeGeGeSiSiSiSiGeGeSiGeSiSiSiGeSiSiSiSiSiGeSiSiGeGeGeGeSiSiGeGeSiSiGeSiSiSiSiSiSiSiSiSiSiSi
          24 Ge     5236.50488    
SiGeGeGeGeGeGeGeSiGeGeGeGeGeGeGeGeGeSiSiSiSiGeGeSiGeSiGeSiGeSiSiSiSiSiGeSiSiGeGeGeGeSiSiGeGeSiSiGeSiSiSiSiSiSiSiSiSiSiSi
          28 Ge     8511.93750    
SiGeGeGeGeGeGeGeSiGeGeGeGeGeGeGeGeGeSiSiSiSiGeGeSiGeSiGeSiGeSiSiSiSiSiGeSiSiGeGeGeGeSiGeGeGeSiSiGeSiSiSiSiSiSiSiSiSiSiSi
          44 Ge     7987.25732    
SiGeGeGeGeGeGeGeSiGeGeGeGeGeGeGeGeGeSiSiSiSiGeGeSiGeSiGeSiGeSiSiSiSiSiGeSiSiGeGeGeGeSiGeGeGeSiSiGeSiGeSiSiSiSiSiSiSiSiSi
          51 Ge     6152.78076    
SiGeGeGeGeGeGeGeSiGeGeGeGeGeGeGeGeGeSiSiSiSiGeGeSiGeSiGeSiGeSiSiSiSiSiGeSiSiGeGeGeGeSiGeGeGeSiSiGeSiGeSiSiSiSiSiGeSiSiSi
          57 Ge     6976.57764    
SiGeGeGeGeGeGeGeSiGeGeGeGeGeGeGeGeGeSiSiSiSiGeGeSiGeSiGeSiGeSiSiSiSiSiGeSiSiGeGeGeGeSiGeGeGeSiSiGeSiGeSiSiSiSiSiGeGeSiSi
          58 Ge     9932.03711    
GeGeGeGeGeGeGeGeSiGeGeGeGeGeGeGeGeGeSiSiSiSiGeGeSiGeSiGeSiGeSiSiSiSiSiGeSiSiGeGeGeGeSiGeGeGeSiSiGeSiGeSiSiSiSiSiGeGeSiSi
           1 Ge     19472.1875    
GeGeGeGeGeGeGeGeGeGeGeGeGeGeGeGeGeGeSiSiSiSiGeGeSiGeSiGeSiGeSiSiSiSiSiGeSiSiGeGeGeGeSiGeGeGeSiSiGeSiGeSiSiSiSiSiGeGeSiSi
           9 Ge     23521.6953    
GeGeGeGeGeGeGeGeGeGeGeGeGeGeGeGeGeGeSiSiGeSiGeGeSiGeSiGeSiGeSiSiSiSiSiGeSiSiGeGeGeGeSiGeGeGeSiSiGeSiGeSiSiSiSiSiGeGeSiSi
          21 Ge     34069.4141    
GeGeGeGeGeGeGeGeGeGeGeGeGeGeGeGeGeGeSiSiGeGeGeGeSiGeSiGeSiGeSiSiSiSiSiGeSiSiGeGeGeGeSiGeGeGeSiSiGeSiGeSiSiSiSiSiGeGeSiSi
          22 Ge     44985.8125    
GeGeGeGeGeGeGeGeGeGeGeGeGeGeGeGeGeGeSiSiGeGeGeGeSiGeSiGeSiGeGeSiSiSiSiGeSiSiGeGeGeGeSiGeGeGeSiSiGeSiGeSiSiSiSiSiGeGeSiSi
          31 Ge     49775.6719    
GeGeGeGeGeGeGeGeGeGeGeGeGeGeGeGeGeGeSiSiGeGeGeGeSiGeSiGeSiGeGeGeSiSiSiGeSiSiGeGeGeGeSiGeGeGeSiSiGeSiGeSiSiSiSiSiGeGeSiSi
          32 Ge     56745.1875    
GeGeGeGeGeGeGeGeGeGeGeGeGeGeGeGeGeGeSiSiGeGeGeGeSiGeSiGeSiGeGeGeGeSiSiGeSiSiGeGeGeGeSiGeGeGeSiSiGeSiGeSiSiSiSiSiGeGeSiSi
          33 Ge     78703.6016    
GeGeGeGeGeGeGeGeGeGeGeGeGeGeGeGeGeGeSiSiGeGeGeGeSiGeSiGeSiGeGeGeGeSiSiGeSiSiGeGeGeGeSiGeGeGeSiSiGeGeGeSiSiSiSiSiGeGeSiSi
          50 Ge     81521.0703    
GeGeGeGeGeGeGeGeGeGeGeGeGeGeGeGeGeGeSiSiGeGeGeGeSiGeSiGeSiGeGeGeGeSiSiGeSiSiGeGeGeGeSiGeGeGeSiSiGeGeGeSiSiSiGeSiGeGeSiSi
          55 Ge     86031.4062    
GeGeGeGeGeGeGeGeGeGeGeGeGeGeGeGeGeGeSiSiGeGeGeGeGeGeSiGeSiGeGeGeGeSiSiGeSiSiGeGeGeGeSiGeGeGeSiSiGeGeGeSiSiSiGeSiGeGeSiSi
          25 Ge     95907.9531    
GeGeGeGeGeGeGeGeGeGeGeGeGeGeGeGeGeGeSiSiGeGeGeGeGeGeGeGeSiGeGeGeGeSiSiGeSiSiGeGeGeGeSiGeGeGeSiSiGeGeGeSiSiSiGeSiGeGeSiSi
          27 Ge     107081.875    
GeGeGeGeGeGeGeGeGeGeGeGeGeGeGeGeGeGeSiSiGeGeGeGeGeGeGeGeSiGeGeGeGeSiSiGeGeSiGeGeGeGeSiGeGeGeSiSiGeGeGeSiSiSiGeSiGeGeSiSi
          37 Ge     123502.047    
GeGeGeGeGeGeGeGeGeGeGeGeGeGeGeGeGeGeSiSiGeGeGeGeGeGeGeGeSiGeGeGeGeSiSiGeGeGeGeGeGeGeSiGeGeGeSiSiGeGeGeSiSiSiGeSiGeGeSiSi
          38 Ge     137564.094    
GeGeGeGeGeGeGeGeGeGeGeGeGeGeGeGeGeGeSiSiGeGeGeGeGeGeGeGeSiGeGeGeGeSiSiGeGeGeGeGeGeGeSiGeGeGeSiSiGeGeGeSiSiSiGeGeGeGeSiSi
          56 Ge     149377.031    
==============================================
MonteCarlo: Metropolis with identity changes
Si > Ge, Ge > Si. STOP when occurrence <    0.00000
==============================================
Cost_function     Occurrence %     Scan-Cost
    98589.5156250000 GeGeGeGeSiGeSiGeGeSiGeGeGeGeGeSiGeGeGeGeGeGeSiSiGeGeSiSiGeGeGeSiGeGeSiGeGeGeGeGeGeGeGeGeGeGeGeGeSiGeGeSiGeSiGeGeGeGeGeGe
    98589.5156250000 GeGeGeGeSiGeSiGeGeSiGeGeGeGeGeSiGeGeGeGeGeGeSiSiGeGeSiSiGeGeGeSiGeGeSiGeGeGeGeGeGeGeGeGeGeGeGeGeSiGeGeSiGeSiGeGeGeGeGeGe
    98589.5156250000 GeGeGeGeSiGeSiGeGeSiGeGeGeGeGeSiGeGeGeGeGeGeSiSiGeGeSiSiGeGeGeSiGeGeSiGeGeGeGeGeGeGeGeGeGeGeGeGeSiGeGeSiGeSiGeGeGeGeGeGe
    98589.5156250000 GeGeGeGeSiGeSiGeGeSiGeGeGeGeGeSiGeGeGeGeGeGeSiSiGeGeSiSiGeGeGeSiGeGeSiGeGeGeGeGeGeGeGeGeGeGeGeGeSiGeGeSiGeSiGeGeGeGeGeGe
    98589.5156250000 GeGeGeGeSiGeSiGeGeSiGeGeGeGeGeSiGeGeGeGeGeGeSiSiGeGeSiSiGeGeGeSiGeGeSiGeGeGeGeGeGeGeGeGeGeGeGeGeSiGeGeSiGeSiGeGeGeGeGeGe
    87416.0937500000 SiGeGeGeSiGeSiGeGeSiGeGeGeGeGeGeGeGeGeGeGeGeSiSiGeGeGeSiGeGeGeSiGeGeSiGeGeGeGeGeGeGeGeGeSiGeGeGeSiGeGeSiGeSiGeGeGeGeGeGe
    85975.8750000000 SiGeGeGeSiGeSiGeGeSiGeGeGeGeGeGeGeGeGeSiGeGeSiGeGeGeGeSiGeGeSiSiGeGeSiGeGeGeGeGeGeGeGeGeGeGeGeGeSiGeGeSiGeSiGeGeGeGeGeGe
    81470.1328125000 SiGeGeSiSiSiSiGeGeSiSiGeGeGeGeGeGeGeGeGeGeGeGeGeGeGeGeGeGeGeGeGeGeSiGeGeGeGeGeGeGeGeGeGeGeGeGeSiSiGeSiGeSiSiGeGeGeGeGeGe
    81470.1328125000 SiGeGeSiSiSiSiGeGeSiSiGeGeGeGeGeGeGeGeGeGeGeGeGeGeGeGeGeGeGeGeGeGeSiGeGeGeGeGeGeGeGeGeGeGeGeGeSiSiGeSiGeSiSiGeGeGeGeGeGe
    81470.1328125000 SiGeGeSiSiSiSiGeGeSiSiGeGeGeGeGeGeGeGeGeGeGeGeGeGeGeGeGeGeGeGeGeGeSiGeGeGeGeGeGeGeGeGeGeGeGeGeSiSiGeSiGeSiSiGeGeGeGeGeGe
    81470.1328125000 SiGeGeSiSiSiSiGeGeSiSiGeGeGeGeGeGeGeGeGeGeGeGeGeGeGeGeGeGeGeGeGeGeSiGeGeGeGeGeGeGeGeGeGeGeGeGeSiSiGeSiGeSiSiGeGeGeGeGeGe
    81470.1328125000 SiGeGeSiSiSiSiGeGeSiSiGeGeGeGeGeGeGeGeGeGeGeGeGeGeGeGeGeGeGeGeGeGeSiGeGeGeGeGeGeGeGeGeGeGeGeGeSiSiGeSiGeSiSiGeGeGeGeGeGe
    77139.1953125000 SiGeGeSiSiSiGeGeGeSiSiGeGeGeGeGeGeGeGeGeGeGeGeGeGeGeGeSiGeGeGeGeGeSiGeGeGeGeGeGeGeGeGeGeGeGeGeSiSiGeSiGeSiSiGeGeGeGeGeGe
    72689.4765625000 SiGeGeSiSiSiGeGeGeSiSiGeGeSiGeGeGeGeGeGeGeGeGeGeGeGeGeSiGeGeGeGeGeGeGeGeGeGeGeGeGeGeGeGeGeGeGeSiSiGeSiGeSiSiGeGeGeGeGeGe
    71838.6796875000 SiGeGeSiSiSiGeGeGeSiSiGeGeGeGeGeGeGeGeGeGeGeGeGeGeGeGeSiGeGeGeGeGeGeGeGeGeGeGeGeGeGeGeGeGeGeGeSiSiGeSiGeSiSiGeGeGeGeSiGe
    71838.6796875000 SiGeGeSiSiSiGeGeGeSiSiGeGeGeGeGeGeGeGeGeGeGeGeGeGeGeGeSiGeGeGeGeGeGeGeGeGeGeGeGeGeGeGeGeGeGeGeSiSiGeSiGeSiSiGeGeGeGeSiGe
    71838.6796875000 SiGeGeSiSiSiGeGeGeSiSiGeGeGeGeGeGeGeGeGeGeGeGeGeGeGeGeSiGeGeGeGeGeGeGeGeGeGeGeGeGeGeGeGeGeGeGeSiSiGeSiGeSiSiGeGeGeGeSiGe
    71838.6796875000 SiGeGeSiSiSiGeGeGeSiSiGeGeGeGeGeGeGeGeGeGeGeGeGeGeGeGeSiGeGeGeGeGeGeGeGeGeGeGeGeGeGeGeGeGeGeGeSiSiGeSiGeSiSiGeGeGeGeSiGe
    71838.6796875000 SiGeGeSiSiSiGeGeGeSiSiGeGeGeGeGeGeGeGeGeGeGeGeGeGeGeGeSiGeGeGeGeGeGeGeGeGeGeGeGeGeGeGeGeGeGeGeSiSiGeSiGeSiSiGeGeGeGeSiGe
    71838.6796875000 SiGeGeSiSiSiGeGeGeSiSiGeGeGeGeGeGeGeGeGeGeGeGeGeGeGeGeSiGeGeGeGeGeGeGeGeGeGeGeGeGeGeGeGeGeGeGeSiSiGeSiGeSiSiGeGeGeGeSiGe
    71838.6796875000 SiGeGeSiSiSiGeGeGeSiSiGeGeGeGeGeGeGeGeGeGeGeGeGeGeGeGeSiGeGeGeGeGeGeGeGeGeGeGeGeGeGeGeGeGeGeGeSiSiGeSiGeSiSiGeGeGeGeSiGe
    71838.6796875000 SiGeGeSiSiSiGeGeGeSiSiGeGeGeGeGeGeGeGeGeGeGeGeGeGeGeGeSiGeGeGeGeGeGeGeGeGeGeGeGeGeGeGeGeGeGeGeSiSiGeSiGeSiSiGeGeGeGeSiGe
    71838.6796875000 SiGeGeSiSiSiGeGeGeSiSiGeGeGeGeGeGeGeGeGeGeGeGeGeGeGeGeSiGeGeGeGeGeGeGeGeGeGeGeGeGeGeGeGeGeGeGeSiSiGeSiGeSiSiGeGeGeGeSiGe
    71838.6796875000 SiGeGeSiSiSiGeGeGeSiSiGeGeGeGeGeGeGeGeGeGeGeGeGeGeGeGeSiGeGeGeGeGeGeGeGeGeGeGeGeGeGeGeGeGeGeGeSiSiGeSiGeSiSiGeGeGeGeSiGe
    71838.6796875000 SiGeGeSiSiSiGeGeGeSiSiGeGeGeGeGeGeGeGeGeGeGeGeGeGeGeGeSiGeGeGeGeGeGeGeGeGeGeGeGeGeGeGeGeGeGeGeSiSiGeSiGeSiSiGeGeGeGeSiGe
    71838.6796875000 SiGeGeSiSiSiGeGeGeSiSiGeGeGeGeGeGeGeGeGeGeGeGeGeGeGeGeSiGeGeGeGeGeGeGeGeGeGeGeGeGeGeGeGeGeGeGeSiSiGeSiGeSiSiGeGeGeGeSiGe
    71838.6796875000 SiGeGeSiSiSiGeGeGeSiSiGeGeGeGeGeGeGeGeGeGeGeGeGeGeGeGeSiGeGeGeGeGeGeGeGeGeGeGeGeGeGeGeGeGeGeGeSiSiGeSiGeSiSiGeGeGeGeSiGe
    71838.6796875000 SiGeGeSiSiSiGeGeGeSiSiGeGeGeGeGeGeGeGeGeGeGeGeGeGeGeGeSiGeGeGeGeGeGeGeGeGeGeGeGeGeGeGeGeGeGeGeSiSiGeSiGeSiSiGeGeGeGeSiGe
    71838.6796875000 SiGeGeSiSiSiGeGeGeSiSiGeGeGeGeGeGeGeGeGeGeGeGeGeGeGeGeSiGeGeGeGeGeGeGeGeGeGeGeGeGeGeGeGeGeGeGeSiSiGeSiGeSiSiGeGeGeGeSiGe
    71838.6796875000 SiGeGeSiSiSiGeGeGeSiSiGeGeGeGeGeGeGeGeGeGeGeGeGeGeGeGeSiGeGeGeGeGeGeGeGeGeGeGeGeGeGeGeGeGeGeGeSiSiGeSiGeSiSiGeGeGeGeSiGe
    71838.6796875000 SiGeGeSiSiSiGeGeGeSiSiGeGeGeGeGeGeGeGeGeGeGeGeGeGeGeGeSiGeGeGeGeGeGeGeGeGeGeGeGeGeGeGeGeGeGeGeSiSiGeSiGeSiSiGeGeGeGeSiGe
    71838.6796875000 SiGeGeSiSiSiGeGeGeSiSiGeGeGeGeGeGeGeGeGeGeGeGeGeGeGeGeSiGeGeGeGeGeGeGeGeGeGeGeGeGeGeGeGeGeGeGeSiSiGeSiGeSiSiGeGeGeGeSiGe
    71838.6796875000 SiGeGeSiSiSiGeGeGeSiSiGeGeGeGeGeGeGeGeGeGeGeGeGeGeGeGeSiGeGeGeGeGeGeGeGeGeGeGeGeGeGeGeGeGeGeGeSiSiGeSiGeSiSiGeGeGeGeSiGe
    71838.6796875000 SiGeGeSiSiSiGeGeGeSiSiGeGeGeGeGeGeGeGeGeGeGeGeGeGeGeGeSiGeGeGeGeGeGeGeGeGeGeGeGeGeGeGeGeGeGeGeSiSiGeSiGeSiSiGeGeGeGeSiGe
    71838.6796875000 SiGeGeSiSiSiGeGeGeSiSiGeGeGeGeGeGeGeGeGeGeGeGeGeGeGeGeSiGeGeGeGeGeGeGeGeGeGeGeGeGeGeGeGeGeGeGeSiSiGeSiGeSiSiGeGeGeGeSiGe
    71838.6796875000 SiGeGeSiSiSiGeGeGeSiSiGeGeGeGeGeGeGeGeGeGeGeGeGeGeGeGeSiGeGeGeGeGeGeGeGeGeGeGeGeGeGeGeGeGeGeGeSiSiGeSiGeSiSiGeGeGeGeSiGe
    71838.6796875000 SiGeGeSiSiSiGeGeGeSiSiGeGeGeGeGeGeGeGeGeGeGeGeGeGeGeGeSiGeGeGeGeGeGeGeGeGeGeGeGeGeGeGeGeGeGeGeSiSiGeSiGeSiSiGeGeGeGeSiGe
    71838.6796875000 SiGeGeSiSiSiGeGeGeSiSiGeGeGeGeGeGeGeGeGeGeGeGeGeGeGeGeSiGeGeGeGeGeGeGeGeGeGeGeGeGeGeGeGeGeGeGeSiSiGeSiGeSiSiGeGeGeGeSiGe
    71838.6796875000 SiGeGeSiSiSiGeGeGeSiSiGeGeGeGeGeGeGeGeGeGeGeGeGeGeGeGeSiGeGeGeGeGeGeGeGeGeGeGeGeGeGeGeGeGeGeGeSiSiGeSiGeSiSiGeGeGeGeSiGe
    71838.6796875000 SiGeGeSiSiSiGeGeGeSiSiGeGeGeGeGeGeGeGeGeGeGeGeGeGeGeGeSiGeGeGeGeGeGeGeGeGeGeGeGeGeGeGeGeGeGeGeSiSiGeSiGeSiSiGeGeGeGeSiGe
    71838.6796875000 SiGeGeSiSiSiGeGeGeSiSiGeGeGeGeGeGeGeGeGeGeGeGeGeGeGeGeSiGeGeGeGeGeGeGeGeGeGeGeGeGeGeGeGeGeGeGeSiSiGeSiGeSiSiGeGeGeGeSiGe
    71838.6796875000 SiGeGeSiSiSiGeGeGeSiSiGeGeGeGeGeGeGeGeGeGeGeGeGeGeGeGeSiGeGeGeGeGeGeGeGeGeGeGeGeGeGeGeGeGeGeGeSiSiGeSiGeSiSiGeGeGeGeSiGe
    71838.6796875000 SiGeGeSiSiSiGeGeGeSiSiGeGeGeGeGeGeGeGeGeGeGeGeGeGeGeGeSiGeGeGeGeGeGeGeGeGeGeGeGeGeGeGeGeGeGeGeSiSiGeSiGeSiSiGeGeGeGeSiGe
    71838.6796875000 SiGeGeSiSiSiGeGeGeSiSiGeGeGeGeGeGeGeGeGeGeGeGeGeGeGeGeSiGeGeGeGeGeGeGeGeGeGeGeGeGeGeGeGeGeGeGeSiSiGeSiGeSiSiGeGeGeGeSiGe
    71838.6796875000 SiGeGeSiSiSiGeGeGeSiSiGeGeGeGeGeGeGeGeGeGeGeGeGeGeGeGeSiGeGeGeGeGeGeGeGeGeGeGeGeGeGeGeGeGeGeGeSiSiGeSiGeSiSiGeGeGeGeSiGe
    71838.6796875000 SiGeGeSiSiSiGeGeGeSiSiGeGeGeGeGeGeGeGeGeGeGeGeGeGeGeGeSiGeGeGeGeGeGeGeGeGeGeGeGeGeGeGeGeGeGeGeSiSiGeSiGeSiSiGeGeGeGeSiGe
    71838.6796875000 SiGeGeSiSiSiGeGeGeSiSiGeGeGeGeGeGeGeGeGeGeGeGeGeGeGeGeSiGeGeGeGeGeGeGeGeGeGeGeGeGeGeGeGeGeGeGeSiSiGeSiGeSiSiGeGeGeGeSiGe
    71838.6796875000 SiGeGeSiSiSiGeGeGeSiSiGeGeGeGeGeGeGeGeGeGeGeGeGeGeGeGeSiGeGeGeGeGeGeGeGeGeGeGeGeGeGeGeGeGeGeGeSiSiGeSiGeSiSiGeGeGeGeSiGe
    71838.6796875000 SiGeGeSiSiSiGeGeGeSiSiGeGeGeGeGeGeGeGeGeGeGeGeGeGeGeGeSiGeGeGeGeGeGeGeGeGeGeGeGeGeGeGeGeGeGeGeSiSiGeSiGeSiSiGeGeGeGeSiGe
    71838.6796875000 SiGeGeSiSiSiGeGeGeSiSiGeGeGeGeGeGeGeGeGeGeGeGeGeGeGeGeSiGeGeGeGeGeGeGeGeGeGeGeGeGeGeGeGeGeGeGeSiSiGeSiGeSiSiGeGeGeGeSiGe
    71838.6796875000 SiGeGeSiSiSiGeGeGeSiSiGeGeGeGeGeGeGeGeGeGeGeGeGeGeGeGeSiGeGeGeGeGeGeGeGeGeGeGeGeGeGeGeGeGeGeGeSiSiGeSiGeSiSiGeGeGeGeSiGe
    71838.6796875000 SiGeGeSiSiSiGeGeGeSiSiGeGeGeGeGeGeGeGeGeGeGeGeGeGeGeGeSiGeGeGeGeGeGeGeGeGeGeGeGeGeGeGeGeGeGeGeSiSiGeSiGeSiSiGeGeGeGeSiGe
    71838.6796875000 SiGeGeSiSiSiGeGeGeSiSiGeGeGeGeGeGeGeGeGeGeGeGeGeGeGeGeSiGeGeGeGeGeGeGeGeGeGeGeGeGeGeGeGeGeGeGeSiSiGeSiGeSiSiGeGeGeGeSiGe
    71838.6796875000 SiGeGeSiSiSiGeGeGeSiSiGeGeGeGeGeGeGeGeGeGeGeGeGeGeGeGeSiGeGeGeGeGeGeGeGeGeGeGeGeGeGeGeGeGeGeGeSiSiGeSiGeSiSiGeGeGeGeSiGe
    71838.6796875000 SiGeGeSiSiSiGeGeGeSiSiGeGeGeGeGeGeGeGeGeGeGeGeGeGeGeGeSiGeGeGeGeGeGeGeGeGeGeGeGeGeGeGeGeGeGeGeSiSiGeSiGeSiSiGeGeGeGeSiGe
    71838.6796875000 SiGeGeSiSiSiGeGeGeSiSiGeGeGeGeGeGeGeGeGeGeGeGeGeGeGeGeSiGeGeGeGeGeGeGeGeGeGeGeGeGeGeGeGeGeGeGeSiSiGeSiGeSiSiGeGeGeGeSiGe
    71838.6796875000 SiGeGeSiSiSiGeGeGeSiSiGeGeGeGeGeGeGeGeGeGeGeGeGeGeGeGeSiGeGeGeGeGeGeGeGeGeGeGeGeGeGeGeGeGeGeGeSiSiGeSiGeSiSiGeGeGeGeSiGe
    71838.6796875000 SiGeGeSiSiSiGeGeGeSiSiGeGeGeGeGeGeGeGeGeGeGeGeGeGeGeGeSiGeGeGeGeGeGeGeGeGeGeGeGeGeGeGeGeGeGeGeSiSiGeSiGeSiSiGeGeGeGeSiGe
    71838.6796875000 SiGeGeSiSiSiGeGeGeSiSiGeGeGeGeGeGeGeGeGeGeGeGeGeGeGeGeSiGeGeGeGeGeGeGeGeGeGeGeGeGeGeGeGeGeGeGeSiSiGeSiGeSiSiGeGeGeGeSiGe
    71838.6796875000 SiGeGeSiSiSiGeGeGeSiSiGeGeGeGeGeGeGeGeGeGeGeGeGeGeGeGeSiGeGeGeGeGeGeGeGeGeGeGeGeGeGeGeGeGeGeGeSiSiGeSiGeSiSiGeGeGeGeSiGe
    71838.6796875000 SiGeGeSiSiSiGeGeGeSiSiGeGeGeGeGeGeGeGeGeGeGeGeGeGeGeGeSiGeGeGeGeGeGeGeGeGeGeGeGeGeGeGeGeGeGeGeSiSiGeSiGeSiSiGeGeGeGeSiGe
    71838.6796875000 SiGeGeSiSiSiGeGeGeSiSiGeGeGeGeGeGeGeGeGeGeGeGeGeGeGeGeSiGeGeGeGeGeGeGeGeGeGeGeGeGeGeGeGeGeGeGeSiSiGeSiGeSiSiGeGeGeGeSiGe
    71838.6796875000 SiGeGeSiSiSiGeGeGeSiSiGeGeGeGeGeGeGeGeGeGeGeGeGeGeGeGeSiGeGeGeGeGeGeGeGeGeGeGeGeGeGeGeGeGeGeGeSiSiGeSiGeSiSiGeGeGeGeSiGe
    71838.6796875000 SiGeGeSiSiSiGeGeGeSiSiGeGeGeGeGeGeGeGeGeGeGeGeGeGeGeGeSiGeGeGeGeGeGeGeGeGeGeGeGeGeGeGeGeGeGeGeSiSiGeSiGeSiSiGeGeGeGeSiGe
    71838.6796875000 SiGeGeSiSiSiGeGeGeSiSiGeGeGeGeGeGeGeGeGeGeGeGeGeGeGeGeSiGeGeGeGeGeGeGeGeGeGeGeGeGeGeGeGeGeGeGeSiSiGeSiGeSiSiGeGeGeGeSiGe
    71838.6796875000 SiGeGeSiSiSiGeGeGeSiSiGeGeGeGeGeGeGeGeGeGeGeGeGeGeGeGeSiGeGeGeGeGeGeGeGeGeGeGeGeGeGeGeGeGeGeGeSiSiGeSiGeSiSiGeGeGeGeSiGe
    71838.6796875000 SiGeGeSiSiSiGeGeGeSiSiGeGeGeGeGeGeGeGeGeGeGeGeGeGeGeGeSiGeGeGeGeGeGeGeGeGeGeGeGeGeGeGeGeGeGeGeSiSiGeSiGeSiSiGeGeGeGeSiGe
    71838.6796875000 SiGeGeSiSiSiGeGeGeSiSiGeGeGeGeGeGeGeGeGeGeGeGeGeGeGeGeSiGeGeGeGeGeGeGeGeGeGeGeGeGeGeGeGeGeGeGeSiSiGeSiGeSiSiGeGeGeGeSiGe
    71838.6796875000 SiGeGeSiSiSiGeGeGeSiSiGeGeGeGeGeGeGeGeGeGeGeGeGeGeGeGeSiGeGeGeGeGeGeGeGeGeGeGeGeGeGeGeGeGeGeGeSiSiGeSiGeSiSiGeGeGeGeSiGe
    71838.6796875000 SiGeGeSiSiSiGeGeGeSiSiGeGeGeGeGeGeGeGeGeGeGeGeGeGeGeGeSiGeGeGeGeGeGeGeGeGeGeGeGeGeGeGeGeGeGeGeSiSiGeSiGeSiSiGeGeGeGeSiGe
    71838.6796875000 SiGeGeSiSiSiGeGeGeSiSiGeGeGeGeGeGeGeGeGeGeGeGeGeGeGeGeSiGeGeGeGeGeGeGeGeGeGeGeGeGeGeGeGeGeGeGeSiSiGeSiGeSiSiGeGeGeGeSiGe
    71838.6796875000 SiGeGeSiSiSiGeGeGeSiSiGeGeGeGeGeGeGeGeGeGeGeGeGeGeGeGeSiGeGeGeGeGeGeGeGeGeGeGeGeGeGeGeGeGeGeGeSiSiGeSiGeSiSiGeGeGeGeSiGe
    71838.6796875000 SiGeGeSiSiSiGeGeGeSiSiGeGeGeGeGeGeGeGeGeGeGeGeGeGeGeGeSiGeGeGeGeGeGeGeGeGeGeGeGeGeGeGeGeGeGeGeSiSiGeSiGeSiSiGeGeGeGeSiGe
    71838.6796875000 SiGeGeSiSiSiGeGeGeSiSiGeGeGeGeGeGeGeGeGeGeGeGeGeGeGeGeSiGeGeGeGeGeGeGeGeGeGeGeGeGeGeGeGeGeGeGeSiSiGeSiGeSiSiGeGeGeGeSiGe
    71838.6796875000 SiGeGeSiSiSiGeGeGeSiSiGeGeGeGeGeGeGeGeGeGeGeGeGeGeGeGeSiGeGeGeGeGeGeGeGeGeGeGeGeGeGeGeGeGeGeGeSiSiGeSiGeSiSiGeGeGeGeSiGe
    71838.6796875000 SiGeGeSiSiSiGeGeGeSiSiGeGeGeGeGeGeGeGeGeGeGeGeGeGeGeGeSiGeGeGeGeGeGeGeGeGeGeGeGeGeGeGeGeGeGeGeSiSiGeSiGeSiSiGeGeGeGeSiGe
    71838.6796875000 SiGeGeSiSiSiGeGeGeSiSiGeGeGeGeGeGeGeGeGeGeGeGeGeGeGeGeSiGeGeGeGeGeGeGeGeGeGeGeGeGeGeGeGeGeGeGeSiSiGeSiGeSiSiGeGeGeGeSiGe
    71838.6796875000 SiGeGeSiSiSiGeGeGeSiSiGeGeGeGeGeGeGeGeGeGeGeGeGeGeGeGeSiGeGeGeGeGeGeGeGeGeGeGeGeGeGeGeGeGeGeGeSiSiGeSiGeSiSiGeGeGeGeSiGe
    71838.6796875000 SiGeGeSiSiSiGeGeGeSiSiGeGeGeGeGeGeGeGeGeGeGeGeGeGeGeGeSiGeGeGeGeGeGeGeGeGeGeGeGeGeGeGeGeGeGeGeSiSiGeSiGeSiSiGeGeGeGeSiGe
    71838.6796875000 SiGeGeSiSiSiGeGeGeSiSiGeGeGeGeGeGeGeGeGeGeGeGeGeGeGeGeSiGeGeGeGeGeGeGeGeGeGeGeGeGeGeGeGeGeGeGeSiSiGeSiGeSiSiGeGeGeGeSiGe
    71838.6796875000 SiGeGeSiSiSiGeGeGeSiSiGeGeGeGeGeGeGeGeGeGeGeGeGeGeGeGeSiGeGeGeGeGeGeGeGeGeGeGeGeGeGeGeGeGeGeGeSiSiGeSiGeSiSiGeGeGeGeSiGe
    71838.6796875000 SiGeGeSiSiSiGeGeGeSiSiGeGeGeGeGeGeGeGeGeGeGeGeGeGeGeGeSiGeGeGeGeGeGeGeGeGeGeGeGeGeGeGeGeGeGeGeSiSiGeSiGeSiSiGeGeGeGeSiGe
    71838.6796875000 SiGeGeSiSiSiGeGeGeSiSiGeGeGeGeGeGeGeGeGeGeGeGeGeGeGeGeSiGeGeGeGeGeGeGeGeGeGeGeGeGeGeGeGeGeGeGeSiSiGeSiGeSiSiGeGeGeGeSiGe
    71838.6796875000 SiGeGeSiSiSiGeGeGeSiSiGeGeGeGeGeGeGeGeGeGeGeGeGeGeGeGeSiGeGeGeGeGeGeGeGeGeGeGeGeGeGeGeGeGeGeGeSiSiGeSiGeSiSiGeGeGeGeSiGe
    71838.6796875000 SiGeGeSiSiSiGeGeGeSiSiGeGeGeGeGeGeGeGeGeGeGeGeGeGeGeGeSiGeGeGeGeGeGeGeGeGeGeGeGeGeGeGeGeGeGeGeSiSiGeSiGeSiSiGeGeGeGeSiGe
    71838.6796875000 SiGeGeSiSiSiGeGeGeSiSiGeGeGeGeGeGeGeGeGeGeGeGeGeGeGeGeSiGeGeGeGeGeGeGeGeGeGeGeGeGeGeGeGeGeGeGeSiSiGeSiGeSiSiGeGeGeGeSiGe
    71838.6796875000 SiGeGeSiSiSiGeGeGeSiSiGeGeGeGeGeGeGeGeGeGeGeGeGeGeGeGeSiGeGeGeGeGeGeGeGeGeGeGeGeGeGeGeGeGeGeGeSiSiGeSiGeSiSiGeGeGeGeSiGe
    71838.6796875000 SiGeGeSiSiSiGeGeGeSiSiGeGeGeGeGeGeGeGeGeGeGeGeGeGeGeGeSiGeGeGeGeGeGeGeGeGeGeGeGeGeGeGeGeGeGeGeSiSiGeSiGeSiSiGeGeGeGeSiGe
    71838.6796875000 SiGeGeSiSiSiGeGeGeSiSiGeGeGeGeGeGeGeGeGeGeGeGeGeGeGeGeSiGeGeGeGeGeGeGeGeGeGeGeGeGeGeGeGeGeGeGeSiSiGeSiGeSiSiGeGeGeGeSiGe
    71838.6796875000 SiGeGeSiSiSiGeGeGeSiSiGeGeGeGeGeGeGeGeGeGeGeGeGeGeGeGeSiGeGeGeGeGeGeGeGeGeGeGeGeGeGeGeGeGeGeGeSiSiGeSiGeSiSiGeGeGeGeSiGe
    71838.6796875000 SiGeGeSiSiSiGeGeGeSiSiGeGeGeGeGeGeGeGeGeGeGeGeGeGeGeGeSiGeGeGeGeGeGeGeGeGeGeGeGeGeGeGeGeGeGeGeSiSiGeSiGeSiSiGeGeGeGeSiGe
    71838.6796875000 SiGeGeSiSiSiGeGeGeSiSiGeGeGeGeGeGeGeGeGeGeGeGeGeGeGeGeSiGeGeGeGeGeGeGeGeGeGeGeGeGeGeGeGeGeGeGeSiSiGeSiGeSiSiGeGeGeGeSiGe
    71838.6796875000 SiGeGeSiSiSiGeGeGeSiSiGeGeGeGeGeGeGeGeGeGeGeGeGeGeGeGeSiGeGeGeGeGeGeGeGeGeGeGeGeGeGeGeGeGeGeGeSiSiGeSiGeSiSiGeGeGeGeSiGe
    71838.6796875000 SiGeGeSiSiSiGeGeGeSiSiGeGeGeGeGeGeGeGeGeGeGeGeGeGeGeGeSiGeGeGeGeGeGeGeGeGeGeGeGeGeGeGeGeGeGeGeSiSiGeSiGeSiSiGeGeGeGeSiGe
    71838.6796875000 SiGeGeSiSiSiGeGeGeSiSiGeGeGeGeGeGeGeGeGeGeGeGeGeGeGeGeSiGeGeGeGeGeGeGeGeGeGeGeGeGeGeGeGeGeGeGeSiSiGeSiGeSiSiGeGeGeGeSiGe
    71838.6796875000 SiGeGeSiSiSiGeGeGeSiSiGeGeGeGeGeGeGeGeGeGeGeGeGeGeGeGeSiGeGeGeGeGeGeGeGeGeGeGeGeGeGeGeGeGeGeGeSiSiGeSiGeSiSiGeGeGeGeSiGe
    71838.6796875000 SiGeGeSiSiSiGeGeGeSiSiGeGeGeGeGeGeGeGeGeGeGeGeGeGeGeGeSiGeGeGeGeGeGeGeGeGeGeGeGeGeGeGeGeGeGeGeSiSiGeSiGeSiSiGeGeGeGeSiGe
    71838.6796875000 SiGeGeSiSiSiGeGeGeSiSiGeGeGeGeGeGeGeGeGeGeGeGeGeGeGeGeSiGeGeGeGeGeGeGeGeGeGeGeGeGeGeGeGeGeGeGeSiSiGeSiGeSiSiGeGeGeGeSiGe
    71838.6796875000 SiGeGeSiSiSiGeGeGeSiSiGeGeGeGeGeGeGeGeGeGeGeGeGeGeGeGeSiGeGeGeGeGeGeGeGeGeGeGeGeGeGeGeGeGeGeGeSiSiGeSiGeSiSiGeGeGeGeSiGe
    71838.6796875000 SiGeGeSiSiSiGeGeGeSiSiGeGeGeGeGeGeGeGeGeGeGeGeGeGeGeGeSiGeGeGeGeGeGeGeGeGeGeGeGeGeGeGeGeGeGeGeSiSiGeSiGeSiSiGeGeGeGeSiGe
    71838.6796875000 SiGeGeSiSiSiGeGeGeSiSiGeGeGeGeGeGeGeGeGeGeGeGeGeGeGeGeSiGeGeGeGeGeGeGeGeGeGeGeGeGeGeGeGeGeGeGeSiSiGeSiGeSiSiGeGeGeGeSiGe
    71838.6796875000 SiGeGeSiSiSiGeGeGeSiSiGeGeGeGeGeGeGeGeGeGeGeGeGeGeGeGeSiGeGeGeGeGeGeGeGeGeGeGeGeGeGeGeGeGeGeGeSiSiGeSiGeSiSiGeGeGeGeSiGe
    71838.6796875000 SiGeGeSiSiSiGeGeGeSiSiGeGeGeGeGeGeGeGeGeGeGeGeGeGeGeGeSiGeGeGeGeGeGeGeGeGeGeGeGeGeGeGeGeGeGeGeSiSiGeSiGeSiSiGeGeGeGeSiGe
    71838.6796875000 SiGeGeSiSiSiGeGeGeSiSiGeGeGeGeGeGeGeGeGeGeGeGeGeGeGeGeSiGeGeGeGeGeGeGeGeGeGeGeGeGeGeGeGeGeGeGeSiSiGeSiGeSiSiGeGeGeGeSiGe
    71838.6796875000 SiGeGeSiSiSiGeGeGeSiSiGeGeGeGeGeGeGeGeGeGeGeGeGeGeGeGeSiGeGeGeGeGeGeGeGeGeGeGeGeGeGeGeGeGeGeGeSiSiGeSiGeSiSiGeGeGeGeSiGe
    71838.6796875000 SiGeGeSiSiSiGeGeGeSiSiGeGeGeGeGeGeGeGeGeGeGeGeGeGeGeGeSiGeGeGeGeGeGeGeGeGeGeGeGeGeGeGeGeGeGeGeSiSiGeSiGeSiSiGeGeGeGeSiGe
    71838.6796875000 SiGeGeSiSiSiGeGeGeSiSiGeGeGeGeGeGeGeGeGeGeGeGeGeGeGeGeSiGeGeGeGeGeGeGeGeGeGeGeGeGeGeGeGeGeGeGeSiSiGeSiGeSiSiGeGeGeGeSiGe
    71838.6796875000 SiGeGeSiSiSiGeGeGeSiSiGeGeGeGeGeGeGeGeGeGeGeGeGeGeGeGeSiGeGeGeGeGeGeGeGeGeGeGeGeGeGeGeGeGeGeGeSiSiGeSiGeSiSiGeGeGeGeSiGe
    71838.6796875000 SiGeGeSiSiSiGeGeGeSiSiGeGeGeGeGeGeGeGeGeGeGeGeGeGeGeGeSiGeGeGeGeGeGeGeGeGeGeGeGeGeGeGeGeGeGeGeSiSiGeSiGeSiSiGeGeGeGeSiGe
    71838.6796875000 SiGeGeSiSiSiGeGeGeSiSiGeGeGeGeGeGeGeGeGeGeGeGeGeGeGeGeSiGeGeGeGeGeGeGeGeGeGeGeGeGeGeGeGeGeGeGeSiSiGeSiGeSiSiGeGeGeGeSiGe
    71838.6796875000 SiGeGeSiSiSiGeGeGeSiSiGeGeGeGeGeGeGeGeGeGeGeGeGeGeGeGeSiGeGeGeGeGeGeGeGeGeGeGeGeGeGeGeGeGeGeGeSiSiGeSiGeSiSiGeGeGeGeSiGe
    71838.6796875000 SiGeGeSiSiSiGeGeGeSiSiGeGeGeGeGeGeGeGeGeGeGeGeGeGeGeGeSiGeGeGeGeGeGeGeGeGeGeGeGeGeGeGeGeGeGeGeSiSiGeSiGeSiSiGeGeGeGeSiGe
    71838.6796875000 SiGeGeSiSiSiGeGeGeSiSiGeGeGeGeGeGeGeGeGeGeGeGeGeGeGeGeSiGeGeGeGeGeGeGeGeGeGeGeGeGeGeGeGeGeGeGeSiSiGeSiGeSiSiGeGeGeGeSiGe
    71838.6796875000 SiGeGeSiSiSiGeGeGeSiSiGeGeGeGeGeGeGeGeGeGeGeGeGeGeGeGeSiGeGeGeGeGeGeGeGeGeGeGeGeGeGeGeGeGeGeGeSiSiGeSiGeSiSiGeGeGeGeSiGe
    71838.6796875000 SiGeGeSiSiSiGeGeGeSiSiGeGeGeGeGeGeGeGeGeGeGeGeGeGeGeGeSiGeGeGeGeGeGeGeGeGeGeGeGeGeGeGeGeGeGeGeSiSiGeSiGeSiSiGeGeGeGeSiGe
    71838.6796875000 SiGeGeSiSiSiGeGeGeSiSiGeGeGeGeGeGeGeGeGeGeGeGeGeGeGeGeSiGeGeGeGeGeGeGeGeGeGeGeGeGeGeGeGeGeGeGeSiSiGeSiGeSiSiGeGeGeGeSiGe
    71838.6796875000 SiGeGeSiSiSiGeGeGeSiSiGeGeGeGeGeGeGeGeGeGeGeGeGeGeGeGeSiGeGeGeGeGeGeGeGeGeGeGeGeGeGeGeGeGeGeGeSiSiGeSiGeSiSiGeGeGeGeSiGe
    71838.6796875000 SiGeGeSiSiSiGeGeGeSiSiGeGeGeGeGeGeGeGeGeGeGeGeGeGeGeGeSiGeGeGeGeGeGeGeGeGeGeGeGeGeGeGeGeGeGeGeSiSiGeSiGeSiSiGeGeGeGeSiGe
    71838.6796875000 SiGeGeSiSiSiGeGeGeSiSiGeGeGeGeGeGeGeGeGeGeGeGeGeGeGeGeSiGeGeGeGeGeGeGeGeGeGeGeGeGeGeGeGeGeGeGeSiSiGeSiGeSiSiGeGeGeGeSiGe
    71838.6796875000 SiGeGeSiSiSiGeGeGeSiSiGeGeGeGeGeGeGeGeGeGeGeGeGeGeGeGeSiGeGeGeGeGeGeGeGeGeGeGeGeGeGeGeGeGeGeGeSiSiGeSiGeSiSiGeGeGeGeSiGe
    71838.6796875000 SiGeGeSiSiSiGeGeGeSiSiGeGeGeGeGeGeGeGeGeGeGeGeGeGeGeGeSiGeGeGeGeGeGeGeGeGeGeGeGeGeGeGeGeGeGeGeSiSiGeSiGeSiSiGeGeGeGeSiGe
    71838.6796875000 SiGeGeSiSiSiGeGeGeSiSiGeGeGeGeGeGeGeGeGeGeGeGeGeGeGeGeSiGeGeGeGeGeGeGeGeGeGeGeGeGeGeGeGeGeGeGeSiSiGeSiGeSiSiGeGeGeGeSiGe
    71838.6796875000 SiGeGeSiSiSiGeGeGeSiSiGeGeGeGeGeGeGeGeGeGeGeGeGeGeGeGeSiGeGeGeGeGeGeGeGeGeGeGeGeGeGeGeGeGeGeGeSiSiGeSiGeSiSiGeGeGeGeSiGe
    71838.6796875000 SiGeGeSiSiSiGeGeGeSiSiGeGeGeGeGeGeGeGeGeGeGeGeGeGeGeGeSiGeGeGeGeGeGeGeGeGeGeGeGeGeGeGeGeGeGeGeSiSiGeSiGeSiSiGeGeGeGeSiGe
    71838.6796875000 SiGeGeSiSiSiGeGeGeSiSiGeGeGeGeGeGeGeGeGeGeGeGeGeGeGeGeSiGeGeGeGeGeGeGeGeGeGeGeGeGeGeGeGeGeGeGeSiSiGeSiGeSiSiGeGeGeGeSiGe
    71838.6796875000 SiGeGeSiSiSiGeGeGeSiSiGeGeGeGeGeGeGeGeGeGeGeGeGeGeGeGeSiGeGeGeGeGeGeGeGeGeGeGeGeGeGeGeGeGeGeGeSiSiGeSiGeSiSiGeGeGeGeSiGe
    71838.6796875000 SiGeGeSiSiSiGeGeGeSiSiGeGeGeGeGeGeGeGeGeGeGeGeGeGeGeGeSiGeGeGeGeGeGeGeGeGeGeGeGeGeGeGeGeGeGeGeSiSiGeSiGeSiSiGeGeGeGeSiGe
    71838.6796875000 SiGeGeSiSiSiGeGeGeSiSiGeGeGeGeGeGeGeGeGeGeGeGeGeGeGeGeSiGeGeGeGeGeGeGeGeGeGeGeGeGeGeGeGeGeGeGeSiSiGeSiGeSiSiGeGeGeGeSiGe
    71838.6796875000 SiGeGeSiSiSiGeGeGeSiSiGeGeGeGeGeGeGeGeGeGeGeGeGeGeGeGeSiGeGeGeGeGeGeGeGeGeGeGeGeGeGeGeGeGeGeGeSiSiGeSiGeSiSiGeGeGeGeSiGe
    71838.6796875000 SiGeGeSiSiSiGeGeGeSiSiGeGeGeGeGeGeGeGeGeGeGeGeGeGeGeGeSiGeGeGeGeGeGeGeGeGeGeGeGeGeGeGeGeGeGeGeSiSiGeSiGeSiSiGeGeGeGeSiGe
    71838.6796875000 SiGeGeSiSiSiGeGeGeSiSiGeGeGeGeGeGeGeGeGeGeGeGeGeGeGeGeSiGeGeGeGeGeGeGeGeGeGeGeGeGeGeGeGeGeGeGeSiSiGeSiGeSiSiGeGeGeGeSiGe
    71838.6796875000 SiGeGeSiSiSiGeGeGeSiSiGeGeGeGeGeGeGeGeGeGeGeGeGeGeGeGeSiGeGeGeGeGeGeGeGeGeGeGeGeGeGeGeGeGeGeGeSiSiGeSiGeSiSiGeGeGeGeSiGe
    71838.6796875000 SiGeGeSiSiSiGeGeGeSiSiGeGeGeGeGeGeGeGeGeGeGeGeGeGeGeGeSiGeGeGeGeGeGeGeGeGeGeGeGeGeGeGeGeGeGeGeSiSiGeSiGeSiSiGeGeGeGeSiGe
    71838.6796875000 SiGeGeSiSiSiGeGeGeSiSiGeGeGeGeGeGeGeGeGeGeGeGeGeGeGeGeSiGeGeGeGeGeGeGeGeGeGeGeGeGeGeGeGeGeGeGeSiSiGeSiGeSiSiGeGeGeGeSiGe
    71838.6796875000 SiGeGeSiSiSiGeGeGeSiSiGeGeGeGeGeGeGeGeGeGeGeGeGeGeGeGeSiGeGeGeGeGeGeGeGeGeGeGeGeGeGeGeGeGeGeGeSiSiGeSiGeSiSiGeGeGeGeSiGe
    71838.6796875000 SiGeGeSiSiSiGeGeGeSiSiGeGeGeGeGeGeGeGeGeGeGeGeGeGeGeGeSiGeGeGeGeGeGeGeGeGeGeGeGeGeGeGeGeGeGeGeSiSiGeSiGeSiSiGeGeGeGeSiGe
    71838.6796875000 SiGeGeSiSiSiGeGeGeSiSiGeGeGeGeGeGeGeGeGeGeGeGeGeGeGeGeSiGeGeGeGeGeGeGeGeGeGeGeGeGeGeGeGeGeGeGeSiSiGeSiGeSiSiGeGeGeGeSiGe
    71838.6796875000 SiGeGeSiSiSiGeGeGeSiSiGeGeGeGeGeGeGeGeGeGeGeGeGeGeGeGeSiGeGeGeGeGeGeGeGeGeGeGeGeGeGeGeGeGeGeGeSiSiGeSiGeSiSiGeGeGeGeSiGe
    71838.6796875000 SiGeGeSiSiSiGeGeGeSiSiGeGeGeGeGeGeGeGeGeGeGeGeGeGeGeGeSiGeGeGeGeGeGeGeGeGeGeGeGeGeGeGeGeGeGeGeSiSiGeSiGeSiSiGeGeGeGeSiGe
    71838.6796875000 SiGeGeSiSiSiGeGeGeSiSiGeGeGeGeGeGeGeGeGeGeGeGeGeGeGeGeSiGeGeGeGeGeGeGeGeGeGeGeGeGeGeGeGeGeGeGeSiSiGeSiGeSiSiGeGeGeGeSiGe
    71838.6796875000 SiGeGeSiSiSiGeGeGeSiSiGeGeGeGeGeGeGeGeGeGeGeGeGeGeGeGeSiGeGeGeGeGeGeGeGeGeGeGeGeGeGeGeGeGeGeGeSiSiGeSiGeSiSiGeGeGeGeSiGe
    71838.6796875000 SiGeGeSiSiSiGeGeGeSiSiGeGeGeGeGeGeGeGeGeGeGeGeGeGeGeGeSiGeGeGeGeGeGeGeGeGeGeGeGeGeGeGeGeGeGeGeSiSiGeSiGeSiSiGeGeGeGeSiGe
    71838.6796875000 SiGeGeSiSiSiGeGeGeSiSiGeGeGeGeGeGeGeGeGeGeGeGeGeGeGeGeSiGeGeGeGeGeGeGeGeGeGeGeGeGeGeGeGeGeGeGeSiSiGeSiGeSiSiGeGeGeGeSiGe
    71838.6796875000 SiGeGeSiSiSiGeGeGeSiSiGeGeGeGeGeGeGeGeGeGeGeGeGeGeGeGeSiGeGeGeGeGeGeGeGeGeGeGeGeGeGeGeGeGeGeGeSiSiGeSiGeSiSiGeGeGeGeSiGe
    71838.6796875000 SiGeGeSiSiSiGeGeGeSiSiGeGeGeGeGeGeGeGeGeGeGeGeGeGeGeGeSiGeGeGeGeGeGeGeGeGeGeGeGeGeGeGeGeGeGeGeSiSiGeSiGeSiSiGeGeGeGeSiGe
    71838.6796875000 SiGeGeSiSiSiGeGeGeSiSiGeGeGeGeGeGeGeGeGeGeGeGeGeGeGeGeSiGeGeGeGeGeGeGeGeGeGeGeGeGeGeGeGeGeGeGeSiSiGeSiGeSiSiGeGeGeGeSiGe
    71838.6796875000 SiGeGeSiSiSiGeGeGeSiSiGeGeGeGeGeGeGeGeGeGeGeGeGeGeGeGeSiGeGeGeGeGeGeGeGeGeGeGeGeGeGeGeGeGeGeGeSiSiGeSiGeSiSiGeGeGeGeSiGe
    71838.6796875000 SiGeGeSiSiSiGeGeGeSiSiGeGeGeGeGeGeGeGeGeGeGeGeGeGeGeGeSiGeGeGeGeGeGeGeGeGeGeGeGeGeGeGeGeGeGeGeSiSiGeSiGeSiSiGeGeGeGeSiGe
    71838.6796875000 SiGeGeSiSiSiGeGeGeSiSiGeGeGeGeGeGeGeGeGeGeGeGeGeGeGeGeSiGeGeGeGeGeGeGeGeGeGeGeGeGeGeGeGeGeGeGeSiSiGeSiGeSiSiGeGeGeGeSiGe
    71838.6796875000 SiGeGeSiSiSiGeGeGeSiSiGeGeGeGeGeGeGeGeGeGeGeGeGeGeGeGeSiGeGeGeGeGeGeGeGeGeGeGeGeGeGeGeGeGeGeGeSiSiGeSiGeSiSiGeGeGeGeSiGe
    71838.6796875000 SiGeGeSiSiSiGeGeGeSiSiGeGeGeGeGeGeGeGeGeGeGeGeGeGeGeGeSiGeGeGeGeGeGeGeGeGeGeGeGeGeGeGeGeGeGeGeSiSiGeSiGeSiSiGeGeGeGeSiGe
    71838.6796875000 SiGeGeSiSiSiGeGeGeSiSiGeGeGeGeGeGeGeGeGeGeGeGeGeGeGeGeSiGeGeGeGeGeGeGeGeGeGeGeGeGeGeGeGeGeGeGeSiSiGeSiGeSiSiGeGeGeGeSiGe
    71838.6796875000 SiGeGeSiSiSiGeGeGeSiSiGeGeGeGeGeGeGeGeGeGeGeGeGeGeGeGeSiGeGeGeGeGeGeGeGeGeGeGeGeGeGeGeGeGeGeGeSiSiGeSiGeSiSiGeGeGeGeSiGe
    71838.6796875000 SiGeGeSiSiSiGeGeGeSiSiGeGeGeGeGeGeGeGeGeGeGeGeGeGeGeGeSiGeGeGeGeGeGeGeGeGeGeGeGeGeGeGeGeGeGeGeSiSiGeSiGeSiSiGeGeGeGeSiGe
    71838.6796875000 SiGeGeSiSiSiGeGeGeSiSiGeGeGeGeGeGeGeGeGeGeGeGeGeGeGeGeSiGeGeGeGeGeGeGeGeGeGeGeGeGeGeGeGeGeGeGeSiSiGeSiGeSiSiGeGeGeGeSiGe
    71838.6796875000 SiGeGeSiSiSiGeGeGeSiSiGeGeGeGeGeGeGeGeGeGeGeGeGeGeGeGeSiGeGeGeGeGeGeGeGeGeGeGeGeGeGeGeGeGeGeGeSiSiGeSiGeSiSiGeGeGeGeSiGe
    71838.6796875000 SiGeGeSiSiSiGeGeGeSiSiGeGeGeGeGeGeGeGeGeGeGeGeGeGeGeGeSiGeGeGeGeGeGeGeGeGeGeGeGeGeGeGeGeGeGeGeSiSiGeSiGeSiSiGeGeGeGeSiGe
    71838.6796875000 SiGeGeSiSiSiGeGeGeSiSiGeGeGeGeGeGeGeGeGeGeGeGeGeGeGeGeSiGeGeGeGeGeGeGeGeGeGeGeGeGeGeGeGeGeGeGeSiSiGeSiGeSiSiGeGeGeGeSiGe
    71838.6796875000 SiGeGeSiSiSiGeGeGeSiSiGeGeGeGeGeGeGeGeGeGeGeGeGeGeGeGeSiGeGeGeGeGeGeGeGeGeGeGeGeGeGeGeGeGeGeGeSiSiGeSiGeSiSiGeGeGeGeSiGe
    71838.6796875000 SiGeGeSiSiSiGeGeGeSiSiGeGeGeGeGeGeGeGeGeGeGeGeGeGeGeGeSiGeGeGeGeGeGeGeGeGeGeGeGeGeGeGeGeGeGeGeSiSiGeSiGeSiSiGeGeGeGeSiGe
    71838.6796875000 SiGeGeSiSiSiGeGeGeSiSiGeGeGeGeGeGeGeGeGeGeGeGeGeGeGeGeSiGeGeGeGeGeGeGeGeGeGeGeGeGeGeGeGeGeGeGeSiSiGeSiGeSiSiGeGeGeGeSiGe
    71838.6796875000 SiGeGeSiSiSiGeGeGeSiSiGeGeGeGeGeGeGeGeGeGeGeGeGeGeGeGeSiGeGeGeGeGeGeGeGeGeGeGeGeGeGeGeGeGeGeGeSiSiGeSiGeSiSiGeGeGeGeSiGe
    71838.6796875000 SiGeGeSiSiSiGeGeGeSiSiGeGeGeGeGeGeGeGeGeGeGeGeGeGeGeGeSiGeGeGeGeGeGeGeGeGeGeGeGeGeGeGeGeGeGeGeSiSiGeSiGeSiSiGeGeGeGeSiGe
    71838.6796875000 SiGeGeSiSiSiGeGeGeSiSiGeGeGeGeGeGeGeGeGeGeGeGeGeGeGeGeSiGeGeGeGeGeGeGeGeGeGeGeGeGeGeGeGeGeGeGeSiSiGeSiGeSiSiGeGeGeGeSiGe
    71838.6796875000 SiGeGeSiSiSiGeGeGeSiSiGeGeGeGeGeGeGeGeGeGeGeGeGeGeGeGeSiGeGeGeGeGeGeGeGeGeGeGeGeGeGeGeGeGeGeGeSiSiGeSiGeSiSiGeGeGeGeSiGe
    71838.6796875000 SiGeGeSiSiSiGeGeGeSiSiGeGeGeGeGeGeGeGeGeGeGeGeGeGeGeGeSiGeGeGeGeGeGeGeGeGeGeGeGeGeGeGeGeGeGeGeSiSiGeSiGeSiSiGeGeGeGeSiGe
    71838.6796875000 SiGeGeSiSiSiGeGeGeSiSiGeGeGeGeGeGeGeGeGeGeGeGeGeGeGeGeSiGeGeGeGeGeGeGeGeGeGeGeGeGeGeGeGeGeGeGeSiSiGeSiGeSiSiGeGeGeGeSiGe
    71838.6796875000 SiGeGeSiSiSiGeGeGeSiSiGeGeGeGeGeGeGeGeGeGeGeGeGeGeGeGeSiGeGeGeGeGeGeGeGeGeGeGeGeGeGeGeGeGeGeGeSiSiGeSiGeSiSiGeGeGeGeSiGe
    71838.6796875000 SiGeGeSiSiSiGeGeGeSiSiGeGeGeGeGeGeGeGeGeGeGeGeGeGeGeGeSiGeGeGeGeGeGeGeGeGeGeGeGeGeGeGeGeGeGeGeSiSiGeSiGeSiSiGeGeGeGeSiGe
    71838.6796875000 SiGeGeSiSiSiGeGeGeSiSiGeGeGeGeGeGeGeGeGeGeGeGeGeGeGeGeSiGeGeGeGeGeGeGeGeGeGeGeGeGeGeGeGeGeGeGeSiSiGeSiGeSiSiGeGeGeGeSiGe
    71838.6796875000 SiGeGeSiSiSiGeGeGeSiSiGeGeGeGeGeGeGeGeGeGeGeGeGeGeGeGeSiGeGeGeGeGeGeGeGeGeGeGeGeGeGeGeGeGeGeGeSiSiGeSiGeSiSiGeGeGeGeSiGe
    71838.6796875000 SiGeGeSiSiSiGeGeGeSiSiGeGeGeGeGeGeGeGeGeGeGeGeGeGeGeGeSiGeGeGeGeGeGeGeGeGeGeGeGeGeGeGeGeGeGeGeSiSiGeSiGeSiSiGeGeGeGeSiGe
    71838.6796875000 SiGeGeSiSiSiGeGeGeSiSiGeGeGeGeGeGeGeGeGeGeGeGeGeGeGeGeSiGeGeGeGeGeGeGeGeGeGeGeGeGeGeGeGeGeGeGeSiSiGeSiGeSiSiGeGeGeGeSiGe
    71838.6796875000 SiGeGeSiSiSiGeGeGeSiSiGeGeGeGeGeGeGeGeGeGeGeGeGeGeGeGeSiGeGeGeGeGeGeGeGeGeGeGeGeGeGeGeGeGeGeGeSiSiGeSiGeSiSiGeGeGeGeSiGe
    71838.6796875000 SiGeGeSiSiSiGeGeGeSiSiGeGeGeGeGeGeGeGeGeGeGeGeGeGeGeGeSiGeGeGeGeGeGeGeGeGeGeGeGeGeGeGeGeGeGeGeSiSiGeSiGeSiSiGeGeGeGeSiGe
    71838.6796875000 SiGeGeSiSiSiGeGeGeSiSiGeGeGeGeGeGeGeGeGeGeGeGeGeGeGeGeSiGeGeGeGeGeGeGeGeGeGeGeGeGeGeGeGeGeGeGeSiSiGeSiGeSiSiGeGeGeGeSiGe
    71838.6796875000 SiGeGeSiSiSiGeGeGeSiSiGeGeGeGeGeGeGeGeGeGeGeGeGeGeGeGeSiGeGeGeGeGeGeGeGeGeGeGeGeGeGeGeGeGeGeGeSiSiGeSiGeSiSiGeGeGeGeSiGe
    71838.6796875000 SiGeGeSiSiSiGeGeGeSiSiGeGeGeGeGeGeGeGeGeGeGeGeGeGeGeGeSiGeGeGeGeGeGeGeGeGeGeGeGeGeGeGeGeGeGeGeSiSiGeSiGeSiSiGeGeGeGeSiGe
    71838.6796875000 SiGeGeSiSiSiGeGeGeSiSiGeGeGeGeGeGeGeGeGeGeGeGeGeGeGeGeSiGeGeGeGeGeGeGeGeGeGeGeGeGeGeGeGeGeGeGeSiSiGeSiGeSiSiGeGeGeGeSiGe
    71838.6796875000 SiGeGeSiSiSiGeGeGeSiSiGeGeGeGeGeGeGeGeGeGeGeGeGeGeGeGeSiGeGeGeGeGeGeGeGeGeGeGeGeGeGeGeGeGeGeGeSiSiGeSiGeSiSiGeGeGeGeSiGe
    71838.6796875000 SiGeGeSiSiSiGeGeGeSiSiGeGeGeGeGeGeGeGeGeGeGeGeGeGeGeGeSiGeGeGeGeGeGeGeGeGeGeGeGeGeGeGeGeGeGeGeSiSiGeSiGeSiSiGeGeGeGeSiGe
    71838.6796875000 SiGeGeSiSiSiGeGeGeSiSiGeGeGeGeGeGeGeGeGeGeGeGeGeGeGeGeSiGeGeGeGeGeGeGeGeGeGeGeGeGeGeGeGeGeGeGeSiSiGeSiGeSiSiGeGeGeGeSiGe
    71838.6796875000 SiGeGeSiSiSiGeGeGeSiSiGeGeGeGeGeGeGeGeGeGeGeGeGeGeGeGeSiGeGeGeGeGeGeGeGeGeGeGeGeGeGeGeGeGeGeGeSiSiGeSiGeSiSiGeGeGeGeSiGe
    71838.6796875000 SiGeGeSiSiSiGeGeGeSiSiGeGeGeGeGeGeGeGeGeGeGeGeGeGeGeGeSiGeGeGeGeGeGeGeGeGeGeGeGeGeGeGeGeGeGeGeSiSiGeSiGeSiSiGeGeGeGeSiGe
    71838.6796875000 SiGeGeSiSiSiGeGeGeSiSiGeGeGeGeGeGeGeGeGeGeGeGeGeGeGeGeSiGeGeGeGeGeGeGeGeGeGeGeGeGeGeGeGeGeGeGeSiSiGeSiGeSiSiGeGeGeGeSiGe
    71838.6796875000 SiGeGeSiSiSiGeGeGeSiSiGeGeGeGeGeGeGeGeGeGeGeGeGeGeGeGeSiGeGeGeGeGeGeGeGeGeGeGeGeGeGeGeGeGeGeGeSiSiGeSiGeSiSiGeGeGeGeSiGe
    71838.6796875000 SiGeGeSiSiSiGeGeGeSiSiGeGeGeGeGeGeGeGeGeGeGeGeGeGeGeGeSiGeGeGeGeGeGeGeGeGeGeGeGeGeGeGeGeGeGeGeSiSiGeSiGeSiSiGeGeGeGeSiGe
    71838.6796875000 SiGeGeSiSiSiGeGeGeSiSiGeGeGeGeGeGeGeGeGeGeGeGeGeGeGeGeSiGeGeGeGeGeGeGeGeGeGeGeGeGeGeGeGeGeGeGeSiSiGeSiGeSiSiGeGeGeGeSiGe
    71838.6796875000 SiGeGeSiSiSiGeGeGeSiSiGeGeGeGeGeGeGeGeGeGeGeGeGeGeGeGeSiGeGeGeGeGeGeGeGeGeGeGeGeGeGeGeGeGeGeGeSiSiGeSiGeSiSiGeGeGeGeSiGe
    71838.6796875000 SiGeGeSiSiSiGeGeGeSiSiGeGeGeGeGeGeGeGeGeGeGeGeGeGeGeGeSiGeGeGeGeGeGeGeGeGeGeGeGeGeGeGeGeGeGeGeSiSiGeSiGeSiSiGeGeGeGeSiGe
    71838.6796875000 SiGeGeSiSiSiGeGeGeSiSiGeGeGeGeGeGeGeGeGeGeGeGeGeGeGeGeSiGeGeGeGeGeGeGeGeGeGeGeGeGeGeGeGeGeGeGeSiSiGeSiGeSiSiGeGeGeGeSiGe
    71838.6796875000 SiGeGeSiSiSiGeGeGeSiSiGeGeGeGeGeGeGeGeGeGeGeGeGeGeGeGeSiGeGeGeGeGeGeGeGeGeGeGeGeGeGeGeGeGeGeGeSiSiGeSiGeSiSiGeGeGeGeSiGe
    71838.6796875000 SiGeGeSiSiSiGeGeGeSiSiGeGeGeGeGeGeGeGeGeGeGeGeGeGeGeGeSiGeGeGeGeGeGeGeGeGeGeGeGeGeGeGeGeGeGeGeSiSiGeSiGeSiSiGeGeGeGeSiGe
    71838.6796875000 SiGeGeSiSiSiGeGeGeSiSiGeGeGeGeGeGeGeGeGeGeGeGeGeGeGeGeSiGeGeGeGeGeGeGeGeGeGeGeGeGeGeGeGeGeGeGeSiSiGeSiGeSiSiGeGeGeGeSiGe
    71838.6796875000 SiGeGeSiSiSiGeGeGeSiSiGeGeGeGeGeGeGeGeGeGeGeGeGeGeGeGeSiGeGeGeGeGeGeGeGeGeGeGeGeGeGeGeGeGeGeGeSiSiGeSiGeSiSiGeGeGeGeSiGe
    71838.6796875000 SiGeGeSiSiSiGeGeGeSiSiGeGeGeGeGeGeGeGeGeGeGeGeGeGeGeGeSiGeGeGeGeGeGeGeGeGeGeGeGeGeGeGeGeGeGeGeSiSiGeSiGeSiSiGeGeGeGeSiGe
    71838.6796875000 SiGeGeSiSiSiGeGeGeSiSiGeGeGeGeGeGeGeGeGeGeGeGeGeGeGeGeSiGeGeGeGeGeGeGeGeGeGeGeGeGeGeGeGeGeGeGeSiSiGeSiGeSiSiGeGeGeGeSiGe
    71838.6796875000 SiGeGeSiSiSiGeGeGeSiSiGeGeGeGeGeGeGeGeGeGeGeGeGeGeGeGeSiGeGeGeGeGeGeGeGeGeGeGeGeGeGeGeGeGeGeGeSiSiGeSiGeSiSiGeGeGeGeSiGe
    71838.6796875000 SiGeGeSiSiSiGeGeGeSiSiGeGeGeGeGeGeGeGeGeGeGeGeGeGeGeGeSiGeGeGeGeGeGeGeGeGeGeGeGeGeGeGeGeGeGeGeSiSiGeSiGeSiSiGeGeGeGeSiGe
    71838.6796875000 SiGeGeSiSiSiGeGeGeSiSiGeGeGeGeGeGeGeGeGeGeGeGeGeGeGeGeSiGeGeGeGeGeGeGeGeGeGeGeGeGeGeGeGeGeGeGeSiSiGeSiGeSiSiGeGeGeGeSiGe
    71838.6796875000 SiGeGeSiSiSiGeGeGeSiSiGeGeGeGeGeGeGeGeGeGeGeGeGeGeGeGeSiGeGeGeGeGeGeGeGeGeGeGeGeGeGeGeGeGeGeGeSiSiGeSiGeSiSiGeGeGeGeSiGe
filename: c000001151088306.gin     
Cell:
    11.9020996    11.9020996    29.6919994    90.0000000    90.0000000   120.0000000
Box:
    11.9020996    -5.9510503     0.0000000
     0.0000000    10.3075209     0.0000000
     0.0000000     0.0000000    29.6919994
----------------------------------------
Inverse Box:
     0.0840188     0.0485083     0.0000000
     0.0000000     0.0970165     0.0000000
     0.0000000     0.0000000     0.0336791
----------------------------------------
==============================================
geometrical properties of  47 Ge:
 Configuration:           0
 D_ave:   9.10047626       3.55677843    
 D_min:   3.01969123       2.30683833E-02
 energia:   71838.6797    
