Random Seed:  1004427450
Number of atoms:    60
Space Group:    1
Cell:
    11.9020996    11.9020996    29.6919994    90.0000000    90.0000000   120.0000000
Box:
    11.9020996    -5.9510503     0.0000000
     0.0000000    10.3075209     0.0000000
     0.0000000     0.0000000    29.6919994
----------------------------------------
Inverse Box:
     0.0840188     0.0485083     0.0000000
     0.0000000     0.0970165     0.0000000
     0.0000000     0.0000000     0.0336791
----------------------------------------
GeSiSiSiSiSiSiSiSiSiSiSiSiSiSiSiSiSiSiSiSiSiSiSiSiSiSiSiSiSiSiSiSiGeSiSiSiSiSiSiSiSiSiSiSiSiSiSiSiSiSiSiSiSiSiSiSiSiSiSi
           1 Ge    -7733.59912    
GeSiGeSiSiSiSiSiSiSiSiSiSiSiSiSiSiSiSiSiSiSiSiSiSiSiSiSiSiSiSiSiSiGeSiSiSiSiSiSiSiSiSiSiSiSiSiSiSiSiSiSiSiSiSiSiSiSiSiSi
           3 Ge    -7721.62061    
GeSiGeGeSiSiSiSiSiSiSiSiSiSiSiSiSiSiSiSiSiSiSiSiSiSiSiSiSiSiSiSiSiGeSiSiSiSiSiSiSiSiSiSiSiSiSiSiSiSiSiSiSiSiSiSiSiSiSiSi
           4 Ge    -7728.32617    
GeSiGeGeSiGeSiSiSiSiSiSiSiSiSiSiSiSiSiSiSiSiSiSiSiSiSiSiSiSiSiSiSiGeSiSiSiSiSiSiSiSiSiSiSiSiSiSiSiSiSiSiSiSiSiSiSiSiSiSi
           6 Ge    -7748.51807    
GeSiGeGeSiGeGeSiSiSiSiSiSiSiSiSiSiSiSiSiSiSiSiSiSiSiSiSiSiSiSiSiSiGeSiSiSiSiSiSiSiSiSiSiSiSiSiSiSiSiSiSiSiSiSiSiSiSiSiSi
           7 Ge    -7817.48242    
GeSiGeGeSiGeGeGeSiSiSiSiSiSiSiSiSiSiSiSiSiSiSiSiSiSiSiSiSiSiSiSiSiGeSiSiSiSiSiSiSiSiSiSiSiSiSiSiSiSiSiSiSiSiSiSiSiSiSiSi
           8 Ge    -7910.18994    
GeSiGeGeSiGeGeGeGeSiSiSiSiSiSiSiSiSiSiSiSiSiSiSiSiSiSiSiSiSiSiSiSiGeSiSiSiSiSiSiSiSiSiSiSiSiSiSiSiSiSiSiSiSiSiSiSiSiSiSi
           9 Ge    -8034.39648    
GeSiGeGeSiGeGeGeGeSiSiGeSiSiSiSiSiSiSiSiSiSiSiSiSiSiSiSiSiSiSiSiSiGeSiSiSiSiSiSiSiSiSiSiSiSiSiSiSiSiSiSiSiSiSiSiSiSiSiSi
          12 Ge    -8286.85547    
GeSiGeGeSiGeGeGeGeSiSiGeSiGeSiSiSiSiSiSiSiSiSiSiSiSiSiSiSiSiSiSiSiGeSiSiSiSiSiSiSiSiSiSiSiSiSiSiSiSiSiSiSiSiSiSiSiSiSiSi
          14 Ge    -8586.51367    
GeSiGeGeSiGeGeGeGeSiSiGeSiGeSiGeSiSiSiSiSiSiSiSiSiSiSiSiSiSiSiSiSiGeSiSiSiSiSiSiSiSiSiSiSiSiSiSiSiSiSiSiSiSiSiSiSiSiSiSi
          16 Ge    -8742.34277    
GeSiGeGeSiGeGeGeGeSiSiGeSiGeSiGeSiSiSiSiGeSiSiSiSiSiSiSiSiSiSiSiSiGeSiSiSiSiSiSiSiSiSiSiSiSiSiSiSiSiSiSiSiSiSiSiSiSiSiSi
          21 Ge    -8671.79395    
GeSiGeGeSiGeGeGeGeSiSiGeSiGeSiGeSiSiSiSiGeSiSiSiSiGeSiSiSiSiSiSiSiGeSiSiSiSiSiSiSiSiSiSiSiSiSiSiSiSiSiSiSiSiSiSiSiSiSiSi
          26 Ge    -8491.56934    
GeSiGeGeSiGeGeGeGeSiSiGeSiGeSiGeSiSiSiSiGeSiSiSiSiGeSiSiSiGeSiSiSiGeSiSiSiSiSiSiSiSiSiSiSiSiSiSiSiSiSiSiSiSiSiSiSiSiSiSi
          30 Ge    -8170.38623    
GeSiGeGeSiGeGeGeGeSiSiGeSiGeSiGeSiSiSiSiGeSiSiSiSiGeSiSiSiGeSiSiGeGeSiSiSiSiSiSiSiSiSiSiSiSiSiSiSiSiSiSiSiSiSiSiSiSiSiSi
          33 Ge    -8526.38965    
GeSiGeGeSiGeGeGeGeSiSiGeSiGeSiGeSiSiSiSiGeSiSiSiSiGeSiSiSiGeSiSiGeGeSiSiSiSiGeSiSiSiSiSiSiSiSiSiSiSiSiSiSiSiSiSiSiSiSiSi
          39 Ge    -8097.95850    
GeSiGeGeSiGeGeGeGeSiSiGeSiGeSiGeSiSiSiSiGeSiSiSiSiGeSiSiSiGeSiSiGeGeSiSiSiSiGeGeSiSiSiSiSiSiSiSiSiSiSiSiSiSiSiSiSiSiSiSi
          40 Ge    -7790.79199    
GeSiGeGeSiGeGeGeGeSiSiGeSiGeSiGeSiSiSiSiGeSiSiSiSiGeSiSiSiGeSiSiGeGeSiSiSiSiGeGeGeSiSiSiSiSiSiSiSiSiSiSiSiSiSiSiSiSiSiSi
          41 Ge    -8206.71094    
GeSiGeGeSiGeGeGeGeSiSiGeSiGeSiGeSiSiSiSiGeSiSiSiSiGeSiSiSiGeSiSiGeGeSiSiSiSiGeGeGeGeSiSiSiSiSiSiSiSiSiSiSiSiSiSiSiSiSiSi
          42 Ge    -6607.71729    
GeSiGeGeSiGeGeGeGeSiSiGeSiGeSiGeSiSiSiSiGeSiSiSiSiGeSiSiSiGeSiSiGeGeSiSiSiSiGeGeGeGeSiSiSiGeSiSiSiSiSiSiSiSiSiSiSiSiSiSi
          46 Ge    -6852.63965    
GeSiGeGeSiGeGeGeGeSiSiGeSiGeSiGeSiSiSiSiGeSiSiSiSiGeSiSiSiGeSiSiGeGeSiSiSiSiGeGeGeGeSiSiSiGeSiSiSiSiSiSiGeSiSiSiSiSiSiSi
          53 Ge    -8630.57910    
GeSiGeGeSiGeGeGeGeSiSiGeSiGeSiGeSiSiSiSiGeSiSiSiSiGeSiSiSiGeSiSiGeGeSiSiSiSiGeGeGeGeSiSiSiGeSiSiSiSiSiSiGeSiSiSiGeSiSiSi
          57 Ge    -9059.14453    
GeSiGeGeSiGeGeGeGeGeSiGeSiGeSiGeSiSiSiSiGeSiSiSiSiGeSiSiSiGeSiSiGeGeSiSiSiSiGeGeGeGeSiSiSiGeSiSiSiSiSiSiGeSiSiSiGeSiSiSi
          10 Ge    -7331.03711    
GeSiGeGeSiGeGeGeGeGeGeGeSiGeSiGeSiSiSiSiGeSiSiSiSiGeSiSiSiGeSiSiGeGeSiSiSiSiGeGeGeGeSiSiSiGeSiSiSiSiSiSiGeSiSiSiGeSiSiSi
          11 Ge    -8730.56250    
GeSiGeGeSiGeGeGeGeGeGeGeGeGeSiGeSiSiSiSiGeSiSiSiSiGeSiSiSiGeSiSiGeGeSiSiSiSiGeGeGeGeSiSiSiGeSiSiSiSiSiSiGeSiSiSiGeSiSiSi
          13 Ge    -5803.17334    
GeSiGeGeSiGeGeGeGeGeGeGeGeGeGeGeSiSiSiSiGeSiSiSiSiGeSiSiSiGeSiSiGeGeSiSiSiSiGeGeGeGeSiSiSiGeSiSiSiSiSiSiGeSiSiSiGeSiSiSi
          15 Ge    -2416.88672    
GeSiGeGeSiGeGeGeGeGeGeGeGeGeGeGeSiGeSiSiGeSiSiSiSiGeSiSiSiGeSiSiGeGeSiSiSiSiGeGeGeGeSiSiSiGeSiSiSiSiSiSiGeSiSiSiGeSiSiSi
          18 Ge     419.158691    
GeSiGeGeSiGeGeGeGeGeGeGeGeGeGeGeSiGeSiSiGeSiGeSiSiGeSiSiSiGeSiSiGeGeSiSiSiSiGeGeGeGeSiSiSiGeSiSiSiSiSiSiGeSiSiSiGeSiSiSi
          23 Ge     3365.33057    
GeSiGeGeSiGeGeGeGeGeGeGeGeGeGeGeSiGeSiSiGeSiGeGeSiGeSiSiSiGeSiSiGeGeSiSiSiSiGeGeGeGeSiSiSiGeSiSiSiSiSiSiGeSiSiSiGeSiSiSi
          24 Ge     7059.02441    
GeSiGeGeSiGeGeGeGeGeGeGeGeGeGeGeSiGeSiSiGeSiGeGeGeGeSiSiSiGeSiSiGeGeSiSiSiSiGeGeGeGeSiSiSiGeSiSiSiSiSiSiGeSiSiSiGeSiSiSi
          25 Ge     9256.14062    
GeSiGeGeSiGeGeGeGeGeGeGeGeGeGeGeSiGeSiSiGeSiGeGeGeGeSiGeSiGeSiSiGeGeSiSiSiSiGeGeGeGeSiSiSiGeSiSiSiSiSiSiGeSiSiSiGeSiSiSi
          28 Ge     9128.83984    
GeSiGeGeSiGeGeGeGeGeGeGeGeGeGeGeSiGeSiSiGeSiGeGeGeGeSiGeSiGeSiSiGeGeSiSiSiSiGeGeGeGeSiGeSiGeSiSiSiSiSiSiGeSiSiSiGeSiSiSi
          44 Ge     11356.7207    
GeSiGeGeSiGeGeGeGeGeGeGeGeGeGeGeSiGeSiSiGeSiGeGeGeGeSiGeSiGeSiSiGeGeSiSiSiSiGeGeGeGeSiGeSiGeSiSiSiSiGeSiGeSiSiSiGeSiSiSi
          51 Ge     13534.4590    
GeSiGeGeSiGeGeGeGeGeGeGeGeGeGeGeSiGeSiSiGeSiGeGeGeGeSiGeSiGeSiSiGeGeSiSiSiSiGeGeGeGeSiGeSiGeSiSiSiSiGeSiGeSiSiSiGeGeSiSi
          58 Ge     20676.4258    
GeSiGeGeSiGeGeGeGeGeGeGeGeGeGeGeGeGeSiSiGeSiGeGeGeGeSiGeSiGeSiSiGeGeSiSiSiSiGeGeGeGeSiGeSiGeSiSiSiSiGeSiGeSiSiSiGeGeSiSi
          17 Ge     29317.5078    
GeSiGeGeSiGeGeGeGeGeGeGeGeGeGeGeGeGeSiSiGeGeGeGeGeGeSiGeSiGeSiSiGeGeSiSiSiSiGeGeGeGeSiGeSiGeSiSiSiSiGeSiGeSiSiSiGeGeSiSi
          22 Ge     44650.1992    
GeSiGeGeSiGeGeGeGeGeGeGeGeGeGeGeGeGeSiSiGeGeGeGeGeGeSiGeSiGeGeSiGeGeSiSiSiSiGeGeGeGeSiGeSiGeSiSiSiSiGeSiGeSiSiSiGeGeSiSi
          31 Ge     47041.6602    
GeSiGeGeSiGeGeGeGeGeGeGeGeGeGeGeGeGeSiSiGeGeGeGeGeGeSiGeSiGeGeGeGeGeSiSiSiSiGeGeGeGeSiGeSiGeSiSiSiSiGeSiGeSiSiSiGeGeSiSi
          32 Ge     53181.5898    
GeSiGeGeSiGeGeGeGeGeGeGeGeGeGeGeGeGeSiSiGeGeGeGeGeGeSiGeSiGeGeGeGeGeSiGeSiSiGeGeGeGeSiGeSiGeSiSiSiSiGeSiGeSiSiSiGeGeSiSi
          36 Ge     53414.2070    
GeSiGeGeSiGeGeGeGeGeGeGeGeGeGeGeGeGeSiSiGeGeGeGeGeGeSiGeSiGeGeGeGeGeSiGeSiSiGeGeGeGeSiGeGeGeSiSiSiSiGeSiGeSiSiSiGeGeSiSi
          45 Ge     73027.6797    
GeSiGeGeSiGeGeGeGeGeGeGeGeGeGeGeGeGeSiSiGeGeGeGeGeGeSiGeSiGeGeGeGeGeSiGeSiSiGeGeGeGeSiGeGeGeSiSiGeSiGeSiGeSiSiSiGeGeSiSi
          49 Ge     87370.4453    
GeSiGeGeSiGeGeGeGeGeGeGeGeGeGeGeGeGeSiSiGeGeGeGeGeGeSiGeSiGeGeGeGeGeSiGeSiSiGeGeGeGeSiGeGeGeSiSiGeSiGeSiGeSiGeSiGeGeSiSi
          55 Ge     86699.8438    
GeGeGeGeSiGeGeGeGeGeGeGeGeGeGeGeGeGeSiSiGeGeGeGeGeGeSiGeSiGeGeGeGeGeSiGeSiSiGeGeGeGeSiGeGeGeSiSiGeSiGeSiGeSiGeSiGeGeSiSi
           2 Ge     95683.3125    
GeGeGeGeSiGeGeGeGeGeGeGeGeGeGeGeGeGeSiSiGeGeGeGeGeGeGeGeSiGeGeGeGeGeSiGeSiSiGeGeGeGeSiGeGeGeSiSiGeSiGeSiGeSiGeSiGeGeSiSi
          27 Ge     107119.156    
GeGeGeGeSiGeGeGeGeGeGeGeGeGeGeGeGeGeSiSiGeGeGeGeGeGeGeGeSiGeGeGeGeGeSiGeSiGeGeGeGeGeSiGeGeGeSiSiGeSiGeSiGeSiGeSiGeGeSiSi
          38 Ge     114050.750    
GeGeGeGeSiGeGeGeGeGeGeGeGeGeGeGeGeGeSiSiGeGeGeGeGeGeGeGeSiGeGeGeGeGeSiGeSiGeGeGeGeGeSiGeGeGeSiSiGeSiGeSiGeSiGeGeGeGeSiSi
          56 Ge     130462.086    
GeGeGeGeGeGeGeGeGeGeGeGeGeGeGeGeGeGeSiSiGeGeGeGeGeGeGeGeSiGeGeGeGeGeSiGeSiGeGeGeGeGeSiGeGeGeSiSiGeSiGeSiGeSiGeGeGeGeSiSi
           5 Ge     161652.250    
GeGeGeGeGeGeGeGeGeGeGeGeGeGeGeGeGeGeSiSiGeGeGeGeGeGeGeGeGeGeGeGeGeGeSiGeSiGeGeGeGeGeSiGeGeGeSiSiGeSiGeSiGeSiGeGeGeGeSiSi
          29 Ge     187091.719    
GeGeGeGeGeGeGeGeGeGeGeGeGeGeGeGeGeGeSiSiGeGeGeGeGeGeGeGeGeGeGeGeGeGeSiGeGeGeGeGeGeGeSiGeGeGeSiSiGeSiGeSiGeSiGeGeGeGeSiSi
          37 Ge     215157.844    
==============================================
MonteCarlo: Metropolis with identity changes
Si > Ge, Ge > Si. STOP when occurrence <    0.00000
==============================================
Cost_function     Occurrence %     Scan-Cost
   141376.6406250000 GeSiGeGeSiSiGeGeSiGeGeGeGeGeGeGeGeGeGeGeGeSiGeGeGeGeGeGeGeSiGeGeGeGeSiGeGeGeGeGeGeGeGeSiSiGeGeGeGeSiGeGeSiGeGeGeGeGeGeGe
   139942.2343750000 SiSiGeSiSiSiGeGeGeGeGeGeGeGeGeGeGeGeGeGeGeSiGeGeGeGeGeGeGeSiGeGeGeGeSiGeGeGeGeGeGeGeGeSiSiGeGeGeGeSiGeGeGeGeGeGeGeGeGeGe
   136799.0156250000 GeSiGeSiSiSiGeGeGeGeGeGeGeGeGeGeGeGeGeGeGeSiGeGeGeGeGeGeGeSiGeGeGeGeSiGeSiGeGeGeSiGeGeSiGeGeGeGeGeSiGeGeGeGeGeGeGeGeGeGe
   136799.0156250000 GeSiGeSiSiSiGeGeGeGeGeGeGeGeGeGeGeGeGeGeGeSiGeGeGeGeGeGeGeSiGeGeGeGeSiGeSiGeGeGeSiGeGeSiGeGeGeGeGeSiGeGeGeGeGeGeGeGeGeGe
   129691.3515625000 GeSiGeSiSiSiGeGeGeGeGeGeGeGeGeGeGeGeGeGeGeSiGeGeGeGeGeGeGeSiGeGeGeGeGeGeSiGeGeGeSiGeGeSiGeGeGeGeGeSiSiGeGeGeGeGeGeGeGeGe
   129691.3515625000 GeSiGeSiSiSiGeGeGeGeGeGeGeGeGeGeGeGeGeGeGeSiGeGeGeGeGeGeGeSiGeGeGeGeGeGeSiGeGeGeSiGeGeSiGeGeGeGeGeSiSiGeGeGeGeGeGeGeGeGe
   129691.3515625000 GeSiGeSiSiSiGeGeGeGeGeGeGeGeGeGeGeGeGeGeGeSiGeGeGeGeGeGeGeSiGeGeGeGeGeGeSiGeGeGeSiGeGeSiGeGeGeGeGeSiSiGeGeGeGeGeGeGeGeGe
   117899.6328125000 GeSiGeSiSiSiGeGeGeGeGeGeGeGeGeGeGeGeGeGeGeSiGeGeGeGeGeGeGeSiGeGeSiGeGeGeGeGeGeGeGeGeGeSiGeGeGeGeGeSiSiSiGeGeGeGeGeGeGeGe
   117899.6328125000 GeSiGeSiSiSiGeGeGeGeGeGeGeGeGeGeGeGeGeGeGeSiGeGeGeGeGeGeGeSiGeGeSiGeGeGeGeGeGeGeGeGeGeSiGeGeGeGeGeSiSiSiGeGeGeGeGeGeGeGe
   117899.6328125000 GeSiGeSiSiSiGeGeGeGeGeGeGeGeGeGeGeGeGeGeGeSiGeGeGeGeGeGeGeSiGeGeSiGeGeGeGeGeGeGeGeGeGeSiGeGeGeGeGeSiSiSiGeGeGeGeGeGeGeGe
   117899.6328125000 GeSiGeSiSiSiGeGeGeGeGeGeGeGeGeGeGeGeGeGeGeSiGeGeGeGeGeGeGeSiGeGeSiGeGeGeGeGeGeGeGeGeGeSiGeGeGeGeGeSiSiSiGeGeGeGeGeGeGeGe
   117899.6328125000 GeSiGeSiSiSiGeGeGeGeGeGeGeGeGeGeGeGeGeGeGeSiGeGeGeGeGeGeGeSiGeGeSiGeGeGeGeGeGeGeGeGeGeSiGeGeGeGeGeSiSiSiGeGeGeGeGeGeGeGe
   117899.6328125000 GeSiGeSiSiSiGeGeGeGeGeGeGeGeGeGeGeGeGeGeGeSiGeGeGeGeGeGeGeSiGeGeSiGeGeGeGeGeGeGeGeGeGeSiGeGeGeGeGeSiSiSiGeGeGeGeGeGeGeGe
   117899.6328125000 GeSiGeSiSiSiGeGeGeGeGeGeGeGeGeGeGeGeGeGeGeSiGeGeGeGeGeGeGeSiGeGeSiGeGeGeGeGeGeGeGeGeGeSiGeGeGeGeGeSiSiSiGeGeGeGeGeGeGeGe
   117899.6328125000 GeSiGeSiSiSiGeGeGeGeGeGeGeGeGeGeGeGeGeGeGeSiGeGeGeGeGeGeGeSiGeGeSiGeGeGeGeGeGeGeGeGeGeSiGeGeGeGeGeSiSiSiGeGeGeGeGeGeGeGe
   117899.6328125000 GeSiGeSiSiSiGeGeGeGeGeGeGeGeGeGeGeGeGeGeGeSiGeGeGeGeGeGeGeSiGeGeSiGeGeGeGeGeGeGeGeGeGeSiGeGeGeGeGeSiSiSiGeGeGeGeGeGeGeGe
   117899.6328125000 GeSiGeSiSiSiGeGeGeGeGeGeGeGeGeGeGeGeGeGeGeSiGeGeGeGeGeGeGeSiGeGeSiGeGeGeGeGeGeGeGeGeGeSiGeGeGeGeGeSiSiSiGeGeGeGeGeGeGeGe
   117899.6328125000 GeSiGeSiSiSiGeGeGeGeGeGeGeGeGeGeGeGeGeGeGeSiGeGeGeGeGeGeGeSiGeGeSiGeGeGeGeGeGeGeGeGeGeSiGeGeGeGeGeSiSiSiGeGeGeGeGeGeGeGe
   117899.6328125000 GeSiGeSiSiSiGeGeGeGeGeGeGeGeGeGeGeGeGeGeGeSiGeGeGeGeGeGeGeSiGeGeSiGeGeGeGeGeGeGeGeGeGeSiGeGeGeGeGeSiSiSiGeGeGeGeGeGeGeGe
   117899.6328125000 GeSiGeSiSiSiGeGeGeGeGeGeGeGeGeGeGeGeGeGeGeSiGeGeGeGeGeGeGeSiGeGeSiGeGeGeGeGeGeGeGeGeGeSiGeGeGeGeGeSiSiSiGeGeGeGeGeGeGeGe
   117899.6328125000 GeSiGeSiSiSiGeGeGeGeGeGeGeGeGeGeGeGeGeGeGeSiGeGeGeGeGeGeGeSiGeGeSiGeGeGeGeGeGeGeGeGeGeSiGeGeGeGeGeSiSiSiGeGeGeGeGeGeGeGe
   117899.6328125000 GeSiGeSiSiSiGeGeGeGeGeGeGeGeGeGeGeGeGeGeGeSiGeGeGeGeGeGeGeSiGeGeSiGeGeGeGeGeGeGeGeGeGeSiGeGeGeGeGeSiSiSiGeGeGeGeGeGeGeGe
   117899.6328125000 GeSiGeSiSiSiGeGeGeGeGeGeGeGeGeGeGeGeGeGeGeSiGeGeGeGeGeGeGeSiGeGeSiGeGeGeGeGeGeGeGeGeGeSiGeGeGeGeGeSiSiSiGeGeGeGeGeGeGeGe
   117899.6328125000 GeSiGeSiSiSiGeGeGeGeGeGeGeGeGeGeGeGeGeGeGeSiGeGeGeGeGeGeGeSiGeGeSiGeGeGeGeGeGeGeGeGeGeSiGeGeGeGeGeSiSiSiGeGeGeGeGeGeGeGe
   117899.6328125000 GeSiGeSiSiSiGeGeGeGeGeGeGeGeGeGeGeGeGeGeGeSiGeGeGeGeGeGeGeSiGeGeSiGeGeGeGeGeGeGeGeGeGeSiGeGeGeGeGeSiSiSiGeGeGeGeGeGeGeGe
   117899.6328125000 GeSiGeSiSiSiGeGeGeGeGeGeGeGeGeGeGeGeGeGeGeSiGeGeGeGeGeGeGeSiGeGeSiGeGeGeGeGeGeGeGeGeGeSiGeGeGeGeGeSiSiSiGeGeGeGeGeGeGeGe
   117899.6328125000 GeSiGeSiSiSiGeGeGeGeGeGeGeGeGeGeGeGeGeGeGeSiGeGeGeGeGeGeGeSiGeGeSiGeGeGeGeGeGeGeGeGeGeSiGeGeGeGeGeSiSiSiGeGeGeGeGeGeGeGe
   117899.6328125000 GeSiGeSiSiSiGeGeGeGeGeGeGeGeGeGeGeGeGeGeGeSiGeGeGeGeGeGeGeSiGeGeSiGeGeGeGeGeGeGeGeGeGeSiGeGeGeGeGeSiSiSiGeGeGeGeGeGeGeGe
   117899.6328125000 GeSiGeSiSiSiGeGeGeGeGeGeGeGeGeGeGeGeGeGeGeSiGeGeGeGeGeGeGeSiGeGeSiGeGeGeGeGeGeGeGeGeGeSiGeGeGeGeGeSiSiSiGeGeGeGeGeGeGeGe
   117899.6328125000 GeSiGeSiSiSiGeGeGeGeGeGeGeGeGeGeGeGeGeGeGeSiGeGeGeGeGeGeGeSiGeGeSiGeGeGeGeGeGeGeGeGeGeSiGeGeGeGeGeSiSiSiGeGeGeGeGeGeGeGe
   117899.6328125000 GeSiGeSiSiSiGeGeGeGeGeGeGeGeGeGeGeGeGeGeGeSiGeGeGeGeGeGeGeSiGeGeSiGeGeGeGeGeGeGeGeGeGeSiGeGeGeGeGeSiSiSiGeGeGeGeGeGeGeGe
   117899.6328125000 GeSiGeSiSiSiGeGeGeGeGeGeGeGeGeGeGeGeGeGeGeSiGeGeGeGeGeGeGeSiGeGeSiGeGeGeGeGeGeGeGeGeGeSiGeGeGeGeGeSiSiSiGeGeGeGeGeGeGeGe
   117899.6328125000 GeSiGeSiSiSiGeGeGeGeGeGeGeGeGeGeGeGeGeGeGeSiGeGeGeGeGeGeGeSiGeGeSiGeGeGeGeGeGeGeGeGeGeSiGeGeGeGeGeSiSiSiGeGeGeGeGeGeGeGe
   117899.6328125000 GeSiGeSiSiSiGeGeGeGeGeGeGeGeGeGeGeGeGeGeGeSiGeGeGeGeGeGeGeSiGeGeSiGeGeGeGeGeGeGeGeGeGeSiGeGeGeGeGeSiSiSiGeGeGeGeGeGeGeGe
   117899.6328125000 GeSiGeSiSiSiGeGeGeGeGeGeGeGeGeGeGeGeGeGeGeSiGeGeGeGeGeGeGeSiGeGeSiGeGeGeGeGeGeGeGeGeGeSiGeGeGeGeGeSiSiSiGeGeGeGeGeGeGeGe
   117899.6328125000 GeSiGeSiSiSiGeGeGeGeGeGeGeGeGeGeGeGeGeGeGeSiGeGeGeGeGeGeGeSiGeGeSiGeGeGeGeGeGeGeGeGeGeSiGeGeGeGeGeSiSiSiGeGeGeGeGeGeGeGe
   117899.6328125000 GeSiGeSiSiSiGeGeGeGeGeGeGeGeGeGeGeGeGeGeGeSiGeGeGeGeGeGeGeSiGeGeSiGeGeGeGeGeGeGeGeGeGeSiGeGeGeGeGeSiSiSiGeGeGeGeGeGeGeGe
   117899.6328125000 GeSiGeSiSiSiGeGeGeGeGeGeGeGeGeGeGeGeGeGeGeSiGeGeGeGeGeGeGeSiGeGeSiGeGeGeGeGeGeGeGeGeGeSiGeGeGeGeGeSiSiSiGeGeGeGeGeGeGeGe
   117899.6328125000 GeSiGeSiSiSiGeGeGeGeGeGeGeGeGeGeGeGeGeGeGeSiGeGeGeGeGeGeGeSiGeGeSiGeGeGeGeGeGeGeGeGeGeSiGeGeGeGeGeSiSiSiGeGeGeGeGeGeGeGe
   117899.6328125000 GeSiGeSiSiSiGeGeGeGeGeGeGeGeGeGeGeGeGeGeGeSiGeGeGeGeGeGeGeSiGeGeSiGeGeGeGeGeGeGeGeGeGeSiGeGeGeGeGeSiSiSiGeGeGeGeGeGeGeGe
   117899.6328125000 GeSiGeSiSiSiGeGeGeGeGeGeGeGeGeGeGeGeGeGeGeSiGeGeGeGeGeGeGeSiGeGeSiGeGeGeGeGeGeGeGeGeGeSiGeGeGeGeGeSiSiSiGeGeGeGeGeGeGeGe
   117899.6328125000 GeSiGeSiSiSiGeGeGeGeGeGeGeGeGeGeGeGeGeGeGeSiGeGeGeGeGeGeGeSiGeGeSiGeGeGeGeGeGeGeGeGeGeSiGeGeGeGeGeSiSiSiGeGeGeGeGeGeGeGe
   117899.6328125000 GeSiGeSiSiSiGeGeGeGeGeGeGeGeGeGeGeGeGeGeGeSiGeGeGeGeGeGeGeSiGeGeSiGeGeGeGeGeGeGeGeGeGeSiGeGeGeGeGeSiSiSiGeGeGeGeGeGeGeGe
   117899.6328125000 GeSiGeSiSiSiGeGeGeGeGeGeGeGeGeGeGeGeGeGeGeSiGeGeGeGeGeGeGeSiGeGeSiGeGeGeGeGeGeGeGeGeGeSiGeGeGeGeGeSiSiSiGeGeGeGeGeGeGeGe
   117899.6328125000 GeSiGeSiSiSiGeGeGeGeGeGeGeGeGeGeGeGeGeGeGeSiGeGeGeGeGeGeGeSiGeGeSiGeGeGeGeGeGeGeGeGeGeSiGeGeGeGeGeSiSiSiGeGeGeGeGeGeGeGe
   117899.6328125000 GeSiGeSiSiSiGeGeGeGeGeGeGeGeGeGeGeGeGeGeGeSiGeGeGeGeGeGeGeSiGeGeSiGeGeGeGeGeGeGeGeGeGeSiGeGeGeGeGeSiSiSiGeGeGeGeGeGeGeGe
   117899.6328125000 GeSiGeSiSiSiGeGeGeGeGeGeGeGeGeGeGeGeGeGeGeSiGeGeGeGeGeGeGeSiGeGeSiGeGeGeGeGeGeGeGeGeGeSiGeGeGeGeGeSiSiSiGeGeGeGeGeGeGeGe
   117899.6328125000 GeSiGeSiSiSiGeGeGeGeGeGeGeGeGeGeGeGeGeGeGeSiGeGeGeGeGeGeGeSiGeGeSiGeGeGeGeGeGeGeGeGeGeSiGeGeGeGeGeSiSiSiGeGeGeGeGeGeGeGe
   117899.6328125000 GeSiGeSiSiSiGeGeGeGeGeGeGeGeGeGeGeGeGeGeGeSiGeGeGeGeGeGeGeSiGeGeSiGeGeGeGeGeGeGeGeGeGeSiGeGeGeGeGeSiSiSiGeGeGeGeGeGeGeGe
   117899.6328125000 GeSiGeSiSiSiGeGeGeGeGeGeGeGeGeGeGeGeGeGeGeSiGeGeGeGeGeGeGeSiGeGeSiGeGeGeGeGeGeGeGeGeGeSiGeGeGeGeGeSiSiSiGeGeGeGeGeGeGeGe
   117899.6328125000 GeSiGeSiSiSiGeGeGeGeGeGeGeGeGeGeGeGeGeGeGeSiGeGeGeGeGeGeGeSiGeGeSiGeGeGeGeGeGeGeGeGeGeSiGeGeGeGeGeSiSiSiGeGeGeGeGeGeGeGe
   117899.6328125000 GeSiGeSiSiSiGeGeGeGeGeGeGeGeGeGeGeGeGeGeGeSiGeGeGeGeGeGeGeSiGeGeSiGeGeGeGeGeGeGeGeGeGeSiGeGeGeGeGeSiSiSiGeGeGeGeGeGeGeGe
   117899.6328125000 GeSiGeSiSiSiGeGeGeGeGeGeGeGeGeGeGeGeGeGeGeSiGeGeGeGeGeGeGeSiGeGeSiGeGeGeGeGeGeGeGeGeGeSiGeGeGeGeGeSiSiSiGeGeGeGeGeGeGeGe
   117899.6328125000 GeSiGeSiSiSiGeGeGeGeGeGeGeGeGeGeGeGeGeGeGeSiGeGeGeGeGeGeGeSiGeGeSiGeGeGeGeGeGeGeGeGeGeSiGeGeGeGeGeSiSiSiGeGeGeGeGeGeGeGe
   117899.6328125000 GeSiGeSiSiSiGeGeGeGeGeGeGeGeGeGeGeGeGeGeGeSiGeGeGeGeGeGeGeSiGeGeSiGeGeGeGeGeGeGeGeGeGeSiGeGeGeGeGeSiSiSiGeGeGeGeGeGeGeGe
   117899.6328125000 GeSiGeSiSiSiGeGeGeGeGeGeGeGeGeGeGeGeGeGeGeSiGeGeGeGeGeGeGeSiGeGeSiGeGeGeGeGeGeGeGeGeGeSiGeGeGeGeGeSiSiSiGeGeGeGeGeGeGeGe
   117899.6328125000 GeSiGeSiSiSiGeGeGeGeGeGeGeGeGeGeGeGeGeGeGeSiGeGeGeGeGeGeGeSiGeGeSiGeGeGeGeGeGeGeGeGeGeSiGeGeGeGeGeSiSiSiGeGeGeGeGeGeGeGe
   117899.6328125000 GeSiGeSiSiSiGeGeGeGeGeGeGeGeGeGeGeGeGeGeGeSiGeGeGeGeGeGeGeSiGeGeSiGeGeGeGeGeGeGeGeGeGeSiGeGeGeGeGeSiSiSiGeGeGeGeGeGeGeGe
   117899.6328125000 GeSiGeSiSiSiGeGeGeGeGeGeGeGeGeGeGeGeGeGeGeSiGeGeGeGeGeGeGeSiGeGeSiGeGeGeGeGeGeGeGeGeGeSiGeGeGeGeGeSiSiSiGeGeGeGeGeGeGeGe
   117899.6328125000 GeSiGeSiSiSiGeGeGeGeGeGeGeGeGeGeGeGeGeGeGeSiGeGeGeGeGeGeGeSiGeGeSiGeGeGeGeGeGeGeGeGeGeSiGeGeGeGeGeSiSiSiGeGeGeGeGeGeGeGe
   117899.6328125000 GeSiGeSiSiSiGeGeGeGeGeGeGeGeGeGeGeGeGeGeGeSiGeGeGeGeGeGeGeSiGeGeSiGeGeGeGeGeGeGeGeGeGeSiGeGeGeGeGeSiSiSiGeGeGeGeGeGeGeGe
   117899.6328125000 GeSiGeSiSiSiGeGeGeGeGeGeGeGeGeGeGeGeGeGeGeSiGeGeGeGeGeGeGeSiGeGeSiGeGeGeGeGeGeGeGeGeGeSiGeGeGeGeGeSiSiSiGeGeGeGeGeGeGeGe
   117899.6328125000 GeSiGeSiSiSiGeGeGeGeGeGeGeGeGeGeGeGeGeGeGeSiGeGeGeGeGeGeGeSiGeGeSiGeGeGeGeGeGeGeGeGeGeSiGeGeGeGeGeSiSiSiGeGeGeGeGeGeGeGe
   117899.6328125000 GeSiGeSiSiSiGeGeGeGeGeGeGeGeGeGeGeGeGeGeGeSiGeGeGeGeGeGeGeSiGeGeSiGeGeGeGeGeGeGeGeGeGeSiGeGeGeGeGeSiSiSiGeGeGeGeGeGeGeGe
   117899.6328125000 GeSiGeSiSiSiGeGeGeGeGeGeGeGeGeGeGeGeGeGeGeSiGeGeGeGeGeGeGeSiGeGeSiGeGeGeGeGeGeGeGeGeGeSiGeGeGeGeGeSiSiSiGeGeGeGeGeGeGeGe
   117899.6328125000 GeSiGeSiSiSiGeGeGeGeGeGeGeGeGeGeGeGeGeGeGeSiGeGeGeGeGeGeGeSiGeGeSiGeGeGeGeGeGeGeGeGeGeSiGeGeGeGeGeSiSiSiGeGeGeGeGeGeGeGe
   117899.6328125000 GeSiGeSiSiSiGeGeGeGeGeGeGeGeGeGeGeGeGeGeGeSiGeGeGeGeGeGeGeSiGeGeSiGeGeGeGeGeGeGeGeGeGeSiGeGeGeGeGeSiSiSiGeGeGeGeGeGeGeGe
   117899.6328125000 GeSiGeSiSiSiGeGeGeGeGeGeGeGeGeGeGeGeGeGeGeSiGeGeGeGeGeGeGeSiGeGeSiGeGeGeGeGeGeGeGeGeGeSiGeGeGeGeGeSiSiSiGeGeGeGeGeGeGeGe
   117899.6328125000 GeSiGeSiSiSiGeGeGeGeGeGeGeGeGeGeGeGeGeGeGeSiGeGeGeGeGeGeGeSiGeGeSiGeGeGeGeGeGeGeGeGeGeSiGeGeGeGeGeSiSiSiGeGeGeGeGeGeGeGe
   117899.6328125000 GeSiGeSiSiSiGeGeGeGeGeGeGeGeGeGeGeGeGeGeGeSiGeGeGeGeGeGeGeSiGeGeSiGeGeGeGeGeGeGeGeGeGeSiGeGeGeGeGeSiSiSiGeGeGeGeGeGeGeGe
   117899.6328125000 GeSiGeSiSiSiGeGeGeGeGeGeGeGeGeGeGeGeGeGeGeSiGeGeGeGeGeGeGeSiGeGeSiGeGeGeGeGeGeGeGeGeGeSiGeGeGeGeGeSiSiSiGeGeGeGeGeGeGeGe
   117899.6328125000 GeSiGeSiSiSiGeGeGeGeGeGeGeGeGeGeGeGeGeGeGeSiGeGeGeGeGeGeGeSiGeGeSiGeGeGeGeGeGeGeGeGeGeSiGeGeGeGeGeSiSiSiGeGeGeGeGeGeGeGe
   117899.6328125000 GeSiGeSiSiSiGeGeGeGeGeGeGeGeGeGeGeGeGeGeGeSiGeGeGeGeGeGeGeSiGeGeSiGeGeGeGeGeGeGeGeGeGeSiGeGeGeGeGeSiSiSiGeGeGeGeGeGeGeGe
   117899.6328125000 GeSiGeSiSiSiGeGeGeGeGeGeGeGeGeGeGeGeGeGeGeSiGeGeGeGeGeGeGeSiGeGeSiGeGeGeGeGeGeGeGeGeGeSiGeGeGeGeGeSiSiSiGeGeGeGeGeGeGeGe
   117899.6328125000 GeSiGeSiSiSiGeGeGeGeGeGeGeGeGeGeGeGeGeGeGeSiGeGeGeGeGeGeGeSiGeGeSiGeGeGeGeGeGeGeGeGeGeSiGeGeGeGeGeSiSiSiGeGeGeGeGeGeGeGe
   117899.6328125000 GeSiGeSiSiSiGeGeGeGeGeGeGeGeGeGeGeGeGeGeGeSiGeGeGeGeGeGeGeSiGeGeSiGeGeGeGeGeGeGeGeGeGeSiGeGeGeGeGeSiSiSiGeGeGeGeGeGeGeGe
   117899.6328125000 GeSiGeSiSiSiGeGeGeGeGeGeGeGeGeGeGeGeGeGeGeSiGeGeGeGeGeGeGeSiGeGeSiGeGeGeGeGeGeGeGeGeGeSiGeGeGeGeGeSiSiSiGeGeGeGeGeGeGeGe
   117899.6328125000 GeSiGeSiSiSiGeGeGeGeGeGeGeGeGeGeGeGeGeGeGeSiGeGeGeGeGeGeGeSiGeGeSiGeGeGeGeGeGeGeGeGeGeSiGeGeGeGeGeSiSiSiGeGeGeGeGeGeGeGe
   117899.6328125000 GeSiGeSiSiSiGeGeGeGeGeGeGeGeGeGeGeGeGeGeGeSiGeGeGeGeGeGeGeSiGeGeSiGeGeGeGeGeGeGeGeGeGeSiGeGeGeGeGeSiSiSiGeGeGeGeGeGeGeGe
   117899.6328125000 GeSiGeSiSiSiGeGeGeGeGeGeGeGeGeGeGeGeGeGeGeSiGeGeGeGeGeGeGeSiGeGeSiGeGeGeGeGeGeGeGeGeGeSiGeGeGeGeGeSiSiSiGeGeGeGeGeGeGeGe
   117899.6328125000 GeSiGeSiSiSiGeGeGeGeGeGeGeGeGeGeGeGeGeGeGeSiGeGeGeGeGeGeGeSiGeGeSiGeGeGeGeGeGeGeGeGeGeSiGeGeGeGeGeSiSiSiGeGeGeGeGeGeGeGe
   117899.6328125000 GeSiGeSiSiSiGeGeGeGeGeGeGeGeGeGeGeGeGeGeGeSiGeGeGeGeGeGeGeSiGeGeSiGeGeGeGeGeGeGeGeGeGeSiGeGeGeGeGeSiSiSiGeGeGeGeGeGeGeGe
   117899.6328125000 GeSiGeSiSiSiGeGeGeGeGeGeGeGeGeGeGeGeGeGeGeSiGeGeGeGeGeGeGeSiGeGeSiGeGeGeGeGeGeGeGeGeGeSiGeGeGeGeGeSiSiSiGeGeGeGeGeGeGeGe
   117899.6328125000 GeSiGeSiSiSiGeGeGeGeGeGeGeGeGeGeGeGeGeGeGeSiGeGeGeGeGeGeGeSiGeGeSiGeGeGeGeGeGeGeGeGeGeSiGeGeGeGeGeSiSiSiGeGeGeGeGeGeGeGe
   117899.6328125000 GeSiGeSiSiSiGeGeGeGeGeGeGeGeGeGeGeGeGeGeGeSiGeGeGeGeGeGeGeSiGeGeSiGeGeGeGeGeGeGeGeGeGeSiGeGeGeGeGeSiSiSiGeGeGeGeGeGeGeGe
   117899.6328125000 GeSiGeSiSiSiGeGeGeGeGeGeGeGeGeGeGeGeGeGeGeSiGeGeGeGeGeGeGeSiGeGeSiGeGeGeGeGeGeGeGeGeGeSiGeGeGeGeGeSiSiSiGeGeGeGeGeGeGeGe
   117899.6328125000 GeSiGeSiSiSiGeGeGeGeGeGeGeGeGeGeGeGeGeGeGeSiGeGeGeGeGeGeGeSiGeGeSiGeGeGeGeGeGeGeGeGeGeSiGeGeGeGeGeSiSiSiGeGeGeGeGeGeGeGe
   117899.6328125000 GeSiGeSiSiSiGeGeGeGeGeGeGeGeGeGeGeGeGeGeGeSiGeGeGeGeGeGeGeSiGeGeSiGeGeGeGeGeGeGeGeGeGeSiGeGeGeGeGeSiSiSiGeGeGeGeGeGeGeGe
   117899.6328125000 GeSiGeSiSiSiGeGeGeGeGeGeGeGeGeGeGeGeGeGeGeSiGeGeGeGeGeGeGeSiGeGeSiGeGeGeGeGeGeGeGeGeGeSiGeGeGeGeGeSiSiSiGeGeGeGeGeGeGeGe
   117899.6328125000 GeSiGeSiSiSiGeGeGeGeGeGeGeGeGeGeGeGeGeGeGeSiGeGeGeGeGeGeGeSiGeGeSiGeGeGeGeGeGeGeGeGeGeSiGeGeGeGeGeSiSiSiGeGeGeGeGeGeGeGe
   117899.6328125000 GeSiGeSiSiSiGeGeGeGeGeGeGeGeGeGeGeGeGeGeGeSiGeGeGeGeGeGeGeSiGeGeSiGeGeGeGeGeGeGeGeGeGeSiGeGeGeGeGeSiSiSiGeGeGeGeGeGeGeGe
   117899.6328125000 GeSiGeSiSiSiGeGeGeGeGeGeGeGeGeGeGeGeGeGeGeSiGeGeGeGeGeGeGeSiGeGeSiGeGeGeGeGeGeGeGeGeGeSiGeGeGeGeGeSiSiSiGeGeGeGeGeGeGeGe
   117899.6328125000 GeSiGeSiSiSiGeGeGeGeGeGeGeGeGeGeGeGeGeGeGeSiGeGeGeGeGeGeGeSiGeGeSiGeGeGeGeGeGeGeGeGeGeSiGeGeGeGeGeSiSiSiGeGeGeGeGeGeGeGe
   117899.6328125000 GeSiGeSiSiSiGeGeGeGeGeGeGeGeGeGeGeGeGeGeGeSiGeGeGeGeGeGeGeSiGeGeSiGeGeGeGeGeGeGeGeGeGeSiGeGeGeGeGeSiSiSiGeGeGeGeGeGeGeGe
   117899.6328125000 GeSiGeSiSiSiGeGeGeGeGeGeGeGeGeGeGeGeGeGeGeSiGeGeGeGeGeGeGeSiGeGeSiGeGeGeGeGeGeGeGeGeGeSiGeGeGeGeGeSiSiSiGeGeGeGeGeGeGeGe
   117899.6328125000 GeSiGeSiSiSiGeGeGeGeGeGeGeGeGeGeGeGeGeGeGeSiGeGeGeGeGeGeGeSiGeGeSiGeGeGeGeGeGeGeGeGeGeSiGeGeGeGeGeSiSiSiGeGeGeGeGeGeGeGe
   117899.6328125000 GeSiGeSiSiSiGeGeGeGeGeGeGeGeGeGeGeGeGeGeGeSiGeGeGeGeGeGeGeSiGeGeSiGeGeGeGeGeGeGeGeGeGeSiGeGeGeGeGeSiSiSiGeGeGeGeGeGeGeGe
   117899.6328125000 GeSiGeSiSiSiGeGeGeGeGeGeGeGeGeGeGeGeGeGeGeSiGeGeGeGeGeGeGeSiGeGeSiGeGeGeGeGeGeGeGeGeGeSiGeGeGeGeGeSiSiSiGeGeGeGeGeGeGeGe
   117899.6328125000 GeSiGeSiSiSiGeGeGeGeGeGeGeGeGeGeGeGeGeGeGeSiGeGeGeGeGeGeGeSiGeGeSiGeGeGeGeGeGeGeGeGeGeSiGeGeGeGeGeSiSiSiGeGeGeGeGeGeGeGe
   117899.6328125000 GeSiGeSiSiSiGeGeGeGeGeGeGeGeGeGeGeGeGeGeGeSiGeGeGeGeGeGeGeSiGeGeSiGeGeGeGeGeGeGeGeGeGeSiGeGeGeGeGeSiSiSiGeGeGeGeGeGeGeGe
   117899.6328125000 GeSiGeSiSiSiGeGeGeGeGeGeGeGeGeGeGeGeGeGeGeSiGeGeGeGeGeGeGeSiGeGeSiGeGeGeGeGeGeGeGeGeGeSiGeGeGeGeGeSiSiSiGeGeGeGeGeGeGeGe
   117899.6328125000 GeSiGeSiSiSiGeGeGeGeGeGeGeGeGeGeGeGeGeGeGeSiGeGeGeGeGeGeGeSiGeGeSiGeGeGeGeGeGeGeGeGeGeSiGeGeGeGeGeSiSiSiGeGeGeGeGeGeGeGe
   117899.6328125000 GeSiGeSiSiSiGeGeGeGeGeGeGeGeGeGeGeGeGeGeGeSiGeGeGeGeGeGeGeSiGeGeSiGeGeGeGeGeGeGeGeGeGeSiGeGeGeGeGeSiSiSiGeGeGeGeGeGeGeGe
   117899.6328125000 GeSiGeSiSiSiGeGeGeGeGeGeGeGeGeGeGeGeGeGeGeSiGeGeGeGeGeGeGeSiGeGeSiGeGeGeGeGeGeGeGeGeGeSiGeGeGeGeGeSiSiSiGeGeGeGeGeGeGeGe
   117899.6328125000 GeSiGeSiSiSiGeGeGeGeGeGeGeGeGeGeGeGeGeGeGeSiGeGeGeGeGeGeGeSiGeGeSiGeGeGeGeGeGeGeGeGeGeSiGeGeGeGeGeSiSiSiGeGeGeGeGeGeGeGe
   117899.6328125000 GeSiGeSiSiSiGeGeGeGeGeGeGeGeGeGeGeGeGeGeGeSiGeGeGeGeGeGeGeSiGeGeSiGeGeGeGeGeGeGeGeGeGeSiGeGeGeGeGeSiSiSiGeGeGeGeGeGeGeGe
   117899.6328125000 GeSiGeSiSiSiGeGeGeGeGeGeGeGeGeGeGeGeGeGeGeSiGeGeGeGeGeGeGeSiGeGeSiGeGeGeGeGeGeGeGeGeGeSiGeGeGeGeGeSiSiSiGeGeGeGeGeGeGeGe
   117899.6328125000 GeSiGeSiSiSiGeGeGeGeGeGeGeGeGeGeGeGeGeGeGeSiGeGeGeGeGeGeGeSiGeGeSiGeGeGeGeGeGeGeGeGeGeSiGeGeGeGeGeSiSiSiGeGeGeGeGeGeGeGe
   117899.6328125000 GeSiGeSiSiSiGeGeGeGeGeGeGeGeGeGeGeGeGeGeGeSiGeGeGeGeGeGeGeSiGeGeSiGeGeGeGeGeGeGeGeGeGeSiGeGeGeGeGeSiSiSiGeGeGeGeGeGeGeGe
   117899.6328125000 GeSiGeSiSiSiGeGeGeGeGeGeGeGeGeGeGeGeGeGeGeSiGeGeGeGeGeGeGeSiGeGeSiGeGeGeGeGeGeGeGeGeGeSiGeGeGeGeGeSiSiSiGeGeGeGeGeGeGeGe
   117899.6328125000 GeSiGeSiSiSiGeGeGeGeGeGeGeGeGeGeGeGeGeGeGeSiGeGeGeGeGeGeGeSiGeGeSiGeGeGeGeGeGeGeGeGeGeSiGeGeGeGeGeSiSiSiGeGeGeGeGeGeGeGe
   117899.6328125000 GeSiGeSiSiSiGeGeGeGeGeGeGeGeGeGeGeGeGeGeGeSiGeGeGeGeGeGeGeSiGeGeSiGeGeGeGeGeGeGeGeGeGeSiGeGeGeGeGeSiSiSiGeGeGeGeGeGeGeGe
   117899.6328125000 GeSiGeSiSiSiGeGeGeGeGeGeGeGeGeGeGeGeGeGeGeSiGeGeGeGeGeGeGeSiGeGeSiGeGeGeGeGeGeGeGeGeGeSiGeGeGeGeGeSiSiSiGeGeGeGeGeGeGeGe
   117899.6328125000 GeSiGeSiSiSiGeGeGeGeGeGeGeGeGeGeGeGeGeGeGeSiGeGeGeGeGeGeGeSiGeGeSiGeGeGeGeGeGeGeGeGeGeSiGeGeGeGeGeSiSiSiGeGeGeGeGeGeGeGe
   117899.6328125000 GeSiGeSiSiSiGeGeGeGeGeGeGeGeGeGeGeGeGeGeGeSiGeGeGeGeGeGeGeSiGeGeSiGeGeGeGeGeGeGeGeGeGeSiGeGeGeGeGeSiSiSiGeGeGeGeGeGeGeGe
   117899.6328125000 GeSiGeSiSiSiGeGeGeGeGeGeGeGeGeGeGeGeGeGeGeSiGeGeGeGeGeGeGeSiGeGeSiGeGeGeGeGeGeGeGeGeGeSiGeGeGeGeGeSiSiSiGeGeGeGeGeGeGeGe
   117899.6328125000 GeSiGeSiSiSiGeGeGeGeGeGeGeGeGeGeGeGeGeGeGeSiGeGeGeGeGeGeGeSiGeGeSiGeGeGeGeGeGeGeGeGeGeSiGeGeGeGeGeSiSiSiGeGeGeGeGeGeGeGe
   117899.6328125000 GeSiGeSiSiSiGeGeGeGeGeGeGeGeGeGeGeGeGeGeGeSiGeGeGeGeGeGeGeSiGeGeSiGeGeGeGeGeGeGeGeGeGeSiGeGeGeGeGeSiSiSiGeGeGeGeGeGeGeGe
   117899.6328125000 GeSiGeSiSiSiGeGeGeGeGeGeGeGeGeGeGeGeGeGeGeSiGeGeGeGeGeGeGeSiGeGeSiGeGeGeGeGeGeGeGeGeGeSiGeGeGeGeGeSiSiSiGeGeGeGeGeGeGeGe
   117899.6328125000 GeSiGeSiSiSiGeGeGeGeGeGeGeGeGeGeGeGeGeGeGeSiGeGeGeGeGeGeGeSiGeGeSiGeGeGeGeGeGeGeGeGeGeSiGeGeGeGeGeSiSiSiGeGeGeGeGeGeGeGe
   117899.6328125000 GeSiGeSiSiSiGeGeGeGeGeGeGeGeGeGeGeGeGeGeGeSiGeGeGeGeGeGeGeSiGeGeSiGeGeGeGeGeGeGeGeGeGeSiGeGeGeGeGeSiSiSiGeGeGeGeGeGeGeGe
   117899.6328125000 GeSiGeSiSiSiGeGeGeGeGeGeGeGeGeGeGeGeGeGeGeSiGeGeGeGeGeGeGeSiGeGeSiGeGeGeGeGeGeGeGeGeGeSiGeGeGeGeGeSiSiSiGeGeGeGeGeGeGeGe
   117899.6328125000 GeSiGeSiSiSiGeGeGeGeGeGeGeGeGeGeGeGeGeGeGeSiGeGeGeGeGeGeGeSiGeGeSiGeGeGeGeGeGeGeGeGeGeSiGeGeGeGeGeSiSiSiGeGeGeGeGeGeGeGe
   117899.6328125000 GeSiGeSiSiSiGeGeGeGeGeGeGeGeGeGeGeGeGeGeGeSiGeGeGeGeGeGeGeSiGeGeSiGeGeGeGeGeGeGeGeGeGeSiGeGeGeGeGeSiSiSiGeGeGeGeGeGeGeGe
   117899.6328125000 GeSiGeSiSiSiGeGeGeGeGeGeGeGeGeGeGeGeGeGeGeSiGeGeGeGeGeGeGeSiGeGeSiGeGeGeGeGeGeGeGeGeGeSiGeGeGeGeGeSiSiSiGeGeGeGeGeGeGeGe
   117899.6328125000 GeSiGeSiSiSiGeGeGeGeGeGeGeGeGeGeGeGeGeGeGeSiGeGeGeGeGeGeGeSiGeGeSiGeGeGeGeGeGeGeGeGeGeSiGeGeGeGeGeSiSiSiGeGeGeGeGeGeGeGe
   117899.6328125000 GeSiGeSiSiSiGeGeGeGeGeGeGeGeGeGeGeGeGeGeGeSiGeGeGeGeGeGeGeSiGeGeSiGeGeGeGeGeGeGeGeGeGeSiGeGeGeGeGeSiSiSiGeGeGeGeGeGeGeGe
   117899.6328125000 GeSiGeSiSiSiGeGeGeGeGeGeGeGeGeGeGeGeGeGeGeSiGeGeGeGeGeGeGeSiGeGeSiGeGeGeGeGeGeGeGeGeGeSiGeGeGeGeGeSiSiSiGeGeGeGeGeGeGeGe
   117899.6328125000 GeSiGeSiSiSiGeGeGeGeGeGeGeGeGeGeGeGeGeGeGeSiGeGeGeGeGeGeGeSiGeGeSiGeGeGeGeGeGeGeGeGeGeSiGeGeGeGeGeSiSiSiGeGeGeGeGeGeGeGe
   117899.6328125000 GeSiGeSiSiSiGeGeGeGeGeGeGeGeGeGeGeGeGeGeGeSiGeGeGeGeGeGeGeSiGeGeSiGeGeGeGeGeGeGeGeGeGeSiGeGeGeGeGeSiSiSiGeGeGeGeGeGeGeGe
   117899.6328125000 GeSiGeSiSiSiGeGeGeGeGeGeGeGeGeGeGeGeGeGeGeSiGeGeGeGeGeGeGeSiGeGeSiGeGeGeGeGeGeGeGeGeGeSiGeGeGeGeGeSiSiSiGeGeGeGeGeGeGeGe
   117899.6328125000 GeSiGeSiSiSiGeGeGeGeGeGeGeGeGeGeGeGeGeGeGeSiGeGeGeGeGeGeGeSiGeGeSiGeGeGeGeGeGeGeGeGeGeSiGeGeGeGeGeSiSiSiGeGeGeGeGeGeGeGe
   117899.6328125000 GeSiGeSiSiSiGeGeGeGeGeGeGeGeGeGeGeGeGeGeGeSiGeGeGeGeGeGeGeSiGeGeSiGeGeGeGeGeGeGeGeGeGeSiGeGeGeGeGeSiSiSiGeGeGeGeGeGeGeGe
   117899.6328125000 GeSiGeSiSiSiGeGeGeGeGeGeGeGeGeGeGeGeGeGeGeSiGeGeGeGeGeGeGeSiGeGeSiGeGeGeGeGeGeGeGeGeGeSiGeGeGeGeGeSiSiSiGeGeGeGeGeGeGeGe
   117899.6328125000 GeSiGeSiSiSiGeGeGeGeGeGeGeGeGeGeGeGeGeGeGeSiGeGeGeGeGeGeGeSiGeGeSiGeGeGeGeGeGeGeGeGeGeSiGeGeGeGeGeSiSiSiGeGeGeGeGeGeGeGe
   117899.6328125000 GeSiGeSiSiSiGeGeGeGeGeGeGeGeGeGeGeGeGeGeGeSiGeGeGeGeGeGeGeSiGeGeSiGeGeGeGeGeGeGeGeGeGeSiGeGeGeGeGeSiSiSiGeGeGeGeGeGeGeGe
   117899.6328125000 GeSiGeSiSiSiGeGeGeGeGeGeGeGeGeGeGeGeGeGeGeSiGeGeGeGeGeGeGeSiGeGeSiGeGeGeGeGeGeGeGeGeGeSiGeGeGeGeGeSiSiSiGeGeGeGeGeGeGeGe
   117899.6328125000 GeSiGeSiSiSiGeGeGeGeGeGeGeGeGeGeGeGeGeGeGeSiGeGeGeGeGeGeGeSiGeGeSiGeGeGeGeGeGeGeGeGeGeSiGeGeGeGeGeSiSiSiGeGeGeGeGeGeGeGe
   117899.6328125000 GeSiGeSiSiSiGeGeGeGeGeGeGeGeGeGeGeGeGeGeGeSiGeGeGeGeGeGeGeSiGeGeSiGeGeGeGeGeGeGeGeGeGeSiGeGeGeGeGeSiSiSiGeGeGeGeGeGeGeGe
   117899.6328125000 GeSiGeSiSiSiGeGeGeGeGeGeGeGeGeGeGeGeGeGeGeSiGeGeGeGeGeGeGeSiGeGeSiGeGeGeGeGeGeGeGeGeGeSiGeGeGeGeGeSiSiSiGeGeGeGeGeGeGeGe
   117899.6328125000 GeSiGeSiSiSiGeGeGeGeGeGeGeGeGeGeGeGeGeGeGeSiGeGeGeGeGeGeGeSiGeGeSiGeGeGeGeGeGeGeGeGeGeSiGeGeGeGeGeSiSiSiGeGeGeGeGeGeGeGe
   117899.6328125000 GeSiGeSiSiSiGeGeGeGeGeGeGeGeGeGeGeGeGeGeGeSiGeGeGeGeGeGeGeSiGeGeSiGeGeGeGeGeGeGeGeGeGeSiGeGeGeGeGeSiSiSiGeGeGeGeGeGeGeGe
   117899.6328125000 GeSiGeSiSiSiGeGeGeGeGeGeGeGeGeGeGeGeGeGeGeSiGeGeGeGeGeGeGeSiGeGeSiGeGeGeGeGeGeGeGeGeGeSiGeGeGeGeGeSiSiSiGeGeGeGeGeGeGeGe
   117899.6328125000 GeSiGeSiSiSiGeGeGeGeGeGeGeGeGeGeGeGeGeGeGeSiGeGeGeGeGeGeGeSiGeGeSiGeGeGeGeGeGeGeGeGeGeSiGeGeGeGeGeSiSiSiGeGeGeGeGeGeGeGe
   117899.6328125000 GeSiGeSiSiSiGeGeGeGeGeGeGeGeGeGeGeGeGeGeGeSiGeGeGeGeGeGeGeSiGeGeSiGeGeGeGeGeGeGeGeGeGeSiGeGeGeGeGeSiSiSiGeGeGeGeGeGeGeGe
   117899.6328125000 GeSiGeSiSiSiGeGeGeGeGeGeGeGeGeGeGeGeGeGeGeSiGeGeGeGeGeGeGeSiGeGeSiGeGeGeGeGeGeGeGeGeGeSiGeGeGeGeGeSiSiSiGeGeGeGeGeGeGeGe
   117899.6328125000 GeSiGeSiSiSiGeGeGeGeGeGeGeGeGeGeGeGeGeGeGeSiGeGeGeGeGeGeGeSiGeGeSiGeGeGeGeGeGeGeGeGeGeSiGeGeGeGeGeSiSiSiGeGeGeGeGeGeGeGe
   117899.6328125000 GeSiGeSiSiSiGeGeGeGeGeGeGeGeGeGeGeGeGeGeGeSiGeGeGeGeGeGeGeSiGeGeSiGeGeGeGeGeGeGeGeGeGeSiGeGeGeGeGeSiSiSiGeGeGeGeGeGeGeGe
   117899.6328125000 GeSiGeSiSiSiGeGeGeGeGeGeGeGeGeGeGeGeGeGeGeSiGeGeGeGeGeGeGeSiGeGeSiGeGeGeGeGeGeGeGeGeGeSiGeGeGeGeGeSiSiSiGeGeGeGeGeGeGeGe
   117899.6328125000 GeSiGeSiSiSiGeGeGeGeGeGeGeGeGeGeGeGeGeGeGeSiGeGeGeGeGeGeGeSiGeGeSiGeGeGeGeGeGeGeGeGeGeSiGeGeGeGeGeSiSiSiGeGeGeGeGeGeGeGe
   117899.6328125000 GeSiGeSiSiSiGeGeGeGeGeGeGeGeGeGeGeGeGeGeGeSiGeGeGeGeGeGeGeSiGeGeSiGeGeGeGeGeGeGeGeGeGeSiGeGeGeGeGeSiSiSiGeGeGeGeGeGeGeGe
   117899.6328125000 GeSiGeSiSiSiGeGeGeGeGeGeGeGeGeGeGeGeGeGeGeSiGeGeGeGeGeGeGeSiGeGeSiGeGeGeGeGeGeGeGeGeGeSiGeGeGeGeGeSiSiSiGeGeGeGeGeGeGeGe
   117899.6328125000 GeSiGeSiSiSiGeGeGeGeGeGeGeGeGeGeGeGeGeGeGeSiGeGeGeGeGeGeGeSiGeGeSiGeGeGeGeGeGeGeGeGeGeSiGeGeGeGeGeSiSiSiGeGeGeGeGeGeGeGe
   117899.6328125000 GeSiGeSiSiSiGeGeGeGeGeGeGeGeGeGeGeGeGeGeGeSiGeGeGeGeGeGeGeSiGeGeSiGeGeGeGeGeGeGeGeGeGeSiGeGeGeGeGeSiSiSiGeGeGeGeGeGeGeGe
   117899.6328125000 GeSiGeSiSiSiGeGeGeGeGeGeGeGeGeGeGeGeGeGeGeSiGeGeGeGeGeGeGeSiGeGeSiGeGeGeGeGeGeGeGeGeGeSiGeGeGeGeGeSiSiSiGeGeGeGeGeGeGeGe
   117899.6328125000 GeSiGeSiSiSiGeGeGeGeGeGeGeGeGeGeGeGeGeGeGeSiGeGeGeGeGeGeGeSiGeGeSiGeGeGeGeGeGeGeGeGeGeSiGeGeGeGeGeSiSiSiGeGeGeGeGeGeGeGe
   117899.6328125000 GeSiGeSiSiSiGeGeGeGeGeGeGeGeGeGeGeGeGeGeGeSiGeGeGeGeGeGeGeSiGeGeSiGeGeGeGeGeGeGeGeGeGeSiGeGeGeGeGeSiSiSiGeGeGeGeGeGeGeGe
   117899.6328125000 GeSiGeSiSiSiGeGeGeGeGeGeGeGeGeGeGeGeGeGeGeSiGeGeGeGeGeGeGeSiGeGeSiGeGeGeGeGeGeGeGeGeGeSiGeGeGeGeGeSiSiSiGeGeGeGeGeGeGeGe
   117899.6328125000 GeSiGeSiSiSiGeGeGeGeGeGeGeGeGeGeGeGeGeGeGeSiGeGeGeGeGeGeGeSiGeGeSiGeGeGeGeGeGeGeGeGeGeSiGeGeGeGeGeSiSiSiGeGeGeGeGeGeGeGe
   117899.6328125000 GeSiGeSiSiSiGeGeGeGeGeGeGeGeGeGeGeGeGeGeGeSiGeGeGeGeGeGeGeSiGeGeSiGeGeGeGeGeGeGeGeGeGeSiGeGeGeGeGeSiSiSiGeGeGeGeGeGeGeGe
   117899.6328125000 GeSiGeSiSiSiGeGeGeGeGeGeGeGeGeGeGeGeGeGeGeSiGeGeGeGeGeGeGeSiGeGeSiGeGeGeGeGeGeGeGeGeGeSiGeGeGeGeGeSiSiSiGeGeGeGeGeGeGeGe
   117899.6328125000 GeSiGeSiSiSiGeGeGeGeGeGeGeGeGeGeGeGeGeGeGeSiGeGeGeGeGeGeGeSiGeGeSiGeGeGeGeGeGeGeGeGeGeSiGeGeGeGeGeSiSiSiGeGeGeGeGeGeGeGe
   117899.6328125000 GeSiGeSiSiSiGeGeGeGeGeGeGeGeGeGeGeGeGeGeGeSiGeGeGeGeGeGeGeSiGeGeSiGeGeGeGeGeGeGeGeGeGeSiGeGeGeGeGeSiSiSiGeGeGeGeGeGeGeGe
   117899.6328125000 GeSiGeSiSiSiGeGeGeGeGeGeGeGeGeGeGeGeGeGeGeSiGeGeGeGeGeGeGeSiGeGeSiGeGeGeGeGeGeGeGeGeGeSiGeGeGeGeGeSiSiSiGeGeGeGeGeGeGeGe
   117899.6328125000 GeSiGeSiSiSiGeGeGeGeGeGeGeGeGeGeGeGeGeGeGeSiGeGeGeGeGeGeGeSiGeGeSiGeGeGeGeGeGeGeGeGeGeSiGeGeGeGeGeSiSiSiGeGeGeGeGeGeGeGe
   117899.6328125000 GeSiGeSiSiSiGeGeGeGeGeGeGeGeGeGeGeGeGeGeGeSiGeGeGeGeGeGeGeSiGeGeSiGeGeGeGeGeGeGeGeGeGeSiGeGeGeGeGeSiSiSiGeGeGeGeGeGeGeGe
   117899.6328125000 GeSiGeSiSiSiGeGeGeGeGeGeGeGeGeGeGeGeGeGeGeSiGeGeGeGeGeGeGeSiGeGeSiGeGeGeGeGeGeGeGeGeGeSiGeGeGeGeGeSiSiSiGeGeGeGeGeGeGeGe
   117899.6328125000 GeSiGeSiSiSiGeGeGeGeGeGeGeGeGeGeGeGeGeGeGeSiGeGeGeGeGeGeGeSiGeGeSiGeGeGeGeGeGeGeGeGeGeSiGeGeGeGeGeSiSiSiGeGeGeGeGeGeGeGe
   117899.6328125000 GeSiGeSiSiSiGeGeGeGeGeGeGeGeGeGeGeGeGeGeGeSiGeGeGeGeGeGeGeSiGeGeSiGeGeGeGeGeGeGeGeGeGeSiGeGeGeGeGeSiSiSiGeGeGeGeGeGeGeGe
   117899.6328125000 GeSiGeSiSiSiGeGeGeGeGeGeGeGeGeGeGeGeGeGeGeSiGeGeGeGeGeGeGeSiGeGeSiGeGeGeGeGeGeGeGeGeGeSiGeGeGeGeGeSiSiSiGeGeGeGeGeGeGeGe
   117899.6328125000 GeSiGeSiSiSiGeGeGeGeGeGeGeGeGeGeGeGeGeGeGeSiGeGeGeGeGeGeGeSiGeGeSiGeGeGeGeGeGeGeGeGeGeSiGeGeGeGeGeSiSiSiGeGeGeGeGeGeGeGe
   117899.6328125000 GeSiGeSiSiSiGeGeGeGeGeGeGeGeGeGeGeGeGeGeGeSiGeGeGeGeGeGeGeSiGeGeSiGeGeGeGeGeGeGeGeGeGeSiGeGeGeGeGeSiSiSiGeGeGeGeGeGeGeGe
   117899.6328125000 GeSiGeSiSiSiGeGeGeGeGeGeGeGeGeGeGeGeGeGeGeSiGeGeGeGeGeGeGeSiGeGeSiGeGeGeGeGeGeGeGeGeGeSiGeGeGeGeGeSiSiSiGeGeGeGeGeGeGeGe
   117899.6328125000 GeSiGeSiSiSiGeGeGeGeGeGeGeGeGeGeGeGeGeGeGeSiGeGeGeGeGeGeGeSiGeGeSiGeGeGeGeGeGeGeGeGeGeSiGeGeGeGeGeSiSiSiGeGeGeGeGeGeGeGe
   117899.6328125000 GeSiGeSiSiSiGeGeGeGeGeGeGeGeGeGeGeGeGeGeGeSiGeGeGeGeGeGeGeSiGeGeSiGeGeGeGeGeGeGeGeGeGeSiGeGeGeGeGeSiSiSiGeGeGeGeGeGeGeGe
   117899.6328125000 GeSiGeSiSiSiGeGeGeGeGeGeGeGeGeGeGeGeGeGeGeSiGeGeGeGeGeGeGeSiGeGeSiGeGeGeGeGeGeGeGeGeGeSiGeGeGeGeGeSiSiSiGeGeGeGeGeGeGeGe
   117899.6328125000 GeSiGeSiSiSiGeGeGeGeGeGeGeGeGeGeGeGeGeGeGeSiGeGeGeGeGeGeGeSiGeGeSiGeGeGeGeGeGeGeGeGeGeSiGeGeGeGeGeSiSiSiGeGeGeGeGeGeGeGe
   117899.6328125000 GeSiGeSiSiSiGeGeGeGeGeGeGeGeGeGeGeGeGeGeGeSiGeGeGeGeGeGeGeSiGeGeSiGeGeGeGeGeGeGeGeGeGeSiGeGeGeGeGeSiSiSiGeGeGeGeGeGeGeGe
   117899.6328125000 GeSiGeSiSiSiGeGeGeGeGeGeGeGeGeGeGeGeGeGeGeSiGeGeGeGeGeGeGeSiGeGeSiGeGeGeGeGeGeGeGeGeGeSiGeGeGeGeGeSiSiSiGeGeGeGeGeGeGeGe
   117899.6328125000 GeSiGeSiSiSiGeGeGeGeGeGeGeGeGeGeGeGeGeGeGeSiGeGeGeGeGeGeGeSiGeGeSiGeGeGeGeGeGeGeGeGeGeSiGeGeGeGeGeSiSiSiGeGeGeGeGeGeGeGe
   117899.6328125000 GeSiGeSiSiSiGeGeGeGeGeGeGeGeGeGeGeGeGeGeGeSiGeGeGeGeGeGeGeSiGeGeSiGeGeGeGeGeGeGeGeGeGeSiGeGeGeGeGeSiSiSiGeGeGeGeGeGeGeGe
   117899.6328125000 GeSiGeSiSiSiGeGeGeGeGeGeGeGeGeGeGeGeGeGeGeSiGeGeGeGeGeGeGeSiGeGeSiGeGeGeGeGeGeGeGeGeGeSiGeGeGeGeGeSiSiSiGeGeGeGeGeGeGeGe
   117899.6328125000 GeSiGeSiSiSiGeGeGeGeGeGeGeGeGeGeGeGeGeGeGeSiGeGeGeGeGeGeGeSiGeGeSiGeGeGeGeGeGeGeGeGeGeSiGeGeGeGeGeSiSiSiGeGeGeGeGeGeGeGe
   117899.6328125000 GeSiGeSiSiSiGeGeGeGeGeGeGeGeGeGeGeGeGeGeGeSiGeGeGeGeGeGeGeSiGeGeSiGeGeGeGeGeGeGeGeGeGeSiGeGeGeGeGeSiSiSiGeGeGeGeGeGeGeGe
   117899.6328125000 GeSiGeSiSiSiGeGeGeGeGeGeGeGeGeGeGeGeGeGeGeSiGeGeGeGeGeGeGeSiGeGeSiGeGeGeGeGeGeGeGeGeGeSiGeGeGeGeGeSiSiSiGeGeGeGeGeGeGeGe
   117899.6328125000 GeSiGeSiSiSiGeGeGeGeGeGeGeGeGeGeGeGeGeGeGeSiGeGeGeGeGeGeGeSiGeGeSiGeGeGeGeGeGeGeGeGeGeSiGeGeGeGeGeSiSiSiGeGeGeGeGeGeGeGe
   117899.6328125000 GeSiGeSiSiSiGeGeGeGeGeGeGeGeGeGeGeGeGeGeGeSiGeGeGeGeGeGeGeSiGeGeSiGeGeGeGeGeGeGeGeGeGeSiGeGeGeGeGeSiSiSiGeGeGeGeGeGeGeGe
   117899.6328125000 GeSiGeSiSiSiGeGeGeGeGeGeGeGeGeGeGeGeGeGeGeSiGeGeGeGeGeGeGeSiGeGeSiGeGeGeGeGeGeGeGeGeGeSiGeGeGeGeGeSiSiSiGeGeGeGeGeGeGeGe
   117899.6328125000 GeSiGeSiSiSiGeGeGeGeGeGeGeGeGeGeGeGeGeGeGeSiGeGeGeGeGeGeGeSiGeGeSiGeGeGeGeGeGeGeGeGeGeSiGeGeGeGeGeSiSiSiGeGeGeGeGeGeGeGe
   117899.6328125000 GeSiGeSiSiSiGeGeGeGeGeGeGeGeGeGeGeGeGeGeGeSiGeGeGeGeGeGeGeSiGeGeSiGeGeGeGeGeGeGeGeGeGeSiGeGeGeGeGeSiSiSiGeGeGeGeGeGeGeGe
   117899.6328125000 GeSiGeSiSiSiGeGeGeGeGeGeGeGeGeGeGeGeGeGeGeSiGeGeGeGeGeGeGeSiGeGeSiGeGeGeGeGeGeGeGeGeGeSiGeGeGeGeGeSiSiSiGeGeGeGeGeGeGeGe
   117899.6328125000 GeSiGeSiSiSiGeGeGeGeGeGeGeGeGeGeGeGeGeGeGeSiGeGeGeGeGeGeGeSiGeGeSiGeGeGeGeGeGeGeGeGeGeSiGeGeGeGeGeSiSiSiGeGeGeGeGeGeGeGe
   117899.6328125000 GeSiGeSiSiSiGeGeGeGeGeGeGeGeGeGeGeGeGeGeGeSiGeGeGeGeGeGeGeSiGeGeSiGeGeGeGeGeGeGeGeGeGeSiGeGeGeGeGeSiSiSiGeGeGeGeGeGeGeGe
   117899.6328125000 GeSiGeSiSiSiGeGeGeGeGeGeGeGeGeGeGeGeGeGeGeSiGeGeGeGeGeGeGeSiGeGeSiGeGeGeGeGeGeGeGeGeGeSiGeGeGeGeGeSiSiSiGeGeGeGeGeGeGeGe
   117899.6328125000 GeSiGeSiSiSiGeGeGeGeGeGeGeGeGeGeGeGeGeGeGeSiGeGeGeGeGeGeGeSiGeGeSiGeGeGeGeGeGeGeGeGeGeSiGeGeGeGeGeSiSiSiGeGeGeGeGeGeGeGe
   117899.6328125000 GeSiGeSiSiSiGeGeGeGeGeGeGeGeGeGeGeGeGeGeGeSiGeGeGeGeGeGeGeSiGeGeSiGeGeGeGeGeGeGeGeGeGeSiGeGeGeGeGeSiSiSiGeGeGeGeGeGeGeGe
   117899.6328125000 GeSiGeSiSiSiGeGeGeGeGeGeGeGeGeGeGeGeGeGeGeSiGeGeGeGeGeGeGeSiGeGeSiGeGeGeGeGeGeGeGeGeGeSiGeGeGeGeGeSiSiSiGeGeGeGeGeGeGeGe
   117899.6328125000 GeSiGeSiSiSiGeGeGeGeGeGeGeGeGeGeGeGeGeGeGeSiGeGeGeGeGeGeGeSiGeGeSiGeGeGeGeGeGeGeGeGeGeSiGeGeGeGeGeSiSiSiGeGeGeGeGeGeGeGe
   117899.6328125000 GeSiGeSiSiSiGeGeGeGeGeGeGeGeGeGeGeGeGeGeGeSiGeGeGeGeGeGeGeSiGeGeSiGeGeGeGeGeGeGeGeGeGeSiGeGeGeGeGeSiSiSiGeGeGeGeGeGeGeGe
   117899.6328125000 GeSiGeSiSiSiGeGeGeGeGeGeGeGeGeGeGeGeGeGeGeSiGeGeGeGeGeGeGeSiGeGeSiGeGeGeGeGeGeGeGeGeGeSiGeGeGeGeGeSiSiSiGeGeGeGeGeGeGeGe
   117899.6328125000 GeSiGeSiSiSiGeGeGeGeGeGeGeGeGeGeGeGeGeGeGeSiGeGeGeGeGeGeGeSiGeGeSiGeGeGeGeGeGeGeGeGeGeSiGeGeGeGeGeSiSiSiGeGeGeGeGeGeGeGe
filename: c000001121278843.gin     
Cell:
    11.9020996    11.9020996    29.6919994    90.0000000    90.0000000   120.0000000
Box:
    11.9020996    -5.9510503     0.0000000
     0.0000000    10.3075209     0.0000000
     0.0000000     0.0000000    29.6919994
----------------------------------------
Inverse Box:
     0.0840188     0.0485083     0.0000000
     0.0000000     0.0970165     0.0000000
     0.0000000     0.0000000     0.0336791
----------------------------------------
==============================================
geometrical properties of  49 Ge:
 Configuration:           0
 D_ave:   9.09912109       3.56876516    
 D_min:   3.01445127       2.15729699E-02
 energia:   117899.633    
