Random Seed:  1074290531
Number of atoms:    60
Space Group:    1
Cell:
    11.9020996    11.9020996    29.6919994    90.0000000    90.0000000   120.0000000
Box:
    11.9020996    -5.9510503     0.0000000
     0.0000000    10.3075209     0.0000000
     0.0000000     0.0000000    29.6919994
----------------------------------------
Inverse Box:
     0.0840188     0.0485083     0.0000000
     0.0000000     0.0970165     0.0000000
     0.0000000     0.0000000     0.0336791
----------------------------------------
GeSiSiSiSiSiSiSiSiSiSiSiSiSiSiSiSiSiSiSiSiSiSiGeSiSiSiSiSiSiSiSiSiSiSiSiSiSiSiSiSiSiSiSiSiSiSiSiSiSiSiSiSiSiSiSiSiSiSiSi
           1 Ge    -7733.83350    
GeGeSiSiSiSiSiSiSiSiSiSiSiSiSiSiSiSiSiSiSiSiSiGeSiSiSiSiSiSiSiSiSiSiSiSiSiSiSiSiSiSiSiSiSiSiSiSiSiSiSiSiSiSiSiSiSiSiSiSi
           2 Ge    -7727.67090    
GeGeGeSiSiSiSiSiSiSiSiSiSiSiSiSiSiSiSiSiSiSiSiGeSiSiSiSiSiSiSiSiSiSiSiSiSiSiSiSiSiSiSiSiSiSiSiSiSiSiSiSiSiSiSiSiSiSiSiSi
           3 Ge    -7721.70801    
GeGeGeGeSiSiSiSiSiSiSiSiSiSiSiSiSiSiSiSiSiSiSiGeSiSiSiSiSiSiSiSiSiSiSiSiSiSiSiSiSiSiSiSiSiSiSiSiSiSiSiSiSiSiSiSiSiSiSiSi
           4 Ge    -7747.54541    
GeGeGeGeGeSiSiSiSiSiSiSiSiSiSiSiSiSiSiSiSiSiSiGeSiSiSiSiSiSiSiSiSiSiSiSiSiSiSiSiSiSiSiSiSiSiSiSiSiSiSiSiSiSiSiSiSiSiSiSi
           5 Ge    -7791.85498    
GeGeGeGeGeGeSiSiSiSiSiSiSiSiSiSiSiSiSiSiSiSiSiGeSiSiSiSiSiSiSiSiSiSiSiSiSiSiSiSiSiSiSiSiSiSiSiSiSiSiSiSiSiSiSiSiSiSiSiSi
           6 Ge    -7855.87158    
GeGeGeGeGeGeGeSiSiSiSiSiSiSiSiSiSiSiSiSiSiSiSiGeSiSiSiSiSiSiSiSiSiSiSiSiSiSiSiSiSiSiSiSiSiSiSiSiSiSiSiSiSiSiSiSiSiSiSiSi
           7 Ge    -8018.19092    
GeGeGeGeGeGeGeSiSiSiSiGeSiSiSiSiSiSiSiSiSiSiSiGeSiSiSiSiSiSiSiSiSiSiSiSiSiSiSiSiSiSiSiSiSiSiSiSiSiSiSiSiSiSiSiSiSiSiSiSi
          12 Ge    -7794.36719    
GeGeGeGeGeGeGeSiSiSiSiGeSiSiSiGeSiSiSiSiSiSiSiGeSiSiSiSiSiSiSiSiSiSiSiSiSiSiSiSiSiSiSiSiSiSiSiSiSiSiSiSiSiSiSiSiSiSiSiSi
          16 Ge    -8091.55127    
GeGeGeGeGeGeGeSiSiSiSiGeSiSiSiGeSiSiSiSiSiSiSiGeSiGeSiSiSiSiSiSiSiSiSiSiSiSiSiSiSiSiSiSiSiSiSiSiSiSiSiSiSiSiSiSiSiSiSiSi
          26 Ge    -6638.87256    
GeGeGeGeGeGeGeSiSiSiSiGeSiSiSiGeSiSiSiSiSiSiSiGeSiGeSiSiSiGeSiSiSiSiSiSiSiSiSiSiSiSiSiSiSiSiSiSiSiSiSiSiSiSiSiSiSiSiSiSi
          30 Ge    -6551.74072    
GeGeGeGeGeGeGeSiSiSiSiGeSiSiSiGeSiSiSiSiSiSiSiGeSiGeSiSiSiGeSiSiGeSiSiSiSiSiSiSiSiSiSiSiSiSiSiSiSiSiSiSiSiSiSiSiSiSiSiSi
          33 Ge    -6997.65332    
GeGeGeGeGeGeGeSiSiSiSiGeSiSiSiGeSiSiSiSiSiSiSiGeSiGeSiSiSiGeSiSiGeSiSiGeSiSiSiSiSiSiSiSiSiSiSiSiSiSiSiSiSiSiSiSiSiSiSiSi
          36 Ge    -6309.51074    
GeGeGeGeGeGeGeSiSiSiSiGeSiSiSiGeSiSiSiSiSiSiSiGeSiGeSiSiSiGeSiSiGeSiSiGeSiSiGeSiSiSiSiSiSiSiSiSiSiSiSiSiSiSiSiSiSiSiSiSi
          39 Ge    -6855.57861    
GeGeGeGeGeGeGeSiSiSiSiGeSiSiSiGeSiSiSiSiSiSiSiGeSiGeSiSiSiGeSiSiGeSiSiGeSiSiGeGeSiSiSiSiSiSiSiSiSiSiSiSiSiSiSiSiSiSiSiSi
          40 Ge    -6956.89355    
GeGeGeGeGeGeGeSiSiSiSiGeSiSiSiGeSiSiSiSiSiSiSiGeSiGeSiSiSiGeSiSiGeSiSiGeSiSiGeGeSiGeSiSiSiSiSiSiSiSiSiSiSiSiSiSiSiSiSiSi
          42 Ge    -4947.17725    
GeGeGeGeGeGeGeSiSiSiSiGeSiSiSiGeSiSiSiSiSiSiSiGeSiGeSiSiSiGeSiSiGeSiSiGeSiSiGeGeSiGeSiSiGeSiSiSiSiSiSiSiSiSiSiSiSiSiSiSi
          45 Ge    -5363.51514    
GeGeGeGeGeGeGeSiSiSiSiGeSiSiSiGeSiSiSiSiSiSiSiGeSiGeSiSiSiGeSiSiGeSiSiGeSiSiGeGeSiGeSiSiGeGeSiSiSiSiSiSiSiSiSiSiSiSiSiSi
          46 Ge    -5846.26465    
GeGeGeGeGeGeGeSiSiSiSiGeSiSiSiGeSiSiSiSiSiSiSiGeSiGeSiSiSiGeSiSiGeSiSiGeSiSiGeGeSiGeSiSiGeGeSiSiSiSiSiSiSiSiSiSiGeSiSiSi
          57 Ge    -6897.24561    
GeGeGeGeGeGeGeGeSiSiSiGeSiSiSiGeSiSiSiSiSiSiSiGeSiGeSiSiSiGeSiSiGeSiSiGeSiSiGeGeSiGeSiSiGeGeSiSiSiSiSiSiSiSiSiSiGeSiSiSi
           8 Ge    -7591.50146    
GeGeGeGeGeGeGeGeSiGeSiGeSiSiSiGeSiSiSiSiSiSiSiGeSiGeSiSiSiGeSiSiGeSiSiGeSiSiGeGeSiGeSiSiGeGeSiSiSiSiSiSiSiSiSiSiGeSiSiSi
          10 Ge    -7042.16211    
GeGeGeGeGeGeGeGeSiGeGeGeSiSiSiGeSiSiSiSiSiSiSiGeSiGeSiSiSiGeSiSiGeSiSiGeSiSiGeGeSiGeSiSiGeGeSiSiSiSiSiSiSiSiSiSiGeSiSiSi
          11 Ge    -7905.58545    
GeGeGeGeGeGeGeGeSiGeGeGeGeSiSiGeSiSiSiSiSiSiSiGeSiGeSiSiSiGeSiSiGeSiSiGeSiSiGeGeSiGeSiSiGeGeSiSiSiSiSiSiSiSiSiSiGeSiSiSi
          13 Ge    -6306.66553    
GeGeGeGeGeGeGeGeSiGeGeGeGeGeSiGeSiSiSiSiSiSiSiGeSiGeSiSiSiGeSiSiGeSiSiGeSiSiGeGeSiGeSiSiGeGeSiSiSiSiSiSiSiSiSiSiGeSiSiSi
          14 Ge    -987.483887    
GeGeGeGeGeGeGeGeSiGeGeGeGeGeGeGeSiSiSiSiSiSiSiGeSiGeSiSiSiGeSiSiGeSiSiGeSiSiGeGeSiGeSiSiGeGeSiSiSiSiSiSiSiSiSiSiGeSiSiSi
          15 Ge     773.902344    
GeGeGeGeGeGeGeGeSiGeGeGeGeGeGeGeSiSiSiSiSiSiGeGeSiGeSiSiSiGeSiSiGeSiSiGeSiSiGeGeSiGeSiSiGeGeSiSiSiSiSiSiSiSiSiSiGeSiSiSi
          23 Ge     5267.60107    
GeGeGeGeGeGeGeGeSiGeGeGeGeGeGeGeSiSiSiSiSiSiGeGeSiGeSiGeSiGeSiSiGeSiSiGeSiSiGeGeSiGeSiSiGeGeSiSiSiSiSiSiSiSiSiSiGeSiSiSi
          28 Ge     8488.70703    
GeGeGeGeGeGeGeGeSiGeGeGeGeGeGeGeSiSiSiSiSiSiGeGeSiGeSiGeSiGeSiSiGeSiSiGeSiSiGeGeSiGeSiGeGeGeSiSiSiSiSiSiSiSiSiSiGeSiSiSi
          44 Ge     9690.25391    
GeGeGeGeGeGeGeGeSiGeGeGeGeGeGeGeSiSiSiSiSiSiGeGeSiGeSiGeSiGeSiSiGeSiSiGeSiSiGeGeSiGeSiGeGeGeSiSiSiSiGeSiSiSiSiSiGeSiSiSi
          51 Ge     9491.10156    
GeGeGeGeGeGeGeGeSiGeGeGeGeGeGeGeSiSiSiSiSiSiGeGeSiGeSiGeSiGeSiSiGeSiSiGeSiSiGeGeSiGeSiGeGeGeSiSiSiSiGeSiSiSiSiSiGeGeSiSi
          58 Ge     12607.1953    
GeGeGeGeGeGeGeGeGeGeGeGeGeGeGeGeSiSiSiSiSiSiGeGeSiGeSiGeSiGeSiSiGeSiSiGeSiSiGeGeSiGeSiGeGeGeSiSiSiSiGeSiSiSiSiSiGeGeSiSi
           9 Ge     16611.2051    
GeGeGeGeGeGeGeGeGeGeGeGeGeGeGeGeGeSiSiSiSiSiGeGeSiGeSiGeSiGeSiSiGeSiSiGeSiSiGeGeSiGeSiGeGeGeSiSiSiSiGeSiSiSiSiSiGeGeSiSi
          17 Ge     22356.9941    
GeGeGeGeGeGeGeGeGeGeGeGeGeGeGeGeGeGeSiSiSiSiGeGeSiGeSiGeSiGeSiSiGeSiSiGeSiSiGeGeSiGeSiGeGeGeSiSiSiSiGeSiSiSiSiSiGeGeSiSi
          18 Ge     26729.0645    
GeGeGeGeGeGeGeGeGeGeGeGeGeGeGeGeGeGeSiSiGeSiGeGeSiGeSiGeSiGeSiSiGeSiSiGeSiSiGeGeSiGeSiGeGeGeSiSiSiSiGeSiSiSiSiSiGeGeSiSi
          21 Ge     38059.0469    
GeGeGeGeGeGeGeGeGeGeGeGeGeGeGeGeGeGeSiSiGeGeGeGeSiGeSiGeSiGeSiSiGeSiSiGeSiSiGeGeSiGeSiGeGeGeSiSiSiSiGeSiSiSiSiSiGeGeSiSi
          22 Ge     47819.5234    
GeGeGeGeGeGeGeGeGeGeGeGeGeGeGeGeGeGeSiSiGeGeGeGeSiGeSiGeSiGeGeSiGeSiSiGeSiSiGeGeSiGeSiGeGeGeSiSiSiSiGeSiSiSiSiSiGeGeSiSi
          31 Ge     52918.4766    
GeGeGeGeGeGeGeGeGeGeGeGeGeGeGeGeGeGeSiSiGeGeGeGeSiGeSiGeSiGeGeGeGeSiSiGeSiSiGeGeSiGeSiGeGeGeSiSiSiSiGeSiSiSiSiSiGeGeSiSi
          32 Ge     58833.3984    
GeGeGeGeGeGeGeGeGeGeGeGeGeGeGeGeGeGeSiSiGeGeGeGeSiGeSiGeSiGeGeGeGeSiSiGeSiSiGeGeSiGeSiGeGeGeSiSiGeSiGeSiSiSiSiSiGeGeSiSi
          49 Ge     69222.8984    
GeGeGeGeGeGeGeGeGeGeGeGeGeGeGeGeGeGeSiSiGeGeGeGeSiGeSiGeSiGeGeGeGeSiSiGeSiSiGeGeSiGeSiGeGeGeSiSiGeSiGeSiGeSiSiSiGeGeSiSi
          53 Ge     73952.0391    
GeGeGeGeGeGeGeGeGeGeGeGeGeGeGeGeGeGeSiSiGeGeGeGeSiGeSiGeSiGeGeGeGeSiSiGeSiSiGeGeSiGeSiGeGeGeSiSiGeSiGeSiGeSiGeSiGeGeSiSi
          55 Ge     75657.1094    
GeGeGeGeGeGeGeGeGeGeGeGeGeGeGeGeGeGeSiSiGeGeGeGeGeGeSiGeSiGeGeGeGeSiSiGeSiSiGeGeSiGeSiGeGeGeSiSiGeSiGeSiGeSiGeSiGeGeSiSi
          25 Ge     93578.3594    
GeGeGeGeGeGeGeGeGeGeGeGeGeGeGeGeGeGeSiSiGeGeGeGeGeGeGeGeSiGeGeGeGeSiSiGeSiSiGeGeSiGeSiGeGeGeSiSiGeSiGeSiGeSiGeSiGeGeSiSi
          27 Ge     104838.375    
GeGeGeGeGeGeGeGeGeGeGeGeGeGeGeGeGeGeSiSiGeGeGeGeGeGeGeGeSiGeGeGeGeSiSiGeSiGeGeGeSiGeSiGeGeGeSiSiGeSiGeSiGeSiGeSiGeGeSiSi
          38 Ge     111866.797    
GeGeGeGeGeGeGeGeGeGeGeGeGeGeGeGeGeGeSiSiGeGeGeGeGeGeGeGeSiGeGeGeGeSiSiGeSiGeGeGeSiGeSiGeGeGeSiSiGeSiGeSiGeSiGeGeGeGeSiSi
          56 Ge     120311.352    
GeGeGeGeGeGeGeGeGeGeGeGeGeGeGeGeGeGeSiSiGeGeGeGeGeGeGeGeGeGeGeGeGeSiSiGeSiGeGeGeSiGeSiGeGeGeSiSiGeSiGeSiGeSiGeGeGeGeSiSi
          29 Ge     137848.969    
GeGeGeGeGeGeGeGeGeGeGeGeGeGeGeGeGeGeSiSiGeGeGeGeGeGeGeGeGeGeGeGeGeGeSiGeSiGeGeGeSiGeSiGeGeGeSiSiGeSiGeSiGeSiGeGeGeGeSiSi
          34 Ge     159447.656    
GeGeGeGeGeGeGeGeGeGeGeGeGeGeGeGeGeGeSiSiGeGeGeGeGeGeGeGeGeGeGeGeGeGeSiGeGeGeGeGeSiGeSiGeGeGeSiSiGeSiGeSiGeSiGeGeGeGeSiSi
          37 Ge     186302.781    
GeGeGeGeGeGeGeGeGeGeGeGeGeGeGeGeGeGeSiSiGeGeGeGeGeGeGeGeGeGeGeGeGeGeSiGeGeGeGeGeGeGeSiGeGeGeSiSiGeSiGeSiGeSiGeGeGeGeSiSi
          41 Ge     215157.844    
==============================================
MonteCarlo: Metropolis with identity changes
Si > Ge, Ge > Si. STOP when occurrence <    0.00000
==============================================
Cost_function     Occurrence %     Scan-Cost
   136900.7812500000 GeGeSiGeGeGeGeSiGeGeSiSiGeGeGeGeGeGeSiGeSiGeGeGeGeGeGeGeGeSiGeGeGeGeGeGeGeGeGeGeGeGeGeGeGeGeGeGeGeSiGeGeGeGeGeSiGeSiGeSi
   136900.7812500000 GeGeSiGeGeGeGeSiGeGeSiSiGeGeGeGeGeGeSiGeSiGeGeGeGeGeGeGeGeSiGeGeGeGeGeGeGeGeGeGeGeGeGeGeGeGeGeGeGeSiGeGeGeGeGeSiGeSiGeSi
   136900.7812500000 GeGeSiGeGeGeGeSiGeGeSiSiGeGeGeGeGeGeSiGeSiGeGeGeGeGeGeGeGeSiGeGeGeGeGeGeGeGeGeGeGeGeGeGeGeGeGeGeGeSiGeGeGeGeGeSiGeSiGeSi
   131864.0156250000 GeSiGeGeGeSiGeSiGeSiGeGeGeGeGeGeGeGeGeGeGeGeGeSiGeGeSiGeGeGeGeSiGeGeGeSiGeGeGeGeGeGeGeGeGeGeGeGeSiGeSiGeGeSiGeGeGeGeGeGe
   131864.0156250000 GeSiGeGeGeSiGeSiGeSiGeGeGeGeGeGeGeGeGeGeGeGeGeSiGeGeSiGeGeGeGeSiGeGeGeSiGeGeGeGeGeGeGeGeGeGeGeGeSiGeSiGeGeSiGeGeGeGeGeGe
   122943.5000000000 GeSiSiGeGeSiGeSiGeSiGeGeGeGeGeGeGeGeGeGeGeGeGeGeGeGeSiGeGeGeGeSiGeGeGeSiGeGeGeGeGeGeGeGeGeGeGeGeSiGeGeGeGeSiGeGeGeGeSiGe
   122943.5000000000 GeSiSiGeGeSiGeSiGeSiGeGeGeGeGeGeGeGeGeGeGeGeGeGeGeGeSiGeGeGeGeSiGeGeGeSiGeGeGeGeGeGeGeGeGeGeGeGeSiGeGeGeGeSiGeGeGeGeSiGe
   122943.5000000000 GeSiSiGeGeSiGeSiGeSiGeGeGeGeGeGeGeGeGeGeGeGeGeGeGeGeSiGeGeGeGeSiGeGeGeSiGeGeGeGeGeGeGeGeGeGeGeGeSiGeGeGeGeSiGeGeGeGeSiGe
   122943.5000000000 GeSiSiGeGeSiGeSiGeSiGeGeGeGeGeGeGeGeGeGeGeGeGeGeGeGeSiGeGeGeGeSiGeGeGeSiGeGeGeGeGeGeGeGeGeGeGeGeSiGeGeGeGeSiGeGeGeGeSiGe
   122675.1171875000 GeSiSiGeGeGeGeSiGeSiGeGeGeGeGeGeGeGeGeGeGeGeGeGeGeGeSiGeGeGeGeSiGeGeGeSiGeGeGeGeGeGeGeGeGeGeGeGeSiGeGeGeGeSiGeGeSiGeSiGe
   122675.1171875000 GeSiSiGeGeGeGeSiGeSiGeGeGeGeGeGeGeGeGeGeGeGeGeGeGeGeSiGeGeGeGeSiGeGeGeSiGeGeGeGeGeGeGeGeGeGeGeGeSiGeGeGeGeSiGeGeSiGeSiGe
   122675.1171875000 GeSiSiGeGeGeGeSiGeSiGeGeGeGeGeGeGeGeGeGeGeGeGeGeGeGeSiGeGeGeGeSiGeGeGeSiGeGeGeGeGeGeGeGeGeGeGeGeSiGeGeGeGeSiGeGeSiGeSiGe
   122675.1171875000 GeSiSiGeGeGeGeSiGeSiGeGeGeGeGeGeGeGeGeGeGeGeGeGeGeGeSiGeGeGeGeSiGeGeGeSiGeGeGeGeGeGeGeGeGeGeGeGeSiGeGeGeGeSiGeGeSiGeSiGe
   122675.1171875000 GeSiSiGeGeGeGeSiGeSiGeGeGeGeGeGeGeGeGeGeGeGeGeGeGeGeSiGeGeGeGeSiGeGeGeSiGeGeGeGeGeGeGeGeGeGeGeGeSiGeGeGeGeSiGeGeSiGeSiGe
   122675.1171875000 GeSiSiGeGeGeGeSiGeSiGeGeGeGeGeGeGeGeGeGeGeGeGeGeGeGeSiGeGeGeGeSiGeGeGeSiGeGeGeGeGeGeGeGeGeGeGeGeSiGeGeGeGeSiGeGeSiGeSiGe
   122675.1171875000 GeSiSiGeGeGeGeSiGeSiGeGeGeGeGeGeGeGeGeGeGeGeGeGeGeGeSiGeGeGeGeSiGeGeGeSiGeGeGeGeGeGeGeGeGeGeGeGeSiGeGeGeGeSiGeGeSiGeSiGe
   122675.1171875000 GeSiSiGeGeGeGeSiGeSiGeGeGeGeGeGeGeGeGeGeGeGeGeGeGeGeSiGeGeGeGeSiGeGeGeSiGeGeGeGeGeGeGeGeGeGeGeGeSiGeGeGeGeSiGeGeSiGeSiGe
   122675.1171875000 GeSiSiGeGeGeGeSiGeSiGeGeGeGeGeGeGeGeGeGeGeGeGeGeGeGeSiGeGeGeGeSiGeGeGeSiGeGeGeGeGeGeGeGeGeGeGeGeSiGeGeGeGeSiGeGeSiGeSiGe
   122675.1171875000 GeSiSiGeGeGeGeSiGeSiGeGeGeGeGeGeGeGeGeGeGeGeGeGeGeGeSiGeGeGeGeSiGeGeGeSiGeGeGeGeGeGeGeGeGeGeGeGeSiGeGeGeGeSiGeGeSiGeSiGe
   122675.1171875000 GeSiSiGeGeGeGeSiGeSiGeGeGeGeGeGeGeGeGeGeGeGeGeGeGeGeSiGeGeGeGeSiGeGeGeSiGeGeGeGeGeGeGeGeGeGeGeGeSiGeGeGeGeSiGeGeSiGeSiGe
   122675.1171875000 GeSiSiGeGeGeGeSiGeSiGeGeGeGeGeGeGeGeGeGeGeGeGeGeGeGeSiGeGeGeGeSiGeGeGeSiGeGeGeGeGeGeGeGeGeGeGeGeSiGeGeGeGeSiGeGeSiGeSiGe
   122675.1171875000 GeSiSiGeGeGeGeSiGeSiGeGeGeGeGeGeGeGeGeGeGeGeGeGeGeGeSiGeGeGeGeSiGeGeGeSiGeGeGeGeGeGeGeGeGeGeGeGeSiGeGeGeGeSiGeGeSiGeSiGe
   122675.1171875000 GeSiSiGeGeGeGeSiGeSiGeGeGeGeGeGeGeGeGeGeGeGeGeGeGeGeSiGeGeGeGeSiGeGeGeSiGeGeGeGeGeGeGeGeGeGeGeGeSiGeGeGeGeSiGeGeSiGeSiGe
   122675.1171875000 GeSiSiGeGeGeGeSiGeSiGeGeGeGeGeGeGeGeGeGeGeGeGeGeGeGeSiGeGeGeGeSiGeGeGeSiGeGeGeGeGeGeGeGeGeGeGeGeSiGeGeGeGeSiGeGeSiGeSiGe
   122675.1171875000 GeSiSiGeGeGeGeSiGeSiGeGeGeGeGeGeGeGeGeGeGeGeGeGeGeGeSiGeGeGeGeSiGeGeGeSiGeGeGeGeGeGeGeGeGeGeGeGeSiGeGeGeGeSiGeGeSiGeSiGe
   122675.1171875000 GeSiSiGeGeGeGeSiGeSiGeGeGeGeGeGeGeGeGeGeGeGeGeGeGeGeSiGeGeGeGeSiGeGeGeSiGeGeGeGeGeGeGeGeGeGeGeGeSiGeGeGeGeSiGeGeSiGeSiGe
   122675.1171875000 GeSiSiGeGeGeGeSiGeSiGeGeGeGeGeGeGeGeGeGeGeGeGeGeGeGeSiGeGeGeGeSiGeGeGeSiGeGeGeGeGeGeGeGeGeGeGeGeSiGeGeGeGeSiGeGeSiGeSiGe
   122675.1171875000 GeSiSiGeGeGeGeSiGeSiGeGeGeGeGeGeGeGeGeGeGeGeGeGeGeGeSiGeGeGeGeSiGeGeGeSiGeGeGeGeGeGeGeGeGeGeGeGeSiGeGeGeGeSiGeGeSiGeSiGe
   122675.1171875000 GeSiSiGeGeGeGeSiGeSiGeGeGeGeGeGeGeGeGeGeGeGeGeGeGeGeSiGeGeGeGeSiGeGeGeSiGeGeGeGeGeGeGeGeGeGeGeGeSiGeGeGeGeSiGeGeSiGeSiGe
   122675.1171875000 GeSiSiGeGeGeGeSiGeSiGeGeGeGeGeGeGeGeGeGeGeGeGeGeGeGeSiGeGeGeGeSiGeGeGeSiGeGeGeGeGeGeGeGeGeGeGeGeSiGeGeGeGeSiGeGeSiGeSiGe
   122675.1171875000 GeSiSiGeGeGeGeSiGeSiGeGeGeGeGeGeGeGeGeGeGeGeGeGeGeGeSiGeGeGeGeSiGeGeGeSiGeGeGeGeGeGeGeGeGeGeGeGeSiGeGeGeGeSiGeGeSiGeSiGe
   122675.1171875000 GeSiSiGeGeGeGeSiGeSiGeGeGeGeGeGeGeGeGeGeGeGeGeGeGeGeSiGeGeGeGeSiGeGeGeSiGeGeGeGeGeGeGeGeGeGeGeGeSiGeGeGeGeSiGeGeSiGeSiGe
   122675.1171875000 GeSiSiGeGeGeGeSiGeSiGeGeGeGeGeGeGeGeGeGeGeGeGeGeGeGeSiGeGeGeGeSiGeGeGeSiGeGeGeGeGeGeGeGeGeGeGeGeSiGeGeGeGeSiGeGeSiGeSiGe
   122675.1171875000 GeSiSiGeGeGeGeSiGeSiGeGeGeGeGeGeGeGeGeGeGeGeGeGeGeGeSiGeGeGeGeSiGeGeGeSiGeGeGeGeGeGeGeGeGeGeGeGeSiGeGeGeGeSiGeGeSiGeSiGe
   122675.1171875000 GeSiSiGeGeGeGeSiGeSiGeGeGeGeGeGeGeGeGeGeGeGeGeGeGeGeSiGeGeGeGeSiGeGeGeSiGeGeGeGeGeGeGeGeGeGeGeGeSiGeGeGeGeSiGeGeSiGeSiGe
   122675.1171875000 GeSiSiGeGeGeGeSiGeSiGeGeGeGeGeGeGeGeGeGeGeGeGeGeGeGeSiGeGeGeGeSiGeGeGeSiGeGeGeGeGeGeGeGeGeGeGeGeSiGeGeGeGeSiGeGeSiGeSiGe
   122675.1171875000 GeSiSiGeGeGeGeSiGeSiGeGeGeGeGeGeGeGeGeGeGeGeGeGeGeGeSiGeGeGeGeSiGeGeGeSiGeGeGeGeGeGeGeGeGeGeGeGeSiGeGeGeGeSiGeGeSiGeSiGe
   122675.1171875000 GeSiSiGeGeGeGeSiGeSiGeGeGeGeGeGeGeGeGeGeGeGeGeGeGeGeSiGeGeGeGeSiGeGeGeSiGeGeGeGeGeGeGeGeGeGeGeGeSiGeGeGeGeSiGeGeSiGeSiGe
   122675.1171875000 GeSiSiGeGeGeGeSiGeSiGeGeGeGeGeGeGeGeGeGeGeGeGeGeGeGeSiGeGeGeGeSiGeGeGeSiGeGeGeGeGeGeGeGeGeGeGeGeSiGeGeGeGeSiGeGeSiGeSiGe
   122675.1171875000 GeSiSiGeGeGeGeSiGeSiGeGeGeGeGeGeGeGeGeGeGeGeGeGeGeGeSiGeGeGeGeSiGeGeGeSiGeGeGeGeGeGeGeGeGeGeGeGeSiGeGeGeGeSiGeGeSiGeSiGe
   122675.1171875000 GeSiSiGeGeGeGeSiGeSiGeGeGeGeGeGeGeGeGeGeGeGeGeGeGeGeSiGeGeGeGeSiGeGeGeSiGeGeGeGeGeGeGeGeGeGeGeGeSiGeGeGeGeSiGeGeSiGeSiGe
   122675.1171875000 GeSiSiGeGeGeGeSiGeSiGeGeGeGeGeGeGeGeGeGeGeGeGeGeGeGeSiGeGeGeGeSiGeGeGeSiGeGeGeGeGeGeGeGeGeGeGeGeSiGeGeGeGeSiGeGeSiGeSiGe
   122675.1171875000 GeSiSiGeGeGeGeSiGeSiGeGeGeGeGeGeGeGeGeGeGeGeGeGeGeGeSiGeGeGeGeSiGeGeGeSiGeGeGeGeGeGeGeGeGeGeGeGeSiGeGeGeGeSiGeGeSiGeSiGe
   122675.1171875000 GeSiSiGeGeGeGeSiGeSiGeGeGeGeGeGeGeGeGeGeGeGeGeGeGeGeSiGeGeGeGeSiGeGeGeSiGeGeGeGeGeGeGeGeGeGeGeGeSiGeGeGeGeSiGeGeSiGeSiGe
   122675.1171875000 GeSiSiGeGeGeGeSiGeSiGeGeGeGeGeGeGeGeGeGeGeGeGeGeGeGeSiGeGeGeGeSiGeGeGeSiGeGeGeGeGeGeGeGeGeGeGeGeSiGeGeGeGeSiGeGeSiGeSiGe
   122675.1171875000 GeSiSiGeGeGeGeSiGeSiGeGeGeGeGeGeGeGeGeGeGeGeGeGeGeGeSiGeGeGeGeSiGeGeGeSiGeGeGeGeGeGeGeGeGeGeGeGeSiGeGeGeGeSiGeGeSiGeSiGe
   122675.1171875000 GeSiSiGeGeGeGeSiGeSiGeGeGeGeGeGeGeGeGeGeGeGeGeGeGeGeSiGeGeGeGeSiGeGeGeSiGeGeGeGeGeGeGeGeGeGeGeGeSiGeGeGeGeSiGeGeSiGeSiGe
   122675.1171875000 GeSiSiGeGeGeGeSiGeSiGeGeGeGeGeGeGeGeGeGeGeGeGeGeGeGeSiGeGeGeGeSiGeGeGeSiGeGeGeGeGeGeGeGeGeGeGeGeSiGeGeGeGeSiGeGeSiGeSiGe
   122675.1171875000 GeSiSiGeGeGeGeSiGeSiGeGeGeGeGeGeGeGeGeGeGeGeGeGeGeGeSiGeGeGeGeSiGeGeGeSiGeGeGeGeGeGeGeGeGeGeGeGeSiGeGeGeGeSiGeGeSiGeSiGe
   122675.1171875000 GeSiSiGeGeGeGeSiGeSiGeGeGeGeGeGeGeGeGeGeGeGeGeGeGeGeSiGeGeGeGeSiGeGeGeSiGeGeGeGeGeGeGeGeGeGeGeGeSiGeGeGeGeSiGeGeSiGeSiGe
   122675.1171875000 GeSiSiGeGeGeGeSiGeSiGeGeGeGeGeGeGeGeGeGeGeGeGeGeGeGeSiGeGeGeGeSiGeGeGeSiGeGeGeGeGeGeGeGeGeGeGeGeSiGeGeGeGeSiGeGeSiGeSiGe
   122675.1171875000 GeSiSiGeGeGeGeSiGeSiGeGeGeGeGeGeGeGeGeGeGeGeGeGeGeGeSiGeGeGeGeSiGeGeGeSiGeGeGeGeGeGeGeGeGeGeGeGeSiGeGeGeGeSiGeGeSiGeSiGe
   122675.1171875000 GeSiSiGeGeGeGeSiGeSiGeGeGeGeGeGeGeGeGeGeGeGeGeGeGeGeSiGeGeGeGeSiGeGeGeSiGeGeGeGeGeGeGeGeGeGeGeGeSiGeGeGeGeSiGeGeSiGeSiGe
   122675.1171875000 GeSiSiGeGeGeGeSiGeSiGeGeGeGeGeGeGeGeGeGeGeGeGeGeGeGeSiGeGeGeGeSiGeGeGeSiGeGeGeGeGeGeGeGeGeGeGeGeSiGeGeGeGeSiGeGeSiGeSiGe
   122675.1171875000 GeSiSiGeGeGeGeSiGeSiGeGeGeGeGeGeGeGeGeGeGeGeGeGeGeGeSiGeGeGeGeSiGeGeGeSiGeGeGeGeGeGeGeGeGeGeGeGeSiGeGeGeGeSiGeGeSiGeSiGe
   122675.1171875000 GeSiSiGeGeGeGeSiGeSiGeGeGeGeGeGeGeGeGeGeGeGeGeGeGeGeSiGeGeGeGeSiGeGeGeSiGeGeGeGeGeGeGeGeGeGeGeGeSiGeGeGeGeSiGeGeSiGeSiGe
   122675.1171875000 GeSiSiGeGeGeGeSiGeSiGeGeGeGeGeGeGeGeGeGeGeGeGeGeGeGeSiGeGeGeGeSiGeGeGeSiGeGeGeGeGeGeGeGeGeGeGeGeSiGeGeGeGeSiGeGeSiGeSiGe
   122675.1171875000 GeSiSiGeGeGeGeSiGeSiGeGeGeGeGeGeGeGeGeGeGeGeGeGeGeGeSiGeGeGeGeSiGeGeGeSiGeGeGeGeGeGeGeGeGeGeGeGeSiGeGeGeGeSiGeGeSiGeSiGe
   122675.1171875000 GeSiSiGeGeGeGeSiGeSiGeGeGeGeGeGeGeGeGeGeGeGeGeGeGeGeSiGeGeGeGeSiGeGeGeSiGeGeGeGeGeGeGeGeGeGeGeGeSiGeGeGeGeSiGeGeSiGeSiGe
   122675.1171875000 GeSiSiGeGeGeGeSiGeSiGeGeGeGeGeGeGeGeGeGeGeGeGeGeGeGeSiGeGeGeGeSiGeGeGeSiGeGeGeGeGeGeGeGeGeGeGeGeSiGeGeGeGeSiGeGeSiGeSiGe
   122675.1171875000 GeSiSiGeGeGeGeSiGeSiGeGeGeGeGeGeGeGeGeGeGeGeGeGeGeGeSiGeGeGeGeSiGeGeGeSiGeGeGeGeGeGeGeGeGeGeGeGeSiGeGeGeGeSiGeGeSiGeSiGe
   122675.1171875000 GeSiSiGeGeGeGeSiGeSiGeGeGeGeGeGeGeGeGeGeGeGeGeGeGeGeSiGeGeGeGeSiGeGeGeSiGeGeGeGeGeGeGeGeGeGeGeGeSiGeGeGeGeSiGeGeSiGeSiGe
   122675.1171875000 GeSiSiGeGeGeGeSiGeSiGeGeGeGeGeGeGeGeGeGeGeGeGeGeGeGeSiGeGeGeGeSiGeGeGeSiGeGeGeGeGeGeGeGeGeGeGeGeSiGeGeGeGeSiGeGeSiGeSiGe
   122675.1171875000 GeSiSiGeGeGeGeSiGeSiGeGeGeGeGeGeGeGeGeGeGeGeGeGeGeGeSiGeGeGeGeSiGeGeGeSiGeGeGeGeGeGeGeGeGeGeGeGeSiGeGeGeGeSiGeGeSiGeSiGe
   122675.1171875000 GeSiSiGeGeGeGeSiGeSiGeGeGeGeGeGeGeGeGeGeGeGeGeGeGeGeSiGeGeGeGeSiGeGeGeSiGeGeGeGeGeGeGeGeGeGeGeGeSiGeGeGeGeSiGeGeSiGeSiGe
   122675.1171875000 GeSiSiGeGeGeGeSiGeSiGeGeGeGeGeGeGeGeGeGeGeGeGeGeGeGeSiGeGeGeGeSiGeGeGeSiGeGeGeGeGeGeGeGeGeGeGeGeSiGeGeGeGeSiGeGeSiGeSiGe
   122675.1171875000 GeSiSiGeGeGeGeSiGeSiGeGeGeGeGeGeGeGeGeGeGeGeGeGeGeGeSiGeGeGeGeSiGeGeGeSiGeGeGeGeGeGeGeGeGeGeGeGeSiGeGeGeGeSiGeGeSiGeSiGe
   122675.1171875000 GeSiSiGeGeGeGeSiGeSiGeGeGeGeGeGeGeGeGeGeGeGeGeGeGeGeSiGeGeGeGeSiGeGeGeSiGeGeGeGeGeGeGeGeGeGeGeGeSiGeGeGeGeSiGeGeSiGeSiGe
   122675.1171875000 GeSiSiGeGeGeGeSiGeSiGeGeGeGeGeGeGeGeGeGeGeGeGeGeGeGeSiGeGeGeGeSiGeGeGeSiGeGeGeGeGeGeGeGeGeGeGeGeSiGeGeGeGeSiGeGeSiGeSiGe
   122675.1171875000 GeSiSiGeGeGeGeSiGeSiGeGeGeGeGeGeGeGeGeGeGeGeGeGeGeGeSiGeGeGeGeSiGeGeGeSiGeGeGeGeGeGeGeGeGeGeGeGeSiGeGeGeGeSiGeGeSiGeSiGe
   122675.1171875000 GeSiSiGeGeGeGeSiGeSiGeGeGeGeGeGeGeGeGeGeGeGeGeGeGeGeSiGeGeGeGeSiGeGeGeSiGeGeGeGeGeGeGeGeGeGeGeGeSiGeGeGeGeSiGeGeSiGeSiGe
   122675.1171875000 GeSiSiGeGeGeGeSiGeSiGeGeGeGeGeGeGeGeGeGeGeGeGeGeGeGeSiGeGeGeGeSiGeGeGeSiGeGeGeGeGeGeGeGeGeGeGeGeSiGeGeGeGeSiGeGeSiGeSiGe
   122675.1171875000 GeSiSiGeGeGeGeSiGeSiGeGeGeGeGeGeGeGeGeGeGeGeGeGeGeGeSiGeGeGeGeSiGeGeGeSiGeGeGeGeGeGeGeGeGeGeGeGeSiGeGeGeGeSiGeGeSiGeSiGe
   122675.1171875000 GeSiSiGeGeGeGeSiGeSiGeGeGeGeGeGeGeGeGeGeGeGeGeGeGeGeSiGeGeGeGeSiGeGeGeSiGeGeGeGeGeGeGeGeGeGeGeGeSiGeGeGeGeSiGeGeSiGeSiGe
   122675.1171875000 GeSiSiGeGeGeGeSiGeSiGeGeGeGeGeGeGeGeGeGeGeGeGeGeGeGeSiGeGeGeGeSiGeGeGeSiGeGeGeGeGeGeGeGeGeGeGeGeSiGeGeGeGeSiGeGeSiGeSiGe
   122675.1171875000 GeSiSiGeGeGeGeSiGeSiGeGeGeGeGeGeGeGeGeGeGeGeGeGeGeGeSiGeGeGeGeSiGeGeGeSiGeGeGeGeGeGeGeGeGeGeGeGeSiGeGeGeGeSiGeGeSiGeSiGe
   122675.1171875000 GeSiSiGeGeGeGeSiGeSiGeGeGeGeGeGeGeGeGeGeGeGeGeGeGeGeSiGeGeGeGeSiGeGeGeSiGeGeGeGeGeGeGeGeGeGeGeGeSiGeGeGeGeSiGeGeSiGeSiGe
   122675.1171875000 GeSiSiGeGeGeGeSiGeSiGeGeGeGeGeGeGeGeGeGeGeGeGeGeGeGeSiGeGeGeGeSiGeGeGeSiGeGeGeGeGeGeGeGeGeGeGeGeSiGeGeGeGeSiGeGeSiGeSiGe
   122675.1171875000 GeSiSiGeGeGeGeSiGeSiGeGeGeGeGeGeGeGeGeGeGeGeGeGeGeGeSiGeGeGeGeSiGeGeGeSiGeGeGeGeGeGeGeGeGeGeGeGeSiGeGeGeGeSiGeGeSiGeSiGe
   122675.1171875000 GeSiSiGeGeGeGeSiGeSiGeGeGeGeGeGeGeGeGeGeGeGeGeGeGeGeSiGeGeGeGeSiGeGeGeSiGeGeGeGeGeGeGeGeGeGeGeGeSiGeGeGeGeSiGeGeSiGeSiGe
   122675.1171875000 GeSiSiGeGeGeGeSiGeSiGeGeGeGeGeGeGeGeGeGeGeGeGeGeGeGeSiGeGeGeGeSiGeGeGeSiGeGeGeGeGeGeGeGeGeGeGeGeSiGeGeGeGeSiGeGeSiGeSiGe
   122675.1171875000 GeSiSiGeGeGeGeSiGeSiGeGeGeGeGeGeGeGeGeGeGeGeGeGeGeGeSiGeGeGeGeSiGeGeGeSiGeGeGeGeGeGeGeGeGeGeGeGeSiGeGeGeGeSiGeGeSiGeSiGe
   122675.1171875000 GeSiSiGeGeGeGeSiGeSiGeGeGeGeGeGeGeGeGeGeGeGeGeGeGeGeSiGeGeGeGeSiGeGeGeSiGeGeGeGeGeGeGeGeGeGeGeGeSiGeGeGeGeSiGeGeSiGeSiGe
   122675.1171875000 GeSiSiGeGeGeGeSiGeSiGeGeGeGeGeGeGeGeGeGeGeGeGeGeGeGeSiGeGeGeGeSiGeGeGeSiGeGeGeGeGeGeGeGeGeGeGeGeSiGeGeGeGeSiGeGeSiGeSiGe
   122675.1171875000 GeSiSiGeGeGeGeSiGeSiGeGeGeGeGeGeGeGeGeGeGeGeGeGeGeGeSiGeGeGeGeSiGeGeGeSiGeGeGeGeGeGeGeGeGeGeGeGeSiGeGeGeGeSiGeGeSiGeSiGe
   122675.1171875000 GeSiSiGeGeGeGeSiGeSiGeGeGeGeGeGeGeGeGeGeGeGeGeGeGeGeSiGeGeGeGeSiGeGeGeSiGeGeGeGeGeGeGeGeGeGeGeGeSiGeGeGeGeSiGeGeSiGeSiGe
   122675.1171875000 GeSiSiGeGeGeGeSiGeSiGeGeGeGeGeGeGeGeGeGeGeGeGeGeGeGeSiGeGeGeGeSiGeGeGeSiGeGeGeGeGeGeGeGeGeGeGeGeSiGeGeGeGeSiGeGeSiGeSiGe
   122675.1171875000 GeSiSiGeGeGeGeSiGeSiGeGeGeGeGeGeGeGeGeGeGeGeGeGeGeGeSiGeGeGeGeSiGeGeGeSiGeGeGeGeGeGeGeGeGeGeGeGeSiGeGeGeGeSiGeGeSiGeSiGe
   122675.1171875000 GeSiSiGeGeGeGeSiGeSiGeGeGeGeGeGeGeGeGeGeGeGeGeGeGeGeSiGeGeGeGeSiGeGeGeSiGeGeGeGeGeGeGeGeGeGeGeGeSiGeGeGeGeSiGeGeSiGeSiGe
   122675.1171875000 GeSiSiGeGeGeGeSiGeSiGeGeGeGeGeGeGeGeGeGeGeGeGeGeGeGeSiGeGeGeGeSiGeGeGeSiGeGeGeGeGeGeGeGeGeGeGeGeSiGeGeGeGeSiGeGeSiGeSiGe
   122675.1171875000 GeSiSiGeGeGeGeSiGeSiGeGeGeGeGeGeGeGeGeGeGeGeGeGeGeGeSiGeGeGeGeSiGeGeGeSiGeGeGeGeGeGeGeGeGeGeGeGeSiGeGeGeGeSiGeGeSiGeSiGe
   122675.1171875000 GeSiSiGeGeGeGeSiGeSiGeGeGeGeGeGeGeGeGeGeGeGeGeGeGeGeSiGeGeGeGeSiGeGeGeSiGeGeGeGeGeGeGeGeGeGeGeGeSiGeGeGeGeSiGeGeSiGeSiGe
   122675.1171875000 GeSiSiGeGeGeGeSiGeSiGeGeGeGeGeGeGeGeGeGeGeGeGeGeGeGeSiGeGeGeGeSiGeGeGeSiGeGeGeGeGeGeGeGeGeGeGeGeSiGeGeGeGeSiGeGeSiGeSiGe
   122675.1171875000 GeSiSiGeGeGeGeSiGeSiGeGeGeGeGeGeGeGeGeGeGeGeGeGeGeGeSiGeGeGeGeSiGeGeGeSiGeGeGeGeGeGeGeGeGeGeGeGeSiGeGeGeGeSiGeGeSiGeSiGe
   122675.1171875000 GeSiSiGeGeGeGeSiGeSiGeGeGeGeGeGeGeGeGeGeGeGeGeGeGeGeSiGeGeGeGeSiGeGeGeSiGeGeGeGeGeGeGeGeGeGeGeGeSiGeGeGeGeSiGeGeSiGeSiGe
   122675.1171875000 GeSiSiGeGeGeGeSiGeSiGeGeGeGeGeGeGeGeGeGeGeGeGeGeGeGeSiGeGeGeGeSiGeGeGeSiGeGeGeGeGeGeGeGeGeGeGeGeSiGeGeGeGeSiGeGeSiGeSiGe
   122675.1171875000 GeSiSiGeGeGeGeSiGeSiGeGeGeGeGeGeGeGeGeGeGeGeGeGeGeGeSiGeGeGeGeSiGeGeGeSiGeGeGeGeGeGeGeGeGeGeGeGeSiGeGeGeGeSiGeGeSiGeSiGe
   122675.1171875000 GeSiSiGeGeGeGeSiGeSiGeGeGeGeGeGeGeGeGeGeGeGeGeGeGeGeSiGeGeGeGeSiGeGeGeSiGeGeGeGeGeGeGeGeGeGeGeGeSiGeGeGeGeSiGeGeSiGeSiGe
   122675.1171875000 GeSiSiGeGeGeGeSiGeSiGeGeGeGeGeGeGeGeGeGeGeGeGeGeGeGeSiGeGeGeGeSiGeGeGeSiGeGeGeGeGeGeGeGeGeGeGeGeSiGeGeGeGeSiGeGeSiGeSiGe
   122675.1171875000 GeSiSiGeGeGeGeSiGeSiGeGeGeGeGeGeGeGeGeGeGeGeGeGeGeGeSiGeGeGeGeSiGeGeGeSiGeGeGeGeGeGeGeGeGeGeGeGeSiGeGeGeGeSiGeGeSiGeSiGe
   122675.1171875000 GeSiSiGeGeGeGeSiGeSiGeGeGeGeGeGeGeGeGeGeGeGeGeGeGeGeSiGeGeGeGeSiGeGeGeSiGeGeGeGeGeGeGeGeGeGeGeGeSiGeGeGeGeSiGeGeSiGeSiGe
   122675.1171875000 GeSiSiGeGeGeGeSiGeSiGeGeGeGeGeGeGeGeGeGeGeGeGeGeGeGeSiGeGeGeGeSiGeGeGeSiGeGeGeGeGeGeGeGeGeGeGeGeSiGeGeGeGeSiGeGeSiGeSiGe
   122675.1171875000 GeSiSiGeGeGeGeSiGeSiGeGeGeGeGeGeGeGeGeGeGeGeGeGeGeGeSiGeGeGeGeSiGeGeGeSiGeGeGeGeGeGeGeGeGeGeGeGeSiGeGeGeGeSiGeGeSiGeSiGe
   122675.1171875000 GeSiSiGeGeGeGeSiGeSiGeGeGeGeGeGeGeGeGeGeGeGeGeGeGeGeSiGeGeGeGeSiGeGeGeSiGeGeGeGeGeGeGeGeGeGeGeGeSiGeGeGeGeSiGeGeSiGeSiGe
   122675.1171875000 GeSiSiGeGeGeGeSiGeSiGeGeGeGeGeGeGeGeGeGeGeGeGeGeGeGeSiGeGeGeGeSiGeGeGeSiGeGeGeGeGeGeGeGeGeGeGeGeSiGeGeGeGeSiGeGeSiGeSiGe
   122675.1171875000 GeSiSiGeGeGeGeSiGeSiGeGeGeGeGeGeGeGeGeGeGeGeGeGeGeGeSiGeGeGeGeSiGeGeGeSiGeGeGeGeGeGeGeGeGeGeGeGeSiGeGeGeGeSiGeGeSiGeSiGe
   122675.1171875000 GeSiSiGeGeGeGeSiGeSiGeGeGeGeGeGeGeGeGeGeGeGeGeGeGeGeSiGeGeGeGeSiGeGeGeSiGeGeGeGeGeGeGeGeGeGeGeGeSiGeGeGeGeSiGeGeSiGeSiGe
   122675.1171875000 GeSiSiGeGeGeGeSiGeSiGeGeGeGeGeGeGeGeGeGeGeGeGeGeGeGeSiGeGeGeGeSiGeGeGeSiGeGeGeGeGeGeGeGeGeGeGeGeSiGeGeGeGeSiGeGeSiGeSiGe
   122675.1171875000 GeSiSiGeGeGeGeSiGeSiGeGeGeGeGeGeGeGeGeGeGeGeGeGeGeGeSiGeGeGeGeSiGeGeGeSiGeGeGeGeGeGeGeGeGeGeGeGeSiGeGeGeGeSiGeGeSiGeSiGe
   122675.1171875000 GeSiSiGeGeGeGeSiGeSiGeGeGeGeGeGeGeGeGeGeGeGeGeGeGeGeSiGeGeGeGeSiGeGeGeSiGeGeGeGeGeGeGeGeGeGeGeGeSiGeGeGeGeSiGeGeSiGeSiGe
   122675.1171875000 GeSiSiGeGeGeGeSiGeSiGeGeGeGeGeGeGeGeGeGeGeGeGeGeGeGeSiGeGeGeGeSiGeGeGeSiGeGeGeGeGeGeGeGeGeGeGeGeSiGeGeGeGeSiGeGeSiGeSiGe
   122675.1171875000 GeSiSiGeGeGeGeSiGeSiGeGeGeGeGeGeGeGeGeGeGeGeGeGeGeGeSiGeGeGeGeSiGeGeGeSiGeGeGeGeGeGeGeGeGeGeGeGeSiGeGeGeGeSiGeGeSiGeSiGe
   122675.1171875000 GeSiSiGeGeGeGeSiGeSiGeGeGeGeGeGeGeGeGeGeGeGeGeGeGeGeSiGeGeGeGeSiGeGeGeSiGeGeGeGeGeGeGeGeGeGeGeGeSiGeGeGeGeSiGeGeSiGeSiGe
   122675.1171875000 GeSiSiGeGeGeGeSiGeSiGeGeGeGeGeGeGeGeGeGeGeGeGeGeGeGeSiGeGeGeGeSiGeGeGeSiGeGeGeGeGeGeGeGeGeGeGeGeSiGeGeGeGeSiGeGeSiGeSiGe
   122675.1171875000 GeSiSiGeGeGeGeSiGeSiGeGeGeGeGeGeGeGeGeGeGeGeGeGeGeGeSiGeGeGeGeSiGeGeGeSiGeGeGeGeGeGeGeGeGeGeGeGeSiGeGeGeGeSiGeGeSiGeSiGe
   122675.1171875000 GeSiSiGeGeGeGeSiGeSiGeGeGeGeGeGeGeGeGeGeGeGeGeGeGeGeSiGeGeGeGeSiGeGeGeSiGeGeGeGeGeGeGeGeGeGeGeGeSiGeGeGeGeSiGeGeSiGeSiGe
   122675.1171875000 GeSiSiGeGeGeGeSiGeSiGeGeGeGeGeGeGeGeGeGeGeGeGeGeGeGeSiGeGeGeGeSiGeGeGeSiGeGeGeGeGeGeGeGeGeGeGeGeSiGeGeGeGeSiGeGeSiGeSiGe
   122675.1171875000 GeSiSiGeGeGeGeSiGeSiGeGeGeGeGeGeGeGeGeGeGeGeGeGeGeGeSiGeGeGeGeSiGeGeGeSiGeGeGeGeGeGeGeGeGeGeGeGeSiGeGeGeGeSiGeGeSiGeSiGe
   122675.1171875000 GeSiSiGeGeGeGeSiGeSiGeGeGeGeGeGeGeGeGeGeGeGeGeGeGeGeSiGeGeGeGeSiGeGeGeSiGeGeGeGeGeGeGeGeGeGeGeGeSiGeGeGeGeSiGeGeSiGeSiGe
   122675.1171875000 GeSiSiGeGeGeGeSiGeSiGeGeGeGeGeGeGeGeGeGeGeGeGeGeGeGeSiGeGeGeGeSiGeGeGeSiGeGeGeGeGeGeGeGeGeGeGeGeSiGeGeGeGeSiGeGeSiGeSiGe
   122675.1171875000 GeSiSiGeGeGeGeSiGeSiGeGeGeGeGeGeGeGeGeGeGeGeGeGeGeGeSiGeGeGeGeSiGeGeGeSiGeGeGeGeGeGeGeGeGeGeGeGeSiGeGeGeGeSiGeGeSiGeSiGe
   122675.1171875000 GeSiSiGeGeGeGeSiGeSiGeGeGeGeGeGeGeGeGeGeGeGeGeGeGeGeSiGeGeGeGeSiGeGeGeSiGeGeGeGeGeGeGeGeGeGeGeGeSiGeGeGeGeSiGeGeSiGeSiGe
   122675.1171875000 GeSiSiGeGeGeGeSiGeSiGeGeGeGeGeGeGeGeGeGeGeGeGeGeGeGeSiGeGeGeGeSiGeGeGeSiGeGeGeGeGeGeGeGeGeGeGeGeSiGeGeGeGeSiGeGeSiGeSiGe
   122675.1171875000 GeSiSiGeGeGeGeSiGeSiGeGeGeGeGeGeGeGeGeGeGeGeGeGeGeGeSiGeGeGeGeSiGeGeGeSiGeGeGeGeGeGeGeGeGeGeGeGeSiGeGeGeGeSiGeGeSiGeSiGe
   122675.1171875000 GeSiSiGeGeGeGeSiGeSiGeGeGeGeGeGeGeGeGeGeGeGeGeGeGeGeSiGeGeGeGeSiGeGeGeSiGeGeGeGeGeGeGeGeGeGeGeGeSiGeGeGeGeSiGeGeSiGeSiGe
   122675.1171875000 GeSiSiGeGeGeGeSiGeSiGeGeGeGeGeGeGeGeGeGeGeGeGeGeGeGeSiGeGeGeGeSiGeGeGeSiGeGeGeGeGeGeGeGeGeGeGeGeSiGeGeGeGeSiGeGeSiGeSiGe
   122675.1171875000 GeSiSiGeGeGeGeSiGeSiGeGeGeGeGeGeGeGeGeGeGeGeGeGeGeGeSiGeGeGeGeSiGeGeGeSiGeGeGeGeGeGeGeGeGeGeGeGeSiGeGeGeGeSiGeGeSiGeSiGe
   122675.1171875000 GeSiSiGeGeGeGeSiGeSiGeGeGeGeGeGeGeGeGeGeGeGeGeGeGeGeSiGeGeGeGeSiGeGeGeSiGeGeGeGeGeGeGeGeGeGeGeGeSiGeGeGeGeSiGeGeSiGeSiGe
   122675.1171875000 GeSiSiGeGeGeGeSiGeSiGeGeGeGeGeGeGeGeGeGeGeGeGeGeGeGeSiGeGeGeGeSiGeGeGeSiGeGeGeGeGeGeGeGeGeGeGeGeSiGeGeGeGeSiGeGeSiGeSiGe
   122675.1171875000 GeSiSiGeGeGeGeSiGeSiGeGeGeGeGeGeGeGeGeGeGeGeGeGeGeGeSiGeGeGeGeSiGeGeGeSiGeGeGeGeGeGeGeGeGeGeGeGeSiGeGeGeGeSiGeGeSiGeSiGe
   122675.1171875000 GeSiSiGeGeGeGeSiGeSiGeGeGeGeGeGeGeGeGeGeGeGeGeGeGeGeSiGeGeGeGeSiGeGeGeSiGeGeGeGeGeGeGeGeGeGeGeGeSiGeGeGeGeSiGeGeSiGeSiGe
   122675.1171875000 GeSiSiGeGeGeGeSiGeSiGeGeGeGeGeGeGeGeGeGeGeGeGeGeGeGeSiGeGeGeGeSiGeGeGeSiGeGeGeGeGeGeGeGeGeGeGeGeSiGeGeGeGeSiGeGeSiGeSiGe
   122675.1171875000 GeSiSiGeGeGeGeSiGeSiGeGeGeGeGeGeGeGeGeGeGeGeGeGeGeGeSiGeGeGeGeSiGeGeGeSiGeGeGeGeGeGeGeGeGeGeGeGeSiGeGeGeGeSiGeGeSiGeSiGe
   122675.1171875000 GeSiSiGeGeGeGeSiGeSiGeGeGeGeGeGeGeGeGeGeGeGeGeGeGeGeSiGeGeGeGeSiGeGeGeSiGeGeGeGeGeGeGeGeGeGeGeGeSiGeGeGeGeSiGeGeSiGeSiGe
   122675.1171875000 GeSiSiGeGeGeGeSiGeSiGeGeGeGeGeGeGeGeGeGeGeGeGeGeGeGeSiGeGeGeGeSiGeGeGeSiGeGeGeGeGeGeGeGeGeGeGeGeSiGeGeGeGeSiGeGeSiGeSiGe
   122675.1171875000 GeSiSiGeGeGeGeSiGeSiGeGeGeGeGeGeGeGeGeGeGeGeGeGeGeGeSiGeGeGeGeSiGeGeGeSiGeGeGeGeGeGeGeGeGeGeGeGeSiGeGeGeGeSiGeGeSiGeSiGe
   122675.1171875000 GeSiSiGeGeGeGeSiGeSiGeGeGeGeGeGeGeGeGeGeGeGeGeGeGeGeSiGeGeGeGeSiGeGeGeSiGeGeGeGeGeGeGeGeGeGeGeGeSiGeGeGeGeSiGeGeSiGeSiGe
   122675.1171875000 GeSiSiGeGeGeGeSiGeSiGeGeGeGeGeGeGeGeGeGeGeGeGeGeGeGeSiGeGeGeGeSiGeGeGeSiGeGeGeGeGeGeGeGeGeGeGeGeSiGeGeGeGeSiGeGeSiGeSiGe
   122675.1171875000 GeSiSiGeGeGeGeSiGeSiGeGeGeGeGeGeGeGeGeGeGeGeGeGeGeGeSiGeGeGeGeSiGeGeGeSiGeGeGeGeGeGeGeGeGeGeGeGeSiGeGeGeGeSiGeGeSiGeSiGe
   122675.1171875000 GeSiSiGeGeGeGeSiGeSiGeGeGeGeGeGeGeGeGeGeGeGeGeGeGeGeSiGeGeGeGeSiGeGeGeSiGeGeGeGeGeGeGeGeGeGeGeGeSiGeGeGeGeSiGeGeSiGeSiGe
   122675.1171875000 GeSiSiGeGeGeGeSiGeSiGeGeGeGeGeGeGeGeGeGeGeGeGeGeGeGeSiGeGeGeGeSiGeGeGeSiGeGeGeGeGeGeGeGeGeGeGeGeSiGeGeGeGeSiGeGeSiGeSiGe
   122675.1171875000 GeSiSiGeGeGeGeSiGeSiGeGeGeGeGeGeGeGeGeGeGeGeGeGeGeGeSiGeGeGeGeSiGeGeGeSiGeGeGeGeGeGeGeGeGeGeGeGeSiGeGeGeGeSiGeGeSiGeSiGe
   122675.1171875000 GeSiSiGeGeGeGeSiGeSiGeGeGeGeGeGeGeGeGeGeGeGeGeGeGeGeSiGeGeGeGeSiGeGeGeSiGeGeGeGeGeGeGeGeGeGeGeGeSiGeGeGeGeSiGeGeSiGeSiGe
   122675.1171875000 GeSiSiGeGeGeGeSiGeSiGeGeGeGeGeGeGeGeGeGeGeGeGeGeGeGeSiGeGeGeGeSiGeGeGeSiGeGeGeGeGeGeGeGeGeGeGeGeSiGeGeGeGeSiGeGeSiGeSiGe
   122675.1171875000 GeSiSiGeGeGeGeSiGeSiGeGeGeGeGeGeGeGeGeGeGeGeGeGeGeGeSiGeGeGeGeSiGeGeGeSiGeGeGeGeGeGeGeGeGeGeGeGeSiGeGeGeGeSiGeGeSiGeSiGe
   122675.1171875000 GeSiSiGeGeGeGeSiGeSiGeGeGeGeGeGeGeGeGeGeGeGeGeGeGeGeSiGeGeGeGeSiGeGeGeSiGeGeGeGeGeGeGeGeGeGeGeGeSiGeGeGeGeSiGeGeSiGeSiGe
   122675.1171875000 GeSiSiGeGeGeGeSiGeSiGeGeGeGeGeGeGeGeGeGeGeGeGeGeGeGeSiGeGeGeGeSiGeGeGeSiGeGeGeGeGeGeGeGeGeGeGeGeSiGeGeGeGeSiGeGeSiGeSiGe
   122675.1171875000 GeSiSiGeGeGeGeSiGeSiGeGeGeGeGeGeGeGeGeGeGeGeGeGeGeGeSiGeGeGeGeSiGeGeGeSiGeGeGeGeGeGeGeGeGeGeGeGeSiGeGeGeGeSiGeGeSiGeSiGe
   122675.1171875000 GeSiSiGeGeGeGeSiGeSiGeGeGeGeGeGeGeGeGeGeGeGeGeGeGeGeSiGeGeGeGeSiGeGeGeSiGeGeGeGeGeGeGeGeGeGeGeGeSiGeGeGeGeSiGeGeSiGeSiGe
   122675.1171875000 GeSiSiGeGeGeGeSiGeSiGeGeGeGeGeGeGeGeGeGeGeGeGeGeGeGeSiGeGeGeGeSiGeGeGeSiGeGeGeGeGeGeGeGeGeGeGeGeSiGeGeGeGeSiGeGeSiGeSiGe
   122675.1171875000 GeSiSiGeGeGeGeSiGeSiGeGeGeGeGeGeGeGeGeGeGeGeGeGeGeGeSiGeGeGeGeSiGeGeGeSiGeGeGeGeGeGeGeGeGeGeGeGeSiGeGeGeGeSiGeGeSiGeSiGe
   122675.1171875000 GeSiSiGeGeGeGeSiGeSiGeGeGeGeGeGeGeGeGeGeGeGeGeGeGeGeSiGeGeGeGeSiGeGeGeSiGeGeGeGeGeGeGeGeGeGeGeGeSiGeGeGeGeSiGeGeSiGeSiGe
   122675.1171875000 GeSiSiGeGeGeGeSiGeSiGeGeGeGeGeGeGeGeGeGeGeGeGeGeGeGeSiGeGeGeGeSiGeGeGeSiGeGeGeGeGeGeGeGeGeGeGeGeSiGeGeGeGeSiGeGeSiGeSiGe
   122675.1171875000 GeSiSiGeGeGeGeSiGeSiGeGeGeGeGeGeGeGeGeGeGeGeGeGeGeGeSiGeGeGeGeSiGeGeGeSiGeGeGeGeGeGeGeGeGeGeGeGeSiGeGeGeGeSiGeGeSiGeSiGe
   122675.1171875000 GeSiSiGeGeGeGeSiGeSiGeGeGeGeGeGeGeGeGeGeGeGeGeGeGeGeSiGeGeGeGeSiGeGeGeSiGeGeGeGeGeGeGeGeGeGeGeGeSiGeGeGeGeSiGeGeSiGeSiGe
   122675.1171875000 GeSiSiGeGeGeGeSiGeSiGeGeGeGeGeGeGeGeGeGeGeGeGeGeGeGeSiGeGeGeGeSiGeGeGeSiGeGeGeGeGeGeGeGeGeGeGeGeSiGeGeGeGeSiGeGeSiGeSiGe
   122675.1171875000 GeSiSiGeGeGeGeSiGeSiGeGeGeGeGeGeGeGeGeGeGeGeGeGeGeGeSiGeGeGeGeSiGeGeGeSiGeGeGeGeGeGeGeGeGeGeGeGeSiGeGeGeGeSiGeGeSiGeSiGe
   122675.1171875000 GeSiSiGeGeGeGeSiGeSiGeGeGeGeGeGeGeGeGeGeGeGeGeGeGeGeSiGeGeGeGeSiGeGeGeSiGeGeGeGeGeGeGeGeGeGeGeGeSiGeGeGeGeSiGeGeSiGeSiGe
   122675.1171875000 GeSiSiGeGeGeGeSiGeSiGeGeGeGeGeGeGeGeGeGeGeGeGeGeGeGeSiGeGeGeGeSiGeGeGeSiGeGeGeGeGeGeGeGeGeGeGeGeSiGeGeGeGeSiGeGeSiGeSiGe
   122675.1171875000 GeSiSiGeGeGeGeSiGeSiGeGeGeGeGeGeGeGeGeGeGeGeGeGeGeGeSiGeGeGeGeSiGeGeGeSiGeGeGeGeGeGeGeGeGeGeGeGeSiGeGeGeGeSiGeGeSiGeSiGe
   122675.1171875000 GeSiSiGeGeGeGeSiGeSiGeGeGeGeGeGeGeGeGeGeGeGeGeGeGeGeSiGeGeGeGeSiGeGeGeSiGeGeGeGeGeGeGeGeGeGeGeGeSiGeGeGeGeSiGeGeSiGeSiGe
   122675.1171875000 GeSiSiGeGeGeGeSiGeSiGeGeGeGeGeGeGeGeGeGeGeGeGeGeGeGeSiGeGeGeGeSiGeGeGeSiGeGeGeGeGeGeGeGeGeGeGeGeSiGeGeGeGeSiGeGeSiGeSiGe
   122675.1171875000 GeSiSiGeGeGeGeSiGeSiGeGeGeGeGeGeGeGeGeGeGeGeGeGeGeGeSiGeGeGeGeSiGeGeGeSiGeGeGeGeGeGeGeGeGeGeGeGeSiGeGeGeGeSiGeGeSiGeSiGe
   122675.1171875000 GeSiSiGeGeGeGeSiGeSiGeGeGeGeGeGeGeGeGeGeGeGeGeGeGeGeSiGeGeGeGeSiGeGeGeSiGeGeGeGeGeGeGeGeGeGeGeGeSiGeGeGeGeSiGeGeSiGeSiGe
   122675.1171875000 GeSiSiGeGeGeGeSiGeSiGeGeGeGeGeGeGeGeGeGeGeGeGeGeGeGeSiGeGeGeGeSiGeGeGeSiGeGeGeGeGeGeGeGeGeGeGeGeSiGeGeGeGeSiGeGeSiGeSiGe
   122675.1171875000 GeSiSiGeGeGeGeSiGeSiGeGeGeGeGeGeGeGeGeGeGeGeGeGeGeGeSiGeGeGeGeSiGeGeGeSiGeGeGeGeGeGeGeGeGeGeGeGeSiGeGeGeGeSiGeGeSiGeSiGe
   122675.1171875000 GeSiSiGeGeGeGeSiGeSiGeGeGeGeGeGeGeGeGeGeGeGeGeGeGeGeSiGeGeGeGeSiGeGeGeSiGeGeGeGeGeGeGeGeGeGeGeGeSiGeGeGeGeSiGeGeSiGeSiGe
   122675.1171875000 GeSiSiGeGeGeGeSiGeSiGeGeGeGeGeGeGeGeGeGeGeGeGeGeGeGeSiGeGeGeGeSiGeGeGeSiGeGeGeGeGeGeGeGeGeGeGeGeSiGeGeGeGeSiGeGeSiGeSiGe
   122675.1171875000 GeSiSiGeGeGeGeSiGeSiGeGeGeGeGeGeGeGeGeGeGeGeGeGeGeGeSiGeGeGeGeSiGeGeGeSiGeGeGeGeGeGeGeGeGeGeGeGeSiGeGeGeGeSiGeGeSiGeSiGe
   122675.1171875000 GeSiSiGeGeGeGeSiGeSiGeGeGeGeGeGeGeGeGeGeGeGeGeGeGeGeSiGeGeGeGeSiGeGeGeSiGeGeGeGeGeGeGeGeGeGeGeGeSiGeGeGeGeSiGeGeSiGeSiGe
   122675.1171875000 GeSiSiGeGeGeGeSiGeSiGeGeGeGeGeGeGeGeGeGeGeGeGeGeGeGeSiGeGeGeGeSiGeGeGeSiGeGeGeGeGeGeGeGeGeGeGeGeSiGeGeGeGeSiGeGeSiGeSiGe
   122675.1171875000 GeSiSiGeGeGeGeSiGeSiGeGeGeGeGeGeGeGeGeGeGeGeGeGeGeGeSiGeGeGeGeSiGeGeGeSiGeGeGeGeGeGeGeGeGeGeGeGeSiGeGeGeGeSiGeGeSiGeSiGe
   122675.1171875000 GeSiSiGeGeGeGeSiGeSiGeGeGeGeGeGeGeGeGeGeGeGeGeGeGeGeSiGeGeGeGeSiGeGeGeSiGeGeGeGeGeGeGeGeGeGeGeGeSiGeGeGeGeSiGeGeSiGeSiGe
   122675.1171875000 GeSiSiGeGeGeGeSiGeSiGeGeGeGeGeGeGeGeGeGeGeGeGeGeGeGeSiGeGeGeGeSiGeGeGeSiGeGeGeGeGeGeGeGeGeGeGeGeSiGeGeGeGeSiGeGeSiGeSiGe
   122675.1171875000 GeSiSiGeGeGeGeSiGeSiGeGeGeGeGeGeGeGeGeGeGeGeGeGeGeGeSiGeGeGeGeSiGeGeGeSiGeGeGeGeGeGeGeGeGeGeGeGeSiGeGeGeGeSiGeGeSiGeSiGe
   122675.1171875000 GeSiSiGeGeGeGeSiGeSiGeGeGeGeGeGeGeGeGeGeGeGeGeGeGeGeSiGeGeGeGeSiGeGeGeSiGeGeGeGeGeGeGeGeGeGeGeGeSiGeGeGeGeSiGeGeSiGeSiGe
   122675.1171875000 GeSiSiGeGeGeGeSiGeSiGeGeGeGeGeGeGeGeGeGeGeGeGeGeGeGeSiGeGeGeGeSiGeGeGeSiGeGeGeGeGeGeGeGeGeGeGeGeSiGeGeGeGeSiGeGeSiGeSiGe
   122675.1171875000 GeSiSiGeGeGeGeSiGeSiGeGeGeGeGeGeGeGeGeGeGeGeGeGeGeGeSiGeGeGeGeSiGeGeGeSiGeGeGeGeGeGeGeGeGeGeGeGeSiGeGeGeGeSiGeGeSiGeSiGe
   122675.1171875000 GeSiSiGeGeGeGeSiGeSiGeGeGeGeGeGeGeGeGeGeGeGeGeGeGeGeSiGeGeGeGeSiGeGeGeSiGeGeGeGeGeGeGeGeGeGeGeGeSiGeGeGeGeSiGeGeSiGeSiGe
   122675.1171875000 GeSiSiGeGeGeGeSiGeSiGeGeGeGeGeGeGeGeGeGeGeGeGeGeGeGeSiGeGeGeGeSiGeGeGeSiGeGeGeGeGeGeGeGeGeGeGeGeSiGeGeGeGeSiGeGeSiGeSiGe
   122675.1171875000 GeSiSiGeGeGeGeSiGeSiGeGeGeGeGeGeGeGeGeGeGeGeGeGeGeGeSiGeGeGeGeSiGeGeGeSiGeGeGeGeGeGeGeGeGeGeGeGeSiGeGeGeGeSiGeGeSiGeSiGe
   122675.1171875000 GeSiSiGeGeGeGeSiGeSiGeGeGeGeGeGeGeGeGeGeGeGeGeGeGeGeSiGeGeGeGeSiGeGeGeSiGeGeGeGeGeGeGeGeGeGeGeGeSiGeGeGeGeSiGeGeSiGeSiGe
   122675.1171875000 GeSiSiGeGeGeGeSiGeSiGeGeGeGeGeGeGeGeGeGeGeGeGeGeGeGeSiGeGeGeGeSiGeGeGeSiGeGeGeGeGeGeGeGeGeGeGeGeSiGeGeGeGeSiGeGeSiGeSiGe
   122675.1171875000 GeSiSiGeGeGeGeSiGeSiGeGeGeGeGeGeGeGeGeGeGeGeGeGeGeGeSiGeGeGeGeSiGeGeGeSiGeGeGeGeGeGeGeGeGeGeGeGeSiGeGeGeGeSiGeGeSiGeSiGe
   122675.1171875000 GeSiSiGeGeGeGeSiGeSiGeGeGeGeGeGeGeGeGeGeGeGeGeGeGeGeSiGeGeGeGeSiGeGeGeSiGeGeGeGeGeGeGeGeGeGeGeGeSiGeGeGeGeSiGeGeSiGeSiGe
   122675.1171875000 GeSiSiGeGeGeGeSiGeSiGeGeGeGeGeGeGeGeGeGeGeGeGeGeGeGeSiGeGeGeGeSiGeGeGeSiGeGeGeGeGeGeGeGeGeGeGeGeSiGeGeGeGeSiGeGeSiGeSiGe
   122675.1171875000 GeSiSiGeGeGeGeSiGeSiGeGeGeGeGeGeGeGeGeGeGeGeGeGeGeGeSiGeGeGeGeSiGeGeGeSiGeGeGeGeGeGeGeGeGeGeGeGeSiGeGeGeGeSiGeGeSiGeSiGe
   122675.1171875000 GeSiSiGeGeGeGeSiGeSiGeGeGeGeGeGeGeGeGeGeGeGeGeGeGeGeSiGeGeGeGeSiGeGeGeSiGeGeGeGeGeGeGeGeGeGeGeGeSiGeGeGeGeSiGeGeSiGeSiGe
   122675.1171875000 GeSiSiGeGeGeGeSiGeSiGeGeGeGeGeGeGeGeGeGeGeGeGeGeGeGeSiGeGeGeGeSiGeGeGeSiGeGeGeGeGeGeGeGeGeGeGeGeSiGeGeGeGeSiGeGeSiGeSiGe
   122675.1171875000 GeSiSiGeGeGeGeSiGeSiGeGeGeGeGeGeGeGeGeGeGeGeGeGeGeGeSiGeGeGeGeSiGeGeGeSiGeGeGeGeGeGeGeGeGeGeGeGeSiGeGeGeGeSiGeGeSiGeSiGe
   122675.1171875000 GeSiSiGeGeGeGeSiGeSiGeGeGeGeGeGeGeGeGeGeGeGeGeGeGeGeSiGeGeGeGeSiGeGeGeSiGeGeGeGeGeGeGeGeGeGeGeGeSiGeGeGeGeSiGeGeSiGeSiGe
   122675.1171875000 GeSiSiGeGeGeGeSiGeSiGeGeGeGeGeGeGeGeGeGeGeGeGeGeGeGeSiGeGeGeGeSiGeGeGeSiGeGeGeGeGeGeGeGeGeGeGeGeSiGeGeGeGeSiGeGeSiGeSiGe
   122675.1171875000 GeSiSiGeGeGeGeSiGeSiGeGeGeGeGeGeGeGeGeGeGeGeGeGeGeGeSiGeGeGeGeSiGeGeGeSiGeGeGeGeGeGeGeGeGeGeGeGeSiGeGeGeGeSiGeGeSiGeSiGe
   122675.1171875000 GeSiSiGeGeGeGeSiGeSiGeGeGeGeGeGeGeGeGeGeGeGeGeGeGeGeSiGeGeGeGeSiGeGeGeSiGeGeGeGeGeGeGeGeGeGeGeGeSiGeGeGeGeSiGeGeSiGeSiGe
   122675.1171875000 GeSiSiGeGeGeGeSiGeSiGeGeGeGeGeGeGeGeGeGeGeGeGeGeGeGeSiGeGeGeGeSiGeGeGeSiGeGeGeGeGeGeGeGeGeGeGeGeSiGeGeGeGeSiGeGeSiGeSiGe
   122675.1171875000 GeSiSiGeGeGeGeSiGeSiGeGeGeGeGeGeGeGeGeGeGeGeGeGeGeGeSiGeGeGeGeSiGeGeGeSiGeGeGeGeGeGeGeGeGeGeGeGeSiGeGeGeGeSiGeGeSiGeSiGe
   122675.1171875000 GeSiSiGeGeGeGeSiGeSiGeGeGeGeGeGeGeGeGeGeGeGeGeGeGeGeSiGeGeGeGeSiGeGeGeSiGeGeGeGeGeGeGeGeGeGeGeGeSiGeGeGeGeSiGeGeSiGeSiGe
   122675.1171875000 GeSiSiGeGeGeGeSiGeSiGeGeGeGeGeGeGeGeGeGeGeGeGeGeGeGeSiGeGeGeGeSiGeGeGeSiGeGeGeGeGeGeGeGeGeGeGeGeSiGeGeGeGeSiGeGeSiGeSiGe
   122675.1171875000 GeSiSiGeGeGeGeSiGeSiGeGeGeGeGeGeGeGeGeGeGeGeGeGeGeGeSiGeGeGeGeSiGeGeGeSiGeGeGeGeGeGeGeGeGeGeGeGeSiGeGeGeGeSiGeGeSiGeSiGe
   122675.1171875000 GeSiSiGeGeGeGeSiGeSiGeGeGeGeGeGeGeGeGeGeGeGeGeGeGeGeSiGeGeGeGeSiGeGeGeSiGeGeGeGeGeGeGeGeGeGeGeGeSiGeGeGeGeSiGeGeSiGeSiGe
   122675.1171875000 GeSiSiGeGeGeGeSiGeSiGeGeGeGeGeGeGeGeGeGeGeGeGeGeGeGeSiGeGeGeGeSiGeGeGeSiGeGeGeGeGeGeGeGeGeGeGeGeSiGeGeGeGeSiGeGeSiGeSiGe
filename: c000001265875079.gin     
Cell:
    11.9020996    11.9020996    29.6919994    90.0000000    90.0000000   120.0000000
Box:
    11.9020996    -5.9510503     0.0000000
     0.0000000    10.3075209     0.0000000
     0.0000000     0.0000000    29.6919994
----------------------------------------
Inverse Box:
     0.0840188     0.0485083     0.0000000
     0.0000000     0.0970165     0.0000000
     0.0000000     0.0000000     0.0336791
----------------------------------------
==============================================
geometrical properties of  49 Ge:
 Configuration:           0
 D_ave:   9.09384727       3.55547929    
 D_min:   3.01610279       1.83479432E-02
 energia:   122675.117    
