Random Seed:  1132634250
Number of atoms:    60
Space Group:    1
Cell:
    11.9020996    11.9020996    29.6919994    90.0000000    90.0000000   120.0000000
Box:
    11.9020996    -5.9510503     0.0000000
     0.0000000    10.3075209     0.0000000
     0.0000000     0.0000000    29.6919994
----------------------------------------
Inverse Box:
     0.0840188     0.0485083     0.0000000
     0.0000000     0.0970165     0.0000000
     0.0000000     0.0000000     0.0336791
----------------------------------------
GeSiSiSiSiSiSiSiSiSiSiSiSiSiSiSiSiSiSiSiSiSiSiSiSiSiGeSiSiSiSiSiSiSiSiSiSiSiSiSiSiSiSiSiSiSiSiSiSiSiSiSiSiSiSiSiSiSiSiSi
           1 Ge    -7733.55859    
GeGeSiSiSiSiSiSiSiSiSiSiSiSiSiSiSiSiSiSiSiSiSiSiSiSiGeSiSiSiSiSiSiSiSiSiSiSiSiSiSiSiSiSiSiSiSiSiSiSiSiSiSiSiSiSiSiSiSiSi
           2 Ge    -7727.53125    
GeGeGeSiSiSiSiSiSiSiSiSiSiSiSiSiSiSiSiSiSiSiSiSiSiSiGeSiSiSiSiSiSiSiSiSiSiSiSiSiSiSiSiSiSiSiSiSiSiSiSiSiSiSiSiSiSiSiSiSi
           3 Ge    -7721.30664    
GeGeGeGeSiSiSiSiSiSiSiSiSiSiSiSiSiSiSiSiSiSiSiSiSiSiGeSiSiSiSiSiSiSiSiSiSiSiSiSiSiSiSiSiSiSiSiSiSiSiSiSiSiSiSiSiSiSiSiSi
           4 Ge    -7743.94482    
GeGeGeGeGeSiSiSiSiSiSiSiSiSiSiSiSiSiSiSiSiSiSiSiSiSiGeSiSiSiSiSiSiSiSiSiSiSiSiSiSiSiSiSiSiSiSiSiSiSiSiSiSiSiSiSiSiSiSiSi
           5 Ge    -7785.36768    
GeGeGeGeGeGeSiSiSiSiSiSiSiSiSiSiSiSiSiSiSiSiSiSiSiSiGeSiSiSiSiSiSiSiSiSiSiSiSiSiSiSiSiSiSiSiSiSiSiSiSiSiSiSiSiSiSiSiSiSi
           6 Ge    -7851.46875    
GeGeGeGeGeGeSiGeSiSiSiSiSiSiSiSiSiSiSiSiSiSiSiSiSiSiGeSiSiSiSiSiSiSiSiSiSiSiSiSiSiSiSiSiSiSiSiSiSiSiSiSiSiSiSiSiSiSiSiSi
           8 Ge    -8016.17627    
GeGeGeGeGeGeSiGeSiSiSiGeSiSiSiSiSiSiSiSiSiSiSiSiSiSiGeSiSiSiSiSiSiSiSiSiSiSiSiSiSiSiSiSiSiSiSiSiSiSiSiSiSiSiSiSiSiSiSiSi
          12 Ge    -8260.95605    
GeGeGeGeGeGeSiGeSiSiSiGeSiSiSiGeSiSiSiSiSiSiSiSiSiSiGeSiSiSiSiSiSiSiSiSiSiSiSiSiSiSiSiSiSiSiSiSiSiSiSiSiSiSiSiSiSiSiSiSi
          16 Ge    -8555.25098    
GeGeGeGeGeGeSiGeSiSiSiGeSiSiSiGeSiSiSiSiSiSiGeSiSiSiGeSiSiSiSiSiSiSiSiSiSiSiSiSiSiSiSiSiSiSiSiSiSiSiSiSiSiSiSiSiSiSiSiSi
          23 Ge    -8429.04297    
GeGeGeGeGeGeSiGeSiSiSiGeSiSiSiGeSiSiSiSiSiSiGeSiSiGeGeSiSiSiSiSiSiSiSiSiSiSiSiSiSiSiSiSiSiSiSiSiSiSiSiSiSiSiSiSiSiSiSiSi
          26 Ge    -8819.02051    
GeGeGeGeGeGeSiGeSiSiSiGeSiSiSiGeSiSiSiSiSiSiGeSiSiGeGeSiSiGeSiSiSiSiSiSiSiSiSiSiSiSiSiSiSiSiSiSiSiSiSiSiSiSiSiSiSiSiSiSi
          30 Ge    -8809.51660    
GeGeGeGeGeGeSiGeSiSiSiGeSiSiSiGeSiSiSiSiSiSiGeSiSiGeGeSiSiGeSiSiGeSiSiSiSiSiSiSiSiSiSiSiSiSiSiSiSiSiSiSiSiSiSiSiSiSiSiSi
          33 Ge    -9310.48730    
GeGeGeGeGeGeSiGeSiSiSiGeSiSiSiGeSiSiSiSiSiSiGeSiSiGeGeSiSiGeSiSiGeSiSiGeSiSiSiSiSiSiSiSiSiSiSiSiSiSiSiSiSiSiSiSiSiSiSiSi
          36 Ge    -9858.06543    
GeGeGeGeGeGeSiGeSiSiSiGeSiSiSiGeSiSiSiSiSiSiGeSiSiGeGeSiSiGeSiSiGeSiSiGeSiSiGeSiSiSiSiSiSiSiSiSiSiSiSiSiSiSiSiSiSiSiSiSi
          39 Ge    -9876.74414    
GeGeGeGeGeGeSiGeSiSiSiGeSiSiSiGeSiSiSiSiSiSiGeSiSiGeGeSiSiGeSiSiGeSiSiGeSiSiGeGeSiSiSiSiSiSiSiSiSiSiSiSiSiSiSiSiSiSiSiSi
          40 Ge    -9863.28223    
GeGeGeGeGeGeSiGeSiSiSiGeSiSiSiGeSiSiSiSiSiSiGeSiSiGeGeSiSiGeSiSiGeSiSiGeSiSiGeGeSiSiSiSiGeSiSiSiSiSiSiSiSiSiSiSiSiSiSiSi
          45 Ge    -10188.0840    
GeGeGeGeGeGeSiGeSiSiSiGeSiSiSiGeSiSiSiSiSiSiGeSiSiGeGeSiSiGeSiSiGeSiSiGeSiSiGeGeSiSiSiSiGeGeSiSiSiSiSiSiSiSiSiSiSiSiSiSi
          46 Ge    -10477.7314    
GeGeGeGeGeGeSiGeSiSiSiGeSiSiSiGeSiSiSiSiSiSiGeSiSiGeGeSiSiGeSiSiGeSiSiGeSiSiGeGeSiSiSiSiGeGeSiSiSiSiSiSiSiSiSiSiGeSiSiSi
          57 Ge    -11005.6348    
GeGeGeGeGeGeSiGeSiSiSiGeSiSiSiGeSiSiSiSiSiSiGeSiSiGeGeSiSiGeSiSiGeSiSiGeSiSiGeGeSiSiSiSiGeGeSiSiSiSiSiSiSiSiSiSiGeGeSiSi
          58 Ge    -9593.28223    
GeGeGeGeGeGeSiGeSiGeSiGeSiSiSiGeSiSiSiSiSiSiGeSiSiGeGeSiSiGeSiSiGeSiSiGeSiSiGeGeSiSiSiSiGeGeSiSiSiSiSiSiSiSiSiSiGeGeSiSi
          10 Ge    -7025.28662    
GeGeGeGeGeGeSiGeSiGeGeGeSiSiSiGeSiSiSiSiSiSiGeSiSiGeGeSiSiGeSiSiGeSiSiGeSiSiGeGeSiSiSiSiGeGeSiSiSiSiSiSiSiSiSiSiGeGeSiSi
          11 Ge    -4928.33252    
GeGeGeGeGeGeSiGeSiGeGeGeGeSiSiGeSiSiSiSiSiSiGeSiSiGeGeSiSiGeSiSiGeSiSiGeSiSiGeGeSiSiSiSiGeGeSiSiSiSiSiSiSiSiSiSiGeGeSiSi
          13 Ge    -3489.62891    
GeGeGeGeGeGeSiGeSiGeGeGeGeGeSiGeSiSiSiSiSiSiGeSiSiGeGeSiSiGeSiSiGeSiSiGeSiSiGeGeSiSiSiSiGeGeSiSiSiSiSiSiSiSiSiSiGeGeSiSi
          14 Ge    -2352.75732    
GeGeGeGeGeGeSiGeSiGeGeGeGeGeGeGeSiSiSiSiSiSiGeSiSiGeGeSiSiGeSiSiGeSiSiGeSiSiGeGeSiSiSiSiGeGeSiSiSiSiSiSiSiSiSiSiGeGeSiSi
          15 Ge     4356.57812    
GeGeGeGeGeGeSiGeSiGeGeGeGeGeGeGeSiSiSiSiSiSiGeGeSiGeGeSiSiGeSiSiGeSiSiGeSiSiGeGeSiSiSiSiGeGeSiSiSiSiSiSiSiSiSiSiGeGeSiSi
          24 Ge     8152.98340    
GeGeGeGeGeGeSiGeSiGeGeGeGeGeGeGeSiSiSiSiSiSiGeGeSiGeGeGeSiGeSiSiGeSiSiGeSiSiGeGeSiSiSiSiGeGeSiSiSiSiSiSiSiSiSiSiGeGeSiSi
          28 Ge     10511.0283    
GeGeGeGeGeGeSiGeSiGeGeGeGeGeGeGeSiSiSiSiSiSiGeGeSiGeGeGeSiGeSiSiGeSiSiGeSiSiGeGeSiSiSiGeGeGeSiSiSiSiSiSiSiSiSiSiGeGeSiSi
          44 Ge     11341.1279    
GeGeGeGeGeGeSiGeSiGeGeGeGeGeGeGeSiSiSiSiSiSiGeGeSiGeGeGeSiGeSiSiGeSiSiGeSiSiGeGeSiSiSiGeGeGeSiSiSiSiGeSiSiSiSiSiGeGeSiSi
          51 Ge     13387.0488    
GeGeGeGeGeGeSiGeGeGeGeGeGeGeGeGeSiSiSiSiSiSiGeGeSiGeGeGeSiGeSiSiGeSiSiGeSiSiGeGeSiSiSiGeGeGeSiSiSiSiGeSiSiSiSiSiGeGeSiSi
           9 Ge     20767.3340    
GeGeGeGeGeGeSiGeGeGeGeGeGeGeGeGeGeSiSiSiSiSiGeGeSiGeGeGeSiGeSiSiGeSiSiGeSiSiGeGeSiSiSiGeGeGeSiSiSiSiGeSiSiSiSiSiGeGeSiSi
          17 Ge     27068.4395    
GeGeGeGeGeGeSiGeGeGeGeGeGeGeGeGeGeGeSiSiSiSiGeGeSiGeGeGeSiGeSiSiGeSiSiGeSiSiGeGeSiSiSiGeGeGeSiSiSiSiGeSiSiSiSiSiGeGeSiSi
          18 Ge     26919.9043    
GeGeGeGeGeGeSiGeGeGeGeGeGeGeGeGeGeGeSiSiGeSiGeGeSiGeGeGeSiGeSiSiGeSiSiGeSiSiGeGeSiSiSiGeGeGeSiSiSiSiGeSiSiSiSiSiGeGeSiSi
          21 Ge     39248.5234    
GeGeGeGeGeGeSiGeGeGeGeGeGeGeGeGeGeGeSiSiGeGeGeGeSiGeGeGeSiGeSiSiGeSiSiGeSiSiGeGeSiSiSiGeGeGeSiSiSiSiGeSiSiSiSiSiGeGeSiSi
          22 Ge     48891.5078    
GeGeGeGeGeGeSiGeGeGeGeGeGeGeGeGeGeGeSiSiGeGeGeGeSiGeGeGeSiGeGeSiGeSiSiGeSiSiGeGeSiSiSiGeGeGeSiSiSiSiGeSiSiSiSiSiGeGeSiSi
          31 Ge     54774.1094    
GeGeGeGeGeGeSiGeGeGeGeGeGeGeGeGeGeGeSiSiGeGeGeGeSiGeGeGeSiGeGeGeGeSiSiGeSiSiGeGeSiSiSiGeGeGeSiSiSiSiGeSiSiSiSiSiGeGeSiSi
          32 Ge     58586.4766    
GeGeGeGeGeGeSiGeGeGeGeGeGeGeGeGeGeGeSiSiGeGeGeGeSiGeGeGeSiGeGeGeGeSiSiGeSiSiGeGeSiGeSiGeGeGeSiSiSiSiGeSiSiSiSiSiGeGeSiSi
          42 Ge     64406.4531    
GeGeGeGeGeGeSiGeGeGeGeGeGeGeGeGeGeGeSiSiGeGeGeGeSiGeGeGeSiGeGeGeGeSiSiGeSiSiGeGeSiGeSiGeGeGeSiSiGeSiGeSiSiSiSiSiGeGeSiSi
          49 Ge     74986.7422    
GeGeGeGeGeGeSiGeGeGeGeGeGeGeGeGeGeGeSiSiGeGeGeGeSiGeGeGeSiGeGeGeGeSiSiGeSiSiGeGeSiGeSiGeGeGeSiSiGeSiGeSiGeSiSiSiGeGeSiSi
          53 Ge     80383.7422    
GeGeGeGeGeGeSiGeGeGeGeGeGeGeGeGeGeGeSiSiGeGeGeGeSiGeGeGeSiGeGeGeGeSiSiGeSiSiGeGeSiGeSiGeGeGeSiSiGeSiGeSiGeSiGeSiGeGeSiSi
          55 Ge     81822.9219    
GeGeGeGeGeGeGeGeGeGeGeGeGeGeGeGeGeGeSiSiGeGeGeGeSiGeGeGeSiGeGeGeGeSiSiGeSiSiGeGeSiGeSiGeGeGeSiSiGeSiGeSiGeSiGeSiGeGeSiSi
           7 Ge     87054.3438    
GeGeGeGeGeGeGeGeGeGeGeGeGeGeGeGeGeGeSiSiGeGeGeGeGeGeGeGeSiGeGeGeGeSiSiGeSiSiGeGeSiGeSiGeGeGeSiSiGeSiGeSiGeSiGeSiGeGeSiSi
          25 Ge     104838.375    
GeGeGeGeGeGeGeGeGeGeGeGeGeGeGeGeGeGeSiSiGeGeGeGeGeGeGeGeSiGeGeGeGeSiSiGeSiGeGeGeSiGeSiGeGeGeSiSiGeSiGeSiGeSiGeSiGeGeSiSi
          38 Ge     111866.797    
GeGeGeGeGeGeGeGeGeGeGeGeGeGeGeGeGeGeSiSiGeGeGeGeGeGeGeGeSiGeGeGeGeSiSiGeSiGeGeGeSiGeSiGeGeGeSiSiGeSiGeSiGeSiGeGeGeGeSiSi
          56 Ge     120311.352    
GeGeGeGeGeGeGeGeGeGeGeGeGeGeGeGeGeGeSiSiGeGeGeGeGeGeGeGeGeGeGeGeGeSiSiGeSiGeGeGeSiGeSiGeGeGeSiSiGeSiGeSiGeSiGeGeGeGeSiSi
          29 Ge     137848.969    
GeGeGeGeGeGeGeGeGeGeGeGeGeGeGeGeGeGeSiSiGeGeGeGeGeGeGeGeGeGeGeGeGeGeSiGeSiGeGeGeSiGeSiGeGeGeSiSiGeSiGeSiGeSiGeGeGeGeSiSi
          34 Ge     159447.656    
GeGeGeGeGeGeGeGeGeGeGeGeGeGeGeGeGeGeSiSiGeGeGeGeGeGeGeGeGeGeGeGeGeGeSiGeGeGeGeGeSiGeSiGeGeGeSiSiGeSiGeSiGeSiGeGeGeGeSiSi
          37 Ge     186302.781    
GeGeGeGeGeGeGeGeGeGeGeGeGeGeGeGeGeGeSiSiGeGeGeGeGeGeGeGeGeGeGeGeGeGeSiGeGeGeGeGeGeGeSiGeGeGeSiSiGeSiGeSiGeSiGeGeGeGeSiSi
          41 Ge     215157.844    
GeGeGeGeGeGeGeGeGeGeGeGeGeGeGeGeGeGeSiSiGeGeGeGeGeGeGeGeGeGeGeGeGeGeSiGeGeGeGeGeGeGeSiGeGeGeSiGeGeSiGeSiGeSiGeGeGeGeSiSi
          48 Ge     224857.969    
GeGeGeGeGeGeGeGeGeGeGeGeGeGeGeGeGeGeGeSiGeGeGeGeGeGeGeGeGeGeGeGeGeGeSiGeGeGeGeGeGeGeSiGeGeGeSiGeGeSiGeSiGeSiGeGeGeGeSiSi
          19 Ge     237208.281    
==============================================
MonteCarlo: Metropolis with identity changes
Si > Ge, Ge > Si. STOP when occurrence <    0.00000
==============================================
Cost_function     Occurrence %     Scan-Cost
   179963.1093750000 SiSiGeGeGeGeSiGeSiSiGeSiGeGeGeGeGeGeGeGeGeGeGeGeGeGeGeGeGeGeGeGeGeGeSiGeGeGeGeGeGeGeGeGeSiGeGeGeSiGeGeGeGeGeGeGeGeGeGeGe
   165730.8125000000 GeSiGeGeGeGeSiSiSiSiGeGeGeGeGeGeGeGeGeGeGeSiGeGeGeGeGeGeGeGeGeGeGeGeGeGeGeGeGeGeGeGeGeGeGeGeGeGeSiGeGeGeGeSiGeGeSiGeGeGe
   164257.0937500000 GeGeGeGeGeGeSiSiSiSiGeGeGeGeGeGeGeGeGeGeGeGeGeGeGeGeGeGeSiGeGeGeGeGeGeGeGeGeGeGeGeGeGeGeGeGeGeGeSiGeGeGeGeSiSiGeSiGeGeGe
   164257.0937500000 GeGeGeGeGeGeSiSiSiSiGeGeGeGeGeGeGeGeGeGeGeGeGeGeGeGeGeGeSiGeGeGeGeGeGeGeGeGeGeGeGeGeGeGeGeGeGeGeSiGeGeGeGeSiSiGeSiGeGeGe
   164257.0937500000 GeGeGeGeGeGeSiSiSiSiGeGeGeGeGeGeGeGeGeGeGeGeGeGeGeGeGeGeSiGeGeGeGeGeGeGeGeGeGeGeGeGeGeGeGeGeGeGeSiGeGeGeGeSiSiGeSiGeGeGe
   164257.0937500000 GeGeGeGeGeGeSiSiSiSiGeGeGeGeGeGeGeGeGeGeGeGeGeGeGeGeGeGeSiGeGeGeGeGeGeGeGeGeGeGeGeGeGeGeGeGeGeGeSiGeGeGeGeSiSiGeSiGeGeGe
   164257.0937500000 GeGeGeGeGeGeSiSiSiSiGeGeGeGeGeGeGeGeGeGeGeGeGeGeGeGeGeGeSiGeGeGeGeGeGeGeGeGeGeGeGeGeGeGeGeGeGeGeSiGeGeGeGeSiSiGeSiGeGeGe
   161126.0625000000 GeSiGeSiGeGeSiGeGeSiGeGeGeGeGeGeGeGeGeGeGeGeGeGeGeGeGeGeGeGeGeGeGeSiGeGeGeGeGeGeGeSiGeGeGeGeGeGeSiGeGeSiGeGeGeGeSiGeGeGe
   161126.0625000000 GeSiGeSiGeGeSiGeGeSiGeGeGeGeGeGeGeGeGeGeGeGeGeGeGeGeGeGeGeGeGeGeGeSiGeGeGeGeGeGeGeSiGeGeGeGeGeGeSiGeGeSiGeGeGeGeSiGeGeGe
   154406.9531250000 SiSiGeGeGeGeSiGeSiSiGeGeGeGeGeGeGeGeGeGeGeGeGeGeGeGeGeGeGeGeGeGeGeGeGeGeGeGeGeGeGeSiGeGeGeGeGeGeGeGeSiSiGeGeGeGeGeSiGeGe
   154406.9531250000 SiSiGeGeGeGeSiGeSiSiGeGeGeGeGeGeGeGeGeGeGeGeGeGeGeGeGeGeGeGeGeGeGeGeGeGeGeGeGeGeGeSiGeGeGeGeGeGeGeGeSiSiGeGeGeGeGeSiGeGe
   154406.9531250000 SiSiGeGeGeGeSiGeSiSiGeGeGeGeGeGeGeGeGeGeGeGeGeGeGeGeGeGeGeGeGeGeGeGeGeGeGeGeGeGeGeSiGeGeGeGeGeGeGeGeSiSiGeGeGeGeGeSiGeGe
   154406.9531250000 SiSiGeGeGeGeSiGeSiSiGeGeGeGeGeGeGeGeGeGeGeGeGeGeGeGeGeGeGeGeGeGeGeGeGeGeGeGeGeGeGeSiGeGeGeGeGeGeGeGeSiSiGeGeGeGeGeSiGeGe
   154406.9531250000 SiSiGeGeGeGeSiGeSiSiGeGeGeGeGeGeGeGeGeGeGeGeGeGeGeGeGeGeGeGeGeGeGeGeGeGeGeGeGeGeGeSiGeGeGeGeGeGeGeGeSiSiGeGeGeGeGeSiGeGe
   154406.9531250000 SiSiGeGeGeGeSiGeSiSiGeGeGeGeGeGeGeGeGeGeGeGeGeGeGeGeGeGeGeGeGeGeGeGeGeGeGeGeGeGeGeSiGeGeGeGeGeGeGeGeSiSiGeGeGeGeGeSiGeGe
   154406.9531250000 SiSiGeGeGeGeSiGeSiSiGeGeGeGeGeGeGeGeGeGeGeGeGeGeGeGeGeGeGeGeGeGeGeGeGeGeGeGeGeGeGeSiGeGeGeGeGeGeGeGeSiSiGeGeGeGeGeSiGeGe
   154406.9531250000 SiSiGeGeGeGeSiGeSiSiGeGeGeGeGeGeGeGeGeGeGeGeGeGeGeGeGeGeGeGeGeGeGeGeGeGeGeGeGeGeGeSiGeGeGeGeGeGeGeGeSiSiGeGeGeGeGeSiGeGe
   154406.9531250000 SiSiGeGeGeGeSiGeSiSiGeGeGeGeGeGeGeGeGeGeGeGeGeGeGeGeGeGeGeGeGeGeGeGeGeGeGeGeGeGeGeSiGeGeGeGeGeGeGeGeSiSiGeGeGeGeGeSiGeGe
   154406.9531250000 SiSiGeGeGeGeSiGeSiSiGeGeGeGeGeGeGeGeGeGeGeGeGeGeGeGeGeGeGeGeGeGeGeGeGeGeGeGeGeGeGeSiGeGeGeGeGeGeGeGeSiSiGeGeGeGeGeSiGeGe
   154406.9531250000 SiSiGeGeGeGeSiGeSiSiGeGeGeGeGeGeGeGeGeGeGeGeGeGeGeGeGeGeGeGeGeGeGeGeGeGeGeGeGeGeGeSiGeGeGeGeGeGeGeGeSiSiGeGeGeGeGeSiGeGe
   154406.9531250000 SiSiGeGeGeGeSiGeSiSiGeGeGeGeGeGeGeGeGeGeGeGeGeGeGeGeGeGeGeGeGeGeGeGeGeGeGeGeGeGeGeSiGeGeGeGeGeGeGeGeSiSiGeGeGeGeGeSiGeGe
   154406.9531250000 SiSiGeGeGeGeSiGeSiSiGeGeGeGeGeGeGeGeGeGeGeGeGeGeGeGeGeGeGeGeGeGeGeGeGeGeGeGeGeGeGeSiGeGeGeGeGeGeGeGeSiSiGeGeGeGeGeSiGeGe
   154406.9531250000 SiSiGeGeGeGeSiGeSiSiGeGeGeGeGeGeGeGeGeGeGeGeGeGeGeGeGeGeGeGeGeGeGeGeGeGeGeGeGeGeGeSiGeGeGeGeGeGeGeGeSiSiGeGeGeGeGeSiGeGe
   154406.9531250000 SiSiGeGeGeGeSiGeSiSiGeGeGeGeGeGeGeGeGeGeGeGeGeGeGeGeGeGeGeGeGeGeGeGeGeGeGeGeGeGeGeSiGeGeGeGeGeGeGeGeSiSiGeGeGeGeGeSiGeGe
   154406.9531250000 SiSiGeGeGeGeSiGeSiSiGeGeGeGeGeGeGeGeGeGeGeGeGeGeGeGeGeGeGeGeGeGeGeGeGeGeGeGeGeGeGeSiGeGeGeGeGeGeGeGeSiSiGeGeGeGeGeSiGeGe
   154406.9531250000 SiSiGeGeGeGeSiGeSiSiGeGeGeGeGeGeGeGeGeGeGeGeGeGeGeGeGeGeGeGeGeGeGeGeGeGeGeGeGeGeGeSiGeGeGeGeGeGeGeGeSiSiGeGeGeGeGeSiGeGe
   154406.9531250000 SiSiGeGeGeGeSiGeSiSiGeGeGeGeGeGeGeGeGeGeGeGeGeGeGeGeGeGeGeGeGeGeGeGeGeGeGeGeGeGeGeSiGeGeGeGeGeGeGeGeSiSiGeGeGeGeGeSiGeGe
   154406.9531250000 SiSiGeGeGeGeSiGeSiSiGeGeGeGeGeGeGeGeGeGeGeGeGeGeGeGeGeGeGeGeGeGeGeGeGeGeGeGeGeGeGeSiGeGeGeGeGeGeGeGeSiSiGeGeGeGeGeSiGeGe
   154406.9531250000 SiSiGeGeGeGeSiGeSiSiGeGeGeGeGeGeGeGeGeGeGeGeGeGeGeGeGeGeGeGeGeGeGeGeGeGeGeGeGeGeGeSiGeGeGeGeGeGeGeGeSiSiGeGeGeGeGeSiGeGe
   154406.9531250000 SiSiGeGeGeGeSiGeSiSiGeGeGeGeGeGeGeGeGeGeGeGeGeGeGeGeGeGeGeGeGeGeGeGeGeGeGeGeGeGeGeSiGeGeGeGeGeGeGeGeSiSiGeGeGeGeGeSiGeGe
   154406.9531250000 SiSiGeGeGeGeSiGeSiSiGeGeGeGeGeGeGeGeGeGeGeGeGeGeGeGeGeGeGeGeGeGeGeGeGeGeGeGeGeGeGeSiGeGeGeGeGeGeGeGeSiSiGeGeGeGeGeSiGeGe
   154406.9531250000 SiSiGeGeGeGeSiGeSiSiGeGeGeGeGeGeGeGeGeGeGeGeGeGeGeGeGeGeGeGeGeGeGeGeGeGeGeGeGeGeGeSiGeGeGeGeGeGeGeGeSiSiGeGeGeGeGeSiGeGe
   154406.9531250000 SiSiGeGeGeGeSiGeSiSiGeGeGeGeGeGeGeGeGeGeGeGeGeGeGeGeGeGeGeGeGeGeGeGeGeGeGeGeGeGeGeSiGeGeGeGeGeGeGeGeSiSiGeGeGeGeGeSiGeGe
   154406.9531250000 SiSiGeGeGeGeSiGeSiSiGeGeGeGeGeGeGeGeGeGeGeGeGeGeGeGeGeGeGeGeGeGeGeGeGeGeGeGeGeGeGeSiGeGeGeGeGeGeGeGeSiSiGeGeGeGeGeSiGeGe
   154406.9531250000 SiSiGeGeGeGeSiGeSiSiGeGeGeGeGeGeGeGeGeGeGeGeGeGeGeGeGeGeGeGeGeGeGeGeGeGeGeGeGeGeGeSiGeGeGeGeGeGeGeGeSiSiGeGeGeGeGeSiGeGe
   154406.9531250000 SiSiGeGeGeGeSiGeSiSiGeGeGeGeGeGeGeGeGeGeGeGeGeGeGeGeGeGeGeGeGeGeGeGeGeGeGeGeGeGeGeSiGeGeGeGeGeGeGeGeSiSiGeGeGeGeGeSiGeGe
   154406.9531250000 SiSiGeGeGeGeSiGeSiSiGeGeGeGeGeGeGeGeGeGeGeGeGeGeGeGeGeGeGeGeGeGeGeGeGeGeGeGeGeGeGeSiGeGeGeGeGeGeGeGeSiSiGeGeGeGeGeSiGeGe
   154406.9531250000 SiSiGeGeGeGeSiGeSiSiGeGeGeGeGeGeGeGeGeGeGeGeGeGeGeGeGeGeGeGeGeGeGeGeGeGeGeGeGeGeGeSiGeGeGeGeGeGeGeGeSiSiGeGeGeGeGeSiGeGe
   154406.9531250000 SiSiGeGeGeGeSiGeSiSiGeGeGeGeGeGeGeGeGeGeGeGeGeGeGeGeGeGeGeGeGeGeGeGeGeGeGeGeGeGeGeSiGeGeGeGeGeGeGeGeSiSiGeGeGeGeGeSiGeGe
   154406.9531250000 SiSiGeGeGeGeSiGeSiSiGeGeGeGeGeGeGeGeGeGeGeGeGeGeGeGeGeGeGeGeGeGeGeGeGeGeGeGeGeGeGeSiGeGeGeGeGeGeGeGeSiSiGeGeGeGeGeSiGeGe
   154406.9531250000 SiSiGeGeGeGeSiGeSiSiGeGeGeGeGeGeGeGeGeGeGeGeGeGeGeGeGeGeGeGeGeGeGeGeGeGeGeGeGeGeGeSiGeGeGeGeGeGeGeGeSiSiGeGeGeGeGeSiGeGe
   154406.9531250000 SiSiGeGeGeGeSiGeSiSiGeGeGeGeGeGeGeGeGeGeGeGeGeGeGeGeGeGeGeGeGeGeGeGeGeGeGeGeGeGeGeSiGeGeGeGeGeGeGeGeSiSiGeGeGeGeGeSiGeGe
   154406.9531250000 SiSiGeGeGeGeSiGeSiSiGeGeGeGeGeGeGeGeGeGeGeGeGeGeGeGeGeGeGeGeGeGeGeGeGeGeGeGeGeGeGeSiGeGeGeGeGeGeGeGeSiSiGeGeGeGeGeSiGeGe
   154406.9531250000 SiSiGeGeGeGeSiGeSiSiGeGeGeGeGeGeGeGeGeGeGeGeGeGeGeGeGeGeGeGeGeGeGeGeGeGeGeGeGeGeGeSiGeGeGeGeGeGeGeGeSiSiGeGeGeGeGeSiGeGe
   154406.9531250000 SiSiGeGeGeGeSiGeSiSiGeGeGeGeGeGeGeGeGeGeGeGeGeGeGeGeGeGeGeGeGeGeGeGeGeGeGeGeGeGeGeSiGeGeGeGeGeGeGeGeSiSiGeGeGeGeGeSiGeGe
   154406.9531250000 SiSiGeGeGeGeSiGeSiSiGeGeGeGeGeGeGeGeGeGeGeGeGeGeGeGeGeGeGeGeGeGeGeGeGeGeGeGeGeGeGeSiGeGeGeGeGeGeGeGeSiSiGeGeGeGeGeSiGeGe
   154406.9531250000 SiSiGeGeGeGeSiGeSiSiGeGeGeGeGeGeGeGeGeGeGeGeGeGeGeGeGeGeGeGeGeGeGeGeGeGeGeGeGeGeGeSiGeGeGeGeGeGeGeGeSiSiGeGeGeGeGeSiGeGe
   154406.9531250000 SiSiGeGeGeGeSiGeSiSiGeGeGeGeGeGeGeGeGeGeGeGeGeGeGeGeGeGeGeGeGeGeGeGeGeGeGeGeGeGeGeSiGeGeGeGeGeGeGeGeSiSiGeGeGeGeGeSiGeGe
   154406.9531250000 SiSiGeGeGeGeSiGeSiSiGeGeGeGeGeGeGeGeGeGeGeGeGeGeGeGeGeGeGeGeGeGeGeGeGeGeGeGeGeGeGeSiGeGeGeGeGeGeGeGeSiSiGeGeGeGeGeSiGeGe
   154406.9531250000 SiSiGeGeGeGeSiGeSiSiGeGeGeGeGeGeGeGeGeGeGeGeGeGeGeGeGeGeGeGeGeGeGeGeGeGeGeGeGeGeGeSiGeGeGeGeGeGeGeGeSiSiGeGeGeGeGeSiGeGe
   154406.9531250000 SiSiGeGeGeGeSiGeSiSiGeGeGeGeGeGeGeGeGeGeGeGeGeGeGeGeGeGeGeGeGeGeGeGeGeGeGeGeGeGeGeSiGeGeGeGeGeGeGeGeSiSiGeGeGeGeGeSiGeGe
   154406.9531250000 SiSiGeGeGeGeSiGeSiSiGeGeGeGeGeGeGeGeGeGeGeGeGeGeGeGeGeGeGeGeGeGeGeGeGeGeGeGeGeGeGeSiGeGeGeGeGeGeGeGeSiSiGeGeGeGeGeSiGeGe
   154406.9531250000 SiSiGeGeGeGeSiGeSiSiGeGeGeGeGeGeGeGeGeGeGeGeGeGeGeGeGeGeGeGeGeGeGeGeGeGeGeGeGeGeGeSiGeGeGeGeGeGeGeGeSiSiGeGeGeGeGeSiGeGe
   154406.9531250000 SiSiGeGeGeGeSiGeSiSiGeGeGeGeGeGeGeGeGeGeGeGeGeGeGeGeGeGeGeGeGeGeGeGeGeGeGeGeGeGeGeSiGeGeGeGeGeGeGeGeSiSiGeGeGeGeGeSiGeGe
   154406.9531250000 SiSiGeGeGeGeSiGeSiSiGeGeGeGeGeGeGeGeGeGeGeGeGeGeGeGeGeGeGeGeGeGeGeGeGeGeGeGeGeGeGeSiGeGeGeGeGeGeGeGeSiSiGeGeGeGeGeSiGeGe
   154406.9531250000 SiSiGeGeGeGeSiGeSiSiGeGeGeGeGeGeGeGeGeGeGeGeGeGeGeGeGeGeGeGeGeGeGeGeGeGeGeGeGeGeGeSiGeGeGeGeGeGeGeGeSiSiGeGeGeGeGeSiGeGe
   154406.9531250000 SiSiGeGeGeGeSiGeSiSiGeGeGeGeGeGeGeGeGeGeGeGeGeGeGeGeGeGeGeGeGeGeGeGeGeGeGeGeGeGeGeSiGeGeGeGeGeGeGeGeSiSiGeGeGeGeGeSiGeGe
   154406.9531250000 SiSiGeGeGeGeSiGeSiSiGeGeGeGeGeGeGeGeGeGeGeGeGeGeGeGeGeGeGeGeGeGeGeGeGeGeGeGeGeGeGeSiGeGeGeGeGeGeGeGeSiSiGeGeGeGeGeSiGeGe
   154406.9531250000 SiSiGeGeGeGeSiGeSiSiGeGeGeGeGeGeGeGeGeGeGeGeGeGeGeGeGeGeGeGeGeGeGeGeGeGeGeGeGeGeGeSiGeGeGeGeGeGeGeGeSiSiGeGeGeGeGeSiGeGe
   154406.9531250000 SiSiGeGeGeGeSiGeSiSiGeGeGeGeGeGeGeGeGeGeGeGeGeGeGeGeGeGeGeGeGeGeGeGeGeGeGeGeGeGeGeSiGeGeGeGeGeGeGeGeSiSiGeGeGeGeGeSiGeGe
   154406.9531250000 SiSiGeGeGeGeSiGeSiSiGeGeGeGeGeGeGeGeGeGeGeGeGeGeGeGeGeGeGeGeGeGeGeGeGeGeGeGeGeGeGeSiGeGeGeGeGeGeGeGeSiSiGeGeGeGeGeSiGeGe
   154406.9531250000 SiSiGeGeGeGeSiGeSiSiGeGeGeGeGeGeGeGeGeGeGeGeGeGeGeGeGeGeGeGeGeGeGeGeGeGeGeGeGeGeGeSiGeGeGeGeGeGeGeGeSiSiGeGeGeGeGeSiGeGe
   154406.9531250000 SiSiGeGeGeGeSiGeSiSiGeGeGeGeGeGeGeGeGeGeGeGeGeGeGeGeGeGeGeGeGeGeGeGeGeGeGeGeGeGeGeSiGeGeGeGeGeGeGeGeSiSiGeGeGeGeGeSiGeGe
   154406.9531250000 SiSiGeGeGeGeSiGeSiSiGeGeGeGeGeGeGeGeGeGeGeGeGeGeGeGeGeGeGeGeGeGeGeGeGeGeGeGeGeGeGeSiGeGeGeGeGeGeGeGeSiSiGeGeGeGeGeSiGeGe
   154406.9531250000 SiSiGeGeGeGeSiGeSiSiGeGeGeGeGeGeGeGeGeGeGeGeGeGeGeGeGeGeGeGeGeGeGeGeGeGeGeGeGeGeGeSiGeGeGeGeGeGeGeGeSiSiGeGeGeGeGeSiGeGe
   154406.9531250000 SiSiGeGeGeGeSiGeSiSiGeGeGeGeGeGeGeGeGeGeGeGeGeGeGeGeGeGeGeGeGeGeGeGeGeGeGeGeGeGeGeSiGeGeGeGeGeGeGeGeSiSiGeGeGeGeGeSiGeGe
   154406.9531250000 SiSiGeGeGeGeSiGeSiSiGeGeGeGeGeGeGeGeGeGeGeGeGeGeGeGeGeGeGeGeGeGeGeGeGeGeGeGeGeGeGeSiGeGeGeGeGeGeGeGeSiSiGeGeGeGeGeSiGeGe
   154406.9531250000 SiSiGeGeGeGeSiGeSiSiGeGeGeGeGeGeGeGeGeGeGeGeGeGeGeGeGeGeGeGeGeGeGeGeGeGeGeGeGeGeGeSiGeGeGeGeGeGeGeGeSiSiGeGeGeGeGeSiGeGe
   154406.9531250000 SiSiGeGeGeGeSiGeSiSiGeGeGeGeGeGeGeGeGeGeGeGeGeGeGeGeGeGeGeGeGeGeGeGeGeGeGeGeGeGeGeSiGeGeGeGeGeGeGeGeSiSiGeGeGeGeGeSiGeGe
   154406.9531250000 SiSiGeGeGeGeSiGeSiSiGeGeGeGeGeGeGeGeGeGeGeGeGeGeGeGeGeGeGeGeGeGeGeGeGeGeGeGeGeGeGeSiGeGeGeGeGeGeGeGeSiSiGeGeGeGeGeSiGeGe
   154406.9531250000 SiSiGeGeGeGeSiGeSiSiGeGeGeGeGeGeGeGeGeGeGeGeGeGeGeGeGeGeGeGeGeGeGeGeGeGeGeGeGeGeGeSiGeGeGeGeGeGeGeGeSiSiGeGeGeGeGeSiGeGe
   154406.9531250000 SiSiGeGeGeGeSiGeSiSiGeGeGeGeGeGeGeGeGeGeGeGeGeGeGeGeGeGeGeGeGeGeGeGeGeGeGeGeGeGeGeSiGeGeGeGeGeGeGeGeSiSiGeGeGeGeGeSiGeGe
   154406.9531250000 SiSiGeGeGeGeSiGeSiSiGeGeGeGeGeGeGeGeGeGeGeGeGeGeGeGeGeGeGeGeGeGeGeGeGeGeGeGeGeGeGeSiGeGeGeGeGeGeGeGeSiSiGeGeGeGeGeSiGeGe
   154406.9531250000 SiSiGeGeGeGeSiGeSiSiGeGeGeGeGeGeGeGeGeGeGeGeGeGeGeGeGeGeGeGeGeGeGeGeGeGeGeGeGeGeGeSiGeGeGeGeGeGeGeGeSiSiGeGeGeGeGeSiGeGe
   154406.9531250000 SiSiGeGeGeGeSiGeSiSiGeGeGeGeGeGeGeGeGeGeGeGeGeGeGeGeGeGeGeGeGeGeGeGeGeGeGeGeGeGeGeSiGeGeGeGeGeGeGeGeSiSiGeGeGeGeGeSiGeGe
   154406.9531250000 SiSiGeGeGeGeSiGeSiSiGeGeGeGeGeGeGeGeGeGeGeGeGeGeGeGeGeGeGeGeGeGeGeGeGeGeGeGeGeGeGeSiGeGeGeGeGeGeGeGeSiSiGeGeGeGeGeSiGeGe
   154406.9531250000 SiSiGeGeGeGeSiGeSiSiGeGeGeGeGeGeGeGeGeGeGeGeGeGeGeGeGeGeGeGeGeGeGeGeGeGeGeGeGeGeGeSiGeGeGeGeGeGeGeGeSiSiGeGeGeGeGeSiGeGe
   154406.9531250000 SiSiGeGeGeGeSiGeSiSiGeGeGeGeGeGeGeGeGeGeGeGeGeGeGeGeGeGeGeGeGeGeGeGeGeGeGeGeGeGeGeSiGeGeGeGeGeGeGeGeSiSiGeGeGeGeGeSiGeGe
   154406.9531250000 SiSiGeGeGeGeSiGeSiSiGeGeGeGeGeGeGeGeGeGeGeGeGeGeGeGeGeGeGeGeGeGeGeGeGeGeGeGeGeGeGeSiGeGeGeGeGeGeGeGeSiSiGeGeGeGeGeSiGeGe
   154406.9531250000 SiSiGeGeGeGeSiGeSiSiGeGeGeGeGeGeGeGeGeGeGeGeGeGeGeGeGeGeGeGeGeGeGeGeGeGeGeGeGeGeGeSiGeGeGeGeGeGeGeGeSiSiGeGeGeGeGeSiGeGe
   154406.9531250000 SiSiGeGeGeGeSiGeSiSiGeGeGeGeGeGeGeGeGeGeGeGeGeGeGeGeGeGeGeGeGeGeGeGeGeGeGeGeGeGeGeSiGeGeGeGeGeGeGeGeSiSiGeGeGeGeGeSiGeGe
   154406.9531250000 SiSiGeGeGeGeSiGeSiSiGeGeGeGeGeGeGeGeGeGeGeGeGeGeGeGeGeGeGeGeGeGeGeGeGeGeGeGeGeGeGeSiGeGeGeGeGeGeGeGeSiSiGeGeGeGeGeSiGeGe
   154406.9531250000 SiSiGeGeGeGeSiGeSiSiGeGeGeGeGeGeGeGeGeGeGeGeGeGeGeGeGeGeGeGeGeGeGeGeGeGeGeGeGeGeGeSiGeGeGeGeGeGeGeGeSiSiGeGeGeGeGeSiGeGe
   154406.9531250000 SiSiGeGeGeGeSiGeSiSiGeGeGeGeGeGeGeGeGeGeGeGeGeGeGeGeGeGeGeGeGeGeGeGeGeGeGeGeGeGeGeSiGeGeGeGeGeGeGeGeSiSiGeGeGeGeGeSiGeGe
   154406.9531250000 SiSiGeGeGeGeSiGeSiSiGeGeGeGeGeGeGeGeGeGeGeGeGeGeGeGeGeGeGeGeGeGeGeGeGeGeGeGeGeGeGeSiGeGeGeGeGeGeGeGeSiSiGeGeGeGeGeSiGeGe
   154406.9531250000 SiSiGeGeGeGeSiGeSiSiGeGeGeGeGeGeGeGeGeGeGeGeGeGeGeGeGeGeGeGeGeGeGeGeGeGeGeGeGeGeGeSiGeGeGeGeGeGeGeGeSiSiGeGeGeGeGeSiGeGe
   154406.9531250000 SiSiGeGeGeGeSiGeSiSiGeGeGeGeGeGeGeGeGeGeGeGeGeGeGeGeGeGeGeGeGeGeGeGeGeGeGeGeGeGeGeSiGeGeGeGeGeGeGeGeSiSiGeGeGeGeGeSiGeGe
   154406.9531250000 SiSiGeGeGeGeSiGeSiSiGeGeGeGeGeGeGeGeGeGeGeGeGeGeGeGeGeGeGeGeGeGeGeGeGeGeGeGeGeGeGeSiGeGeGeGeGeGeGeGeSiSiGeGeGeGeGeSiGeGe
   154406.9531250000 SiSiGeGeGeGeSiGeSiSiGeGeGeGeGeGeGeGeGeGeGeGeGeGeGeGeGeGeGeGeGeGeGeGeGeGeGeGeGeGeGeSiGeGeGeGeGeGeGeGeSiSiGeGeGeGeGeSiGeGe
   154406.9531250000 SiSiGeGeGeGeSiGeSiSiGeGeGeGeGeGeGeGeGeGeGeGeGeGeGeGeGeGeGeGeGeGeGeGeGeGeGeGeGeGeGeSiGeGeGeGeGeGeGeGeSiSiGeGeGeGeGeSiGeGe
   154406.9531250000 SiSiGeGeGeGeSiGeSiSiGeGeGeGeGeGeGeGeGeGeGeGeGeGeGeGeGeGeGeGeGeGeGeGeGeGeGeGeGeGeGeSiGeGeGeGeGeGeGeGeSiSiGeGeGeGeGeSiGeGe
   154406.9531250000 SiSiGeGeGeGeSiGeSiSiGeGeGeGeGeGeGeGeGeGeGeGeGeGeGeGeGeGeGeGeGeGeGeGeGeGeGeGeGeGeGeSiGeGeGeGeGeGeGeGeSiSiGeGeGeGeGeSiGeGe
   154406.9531250000 SiSiGeGeGeGeSiGeSiSiGeGeGeGeGeGeGeGeGeGeGeGeGeGeGeGeGeGeGeGeGeGeGeGeGeGeGeGeGeGeGeSiGeGeGeGeGeGeGeGeSiSiGeGeGeGeGeSiGeGe
   154406.9531250000 SiSiGeGeGeGeSiGeSiSiGeGeGeGeGeGeGeGeGeGeGeGeGeGeGeGeGeGeGeGeGeGeGeGeGeGeGeGeGeGeGeSiGeGeGeGeGeGeGeGeSiSiGeGeGeGeGeSiGeGe
   154406.9531250000 SiSiGeGeGeGeSiGeSiSiGeGeGeGeGeGeGeGeGeGeGeGeGeGeGeGeGeGeGeGeGeGeGeGeGeGeGeGeGeGeGeSiGeGeGeGeGeGeGeGeSiSiGeGeGeGeGeSiGeGe
   154406.9531250000 SiSiGeGeGeGeSiGeSiSiGeGeGeGeGeGeGeGeGeGeGeGeGeGeGeGeGeGeGeGeGeGeGeGeGeGeGeGeGeGeGeSiGeGeGeGeGeGeGeGeSiSiGeGeGeGeGeSiGeGe
   154406.9531250000 SiSiGeGeGeGeSiGeSiSiGeGeGeGeGeGeGeGeGeGeGeGeGeGeGeGeGeGeGeGeGeGeGeGeGeGeGeGeGeGeGeSiGeGeGeGeGeGeGeGeSiSiGeGeGeGeGeSiGeGe
   154406.9531250000 SiSiGeGeGeGeSiGeSiSiGeGeGeGeGeGeGeGeGeGeGeGeGeGeGeGeGeGeGeGeGeGeGeGeGeGeGeGeGeGeGeSiGeGeGeGeGeGeGeGeSiSiGeGeGeGeGeSiGeGe
   154406.9531250000 SiSiGeGeGeGeSiGeSiSiGeGeGeGeGeGeGeGeGeGeGeGeGeGeGeGeGeGeGeGeGeGeGeGeGeGeGeGeGeGeGeSiGeGeGeGeGeGeGeGeSiSiGeGeGeGeGeSiGeGe
   154406.9531250000 SiSiGeGeGeGeSiGeSiSiGeGeGeGeGeGeGeGeGeGeGeGeGeGeGeGeGeGeGeGeGeGeGeGeGeGeGeGeGeGeGeSiGeGeGeGeGeGeGeGeSiSiGeGeGeGeGeSiGeGe
   154406.9531250000 SiSiGeGeGeGeSiGeSiSiGeGeGeGeGeGeGeGeGeGeGeGeGeGeGeGeGeGeGeGeGeGeGeGeGeGeGeGeGeGeGeSiGeGeGeGeGeGeGeGeSiSiGeGeGeGeGeSiGeGe
   154406.9531250000 SiSiGeGeGeGeSiGeSiSiGeGeGeGeGeGeGeGeGeGeGeGeGeGeGeGeGeGeGeGeGeGeGeGeGeGeGeGeGeGeGeSiGeGeGeGeGeGeGeGeSiSiGeGeGeGeGeSiGeGe
   154406.9531250000 SiSiGeGeGeGeSiGeSiSiGeGeGeGeGeGeGeGeGeGeGeGeGeGeGeGeGeGeGeGeGeGeGeGeGeGeGeGeGeGeGeSiGeGeGeGeGeGeGeGeSiSiGeGeGeGeGeSiGeGe
   154406.9531250000 SiSiGeGeGeGeSiGeSiSiGeGeGeGeGeGeGeGeGeGeGeGeGeGeGeGeGeGeGeGeGeGeGeGeGeGeGeGeGeGeGeSiGeGeGeGeGeGeGeGeSiSiGeGeGeGeGeSiGeGe
   154406.9531250000 SiSiGeGeGeGeSiGeSiSiGeGeGeGeGeGeGeGeGeGeGeGeGeGeGeGeGeGeGeGeGeGeGeGeGeGeGeGeGeGeGeSiGeGeGeGeGeGeGeGeSiSiGeGeGeGeGeSiGeGe
   154406.9531250000 SiSiGeGeGeGeSiGeSiSiGeGeGeGeGeGeGeGeGeGeGeGeGeGeGeGeGeGeGeGeGeGeGeGeGeGeGeGeGeGeGeSiGeGeGeGeGeGeGeGeSiSiGeGeGeGeGeSiGeGe
   154406.9531250000 SiSiGeGeGeGeSiGeSiSiGeGeGeGeGeGeGeGeGeGeGeGeGeGeGeGeGeGeGeGeGeGeGeGeGeGeGeGeGeGeGeSiGeGeGeGeGeGeGeGeSiSiGeGeGeGeGeSiGeGe
   154406.9531250000 SiSiGeGeGeGeSiGeSiSiGeGeGeGeGeGeGeGeGeGeGeGeGeGeGeGeGeGeGeGeGeGeGeGeGeGeGeGeGeGeGeSiGeGeGeGeGeGeGeGeSiSiGeGeGeGeGeSiGeGe
   154406.9531250000 SiSiGeGeGeGeSiGeSiSiGeGeGeGeGeGeGeGeGeGeGeGeGeGeGeGeGeGeGeGeGeGeGeGeGeGeGeGeGeGeGeSiGeGeGeGeGeGeGeGeSiSiGeGeGeGeGeSiGeGe
   154406.9531250000 SiSiGeGeGeGeSiGeSiSiGeGeGeGeGeGeGeGeGeGeGeGeGeGeGeGeGeGeGeGeGeGeGeGeGeGeGeGeGeGeGeSiGeGeGeGeGeGeGeGeSiSiGeGeGeGeGeSiGeGe
   154406.9531250000 SiSiGeGeGeGeSiGeSiSiGeGeGeGeGeGeGeGeGeGeGeGeGeGeGeGeGeGeGeGeGeGeGeGeGeGeGeGeGeGeGeSiGeGeGeGeGeGeGeGeSiSiGeGeGeGeGeSiGeGe
   154406.9531250000 SiSiGeGeGeGeSiGeSiSiGeGeGeGeGeGeGeGeGeGeGeGeGeGeGeGeGeGeGeGeGeGeGeGeGeGeGeGeGeGeGeSiGeGeGeGeGeGeGeGeSiSiGeGeGeGeGeSiGeGe
   154406.9531250000 SiSiGeGeGeGeSiGeSiSiGeGeGeGeGeGeGeGeGeGeGeGeGeGeGeGeGeGeGeGeGeGeGeGeGeGeGeGeGeGeGeSiGeGeGeGeGeGeGeGeSiSiGeGeGeGeGeSiGeGe
   154406.9531250000 SiSiGeGeGeGeSiGeSiSiGeGeGeGeGeGeGeGeGeGeGeGeGeGeGeGeGeGeGeGeGeGeGeGeGeGeGeGeGeGeGeSiGeGeGeGeGeGeGeGeSiSiGeGeGeGeGeSiGeGe
   154406.9531250000 SiSiGeGeGeGeSiGeSiSiGeGeGeGeGeGeGeGeGeGeGeGeGeGeGeGeGeGeGeGeGeGeGeGeGeGeGeGeGeGeGeSiGeGeGeGeGeGeGeGeSiSiGeGeGeGeGeSiGeGe
   154406.9531250000 SiSiGeGeGeGeSiGeSiSiGeGeGeGeGeGeGeGeGeGeGeGeGeGeGeGeGeGeGeGeGeGeGeGeGeGeGeGeGeGeGeSiGeGeGeGeGeGeGeGeSiSiGeGeGeGeGeSiGeGe
   154406.9531250000 SiSiGeGeGeGeSiGeSiSiGeGeGeGeGeGeGeGeGeGeGeGeGeGeGeGeGeGeGeGeGeGeGeGeGeGeGeGeGeGeGeSiGeGeGeGeGeGeGeGeSiSiGeGeGeGeGeSiGeGe
   154406.9531250000 SiSiGeGeGeGeSiGeSiSiGeGeGeGeGeGeGeGeGeGeGeGeGeGeGeGeGeGeGeGeGeGeGeGeGeGeGeGeGeGeGeSiGeGeGeGeGeGeGeGeSiSiGeGeGeGeGeSiGeGe
   154406.9531250000 SiSiGeGeGeGeSiGeSiSiGeGeGeGeGeGeGeGeGeGeGeGeGeGeGeGeGeGeGeGeGeGeGeGeGeGeGeGeGeGeGeSiGeGeGeGeGeGeGeGeSiSiGeGeGeGeGeSiGeGe
   154406.9531250000 SiSiGeGeGeGeSiGeSiSiGeGeGeGeGeGeGeGeGeGeGeGeGeGeGeGeGeGeGeGeGeGeGeGeGeGeGeGeGeGeGeSiGeGeGeGeGeGeGeGeSiSiGeGeGeGeGeSiGeGe
   154406.9531250000 SiSiGeGeGeGeSiGeSiSiGeGeGeGeGeGeGeGeGeGeGeGeGeGeGeGeGeGeGeGeGeGeGeGeGeGeGeGeGeGeGeSiGeGeGeGeGeGeGeGeSiSiGeGeGeGeGeSiGeGe
   154406.9531250000 SiSiGeGeGeGeSiGeSiSiGeGeGeGeGeGeGeGeGeGeGeGeGeGeGeGeGeGeGeGeGeGeGeGeGeGeGeGeGeGeGeSiGeGeGeGeGeGeGeGeSiSiGeGeGeGeGeSiGeGe
   154406.9531250000 SiSiGeGeGeGeSiGeSiSiGeGeGeGeGeGeGeGeGeGeGeGeGeGeGeGeGeGeGeGeGeGeGeGeGeGeGeGeGeGeGeSiGeGeGeGeGeGeGeGeSiSiGeGeGeGeGeSiGeGe
   154406.9531250000 SiSiGeGeGeGeSiGeSiSiGeGeGeGeGeGeGeGeGeGeGeGeGeGeGeGeGeGeGeGeGeGeGeGeGeGeGeGeGeGeGeSiGeGeGeGeGeGeGeGeSiSiGeGeGeGeGeSiGeGe
   154406.9531250000 SiSiGeGeGeGeSiGeSiSiGeGeGeGeGeGeGeGeGeGeGeGeGeGeGeGeGeGeGeGeGeGeGeGeGeGeGeGeGeGeGeSiGeGeGeGeGeGeGeGeSiSiGeGeGeGeGeSiGeGe
   154406.9531250000 SiSiGeGeGeGeSiGeSiSiGeGeGeGeGeGeGeGeGeGeGeGeGeGeGeGeGeGeGeGeGeGeGeGeGeGeGeGeGeGeGeSiGeGeGeGeGeGeGeGeSiSiGeGeGeGeGeSiGeGe
   154406.9531250000 SiSiGeGeGeGeSiGeSiSiGeGeGeGeGeGeGeGeGeGeGeGeGeGeGeGeGeGeGeGeGeGeGeGeGeGeGeGeGeGeGeSiGeGeGeGeGeGeGeGeSiSiGeGeGeGeGeSiGeGe
   154406.9531250000 SiSiGeGeGeGeSiGeSiSiGeGeGeGeGeGeGeGeGeGeGeGeGeGeGeGeGeGeGeGeGeGeGeGeGeGeGeGeGeGeGeSiGeGeGeGeGeGeGeGeSiSiGeGeGeGeGeSiGeGe
   154406.9531250000 SiSiGeGeGeGeSiGeSiSiGeGeGeGeGeGeGeGeGeGeGeGeGeGeGeGeGeGeGeGeGeGeGeGeGeGeGeGeGeGeGeSiGeGeGeGeGeGeGeGeSiSiGeGeGeGeGeSiGeGe
   154406.9531250000 SiSiGeGeGeGeSiGeSiSiGeGeGeGeGeGeGeGeGeGeGeGeGeGeGeGeGeGeGeGeGeGeGeGeGeGeGeGeGeGeGeSiGeGeGeGeGeGeGeGeSiSiGeGeGeGeGeSiGeGe
   154406.9531250000 SiSiGeGeGeGeSiGeSiSiGeGeGeGeGeGeGeGeGeGeGeGeGeGeGeGeGeGeGeGeGeGeGeGeGeGeGeGeGeGeGeSiGeGeGeGeGeGeGeGeSiSiGeGeGeGeGeSiGeGe
   154406.9531250000 SiSiGeGeGeGeSiGeSiSiGeGeGeGeGeGeGeGeGeGeGeGeGeGeGeGeGeGeGeGeGeGeGeGeGeGeGeGeGeGeGeSiGeGeGeGeGeGeGeGeSiSiGeGeGeGeGeSiGeGe
   154406.9531250000 SiSiGeGeGeGeSiGeSiSiGeGeGeGeGeGeGeGeGeGeGeGeGeGeGeGeGeGeGeGeGeGeGeGeGeGeGeGeGeGeGeSiGeGeGeGeGeGeGeGeSiSiGeGeGeGeGeSiGeGe
   154406.9531250000 SiSiGeGeGeGeSiGeSiSiGeGeGeGeGeGeGeGeGeGeGeGeGeGeGeGeGeGeGeGeGeGeGeGeGeGeGeGeGeGeGeSiGeGeGeGeGeGeGeGeSiSiGeGeGeGeGeSiGeGe
   154406.9531250000 SiSiGeGeGeGeSiGeSiSiGeGeGeGeGeGeGeGeGeGeGeGeGeGeGeGeGeGeGeGeGeGeGeGeGeGeGeGeGeGeGeSiGeGeGeGeGeGeGeGeSiSiGeGeGeGeGeSiGeGe
   154406.9531250000 SiSiGeGeGeGeSiGeSiSiGeGeGeGeGeGeGeGeGeGeGeGeGeGeGeGeGeGeGeGeGeGeGeGeGeGeGeGeGeGeGeSiGeGeGeGeGeGeGeGeSiSiGeGeGeGeGeSiGeGe
   154406.9531250000 SiSiGeGeGeGeSiGeSiSiGeGeGeGeGeGeGeGeGeGeGeGeGeGeGeGeGeGeGeGeGeGeGeGeGeGeGeGeGeGeGeSiGeGeGeGeGeGeGeGeSiSiGeGeGeGeGeSiGeGe
   154406.9531250000 SiSiGeGeGeGeSiGeSiSiGeGeGeGeGeGeGeGeGeGeGeGeGeGeGeGeGeGeGeGeGeGeGeGeGeGeGeGeGeGeGeSiGeGeGeGeGeGeGeGeSiSiGeGeGeGeGeSiGeGe
   154406.9531250000 SiSiGeGeGeGeSiGeSiSiGeGeGeGeGeGeGeGeGeGeGeGeGeGeGeGeGeGeGeGeGeGeGeGeGeGeGeGeGeGeGeSiGeGeGeGeGeGeGeGeSiSiGeGeGeGeGeSiGeGe
   154406.9531250000 SiSiGeGeGeGeSiGeSiSiGeGeGeGeGeGeGeGeGeGeGeGeGeGeGeGeGeGeGeGeGeGeGeGeGeGeGeGeGeGeGeSiGeGeGeGeGeGeGeGeSiSiGeGeGeGeGeSiGeGe
   154406.9531250000 SiSiGeGeGeGeSiGeSiSiGeGeGeGeGeGeGeGeGeGeGeGeGeGeGeGeGeGeGeGeGeGeGeGeGeGeGeGeGeGeGeSiGeGeGeGeGeGeGeGeSiSiGeGeGeGeGeSiGeGe
   154406.9531250000 SiSiGeGeGeGeSiGeSiSiGeGeGeGeGeGeGeGeGeGeGeGeGeGeGeGeGeGeGeGeGeGeGeGeGeGeGeGeGeGeGeSiGeGeGeGeGeGeGeGeSiSiGeGeGeGeGeSiGeGe
   154406.9531250000 SiSiGeGeGeGeSiGeSiSiGeGeGeGeGeGeGeGeGeGeGeGeGeGeGeGeGeGeGeGeGeGeGeGeGeGeGeGeGeGeGeSiGeGeGeGeGeGeGeGeSiSiGeGeGeGeGeSiGeGe
   154406.9531250000 SiSiGeGeGeGeSiGeSiSiGeGeGeGeGeGeGeGeGeGeGeGeGeGeGeGeGeGeGeGeGeGeGeGeGeGeGeGeGeGeGeSiGeGeGeGeGeGeGeGeSiSiGeGeGeGeGeSiGeGe
   154406.9531250000 SiSiGeGeGeGeSiGeSiSiGeGeGeGeGeGeGeGeGeGeGeGeGeGeGeGeGeGeGeGeGeGeGeGeGeGeGeGeGeGeGeSiGeGeGeGeGeGeGeGeSiSiGeGeGeGeGeSiGeGe
   154406.9531250000 SiSiGeGeGeGeSiGeSiSiGeGeGeGeGeGeGeGeGeGeGeGeGeGeGeGeGeGeGeGeGeGeGeGeGeGeGeGeGeGeGeSiGeGeGeGeGeGeGeGeSiSiGeGeGeGeGeSiGeGe
   154406.9531250000 SiSiGeGeGeGeSiGeSiSiGeGeGeGeGeGeGeGeGeGeGeGeGeGeGeGeGeGeGeGeGeGeGeGeGeGeGeGeGeGeGeSiGeGeGeGeGeGeGeGeSiSiGeGeGeGeGeSiGeGe
   154406.9531250000 SiSiGeGeGeGeSiGeSiSiGeGeGeGeGeGeGeGeGeGeGeGeGeGeGeGeGeGeGeGeGeGeGeGeGeGeGeGeGeGeGeSiGeGeGeGeGeGeGeGeSiSiGeGeGeGeGeSiGeGe
   154406.9531250000 SiSiGeGeGeGeSiGeSiSiGeGeGeGeGeGeGeGeGeGeGeGeGeGeGeGeGeGeGeGeGeGeGeGeGeGeGeGeGeGeGeSiGeGeGeGeGeGeGeGeSiSiGeGeGeGeGeSiGeGe
   154406.9531250000 SiSiGeGeGeGeSiGeSiSiGeGeGeGeGeGeGeGeGeGeGeGeGeGeGeGeGeGeGeGeGeGeGeGeGeGeGeGeGeGeGeSiGeGeGeGeGeGeGeGeSiSiGeGeGeGeGeSiGeGe
   154406.9531250000 SiSiGeGeGeGeSiGeSiSiGeGeGeGeGeGeGeGeGeGeGeGeGeGeGeGeGeGeGeGeGeGeGeGeGeGeGeGeGeGeGeSiGeGeGeGeGeGeGeGeSiSiGeGeGeGeGeSiGeGe
   154406.9531250000 SiSiGeGeGeGeSiGeSiSiGeGeGeGeGeGeGeGeGeGeGeGeGeGeGeGeGeGeGeGeGeGeGeGeGeGeGeGeGeGeGeSiGeGeGeGeGeGeGeGeSiSiGeGeGeGeGeSiGeGe
   154406.9531250000 SiSiGeGeGeGeSiGeSiSiGeGeGeGeGeGeGeGeGeGeGeGeGeGeGeGeGeGeGeGeGeGeGeGeGeGeGeGeGeGeGeSiGeGeGeGeGeGeGeGeSiSiGeGeGeGeGeSiGeGe
   154406.9531250000 SiSiGeGeGeGeSiGeSiSiGeGeGeGeGeGeGeGeGeGeGeGeGeGeGeGeGeGeGeGeGeGeGeGeGeGeGeGeGeGeGeSiGeGeGeGeGeGeGeGeSiSiGeGeGeGeGeSiGeGe
   154406.9531250000 SiSiGeGeGeGeSiGeSiSiGeGeGeGeGeGeGeGeGeGeGeGeGeGeGeGeGeGeGeGeGeGeGeGeGeGeGeGeGeGeGeSiGeGeGeGeGeGeGeGeSiSiGeGeGeGeGeSiGeGe
   154406.9531250000 SiSiGeGeGeGeSiGeSiSiGeGeGeGeGeGeGeGeGeGeGeGeGeGeGeGeGeGeGeGeGeGeGeGeGeGeGeGeGeGeGeSiGeGeGeGeGeGeGeGeSiSiGeGeGeGeGeSiGeGe
   154406.9531250000 SiSiGeGeGeGeSiGeSiSiGeGeGeGeGeGeGeGeGeGeGeGeGeGeGeGeGeGeGeGeGeGeGeGeGeGeGeGeGeGeGeSiGeGeGeGeGeGeGeGeSiSiGeGeGeGeGeSiGeGe
   154406.9531250000 SiSiGeGeGeGeSiGeSiSiGeGeGeGeGeGeGeGeGeGeGeGeGeGeGeGeGeGeGeGeGeGeGeGeGeGeGeGeGeGeGeSiGeGeGeGeGeGeGeGeSiSiGeGeGeGeGeSiGeGe
   154406.9531250000 SiSiGeGeGeGeSiGeSiSiGeGeGeGeGeGeGeGeGeGeGeGeGeGeGeGeGeGeGeGeGeGeGeGeGeGeGeGeGeGeGeSiGeGeGeGeGeGeGeGeSiSiGeGeGeGeGeSiGeGe
   154406.9531250000 SiSiGeGeGeGeSiGeSiSiGeGeGeGeGeGeGeGeGeGeGeGeGeGeGeGeGeGeGeGeGeGeGeGeGeGeGeGeGeGeGeSiGeGeGeGeGeGeGeGeSiSiGeGeGeGeGeSiGeGe
   154406.9531250000 SiSiGeGeGeGeSiGeSiSiGeGeGeGeGeGeGeGeGeGeGeGeGeGeGeGeGeGeGeGeGeGeGeGeGeGeGeGeGeGeGeSiGeGeGeGeGeGeGeGeSiSiGeGeGeGeGeSiGeGe
   154406.9531250000 SiSiGeGeGeGeSiGeSiSiGeGeGeGeGeGeGeGeGeGeGeGeGeGeGeGeGeGeGeGeGeGeGeGeGeGeGeGeGeGeGeSiGeGeGeGeGeGeGeGeSiSiGeGeGeGeGeSiGeGe
   154406.9531250000 SiSiGeGeGeGeSiGeSiSiGeGeGeGeGeGeGeGeGeGeGeGeGeGeGeGeGeGeGeGeGeGeGeGeGeGeGeGeGeGeGeSiGeGeGeGeGeGeGeGeSiSiGeGeGeGeGeSiGeGe
   154406.9531250000 SiSiGeGeGeGeSiGeSiSiGeGeGeGeGeGeGeGeGeGeGeGeGeGeGeGeGeGeGeGeGeGeGeGeGeGeGeGeGeGeGeSiGeGeGeGeGeGeGeGeSiSiGeGeGeGeGeSiGeGe
   154406.9531250000 SiSiGeGeGeGeSiGeSiSiGeGeGeGeGeGeGeGeGeGeGeGeGeGeGeGeGeGeGeGeGeGeGeGeGeGeGeGeGeGeGeSiGeGeGeGeGeGeGeGeSiSiGeGeGeGeGeSiGeGe
   154406.9531250000 SiSiGeGeGeGeSiGeSiSiGeGeGeGeGeGeGeGeGeGeGeGeGeGeGeGeGeGeGeGeGeGeGeGeGeGeGeGeGeGeGeSiGeGeGeGeGeGeGeGeSiSiGeGeGeGeGeSiGeGe
   154406.9531250000 SiSiGeGeGeGeSiGeSiSiGeGeGeGeGeGeGeGeGeGeGeGeGeGeGeGeGeGeGeGeGeGeGeGeGeGeGeGeGeGeGeSiGeGeGeGeGeGeGeGeSiSiGeGeGeGeGeSiGeGe
   154406.9531250000 SiSiGeGeGeGeSiGeSiSiGeGeGeGeGeGeGeGeGeGeGeGeGeGeGeGeGeGeGeGeGeGeGeGeGeGeGeGeGeGeGeSiGeGeGeGeGeGeGeGeSiSiGeGeGeGeGeSiGeGe
   154406.9531250000 SiSiGeGeGeGeSiGeSiSiGeGeGeGeGeGeGeGeGeGeGeGeGeGeGeGeGeGeGeGeGeGeGeGeGeGeGeGeGeGeGeSiGeGeGeGeGeGeGeGeSiSiGeGeGeGeGeSiGeGe
   154406.9531250000 SiSiGeGeGeGeSiGeSiSiGeGeGeGeGeGeGeGeGeGeGeGeGeGeGeGeGeGeGeGeGeGeGeGeGeGeGeGeGeGeGeSiGeGeGeGeGeGeGeGeSiSiGeGeGeGeGeSiGeGe
   154406.9531250000 SiSiGeGeGeGeSiGeSiSiGeGeGeGeGeGeGeGeGeGeGeGeGeGeGeGeGeGeGeGeGeGeGeGeGeGeGeGeGeGeGeSiGeGeGeGeGeGeGeGeSiSiGeGeGeGeGeSiGeGe
   154406.9531250000 SiSiGeGeGeGeSiGeSiSiGeGeGeGeGeGeGeGeGeGeGeGeGeGeGeGeGeGeGeGeGeGeGeGeGeGeGeGeGeGeGeSiGeGeGeGeGeGeGeGeSiSiGeGeGeGeGeSiGeGe
   154406.9531250000 SiSiGeGeGeGeSiGeSiSiGeGeGeGeGeGeGeGeGeGeGeGeGeGeGeGeGeGeGeGeGeGeGeGeGeGeGeGeGeGeGeSiGeGeGeGeGeGeGeGeSiSiGeGeGeGeGeSiGeGe
   154406.9531250000 SiSiGeGeGeGeSiGeSiSiGeGeGeGeGeGeGeGeGeGeGeGeGeGeGeGeGeGeGeGeGeGeGeGeGeGeGeGeGeGeGeSiGeGeGeGeGeGeGeGeSiSiGeGeGeGeGeSiGeGe
   154406.9531250000 SiSiGeGeGeGeSiGeSiSiGeGeGeGeGeGeGeGeGeGeGeGeGeGeGeGeGeGeGeGeGeGeGeGeGeGeGeGeGeGeGeSiGeGeGeGeGeGeGeGeSiSiGeGeGeGeGeSiGeGe
   154406.9531250000 SiSiGeGeGeGeSiGeSiSiGeGeGeGeGeGeGeGeGeGeGeGeGeGeGeGeGeGeGeGeGeGeGeGeGeGeGeGeGeGeGeSiGeGeGeGeGeGeGeGeSiSiGeGeGeGeGeSiGeGe
   154406.9531250000 SiSiGeGeGeGeSiGeSiSiGeGeGeGeGeGeGeGeGeGeGeGeGeGeGeGeGeGeGeGeGeGeGeGeGeGeGeGeGeGeGeSiGeGeGeGeGeGeGeGeSiSiGeGeGeGeGeSiGeGe
   154406.9531250000 SiSiGeGeGeGeSiGeSiSiGeGeGeGeGeGeGeGeGeGeGeGeGeGeGeGeGeGeGeGeGeGeGeGeGeGeGeGeGeGeGeSiGeGeGeGeGeGeGeGeSiSiGeGeGeGeGeSiGeGe
   154406.9531250000 SiSiGeGeGeGeSiGeSiSiGeGeGeGeGeGeGeGeGeGeGeGeGeGeGeGeGeGeGeGeGeGeGeGeGeGeGeGeGeGeGeSiGeGeGeGeGeGeGeGeSiSiGeGeGeGeGeSiGeGe
   154406.9531250000 SiSiGeGeGeGeSiGeSiSiGeGeGeGeGeGeGeGeGeGeGeGeGeGeGeGeGeGeGeGeGeGeGeGeGeGeGeGeGeGeGeSiGeGeGeGeGeGeGeGeSiSiGeGeGeGeGeSiGeGe
   154406.9531250000 SiSiGeGeGeGeSiGeSiSiGeGeGeGeGeGeGeGeGeGeGeGeGeGeGeGeGeGeGeGeGeGeGeGeGeGeGeGeGeGeGeSiGeGeGeGeGeGeGeGeSiSiGeGeGeGeGeSiGeGe
   154406.9531250000 SiSiGeGeGeGeSiGeSiSiGeGeGeGeGeGeGeGeGeGeGeGeGeGeGeGeGeGeGeGeGeGeGeGeGeGeGeGeGeGeGeSiGeGeGeGeGeGeGeGeSiSiGeGeGeGeGeSiGeGe
   154406.9531250000 SiSiGeGeGeGeSiGeSiSiGeGeGeGeGeGeGeGeGeGeGeGeGeGeGeGeGeGeGeGeGeGeGeGeGeGeGeGeGeGeGeSiGeGeGeGeGeGeGeGeSiSiGeGeGeGeGeSiGeGe
   154406.9531250000 SiSiGeGeGeGeSiGeSiSiGeGeGeGeGeGeGeGeGeGeGeGeGeGeGeGeGeGeGeGeGeGeGeGeGeGeGeGeGeGeGeSiGeGeGeGeGeGeGeGeSiSiGeGeGeGeGeSiGeGe
   154406.9531250000 SiSiGeGeGeGeSiGeSiSiGeGeGeGeGeGeGeGeGeGeGeGeGeGeGeGeGeGeGeGeGeGeGeGeGeGeGeGeGeGeGeSiGeGeGeGeGeGeGeGeSiSiGeGeGeGeGeSiGeGe
   154406.9531250000 SiSiGeGeGeGeSiGeSiSiGeGeGeGeGeGeGeGeGeGeGeGeGeGeGeGeGeGeGeGeGeGeGeGeGeGeGeGeGeGeGeSiGeGeGeGeGeGeGeGeSiSiGeGeGeGeGeSiGeGe
   154406.9531250000 SiSiGeGeGeGeSiGeSiSiGeGeGeGeGeGeGeGeGeGeGeGeGeGeGeGeGeGeGeGeGeGeGeGeGeGeGeGeGeGeGeSiGeGeGeGeGeGeGeGeSiSiGeGeGeGeGeSiGeGe
   154406.9531250000 SiSiGeGeGeGeSiGeSiSiGeGeGeGeGeGeGeGeGeGeGeGeGeGeGeGeGeGeGeGeGeGeGeGeGeGeGeGeGeGeGeSiGeGeGeGeGeGeGeGeSiSiGeGeGeGeGeSiGeGe
   154406.9531250000 SiSiGeGeGeGeSiGeSiSiGeGeGeGeGeGeGeGeGeGeGeGeGeGeGeGeGeGeGeGeGeGeGeGeGeGeGeGeGeGeGeSiGeGeGeGeGeGeGeGeSiSiGeGeGeGeGeSiGeGe
   154406.9531250000 SiSiGeGeGeGeSiGeSiSiGeGeGeGeGeGeGeGeGeGeGeGeGeGeGeGeGeGeGeGeGeGeGeGeGeGeGeGeGeGeGeSiGeGeGeGeGeGeGeGeSiSiGeGeGeGeGeSiGeGe
   154406.9531250000 SiSiGeGeGeGeSiGeSiSiGeGeGeGeGeGeGeGeGeGeGeGeGeGeGeGeGeGeGeGeGeGeGeGeGeGeGeGeGeGeGeSiGeGeGeGeGeGeGeGeSiSiGeGeGeGeGeSiGeGe
   154406.9531250000 SiSiGeGeGeGeSiGeSiSiGeGeGeGeGeGeGeGeGeGeGeGeGeGeGeGeGeGeGeGeGeGeGeGeGeGeGeGeGeGeGeSiGeGeGeGeGeGeGeGeSiSiGeGeGeGeGeSiGeGe
   154406.9531250000 SiSiGeGeGeGeSiGeSiSiGeGeGeGeGeGeGeGeGeGeGeGeGeGeGeGeGeGeGeGeGeGeGeGeGeGeGeGeGeGeGeSiGeGeGeGeGeGeGeGeSiSiGeGeGeGeGeSiGeGe
   154406.9531250000 SiSiGeGeGeGeSiGeSiSiGeGeGeGeGeGeGeGeGeGeGeGeGeGeGeGeGeGeGeGeGeGeGeGeGeGeGeGeGeGeGeSiGeGeGeGeGeGeGeGeSiSiGeGeGeGeGeSiGeGe
   154406.9531250000 SiSiGeGeGeGeSiGeSiSiGeGeGeGeGeGeGeGeGeGeGeGeGeGeGeGeGeGeGeGeGeGeGeGeGeGeGeGeGeGeGeSiGeGeGeGeGeGeGeGeSiSiGeGeGeGeGeSiGeGe
   154406.9531250000 SiSiGeGeGeGeSiGeSiSiGeGeGeGeGeGeGeGeGeGeGeGeGeGeGeGeGeGeGeGeGeGeGeGeGeGeGeGeGeGeGeSiGeGeGeGeGeGeGeGeSiSiGeGeGeGeGeSiGeGe
   154406.9531250000 SiSiGeGeGeGeSiGeSiSiGeGeGeGeGeGeGeGeGeGeGeGeGeGeGeGeGeGeGeGeGeGeGeGeGeGeGeGeGeGeGeSiGeGeGeGeGeGeGeGeSiSiGeGeGeGeGeSiGeGe
   154406.9531250000 SiSiGeGeGeGeSiGeSiSiGeGeGeGeGeGeGeGeGeGeGeGeGeGeGeGeGeGeGeGeGeGeGeGeGeGeGeGeGeGeGeSiGeGeGeGeGeGeGeGeSiSiGeGeGeGeGeSiGeGe
   154406.9531250000 SiSiGeGeGeGeSiGeSiSiGeGeGeGeGeGeGeGeGeGeGeGeGeGeGeGeGeGeGeGeGeGeGeGeGeGeGeGeGeGeGeSiGeGeGeGeGeGeGeGeSiSiGeGeGeGeGeSiGeGe
   154406.9531250000 SiSiGeGeGeGeSiGeSiSiGeGeGeGeGeGeGeGeGeGeGeGeGeGeGeGeGeGeGeGeGeGeGeGeGeGeGeGeGeGeGeSiGeGeGeGeGeGeGeGeSiSiGeGeGeGeGeSiGeGe
   154406.9531250000 SiSiGeGeGeGeSiGeSiSiGeGeGeGeGeGeGeGeGeGeGeGeGeGeGeGeGeGeGeGeGeGeGeGeGeGeGeGeGeGeGeSiGeGeGeGeGeGeGeGeSiSiGeGeGeGeGeSiGeGe
filename: c000001080715141.gin     
Cell:
    11.9020996    11.9020996    29.6919994    90.0000000    90.0000000   120.0000000
Box:
    11.9020996    -5.9510503     0.0000000
     0.0000000    10.3075209     0.0000000
     0.0000000     0.0000000    29.6919994
----------------------------------------
Inverse Box:
     0.0840188     0.0485083     0.0000000
     0.0000000     0.0970165     0.0000000
     0.0000000     0.0000000     0.0336791
----------------------------------------
==============================================
geometrical properties of  51 Ge:
 Configuration:           0
 D_ave:   9.08810139       3.57848215    
 D_min:   3.01207399       2.12836862E-02
 energia:   154406.953    
