Random Seed:  1168819744
Number of atoms:    60
Space Group:    1
Cell:
    11.9020996    11.9020996    29.6919994    90.0000000    90.0000000   120.0000000
Box:
    11.9020996    -5.9510503     0.0000000
     0.0000000    10.3075209     0.0000000
     0.0000000     0.0000000    29.6919994
----------------------------------------
Inverse Box:
     0.0840188     0.0485083     0.0000000
     0.0000000     0.0970165     0.0000000
     0.0000000     0.0000000     0.0336791
----------------------------------------
SiGeSiSiSiSiSiSiSiSiSiSiSiSiSiSiGeSiSiSiSiSiSiSiSiSiSiSiSiSiSiSiSiSiSiSiSiSiSiSiSiSiSiSiSiSiSiSiSiSiSiSiSiSiSiSiSiSiSiSi
           2 Ge    -7727.77197    
SiGeGeSiSiSiSiSiSiSiSiSiSiSiSiSiGeSiSiSiSiSiSiSiSiSiSiSiSiSiSiSiSiSiSiSiSiSiSiSiSiSiSiSiSiSiSiSiSiSiSiSiSiSiSiSiSiSiSiSi
           3 Ge    -7715.08252    
SiGeGeGeSiSiSiSiSiSiSiSiSiSiSiSiGeSiSiSiSiSiSiSiSiSiSiSiSiSiSiSiSiSiSiSiSiSiSiSiSiSiSiSiSiSiSiSiSiSiSiSiSiSiSiSiSiSiSiSi
           4 Ge    -7720.72998    
SiGeGeGeGeSiSiSiSiSiSiSiSiSiSiSiGeSiSiSiSiSiSiSiSiSiSiSiSiSiSiSiSiSiSiSiSiSiSiSiSiSiSiSiSiSiSiSiSiSiSiSiSiSiSiSiSiSiSiSi
           5 Ge    -7739.64355    
SiGeGeGeGeGeSiSiSiSiSiSiSiSiSiSiGeSiSiSiSiSiSiSiSiSiSiSiSiSiSiSiSiSiSiSiSiSiSiSiSiSiSiSiSiSiSiSiSiSiSiSiSiSiSiSiSiSiSiSi
           6 Ge    -7776.24951    
SiGeGeGeGeGeGeSiSiSiSiSiSiSiSiSiGeSiSiSiSiSiSiSiSiSiSiSiSiSiSiSiSiSiSiSiSiSiSiSiSiSiSiSiSiSiSiSiSiSiSiSiSiSiSiSiSiSiSiSi
           7 Ge    -7888.81689    
SiGeGeGeGeGeGeGeSiSiSiSiSiSiSiSiGeSiSiSiSiSiSiSiSiSiSiSiSiSiSiSiSiSiSiSiSiSiSiSiSiSiSiSiSiSiSiSiSiSiSiSiSiSiSiSiSiSiSiSi
           8 Ge    -8029.62744    
SiGeGeGeGeGeGeGeSiSiSiGeSiSiSiSiGeSiSiSiSiSiSiSiSiSiSiSiSiSiSiSiSiSiSiSiSiSiSiSiSiSiSiSiSiSiSiSiSiSiSiSiSiSiSiSiSiSiSiSi
          12 Ge    -8284.16406    
SiGeGeGeGeGeGeGeSiSiSiGeGeSiSiSiGeSiSiSiSiSiSiSiSiSiSiSiSiSiSiSiSiSiSiSiSiSiSiSiSiSiSiSiSiSiSiSiSiSiSiSiSiSiSiSiSiSiSiSi
          13 Ge    -8393.40625    
SiGeGeGeGeGeGeGeSiSiSiGeGeSiSiGeGeSiSiSiSiSiSiSiSiSiSiSiSiSiSiSiSiSiSiSiSiSiSiSiSiSiSiSiSiSiSiSiSiSiSiSiSiSiSiSiSiSiSiSi
          16 Ge    -8745.03516    
SiGeGeGeGeGeGeGeSiSiSiGeGeSiSiGeGeSiSiSiSiSiSiSiSiGeSiSiSiSiSiSiSiSiSiSiSiSiSiSiSiSiSiSiSiSiSiSiSiSiSiSiSiSiSiSiSiSiSiSi
          26 Ge    -8691.64648    
SiGeGeGeGeGeGeGeSiSiSiGeGeSiSiGeGeSiSiSiSiSiSiSiSiGeSiSiSiGeSiSiSiSiSiSiSiSiSiSiSiSiSiSiSiSiSiSiSiSiSiSiSiSiSiSiSiSiSiSi
          30 Ge    -8938.27832    
SiGeGeGeGeGeGeGeSiSiSiGeGeSiSiGeGeSiSiSiSiSiSiSiSiGeSiSiSiGeSiSiSiSiSiGeSiSiSiSiSiSiSiSiSiSiSiSiSiSiSiSiSiSiSiSiSiSiSiSi
          36 Ge    -8804.65723    
SiGeGeGeGeGeGeGeSiSiSiGeGeSiSiGeGeSiSiSiSiSiSiSiSiGeSiSiSiGeSiSiSiSiSiGeSiSiGeSiSiSiSiSiSiSiSiSiSiSiSiSiSiSiSiSiSiSiSiSi
          39 Ge    -9358.34668    
SiGeGeGeGeGeGeGeSiSiSiGeGeSiSiGeGeSiSiSiSiSiSiSiSiGeSiSiSiGeSiSiSiSiSiGeSiSiGeGeSiSiSiSiSiSiSiSiSiSiSiSiSiSiSiSiSiSiSiSi
          40 Ge    -9465.08105    
SiGeGeGeGeGeGeGeSiSiSiGeGeSiSiGeGeSiSiSiSiSiSiSiSiGeSiSiSiGeSiSiSiSiSiGeSiSiGeGeSiGeSiSiSiSiSiSiSiSiSiSiSiSiSiSiSiSiSiSi
          42 Ge    -9166.96387    
SiGeGeGeGeGeGeGeSiSiSiGeGeSiSiGeGeSiSiSiSiSiSiSiSiGeSiSiSiGeSiSiSiSiSiGeSiSiGeGeSiGeSiSiGeSiSiSiSiSiSiSiSiSiSiSiSiSiSiSi
          45 Ge    -9678.95117    
SiGeGeGeGeGeGeGeSiSiSiGeGeSiSiGeGeSiSiSiSiSiSiSiSiGeSiSiSiGeSiSiSiSiSiGeSiSiGeGeSiGeSiSiGeGeSiSiSiSiSiSiSiSiSiSiSiSiSiSi
          46 Ge    -9496.73145    
SiGeGeGeGeGeGeGeSiSiSiGeGeSiSiGeGeSiSiSiSiSiSiSiSiGeSiSiSiGeSiSiSiSiSiGeSiSiGeGeSiGeSiSiGeGeSiSiGeSiSiSiSiSiSiSiSiSiSiSi
          49 Ge    -9508.32812    
SiGeGeGeGeGeGeGeSiGeSiGeGeSiSiGeGeSiSiSiSiSiSiSiSiGeSiSiSiGeSiSiSiSiSiGeSiSiGeGeSiGeSiSiGeGeSiSiGeSiSiSiSiSiSiSiSiSiSiSi
          10 Ge    -9771.64844    
SiGeGeGeGeGeGeGeSiGeGeGeGeSiSiGeGeSiSiSiSiSiSiSiSiGeSiSiSiGeSiSiSiSiSiGeSiSiGeGeSiGeSiSiGeGeSiSiGeSiSiSiSiSiSiSiSiSiSiSi
          11 Ge    -10595.5547    
SiGeGeGeGeGeGeGeSiGeGeGeGeGeSiGeGeSiSiSiSiSiSiSiSiGeSiSiSiGeSiSiSiSiSiGeSiSiGeGeSiGeSiSiGeGeSiSiGeSiSiSiSiSiSiSiSiSiSiSi
          14 Ge    -8793.85742    
SiGeGeGeGeGeGeGeSiGeGeGeGeGeGeGeGeSiSiSiSiSiSiSiSiGeSiSiSiGeSiSiSiSiSiGeSiSiGeGeSiGeSiSiGeGeSiSiGeSiSiSiSiSiSiSiSiSiSiSi
          15 Ge    -7770.97754    
SiGeGeGeGeGeGeGeSiGeGeGeGeGeGeGeGeSiSiSiSiSiGeSiSiGeSiSiSiGeSiSiSiSiSiGeSiSiGeGeSiGeSiSiGeGeSiSiGeSiSiSiSiSiSiSiSiSiSiSi
          23 Ge    -4433.80420    
SiGeGeGeGeGeGeGeSiGeGeGeGeGeGeGeGeSiSiSiSiSiGeGeSiGeSiSiSiGeSiSiSiSiSiGeSiSiGeGeSiGeSiSiGeGeSiSiGeSiSiSiSiSiSiSiSiSiSiSi
          24 Ge     18.9125977    
SiGeGeGeGeGeGeGeSiGeGeGeGeGeGeGeGeSiSiSiSiSiGeGeSiGeSiGeSiGeSiSiSiSiSiGeSiSiGeGeSiGeSiSiGeGeSiSiGeSiSiSiSiSiSiSiSiSiSiSi
          28 Ge     3258.50928    
SiGeGeGeGeGeGeGeSiGeGeGeGeGeGeGeGeSiSiSiSiSiGeGeSiGeSiGeSiGeSiSiSiSiSiGeSiSiGeGeSiGeSiGeGeGeSiSiGeSiSiSiSiSiSiSiSiSiSiSi
          44 Ge     2433.65820    
SiGeGeGeGeGeGeGeSiGeGeGeGeGeGeGeGeSiSiSiSiSiGeGeSiGeSiGeSiGeSiSiSiSiSiGeSiSiGeGeSiGeSiGeGeGeSiSiGeSiGeSiSiSiSiSiSiSiSiSi
          51 Ge     382.158203    
SiGeGeGeGeGeGeGeSiGeGeGeGeGeGeGeGeSiSiSiSiSiGeGeSiGeSiGeSiGeSiSiSiSiSiGeSiSiGeGeSiGeSiGeGeGeSiSiGeSiGeSiSiSiSiSiGeSiSiSi
          57 Ge     496.204590    
SiGeGeGeGeGeGeGeSiGeGeGeGeGeGeGeGeSiSiSiSiSiGeGeSiGeSiGeSiGeSiSiSiSiSiGeSiSiGeGeSiGeSiGeGeGeSiSiGeSiGeSiSiSiSiSiGeGeSiSi
          58 Ge     2641.02979    
GeGeGeGeGeGeGeGeSiGeGeGeGeGeGeGeGeSiSiSiSiSiGeGeSiGeSiGeSiGeSiSiSiSiSiGeSiSiGeGeSiGeSiGeGeGeSiSiGeSiGeSiSiSiSiSiGeGeSiSi
           1 Ge     11011.5195    
GeGeGeGeGeGeGeGeGeGeGeGeGeGeGeGeGeSiSiSiSiSiGeGeSiGeSiGeSiGeSiSiSiSiSiGeSiSiGeGeSiGeSiGeGeGeSiSiGeSiGeSiSiSiSiSiGeGeSiSi
           9 Ge     14999.5254    
GeGeGeGeGeGeGeGeGeGeGeGeGeGeGeGeGeGeSiSiSiSiGeGeSiGeSiGeSiGeSiSiSiSiSiGeSiSiGeGeSiGeSiGeGeGeSiSiGeSiGeSiSiSiSiSiGeGeSiSi
          18 Ge     20075.7109    
GeGeGeGeGeGeGeGeGeGeGeGeGeGeGeGeGeGeSiSiGeSiGeGeSiGeSiGeSiGeSiSiSiSiSiGeSiSiGeGeSiGeSiGeGeGeSiSiGeSiGeSiSiSiSiSiGeGeSiSi
          21 Ge     29303.3008    
GeGeGeGeGeGeGeGeGeGeGeGeGeGeGeGeGeGeSiSiGeGeGeGeSiGeSiGeSiGeSiSiSiSiSiGeSiSiGeGeSiGeSiGeGeGeSiSiGeSiGeSiSiSiSiSiGeGeSiSi
          22 Ge     38234.9453    
GeGeGeGeGeGeGeGeGeGeGeGeGeGeGeGeGeGeSiSiGeGeGeGeSiGeSiGeSiGeGeSiSiSiSiGeSiSiGeGeSiGeSiGeGeGeSiSiGeSiGeSiSiSiSiSiGeGeSiSi
          31 Ge     43128.2734    
GeGeGeGeGeGeGeGeGeGeGeGeGeGeGeGeGeGeSiSiGeGeGeGeSiGeSiGeSiGeGeGeSiSiSiGeSiSiGeGeSiGeSiGeGeGeSiSiGeSiGeSiSiSiSiSiGeGeSiSi
          32 Ge     50209.8984    
GeGeGeGeGeGeGeGeGeGeGeGeGeGeGeGeGeGeSiSiGeGeGeGeSiGeSiGeSiGeGeGeGeSiSiGeSiSiGeGeSiGeSiGeGeGeSiSiGeSiGeSiSiSiSiSiGeGeSiSi
          33 Ge     69222.8984    
GeGeGeGeGeGeGeGeGeGeGeGeGeGeGeGeGeGeSiSiGeGeGeGeSiGeSiGeSiGeGeGeGeSiSiGeSiSiGeGeSiGeSiGeGeGeSiSiGeSiGeSiGeSiSiSiGeGeSiSi
          53 Ge     73952.0391    
GeGeGeGeGeGeGeGeGeGeGeGeGeGeGeGeGeGeSiSiGeGeGeGeSiGeSiGeSiGeGeGeGeSiSiGeSiSiGeGeSiGeSiGeGeGeSiSiGeSiGeSiGeSiGeSiGeGeSiSi
          55 Ge     75657.1094    
GeGeGeGeGeGeGeGeGeGeGeGeGeGeGeGeGeGeSiSiGeGeGeGeGeGeSiGeSiGeGeGeGeSiSiGeSiSiGeGeSiGeSiGeGeGeSiSiGeSiGeSiGeSiGeSiGeGeSiSi
          25 Ge     93578.3594    
GeGeGeGeGeGeGeGeGeGeGeGeGeGeGeGeGeGeSiSiGeGeGeGeGeGeGeGeSiGeGeGeGeSiSiGeSiSiGeGeSiGeSiGeGeGeSiSiGeSiGeSiGeSiGeSiGeGeSiSi
          27 Ge     104838.375    
GeGeGeGeGeGeGeGeGeGeGeGeGeGeGeGeGeGeSiSiGeGeGeGeGeGeGeGeSiGeGeGeGeSiSiGeSiGeGeGeSiGeSiGeGeGeSiSiGeSiGeSiGeSiGeSiGeGeSiSi
          38 Ge     111866.797    
GeGeGeGeGeGeGeGeGeGeGeGeGeGeGeGeGeGeSiSiGeGeGeGeGeGeGeGeSiGeGeGeGeSiSiGeSiGeGeGeSiGeSiGeGeGeSiSiGeSiGeSiGeSiGeGeGeGeSiSi
          56 Ge     120311.352    
GeGeGeGeGeGeGeGeGeGeGeGeGeGeGeGeGeGeSiSiGeGeGeGeGeGeGeGeGeGeGeGeGeSiSiGeSiGeGeGeSiGeSiGeGeGeSiSiGeSiGeSiGeSiGeGeGeGeSiSi
          29 Ge     137848.969    
GeGeGeGeGeGeGeGeGeGeGeGeGeGeGeGeGeGeSiSiGeGeGeGeGeGeGeGeGeGeGeGeGeGeSiGeSiGeGeGeSiGeSiGeGeGeSiSiGeSiGeSiGeSiGeGeGeGeSiSi
          34 Ge     159447.656    
GeGeGeGeGeGeGeGeGeGeGeGeGeGeGeGeGeGeSiSiGeGeGeGeGeGeGeGeGeGeGeGeGeGeSiGeGeGeGeGeSiGeSiGeGeGeSiSiGeSiGeSiGeSiGeGeGeGeSiSi
          37 Ge     186302.781    
GeGeGeGeGeGeGeGeGeGeGeGeGeGeGeGeGeGeSiSiGeGeGeGeGeGeGeGeGeGeGeGeGeGeSiGeGeGeGeGeGeGeSiGeGeGeSiSiGeSiGeSiGeSiGeGeGeGeSiSi
          41 Ge     215157.844    
GeGeGeGeGeGeGeGeGeGeGeGeGeGeGeGeGeGeSiSiGeGeGeGeGeGeGeGeGeGeGeGeGeGeSiGeGeGeGeGeGeGeSiGeGeGeSiGeGeSiGeSiGeSiGeGeGeGeSiSi
          48 Ge     224857.969    
GeGeGeGeGeGeGeGeGeGeGeGeGeGeGeGeGeGeGeSiGeGeGeGeGeGeGeGeGeGeGeGeGeGeSiGeGeGeGeGeGeGeSiGeGeGeSiGeGeSiGeSiGeSiGeGeGeGeSiSi
          19 Ge     237208.281    
==============================================
MonteCarlo: Metropolis with identity changes
Si > Ge, Ge > Si. STOP when occurrence <    0.00000
==============================================
Cost_function     Occurrence %     Scan-Cost
   176716.1406250000 GeSiGeGeGeSiGeSiSiSiGeGeGeGeGeGeGeSiGeGeGeGeGeGeGeGeGeGeGeGeGeGeGeGeGeGeGeGeGeSiGeGeGeGeGeGeGeGeGeGeGeGeSiGeSiGeGeGeGeGe
   172479.8906250000 GeSiGeGeGeSiGeSiSiSiGeGeGeGeGeGeGeGeGeGeGeGeGeGeSiGeGeGeGeSiGeGeGeGeGeGeGeGeGeGeGeGeGeGeGeGeGeGeGeGeGeGeSiGeSiGeGeGeGeGe
   166717.6718750000 GeSiSiGeGeSiGeSiSiSiGeGeGeGeGeGeGeGeGeGeGeGeGeGeSiGeGeGeGeSiGeGeGeGeGeGeGeGeGeGeGeGeGeGeGeGeGeGeGeGeGeGeGeGeGeGeGeGeSiGe
   166717.6718750000 GeSiSiGeGeSiGeSiSiSiGeGeGeGeGeGeGeGeGeGeGeGeGeGeSiGeGeGeGeSiGeGeGeGeGeGeGeGeGeGeGeGeGeGeGeGeGeGeGeGeGeGeGeGeGeGeGeGeSiGe
   166717.6718750000 GeSiSiGeGeSiGeSiSiSiGeGeGeGeGeGeGeGeGeGeGeGeGeGeSiGeGeGeGeSiGeGeGeGeGeGeGeGeGeGeGeGeGeGeGeGeGeGeGeGeGeGeGeGeGeGeGeGeSiGe
   166717.6718750000 GeSiSiGeGeSiGeSiSiSiGeGeGeGeGeGeGeGeGeGeGeGeGeGeSiGeGeGeGeSiGeGeGeGeGeGeGeGeGeGeGeGeGeGeGeGeGeGeGeGeGeGeGeGeGeGeGeGeSiGe
   163049.2343750000 SiSiSiGeGeSiGeSiSiSiGeGeGeGeGeGeGeGeGeGeGeGeGeGeGeGeGeGeGeSiGeGeGeGeGeGeGeGeGeGeGeGeGeGeGeGeGeGeGeGeGeGeGeGeGeGeGeGeSiGe
   153379.3593750000 SiSiSiGeGeSiGeSiSiGeGeGeGeGeGeSiGeGeGeGeGeGeGeGeGeGeGeGeGeGeGeGeGeGeGeGeGeGeGeGeGeGeGeGeGeGeGeGeGeGeGeGeSiGeGeGeGeGeSiGe
   153379.3593750000 SiSiSiGeGeSiGeSiSiGeGeGeGeGeGeSiGeGeGeGeGeGeGeGeGeGeGeGeGeGeGeGeGeGeGeGeGeGeGeGeGeGeGeGeGeGeGeGeGeGeGeGeSiGeGeGeGeGeSiGe
   153379.3593750000 SiSiSiGeGeSiGeSiSiGeGeGeGeGeGeSiGeGeGeGeGeGeGeGeGeGeGeGeGeGeGeGeGeGeGeGeGeGeGeGeGeGeGeGeGeGeGeGeGeGeGeGeSiGeGeGeGeGeSiGe
   153379.3593750000 SiSiSiGeGeSiGeSiSiGeGeGeGeGeGeSiGeGeGeGeGeGeGeGeGeGeGeGeGeGeGeGeGeGeGeGeGeGeGeGeGeGeGeGeGeGeGeGeGeGeGeGeSiGeGeGeGeGeSiGe
   153379.3593750000 SiSiSiGeGeSiGeSiSiGeGeGeGeGeGeSiGeGeGeGeGeGeGeGeGeGeGeGeGeGeGeGeGeGeGeGeGeGeGeGeGeGeGeGeGeGeGeGeGeGeGeGeSiGeGeGeGeGeSiGe
   153379.3593750000 SiSiSiGeGeSiGeSiSiGeGeGeGeGeGeSiGeGeGeGeGeGeGeGeGeGeGeGeGeGeGeGeGeGeGeGeGeGeGeGeGeGeGeGeGeGeGeGeGeGeGeGeSiGeGeGeGeGeSiGe
   153379.3593750000 SiSiSiGeGeSiGeSiSiGeGeGeGeGeGeSiGeGeGeGeGeGeGeGeGeGeGeGeGeGeGeGeGeGeGeGeGeGeGeGeGeGeGeGeGeGeGeGeGeGeGeGeSiGeGeGeGeGeSiGe
   153379.3593750000 SiSiSiGeGeSiGeSiSiGeGeGeGeGeGeSiGeGeGeGeGeGeGeGeGeGeGeGeGeGeGeGeGeGeGeGeGeGeGeGeGeGeGeGeGeGeGeGeGeGeGeGeSiGeGeGeGeGeSiGe
   153379.3593750000 SiSiSiGeGeSiGeSiSiGeGeGeGeGeGeSiGeGeGeGeGeGeGeGeGeGeGeGeGeGeGeGeGeGeGeGeGeGeGeGeGeGeGeGeGeGeGeGeGeGeGeGeSiGeGeGeGeGeSiGe
   153379.3593750000 SiSiSiGeGeSiGeSiSiGeGeGeGeGeGeSiGeGeGeGeGeGeGeGeGeGeGeGeGeGeGeGeGeGeGeGeGeGeGeGeGeGeGeGeGeGeGeGeGeGeGeGeSiGeGeGeGeGeSiGe
   153379.3593750000 SiSiSiGeGeSiGeSiSiGeGeGeGeGeGeSiGeGeGeGeGeGeGeGeGeGeGeGeGeGeGeGeGeGeGeGeGeGeGeGeGeGeGeGeGeGeGeGeGeGeGeGeSiGeGeGeGeGeSiGe
   153379.3593750000 SiSiSiGeGeSiGeSiSiGeGeGeGeGeGeSiGeGeGeGeGeGeGeGeGeGeGeGeGeGeGeGeGeGeGeGeGeGeGeGeGeGeGeGeGeGeGeGeGeGeGeGeSiGeGeGeGeGeSiGe
   153379.3593750000 SiSiSiGeGeSiGeSiSiGeGeGeGeGeGeSiGeGeGeGeGeGeGeGeGeGeGeGeGeGeGeGeGeGeGeGeGeGeGeGeGeGeGeGeGeGeGeGeGeGeGeGeSiGeGeGeGeGeSiGe
   153379.3593750000 SiSiSiGeGeSiGeSiSiGeGeGeGeGeGeSiGeGeGeGeGeGeGeGeGeGeGeGeGeGeGeGeGeGeGeGeGeGeGeGeGeGeGeGeGeGeGeGeGeGeGeGeSiGeGeGeGeGeSiGe
   153379.3593750000 SiSiSiGeGeSiGeSiSiGeGeGeGeGeGeSiGeGeGeGeGeGeGeGeGeGeGeGeGeGeGeGeGeGeGeGeGeGeGeGeGeGeGeGeGeGeGeGeGeGeGeGeSiGeGeGeGeGeSiGe
   153379.3593750000 SiSiSiGeGeSiGeSiSiGeGeGeGeGeGeSiGeGeGeGeGeGeGeGeGeGeGeGeGeGeGeGeGeGeGeGeGeGeGeGeGeGeGeGeGeGeGeGeGeGeGeGeSiGeGeGeGeGeSiGe
   153379.3593750000 SiSiSiGeGeSiGeSiSiGeGeGeGeGeGeSiGeGeGeGeGeGeGeGeGeGeGeGeGeGeGeGeGeGeGeGeGeGeGeGeGeGeGeGeGeGeGeGeGeGeGeGeSiGeGeGeGeGeSiGe
   153379.3593750000 SiSiSiGeGeSiGeSiSiGeGeGeGeGeGeSiGeGeGeGeGeGeGeGeGeGeGeGeGeGeGeGeGeGeGeGeGeGeGeGeGeGeGeGeGeGeGeGeGeGeGeGeSiGeGeGeGeGeSiGe
   153379.3593750000 SiSiSiGeGeSiGeSiSiGeGeGeGeGeGeSiGeGeGeGeGeGeGeGeGeGeGeGeGeGeGeGeGeGeGeGeGeGeGeGeGeGeGeGeGeGeGeGeGeGeGeGeSiGeGeGeGeGeSiGe
   153379.3593750000 SiSiSiGeGeSiGeSiSiGeGeGeGeGeGeSiGeGeGeGeGeGeGeGeGeGeGeGeGeGeGeGeGeGeGeGeGeGeGeGeGeGeGeGeGeGeGeGeGeGeGeGeSiGeGeGeGeGeSiGe
   153379.3593750000 SiSiSiGeGeSiGeSiSiGeGeGeGeGeGeSiGeGeGeGeGeGeGeGeGeGeGeGeGeGeGeGeGeGeGeGeGeGeGeGeGeGeGeGeGeGeGeGeGeGeGeGeSiGeGeGeGeGeSiGe
   153379.3593750000 SiSiSiGeGeSiGeSiSiGeGeGeGeGeGeSiGeGeGeGeGeGeGeGeGeGeGeGeGeGeGeGeGeGeGeGeGeGeGeGeGeGeGeGeGeGeGeGeGeGeGeGeSiGeGeGeGeGeSiGe
   153379.3593750000 SiSiSiGeGeSiGeSiSiGeGeGeGeGeGeSiGeGeGeGeGeGeGeGeGeGeGeGeGeGeGeGeGeGeGeGeGeGeGeGeGeGeGeGeGeGeGeGeGeGeGeGeSiGeGeGeGeGeSiGe
   153379.3593750000 SiSiSiGeGeSiGeSiSiGeGeGeGeGeGeSiGeGeGeGeGeGeGeGeGeGeGeGeGeGeGeGeGeGeGeGeGeGeGeGeGeGeGeGeGeGeGeGeGeGeGeGeSiGeGeGeGeGeSiGe
   153379.3593750000 SiSiSiGeGeSiGeSiSiGeGeGeGeGeGeSiGeGeGeGeGeGeGeGeGeGeGeGeGeGeGeGeGeGeGeGeGeGeGeGeGeGeGeGeGeGeGeGeGeGeGeGeSiGeGeGeGeGeSiGe
   153379.3593750000 SiSiSiGeGeSiGeSiSiGeGeGeGeGeGeSiGeGeGeGeGeGeGeGeGeGeGeGeGeGeGeGeGeGeGeGeGeGeGeGeGeGeGeGeGeGeGeGeGeGeGeGeSiGeGeGeGeGeSiGe
   153379.3593750000 SiSiSiGeGeSiGeSiSiGeGeGeGeGeGeSiGeGeGeGeGeGeGeGeGeGeGeGeGeGeGeGeGeGeGeGeGeGeGeGeGeGeGeGeGeGeGeGeGeGeGeGeSiGeGeGeGeGeSiGe
   153379.3593750000 SiSiSiGeGeSiGeSiSiGeGeGeGeGeGeSiGeGeGeGeGeGeGeGeGeGeGeGeGeGeGeGeGeGeGeGeGeGeGeGeGeGeGeGeGeGeGeGeGeGeGeGeSiGeGeGeGeGeSiGe
   153379.3593750000 SiSiSiGeGeSiGeSiSiGeGeGeGeGeGeSiGeGeGeGeGeGeGeGeGeGeGeGeGeGeGeGeGeGeGeGeGeGeGeGeGeGeGeGeGeGeGeGeGeGeGeGeSiGeGeGeGeGeSiGe
   153379.3593750000 SiSiSiGeGeSiGeSiSiGeGeGeGeGeGeSiGeGeGeGeGeGeGeGeGeGeGeGeGeGeGeGeGeGeGeGeGeGeGeGeGeGeGeGeGeGeGeGeGeGeGeGeSiGeGeGeGeGeSiGe
   153379.3593750000 SiSiSiGeGeSiGeSiSiGeGeGeGeGeGeSiGeGeGeGeGeGeGeGeGeGeGeGeGeGeGeGeGeGeGeGeGeGeGeGeGeGeGeGeGeGeGeGeGeGeGeGeSiGeGeGeGeGeSiGe
   153379.3593750000 SiSiSiGeGeSiGeSiSiGeGeGeGeGeGeSiGeGeGeGeGeGeGeGeGeGeGeGeGeGeGeGeGeGeGeGeGeGeGeGeGeGeGeGeGeGeGeGeGeGeGeGeSiGeGeGeGeGeSiGe
   153379.3593750000 SiSiSiGeGeSiGeSiSiGeGeGeGeGeGeSiGeGeGeGeGeGeGeGeGeGeGeGeGeGeGeGeGeGeGeGeGeGeGeGeGeGeGeGeGeGeGeGeGeGeGeGeSiGeGeGeGeGeSiGe
   153379.3593750000 SiSiSiGeGeSiGeSiSiGeGeGeGeGeGeSiGeGeGeGeGeGeGeGeGeGeGeGeGeGeGeGeGeGeGeGeGeGeGeGeGeGeGeGeGeGeGeGeGeGeGeGeSiGeGeGeGeGeSiGe
   153379.3593750000 SiSiSiGeGeSiGeSiSiGeGeGeGeGeGeSiGeGeGeGeGeGeGeGeGeGeGeGeGeGeGeGeGeGeGeGeGeGeGeGeGeGeGeGeGeGeGeGeGeGeGeGeSiGeGeGeGeGeSiGe
   153379.3593750000 SiSiSiGeGeSiGeSiSiGeGeGeGeGeGeSiGeGeGeGeGeGeGeGeGeGeGeGeGeGeGeGeGeGeGeGeGeGeGeGeGeGeGeGeGeGeGeGeGeGeGeGeSiGeGeGeGeGeSiGe
   153379.3593750000 SiSiSiGeGeSiGeSiSiGeGeGeGeGeGeSiGeGeGeGeGeGeGeGeGeGeGeGeGeGeGeGeGeGeGeGeGeGeGeGeGeGeGeGeGeGeGeGeGeGeGeGeSiGeGeGeGeGeSiGe
   153379.3593750000 SiSiSiGeGeSiGeSiSiGeGeGeGeGeGeSiGeGeGeGeGeGeGeGeGeGeGeGeGeGeGeGeGeGeGeGeGeGeGeGeGeGeGeGeGeGeGeGeGeGeGeGeSiGeGeGeGeGeSiGe
   153379.3593750000 SiSiSiGeGeSiGeSiSiGeGeGeGeGeGeSiGeGeGeGeGeGeGeGeGeGeGeGeGeGeGeGeGeGeGeGeGeGeGeGeGeGeGeGeGeGeGeGeGeGeGeGeSiGeGeGeGeGeSiGe
   153379.3593750000 SiSiSiGeGeSiGeSiSiGeGeGeGeGeGeSiGeGeGeGeGeGeGeGeGeGeGeGeGeGeGeGeGeGeGeGeGeGeGeGeGeGeGeGeGeGeGeGeGeGeGeGeSiGeGeGeGeGeSiGe
   153379.3593750000 SiSiSiGeGeSiGeSiSiGeGeGeGeGeGeSiGeGeGeGeGeGeGeGeGeGeGeGeGeGeGeGeGeGeGeGeGeGeGeGeGeGeGeGeGeGeGeGeGeGeGeGeSiGeGeGeGeGeSiGe
   153379.3593750000 SiSiSiGeGeSiGeSiSiGeGeGeGeGeGeSiGeGeGeGeGeGeGeGeGeGeGeGeGeGeGeGeGeGeGeGeGeGeGeGeGeGeGeGeGeGeGeGeGeGeGeGeSiGeGeGeGeGeSiGe
   153379.3593750000 SiSiSiGeGeSiGeSiSiGeGeGeGeGeGeSiGeGeGeGeGeGeGeGeGeGeGeGeGeGeGeGeGeGeGeGeGeGeGeGeGeGeGeGeGeGeGeGeGeGeGeGeSiGeGeGeGeGeSiGe
   153379.3593750000 SiSiSiGeGeSiGeSiSiGeGeGeGeGeGeSiGeGeGeGeGeGeGeGeGeGeGeGeGeGeGeGeGeGeGeGeGeGeGeGeGeGeGeGeGeGeGeGeGeGeGeGeSiGeGeGeGeGeSiGe
   153379.3593750000 SiSiSiGeGeSiGeSiSiGeGeGeGeGeGeSiGeGeGeGeGeGeGeGeGeGeGeGeGeGeGeGeGeGeGeGeGeGeGeGeGeGeGeGeGeGeGeGeGeGeGeGeSiGeGeGeGeGeSiGe
   153379.3593750000 SiSiSiGeGeSiGeSiSiGeGeGeGeGeGeSiGeGeGeGeGeGeGeGeGeGeGeGeGeGeGeGeGeGeGeGeGeGeGeGeGeGeGeGeGeGeGeGeGeGeGeGeSiGeGeGeGeGeSiGe
   153379.3593750000 SiSiSiGeGeSiGeSiSiGeGeGeGeGeGeSiGeGeGeGeGeGeGeGeGeGeGeGeGeGeGeGeGeGeGeGeGeGeGeGeGeGeGeGeGeGeGeGeGeGeGeGeSiGeGeGeGeGeSiGe
   153379.3593750000 SiSiSiGeGeSiGeSiSiGeGeGeGeGeGeSiGeGeGeGeGeGeGeGeGeGeGeGeGeGeGeGeGeGeGeGeGeGeGeGeGeGeGeGeGeGeGeGeGeGeGeGeSiGeGeGeGeGeSiGe
   153379.3593750000 SiSiSiGeGeSiGeSiSiGeGeGeGeGeGeSiGeGeGeGeGeGeGeGeGeGeGeGeGeGeGeGeGeGeGeGeGeGeGeGeGeGeGeGeGeGeGeGeGeGeGeGeSiGeGeGeGeGeSiGe
   153379.3593750000 SiSiSiGeGeSiGeSiSiGeGeGeGeGeGeSiGeGeGeGeGeGeGeGeGeGeGeGeGeGeGeGeGeGeGeGeGeGeGeGeGeGeGeGeGeGeGeGeGeGeGeGeSiGeGeGeGeGeSiGe
   153379.3593750000 SiSiSiGeGeSiGeSiSiGeGeGeGeGeGeSiGeGeGeGeGeGeGeGeGeGeGeGeGeGeGeGeGeGeGeGeGeGeGeGeGeGeGeGeGeGeGeGeGeGeGeGeSiGeGeGeGeGeSiGe
   153379.3593750000 SiSiSiGeGeSiGeSiSiGeGeGeGeGeGeSiGeGeGeGeGeGeGeGeGeGeGeGeGeGeGeGeGeGeGeGeGeGeGeGeGeGeGeGeGeGeGeGeGeGeGeGeSiGeGeGeGeGeSiGe
   153379.3593750000 SiSiSiGeGeSiGeSiSiGeGeGeGeGeGeSiGeGeGeGeGeGeGeGeGeGeGeGeGeGeGeGeGeGeGeGeGeGeGeGeGeGeGeGeGeGeGeGeGeGeGeGeSiGeGeGeGeGeSiGe
   153379.3593750000 SiSiSiGeGeSiGeSiSiGeGeGeGeGeGeSiGeGeGeGeGeGeGeGeGeGeGeGeGeGeGeGeGeGeGeGeGeGeGeGeGeGeGeGeGeGeGeGeGeGeGeGeSiGeGeGeGeGeSiGe
   153379.3593750000 SiSiSiGeGeSiGeSiSiGeGeGeGeGeGeSiGeGeGeGeGeGeGeGeGeGeGeGeGeGeGeGeGeGeGeGeGeGeGeGeGeGeGeGeGeGeGeGeGeGeGeGeSiGeGeGeGeGeSiGe
   153379.3593750000 SiSiSiGeGeSiGeSiSiGeGeGeGeGeGeSiGeGeGeGeGeGeGeGeGeGeGeGeGeGeGeGeGeGeGeGeGeGeGeGeGeGeGeGeGeGeGeGeGeGeGeGeSiGeGeGeGeGeSiGe
   153379.3593750000 SiSiSiGeGeSiGeSiSiGeGeGeGeGeGeSiGeGeGeGeGeGeGeGeGeGeGeGeGeGeGeGeGeGeGeGeGeGeGeGeGeGeGeGeGeGeGeGeGeGeGeGeSiGeGeGeGeGeSiGe
   153379.3593750000 SiSiSiGeGeSiGeSiSiGeGeGeGeGeGeSiGeGeGeGeGeGeGeGeGeGeGeGeGeGeGeGeGeGeGeGeGeGeGeGeGeGeGeGeGeGeGeGeGeGeGeGeSiGeGeGeGeGeSiGe
   153379.3593750000 SiSiSiGeGeSiGeSiSiGeGeGeGeGeGeSiGeGeGeGeGeGeGeGeGeGeGeGeGeGeGeGeGeGeGeGeGeGeGeGeGeGeGeGeGeGeGeGeGeGeGeGeSiGeGeGeGeGeSiGe
   153379.3593750000 SiSiSiGeGeSiGeSiSiGeGeGeGeGeGeSiGeGeGeGeGeGeGeGeGeGeGeGeGeGeGeGeGeGeGeGeGeGeGeGeGeGeGeGeGeGeGeGeGeGeGeGeSiGeGeGeGeGeSiGe
   153379.3593750000 SiSiSiGeGeSiGeSiSiGeGeGeGeGeGeSiGeGeGeGeGeGeGeGeGeGeGeGeGeGeGeGeGeGeGeGeGeGeGeGeGeGeGeGeGeGeGeGeGeGeGeGeSiGeGeGeGeGeSiGe
   153379.3593750000 SiSiSiGeGeSiGeSiSiGeGeGeGeGeGeSiGeGeGeGeGeGeGeGeGeGeGeGeGeGeGeGeGeGeGeGeGeGeGeGeGeGeGeGeGeGeGeGeGeGeGeGeSiGeGeGeGeGeSiGe
   153379.3593750000 SiSiSiGeGeSiGeSiSiGeGeGeGeGeGeSiGeGeGeGeGeGeGeGeGeGeGeGeGeGeGeGeGeGeGeGeGeGeGeGeGeGeGeGeGeGeGeGeGeGeGeGeSiGeGeGeGeGeSiGe
   153379.3593750000 SiSiSiGeGeSiGeSiSiGeGeGeGeGeGeSiGeGeGeGeGeGeGeGeGeGeGeGeGeGeGeGeGeGeGeGeGeGeGeGeGeGeGeGeGeGeGeGeGeGeGeGeSiGeGeGeGeGeSiGe
   153379.3593750000 SiSiSiGeGeSiGeSiSiGeGeGeGeGeGeSiGeGeGeGeGeGeGeGeGeGeGeGeGeGeGeGeGeGeGeGeGeGeGeGeGeGeGeGeGeGeGeGeGeGeGeGeSiGeGeGeGeGeSiGe
   153379.3593750000 SiSiSiGeGeSiGeSiSiGeGeGeGeGeGeSiGeGeGeGeGeGeGeGeGeGeGeGeGeGeGeGeGeGeGeGeGeGeGeGeGeGeGeGeGeGeGeGeGeGeGeGeSiGeGeGeGeGeSiGe
   153379.3593750000 SiSiSiGeGeSiGeSiSiGeGeGeGeGeGeSiGeGeGeGeGeGeGeGeGeGeGeGeGeGeGeGeGeGeGeGeGeGeGeGeGeGeGeGeGeGeGeGeGeGeGeGeSiGeGeGeGeGeSiGe
   153379.3593750000 SiSiSiGeGeSiGeSiSiGeGeGeGeGeGeSiGeGeGeGeGeGeGeGeGeGeGeGeGeGeGeGeGeGeGeGeGeGeGeGeGeGeGeGeGeGeGeGeGeGeGeGeSiGeGeGeGeGeSiGe
   153379.3593750000 SiSiSiGeGeSiGeSiSiGeGeGeGeGeGeSiGeGeGeGeGeGeGeGeGeGeGeGeGeGeGeGeGeGeGeGeGeGeGeGeGeGeGeGeGeGeGeGeGeGeGeGeSiGeGeGeGeGeSiGe
   153379.3593750000 SiSiSiGeGeSiGeSiSiGeGeGeGeGeGeSiGeGeGeGeGeGeGeGeGeGeGeGeGeGeGeGeGeGeGeGeGeGeGeGeGeGeGeGeGeGeGeGeGeGeGeGeSiGeGeGeGeGeSiGe
   153379.3593750000 SiSiSiGeGeSiGeSiSiGeGeGeGeGeGeSiGeGeGeGeGeGeGeGeGeGeGeGeGeGeGeGeGeGeGeGeGeGeGeGeGeGeGeGeGeGeGeGeGeGeGeGeSiGeGeGeGeGeSiGe
   153379.3593750000 SiSiSiGeGeSiGeSiSiGeGeGeGeGeGeSiGeGeGeGeGeGeGeGeGeGeGeGeGeGeGeGeGeGeGeGeGeGeGeGeGeGeGeGeGeGeGeGeGeGeGeGeSiGeGeGeGeGeSiGe
   153379.3593750000 SiSiSiGeGeSiGeSiSiGeGeGeGeGeGeSiGeGeGeGeGeGeGeGeGeGeGeGeGeGeGeGeGeGeGeGeGeGeGeGeGeGeGeGeGeGeGeGeGeGeGeGeSiGeGeGeGeGeSiGe
   153379.3593750000 SiSiSiGeGeSiGeSiSiGeGeGeGeGeGeSiGeGeGeGeGeGeGeGeGeGeGeGeGeGeGeGeGeGeGeGeGeGeGeGeGeGeGeGeGeGeGeGeGeGeGeGeSiGeGeGeGeGeSiGe
   153379.3593750000 SiSiSiGeGeSiGeSiSiGeGeGeGeGeGeSiGeGeGeGeGeGeGeGeGeGeGeGeGeGeGeGeGeGeGeGeGeGeGeGeGeGeGeGeGeGeGeGeGeGeGeGeSiGeGeGeGeGeSiGe
   153379.3593750000 SiSiSiGeGeSiGeSiSiGeGeGeGeGeGeSiGeGeGeGeGeGeGeGeGeGeGeGeGeGeGeGeGeGeGeGeGeGeGeGeGeGeGeGeGeGeGeGeGeGeGeGeSiGeGeGeGeGeSiGe
   153379.3593750000 SiSiSiGeGeSiGeSiSiGeGeGeGeGeGeSiGeGeGeGeGeGeGeGeGeGeGeGeGeGeGeGeGeGeGeGeGeGeGeGeGeGeGeGeGeGeGeGeGeGeGeGeSiGeGeGeGeGeSiGe
   153379.3593750000 SiSiSiGeGeSiGeSiSiGeGeGeGeGeGeSiGeGeGeGeGeGeGeGeGeGeGeGeGeGeGeGeGeGeGeGeGeGeGeGeGeGeGeGeGeGeGeGeGeGeGeGeSiGeGeGeGeGeSiGe
   153379.3593750000 SiSiSiGeGeSiGeSiSiGeGeGeGeGeGeSiGeGeGeGeGeGeGeGeGeGeGeGeGeGeGeGeGeGeGeGeGeGeGeGeGeGeGeGeGeGeGeGeGeGeGeGeSiGeGeGeGeGeSiGe
   153379.3593750000 SiSiSiGeGeSiGeSiSiGeGeGeGeGeGeSiGeGeGeGeGeGeGeGeGeGeGeGeGeGeGeGeGeGeGeGeGeGeGeGeGeGeGeGeGeGeGeGeGeGeGeGeSiGeGeGeGeGeSiGe
   153379.3593750000 SiSiSiGeGeSiGeSiSiGeGeGeGeGeGeSiGeGeGeGeGeGeGeGeGeGeGeGeGeGeGeGeGeGeGeGeGeGeGeGeGeGeGeGeGeGeGeGeGeGeGeGeSiGeGeGeGeGeSiGe
   153379.3593750000 SiSiSiGeGeSiGeSiSiGeGeGeGeGeGeSiGeGeGeGeGeGeGeGeGeGeGeGeGeGeGeGeGeGeGeGeGeGeGeGeGeGeGeGeGeGeGeGeGeGeGeGeSiGeGeGeGeGeSiGe
   153379.3593750000 SiSiSiGeGeSiGeSiSiGeGeGeGeGeGeSiGeGeGeGeGeGeGeGeGeGeGeGeGeGeGeGeGeGeGeGeGeGeGeGeGeGeGeGeGeGeGeGeGeGeGeGeSiGeGeGeGeGeSiGe
   153379.3593750000 SiSiSiGeGeSiGeSiSiGeGeGeGeGeGeSiGeGeGeGeGeGeGeGeGeGeGeGeGeGeGeGeGeGeGeGeGeGeGeGeGeGeGeGeGeGeGeGeGeGeGeGeSiGeGeGeGeGeSiGe
   153379.3593750000 SiSiSiGeGeSiGeSiSiGeGeGeGeGeGeSiGeGeGeGeGeGeGeGeGeGeGeGeGeGeGeGeGeGeGeGeGeGeGeGeGeGeGeGeGeGeGeGeGeGeGeGeSiGeGeGeGeGeSiGe
   153379.3593750000 SiSiSiGeGeSiGeSiSiGeGeGeGeGeGeSiGeGeGeGeGeGeGeGeGeGeGeGeGeGeGeGeGeGeGeGeGeGeGeGeGeGeGeGeGeGeGeGeGeGeGeGeSiGeGeGeGeGeSiGe
   153379.3593750000 SiSiSiGeGeSiGeSiSiGeGeGeGeGeGeSiGeGeGeGeGeGeGeGeGeGeGeGeGeGeGeGeGeGeGeGeGeGeGeGeGeGeGeGeGeGeGeGeGeGeGeGeSiGeGeGeGeGeSiGe
   153379.3593750000 SiSiSiGeGeSiGeSiSiGeGeGeGeGeGeSiGeGeGeGeGeGeGeGeGeGeGeGeGeGeGeGeGeGeGeGeGeGeGeGeGeGeGeGeGeGeGeGeGeGeGeGeSiGeGeGeGeGeSiGe
   153379.3593750000 SiSiSiGeGeSiGeSiSiGeGeGeGeGeGeSiGeGeGeGeGeGeGeGeGeGeGeGeGeGeGeGeGeGeGeGeGeGeGeGeGeGeGeGeGeGeGeGeGeGeGeGeSiGeGeGeGeGeSiGe
   153379.3593750000 SiSiSiGeGeSiGeSiSiGeGeGeGeGeGeSiGeGeGeGeGeGeGeGeGeGeGeGeGeGeGeGeGeGeGeGeGeGeGeGeGeGeGeGeGeGeGeGeGeGeGeGeSiGeGeGeGeGeSiGe
   153379.3593750000 SiSiSiGeGeSiGeSiSiGeGeGeGeGeGeSiGeGeGeGeGeGeGeGeGeGeGeGeGeGeGeGeGeGeGeGeGeGeGeGeGeGeGeGeGeGeGeGeGeGeGeGeSiGeGeGeGeGeSiGe
   153379.3593750000 SiSiSiGeGeSiGeSiSiGeGeGeGeGeGeSiGeGeGeGeGeGeGeGeGeGeGeGeGeGeGeGeGeGeGeGeGeGeGeGeGeGeGeGeGeGeGeGeGeGeGeGeSiGeGeGeGeGeSiGe
   153379.3593750000 SiSiSiGeGeSiGeSiSiGeGeGeGeGeGeSiGeGeGeGeGeGeGeGeGeGeGeGeGeGeGeGeGeGeGeGeGeGeGeGeGeGeGeGeGeGeGeGeGeGeGeGeSiGeGeGeGeGeSiGe
   153379.3593750000 SiSiSiGeGeSiGeSiSiGeGeGeGeGeGeSiGeGeGeGeGeGeGeGeGeGeGeGeGeGeGeGeGeGeGeGeGeGeGeGeGeGeGeGeGeGeGeGeGeGeGeGeSiGeGeGeGeGeSiGe
   153379.3593750000 SiSiSiGeGeSiGeSiSiGeGeGeGeGeGeSiGeGeGeGeGeGeGeGeGeGeGeGeGeGeGeGeGeGeGeGeGeGeGeGeGeGeGeGeGeGeGeGeGeGeGeGeSiGeGeGeGeGeSiGe
   153379.3593750000 SiSiSiGeGeSiGeSiSiGeGeGeGeGeGeSiGeGeGeGeGeGeGeGeGeGeGeGeGeGeGeGeGeGeGeGeGeGeGeGeGeGeGeGeGeGeGeGeGeGeGeGeSiGeGeGeGeGeSiGe
   153379.3593750000 SiSiSiGeGeSiGeSiSiGeGeGeGeGeGeSiGeGeGeGeGeGeGeGeGeGeGeGeGeGeGeGeGeGeGeGeGeGeGeGeGeGeGeGeGeGeGeGeGeGeGeGeSiGeGeGeGeGeSiGe
   153379.3593750000 SiSiSiGeGeSiGeSiSiGeGeGeGeGeGeSiGeGeGeGeGeGeGeGeGeGeGeGeGeGeGeGeGeGeGeGeGeGeGeGeGeGeGeGeGeGeGeGeGeGeGeGeSiGeGeGeGeGeSiGe
   153379.3593750000 SiSiSiGeGeSiGeSiSiGeGeGeGeGeGeSiGeGeGeGeGeGeGeGeGeGeGeGeGeGeGeGeGeGeGeGeGeGeGeGeGeGeGeGeGeGeGeGeGeGeGeGeSiGeGeGeGeGeSiGe
   153379.3593750000 SiSiSiGeGeSiGeSiSiGeGeGeGeGeGeSiGeGeGeGeGeGeGeGeGeGeGeGeGeGeGeGeGeGeGeGeGeGeGeGeGeGeGeGeGeGeGeGeGeGeGeGeSiGeGeGeGeGeSiGe
   153379.3593750000 SiSiSiGeGeSiGeSiSiGeGeGeGeGeGeSiGeGeGeGeGeGeGeGeGeGeGeGeGeGeGeGeGeGeGeGeGeGeGeGeGeGeGeGeGeGeGeGeGeGeGeGeSiGeGeGeGeGeSiGe
   153379.3593750000 SiSiSiGeGeSiGeSiSiGeGeGeGeGeGeSiGeGeGeGeGeGeGeGeGeGeGeGeGeGeGeGeGeGeGeGeGeGeGeGeGeGeGeGeGeGeGeGeGeGeGeGeSiGeGeGeGeGeSiGe
   153379.3593750000 SiSiSiGeGeSiGeSiSiGeGeGeGeGeGeSiGeGeGeGeGeGeGeGeGeGeGeGeGeGeGeGeGeGeGeGeGeGeGeGeGeGeGeGeGeGeGeGeGeGeGeGeSiGeGeGeGeGeSiGe
   153379.3593750000 SiSiSiGeGeSiGeSiSiGeGeGeGeGeGeSiGeGeGeGeGeGeGeGeGeGeGeGeGeGeGeGeGeGeGeGeGeGeGeGeGeGeGeGeGeGeGeGeGeGeGeGeSiGeGeGeGeGeSiGe
   153379.3593750000 SiSiSiGeGeSiGeSiSiGeGeGeGeGeGeSiGeGeGeGeGeGeGeGeGeGeGeGeGeGeGeGeGeGeGeGeGeGeGeGeGeGeGeGeGeGeGeGeGeGeGeGeSiGeGeGeGeGeSiGe
   153379.3593750000 SiSiSiGeGeSiGeSiSiGeGeGeGeGeGeSiGeGeGeGeGeGeGeGeGeGeGeGeGeGeGeGeGeGeGeGeGeGeGeGeGeGeGeGeGeGeGeGeGeGeGeGeSiGeGeGeGeGeSiGe
   153379.3593750000 SiSiSiGeGeSiGeSiSiGeGeGeGeGeGeSiGeGeGeGeGeGeGeGeGeGeGeGeGeGeGeGeGeGeGeGeGeGeGeGeGeGeGeGeGeGeGeGeGeGeGeGeSiGeGeGeGeGeSiGe
   153379.3593750000 SiSiSiGeGeSiGeSiSiGeGeGeGeGeGeSiGeGeGeGeGeGeGeGeGeGeGeGeGeGeGeGeGeGeGeGeGeGeGeGeGeGeGeGeGeGeGeGeGeGeGeGeSiGeGeGeGeGeSiGe
   153379.3593750000 SiSiSiGeGeSiGeSiSiGeGeGeGeGeGeSiGeGeGeGeGeGeGeGeGeGeGeGeGeGeGeGeGeGeGeGeGeGeGeGeGeGeGeGeGeGeGeGeGeGeGeGeSiGeGeGeGeGeSiGe
   153379.3593750000 SiSiSiGeGeSiGeSiSiGeGeGeGeGeGeSiGeGeGeGeGeGeGeGeGeGeGeGeGeGeGeGeGeGeGeGeGeGeGeGeGeGeGeGeGeGeGeGeGeGeGeGeSiGeGeGeGeGeSiGe
   153379.3593750000 SiSiSiGeGeSiGeSiSiGeGeGeGeGeGeSiGeGeGeGeGeGeGeGeGeGeGeGeGeGeGeGeGeGeGeGeGeGeGeGeGeGeGeGeGeGeGeGeGeGeGeGeSiGeGeGeGeGeSiGe
   153379.3593750000 SiSiSiGeGeSiGeSiSiGeGeGeGeGeGeSiGeGeGeGeGeGeGeGeGeGeGeGeGeGeGeGeGeGeGeGeGeGeGeGeGeGeGeGeGeGeGeGeGeGeGeGeSiGeGeGeGeGeSiGe
   153379.3593750000 SiSiSiGeGeSiGeSiSiGeGeGeGeGeGeSiGeGeGeGeGeGeGeGeGeGeGeGeGeGeGeGeGeGeGeGeGeGeGeGeGeGeGeGeGeGeGeGeGeGeGeGeSiGeGeGeGeGeSiGe
   153379.3593750000 SiSiSiGeGeSiGeSiSiGeGeGeGeGeGeSiGeGeGeGeGeGeGeGeGeGeGeGeGeGeGeGeGeGeGeGeGeGeGeGeGeGeGeGeGeGeGeGeGeGeGeGeSiGeGeGeGeGeSiGe
   153379.3593750000 SiSiSiGeGeSiGeSiSiGeGeGeGeGeGeSiGeGeGeGeGeGeGeGeGeGeGeGeGeGeGeGeGeGeGeGeGeGeGeGeGeGeGeGeGeGeGeGeGeGeGeGeSiGeGeGeGeGeSiGe
   153379.3593750000 SiSiSiGeGeSiGeSiSiGeGeGeGeGeGeSiGeGeGeGeGeGeGeGeGeGeGeGeGeGeGeGeGeGeGeGeGeGeGeGeGeGeGeGeGeGeGeGeGeGeGeGeSiGeGeGeGeGeSiGe
   153379.3593750000 SiSiSiGeGeSiGeSiSiGeGeGeGeGeGeSiGeGeGeGeGeGeGeGeGeGeGeGeGeGeGeGeGeGeGeGeGeGeGeGeGeGeGeGeGeGeGeGeGeGeGeGeSiGeGeGeGeGeSiGe
   153379.3593750000 SiSiSiGeGeSiGeSiSiGeGeGeGeGeGeSiGeGeGeGeGeGeGeGeGeGeGeGeGeGeGeGeGeGeGeGeGeGeGeGeGeGeGeGeGeGeGeGeGeGeGeGeSiGeGeGeGeGeSiGe
   153379.3593750000 SiSiSiGeGeSiGeSiSiGeGeGeGeGeGeSiGeGeGeGeGeGeGeGeGeGeGeGeGeGeGeGeGeGeGeGeGeGeGeGeGeGeGeGeGeGeGeGeGeGeGeGeSiGeGeGeGeGeSiGe
   153379.3593750000 SiSiSiGeGeSiGeSiSiGeGeGeGeGeGeSiGeGeGeGeGeGeGeGeGeGeGeGeGeGeGeGeGeGeGeGeGeGeGeGeGeGeGeGeGeGeGeGeGeGeGeGeSiGeGeGeGeGeSiGe
   153379.3593750000 SiSiSiGeGeSiGeSiSiGeGeGeGeGeGeSiGeGeGeGeGeGeGeGeGeGeGeGeGeGeGeGeGeGeGeGeGeGeGeGeGeGeGeGeGeGeGeGeGeGeGeGeSiGeGeGeGeGeSiGe
   153379.3593750000 SiSiSiGeGeSiGeSiSiGeGeGeGeGeGeSiGeGeGeGeGeGeGeGeGeGeGeGeGeGeGeGeGeGeGeGeGeGeGeGeGeGeGeGeGeGeGeGeGeGeGeGeSiGeGeGeGeGeSiGe
   153379.3593750000 SiSiSiGeGeSiGeSiSiGeGeGeGeGeGeSiGeGeGeGeGeGeGeGeGeGeGeGeGeGeGeGeGeGeGeGeGeGeGeGeGeGeGeGeGeGeGeGeGeGeGeGeSiGeGeGeGeGeSiGe
   153379.3593750000 SiSiSiGeGeSiGeSiSiGeGeGeGeGeGeSiGeGeGeGeGeGeGeGeGeGeGeGeGeGeGeGeGeGeGeGeGeGeGeGeGeGeGeGeGeGeGeGeGeGeGeGeSiGeGeGeGeGeSiGe
   153379.3593750000 SiSiSiGeGeSiGeSiSiGeGeGeGeGeGeSiGeGeGeGeGeGeGeGeGeGeGeGeGeGeGeGeGeGeGeGeGeGeGeGeGeGeGeGeGeGeGeGeGeGeGeGeSiGeGeGeGeGeSiGe
   153379.3593750000 SiSiSiGeGeSiGeSiSiGeGeGeGeGeGeSiGeGeGeGeGeGeGeGeGeGeGeGeGeGeGeGeGeGeGeGeGeGeGeGeGeGeGeGeGeGeGeGeGeGeGeGeSiGeGeGeGeGeSiGe
   153379.3593750000 SiSiSiGeGeSiGeSiSiGeGeGeGeGeGeSiGeGeGeGeGeGeGeGeGeGeGeGeGeGeGeGeGeGeGeGeGeGeGeGeGeGeGeGeGeGeGeGeGeGeGeGeSiGeGeGeGeGeSiGe
   153379.3593750000 SiSiSiGeGeSiGeSiSiGeGeGeGeGeGeSiGeGeGeGeGeGeGeGeGeGeGeGeGeGeGeGeGeGeGeGeGeGeGeGeGeGeGeGeGeGeGeGeGeGeGeGeSiGeGeGeGeGeSiGe
   153379.3593750000 SiSiSiGeGeSiGeSiSiGeGeGeGeGeGeSiGeGeGeGeGeGeGeGeGeGeGeGeGeGeGeGeGeGeGeGeGeGeGeGeGeGeGeGeGeGeGeGeGeGeGeGeSiGeGeGeGeGeSiGe
   153379.3593750000 SiSiSiGeGeSiGeSiSiGeGeGeGeGeGeSiGeGeGeGeGeGeGeGeGeGeGeGeGeGeGeGeGeGeGeGeGeGeGeGeGeGeGeGeGeGeGeGeGeGeGeGeSiGeGeGeGeGeSiGe
   153379.3593750000 SiSiSiGeGeSiGeSiSiGeGeGeGeGeGeSiGeGeGeGeGeGeGeGeGeGeGeGeGeGeGeGeGeGeGeGeGeGeGeGeGeGeGeGeGeGeGeGeGeGeGeGeSiGeGeGeGeGeSiGe
   153379.3593750000 SiSiSiGeGeSiGeSiSiGeGeGeGeGeGeSiGeGeGeGeGeGeGeGeGeGeGeGeGeGeGeGeGeGeGeGeGeGeGeGeGeGeGeGeGeGeGeGeGeGeGeGeSiGeGeGeGeGeSiGe
   153379.3593750000 SiSiSiGeGeSiGeSiSiGeGeGeGeGeGeSiGeGeGeGeGeGeGeGeGeGeGeGeGeGeGeGeGeGeGeGeGeGeGeGeGeGeGeGeGeGeGeGeGeGeGeGeSiGeGeGeGeGeSiGe
   153379.3593750000 SiSiSiGeGeSiGeSiSiGeGeGeGeGeGeSiGeGeGeGeGeGeGeGeGeGeGeGeGeGeGeGeGeGeGeGeGeGeGeGeGeGeGeGeGeGeGeGeGeGeGeGeSiGeGeGeGeGeSiGe
   153379.3593750000 SiSiSiGeGeSiGeSiSiGeGeGeGeGeGeSiGeGeGeGeGeGeGeGeGeGeGeGeGeGeGeGeGeGeGeGeGeGeGeGeGeGeGeGeGeGeGeGeGeGeGeGeSiGeGeGeGeGeSiGe
   153379.3593750000 SiSiSiGeGeSiGeSiSiGeGeGeGeGeGeSiGeGeGeGeGeGeGeGeGeGeGeGeGeGeGeGeGeGeGeGeGeGeGeGeGeGeGeGeGeGeGeGeGeGeGeGeSiGeGeGeGeGeSiGe
   153379.3593750000 SiSiSiGeGeSiGeSiSiGeGeGeGeGeGeSiGeGeGeGeGeGeGeGeGeGeGeGeGeGeGeGeGeGeGeGeGeGeGeGeGeGeGeGeGeGeGeGeGeGeGeGeSiGeGeGeGeGeSiGe
   153379.3593750000 SiSiSiGeGeSiGeSiSiGeGeGeGeGeGeSiGeGeGeGeGeGeGeGeGeGeGeGeGeGeGeGeGeGeGeGeGeGeGeGeGeGeGeGeGeGeGeGeGeGeGeGeSiGeGeGeGeGeSiGe
   153379.3593750000 SiSiSiGeGeSiGeSiSiGeGeGeGeGeGeSiGeGeGeGeGeGeGeGeGeGeGeGeGeGeGeGeGeGeGeGeGeGeGeGeGeGeGeGeGeGeGeGeGeGeGeGeSiGeGeGeGeGeSiGe
   153379.3593750000 SiSiSiGeGeSiGeSiSiGeGeGeGeGeGeSiGeGeGeGeGeGeGeGeGeGeGeGeGeGeGeGeGeGeGeGeGeGeGeGeGeGeGeGeGeGeGeGeGeGeGeGeSiGeGeGeGeGeSiGe
   153379.3593750000 SiSiSiGeGeSiGeSiSiGeGeGeGeGeGeSiGeGeGeGeGeGeGeGeGeGeGeGeGeGeGeGeGeGeGeGeGeGeGeGeGeGeGeGeGeGeGeGeGeGeGeGeSiGeGeGeGeGeSiGe
   153379.3593750000 SiSiSiGeGeSiGeSiSiGeGeGeGeGeGeSiGeGeGeGeGeGeGeGeGeGeGeGeGeGeGeGeGeGeGeGeGeGeGeGeGeGeGeGeGeGeGeGeGeGeGeGeSiGeGeGeGeGeSiGe
   153379.3593750000 SiSiSiGeGeSiGeSiSiGeGeGeGeGeGeSiGeGeGeGeGeGeGeGeGeGeGeGeGeGeGeGeGeGeGeGeGeGeGeGeGeGeGeGeGeGeGeGeGeGeGeGeSiGeGeGeGeGeSiGe
   153379.3593750000 SiSiSiGeGeSiGeSiSiGeGeGeGeGeGeSiGeGeGeGeGeGeGeGeGeGeGeGeGeGeGeGeGeGeGeGeGeGeGeGeGeGeGeGeGeGeGeGeGeGeGeGeSiGeGeGeGeGeSiGe
   153379.3593750000 SiSiSiGeGeSiGeSiSiGeGeGeGeGeGeSiGeGeGeGeGeGeGeGeGeGeGeGeGeGeGeGeGeGeGeGeGeGeGeGeGeGeGeGeGeGeGeGeGeGeGeGeSiGeGeGeGeGeSiGe
   153379.3593750000 SiSiSiGeGeSiGeSiSiGeGeGeGeGeGeSiGeGeGeGeGeGeGeGeGeGeGeGeGeGeGeGeGeGeGeGeGeGeGeGeGeGeGeGeGeGeGeGeGeGeGeGeSiGeGeGeGeGeSiGe
   153379.3593750000 SiSiSiGeGeSiGeSiSiGeGeGeGeGeGeSiGeGeGeGeGeGeGeGeGeGeGeGeGeGeGeGeGeGeGeGeGeGeGeGeGeGeGeGeGeGeGeGeGeGeGeGeSiGeGeGeGeGeSiGe
   153379.3593750000 SiSiSiGeGeSiGeSiSiGeGeGeGeGeGeSiGeGeGeGeGeGeGeGeGeGeGeGeGeGeGeGeGeGeGeGeGeGeGeGeGeGeGeGeGeGeGeGeGeGeGeGeSiGeGeGeGeGeSiGe
   153379.3593750000 SiSiSiGeGeSiGeSiSiGeGeGeGeGeGeSiGeGeGeGeGeGeGeGeGeGeGeGeGeGeGeGeGeGeGeGeGeGeGeGeGeGeGeGeGeGeGeGeGeGeGeGeSiGeGeGeGeGeSiGe
   153379.3593750000 SiSiSiGeGeSiGeSiSiGeGeGeGeGeGeSiGeGeGeGeGeGeGeGeGeGeGeGeGeGeGeGeGeGeGeGeGeGeGeGeGeGeGeGeGeGeGeGeGeGeGeGeSiGeGeGeGeGeSiGe
   153379.3593750000 SiSiSiGeGeSiGeSiSiGeGeGeGeGeGeSiGeGeGeGeGeGeGeGeGeGeGeGeGeGeGeGeGeGeGeGeGeGeGeGeGeGeGeGeGeGeGeGeGeGeGeGeSiGeGeGeGeGeSiGe
   153379.3593750000 SiSiSiGeGeSiGeSiSiGeGeGeGeGeGeSiGeGeGeGeGeGeGeGeGeGeGeGeGeGeGeGeGeGeGeGeGeGeGeGeGeGeGeGeGeGeGeGeGeGeGeGeSiGeGeGeGeGeSiGe
   153379.3593750000 SiSiSiGeGeSiGeSiSiGeGeGeGeGeGeSiGeGeGeGeGeGeGeGeGeGeGeGeGeGeGeGeGeGeGeGeGeGeGeGeGeGeGeGeGeGeGeGeGeGeGeGeSiGeGeGeGeGeSiGe
   153379.3593750000 SiSiSiGeGeSiGeSiSiGeGeGeGeGeGeSiGeGeGeGeGeGeGeGeGeGeGeGeGeGeGeGeGeGeGeGeGeGeGeGeGeGeGeGeGeGeGeGeGeGeGeGeSiGeGeGeGeGeSiGe
   153379.3593750000 SiSiSiGeGeSiGeSiSiGeGeGeGeGeGeSiGeGeGeGeGeGeGeGeGeGeGeGeGeGeGeGeGeGeGeGeGeGeGeGeGeGeGeGeGeGeGeGeGeGeGeGeSiGeGeGeGeGeSiGe
   153379.3593750000 SiSiSiGeGeSiGeSiSiGeGeGeGeGeGeSiGeGeGeGeGeGeGeGeGeGeGeGeGeGeGeGeGeGeGeGeGeGeGeGeGeGeGeGeGeGeGeGeGeGeGeGeSiGeGeGeGeGeSiGe
   153379.3593750000 SiSiSiGeGeSiGeSiSiGeGeGeGeGeGeSiGeGeGeGeGeGeGeGeGeGeGeGeGeGeGeGeGeGeGeGeGeGeGeGeGeGeGeGeGeGeGeGeGeGeGeGeSiGeGeGeGeGeSiGe
   153379.3593750000 SiSiSiGeGeSiGeSiSiGeGeGeGeGeGeSiGeGeGeGeGeGeGeGeGeGeGeGeGeGeGeGeGeGeGeGeGeGeGeGeGeGeGeGeGeGeGeGeGeGeGeGeSiGeGeGeGeGeSiGe
   153379.3593750000 SiSiSiGeGeSiGeSiSiGeGeGeGeGeGeSiGeGeGeGeGeGeGeGeGeGeGeGeGeGeGeGeGeGeGeGeGeGeGeGeGeGeGeGeGeGeGeGeGeGeGeGeSiGeGeGeGeGeSiGe
   153379.3593750000 SiSiSiGeGeSiGeSiSiGeGeGeGeGeGeSiGeGeGeGeGeGeGeGeGeGeGeGeGeGeGeGeGeGeGeGeGeGeGeGeGeGeGeGeGeGeGeGeGeGeGeGeSiGeGeGeGeGeSiGe
   153379.3593750000 SiSiSiGeGeSiGeSiSiGeGeGeGeGeGeSiGeGeGeGeGeGeGeGeGeGeGeGeGeGeGeGeGeGeGeGeGeGeGeGeGeGeGeGeGeGeGeGeGeGeGeGeSiGeGeGeGeGeSiGe
   153379.3593750000 SiSiSiGeGeSiGeSiSiGeGeGeGeGeGeSiGeGeGeGeGeGeGeGeGeGeGeGeGeGeGeGeGeGeGeGeGeGeGeGeGeGeGeGeGeGeGeGeGeGeGeGeSiGeGeGeGeGeSiGe
   153379.3593750000 SiSiSiGeGeSiGeSiSiGeGeGeGeGeGeSiGeGeGeGeGeGeGeGeGeGeGeGeGeGeGeGeGeGeGeGeGeGeGeGeGeGeGeGeGeGeGeGeGeGeGeGeSiGeGeGeGeGeSiGe
   153379.3593750000 SiSiSiGeGeSiGeSiSiGeGeGeGeGeGeSiGeGeGeGeGeGeGeGeGeGeGeGeGeGeGeGeGeGeGeGeGeGeGeGeGeGeGeGeGeGeGeGeGeGeGeGeSiGeGeGeGeGeSiGe
   153379.3593750000 SiSiSiGeGeSiGeSiSiGeGeGeGeGeGeSiGeGeGeGeGeGeGeGeGeGeGeGeGeGeGeGeGeGeGeGeGeGeGeGeGeGeGeGeGeGeGeGeGeGeGeGeSiGeGeGeGeGeSiGe
   153379.3593750000 SiSiSiGeGeSiGeSiSiGeGeGeGeGeGeSiGeGeGeGeGeGeGeGeGeGeGeGeGeGeGeGeGeGeGeGeGeGeGeGeGeGeGeGeGeGeGeGeGeGeGeGeSiGeGeGeGeGeSiGe
   153379.3593750000 SiSiSiGeGeSiGeSiSiGeGeGeGeGeGeSiGeGeGeGeGeGeGeGeGeGeGeGeGeGeGeGeGeGeGeGeGeGeGeGeGeGeGeGeGeGeGeGeGeGeGeGeSiGeGeGeGeGeSiGe
   153379.3593750000 SiSiSiGeGeSiGeSiSiGeGeGeGeGeGeSiGeGeGeGeGeGeGeGeGeGeGeGeGeGeGeGeGeGeGeGeGeGeGeGeGeGeGeGeGeGeGeGeGeGeGeGeSiGeGeGeGeGeSiGe
   153379.3593750000 SiSiSiGeGeSiGeSiSiGeGeGeGeGeGeSiGeGeGeGeGeGeGeGeGeGeGeGeGeGeGeGeGeGeGeGeGeGeGeGeGeGeGeGeGeGeGeGeGeGeGeGeSiGeGeGeGeGeSiGe
   153379.3593750000 SiSiSiGeGeSiGeSiSiGeGeGeGeGeGeSiGeGeGeGeGeGeGeGeGeGeGeGeGeGeGeGeGeGeGeGeGeGeGeGeGeGeGeGeGeGeGeGeGeGeGeGeSiGeGeGeGeGeSiGe
   153379.3593750000 SiSiSiGeGeSiGeSiSiGeGeGeGeGeGeSiGeGeGeGeGeGeGeGeGeGeGeGeGeGeGeGeGeGeGeGeGeGeGeGeGeGeGeGeGeGeGeGeGeGeGeGeSiGeGeGeGeGeSiGe
   153379.3593750000 SiSiSiGeGeSiGeSiSiGeGeGeGeGeGeSiGeGeGeGeGeGeGeGeGeGeGeGeGeGeGeGeGeGeGeGeGeGeGeGeGeGeGeGeGeGeGeGeGeGeGeGeSiGeGeGeGeGeSiGe
   153379.3593750000 SiSiSiGeGeSiGeSiSiGeGeGeGeGeGeSiGeGeGeGeGeGeGeGeGeGeGeGeGeGeGeGeGeGeGeGeGeGeGeGeGeGeGeGeGeGeGeGeGeGeGeGeSiGeGeGeGeGeSiGe
   153379.3593750000 SiSiSiGeGeSiGeSiSiGeGeGeGeGeGeSiGeGeGeGeGeGeGeGeGeGeGeGeGeGeGeGeGeGeGeGeGeGeGeGeGeGeGeGeGeGeGeGeGeGeGeGeSiGeGeGeGeGeSiGe
   153379.3593750000 SiSiSiGeGeSiGeSiSiGeGeGeGeGeGeSiGeGeGeGeGeGeGeGeGeGeGeGeGeGeGeGeGeGeGeGeGeGeGeGeGeGeGeGeGeGeGeGeGeGeGeGeSiGeGeGeGeGeSiGe
   153379.3593750000 SiSiSiGeGeSiGeSiSiGeGeGeGeGeGeSiGeGeGeGeGeGeGeGeGeGeGeGeGeGeGeGeGeGeGeGeGeGeGeGeGeGeGeGeGeGeGeGeGeGeGeGeSiGeGeGeGeGeSiGe
   153379.3593750000 SiSiSiGeGeSiGeSiSiGeGeGeGeGeGeSiGeGeGeGeGeGeGeGeGeGeGeGeGeGeGeGeGeGeGeGeGeGeGeGeGeGeGeGeGeGeGeGeGeGeGeGeSiGeGeGeGeGeSiGe
   153379.3593750000 SiSiSiGeGeSiGeSiSiGeGeGeGeGeGeSiGeGeGeGeGeGeGeGeGeGeGeGeGeGeGeGeGeGeGeGeGeGeGeGeGeGeGeGeGeGeGeGeGeGeGeGeSiGeGeGeGeGeSiGe
   153379.3593750000 SiSiSiGeGeSiGeSiSiGeGeGeGeGeGeSiGeGeGeGeGeGeGeGeGeGeGeGeGeGeGeGeGeGeGeGeGeGeGeGeGeGeGeGeGeGeGeGeGeGeGeGeSiGeGeGeGeGeSiGe
   153379.3593750000 SiSiSiGeGeSiGeSiSiGeGeGeGeGeGeSiGeGeGeGeGeGeGeGeGeGeGeGeGeGeGeGeGeGeGeGeGeGeGeGeGeGeGeGeGeGeGeGeGeGeGeGeSiGeGeGeGeGeSiGe
   153379.3593750000 SiSiSiGeGeSiGeSiSiGeGeGeGeGeGeSiGeGeGeGeGeGeGeGeGeGeGeGeGeGeGeGeGeGeGeGeGeGeGeGeGeGeGeGeGeGeGeGeGeGeGeGeSiGeGeGeGeGeSiGe
   153379.3593750000 SiSiSiGeGeSiGeSiSiGeGeGeGeGeGeSiGeGeGeGeGeGeGeGeGeGeGeGeGeGeGeGeGeGeGeGeGeGeGeGeGeGeGeGeGeGeGeGeGeGeGeGeSiGeGeGeGeGeSiGe
   153379.3593750000 SiSiSiGeGeSiGeSiSiGeGeGeGeGeGeSiGeGeGeGeGeGeGeGeGeGeGeGeGeGeGeGeGeGeGeGeGeGeGeGeGeGeGeGeGeGeGeGeGeGeGeGeSiGeGeGeGeGeSiGe
   153379.3593750000 SiSiSiGeGeSiGeSiSiGeGeGeGeGeGeSiGeGeGeGeGeGeGeGeGeGeGeGeGeGeGeGeGeGeGeGeGeGeGeGeGeGeGeGeGeGeGeGeGeGeGeGeSiGeGeGeGeGeSiGe
   153379.3593750000 SiSiSiGeGeSiGeSiSiGeGeGeGeGeGeSiGeGeGeGeGeGeGeGeGeGeGeGeGeGeGeGeGeGeGeGeGeGeGeGeGeGeGeGeGeGeGeGeGeGeGeGeSiGeGeGeGeGeSiGe
   153379.3593750000 SiSiSiGeGeSiGeSiSiGeGeGeGeGeGeSiGeGeGeGeGeGeGeGeGeGeGeGeGeGeGeGeGeGeGeGeGeGeGeGeGeGeGeGeGeGeGeGeGeGeGeGeSiGeGeGeGeGeSiGe
   153379.3593750000 SiSiSiGeGeSiGeSiSiGeGeGeGeGeGeSiGeGeGeGeGeGeGeGeGeGeGeGeGeGeGeGeGeGeGeGeGeGeGeGeGeGeGeGeGeGeGeGeGeGeGeGeSiGeGeGeGeGeSiGe
   153379.3593750000 SiSiSiGeGeSiGeSiSiGeGeGeGeGeGeSiGeGeGeGeGeGeGeGeGeGeGeGeGeGeGeGeGeGeGeGeGeGeGeGeGeGeGeGeGeGeGeGeGeGeGeGeSiGeGeGeGeGeSiGe
   153379.3593750000 SiSiSiGeGeSiGeSiSiGeGeGeGeGeGeSiGeGeGeGeGeGeGeGeGeGeGeGeGeGeGeGeGeGeGeGeGeGeGeGeGeGeGeGeGeGeGeGeGeGeGeGeSiGeGeGeGeGeSiGe
   153379.3593750000 SiSiSiGeGeSiGeSiSiGeGeGeGeGeGeSiGeGeGeGeGeGeGeGeGeGeGeGeGeGeGeGeGeGeGeGeGeGeGeGeGeGeGeGeGeGeGeGeGeGeGeGeSiGeGeGeGeGeSiGe
   153379.3593750000 SiSiSiGeGeSiGeSiSiGeGeGeGeGeGeSiGeGeGeGeGeGeGeGeGeGeGeGeGeGeGeGeGeGeGeGeGeGeGeGeGeGeGeGeGeGeGeGeGeGeGeGeSiGeGeGeGeGeSiGe
   153379.3593750000 SiSiSiGeGeSiGeSiSiGeGeGeGeGeGeSiGeGeGeGeGeGeGeGeGeGeGeGeGeGeGeGeGeGeGeGeGeGeGeGeGeGeGeGeGeGeGeGeGeGeGeGeSiGeGeGeGeGeSiGe
   153379.3593750000 SiSiSiGeGeSiGeSiSiGeGeGeGeGeGeSiGeGeGeGeGeGeGeGeGeGeGeGeGeGeGeGeGeGeGeGeGeGeGeGeGeGeGeGeGeGeGeGeGeGeGeGeSiGeGeGeGeGeSiGe
   153379.3593750000 SiSiSiGeGeSiGeSiSiGeGeGeGeGeGeSiGeGeGeGeGeGeGeGeGeGeGeGeGeGeGeGeGeGeGeGeGeGeGeGeGeGeGeGeGeGeGeGeGeGeGeGeSiGeGeGeGeGeSiGe
filename: c000001048063791.gin     
Cell:
    11.9020996    11.9020996    29.6919994    90.0000000    90.0000000   120.0000000
Box:
    11.9020996    -5.9510503     0.0000000
     0.0000000    10.3075209     0.0000000
     0.0000000     0.0000000    29.6919994
----------------------------------------
Inverse Box:
     0.0840188     0.0485083     0.0000000
     0.0000000     0.0970165     0.0000000
     0.0000000     0.0000000     0.0336791
----------------------------------------
==============================================
geometrical properties of  51 Ge:
 Configuration:           0
 D_ave:   9.08358955       3.57768798    
 D_min:   3.01128936       2.08536685E-02
 energia:   153379.359    
