Random Seed:  1313865339
Number of atoms:    60
Space Group:    1
Cell:
    11.9020996    11.9020996    29.6919994    90.0000000    90.0000000   120.0000000
Box:
    11.9020996    -5.9510503     0.0000000
     0.0000000    10.3075209     0.0000000
     0.0000000     0.0000000    29.6919994
----------------------------------------
Inverse Box:
     0.0840188     0.0485083     0.0000000
     0.0000000     0.0970165     0.0000000
     0.0000000     0.0000000     0.0336791
----------------------------------------
GeSiSiSiSiSiSiSiSiSiSiSiSiSiSiSiSiSiSiSiSiSiSiSiSiSiSiSiSiSiSiSiSiSiGeSiSiSiSiSiSiSiSiSiSiSiSiSiSiSiSiSiSiSiSiSiSiSiSiSi
           1 Ge    -7733.60498    
GeGeSiSiSiSiSiSiSiSiSiSiSiSiSiSiSiSiSiSiSiSiSiSiSiSiSiSiSiSiSiSiSiSiGeSiSiSiSiSiSiSiSiSiSiSiSiSiSiSiSiSiSiSiSiSiSiSiSiSi
           2 Ge    -7727.57520    
GeGeGeSiSiSiSiSiSiSiSiSiSiSiSiSiSiSiSiSiSiSiSiSiSiSiSiSiSiSiSiSiSiSiGeSiSiSiSiSiSiSiSiSiSiSiSiSiSiSiSiSiSiSiSiSiSiSiSiSi
           3 Ge    -7721.59326    
GeGeGeGeSiSiSiSiSiSiSiSiSiSiSiSiSiSiSiSiSiSiSiSiSiSiSiSiSiSiSiSiSiSiGeSiSiSiSiSiSiSiSiSiSiSiSiSiSiSiSiSiSiSiSiSiSiSiSiSi
           4 Ge    -7743.78320    
GeGeGeGeGeSiSiSiSiSiSiSiSiSiSiSiSiSiSiSiSiSiSiSiSiSiSiSiSiSiSiSiSiSiGeSiSiSiSiSiSiSiSiSiSiSiSiSiSiSiSiSiSiSiSiSiSiSiSiSi
           5 Ge    -7786.74023    
GeGeGeGeGeGeSiSiSiSiSiSiSiSiSiSiSiSiSiSiSiSiSiSiSiSiSiSiSiSiSiSiSiSiGeSiSiSiSiSiSiSiSiSiSiSiSiSiSiSiSiSiSiSiSiSiSiSiSiSi
           6 Ge    -7855.63281    
GeGeGeGeGeGeSiGeSiSiSiSiSiSiSiSiSiSiSiSiSiSiSiSiSiSiSiSiSiSiSiSiSiSiGeSiSiSiSiSiSiSiSiSiSiSiSiSiSiSiSiSiSiSiSiSiSiSiSiSi
           8 Ge    -8021.61914    
GeGeGeGeGeGeSiGeSiSiSiGeSiSiSiSiSiSiSiSiSiSiSiSiSiSiSiSiSiSiSiSiSiSiGeSiSiSiSiSiSiSiSiSiSiSiSiSiSiSiSiSiSiSiSiSiSiSiSiSi
          12 Ge    -8266.77441    
GeGeGeGeGeGeSiGeSiSiSiGeSiGeSiSiSiSiSiSiSiSiSiSiSiSiSiSiSiSiSiSiSiSiGeSiSiSiSiSiSiSiSiSiSiSiSiSiSiSiSiSiSiSiSiSiSiSiSiSi
          14 Ge    -8562.11523    
GeGeGeGeGeGeSiGeSiSiSiGeSiGeSiGeSiSiSiSiSiSiSiSiSiSiSiSiSiSiSiSiSiSiGeSiSiSiSiSiSiSiSiSiSiSiSiSiSiSiSiSiSiSiSiSiSiSiSiSi
          16 Ge    -8908.14258    
GeGeGeGeGeGeSiGeSiSiSiGeSiGeSiGeSiSiSiSiSiSiGeSiSiSiSiSiSiSiSiSiSiSiGeSiSiSiSiSiSiSiSiSiSiSiSiSiSiSiSiSiSiSiSiSiSiSiSiSi
          23 Ge    -9306.96680    
GeGeGeGeGeGeSiGeSiSiSiGeSiGeSiGeSiSiSiSiSiSiGeSiSiGeSiSiSiSiSiSiSiSiGeSiSiSiSiSiSiSiSiSiSiSiSiSiSiSiSiSiSiSiSiSiSiSiSiSi
          26 Ge    -9745.30957    
GeGeGeGeGeGeSiGeSiSiSiGeSiGeSiGeSiSiSiSiSiSiGeSiSiGeSiSiSiGeSiSiSiSiGeSiSiSiSiSiSiSiSiSiSiSiSiSiSiSiSiSiSiSiSiSiSiSiSiSi
          30 Ge    -9599.53418    
GeGeGeGeGeGeSiGeSiSiSiGeSiGeSiGeSiSiSiSiSiSiGeSiSiGeSiSiSiGeSiSiGeSiGeSiSiSiSiSiSiSiSiSiSiSiSiSiSiSiSiSiSiSiSiSiSiSiSiSi
          33 Ge    -10150.3623    
GeGeGeGeGeGeSiGeSiSiSiGeSiGeSiGeSiSiSiSiSiSiGeSiSiGeSiSiSiGeSiSiGeSiGeGeSiSiSiSiSiSiSiSiSiSiSiSiSiSiSiSiSiSiSiSiSiSiSiSi
          36 Ge    -10150.3037    
GeGeGeGeGeGeSiGeSiSiSiGeSiGeSiGeSiSiSiSiSiSiGeSiSiGeSiSiSiGeSiSiGeSiGeGeSiSiGeSiSiSiSiSiSiSiSiSiSiSiSiSiSiSiSiSiSiSiSiSi
          39 Ge    -10803.0205    
GeGeGeGeGeGeSiGeSiSiSiGeSiGeSiGeSiSiSiSiSiSiGeSiSiGeSiSiSiGeSiSiGeSiGeGeSiSiGeSiGeSiSiSiSiSiSiSiSiSiSiSiSiSiSiSiSiSiSiSi
          41 Ge    -11507.5244    
GeGeGeGeGeGeSiGeSiSiSiGeSiGeSiGeSiSiSiSiSiSiGeSiSiGeSiSiSiGeSiSiGeSiGeGeSiSiGeSiGeGeSiSiSiSiSiSiSiSiSiSiSiSiSiSiSiSiSiSi
          42 Ge    -10364.6475    
GeGeGeGeGeGeSiGeSiSiSiGeSiGeSiGeSiSiSiSiSiSiGeSiSiGeSiSiSiGeSiSiGeSiGeGeSiSiGeSiGeGeSiSiGeSiSiSiSiSiSiSiSiSiSiSiSiSiSiSi
          45 Ge    -10601.6367    
GeGeGeGeGeGeSiGeSiSiSiGeSiGeSiGeSiSiSiSiSiSiGeSiSiGeSiSiSiGeSiSiGeSiGeGeSiSiGeSiGeGeSiSiGeGeSiSiSiSiSiSiSiSiSiSiSiSiSiSi
          46 Ge    -11007.1748    
GeGeGeGeGeGeSiGeSiSiSiGeSiGeSiGeSiSiSiSiSiSiGeSiSiGeSiSiSiGeSiSiGeSiGeGeSiSiGeSiGeGeSiSiGeGeSiSiSiSiSiSiSiSiSiSiGeSiSiSi
          57 Ge    -11103.8711    
GeGeGeGeGeGeSiGeSiGeSiGeSiGeSiGeSiSiSiSiSiSiGeSiSiGeSiSiSiGeSiSiGeSiGeGeSiSiGeSiGeGeSiSiGeGeSiSiSiSiSiSiSiSiSiSiGeSiSiSi
          10 Ge    -7533.48828    
GeGeGeGeGeGeSiGeSiGeGeGeSiGeSiGeSiSiSiSiSiSiGeSiSiGeSiSiSiGeSiSiGeSiGeGeSiSiGeSiGeGeSiSiGeGeSiSiSiSiSiSiSiSiSiSiGeSiSiSi
          11 Ge    -7508.29492    
GeGeGeGeGeGeSiGeSiGeGeGeGeGeSiGeSiSiSiSiSiSiGeSiSiGeSiSiSiGeSiSiGeSiGeGeSiSiGeSiGeGeSiSiGeGeSiSiSiSiSiSiSiSiSiSiGeSiSiSi
          13 Ge    -5906.19434    
GeGeGeGeGeGeSiGeSiGeGeGeGeGeGeGeSiSiSiSiSiSiGeSiSiGeSiSiSiGeSiSiGeSiGeGeSiSiGeSiGeGeSiSiGeGeSiSiSiSiSiSiSiSiSiSiGeSiSiSi
          15 Ge     2077.26074    
GeGeGeGeGeGeSiGeSiGeGeGeGeGeGeGeSiGeSiSiSiSiGeSiSiGeSiSiSiGeSiSiGeSiGeGeSiSiGeSiGeGeSiSiGeGeSiSiSiSiSiSiSiSiSiSiGeSiSiSi
          18 Ge     3559.29541    
GeGeGeGeGeGeSiGeSiGeGeGeGeGeGeGeSiGeSiSiSiSiGeGeSiGeSiSiSiGeSiSiGeSiGeGeSiSiGeSiGeGeSiSiGeGeSiSiSiSiSiSiSiSiSiSiGeSiSiSi
          24 Ge     9052.31641    
GeGeGeGeGeGeSiGeSiGeGeGeGeGeGeGeSiGeSiSiSiSiGeGeSiGeSiGeSiGeSiSiGeSiGeGeSiSiGeSiGeGeSiSiGeGeSiSiSiSiSiSiSiSiSiSiGeSiSiSi
          28 Ge     9367.76758    
GeGeGeGeGeGeSiGeSiGeGeGeGeGeGeGeSiGeSiSiSiSiGeGeSiGeSiGeSiGeSiSiGeSiGeGeSiSiGeGeGeGeSiSiGeGeSiSiSiSiSiSiSiSiSiSiGeSiSiSi
          40 Ge     12489.3848    
GeGeGeGeGeGeSiGeSiGeGeGeGeGeGeGeSiGeSiSiSiSiGeGeSiGeSiGeSiGeSiSiGeSiGeGeSiSiGeGeGeGeSiGeGeGeSiSiSiSiSiSiSiSiSiSiGeSiSiSi
          44 Ge     14298.5332    
GeGeGeGeGeGeSiGeSiGeGeGeGeGeGeGeSiGeSiSiSiSiGeGeSiGeSiGeSiGeSiSiGeSiGeGeSiSiGeGeGeGeSiGeGeGeSiSiSiSiSiSiSiSiSiSiGeGeSiSi
          58 Ge     18259.7031    
GeGeGeGeGeGeSiGeGeGeGeGeGeGeGeGeSiGeSiSiSiSiGeGeSiGeSiGeSiGeSiSiGeSiGeGeSiSiGeGeGeGeSiGeGeGeSiSiSiSiSiSiSiSiSiSiGeGeSiSi
           9 Ge     24662.0195    
GeGeGeGeGeGeSiGeGeGeGeGeGeGeGeGeGeGeSiSiSiSiGeGeSiGeSiGeSiGeSiSiGeSiGeGeSiSiGeGeGeGeSiGeGeGeSiSiSiSiSiSiSiSiSiSiGeGeSiSi
          17 Ge     34454.7266    
GeGeGeGeGeGeSiGeGeGeGeGeGeGeGeGeGeGeSiSiGeSiGeGeSiGeSiGeSiGeSiSiGeSiGeGeSiSiGeGeGeGeSiGeGeGeSiSiSiSiSiSiSiSiSiSiGeGeSiSi
          21 Ge     47633.7344    
GeGeGeGeGeGeSiGeGeGeGeGeGeGeGeGeGeGeSiSiGeGeGeGeSiGeSiGeSiGeSiSiGeSiGeGeSiSiGeGeGeGeSiGeGeGeSiSiSiSiSiSiSiSiSiSiGeGeSiSi
          22 Ge     59848.8750    
GeGeGeGeGeGeSiGeGeGeGeGeGeGeGeGeGeGeSiSiGeGeGeGeSiGeSiGeSiGeGeSiGeSiGeGeSiSiGeGeGeGeSiGeGeGeSiSiSiSiSiSiSiSiSiSiGeGeSiSi
          31 Ge     63368.2656    
GeGeGeGeGeGeSiGeGeGeGeGeGeGeGeGeGeGeSiSiGeGeGeGeSiGeSiGeSiGeGeGeGeSiGeGeSiSiGeGeGeGeSiGeGeGeSiSiSiSiSiSiSiSiSiSiGeGeSiSi
          32 Ge     68737.1016    
GeGeGeGeGeGeSiGeGeGeGeGeGeGeGeGeGeGeSiSiGeGeGeGeSiGeSiGeSiGeGeGeGeSiGeGeSiSiGeGeGeGeSiGeGeGeSiSiGeSiSiSiSiSiSiSiGeGeSiSi
          49 Ge     80142.7891    
GeGeGeGeGeGeSiGeGeGeGeGeGeGeGeGeGeGeSiSiGeGeGeGeSiGeSiGeSiGeGeGeGeSiGeGeSiSiGeGeGeGeSiGeGeGeSiSiGeGeSiSiSiSiSiSiGeGeSiSi
          50 Ge     82159.2734    
GeGeGeGeGeGeSiGeGeGeGeGeGeGeGeGeGeGeSiSiGeGeGeGeSiGeSiGeSiGeGeGeGeSiGeGeSiSiGeGeGeGeSiGeGeGeSiSiGeGeGeSiSiSiSiSiGeGeSiSi
          51 Ge     90758.8359    
GeGeGeGeGeGeSiGeGeGeGeGeGeGeGeGeGeGeSiSiGeGeGeGeSiGeSiGeSiGeGeGeGeSiGeGeSiSiGeGeGeGeSiGeGeGeSiSiGeGeGeSiSiSiGeSiGeGeSiSi
          55 Ge     92660.8594    
GeGeGeGeGeGeGeGeGeGeGeGeGeGeGeGeGeGeSiSiGeGeGeGeSiGeSiGeSiGeGeGeGeSiGeGeSiSiGeGeGeGeSiGeGeGeSiSiGeGeGeSiSiSiGeSiGeGeSiSi
           7 Ge     99298.5469    
GeGeGeGeGeGeGeGeGeGeGeGeGeGeGeGeGeGeSiSiGeGeGeGeGeGeSiGeSiGeGeGeGeSiGeGeSiSiGeGeGeGeSiGeGeGeSiSiGeGeGeSiSiSiGeSiGeGeSiSi
          25 Ge     109685.375    
GeGeGeGeGeGeGeGeGeGeGeGeGeGeGeGeGeGeSiSiGeGeGeGeGeGeSiGeSiGeGeGeGeSiGeGeGeSiGeGeGeGeSiGeGeGeSiSiGeGeGeSiSiSiGeSiGeGeSiSi
          37 Ge     126121.922    
GeGeGeGeGeGeGeGeGeGeGeGeGeGeGeGeGeGeSiSiGeGeGeGeGeGeSiGeSiGeGeGeGeSiGeGeGeGeGeGeGeGeSiGeGeGeSiSiGeGeGeSiSiSiGeSiGeGeSiSi
          38 Ge     140026.562    
GeGeGeGeGeGeGeGeGeGeGeGeGeGeGeGeGeGeSiSiGeGeGeGeGeGeSiGeSiGeGeGeGeSiGeGeGeGeGeGeGeGeSiGeGeGeSiSiGeGeGeSiSiSiGeGeGeGeSiSi
          56 Ge     151839.062    
GeGeGeGeGeGeGeGeGeGeGeGeGeGeGeGeGeGeSiSiGeGeGeGeGeGeGeGeSiGeGeGeGeSiGeGeGeGeGeGeGeGeSiGeGeGeSiSiGeGeGeSiSiSiGeGeGeGeSiSi
          27 Ge     163763.594    
GeGeGeGeGeGeGeGeGeGeGeGeGeGeGeGeGeGeSiSiGeGeGeGeGeGeGeGeGeGeGeGeGeSiGeGeGeGeGeGeGeGeSiGeGeGeSiSiGeGeGeSiSiSiGeGeGeGeSiSi
          29 Ge     186425.188    
GeGeGeGeGeGeGeGeGeGeGeGeGeGeGeGeGeGeSiSiGeGeGeGeGeGeGeGeGeGeGeGeGeGeGeGeGeGeGeGeGeGeSiGeGeGeSiSiGeGeGeSiSiSiGeGeGeGeSiSi
          34 Ge     209596.625    
GeGeGeGeGeGeGeGeGeGeGeGeGeGeGeGeGeGeSiSiGeGeGeGeGeGeGeGeGeGeGeGeGeGeGeGeGeGeGeGeGeGeSiGeGeGeSiGeGeGeGeSiSiSiGeGeGeGeSiSi
          48 Ge     222388.406    
GeGeGeGeGeGeGeGeGeGeGeGeGeGeGeGeGeGeSiSiGeGeGeGeGeGeGeGeGeGeGeGeGeGeGeGeGeGeGeGeGeGeSiGeGeGeSiGeGeGeGeSiGeSiGeGeGeGeSiSi
          53 Ge     261499.875    
GeGeGeGeGeGeGeGeGeGeGeGeGeGeGeGeGeGeSiSiGeGeGeGeGeGeGeGeGeGeGeGeGeGeGeGeGeGeGeGeGeGeSiGeGeGeGeGeGeGeGeSiGeSiGeGeGeGeSiSi
          47 Ge     276891.156    
GeGeGeGeGeGeGeGeGeGeGeGeGeGeGeGeGeGeSiSiGeGeGeGeGeGeGeGeGeGeGeGeGeGeGeGeGeGeGeGeGeGeSiGeGeGeGeGeGeGeGeSiGeGeGeGeGeGeSiSi
          54 Ge     304181.125    
==============================================
MonteCarlo: Metropolis with identity changes
Si > Ge, Ge > Si. STOP when occurrence <    0.00000
==============================================
Cost_function     Occurrence %     Scan-Cost
   248221.0156250000 SiGeSiGeGeGeSiSiGeGeGeGeGeGeGeGeGeGeGeGeGeGeGeSiGeGeGeGeGeGeGeGeGeGeGeGeGeGeGeGeGeGeGeGeGeGeGeGeGeGeGeGeGeGeGeGeGeGeSiGe
   248221.0156250000 SiGeSiGeGeGeSiSiGeGeGeGeGeGeGeGeGeGeGeGeGeGeGeSiGeGeGeGeGeGeGeGeGeGeGeGeGeGeGeGeGeGeGeGeGeGeGeGeGeGeGeGeGeGeGeGeGeGeSiGe
   245267.3906250000 SiGeSiGeGeGeSiSiGeGeGeGeGeGeGeGeGeGeGeGeGeGeGeGeGeGeGeGeGeGeGeSiGeGeGeGeGeGeGeGeGeGeGeGeGeGeGeGeGeGeGeGeGeGeGeGeGeGeSiGe
   241108.5468750000 SiGeSiGeGeGeGeSiGeGeGeGeGeGeGeGeGeGeGeGeGeGeGeGeGeGeGeGeGeGeGeGeGeGeGeGeGeGeGeGeGeGeGeGeGeGeGeGeGeGeGeGeGeSiSiGeGeGeSiGe
   241108.5468750000 SiGeSiGeGeGeGeSiGeGeGeGeGeGeGeGeGeGeGeGeGeGeGeGeGeGeGeGeGeGeGeGeGeGeGeGeGeGeGeGeGeGeGeGeGeGeGeGeGeGeGeGeGeSiSiGeGeGeSiGe
   241108.5468750000 SiGeSiGeGeGeGeSiGeGeGeGeGeGeGeGeGeGeGeGeGeGeGeGeGeGeGeGeGeGeGeGeGeGeGeGeGeGeGeGeGeGeGeGeGeGeGeGeGeGeGeGeGeSiSiGeGeGeSiGe
   241108.5468750000 SiGeSiGeGeGeGeSiGeGeGeGeGeGeGeGeGeGeGeGeGeGeGeGeGeGeGeGeGeGeGeGeGeGeGeGeGeGeGeGeGeGeGeGeGeGeGeGeGeGeGeGeGeSiSiGeGeGeSiGe
   241108.5468750000 SiGeSiGeGeGeGeSiGeGeGeGeGeGeGeGeGeGeGeGeGeGeGeGeGeGeGeGeGeGeGeGeGeGeGeGeGeGeGeGeGeGeGeGeGeGeGeGeGeGeGeGeGeSiSiGeGeGeSiGe
   241108.5468750000 SiGeSiGeGeGeGeSiGeGeGeGeGeGeGeGeGeGeGeGeGeGeGeGeGeGeGeGeGeGeGeGeGeGeGeGeGeGeGeGeGeGeGeGeGeGeGeGeGeGeGeGeGeSiSiGeGeGeSiGe
   241108.5468750000 SiGeSiGeGeGeGeSiGeGeGeGeGeGeGeGeGeGeGeGeGeGeGeGeGeGeGeGeGeGeGeGeGeGeGeGeGeGeGeGeGeGeGeGeGeGeGeGeGeGeGeGeGeSiSiGeGeGeSiGe
   241108.5468750000 SiGeSiGeGeGeGeSiGeGeGeGeGeGeGeGeGeGeGeGeGeGeGeGeGeGeGeGeGeGeGeGeGeGeGeGeGeGeGeGeGeGeGeGeGeGeGeGeGeGeGeGeGeSiSiGeGeGeSiGe
   241108.5468750000 SiGeSiGeGeGeGeSiGeGeGeGeGeGeGeGeGeGeGeGeGeGeGeGeGeGeGeGeGeGeGeGeGeGeGeGeGeGeGeGeGeGeGeGeGeGeGeGeGeGeGeGeGeSiSiGeGeGeSiGe
   241108.5468750000 SiGeSiGeGeGeGeSiGeGeGeGeGeGeGeGeGeGeGeGeGeGeGeGeGeGeGeGeGeGeGeGeGeGeGeGeGeGeGeGeGeGeGeGeGeGeGeGeGeGeGeGeGeSiSiGeGeGeSiGe
   241108.5468750000 SiGeSiGeGeGeGeSiGeGeGeGeGeGeGeGeGeGeGeGeGeGeGeGeGeGeGeGeGeGeGeGeGeGeGeGeGeGeGeGeGeGeGeGeGeGeGeGeGeGeGeGeGeSiSiGeGeGeSiGe
   241108.5468750000 SiGeSiGeGeGeGeSiGeGeGeGeGeGeGeGeGeGeGeGeGeGeGeGeGeGeGeGeGeGeGeGeGeGeGeGeGeGeGeGeGeGeGeGeGeGeGeGeGeGeGeGeGeSiSiGeGeGeSiGe
   241108.5468750000 SiGeSiGeGeGeGeSiGeGeGeGeGeGeGeGeGeGeGeGeGeGeGeGeGeGeGeGeGeGeGeGeGeGeGeGeGeGeGeGeGeGeGeGeGeGeGeGeGeGeGeGeGeSiSiGeGeGeSiGe
   241108.5468750000 SiGeSiGeGeGeGeSiGeGeGeGeGeGeGeGeGeGeGeGeGeGeGeGeGeGeGeGeGeGeGeGeGeGeGeGeGeGeGeGeGeGeGeGeGeGeGeGeGeGeGeGeGeSiSiGeGeGeSiGe
   241108.5468750000 SiGeSiGeGeGeGeSiGeGeGeGeGeGeGeGeGeGeGeGeGeGeGeGeGeGeGeGeGeGeGeGeGeGeGeGeGeGeGeGeGeGeGeGeGeGeGeGeGeGeGeGeGeSiSiGeGeGeSiGe
   241108.5468750000 SiGeSiGeGeGeGeSiGeGeGeGeGeGeGeGeGeGeGeGeGeGeGeGeGeGeGeGeGeGeGeGeGeGeGeGeGeGeGeGeGeGeGeGeGeGeGeGeGeGeGeGeGeSiSiGeGeGeSiGe
   241108.5468750000 SiGeSiGeGeGeGeSiGeGeGeGeGeGeGeGeGeGeGeGeGeGeGeGeGeGeGeGeGeGeGeGeGeGeGeGeGeGeGeGeGeGeGeGeGeGeGeGeGeGeGeGeGeSiSiGeGeGeSiGe
   241108.5468750000 SiGeSiGeGeGeGeSiGeGeGeGeGeGeGeGeGeGeGeGeGeGeGeGeGeGeGeGeGeGeGeGeGeGeGeGeGeGeGeGeGeGeGeGeGeGeGeGeGeGeGeGeGeSiSiGeGeGeSiGe
   241108.5468750000 SiGeSiGeGeGeGeSiGeGeGeGeGeGeGeGeGeGeGeGeGeGeGeGeGeGeGeGeGeGeGeGeGeGeGeGeGeGeGeGeGeGeGeGeGeGeGeGeGeGeGeGeGeSiSiGeGeGeSiGe
   241108.5468750000 SiGeSiGeGeGeGeSiGeGeGeGeGeGeGeGeGeGeGeGeGeGeGeGeGeGeGeGeGeGeGeGeGeGeGeGeGeGeGeGeGeGeGeGeGeGeGeGeGeGeGeGeGeSiSiGeGeGeSiGe
   241108.5468750000 SiGeSiGeGeGeGeSiGeGeGeGeGeGeGeGeGeGeGeGeGeGeGeGeGeGeGeGeGeGeGeGeGeGeGeGeGeGeGeGeGeGeGeGeGeGeGeGeGeGeGeGeGeSiSiGeGeGeSiGe
   241108.5468750000 SiGeSiGeGeGeGeSiGeGeGeGeGeGeGeGeGeGeGeGeGeGeGeGeGeGeGeGeGeGeGeGeGeGeGeGeGeGeGeGeGeGeGeGeGeGeGeGeGeGeGeGeGeSiSiGeGeGeSiGe
   241108.5468750000 SiGeSiGeGeGeGeSiGeGeGeGeGeGeGeGeGeGeGeGeGeGeGeGeGeGeGeGeGeGeGeGeGeGeGeGeGeGeGeGeGeGeGeGeGeGeGeGeGeGeGeGeGeSiSiGeGeGeSiGe
   241108.5468750000 SiGeSiGeGeGeGeSiGeGeGeGeGeGeGeGeGeGeGeGeGeGeGeGeGeGeGeGeGeGeGeGeGeGeGeGeGeGeGeGeGeGeGeGeGeGeGeGeGeGeGeGeGeSiSiGeGeGeSiGe
   241108.5468750000 SiGeSiGeGeGeGeSiGeGeGeGeGeGeGeGeGeGeGeGeGeGeGeGeGeGeGeGeGeGeGeGeGeGeGeGeGeGeGeGeGeGeGeGeGeGeGeGeGeGeGeGeGeSiSiGeGeGeSiGe
   241108.5468750000 SiGeSiGeGeGeGeSiGeGeGeGeGeGeGeGeGeGeGeGeGeGeGeGeGeGeGeGeGeGeGeGeGeGeGeGeGeGeGeGeGeGeGeGeGeGeGeGeGeGeGeGeGeSiSiGeGeGeSiGe
   241108.5468750000 SiGeSiGeGeGeGeSiGeGeGeGeGeGeGeGeGeGeGeGeGeGeGeGeGeGeGeGeGeGeGeGeGeGeGeGeGeGeGeGeGeGeGeGeGeGeGeGeGeGeGeGeGeSiSiGeGeGeSiGe
   241108.5468750000 SiGeSiGeGeGeGeSiGeGeGeGeGeGeGeGeGeGeGeGeGeGeGeGeGeGeGeGeGeGeGeGeGeGeGeGeGeGeGeGeGeGeGeGeGeGeGeGeGeGeGeGeGeSiSiGeGeGeSiGe
   241108.5468750000 SiGeSiGeGeGeGeSiGeGeGeGeGeGeGeGeGeGeGeGeGeGeGeGeGeGeGeGeGeGeGeGeGeGeGeGeGeGeGeGeGeGeGeGeGeGeGeGeGeGeGeGeGeSiSiGeGeGeSiGe
   241108.5468750000 SiGeSiGeGeGeGeSiGeGeGeGeGeGeGeGeGeGeGeGeGeGeGeGeGeGeGeGeGeGeGeGeGeGeGeGeGeGeGeGeGeGeGeGeGeGeGeGeGeGeGeGeGeSiSiGeGeGeSiGe
   241108.5468750000 SiGeSiGeGeGeGeSiGeGeGeGeGeGeGeGeGeGeGeGeGeGeGeGeGeGeGeGeGeGeGeGeGeGeGeGeGeGeGeGeGeGeGeGeGeGeGeGeGeGeGeGeGeSiSiGeGeGeSiGe
   241108.5468750000 SiGeSiGeGeGeGeSiGeGeGeGeGeGeGeGeGeGeGeGeGeGeGeGeGeGeGeGeGeGeGeGeGeGeGeGeGeGeGeGeGeGeGeGeGeGeGeGeGeGeGeGeGeSiSiGeGeGeSiGe
   241108.5468750000 SiGeSiGeGeGeGeSiGeGeGeGeGeGeGeGeGeGeGeGeGeGeGeGeGeGeGeGeGeGeGeGeGeGeGeGeGeGeGeGeGeGeGeGeGeGeGeGeGeGeGeGeGeSiSiGeGeGeSiGe
   241108.5468750000 SiGeSiGeGeGeGeSiGeGeGeGeGeGeGeGeGeGeGeGeGeGeGeGeGeGeGeGeGeGeGeGeGeGeGeGeGeGeGeGeGeGeGeGeGeGeGeGeGeGeGeGeGeSiSiGeGeGeSiGe
   241108.5468750000 SiGeSiGeGeGeGeSiGeGeGeGeGeGeGeGeGeGeGeGeGeGeGeGeGeGeGeGeGeGeGeGeGeGeGeGeGeGeGeGeGeGeGeGeGeGeGeGeGeGeGeGeGeSiSiGeGeGeSiGe
   241108.5468750000 SiGeSiGeGeGeGeSiGeGeGeGeGeGeGeGeGeGeGeGeGeGeGeGeGeGeGeGeGeGeGeGeGeGeGeGeGeGeGeGeGeGeGeGeGeGeGeGeGeGeGeGeGeSiSiGeGeGeSiGe
   241108.5468750000 SiGeSiGeGeGeGeSiGeGeGeGeGeGeGeGeGeGeGeGeGeGeGeGeGeGeGeGeGeGeGeGeGeGeGeGeGeGeGeGeGeGeGeGeGeGeGeGeGeGeGeGeGeSiSiGeGeGeSiGe
   241108.5468750000 SiGeSiGeGeGeGeSiGeGeGeGeGeGeGeGeGeGeGeGeGeGeGeGeGeGeGeGeGeGeGeGeGeGeGeGeGeGeGeGeGeGeGeGeGeGeGeGeGeGeGeGeGeSiSiGeGeGeSiGe
   241108.5468750000 SiGeSiGeGeGeGeSiGeGeGeGeGeGeGeGeGeGeGeGeGeGeGeGeGeGeGeGeGeGeGeGeGeGeGeGeGeGeGeGeGeGeGeGeGeGeGeGeGeGeGeGeGeSiSiGeGeGeSiGe
   241108.5468750000 SiGeSiGeGeGeGeSiGeGeGeGeGeGeGeGeGeGeGeGeGeGeGeGeGeGeGeGeGeGeGeGeGeGeGeGeGeGeGeGeGeGeGeGeGeGeGeGeGeGeGeGeGeSiSiGeGeGeSiGe
   241108.5468750000 SiGeSiGeGeGeGeSiGeGeGeGeGeGeGeGeGeGeGeGeGeGeGeGeGeGeGeGeGeGeGeGeGeGeGeGeGeGeGeGeGeGeGeGeGeGeGeGeGeGeGeGeGeSiSiGeGeGeSiGe
   241108.5468750000 SiGeSiGeGeGeGeSiGeGeGeGeGeGeGeGeGeGeGeGeGeGeGeGeGeGeGeGeGeGeGeGeGeGeGeGeGeGeGeGeGeGeGeGeGeGeGeGeGeGeGeGeGeSiSiGeGeGeSiGe
   241108.5468750000 SiGeSiGeGeGeGeSiGeGeGeGeGeGeGeGeGeGeGeGeGeGeGeGeGeGeGeGeGeGeGeGeGeGeGeGeGeGeGeGeGeGeGeGeGeGeGeGeGeGeGeGeGeSiSiGeGeGeSiGe
   241108.5468750000 SiGeSiGeGeGeGeSiGeGeGeGeGeGeGeGeGeGeGeGeGeGeGeGeGeGeGeGeGeGeGeGeGeGeGeGeGeGeGeGeGeGeGeGeGeGeGeGeGeGeGeGeGeSiSiGeGeGeSiGe
   241108.5468750000 SiGeSiGeGeGeGeSiGeGeGeGeGeGeGeGeGeGeGeGeGeGeGeGeGeGeGeGeGeGeGeGeGeGeGeGeGeGeGeGeGeGeGeGeGeGeGeGeGeGeGeGeGeSiSiGeGeGeSiGe
   241108.5468750000 SiGeSiGeGeGeGeSiGeGeGeGeGeGeGeGeGeGeGeGeGeGeGeGeGeGeGeGeGeGeGeGeGeGeGeGeGeGeGeGeGeGeGeGeGeGeGeGeGeGeGeGeGeSiSiGeGeGeSiGe
   241108.5468750000 SiGeSiGeGeGeGeSiGeGeGeGeGeGeGeGeGeGeGeGeGeGeGeGeGeGeGeGeGeGeGeGeGeGeGeGeGeGeGeGeGeGeGeGeGeGeGeGeGeGeGeGeGeSiSiGeGeGeSiGe
   241108.5468750000 SiGeSiGeGeGeGeSiGeGeGeGeGeGeGeGeGeGeGeGeGeGeGeGeGeGeGeGeGeGeGeGeGeGeGeGeGeGeGeGeGeGeGeGeGeGeGeGeGeGeGeGeGeSiSiGeGeGeSiGe
   241108.5468750000 SiGeSiGeGeGeGeSiGeGeGeGeGeGeGeGeGeGeGeGeGeGeGeGeGeGeGeGeGeGeGeGeGeGeGeGeGeGeGeGeGeGeGeGeGeGeGeGeGeGeGeGeGeSiSiGeGeGeSiGe
   241108.5468750000 SiGeSiGeGeGeGeSiGeGeGeGeGeGeGeGeGeGeGeGeGeGeGeGeGeGeGeGeGeGeGeGeGeGeGeGeGeGeGeGeGeGeGeGeGeGeGeGeGeGeGeGeGeSiSiGeGeGeSiGe
   241108.5468750000 SiGeSiGeGeGeGeSiGeGeGeGeGeGeGeGeGeGeGeGeGeGeGeGeGeGeGeGeGeGeGeGeGeGeGeGeGeGeGeGeGeGeGeGeGeGeGeGeGeGeGeGeGeSiSiGeGeGeSiGe
   241108.5468750000 SiGeSiGeGeGeGeSiGeGeGeGeGeGeGeGeGeGeGeGeGeGeGeGeGeGeGeGeGeGeGeGeGeGeGeGeGeGeGeGeGeGeGeGeGeGeGeGeGeGeGeGeGeSiSiGeGeGeSiGe
   241108.5468750000 SiGeSiGeGeGeGeSiGeGeGeGeGeGeGeGeGeGeGeGeGeGeGeGeGeGeGeGeGeGeGeGeGeGeGeGeGeGeGeGeGeGeGeGeGeGeGeGeGeGeGeGeGeSiSiGeGeGeSiGe
   241108.5468750000 SiGeSiGeGeGeGeSiGeGeGeGeGeGeGeGeGeGeGeGeGeGeGeGeGeGeGeGeGeGeGeGeGeGeGeGeGeGeGeGeGeGeGeGeGeGeGeGeGeGeGeGeGeSiSiGeGeGeSiGe
   241108.5468750000 SiGeSiGeGeGeGeSiGeGeGeGeGeGeGeGeGeGeGeGeGeGeGeGeGeGeGeGeGeGeGeGeGeGeGeGeGeGeGeGeGeGeGeGeGeGeGeGeGeGeGeGeGeSiSiGeGeGeSiGe
   241108.5468750000 SiGeSiGeGeGeGeSiGeGeGeGeGeGeGeGeGeGeGeGeGeGeGeGeGeGeGeGeGeGeGeGeGeGeGeGeGeGeGeGeGeGeGeGeGeGeGeGeGeGeGeGeGeSiSiGeGeGeSiGe
   241108.5468750000 SiGeSiGeGeGeGeSiGeGeGeGeGeGeGeGeGeGeGeGeGeGeGeGeGeGeGeGeGeGeGeGeGeGeGeGeGeGeGeGeGeGeGeGeGeGeGeGeGeGeGeGeGeSiSiGeGeGeSiGe
   241108.5468750000 SiGeSiGeGeGeGeSiGeGeGeGeGeGeGeGeGeGeGeGeGeGeGeGeGeGeGeGeGeGeGeGeGeGeGeGeGeGeGeGeGeGeGeGeGeGeGeGeGeGeGeGeGeSiSiGeGeGeSiGe
   241108.5468750000 SiGeSiGeGeGeGeSiGeGeGeGeGeGeGeGeGeGeGeGeGeGeGeGeGeGeGeGeGeGeGeGeGeGeGeGeGeGeGeGeGeGeGeGeGeGeGeGeGeGeGeGeGeSiSiGeGeGeSiGe
   241108.5468750000 SiGeSiGeGeGeGeSiGeGeGeGeGeGeGeGeGeGeGeGeGeGeGeGeGeGeGeGeGeGeGeGeGeGeGeGeGeGeGeGeGeGeGeGeGeGeGeGeGeGeGeGeGeSiSiGeGeGeSiGe
   241108.5468750000 SiGeSiGeGeGeGeSiGeGeGeGeGeGeGeGeGeGeGeGeGeGeGeGeGeGeGeGeGeGeGeGeGeGeGeGeGeGeGeGeGeGeGeGeGeGeGeGeGeGeGeGeGeSiSiGeGeGeSiGe
   241108.5468750000 SiGeSiGeGeGeGeSiGeGeGeGeGeGeGeGeGeGeGeGeGeGeGeGeGeGeGeGeGeGeGeGeGeGeGeGeGeGeGeGeGeGeGeGeGeGeGeGeGeGeGeGeGeSiSiGeGeGeSiGe
   241108.5468750000 SiGeSiGeGeGeGeSiGeGeGeGeGeGeGeGeGeGeGeGeGeGeGeGeGeGeGeGeGeGeGeGeGeGeGeGeGeGeGeGeGeGeGeGeGeGeGeGeGeGeGeGeGeSiSiGeGeGeSiGe
   241108.5468750000 SiGeSiGeGeGeGeSiGeGeGeGeGeGeGeGeGeGeGeGeGeGeGeGeGeGeGeGeGeGeGeGeGeGeGeGeGeGeGeGeGeGeGeGeGeGeGeGeGeGeGeGeGeSiSiGeGeGeSiGe
   241108.5468750000 SiGeSiGeGeGeGeSiGeGeGeGeGeGeGeGeGeGeGeGeGeGeGeGeGeGeGeGeGeGeGeGeGeGeGeGeGeGeGeGeGeGeGeGeGeGeGeGeGeGeGeGeGeSiSiGeGeGeSiGe
   241108.5468750000 SiGeSiGeGeGeGeSiGeGeGeGeGeGeGeGeGeGeGeGeGeGeGeGeGeGeGeGeGeGeGeGeGeGeGeGeGeGeGeGeGeGeGeGeGeGeGeGeGeGeGeGeGeSiSiGeGeGeSiGe
   241108.5468750000 SiGeSiGeGeGeGeSiGeGeGeGeGeGeGeGeGeGeGeGeGeGeGeGeGeGeGeGeGeGeGeGeGeGeGeGeGeGeGeGeGeGeGeGeGeGeGeGeGeGeGeGeGeSiSiGeGeGeSiGe
   241108.5468750000 SiGeSiGeGeGeGeSiGeGeGeGeGeGeGeGeGeGeGeGeGeGeGeGeGeGeGeGeGeGeGeGeGeGeGeGeGeGeGeGeGeGeGeGeGeGeGeGeGeGeGeGeGeSiSiGeGeGeSiGe
   241108.5468750000 SiGeSiGeGeGeGeSiGeGeGeGeGeGeGeGeGeGeGeGeGeGeGeGeGeGeGeGeGeGeGeGeGeGeGeGeGeGeGeGeGeGeGeGeGeGeGeGeGeGeGeGeGeSiSiGeGeGeSiGe
   241108.5468750000 SiGeSiGeGeGeGeSiGeGeGeGeGeGeGeGeGeGeGeGeGeGeGeGeGeGeGeGeGeGeGeGeGeGeGeGeGeGeGeGeGeGeGeGeGeGeGeGeGeGeGeGeGeSiSiGeGeGeSiGe
   241108.5468750000 SiGeSiGeGeGeGeSiGeGeGeGeGeGeGeGeGeGeGeGeGeGeGeGeGeGeGeGeGeGeGeGeGeGeGeGeGeGeGeGeGeGeGeGeGeGeGeGeGeGeGeGeGeSiSiGeGeGeSiGe
   241108.5468750000 SiGeSiGeGeGeGeSiGeGeGeGeGeGeGeGeGeGeGeGeGeGeGeGeGeGeGeGeGeGeGeGeGeGeGeGeGeGeGeGeGeGeGeGeGeGeGeGeGeGeGeGeGeSiSiGeGeGeSiGe
   241108.5468750000 SiGeSiGeGeGeGeSiGeGeGeGeGeGeGeGeGeGeGeGeGeGeGeGeGeGeGeGeGeGeGeGeGeGeGeGeGeGeGeGeGeGeGeGeGeGeGeGeGeGeGeGeGeSiSiGeGeGeSiGe
   241108.5468750000 SiGeSiGeGeGeGeSiGeGeGeGeGeGeGeGeGeGeGeGeGeGeGeGeGeGeGeGeGeGeGeGeGeGeGeGeGeGeGeGeGeGeGeGeGeGeGeGeGeGeGeGeGeSiSiGeGeGeSiGe
   241108.5468750000 SiGeSiGeGeGeGeSiGeGeGeGeGeGeGeGeGeGeGeGeGeGeGeGeGeGeGeGeGeGeGeGeGeGeGeGeGeGeGeGeGeGeGeGeGeGeGeGeGeGeGeGeGeSiSiGeGeGeSiGe
   241108.5468750000 SiGeSiGeGeGeGeSiGeGeGeGeGeGeGeGeGeGeGeGeGeGeGeGeGeGeGeGeGeGeGeGeGeGeGeGeGeGeGeGeGeGeGeGeGeGeGeGeGeGeGeGeGeSiSiGeGeGeSiGe
   241108.5468750000 SiGeSiGeGeGeGeSiGeGeGeGeGeGeGeGeGeGeGeGeGeGeGeGeGeGeGeGeGeGeGeGeGeGeGeGeGeGeGeGeGeGeGeGeGeGeGeGeGeGeGeGeGeSiSiGeGeGeSiGe
   241108.5468750000 SiGeSiGeGeGeGeSiGeGeGeGeGeGeGeGeGeGeGeGeGeGeGeGeGeGeGeGeGeGeGeGeGeGeGeGeGeGeGeGeGeGeGeGeGeGeGeGeGeGeGeGeGeSiSiGeGeGeSiGe
   241108.5468750000 SiGeSiGeGeGeGeSiGeGeGeGeGeGeGeGeGeGeGeGeGeGeGeGeGeGeGeGeGeGeGeGeGeGeGeGeGeGeGeGeGeGeGeGeGeGeGeGeGeGeGeGeGeSiSiGeGeGeSiGe
   241108.5468750000 SiGeSiGeGeGeGeSiGeGeGeGeGeGeGeGeGeGeGeGeGeGeGeGeGeGeGeGeGeGeGeGeGeGeGeGeGeGeGeGeGeGeGeGeGeGeGeGeGeGeGeGeGeSiSiGeGeGeSiGe
   241108.5468750000 SiGeSiGeGeGeGeSiGeGeGeGeGeGeGeGeGeGeGeGeGeGeGeGeGeGeGeGeGeGeGeGeGeGeGeGeGeGeGeGeGeGeGeGeGeGeGeGeGeGeGeGeGeSiSiGeGeGeSiGe
   241108.5468750000 SiGeSiGeGeGeGeSiGeGeGeGeGeGeGeGeGeGeGeGeGeGeGeGeGeGeGeGeGeGeGeGeGeGeGeGeGeGeGeGeGeGeGeGeGeGeGeGeGeGeGeGeGeSiSiGeGeGeSiGe
   241108.5468750000 SiGeSiGeGeGeGeSiGeGeGeGeGeGeGeGeGeGeGeGeGeGeGeGeGeGeGeGeGeGeGeGeGeGeGeGeGeGeGeGeGeGeGeGeGeGeGeGeGeGeGeGeGeSiSiGeGeGeSiGe
   241108.5468750000 SiGeSiGeGeGeGeSiGeGeGeGeGeGeGeGeGeGeGeGeGeGeGeGeGeGeGeGeGeGeGeGeGeGeGeGeGeGeGeGeGeGeGeGeGeGeGeGeGeGeGeGeGeSiSiGeGeGeSiGe
   241108.5468750000 SiGeSiGeGeGeGeSiGeGeGeGeGeGeGeGeGeGeGeGeGeGeGeGeGeGeGeGeGeGeGeGeGeGeGeGeGeGeGeGeGeGeGeGeGeGeGeGeGeGeGeGeGeSiSiGeGeGeSiGe
   241108.5468750000 SiGeSiGeGeGeGeSiGeGeGeGeGeGeGeGeGeGeGeGeGeGeGeGeGeGeGeGeGeGeGeGeGeGeGeGeGeGeGeGeGeGeGeGeGeGeGeGeGeGeGeGeGeSiSiGeGeGeSiGe
   241108.5468750000 SiGeSiGeGeGeGeSiGeGeGeGeGeGeGeGeGeGeGeGeGeGeGeGeGeGeGeGeGeGeGeGeGeGeGeGeGeGeGeGeGeGeGeGeGeGeGeGeGeGeGeGeGeSiSiGeGeGeSiGe
   241108.5468750000 SiGeSiGeGeGeGeSiGeGeGeGeGeGeGeGeGeGeGeGeGeGeGeGeGeGeGeGeGeGeGeGeGeGeGeGeGeGeGeGeGeGeGeGeGeGeGeGeGeGeGeGeGeSiSiGeGeGeSiGe
   241108.5468750000 SiGeSiGeGeGeGeSiGeGeGeGeGeGeGeGeGeGeGeGeGeGeGeGeGeGeGeGeGeGeGeGeGeGeGeGeGeGeGeGeGeGeGeGeGeGeGeGeGeGeGeGeGeSiSiGeGeGeSiGe
   241108.5468750000 SiGeSiGeGeGeGeSiGeGeGeGeGeGeGeGeGeGeGeGeGeGeGeGeGeGeGeGeGeGeGeGeGeGeGeGeGeGeGeGeGeGeGeGeGeGeGeGeGeGeGeGeGeSiSiGeGeGeSiGe
   241108.5468750000 SiGeSiGeGeGeGeSiGeGeGeGeGeGeGeGeGeGeGeGeGeGeGeGeGeGeGeGeGeGeGeGeGeGeGeGeGeGeGeGeGeGeGeGeGeGeGeGeGeGeGeGeGeSiSiGeGeGeSiGe
   241108.5468750000 SiGeSiGeGeGeGeSiGeGeGeGeGeGeGeGeGeGeGeGeGeGeGeGeGeGeGeGeGeGeGeGeGeGeGeGeGeGeGeGeGeGeGeGeGeGeGeGeGeGeGeGeGeSiSiGeGeGeSiGe
   241108.5468750000 SiGeSiGeGeGeGeSiGeGeGeGeGeGeGeGeGeGeGeGeGeGeGeGeGeGeGeGeGeGeGeGeGeGeGeGeGeGeGeGeGeGeGeGeGeGeGeGeGeGeGeGeGeSiSiGeGeGeSiGe
   241108.5468750000 SiGeSiGeGeGeGeSiGeGeGeGeGeGeGeGeGeGeGeGeGeGeGeGeGeGeGeGeGeGeGeGeGeGeGeGeGeGeGeGeGeGeGeGeGeGeGeGeGeGeGeGeGeSiSiGeGeGeSiGe
   241108.5468750000 SiGeSiGeGeGeGeSiGeGeGeGeGeGeGeGeGeGeGeGeGeGeGeGeGeGeGeGeGeGeGeGeGeGeGeGeGeGeGeGeGeGeGeGeGeGeGeGeGeGeGeGeGeSiSiGeGeGeSiGe
   241108.5468750000 SiGeSiGeGeGeGeSiGeGeGeGeGeGeGeGeGeGeGeGeGeGeGeGeGeGeGeGeGeGeGeGeGeGeGeGeGeGeGeGeGeGeGeGeGeGeGeGeGeGeGeGeGeSiSiGeGeGeSiGe
   241108.5468750000 SiGeSiGeGeGeGeSiGeGeGeGeGeGeGeGeGeGeGeGeGeGeGeGeGeGeGeGeGeGeGeGeGeGeGeGeGeGeGeGeGeGeGeGeGeGeGeGeGeGeGeGeGeSiSiGeGeGeSiGe
   241108.5468750000 SiGeSiGeGeGeGeSiGeGeGeGeGeGeGeGeGeGeGeGeGeGeGeGeGeGeGeGeGeGeGeGeGeGeGeGeGeGeGeGeGeGeGeGeGeGeGeGeGeGeGeGeGeSiSiGeGeGeSiGe
   241108.5468750000 SiGeSiGeGeGeGeSiGeGeGeGeGeGeGeGeGeGeGeGeGeGeGeGeGeGeGeGeGeGeGeGeGeGeGeGeGeGeGeGeGeGeGeGeGeGeGeGeGeGeGeGeGeSiSiGeGeGeSiGe
   241108.5468750000 SiGeSiGeGeGeGeSiGeGeGeGeGeGeGeGeGeGeGeGeGeGeGeGeGeGeGeGeGeGeGeGeGeGeGeGeGeGeGeGeGeGeGeGeGeGeGeGeGeGeGeGeGeSiSiGeGeGeSiGe
   241108.5468750000 SiGeSiGeGeGeGeSiGeGeGeGeGeGeGeGeGeGeGeGeGeGeGeGeGeGeGeGeGeGeGeGeGeGeGeGeGeGeGeGeGeGeGeGeGeGeGeGeGeGeGeGeGeSiSiGeGeGeSiGe
   241108.5468750000 SiGeSiGeGeGeGeSiGeGeGeGeGeGeGeGeGeGeGeGeGeGeGeGeGeGeGeGeGeGeGeGeGeGeGeGeGeGeGeGeGeGeGeGeGeGeGeGeGeGeGeGeGeSiSiGeGeGeSiGe
   241108.5468750000 SiGeSiGeGeGeGeSiGeGeGeGeGeGeGeGeGeGeGeGeGeGeGeGeGeGeGeGeGeGeGeGeGeGeGeGeGeGeGeGeGeGeGeGeGeGeGeGeGeGeGeGeGeSiSiGeGeGeSiGe
   241108.5468750000 SiGeSiGeGeGeGeSiGeGeGeGeGeGeGeGeGeGeGeGeGeGeGeGeGeGeGeGeGeGeGeGeGeGeGeGeGeGeGeGeGeGeGeGeGeGeGeGeGeGeGeGeGeSiSiGeGeGeSiGe
   241108.5468750000 SiGeSiGeGeGeGeSiGeGeGeGeGeGeGeGeGeGeGeGeGeGeGeGeGeGeGeGeGeGeGeGeGeGeGeGeGeGeGeGeGeGeGeGeGeGeGeGeGeGeGeGeGeSiSiGeGeGeSiGe
   241108.5468750000 SiGeSiGeGeGeGeSiGeGeGeGeGeGeGeGeGeGeGeGeGeGeGeGeGeGeGeGeGeGeGeGeGeGeGeGeGeGeGeGeGeGeGeGeGeGeGeGeGeGeGeGeGeSiSiGeGeGeSiGe
   241108.5468750000 SiGeSiGeGeGeGeSiGeGeGeGeGeGeGeGeGeGeGeGeGeGeGeGeGeGeGeGeGeGeGeGeGeGeGeGeGeGeGeGeGeGeGeGeGeGeGeGeGeGeGeGeGeSiSiGeGeGeSiGe
   241108.5468750000 SiGeSiGeGeGeGeSiGeGeGeGeGeGeGeGeGeGeGeGeGeGeGeGeGeGeGeGeGeGeGeGeGeGeGeGeGeGeGeGeGeGeGeGeGeGeGeGeGeGeGeGeGeSiSiGeGeGeSiGe
   241108.5468750000 SiGeSiGeGeGeGeSiGeGeGeGeGeGeGeGeGeGeGeGeGeGeGeGeGeGeGeGeGeGeGeGeGeGeGeGeGeGeGeGeGeGeGeGeGeGeGeGeGeGeGeGeGeSiSiGeGeGeSiGe
   241108.5468750000 SiGeSiGeGeGeGeSiGeGeGeGeGeGeGeGeGeGeGeGeGeGeGeGeGeGeGeGeGeGeGeGeGeGeGeGeGeGeGeGeGeGeGeGeGeGeGeGeGeGeGeGeGeSiSiGeGeGeSiGe
   241108.5468750000 SiGeSiGeGeGeGeSiGeGeGeGeGeGeGeGeGeGeGeGeGeGeGeGeGeGeGeGeGeGeGeGeGeGeGeGeGeGeGeGeGeGeGeGeGeGeGeGeGeGeGeGeGeSiSiGeGeGeSiGe
   241108.5468750000 SiGeSiGeGeGeGeSiGeGeGeGeGeGeGeGeGeGeGeGeGeGeGeGeGeGeGeGeGeGeGeGeGeGeGeGeGeGeGeGeGeGeGeGeGeGeGeGeGeGeGeGeGeSiSiGeGeGeSiGe
   241108.5468750000 SiGeSiGeGeGeGeSiGeGeGeGeGeGeGeGeGeGeGeGeGeGeGeGeGeGeGeGeGeGeGeGeGeGeGeGeGeGeGeGeGeGeGeGeGeGeGeGeGeGeGeGeGeSiSiGeGeGeSiGe
   241108.5468750000 SiGeSiGeGeGeGeSiGeGeGeGeGeGeGeGeGeGeGeGeGeGeGeGeGeGeGeGeGeGeGeGeGeGeGeGeGeGeGeGeGeGeGeGeGeGeGeGeGeGeGeGeGeSiSiGeGeGeSiGe
   241108.5468750000 SiGeSiGeGeGeGeSiGeGeGeGeGeGeGeGeGeGeGeGeGeGeGeGeGeGeGeGeGeGeGeGeGeGeGeGeGeGeGeGeGeGeGeGeGeGeGeGeGeGeGeGeGeSiSiGeGeGeSiGe
   241108.5468750000 SiGeSiGeGeGeGeSiGeGeGeGeGeGeGeGeGeGeGeGeGeGeGeGeGeGeGeGeGeGeGeGeGeGeGeGeGeGeGeGeGeGeGeGeGeGeGeGeGeGeGeGeGeSiSiGeGeGeSiGe
   241108.5468750000 SiGeSiGeGeGeGeSiGeGeGeGeGeGeGeGeGeGeGeGeGeGeGeGeGeGeGeGeGeGeGeGeGeGeGeGeGeGeGeGeGeGeGeGeGeGeGeGeGeGeGeGeGeSiSiGeGeGeSiGe
   241108.5468750000 SiGeSiGeGeGeGeSiGeGeGeGeGeGeGeGeGeGeGeGeGeGeGeGeGeGeGeGeGeGeGeGeGeGeGeGeGeGeGeGeGeGeGeGeGeGeGeGeGeGeGeGeGeSiSiGeGeGeSiGe
   241108.5468750000 SiGeSiGeGeGeGeSiGeGeGeGeGeGeGeGeGeGeGeGeGeGeGeGeGeGeGeGeGeGeGeGeGeGeGeGeGeGeGeGeGeGeGeGeGeGeGeGeGeGeGeGeGeSiSiGeGeGeSiGe
   241108.5468750000 SiGeSiGeGeGeGeSiGeGeGeGeGeGeGeGeGeGeGeGeGeGeGeGeGeGeGeGeGeGeGeGeGeGeGeGeGeGeGeGeGeGeGeGeGeGeGeGeGeGeGeGeGeSiSiGeGeGeSiGe
   241108.5468750000 SiGeSiGeGeGeGeSiGeGeGeGeGeGeGeGeGeGeGeGeGeGeGeGeGeGeGeGeGeGeGeGeGeGeGeGeGeGeGeGeGeGeGeGeGeGeGeGeGeGeGeGeGeSiSiGeGeGeSiGe
   241108.5468750000 SiGeSiGeGeGeGeSiGeGeGeGeGeGeGeGeGeGeGeGeGeGeGeGeGeGeGeGeGeGeGeGeGeGeGeGeGeGeGeGeGeGeGeGeGeGeGeGeGeGeGeGeGeSiSiGeGeGeSiGe
   241108.5468750000 SiGeSiGeGeGeGeSiGeGeGeGeGeGeGeGeGeGeGeGeGeGeGeGeGeGeGeGeGeGeGeGeGeGeGeGeGeGeGeGeGeGeGeGeGeGeGeGeGeGeGeGeGeSiSiGeGeGeSiGe
   241108.5468750000 SiGeSiGeGeGeGeSiGeGeGeGeGeGeGeGeGeGeGeGeGeGeGeGeGeGeGeGeGeGeGeGeGeGeGeGeGeGeGeGeGeGeGeGeGeGeGeGeGeGeGeGeGeSiSiGeGeGeSiGe
   241108.5468750000 SiGeSiGeGeGeGeSiGeGeGeGeGeGeGeGeGeGeGeGeGeGeGeGeGeGeGeGeGeGeGeGeGeGeGeGeGeGeGeGeGeGeGeGeGeGeGeGeGeGeGeGeGeSiSiGeGeGeSiGe
   241108.5468750000 SiGeSiGeGeGeGeSiGeGeGeGeGeGeGeGeGeGeGeGeGeGeGeGeGeGeGeGeGeGeGeGeGeGeGeGeGeGeGeGeGeGeGeGeGeGeGeGeGeGeGeGeGeSiSiGeGeGeSiGe
   241108.5468750000 SiGeSiGeGeGeGeSiGeGeGeGeGeGeGeGeGeGeGeGeGeGeGeGeGeGeGeGeGeGeGeGeGeGeGeGeGeGeGeGeGeGeGeGeGeGeGeGeGeGeGeGeGeSiSiGeGeGeSiGe
   241108.5468750000 SiGeSiGeGeGeGeSiGeGeGeGeGeGeGeGeGeGeGeGeGeGeGeGeGeGeGeGeGeGeGeGeGeGeGeGeGeGeGeGeGeGeGeGeGeGeGeGeGeGeGeGeGeSiSiGeGeGeSiGe
   241108.5468750000 SiGeSiGeGeGeGeSiGeGeGeGeGeGeGeGeGeGeGeGeGeGeGeGeGeGeGeGeGeGeGeGeGeGeGeGeGeGeGeGeGeGeGeGeGeGeGeGeGeGeGeGeGeSiSiGeGeGeSiGe
   241108.5468750000 SiGeSiGeGeGeGeSiGeGeGeGeGeGeGeGeGeGeGeGeGeGeGeGeGeGeGeGeGeGeGeGeGeGeGeGeGeGeGeGeGeGeGeGeGeGeGeGeGeGeGeGeGeSiSiGeGeGeSiGe
   241108.5468750000 SiGeSiGeGeGeGeSiGeGeGeGeGeGeGeGeGeGeGeGeGeGeGeGeGeGeGeGeGeGeGeGeGeGeGeGeGeGeGeGeGeGeGeGeGeGeGeGeGeGeGeGeGeSiSiGeGeGeSiGe
   241108.5468750000 SiGeSiGeGeGeGeSiGeGeGeGeGeGeGeGeGeGeGeGeGeGeGeGeGeGeGeGeGeGeGeGeGeGeGeGeGeGeGeGeGeGeGeGeGeGeGeGeGeGeGeGeGeSiSiGeGeGeSiGe
   241108.5468750000 SiGeSiGeGeGeGeSiGeGeGeGeGeGeGeGeGeGeGeGeGeGeGeGeGeGeGeGeGeGeGeGeGeGeGeGeGeGeGeGeGeGeGeGeGeGeGeGeGeGeGeGeGeSiSiGeGeGeSiGe
   241108.5468750000 SiGeSiGeGeGeGeSiGeGeGeGeGeGeGeGeGeGeGeGeGeGeGeGeGeGeGeGeGeGeGeGeGeGeGeGeGeGeGeGeGeGeGeGeGeGeGeGeGeGeGeGeGeSiSiGeGeGeSiGe
   241108.5468750000 SiGeSiGeGeGeGeSiGeGeGeGeGeGeGeGeGeGeGeGeGeGeGeGeGeGeGeGeGeGeGeGeGeGeGeGeGeGeGeGeGeGeGeGeGeGeGeGeGeGeGeGeGeSiSiGeGeGeSiGe
   241108.5468750000 SiGeSiGeGeGeGeSiGeGeGeGeGeGeGeGeGeGeGeGeGeGeGeGeGeGeGeGeGeGeGeGeGeGeGeGeGeGeGeGeGeGeGeGeGeGeGeGeGeGeGeGeGeSiSiGeGeGeSiGe
   241108.5468750000 SiGeSiGeGeGeGeSiGeGeGeGeGeGeGeGeGeGeGeGeGeGeGeGeGeGeGeGeGeGeGeGeGeGeGeGeGeGeGeGeGeGeGeGeGeGeGeGeGeGeGeGeGeSiSiGeGeGeSiGe
   241108.5468750000 SiGeSiGeGeGeGeSiGeGeGeGeGeGeGeGeGeGeGeGeGeGeGeGeGeGeGeGeGeGeGeGeGeGeGeGeGeGeGeGeGeGeGeGeGeGeGeGeGeGeGeGeGeSiSiGeGeGeSiGe
   241108.5468750000 SiGeSiGeGeGeGeSiGeGeGeGeGeGeGeGeGeGeGeGeGeGeGeGeGeGeGeGeGeGeGeGeGeGeGeGeGeGeGeGeGeGeGeGeGeGeGeGeGeGeGeGeGeSiSiGeGeGeSiGe
   241108.5468750000 SiGeSiGeGeGeGeSiGeGeGeGeGeGeGeGeGeGeGeGeGeGeGeGeGeGeGeGeGeGeGeGeGeGeGeGeGeGeGeGeGeGeGeGeGeGeGeGeGeGeGeGeGeSiSiGeGeGeSiGe
   241108.5468750000 SiGeSiGeGeGeGeSiGeGeGeGeGeGeGeGeGeGeGeGeGeGeGeGeGeGeGeGeGeGeGeGeGeGeGeGeGeGeGeGeGeGeGeGeGeGeGeGeGeGeGeGeGeSiSiGeGeGeSiGe
   241108.5468750000 SiGeSiGeGeGeGeSiGeGeGeGeGeGeGeGeGeGeGeGeGeGeGeGeGeGeGeGeGeGeGeGeGeGeGeGeGeGeGeGeGeGeGeGeGeGeGeGeGeGeGeGeGeSiSiGeGeGeSiGe
   241108.5468750000 SiGeSiGeGeGeGeSiGeGeGeGeGeGeGeGeGeGeGeGeGeGeGeGeGeGeGeGeGeGeGeGeGeGeGeGeGeGeGeGeGeGeGeGeGeGeGeGeGeGeGeGeGeSiSiGeGeGeSiGe
   241108.5468750000 SiGeSiGeGeGeGeSiGeGeGeGeGeGeGeGeGeGeGeGeGeGeGeGeGeGeGeGeGeGeGeGeGeGeGeGeGeGeGeGeGeGeGeGeGeGeGeGeGeGeGeGeGeSiSiGeGeGeSiGe
   241108.5468750000 SiGeSiGeGeGeGeSiGeGeGeGeGeGeGeGeGeGeGeGeGeGeGeGeGeGeGeGeGeGeGeGeGeGeGeGeGeGeGeGeGeGeGeGeGeGeGeGeGeGeGeGeGeSiSiGeGeGeSiGe
   241108.5468750000 SiGeSiGeGeGeGeSiGeGeGeGeGeGeGeGeGeGeGeGeGeGeGeGeGeGeGeGeGeGeGeGeGeGeGeGeGeGeGeGeGeGeGeGeGeGeGeGeGeGeGeGeGeSiSiGeGeGeSiGe
   241108.5468750000 SiGeSiGeGeGeGeSiGeGeGeGeGeGeGeGeGeGeGeGeGeGeGeGeGeGeGeGeGeGeGeGeGeGeGeGeGeGeGeGeGeGeGeGeGeGeGeGeGeGeGeGeGeSiSiGeGeGeSiGe
   241108.5468750000 SiGeSiGeGeGeGeSiGeGeGeGeGeGeGeGeGeGeGeGeGeGeGeGeGeGeGeGeGeGeGeGeGeGeGeGeGeGeGeGeGeGeGeGeGeGeGeGeGeGeGeGeGeSiSiGeGeGeSiGe
   241108.5468750000 SiGeSiGeGeGeGeSiGeGeGeGeGeGeGeGeGeGeGeGeGeGeGeGeGeGeGeGeGeGeGeGeGeGeGeGeGeGeGeGeGeGeGeGeGeGeGeGeGeGeGeGeGeSiSiGeGeGeSiGe
   241108.5468750000 SiGeSiGeGeGeGeSiGeGeGeGeGeGeGeGeGeGeGeGeGeGeGeGeGeGeGeGeGeGeGeGeGeGeGeGeGeGeGeGeGeGeGeGeGeGeGeGeGeGeGeGeGeSiSiGeGeGeSiGe
   241108.5468750000 SiGeSiGeGeGeGeSiGeGeGeGeGeGeGeGeGeGeGeGeGeGeGeGeGeGeGeGeGeGeGeGeGeGeGeGeGeGeGeGeGeGeGeGeGeGeGeGeGeGeGeGeGeSiSiGeGeGeSiGe
   241108.5468750000 SiGeSiGeGeGeGeSiGeGeGeGeGeGeGeGeGeGeGeGeGeGeGeGeGeGeGeGeGeGeGeGeGeGeGeGeGeGeGeGeGeGeGeGeGeGeGeGeGeGeGeGeGeSiSiGeGeGeSiGe
   241108.5468750000 SiGeSiGeGeGeGeSiGeGeGeGeGeGeGeGeGeGeGeGeGeGeGeGeGeGeGeGeGeGeGeGeGeGeGeGeGeGeGeGeGeGeGeGeGeGeGeGeGeGeGeGeGeSiSiGeGeGeSiGe
   241108.5468750000 SiGeSiGeGeGeGeSiGeGeGeGeGeGeGeGeGeGeGeGeGeGeGeGeGeGeGeGeGeGeGeGeGeGeGeGeGeGeGeGeGeGeGeGeGeGeGeGeGeGeGeGeGeSiSiGeGeGeSiGe
   241108.5468750000 SiGeSiGeGeGeGeSiGeGeGeGeGeGeGeGeGeGeGeGeGeGeGeGeGeGeGeGeGeGeGeGeGeGeGeGeGeGeGeGeGeGeGeGeGeGeGeGeGeGeGeGeGeSiSiGeGeGeSiGe
   241108.5468750000 SiGeSiGeGeGeGeSiGeGeGeGeGeGeGeGeGeGeGeGeGeGeGeGeGeGeGeGeGeGeGeGeGeGeGeGeGeGeGeGeGeGeGeGeGeGeGeGeGeGeGeGeGeSiSiGeGeGeSiGe
   241108.5468750000 SiGeSiGeGeGeGeSiGeGeGeGeGeGeGeGeGeGeGeGeGeGeGeGeGeGeGeGeGeGeGeGeGeGeGeGeGeGeGeGeGeGeGeGeGeGeGeGeGeGeGeGeGeSiSiGeGeGeSiGe
   241108.5468750000 SiGeSiGeGeGeGeSiGeGeGeGeGeGeGeGeGeGeGeGeGeGeGeGeGeGeGeGeGeGeGeGeGeGeGeGeGeGeGeGeGeGeGeGeGeGeGeGeGeGeGeGeGeSiSiGeGeGeSiGe
   241108.5468750000 SiGeSiGeGeGeGeSiGeGeGeGeGeGeGeGeGeGeGeGeGeGeGeGeGeGeGeGeGeGeGeGeGeGeGeGeGeGeGeGeGeGeGeGeGeGeGeGeGeGeGeGeGeSiSiGeGeGeSiGe
   241108.5468750000 SiGeSiGeGeGeGeSiGeGeGeGeGeGeGeGeGeGeGeGeGeGeGeGeGeGeGeGeGeGeGeGeGeGeGeGeGeGeGeGeGeGeGeGeGeGeGeGeGeGeGeGeGeSiSiGeGeGeSiGe
   241108.5468750000 SiGeSiGeGeGeGeSiGeGeGeGeGeGeGeGeGeGeGeGeGeGeGeGeGeGeGeGeGeGeGeGeGeGeGeGeGeGeGeGeGeGeGeGeGeGeGeGeGeGeGeGeGeSiSiGeGeGeSiGe
   241108.5468750000 SiGeSiGeGeGeGeSiGeGeGeGeGeGeGeGeGeGeGeGeGeGeGeGeGeGeGeGeGeGeGeGeGeGeGeGeGeGeGeGeGeGeGeGeGeGeGeGeGeGeGeGeGeSiSiGeGeGeSiGe
   241108.5468750000 SiGeSiGeGeGeGeSiGeGeGeGeGeGeGeGeGeGeGeGeGeGeGeGeGeGeGeGeGeGeGeGeGeGeGeGeGeGeGeGeGeGeGeGeGeGeGeGeGeGeGeGeGeSiSiGeGeGeSiGe
   241108.5468750000 SiGeSiGeGeGeGeSiGeGeGeGeGeGeGeGeGeGeGeGeGeGeGeGeGeGeGeGeGeGeGeGeGeGeGeGeGeGeGeGeGeGeGeGeGeGeGeGeGeGeGeGeGeSiSiGeGeGeSiGe
   241108.5468750000 SiGeSiGeGeGeGeSiGeGeGeGeGeGeGeGeGeGeGeGeGeGeGeGeGeGeGeGeGeGeGeGeGeGeGeGeGeGeGeGeGeGeGeGeGeGeGeGeGeGeGeGeGeSiSiGeGeGeSiGe
   241108.5468750000 SiGeSiGeGeGeGeSiGeGeGeGeGeGeGeGeGeGeGeGeGeGeGeGeGeGeGeGeGeGeGeGeGeGeGeGeGeGeGeGeGeGeGeGeGeGeGeGeGeGeGeGeGeSiSiGeGeGeSiGe
   241108.5468750000 SiGeSiGeGeGeGeSiGeGeGeGeGeGeGeGeGeGeGeGeGeGeGeGeGeGeGeGeGeGeGeGeGeGeGeGeGeGeGeGeGeGeGeGeGeGeGeGeGeGeGeGeGeSiSiGeGeGeSiGe
   241108.5468750000 SiGeSiGeGeGeGeSiGeGeGeGeGeGeGeGeGeGeGeGeGeGeGeGeGeGeGeGeGeGeGeGeGeGeGeGeGeGeGeGeGeGeGeGeGeGeGeGeGeGeGeGeGeSiSiGeGeGeSiGe
   241108.5468750000 SiGeSiGeGeGeGeSiGeGeGeGeGeGeGeGeGeGeGeGeGeGeGeGeGeGeGeGeGeGeGeGeGeGeGeGeGeGeGeGeGeGeGeGeGeGeGeGeGeGeGeGeGeSiSiGeGeGeSiGe
   241108.5468750000 SiGeSiGeGeGeGeSiGeGeGeGeGeGeGeGeGeGeGeGeGeGeGeGeGeGeGeGeGeGeGeGeGeGeGeGeGeGeGeGeGeGeGeGeGeGeGeGeGeGeGeGeGeSiSiGeGeGeSiGe
   241108.5468750000 SiGeSiGeGeGeGeSiGeGeGeGeGeGeGeGeGeGeGeGeGeGeGeGeGeGeGeGeGeGeGeGeGeGeGeGeGeGeGeGeGeGeGeGeGeGeGeGeGeGeGeGeGeSiSiGeGeGeSiGe
   241108.5468750000 SiGeSiGeGeGeGeSiGeGeGeGeGeGeGeGeGeGeGeGeGeGeGeGeGeGeGeGeGeGeGeGeGeGeGeGeGeGeGeGeGeGeGeGeGeGeGeGeGeGeGeGeGeSiSiGeGeGeSiGe
   241108.5468750000 SiGeSiGeGeGeGeSiGeGeGeGeGeGeGeGeGeGeGeGeGeGeGeGeGeGeGeGeGeGeGeGeGeGeGeGeGeGeGeGeGeGeGeGeGeGeGeGeGeGeGeGeGeSiSiGeGeGeSiGe
   241108.5468750000 SiGeSiGeGeGeGeSiGeGeGeGeGeGeGeGeGeGeGeGeGeGeGeGeGeGeGeGeGeGeGeGeGeGeGeGeGeGeGeGeGeGeGeGeGeGeGeGeGeGeGeGeGeSiSiGeGeGeSiGe
   241108.5468750000 SiGeSiGeGeGeGeSiGeGeGeGeGeGeGeGeGeGeGeGeGeGeGeGeGeGeGeGeGeGeGeGeGeGeGeGeGeGeGeGeGeGeGeGeGeGeGeGeGeGeGeGeGeSiSiGeGeGeSiGe
   241108.5468750000 SiGeSiGeGeGeGeSiGeGeGeGeGeGeGeGeGeGeGeGeGeGeGeGeGeGeGeGeGeGeGeGeGeGeGeGeGeGeGeGeGeGeGeGeGeGeGeGeGeGeGeGeGeSiSiGeGeGeSiGe
   241108.5468750000 SiGeSiGeGeGeGeSiGeGeGeGeGeGeGeGeGeGeGeGeGeGeGeGeGeGeGeGeGeGeGeGeGeGeGeGeGeGeGeGeGeGeGeGeGeGeGeGeGeGeGeGeGeSiSiGeGeGeSiGe
   241108.5468750000 SiGeSiGeGeGeGeSiGeGeGeGeGeGeGeGeGeGeGeGeGeGeGeGeGeGeGeGeGeGeGeGeGeGeGeGeGeGeGeGeGeGeGeGeGeGeGeGeGeGeGeGeGeSiSiGeGeGeSiGe
   241108.5468750000 SiGeSiGeGeGeGeSiGeGeGeGeGeGeGeGeGeGeGeGeGeGeGeGeGeGeGeGeGeGeGeGeGeGeGeGeGeGeGeGeGeGeGeGeGeGeGeGeGeGeGeGeGeSiSiGeGeGeSiGe
   241108.5468750000 SiGeSiGeGeGeGeSiGeGeGeGeGeGeGeGeGeGeGeGeGeGeGeGeGeGeGeGeGeGeGeGeGeGeGeGeGeGeGeGeGeGeGeGeGeGeGeGeGeGeGeGeGeSiSiGeGeGeSiGe
   241108.5468750000 SiGeSiGeGeGeGeSiGeGeGeGeGeGeGeGeGeGeGeGeGeGeGeGeGeGeGeGeGeGeGeGeGeGeGeGeGeGeGeGeGeGeGeGeGeGeGeGeGeGeGeGeGeSiSiGeGeGeSiGe
   241108.5468750000 SiGeSiGeGeGeGeSiGeGeGeGeGeGeGeGeGeGeGeGeGeGeGeGeGeGeGeGeGeGeGeGeGeGeGeGeGeGeGeGeGeGeGeGeGeGeGeGeGeGeGeGeGeSiSiGeGeGeSiGe
   241108.5468750000 SiGeSiGeGeGeGeSiGeGeGeGeGeGeGeGeGeGeGeGeGeGeGeGeGeGeGeGeGeGeGeGeGeGeGeGeGeGeGeGeGeGeGeGeGeGeGeGeGeGeGeGeGeSiSiGeGeGeSiGe
   241108.5468750000 SiGeSiGeGeGeGeSiGeGeGeGeGeGeGeGeGeGeGeGeGeGeGeGeGeGeGeGeGeGeGeGeGeGeGeGeGeGeGeGeGeGeGeGeGeGeGeGeGeGeGeGeGeSiSiGeGeGeSiGe
   241108.5468750000 SiGeSiGeGeGeGeSiGeGeGeGeGeGeGeGeGeGeGeGeGeGeGeGeGeGeGeGeGeGeGeGeGeGeGeGeGeGeGeGeGeGeGeGeGeGeGeGeGeGeGeGeGeSiSiGeGeGeSiGe
   241108.5468750000 SiGeSiGeGeGeGeSiGeGeGeGeGeGeGeGeGeGeGeGeGeGeGeGeGeGeGeGeGeGeGeGeGeGeGeGeGeGeGeGeGeGeGeGeGeGeGeGeGeGeGeGeGeSiSiGeGeGeSiGe
   241108.5468750000 SiGeSiGeGeGeGeSiGeGeGeGeGeGeGeGeGeGeGeGeGeGeGeGeGeGeGeGeGeGeGeGeGeGeGeGeGeGeGeGeGeGeGeGeGeGeGeGeGeGeGeGeGeSiSiGeGeGeSiGe
   241108.5468750000 SiGeSiGeGeGeGeSiGeGeGeGeGeGeGeGeGeGeGeGeGeGeGeGeGeGeGeGeGeGeGeGeGeGeGeGeGeGeGeGeGeGeGeGeGeGeGeGeGeGeGeGeGeSiSiGeGeGeSiGe
   241108.5468750000 SiGeSiGeGeGeGeSiGeGeGeGeGeGeGeGeGeGeGeGeGeGeGeGeGeGeGeGeGeGeGeGeGeGeGeGeGeGeGeGeGeGeGeGeGeGeGeGeGeGeGeGeGeSiSiGeGeGeSiGe
   241108.5468750000 SiGeSiGeGeGeGeSiGeGeGeGeGeGeGeGeGeGeGeGeGeGeGeGeGeGeGeGeGeGeGeGeGeGeGeGeGeGeGeGeGeGeGeGeGeGeGeGeGeGeGeGeGeSiSiGeGeGeSiGe
   241108.5468750000 SiGeSiGeGeGeGeSiGeGeGeGeGeGeGeGeGeGeGeGeGeGeGeGeGeGeGeGeGeGeGeGeGeGeGeGeGeGeGeGeGeGeGeGeGeGeGeGeGeGeGeGeGeSiSiGeGeGeSiGe
   241108.5468750000 SiGeSiGeGeGeGeSiGeGeGeGeGeGeGeGeGeGeGeGeGeGeGeGeGeGeGeGeGeGeGeGeGeGeGeGeGeGeGeGeGeGeGeGeGeGeGeGeGeGeGeGeGeSiSiGeGeGeSiGe
   241108.5468750000 SiGeSiGeGeGeGeSiGeGeGeGeGeGeGeGeGeGeGeGeGeGeGeGeGeGeGeGeGeGeGeGeGeGeGeGeGeGeGeGeGeGeGeGeGeGeGeGeGeGeGeGeGeSiSiGeGeGeSiGe
   241108.5468750000 SiGeSiGeGeGeGeSiGeGeGeGeGeGeGeGeGeGeGeGeGeGeGeGeGeGeGeGeGeGeGeGeGeGeGeGeGeGeGeGeGeGeGeGeGeGeGeGeGeGeGeGeGeSiSiGeGeGeSiGe
   241108.5468750000 SiGeSiGeGeGeGeSiGeGeGeGeGeGeGeGeGeGeGeGeGeGeGeGeGeGeGeGeGeGeGeGeGeGeGeGeGeGeGeGeGeGeGeGeGeGeGeGeGeGeGeGeGeSiSiGeGeGeSiGe
   241108.5468750000 SiGeSiGeGeGeGeSiGeGeGeGeGeGeGeGeGeGeGeGeGeGeGeGeGeGeGeGeGeGeGeGeGeGeGeGeGeGeGeGeGeGeGeGeGeGeGeGeGeGeGeGeGeSiSiGeGeGeSiGe
   241108.5468750000 SiGeSiGeGeGeGeSiGeGeGeGeGeGeGeGeGeGeGeGeGeGeGeGeGeGeGeGeGeGeGeGeGeGeGeGeGeGeGeGeGeGeGeGeGeGeGeGeGeGeGeGeGeSiSiGeGeGeSiGe
   241108.5468750000 SiGeSiGeGeGeGeSiGeGeGeGeGeGeGeGeGeGeGeGeGeGeGeGeGeGeGeGeGeGeGeGeGeGeGeGeGeGeGeGeGeGeGeGeGeGeGeGeGeGeGeGeGeSiSiGeGeGeSiGe
filename: c000001261205396.gin     
Cell:
    11.9020996    11.9020996    29.6919994    90.0000000    90.0000000   120.0000000
Box:
    11.9020996    -5.9510503     0.0000000
     0.0000000    10.3075209     0.0000000
     0.0000000     0.0000000    29.6919994
----------------------------------------
Inverse Box:
     0.0840188     0.0485083     0.0000000
     0.0000000     0.0970165     0.0000000
     0.0000000     0.0000000     0.0336791
----------------------------------------
==============================================
geometrical properties of  54 Ge:
 Configuration:           0
 D_ave:   9.08120728       3.58102036    
 D_min:   3.01033306       1.96043551E-02
 energia:   241108.547    
