Random Seed:  1096242295
Number of atoms:    60
Space Group:    1
Cell:
    11.9020996    11.9020996    29.6919994    90.0000000    90.0000000   120.0000000
Box:
    11.9020996    -5.9510503     0.0000000
     0.0000000    10.3075209     0.0000000
     0.0000000     0.0000000    29.6919994
----------------------------------------
Inverse Box:
     0.0840188     0.0485083     0.0000000
     0.0000000     0.0970165     0.0000000
     0.0000000     0.0000000     0.0336791
----------------------------------------
GeSiSiSiSiSiSiSiSiSiSiSiSiSiSiGeSiSiSiSiSiSiSiSiSiSiSiSiSiSiSiSiSiSiSiSiSiSiSiSiSiSiSiSiSiSiSiSiSiSiSiSiSiSiSiSiSiSiSiSi
           1 Ge    -7733.77344    
GeGeSiSiSiSiSiSiSiSiSiSiSiSiSiGeSiSiSiSiSiSiSiSiSiSiSiSiSiSiSiSiSiSiSiSiSiSiSiSiSiSiSiSiSiSiSiSiSiSiSiSiSiSiSiSiSiSiSiSi
           2 Ge    -7727.10498    
GeGeGeSiSiSiSiSiSiSiSiSiSiSiSiGeSiSiSiSiSiSiSiSiSiSiSiSiSiSiSiSiSiSiSiSiSiSiSiSiSiSiSiSiSiSiSiSiSiSiSiSiSiSiSiSiSiSiSiSi
           3 Ge    -7720.42871    
GeGeGeGeSiSiSiSiSiSiSiSiSiSiSiGeSiSiSiSiSiSiSiSiSiSiSiSiSiSiSiSiSiSiSiSiSiSiSiSiSiSiSiSiSiSiSiSiSiSiSiSiSiSiSiSiSiSiSiSi
           4 Ge    -7745.13818    
GeGeGeGeGeSiSiSiSiSiSiSiSiSiSiGeSiSiSiSiSiSiSiSiSiSiSiSiSiSiSiSiSiSiSiSiSiSiSiSiSiSiSiSiSiSiSiSiSiSiSiSiSiSiSiSiSiSiSiSi
           5 Ge    -7787.79297    
GeGeGeGeGeGeSiSiSiSiSiSiSiSiSiGeSiSiSiSiSiSiSiSiSiSiSiSiSiSiSiSiSiSiSiSiSiSiSiSiSiSiSiSiSiSiSiSiSiSiSiSiSiSiSiSiSiSiSiSi
           6 Ge    -7854.18604    
GeGeGeGeGeGeGeSiSiSiSiSiSiSiSiGeSiSiSiSiSiSiSiSiSiSiSiSiSiSiSiSiSiSiSiSiSiSiSiSiSiSiSiSiSiSiSiSiSiSiSiSiSiSiSiSiSiSiSiSi
           7 Ge    -8020.58154    
GeGeGeGeGeGeGeGeSiSiSiSiSiSiSiGeSiSiSiSiSiSiSiSiSiSiSiSiSiSiSiSiSiSiSiSiSiSiSiSiSiSiSiSiSiSiSiSiSiSiSiSiSiSiSiSiSiSiSiSi
           8 Ge    -8222.07617    
GeGeGeGeGeGeGeGeSiSiSiGeSiSiSiGeSiSiSiSiSiSiSiSiSiSiSiSiSiSiSiSiSiSiSiSiSiSiSiSiSiSiSiSiSiSiSiSiSiSiSiSiSiSiSiSiSiSiSiSi
          12 Ge    -8552.01562    
GeGeGeGeGeGeGeGeSiSiSiGeSiGeSiGeSiSiSiSiSiSiSiSiSiSiSiSiSiSiSiSiSiSiSiSiSiSiSiSiSiSiSiSiSiSiSiSiSiSiSiSiSiSiSiSiSiSiSiSi
          14 Ge    -8937.15039    
GeGeGeGeGeGeGeGeSiSiSiGeSiGeSiGeSiSiSiSiSiSiSiSiSiGeSiSiSiSiSiSiSiSiSiSiSiSiSiSiSiSiSiSiSiSiSiSiSiSiSiSiSiSiSiSiSiSiSiSi
          26 Ge    -8741.58496    
GeGeGeGeGeGeGeGeSiSiSiGeSiGeSiGeSiSiSiSiSiSiSiSiSiGeSiSiSiGeSiSiSiSiSiSiSiSiSiSiSiSiSiSiSiSiSiSiSiSiSiSiSiSiSiSiSiSiSiSi
          30 Ge    -8595.59473    
GeGeGeGeGeGeGeGeSiSiSiGeSiGeSiGeSiSiSiSiSiSiSiSiSiGeSiSiSiGeSiSiGeSiSiSiSiSiSiSiSiSiSiSiSiSiSiSiSiSiSiSiSiSiSiSiSiSiSiSi
          33 Ge    -9149.38184    
GeGeGeGeGeGeGeGeSiSiSiGeSiGeSiGeSiSiSiSiSiSiSiSiSiGeSiSiSiGeSiSiGeSiSiGeSiSiSiSiSiSiSiSiSiSiSiSiSiSiSiSiSiSiSiSiSiSiSiSi
          36 Ge    -7894.06055    
GeGeGeGeGeGeGeGeSiSiSiGeSiGeSiGeSiSiSiSiSiSiSiSiSiGeSiSiSiGeSiSiGeSiSiGeSiSiGeSiSiSiSiSiSiSiSiSiSiSiSiSiSiSiSiSiSiSiSiSi
          39 Ge    -8565.34375    
GeGeGeGeGeGeGeGeSiSiSiGeSiGeSiGeSiSiSiSiSiSiSiSiSiGeSiSiSiGeSiSiGeSiSiGeSiSiGeGeSiSiSiSiSiSiSiSiSiSiSiSiSiSiSiSiSiSiSiSi
          40 Ge    -8694.12598    
GeGeGeGeGeGeGeGeSiSiSiGeSiGeSiGeSiSiSiSiSiSiSiSiSiGeSiSiSiGeSiSiGeSiSiGeSiSiGeGeGeSiSiSiSiSiSiSiSiSiSiSiSiSiSiSiSiSiSiSi
          41 Ge    -9475.82617    
GeGeGeGeGeGeGeGeSiSiSiGeSiGeSiGeSiSiSiSiSiSiSiSiSiGeSiSiSiGeSiSiGeSiSiGeSiSiGeGeGeGeSiSiSiSiSiSiSiSiSiSiSiSiSiSiSiSiSiSi
          42 Ge    -8050.49463    
GeGeGeGeGeGeGeGeSiSiSiGeSiGeSiGeSiSiSiSiSiSiSiSiSiGeSiSiSiGeSiSiGeSiSiGeSiSiGeGeGeGeSiSiGeSiSiSiSiSiSiSiSiSiSiSiSiSiSiSi
          45 Ge    -8569.50195    
GeGeGeGeGeGeGeGeSiSiSiGeSiGeSiGeSiSiSiSiSiSiSiSiSiGeSiSiSiGeSiSiGeSiSiGeSiSiGeGeGeGeSiSiGeGeSiSiSiSiSiSiSiSiSiSiSiSiSiSi
          46 Ge    -8874.30957    
GeGeGeGeGeGeGeGeSiSiSiGeSiGeSiGeSiSiSiSiSiSiSiSiSiGeSiSiSiGeSiSiGeSiSiGeSiSiGeGeGeGeSiSiGeGeSiSiSiSiSiSiSiSiSiSiGeSiSiSi
          57 Ge    -10112.7715    
GeGeGeGeGeGeGeGeSiGeSiGeSiGeSiGeSiSiSiSiSiSiSiSiSiGeSiSiSiGeSiSiGeSiSiGeSiSiGeGeGeGeSiSiGeGeSiSiSiSiSiSiSiSiSiSiGeSiSiSi
          10 Ge    -8048.07129    
GeGeGeGeGeGeGeGeSiGeGeGeSiGeSiGeSiSiSiSiSiSiSiSiSiGeSiSiSiGeSiSiGeSiSiGeSiSiGeGeGeGeSiSiGeGeSiSiSiSiSiSiSiSiSiSiGeSiSiSi
          11 Ge    -7774.87646    
GeGeGeGeGeGeGeGeSiGeGeGeGeGeSiGeSiSiSiSiSiSiSiSiSiGeSiSiSiGeSiSiGeSiSiGeSiSiGeGeGeGeSiSiGeGeSiSiSiSiSiSiSiSiSiSiGeSiSiSi
          13 Ge    -6287.58398    
GeGeGeGeGeGeGeGeSiGeGeGeGeGeGeGeSiSiSiSiSiSiSiSiSiGeSiSiSiGeSiSiGeSiSiGeSiSiGeGeGeGeSiSiGeGeSiSiSiSiSiSiSiSiSiSiGeSiSiSi
          15 Ge    -4048.12451    
GeGeGeGeGeGeGeGeSiGeGeGeGeGeGeGeSiGeSiSiSiSiSiSiSiGeSiSiSiGeSiSiGeSiSiGeSiSiGeGeGeGeSiSiGeGeSiSiSiSiSiSiSiSiSiSiGeSiSiSi
          18 Ge    -716.418945    
GeGeGeGeGeGeGeGeSiGeGeGeGeGeGeGeSiGeSiSiSiSiGeSiSiGeSiSiSiGeSiSiGeSiSiGeSiSiGeGeGeGeSiSiGeGeSiSiSiSiSiSiSiSiSiSiGeSiSiSi
          23 Ge     3686.19141    
GeGeGeGeGeGeGeGeSiGeGeGeGeGeGeGeSiGeSiSiSiSiGeGeSiGeSiSiSiGeSiSiGeSiSiGeSiSiGeGeGeGeSiSiGeGeSiSiSiSiSiSiSiSiSiSiGeSiSiSi
          24 Ge     10564.3965    
GeGeGeGeGeGeGeGeSiGeGeGeGeGeGeGeSiGeSiSiSiSiGeGeSiGeSiGeSiGeSiSiGeSiSiGeSiSiGeGeGeGeSiSiGeGeSiSiSiSiSiSiSiSiSiSiGeSiSiSi
          28 Ge     13814.1016    
GeGeGeGeGeGeGeGeSiGeGeGeGeGeGeGeSiGeSiSiSiSiGeGeSiGeSiGeSiGeSiSiGeSiSiGeSiSiGeGeGeGeSiGeGeGeSiSiSiSiSiSiSiSiSiSiGeSiSiSi
          44 Ge     15663.7051    
GeGeGeGeGeGeGeGeSiGeGeGeGeGeGeGeSiGeSiSiSiSiGeGeSiGeSiGeSiGeSiSiGeSiSiGeSiSiGeGeGeGeSiGeGeGeSiSiSiSiGeSiSiSiSiSiGeSiSiSi
          51 Ge     15743.6035    
GeGeGeGeGeGeGeGeSiGeGeGeGeGeGeGeSiGeSiSiSiSiGeGeSiGeSiGeSiGeSiSiGeSiSiGeSiSiGeGeGeGeSiGeGeGeSiSiSiSiGeSiSiSiSiSiGeGeSiSi
          58 Ge     19281.3652    
GeGeGeGeGeGeGeGeGeGeGeGeGeGeGeGeSiGeSiSiSiSiGeGeSiGeSiGeSiGeSiSiGeSiSiGeSiSiGeGeGeGeSiGeGeGeSiSiSiSiGeSiSiSiSiSiGeGeSiSi
           9 Ge     22980.3848    
GeGeGeGeGeGeGeGeGeGeGeGeGeGeGeGeGeGeSiSiSiSiGeGeSiGeSiGeSiGeSiSiGeSiSiGeSiSiGeGeGeGeSiGeGeGeSiSiSiSiGeSiSiSiSiSiGeGeSiSi
          17 Ge     32624.2285    
GeGeGeGeGeGeGeGeGeGeGeGeGeGeGeGeGeGeSiSiGeSiGeGeSiGeSiGeSiGeSiSiGeSiSiGeSiSiGeGeGeGeSiGeGeGeSiSiSiSiGeSiSiSiSiSiGeGeSiSi
          21 Ge     45327.3594    
GeGeGeGeGeGeGeGeGeGeGeGeGeGeGeGeGeGeSiSiGeGeGeGeSiGeSiGeSiGeSiSiGeSiSiGeSiSiGeGeGeGeSiGeGeGeSiSiSiSiGeSiSiSiSiSiGeGeSiSi
          22 Ge     57177.9453    
GeGeGeGeGeGeGeGeGeGeGeGeGeGeGeGeGeGeSiSiGeGeGeGeSiGeSiGeSiGeGeSiGeSiSiGeSiSiGeGeGeGeSiGeGeGeSiSiSiSiGeSiSiSiSiSiGeGeSiSi
          31 Ge     62180.6328    
GeGeGeGeGeGeGeGeGeGeGeGeGeGeGeGeGeGeSiSiGeGeGeGeSiGeSiGeSiGeGeGeGeSiSiGeSiSiGeGeGeGeSiGeGeGeSiSiSiSiGeSiSiSiSiSiGeGeSiSi
          32 Ge     67989.7109    
GeGeGeGeGeGeGeGeGeGeGeGeGeGeGeGeGeGeSiSiGeGeGeGeSiGeSiGeSiGeGeGeGeSiSiGeSiSiGeGeGeGeSiGeGeGeSiSiGeSiGeSiSiSiSiSiGeGeSiSi
          49 Ge     78703.6016    
GeGeGeGeGeGeGeGeGeGeGeGeGeGeGeGeGeGeSiSiGeGeGeGeSiGeSiGeSiGeGeGeGeSiSiGeSiSiGeGeGeGeSiGeGeGeSiSiGeGeGeSiSiSiSiSiGeGeSiSi
          50 Ge     81521.0703    
GeGeGeGeGeGeGeGeGeGeGeGeGeGeGeGeGeGeSiSiGeGeGeGeSiGeSiGeSiGeGeGeGeSiSiGeSiSiGeGeGeGeSiGeGeGeSiSiGeGeGeSiSiSiGeSiGeGeSiSi
          55 Ge     86031.4062    
GeGeGeGeGeGeGeGeGeGeGeGeGeGeGeGeGeGeSiSiGeGeGeGeGeGeSiGeSiGeGeGeGeSiSiGeSiSiGeGeGeGeSiGeGeGeSiSiGeGeGeSiSiSiGeSiGeGeSiSi
          25 Ge     95907.9531    
GeGeGeGeGeGeGeGeGeGeGeGeGeGeGeGeGeGeSiSiGeGeGeGeGeGeGeGeSiGeGeGeGeSiSiGeSiSiGeGeGeGeSiGeGeGeSiSiGeGeGeSiSiSiGeSiGeGeSiSi
          27 Ge     107081.875    
GeGeGeGeGeGeGeGeGeGeGeGeGeGeGeGeGeGeSiSiGeGeGeGeGeGeGeGeSiGeGeGeGeSiSiGeGeSiGeGeGeGeSiGeGeGeSiSiGeGeGeSiSiSiGeSiGeGeSiSi
          37 Ge     123502.047    
GeGeGeGeGeGeGeGeGeGeGeGeGeGeGeGeGeGeSiSiGeGeGeGeGeGeGeGeSiGeGeGeGeSiSiGeGeGeGeGeGeGeSiGeGeGeSiSiGeGeGeSiSiSiGeSiGeGeSiSi
          38 Ge     137564.094    
GeGeGeGeGeGeGeGeGeGeGeGeGeGeGeGeGeGeSiSiGeGeGeGeGeGeGeGeSiGeGeGeGeSiSiGeGeGeGeGeGeGeSiGeGeGeSiSiGeGeGeSiSiSiGeGeGeGeSiSi
          56 Ge     149377.031    
GeGeGeGeGeGeGeGeGeGeGeGeGeGeGeGeGeGeSiSiGeGeGeGeGeGeGeGeGeGeGeGeGeSiSiGeGeGeGeGeGeGeSiGeGeGeSiSiGeGeGeSiSiSiGeGeGeGeSiSi
          29 Ge     169991.594    
GeGeGeGeGeGeGeGeGeGeGeGeGeGeGeGeGeGeSiSiGeGeGeGeGeGeGeGeGeGeGeGeGeGeSiGeGeGeGeGeGeGeSiGeGeGeSiSiGeGeGeSiSiSiGeGeGeGeSiSi
          34 Ge     193305.562    
GeGeGeGeGeGeGeGeGeGeGeGeGeGeGeGeGeGeSiSiGeGeGeGeGeGeGeGeGeGeGeGeGeGeSiGeGeGeGeGeGeGeSiGeGeGeSiGeGeGeGeSiSiSiGeGeGeGeSiSi
          48 Ge     206248.062    
GeGeGeGeGeGeGeGeGeGeGeGeGeGeGeGeGeGeSiSiGeGeGeGeGeGeGeGeGeGeGeGeGeGeSiGeGeGeGeGeGeGeSiGeGeGeSiGeGeGeGeSiGeSiGeGeGeGeSiSi
          53 Ge     239367.969    
GeGeGeGeGeGeGeGeGeGeGeGeGeGeGeGeGeGeGeSiGeGeGeGeGeGeGeGeGeGeGeGeGeGeSiGeGeGeGeGeGeGeSiGeGeGeSiGeGeGeGeSiGeSiGeGeGeGeSiSi
          19 Ge     254956.031    
GeGeGeGeGeGeGeGeGeGeGeGeGeGeGeGeGeGeGeSiGeGeGeGeGeGeGeGeGeGeGeGeGeGeSiGeGeGeGeGeGeGeGeGeGeGeSiGeGeGeGeSiGeSiGeGeGeGeSiSi
          43 Ge     274219.062    
GeGeGeGeGeGeGeGeGeGeGeGeGeGeGeGeGeGeGeSiGeGeGeGeGeGeGeGeGeGeGeGeGeGeSiGeGeGeGeGeGeGeGeGeGeGeGeGeGeGeGeSiGeSiGeGeGeGeSiSi
          47 Ge     283458.469    
GeGeGeGeGeGeGeGeGeGeGeGeGeGeGeGeGeGeGeSiGeGeGeGeGeGeGeGeGeGeGeGeGeGeSiGeGeGeGeGeGeGeGeGeGeGeGeGeGeGeGeSiGeGeGeGeGeGeSiSi
          54 Ge     311387.531    
GeGeGeGeGeGeGeGeGeGeGeGeGeGeGeGeGeGeGeSiGeGeGeGeGeGeGeGeGeGeGeGeGeGeSiGeGeGeGeGeGeGeGeGeGeGeGeGeGeGeGeSiGeGeGeGeGeGeSiGe
          60 Ge     348611.906    
GeGeGeGeGeGeGeGeGeGeGeGeGeGeGeGeGeGeGeSiGeGeGeGeGeGeGeGeGeGeGeGeGeGeSiGeGeGeGeGeGeGeGeGeGeGeGeGeGeGeGeSiGeGeGeGeGeGeGeGe
          59 Ge     374594.906    
==============================================
MonteCarlo: Metropolis with identity changes
Si > Ge, Ge > Si. STOP when occurrence <    0.00000
==============================================
Cost_function     Occurrence %     Scan-Cost
   349515.4375000000 SiGeGeGeGeGeGeGeSiGeSiGeGeGeGeGeGeGeGeGeGeGeGeGeGeGeGeGeGeGeGeGeGeGeGeGeGeGeGeGeGeGeGeGeGeGeGeGeGeGeGeGeGeGeGeGeGeGeGeGe
   349515.4375000000 SiGeGeGeGeGeGeGeSiGeSiGeGeGeGeGeGeGeGeGeGeGeGeGeGeGeGeGeGeGeGeGeGeGeGeGeGeGeGeGeGeGeGeGeGeGeGeGeGeGeGeGeGeGeGeGeGeGeGeGe
   349515.4375000000 SiGeGeGeGeGeGeGeSiGeSiGeGeGeGeGeGeGeGeGeGeGeGeGeGeGeGeGeGeGeGeGeGeGeGeGeGeGeGeGeGeGeGeGeGeGeGeGeGeGeGeGeGeGeGeGeGeGeGeGe
   349515.4375000000 SiGeGeGeGeGeGeGeSiGeSiGeGeGeGeGeGeGeGeGeGeGeGeGeGeGeGeGeGeGeGeGeGeGeGeGeGeGeGeGeGeGeGeGeGeGeGeGeGeGeGeGeGeGeGeGeGeGeGeGe
   349515.4375000000 SiGeGeGeGeGeGeGeSiGeSiGeGeGeGeGeGeGeGeGeGeGeGeGeGeGeGeGeGeGeGeGeGeGeGeGeGeGeGeGeGeGeGeGeGeGeGeGeGeGeGeGeGeGeGeGeGeGeGeGe
   349515.4375000000 SiGeGeGeGeGeGeGeSiGeSiGeGeGeGeGeGeGeGeGeGeGeGeGeGeGeGeGeGeGeGeGeGeGeGeGeGeGeGeGeGeGeGeGeGeGeGeGeGeGeGeGeGeGeGeGeGeGeGeGe
   349515.4375000000 SiGeGeGeGeGeGeGeSiGeSiGeGeGeGeGeGeGeGeGeGeGeGeGeGeGeGeGeGeGeGeGeGeGeGeGeGeGeGeGeGeGeGeGeGeGeGeGeGeGeGeGeGeGeGeGeGeGeGeGe
   349515.4375000000 SiGeGeGeGeGeGeGeSiGeSiGeGeGeGeGeGeGeGeGeGeGeGeGeGeGeGeGeGeGeGeGeGeGeGeGeGeGeGeGeGeGeGeGeGeGeGeGeGeGeGeGeGeGeGeGeGeGeGeGe
   349515.4375000000 SiGeGeGeGeGeGeGeSiGeSiGeGeGeGeGeGeGeGeGeGeGeGeGeGeGeGeGeGeGeGeGeGeGeGeGeGeGeGeGeGeGeGeGeGeGeGeGeGeGeGeGeGeGeGeGeGeGeGeGe
   349515.4375000000 SiGeGeGeGeGeGeGeSiGeSiGeGeGeGeGeGeGeGeGeGeGeGeGeGeGeGeGeGeGeGeGeGeGeGeGeGeGeGeGeGeGeGeGeGeGeGeGeGeGeGeGeGeGeGeGeGeGeGeGe
   349515.4375000000 SiGeGeGeGeGeGeGeSiGeSiGeGeGeGeGeGeGeGeGeGeGeGeGeGeGeGeGeGeGeGeGeGeGeGeGeGeGeGeGeGeGeGeGeGeGeGeGeGeGeGeGeGeGeGeGeGeGeGeGe
   349515.4375000000 SiGeGeGeGeGeGeGeSiGeSiGeGeGeGeGeGeGeGeGeGeGeGeGeGeGeGeGeGeGeGeGeGeGeGeGeGeGeGeGeGeGeGeGeGeGeGeGeGeGeGeGeGeGeGeGeGeGeGeGe
   349515.4375000000 SiGeGeGeGeGeGeGeSiGeSiGeGeGeGeGeGeGeGeGeGeGeGeGeGeGeGeGeGeGeGeGeGeGeGeGeGeGeGeGeGeGeGeGeGeGeGeGeGeGeGeGeGeGeGeGeGeGeGeGe
   349515.4375000000 SiGeGeGeGeGeGeGeSiGeSiGeGeGeGeGeGeGeGeGeGeGeGeGeGeGeGeGeGeGeGeGeGeGeGeGeGeGeGeGeGeGeGeGeGeGeGeGeGeGeGeGeGeGeGeGeGeGeGeGe
   349515.4375000000 SiGeGeGeGeGeGeGeSiGeSiGeGeGeGeGeGeGeGeGeGeGeGeGeGeGeGeGeGeGeGeGeGeGeGeGeGeGeGeGeGeGeGeGeGeGeGeGeGeGeGeGeGeGeGeGeGeGeGeGe
   349515.4375000000 SiGeGeGeGeGeGeGeSiGeSiGeGeGeGeGeGeGeGeGeGeGeGeGeGeGeGeGeGeGeGeGeGeGeGeGeGeGeGeGeGeGeGeGeGeGeGeGeGeGeGeGeGeGeGeGeGeGeGeGe
   349515.4375000000 SiGeGeGeGeGeGeGeSiGeSiGeGeGeGeGeGeGeGeGeGeGeGeGeGeGeGeGeGeGeGeGeGeGeGeGeGeGeGeGeGeGeGeGeGeGeGeGeGeGeGeGeGeGeGeGeGeGeGeGe
   349515.4375000000 SiGeGeGeGeGeGeGeSiGeSiGeGeGeGeGeGeGeGeGeGeGeGeGeGeGeGeGeGeGeGeGeGeGeGeGeGeGeGeGeGeGeGeGeGeGeGeGeGeGeGeGeGeGeGeGeGeGeGeGe
   349515.4375000000 SiGeGeGeGeGeGeGeSiGeSiGeGeGeGeGeGeGeGeGeGeGeGeGeGeGeGeGeGeGeGeGeGeGeGeGeGeGeGeGeGeGeGeGeGeGeGeGeGeGeGeGeGeGeGeGeGeGeGeGe
   349515.4375000000 SiGeGeGeGeGeGeGeSiGeSiGeGeGeGeGeGeGeGeGeGeGeGeGeGeGeGeGeGeGeGeGeGeGeGeGeGeGeGeGeGeGeGeGeGeGeGeGeGeGeGeGeGeGeGeGeGeGeGeGe
   349515.4375000000 SiGeGeGeGeGeGeGeSiGeSiGeGeGeGeGeGeGeGeGeGeGeGeGeGeGeGeGeGeGeGeGeGeGeGeGeGeGeGeGeGeGeGeGeGeGeGeGeGeGeGeGeGeGeGeGeGeGeGeGe
   349515.4375000000 SiGeGeGeGeGeGeGeSiGeSiGeGeGeGeGeGeGeGeGeGeGeGeGeGeGeGeGeGeGeGeGeGeGeGeGeGeGeGeGeGeGeGeGeGeGeGeGeGeGeGeGeGeGeGeGeGeGeGeGe
   349515.4375000000 SiGeGeGeGeGeGeGeSiGeSiGeGeGeGeGeGeGeGeGeGeGeGeGeGeGeGeGeGeGeGeGeGeGeGeGeGeGeGeGeGeGeGeGeGeGeGeGeGeGeGeGeGeGeGeGeGeGeGeGe
   349515.4375000000 SiGeGeGeGeGeGeGeSiGeSiGeGeGeGeGeGeGeGeGeGeGeGeGeGeGeGeGeGeGeGeGeGeGeGeGeGeGeGeGeGeGeGeGeGeGeGeGeGeGeGeGeGeGeGeGeGeGeGeGe
   349515.4375000000 SiGeGeGeGeGeGeGeSiGeSiGeGeGeGeGeGeGeGeGeGeGeGeGeGeGeGeGeGeGeGeGeGeGeGeGeGeGeGeGeGeGeGeGeGeGeGeGeGeGeGeGeGeGeGeGeGeGeGeGe
   349515.4375000000 SiGeGeGeGeGeGeGeSiGeSiGeGeGeGeGeGeGeGeGeGeGeGeGeGeGeGeGeGeGeGeGeGeGeGeGeGeGeGeGeGeGeGeGeGeGeGeGeGeGeGeGeGeGeGeGeGeGeGeGe
   349515.4375000000 SiGeGeGeGeGeGeGeSiGeSiGeGeGeGeGeGeGeGeGeGeGeGeGeGeGeGeGeGeGeGeGeGeGeGeGeGeGeGeGeGeGeGeGeGeGeGeGeGeGeGeGeGeGeGeGeGeGeGeGe
   349515.4375000000 SiGeGeGeGeGeGeGeSiGeSiGeGeGeGeGeGeGeGeGeGeGeGeGeGeGeGeGeGeGeGeGeGeGeGeGeGeGeGeGeGeGeGeGeGeGeGeGeGeGeGeGeGeGeGeGeGeGeGeGe
   349515.4375000000 SiGeGeGeGeGeGeGeSiGeSiGeGeGeGeGeGeGeGeGeGeGeGeGeGeGeGeGeGeGeGeGeGeGeGeGeGeGeGeGeGeGeGeGeGeGeGeGeGeGeGeGeGeGeGeGeGeGeGeGe
   349515.4375000000 SiGeGeGeGeGeGeGeSiGeSiGeGeGeGeGeGeGeGeGeGeGeGeGeGeGeGeGeGeGeGeGeGeGeGeGeGeGeGeGeGeGeGeGeGeGeGeGeGeGeGeGeGeGeGeGeGeGeGeGe
   349515.4375000000 SiGeGeGeGeGeGeGeSiGeSiGeGeGeGeGeGeGeGeGeGeGeGeGeGeGeGeGeGeGeGeGeGeGeGeGeGeGeGeGeGeGeGeGeGeGeGeGeGeGeGeGeGeGeGeGeGeGeGeGe
   349515.4375000000 SiGeGeGeGeGeGeGeSiGeSiGeGeGeGeGeGeGeGeGeGeGeGeGeGeGeGeGeGeGeGeGeGeGeGeGeGeGeGeGeGeGeGeGeGeGeGeGeGeGeGeGeGeGeGeGeGeGeGeGe
   349515.4375000000 SiGeGeGeGeGeGeGeSiGeSiGeGeGeGeGeGeGeGeGeGeGeGeGeGeGeGeGeGeGeGeGeGeGeGeGeGeGeGeGeGeGeGeGeGeGeGeGeGeGeGeGeGeGeGeGeGeGeGeGe
   349515.4375000000 SiGeGeGeGeGeGeGeSiGeSiGeGeGeGeGeGeGeGeGeGeGeGeGeGeGeGeGeGeGeGeGeGeGeGeGeGeGeGeGeGeGeGeGeGeGeGeGeGeGeGeGeGeGeGeGeGeGeGeGe
   349515.4375000000 SiGeGeGeGeGeGeGeSiGeSiGeGeGeGeGeGeGeGeGeGeGeGeGeGeGeGeGeGeGeGeGeGeGeGeGeGeGeGeGeGeGeGeGeGeGeGeGeGeGeGeGeGeGeGeGeGeGeGeGe
   349515.4375000000 SiGeGeGeGeGeGeGeSiGeSiGeGeGeGeGeGeGeGeGeGeGeGeGeGeGeGeGeGeGeGeGeGeGeGeGeGeGeGeGeGeGeGeGeGeGeGeGeGeGeGeGeGeGeGeGeGeGeGeGe
   349515.4375000000 SiGeGeGeGeGeGeGeSiGeSiGeGeGeGeGeGeGeGeGeGeGeGeGeGeGeGeGeGeGeGeGeGeGeGeGeGeGeGeGeGeGeGeGeGeGeGeGeGeGeGeGeGeGeGeGeGeGeGeGe
   349515.4375000000 SiGeGeGeGeGeGeGeSiGeSiGeGeGeGeGeGeGeGeGeGeGeGeGeGeGeGeGeGeGeGeGeGeGeGeGeGeGeGeGeGeGeGeGeGeGeGeGeGeGeGeGeGeGeGeGeGeGeGeGe
   349515.4375000000 SiGeGeGeGeGeGeGeSiGeSiGeGeGeGeGeGeGeGeGeGeGeGeGeGeGeGeGeGeGeGeGeGeGeGeGeGeGeGeGeGeGeGeGeGeGeGeGeGeGeGeGeGeGeGeGeGeGeGeGe
   349515.4375000000 SiGeGeGeGeGeGeGeSiGeSiGeGeGeGeGeGeGeGeGeGeGeGeGeGeGeGeGeGeGeGeGeGeGeGeGeGeGeGeGeGeGeGeGeGeGeGeGeGeGeGeGeGeGeGeGeGeGeGeGe
   349515.4375000000 SiGeGeGeGeGeGeGeSiGeSiGeGeGeGeGeGeGeGeGeGeGeGeGeGeGeGeGeGeGeGeGeGeGeGeGeGeGeGeGeGeGeGeGeGeGeGeGeGeGeGeGeGeGeGeGeGeGeGeGe
   349515.4375000000 SiGeGeGeGeGeGeGeSiGeSiGeGeGeGeGeGeGeGeGeGeGeGeGeGeGeGeGeGeGeGeGeGeGeGeGeGeGeGeGeGeGeGeGeGeGeGeGeGeGeGeGeGeGeGeGeGeGeGeGe
   349515.4375000000 SiGeGeGeGeGeGeGeSiGeSiGeGeGeGeGeGeGeGeGeGeGeGeGeGeGeGeGeGeGeGeGeGeGeGeGeGeGeGeGeGeGeGeGeGeGeGeGeGeGeGeGeGeGeGeGeGeGeGeGe
   349515.4375000000 SiGeGeGeGeGeGeGeSiGeSiGeGeGeGeGeGeGeGeGeGeGeGeGeGeGeGeGeGeGeGeGeGeGeGeGeGeGeGeGeGeGeGeGeGeGeGeGeGeGeGeGeGeGeGeGeGeGeGeGe
   349515.4375000000 SiGeGeGeGeGeGeGeSiGeSiGeGeGeGeGeGeGeGeGeGeGeGeGeGeGeGeGeGeGeGeGeGeGeGeGeGeGeGeGeGeGeGeGeGeGeGeGeGeGeGeGeGeGeGeGeGeGeGeGe
   349515.4375000000 SiGeGeGeGeGeGeGeSiGeSiGeGeGeGeGeGeGeGeGeGeGeGeGeGeGeGeGeGeGeGeGeGeGeGeGeGeGeGeGeGeGeGeGeGeGeGeGeGeGeGeGeGeGeGeGeGeGeGeGe
   349515.4375000000 SiGeGeGeGeGeGeGeSiGeSiGeGeGeGeGeGeGeGeGeGeGeGeGeGeGeGeGeGeGeGeGeGeGeGeGeGeGeGeGeGeGeGeGeGeGeGeGeGeGeGeGeGeGeGeGeGeGeGeGe
   349515.4375000000 SiGeGeGeGeGeGeGeSiGeSiGeGeGeGeGeGeGeGeGeGeGeGeGeGeGeGeGeGeGeGeGeGeGeGeGeGeGeGeGeGeGeGeGeGeGeGeGeGeGeGeGeGeGeGeGeGeGeGeGe
   349515.4375000000 SiGeGeGeGeGeGeGeSiGeSiGeGeGeGeGeGeGeGeGeGeGeGeGeGeGeGeGeGeGeGeGeGeGeGeGeGeGeGeGeGeGeGeGeGeGeGeGeGeGeGeGeGeGeGeGeGeGeGeGe
   349515.4375000000 SiGeGeGeGeGeGeGeSiGeSiGeGeGeGeGeGeGeGeGeGeGeGeGeGeGeGeGeGeGeGeGeGeGeGeGeGeGeGeGeGeGeGeGeGeGeGeGeGeGeGeGeGeGeGeGeGeGeGeGe
   349515.4375000000 SiGeGeGeGeGeGeGeSiGeSiGeGeGeGeGeGeGeGeGeGeGeGeGeGeGeGeGeGeGeGeGeGeGeGeGeGeGeGeGeGeGeGeGeGeGeGeGeGeGeGeGeGeGeGeGeGeGeGeGe
   349515.4375000000 SiGeGeGeGeGeGeGeSiGeSiGeGeGeGeGeGeGeGeGeGeGeGeGeGeGeGeGeGeGeGeGeGeGeGeGeGeGeGeGeGeGeGeGeGeGeGeGeGeGeGeGeGeGeGeGeGeGeGeGe
   349515.4375000000 SiGeGeGeGeGeGeGeSiGeSiGeGeGeGeGeGeGeGeGeGeGeGeGeGeGeGeGeGeGeGeGeGeGeGeGeGeGeGeGeGeGeGeGeGeGeGeGeGeGeGeGeGeGeGeGeGeGeGeGe
   349515.4375000000 SiGeGeGeGeGeGeGeSiGeSiGeGeGeGeGeGeGeGeGeGeGeGeGeGeGeGeGeGeGeGeGeGeGeGeGeGeGeGeGeGeGeGeGeGeGeGeGeGeGeGeGeGeGeGeGeGeGeGeGe
   349515.4375000000 SiGeGeGeGeGeGeGeSiGeSiGeGeGeGeGeGeGeGeGeGeGeGeGeGeGeGeGeGeGeGeGeGeGeGeGeGeGeGeGeGeGeGeGeGeGeGeGeGeGeGeGeGeGeGeGeGeGeGeGe
   349515.4375000000 SiGeGeGeGeGeGeGeSiGeSiGeGeGeGeGeGeGeGeGeGeGeGeGeGeGeGeGeGeGeGeGeGeGeGeGeGeGeGeGeGeGeGeGeGeGeGeGeGeGeGeGeGeGeGeGeGeGeGeGe
   349515.4375000000 SiGeGeGeGeGeGeGeSiGeSiGeGeGeGeGeGeGeGeGeGeGeGeGeGeGeGeGeGeGeGeGeGeGeGeGeGeGeGeGeGeGeGeGeGeGeGeGeGeGeGeGeGeGeGeGeGeGeGeGe
   349515.4375000000 SiGeGeGeGeGeGeGeSiGeSiGeGeGeGeGeGeGeGeGeGeGeGeGeGeGeGeGeGeGeGeGeGeGeGeGeGeGeGeGeGeGeGeGeGeGeGeGeGeGeGeGeGeGeGeGeGeGeGeGe
   349515.4375000000 SiGeGeGeGeGeGeGeSiGeSiGeGeGeGeGeGeGeGeGeGeGeGeGeGeGeGeGeGeGeGeGeGeGeGeGeGeGeGeGeGeGeGeGeGeGeGeGeGeGeGeGeGeGeGeGeGeGeGeGe
   349515.4375000000 SiGeGeGeGeGeGeGeSiGeSiGeGeGeGeGeGeGeGeGeGeGeGeGeGeGeGeGeGeGeGeGeGeGeGeGeGeGeGeGeGeGeGeGeGeGeGeGeGeGeGeGeGeGeGeGeGeGeGeGe
   349515.4375000000 SiGeGeGeGeGeGeGeSiGeSiGeGeGeGeGeGeGeGeGeGeGeGeGeGeGeGeGeGeGeGeGeGeGeGeGeGeGeGeGeGeGeGeGeGeGeGeGeGeGeGeGeGeGeGeGeGeGeGeGe
   349515.4375000000 SiGeGeGeGeGeGeGeSiGeSiGeGeGeGeGeGeGeGeGeGeGeGeGeGeGeGeGeGeGeGeGeGeGeGeGeGeGeGeGeGeGeGeGeGeGeGeGeGeGeGeGeGeGeGeGeGeGeGeGe
   349515.4375000000 SiGeGeGeGeGeGeGeSiGeSiGeGeGeGeGeGeGeGeGeGeGeGeGeGeGeGeGeGeGeGeGeGeGeGeGeGeGeGeGeGeGeGeGeGeGeGeGeGeGeGeGeGeGeGeGeGeGeGeGe
   349515.4375000000 SiGeGeGeGeGeGeGeSiGeSiGeGeGeGeGeGeGeGeGeGeGeGeGeGeGeGeGeGeGeGeGeGeGeGeGeGeGeGeGeGeGeGeGeGeGeGeGeGeGeGeGeGeGeGeGeGeGeGeGe
   349515.4375000000 SiGeGeGeGeGeGeGeSiGeSiGeGeGeGeGeGeGeGeGeGeGeGeGeGeGeGeGeGeGeGeGeGeGeGeGeGeGeGeGeGeGeGeGeGeGeGeGeGeGeGeGeGeGeGeGeGeGeGeGe
   349515.4375000000 SiGeGeGeGeGeGeGeSiGeSiGeGeGeGeGeGeGeGeGeGeGeGeGeGeGeGeGeGeGeGeGeGeGeGeGeGeGeGeGeGeGeGeGeGeGeGeGeGeGeGeGeGeGeGeGeGeGeGeGe
   349515.4375000000 SiGeGeGeGeGeGeGeSiGeSiGeGeGeGeGeGeGeGeGeGeGeGeGeGeGeGeGeGeGeGeGeGeGeGeGeGeGeGeGeGeGeGeGeGeGeGeGeGeGeGeGeGeGeGeGeGeGeGeGe
   349515.4375000000 SiGeGeGeGeGeGeGeSiGeSiGeGeGeGeGeGeGeGeGeGeGeGeGeGeGeGeGeGeGeGeGeGeGeGeGeGeGeGeGeGeGeGeGeGeGeGeGeGeGeGeGeGeGeGeGeGeGeGeGe
   349515.4375000000 SiGeGeGeGeGeGeGeSiGeSiGeGeGeGeGeGeGeGeGeGeGeGeGeGeGeGeGeGeGeGeGeGeGeGeGeGeGeGeGeGeGeGeGeGeGeGeGeGeGeGeGeGeGeGeGeGeGeGeGe
   349515.4375000000 SiGeGeGeGeGeGeGeSiGeSiGeGeGeGeGeGeGeGeGeGeGeGeGeGeGeGeGeGeGeGeGeGeGeGeGeGeGeGeGeGeGeGeGeGeGeGeGeGeGeGeGeGeGeGeGeGeGeGeGe
   349515.4375000000 SiGeGeGeGeGeGeGeSiGeSiGeGeGeGeGeGeGeGeGeGeGeGeGeGeGeGeGeGeGeGeGeGeGeGeGeGeGeGeGeGeGeGeGeGeGeGeGeGeGeGeGeGeGeGeGeGeGeGeGe
   349515.4375000000 SiGeGeGeGeGeGeGeSiGeSiGeGeGeGeGeGeGeGeGeGeGeGeGeGeGeGeGeGeGeGeGeGeGeGeGeGeGeGeGeGeGeGeGeGeGeGeGeGeGeGeGeGeGeGeGeGeGeGeGe
   349515.4375000000 SiGeGeGeGeGeGeGeSiGeSiGeGeGeGeGeGeGeGeGeGeGeGeGeGeGeGeGeGeGeGeGeGeGeGeGeGeGeGeGeGeGeGeGeGeGeGeGeGeGeGeGeGeGeGeGeGeGeGeGe
   349515.4375000000 SiGeGeGeGeGeGeGeSiGeSiGeGeGeGeGeGeGeGeGeGeGeGeGeGeGeGeGeGeGeGeGeGeGeGeGeGeGeGeGeGeGeGeGeGeGeGeGeGeGeGeGeGeGeGeGeGeGeGeGe
   349515.4375000000 SiGeGeGeGeGeGeGeSiGeSiGeGeGeGeGeGeGeGeGeGeGeGeGeGeGeGeGeGeGeGeGeGeGeGeGeGeGeGeGeGeGeGeGeGeGeGeGeGeGeGeGeGeGeGeGeGeGeGeGe
   349515.4375000000 SiGeGeGeGeGeGeGeSiGeSiGeGeGeGeGeGeGeGeGeGeGeGeGeGeGeGeGeGeGeGeGeGeGeGeGeGeGeGeGeGeGeGeGeGeGeGeGeGeGeGeGeGeGeGeGeGeGeGeGe
   349515.4375000000 SiGeGeGeGeGeGeGeSiGeSiGeGeGeGeGeGeGeGeGeGeGeGeGeGeGeGeGeGeGeGeGeGeGeGeGeGeGeGeGeGeGeGeGeGeGeGeGeGeGeGeGeGeGeGeGeGeGeGeGe
   349515.4375000000 SiGeGeGeGeGeGeGeSiGeSiGeGeGeGeGeGeGeGeGeGeGeGeGeGeGeGeGeGeGeGeGeGeGeGeGeGeGeGeGeGeGeGeGeGeGeGeGeGeGeGeGeGeGeGeGeGeGeGeGe
   349515.4375000000 SiGeGeGeGeGeGeGeSiGeSiGeGeGeGeGeGeGeGeGeGeGeGeGeGeGeGeGeGeGeGeGeGeGeGeGeGeGeGeGeGeGeGeGeGeGeGeGeGeGeGeGeGeGeGeGeGeGeGeGe
   349515.4375000000 SiGeGeGeGeGeGeGeSiGeSiGeGeGeGeGeGeGeGeGeGeGeGeGeGeGeGeGeGeGeGeGeGeGeGeGeGeGeGeGeGeGeGeGeGeGeGeGeGeGeGeGeGeGeGeGeGeGeGeGe
   349515.4375000000 SiGeGeGeGeGeGeGeSiGeSiGeGeGeGeGeGeGeGeGeGeGeGeGeGeGeGeGeGeGeGeGeGeGeGeGeGeGeGeGeGeGeGeGeGeGeGeGeGeGeGeGeGeGeGeGeGeGeGeGe
   349515.4375000000 SiGeGeGeGeGeGeGeSiGeSiGeGeGeGeGeGeGeGeGeGeGeGeGeGeGeGeGeGeGeGeGeGeGeGeGeGeGeGeGeGeGeGeGeGeGeGeGeGeGeGeGeGeGeGeGeGeGeGeGe
   349515.4375000000 SiGeGeGeGeGeGeGeSiGeSiGeGeGeGeGeGeGeGeGeGeGeGeGeGeGeGeGeGeGeGeGeGeGeGeGeGeGeGeGeGeGeGeGeGeGeGeGeGeGeGeGeGeGeGeGeGeGeGeGe
   349515.4375000000 SiGeGeGeGeGeGeGeSiGeSiGeGeGeGeGeGeGeGeGeGeGeGeGeGeGeGeGeGeGeGeGeGeGeGeGeGeGeGeGeGeGeGeGeGeGeGeGeGeGeGeGeGeGeGeGeGeGeGeGe
   349515.4375000000 SiGeGeGeGeGeGeGeSiGeSiGeGeGeGeGeGeGeGeGeGeGeGeGeGeGeGeGeGeGeGeGeGeGeGeGeGeGeGeGeGeGeGeGeGeGeGeGeGeGeGeGeGeGeGeGeGeGeGeGe
   349515.4375000000 SiGeGeGeGeGeGeGeSiGeSiGeGeGeGeGeGeGeGeGeGeGeGeGeGeGeGeGeGeGeGeGeGeGeGeGeGeGeGeGeGeGeGeGeGeGeGeGeGeGeGeGeGeGeGeGeGeGeGeGe
   349515.4375000000 SiGeGeGeGeGeGeGeSiGeSiGeGeGeGeGeGeGeGeGeGeGeGeGeGeGeGeGeGeGeGeGeGeGeGeGeGeGeGeGeGeGeGeGeGeGeGeGeGeGeGeGeGeGeGeGeGeGeGeGe
   349515.4375000000 SiGeGeGeGeGeGeGeSiGeSiGeGeGeGeGeGeGeGeGeGeGeGeGeGeGeGeGeGeGeGeGeGeGeGeGeGeGeGeGeGeGeGeGeGeGeGeGeGeGeGeGeGeGeGeGeGeGeGeGe
   349515.4375000000 SiGeGeGeGeGeGeGeSiGeSiGeGeGeGeGeGeGeGeGeGeGeGeGeGeGeGeGeGeGeGeGeGeGeGeGeGeGeGeGeGeGeGeGeGeGeGeGeGeGeGeGeGeGeGeGeGeGeGeGe
   349515.4375000000 SiGeGeGeGeGeGeGeSiGeSiGeGeGeGeGeGeGeGeGeGeGeGeGeGeGeGeGeGeGeGeGeGeGeGeGeGeGeGeGeGeGeGeGeGeGeGeGeGeGeGeGeGeGeGeGeGeGeGeGe
   349515.4375000000 SiGeGeGeGeGeGeGeSiGeSiGeGeGeGeGeGeGeGeGeGeGeGeGeGeGeGeGeGeGeGeGeGeGeGeGeGeGeGeGeGeGeGeGeGeGeGeGeGeGeGeGeGeGeGeGeGeGeGeGe
   349515.4375000000 SiGeGeGeGeGeGeGeSiGeSiGeGeGeGeGeGeGeGeGeGeGeGeGeGeGeGeGeGeGeGeGeGeGeGeGeGeGeGeGeGeGeGeGeGeGeGeGeGeGeGeGeGeGeGeGeGeGeGeGe
   349515.4375000000 SiGeGeGeGeGeGeGeSiGeSiGeGeGeGeGeGeGeGeGeGeGeGeGeGeGeGeGeGeGeGeGeGeGeGeGeGeGeGeGeGeGeGeGeGeGeGeGeGeGeGeGeGeGeGeGeGeGeGeGe
   349515.4375000000 SiGeGeGeGeGeGeGeSiGeSiGeGeGeGeGeGeGeGeGeGeGeGeGeGeGeGeGeGeGeGeGeGeGeGeGeGeGeGeGeGeGeGeGeGeGeGeGeGeGeGeGeGeGeGeGeGeGeGeGe
   349515.4375000000 SiGeGeGeGeGeGeGeSiGeSiGeGeGeGeGeGeGeGeGeGeGeGeGeGeGeGeGeGeGeGeGeGeGeGeGeGeGeGeGeGeGeGeGeGeGeGeGeGeGeGeGeGeGeGeGeGeGeGeGe
   349515.4375000000 SiGeGeGeGeGeGeGeSiGeSiGeGeGeGeGeGeGeGeGeGeGeGeGeGeGeGeGeGeGeGeGeGeGeGeGeGeGeGeGeGeGeGeGeGeGeGeGeGeGeGeGeGeGeGeGeGeGeGeGe
   349515.4375000000 SiGeGeGeGeGeGeGeSiGeSiGeGeGeGeGeGeGeGeGeGeGeGeGeGeGeGeGeGeGeGeGeGeGeGeGeGeGeGeGeGeGeGeGeGeGeGeGeGeGeGeGeGeGeGeGeGeGeGeGe
   349515.4375000000 SiGeGeGeGeGeGeGeSiGeSiGeGeGeGeGeGeGeGeGeGeGeGeGeGeGeGeGeGeGeGeGeGeGeGeGeGeGeGeGeGeGeGeGeGeGeGeGeGeGeGeGeGeGeGeGeGeGeGeGe
   349515.4375000000 SiGeGeGeGeGeGeGeSiGeSiGeGeGeGeGeGeGeGeGeGeGeGeGeGeGeGeGeGeGeGeGeGeGeGeGeGeGeGeGeGeGeGeGeGeGeGeGeGeGeGeGeGeGeGeGeGeGeGeGe
   349515.4375000000 SiGeGeGeGeGeGeGeSiGeSiGeGeGeGeGeGeGeGeGeGeGeGeGeGeGeGeGeGeGeGeGeGeGeGeGeGeGeGeGeGeGeGeGeGeGeGeGeGeGeGeGeGeGeGeGeGeGeGeGe
   349515.4375000000 SiGeGeGeGeGeGeGeSiGeSiGeGeGeGeGeGeGeGeGeGeGeGeGeGeGeGeGeGeGeGeGeGeGeGeGeGeGeGeGeGeGeGeGeGeGeGeGeGeGeGeGeGeGeGeGeGeGeGeGe
   349515.4375000000 SiGeGeGeGeGeGeGeSiGeSiGeGeGeGeGeGeGeGeGeGeGeGeGeGeGeGeGeGeGeGeGeGeGeGeGeGeGeGeGeGeGeGeGeGeGeGeGeGeGeGeGeGeGeGeGeGeGeGeGe
   349515.4375000000 SiGeGeGeGeGeGeGeSiGeSiGeGeGeGeGeGeGeGeGeGeGeGeGeGeGeGeGeGeGeGeGeGeGeGeGeGeGeGeGeGeGeGeGeGeGeGeGeGeGeGeGeGeGeGeGeGeGeGeGe
   349515.4375000000 SiGeGeGeGeGeGeGeSiGeSiGeGeGeGeGeGeGeGeGeGeGeGeGeGeGeGeGeGeGeGeGeGeGeGeGeGeGeGeGeGeGeGeGeGeGeGeGeGeGeGeGeGeGeGeGeGeGeGeGe
   349515.4375000000 SiGeGeGeGeGeGeGeSiGeSiGeGeGeGeGeGeGeGeGeGeGeGeGeGeGeGeGeGeGeGeGeGeGeGeGeGeGeGeGeGeGeGeGeGeGeGeGeGeGeGeGeGeGeGeGeGeGeGeGe
   349515.4375000000 SiGeGeGeGeGeGeGeSiGeSiGeGeGeGeGeGeGeGeGeGeGeGeGeGeGeGeGeGeGeGeGeGeGeGeGeGeGeGeGeGeGeGeGeGeGeGeGeGeGeGeGeGeGeGeGeGeGeGeGe
   349515.4375000000 SiGeGeGeGeGeGeGeSiGeSiGeGeGeGeGeGeGeGeGeGeGeGeGeGeGeGeGeGeGeGeGeGeGeGeGeGeGeGeGeGeGeGeGeGeGeGeGeGeGeGeGeGeGeGeGeGeGeGeGe
   349515.4375000000 SiGeGeGeGeGeGeGeSiGeSiGeGeGeGeGeGeGeGeGeGeGeGeGeGeGeGeGeGeGeGeGeGeGeGeGeGeGeGeGeGeGeGeGeGeGeGeGeGeGeGeGeGeGeGeGeGeGeGeGe
   349515.4375000000 SiGeGeGeGeGeGeGeSiGeSiGeGeGeGeGeGeGeGeGeGeGeGeGeGeGeGeGeGeGeGeGeGeGeGeGeGeGeGeGeGeGeGeGeGeGeGeGeGeGeGeGeGeGeGeGeGeGeGeGe
   349515.4375000000 SiGeGeGeGeGeGeGeSiGeSiGeGeGeGeGeGeGeGeGeGeGeGeGeGeGeGeGeGeGeGeGeGeGeGeGeGeGeGeGeGeGeGeGeGeGeGeGeGeGeGeGeGeGeGeGeGeGeGeGe
   349515.4375000000 SiGeGeGeGeGeGeGeSiGeSiGeGeGeGeGeGeGeGeGeGeGeGeGeGeGeGeGeGeGeGeGeGeGeGeGeGeGeGeGeGeGeGeGeGeGeGeGeGeGeGeGeGeGeGeGeGeGeGeGe
   349515.4375000000 SiGeGeGeGeGeGeGeSiGeSiGeGeGeGeGeGeGeGeGeGeGeGeGeGeGeGeGeGeGeGeGeGeGeGeGeGeGeGeGeGeGeGeGeGeGeGeGeGeGeGeGeGeGeGeGeGeGeGeGe
   349515.4375000000 SiGeGeGeGeGeGeGeSiGeSiGeGeGeGeGeGeGeGeGeGeGeGeGeGeGeGeGeGeGeGeGeGeGeGeGeGeGeGeGeGeGeGeGeGeGeGeGeGeGeGeGeGeGeGeGeGeGeGeGe
   349515.4375000000 SiGeGeGeGeGeGeGeSiGeSiGeGeGeGeGeGeGeGeGeGeGeGeGeGeGeGeGeGeGeGeGeGeGeGeGeGeGeGeGeGeGeGeGeGeGeGeGeGeGeGeGeGeGeGeGeGeGeGeGe
   349515.4375000000 SiGeGeGeGeGeGeGeSiGeSiGeGeGeGeGeGeGeGeGeGeGeGeGeGeGeGeGeGeGeGeGeGeGeGeGeGeGeGeGeGeGeGeGeGeGeGeGeGeGeGeGeGeGeGeGeGeGeGeGe
   349515.4375000000 SiGeGeGeGeGeGeGeSiGeSiGeGeGeGeGeGeGeGeGeGeGeGeGeGeGeGeGeGeGeGeGeGeGeGeGeGeGeGeGeGeGeGeGeGeGeGeGeGeGeGeGeGeGeGeGeGeGeGeGe
   349515.4375000000 SiGeGeGeGeGeGeGeSiGeSiGeGeGeGeGeGeGeGeGeGeGeGeGeGeGeGeGeGeGeGeGeGeGeGeGeGeGeGeGeGeGeGeGeGeGeGeGeGeGeGeGeGeGeGeGeGeGeGeGe
   349515.4375000000 SiGeGeGeGeGeGeGeSiGeSiGeGeGeGeGeGeGeGeGeGeGeGeGeGeGeGeGeGeGeGeGeGeGeGeGeGeGeGeGeGeGeGeGeGeGeGeGeGeGeGeGeGeGeGeGeGeGeGeGe
   349515.4375000000 SiGeGeGeGeGeGeGeSiGeSiGeGeGeGeGeGeGeGeGeGeGeGeGeGeGeGeGeGeGeGeGeGeGeGeGeGeGeGeGeGeGeGeGeGeGeGeGeGeGeGeGeGeGeGeGeGeGeGeGe
   349515.4375000000 SiGeGeGeGeGeGeGeSiGeSiGeGeGeGeGeGeGeGeGeGeGeGeGeGeGeGeGeGeGeGeGeGeGeGeGeGeGeGeGeGeGeGeGeGeGeGeGeGeGeGeGeGeGeGeGeGeGeGeGe
   349515.4375000000 SiGeGeGeGeGeGeGeSiGeSiGeGeGeGeGeGeGeGeGeGeGeGeGeGeGeGeGeGeGeGeGeGeGeGeGeGeGeGeGeGeGeGeGeGeGeGeGeGeGeGeGeGeGeGeGeGeGeGeGe
   349515.4375000000 SiGeGeGeGeGeGeGeSiGeSiGeGeGeGeGeGeGeGeGeGeGeGeGeGeGeGeGeGeGeGeGeGeGeGeGeGeGeGeGeGeGeGeGeGeGeGeGeGeGeGeGeGeGeGeGeGeGeGeGe
   349515.4375000000 SiGeGeGeGeGeGeGeSiGeSiGeGeGeGeGeGeGeGeGeGeGeGeGeGeGeGeGeGeGeGeGeGeGeGeGeGeGeGeGeGeGeGeGeGeGeGeGeGeGeGeGeGeGeGeGeGeGeGeGe
   349515.4375000000 SiGeGeGeGeGeGeGeSiGeSiGeGeGeGeGeGeGeGeGeGeGeGeGeGeGeGeGeGeGeGeGeGeGeGeGeGeGeGeGeGeGeGeGeGeGeGeGeGeGeGeGeGeGeGeGeGeGeGeGe
   349515.4375000000 SiGeGeGeGeGeGeGeSiGeSiGeGeGeGeGeGeGeGeGeGeGeGeGeGeGeGeGeGeGeGeGeGeGeGeGeGeGeGeGeGeGeGeGeGeGeGeGeGeGeGeGeGeGeGeGeGeGeGeGe
   349515.4375000000 SiGeGeGeGeGeGeGeSiGeSiGeGeGeGeGeGeGeGeGeGeGeGeGeGeGeGeGeGeGeGeGeGeGeGeGeGeGeGeGeGeGeGeGeGeGeGeGeGeGeGeGeGeGeGeGeGeGeGeGe
   349515.4375000000 SiGeGeGeGeGeGeGeSiGeSiGeGeGeGeGeGeGeGeGeGeGeGeGeGeGeGeGeGeGeGeGeGeGeGeGeGeGeGeGeGeGeGeGeGeGeGeGeGeGeGeGeGeGeGeGeGeGeGeGe
   349515.4375000000 SiGeGeGeGeGeGeGeSiGeSiGeGeGeGeGeGeGeGeGeGeGeGeGeGeGeGeGeGeGeGeGeGeGeGeGeGeGeGeGeGeGeGeGeGeGeGeGeGeGeGeGeGeGeGeGeGeGeGeGe
   349515.4375000000 SiGeGeGeGeGeGeGeSiGeSiGeGeGeGeGeGeGeGeGeGeGeGeGeGeGeGeGeGeGeGeGeGeGeGeGeGeGeGeGeGeGeGeGeGeGeGeGeGeGeGeGeGeGeGeGeGeGeGeGe
   349515.4375000000 SiGeGeGeGeGeGeGeSiGeSiGeGeGeGeGeGeGeGeGeGeGeGeGeGeGeGeGeGeGeGeGeGeGeGeGeGeGeGeGeGeGeGeGeGeGeGeGeGeGeGeGeGeGeGeGeGeGeGeGe
   349515.4375000000 SiGeGeGeGeGeGeGeSiGeSiGeGeGeGeGeGeGeGeGeGeGeGeGeGeGeGeGeGeGeGeGeGeGeGeGeGeGeGeGeGeGeGeGeGeGeGeGeGeGeGeGeGeGeGeGeGeGeGeGe
   349515.4375000000 SiGeGeGeGeGeGeGeSiGeSiGeGeGeGeGeGeGeGeGeGeGeGeGeGeGeGeGeGeGeGeGeGeGeGeGeGeGeGeGeGeGeGeGeGeGeGeGeGeGeGeGeGeGeGeGeGeGeGeGe
   349515.4375000000 SiGeGeGeGeGeGeGeSiGeSiGeGeGeGeGeGeGeGeGeGeGeGeGeGeGeGeGeGeGeGeGeGeGeGeGeGeGeGeGeGeGeGeGeGeGeGeGeGeGeGeGeGeGeGeGeGeGeGeGe
   349515.4375000000 SiGeGeGeGeGeGeGeSiGeSiGeGeGeGeGeGeGeGeGeGeGeGeGeGeGeGeGeGeGeGeGeGeGeGeGeGeGeGeGeGeGeGeGeGeGeGeGeGeGeGeGeGeGeGeGeGeGeGeGe
   349515.4375000000 SiGeGeGeGeGeGeGeSiGeSiGeGeGeGeGeGeGeGeGeGeGeGeGeGeGeGeGeGeGeGeGeGeGeGeGeGeGeGeGeGeGeGeGeGeGeGeGeGeGeGeGeGeGeGeGeGeGeGeGe
   349515.4375000000 SiGeGeGeGeGeGeGeSiGeSiGeGeGeGeGeGeGeGeGeGeGeGeGeGeGeGeGeGeGeGeGeGeGeGeGeGeGeGeGeGeGeGeGeGeGeGeGeGeGeGeGeGeGeGeGeGeGeGeGe
   349515.4375000000 SiGeGeGeGeGeGeGeSiGeSiGeGeGeGeGeGeGeGeGeGeGeGeGeGeGeGeGeGeGeGeGeGeGeGeGeGeGeGeGeGeGeGeGeGeGeGeGeGeGeGeGeGeGeGeGeGeGeGeGe
   349515.4375000000 SiGeGeGeGeGeGeGeSiGeSiGeGeGeGeGeGeGeGeGeGeGeGeGeGeGeGeGeGeGeGeGeGeGeGeGeGeGeGeGeGeGeGeGeGeGeGeGeGeGeGeGeGeGeGeGeGeGeGeGe
   349515.4375000000 SiGeGeGeGeGeGeGeSiGeSiGeGeGeGeGeGeGeGeGeGeGeGeGeGeGeGeGeGeGeGeGeGeGeGeGeGeGeGeGeGeGeGeGeGeGeGeGeGeGeGeGeGeGeGeGeGeGeGeGe
   349515.4375000000 SiGeGeGeGeGeGeGeSiGeSiGeGeGeGeGeGeGeGeGeGeGeGeGeGeGeGeGeGeGeGeGeGeGeGeGeGeGeGeGeGeGeGeGeGeGeGeGeGeGeGeGeGeGeGeGeGeGeGeGe
   349515.4375000000 SiGeGeGeGeGeGeGeSiGeSiGeGeGeGeGeGeGeGeGeGeGeGeGeGeGeGeGeGeGeGeGeGeGeGeGeGeGeGeGeGeGeGeGeGeGeGeGeGeGeGeGeGeGeGeGeGeGeGeGe
   349515.4375000000 SiGeGeGeGeGeGeGeSiGeSiGeGeGeGeGeGeGeGeGeGeGeGeGeGeGeGeGeGeGeGeGeGeGeGeGeGeGeGeGeGeGeGeGeGeGeGeGeGeGeGeGeGeGeGeGeGeGeGeGe
   349515.4375000000 SiGeGeGeGeGeGeGeSiGeSiGeGeGeGeGeGeGeGeGeGeGeGeGeGeGeGeGeGeGeGeGeGeGeGeGeGeGeGeGeGeGeGeGeGeGeGeGeGeGeGeGeGeGeGeGeGeGeGeGe
   349515.4375000000 SiGeGeGeGeGeGeGeSiGeSiGeGeGeGeGeGeGeGeGeGeGeGeGeGeGeGeGeGeGeGeGeGeGeGeGeGeGeGeGeGeGeGeGeGeGeGeGeGeGeGeGeGeGeGeGeGeGeGeGe
   349515.4375000000 SiGeGeGeGeGeGeGeSiGeSiGeGeGeGeGeGeGeGeGeGeGeGeGeGeGeGeGeGeGeGeGeGeGeGeGeGeGeGeGeGeGeGeGeGeGeGeGeGeGeGeGeGeGeGeGeGeGeGeGe
   349515.4375000000 SiGeGeGeGeGeGeGeSiGeSiGeGeGeGeGeGeGeGeGeGeGeGeGeGeGeGeGeGeGeGeGeGeGeGeGeGeGeGeGeGeGeGeGeGeGeGeGeGeGeGeGeGeGeGeGeGeGeGeGe
   349515.4375000000 SiGeGeGeGeGeGeGeSiGeSiGeGeGeGeGeGeGeGeGeGeGeGeGeGeGeGeGeGeGeGeGeGeGeGeGeGeGeGeGeGeGeGeGeGeGeGeGeGeGeGeGeGeGeGeGeGeGeGeGe
   349515.4375000000 SiGeGeGeGeGeGeGeSiGeSiGeGeGeGeGeGeGeGeGeGeGeGeGeGeGeGeGeGeGeGeGeGeGeGeGeGeGeGeGeGeGeGeGeGeGeGeGeGeGeGeGeGeGeGeGeGeGeGeGe
   349515.4375000000 SiGeGeGeGeGeGeGeSiGeSiGeGeGeGeGeGeGeGeGeGeGeGeGeGeGeGeGeGeGeGeGeGeGeGeGeGeGeGeGeGeGeGeGeGeGeGeGeGeGeGeGeGeGeGeGeGeGeGeGe
   349515.4375000000 SiGeGeGeGeGeGeGeSiGeSiGeGeGeGeGeGeGeGeGeGeGeGeGeGeGeGeGeGeGeGeGeGeGeGeGeGeGeGeGeGeGeGeGeGeGeGeGeGeGeGeGeGeGeGeGeGeGeGeGe
   349515.4375000000 SiGeGeGeGeGeGeGeSiGeSiGeGeGeGeGeGeGeGeGeGeGeGeGeGeGeGeGeGeGeGeGeGeGeGeGeGeGeGeGeGeGeGeGeGeGeGeGeGeGeGeGeGeGeGeGeGeGeGeGe
   349515.4375000000 SiGeGeGeGeGeGeGeSiGeSiGeGeGeGeGeGeGeGeGeGeGeGeGeGeGeGeGeGeGeGeGeGeGeGeGeGeGeGeGeGeGeGeGeGeGeGeGeGeGeGeGeGeGeGeGeGeGeGeGe
   349515.4375000000 SiGeGeGeGeGeGeGeSiGeSiGeGeGeGeGeGeGeGeGeGeGeGeGeGeGeGeGeGeGeGeGeGeGeGeGeGeGeGeGeGeGeGeGeGeGeGeGeGeGeGeGeGeGeGeGeGeGeGeGe
   349515.4375000000 SiGeGeGeGeGeGeGeSiGeSiGeGeGeGeGeGeGeGeGeGeGeGeGeGeGeGeGeGeGeGeGeGeGeGeGeGeGeGeGeGeGeGeGeGeGeGeGeGeGeGeGeGeGeGeGeGeGeGeGe
   349515.4375000000 SiGeGeGeGeGeGeGeSiGeSiGeGeGeGeGeGeGeGeGeGeGeGeGeGeGeGeGeGeGeGeGeGeGeGeGeGeGeGeGeGeGeGeGeGeGeGeGeGeGeGeGeGeGeGeGeGeGeGeGe
   349515.4375000000 SiGeGeGeGeGeGeGeSiGeSiGeGeGeGeGeGeGeGeGeGeGeGeGeGeGeGeGeGeGeGeGeGeGeGeGeGeGeGeGeGeGeGeGeGeGeGeGeGeGeGeGeGeGeGeGeGeGeGeGe
   349515.4375000000 SiGeGeGeGeGeGeGeSiGeSiGeGeGeGeGeGeGeGeGeGeGeGeGeGeGeGeGeGeGeGeGeGeGeGeGeGeGeGeGeGeGeGeGeGeGeGeGeGeGeGeGeGeGeGeGeGeGeGeGe
   349515.4375000000 SiGeGeGeGeGeGeGeSiGeSiGeGeGeGeGeGeGeGeGeGeGeGeGeGeGeGeGeGeGeGeGeGeGeGeGeGeGeGeGeGeGeGeGeGeGeGeGeGeGeGeGeGeGeGeGeGeGeGeGe
   349515.4375000000 SiGeGeGeGeGeGeGeSiGeSiGeGeGeGeGeGeGeGeGeGeGeGeGeGeGeGeGeGeGeGeGeGeGeGeGeGeGeGeGeGeGeGeGeGeGeGeGeGeGeGeGeGeGeGeGeGeGeGeGe
   349515.4375000000 SiGeGeGeGeGeGeGeSiGeSiGeGeGeGeGeGeGeGeGeGeGeGeGeGeGeGeGeGeGeGeGeGeGeGeGeGeGeGeGeGeGeGeGeGeGeGeGeGeGeGeGeGeGeGeGeGeGeGeGe
   349515.4375000000 SiGeGeGeGeGeGeGeSiGeSiGeGeGeGeGeGeGeGeGeGeGeGeGeGeGeGeGeGeGeGeGeGeGeGeGeGeGeGeGeGeGeGeGeGeGeGeGeGeGeGeGeGeGeGeGeGeGeGeGe
   349515.4375000000 SiGeGeGeGeGeGeGeSiGeSiGeGeGeGeGeGeGeGeGeGeGeGeGeGeGeGeGeGeGeGeGeGeGeGeGeGeGeGeGeGeGeGeGeGeGeGeGeGeGeGeGeGeGeGeGeGeGeGeGe
   349515.4375000000 SiGeGeGeGeGeGeGeSiGeSiGeGeGeGeGeGeGeGeGeGeGeGeGeGeGeGeGeGeGeGeGeGeGeGeGeGeGeGeGeGeGeGeGeGeGeGeGeGeGeGeGeGeGeGeGeGeGeGeGe
   349515.4375000000 SiGeGeGeGeGeGeGeSiGeSiGeGeGeGeGeGeGeGeGeGeGeGeGeGeGeGeGeGeGeGeGeGeGeGeGeGeGeGeGeGeGeGeGeGeGeGeGeGeGeGeGeGeGeGeGeGeGeGeGe
   349515.4375000000 SiGeGeGeGeGeGeGeSiGeSiGeGeGeGeGeGeGeGeGeGeGeGeGeGeGeGeGeGeGeGeGeGeGeGeGeGeGeGeGeGeGeGeGeGeGeGeGeGeGeGeGeGeGeGeGeGeGeGeGe
   349515.4375000000 SiGeGeGeGeGeGeGeSiGeSiGeGeGeGeGeGeGeGeGeGeGeGeGeGeGeGeGeGeGeGeGeGeGeGeGeGeGeGeGeGeGeGeGeGeGeGeGeGeGeGeGeGeGeGeGeGeGeGeGe
   349515.4375000000 SiGeGeGeGeGeGeGeSiGeSiGeGeGeGeGeGeGeGeGeGeGeGeGeGeGeGeGeGeGeGeGeGeGeGeGeGeGeGeGeGeGeGeGeGeGeGeGeGeGeGeGeGeGeGeGeGeGeGeGe
   349515.4375000000 SiGeGeGeGeGeGeGeSiGeSiGeGeGeGeGeGeGeGeGeGeGeGeGeGeGeGeGeGeGeGeGeGeGeGeGeGeGeGeGeGeGeGeGeGeGeGeGeGeGeGeGeGeGeGeGeGeGeGeGe
   349515.4375000000 SiGeGeGeGeGeGeGeSiGeSiGeGeGeGeGeGeGeGeGeGeGeGeGeGeGeGeGeGeGeGeGeGeGeGeGeGeGeGeGeGeGeGeGeGeGeGeGeGeGeGeGeGeGeGeGeGeGeGeGe
   349515.4375000000 SiGeGeGeGeGeGeGeSiGeSiGeGeGeGeGeGeGeGeGeGeGeGeGeGeGeGeGeGeGeGeGeGeGeGeGeGeGeGeGeGeGeGeGeGeGeGeGeGeGeGeGeGeGeGeGeGeGeGeGe
   349515.4375000000 SiGeGeGeGeGeGeGeSiGeSiGeGeGeGeGeGeGeGeGeGeGeGeGeGeGeGeGeGeGeGeGeGeGeGeGeGeGeGeGeGeGeGeGeGeGeGeGeGeGeGeGeGeGeGeGeGeGeGeGe
   349515.4375000000 SiGeGeGeGeGeGeGeSiGeSiGeGeGeGeGeGeGeGeGeGeGeGeGeGeGeGeGeGeGeGeGeGeGeGeGeGeGeGeGeGeGeGeGeGeGeGeGeGeGeGeGeGeGeGeGeGeGeGeGe
   349515.4375000000 SiGeGeGeGeGeGeGeSiGeSiGeGeGeGeGeGeGeGeGeGeGeGeGeGeGeGeGeGeGeGeGeGeGeGeGeGeGeGeGeGeGeGeGeGeGeGeGeGeGeGeGeGeGeGeGeGeGeGeGe
   349515.4375000000 SiGeGeGeGeGeGeGeSiGeSiGeGeGeGeGeGeGeGeGeGeGeGeGeGeGeGeGeGeGeGeGeGeGeGeGeGeGeGeGeGeGeGeGeGeGeGeGeGeGeGeGeGeGeGeGeGeGeGeGe
   349515.4375000000 SiGeGeGeGeGeGeGeSiGeSiGeGeGeGeGeGeGeGeGeGeGeGeGeGeGeGeGeGeGeGeGeGeGeGeGeGeGeGeGeGeGeGeGeGeGeGeGeGeGeGeGeGeGeGeGeGeGeGeGe
   349515.4375000000 SiGeGeGeGeGeGeGeSiGeSiGeGeGeGeGeGeGeGeGeGeGeGeGeGeGeGeGeGeGeGeGeGeGeGeGeGeGeGeGeGeGeGeGeGeGeGeGeGeGeGeGeGeGeGeGeGeGeGeGe
   349515.4375000000 SiGeGeGeGeGeGeGeSiGeSiGeGeGeGeGeGeGeGeGeGeGeGeGeGeGeGeGeGeGeGeGeGeGeGeGeGeGeGeGeGeGeGeGeGeGeGeGeGeGeGeGeGeGeGeGeGeGeGeGe
   349515.4375000000 SiGeGeGeGeGeGeGeSiGeSiGeGeGeGeGeGeGeGeGeGeGeGeGeGeGeGeGeGeGeGeGeGeGeGeGeGeGeGeGeGeGeGeGeGeGeGeGeGeGeGeGeGeGeGeGeGeGeGeGe
   349515.4375000000 SiGeGeGeGeGeGeGeSiGeSiGeGeGeGeGeGeGeGeGeGeGeGeGeGeGeGeGeGeGeGeGeGeGeGeGeGeGeGeGeGeGeGeGeGeGeGeGeGeGeGeGeGeGeGeGeGeGeGeGe
   349515.4375000000 SiGeGeGeGeGeGeGeSiGeSiGeGeGeGeGeGeGeGeGeGeGeGeGeGeGeGeGeGeGeGeGeGeGeGeGeGeGeGeGeGeGeGeGeGeGeGeGeGeGeGeGeGeGeGeGeGeGeGeGe
   349515.4375000000 SiGeGeGeGeGeGeGeSiGeSiGeGeGeGeGeGeGeGeGeGeGeGeGeGeGeGeGeGeGeGeGeGeGeGeGeGeGeGeGeGeGeGeGeGeGeGeGeGeGeGeGeGeGeGeGeGeGeGeGe
   349515.4375000000 SiGeGeGeGeGeGeGeSiGeSiGeGeGeGeGeGeGeGeGeGeGeGeGeGeGeGeGeGeGeGeGeGeGeGeGeGeGeGeGeGeGeGeGeGeGeGeGeGeGeGeGeGeGeGeGeGeGeGeGe
   349515.4375000000 SiGeGeGeGeGeGeGeSiGeSiGeGeGeGeGeGeGeGeGeGeGeGeGeGeGeGeGeGeGeGeGeGeGeGeGeGeGeGeGeGeGeGeGeGeGeGeGeGeGeGeGeGeGeGeGeGeGeGeGe
   349515.4375000000 SiGeGeGeGeGeGeGeSiGeSiGeGeGeGeGeGeGeGeGeGeGeGeGeGeGeGeGeGeGeGeGeGeGeGeGeGeGeGeGeGeGeGeGeGeGeGeGeGeGeGeGeGeGeGeGeGeGeGeGe
   349515.4375000000 SiGeGeGeGeGeGeGeSiGeSiGeGeGeGeGeGeGeGeGeGeGeGeGeGeGeGeGeGeGeGeGeGeGeGeGeGeGeGeGeGeGeGeGeGeGeGeGeGeGeGeGeGeGeGeGeGeGeGeGe
   349515.4375000000 SiGeGeGeGeGeGeGeSiGeSiGeGeGeGeGeGeGeGeGeGeGeGeGeGeGeGeGeGeGeGeGeGeGeGeGeGeGeGeGeGeGeGeGeGeGeGeGeGeGeGeGeGeGeGeGeGeGeGeGe
   349515.4375000000 SiGeGeGeGeGeGeGeSiGeSiGeGeGeGeGeGeGeGeGeGeGeGeGeGeGeGeGeGeGeGeGeGeGeGeGeGeGeGeGeGeGeGeGeGeGeGeGeGeGeGeGeGeGeGeGeGeGeGeGe
   349515.4375000000 SiGeGeGeGeGeGeGeSiGeSiGeGeGeGeGeGeGeGeGeGeGeGeGeGeGeGeGeGeGeGeGeGeGeGeGeGeGeGeGeGeGeGeGeGeGeGeGeGeGeGeGeGeGeGeGeGeGeGeGe
   349515.4375000000 SiGeGeGeGeGeGeGeSiGeSiGeGeGeGeGeGeGeGeGeGeGeGeGeGeGeGeGeGeGeGeGeGeGeGeGeGeGeGeGeGeGeGeGeGeGeGeGeGeGeGeGeGeGeGeGeGeGeGeGe
   349515.4375000000 SiGeGeGeGeGeGeGeSiGeSiGeGeGeGeGeGeGeGeGeGeGeGeGeGeGeGeGeGeGeGeGeGeGeGeGeGeGeGeGeGeGeGeGeGeGeGeGeGeGeGeGeGeGeGeGeGeGeGeGe
   349515.4375000000 SiGeGeGeGeGeGeGeSiGeSiGeGeGeGeGeGeGeGeGeGeGeGeGeGeGeGeGeGeGeGeGeGeGeGeGeGeGeGeGeGeGeGeGeGeGeGeGeGeGeGeGeGeGeGeGeGeGeGeGe
   349515.4375000000 SiGeGeGeGeGeGeGeSiGeSiGeGeGeGeGeGeGeGeGeGeGeGeGeGeGeGeGeGeGeGeGeGeGeGeGeGeGeGeGeGeGeGeGeGeGeGeGeGeGeGeGeGeGeGeGeGeGeGeGe
   349515.4375000000 SiGeGeGeGeGeGeGeSiGeSiGeGeGeGeGeGeGeGeGeGeGeGeGeGeGeGeGeGeGeGeGeGeGeGeGeGeGeGeGeGeGeGeGeGeGeGeGeGeGeGeGeGeGeGeGeGeGeGeGe
   349515.4375000000 SiGeGeGeGeGeGeGeSiGeSiGeGeGeGeGeGeGeGeGeGeGeGeGeGeGeGeGeGeGeGeGeGeGeGeGeGeGeGeGeGeGeGeGeGeGeGeGeGeGeGeGeGeGeGeGeGeGeGeGe
   349515.4375000000 SiGeGeGeGeGeGeGeSiGeSiGeGeGeGeGeGeGeGeGeGeGeGeGeGeGeGeGeGeGeGeGeGeGeGeGeGeGeGeGeGeGeGeGeGeGeGeGeGeGeGeGeGeGeGeGeGeGeGeGe
   349515.4375000000 SiGeGeGeGeGeGeGeSiGeSiGeGeGeGeGeGeGeGeGeGeGeGeGeGeGeGeGeGeGeGeGeGeGeGeGeGeGeGeGeGeGeGeGeGeGeGeGeGeGeGeGeGeGeGeGeGeGeGeGe
   349515.4375000000 SiGeGeGeGeGeGeGeSiGeSiGeGeGeGeGeGeGeGeGeGeGeGeGeGeGeGeGeGeGeGeGeGeGeGeGeGeGeGeGeGeGeGeGeGeGeGeGeGeGeGeGeGeGeGeGeGeGeGeGe
   349515.4375000000 SiGeGeGeGeGeGeGeSiGeSiGeGeGeGeGeGeGeGeGeGeGeGeGeGeGeGeGeGeGeGeGeGeGeGeGeGeGeGeGeGeGeGeGeGeGeGeGeGeGeGeGeGeGeGeGeGeGeGeGe
   349515.4375000000 SiGeGeGeGeGeGeGeSiGeSiGeGeGeGeGeGeGeGeGeGeGeGeGeGeGeGeGeGeGeGeGeGeGeGeGeGeGeGeGeGeGeGeGeGeGeGeGeGeGeGeGeGeGeGeGeGeGeGeGe
   349515.4375000000 SiGeGeGeGeGeGeGeSiGeSiGeGeGeGeGeGeGeGeGeGeGeGeGeGeGeGeGeGeGeGeGeGeGeGeGeGeGeGeGeGeGeGeGeGeGeGeGeGeGeGeGeGeGeGeGeGeGeGeGe
   349515.4375000000 SiGeGeGeGeGeGeGeSiGeSiGeGeGeGeGeGeGeGeGeGeGeGeGeGeGeGeGeGeGeGeGeGeGeGeGeGeGeGeGeGeGeGeGeGeGeGeGeGeGeGeGeGeGeGeGeGeGeGeGe
filename: c000001269627829.gin     
Cell:
    11.9020996    11.9020996    29.6919994    90.0000000    90.0000000   120.0000000
Box:
    11.9020996    -5.9510503     0.0000000
     0.0000000    10.3075209     0.0000000
     0.0000000     0.0000000    29.6919994
----------------------------------------
Inverse Box:
     0.0840188     0.0485083     0.0000000
     0.0000000     0.0970165     0.0000000
     0.0000000     0.0000000     0.0336791
----------------------------------------
==============================================
geometrical properties of  57 Ge:
 Configuration:           0
 D_ave:   9.07609081       3.58626938    
 D_min:   3.00611401       1.89865455E-02
 energia:   349515.438    
