Random Seed:   971215325
Number of atoms:    60
Space Group:    1
Cell:
    11.9020996    11.9020996    29.6919994    90.0000000    90.0000000   120.0000000
Box:
    11.9020996    -5.9510503     0.0000000
     0.0000000    10.3075209     0.0000000
     0.0000000     0.0000000    29.6919994
----------------------------------------
Inverse Box:
     0.0840188     0.0485083     0.0000000
     0.0000000     0.0970165     0.0000000
     0.0000000     0.0000000     0.0336791
----------------------------------------
GeSiSiSiSiSiSiSiSiSiSiSiSiSiSiSiSiSiSiSiSiSiSiSiSiSiSiSiSiSiSiSiSiSiSiSiSiSiSiSiSiSiSiSiSiSiSiGeSiSiSiSiSiSiSiSiSiSiSiSi
           1 Ge    -7733.48828    
GeGeSiSiSiSiSiSiSiSiSiSiSiSiSiSiSiSiSiSiSiSiSiSiSiSiSiSiSiSiSiSiSiSiSiSiSiSiSiSiSiSiSiSiSiSiSiGeSiSiSiSiSiSiSiSiSiSiSiSi
           2 Ge    -7727.50342    
GeGeGeSiSiSiSiSiSiSiSiSiSiSiSiSiSiSiSiSiSiSiSiSiSiSiSiSiSiSiSiSiSiSiSiSiSiSiSiSiSiSiSiSiSiSiSiGeSiSiSiSiSiSiSiSiSiSiSiSi
           3 Ge    -7721.41064    
GeGeGeGeSiSiSiSiSiSiSiSiSiSiSiSiSiSiSiSiSiSiSiSiSiSiSiSiSiSiSiSiSiSiSiSiSiSiSiSiSiSiSiSiSiSiSiGeSiSiSiSiSiSiSiSiSiSiSiSi
           4 Ge    -7746.67090    
GeGeGeGeGeSiSiSiSiSiSiSiSiSiSiSiSiSiSiSiSiSiSiSiSiSiSiSiSiSiSiSiSiSiSiSiSiSiSiSiSiSiSiSiSiSiSiGeSiSiSiSiSiSiSiSiSiSiSiSi
           5 Ge    -7790.39160    
GeGeGeGeGeSiGeSiSiSiSiSiSiSiSiSiSiSiSiSiSiSiSiSiSiSiSiSiSiSiSiSiSiSiSiSiSiSiSiSiSiSiSiSiSiSiSiGeSiSiSiSiSiSiSiSiSiSiSiSi
           7 Ge    -7902.54932    
GeGeGeGeGeSiGeGeSiSiSiSiSiSiSiSiSiSiSiSiSiSiSiSiSiSiSiSiSiSiSiSiSiSiSiSiSiSiSiSiSiSiSiSiSiSiSiGeSiSiSiSiSiSiSiSiSiSiSiSi
           8 Ge    -8045.25488    
GeGeGeGeGeSiGeGeSiSiSiGeSiSiSiSiSiSiSiSiSiSiSiSiSiSiSiSiSiSiSiSiSiSiSiSiSiSiSiSiSiSiSiSiSiSiSiGeSiSiSiSiSiSiSiSiSiSiSiSi
          12 Ge    -8294.73633    
GeGeGeGeGeSiGeGeSiSiSiGeSiGeSiSiSiSiSiSiSiSiSiSiSiSiSiSiSiSiSiSiSiSiSiSiSiSiSiSiSiSiSiSiSiSiSiGeSiSiSiSiSiSiSiSiSiSiSiSi
          14 Ge    -8598.00684    
GeGeGeGeGeSiGeGeSiSiSiGeSiGeSiGeSiSiSiSiSiSiSiSiSiSiSiSiSiSiSiSiSiSiSiSiSiSiSiSiSiSiSiSiSiSiSiGeSiSiSiSiSiSiSiSiSiSiSiSi
          16 Ge    -8948.60449    
GeGeGeGeGeSiGeGeSiSiSiGeSiGeSiGeSiSiSiSiSiSiSiSiSiGeSiSiSiSiSiSiSiSiSiSiSiSiSiSiSiSiSiSiSiSiSiGeSiSiSiSiSiSiSiSiSiSiSiSi
          26 Ge    -9345.39844    
GeGeGeGeGeSiGeGeSiSiSiGeSiGeSiGeSiSiSiSiSiSiSiSiSiGeSiSiSiGeSiSiSiSiSiSiSiSiSiSiSiSiSiSiSiSiSiGeSiSiSiSiSiSiSiSiSiSiSiSi
          30 Ge    -8972.27051    
GeGeGeGeGeSiGeGeSiSiSiGeSiGeSiGeSiSiSiSiSiSiSiSiSiGeSiSiSiGeSiSiGeSiSiSiSiSiSiSiSiSiSiSiSiSiSiGeSiSiSiSiSiSiSiSiSiSiSiSi
          33 Ge    -9477.77930    
GeGeGeGeGeSiGeGeSiSiSiGeSiGeSiGeSiSiSiSiSiSiSiSiSiGeSiSiSiGeSiSiGeSiSiGeSiSiSiSiSiSiSiSiSiSiSiGeSiSiSiSiSiSiSiSiSiSiSiSi
          36 Ge    -8336.45117    
GeGeGeGeGeSiGeGeSiSiSiGeSiGeSiGeSiSiSiSiSiSiSiSiSiGeSiSiSiGeSiSiGeSiSiGeSiSiGeSiSiSiSiSiSiSiSiGeSiSiSiSiSiSiSiSiSiSiSiSi
          39 Ge    -8948.61719    
GeGeGeGeGeSiGeGeSiSiSiGeSiGeSiGeSiSiSiSiSiSiSiSiSiGeSiSiSiGeSiSiGeSiSiGeSiSiGeGeSiSiSiSiSiSiSiGeSiSiSiSiSiSiSiSiSiSiSiSi
          40 Ge    -8814.49219    
GeGeGeGeGeSiGeGeSiSiSiGeSiGeSiGeSiSiSiSiSiSiSiSiSiGeSiSiSiGeSiSiGeSiSiGeSiSiGeGeGeSiSiSiSiSiSiGeSiSiSiSiSiSiSiSiSiSiSiSi
          41 Ge    -9522.61133    
GeGeGeGeGeSiGeGeSiSiSiGeSiGeSiGeSiSiSiSiSiSiSiSiSiGeSiSiSiGeSiSiGeSiSiGeSiSiGeGeGeGeSiSiSiSiSiGeSiSiSiSiSiSiSiSiSiSiSiSi
          42 Ge    -8942.87500    
GeGeGeGeGeSiGeGeSiSiSiGeSiGeSiGeSiSiSiSiSiSiSiSiSiGeSiSiSiGeSiSiGeSiSiGeSiSiGeGeGeGeSiSiGeSiSiGeSiSiSiSiSiSiSiSiSiSiSiSi
          45 Ge    -9375.26562    
GeGeGeGeGeSiGeGeSiSiSiGeSiGeSiGeSiSiSiSiSiSiSiSiSiGeSiSiSiGeSiSiGeSiSiGeSiSiGeGeGeGeSiSiGeGeSiGeSiSiSiSiSiSiSiSiSiSiSiSi
          46 Ge    -9782.72070    
GeGeGeGeGeSiGeGeSiSiSiGeSiGeSiGeSiSiSiSiSiSiSiSiSiGeSiSiSiGeSiSiGeSiSiGeSiSiGeGeGeGeSiSiGeGeSiGeSiSiSiSiSiSiSiSiGeSiSiSi
          57 Ge    -10940.6963    
GeGeGeGeGeGeGeGeSiSiSiGeSiGeSiGeSiSiSiSiSiSiSiSiSiGeSiSiSiGeSiSiGeSiSiGeSiSiGeGeGeGeSiSiGeGeSiGeSiSiSiSiSiSiSiSiGeSiSiSi
           6 Ge    -7980.76318    
GeGeGeGeGeGeGeGeSiSiGeGeSiGeSiGeSiSiSiSiSiSiSiSiSiGeSiSiSiGeSiSiGeSiSiGeSiSiGeGeGeGeSiSiGeGeSiGeSiSiSiSiSiSiSiSiGeSiSiSi
          11 Ge    -7461.88184    
GeGeGeGeGeGeGeGeSiSiGeGeGeGeSiGeSiSiSiSiSiSiSiSiSiGeSiSiSiGeSiSiGeSiSiGeSiSiGeGeGeGeSiSiGeGeSiGeSiSiSiSiSiSiSiSiGeSiSiSi
          13 Ge    -6810.96484    
GeGeGeGeGeGeGeGeSiSiGeGeGeGeGeGeSiSiSiSiSiSiSiSiSiGeSiSiSiGeSiSiGeSiSiGeSiSiGeGeGeGeSiSiGeGeSiGeSiSiSiSiSiSiSiSiGeSiSiSi
          15 Ge    -6314.39062    
GeGeGeGeGeGeGeGeSiSiGeGeGeGeGeGeSiGeSiSiSiSiSiSiSiGeSiSiSiGeSiSiGeSiSiGeSiSiGeGeGeGeSiSiGeGeSiGeSiSiSiSiSiSiSiSiGeSiSiSi
          18 Ge    -1613.89258    
GeGeGeGeGeGeGeGeSiSiGeGeGeGeGeGeSiGeSiSiSiSiGeSiSiGeSiSiSiGeSiSiGeSiSiGeSiSiGeGeGeGeSiSiGeGeSiGeSiSiSiSiSiSiSiSiGeSiSiSi
          23 Ge     1831.33545    
GeGeGeGeGeGeGeGeSiSiGeGeGeGeGeGeSiGeSiSiSiSiGeGeSiGeSiSiSiGeSiSiGeSiSiGeSiSiGeGeGeGeSiSiGeGeSiGeSiSiSiSiSiSiSiSiGeSiSiSi
          24 Ge     12041.1416    
GeGeGeGeGeGeGeGeSiSiGeGeGeGeGeGeSiGeSiSiSiSiGeGeSiGeSiGeSiGeSiSiGeSiSiGeSiSiGeGeGeGeSiSiGeGeSiGeSiSiSiSiSiSiSiSiGeSiSiSi
          28 Ge     15819.8193    
GeGeGeGeGeGeGeGeSiSiGeGeGeGeGeGeSiGeSiSiSiSiGeGeSiGeSiGeSiGeSiSiGeSiSiGeSiSiGeGeGeGeSiGeGeGeSiGeSiSiSiSiSiSiSiSiGeSiSiSi
          44 Ge     18000.6602    
GeGeGeGeGeGeGeGeSiSiGeGeGeGeGeGeSiGeSiSiSiSiGeGeSiGeSiGeSiGeSiSiGeSiSiGeSiSiGeGeGeGeSiGeGeGeSiGeSiSiGeSiSiSiSiSiGeSiSiSi
          51 Ge     16447.1680    
GeGeGeGeGeGeGeGeSiSiGeGeGeGeGeGeSiGeSiSiSiSiGeGeSiGeSiGeSiGeSiSiGeSiSiGeSiSiGeGeGeGeSiGeGeGeSiGeSiSiGeSiSiSiSiSiGeGeSiSi
          58 Ge     17260.4551    
GeGeGeGeGeGeGeGeGeSiGeGeGeGeGeGeSiGeSiSiSiSiGeGeSiGeSiGeSiGeSiSiGeSiSiGeSiSiGeGeGeGeSiGeGeGeSiGeSiSiGeSiSiSiSiSiGeGeSiSi
           9 Ge     20349.5254    
GeGeGeGeGeGeGeGeGeGeGeGeGeGeGeGeSiGeSiSiSiSiGeGeSiGeSiGeSiGeSiSiGeSiSiGeSiSiGeGeGeGeSiGeGeGeSiGeSiSiGeSiSiSiSiSiGeGeSiSi
          10 Ge     29300.6738    
GeGeGeGeGeGeGeGeGeGeGeGeGeGeGeGeGeGeSiSiSiSiGeGeSiGeSiGeSiGeSiSiGeSiSiGeSiSiGeGeGeGeSiGeGeGeSiGeSiSiGeSiSiSiSiSiGeGeSiSi
          17 Ge     38845.0977    
GeGeGeGeGeGeGeGeGeGeGeGeGeGeGeGeGeGeSiSiGeSiGeGeSiGeSiGeSiGeSiSiGeSiSiGeSiSiGeGeGeGeSiGeGeGeSiGeSiSiGeSiSiSiSiSiGeGeSiSi
          21 Ge     51450.7148    
GeGeGeGeGeGeGeGeGeGeGeGeGeGeGeGeGeGeSiSiGeSiGeGeSiGeSiGeSiGeGeSiGeSiSiGeSiSiGeGeGeGeSiGeGeGeSiGeSiSiGeSiSiSiSiSiGeGeSiSi
          31 Ge     56446.7930    
GeGeGeGeGeGeGeGeGeGeGeGeGeGeGeGeGeGeSiSiGeSiGeGeSiGeSiGeSiGeGeGeGeSiSiGeSiSiGeGeGeGeSiGeGeGeSiGeSiSiGeSiSiSiSiSiGeGeSiSi
          32 Ge     63281.3008    
GeGeGeGeGeGeGeGeGeGeGeGeGeGeGeGeGeGeSiSiGeSiGeGeSiGeSiGeSiGeGeGeGeSiSiGeSiSiGeGeGeGeSiGeGeGeSiGeGeSiGeSiSiSiSiSiGeGeSiSi
          49 Ge     72295.1953    
GeGeGeGeGeGeGeGeGeGeGeGeGeGeGeGeGeGeSiSiGeSiGeGeSiGeSiGeSiGeGeGeGeSiSiGeSiSiGeGeGeGeSiGeGeGeSiGeGeGeGeSiSiSiSiSiGeGeSiSi
          50 Ge     77359.9141    
GeGeGeGeGeGeGeGeGeGeGeGeGeGeGeGeGeGeSiSiGeSiGeGeSiGeSiGeSiGeGeGeGeSiSiGeSiSiGeGeGeGeSiGeGeGeSiGeGeGeGeSiSiSiGeSiGeGeSiSi
          55 Ge     85215.7344    
GeGeGeGeGeGeGeGeGeGeGeGeGeGeGeGeGeGeSiSiGeGeGeGeSiGeSiGeSiGeGeGeGeSiSiGeSiSiGeGeGeGeSiGeGeGeSiGeGeGeGeSiSiSiGeSiGeGeSiSi
          22 Ge     97925.0938    
GeGeGeGeGeGeGeGeGeGeGeGeGeGeGeGeGeGeSiSiGeGeGeGeGeGeSiGeSiGeGeGeGeSiSiGeSiSiGeGeGeGeSiGeGeGeSiGeGeGeGeSiSiSiGeSiGeGeSiSi
          25 Ge     107675.609    
GeGeGeGeGeGeGeGeGeGeGeGeGeGeGeGeGeGeSiSiGeGeGeGeGeGeGeGeSiGeGeGeGeSiSiGeSiSiGeGeGeGeSiGeGeGeSiGeGeGeGeSiSiSiGeSiGeGeSiSi
          27 Ge     118853.125    
GeGeGeGeGeGeGeGeGeGeGeGeGeGeGeGeGeGeSiSiGeGeGeGeGeGeGeGeSiGeGeGeGeSiSiGeGeSiGeGeGeGeSiGeGeGeSiGeGeGeGeSiSiSiGeSiGeGeSiSi
          37 Ge     135151.781    
GeGeGeGeGeGeGeGeGeGeGeGeGeGeGeGeGeGeSiSiGeGeGeGeGeGeGeGeSiGeGeGeGeSiSiGeGeSiGeGeGeGeSiGeGeGeSiGeGeGeGeSiSiSiGeGeGeGeSiSi
          56 Ge     146557.250    
GeGeGeGeGeGeGeGeGeGeGeGeGeGeGeGeGeGeSiSiGeGeGeGeGeGeGeGeGeGeGeGeGeSiSiGeGeSiGeGeGeGeSiGeGeGeSiGeGeGeGeSiSiSiGeGeGeGeSiSi
          29 Ge     167171.750    
GeGeGeGeGeGeGeGeGeGeGeGeGeGeGeGeGeGeSiSiGeGeGeGeGeGeGeGeGeGeGeGeGeGeSiGeGeSiGeGeGeGeSiGeGeGeSiGeGeGeGeSiSiSiGeGeGeGeSiSi
          34 Ge     190496.156    
GeGeGeGeGeGeGeGeGeGeGeGeGeGeGeGeGeGeSiSiGeGeGeGeGeGeGeGeGeGeGeGeGeGeSiGeGeGeGeGeGeGeSiGeGeGeSiGeGeGeGeSiSiSiGeGeGeGeSiSi
          38 Ge     206248.062    
GeGeGeGeGeGeGeGeGeGeGeGeGeGeGeGeGeGeSiSiGeGeGeGeGeGeGeGeGeGeGeGeGeGeSiGeGeGeGeGeGeGeSiGeGeGeSiGeGeGeGeSiGeSiGeGeGeGeSiSi
          53 Ge     239367.969    
GeGeGeGeGeGeGeGeGeGeGeGeGeGeGeGeGeGeGeSiGeGeGeGeGeGeGeGeGeGeGeGeGeGeSiGeGeGeGeGeGeGeSiGeGeGeSiGeGeGeGeSiGeSiGeGeGeGeSiSi
          19 Ge     254956.031    
GeGeGeGeGeGeGeGeGeGeGeGeGeGeGeGeGeGeGeSiGeGeGeGeGeGeGeGeGeGeGeGeGeGeSiGeGeGeGeGeGeGeGeGeGeGeSiGeGeGeGeSiGeSiGeGeGeGeSiSi
          43 Ge     274219.062    
GeGeGeGeGeGeGeGeGeGeGeGeGeGeGeGeGeGeGeSiGeGeGeGeGeGeGeGeGeGeGeGeGeGeSiGeGeGeGeGeGeGeGeGeGeGeGeGeGeGeGeSiGeSiGeGeGeGeSiSi
          47 Ge     283458.469    
GeGeGeGeGeGeGeGeGeGeGeGeGeGeGeGeGeGeGeSiGeGeGeGeGeGeGeGeGeGeGeGeGeGeSiGeGeGeGeGeGeGeGeGeGeGeGeGeGeGeGeSiGeGeGeGeGeGeSiSi
          54 Ge     311387.531    
GeGeGeGeGeGeGeGeGeGeGeGeGeGeGeGeGeGeGeSiGeGeGeGeGeGeGeGeGeGeGeGeGeGeSiGeGeGeGeGeGeGeGeGeGeGeGeGeGeGeGeSiGeGeGeGeGeGeSiGe
          60 Ge     348611.906    
GeGeGeGeGeGeGeGeGeGeGeGeGeGeGeGeGeGeGeSiGeGeGeGeGeGeGeGeGeGeGeGeGeGeSiGeGeGeGeGeGeGeGeGeGeGeGeGeGeGeGeSiGeGeGeGeGeGeGeGe
          59 Ge     374594.906    
GeGeGeGeGeGeGeGeGeGeGeGeGeGeGeGeGeGeGeGeGeGeGeGeGeGeGeGeGeGeGeGeGeGeSiGeGeGeGeGeGeGeGeGeGeGeGeGeGeGeGeSiGeGeGeGeGeGeGeGe
          20 Ge     404966.531    
GeGeGeGeGeGeGeGeGeGeGeGeGeGeGeGeGeGeGeGeGeGeGeGeGeGeGeGeGeGeGeGeGeGeGeGeGeGeGeGeGeGeGeGeGeGeGeGeGeGeGeSiGeGeGeGeGeGeGeGe
          35 Ge     437907.469    
==============================================
MonteCarlo: Metropolis with identity changes
Si > Ge, Ge > Si. STOP when occurrence <    0.00000
==============================================
Cost_function     Occurrence %     Scan-Cost
   435541.6250000000 GeGeGeGeGeGeGeSiGeGeGeGeGeGeGeGeGeGeGeGeGeGeGeGeGeGeGeGeGeGeGeGeGeGeGeGeGeGeGeGeGeGeGeGeGeGeGeGeGeGeGeGeGeGeGeGeGeGeGeGe
   435542.5000000000 GeGeGeGeGeGeSiGeGeGeGeGeGeGeGeGeGeGeGeGeGeGeGeGeGeGeGeGeGeGeGeGeGeGeGeGeGeGeGeGeGeGeGeGeGeGeGeGeGeGeGeGeGeGeGeGeGeGeGeGe
   435542.3125000000 GeGeGeGeGeGeGeGeSiGeGeGeGeGeGeGeGeGeGeGeGeGeGeGeGeGeGeGeGeGeGeGeGeGeGeGeGeGeGeGeGeGeGeGeGeGeGeGeGeGeGeGeGeGeGeGeGeGeGeGe
   435542.5625000000 GeGeGeGeSiGeGeGeGeGeGeGeGeGeGeGeGeGeGeGeGeGeGeGeGeGeGeGeGeGeGeGeGeGeGeGeGeGeGeGeGeGeGeGeGeGeGeGeGeGeGeGeGeGeGeGeGeGeGeGe
   435541.6875000000 GeGeGeGeGeSiGeGeGeGeGeGeGeGeGeGeGeGeGeGeGeGeGeGeGeGeGeGeGeGeGeGeGeGeGeGeGeGeGeGeGeGeGeGeGeGeGeGeGeGeGeGeGeGeGeGeGeGeGeGe
   435541.6250000000 GeGeGeGeGeGeGeSiGeGeGeGeGeGeGeGeGeGeGeGeGeGeGeGeGeGeGeGeGeGeGeGeGeGeGeGeGeGeGeGeGeGeGeGeGeGeGeGeGeGeGeGeGeGeGeGeGeGeGeGe
   435542.3125000000 GeGeGeGeGeGeGeGeSiGeGeGeGeGeGeGeGeGeGeGeGeGeGeGeGeGeGeGeGeGeGeGeGeGeGeGeGeGeGeGeGeGeGeGeGeGeGeGeGeGeGeGeGeGeGeGeGeGeGeGe
   435541.6875000000 GeGeGeGeGeSiGeGeGeGeGeGeGeGeGeGeGeGeGeGeGeGeGeGeGeGeGeGeGeGeGeGeGeGeGeGeGeGeGeGeGeGeGeGeGeGeGeGeGeGeGeGeGeGeGeGeGeGeGeGe
   435541.6875000000 GeGeGeGeGeSiGeGeGeGeGeGeGeGeGeGeGeGeGeGeGeGeGeGeGeGeGeGeGeGeGeGeGeGeGeGeGeGeGeGeGeGeGeGeGeGeGeGeGeGeGeGeGeGeGeGeGeGeGeGe
   435542.3125000000 GeGeGeSiGeGeGeGeGeGeGeGeGeGeGeGeGeGeGeGeGeGeGeGeGeGeGeGeGeGeGeGeGeGeGeGeGeGeGeGeGeGeGeGeGeGeGeGeGeGeGeGeGeGeGeGeGeGeGeGe
   435541.6875000000 GeGeGeGeGeSiGeGeGeGeGeGeGeGeGeGeGeGeGeGeGeGeGeGeGeGeGeGeGeGeGeGeGeGeGeGeGeGeGeGeGeGeGeGeGeGeGeGeGeGeGeGeGeGeGeGeGeGeGeGe
   435541.6250000000 GeGeGeGeGeGeGeSiGeGeGeGeGeGeGeGeGeGeGeGeGeGeGeGeGeGeGeGeGeGeGeGeGeGeGeGeGeGeGeGeGeGeGeGeGeGeGeGeGeGeGeGeGeGeGeGeGeGeGeGe
   435541.6875000000 GeGeGeGeGeSiGeGeGeGeGeGeGeGeGeGeGeGeGeGeGeGeGeGeGeGeGeGeGeGeGeGeGeGeGeGeGeGeGeGeGeGeGeGeGeGeGeGeGeGeGeGeGeGeGeGeGeGeGeGe
   435542.3125000000 GeGeGeGeGeGeGeGeSiGeGeGeGeGeGeGeGeGeGeGeGeGeGeGeGeGeGeGeGeGeGeGeGeGeGeGeGeGeGeGeGeGeGeGeGeGeGeGeGeGeGeGeGeGeGeGeGeGeGeGe
   435542.5625000000 GeGeGeGeSiGeGeGeGeGeGeGeGeGeGeGeGeGeGeGeGeGeGeGeGeGeGeGeGeGeGeGeGeGeGeGeGeGeGeGeGeGeGeGeGeGeGeGeGeGeGeGeGeGeGeGeGeGeGeGe
   435541.6875000000 GeGeGeGeGeSiGeGeGeGeGeGeGeGeGeGeGeGeGeGeGeGeGeGeGeGeGeGeGeGeGeGeGeGeGeGeGeGeGeGeGeGeGeGeGeGeGeGeGeGeGeGeGeGeGeGeGeGeGeGe
   435542.8125000000 GeGeGeGeGeGeGeGeGeGeSiGeGeGeGeGeGeGeGeGeGeGeGeGeGeGeGeGeGeGeGeGeGeGeGeGeGeGeGeGeGeGeGeGeGeGeGeGeGeGeGeGeGeGeGeGeGeGeGeGe
   435542.3125000000 GeGeGeGeGeGeGeGeSiGeGeGeGeGeGeGeGeGeGeGeGeGeGeGeGeGeGeGeGeGeGeGeGeGeGeGeGeGeGeGeGeGeGeGeGeGeGeGeGeGeGeGeGeGeGeGeGeGeGeGe
   435542.3125000000 GeGeGeGeGeGeGeGeSiGeGeGeGeGeGeGeGeGeGeGeGeGeGeGeGeGeGeGeGeGeGeGeGeGeGeGeGeGeGeGeGeGeGeGeGeGeGeGeGeGeGeGeGeGeGeGeGeGeGeGe
   435541.6875000000 GeGeGeGeGeSiGeGeGeGeGeGeGeGeGeGeGeGeGeGeGeGeGeGeGeGeGeGeGeGeGeGeGeGeGeGeGeGeGeGeGeGeGeGeGeGeGeGeGeGeGeGeGeGeGeGeGeGeGeGe
   435541.6250000000 GeGeGeGeGeGeGeSiGeGeGeGeGeGeGeGeGeGeGeGeGeGeGeGeGeGeGeGeGeGeGeGeGeGeGeGeGeGeGeGeGeGeGeGeGeGeGeGeGeGeGeGeGeGeGeGeGeGeGeGe
   435542.3125000000 GeGeGeGeGeGeGeGeSiGeGeGeGeGeGeGeGeGeGeGeGeGeGeGeGeGeGeGeGeGeGeGeGeGeGeGeGeGeGeGeGeGeGeGeGeGeGeGeGeGeGeGeGeGeGeGeGeGeGeGe
   435541.6250000000 GeGeGeGeGeGeGeSiGeGeGeGeGeGeGeGeGeGeGeGeGeGeGeGeGeGeGeGeGeGeGeGeGeGeGeGeGeGeGeGeGeGeGeGeGeGeGeGeGeGeGeGeGeGeGeGeGeGeGeGe
   435541.6875000000 GeGeGeGeGeSiGeGeGeGeGeGeGeGeGeGeGeGeGeGeGeGeGeGeGeGeGeGeGeGeGeGeGeGeGeGeGeGeGeGeGeGeGeGeGeGeGeGeGeGeGeGeGeGeGeGeGeGeGeGe
   435542.3125000000 GeGeGeGeGeGeGeGeSiGeGeGeGeGeGeGeGeGeGeGeGeGeGeGeGeGeGeGeGeGeGeGeGeGeGeGeGeGeGeGeGeGeGeGeGeGeGeGeGeGeGeGeGeGeGeGeGeGeGeGe
   435542.3750000000 GeGeSiGeGeGeGeGeGeGeGeGeGeGeGeGeGeGeGeGeGeGeGeGeGeGeGeGeGeGeGeGeGeGeGeGeGeGeGeGeGeGeGeGeGeGeGeGeGeGeGeGeGeGeGeGeGeGeGeGe
   435541.6250000000 GeGeGeGeGeGeGeSiGeGeGeGeGeGeGeGeGeGeGeGeGeGeGeGeGeGeGeGeGeGeGeGeGeGeGeGeGeGeGeGeGeGeGeGeGeGeGeGeGeGeGeGeGeGeGeGeGeGeGeGe
   435542.4375000000 GeGeGeGeGeGeGeGeGeSiGeGeGeGeGeGeGeGeGeGeGeGeGeGeGeGeGeGeGeGeGeGeGeGeGeGeGeGeGeGeGeGeGeGeGeGeGeGeGeGeGeGeGeGeGeGeGeGeGeGe
   435542.3125000000 GeGeGeGeGeGeGeGeSiGeGeGeGeGeGeGeGeGeGeGeGeGeGeGeGeGeGeGeGeGeGeGeGeGeGeGeGeGeGeGeGeGeGeGeGeGeGeGeGeGeGeGeGeGeGeGeGeGeGeGe
   435542.5000000000 GeGeGeGeGeGeSiGeGeGeGeGeGeGeGeGeGeGeGeGeGeGeGeGeGeGeGeGeGeGeGeGeGeGeGeGeGeGeGeGeGeGeGeGeGeGeGeGeGeGeGeGeGeGeGeGeGeGeGeGe
   435541.6875000000 GeGeGeGeGeSiGeGeGeGeGeGeGeGeGeGeGeGeGeGeGeGeGeGeGeGeGeGeGeGeGeGeGeGeGeGeGeGeGeGeGeGeGeGeGeGeGeGeGeGeGeGeGeGeGeGeGeGeGeGe
   435541.6250000000 GeGeGeGeGeGeGeSiGeGeGeGeGeGeGeGeGeGeGeGeGeGeGeGeGeGeGeGeGeGeGeGeGeGeGeGeGeGeGeGeGeGeGeGeGeGeGeGeGeGeGeGeGeGeGeGeGeGeGeGe
   435542.8125000000 GeGeGeGeGeGeGeGeGeGeSiGeGeGeGeGeGeGeGeGeGeGeGeGeGeGeGeGeGeGeGeGeGeGeGeGeGeGeGeGeGeGeGeGeGeGeGeGeGeGeGeGeGeGeGeGeGeGeGeGe
   435541.6250000000 GeGeGeGeGeGeGeSiGeGeGeGeGeGeGeGeGeGeGeGeGeGeGeGeGeGeGeGeGeGeGeGeGeGeGeGeGeGeGeGeGeGeGeGeGeGeGeGeGeGeGeGeGeGeGeGeGeGeGeGe
   435541.6875000000 GeGeGeGeGeSiGeGeGeGeGeGeGeGeGeGeGeGeGeGeGeGeGeGeGeGeGeGeGeGeGeGeGeGeGeGeGeGeGeGeGeGeGeGeGeGeGeGeGeGeGeGeGeGeGeGeGeGeGeGe
   435542.5000000000 GeGeGeGeGeGeSiGeGeGeGeGeGeGeGeGeGeGeGeGeGeGeGeGeGeGeGeGeGeGeGeGeGeGeGeGeGeGeGeGeGeGeGeGeGeGeGeGeGeGeGeGeGeGeGeGeGeGeGeGe
   435542.3750000000 GeGeSiGeGeGeGeGeGeGeGeGeGeGeGeGeGeGeGeGeGeGeGeGeGeGeGeGeGeGeGeGeGeGeGeGeGeGeGeGeGeGeGeGeGeGeGeGeGeGeGeGeGeGeGeGeGeGeGeGe
   435541.6250000000 GeGeGeGeGeGeGeSiGeGeGeGeGeGeGeGeGeGeGeGeGeGeGeGeGeGeGeGeGeGeGeGeGeGeGeGeGeGeGeGeGeGeGeGeGeGeGeGeGeGeGeGeGeGeGeGeGeGeGeGe
   435542.5000000000 GeGeGeGeGeGeSiGeGeGeGeGeGeGeGeGeGeGeGeGeGeGeGeGeGeGeGeGeGeGeGeGeGeGeGeGeGeGeGeGeGeGeGeGeGeGeGeGeGeGeGeGeGeGeGeGeGeGeGeGe
   435542.3125000000 GeGeGeGeGeGeGeGeSiGeGeGeGeGeGeGeGeGeGeGeGeGeGeGeGeGeGeGeGeGeGeGeGeGeGeGeGeGeGeGeGeGeGeGeGeGeGeGeGeGeGeGeGeGeGeGeGeGeGeGe
   435542.5625000000 GeGeGeGeSiGeGeGeGeGeGeGeGeGeGeGeGeGeGeGeGeGeGeGeGeGeGeGeGeGeGeGeGeGeGeGeGeGeGeGeGeGeGeGeGeGeGeGeGeGeGeGeGeGeGeGeGeGeGeGe
   435541.6875000000 GeGeGeGeGeSiGeGeGeGeGeGeGeGeGeGeGeGeGeGeGeGeGeGeGeGeGeGeGeGeGeGeGeGeGeGeGeGeGeGeGeGeGeGeGeGeGeGeGeGeGeGeGeGeGeGeGeGeGeGe
   435541.6250000000 GeGeGeGeGeGeGeSiGeGeGeGeGeGeGeGeGeGeGeGeGeGeGeGeGeGeGeGeGeGeGeGeGeGeGeGeGeGeGeGeGeGeGeGeGeGeGeGeGeGeGeGeGeGeGeGeGeGeGeGe
   435542.3125000000 GeGeGeGeGeGeGeGeSiGeGeGeGeGeGeGeGeGeGeGeGeGeGeGeGeGeGeGeGeGeGeGeGeGeGeGeGeGeGeGeGeGeGeGeGeGeGeGeGeGeGeGeGeGeGeGeGeGeGeGe
   435541.6875000000 GeGeGeGeGeSiGeGeGeGeGeGeGeGeGeGeGeGeGeGeGeGeGeGeGeGeGeGeGeGeGeGeGeGeGeGeGeGeGeGeGeGeGeGeGeGeGeGeGeGeGeGeGeGeGeGeGeGeGeGe
   435541.6875000000 GeGeGeGeGeSiGeGeGeGeGeGeGeGeGeGeGeGeGeGeGeGeGeGeGeGeGeGeGeGeGeGeGeGeGeGeGeGeGeGeGeGeGeGeGeGeGeGeGeGeGeGeGeGeGeGeGeGeGeGe
   435542.3125000000 GeGeGeSiGeGeGeGeGeGeGeGeGeGeGeGeGeGeGeGeGeGeGeGeGeGeGeGeGeGeGeGeGeGeGeGeGeGeGeGeGeGeGeGeGeGeGeGeGeGeGeGeGeGeGeGeGeGeGeGe
   435541.6875000000 GeGeGeGeGeSiGeGeGeGeGeGeGeGeGeGeGeGeGeGeGeGeGeGeGeGeGeGeGeGeGeGeGeGeGeGeGeGeGeGeGeGeGeGeGeGeGeGeGeGeGeGeGeGeGeGeGeGeGeGe
   435541.6250000000 GeGeGeGeGeGeGeSiGeGeGeGeGeGeGeGeGeGeGeGeGeGeGeGeGeGeGeGeGeGeGeGeGeGeGeGeGeGeGeGeGeGeGeGeGeGeGeGeGeGeGeGeGeGeGeGeGeGeGeGe
   435541.6875000000 GeGeGeGeGeSiGeGeGeGeGeGeGeGeGeGeGeGeGeGeGeGeGeGeGeGeGeGeGeGeGeGeGeGeGeGeGeGeGeGeGeGeGeGeGeGeGeGeGeGeGeGeGeGeGeGeGeGeGeGe
   435542.3125000000 GeGeGeGeGeGeGeGeSiGeGeGeGeGeGeGeGeGeGeGeGeGeGeGeGeGeGeGeGeGeGeGeGeGeGeGeGeGeGeGeGeGeGeGeGeGeGeGeGeGeGeGeGeGeGeGeGeGeGeGe
   435542.5625000000 GeGeGeGeSiGeGeGeGeGeGeGeGeGeGeGeGeGeGeGeGeGeGeGeGeGeGeGeGeGeGeGeGeGeGeGeGeGeGeGeGeGeGeGeGeGeGeGeGeGeGeGeGeGeGeGeGeGeGeGe
   435541.6875000000 GeGeGeGeGeSiGeGeGeGeGeGeGeGeGeGeGeGeGeGeGeGeGeGeGeGeGeGeGeGeGeGeGeGeGeGeGeGeGeGeGeGeGeGeGeGeGeGeGeGeGeGeGeGeGeGeGeGeGeGe
   435542.8125000000 GeGeGeGeGeGeGeGeGeGeSiGeGeGeGeGeGeGeGeGeGeGeGeGeGeGeGeGeGeGeGeGeGeGeGeGeGeGeGeGeGeGeGeGeGeGeGeGeGeGeGeGeGeGeGeGeGeGeGeGe
   435542.3125000000 GeGeGeGeGeGeGeGeSiGeGeGeGeGeGeGeGeGeGeGeGeGeGeGeGeGeGeGeGeGeGeGeGeGeGeGeGeGeGeGeGeGeGeGeGeGeGeGeGeGeGeGeGeGeGeGeGeGeGeGe
   435542.3125000000 GeGeGeGeGeGeGeGeSiGeGeGeGeGeGeGeGeGeGeGeGeGeGeGeGeGeGeGeGeGeGeGeGeGeGeGeGeGeGeGeGeGeGeGeGeGeGeGeGeGeGeGeGeGeGeGeGeGeGeGe
   435541.6875000000 GeGeGeGeGeSiGeGeGeGeGeGeGeGeGeGeGeGeGeGeGeGeGeGeGeGeGeGeGeGeGeGeGeGeGeGeGeGeGeGeGeGeGeGeGeGeGeGeGeGeGeGeGeGeGeGeGeGeGeGe
   435541.6250000000 GeGeGeGeGeGeGeSiGeGeGeGeGeGeGeGeGeGeGeGeGeGeGeGeGeGeGeGeGeGeGeGeGeGeGeGeGeGeGeGeGeGeGeGeGeGeGeGeGeGeGeGeGeGeGeGeGeGeGeGe
   435542.3125000000 GeGeGeGeGeGeGeGeSiGeGeGeGeGeGeGeGeGeGeGeGeGeGeGeGeGeGeGeGeGeGeGeGeGeGeGeGeGeGeGeGeGeGeGeGeGeGeGeGeGeGeGeGeGeGeGeGeGeGeGe
   435541.6250000000 GeGeGeGeGeGeGeSiGeGeGeGeGeGeGeGeGeGeGeGeGeGeGeGeGeGeGeGeGeGeGeGeGeGeGeGeGeGeGeGeGeGeGeGeGeGeGeGeGeGeGeGeGeGeGeGeGeGeGeGe
   435541.6875000000 GeGeGeGeGeSiGeGeGeGeGeGeGeGeGeGeGeGeGeGeGeGeGeGeGeGeGeGeGeGeGeGeGeGeGeGeGeGeGeGeGeGeGeGeGeGeGeGeGeGeGeGeGeGeGeGeGeGeGeGe
   435542.3125000000 GeGeGeGeGeGeGeGeSiGeGeGeGeGeGeGeGeGeGeGeGeGeGeGeGeGeGeGeGeGeGeGeGeGeGeGeGeGeGeGeGeGeGeGeGeGeGeGeGeGeGeGeGeGeGeGeGeGeGeGe
   435542.3750000000 GeGeSiGeGeGeGeGeGeGeGeGeGeGeGeGeGeGeGeGeGeGeGeGeGeGeGeGeGeGeGeGeGeGeGeGeGeGeGeGeGeGeGeGeGeGeGeGeGeGeGeGeGeGeGeGeGeGeGeGe
   435541.6250000000 GeGeGeGeGeGeGeSiGeGeGeGeGeGeGeGeGeGeGeGeGeGeGeGeGeGeGeGeGeGeGeGeGeGeGeGeGeGeGeGeGeGeGeGeGeGeGeGeGeGeGeGeGeGeGeGeGeGeGeGe
   435542.4375000000 GeGeGeGeGeGeGeGeGeSiGeGeGeGeGeGeGeGeGeGeGeGeGeGeGeGeGeGeGeGeGeGeGeGeGeGeGeGeGeGeGeGeGeGeGeGeGeGeGeGeGeGeGeGeGeGeGeGeGeGe
   435542.3125000000 GeGeGeGeGeGeGeGeSiGeGeGeGeGeGeGeGeGeGeGeGeGeGeGeGeGeGeGeGeGeGeGeGeGeGeGeGeGeGeGeGeGeGeGeGeGeGeGeGeGeGeGeGeGeGeGeGeGeGeGe
   435542.5000000000 GeGeGeGeGeGeSiGeGeGeGeGeGeGeGeGeGeGeGeGeGeGeGeGeGeGeGeGeGeGeGeGeGeGeGeGeGeGeGeGeGeGeGeGeGeGeGeGeGeGeGeGeGeGeGeGeGeGeGeGe
   435541.6875000000 GeGeGeGeGeSiGeGeGeGeGeGeGeGeGeGeGeGeGeGeGeGeGeGeGeGeGeGeGeGeGeGeGeGeGeGeGeGeGeGeGeGeGeGeGeGeGeGeGeGeGeGeGeGeGeGeGeGeGeGe
   435541.6250000000 GeGeGeGeGeGeGeSiGeGeGeGeGeGeGeGeGeGeGeGeGeGeGeGeGeGeGeGeGeGeGeGeGeGeGeGeGeGeGeGeGeGeGeGeGeGeGeGeGeGeGeGeGeGeGeGeGeGeGeGe
   435542.8125000000 GeGeGeGeGeGeGeGeGeGeSiGeGeGeGeGeGeGeGeGeGeGeGeGeGeGeGeGeGeGeGeGeGeGeGeGeGeGeGeGeGeGeGeGeGeGeGeGeGeGeGeGeGeGeGeGeGeGeGeGe
   435541.6250000000 GeGeGeGeGeGeGeSiGeGeGeGeGeGeGeGeGeGeGeGeGeGeGeGeGeGeGeGeGeGeGeGeGeGeGeGeGeGeGeGeGeGeGeGeGeGeGeGeGeGeGeGeGeGeGeGeGeGeGeGe
   435541.6875000000 GeGeGeGeGeSiGeGeGeGeGeGeGeGeGeGeGeGeGeGeGeGeGeGeGeGeGeGeGeGeGeGeGeGeGeGeGeGeGeGeGeGeGeGeGeGeGeGeGeGeGeGeGeGeGeGeGeGeGeGe
   435542.5000000000 GeGeGeGeGeGeSiGeGeGeGeGeGeGeGeGeGeGeGeGeGeGeGeGeGeGeGeGeGeGeGeGeGeGeGeGeGeGeGeGeGeGeGeGeGeGeGeGeGeGeGeGeGeGeGeGeGeGeGeGe
   435542.3750000000 GeGeSiGeGeGeGeGeGeGeGeGeGeGeGeGeGeGeGeGeGeGeGeGeGeGeGeGeGeGeGeGeGeGeGeGeGeGeGeGeGeGeGeGeGeGeGeGeGeGeGeGeGeGeGeGeGeGeGeGe
   435541.6250000000 GeGeGeGeGeGeGeSiGeGeGeGeGeGeGeGeGeGeGeGeGeGeGeGeGeGeGeGeGeGeGeGeGeGeGeGeGeGeGeGeGeGeGeGeGeGeGeGeGeGeGeGeGeGeGeGeGeGeGeGe
   435542.5000000000 GeGeGeGeGeGeSiGeGeGeGeGeGeGeGeGeGeGeGeGeGeGeGeGeGeGeGeGeGeGeGeGeGeGeGeGeGeGeGeGeGeGeGeGeGeGeGeGeGeGeGeGeGeGeGeGeGeGeGeGe
   435542.3125000000 GeGeGeGeGeGeGeGeSiGeGeGeGeGeGeGeGeGeGeGeGeGeGeGeGeGeGeGeGeGeGeGeGeGeGeGeGeGeGeGeGeGeGeGeGeGeGeGeGeGeGeGeGeGeGeGeGeGeGeGe
   435542.5625000000 GeGeGeGeSiGeGeGeGeGeGeGeGeGeGeGeGeGeGeGeGeGeGeGeGeGeGeGeGeGeGeGeGeGeGeGeGeGeGeGeGeGeGeGeGeGeGeGeGeGeGeGeGeGeGeGeGeGeGeGe
   435541.6875000000 GeGeGeGeGeSiGeGeGeGeGeGeGeGeGeGeGeGeGeGeGeGeGeGeGeGeGeGeGeGeGeGeGeGeGeGeGeGeGeGeGeGeGeGeGeGeGeGeGeGeGeGeGeGeGeGeGeGeGeGe
   435541.6250000000 GeGeGeGeGeGeGeSiGeGeGeGeGeGeGeGeGeGeGeGeGeGeGeGeGeGeGeGeGeGeGeGeGeGeGeGeGeGeGeGeGeGeGeGeGeGeGeGeGeGeGeGeGeGeGeGeGeGeGeGe
   435542.3125000000 GeGeGeGeGeGeGeGeSiGeGeGeGeGeGeGeGeGeGeGeGeGeGeGeGeGeGeGeGeGeGeGeGeGeGeGeGeGeGeGeGeGeGeGeGeGeGeGeGeGeGeGeGeGeGeGeGeGeGeGe
   435541.6875000000 GeGeGeGeGeSiGeGeGeGeGeGeGeGeGeGeGeGeGeGeGeGeGeGeGeGeGeGeGeGeGeGeGeGeGeGeGeGeGeGeGeGeGeGeGeGeGeGeGeGeGeGeGeGeGeGeGeGeGeGe
   435541.6875000000 GeGeGeGeGeSiGeGeGeGeGeGeGeGeGeGeGeGeGeGeGeGeGeGeGeGeGeGeGeGeGeGeGeGeGeGeGeGeGeGeGeGeGeGeGeGeGeGeGeGeGeGeGeGeGeGeGeGeGeGe
   435542.3125000000 GeGeGeSiGeGeGeGeGeGeGeGeGeGeGeGeGeGeGeGeGeGeGeGeGeGeGeGeGeGeGeGeGeGeGeGeGeGeGeGeGeGeGeGeGeGeGeGeGeGeGeGeGeGeGeGeGeGeGeGe
   435541.6875000000 GeGeGeGeGeSiGeGeGeGeGeGeGeGeGeGeGeGeGeGeGeGeGeGeGeGeGeGeGeGeGeGeGeGeGeGeGeGeGeGeGeGeGeGeGeGeGeGeGeGeGeGeGeGeGeGeGeGeGeGe
   435541.6250000000 GeGeGeGeGeGeGeSiGeGeGeGeGeGeGeGeGeGeGeGeGeGeGeGeGeGeGeGeGeGeGeGeGeGeGeGeGeGeGeGeGeGeGeGeGeGeGeGeGeGeGeGeGeGeGeGeGeGeGeGe
   435541.6875000000 GeGeGeGeGeSiGeGeGeGeGeGeGeGeGeGeGeGeGeGeGeGeGeGeGeGeGeGeGeGeGeGeGeGeGeGeGeGeGeGeGeGeGeGeGeGeGeGeGeGeGeGeGeGeGeGeGeGeGeGe
   435542.3125000000 GeGeGeGeGeGeGeGeSiGeGeGeGeGeGeGeGeGeGeGeGeGeGeGeGeGeGeGeGeGeGeGeGeGeGeGeGeGeGeGeGeGeGeGeGeGeGeGeGeGeGeGeGeGeGeGeGeGeGeGe
   435542.5625000000 GeGeGeGeSiGeGeGeGeGeGeGeGeGeGeGeGeGeGeGeGeGeGeGeGeGeGeGeGeGeGeGeGeGeGeGeGeGeGeGeGeGeGeGeGeGeGeGeGeGeGeGeGeGeGeGeGeGeGeGe
   435541.6875000000 GeGeGeGeGeSiGeGeGeGeGeGeGeGeGeGeGeGeGeGeGeGeGeGeGeGeGeGeGeGeGeGeGeGeGeGeGeGeGeGeGeGeGeGeGeGeGeGeGeGeGeGeGeGeGeGeGeGeGeGe
   435542.8125000000 GeGeGeGeGeGeGeGeGeGeSiGeGeGeGeGeGeGeGeGeGeGeGeGeGeGeGeGeGeGeGeGeGeGeGeGeGeGeGeGeGeGeGeGeGeGeGeGeGeGeGeGeGeGeGeGeGeGeGeGe
   435542.3125000000 GeGeGeGeGeGeGeGeSiGeGeGeGeGeGeGeGeGeGeGeGeGeGeGeGeGeGeGeGeGeGeGeGeGeGeGeGeGeGeGeGeGeGeGeGeGeGeGeGeGeGeGeGeGeGeGeGeGeGeGe
   435542.3125000000 GeGeGeGeGeGeGeGeSiGeGeGeGeGeGeGeGeGeGeGeGeGeGeGeGeGeGeGeGeGeGeGeGeGeGeGeGeGeGeGeGeGeGeGeGeGeGeGeGeGeGeGeGeGeGeGeGeGeGeGe
   435541.6875000000 GeGeGeGeGeSiGeGeGeGeGeGeGeGeGeGeGeGeGeGeGeGeGeGeGeGeGeGeGeGeGeGeGeGeGeGeGeGeGeGeGeGeGeGeGeGeGeGeGeGeGeGeGeGeGeGeGeGeGeGe
   435541.6250000000 GeGeGeGeGeGeGeSiGeGeGeGeGeGeGeGeGeGeGeGeGeGeGeGeGeGeGeGeGeGeGeGeGeGeGeGeGeGeGeGeGeGeGeGeGeGeGeGeGeGeGeGeGeGeGeGeGeGeGeGe
   435542.3125000000 GeGeGeGeGeGeGeGeSiGeGeGeGeGeGeGeGeGeGeGeGeGeGeGeGeGeGeGeGeGeGeGeGeGeGeGeGeGeGeGeGeGeGeGeGeGeGeGeGeGeGeGeGeGeGeGeGeGeGeGe
   435541.6250000000 GeGeGeGeGeGeGeSiGeGeGeGeGeGeGeGeGeGeGeGeGeGeGeGeGeGeGeGeGeGeGeGeGeGeGeGeGeGeGeGeGeGeGeGeGeGeGeGeGeGeGeGeGeGeGeGeGeGeGeGe
   435541.6875000000 GeGeGeGeGeSiGeGeGeGeGeGeGeGeGeGeGeGeGeGeGeGeGeGeGeGeGeGeGeGeGeGeGeGeGeGeGeGeGeGeGeGeGeGeGeGeGeGeGeGeGeGeGeGeGeGeGeGeGeGe
   435542.3125000000 GeGeGeGeGeGeGeGeSiGeGeGeGeGeGeGeGeGeGeGeGeGeGeGeGeGeGeGeGeGeGeGeGeGeGeGeGeGeGeGeGeGeGeGeGeGeGeGeGeGeGeGeGeGeGeGeGeGeGeGe
   435542.3750000000 GeGeSiGeGeGeGeGeGeGeGeGeGeGeGeGeGeGeGeGeGeGeGeGeGeGeGeGeGeGeGeGeGeGeGeGeGeGeGeGeGeGeGeGeGeGeGeGeGeGeGeGeGeGeGeGeGeGeGeGe
   435541.6250000000 GeGeGeGeGeGeGeSiGeGeGeGeGeGeGeGeGeGeGeGeGeGeGeGeGeGeGeGeGeGeGeGeGeGeGeGeGeGeGeGeGeGeGeGeGeGeGeGeGeGeGeGeGeGeGeGeGeGeGeGe
   435542.4375000000 GeGeGeGeGeGeGeGeGeSiGeGeGeGeGeGeGeGeGeGeGeGeGeGeGeGeGeGeGeGeGeGeGeGeGeGeGeGeGeGeGeGeGeGeGeGeGeGeGeGeGeGeGeGeGeGeGeGeGeGe
   435542.3125000000 GeGeGeGeGeGeGeGeSiGeGeGeGeGeGeGeGeGeGeGeGeGeGeGeGeGeGeGeGeGeGeGeGeGeGeGeGeGeGeGeGeGeGeGeGeGeGeGeGeGeGeGeGeGeGeGeGeGeGeGe
   435542.5000000000 GeGeGeGeGeGeSiGeGeGeGeGeGeGeGeGeGeGeGeGeGeGeGeGeGeGeGeGeGeGeGeGeGeGeGeGeGeGeGeGeGeGeGeGeGeGeGeGeGeGeGeGeGeGeGeGeGeGeGeGe
   435541.6875000000 GeGeGeGeGeSiGeGeGeGeGeGeGeGeGeGeGeGeGeGeGeGeGeGeGeGeGeGeGeGeGeGeGeGeGeGeGeGeGeGeGeGeGeGeGeGeGeGeGeGeGeGeGeGeGeGeGeGeGeGe
   435541.6250000000 GeGeGeGeGeGeGeSiGeGeGeGeGeGeGeGeGeGeGeGeGeGeGeGeGeGeGeGeGeGeGeGeGeGeGeGeGeGeGeGeGeGeGeGeGeGeGeGeGeGeGeGeGeGeGeGeGeGeGeGe
   435542.8125000000 GeGeGeGeGeGeGeGeGeGeSiGeGeGeGeGeGeGeGeGeGeGeGeGeGeGeGeGeGeGeGeGeGeGeGeGeGeGeGeGeGeGeGeGeGeGeGeGeGeGeGeGeGeGeGeGeGeGeGeGe
   435541.6250000000 GeGeGeGeGeGeGeSiGeGeGeGeGeGeGeGeGeGeGeGeGeGeGeGeGeGeGeGeGeGeGeGeGeGeGeGeGeGeGeGeGeGeGeGeGeGeGeGeGeGeGeGeGeGeGeGeGeGeGeGe
   435541.6875000000 GeGeGeGeGeSiGeGeGeGeGeGeGeGeGeGeGeGeGeGeGeGeGeGeGeGeGeGeGeGeGeGeGeGeGeGeGeGeGeGeGeGeGeGeGeGeGeGeGeGeGeGeGeGeGeGeGeGeGeGe
   435542.5000000000 GeGeGeGeGeGeSiGeGeGeGeGeGeGeGeGeGeGeGeGeGeGeGeGeGeGeGeGeGeGeGeGeGeGeGeGeGeGeGeGeGeGeGeGeGeGeGeGeGeGeGeGeGeGeGeGeGeGeGeGe
   435542.3750000000 GeGeSiGeGeGeGeGeGeGeGeGeGeGeGeGeGeGeGeGeGeGeGeGeGeGeGeGeGeGeGeGeGeGeGeGeGeGeGeGeGeGeGeGeGeGeGeGeGeGeGeGeGeGeGeGeGeGeGeGe
   435541.6250000000 GeGeGeGeGeGeGeSiGeGeGeGeGeGeGeGeGeGeGeGeGeGeGeGeGeGeGeGeGeGeGeGeGeGeGeGeGeGeGeGeGeGeGeGeGeGeGeGeGeGeGeGeGeGeGeGeGeGeGeGe
   435542.5000000000 GeGeGeGeGeGeSiGeGeGeGeGeGeGeGeGeGeGeGeGeGeGeGeGeGeGeGeGeGeGeGeGeGeGeGeGeGeGeGeGeGeGeGeGeGeGeGeGeGeGeGeGeGeGeGeGeGeGeGeGe
   435542.3125000000 GeGeGeGeGeGeGeGeSiGeGeGeGeGeGeGeGeGeGeGeGeGeGeGeGeGeGeGeGeGeGeGeGeGeGeGeGeGeGeGeGeGeGeGeGeGeGeGeGeGeGeGeGeGeGeGeGeGeGeGe
   435542.5625000000 GeGeGeGeSiGeGeGeGeGeGeGeGeGeGeGeGeGeGeGeGeGeGeGeGeGeGeGeGeGeGeGeGeGeGeGeGeGeGeGeGeGeGeGeGeGeGeGeGeGeGeGeGeGeGeGeGeGeGeGe
   435541.6875000000 GeGeGeGeGeSiGeGeGeGeGeGeGeGeGeGeGeGeGeGeGeGeGeGeGeGeGeGeGeGeGeGeGeGeGeGeGeGeGeGeGeGeGeGeGeGeGeGeGeGeGeGeGeGeGeGeGeGeGeGe
   435541.6250000000 GeGeGeGeGeGeGeSiGeGeGeGeGeGeGeGeGeGeGeGeGeGeGeGeGeGeGeGeGeGeGeGeGeGeGeGeGeGeGeGeGeGeGeGeGeGeGeGeGeGeGeGeGeGeGeGeGeGeGeGe
   435542.3125000000 GeGeGeGeGeGeGeGeSiGeGeGeGeGeGeGeGeGeGeGeGeGeGeGeGeGeGeGeGeGeGeGeGeGeGeGeGeGeGeGeGeGeGeGeGeGeGeGeGeGeGeGeGeGeGeGeGeGeGeGe
   435541.6875000000 GeGeGeGeGeSiGeGeGeGeGeGeGeGeGeGeGeGeGeGeGeGeGeGeGeGeGeGeGeGeGeGeGeGeGeGeGeGeGeGeGeGeGeGeGeGeGeGeGeGeGeGeGeGeGeGeGeGeGeGe
   435541.6875000000 GeGeGeGeGeSiGeGeGeGeGeGeGeGeGeGeGeGeGeGeGeGeGeGeGeGeGeGeGeGeGeGeGeGeGeGeGeGeGeGeGeGeGeGeGeGeGeGeGeGeGeGeGeGeGeGeGeGeGeGe
   435542.3125000000 GeGeGeSiGeGeGeGeGeGeGeGeGeGeGeGeGeGeGeGeGeGeGeGeGeGeGeGeGeGeGeGeGeGeGeGeGeGeGeGeGeGeGeGeGeGeGeGeGeGeGeGeGeGeGeGeGeGeGeGe
   435541.6875000000 GeGeGeGeGeSiGeGeGeGeGeGeGeGeGeGeGeGeGeGeGeGeGeGeGeGeGeGeGeGeGeGeGeGeGeGeGeGeGeGeGeGeGeGeGeGeGeGeGeGeGeGeGeGeGeGeGeGeGeGe
   435541.6250000000 GeGeGeGeGeGeGeSiGeGeGeGeGeGeGeGeGeGeGeGeGeGeGeGeGeGeGeGeGeGeGeGeGeGeGeGeGeGeGeGeGeGeGeGeGeGeGeGeGeGeGeGeGeGeGeGeGeGeGeGe
   435541.6875000000 GeGeGeGeGeSiGeGeGeGeGeGeGeGeGeGeGeGeGeGeGeGeGeGeGeGeGeGeGeGeGeGeGeGeGeGeGeGeGeGeGeGeGeGeGeGeGeGeGeGeGeGeGeGeGeGeGeGeGeGe
   435542.3125000000 GeGeGeGeGeGeGeGeSiGeGeGeGeGeGeGeGeGeGeGeGeGeGeGeGeGeGeGeGeGeGeGeGeGeGeGeGeGeGeGeGeGeGeGeGeGeGeGeGeGeGeGeGeGeGeGeGeGeGeGe
   435542.5625000000 GeGeGeGeSiGeGeGeGeGeGeGeGeGeGeGeGeGeGeGeGeGeGeGeGeGeGeGeGeGeGeGeGeGeGeGeGeGeGeGeGeGeGeGeGeGeGeGeGeGeGeGeGeGeGeGeGeGeGeGe
   435541.6875000000 GeGeGeGeGeSiGeGeGeGeGeGeGeGeGeGeGeGeGeGeGeGeGeGeGeGeGeGeGeGeGeGeGeGeGeGeGeGeGeGeGeGeGeGeGeGeGeGeGeGeGeGeGeGeGeGeGeGeGeGe
   435542.8125000000 GeGeGeGeGeGeGeGeGeGeSiGeGeGeGeGeGeGeGeGeGeGeGeGeGeGeGeGeGeGeGeGeGeGeGeGeGeGeGeGeGeGeGeGeGeGeGeGeGeGeGeGeGeGeGeGeGeGeGeGe
   435542.3125000000 GeGeGeGeGeGeGeGeSiGeGeGeGeGeGeGeGeGeGeGeGeGeGeGeGeGeGeGeGeGeGeGeGeGeGeGeGeGeGeGeGeGeGeGeGeGeGeGeGeGeGeGeGeGeGeGeGeGeGeGe
   435542.3125000000 GeGeGeGeGeGeGeGeSiGeGeGeGeGeGeGeGeGeGeGeGeGeGeGeGeGeGeGeGeGeGeGeGeGeGeGeGeGeGeGeGeGeGeGeGeGeGeGeGeGeGeGeGeGeGeGeGeGeGeGe
   435541.6875000000 GeGeGeGeGeSiGeGeGeGeGeGeGeGeGeGeGeGeGeGeGeGeGeGeGeGeGeGeGeGeGeGeGeGeGeGeGeGeGeGeGeGeGeGeGeGeGeGeGeGeGeGeGeGeGeGeGeGeGeGe
   435541.6250000000 GeGeGeGeGeGeGeSiGeGeGeGeGeGeGeGeGeGeGeGeGeGeGeGeGeGeGeGeGeGeGeGeGeGeGeGeGeGeGeGeGeGeGeGeGeGeGeGeGeGeGeGeGeGeGeGeGeGeGeGe
   435542.3125000000 GeGeGeGeGeGeGeGeSiGeGeGeGeGeGeGeGeGeGeGeGeGeGeGeGeGeGeGeGeGeGeGeGeGeGeGeGeGeGeGeGeGeGeGeGeGeGeGeGeGeGeGeGeGeGeGeGeGeGeGe
   435541.6250000000 GeGeGeGeGeGeGeSiGeGeGeGeGeGeGeGeGeGeGeGeGeGeGeGeGeGeGeGeGeGeGeGeGeGeGeGeGeGeGeGeGeGeGeGeGeGeGeGeGeGeGeGeGeGeGeGeGeGeGeGe
   435541.6875000000 GeGeGeGeGeSiGeGeGeGeGeGeGeGeGeGeGeGeGeGeGeGeGeGeGeGeGeGeGeGeGeGeGeGeGeGeGeGeGeGeGeGeGeGeGeGeGeGeGeGeGeGeGeGeGeGeGeGeGeGe
   435542.3125000000 GeGeGeGeGeGeGeGeSiGeGeGeGeGeGeGeGeGeGeGeGeGeGeGeGeGeGeGeGeGeGeGeGeGeGeGeGeGeGeGeGeGeGeGeGeGeGeGeGeGeGeGeGeGeGeGeGeGeGeGe
   435542.3750000000 GeGeSiGeGeGeGeGeGeGeGeGeGeGeGeGeGeGeGeGeGeGeGeGeGeGeGeGeGeGeGeGeGeGeGeGeGeGeGeGeGeGeGeGeGeGeGeGeGeGeGeGeGeGeGeGeGeGeGeGe
   435541.6250000000 GeGeGeGeGeGeGeSiGeGeGeGeGeGeGeGeGeGeGeGeGeGeGeGeGeGeGeGeGeGeGeGeGeGeGeGeGeGeGeGeGeGeGeGeGeGeGeGeGeGeGeGeGeGeGeGeGeGeGeGe
   435542.4375000000 GeGeGeGeGeGeGeGeGeSiGeGeGeGeGeGeGeGeGeGeGeGeGeGeGeGeGeGeGeGeGeGeGeGeGeGeGeGeGeGeGeGeGeGeGeGeGeGeGeGeGeGeGeGeGeGeGeGeGeGe
   435542.3125000000 GeGeGeGeGeGeGeGeSiGeGeGeGeGeGeGeGeGeGeGeGeGeGeGeGeGeGeGeGeGeGeGeGeGeGeGeGeGeGeGeGeGeGeGeGeGeGeGeGeGeGeGeGeGeGeGeGeGeGeGe
   435542.5000000000 GeGeGeGeGeGeSiGeGeGeGeGeGeGeGeGeGeGeGeGeGeGeGeGeGeGeGeGeGeGeGeGeGeGeGeGeGeGeGeGeGeGeGeGeGeGeGeGeGeGeGeGeGeGeGeGeGeGeGeGe
   435541.6875000000 GeGeGeGeGeSiGeGeGeGeGeGeGeGeGeGeGeGeGeGeGeGeGeGeGeGeGeGeGeGeGeGeGeGeGeGeGeGeGeGeGeGeGeGeGeGeGeGeGeGeGeGeGeGeGeGeGeGeGeGe
   435541.6250000000 GeGeGeGeGeGeGeSiGeGeGeGeGeGeGeGeGeGeGeGeGeGeGeGeGeGeGeGeGeGeGeGeGeGeGeGeGeGeGeGeGeGeGeGeGeGeGeGeGeGeGeGeGeGeGeGeGeGeGeGe
   435542.8125000000 GeGeGeGeGeGeGeGeGeGeSiGeGeGeGeGeGeGeGeGeGeGeGeGeGeGeGeGeGeGeGeGeGeGeGeGeGeGeGeGeGeGeGeGeGeGeGeGeGeGeGeGeGeGeGeGeGeGeGeGe
   435541.6250000000 GeGeGeGeGeGeGeSiGeGeGeGeGeGeGeGeGeGeGeGeGeGeGeGeGeGeGeGeGeGeGeGeGeGeGeGeGeGeGeGeGeGeGeGeGeGeGeGeGeGeGeGeGeGeGeGeGeGeGeGe
   435541.6875000000 GeGeGeGeGeSiGeGeGeGeGeGeGeGeGeGeGeGeGeGeGeGeGeGeGeGeGeGeGeGeGeGeGeGeGeGeGeGeGeGeGeGeGeGeGeGeGeGeGeGeGeGeGeGeGeGeGeGeGeGe
   435542.5000000000 GeGeGeGeGeGeSiGeGeGeGeGeGeGeGeGeGeGeGeGeGeGeGeGeGeGeGeGeGeGeGeGeGeGeGeGeGeGeGeGeGeGeGeGeGeGeGeGeGeGeGeGeGeGeGeGeGeGeGeGe
   435542.3750000000 GeGeSiGeGeGeGeGeGeGeGeGeGeGeGeGeGeGeGeGeGeGeGeGeGeGeGeGeGeGeGeGeGeGeGeGeGeGeGeGeGeGeGeGeGeGeGeGeGeGeGeGeGeGeGeGeGeGeGeGe
   435541.6250000000 GeGeGeGeGeGeGeSiGeGeGeGeGeGeGeGeGeGeGeGeGeGeGeGeGeGeGeGeGeGeGeGeGeGeGeGeGeGeGeGeGeGeGeGeGeGeGeGeGeGeGeGeGeGeGeGeGeGeGeGe
   435542.5000000000 GeGeGeGeGeGeSiGeGeGeGeGeGeGeGeGeGeGeGeGeGeGeGeGeGeGeGeGeGeGeGeGeGeGeGeGeGeGeGeGeGeGeGeGeGeGeGeGeGeGeGeGeGeGeGeGeGeGeGeGe
   435542.3125000000 GeGeGeGeGeGeGeGeSiGeGeGeGeGeGeGeGeGeGeGeGeGeGeGeGeGeGeGeGeGeGeGeGeGeGeGeGeGeGeGeGeGeGeGeGeGeGeGeGeGeGeGeGeGeGeGeGeGeGeGe
   435542.5625000000 GeGeGeGeSiGeGeGeGeGeGeGeGeGeGeGeGeGeGeGeGeGeGeGeGeGeGeGeGeGeGeGeGeGeGeGeGeGeGeGeGeGeGeGeGeGeGeGeGeGeGeGeGeGeGeGeGeGeGeGe
   435541.6875000000 GeGeGeGeGeSiGeGeGeGeGeGeGeGeGeGeGeGeGeGeGeGeGeGeGeGeGeGeGeGeGeGeGeGeGeGeGeGeGeGeGeGeGeGeGeGeGeGeGeGeGeGeGeGeGeGeGeGeGeGe
   435541.6250000000 GeGeGeGeGeGeGeSiGeGeGeGeGeGeGeGeGeGeGeGeGeGeGeGeGeGeGeGeGeGeGeGeGeGeGeGeGeGeGeGeGeGeGeGeGeGeGeGeGeGeGeGeGeGeGeGeGeGeGeGe
   435542.3125000000 GeGeGeGeGeGeGeGeSiGeGeGeGeGeGeGeGeGeGeGeGeGeGeGeGeGeGeGeGeGeGeGeGeGeGeGeGeGeGeGeGeGeGeGeGeGeGeGeGeGeGeGeGeGeGeGeGeGeGeGe
   435541.6875000000 GeGeGeGeGeSiGeGeGeGeGeGeGeGeGeGeGeGeGeGeGeGeGeGeGeGeGeGeGeGeGeGeGeGeGeGeGeGeGeGeGeGeGeGeGeGeGeGeGeGeGeGeGeGeGeGeGeGeGeGe
   435541.6875000000 GeGeGeGeGeSiGeGeGeGeGeGeGeGeGeGeGeGeGeGeGeGeGeGeGeGeGeGeGeGeGeGeGeGeGeGeGeGeGeGeGeGeGeGeGeGeGeGeGeGeGeGeGeGeGeGeGeGeGeGe
   435542.3125000000 GeGeGeSiGeGeGeGeGeGeGeGeGeGeGeGeGeGeGeGeGeGeGeGeGeGeGeGeGeGeGeGeGeGeGeGeGeGeGeGeGeGeGeGeGeGeGeGeGeGeGeGeGeGeGeGeGeGeGeGe
   435541.6875000000 GeGeGeGeGeSiGeGeGeGeGeGeGeGeGeGeGeGeGeGeGeGeGeGeGeGeGeGeGeGeGeGeGeGeGeGeGeGeGeGeGeGeGeGeGeGeGeGeGeGeGeGeGeGeGeGeGeGeGeGe
   435541.6250000000 GeGeGeGeGeGeGeSiGeGeGeGeGeGeGeGeGeGeGeGeGeGeGeGeGeGeGeGeGeGeGeGeGeGeGeGeGeGeGeGeGeGeGeGeGeGeGeGeGeGeGeGeGeGeGeGeGeGeGeGe
   435541.6875000000 GeGeGeGeGeSiGeGeGeGeGeGeGeGeGeGeGeGeGeGeGeGeGeGeGeGeGeGeGeGeGeGeGeGeGeGeGeGeGeGeGeGeGeGeGeGeGeGeGeGeGeGeGeGeGeGeGeGeGeGe
   435542.3125000000 GeGeGeGeGeGeGeGeSiGeGeGeGeGeGeGeGeGeGeGeGeGeGeGeGeGeGeGeGeGeGeGeGeGeGeGeGeGeGeGeGeGeGeGeGeGeGeGeGeGeGeGeGeGeGeGeGeGeGeGe
   435542.5625000000 GeGeGeGeSiGeGeGeGeGeGeGeGeGeGeGeGeGeGeGeGeGeGeGeGeGeGeGeGeGeGeGeGeGeGeGeGeGeGeGeGeGeGeGeGeGeGeGeGeGeGeGeGeGeGeGeGeGeGeGe
   435541.6875000000 GeGeGeGeGeSiGeGeGeGeGeGeGeGeGeGeGeGeGeGeGeGeGeGeGeGeGeGeGeGeGeGeGeGeGeGeGeGeGeGeGeGeGeGeGeGeGeGeGeGeGeGeGeGeGeGeGeGeGeGe
   435542.8125000000 GeGeGeGeGeGeGeGeGeGeSiGeGeGeGeGeGeGeGeGeGeGeGeGeGeGeGeGeGeGeGeGeGeGeGeGeGeGeGeGeGeGeGeGeGeGeGeGeGeGeGeGeGeGeGeGeGeGeGeGe
   435542.3125000000 GeGeGeGeGeGeGeGeSiGeGeGeGeGeGeGeGeGeGeGeGeGeGeGeGeGeGeGeGeGeGeGeGeGeGeGeGeGeGeGeGeGeGeGeGeGeGeGeGeGeGeGeGeGeGeGeGeGeGeGe
   435542.3125000000 GeGeGeGeGeGeGeGeSiGeGeGeGeGeGeGeGeGeGeGeGeGeGeGeGeGeGeGeGeGeGeGeGeGeGeGeGeGeGeGeGeGeGeGeGeGeGeGeGeGeGeGeGeGeGeGeGeGeGeGe
   435541.6875000000 GeGeGeGeGeSiGeGeGeGeGeGeGeGeGeGeGeGeGeGeGeGeGeGeGeGeGeGeGeGeGeGeGeGeGeGeGeGeGeGeGeGeGeGeGeGeGeGeGeGeGeGeGeGeGeGeGeGeGeGe
   435541.6250000000 GeGeGeGeGeGeGeSiGeGeGeGeGeGeGeGeGeGeGeGeGeGeGeGeGeGeGeGeGeGeGeGeGeGeGeGeGeGeGeGeGeGeGeGeGeGeGeGeGeGeGeGeGeGeGeGeGeGeGeGe
   435542.3125000000 GeGeGeGeGeGeGeGeSiGeGeGeGeGeGeGeGeGeGeGeGeGeGeGeGeGeGeGeGeGeGeGeGeGeGeGeGeGeGeGeGeGeGeGeGeGeGeGeGeGeGeGeGeGeGeGeGeGeGeGe
   435541.6250000000 GeGeGeGeGeGeGeSiGeGeGeGeGeGeGeGeGeGeGeGeGeGeGeGeGeGeGeGeGeGeGeGeGeGeGeGeGeGeGeGeGeGeGeGeGeGeGeGeGeGeGeGeGeGeGeGeGeGeGeGe
   435541.6875000000 GeGeGeGeGeSiGeGeGeGeGeGeGeGeGeGeGeGeGeGeGeGeGeGeGeGeGeGeGeGeGeGeGeGeGeGeGeGeGeGeGeGeGeGeGeGeGeGeGeGeGeGeGeGeGeGeGeGeGeGe
   435542.3125000000 GeGeGeGeGeGeGeGeSiGeGeGeGeGeGeGeGeGeGeGeGeGeGeGeGeGeGeGeGeGeGeGeGeGeGeGeGeGeGeGeGeGeGeGeGeGeGeGeGeGeGeGeGeGeGeGeGeGeGeGe
   435542.3750000000 GeGeSiGeGeGeGeGeGeGeGeGeGeGeGeGeGeGeGeGeGeGeGeGeGeGeGeGeGeGeGeGeGeGeGeGeGeGeGeGeGeGeGeGeGeGeGeGeGeGeGeGeGeGeGeGeGeGeGeGe
   435541.6250000000 GeGeGeGeGeGeGeSiGeGeGeGeGeGeGeGeGeGeGeGeGeGeGeGeGeGeGeGeGeGeGeGeGeGeGeGeGeGeGeGeGeGeGeGeGeGeGeGeGeGeGeGeGeGeGeGeGeGeGeGe
   435542.4375000000 GeGeGeGeGeGeGeGeGeSiGeGeGeGeGeGeGeGeGeGeGeGeGeGeGeGeGeGeGeGeGeGeGeGeGeGeGeGeGeGeGeGeGeGeGeGeGeGeGeGeGeGeGeGeGeGeGeGeGeGe
   435542.3125000000 GeGeGeGeGeGeGeGeSiGeGeGeGeGeGeGeGeGeGeGeGeGeGeGeGeGeGeGeGeGeGeGeGeGeGeGeGeGeGeGeGeGeGeGeGeGeGeGeGeGeGeGeGeGeGeGeGeGeGeGe
   435542.5000000000 GeGeGeGeGeGeSiGeGeGeGeGeGeGeGeGeGeGeGeGeGeGeGeGeGeGeGeGeGeGeGeGeGeGeGeGeGeGeGeGeGeGeGeGeGeGeGeGeGeGeGeGeGeGeGeGeGeGeGeGe
   435541.6875000000 GeGeGeGeGeSiGeGeGeGeGeGeGeGeGeGeGeGeGeGeGeGeGeGeGeGeGeGeGeGeGeGeGeGeGeGeGeGeGeGeGeGeGeGeGeGeGeGeGeGeGeGeGeGeGeGeGeGeGeGe
   435541.6250000000 GeGeGeGeGeGeGeSiGeGeGeGeGeGeGeGeGeGeGeGeGeGeGeGeGeGeGeGeGeGeGeGeGeGeGeGeGeGeGeGeGeGeGeGeGeGeGeGeGeGeGeGeGeGeGeGeGeGeGeGe
   435542.8125000000 GeGeGeGeGeGeGeGeGeGeSiGeGeGeGeGeGeGeGeGeGeGeGeGeGeGeGeGeGeGeGeGeGeGeGeGeGeGeGeGeGeGeGeGeGeGeGeGeGeGeGeGeGeGeGeGeGeGeGeGe
   435541.6250000000 GeGeGeGeGeGeGeSiGeGeGeGeGeGeGeGeGeGeGeGeGeGeGeGeGeGeGeGeGeGeGeGeGeGeGeGeGeGeGeGeGeGeGeGeGeGeGeGeGeGeGeGeGeGeGeGeGeGeGeGe
   435541.6875000000 GeGeGeGeGeSiGeGeGeGeGeGeGeGeGeGeGeGeGeGeGeGeGeGeGeGeGeGeGeGeGeGeGeGeGeGeGeGeGeGeGeGeGeGeGeGeGeGeGeGeGeGeGeGeGeGeGeGeGeGe
   435542.5000000000 GeGeGeGeGeGeSiGeGeGeGeGeGeGeGeGeGeGeGeGeGeGeGeGeGeGeGeGeGeGeGeGeGeGeGeGeGeGeGeGeGeGeGeGeGeGeGeGeGeGeGeGeGeGeGeGeGeGeGeGe
   435542.3750000000 GeGeSiGeGeGeGeGeGeGeGeGeGeGeGeGeGeGeGeGeGeGeGeGeGeGeGeGeGeGeGeGeGeGeGeGeGeGeGeGeGeGeGeGeGeGeGeGeGeGeGeGeGeGeGeGeGeGeGeGe
   435541.6250000000 GeGeGeGeGeGeGeSiGeGeGeGeGeGeGeGeGeGeGeGeGeGeGeGeGeGeGeGeGeGeGeGeGeGeGeGeGeGeGeGeGeGeGeGeGeGeGeGeGeGeGeGeGeGeGeGeGeGeGeGe
   435542.5000000000 GeGeGeGeGeGeSiGeGeGeGeGeGeGeGeGeGeGeGeGeGeGeGeGeGeGeGeGeGeGeGeGeGeGeGeGeGeGeGeGeGeGeGeGeGeGeGeGeGeGeGeGeGeGeGeGeGeGeGeGe
   435542.3125000000 GeGeGeGeGeGeGeGeSiGeGeGeGeGeGeGeGeGeGeGeGeGeGeGeGeGeGeGeGeGeGeGeGeGeGeGeGeGeGeGeGeGeGeGeGeGeGeGeGeGeGeGeGeGeGeGeGeGeGeGe
   435542.5625000000 GeGeGeGeSiGeGeGeGeGeGeGeGeGeGeGeGeGeGeGeGeGeGeGeGeGeGeGeGeGeGeGeGeGeGeGeGeGeGeGeGeGeGeGeGeGeGeGeGeGeGeGeGeGeGeGeGeGeGeGe
   435541.6875000000 GeGeGeGeGeSiGeGeGeGeGeGeGeGeGeGeGeGeGeGeGeGeGeGeGeGeGeGeGeGeGeGeGeGeGeGeGeGeGeGeGeGeGeGeGeGeGeGeGeGeGeGeGeGeGeGeGeGeGeGe
   435541.6250000000 GeGeGeGeGeGeGeSiGeGeGeGeGeGeGeGeGeGeGeGeGeGeGeGeGeGeGeGeGeGeGeGeGeGeGeGeGeGeGeGeGeGeGeGeGeGeGeGeGeGeGeGeGeGeGeGeGeGeGeGe
   435542.3125000000 GeGeGeGeGeGeGeGeSiGeGeGeGeGeGeGeGeGeGeGeGeGeGeGeGeGeGeGeGeGeGeGeGeGeGeGeGeGeGeGeGeGeGeGeGeGeGeGeGeGeGeGeGeGeGeGeGeGeGeGe
   435541.6875000000 GeGeGeGeGeSiGeGeGeGeGeGeGeGeGeGeGeGeGeGeGeGeGeGeGeGeGeGeGeGeGeGeGeGeGeGeGeGeGeGeGeGeGeGeGeGeGeGeGeGeGeGeGeGeGeGeGeGeGeGe
   435541.6875000000 GeGeGeGeGeSiGeGeGeGeGeGeGeGeGeGeGeGeGeGeGeGeGeGeGeGeGeGeGeGeGeGeGeGeGeGeGeGeGeGeGeGeGeGeGeGeGeGeGeGeGeGeGeGeGeGeGeGeGeGe
   435542.3125000000 GeGeGeSiGeGeGeGeGeGeGeGeGeGeGeGeGeGeGeGeGeGeGeGeGeGeGeGeGeGeGeGeGeGeGeGeGeGeGeGeGeGeGeGeGeGeGeGeGeGeGeGeGeGeGeGeGeGeGeGe
   435541.6875000000 GeGeGeGeGeSiGeGeGeGeGeGeGeGeGeGeGeGeGeGeGeGeGeGeGeGeGeGeGeGeGeGeGeGeGeGeGeGeGeGeGeGeGeGeGeGeGeGeGeGeGeGeGeGeGeGeGeGeGeGe
   435541.6250000000 GeGeGeGeGeGeGeSiGeGeGeGeGeGeGeGeGeGeGeGeGeGeGeGeGeGeGeGeGeGeGeGeGeGeGeGeGeGeGeGeGeGeGeGeGeGeGeGeGeGeGeGeGeGeGeGeGeGeGeGe
   435541.6875000000 GeGeGeGeGeSiGeGeGeGeGeGeGeGeGeGeGeGeGeGeGeGeGeGeGeGeGeGeGeGeGeGeGeGeGeGeGeGeGeGeGeGeGeGeGeGeGeGeGeGeGeGeGeGeGeGeGeGeGeGe
   435542.3125000000 GeGeGeGeGeGeGeGeSiGeGeGeGeGeGeGeGeGeGeGeGeGeGeGeGeGeGeGeGeGeGeGeGeGeGeGeGeGeGeGeGeGeGeGeGeGeGeGeGeGeGeGeGeGeGeGeGeGeGeGe
   435542.5625000000 GeGeGeGeSiGeGeGeGeGeGeGeGeGeGeGeGeGeGeGeGeGeGeGeGeGeGeGeGeGeGeGeGeGeGeGeGeGeGeGeGeGeGeGeGeGeGeGeGeGeGeGeGeGeGeGeGeGeGeGe
   435541.6875000000 GeGeGeGeGeSiGeGeGeGeGeGeGeGeGeGeGeGeGeGeGeGeGeGeGeGeGeGeGeGeGeGeGeGeGeGeGeGeGeGeGeGeGeGeGeGeGeGeGeGeGeGeGeGeGeGeGeGeGeGe
filename: c000001265721157.gin     
Cell:
    11.9020996    11.9020996    29.6919994    90.0000000    90.0000000   120.0000000
Box:
    11.9020996    -5.9510503     0.0000000
     0.0000000    10.3075209     0.0000000
     0.0000000     0.0000000    29.6919994
----------------------------------------
Inverse Box:
     0.0840188     0.0485083     0.0000000
     0.0000000     0.0970165     0.0000000
     0.0000000     0.0000000     0.0336791
----------------------------------------
==============================================
geometrical properties of  59 Ge:
 Configuration:           0
 D_ave:   9.07459354       3.58602357    
 D_min:   3.00490117       1.81388427E-02
 energia:   435541.688    
