Random Seed:  1192113774
Number of atoms:    60
Space Group:    1
Cell:
    11.9020996    11.9020996    29.6919994    90.0000000    90.0000000   120.0000000
Box:
    11.9020996    -5.9510503     0.0000000
     0.0000000    10.3075209     0.0000000
     0.0000000     0.0000000    29.6919994
----------------------------------------
Inverse Box:
     0.0840188     0.0485083     0.0000000
     0.0000000     0.0970165     0.0000000
     0.0000000     0.0000000     0.0336791
----------------------------------------
GeSiSiSiSiSiSiSiSiSiSiSiSiSiSiGeSiSiSiSiSiSiSiSiSiSiSiSiSiSiSiSiSiSiSiSiSiSiSiSiSiSiSiSiSiSiSiSiSiSiSiSiSiSiSiSiSiSiSiSi
           1 Ge    -7733.77344    
GeGeSiSiSiSiSiSiSiSiSiSiSiSiSiGeSiSiSiSiSiSiSiSiSiSiSiSiSiSiSiSiSiSiSiSiSiSiSiSiSiSiSiSiSiSiSiSiSiSiSiSiSiSiSiSiSiSiSiSi
           2 Ge    -7727.10498    
GeGeGeSiSiSiSiSiSiSiSiSiSiSiSiGeSiSiSiSiSiSiSiSiSiSiSiSiSiSiSiSiSiSiSiSiSiSiSiSiSiSiSiSiSiSiSiSiSiSiSiSiSiSiSiSiSiSiSiSi
           3 Ge    -7720.42871    
GeGeGeGeSiSiSiSiSiSiSiSiSiSiSiGeSiSiSiSiSiSiSiSiSiSiSiSiSiSiSiSiSiSiSiSiSiSiSiSiSiSiSiSiSiSiSiSiSiSiSiSiSiSiSiSiSiSiSiSi
           4 Ge    -7745.13818    
GeGeGeGeGeSiSiSiSiSiSiSiSiSiSiGeSiSiSiSiSiSiSiSiSiSiSiSiSiSiSiSiSiSiSiSiSiSiSiSiSiSiSiSiSiSiSiSiSiSiSiSiSiSiSiSiSiSiSiSi
           5 Ge    -7787.79297    
GeGeGeGeGeGeSiSiSiSiSiSiSiSiSiGeSiSiSiSiSiSiSiSiSiSiSiSiSiSiSiSiSiSiSiSiSiSiSiSiSiSiSiSiSiSiSiSiSiSiSiSiSiSiSiSiSiSiSiSi
           6 Ge    -7854.18604    
GeGeGeGeGeGeGeSiSiSiSiSiSiSiSiGeSiSiSiSiSiSiSiSiSiSiSiSiSiSiSiSiSiSiSiSiSiSiSiSiSiSiSiSiSiSiSiSiSiSiSiSiSiSiSiSiSiSiSiSi
           7 Ge    -8020.58154    
GeGeGeGeGeGeGeGeSiSiSiSiSiSiSiGeSiSiSiSiSiSiSiSiSiSiSiSiSiSiSiSiSiSiSiSiSiSiSiSiSiSiSiSiSiSiSiSiSiSiSiSiSiSiSiSiSiSiSiSi
           8 Ge    -8222.07617    
GeGeGeGeGeGeGeGeSiSiSiGeSiSiSiGeSiSiSiSiSiSiSiSiSiSiSiSiSiSiSiSiSiSiSiSiSiSiSiSiSiSiSiSiSiSiSiSiSiSiSiSiSiSiSiSiSiSiSiSi
          12 Ge    -8552.01562    
GeGeGeGeGeGeGeGeSiSiSiGeGeSiSiGeSiSiSiSiSiSiSiSiSiSiSiSiSiSiSiSiSiSiSiSiSiSiSiSiSiSiSiSiSiSiSiSiSiSiSiSiSiSiSiSiSiSiSiSi
          13 Ge    -8665.49609    
==============================================
MonteCarlo: Metropolis with identity changes
Si > Ge, Ge > Si. STOP when occurrence <    0.00000
==============================================
Cost_function     Occurrence %     Scan-Cost
    -9035.9726562500 SiGeSiGeSiGeSiSiSiSiSiGeGeGeGeSiSiSiSiSiSiSiSiSiSiSiSiSiSiSiSiSiSiSiSiSiSiSiSiSiSiGeSiSiSiSiSiSiGeSiGeSiSiSiSiSiGeSiSiSi
    -9385.0292968750 SiSiGeGeSiGeSiGeGeSiGeSiSiSiSiSiSiSiSiSiSiSiSiSiGeSiSiSiSiSiGeSiSiSiSiSiSiSiSiSiSiSiSiSiSiSiSiSiGeSiGeSiSiSiSiGeSiSiSiSi
    -9492.6210937500 GeSiGeGeGeGeSiSiGeSiGeSiSiSiSiSiSiSiSiSiSiSiSiSiSiSiSiSiSiSiSiSiSiSiSiSiSiSiSiSiSiSiSiSiSiSiSiSiGeSiGeGeSiGeSiSiSiSiSiSi
    -9492.6210937500 GeSiGeGeGeGeSiSiGeSiGeSiSiSiSiSiSiSiSiSiSiSiSiSiSiSiSiSiSiSiSiSiSiSiSiSiSiSiSiSiSiSiSiSiSiSiSiSiGeSiGeGeSiGeSiSiSiSiSiSi
    -9492.6210937500 GeSiGeGeGeGeSiSiGeSiGeSiSiSiSiSiSiSiSiSiSiSiSiSiSiSiSiSiSiSiSiSiSiSiSiSiSiSiSiSiSiSiSiSiSiSiSiSiGeSiGeGeSiGeSiSiSiSiSiSi
    -9492.6210937500 GeSiGeGeGeGeSiSiGeSiGeSiSiSiSiSiSiSiSiSiSiSiSiSiSiSiSiSiSiSiSiSiSiSiSiSiSiSiSiSiSiSiSiSiSiSiSiSiGeSiGeGeSiGeSiSiSiSiSiSi
    -9533.7792968750 GeSiGeGeGeSiSiGeGeSiGeSiSiSiSiSiSiSiSiSiSiSiSiSiSiSiSiSiSiSiSiSiSiSiSiSiSiSiSiSiSiSiSiSiSiSiSiSiGeSiGeGeSiGeSiSiSiSiSiSi
    -9533.7792968750 GeSiGeGeGeSiSiGeGeSiGeSiSiSiSiSiSiSiSiSiSiSiSiSiSiSiSiSiSiSiSiSiSiSiSiSiSiSiSiSiSiSiSiSiSiSiSiSiGeSiGeGeSiGeSiSiSiSiSiSi
    -9533.7792968750 GeSiGeGeGeSiSiGeGeSiGeSiSiSiSiSiSiSiSiSiSiSiSiSiSiSiSiSiSiSiSiSiSiSiSiSiSiSiSiSiSiSiSiSiSiSiSiSiGeSiGeGeSiGeSiSiSiSiSiSi
    -9533.7792968750 GeSiGeGeGeSiSiGeGeSiGeSiSiSiSiSiSiSiSiSiSiSiSiSiSiSiSiSiSiSiSiSiSiSiSiSiSiSiSiSiSiSiSiSiSiSiSiSiGeSiGeGeSiGeSiSiSiSiSiSi
    -9533.7792968750 GeSiGeGeGeSiSiGeGeSiGeSiSiSiSiSiSiSiSiSiSiSiSiSiSiSiSiSiSiSiSiSiSiSiSiSiSiSiSiSiSiSiSiSiSiSiSiSiGeSiGeGeSiGeSiSiSiSiSiSi
    -9560.0234375000 GeGeGeGeGeSiSiGeSiSiGeSiSiSiSiSiSiSiSiSiSiSiSiSiSiSiSiSiSiSiSiSiSiSiSiSiSiSiSiSiSiSiSiSiSiSiSiSiGeSiGeGeSiGeSiSiSiSiSiSi
    -9560.0234375000 GeGeGeGeGeSiSiGeSiSiGeSiSiSiSiSiSiSiSiSiSiSiSiSiSiSiSiSiSiSiSiSiSiSiSiSiSiSiSiSiSiSiSiSiSiSiSiSiGeSiGeGeSiGeSiSiSiSiSiSi
    -9560.0234375000 GeGeGeGeGeSiSiGeSiSiGeSiSiSiSiSiSiSiSiSiSiSiSiSiSiSiSiSiSiSiSiSiSiSiSiSiSiSiSiSiSiSiSiSiSiSiSiSiGeSiGeGeSiGeSiSiSiSiSiSi
    -9560.0234375000 GeGeGeGeGeSiSiGeSiSiGeSiSiSiSiSiSiSiSiSiSiSiSiSiSiSiSiSiSiSiSiSiSiSiSiSiSiSiSiSiSiSiSiSiSiSiSiSiGeSiGeGeSiGeSiSiSiSiSiSi
    -9560.0234375000 GeGeGeGeGeSiSiGeSiSiGeSiSiSiSiSiSiSiSiSiSiSiSiSiSiSiSiSiSiSiSiSiSiSiSiSiSiSiSiSiSiSiSiSiSiSiSiSiGeSiGeGeSiGeSiSiSiSiSiSi
    -9560.0234375000 GeGeGeGeGeSiSiGeSiSiGeSiSiSiSiSiSiSiSiSiSiSiSiSiSiSiSiSiSiSiSiSiSiSiSiSiSiSiSiSiSiSiSiSiSiSiSiSiGeSiGeGeSiGeSiSiSiSiSiSi
    -9560.0234375000 GeGeGeGeGeSiSiGeSiSiGeSiSiSiSiSiSiSiSiSiSiSiSiSiSiSiSiSiSiSiSiSiSiSiSiSiSiSiSiSiSiSiSiSiSiSiSiSiGeSiGeGeSiGeSiSiSiSiSiSi
    -9560.0234375000 GeGeGeGeGeSiSiGeSiSiGeSiSiSiSiSiSiSiSiSiSiSiSiSiSiSiSiSiSiSiSiSiSiSiSiSiSiSiSiSiSiSiSiSiSiSiSiSiGeSiGeGeSiGeSiSiSiSiSiSi
    -9560.0234375000 GeGeGeGeGeSiSiGeSiSiGeSiSiSiSiSiSiSiSiSiSiSiSiSiSiSiSiSiSiSiSiSiSiSiSiSiSiSiSiSiSiSiSiSiSiSiSiSiGeSiGeGeSiGeSiSiSiSiSiSi
    -9560.0234375000 GeGeGeGeGeSiSiGeSiSiGeSiSiSiSiSiSiSiSiSiSiSiSiSiSiSiSiSiSiSiSiSiSiSiSiSiSiSiSiSiSiSiSiSiSiSiSiSiGeSiGeGeSiGeSiSiSiSiSiSi
    -9572.9550781250 GeGeSiGeGeSiGeGeSiSiGeSiSiSiSiSiSiSiSiSiSiSiSiSiSiSiSiSiSiSiSiSiSiSiSiSiSiSiSiSiSiSiSiSiSiSiSiSiGeSiGeGeSiGeSiSiSiSiSiSi
    -9573.0605468750 GeGeSiGeGeSiSiGeSiGeGeSiSiSiSiSiSiSiSiSiSiSiSiSiSiSiSiSiSiSiSiSiSiSiSiSiSiSiSiSiSiSiSiSiSiSiSiSiGeSiGeGeSiGeSiSiSiSiSiSi
    -9573.0605468750 GeGeSiGeGeSiSiGeSiGeGeSiSiSiSiSiSiSiSiSiSiSiSiSiSiSiSiSiSiSiSiSiSiSiSiSiSiSiSiSiSiSiSiSiSiSiSiSiGeSiGeGeSiGeSiSiSiSiSiSi
    -9573.0605468750 GeGeSiGeGeSiSiGeSiGeGeSiSiSiSiSiSiSiSiSiSiSiSiSiSiSiSiSiSiSiSiSiSiSiSiSiSiSiSiSiSiSiSiSiSiSiSiSiGeSiGeGeSiGeSiSiSiSiSiSi
    -9573.0605468750 GeGeSiGeGeSiSiGeSiGeGeSiSiSiSiSiSiSiSiSiSiSiSiSiSiSiSiSiSiSiSiSiSiSiSiSiSiSiSiSiSiSiSiSiSiSiSiSiGeSiGeGeSiGeSiSiSiSiSiSi
    -9573.0605468750 GeGeSiGeGeSiSiGeSiGeGeSiSiSiSiSiSiSiSiSiSiSiSiSiSiSiSiSiSiSiSiSiSiSiSiSiSiSiSiSiSiSiSiSiSiSiSiSiGeSiGeGeSiGeSiSiSiSiSiSi
    -9573.0605468750 GeGeSiGeGeSiSiGeSiGeGeSiSiSiSiSiSiSiSiSiSiSiSiSiSiSiSiSiSiSiSiSiSiSiSiSiSiSiSiSiSiSiSiSiSiSiSiSiGeSiGeGeSiGeSiSiSiSiSiSi
    -9573.0605468750 GeGeSiGeGeSiSiGeSiGeGeSiSiSiSiSiSiSiSiSiSiSiSiSiSiSiSiSiSiSiSiSiSiSiSiSiSiSiSiSiSiSiSiSiSiSiSiSiGeSiGeGeSiGeSiSiSiSiSiSi
    -9573.0605468750 GeGeSiGeGeSiSiGeSiGeGeSiSiSiSiSiSiSiSiSiSiSiSiSiSiSiSiSiSiSiSiSiSiSiSiSiSiSiSiSiSiSiSiSiSiSiSiSiGeSiGeGeSiGeSiSiSiSiSiSi
    -9573.0605468750 GeGeSiGeGeSiSiGeSiGeGeSiSiSiSiSiSiSiSiSiSiSiSiSiSiSiSiSiSiSiSiSiSiSiSiSiSiSiSiSiSiSiSiSiSiSiSiSiGeSiGeGeSiGeSiSiSiSiSiSi
    -9573.0605468750 GeGeSiGeGeSiSiGeSiGeGeSiSiSiSiSiSiSiSiSiSiSiSiSiSiSiSiSiSiSiSiSiSiSiSiSiSiSiSiSiSiSiSiSiSiSiSiSiGeSiGeGeSiGeSiSiSiSiSiSi
    -9573.0605468750 GeGeSiGeGeSiSiGeSiGeGeSiSiSiSiSiSiSiSiSiSiSiSiSiSiSiSiSiSiSiSiSiSiSiSiSiSiSiSiSiSiSiSiSiSiSiSiSiGeSiGeGeSiGeSiSiSiSiSiSi
    -9573.0605468750 GeGeSiGeGeSiSiGeSiGeGeSiSiSiSiSiSiSiSiSiSiSiSiSiSiSiSiSiSiSiSiSiSiSiSiSiSiSiSiSiSiSiSiSiSiSiSiSiGeSiGeGeSiGeSiSiSiSiSiSi
    -9573.0605468750 GeGeSiGeGeSiSiGeSiGeGeSiSiSiSiSiSiSiSiSiSiSiSiSiSiSiSiSiSiSiSiSiSiSiSiSiSiSiSiSiSiSiSiSiSiSiSiSiGeSiGeGeSiGeSiSiSiSiSiSi
    -9573.0605468750 GeGeSiGeGeSiSiGeSiGeGeSiSiSiSiSiSiSiSiSiSiSiSiSiSiSiSiSiSiSiSiSiSiSiSiSiSiSiSiSiSiSiSiSiSiSiSiSiGeSiGeGeSiGeSiSiSiSiSiSi
    -9573.0605468750 GeGeSiGeGeSiSiGeSiGeGeSiSiSiSiSiSiSiSiSiSiSiSiSiSiSiSiSiSiSiSiSiSiSiSiSiSiSiSiSiSiSiSiSiSiSiSiSiGeSiGeGeSiGeSiSiSiSiSiSi
    -9573.0605468750 GeGeSiGeGeSiSiGeSiGeGeSiSiSiSiSiSiSiSiSiSiSiSiSiSiSiSiSiSiSiSiSiSiSiSiSiSiSiSiSiSiSiSiSiSiSiSiSiGeSiGeGeSiGeSiSiSiSiSiSi
    -9573.0605468750 GeGeSiGeGeSiSiGeSiGeGeSiSiSiSiSiSiSiSiSiSiSiSiSiSiSiSiSiSiSiSiSiSiSiSiSiSiSiSiSiSiSiSiSiSiSiSiSiGeSiGeGeSiGeSiSiSiSiSiSi
    -9573.0605468750 GeGeSiGeGeSiSiGeSiGeGeSiSiSiSiSiSiSiSiSiSiSiSiSiSiSiSiSiSiSiSiSiSiSiSiSiSiSiSiSiSiSiSiSiSiSiSiSiGeSiGeGeSiGeSiSiSiSiSiSi
    -9573.0605468750 GeGeSiGeGeSiSiGeSiGeGeSiSiSiSiSiSiSiSiSiSiSiSiSiSiSiSiSiSiSiSiSiSiSiSiSiSiSiSiSiSiSiSiSiSiSiSiSiGeSiGeGeSiGeSiSiSiSiSiSi
    -9573.0605468750 GeGeSiGeGeSiSiGeSiGeGeSiSiSiSiSiSiSiSiSiSiSiSiSiSiSiSiSiSiSiSiSiSiSiSiSiSiSiSiSiSiSiSiSiSiSiSiSiGeSiGeGeSiGeSiSiSiSiSiSi
    -9573.0605468750 GeGeSiGeGeSiSiGeSiGeGeSiSiSiSiSiSiSiSiSiSiSiSiSiSiSiSiSiSiSiSiSiSiSiSiSiSiSiSiSiSiSiSiSiSiSiSiSiGeSiGeGeSiGeSiSiSiSiSiSi
    -9573.0605468750 GeGeSiGeGeSiSiGeSiGeGeSiSiSiSiSiSiSiSiSiSiSiSiSiSiSiSiSiSiSiSiSiSiSiSiSiSiSiSiSiSiSiSiSiSiSiSiSiGeSiGeGeSiGeSiSiSiSiSiSi
    -9573.0605468750 GeGeSiGeGeSiSiGeSiGeGeSiSiSiSiSiSiSiSiSiSiSiSiSiSiSiSiSiSiSiSiSiSiSiSiSiSiSiSiSiSiSiSiSiSiSiSiSiGeSiGeGeSiGeSiSiSiSiSiSi
    -9573.0605468750 GeGeSiGeGeSiSiGeSiGeGeSiSiSiSiSiSiSiSiSiSiSiSiSiSiSiSiSiSiSiSiSiSiSiSiSiSiSiSiSiSiSiSiSiSiSiSiSiGeSiGeGeSiGeSiSiSiSiSiSi
    -9573.0605468750 GeGeSiGeGeSiSiGeSiGeGeSiSiSiSiSiSiSiSiSiSiSiSiSiSiSiSiSiSiSiSiSiSiSiSiSiSiSiSiSiSiSiSiSiSiSiSiSiGeSiGeGeSiGeSiSiSiSiSiSi
    -9573.0605468750 GeGeSiGeGeSiSiGeSiGeGeSiSiSiSiSiSiSiSiSiSiSiSiSiSiSiSiSiSiSiSiSiSiSiSiSiSiSiSiSiSiSiSiSiSiSiSiSiGeSiGeGeSiGeSiSiSiSiSiSi
    -9573.0605468750 GeGeSiGeGeSiSiGeSiGeGeSiSiSiSiSiSiSiSiSiSiSiSiSiSiSiSiSiSiSiSiSiSiSiSiSiSiSiSiSiSiSiSiSiSiSiSiSiGeSiGeGeSiGeSiSiSiSiSiSi
    -9573.0605468750 GeGeSiGeGeSiSiGeSiGeGeSiSiSiSiSiSiSiSiSiSiSiSiSiSiSiSiSiSiSiSiSiSiSiSiSiSiSiSiSiSiSiSiSiSiSiSiSiGeSiGeGeSiGeSiSiSiSiSiSi
    -9573.0605468750 GeGeSiGeGeSiSiGeSiGeGeSiSiSiSiSiSiSiSiSiSiSiSiSiSiSiSiSiSiSiSiSiSiSiSiSiSiSiSiSiSiSiSiSiSiSiSiSiGeSiGeGeSiGeSiSiSiSiSiSi
    -9573.0605468750 GeGeSiGeGeSiSiGeSiGeGeSiSiSiSiSiSiSiSiSiSiSiSiSiSiSiSiSiSiSiSiSiSiSiSiSiSiSiSiSiSiSiSiSiSiSiSiSiGeSiGeGeSiGeSiSiSiSiSiSi
    -9573.0605468750 GeGeSiGeGeSiSiGeSiGeGeSiSiSiSiSiSiSiSiSiSiSiSiSiSiSiSiSiSiSiSiSiSiSiSiSiSiSiSiSiSiSiSiSiSiSiSiSiGeSiGeGeSiGeSiSiSiSiSiSi
    -9573.0605468750 GeGeSiGeGeSiSiGeSiGeGeSiSiSiSiSiSiSiSiSiSiSiSiSiSiSiSiSiSiSiSiSiSiSiSiSiSiSiSiSiSiSiSiSiSiSiSiSiGeSiGeGeSiGeSiSiSiSiSiSi
    -9573.0605468750 GeGeSiGeGeSiSiGeSiGeGeSiSiSiSiSiSiSiSiSiSiSiSiSiSiSiSiSiSiSiSiSiSiSiSiSiSiSiSiSiSiSiSiSiSiSiSiSiGeSiGeGeSiGeSiSiSiSiSiSi
    -9573.0605468750 GeGeSiGeGeSiSiGeSiGeGeSiSiSiSiSiSiSiSiSiSiSiSiSiSiSiSiSiSiSiSiSiSiSiSiSiSiSiSiSiSiSiSiSiSiSiSiSiGeSiGeGeSiGeSiSiSiSiSiSi
    -9573.0605468750 GeGeSiGeGeSiSiGeSiGeGeSiSiSiSiSiSiSiSiSiSiSiSiSiSiSiSiSiSiSiSiSiSiSiSiSiSiSiSiSiSiSiSiSiSiSiSiSiGeSiGeGeSiGeSiSiSiSiSiSi
    -9573.0605468750 GeGeSiGeGeSiSiGeSiGeGeSiSiSiSiSiSiSiSiSiSiSiSiSiSiSiSiSiSiSiSiSiSiSiSiSiSiSiSiSiSiSiSiSiSiSiSiSiGeSiGeGeSiGeSiSiSiSiSiSi
    -9573.0605468750 GeGeSiGeGeSiSiGeSiGeGeSiSiSiSiSiSiSiSiSiSiSiSiSiSiSiSiSiSiSiSiSiSiSiSiSiSiSiSiSiSiSiSiSiSiSiSiSiGeSiGeGeSiGeSiSiSiSiSiSi
    -9573.0605468750 GeGeSiGeGeSiSiGeSiGeGeSiSiSiSiSiSiSiSiSiSiSiSiSiSiSiSiSiSiSiSiSiSiSiSiSiSiSiSiSiSiSiSiSiSiSiSiSiGeSiGeGeSiGeSiSiSiSiSiSi
    -9573.0605468750 GeGeSiGeGeSiSiGeSiGeGeSiSiSiSiSiSiSiSiSiSiSiSiSiSiSiSiSiSiSiSiSiSiSiSiSiSiSiSiSiSiSiSiSiSiSiSiSiGeSiGeGeSiGeSiSiSiSiSiSi
    -9573.0605468750 GeGeSiGeGeSiSiGeSiGeGeSiSiSiSiSiSiSiSiSiSiSiSiSiSiSiSiSiSiSiSiSiSiSiSiSiSiSiSiSiSiSiSiSiSiSiSiSiGeSiGeGeSiGeSiSiSiSiSiSi
    -9573.0605468750 GeGeSiGeGeSiSiGeSiGeGeSiSiSiSiSiSiSiSiSiSiSiSiSiSiSiSiSiSiSiSiSiSiSiSiSiSiSiSiSiSiSiSiSiSiSiSiSiGeSiGeGeSiGeSiSiSiSiSiSi
    -9573.0605468750 GeGeSiGeGeSiSiGeSiGeGeSiSiSiSiSiSiSiSiSiSiSiSiSiSiSiSiSiSiSiSiSiSiSiSiSiSiSiSiSiSiSiSiSiSiSiSiSiGeSiGeGeSiGeSiSiSiSiSiSi
    -9573.0605468750 GeGeSiGeGeSiSiGeSiGeGeSiSiSiSiSiSiSiSiSiSiSiSiSiSiSiSiSiSiSiSiSiSiSiSiSiSiSiSiSiSiSiSiSiSiSiSiSiGeSiGeGeSiGeSiSiSiSiSiSi
    -9573.0605468750 GeGeSiGeGeSiSiGeSiGeGeSiSiSiSiSiSiSiSiSiSiSiSiSiSiSiSiSiSiSiSiSiSiSiSiSiSiSiSiSiSiSiSiSiSiSiSiSiGeSiGeGeSiGeSiSiSiSiSiSi
    -9573.0605468750 GeGeSiGeGeSiSiGeSiGeGeSiSiSiSiSiSiSiSiSiSiSiSiSiSiSiSiSiSiSiSiSiSiSiSiSiSiSiSiSiSiSiSiSiSiSiSiSiGeSiGeGeSiGeSiSiSiSiSiSi
    -9573.0605468750 GeGeSiGeGeSiSiGeSiGeGeSiSiSiSiSiSiSiSiSiSiSiSiSiSiSiSiSiSiSiSiSiSiSiSiSiSiSiSiSiSiSiSiSiSiSiSiSiGeSiGeGeSiGeSiSiSiSiSiSi
    -9573.0605468750 GeGeSiGeGeSiSiGeSiGeGeSiSiSiSiSiSiSiSiSiSiSiSiSiSiSiSiSiSiSiSiSiSiSiSiSiSiSiSiSiSiSiSiSiSiSiSiSiGeSiGeGeSiGeSiSiSiSiSiSi
    -9573.0605468750 GeGeSiGeGeSiSiGeSiGeGeSiSiSiSiSiSiSiSiSiSiSiSiSiSiSiSiSiSiSiSiSiSiSiSiSiSiSiSiSiSiSiSiSiSiSiSiSiGeSiGeGeSiGeSiSiSiSiSiSi
    -9573.0605468750 GeGeSiGeGeSiSiGeSiGeGeSiSiSiSiSiSiSiSiSiSiSiSiSiSiSiSiSiSiSiSiSiSiSiSiSiSiSiSiSiSiSiSiSiSiSiSiSiGeSiGeGeSiGeSiSiSiSiSiSi
    -9573.0605468750 GeGeSiGeGeSiSiGeSiGeGeSiSiSiSiSiSiSiSiSiSiSiSiSiSiSiSiSiSiSiSiSiSiSiSiSiSiSiSiSiSiSiSiSiSiSiSiSiGeSiGeGeSiGeSiSiSiSiSiSi
    -9573.0605468750 GeGeSiGeGeSiSiGeSiGeGeSiSiSiSiSiSiSiSiSiSiSiSiSiSiSiSiSiSiSiSiSiSiSiSiSiSiSiSiSiSiSiSiSiSiSiSiSiGeSiGeGeSiGeSiSiSiSiSiSi
    -9573.0605468750 GeGeSiGeGeSiSiGeSiGeGeSiSiSiSiSiSiSiSiSiSiSiSiSiSiSiSiSiSiSiSiSiSiSiSiSiSiSiSiSiSiSiSiSiSiSiSiSiGeSiGeGeSiGeSiSiSiSiSiSi
    -9573.0605468750 GeGeSiGeGeSiSiGeSiGeGeSiSiSiSiSiSiSiSiSiSiSiSiSiSiSiSiSiSiSiSiSiSiSiSiSiSiSiSiSiSiSiSiSiSiSiSiSiGeSiGeGeSiGeSiSiSiSiSiSi
    -9573.0605468750 GeGeSiGeGeSiSiGeSiGeGeSiSiSiSiSiSiSiSiSiSiSiSiSiSiSiSiSiSiSiSiSiSiSiSiSiSiSiSiSiSiSiSiSiSiSiSiSiGeSiGeGeSiGeSiSiSiSiSiSi
    -9573.0605468750 GeGeSiGeGeSiSiGeSiGeGeSiSiSiSiSiSiSiSiSiSiSiSiSiSiSiSiSiSiSiSiSiSiSiSiSiSiSiSiSiSiSiSiSiSiSiSiSiGeSiGeGeSiGeSiSiSiSiSiSi
    -9573.0605468750 GeGeSiGeGeSiSiGeSiGeGeSiSiSiSiSiSiSiSiSiSiSiSiSiSiSiSiSiSiSiSiSiSiSiSiSiSiSiSiSiSiSiSiSiSiSiSiSiGeSiGeGeSiGeSiSiSiSiSiSi
    -9573.0605468750 GeGeSiGeGeSiSiGeSiGeGeSiSiSiSiSiSiSiSiSiSiSiSiSiSiSiSiSiSiSiSiSiSiSiSiSiSiSiSiSiSiSiSiSiSiSiSiSiGeSiGeGeSiGeSiSiSiSiSiSi
    -9573.0605468750 GeGeSiGeGeSiSiGeSiGeGeSiSiSiSiSiSiSiSiSiSiSiSiSiSiSiSiSiSiSiSiSiSiSiSiSiSiSiSiSiSiSiSiSiSiSiSiSiGeSiGeGeSiGeSiSiSiSiSiSi
    -9573.0605468750 GeGeSiGeGeSiSiGeSiGeGeSiSiSiSiSiSiSiSiSiSiSiSiSiSiSiSiSiSiSiSiSiSiSiSiSiSiSiSiSiSiSiSiSiSiSiSiSiGeSiGeGeSiGeSiSiSiSiSiSi
    -9573.0605468750 GeGeSiGeGeSiSiGeSiGeGeSiSiSiSiSiSiSiSiSiSiSiSiSiSiSiSiSiSiSiSiSiSiSiSiSiSiSiSiSiSiSiSiSiSiSiSiSiGeSiGeGeSiGeSiSiSiSiSiSi
    -9573.0605468750 GeGeSiGeGeSiSiGeSiGeGeSiSiSiSiSiSiSiSiSiSiSiSiSiSiSiSiSiSiSiSiSiSiSiSiSiSiSiSiSiSiSiSiSiSiSiSiSiGeSiGeGeSiGeSiSiSiSiSiSi
    -9573.0605468750 GeGeSiGeGeSiSiGeSiGeGeSiSiSiSiSiSiSiSiSiSiSiSiSiSiSiSiSiSiSiSiSiSiSiSiSiSiSiSiSiSiSiSiSiSiSiSiSiGeSiGeGeSiGeSiSiSiSiSiSi
    -9573.0605468750 GeGeSiGeGeSiSiGeSiGeGeSiSiSiSiSiSiSiSiSiSiSiSiSiSiSiSiSiSiSiSiSiSiSiSiSiSiSiSiSiSiSiSiSiSiSiSiSiGeSiGeGeSiGeSiSiSiSiSiSi
    -9573.0605468750 GeGeSiGeGeSiSiGeSiGeGeSiSiSiSiSiSiSiSiSiSiSiSiSiSiSiSiSiSiSiSiSiSiSiSiSiSiSiSiSiSiSiSiSiSiSiSiSiGeSiGeGeSiGeSiSiSiSiSiSi
    -9573.0605468750 GeGeSiGeGeSiSiGeSiGeGeSiSiSiSiSiSiSiSiSiSiSiSiSiSiSiSiSiSiSiSiSiSiSiSiSiSiSiSiSiSiSiSiSiSiSiSiSiGeSiGeGeSiGeSiSiSiSiSiSi
    -9573.0605468750 GeGeSiGeGeSiSiGeSiGeGeSiSiSiSiSiSiSiSiSiSiSiSiSiSiSiSiSiSiSiSiSiSiSiSiSiSiSiSiSiSiSiSiSiSiSiSiSiGeSiGeGeSiGeSiSiSiSiSiSi
    -9573.0605468750 GeGeSiGeGeSiSiGeSiGeGeSiSiSiSiSiSiSiSiSiSiSiSiSiSiSiSiSiSiSiSiSiSiSiSiSiSiSiSiSiSiSiSiSiSiSiSiSiGeSiGeGeSiGeSiSiSiSiSiSi
    -9573.0605468750 GeGeSiGeGeSiSiGeSiGeGeSiSiSiSiSiSiSiSiSiSiSiSiSiSiSiSiSiSiSiSiSiSiSiSiSiSiSiSiSiSiSiSiSiSiSiSiSiGeSiGeGeSiGeSiSiSiSiSiSi
    -9573.0605468750 GeGeSiGeGeSiSiGeSiGeGeSiSiSiSiSiSiSiSiSiSiSiSiSiSiSiSiSiSiSiSiSiSiSiSiSiSiSiSiSiSiSiSiSiSiSiSiSiGeSiGeGeSiGeSiSiSiSiSiSi
    -9573.0605468750 GeGeSiGeGeSiSiGeSiGeGeSiSiSiSiSiSiSiSiSiSiSiSiSiSiSiSiSiSiSiSiSiSiSiSiSiSiSiSiSiSiSiSiSiSiSiSiSiGeSiGeGeSiGeSiSiSiSiSiSi
    -9573.0605468750 GeGeSiGeGeSiSiGeSiGeGeSiSiSiSiSiSiSiSiSiSiSiSiSiSiSiSiSiSiSiSiSiSiSiSiSiSiSiSiSiSiSiSiSiSiSiSiSiGeSiGeGeSiGeSiSiSiSiSiSi
    -9573.0605468750 GeGeSiGeGeSiSiGeSiGeGeSiSiSiSiSiSiSiSiSiSiSiSiSiSiSiSiSiSiSiSiSiSiSiSiSiSiSiSiSiSiSiSiSiSiSiSiSiGeSiGeGeSiGeSiSiSiSiSiSi
    -9573.0605468750 GeGeSiGeGeSiSiGeSiGeGeSiSiSiSiSiSiSiSiSiSiSiSiSiSiSiSiSiSiSiSiSiSiSiSiSiSiSiSiSiSiSiSiSiSiSiSiSiGeSiGeGeSiGeSiSiSiSiSiSi
    -9573.0605468750 GeGeSiGeGeSiSiGeSiGeGeSiSiSiSiSiSiSiSiSiSiSiSiSiSiSiSiSiSiSiSiSiSiSiSiSiSiSiSiSiSiSiSiSiSiSiSiSiGeSiGeGeSiGeSiSiSiSiSiSi
    -9573.0605468750 GeGeSiGeGeSiSiGeSiGeGeSiSiSiSiSiSiSiSiSiSiSiSiSiSiSiSiSiSiSiSiSiSiSiSiSiSiSiSiSiSiSiSiSiSiSiSiSiGeSiGeGeSiGeSiSiSiSiSiSi
    -9573.0605468750 GeGeSiGeGeSiSiGeSiGeGeSiSiSiSiSiSiSiSiSiSiSiSiSiSiSiSiSiSiSiSiSiSiSiSiSiSiSiSiSiSiSiSiSiSiSiSiSiGeSiGeGeSiGeSiSiSiSiSiSi
    -9573.0605468750 GeGeSiGeGeSiSiGeSiGeGeSiSiSiSiSiSiSiSiSiSiSiSiSiSiSiSiSiSiSiSiSiSiSiSiSiSiSiSiSiSiSiSiSiSiSiSiSiGeSiGeGeSiGeSiSiSiSiSiSi
    -9573.0605468750 GeGeSiGeGeSiSiGeSiGeGeSiSiSiSiSiSiSiSiSiSiSiSiSiSiSiSiSiSiSiSiSiSiSiSiSiSiSiSiSiSiSiSiSiSiSiSiSiGeSiGeGeSiGeSiSiSiSiSiSi
    -9573.0605468750 GeGeSiGeGeSiSiGeSiGeGeSiSiSiSiSiSiSiSiSiSiSiSiSiSiSiSiSiSiSiSiSiSiSiSiSiSiSiSiSiSiSiSiSiSiSiSiSiGeSiGeGeSiGeSiSiSiSiSiSi
    -9573.0605468750 GeGeSiGeGeSiSiGeSiGeGeSiSiSiSiSiSiSiSiSiSiSiSiSiSiSiSiSiSiSiSiSiSiSiSiSiSiSiSiSiSiSiSiSiSiSiSiSiGeSiGeGeSiGeSiSiSiSiSiSi
    -9573.0605468750 GeGeSiGeGeSiSiGeSiGeGeSiSiSiSiSiSiSiSiSiSiSiSiSiSiSiSiSiSiSiSiSiSiSiSiSiSiSiSiSiSiSiSiSiSiSiSiSiGeSiGeGeSiGeSiSiSiSiSiSi
    -9573.0605468750 GeGeSiGeGeSiSiGeSiGeGeSiSiSiSiSiSiSiSiSiSiSiSiSiSiSiSiSiSiSiSiSiSiSiSiSiSiSiSiSiSiSiSiSiSiSiSiSiGeSiGeGeSiGeSiSiSiSiSiSi
    -9573.0605468750 GeGeSiGeGeSiSiGeSiGeGeSiSiSiSiSiSiSiSiSiSiSiSiSiSiSiSiSiSiSiSiSiSiSiSiSiSiSiSiSiSiSiSiSiSiSiSiSiGeSiGeGeSiGeSiSiSiSiSiSi
    -9573.0605468750 GeGeSiGeGeSiSiGeSiGeGeSiSiSiSiSiSiSiSiSiSiSiSiSiSiSiSiSiSiSiSiSiSiSiSiSiSiSiSiSiSiSiSiSiSiSiSiSiGeSiGeGeSiGeSiSiSiSiSiSi
    -9573.0605468750 GeGeSiGeGeSiSiGeSiGeGeSiSiSiSiSiSiSiSiSiSiSiSiSiSiSiSiSiSiSiSiSiSiSiSiSiSiSiSiSiSiSiSiSiSiSiSiSiGeSiGeGeSiGeSiSiSiSiSiSi
    -9573.0605468750 GeGeSiGeGeSiSiGeSiGeGeSiSiSiSiSiSiSiSiSiSiSiSiSiSiSiSiSiSiSiSiSiSiSiSiSiSiSiSiSiSiSiSiSiSiSiSiSiGeSiGeGeSiGeSiSiSiSiSiSi
    -9573.0605468750 GeGeSiGeGeSiSiGeSiGeGeSiSiSiSiSiSiSiSiSiSiSiSiSiSiSiSiSiSiSiSiSiSiSiSiSiSiSiSiSiSiSiSiSiSiSiSiSiGeSiGeGeSiGeSiSiSiSiSiSi
    -9573.0605468750 GeGeSiGeGeSiSiGeSiGeGeSiSiSiSiSiSiSiSiSiSiSiSiSiSiSiSiSiSiSiSiSiSiSiSiSiSiSiSiSiSiSiSiSiSiSiSiSiGeSiGeGeSiGeSiSiSiSiSiSi
    -9573.0605468750 GeGeSiGeGeSiSiGeSiGeGeSiSiSiSiSiSiSiSiSiSiSiSiSiSiSiSiSiSiSiSiSiSiSiSiSiSiSiSiSiSiSiSiSiSiSiSiSiGeSiGeGeSiGeSiSiSiSiSiSi
    -9573.0605468750 GeGeSiGeGeSiSiGeSiGeGeSiSiSiSiSiSiSiSiSiSiSiSiSiSiSiSiSiSiSiSiSiSiSiSiSiSiSiSiSiSiSiSiSiSiSiSiSiGeSiGeGeSiGeSiSiSiSiSiSi
    -9573.0605468750 GeGeSiGeGeSiSiGeSiGeGeSiSiSiSiSiSiSiSiSiSiSiSiSiSiSiSiSiSiSiSiSiSiSiSiSiSiSiSiSiSiSiSiSiSiSiSiSiGeSiGeGeSiGeSiSiSiSiSiSi
    -9573.0605468750 GeGeSiGeGeSiSiGeSiGeGeSiSiSiSiSiSiSiSiSiSiSiSiSiSiSiSiSiSiSiSiSiSiSiSiSiSiSiSiSiSiSiSiSiSiSiSiSiGeSiGeGeSiGeSiSiSiSiSiSi
    -9573.0605468750 GeGeSiGeGeSiSiGeSiGeGeSiSiSiSiSiSiSiSiSiSiSiSiSiSiSiSiSiSiSiSiSiSiSiSiSiSiSiSiSiSiSiSiSiSiSiSiSiGeSiGeGeSiGeSiSiSiSiSiSi
    -9573.0605468750 GeGeSiGeGeSiSiGeSiGeGeSiSiSiSiSiSiSiSiSiSiSiSiSiSiSiSiSiSiSiSiSiSiSiSiSiSiSiSiSiSiSiSiSiSiSiSiSiGeSiGeGeSiGeSiSiSiSiSiSi
    -9573.0605468750 GeGeSiGeGeSiSiGeSiGeGeSiSiSiSiSiSiSiSiSiSiSiSiSiSiSiSiSiSiSiSiSiSiSiSiSiSiSiSiSiSiSiSiSiSiSiSiSiGeSiGeGeSiGeSiSiSiSiSiSi
    -9573.0605468750 GeGeSiGeGeSiSiGeSiGeGeSiSiSiSiSiSiSiSiSiSiSiSiSiSiSiSiSiSiSiSiSiSiSiSiSiSiSiSiSiSiSiSiSiSiSiSiSiGeSiGeGeSiGeSiSiSiSiSiSi
    -9573.0605468750 GeGeSiGeGeSiSiGeSiGeGeSiSiSiSiSiSiSiSiSiSiSiSiSiSiSiSiSiSiSiSiSiSiSiSiSiSiSiSiSiSiSiSiSiSiSiSiSiGeSiGeGeSiGeSiSiSiSiSiSi
    -9573.0605468750 GeGeSiGeGeSiSiGeSiGeGeSiSiSiSiSiSiSiSiSiSiSiSiSiSiSiSiSiSiSiSiSiSiSiSiSiSiSiSiSiSiSiSiSiSiSiSiSiGeSiGeGeSiGeSiSiSiSiSiSi
    -9573.0605468750 GeGeSiGeGeSiSiGeSiGeGeSiSiSiSiSiSiSiSiSiSiSiSiSiSiSiSiSiSiSiSiSiSiSiSiSiSiSiSiSiSiSiSiSiSiSiSiSiGeSiGeGeSiGeSiSiSiSiSiSi
    -9573.0605468750 GeGeSiGeGeSiSiGeSiGeGeSiSiSiSiSiSiSiSiSiSiSiSiSiSiSiSiSiSiSiSiSiSiSiSiSiSiSiSiSiSiSiSiSiSiSiSiSiGeSiGeGeSiGeSiSiSiSiSiSi
    -9573.0605468750 GeGeSiGeGeSiSiGeSiGeGeSiSiSiSiSiSiSiSiSiSiSiSiSiSiSiSiSiSiSiSiSiSiSiSiSiSiSiSiSiSiSiSiSiSiSiSiSiGeSiGeGeSiGeSiSiSiSiSiSi
    -9573.0605468750 GeGeSiGeGeSiSiGeSiGeGeSiSiSiSiSiSiSiSiSiSiSiSiSiSiSiSiSiSiSiSiSiSiSiSiSiSiSiSiSiSiSiSiSiSiSiSiSiGeSiGeGeSiGeSiSiSiSiSiSi
    -9573.0605468750 GeGeSiGeGeSiSiGeSiGeGeSiSiSiSiSiSiSiSiSiSiSiSiSiSiSiSiSiSiSiSiSiSiSiSiSiSiSiSiSiSiSiSiSiSiSiSiSiGeSiGeGeSiGeSiSiSiSiSiSi
    -9573.0605468750 GeGeSiGeGeSiSiGeSiGeGeSiSiSiSiSiSiSiSiSiSiSiSiSiSiSiSiSiSiSiSiSiSiSiSiSiSiSiSiSiSiSiSiSiSiSiSiSiGeSiGeGeSiGeSiSiSiSiSiSi
    -9573.0605468750 GeGeSiGeGeSiSiGeSiGeGeSiSiSiSiSiSiSiSiSiSiSiSiSiSiSiSiSiSiSiSiSiSiSiSiSiSiSiSiSiSiSiSiSiSiSiSiSiGeSiGeGeSiGeSiSiSiSiSiSi
    -9573.0605468750 GeGeSiGeGeSiSiGeSiGeGeSiSiSiSiSiSiSiSiSiSiSiSiSiSiSiSiSiSiSiSiSiSiSiSiSiSiSiSiSiSiSiSiSiSiSiSiSiGeSiGeGeSiGeSiSiSiSiSiSi
    -9573.0605468750 GeGeSiGeGeSiSiGeSiGeGeSiSiSiSiSiSiSiSiSiSiSiSiSiSiSiSiSiSiSiSiSiSiSiSiSiSiSiSiSiSiSiSiSiSiSiSiSiGeSiGeGeSiGeSiSiSiSiSiSi
    -9573.0605468750 GeGeSiGeGeSiSiGeSiGeGeSiSiSiSiSiSiSiSiSiSiSiSiSiSiSiSiSiSiSiSiSiSiSiSiSiSiSiSiSiSiSiSiSiSiSiSiSiGeSiGeGeSiGeSiSiSiSiSiSi
    -9573.0605468750 GeGeSiGeGeSiSiGeSiGeGeSiSiSiSiSiSiSiSiSiSiSiSiSiSiSiSiSiSiSiSiSiSiSiSiSiSiSiSiSiSiSiSiSiSiSiSiSiGeSiGeGeSiGeSiSiSiSiSiSi
    -9573.0605468750 GeGeSiGeGeSiSiGeSiGeGeSiSiSiSiSiSiSiSiSiSiSiSiSiSiSiSiSiSiSiSiSiSiSiSiSiSiSiSiSiSiSiSiSiSiSiSiSiGeSiGeGeSiGeSiSiSiSiSiSi
    -9573.0605468750 GeGeSiGeGeSiSiGeSiGeGeSiSiSiSiSiSiSiSiSiSiSiSiSiSiSiSiSiSiSiSiSiSiSiSiSiSiSiSiSiSiSiSiSiSiSiSiSiGeSiGeGeSiGeSiSiSiSiSiSi
    -9573.0605468750 GeGeSiGeGeSiSiGeSiGeGeSiSiSiSiSiSiSiSiSiSiSiSiSiSiSiSiSiSiSiSiSiSiSiSiSiSiSiSiSiSiSiSiSiSiSiSiSiGeSiGeGeSiGeSiSiSiSiSiSi
    -9573.0605468750 GeGeSiGeGeSiSiGeSiGeGeSiSiSiSiSiSiSiSiSiSiSiSiSiSiSiSiSiSiSiSiSiSiSiSiSiSiSiSiSiSiSiSiSiSiSiSiSiGeSiGeGeSiGeSiSiSiSiSiSi
    -9573.0605468750 GeGeSiGeGeSiSiGeSiGeGeSiSiSiSiSiSiSiSiSiSiSiSiSiSiSiSiSiSiSiSiSiSiSiSiSiSiSiSiSiSiSiSiSiSiSiSiSiGeSiGeGeSiGeSiSiSiSiSiSi
    -9573.0605468750 GeGeSiGeGeSiSiGeSiGeGeSiSiSiSiSiSiSiSiSiSiSiSiSiSiSiSiSiSiSiSiSiSiSiSiSiSiSiSiSiSiSiSiSiSiSiSiSiGeSiGeGeSiGeSiSiSiSiSiSi
    -9573.0605468750 GeGeSiGeGeSiSiGeSiGeGeSiSiSiSiSiSiSiSiSiSiSiSiSiSiSiSiSiSiSiSiSiSiSiSiSiSiSiSiSiSiSiSiSiSiSiSiSiGeSiGeGeSiGeSiSiSiSiSiSi
    -9573.0605468750 GeGeSiGeGeSiSiGeSiGeGeSiSiSiSiSiSiSiSiSiSiSiSiSiSiSiSiSiSiSiSiSiSiSiSiSiSiSiSiSiSiSiSiSiSiSiSiSiGeSiGeGeSiGeSiSiSiSiSiSi
    -9573.0605468750 GeGeSiGeGeSiSiGeSiGeGeSiSiSiSiSiSiSiSiSiSiSiSiSiSiSiSiSiSiSiSiSiSiSiSiSiSiSiSiSiSiSiSiSiSiSiSiSiGeSiGeGeSiGeSiSiSiSiSiSi
    -9573.0605468750 GeGeSiGeGeSiSiGeSiGeGeSiSiSiSiSiSiSiSiSiSiSiSiSiSiSiSiSiSiSiSiSiSiSiSiSiSiSiSiSiSiSiSiSiSiSiSiSiGeSiGeGeSiGeSiSiSiSiSiSi
    -9573.0605468750 GeGeSiGeGeSiSiGeSiGeGeSiSiSiSiSiSiSiSiSiSiSiSiSiSiSiSiSiSiSiSiSiSiSiSiSiSiSiSiSiSiSiSiSiSiSiSiSiGeSiGeGeSiGeSiSiSiSiSiSi
    -9573.0605468750 GeGeSiGeGeSiSiGeSiGeGeSiSiSiSiSiSiSiSiSiSiSiSiSiSiSiSiSiSiSiSiSiSiSiSiSiSiSiSiSiSiSiSiSiSiSiSiSiGeSiGeGeSiGeSiSiSiSiSiSi
    -9573.0605468750 GeGeSiGeGeSiSiGeSiGeGeSiSiSiSiSiSiSiSiSiSiSiSiSiSiSiSiSiSiSiSiSiSiSiSiSiSiSiSiSiSiSiSiSiSiSiSiSiGeSiGeGeSiGeSiSiSiSiSiSi
    -9573.0605468750 GeGeSiGeGeSiSiGeSiGeGeSiSiSiSiSiSiSiSiSiSiSiSiSiSiSiSiSiSiSiSiSiSiSiSiSiSiSiSiSiSiSiSiSiSiSiSiSiGeSiGeGeSiGeSiSiSiSiSiSi
    -9573.0605468750 GeGeSiGeGeSiSiGeSiGeGeSiSiSiSiSiSiSiSiSiSiSiSiSiSiSiSiSiSiSiSiSiSiSiSiSiSiSiSiSiSiSiSiSiSiSiSiSiGeSiGeGeSiGeSiSiSiSiSiSi
    -9573.0605468750 GeGeSiGeGeSiSiGeSiGeGeSiSiSiSiSiSiSiSiSiSiSiSiSiSiSiSiSiSiSiSiSiSiSiSiSiSiSiSiSiSiSiSiSiSiSiSiSiGeSiGeGeSiGeSiSiSiSiSiSi
    -9573.0605468750 GeGeSiGeGeSiSiGeSiGeGeSiSiSiSiSiSiSiSiSiSiSiSiSiSiSiSiSiSiSiSiSiSiSiSiSiSiSiSiSiSiSiSiSiSiSiSiSiGeSiGeGeSiGeSiSiSiSiSiSi
    -9573.0605468750 GeGeSiGeGeSiSiGeSiGeGeSiSiSiSiSiSiSiSiSiSiSiSiSiSiSiSiSiSiSiSiSiSiSiSiSiSiSiSiSiSiSiSiSiSiSiSiSiGeSiGeGeSiGeSiSiSiSiSiSi
    -9573.0605468750 GeGeSiGeGeSiSiGeSiGeGeSiSiSiSiSiSiSiSiSiSiSiSiSiSiSiSiSiSiSiSiSiSiSiSiSiSiSiSiSiSiSiSiSiSiSiSiSiGeSiGeGeSiGeSiSiSiSiSiSi
    -9573.0605468750 GeGeSiGeGeSiSiGeSiGeGeSiSiSiSiSiSiSiSiSiSiSiSiSiSiSiSiSiSiSiSiSiSiSiSiSiSiSiSiSiSiSiSiSiSiSiSiSiGeSiGeGeSiGeSiSiSiSiSiSi
    -9573.0605468750 GeGeSiGeGeSiSiGeSiGeGeSiSiSiSiSiSiSiSiSiSiSiSiSiSiSiSiSiSiSiSiSiSiSiSiSiSiSiSiSiSiSiSiSiSiSiSiSiGeSiGeGeSiGeSiSiSiSiSiSi
    -9573.0605468750 GeGeSiGeGeSiSiGeSiGeGeSiSiSiSiSiSiSiSiSiSiSiSiSiSiSiSiSiSiSiSiSiSiSiSiSiSiSiSiSiSiSiSiSiSiSiSiSiGeSiGeGeSiGeSiSiSiSiSiSi
    -9573.0605468750 GeGeSiGeGeSiSiGeSiGeGeSiSiSiSiSiSiSiSiSiSiSiSiSiSiSiSiSiSiSiSiSiSiSiSiSiSiSiSiSiSiSiSiSiSiSiSiSiGeSiGeGeSiGeSiSiSiSiSiSi
    -9573.0605468750 GeGeSiGeGeSiSiGeSiGeGeSiSiSiSiSiSiSiSiSiSiSiSiSiSiSiSiSiSiSiSiSiSiSiSiSiSiSiSiSiSiSiSiSiSiSiSiSiGeSiGeGeSiGeSiSiSiSiSiSi
    -9573.0605468750 GeGeSiGeGeSiSiGeSiGeGeSiSiSiSiSiSiSiSiSiSiSiSiSiSiSiSiSiSiSiSiSiSiSiSiSiSiSiSiSiSiSiSiSiSiSiSiSiGeSiGeGeSiGeSiSiSiSiSiSi
    -9573.0605468750 GeGeSiGeGeSiSiGeSiGeGeSiSiSiSiSiSiSiSiSiSiSiSiSiSiSiSiSiSiSiSiSiSiSiSiSiSiSiSiSiSiSiSiSiSiSiSiSiGeSiGeGeSiGeSiSiSiSiSiSi
    -9573.0605468750 GeGeSiGeGeSiSiGeSiGeGeSiSiSiSiSiSiSiSiSiSiSiSiSiSiSiSiSiSiSiSiSiSiSiSiSiSiSiSiSiSiSiSiSiSiSiSiSiGeSiGeGeSiGeSiSiSiSiSiSi
    -9573.0605468750 GeGeSiGeGeSiSiGeSiGeGeSiSiSiSiSiSiSiSiSiSiSiSiSiSiSiSiSiSiSiSiSiSiSiSiSiSiSiSiSiSiSiSiSiSiSiSiSiGeSiGeGeSiGeSiSiSiSiSiSi
    -9573.0605468750 GeGeSiGeGeSiSiGeSiGeGeSiSiSiSiSiSiSiSiSiSiSiSiSiSiSiSiSiSiSiSiSiSiSiSiSiSiSiSiSiSiSiSiSiSiSiSiSiGeSiGeGeSiGeSiSiSiSiSiSi
    -9573.0605468750 GeGeSiGeGeSiSiGeSiGeGeSiSiSiSiSiSiSiSiSiSiSiSiSiSiSiSiSiSiSiSiSiSiSiSiSiSiSiSiSiSiSiSiSiSiSiSiSiGeSiGeGeSiGeSiSiSiSiSiSi
    -9573.0605468750 GeGeSiGeGeSiSiGeSiGeGeSiSiSiSiSiSiSiSiSiSiSiSiSiSiSiSiSiSiSiSiSiSiSiSiSiSiSiSiSiSiSiSiSiSiSiSiSiGeSiGeGeSiGeSiSiSiSiSiSi
    -9573.0605468750 GeGeSiGeGeSiSiGeSiGeGeSiSiSiSiSiSiSiSiSiSiSiSiSiSiSiSiSiSiSiSiSiSiSiSiSiSiSiSiSiSiSiSiSiSiSiSiSiGeSiGeGeSiGeSiSiSiSiSiSi
    -9573.0605468750 GeGeSiGeGeSiSiGeSiGeGeSiSiSiSiSiSiSiSiSiSiSiSiSiSiSiSiSiSiSiSiSiSiSiSiSiSiSiSiSiSiSiSiSiSiSiSiSiGeSiGeGeSiGeSiSiSiSiSiSi
    -9573.0605468750 GeGeSiGeGeSiSiGeSiGeGeSiSiSiSiSiSiSiSiSiSiSiSiSiSiSiSiSiSiSiSiSiSiSiSiSiSiSiSiSiSiSiSiSiSiSiSiSiGeSiGeGeSiGeSiSiSiSiSiSi
    -9573.0605468750 GeGeSiGeGeSiSiGeSiGeGeSiSiSiSiSiSiSiSiSiSiSiSiSiSiSiSiSiSiSiSiSiSiSiSiSiSiSiSiSiSiSiSiSiSiSiSiSiGeSiGeGeSiGeSiSiSiSiSiSi
    -9573.0605468750 GeGeSiGeGeSiSiGeSiGeGeSiSiSiSiSiSiSiSiSiSiSiSiSiSiSiSiSiSiSiSiSiSiSiSiSiSiSiSiSiSiSiSiSiSiSiSiSiGeSiGeGeSiGeSiSiSiSiSiSi
    -9573.0605468750 GeGeSiGeGeSiSiGeSiGeGeSiSiSiSiSiSiSiSiSiSiSiSiSiSiSiSiSiSiSiSiSiSiSiSiSiSiSiSiSiSiSiSiSiSiSiSiSiGeSiGeGeSiGeSiSiSiSiSiSi
    -9573.0605468750 GeGeSiGeGeSiSiGeSiGeGeSiSiSiSiSiSiSiSiSiSiSiSiSiSiSiSiSiSiSiSiSiSiSiSiSiSiSiSiSiSiSiSiSiSiSiSiSiGeSiGeGeSiGeSiSiSiSiSiSi
    -9573.0605468750 GeGeSiGeGeSiSiGeSiGeGeSiSiSiSiSiSiSiSiSiSiSiSiSiSiSiSiSiSiSiSiSiSiSiSiSiSiSiSiSiSiSiSiSiSiSiSiSiGeSiGeGeSiGeSiSiSiSiSiSi
    -9573.0605468750 GeGeSiGeGeSiSiGeSiGeGeSiSiSiSiSiSiSiSiSiSiSiSiSiSiSiSiSiSiSiSiSiSiSiSiSiSiSiSiSiSiSiSiSiSiSiSiSiGeSiGeGeSiGeSiSiSiSiSiSi
    -9573.0605468750 GeGeSiGeGeSiSiGeSiGeGeSiSiSiSiSiSiSiSiSiSiSiSiSiSiSiSiSiSiSiSiSiSiSiSiSiSiSiSiSiSiSiSiSiSiSiSiSiGeSiGeGeSiGeSiSiSiSiSiSi
    -9573.0605468750 GeGeSiGeGeSiSiGeSiGeGeSiSiSiSiSiSiSiSiSiSiSiSiSiSiSiSiSiSiSiSiSiSiSiSiSiSiSiSiSiSiSiSiSiSiSiSiSiGeSiGeGeSiGeSiSiSiSiSiSi
    -9573.0605468750 GeGeSiGeGeSiSiGeSiGeGeSiSiSiSiSiSiSiSiSiSiSiSiSiSiSiSiSiSiSiSiSiSiSiSiSiSiSiSiSiSiSiSiSiSiSiSiSiGeSiGeGeSiGeSiSiSiSiSiSi
    -9573.0605468750 GeGeSiGeGeSiSiGeSiGeGeSiSiSiSiSiSiSiSiSiSiSiSiSiSiSiSiSiSiSiSiSiSiSiSiSiSiSiSiSiSiSiSiSiSiSiSiSiGeSiGeGeSiGeSiSiSiSiSiSi
    -9573.0605468750 GeGeSiGeGeSiSiGeSiGeGeSiSiSiSiSiSiSiSiSiSiSiSiSiSiSiSiSiSiSiSiSiSiSiSiSiSiSiSiSiSiSiSiSiSiSiSiSiGeSiGeGeSiGeSiSiSiSiSiSi
    -9573.0605468750 GeGeSiGeGeSiSiGeSiGeGeSiSiSiSiSiSiSiSiSiSiSiSiSiSiSiSiSiSiSiSiSiSiSiSiSiSiSiSiSiSiSiSiSiSiSiSiSiGeSiGeGeSiGeSiSiSiSiSiSi
    -9573.0605468750 GeGeSiGeGeSiSiGeSiGeGeSiSiSiSiSiSiSiSiSiSiSiSiSiSiSiSiSiSiSiSiSiSiSiSiSiSiSiSiSiSiSiSiSiSiSiSiSiGeSiGeGeSiGeSiSiSiSiSiSi
    -9573.0605468750 GeGeSiGeGeSiSiGeSiGeGeSiSiSiSiSiSiSiSiSiSiSiSiSiSiSiSiSiSiSiSiSiSiSiSiSiSiSiSiSiSiSiSiSiSiSiSiSiGeSiGeGeSiGeSiSiSiSiSiSi
    -9573.0605468750 GeGeSiGeGeSiSiGeSiGeGeSiSiSiSiSiSiSiSiSiSiSiSiSiSiSiSiSiSiSiSiSiSiSiSiSiSiSiSiSiSiSiSiSiSiSiSiSiGeSiGeGeSiGeSiSiSiSiSiSi
    -9573.0605468750 GeGeSiGeGeSiSiGeSiGeGeSiSiSiSiSiSiSiSiSiSiSiSiSiSiSiSiSiSiSiSiSiSiSiSiSiSiSiSiSiSiSiSiSiSiSiSiSiGeSiGeGeSiGeSiSiSiSiSiSi
    -9573.0605468750 GeGeSiGeGeSiSiGeSiGeGeSiSiSiSiSiSiSiSiSiSiSiSiSiSiSiSiSiSiSiSiSiSiSiSiSiSiSiSiSiSiSiSiSiSiSiSiSiGeSiGeGeSiGeSiSiSiSiSiSi
    -9573.0605468750 GeGeSiGeGeSiSiGeSiGeGeSiSiSiSiSiSiSiSiSiSiSiSiSiSiSiSiSiSiSiSiSiSiSiSiSiSiSiSiSiSiSiSiSiSiSiSiSiGeSiGeGeSiGeSiSiSiSiSiSi
    -9573.0605468750 GeGeSiGeGeSiSiGeSiGeGeSiSiSiSiSiSiSiSiSiSiSiSiSiSiSiSiSiSiSiSiSiSiSiSiSiSiSiSiSiSiSiSiSiSiSiSiSiGeSiGeGeSiGeSiSiSiSiSiSi
    -9573.0605468750 GeGeSiGeGeSiSiGeSiGeGeSiSiSiSiSiSiSiSiSiSiSiSiSiSiSiSiSiSiSiSiSiSiSiSiSiSiSiSiSiSiSiSiSiSiSiSiSiGeSiGeGeSiGeSiSiSiSiSiSi
    -9573.0605468750 GeGeSiGeGeSiSiGeSiGeGeSiSiSiSiSiSiSiSiSiSiSiSiSiSiSiSiSiSiSiSiSiSiSiSiSiSiSiSiSiSiSiSiSiSiSiSiSiGeSiGeGeSiGeSiSiSiSiSiSi
    -9573.0605468750 GeGeSiGeGeSiSiGeSiGeGeSiSiSiSiSiSiSiSiSiSiSiSiSiSiSiSiSiSiSiSiSiSiSiSiSiSiSiSiSiSiSiSiSiSiSiSiSiGeSiGeGeSiGeSiSiSiSiSiSi
    -9573.0605468750 GeGeSiGeGeSiSiGeSiGeGeSiSiSiSiSiSiSiSiSiSiSiSiSiSiSiSiSiSiSiSiSiSiSiSiSiSiSiSiSiSiSiSiSiSiSiSiSiGeSiGeGeSiGeSiSiSiSiSiSi
    -9573.0605468750 GeGeSiGeGeSiSiGeSiGeGeSiSiSiSiSiSiSiSiSiSiSiSiSiSiSiSiSiSiSiSiSiSiSiSiSiSiSiSiSiSiSiSiSiSiSiSiSiGeSiGeGeSiGeSiSiSiSiSiSi
    -9573.0605468750 GeGeSiGeGeSiSiGeSiGeGeSiSiSiSiSiSiSiSiSiSiSiSiSiSiSiSiSiSiSiSiSiSiSiSiSiSiSiSiSiSiSiSiSiSiSiSiSiGeSiGeGeSiGeSiSiSiSiSiSi
    -9573.0605468750 GeGeSiGeGeSiSiGeSiGeGeSiSiSiSiSiSiSiSiSiSiSiSiSiSiSiSiSiSiSiSiSiSiSiSiSiSiSiSiSiSiSiSiSiSiSiSiSiGeSiGeGeSiGeSiSiSiSiSiSi
    -9573.0605468750 GeGeSiGeGeSiSiGeSiGeGeSiSiSiSiSiSiSiSiSiSiSiSiSiSiSiSiSiSiSiSiSiSiSiSiSiSiSiSiSiSiSiSiSiSiSiSiSiGeSiGeGeSiGeSiSiSiSiSiSi
    -9573.0605468750 GeGeSiGeGeSiSiGeSiGeGeSiSiSiSiSiSiSiSiSiSiSiSiSiSiSiSiSiSiSiSiSiSiSiSiSiSiSiSiSiSiSiSiSiSiSiSiSiGeSiGeGeSiGeSiSiSiSiSiSi
    -9573.0605468750 GeGeSiGeGeSiSiGeSiGeGeSiSiSiSiSiSiSiSiSiSiSiSiSiSiSiSiSiSiSiSiSiSiSiSiSiSiSiSiSiSiSiSiSiSiSiSiSiGeSiGeGeSiGeSiSiSiSiSiSi
    -9573.0605468750 GeGeSiGeGeSiSiGeSiGeGeSiSiSiSiSiSiSiSiSiSiSiSiSiSiSiSiSiSiSiSiSiSiSiSiSiSiSiSiSiSiSiSiSiSiSiSiSiGeSiGeGeSiGeSiSiSiSiSiSi
    -9573.0605468750 GeGeSiGeGeSiSiGeSiGeGeSiSiSiSiSiSiSiSiSiSiSiSiSiSiSiSiSiSiSiSiSiSiSiSiSiSiSiSiSiSiSiSiSiSiSiSiSiGeSiGeGeSiGeSiSiSiSiSiSi
    -9573.0605468750 GeGeSiGeGeSiSiGeSiGeGeSiSiSiSiSiSiSiSiSiSiSiSiSiSiSiSiSiSiSiSiSiSiSiSiSiSiSiSiSiSiSiSiSiSiSiSiSiGeSiGeGeSiGeSiSiSiSiSiSi
    -9573.0605468750 GeGeSiGeGeSiSiGeSiGeGeSiSiSiSiSiSiSiSiSiSiSiSiSiSiSiSiSiSiSiSiSiSiSiSiSiSiSiSiSiSiSiSiSiSiSiSiSiGeSiGeGeSiGeSiSiSiSiSiSi
    -9573.0605468750 GeGeSiGeGeSiSiGeSiGeGeSiSiSiSiSiSiSiSiSiSiSiSiSiSiSiSiSiSiSiSiSiSiSiSiSiSiSiSiSiSiSiSiSiSiSiSiSiGeSiGeGeSiGeSiSiSiSiSiSi
    -9573.0605468750 GeGeSiGeGeSiSiGeSiGeGeSiSiSiSiSiSiSiSiSiSiSiSiSiSiSiSiSiSiSiSiSiSiSiSiSiSiSiSiSiSiSiSiSiSiSiSiSiGeSiGeGeSiGeSiSiSiSiSiSi
    -9573.0605468750 GeGeSiGeGeSiSiGeSiGeGeSiSiSiSiSiSiSiSiSiSiSiSiSiSiSiSiSiSiSiSiSiSiSiSiSiSiSiSiSiSiSiSiSiSiSiSiSiGeSiGeGeSiGeSiSiSiSiSiSi
filename: c000001061447647.gin     
Cell:
    11.9020996    11.9020996    29.6919994    90.0000000    90.0000000   120.0000000
Box:
    11.9020996    -5.9510503     0.0000000
     0.0000000    10.3075209     0.0000000
     0.0000000     0.0000000    29.6919994
----------------------------------------
Inverse Box:
     0.0840188     0.0485083     0.0000000
     0.0000000     0.0970165     0.0000000
     0.0000000     0.0000000     0.0336791
----------------------------------------
==============================================
geometrical properties of  11 Ge:
 Configuration:           0
 D_ave:   9.93022060       3.60595870    
 D_min:   4.65231037       1.32032692    
 energia:  -9573.06055    
