Random Seed:  1118382567
Number of atoms:    60
Space Group:    1
Cell:
    11.9020996    11.9020996    29.6919994    90.0000000    90.0000000   120.0000000
Box:
    11.9020996    -5.9510503     0.0000000
     0.0000000    10.3075209     0.0000000
     0.0000000     0.0000000    29.6919994
----------------------------------------
Inverse Box:
     0.0840188     0.0485083     0.0000000
     0.0000000     0.0970165     0.0000000
     0.0000000     0.0000000     0.0336791
----------------------------------------
SiGeSiSiSiSiSiSiSiSiSiSiSiSiSiSiSiSiSiSiSiSiSiSiSiSiSiSiGeSiSiSiSiSiSiSiSiSiSiSiSiSiSiSiSiSiSiSiSiSiSiSiSiSiSiSiSiSiSiSi
           2 Ge    -7727.64551    
SiGeGeSiSiSiSiSiSiSiSiSiSiSiSiSiSiSiSiSiSiSiSiSiSiSiSiSiGeSiSiSiSiSiSiSiSiSiSiSiSiSiSiSiSiSiSiSiSiSiSiSiSiSiSiSiSiSiSiSi
           3 Ge    -7714.97461    
SiGeGeGeSiSiSiSiSiSiSiSiSiSiSiSiSiSiSiSiSiSiSiSiSiSiSiSiGeSiSiSiSiSiSiSiSiSiSiSiSiSiSiSiSiSiSiSiSiSiSiSiSiSiSiSiSiSiSiSi
           4 Ge    -7720.30762    
SiGeGeGeGeSiSiSiSiSiSiSiSiSiSiSiSiSiSiSiSiSiSiSiSiSiSiSiGeSiSiSiSiSiSiSiSiSiSiSiSiSiSiSiSiSiSiSiSiSiSiSiSiSiSiSiSiSiSiSi
           5 Ge    -7738.06348    
SiGeGeGeGeGeSiSiSiSiSiSiSiSiSiSiSiSiSiSiSiSiSiSiSiSiSiSiGeSiSiSiSiSiSiSiSiSiSiSiSiSiSiSiSiSiSiSiSiSiSiSiSiSiSiSiSiSiSiSi
           6 Ge    -7774.10059    
SiGeGeGeGeGeGeSiSiSiSiSiSiSiSiSiSiSiSiSiSiSiSiSiSiSiSiSiGeSiSiSiSiSiSiSiSiSiSiSiSiSiSiSiSiSiSiSiSiSiSiSiSiSiSiSiSiSiSiSi
           7 Ge    -7885.91602    
SiGeGeGeGeGeGeGeSiSiSiSiSiSiSiSiSiSiSiSiSiSiSiSiSiSiSiSiGeSiSiSiSiSiSiSiSiSiSiSiSiSiSiSiSiSiSiSiSiSiSiSiSiSiSiSiSiSiSiSi
           8 Ge    -8025.66797    
SiGeGeGeGeGeGeGeSiSiSiGeSiSiSiSiSiSiSiSiSiSiSiSiSiSiSiSiGeSiSiSiSiSiSiSiSiSiSiSiSiSiSiSiSiSiSiSiSiSiSiSiSiSiSiSiSiSiSiSi
          12 Ge    -8279.43457    
SiGeGeGeGeGeGeGeSiSiSiGeGeSiSiSiSiSiSiSiSiSiSiSiSiSiSiSiGeSiSiSiSiSiSiSiSiSiSiSiSiSiSiSiSiSiSiSiSiSiSiSiSiSiSiSiSiSiSiSi
          13 Ge    -8576.49902    
SiGeGeGeGeGeGeGeSiSiSiGeGeSiSiGeSiSiSiSiSiSiSiSiSiSiSiSiGeSiSiSiSiSiSiSiSiSiSiSiSiSiSiSiSiSiSiSiSiSiSiSiSiSiSiSiSiSiSiSi
          16 Ge    -8927.15234    
==============================================
MonteCarlo: Metropolis with identity changes
Si > Ge, Ge > Si. STOP when occurrence <    0.00000
==============================================
Cost_function     Occurrence %     Scan-Cost
    -9170.5546875000 SiGeGeGeSiSiSiGeSiSiGeGeSiSiSiSiSiSiSiSiSiSiSiSiSiSiSiSiGeSiSiSiGeSiSiSiSiSiSiSiSiSiSiSiSiSiGeSiSiSiSiSiSiSiSiSiGeGeSiSi
    -9488.4257812500 GeGeSiGeSiSiSiGeGeSiGeGeSiSiSiSiSiSiSiSiSiSiSiSiSiSiSiSiSiSiSiSiSiSiSiSiSiSiSiSiSiSiSiSiSiSiSiSiSiSiSiSiSiSiSiGeGeGeSiGe
    -9491.6972656250 SiGeSiGeSiSiSiGeGeGeGeGeSiSiSiSiSiSiSiSiSiSiSiSiSiSiSiSiSiSiSiSiSiSiSiSiSiSiSiSiSiSiSiSiSiSiSiSiSiSiSiSiSiSiSiGeGeGeSiGe
    -9491.6972656250 SiGeSiGeSiSiSiGeGeGeGeGeSiSiSiSiSiSiSiSiSiSiSiSiSiSiSiSiSiSiSiSiSiSiSiSiSiSiSiSiSiSiSiSiSiSiSiSiSiSiSiSiSiSiSiGeGeGeSiGe
    -9493.1914062500 GeGeSiGeSiSiSiGeGeGeGeSiSiSiSiSiSiSiSiSiSiSiSiSiSiSiSiSiSiSiSiSiSiSiSiSiSiSiSiSiSiSiSiSiSiSiSiSiSiSiSiSiSiSiSiGeGeGeSiGe
    -9493.1914062500 GeGeSiGeSiSiSiGeGeGeGeSiSiSiSiSiSiSiSiSiSiSiSiSiSiSiSiSiSiSiSiSiSiSiSiSiSiSiSiSiSiSiSiSiSiSiSiSiSiSiSiSiSiSiSiGeGeGeSiGe
    -9493.1914062500 GeGeSiGeSiSiSiGeGeGeGeSiSiSiSiSiSiSiSiSiSiSiSiSiSiSiSiSiSiSiSiSiSiSiSiSiSiSiSiSiSiSiSiSiSiSiSiSiSiSiSiSiSiSiSiGeGeGeSiGe
    -9545.7363281250 GeGeSiGeSiSiSiGeGeGeGeSiSiSiSiSiSiSiSiSiSiSiSiSiSiSiSiSiSiSiSiSiSiSiSiSiSiSiSiSiSiSiSiSiSiSiSiSiSiSiSiSiSiSiGeGeSiGeSiGe
    -9545.7363281250 GeGeSiGeSiSiSiGeGeGeGeSiSiSiSiSiSiSiSiSiSiSiSiSiSiSiSiSiSiSiSiSiSiSiSiSiSiSiSiSiSiSiSiSiSiSiSiSiSiSiSiSiSiSiGeGeSiGeSiGe
    -9545.7363281250 GeGeSiGeSiSiSiGeGeGeGeSiSiSiSiSiSiSiSiSiSiSiSiSiSiSiSiSiSiSiSiSiSiSiSiSiSiSiSiSiSiSiSiSiSiSiSiSiSiSiSiSiSiSiGeGeSiGeSiGe
    -9545.7363281250 GeGeSiGeSiSiSiGeGeGeGeSiSiSiSiSiSiSiSiSiSiSiSiSiSiSiSiSiSiSiSiSiSiSiSiSiSiSiSiSiSiSiSiSiSiSiSiSiSiSiSiSiSiSiGeGeSiGeSiGe
    -9545.7363281250 GeGeSiGeSiSiSiGeGeGeGeSiSiSiSiSiSiSiSiSiSiSiSiSiSiSiSiSiSiSiSiSiSiSiSiSiSiSiSiSiSiSiSiSiSiSiSiSiSiSiSiSiSiSiGeGeSiGeSiGe
    -9545.7363281250 GeGeSiGeSiSiSiGeGeGeGeSiSiSiSiSiSiSiSiSiSiSiSiSiSiSiSiSiSiSiSiSiSiSiSiSiSiSiSiSiSiSiSiSiSiSiSiSiSiSiSiSiSiSiGeGeSiGeSiGe
    -9545.7363281250 GeGeSiGeSiSiSiGeGeGeGeSiSiSiSiSiSiSiSiSiSiSiSiSiSiSiSiSiSiSiSiSiSiSiSiSiSiSiSiSiSiSiSiSiSiSiSiSiSiSiSiSiSiSiGeGeSiGeSiGe
    -9545.7363281250 GeGeSiGeSiSiSiGeGeGeGeSiSiSiSiSiSiSiSiSiSiSiSiSiSiSiSiSiSiSiSiSiSiSiSiSiSiSiSiSiSiSiSiSiSiSiSiSiSiSiSiSiSiSiGeGeSiGeSiGe
    -9545.7363281250 GeGeSiGeSiSiSiGeGeGeGeSiSiSiSiSiSiSiSiSiSiSiSiSiSiSiSiSiSiSiSiSiSiSiSiSiSiSiSiSiSiSiSiSiSiSiSiSiSiSiSiSiSiSiGeGeSiGeSiGe
    -9545.7363281250 GeGeSiGeSiSiSiGeGeGeGeSiSiSiSiSiSiSiSiSiSiSiSiSiSiSiSiSiSiSiSiSiSiSiSiSiSiSiSiSiSiSiSiSiSiSiSiSiSiSiSiSiSiSiGeGeSiGeSiGe
    -9545.7363281250 GeGeSiGeSiSiSiGeGeGeGeSiSiSiSiSiSiSiSiSiSiSiSiSiSiSiSiSiSiSiSiSiSiSiSiSiSiSiSiSiSiSiSiSiSiSiSiSiSiSiSiSiSiSiGeGeSiGeSiGe
    -9545.7363281250 GeGeSiGeSiSiSiGeGeGeGeSiSiSiSiSiSiSiSiSiSiSiSiSiSiSiSiSiSiSiSiSiSiSiSiSiSiSiSiSiSiSiSiSiSiSiSiSiSiSiSiSiSiSiGeGeSiGeSiGe
    -9545.7363281250 GeGeSiGeSiSiSiGeGeGeGeSiSiSiSiSiSiSiSiSiSiSiSiSiSiSiSiSiSiSiSiSiSiSiSiSiSiSiSiSiSiSiSiSiSiSiSiSiSiSiSiSiSiSiGeGeSiGeSiGe
    -9545.7363281250 GeGeSiGeSiSiSiGeGeGeGeSiSiSiSiSiSiSiSiSiSiSiSiSiSiSiSiSiSiSiSiSiSiSiSiSiSiSiSiSiSiSiSiSiSiSiSiSiSiSiSiSiSiSiGeGeSiGeSiGe
    -9545.7363281250 GeGeSiGeSiSiSiGeGeGeGeSiSiSiSiSiSiSiSiSiSiSiSiSiSiSiSiSiSiSiSiSiSiSiSiSiSiSiSiSiSiSiSiSiSiSiSiSiSiSiSiSiSiSiGeGeSiGeSiGe
    -9547.3964843750 GeGeSiGeSiSiGeGeSiGeGeSiSiSiSiSiSiSiSiSiSiSiSiSiSiSiSiSiSiSiSiSiSiSiSiSiSiSiSiSiSiSiSiSiSiSiSiSiSiSiSiSiSiSiGeGeSiGeSiGe
    -9547.3964843750 GeGeSiGeSiSiGeGeSiGeGeSiSiSiSiSiSiSiSiSiSiSiSiSiSiSiSiSiSiSiSiSiSiSiSiSiSiSiSiSiSiSiSiSiSiSiSiSiSiSiSiSiSiSiGeGeSiGeSiGe
    -9547.3964843750 GeGeSiGeSiSiGeGeSiGeGeSiSiSiSiSiSiSiSiSiSiSiSiSiSiSiSiSiSiSiSiSiSiSiSiSiSiSiSiSiSiSiSiSiSiSiSiSiSiSiSiSiSiSiGeGeSiGeSiGe
    -9547.3964843750 GeGeSiGeSiSiGeGeSiGeGeSiSiSiSiSiSiSiSiSiSiSiSiSiSiSiSiSiSiSiSiSiSiSiSiSiSiSiSiSiSiSiSiSiSiSiSiSiSiSiSiSiSiSiGeGeSiGeSiGe
    -9547.3964843750 GeGeSiGeSiSiGeGeSiGeGeSiSiSiSiSiSiSiSiSiSiSiSiSiSiSiSiSiSiSiSiSiSiSiSiSiSiSiSiSiSiSiSiSiSiSiSiSiSiSiSiSiSiSiGeGeSiGeSiGe
    -9547.3964843750 GeGeSiGeSiSiGeGeSiGeGeSiSiSiSiSiSiSiSiSiSiSiSiSiSiSiSiSiSiSiSiSiSiSiSiSiSiSiSiSiSiSiSiSiSiSiSiSiSiSiSiSiSiSiGeGeSiGeSiGe
    -9547.3964843750 GeGeSiGeSiSiGeGeSiGeGeSiSiSiSiSiSiSiSiSiSiSiSiSiSiSiSiSiSiSiSiSiSiSiSiSiSiSiSiSiSiSiSiSiSiSiSiSiSiSiSiSiSiSiGeGeSiGeSiGe
    -9547.3964843750 GeGeSiGeSiSiGeGeSiGeGeSiSiSiSiSiSiSiSiSiSiSiSiSiSiSiSiSiSiSiSiSiSiSiSiSiSiSiSiSiSiSiSiSiSiSiSiSiSiSiSiSiSiSiGeGeSiGeSiGe
    -9547.3964843750 GeGeSiGeSiSiGeGeSiGeGeSiSiSiSiSiSiSiSiSiSiSiSiSiSiSiSiSiSiSiSiSiSiSiSiSiSiSiSiSiSiSiSiSiSiSiSiSiSiSiSiSiSiSiGeGeSiGeSiGe
    -9547.3964843750 GeGeSiGeSiSiGeGeSiGeGeSiSiSiSiSiSiSiSiSiSiSiSiSiSiSiSiSiSiSiSiSiSiSiSiSiSiSiSiSiSiSiSiSiSiSiSiSiSiSiSiSiSiSiGeGeSiGeSiGe
    -9547.3964843750 GeGeSiGeSiSiGeGeSiGeGeSiSiSiSiSiSiSiSiSiSiSiSiSiSiSiSiSiSiSiSiSiSiSiSiSiSiSiSiSiSiSiSiSiSiSiSiSiSiSiSiSiSiSiGeGeSiGeSiGe
    -9547.3964843750 GeGeSiGeSiSiGeGeSiGeGeSiSiSiSiSiSiSiSiSiSiSiSiSiSiSiSiSiSiSiSiSiSiSiSiSiSiSiSiSiSiSiSiSiSiSiSiSiSiSiSiSiSiSiGeGeSiGeSiGe
    -9547.3964843750 GeGeSiGeSiSiGeGeSiGeGeSiSiSiSiSiSiSiSiSiSiSiSiSiSiSiSiSiSiSiSiSiSiSiSiSiSiSiSiSiSiSiSiSiSiSiSiSiSiSiSiSiSiSiGeGeSiGeSiGe
    -9547.3964843750 GeGeSiGeSiSiGeGeSiGeGeSiSiSiSiSiSiSiSiSiSiSiSiSiSiSiSiSiSiSiSiSiSiSiSiSiSiSiSiSiSiSiSiSiSiSiSiSiSiSiSiSiSiSiGeGeSiGeSiGe
    -9547.3964843750 GeGeSiGeSiSiGeGeSiGeGeSiSiSiSiSiSiSiSiSiSiSiSiSiSiSiSiSiSiSiSiSiSiSiSiSiSiSiSiSiSiSiSiSiSiSiSiSiSiSiSiSiSiSiGeGeSiGeSiGe
    -9547.3964843750 GeGeSiGeSiSiGeGeSiGeGeSiSiSiSiSiSiSiSiSiSiSiSiSiSiSiSiSiSiSiSiSiSiSiSiSiSiSiSiSiSiSiSiSiSiSiSiSiSiSiSiSiSiSiGeGeSiGeSiGe
    -9547.3964843750 GeGeSiGeSiSiGeGeSiGeGeSiSiSiSiSiSiSiSiSiSiSiSiSiSiSiSiSiSiSiSiSiSiSiSiSiSiSiSiSiSiSiSiSiSiSiSiSiSiSiSiSiSiSiGeGeSiGeSiGe
    -9547.3964843750 GeGeSiGeSiSiGeGeSiGeGeSiSiSiSiSiSiSiSiSiSiSiSiSiSiSiSiSiSiSiSiSiSiSiSiSiSiSiSiSiSiSiSiSiSiSiSiSiSiSiSiSiSiSiGeGeSiGeSiGe
    -9559.2060546875 GeGeSiGeSiSiGeGeSiGeGeSiSiSiSiSiSiSiSiSiSiSiSiSiSiSiSiSiSiSiSiSiSiSiSiSiSiSiSiSiSiSiSiSiSiSiSiSiSiSiSiSiSiSiGeGeGeGeSiSi
    -9559.2060546875 GeGeSiGeSiSiGeGeSiGeGeSiSiSiSiSiSiSiSiSiSiSiSiSiSiSiSiSiSiSiSiSiSiSiSiSiSiSiSiSiSiSiSiSiSiSiSiSiSiSiSiSiSiSiGeGeGeGeSiSi
    -9559.2060546875 GeGeSiGeSiSiGeGeSiGeGeSiSiSiSiSiSiSiSiSiSiSiSiSiSiSiSiSiSiSiSiSiSiSiSiSiSiSiSiSiSiSiSiSiSiSiSiSiSiSiSiSiSiSiGeGeGeGeSiSi
    -9559.2060546875 GeGeSiGeSiSiGeGeSiGeGeSiSiSiSiSiSiSiSiSiSiSiSiSiSiSiSiSiSiSiSiSiSiSiSiSiSiSiSiSiSiSiSiSiSiSiSiSiSiSiSiSiSiSiGeGeGeGeSiSi
    -9559.2060546875 GeGeSiGeSiSiGeGeSiGeGeSiSiSiSiSiSiSiSiSiSiSiSiSiSiSiSiSiSiSiSiSiSiSiSiSiSiSiSiSiSiSiSiSiSiSiSiSiSiSiSiSiSiSiGeGeGeGeSiSi
    -9559.2060546875 GeGeSiGeSiSiGeGeSiGeGeSiSiSiSiSiSiSiSiSiSiSiSiSiSiSiSiSiSiSiSiSiSiSiSiSiSiSiSiSiSiSiSiSiSiSiSiSiSiSiSiSiSiSiGeGeGeGeSiSi
    -9559.2060546875 GeGeSiGeSiSiGeGeSiGeGeSiSiSiSiSiSiSiSiSiSiSiSiSiSiSiSiSiSiSiSiSiSiSiSiSiSiSiSiSiSiSiSiSiSiSiSiSiSiSiSiSiSiSiGeGeGeGeSiSi
    -9559.2060546875 GeGeSiGeSiSiGeGeSiGeGeSiSiSiSiSiSiSiSiSiSiSiSiSiSiSiSiSiSiSiSiSiSiSiSiSiSiSiSiSiSiSiSiSiSiSiSiSiSiSiSiSiSiSiGeGeGeGeSiSi
    -9559.2060546875 GeGeSiGeSiSiGeGeSiGeGeSiSiSiSiSiSiSiSiSiSiSiSiSiSiSiSiSiSiSiSiSiSiSiSiSiSiSiSiSiSiSiSiSiSiSiSiSiSiSiSiSiSiSiGeGeGeGeSiSi
    -9559.2060546875 GeGeSiGeSiSiGeGeSiGeGeSiSiSiSiSiSiSiSiSiSiSiSiSiSiSiSiSiSiSiSiSiSiSiSiSiSiSiSiSiSiSiSiSiSiSiSiSiSiSiSiSiSiSiGeGeGeGeSiSi
    -9559.2060546875 GeGeSiGeSiSiGeGeSiGeGeSiSiSiSiSiSiSiSiSiSiSiSiSiSiSiSiSiSiSiSiSiSiSiSiSiSiSiSiSiSiSiSiSiSiSiSiSiSiSiSiSiSiSiGeGeGeGeSiSi
    -9559.2060546875 GeGeSiGeSiSiGeGeSiGeGeSiSiSiSiSiSiSiSiSiSiSiSiSiSiSiSiSiSiSiSiSiSiSiSiSiSiSiSiSiSiSiSiSiSiSiSiSiSiSiSiSiSiSiGeGeGeGeSiSi
    -9559.2060546875 GeGeSiGeSiSiGeGeSiGeGeSiSiSiSiSiSiSiSiSiSiSiSiSiSiSiSiSiSiSiSiSiSiSiSiSiSiSiSiSiSiSiSiSiSiSiSiSiSiSiSiSiSiSiGeGeGeGeSiSi
    -9559.2060546875 GeGeSiGeSiSiGeGeSiGeGeSiSiSiSiSiSiSiSiSiSiSiSiSiSiSiSiSiSiSiSiSiSiSiSiSiSiSiSiSiSiSiSiSiSiSiSiSiSiSiSiSiSiSiGeGeGeGeSiSi
    -9559.2060546875 GeGeSiGeSiSiGeGeSiGeGeSiSiSiSiSiSiSiSiSiSiSiSiSiSiSiSiSiSiSiSiSiSiSiSiSiSiSiSiSiSiSiSiSiSiSiSiSiSiSiSiSiSiSiGeGeGeGeSiSi
    -9559.2060546875 GeGeSiGeSiSiGeGeSiGeGeSiSiSiSiSiSiSiSiSiSiSiSiSiSiSiSiSiSiSiSiSiSiSiSiSiSiSiSiSiSiSiSiSiSiSiSiSiSiSiSiSiSiSiGeGeGeGeSiSi
    -9559.2060546875 GeGeSiGeSiSiGeGeSiGeGeSiSiSiSiSiSiSiSiSiSiSiSiSiSiSiSiSiSiSiSiSiSiSiSiSiSiSiSiSiSiSiSiSiSiSiSiSiSiSiSiSiSiSiGeGeGeGeSiSi
    -9559.2060546875 GeGeSiGeSiSiGeGeSiGeGeSiSiSiSiSiSiSiSiSiSiSiSiSiSiSiSiSiSiSiSiSiSiSiSiSiSiSiSiSiSiSiSiSiSiSiSiSiSiSiSiSiSiSiGeGeGeGeSiSi
    -9559.2060546875 GeGeSiGeSiSiGeGeSiGeGeSiSiSiSiSiSiSiSiSiSiSiSiSiSiSiSiSiSiSiSiSiSiSiSiSiSiSiSiSiSiSiSiSiSiSiSiSiSiSiSiSiSiSiGeGeGeGeSiSi
    -9559.2060546875 GeGeSiGeSiSiGeGeSiGeGeSiSiSiSiSiSiSiSiSiSiSiSiSiSiSiSiSiSiSiSiSiSiSiSiSiSiSiSiSiSiSiSiSiSiSiSiSiSiSiSiSiSiSiGeGeGeGeSiSi
    -9559.2060546875 GeGeSiGeSiSiGeGeSiGeGeSiSiSiSiSiSiSiSiSiSiSiSiSiSiSiSiSiSiSiSiSiSiSiSiSiSiSiSiSiSiSiSiSiSiSiSiSiSiSiSiSiSiSiGeGeGeGeSiSi
    -9559.2060546875 GeGeSiGeSiSiGeGeSiGeGeSiSiSiSiSiSiSiSiSiSiSiSiSiSiSiSiSiSiSiSiSiSiSiSiSiSiSiSiSiSiSiSiSiSiSiSiSiSiSiSiSiSiSiGeGeGeGeSiSi
    -9559.2060546875 GeGeSiGeSiSiGeGeSiGeGeSiSiSiSiSiSiSiSiSiSiSiSiSiSiSiSiSiSiSiSiSiSiSiSiSiSiSiSiSiSiSiSiSiSiSiSiSiSiSiSiSiSiSiGeGeGeGeSiSi
    -9559.2060546875 GeGeSiGeSiSiGeGeSiGeGeSiSiSiSiSiSiSiSiSiSiSiSiSiSiSiSiSiSiSiSiSiSiSiSiSiSiSiSiSiSiSiSiSiSiSiSiSiSiSiSiSiSiSiGeGeGeGeSiSi
    -9559.2060546875 GeGeSiGeSiSiGeGeSiGeGeSiSiSiSiSiSiSiSiSiSiSiSiSiSiSiSiSiSiSiSiSiSiSiSiSiSiSiSiSiSiSiSiSiSiSiSiSiSiSiSiSiSiSiGeGeGeGeSiSi
    -9559.2060546875 GeGeSiGeSiSiGeGeSiGeGeSiSiSiSiSiSiSiSiSiSiSiSiSiSiSiSiSiSiSiSiSiSiSiSiSiSiSiSiSiSiSiSiSiSiSiSiSiSiSiSiSiSiSiGeGeGeGeSiSi
    -9559.2060546875 GeGeSiGeSiSiGeGeSiGeGeSiSiSiSiSiSiSiSiSiSiSiSiSiSiSiSiSiSiSiSiSiSiSiSiSiSiSiSiSiSiSiSiSiSiSiSiSiSiSiSiSiSiSiGeGeGeGeSiSi
    -9559.2060546875 GeGeSiGeSiSiGeGeSiGeGeSiSiSiSiSiSiSiSiSiSiSiSiSiSiSiSiSiSiSiSiSiSiSiSiSiSiSiSiSiSiSiSiSiSiSiSiSiSiSiSiSiSiSiGeGeGeGeSiSi
    -9559.2060546875 GeGeSiGeSiSiGeGeSiGeGeSiSiSiSiSiSiSiSiSiSiSiSiSiSiSiSiSiSiSiSiSiSiSiSiSiSiSiSiSiSiSiSiSiSiSiSiSiSiSiSiSiSiSiGeGeGeGeSiSi
    -9559.2060546875 GeGeSiGeSiSiGeGeSiGeGeSiSiSiSiSiSiSiSiSiSiSiSiSiSiSiSiSiSiSiSiSiSiSiSiSiSiSiSiSiSiSiSiSiSiSiSiSiSiSiSiSiSiSiGeGeGeGeSiSi
    -9559.2060546875 GeGeSiGeSiSiGeGeSiGeGeSiSiSiSiSiSiSiSiSiSiSiSiSiSiSiSiSiSiSiSiSiSiSiSiSiSiSiSiSiSiSiSiSiSiSiSiSiSiSiSiSiSiSiGeGeGeGeSiSi
    -9559.2060546875 GeGeSiGeSiSiGeGeSiGeGeSiSiSiSiSiSiSiSiSiSiSiSiSiSiSiSiSiSiSiSiSiSiSiSiSiSiSiSiSiSiSiSiSiSiSiSiSiSiSiSiSiSiSiGeGeGeGeSiSi
    -9559.2060546875 GeGeSiGeSiSiGeGeSiGeGeSiSiSiSiSiSiSiSiSiSiSiSiSiSiSiSiSiSiSiSiSiSiSiSiSiSiSiSiSiSiSiSiSiSiSiSiSiSiSiSiSiSiSiGeGeGeGeSiSi
    -9559.2060546875 GeGeSiGeSiSiGeGeSiGeGeSiSiSiSiSiSiSiSiSiSiSiSiSiSiSiSiSiSiSiSiSiSiSiSiSiSiSiSiSiSiSiSiSiSiSiSiSiSiSiSiSiSiSiGeGeGeGeSiSi
    -9559.2060546875 GeGeSiGeSiSiGeGeSiGeGeSiSiSiSiSiSiSiSiSiSiSiSiSiSiSiSiSiSiSiSiSiSiSiSiSiSiSiSiSiSiSiSiSiSiSiSiSiSiSiSiSiSiSiGeGeGeGeSiSi
    -9559.2060546875 GeGeSiGeSiSiGeGeSiGeGeSiSiSiSiSiSiSiSiSiSiSiSiSiSiSiSiSiSiSiSiSiSiSiSiSiSiSiSiSiSiSiSiSiSiSiSiSiSiSiSiSiSiSiGeGeGeGeSiSi
    -9559.2060546875 GeGeSiGeSiSiGeGeSiGeGeSiSiSiSiSiSiSiSiSiSiSiSiSiSiSiSiSiSiSiSiSiSiSiSiSiSiSiSiSiSiSiSiSiSiSiSiSiSiSiSiSiSiSiGeGeGeGeSiSi
    -9559.2060546875 GeGeSiGeSiSiGeGeSiGeGeSiSiSiSiSiSiSiSiSiSiSiSiSiSiSiSiSiSiSiSiSiSiSiSiSiSiSiSiSiSiSiSiSiSiSiSiSiSiSiSiSiSiSiGeGeGeGeSiSi
    -9559.2060546875 GeGeSiGeSiSiGeGeSiGeGeSiSiSiSiSiSiSiSiSiSiSiSiSiSiSiSiSiSiSiSiSiSiSiSiSiSiSiSiSiSiSiSiSiSiSiSiSiSiSiSiSiSiSiGeGeGeGeSiSi
    -9559.2060546875 GeGeSiGeSiSiGeGeSiGeGeSiSiSiSiSiSiSiSiSiSiSiSiSiSiSiSiSiSiSiSiSiSiSiSiSiSiSiSiSiSiSiSiSiSiSiSiSiSiSiSiSiSiSiGeGeGeGeSiSi
    -9559.2060546875 GeGeSiGeSiSiGeGeSiGeGeSiSiSiSiSiSiSiSiSiSiSiSiSiSiSiSiSiSiSiSiSiSiSiSiSiSiSiSiSiSiSiSiSiSiSiSiSiSiSiSiSiSiSiGeGeGeGeSiSi
    -9559.2060546875 GeGeSiGeSiSiGeGeSiGeGeSiSiSiSiSiSiSiSiSiSiSiSiSiSiSiSiSiSiSiSiSiSiSiSiSiSiSiSiSiSiSiSiSiSiSiSiSiSiSiSiSiSiSiGeGeGeGeSiSi
    -9559.2060546875 GeGeSiGeSiSiGeGeSiGeGeSiSiSiSiSiSiSiSiSiSiSiSiSiSiSiSiSiSiSiSiSiSiSiSiSiSiSiSiSiSiSiSiSiSiSiSiSiSiSiSiSiSiSiGeGeGeGeSiSi
    -9559.2060546875 GeGeSiGeSiSiGeGeSiGeGeSiSiSiSiSiSiSiSiSiSiSiSiSiSiSiSiSiSiSiSiSiSiSiSiSiSiSiSiSiSiSiSiSiSiSiSiSiSiSiSiSiSiSiGeGeGeGeSiSi
    -9559.2060546875 GeGeSiGeSiSiGeGeSiGeGeSiSiSiSiSiSiSiSiSiSiSiSiSiSiSiSiSiSiSiSiSiSiSiSiSiSiSiSiSiSiSiSiSiSiSiSiSiSiSiSiSiSiSiGeGeGeGeSiSi
    -9559.2060546875 GeGeSiGeSiSiGeGeSiGeGeSiSiSiSiSiSiSiSiSiSiSiSiSiSiSiSiSiSiSiSiSiSiSiSiSiSiSiSiSiSiSiSiSiSiSiSiSiSiSiSiSiSiSiGeGeGeGeSiSi
    -9559.2060546875 GeGeSiGeSiSiGeGeSiGeGeSiSiSiSiSiSiSiSiSiSiSiSiSiSiSiSiSiSiSiSiSiSiSiSiSiSiSiSiSiSiSiSiSiSiSiSiSiSiSiSiSiSiSiGeGeGeGeSiSi
    -9559.2060546875 GeGeSiGeSiSiGeGeSiGeGeSiSiSiSiSiSiSiSiSiSiSiSiSiSiSiSiSiSiSiSiSiSiSiSiSiSiSiSiSiSiSiSiSiSiSiSiSiSiSiSiSiSiSiGeGeGeGeSiSi
    -9559.2060546875 GeGeSiGeSiSiGeGeSiGeGeSiSiSiSiSiSiSiSiSiSiSiSiSiSiSiSiSiSiSiSiSiSiSiSiSiSiSiSiSiSiSiSiSiSiSiSiSiSiSiSiSiSiSiGeGeGeGeSiSi
    -9559.2060546875 GeGeSiGeSiSiGeGeSiGeGeSiSiSiSiSiSiSiSiSiSiSiSiSiSiSiSiSiSiSiSiSiSiSiSiSiSiSiSiSiSiSiSiSiSiSiSiSiSiSiSiSiSiSiGeGeGeGeSiSi
    -9559.2060546875 GeGeSiGeSiSiGeGeSiGeGeSiSiSiSiSiSiSiSiSiSiSiSiSiSiSiSiSiSiSiSiSiSiSiSiSiSiSiSiSiSiSiSiSiSiSiSiSiSiSiSiSiSiSiGeGeGeGeSiSi
    -9559.2060546875 GeGeSiGeSiSiGeGeSiGeGeSiSiSiSiSiSiSiSiSiSiSiSiSiSiSiSiSiSiSiSiSiSiSiSiSiSiSiSiSiSiSiSiSiSiSiSiSiSiSiSiSiSiSiGeGeGeGeSiSi
    -9559.2060546875 GeGeSiGeSiSiGeGeSiGeGeSiSiSiSiSiSiSiSiSiSiSiSiSiSiSiSiSiSiSiSiSiSiSiSiSiSiSiSiSiSiSiSiSiSiSiSiSiSiSiSiSiSiSiGeGeGeGeSiSi
    -9559.2060546875 GeGeSiGeSiSiGeGeSiGeGeSiSiSiSiSiSiSiSiSiSiSiSiSiSiSiSiSiSiSiSiSiSiSiSiSiSiSiSiSiSiSiSiSiSiSiSiSiSiSiSiSiSiSiGeGeGeGeSiSi
    -9559.2060546875 GeGeSiGeSiSiGeGeSiGeGeSiSiSiSiSiSiSiSiSiSiSiSiSiSiSiSiSiSiSiSiSiSiSiSiSiSiSiSiSiSiSiSiSiSiSiSiSiSiSiSiSiSiSiGeGeGeGeSiSi
    -9559.2060546875 GeGeSiGeSiSiGeGeSiGeGeSiSiSiSiSiSiSiSiSiSiSiSiSiSiSiSiSiSiSiSiSiSiSiSiSiSiSiSiSiSiSiSiSiSiSiSiSiSiSiSiSiSiSiGeGeGeGeSiSi
    -9559.2060546875 GeGeSiGeSiSiGeGeSiGeGeSiSiSiSiSiSiSiSiSiSiSiSiSiSiSiSiSiSiSiSiSiSiSiSiSiSiSiSiSiSiSiSiSiSiSiSiSiSiSiSiSiSiSiGeGeGeGeSiSi
    -9559.2060546875 GeGeSiGeSiSiGeGeSiGeGeSiSiSiSiSiSiSiSiSiSiSiSiSiSiSiSiSiSiSiSiSiSiSiSiSiSiSiSiSiSiSiSiSiSiSiSiSiSiSiSiSiSiSiGeGeGeGeSiSi
    -9559.2060546875 GeGeSiGeSiSiGeGeSiGeGeSiSiSiSiSiSiSiSiSiSiSiSiSiSiSiSiSiSiSiSiSiSiSiSiSiSiSiSiSiSiSiSiSiSiSiSiSiSiSiSiSiSiSiGeGeGeGeSiSi
    -9559.2060546875 GeGeSiGeSiSiGeGeSiGeGeSiSiSiSiSiSiSiSiSiSiSiSiSiSiSiSiSiSiSiSiSiSiSiSiSiSiSiSiSiSiSiSiSiSiSiSiSiSiSiSiSiSiSiGeGeGeGeSiSi
    -9559.2060546875 GeGeSiGeSiSiGeGeSiGeGeSiSiSiSiSiSiSiSiSiSiSiSiSiSiSiSiSiSiSiSiSiSiSiSiSiSiSiSiSiSiSiSiSiSiSiSiSiSiSiSiSiSiSiGeGeGeGeSiSi
    -9559.2060546875 GeGeSiGeSiSiGeGeSiGeGeSiSiSiSiSiSiSiSiSiSiSiSiSiSiSiSiSiSiSiSiSiSiSiSiSiSiSiSiSiSiSiSiSiSiSiSiSiSiSiSiSiSiSiGeGeGeGeSiSi
    -9559.2060546875 GeGeSiGeSiSiGeGeSiGeGeSiSiSiSiSiSiSiSiSiSiSiSiSiSiSiSiSiSiSiSiSiSiSiSiSiSiSiSiSiSiSiSiSiSiSiSiSiSiSiSiSiSiSiGeGeGeGeSiSi
    -9559.2060546875 GeGeSiGeSiSiGeGeSiGeGeSiSiSiSiSiSiSiSiSiSiSiSiSiSiSiSiSiSiSiSiSiSiSiSiSiSiSiSiSiSiSiSiSiSiSiSiSiSiSiSiSiSiSiGeGeGeGeSiSi
    -9559.2060546875 GeGeSiGeSiSiGeGeSiGeGeSiSiSiSiSiSiSiSiSiSiSiSiSiSiSiSiSiSiSiSiSiSiSiSiSiSiSiSiSiSiSiSiSiSiSiSiSiSiSiSiSiSiSiGeGeGeGeSiSi
    -9559.2060546875 GeGeSiGeSiSiGeGeSiGeGeSiSiSiSiSiSiSiSiSiSiSiSiSiSiSiSiSiSiSiSiSiSiSiSiSiSiSiSiSiSiSiSiSiSiSiSiSiSiSiSiSiSiSiGeGeGeGeSiSi
    -9559.2060546875 GeGeSiGeSiSiGeGeSiGeGeSiSiSiSiSiSiSiSiSiSiSiSiSiSiSiSiSiSiSiSiSiSiSiSiSiSiSiSiSiSiSiSiSiSiSiSiSiSiSiSiSiSiSiGeGeGeGeSiSi
    -9559.2060546875 GeGeSiGeSiSiGeGeSiGeGeSiSiSiSiSiSiSiSiSiSiSiSiSiSiSiSiSiSiSiSiSiSiSiSiSiSiSiSiSiSiSiSiSiSiSiSiSiSiSiSiSiSiSiGeGeGeGeSiSi
    -9559.2060546875 GeGeSiGeSiSiGeGeSiGeGeSiSiSiSiSiSiSiSiSiSiSiSiSiSiSiSiSiSiSiSiSiSiSiSiSiSiSiSiSiSiSiSiSiSiSiSiSiSiSiSiSiSiSiGeGeGeGeSiSi
    -9559.2060546875 GeGeSiGeSiSiGeGeSiGeGeSiSiSiSiSiSiSiSiSiSiSiSiSiSiSiSiSiSiSiSiSiSiSiSiSiSiSiSiSiSiSiSiSiSiSiSiSiSiSiSiSiSiSiGeGeGeGeSiSi
    -9559.2060546875 GeGeSiGeSiSiGeGeSiGeGeSiSiSiSiSiSiSiSiSiSiSiSiSiSiSiSiSiSiSiSiSiSiSiSiSiSiSiSiSiSiSiSiSiSiSiSiSiSiSiSiSiSiSiGeGeGeGeSiSi
    -9559.2060546875 GeGeSiGeSiSiGeGeSiGeGeSiSiSiSiSiSiSiSiSiSiSiSiSiSiSiSiSiSiSiSiSiSiSiSiSiSiSiSiSiSiSiSiSiSiSiSiSiSiSiSiSiSiSiGeGeGeGeSiSi
    -9559.2060546875 GeGeSiGeSiSiGeGeSiGeGeSiSiSiSiSiSiSiSiSiSiSiSiSiSiSiSiSiSiSiSiSiSiSiSiSiSiSiSiSiSiSiSiSiSiSiSiSiSiSiSiSiSiSiGeGeGeGeSiSi
    -9559.2060546875 GeGeSiGeSiSiGeGeSiGeGeSiSiSiSiSiSiSiSiSiSiSiSiSiSiSiSiSiSiSiSiSiSiSiSiSiSiSiSiSiSiSiSiSiSiSiSiSiSiSiSiSiSiSiGeGeGeGeSiSi
    -9559.2060546875 GeGeSiGeSiSiGeGeSiGeGeSiSiSiSiSiSiSiSiSiSiSiSiSiSiSiSiSiSiSiSiSiSiSiSiSiSiSiSiSiSiSiSiSiSiSiSiSiSiSiSiSiSiSiGeGeGeGeSiSi
    -9559.2060546875 GeGeSiGeSiSiGeGeSiGeGeSiSiSiSiSiSiSiSiSiSiSiSiSiSiSiSiSiSiSiSiSiSiSiSiSiSiSiSiSiSiSiSiSiSiSiSiSiSiSiSiSiSiSiGeGeGeGeSiSi
    -9559.2060546875 GeGeSiGeSiSiGeGeSiGeGeSiSiSiSiSiSiSiSiSiSiSiSiSiSiSiSiSiSiSiSiSiSiSiSiSiSiSiSiSiSiSiSiSiSiSiSiSiSiSiSiSiSiSiGeGeGeGeSiSi
    -9559.2060546875 GeGeSiGeSiSiGeGeSiGeGeSiSiSiSiSiSiSiSiSiSiSiSiSiSiSiSiSiSiSiSiSiSiSiSiSiSiSiSiSiSiSiSiSiSiSiSiSiSiSiSiSiSiSiGeGeGeGeSiSi
    -9559.2060546875 GeGeSiGeSiSiGeGeSiGeGeSiSiSiSiSiSiSiSiSiSiSiSiSiSiSiSiSiSiSiSiSiSiSiSiSiSiSiSiSiSiSiSiSiSiSiSiSiSiSiSiSiSiSiGeGeGeGeSiSi
    -9559.2060546875 GeGeSiGeSiSiGeGeSiGeGeSiSiSiSiSiSiSiSiSiSiSiSiSiSiSiSiSiSiSiSiSiSiSiSiSiSiSiSiSiSiSiSiSiSiSiSiSiSiSiSiSiSiSiGeGeGeGeSiSi
    -9559.2060546875 GeGeSiGeSiSiGeGeSiGeGeSiSiSiSiSiSiSiSiSiSiSiSiSiSiSiSiSiSiSiSiSiSiSiSiSiSiSiSiSiSiSiSiSiSiSiSiSiSiSiSiSiSiSiGeGeGeGeSiSi
    -9559.2060546875 GeGeSiGeSiSiGeGeSiGeGeSiSiSiSiSiSiSiSiSiSiSiSiSiSiSiSiSiSiSiSiSiSiSiSiSiSiSiSiSiSiSiSiSiSiSiSiSiSiSiSiSiSiSiGeGeGeGeSiSi
    -9559.2060546875 GeGeSiGeSiSiGeGeSiGeGeSiSiSiSiSiSiSiSiSiSiSiSiSiSiSiSiSiSiSiSiSiSiSiSiSiSiSiSiSiSiSiSiSiSiSiSiSiSiSiSiSiSiSiGeGeGeGeSiSi
    -9559.2060546875 GeGeSiGeSiSiGeGeSiGeGeSiSiSiSiSiSiSiSiSiSiSiSiSiSiSiSiSiSiSiSiSiSiSiSiSiSiSiSiSiSiSiSiSiSiSiSiSiSiSiSiSiSiSiGeGeGeGeSiSi
    -9559.2060546875 GeGeSiGeSiSiGeGeSiGeGeSiSiSiSiSiSiSiSiSiSiSiSiSiSiSiSiSiSiSiSiSiSiSiSiSiSiSiSiSiSiSiSiSiSiSiSiSiSiSiSiSiSiSiGeGeGeGeSiSi
    -9559.2060546875 GeGeSiGeSiSiGeGeSiGeGeSiSiSiSiSiSiSiSiSiSiSiSiSiSiSiSiSiSiSiSiSiSiSiSiSiSiSiSiSiSiSiSiSiSiSiSiSiSiSiSiSiSiSiGeGeGeGeSiSi
    -9559.2060546875 GeGeSiGeSiSiGeGeSiGeGeSiSiSiSiSiSiSiSiSiSiSiSiSiSiSiSiSiSiSiSiSiSiSiSiSiSiSiSiSiSiSiSiSiSiSiSiSiSiSiSiSiSiSiGeGeGeGeSiSi
    -9559.2060546875 GeGeSiGeSiSiGeGeSiGeGeSiSiSiSiSiSiSiSiSiSiSiSiSiSiSiSiSiSiSiSiSiSiSiSiSiSiSiSiSiSiSiSiSiSiSiSiSiSiSiSiSiSiSiGeGeGeGeSiSi
    -9559.2060546875 GeGeSiGeSiSiGeGeSiGeGeSiSiSiSiSiSiSiSiSiSiSiSiSiSiSiSiSiSiSiSiSiSiSiSiSiSiSiSiSiSiSiSiSiSiSiSiSiSiSiSiSiSiSiGeGeGeGeSiSi
    -9559.2060546875 GeGeSiGeSiSiGeGeSiGeGeSiSiSiSiSiSiSiSiSiSiSiSiSiSiSiSiSiSiSiSiSiSiSiSiSiSiSiSiSiSiSiSiSiSiSiSiSiSiSiSiSiSiSiGeGeGeGeSiSi
    -9559.2060546875 GeGeSiGeSiSiGeGeSiGeGeSiSiSiSiSiSiSiSiSiSiSiSiSiSiSiSiSiSiSiSiSiSiSiSiSiSiSiSiSiSiSiSiSiSiSiSiSiSiSiSiSiSiSiGeGeGeGeSiSi
    -9559.2060546875 GeGeSiGeSiSiGeGeSiGeGeSiSiSiSiSiSiSiSiSiSiSiSiSiSiSiSiSiSiSiSiSiSiSiSiSiSiSiSiSiSiSiSiSiSiSiSiSiSiSiSiSiSiSiGeGeGeGeSiSi
    -9559.2060546875 GeGeSiGeSiSiGeGeSiGeGeSiSiSiSiSiSiSiSiSiSiSiSiSiSiSiSiSiSiSiSiSiSiSiSiSiSiSiSiSiSiSiSiSiSiSiSiSiSiSiSiSiSiSiGeGeGeGeSiSi
    -9559.2060546875 GeGeSiGeSiSiGeGeSiGeGeSiSiSiSiSiSiSiSiSiSiSiSiSiSiSiSiSiSiSiSiSiSiSiSiSiSiSiSiSiSiSiSiSiSiSiSiSiSiSiSiSiSiSiGeGeGeGeSiSi
    -9559.2060546875 GeGeSiGeSiSiGeGeSiGeGeSiSiSiSiSiSiSiSiSiSiSiSiSiSiSiSiSiSiSiSiSiSiSiSiSiSiSiSiSiSiSiSiSiSiSiSiSiSiSiSiSiSiSiGeGeGeGeSiSi
    -9559.2060546875 GeGeSiGeSiSiGeGeSiGeGeSiSiSiSiSiSiSiSiSiSiSiSiSiSiSiSiSiSiSiSiSiSiSiSiSiSiSiSiSiSiSiSiSiSiSiSiSiSiSiSiSiSiSiGeGeGeGeSiSi
    -9559.2060546875 GeGeSiGeSiSiGeGeSiGeGeSiSiSiSiSiSiSiSiSiSiSiSiSiSiSiSiSiSiSiSiSiSiSiSiSiSiSiSiSiSiSiSiSiSiSiSiSiSiSiSiSiSiSiGeGeGeGeSiSi
    -9559.2060546875 GeGeSiGeSiSiGeGeSiGeGeSiSiSiSiSiSiSiSiSiSiSiSiSiSiSiSiSiSiSiSiSiSiSiSiSiSiSiSiSiSiSiSiSiSiSiSiSiSiSiSiSiSiSiGeGeGeGeSiSi
    -9559.2060546875 GeGeSiGeSiSiGeGeSiGeGeSiSiSiSiSiSiSiSiSiSiSiSiSiSiSiSiSiSiSiSiSiSiSiSiSiSiSiSiSiSiSiSiSiSiSiSiSiSiSiSiSiSiSiGeGeGeGeSiSi
    -9559.2060546875 GeGeSiGeSiSiGeGeSiGeGeSiSiSiSiSiSiSiSiSiSiSiSiSiSiSiSiSiSiSiSiSiSiSiSiSiSiSiSiSiSiSiSiSiSiSiSiSiSiSiSiSiSiSiGeGeGeGeSiSi
    -9559.2060546875 GeGeSiGeSiSiGeGeSiGeGeSiSiSiSiSiSiSiSiSiSiSiSiSiSiSiSiSiSiSiSiSiSiSiSiSiSiSiSiSiSiSiSiSiSiSiSiSiSiSiSiSiSiSiGeGeGeGeSiSi
    -9559.2060546875 GeGeSiGeSiSiGeGeSiGeGeSiSiSiSiSiSiSiSiSiSiSiSiSiSiSiSiSiSiSiSiSiSiSiSiSiSiSiSiSiSiSiSiSiSiSiSiSiSiSiSiSiSiSiGeGeGeGeSiSi
    -9559.2060546875 GeGeSiGeSiSiGeGeSiGeGeSiSiSiSiSiSiSiSiSiSiSiSiSiSiSiSiSiSiSiSiSiSiSiSiSiSiSiSiSiSiSiSiSiSiSiSiSiSiSiSiSiSiSiGeGeGeGeSiSi
    -9559.2060546875 GeGeSiGeSiSiGeGeSiGeGeSiSiSiSiSiSiSiSiSiSiSiSiSiSiSiSiSiSiSiSiSiSiSiSiSiSiSiSiSiSiSiSiSiSiSiSiSiSiSiSiSiSiSiGeGeGeGeSiSi
    -9559.2060546875 GeGeSiGeSiSiGeGeSiGeGeSiSiSiSiSiSiSiSiSiSiSiSiSiSiSiSiSiSiSiSiSiSiSiSiSiSiSiSiSiSiSiSiSiSiSiSiSiSiSiSiSiSiSiGeGeGeGeSiSi
    -9559.2060546875 GeGeSiGeSiSiGeGeSiGeGeSiSiSiSiSiSiSiSiSiSiSiSiSiSiSiSiSiSiSiSiSiSiSiSiSiSiSiSiSiSiSiSiSiSiSiSiSiSiSiSiSiSiSiGeGeGeGeSiSi
    -9559.2060546875 GeGeSiGeSiSiGeGeSiGeGeSiSiSiSiSiSiSiSiSiSiSiSiSiSiSiSiSiSiSiSiSiSiSiSiSiSiSiSiSiSiSiSiSiSiSiSiSiSiSiSiSiSiSiGeGeGeGeSiSi
    -9559.2060546875 GeGeSiGeSiSiGeGeSiGeGeSiSiSiSiSiSiSiSiSiSiSiSiSiSiSiSiSiSiSiSiSiSiSiSiSiSiSiSiSiSiSiSiSiSiSiSiSiSiSiSiSiSiSiGeGeGeGeSiSi
    -9559.2060546875 GeGeSiGeSiSiGeGeSiGeGeSiSiSiSiSiSiSiSiSiSiSiSiSiSiSiSiSiSiSiSiSiSiSiSiSiSiSiSiSiSiSiSiSiSiSiSiSiSiSiSiSiSiSiGeGeGeGeSiSi
    -9559.2060546875 GeGeSiGeSiSiGeGeSiGeGeSiSiSiSiSiSiSiSiSiSiSiSiSiSiSiSiSiSiSiSiSiSiSiSiSiSiSiSiSiSiSiSiSiSiSiSiSiSiSiSiSiSiSiGeGeGeGeSiSi
    -9559.2060546875 GeGeSiGeSiSiGeGeSiGeGeSiSiSiSiSiSiSiSiSiSiSiSiSiSiSiSiSiSiSiSiSiSiSiSiSiSiSiSiSiSiSiSiSiSiSiSiSiSiSiSiSiSiSiGeGeGeGeSiSi
    -9559.2060546875 GeGeSiGeSiSiGeGeSiGeGeSiSiSiSiSiSiSiSiSiSiSiSiSiSiSiSiSiSiSiSiSiSiSiSiSiSiSiSiSiSiSiSiSiSiSiSiSiSiSiSiSiSiSiGeGeGeGeSiSi
    -9559.2060546875 GeGeSiGeSiSiGeGeSiGeGeSiSiSiSiSiSiSiSiSiSiSiSiSiSiSiSiSiSiSiSiSiSiSiSiSiSiSiSiSiSiSiSiSiSiSiSiSiSiSiSiSiSiSiGeGeGeGeSiSi
    -9559.2060546875 GeGeSiGeSiSiGeGeSiGeGeSiSiSiSiSiSiSiSiSiSiSiSiSiSiSiSiSiSiSiSiSiSiSiSiSiSiSiSiSiSiSiSiSiSiSiSiSiSiSiSiSiSiSiGeGeGeGeSiSi
    -9559.2060546875 GeGeSiGeSiSiGeGeSiGeGeSiSiSiSiSiSiSiSiSiSiSiSiSiSiSiSiSiSiSiSiSiSiSiSiSiSiSiSiSiSiSiSiSiSiSiSiSiSiSiSiSiSiSiGeGeGeGeSiSi
    -9559.2060546875 GeGeSiGeSiSiGeGeSiGeGeSiSiSiSiSiSiSiSiSiSiSiSiSiSiSiSiSiSiSiSiSiSiSiSiSiSiSiSiSiSiSiSiSiSiSiSiSiSiSiSiSiSiSiGeGeGeGeSiSi
    -9559.2060546875 GeGeSiGeSiSiGeGeSiGeGeSiSiSiSiSiSiSiSiSiSiSiSiSiSiSiSiSiSiSiSiSiSiSiSiSiSiSiSiSiSiSiSiSiSiSiSiSiSiSiSiSiSiSiGeGeGeGeSiSi
    -9559.2060546875 GeGeSiGeSiSiGeGeSiGeGeSiSiSiSiSiSiSiSiSiSiSiSiSiSiSiSiSiSiSiSiSiSiSiSiSiSiSiSiSiSiSiSiSiSiSiSiSiSiSiSiSiSiSiGeGeGeGeSiSi
    -9559.2060546875 GeGeSiGeSiSiGeGeSiGeGeSiSiSiSiSiSiSiSiSiSiSiSiSiSiSiSiSiSiSiSiSiSiSiSiSiSiSiSiSiSiSiSiSiSiSiSiSiSiSiSiSiSiSiGeGeGeGeSiSi
    -9559.2060546875 GeGeSiGeSiSiGeGeSiGeGeSiSiSiSiSiSiSiSiSiSiSiSiSiSiSiSiSiSiSiSiSiSiSiSiSiSiSiSiSiSiSiSiSiSiSiSiSiSiSiSiSiSiSiGeGeGeGeSiSi
    -9559.2060546875 GeGeSiGeSiSiGeGeSiGeGeSiSiSiSiSiSiSiSiSiSiSiSiSiSiSiSiSiSiSiSiSiSiSiSiSiSiSiSiSiSiSiSiSiSiSiSiSiSiSiSiSiSiSiGeGeGeGeSiSi
    -9559.2060546875 GeGeSiGeSiSiGeGeSiGeGeSiSiSiSiSiSiSiSiSiSiSiSiSiSiSiSiSiSiSiSiSiSiSiSiSiSiSiSiSiSiSiSiSiSiSiSiSiSiSiSiSiSiSiGeGeGeGeSiSi
    -9559.2060546875 GeGeSiGeSiSiGeGeSiGeGeSiSiSiSiSiSiSiSiSiSiSiSiSiSiSiSiSiSiSiSiSiSiSiSiSiSiSiSiSiSiSiSiSiSiSiSiSiSiSiSiSiSiSiGeGeGeGeSiSi
    -9559.2060546875 GeGeSiGeSiSiGeGeSiGeGeSiSiSiSiSiSiSiSiSiSiSiSiSiSiSiSiSiSiSiSiSiSiSiSiSiSiSiSiSiSiSiSiSiSiSiSiSiSiSiSiSiSiSiGeGeGeGeSiSi
    -9559.2060546875 GeGeSiGeSiSiGeGeSiGeGeSiSiSiSiSiSiSiSiSiSiSiSiSiSiSiSiSiSiSiSiSiSiSiSiSiSiSiSiSiSiSiSiSiSiSiSiSiSiSiSiSiSiSiGeGeGeGeSiSi
    -9559.2060546875 GeGeSiGeSiSiGeGeSiGeGeSiSiSiSiSiSiSiSiSiSiSiSiSiSiSiSiSiSiSiSiSiSiSiSiSiSiSiSiSiSiSiSiSiSiSiSiSiSiSiSiSiSiSiGeGeGeGeSiSi
    -9559.2060546875 GeGeSiGeSiSiGeGeSiGeGeSiSiSiSiSiSiSiSiSiSiSiSiSiSiSiSiSiSiSiSiSiSiSiSiSiSiSiSiSiSiSiSiSiSiSiSiSiSiSiSiSiSiSiGeGeGeGeSiSi
    -9559.2060546875 GeGeSiGeSiSiGeGeSiGeGeSiSiSiSiSiSiSiSiSiSiSiSiSiSiSiSiSiSiSiSiSiSiSiSiSiSiSiSiSiSiSiSiSiSiSiSiSiSiSiSiSiSiSiGeGeGeGeSiSi
    -9559.2060546875 GeGeSiGeSiSiGeGeSiGeGeSiSiSiSiSiSiSiSiSiSiSiSiSiSiSiSiSiSiSiSiSiSiSiSiSiSiSiSiSiSiSiSiSiSiSiSiSiSiSiSiSiSiSiGeGeGeGeSiSi
    -9559.2060546875 GeGeSiGeSiSiGeGeSiGeGeSiSiSiSiSiSiSiSiSiSiSiSiSiSiSiSiSiSiSiSiSiSiSiSiSiSiSiSiSiSiSiSiSiSiSiSiSiSiSiSiSiSiSiGeGeGeGeSiSi
    -9559.2060546875 GeGeSiGeSiSiGeGeSiGeGeSiSiSiSiSiSiSiSiSiSiSiSiSiSiSiSiSiSiSiSiSiSiSiSiSiSiSiSiSiSiSiSiSiSiSiSiSiSiSiSiSiSiSiGeGeGeGeSiSi
    -9559.2060546875 GeGeSiGeSiSiGeGeSiGeGeSiSiSiSiSiSiSiSiSiSiSiSiSiSiSiSiSiSiSiSiSiSiSiSiSiSiSiSiSiSiSiSiSiSiSiSiSiSiSiSiSiSiSiGeGeGeGeSiSi
    -9559.2060546875 GeGeSiGeSiSiGeGeSiGeGeSiSiSiSiSiSiSiSiSiSiSiSiSiSiSiSiSiSiSiSiSiSiSiSiSiSiSiSiSiSiSiSiSiSiSiSiSiSiSiSiSiSiSiGeGeGeGeSiSi
    -9559.2060546875 GeGeSiGeSiSiGeGeSiGeGeSiSiSiSiSiSiSiSiSiSiSiSiSiSiSiSiSiSiSiSiSiSiSiSiSiSiSiSiSiSiSiSiSiSiSiSiSiSiSiSiSiSiSiGeGeGeGeSiSi
    -9559.2060546875 GeGeSiGeSiSiGeGeSiGeGeSiSiSiSiSiSiSiSiSiSiSiSiSiSiSiSiSiSiSiSiSiSiSiSiSiSiSiSiSiSiSiSiSiSiSiSiSiSiSiSiSiSiSiGeGeGeGeSiSi
    -9559.2060546875 GeGeSiGeSiSiGeGeSiGeGeSiSiSiSiSiSiSiSiSiSiSiSiSiSiSiSiSiSiSiSiSiSiSiSiSiSiSiSiSiSiSiSiSiSiSiSiSiSiSiSiSiSiSiGeGeGeGeSiSi
    -9559.2060546875 GeGeSiGeSiSiGeGeSiGeGeSiSiSiSiSiSiSiSiSiSiSiSiSiSiSiSiSiSiSiSiSiSiSiSiSiSiSiSiSiSiSiSiSiSiSiSiSiSiSiSiSiSiSiGeGeGeGeSiSi
    -9559.2060546875 GeGeSiGeSiSiGeGeSiGeGeSiSiSiSiSiSiSiSiSiSiSiSiSiSiSiSiSiSiSiSiSiSiSiSiSiSiSiSiSiSiSiSiSiSiSiSiSiSiSiSiSiSiSiGeGeGeGeSiSi
    -9559.2060546875 GeGeSiGeSiSiGeGeSiGeGeSiSiSiSiSiSiSiSiSiSiSiSiSiSiSiSiSiSiSiSiSiSiSiSiSiSiSiSiSiSiSiSiSiSiSiSiSiSiSiSiSiSiSiGeGeGeGeSiSi
    -9559.2060546875 GeGeSiGeSiSiGeGeSiGeGeSiSiSiSiSiSiSiSiSiSiSiSiSiSiSiSiSiSiSiSiSiSiSiSiSiSiSiSiSiSiSiSiSiSiSiSiSiSiSiSiSiSiSiGeGeGeGeSiSi
    -9559.2060546875 GeGeSiGeSiSiGeGeSiGeGeSiSiSiSiSiSiSiSiSiSiSiSiSiSiSiSiSiSiSiSiSiSiSiSiSiSiSiSiSiSiSiSiSiSiSiSiSiSiSiSiSiSiSiGeGeGeGeSiSi
    -9559.2060546875 GeGeSiGeSiSiGeGeSiGeGeSiSiSiSiSiSiSiSiSiSiSiSiSiSiSiSiSiSiSiSiSiSiSiSiSiSiSiSiSiSiSiSiSiSiSiSiSiSiSiSiSiSiSiGeGeGeGeSiSi
    -9559.2060546875 GeGeSiGeSiSiGeGeSiGeGeSiSiSiSiSiSiSiSiSiSiSiSiSiSiSiSiSiSiSiSiSiSiSiSiSiSiSiSiSiSiSiSiSiSiSiSiSiSiSiSiSiSiSiGeGeGeGeSiSi
    -9559.2060546875 GeGeSiGeSiSiGeGeSiGeGeSiSiSiSiSiSiSiSiSiSiSiSiSiSiSiSiSiSiSiSiSiSiSiSiSiSiSiSiSiSiSiSiSiSiSiSiSiSiSiSiSiSiSiGeGeGeGeSiSi
    -9559.2060546875 GeGeSiGeSiSiGeGeSiGeGeSiSiSiSiSiSiSiSiSiSiSiSiSiSiSiSiSiSiSiSiSiSiSiSiSiSiSiSiSiSiSiSiSiSiSiSiSiSiSiSiSiSiSiGeGeGeGeSiSi
    -9559.2060546875 GeGeSiGeSiSiGeGeSiGeGeSiSiSiSiSiSiSiSiSiSiSiSiSiSiSiSiSiSiSiSiSiSiSiSiSiSiSiSiSiSiSiSiSiSiSiSiSiSiSiSiSiSiSiGeGeGeGeSiSi
    -9559.2060546875 GeGeSiGeSiSiGeGeSiGeGeSiSiSiSiSiSiSiSiSiSiSiSiSiSiSiSiSiSiSiSiSiSiSiSiSiSiSiSiSiSiSiSiSiSiSiSiSiSiSiSiSiSiSiGeGeGeGeSiSi
    -9559.2060546875 GeGeSiGeSiSiGeGeSiGeGeSiSiSiSiSiSiSiSiSiSiSiSiSiSiSiSiSiSiSiSiSiSiSiSiSiSiSiSiSiSiSiSiSiSiSiSiSiSiSiSiSiSiSiGeGeGeGeSiSi
    -9559.2060546875 GeGeSiGeSiSiGeGeSiGeGeSiSiSiSiSiSiSiSiSiSiSiSiSiSiSiSiSiSiSiSiSiSiSiSiSiSiSiSiSiSiSiSiSiSiSiSiSiSiSiSiSiSiSiGeGeGeGeSiSi
    -9559.2060546875 GeGeSiGeSiSiGeGeSiGeGeSiSiSiSiSiSiSiSiSiSiSiSiSiSiSiSiSiSiSiSiSiSiSiSiSiSiSiSiSiSiSiSiSiSiSiSiSiSiSiSiSiSiSiGeGeGeGeSiSi
    -9559.2060546875 GeGeSiGeSiSiGeGeSiGeGeSiSiSiSiSiSiSiSiSiSiSiSiSiSiSiSiSiSiSiSiSiSiSiSiSiSiSiSiSiSiSiSiSiSiSiSiSiSiSiSiSiSiSiGeGeGeGeSiSi
    -9559.2060546875 GeGeSiGeSiSiGeGeSiGeGeSiSiSiSiSiSiSiSiSiSiSiSiSiSiSiSiSiSiSiSiSiSiSiSiSiSiSiSiSiSiSiSiSiSiSiSiSiSiSiSiSiSiSiGeGeGeGeSiSi
    -9559.2060546875 GeGeSiGeSiSiGeGeSiGeGeSiSiSiSiSiSiSiSiSiSiSiSiSiSiSiSiSiSiSiSiSiSiSiSiSiSiSiSiSiSiSiSiSiSiSiSiSiSiSiSiSiSiSiGeGeGeGeSiSi
    -9559.2060546875 GeGeSiGeSiSiGeGeSiGeGeSiSiSiSiSiSiSiSiSiSiSiSiSiSiSiSiSiSiSiSiSiSiSiSiSiSiSiSiSiSiSiSiSiSiSiSiSiSiSiSiSiSiSiGeGeGeGeSiSi
    -9559.2060546875 GeGeSiGeSiSiGeGeSiGeGeSiSiSiSiSiSiSiSiSiSiSiSiSiSiSiSiSiSiSiSiSiSiSiSiSiSiSiSiSiSiSiSiSiSiSiSiSiSiSiSiSiSiSiGeGeGeGeSiSi
    -9559.2060546875 GeGeSiGeSiSiGeGeSiGeGeSiSiSiSiSiSiSiSiSiSiSiSiSiSiSiSiSiSiSiSiSiSiSiSiSiSiSiSiSiSiSiSiSiSiSiSiSiSiSiSiSiSiSiGeGeGeGeSiSi
    -9559.2060546875 GeGeSiGeSiSiGeGeSiGeGeSiSiSiSiSiSiSiSiSiSiSiSiSiSiSiSiSiSiSiSiSiSiSiSiSiSiSiSiSiSiSiSiSiSiSiSiSiSiSiSiSiSiSiGeGeGeGeSiSi
    -9559.2060546875 GeGeSiGeSiSiGeGeSiGeGeSiSiSiSiSiSiSiSiSiSiSiSiSiSiSiSiSiSiSiSiSiSiSiSiSiSiSiSiSiSiSiSiSiSiSiSiSiSiSiSiSiSiSiGeGeGeGeSiSi
    -9559.2060546875 GeGeSiGeSiSiGeGeSiGeGeSiSiSiSiSiSiSiSiSiSiSiSiSiSiSiSiSiSiSiSiSiSiSiSiSiSiSiSiSiSiSiSiSiSiSiSiSiSiSiSiSiSiSiGeGeGeGeSiSi
    -9559.2060546875 GeGeSiGeSiSiGeGeSiGeGeSiSiSiSiSiSiSiSiSiSiSiSiSiSiSiSiSiSiSiSiSiSiSiSiSiSiSiSiSiSiSiSiSiSiSiSiSiSiSiSiSiSiSiGeGeGeGeSiSi
    -9559.2060546875 GeGeSiGeSiSiGeGeSiGeGeSiSiSiSiSiSiSiSiSiSiSiSiSiSiSiSiSiSiSiSiSiSiSiSiSiSiSiSiSiSiSiSiSiSiSiSiSiSiSiSiSiSiSiGeGeGeGeSiSi
filename: c000001067277161.gin     
Cell:
    11.9020996    11.9020996    29.6919994    90.0000000    90.0000000   120.0000000
Box:
    11.9020996    -5.9510503     0.0000000
     0.0000000    10.3075209     0.0000000
     0.0000000     0.0000000    29.6919994
----------------------------------------
Inverse Box:
     0.0840188     0.0485083     0.0000000
     0.0000000     0.0970165     0.0000000
     0.0000000     0.0000000     0.0336791
----------------------------------------
==============================================
geometrical properties of  11 Ge:
 Configuration:           0
 D_ave:   9.92895985       3.41996264    
 D_min:   5.12056112       1.08940268    
 energia:  -9559.20605    
