Random Seed:  1109022871
Number of atoms:    60
Space Group:    1
Cell:
    11.9020996    11.9020996    29.6919994    90.0000000    90.0000000   120.0000000
Box:
    11.9020996    -5.9510503     0.0000000
     0.0000000    10.3075209     0.0000000
     0.0000000     0.0000000    29.6919994
----------------------------------------
Inverse Box:
     0.0840188     0.0485083     0.0000000
     0.0000000     0.0970165     0.0000000
     0.0000000     0.0000000     0.0336791
----------------------------------------
GeSiSiSiSiSiSiSiSiSiSiSiSiSiSiSiSiSiSiSiSiSiGeSiSiSiSiSiSiSiSiSiSiSiSiSiSiSiSiSiSiSiSiSiSiSiSiSiSiSiSiSiSiSiSiSiSiSiSiSi
           1 Ge    -7733.73779    
GeGeSiSiSiSiSiSiSiSiSiSiSiSiSiSiSiSiSiSiSiSiGeSiSiSiSiSiSiSiSiSiSiSiSiSiSiSiSiSiSiSiSiSiSiSiSiSiSiSiSiSiSiSiSiSiSiSiSiSi
           2 Ge    -7727.76709    
GeGeGeSiSiSiSiSiSiSiSiSiSiSiSiSiSiSiSiSiSiSiGeSiSiSiSiSiSiSiSiSiSiSiSiSiSiSiSiSiSiSiSiSiSiSiSiSiSiSiSiSiSiSiSiSiSiSiSiSi
           3 Ge    -7721.51367    
GeGeGeGeSiSiSiSiSiSiSiSiSiSiSiSiSiSiSiSiSiSiGeSiSiSiSiSiSiSiSiSiSiSiSiSiSiSiSiSiSiSiSiSiSiSiSiSiSiSiSiSiSiSiSiSiSiSiSiSi
           4 Ge    -7743.38623    
GeGeGeGeGeSiSiSiSiSiSiSiSiSiSiSiSiSiSiSiSiSiGeSiSiSiSiSiSiSiSiSiSiSiSiSiSiSiSiSiSiSiSiSiSiSiSiSiSiSiSiSiSiSiSiSiSiSiSiSi
           5 Ge    -7786.48633    
GeGeGeGeGeGeSiSiSiSiSiSiSiSiSiSiSiSiSiSiSiSiGeSiSiSiSiSiSiSiSiSiSiSiSiSiSiSiSiSiSiSiSiSiSiSiSiSiSiSiSiSiSiSiSiSiSiSiSiSi
           6 Ge    -7855.67725    
GeGeGeGeGeGeSiGeSiSiSiSiSiSiSiSiSiSiSiSiSiSiGeSiSiSiSiSiSiSiSiSiSiSiSiSiSiSiSiSiSiSiSiSiSiSiSiSiSiSiSiSiSiSiSiSiSiSiSiSi
           8 Ge    -8021.32324    
GeGeGeGeGeGeSiGeSiSiGeSiSiSiSiSiSiSiSiSiSiSiGeSiSiSiSiSiSiSiSiSiSiSiSiSiSiSiSiSiSiSiSiSiSiSiSiSiSiSiSiSiSiSiSiSiSiSiSiSi
          11 Ge    -7799.13428    
GeGeGeGeGeGeSiGeSiSiGeGeSiSiSiSiSiSiSiSiSiSiGeSiSiSiSiSiSiSiSiSiSiSiSiSiSiSiSiSiSiSiSiSiSiSiSiSiSiSiSiSiSiSiSiSiSiSiSiSi
          12 Ge    -8087.05420    
GeGeGeGeGeGeSiGeSiSiGeGeSiGeSiSiSiSiSiSiSiSiGeSiSiSiSiSiSiSiSiSiSiSiSiSiSiSiSiSiSiSiSiSiSiSiSiSiSiSiSiSiSiSiSiSiSiSiSiSi
          14 Ge    -8071.00635    
GeGeGeGeGeGeSiGeSiSiGeGeSiGeSiGeSiSiSiSiSiSiGeSiSiSiSiSiSiSiSiSiSiSiSiSiSiSiSiSiSiSiSiSiSiSiSiSiSiSiSiSiSiSiSiSiSiSiSiSi
          16 Ge    -8129.85156    
GeGeGeGeGeGeSiGeSiSiGeGeSiGeSiGeSiSiSiSiSiSiGeSiSiGeSiSiSiSiSiSiSiSiSiSiSiSiSiSiSiSiSiSiSiSiSiSiSiSiSiSiSiSiSiSiSiSiSiSi
          26 Ge    -8427.76758    
GeGeGeGeGeGeSiGeSiSiGeGeSiGeSiGeSiSiSiSiSiSiGeSiSiGeSiSiSiGeSiSiSiSiSiSiSiSiSiSiSiSiSiSiSiSiSiSiSiSiSiSiSiSiSiSiSiSiSiSi
          30 Ge    -8342.50293    
GeGeGeGeGeGeSiGeSiSiGeGeSiGeSiGeSiSiSiSiSiSiGeSiSiGeSiSiSiGeSiSiGeSiSiSiSiSiSiSiSiSiSiSiSiSiSiSiSiSiSiSiSiSiSiSiSiSiSiSi
          33 Ge    -8954.79980    
GeGeGeGeGeGeSiGeSiSiGeGeSiGeSiGeSiSiSiSiSiSiGeSiSiGeSiSiSiGeSiSiGeSiSiGeSiSiSiSiSiSiSiSiSiSiSiSiSiSiSiSiSiSiSiSiSiSiSiSi
          36 Ge    -8627.88184    
==============================================
MonteCarlo: Metropolis with identity changes
Si > Ge, Ge > Si. STOP when occurrence <    0.00000
==============================================
Cost_function     Occurrence %     Scan-Cost
   -11721.5791015625 SiGeSiSiGeGeSiSiGeSiSiGeSiSiGeGeSiGeSiSiSiGeGeSiGeSiSiSiGeGeSiSiSiSiSiSiSiSiSiSiSiSiSiSiSiSiSiSiSiSiSiSiSiGeSiGeSiSiGeSi
   -12084.5986328125 SiGeSiSiGeGeSiSiGeSiSiGeSiGeGeSiSiGeSiSiSiGeSiSiSiSiSiSiSiGeSiSiGeSiSiSiSiSiSiSiGeSiSiSiSiSiSiSiSiSiSiSiSiGeGeGeSiSiGeSi
   -12084.5986328125 SiGeSiSiGeGeSiSiGeSiSiGeSiGeGeSiSiGeSiSiSiGeSiSiSiSiSiSiSiGeSiSiGeSiSiSiSiSiSiSiGeSiSiSiSiSiSiSiSiSiSiSiSiGeGeGeSiSiGeSi
   -12316.4072265625 SiGeSiSiGeGeSiSiGeSiSiGeSiSiGeSiSiGeSiSiSiGeSiSiSiSiSiSiGeGeSiSiGeSiSiSiSiSiSiSiSiSiSiSiSiSiSiSiSiSiSiSiSiGeGeGeGeSiGeSi
   -13161.8496093750 SiGeSiGeGeGeGeSiGeGeSiGeSiSiGeSiSiSiSiSiSiSiSiSiSiSiSiSiSiGeGeSiGeSiSiSiSiSiSiSiSiSiSiSiSiSiSiSiSiSiSiSiSiGeSiGeSiSiGeGe
   -13161.8496093750 SiGeSiGeGeGeGeSiGeGeSiGeSiSiGeSiSiSiSiSiSiSiSiSiSiSiSiSiSiGeGeSiGeSiSiSiSiSiSiSiSiSiSiSiSiSiSiSiSiSiSiSiSiGeSiGeSiSiGeGe
   -13161.8496093750 SiGeSiGeGeGeGeSiGeGeSiGeSiSiGeSiSiSiSiSiSiSiSiSiSiSiSiSiSiGeGeSiGeSiSiSiSiSiSiSiSiSiSiSiSiSiSiSiSiSiSiSiSiGeSiGeSiSiGeGe
   -13161.8496093750 SiGeSiGeGeGeGeSiGeGeSiGeSiSiGeSiSiSiSiSiSiSiSiSiSiSiSiSiSiGeGeSiGeSiSiSiSiSiSiSiSiSiSiSiSiSiSiSiSiSiSiSiSiGeSiGeSiSiGeGe
   -13161.8496093750 SiGeSiGeGeGeGeSiGeGeSiGeSiSiGeSiSiSiSiSiSiSiSiSiSiSiSiSiSiGeGeSiGeSiSiSiSiSiSiSiSiSiSiSiSiSiSiSiSiSiSiSiSiGeSiGeSiSiGeGe
   -13462.3398437500 GeGeSiGeSiGeGeGeGeGeSiGeSiSiSiSiSiSiSiSiSiSiSiSiSiSiSiSiSiSiGeSiGeSiSiSiGeSiSiSiSiSiSiSiSiSiSiSiSiSiSiSiSiGeSiGeSiSiGeGe
   -13541.9521484375 GeGeGeGeSiGeGeGeSiGeSiGeSiSiSiSiSiSiSiSiSiSiSiSiSiSiSiSiSiSiGeSiGeSiSiSiSiSiSiGeSiSiSiSiSiSiSiSiSiSiSiSiSiSiGeGeSiSiGeGe
   -13541.9521484375 GeGeGeGeSiGeGeGeSiGeSiGeSiSiSiSiSiSiSiSiSiSiSiSiSiSiSiSiSiSiGeSiGeSiSiSiSiSiSiGeSiSiSiSiSiSiSiSiSiSiSiSiSiSiGeGeSiSiGeGe
   -13541.9521484375 GeGeGeGeSiGeGeGeSiGeSiGeSiSiSiSiSiSiSiSiSiSiSiSiSiSiSiSiSiSiGeSiGeSiSiSiSiSiSiGeSiSiSiSiSiSiSiSiSiSiSiSiSiSiGeGeSiSiGeGe
   -13634.2441406250 GeGeGeGeSiGeGeGeSiSiSiGeSiSiSiSiSiSiSiSiSiSiSiSiSiSiSiSiSiSiSiSiGeSiSiSiSiSiSiGeSiSiSiSiSiSiSiSiSiSiGeSiSiSiGeGeSiGeGeGe
   -13634.2441406250 GeGeGeGeSiGeGeGeSiSiSiGeSiSiSiSiSiSiSiSiSiSiSiSiSiSiSiSiSiSiSiSiGeSiSiSiSiSiSiGeSiSiSiSiSiSiSiSiSiSiGeSiSiSiGeGeSiGeGeGe
   -13634.2441406250 GeGeGeGeSiGeGeGeSiSiSiGeSiSiSiSiSiSiSiSiSiSiSiSiSiSiSiSiSiSiSiSiGeSiSiSiSiSiSiGeSiSiSiSiSiSiSiSiSiSiGeSiSiSiGeGeSiGeGeGe
   -13634.2441406250 GeGeGeGeSiGeGeGeSiSiSiGeSiSiSiSiSiSiSiSiSiSiSiSiSiSiSiSiSiSiSiSiGeSiSiSiSiSiSiGeSiSiSiSiSiSiSiSiSiSiGeSiSiSiGeGeSiGeGeGe
   -13634.2441406250 GeGeGeGeSiGeGeGeSiSiSiGeSiSiSiSiSiSiSiSiSiSiSiSiSiSiSiSiSiSiSiSiGeSiSiSiSiSiSiGeSiSiSiSiSiSiSiSiSiSiGeSiSiSiGeGeSiGeGeGe
   -13634.2441406250 GeGeGeGeSiGeGeGeSiSiSiGeSiSiSiSiSiSiSiSiSiSiSiSiSiSiSiSiSiSiSiSiGeSiSiSiSiSiSiGeSiSiSiSiSiSiSiSiSiSiGeSiSiSiGeGeSiGeGeGe
   -13634.2441406250 GeGeGeGeSiGeGeGeSiSiSiGeSiSiSiSiSiSiSiSiSiSiSiSiSiSiSiSiSiSiSiSiGeSiSiSiSiSiSiGeSiSiSiSiSiSiSiSiSiSiGeSiSiSiGeGeSiGeGeGe
   -13634.2441406250 GeGeGeGeSiGeGeGeSiSiSiGeSiSiSiSiSiSiSiSiSiSiSiSiSiSiSiSiSiSiSiSiGeSiSiSiSiSiSiGeSiSiSiSiSiSiSiSiSiSiGeSiSiSiGeGeSiGeGeGe
   -13634.2441406250 GeGeGeGeSiGeGeGeSiSiSiGeSiSiSiSiSiSiSiSiSiSiSiSiSiSiSiSiSiSiSiSiGeSiSiSiSiSiSiGeSiSiSiSiSiSiSiSiSiSiGeSiSiSiGeGeSiGeGeGe
   -13634.2441406250 GeGeGeGeSiGeGeGeSiSiSiGeSiSiSiSiSiSiSiSiSiSiSiSiSiSiSiSiSiSiSiSiGeSiSiSiSiSiSiGeSiSiSiSiSiSiSiSiSiSiGeSiSiSiGeGeSiGeGeGe
   -13634.2441406250 GeGeGeGeSiGeGeGeSiSiSiGeSiSiSiSiSiSiSiSiSiSiSiSiSiSiSiSiSiSiSiSiGeSiSiSiSiSiSiGeSiSiSiSiSiSiSiSiSiSiGeSiSiSiGeGeSiGeGeGe
   -13634.2441406250 GeGeGeGeSiGeGeGeSiSiSiGeSiSiSiSiSiSiSiSiSiSiSiSiSiSiSiSiSiSiSiSiGeSiSiSiSiSiSiGeSiSiSiSiSiSiSiSiSiSiGeSiSiSiGeGeSiGeGeGe
   -13634.2441406250 GeGeGeGeSiGeGeGeSiSiSiGeSiSiSiSiSiSiSiSiSiSiSiSiSiSiSiSiSiSiSiSiGeSiSiSiSiSiSiGeSiSiSiSiSiSiSiSiSiSiGeSiSiSiGeGeSiGeGeGe
   -13634.2441406250 GeGeGeGeSiGeGeGeSiSiSiGeSiSiSiSiSiSiSiSiSiSiSiSiSiSiSiSiSiSiSiSiGeSiSiSiSiSiSiGeSiSiSiSiSiSiSiSiSiSiGeSiSiSiGeGeSiGeGeGe
   -13634.2441406250 GeGeGeGeSiGeGeGeSiSiSiGeSiSiSiSiSiSiSiSiSiSiSiSiSiSiSiSiSiSiSiSiGeSiSiSiSiSiSiGeSiSiSiSiSiSiSiSiSiSiGeSiSiSiGeGeSiGeGeGe
   -13634.2441406250 GeGeGeGeSiGeGeGeSiSiSiGeSiSiSiSiSiSiSiSiSiSiSiSiSiSiSiSiSiSiSiSiGeSiSiSiSiSiSiGeSiSiSiSiSiSiSiSiSiSiGeSiSiSiGeGeSiGeGeGe
   -13634.2441406250 GeGeGeGeSiGeGeGeSiSiSiGeSiSiSiSiSiSiSiSiSiSiSiSiSiSiSiSiSiSiSiSiGeSiSiSiSiSiSiGeSiSiSiSiSiSiSiSiSiSiGeSiSiSiGeGeSiGeGeGe
   -13634.2441406250 GeGeGeGeSiGeGeGeSiSiSiGeSiSiSiSiSiSiSiSiSiSiSiSiSiSiSiSiSiSiSiSiGeSiSiSiSiSiSiGeSiSiSiSiSiSiSiSiSiSiGeSiSiSiGeGeSiGeGeGe
   -13634.2441406250 GeGeGeGeSiGeGeGeSiSiSiGeSiSiSiSiSiSiSiSiSiSiSiSiSiSiSiSiSiSiSiSiGeSiSiSiSiSiSiGeSiSiSiSiSiSiSiSiSiSiGeSiSiSiGeGeSiGeGeGe
   -13634.2441406250 GeGeGeGeSiGeGeGeSiSiSiGeSiSiSiSiSiSiSiSiSiSiSiSiSiSiSiSiSiSiSiSiGeSiSiSiSiSiSiGeSiSiSiSiSiSiSiSiSiSiGeSiSiSiGeGeSiGeGeGe
   -13634.2441406250 GeGeGeGeSiGeGeGeSiSiSiGeSiSiSiSiSiSiSiSiSiSiSiSiSiSiSiSiSiSiSiSiGeSiSiSiSiSiSiGeSiSiSiSiSiSiSiSiSiSiGeSiSiSiGeGeSiGeGeGe
   -13634.2441406250 GeGeGeGeSiGeGeGeSiSiSiGeSiSiSiSiSiSiSiSiSiSiSiSiSiSiSiSiSiSiSiSiGeSiSiSiSiSiSiGeSiSiSiSiSiSiSiSiSiSiGeSiSiSiGeGeSiGeGeGe
   -13634.2441406250 GeGeGeGeSiGeGeGeSiSiSiGeSiSiSiSiSiSiSiSiSiSiSiSiSiSiSiSiSiSiSiSiGeSiSiSiSiSiSiGeSiSiSiSiSiSiSiSiSiSiGeSiSiSiGeGeSiGeGeGe
   -13634.2441406250 GeGeGeGeSiGeGeGeSiSiSiGeSiSiSiSiSiSiSiSiSiSiSiSiSiSiSiSiSiSiSiSiGeSiSiSiSiSiSiGeSiSiSiSiSiSiSiSiSiSiGeSiSiSiGeGeSiGeGeGe
   -13634.2441406250 GeGeGeGeSiGeGeGeSiSiSiGeSiSiSiSiSiSiSiSiSiSiSiSiSiSiSiSiSiSiSiSiGeSiSiSiSiSiSiGeSiSiSiSiSiSiSiSiSiSiGeSiSiSiGeGeSiGeGeGe
   -13634.2441406250 GeGeGeGeSiGeGeGeSiSiSiGeSiSiSiSiSiSiSiSiSiSiSiSiSiSiSiSiSiSiSiSiGeSiSiSiSiSiSiGeSiSiSiSiSiSiSiSiSiSiGeSiSiSiGeGeSiGeGeGe
   -13634.2441406250 GeGeGeGeSiGeGeGeSiSiSiGeSiSiSiSiSiSiSiSiSiSiSiSiSiSiSiSiSiSiSiSiGeSiSiSiSiSiSiGeSiSiSiSiSiSiSiSiSiSiGeSiSiSiGeGeSiGeGeGe
   -13634.2441406250 GeGeGeGeSiGeGeGeSiSiSiGeSiSiSiSiSiSiSiSiSiSiSiSiSiSiSiSiSiSiSiSiGeSiSiSiSiSiSiGeSiSiSiSiSiSiSiSiSiSiGeSiSiSiGeGeSiGeGeGe
   -13634.2441406250 GeGeGeGeSiGeGeGeSiSiSiGeSiSiSiSiSiSiSiSiSiSiSiSiSiSiSiSiSiSiSiSiGeSiSiSiSiSiSiGeSiSiSiSiSiSiSiSiSiSiGeSiSiSiGeGeSiGeGeGe
   -13634.2441406250 GeGeGeGeSiGeGeGeSiSiSiGeSiSiSiSiSiSiSiSiSiSiSiSiSiSiSiSiSiSiSiSiGeSiSiSiSiSiSiGeSiSiSiSiSiSiSiSiSiSiGeSiSiSiGeGeSiGeGeGe
   -13634.2441406250 GeGeGeGeSiGeGeGeSiSiSiGeSiSiSiSiSiSiSiSiSiSiSiSiSiSiSiSiSiSiSiSiGeSiSiSiSiSiSiGeSiSiSiSiSiSiSiSiSiSiGeSiSiSiGeGeSiGeGeGe
   -13634.2441406250 GeGeGeGeSiGeGeGeSiSiSiGeSiSiSiSiSiSiSiSiSiSiSiSiSiSiSiSiSiSiSiSiGeSiSiSiSiSiSiGeSiSiSiSiSiSiSiSiSiSiGeSiSiSiGeGeSiGeGeGe
   -13634.2441406250 GeGeGeGeSiGeGeGeSiSiSiGeSiSiSiSiSiSiSiSiSiSiSiSiSiSiSiSiSiSiSiSiGeSiSiSiSiSiSiGeSiSiSiSiSiSiSiSiSiSiGeSiSiSiGeGeSiGeGeGe
   -13634.2441406250 GeGeGeGeSiGeGeGeSiSiSiGeSiSiSiSiSiSiSiSiSiSiSiSiSiSiSiSiSiSiSiSiGeSiSiSiSiSiSiGeSiSiSiSiSiSiSiSiSiSiGeSiSiSiGeGeSiGeGeGe
   -13634.2441406250 GeGeGeGeSiGeGeGeSiSiSiGeSiSiSiSiSiSiSiSiSiSiSiSiSiSiSiSiSiSiSiSiGeSiSiSiSiSiSiGeSiSiSiSiSiSiSiSiSiSiGeSiSiSiGeGeSiGeGeGe
   -13634.2441406250 GeGeGeGeSiGeGeGeSiSiSiGeSiSiSiSiSiSiSiSiSiSiSiSiSiSiSiSiSiSiSiSiGeSiSiSiSiSiSiGeSiSiSiSiSiSiSiSiSiSiGeSiSiSiGeGeSiGeGeGe
   -13634.2441406250 GeGeGeGeSiGeGeGeSiSiSiGeSiSiSiSiSiSiSiSiSiSiSiSiSiSiSiSiSiSiSiSiGeSiSiSiSiSiSiGeSiSiSiSiSiSiSiSiSiSiGeSiSiSiGeGeSiGeGeGe
   -13634.2441406250 GeGeGeGeSiGeGeGeSiSiSiGeSiSiSiSiSiSiSiSiSiSiSiSiSiSiSiSiSiSiSiSiGeSiSiSiSiSiSiGeSiSiSiSiSiSiSiSiSiSiGeSiSiSiGeGeSiGeGeGe
   -13634.2441406250 GeGeGeGeSiGeGeGeSiSiSiGeSiSiSiSiSiSiSiSiSiSiSiSiSiSiSiSiSiSiSiSiGeSiSiSiSiSiSiGeSiSiSiSiSiSiSiSiSiSiGeSiSiSiGeGeSiGeGeGe
   -13634.2441406250 GeGeGeGeSiGeGeGeSiSiSiGeSiSiSiSiSiSiSiSiSiSiSiSiSiSiSiSiSiSiSiSiGeSiSiSiSiSiSiGeSiSiSiSiSiSiSiSiSiSiGeSiSiSiGeGeSiGeGeGe
   -13634.2441406250 GeGeGeGeSiGeGeGeSiSiSiGeSiSiSiSiSiSiSiSiSiSiSiSiSiSiSiSiSiSiSiSiGeSiSiSiSiSiSiGeSiSiSiSiSiSiSiSiSiSiGeSiSiSiGeGeSiGeGeGe
   -13634.2441406250 GeGeGeGeSiGeGeGeSiSiSiGeSiSiSiSiSiSiSiSiSiSiSiSiSiSiSiSiSiSiSiSiGeSiSiSiSiSiSiGeSiSiSiSiSiSiSiSiSiSiGeSiSiSiGeGeSiGeGeGe
   -13634.2441406250 GeGeGeGeSiGeGeGeSiSiSiGeSiSiSiSiSiSiSiSiSiSiSiSiSiSiSiSiSiSiSiSiGeSiSiSiSiSiSiGeSiSiSiSiSiSiSiSiSiSiGeSiSiSiGeGeSiGeGeGe
   -13634.2441406250 GeGeGeGeSiGeGeGeSiSiSiGeSiSiSiSiSiSiSiSiSiSiSiSiSiSiSiSiSiSiSiSiGeSiSiSiSiSiSiGeSiSiSiSiSiSiSiSiSiSiGeSiSiSiGeGeSiGeGeGe
   -13634.2441406250 GeGeGeGeSiGeGeGeSiSiSiGeSiSiSiSiSiSiSiSiSiSiSiSiSiSiSiSiSiSiSiSiGeSiSiSiSiSiSiGeSiSiSiSiSiSiSiSiSiSiGeSiSiSiGeGeSiGeGeGe
   -13634.2441406250 GeGeGeGeSiGeGeGeSiSiSiGeSiSiSiSiSiSiSiSiSiSiSiSiSiSiSiSiSiSiSiSiGeSiSiSiSiSiSiGeSiSiSiSiSiSiSiSiSiSiGeSiSiSiGeGeSiGeGeGe
   -13634.2441406250 GeGeGeGeSiGeGeGeSiSiSiGeSiSiSiSiSiSiSiSiSiSiSiSiSiSiSiSiSiSiSiSiGeSiSiSiSiSiSiGeSiSiSiSiSiSiSiSiSiSiGeSiSiSiGeGeSiGeGeGe
   -13634.2441406250 GeGeGeGeSiGeGeGeSiSiSiGeSiSiSiSiSiSiSiSiSiSiSiSiSiSiSiSiSiSiSiSiGeSiSiSiSiSiSiGeSiSiSiSiSiSiSiSiSiSiGeSiSiSiGeGeSiGeGeGe
   -13634.2441406250 GeGeGeGeSiGeGeGeSiSiSiGeSiSiSiSiSiSiSiSiSiSiSiSiSiSiSiSiSiSiSiSiGeSiSiSiSiSiSiGeSiSiSiSiSiSiSiSiSiSiGeSiSiSiGeGeSiGeGeGe
   -13634.2441406250 GeGeGeGeSiGeGeGeSiSiSiGeSiSiSiSiSiSiSiSiSiSiSiSiSiSiSiSiSiSiSiSiGeSiSiSiSiSiSiGeSiSiSiSiSiSiSiSiSiSiGeSiSiSiGeGeSiGeGeGe
   -13634.2441406250 GeGeGeGeSiGeGeGeSiSiSiGeSiSiSiSiSiSiSiSiSiSiSiSiSiSiSiSiSiSiSiSiGeSiSiSiSiSiSiGeSiSiSiSiSiSiSiSiSiSiGeSiSiSiGeGeSiGeGeGe
   -13634.2441406250 GeGeGeGeSiGeGeGeSiSiSiGeSiSiSiSiSiSiSiSiSiSiSiSiSiSiSiSiSiSiSiSiGeSiSiSiSiSiSiGeSiSiSiSiSiSiSiSiSiSiGeSiSiSiGeGeSiGeGeGe
   -13634.2441406250 GeGeGeGeSiGeGeGeSiSiSiGeSiSiSiSiSiSiSiSiSiSiSiSiSiSiSiSiSiSiSiSiGeSiSiSiSiSiSiGeSiSiSiSiSiSiSiSiSiSiGeSiSiSiGeGeSiGeGeGe
   -13634.2441406250 GeGeGeGeSiGeGeGeSiSiSiGeSiSiSiSiSiSiSiSiSiSiSiSiSiSiSiSiSiSiSiSiGeSiSiSiSiSiSiGeSiSiSiSiSiSiSiSiSiSiGeSiSiSiGeGeSiGeGeGe
   -13634.2441406250 GeGeGeGeSiGeGeGeSiSiSiGeSiSiSiSiSiSiSiSiSiSiSiSiSiSiSiSiSiSiSiSiGeSiSiSiSiSiSiGeSiSiSiSiSiSiSiSiSiSiGeSiSiSiGeGeSiGeGeGe
   -13634.2441406250 GeGeGeGeSiGeGeGeSiSiSiGeSiSiSiSiSiSiSiSiSiSiSiSiSiSiSiSiSiSiSiSiGeSiSiSiSiSiSiGeSiSiSiSiSiSiSiSiSiSiGeSiSiSiGeGeSiGeGeGe
   -13634.2441406250 GeGeGeGeSiGeGeGeSiSiSiGeSiSiSiSiSiSiSiSiSiSiSiSiSiSiSiSiSiSiSiSiGeSiSiSiSiSiSiGeSiSiSiSiSiSiSiSiSiSiGeSiSiSiGeGeSiGeGeGe
   -13634.2441406250 GeGeGeGeSiGeGeGeSiSiSiGeSiSiSiSiSiSiSiSiSiSiSiSiSiSiSiSiSiSiSiSiGeSiSiSiSiSiSiGeSiSiSiSiSiSiSiSiSiSiGeSiSiSiGeGeSiGeGeGe
   -13634.2441406250 GeGeGeGeSiGeGeGeSiSiSiGeSiSiSiSiSiSiSiSiSiSiSiSiSiSiSiSiSiSiSiSiGeSiSiSiSiSiSiGeSiSiSiSiSiSiSiSiSiSiGeSiSiSiGeGeSiGeGeGe
   -13634.2441406250 GeGeGeGeSiGeGeGeSiSiSiGeSiSiSiSiSiSiSiSiSiSiSiSiSiSiSiSiSiSiSiSiGeSiSiSiSiSiSiGeSiSiSiSiSiSiSiSiSiSiGeSiSiSiGeGeSiGeGeGe
   -13634.2441406250 GeGeGeGeSiGeGeGeSiSiSiGeSiSiSiSiSiSiSiSiSiSiSiSiSiSiSiSiSiSiSiSiGeSiSiSiSiSiSiGeSiSiSiSiSiSiSiSiSiSiGeSiSiSiGeGeSiGeGeGe
   -13634.2441406250 GeGeGeGeSiGeGeGeSiSiSiGeSiSiSiSiSiSiSiSiSiSiSiSiSiSiSiSiSiSiSiSiGeSiSiSiSiSiSiGeSiSiSiSiSiSiSiSiSiSiGeSiSiSiGeGeSiGeGeGe
   -13634.2441406250 GeGeGeGeSiGeGeGeSiSiSiGeSiSiSiSiSiSiSiSiSiSiSiSiSiSiSiSiSiSiSiSiGeSiSiSiSiSiSiGeSiSiSiSiSiSiSiSiSiSiGeSiSiSiGeGeSiGeGeGe
   -13634.2441406250 GeGeGeGeSiGeGeGeSiSiSiGeSiSiSiSiSiSiSiSiSiSiSiSiSiSiSiSiSiSiSiSiGeSiSiSiSiSiSiGeSiSiSiSiSiSiSiSiSiSiGeSiSiSiGeGeSiGeGeGe
   -13634.2441406250 GeGeGeGeSiGeGeGeSiSiSiGeSiSiSiSiSiSiSiSiSiSiSiSiSiSiSiSiSiSiSiSiGeSiSiSiSiSiSiGeSiSiSiSiSiSiSiSiSiSiGeSiSiSiGeGeSiGeGeGe
   -13634.2441406250 GeGeGeGeSiGeGeGeSiSiSiGeSiSiSiSiSiSiSiSiSiSiSiSiSiSiSiSiSiSiSiSiGeSiSiSiSiSiSiGeSiSiSiSiSiSiSiSiSiSiGeSiSiSiGeGeSiGeGeGe
   -13634.2441406250 GeGeGeGeSiGeGeGeSiSiSiGeSiSiSiSiSiSiSiSiSiSiSiSiSiSiSiSiSiSiSiSiGeSiSiSiSiSiSiGeSiSiSiSiSiSiSiSiSiSiGeSiSiSiGeGeSiGeGeGe
   -13634.2441406250 GeGeGeGeSiGeGeGeSiSiSiGeSiSiSiSiSiSiSiSiSiSiSiSiSiSiSiSiSiSiSiSiGeSiSiSiSiSiSiGeSiSiSiSiSiSiSiSiSiSiGeSiSiSiGeGeSiGeGeGe
   -13634.2441406250 GeGeGeGeSiGeGeGeSiSiSiGeSiSiSiSiSiSiSiSiSiSiSiSiSiSiSiSiSiSiSiSiGeSiSiSiSiSiSiGeSiSiSiSiSiSiSiSiSiSiGeSiSiSiGeGeSiGeGeGe
   -13634.2441406250 GeGeGeGeSiGeGeGeSiSiSiGeSiSiSiSiSiSiSiSiSiSiSiSiSiSiSiSiSiSiSiSiGeSiSiSiSiSiSiGeSiSiSiSiSiSiSiSiSiSiGeSiSiSiGeGeSiGeGeGe
   -13634.2441406250 GeGeGeGeSiGeGeGeSiSiSiGeSiSiSiSiSiSiSiSiSiSiSiSiSiSiSiSiSiSiSiSiGeSiSiSiSiSiSiGeSiSiSiSiSiSiSiSiSiSiGeSiSiSiGeGeSiGeGeGe
   -13634.2441406250 GeGeGeGeSiGeGeGeSiSiSiGeSiSiSiSiSiSiSiSiSiSiSiSiSiSiSiSiSiSiSiSiGeSiSiSiSiSiSiGeSiSiSiSiSiSiSiSiSiSiGeSiSiSiGeGeSiGeGeGe
   -13634.2441406250 GeGeGeGeSiGeGeGeSiSiSiGeSiSiSiSiSiSiSiSiSiSiSiSiSiSiSiSiSiSiSiSiGeSiSiSiSiSiSiGeSiSiSiSiSiSiSiSiSiSiGeSiSiSiGeGeSiGeGeGe
   -13634.2441406250 GeGeGeGeSiGeGeGeSiSiSiGeSiSiSiSiSiSiSiSiSiSiSiSiSiSiSiSiSiSiSiSiGeSiSiSiSiSiSiGeSiSiSiSiSiSiSiSiSiSiGeSiSiSiGeGeSiGeGeGe
   -13634.2441406250 GeGeGeGeSiGeGeGeSiSiSiGeSiSiSiSiSiSiSiSiSiSiSiSiSiSiSiSiSiSiSiSiGeSiSiSiSiSiSiGeSiSiSiSiSiSiSiSiSiSiGeSiSiSiGeGeSiGeGeGe
   -13634.2441406250 GeGeGeGeSiGeGeGeSiSiSiGeSiSiSiSiSiSiSiSiSiSiSiSiSiSiSiSiSiSiSiSiGeSiSiSiSiSiSiGeSiSiSiSiSiSiSiSiSiSiGeSiSiSiGeGeSiGeGeGe
   -13634.2441406250 GeGeGeGeSiGeGeGeSiSiSiGeSiSiSiSiSiSiSiSiSiSiSiSiSiSiSiSiSiSiSiSiGeSiSiSiSiSiSiGeSiSiSiSiSiSiSiSiSiSiGeSiSiSiGeGeSiGeGeGe
   -13634.2441406250 GeGeGeGeSiGeGeGeSiSiSiGeSiSiSiSiSiSiSiSiSiSiSiSiSiSiSiSiSiSiSiSiGeSiSiSiSiSiSiGeSiSiSiSiSiSiSiSiSiSiGeSiSiSiGeGeSiGeGeGe
   -13634.2441406250 GeGeGeGeSiGeGeGeSiSiSiGeSiSiSiSiSiSiSiSiSiSiSiSiSiSiSiSiSiSiSiSiGeSiSiSiSiSiSiGeSiSiSiSiSiSiSiSiSiSiGeSiSiSiGeGeSiGeGeGe
   -13634.2441406250 GeGeGeGeSiGeGeGeSiSiSiGeSiSiSiSiSiSiSiSiSiSiSiSiSiSiSiSiSiSiSiSiGeSiSiSiSiSiSiGeSiSiSiSiSiSiSiSiSiSiGeSiSiSiGeGeSiGeGeGe
   -13634.2441406250 GeGeGeGeSiGeGeGeSiSiSiGeSiSiSiSiSiSiSiSiSiSiSiSiSiSiSiSiSiSiSiSiGeSiSiSiSiSiSiGeSiSiSiSiSiSiSiSiSiSiGeSiSiSiGeGeSiGeGeGe
   -13634.2441406250 GeGeGeGeSiGeGeGeSiSiSiGeSiSiSiSiSiSiSiSiSiSiSiSiSiSiSiSiSiSiSiSiGeSiSiSiSiSiSiGeSiSiSiSiSiSiSiSiSiSiGeSiSiSiGeGeSiGeGeGe
   -13634.2441406250 GeGeGeGeSiGeGeGeSiSiSiGeSiSiSiSiSiSiSiSiSiSiSiSiSiSiSiSiSiSiSiSiGeSiSiSiSiSiSiGeSiSiSiSiSiSiSiSiSiSiGeSiSiSiGeGeSiGeGeGe
   -13634.2441406250 GeGeGeGeSiGeGeGeSiSiSiGeSiSiSiSiSiSiSiSiSiSiSiSiSiSiSiSiSiSiSiSiGeSiSiSiSiSiSiGeSiSiSiSiSiSiSiSiSiSiGeSiSiSiGeGeSiGeGeGe
   -13634.2441406250 GeGeGeGeSiGeGeGeSiSiSiGeSiSiSiSiSiSiSiSiSiSiSiSiSiSiSiSiSiSiSiSiGeSiSiSiSiSiSiGeSiSiSiSiSiSiSiSiSiSiGeSiSiSiGeGeSiGeGeGe
   -13634.2441406250 GeGeGeGeSiGeGeGeSiSiSiGeSiSiSiSiSiSiSiSiSiSiSiSiSiSiSiSiSiSiSiSiGeSiSiSiSiSiSiGeSiSiSiSiSiSiSiSiSiSiGeSiSiSiGeGeSiGeGeGe
   -13634.2441406250 GeGeGeGeSiGeGeGeSiSiSiGeSiSiSiSiSiSiSiSiSiSiSiSiSiSiSiSiSiSiSiSiGeSiSiSiSiSiSiGeSiSiSiSiSiSiSiSiSiSiGeSiSiSiGeGeSiGeGeGe
   -13634.2441406250 GeGeGeGeSiGeGeGeSiSiSiGeSiSiSiSiSiSiSiSiSiSiSiSiSiSiSiSiSiSiSiSiGeSiSiSiSiSiSiGeSiSiSiSiSiSiSiSiSiSiGeSiSiSiGeGeSiGeGeGe
   -13634.2441406250 GeGeGeGeSiGeGeGeSiSiSiGeSiSiSiSiSiSiSiSiSiSiSiSiSiSiSiSiSiSiSiSiGeSiSiSiSiSiSiGeSiSiSiSiSiSiSiSiSiSiGeSiSiSiGeGeSiGeGeGe
   -13634.2441406250 GeGeGeGeSiGeGeGeSiSiSiGeSiSiSiSiSiSiSiSiSiSiSiSiSiSiSiSiSiSiSiSiGeSiSiSiSiSiSiGeSiSiSiSiSiSiSiSiSiSiGeSiSiSiGeGeSiGeGeGe
   -13634.2441406250 GeGeGeGeSiGeGeGeSiSiSiGeSiSiSiSiSiSiSiSiSiSiSiSiSiSiSiSiSiSiSiSiGeSiSiSiSiSiSiGeSiSiSiSiSiSiSiSiSiSiGeSiSiSiGeGeSiGeGeGe
   -13634.2441406250 GeGeGeGeSiGeGeGeSiSiSiGeSiSiSiSiSiSiSiSiSiSiSiSiSiSiSiSiSiSiSiSiGeSiSiSiSiSiSiGeSiSiSiSiSiSiSiSiSiSiGeSiSiSiGeGeSiGeGeGe
   -13634.2441406250 GeGeGeGeSiGeGeGeSiSiSiGeSiSiSiSiSiSiSiSiSiSiSiSiSiSiSiSiSiSiSiSiGeSiSiSiSiSiSiGeSiSiSiSiSiSiSiSiSiSiGeSiSiSiGeGeSiGeGeGe
   -13634.2441406250 GeGeGeGeSiGeGeGeSiSiSiGeSiSiSiSiSiSiSiSiSiSiSiSiSiSiSiSiSiSiSiSiGeSiSiSiSiSiSiGeSiSiSiSiSiSiSiSiSiSiGeSiSiSiGeGeSiGeGeGe
   -13634.2441406250 GeGeGeGeSiGeGeGeSiSiSiGeSiSiSiSiSiSiSiSiSiSiSiSiSiSiSiSiSiSiSiSiGeSiSiSiSiSiSiGeSiSiSiSiSiSiSiSiSiSiGeSiSiSiGeGeSiGeGeGe
   -13634.2441406250 GeGeGeGeSiGeGeGeSiSiSiGeSiSiSiSiSiSiSiSiSiSiSiSiSiSiSiSiSiSiSiSiGeSiSiSiSiSiSiGeSiSiSiSiSiSiSiSiSiSiGeSiSiSiGeGeSiGeGeGe
   -13634.2441406250 GeGeGeGeSiGeGeGeSiSiSiGeSiSiSiSiSiSiSiSiSiSiSiSiSiSiSiSiSiSiSiSiGeSiSiSiSiSiSiGeSiSiSiSiSiSiSiSiSiSiGeSiSiSiGeGeSiGeGeGe
   -13634.2441406250 GeGeGeGeSiGeGeGeSiSiSiGeSiSiSiSiSiSiSiSiSiSiSiSiSiSiSiSiSiSiSiSiGeSiSiSiSiSiSiGeSiSiSiSiSiSiSiSiSiSiGeSiSiSiGeGeSiGeGeGe
   -13634.2441406250 GeGeGeGeSiGeGeGeSiSiSiGeSiSiSiSiSiSiSiSiSiSiSiSiSiSiSiSiSiSiSiSiGeSiSiSiSiSiSiGeSiSiSiSiSiSiSiSiSiSiGeSiSiSiGeGeSiGeGeGe
   -13634.2441406250 GeGeGeGeSiGeGeGeSiSiSiGeSiSiSiSiSiSiSiSiSiSiSiSiSiSiSiSiSiSiSiSiGeSiSiSiSiSiSiGeSiSiSiSiSiSiSiSiSiSiGeSiSiSiGeGeSiGeGeGe
   -13634.2441406250 GeGeGeGeSiGeGeGeSiSiSiGeSiSiSiSiSiSiSiSiSiSiSiSiSiSiSiSiSiSiSiSiGeSiSiSiSiSiSiGeSiSiSiSiSiSiSiSiSiSiGeSiSiSiGeGeSiGeGeGe
   -13634.2441406250 GeGeGeGeSiGeGeGeSiSiSiGeSiSiSiSiSiSiSiSiSiSiSiSiSiSiSiSiSiSiSiSiGeSiSiSiSiSiSiGeSiSiSiSiSiSiSiSiSiSiGeSiSiSiGeGeSiGeGeGe
   -13634.2441406250 GeGeGeGeSiGeGeGeSiSiSiGeSiSiSiSiSiSiSiSiSiSiSiSiSiSiSiSiSiSiSiSiGeSiSiSiSiSiSiGeSiSiSiSiSiSiSiSiSiSiGeSiSiSiGeGeSiGeGeGe
   -13634.2441406250 GeGeGeGeSiGeGeGeSiSiSiGeSiSiSiSiSiSiSiSiSiSiSiSiSiSiSiSiSiSiSiSiGeSiSiSiSiSiSiGeSiSiSiSiSiSiSiSiSiSiGeSiSiSiGeGeSiGeGeGe
   -13634.2441406250 GeGeGeGeSiGeGeGeSiSiSiGeSiSiSiSiSiSiSiSiSiSiSiSiSiSiSiSiSiSiSiSiGeSiSiSiSiSiSiGeSiSiSiSiSiSiSiSiSiSiGeSiSiSiGeGeSiGeGeGe
   -13634.2441406250 GeGeGeGeSiGeGeGeSiSiSiGeSiSiSiSiSiSiSiSiSiSiSiSiSiSiSiSiSiSiSiSiGeSiSiSiSiSiSiGeSiSiSiSiSiSiSiSiSiSiGeSiSiSiGeGeSiGeGeGe
   -13634.2441406250 GeGeGeGeSiGeGeGeSiSiSiGeSiSiSiSiSiSiSiSiSiSiSiSiSiSiSiSiSiSiSiSiGeSiSiSiSiSiSiGeSiSiSiSiSiSiSiSiSiSiGeSiSiSiGeGeSiGeGeGe
   -13634.2441406250 GeGeGeGeSiGeGeGeSiSiSiGeSiSiSiSiSiSiSiSiSiSiSiSiSiSiSiSiSiSiSiSiGeSiSiSiSiSiSiGeSiSiSiSiSiSiSiSiSiSiGeSiSiSiGeGeSiGeGeGe
   -13634.2441406250 GeGeGeGeSiGeGeGeSiSiSiGeSiSiSiSiSiSiSiSiSiSiSiSiSiSiSiSiSiSiSiSiGeSiSiSiSiSiSiGeSiSiSiSiSiSiSiSiSiSiGeSiSiSiGeGeSiGeGeGe
   -13634.2441406250 GeGeGeGeSiGeGeGeSiSiSiGeSiSiSiSiSiSiSiSiSiSiSiSiSiSiSiSiSiSiSiSiGeSiSiSiSiSiSiGeSiSiSiSiSiSiSiSiSiSiGeSiSiSiGeGeSiGeGeGe
   -13634.2441406250 GeGeGeGeSiGeGeGeSiSiSiGeSiSiSiSiSiSiSiSiSiSiSiSiSiSiSiSiSiSiSiSiGeSiSiSiSiSiSiGeSiSiSiSiSiSiSiSiSiSiGeSiSiSiGeGeSiGeGeGe
   -13634.2441406250 GeGeGeGeSiGeGeGeSiSiSiGeSiSiSiSiSiSiSiSiSiSiSiSiSiSiSiSiSiSiSiSiGeSiSiSiSiSiSiGeSiSiSiSiSiSiSiSiSiSiGeSiSiSiGeGeSiGeGeGe
   -13634.2441406250 GeGeGeGeSiGeGeGeSiSiSiGeSiSiSiSiSiSiSiSiSiSiSiSiSiSiSiSiSiSiSiSiGeSiSiSiSiSiSiGeSiSiSiSiSiSiSiSiSiSiGeSiSiSiGeGeSiGeGeGe
   -13634.2441406250 GeGeGeGeSiGeGeGeSiSiSiGeSiSiSiSiSiSiSiSiSiSiSiSiSiSiSiSiSiSiSiSiGeSiSiSiSiSiSiGeSiSiSiSiSiSiSiSiSiSiGeSiSiSiGeGeSiGeGeGe
   -13634.2441406250 GeGeGeGeSiGeGeGeSiSiSiGeSiSiSiSiSiSiSiSiSiSiSiSiSiSiSiSiSiSiSiSiGeSiSiSiSiSiSiGeSiSiSiSiSiSiSiSiSiSiGeSiSiSiGeGeSiGeGeGe
   -13634.2441406250 GeGeGeGeSiGeGeGeSiSiSiGeSiSiSiSiSiSiSiSiSiSiSiSiSiSiSiSiSiSiSiSiGeSiSiSiSiSiSiGeSiSiSiSiSiSiSiSiSiSiGeSiSiSiGeGeSiGeGeGe
   -13634.2441406250 GeGeGeGeSiGeGeGeSiSiSiGeSiSiSiSiSiSiSiSiSiSiSiSiSiSiSiSiSiSiSiSiGeSiSiSiSiSiSiGeSiSiSiSiSiSiSiSiSiSiGeSiSiSiGeGeSiGeGeGe
   -13634.2441406250 GeGeGeGeSiGeGeGeSiSiSiGeSiSiSiSiSiSiSiSiSiSiSiSiSiSiSiSiSiSiSiSiGeSiSiSiSiSiSiGeSiSiSiSiSiSiSiSiSiSiGeSiSiSiGeGeSiGeGeGe
   -13634.2441406250 GeGeGeGeSiGeGeGeSiSiSiGeSiSiSiSiSiSiSiSiSiSiSiSiSiSiSiSiSiSiSiSiGeSiSiSiSiSiSiGeSiSiSiSiSiSiSiSiSiSiGeSiSiSiGeGeSiGeGeGe
   -13634.2441406250 GeGeGeGeSiGeGeGeSiSiSiGeSiSiSiSiSiSiSiSiSiSiSiSiSiSiSiSiSiSiSiSiGeSiSiSiSiSiSiGeSiSiSiSiSiSiSiSiSiSiGeSiSiSiGeGeSiGeGeGe
   -13634.2441406250 GeGeGeGeSiGeGeGeSiSiSiGeSiSiSiSiSiSiSiSiSiSiSiSiSiSiSiSiSiSiSiSiGeSiSiSiSiSiSiGeSiSiSiSiSiSiSiSiSiSiGeSiSiSiGeGeSiGeGeGe
   -13634.2441406250 GeGeGeGeSiGeGeGeSiSiSiGeSiSiSiSiSiSiSiSiSiSiSiSiSiSiSiSiSiSiSiSiGeSiSiSiSiSiSiGeSiSiSiSiSiSiSiSiSiSiGeSiSiSiGeGeSiGeGeGe
   -13634.2441406250 GeGeGeGeSiGeGeGeSiSiSiGeSiSiSiSiSiSiSiSiSiSiSiSiSiSiSiSiSiSiSiSiGeSiSiSiSiSiSiGeSiSiSiSiSiSiSiSiSiSiGeSiSiSiGeGeSiGeGeGe
   -13634.2441406250 GeGeGeGeSiGeGeGeSiSiSiGeSiSiSiSiSiSiSiSiSiSiSiSiSiSiSiSiSiSiSiSiGeSiSiSiSiSiSiGeSiSiSiSiSiSiSiSiSiSiGeSiSiSiGeGeSiGeGeGe
   -13634.2441406250 GeGeGeGeSiGeGeGeSiSiSiGeSiSiSiSiSiSiSiSiSiSiSiSiSiSiSiSiSiSiSiSiGeSiSiSiSiSiSiGeSiSiSiSiSiSiSiSiSiSiGeSiSiSiGeGeSiGeGeGe
   -13634.2441406250 GeGeGeGeSiGeGeGeSiSiSiGeSiSiSiSiSiSiSiSiSiSiSiSiSiSiSiSiSiSiSiSiGeSiSiSiSiSiSiGeSiSiSiSiSiSiSiSiSiSiGeSiSiSiGeGeSiGeGeGe
   -13634.2441406250 GeGeGeGeSiGeGeGeSiSiSiGeSiSiSiSiSiSiSiSiSiSiSiSiSiSiSiSiSiSiSiSiGeSiSiSiSiSiSiGeSiSiSiSiSiSiSiSiSiSiGeSiSiSiGeGeSiGeGeGe
   -13634.2441406250 GeGeGeGeSiGeGeGeSiSiSiGeSiSiSiSiSiSiSiSiSiSiSiSiSiSiSiSiSiSiSiSiGeSiSiSiSiSiSiGeSiSiSiSiSiSiSiSiSiSiGeSiSiSiGeGeSiGeGeGe
   -13634.2441406250 GeGeGeGeSiGeGeGeSiSiSiGeSiSiSiSiSiSiSiSiSiSiSiSiSiSiSiSiSiSiSiSiGeSiSiSiSiSiSiGeSiSiSiSiSiSiSiSiSiSiGeSiSiSiGeGeSiGeGeGe
   -13634.2441406250 GeGeGeGeSiGeGeGeSiSiSiGeSiSiSiSiSiSiSiSiSiSiSiSiSiSiSiSiSiSiSiSiGeSiSiSiSiSiSiGeSiSiSiSiSiSiSiSiSiSiGeSiSiSiGeGeSiGeGeGe
   -13634.2441406250 GeGeGeGeSiGeGeGeSiSiSiGeSiSiSiSiSiSiSiSiSiSiSiSiSiSiSiSiSiSiSiSiGeSiSiSiSiSiSiGeSiSiSiSiSiSiSiSiSiSiGeSiSiSiGeGeSiGeGeGe
   -13634.2441406250 GeGeGeGeSiGeGeGeSiSiSiGeSiSiSiSiSiSiSiSiSiSiSiSiSiSiSiSiSiSiSiSiGeSiSiSiSiSiSiGeSiSiSiSiSiSiSiSiSiSiGeSiSiSiGeGeSiGeGeGe
   -13634.2441406250 GeGeGeGeSiGeGeGeSiSiSiGeSiSiSiSiSiSiSiSiSiSiSiSiSiSiSiSiSiSiSiSiGeSiSiSiSiSiSiGeSiSiSiSiSiSiSiSiSiSiGeSiSiSiGeGeSiGeGeGe
   -13634.2441406250 GeGeGeGeSiGeGeGeSiSiSiGeSiSiSiSiSiSiSiSiSiSiSiSiSiSiSiSiSiSiSiSiGeSiSiSiSiSiSiGeSiSiSiSiSiSiSiSiSiSiGeSiSiSiGeGeSiGeGeGe
   -13634.2441406250 GeGeGeGeSiGeGeGeSiSiSiGeSiSiSiSiSiSiSiSiSiSiSiSiSiSiSiSiSiSiSiSiGeSiSiSiSiSiSiGeSiSiSiSiSiSiSiSiSiSiGeSiSiSiGeGeSiGeGeGe
   -13634.2441406250 GeGeGeGeSiGeGeGeSiSiSiGeSiSiSiSiSiSiSiSiSiSiSiSiSiSiSiSiSiSiSiSiGeSiSiSiSiSiSiGeSiSiSiSiSiSiSiSiSiSiGeSiSiSiGeGeSiGeGeGe
   -13634.2441406250 GeGeGeGeSiGeGeGeSiSiSiGeSiSiSiSiSiSiSiSiSiSiSiSiSiSiSiSiSiSiSiSiGeSiSiSiSiSiSiGeSiSiSiSiSiSiSiSiSiSiGeSiSiSiGeGeSiGeGeGe
   -13634.2441406250 GeGeGeGeSiGeGeGeSiSiSiGeSiSiSiSiSiSiSiSiSiSiSiSiSiSiSiSiSiSiSiSiGeSiSiSiSiSiSiGeSiSiSiSiSiSiSiSiSiSiGeSiSiSiGeGeSiGeGeGe
   -13634.2441406250 GeGeGeGeSiGeGeGeSiSiSiGeSiSiSiSiSiSiSiSiSiSiSiSiSiSiSiSiSiSiSiSiGeSiSiSiSiSiSiGeSiSiSiSiSiSiSiSiSiSiGeSiSiSiGeGeSiGeGeGe
   -13634.2441406250 GeGeGeGeSiGeGeGeSiSiSiGeSiSiSiSiSiSiSiSiSiSiSiSiSiSiSiSiSiSiSiSiGeSiSiSiSiSiSiGeSiSiSiSiSiSiSiSiSiSiGeSiSiSiGeGeSiGeGeGe
   -13634.2441406250 GeGeGeGeSiGeGeGeSiSiSiGeSiSiSiSiSiSiSiSiSiSiSiSiSiSiSiSiSiSiSiSiGeSiSiSiSiSiSiGeSiSiSiSiSiSiSiSiSiSiGeSiSiSiGeGeSiGeGeGe
   -13634.2441406250 GeGeGeGeSiGeGeGeSiSiSiGeSiSiSiSiSiSiSiSiSiSiSiSiSiSiSiSiSiSiSiSiGeSiSiSiSiSiSiGeSiSiSiSiSiSiSiSiSiSiGeSiSiSiGeGeSiGeGeGe
   -13634.2441406250 GeGeGeGeSiGeGeGeSiSiSiGeSiSiSiSiSiSiSiSiSiSiSiSiSiSiSiSiSiSiSiSiGeSiSiSiSiSiSiGeSiSiSiSiSiSiSiSiSiSiGeSiSiSiGeGeSiGeGeGe
   -13634.2441406250 GeGeGeGeSiGeGeGeSiSiSiGeSiSiSiSiSiSiSiSiSiSiSiSiSiSiSiSiSiSiSiSiGeSiSiSiSiSiSiGeSiSiSiSiSiSiSiSiSiSiGeSiSiSiGeGeSiGeGeGe
   -13634.2441406250 GeGeGeGeSiGeGeGeSiSiSiGeSiSiSiSiSiSiSiSiSiSiSiSiSiSiSiSiSiSiSiSiGeSiSiSiSiSiSiGeSiSiSiSiSiSiSiSiSiSiGeSiSiSiGeGeSiGeGeGe
   -13634.2441406250 GeGeGeGeSiGeGeGeSiSiSiGeSiSiSiSiSiSiSiSiSiSiSiSiSiSiSiSiSiSiSiSiGeSiSiSiSiSiSiGeSiSiSiSiSiSiSiSiSiSiGeSiSiSiGeGeSiGeGeGe
   -13634.2441406250 GeGeGeGeSiGeGeGeSiSiSiGeSiSiSiSiSiSiSiSiSiSiSiSiSiSiSiSiSiSiSiSiGeSiSiSiSiSiSiGeSiSiSiSiSiSiSiSiSiSiGeSiSiSiGeGeSiGeGeGe
   -13634.2441406250 GeGeGeGeSiGeGeGeSiSiSiGeSiSiSiSiSiSiSiSiSiSiSiSiSiSiSiSiSiSiSiSiGeSiSiSiSiSiSiGeSiSiSiSiSiSiSiSiSiSiGeSiSiSiGeGeSiGeGeGe
   -13634.2441406250 GeGeGeGeSiGeGeGeSiSiSiGeSiSiSiSiSiSiSiSiSiSiSiSiSiSiSiSiSiSiSiSiGeSiSiSiSiSiSiGeSiSiSiSiSiSiSiSiSiSiGeSiSiSiGeGeSiGeGeGe
   -13634.2441406250 GeGeGeGeSiGeGeGeSiSiSiGeSiSiSiSiSiSiSiSiSiSiSiSiSiSiSiSiSiSiSiSiGeSiSiSiSiSiSiGeSiSiSiSiSiSiSiSiSiSiGeSiSiSiGeGeSiGeGeGe
   -13634.2441406250 GeGeGeGeSiGeGeGeSiSiSiGeSiSiSiSiSiSiSiSiSiSiSiSiSiSiSiSiSiSiSiSiGeSiSiSiSiSiSiGeSiSiSiSiSiSiSiSiSiSiGeSiSiSiGeGeSiGeGeGe
   -13634.2441406250 GeGeGeGeSiGeGeGeSiSiSiGeSiSiSiSiSiSiSiSiSiSiSiSiSiSiSiSiSiSiSiSiGeSiSiSiSiSiSiGeSiSiSiSiSiSiSiSiSiSiGeSiSiSiGeGeSiGeGeGe
   -13634.2441406250 GeGeGeGeSiGeGeGeSiSiSiGeSiSiSiSiSiSiSiSiSiSiSiSiSiSiSiSiSiSiSiSiGeSiSiSiSiSiSiGeSiSiSiSiSiSiSiSiSiSiGeSiSiSiGeGeSiGeGeGe
   -13634.2441406250 GeGeGeGeSiGeGeGeSiSiSiGeSiSiSiSiSiSiSiSiSiSiSiSiSiSiSiSiSiSiSiSiGeSiSiSiSiSiSiGeSiSiSiSiSiSiSiSiSiSiGeSiSiSiGeGeSiGeGeGe
   -13634.2441406250 GeGeGeGeSiGeGeGeSiSiSiGeSiSiSiSiSiSiSiSiSiSiSiSiSiSiSiSiSiSiSiSiGeSiSiSiSiSiSiGeSiSiSiSiSiSiSiSiSiSiGeSiSiSiGeGeSiGeGeGe
   -13634.2441406250 GeGeGeGeSiGeGeGeSiSiSiGeSiSiSiSiSiSiSiSiSiSiSiSiSiSiSiSiSiSiSiSiGeSiSiSiSiSiSiGeSiSiSiSiSiSiSiSiSiSiGeSiSiSiGeGeSiGeGeGe
   -13634.2441406250 GeGeGeGeSiGeGeGeSiSiSiGeSiSiSiSiSiSiSiSiSiSiSiSiSiSiSiSiSiSiSiSiGeSiSiSiSiSiSiGeSiSiSiSiSiSiSiSiSiSiGeSiSiSiGeGeSiGeGeGe
   -13634.2441406250 GeGeGeGeSiGeGeGeSiSiSiGeSiSiSiSiSiSiSiSiSiSiSiSiSiSiSiSiSiSiSiSiGeSiSiSiSiSiSiGeSiSiSiSiSiSiSiSiSiSiGeSiSiSiGeGeSiGeGeGe
   -13634.2441406250 GeGeGeGeSiGeGeGeSiSiSiGeSiSiSiSiSiSiSiSiSiSiSiSiSiSiSiSiSiSiSiSiGeSiSiSiSiSiSiGeSiSiSiSiSiSiSiSiSiSiGeSiSiSiGeGeSiGeGeGe
   -13634.2441406250 GeGeGeGeSiGeGeGeSiSiSiGeSiSiSiSiSiSiSiSiSiSiSiSiSiSiSiSiSiSiSiSiGeSiSiSiSiSiSiGeSiSiSiSiSiSiSiSiSiSiGeSiSiSiGeGeSiGeGeGe
   -13634.2441406250 GeGeGeGeSiGeGeGeSiSiSiGeSiSiSiSiSiSiSiSiSiSiSiSiSiSiSiSiSiSiSiSiGeSiSiSiSiSiSiGeSiSiSiSiSiSiSiSiSiSiGeSiSiSiGeGeSiGeGeGe
   -13634.2441406250 GeGeGeGeSiGeGeGeSiSiSiGeSiSiSiSiSiSiSiSiSiSiSiSiSiSiSiSiSiSiSiSiGeSiSiSiSiSiSiGeSiSiSiSiSiSiSiSiSiSiGeSiSiSiGeGeSiGeGeGe
   -13634.2441406250 GeGeGeGeSiGeGeGeSiSiSiGeSiSiSiSiSiSiSiSiSiSiSiSiSiSiSiSiSiSiSiSiGeSiSiSiSiSiSiGeSiSiSiSiSiSiSiSiSiSiGeSiSiSiGeGeSiGeGeGe
   -13634.2441406250 GeGeGeGeSiGeGeGeSiSiSiGeSiSiSiSiSiSiSiSiSiSiSiSiSiSiSiSiSiSiSiSiGeSiSiSiSiSiSiGeSiSiSiSiSiSiSiSiSiSiGeSiSiSiGeGeSiGeGeGe
   -13634.2441406250 GeGeGeGeSiGeGeGeSiSiSiGeSiSiSiSiSiSiSiSiSiSiSiSiSiSiSiSiSiSiSiSiGeSiSiSiSiSiSiGeSiSiSiSiSiSiSiSiSiSiGeSiSiSiGeGeSiGeGeGe
   -13634.2441406250 GeGeGeGeSiGeGeGeSiSiSiGeSiSiSiSiSiSiSiSiSiSiSiSiSiSiSiSiSiSiSiSiGeSiSiSiSiSiSiGeSiSiSiSiSiSiSiSiSiSiGeSiSiSiGeGeSiGeGeGe
   -13634.2441406250 GeGeGeGeSiGeGeGeSiSiSiGeSiSiSiSiSiSiSiSiSiSiSiSiSiSiSiSiSiSiSiSiGeSiSiSiSiSiSiGeSiSiSiSiSiSiSiSiSiSiGeSiSiSiGeGeSiGeGeGe
   -13634.2441406250 GeGeGeGeSiGeGeGeSiSiSiGeSiSiSiSiSiSiSiSiSiSiSiSiSiSiSiSiSiSiSiSiGeSiSiSiSiSiSiGeSiSiSiSiSiSiSiSiSiSiGeSiSiSiGeGeSiGeGeGe
   -13634.2441406250 GeGeGeGeSiGeGeGeSiSiSiGeSiSiSiSiSiSiSiSiSiSiSiSiSiSiSiSiSiSiSiSiGeSiSiSiSiSiSiGeSiSiSiSiSiSiSiSiSiSiGeSiSiSiGeGeSiGeGeGe
   -13634.2441406250 GeGeGeGeSiGeGeGeSiSiSiGeSiSiSiSiSiSiSiSiSiSiSiSiSiSiSiSiSiSiSiSiGeSiSiSiSiSiSiGeSiSiSiSiSiSiSiSiSiSiGeSiSiSiGeGeSiGeGeGe
   -13634.2441406250 GeGeGeGeSiGeGeGeSiSiSiGeSiSiSiSiSiSiSiSiSiSiSiSiSiSiSiSiSiSiSiSiGeSiSiSiSiSiSiGeSiSiSiSiSiSiSiSiSiSiGeSiSiSiGeGeSiGeGeGe
   -13634.2441406250 GeGeGeGeSiGeGeGeSiSiSiGeSiSiSiSiSiSiSiSiSiSiSiSiSiSiSiSiSiSiSiSiGeSiSiSiSiSiSiGeSiSiSiSiSiSiSiSiSiSiGeSiSiSiGeGeSiGeGeGe
   -13634.2441406250 GeGeGeGeSiGeGeGeSiSiSiGeSiSiSiSiSiSiSiSiSiSiSiSiSiSiSiSiSiSiSiSiGeSiSiSiSiSiSiGeSiSiSiSiSiSiSiSiSiSiGeSiSiSiGeGeSiGeGeGe
   -13634.2441406250 GeGeGeGeSiGeGeGeSiSiSiGeSiSiSiSiSiSiSiSiSiSiSiSiSiSiSiSiSiSiSiSiGeSiSiSiSiSiSiGeSiSiSiSiSiSiSiSiSiSiGeSiSiSiGeGeSiGeGeGe
   -13634.2441406250 GeGeGeGeSiGeGeGeSiSiSiGeSiSiSiSiSiSiSiSiSiSiSiSiSiSiSiSiSiSiSiSiGeSiSiSiSiSiSiGeSiSiSiSiSiSiSiSiSiSiGeSiSiSiGeGeSiGeGeGe
   -13634.2441406250 GeGeGeGeSiGeGeGeSiSiSiGeSiSiSiSiSiSiSiSiSiSiSiSiSiSiSiSiSiSiSiSiGeSiSiSiSiSiSiGeSiSiSiSiSiSiSiSiSiSiGeSiSiSiGeGeSiGeGeGe
   -13634.2441406250 GeGeGeGeSiGeGeGeSiSiSiGeSiSiSiSiSiSiSiSiSiSiSiSiSiSiSiSiSiSiSiSiGeSiSiSiSiSiSiGeSiSiSiSiSiSiSiSiSiSiGeSiSiSiGeGeSiGeGeGe
   -13634.2441406250 GeGeGeGeSiGeGeGeSiSiSiGeSiSiSiSiSiSiSiSiSiSiSiSiSiSiSiSiSiSiSiSiGeSiSiSiSiSiSiGeSiSiSiSiSiSiSiSiSiSiGeSiSiSiGeGeSiGeGeGe
   -13634.2441406250 GeGeGeGeSiGeGeGeSiSiSiGeSiSiSiSiSiSiSiSiSiSiSiSiSiSiSiSiSiSiSiSiGeSiSiSiSiSiSiGeSiSiSiSiSiSiSiSiSiSiGeSiSiSiGeGeSiGeGeGe
   -13634.2441406250 GeGeGeGeSiGeGeGeSiSiSiGeSiSiSiSiSiSiSiSiSiSiSiSiSiSiSiSiSiSiSiSiGeSiSiSiSiSiSiGeSiSiSiSiSiSiSiSiSiSiGeSiSiSiGeGeSiGeGeGe
   -13634.2441406250 GeGeGeGeSiGeGeGeSiSiSiGeSiSiSiSiSiSiSiSiSiSiSiSiSiSiSiSiSiSiSiSiGeSiSiSiSiSiSiGeSiSiSiSiSiSiSiSiSiSiGeSiSiSiGeGeSiGeGeGe
   -13634.2441406250 GeGeGeGeSiGeGeGeSiSiSiGeSiSiSiSiSiSiSiSiSiSiSiSiSiSiSiSiSiSiSiSiGeSiSiSiSiSiSiGeSiSiSiSiSiSiSiSiSiSiGeSiSiSiGeGeSiGeGeGe
   -13634.2441406250 GeGeGeGeSiGeGeGeSiSiSiGeSiSiSiSiSiSiSiSiSiSiSiSiSiSiSiSiSiSiSiSiGeSiSiSiSiSiSiGeSiSiSiSiSiSiSiSiSiSiGeSiSiSiGeGeSiGeGeGe
   -13634.2441406250 GeGeGeGeSiGeGeGeSiSiSiGeSiSiSiSiSiSiSiSiSiSiSiSiSiSiSiSiSiSiSiSiGeSiSiSiSiSiSiGeSiSiSiSiSiSiSiSiSiSiGeSiSiSiGeGeSiGeGeGe
   -13634.2441406250 GeGeGeGeSiGeGeGeSiSiSiGeSiSiSiSiSiSiSiSiSiSiSiSiSiSiSiSiSiSiSiSiGeSiSiSiSiSiSiGeSiSiSiSiSiSiSiSiSiSiGeSiSiSiGeGeSiGeGeGe
   -13634.2441406250 GeGeGeGeSiGeGeGeSiSiSiGeSiSiSiSiSiSiSiSiSiSiSiSiSiSiSiSiSiSiSiSiGeSiSiSiSiSiSiGeSiSiSiSiSiSiSiSiSiSiGeSiSiSiGeGeSiGeGeGe
   -13634.2441406250 GeGeGeGeSiGeGeGeSiSiSiGeSiSiSiSiSiSiSiSiSiSiSiSiSiSiSiSiSiSiSiSiGeSiSiSiSiSiSiGeSiSiSiSiSiSiSiSiSiSiGeSiSiSiGeGeSiGeGeGe
   -13634.2441406250 GeGeGeGeSiGeGeGeSiSiSiGeSiSiSiSiSiSiSiSiSiSiSiSiSiSiSiSiSiSiSiSiGeSiSiSiSiSiSiGeSiSiSiSiSiSiSiSiSiSiGeSiSiSiGeGeSiGeGeGe
filename: c000000981939466.gin     
Cell:
    11.9020996    11.9020996    29.6919994    90.0000000    90.0000000   120.0000000
Box:
    11.9020996    -5.9510503     0.0000000
     0.0000000    10.3075209     0.0000000
     0.0000000     0.0000000    29.6919994
----------------------------------------
Inverse Box:
     0.0840188     0.0485083     0.0000000
     0.0000000     0.0970165     0.0000000
     0.0000000     0.0000000     0.0336791
----------------------------------------
==============================================
geometrical properties of  16 Ge:
 Configuration:           0
 D_ave:   9.48305035       3.41684914    
 D_min:   3.97927046       1.00453639    
 energia:  -13634.2441    
