Random Seed:  1045250417
Number of atoms:    60
Space Group:    1
Cell:
    11.9020996    11.9020996    29.6919994    90.0000000    90.0000000   120.0000000
Box:
    11.9020996    -5.9510503     0.0000000
     0.0000000    10.3075209     0.0000000
     0.0000000     0.0000000    29.6919994
----------------------------------------
Inverse Box:
     0.0840188     0.0485083     0.0000000
     0.0000000     0.0970165     0.0000000
     0.0000000     0.0000000     0.0336791
----------------------------------------
GeSiSiSiSiSiSiSiSiSiSiSiSiSiSiSiSiSiSiSiSiSiSiSiSiSiSiSiSiSiSiSiSiSiSiSiSiSiSiSiGeSiSiSiSiSiSiSiSiSiSiSiSiSiSiSiSiSiSiSi
           1 Ge    -7733.49951    
GeGeSiSiSiSiSiSiSiSiSiSiSiSiSiSiSiSiSiSiSiSiSiSiSiSiSiSiSiSiSiSiSiSiSiSiSiSiSiSiGeSiSiSiSiSiSiSiSiSiSiSiSiSiSiSiSiSiSiSi
           2 Ge    -7727.50293    
GeGeGeSiSiSiSiSiSiSiSiSiSiSiSiSiSiSiSiSiSiSiSiSiSiSiSiSiSiSiSiSiSiSiSiSiSiSiSiSiGeSiSiSiSiSiSiSiSiSiSiSiSiSiSiSiSiSiSiSi
           3 Ge    -7720.51025    
GeGeGeGeSiSiSiSiSiSiSiSiSiSiSiSiSiSiSiSiSiSiSiSiSiSiSiSiSiSiSiSiSiSiSiSiSiSiSiSiGeSiSiSiSiSiSiSiSiSiSiSiSiSiSiSiSiSiSiSi
           4 Ge    -7744.08887    
GeGeGeGeGeSiSiSiSiSiSiSiSiSiSiSiSiSiSiSiSiSiSiSiSiSiSiSiSiSiSiSiSiSiSiSiSiSiSiSiGeSiSiSiSiSiSiSiSiSiSiSiSiSiSiSiSiSiSiSi
           5 Ge    -7786.05566    
GeGeGeGeGeGeSiSiSiSiSiSiSiSiSiSiSiSiSiSiSiSiSiSiSiSiSiSiSiSiSiSiSiSiSiSiSiSiSiSiGeSiSiSiSiSiSiSiSiSiSiSiSiSiSiSiSiSiSiSi
           6 Ge    -7852.10156    
GeGeGeGeGeGeGeSiSiSiSiSiSiSiSiSiSiSiSiSiSiSiSiSiSiSiSiSiSiSiSiSiSiSiSiSiSiSiSiSiGeSiSiSiSiSiSiSiSiSiSiSiSiSiSiSiSiSiSiSi
           7 Ge    -8017.89453    
GeGeGeGeGeGeGeGeSiSiSiSiSiSiSiSiSiSiSiSiSiSiSiSiSiSiSiSiSiSiSiSiSiSiSiSiSiSiSiSiGeSiSiSiSiSiSiSiSiSiSiSiSiSiSiSiSiSiSiSi
           8 Ge    -8218.79102    
GeGeGeGeGeGeGeGeSiSiSiGeSiSiSiSiSiSiSiSiSiSiSiSiSiSiSiSiSiSiSiSiSiSiSiSiSiSiSiSiGeSiSiSiSiSiSiSiSiSiSiSiSiSiSiSiSiSiSiSi
          12 Ge    -8547.68359    
GeGeGeGeGeGeGeGeSiSiSiGeSiGeSiSiSiSiSiSiSiSiSiSiSiSiSiSiSiSiSiSiSiSiSiSiSiSiSiSiGeSiSiSiSiSiSiSiSiSiSiSiSiSiSiSiSiSiSiSi
          14 Ge    -8931.32422    
GeGeGeGeGeGeGeGeSiSiSiGeSiGeSiGeSiSiSiSiSiSiSiSiSiSiSiSiSiSiSiSiSiSiSiSiSiSiSiSiGeSiSiSiSiSiSiSiSiSiSiSiSiSiSiSiSiSiSiSi
          16 Ge    -9373.03613    
GeGeGeGeGeGeGeGeSiSiSiGeSiGeSiGeSiSiSiSiSiSiSiSiSiGeSiSiSiSiSiSiSiSiSiSiSiSiSiSiGeSiSiSiSiSiSiSiSiSiSiSiSiSiSiSiSiSiSiSi
          26 Ge    -9233.23633    
GeGeGeGeGeGeGeGeSiSiSiGeSiGeSiGeSiSiSiSiSiSiSiSiSiGeSiSiSiGeSiSiSiSiSiSiSiSiSiSiGeSiSiSiSiSiSiSiSiSiSiSiSiSiSiSiSiSiSiSi
          30 Ge    -9143.50195    
GeGeGeGeGeGeGeGeSiSiSiGeSiGeSiGeSiSiSiSiSiSiSiSiSiGeSiSiSiGeSiSiGeSiSiSiSiSiSiSiGeSiSiSiSiSiSiSiSiSiSiSiSiSiSiSiSiSiSiSi
          33 Ge    -9756.76172    
GeGeGeGeGeGeGeGeSiSiSiGeSiGeSiGeSiSiSiSiSiSiSiSiSiGeSiSiSiGeSiSiGeSiSiGeSiSiSiSiGeSiSiSiSiSiSiSiSiSiSiSiSiSiSiSiSiSiSiSi
          36 Ge    -8558.60059    
GeGeGeGeGeGeGeGeSiSiSiGeSiGeSiGeSiSiSiSiSiSiSiSiSiGeSiSiSiGeSiSiGeSiSiGeSiSiGeSiGeSiSiSiSiSiSiSiSiSiSiSiSiSiSiSiSiSiSiSi
          39 Ge    -9288.91504    
GeGeGeGeGeGeGeGeSiSiSiGeSiGeSiGeSiSiSiSiSiSiSiSiSiGeSiSiSiGeSiSiGeSiSiGeSiSiGeGeGeSiSiSiSiSiSiSiSiSiSiSiSiSiSiSiSiSiSiSi
          40 Ge    -9475.82617    
GeGeGeGeGeGeGeGeSiSiSiGeSiGeSiGeSiSiSiSiSiSiSiSiSiGeSiSiSiGeSiSiGeSiSiGeSiSiGeGeGeGeSiSiSiSiSiSiSiSiSiSiSiSiSiSiSiSiSiSi
          42 Ge    -8050.49463    
==============================================
MonteCarlo: Metropolis with identity changes
Si > Ge, Ge > Si. STOP when occurrence <    0.00000
==============================================
Cost_function     Occurrence %     Scan-Cost
   -15291.7304687500 GeGeGeSiGeSiGeGeSiSiGeSiGeSiSiGeSiSiSiSiSiSiSiGeSiGeSiSiSiSiSiGeSiSiSiSiSiSiGeSiGeSiSiSiSiGeSiSiSiSiSiGeGeSiGeSiSiSiGeSi
   -15291.7304687500 GeGeGeSiGeSiGeGeSiSiGeSiGeSiSiGeSiSiSiSiSiSiSiGeSiGeSiSiSiSiSiGeSiSiSiSiSiSiGeSiGeSiSiSiSiGeSiSiSiSiSiGeGeSiGeSiSiSiGeSi
   -15291.7304687500 GeGeGeSiGeSiGeGeSiSiGeSiGeSiSiGeSiSiSiSiSiSiSiGeSiGeSiSiSiSiSiGeSiSiSiSiSiSiGeSiGeSiSiSiSiGeSiSiSiSiSiGeGeSiGeSiSiSiGeSi
   -15291.7304687500 GeGeGeSiGeSiGeGeSiSiGeSiGeSiSiGeSiSiSiSiSiSiSiGeSiGeSiSiSiSiSiGeSiSiSiSiSiSiGeSiGeSiSiSiSiGeSiSiSiSiSiGeGeSiGeSiSiSiGeSi
   -15763.9531250000 GeGeGeSiGeSiGeGeGeSiGeSiGeSiSiSiSiSiSiSiSiSiSiGeSiGeSiSiSiSiSiGeSiSiSiSiSiSiGeSiGeSiSiSiSiGeSiSiSiSiSiGeGeSiGeSiSiSiGeSi
   -15763.9531250000 GeGeGeSiGeSiGeGeGeSiGeSiGeSiSiSiSiSiSiSiSiSiSiGeSiGeSiSiSiSiSiGeSiSiSiSiSiSiGeSiGeSiSiSiSiGeSiSiSiSiSiGeGeSiGeSiSiSiGeSi
   -15763.9531250000 GeGeGeSiGeSiGeGeGeSiGeSiGeSiSiSiSiSiSiSiSiSiSiGeSiGeSiSiSiSiSiGeSiSiSiSiSiSiGeSiGeSiSiSiSiGeSiSiSiSiSiGeGeSiGeSiSiSiGeSi
   -15763.9531250000 GeGeGeSiGeSiGeGeGeSiGeSiGeSiSiSiSiSiSiSiSiSiSiGeSiGeSiSiSiSiSiGeSiSiSiSiSiSiGeSiGeSiSiSiSiGeSiSiSiSiSiGeGeSiGeSiSiSiGeSi
   -15802.2988281250 GeGeGeSiGeSiGeGeGeSiGeSiGeSiSiSiSiSiGeSiSiSiSiGeSiGeSiSiSiSiSiSiSiSiSiSiSiSiGeSiGeSiSiSiSiGeSiSiSiSiSiGeGeSiGeSiSiSiGeSi
   -16492.8125000000 GeSiGeSiGeSiGeGeGeSiGeSiGeSiSiSiSiSiGeSiSiSiSiSiSiGeSiSiSiSiSiSiGeSiSiSiSiSiGeSiGeSiSiSiSiSiSiSiGeSiSiGeGeSiGeSiSiSiGeGe
   -16492.8125000000 GeSiGeSiGeSiGeGeGeSiGeSiGeSiSiSiSiSiGeSiSiSiSiSiSiGeSiSiSiSiSiSiGeSiSiSiSiSiGeSiGeSiSiSiSiSiSiSiGeSiSiGeGeSiGeSiSiSiGeGe
   -16492.8125000000 GeSiGeSiGeSiGeGeGeSiGeSiGeSiSiSiSiSiGeSiSiSiSiSiSiGeSiSiSiSiSiSiGeSiSiSiSiSiGeSiGeSiSiSiSiSiSiSiGeSiSiGeGeSiGeSiSiSiGeGe
   -16947.3046875000 GeGeGeSiGeSiGeGeGeSiGeSiGeSiSiSiSiSiGeSiSiSiSiSiSiSiSiSiSiSiSiSiGeSiSiSiSiSiGeSiGeSiSiSiSiSiSiSiGeSiSiGeGeSiGeSiSiSiGeGe
   -17101.5078125000 GeGeGeSiGeSiGeGeGeSiGeSiGeSiSiSiSiSiGeSiSiSiSiSiSiSiSiSiSiSiSiSiGeSiSiSiSiSiSiSiGeSiSiSiSiSiSiSiGeSiSiGeGeSiGeGeSiSiGeGe
   -17605.8750000000 GeGeGeGeGeSiGeGeGeSiGeSiGeSiSiSiSiSiSiSiSiSiSiSiSiSiSiSiSiSiSiSiGeSiSiSiSiSiSiSiGeSiSiSiSiSiSiSiGeSiSiGeGeSiGeGeSiSiGeGe
   -17605.8750000000 GeGeGeGeGeSiGeGeGeSiGeSiGeSiSiSiSiSiSiSiSiSiSiSiSiSiSiSiSiSiSiSiGeSiSiSiSiSiSiSiGeSiSiSiSiSiSiSiGeSiSiGeGeSiGeGeSiSiGeGe
   -17858.2968750000 GeGeGeGeGeSiGeGeGeSiGeSiSiSiSiSiSiSiSiSiSiSiSiSiSiSiSiSiSiSiSiSiGeSiSiSiSiSiSiSiGeSiSiSiSiSiSiSiGeSiSiGeGeGeGeGeSiSiGeGe
   -18106.7734375000 GeGeGeGeGeSiGeGeGeSiGeSiSiSiSiSiSiSiSiSiSiSiSiSiSiSiSiSiSiSiSiSiSiSiSiSiSiSiSiSiGeSiSiSiSiSiSiSiSiGeGeGeGeGeGeGeSiSiGeGe
   -18106.7734375000 GeGeGeGeGeSiGeGeGeSiGeSiSiSiSiSiSiSiSiSiSiSiSiSiSiSiSiSiSiSiSiSiSiSiSiSiSiSiSiSiGeSiSiSiSiSiSiSiSiGeGeGeGeGeGeGeSiSiGeGe
   -18106.7734375000 GeGeGeGeGeSiGeGeGeSiGeSiSiSiSiSiSiSiSiSiSiSiSiSiSiSiSiSiSiSiSiSiSiSiSiSiSiSiSiSiGeSiSiSiSiSiSiSiSiGeGeGeGeGeGeGeSiSiGeGe
   -18106.7734375000 GeGeGeGeGeSiGeGeGeSiGeSiSiSiSiSiSiSiSiSiSiSiSiSiSiSiSiSiSiSiSiSiSiSiSiSiSiSiSiSiGeSiSiSiSiSiSiSiSiGeGeGeGeGeGeGeSiSiGeGe
   -18106.7734375000 GeGeGeGeGeSiGeGeGeSiGeSiSiSiSiSiSiSiSiSiSiSiSiSiSiSiSiSiSiSiSiSiSiSiSiSiSiSiSiSiGeSiSiSiSiSiSiSiSiGeGeGeGeGeGeGeSiSiGeGe
   -18106.7734375000 GeGeGeGeGeSiGeGeGeSiGeSiSiSiSiSiSiSiSiSiSiSiSiSiSiSiSiSiSiSiSiSiSiSiSiSiSiSiSiSiGeSiSiSiSiSiSiSiSiGeGeGeGeGeGeGeSiSiGeGe
   -18106.7734375000 GeGeGeGeGeSiGeGeGeSiGeSiSiSiSiSiSiSiSiSiSiSiSiSiSiSiSiSiSiSiSiSiSiSiSiSiSiSiSiSiGeSiSiSiSiSiSiSiSiGeGeGeGeGeGeGeSiSiGeGe
   -18106.7734375000 GeGeGeGeGeSiGeGeGeSiGeSiSiSiSiSiSiSiSiSiSiSiSiSiSiSiSiSiSiSiSiSiSiSiSiSiSiSiSiSiGeSiSiSiSiSiSiSiSiGeGeGeGeGeGeGeSiSiGeGe
   -18280.3359375000 GeSiGeGeGeSiGeGeGeSiGeGeSiSiSiSiSiSiSiSiSiSiSiSiSiSiSiSiSiSiSiSiSiSiSiSiSiSiSiSiGeSiSiSiSiSiSiSiSiGeGeGeGeGeGeGeSiSiGeGe
   -18280.3359375000 GeSiGeGeGeSiGeGeGeSiGeGeSiSiSiSiSiSiSiSiSiSiSiSiSiSiSiSiSiSiSiSiSiSiSiSiSiSiSiSiGeSiSiSiSiSiSiSiSiGeGeGeGeGeGeGeSiSiGeGe
   -18280.3359375000 GeSiGeGeGeSiGeGeGeSiGeGeSiSiSiSiSiSiSiSiSiSiSiSiSiSiSiSiSiSiSiSiSiSiSiSiSiSiSiSiGeSiSiSiSiSiSiSiSiGeGeGeGeGeGeGeSiSiGeGe
   -18280.3359375000 GeSiGeGeGeSiGeGeGeSiGeGeSiSiSiSiSiSiSiSiSiSiSiSiSiSiSiSiSiSiSiSiSiSiSiSiSiSiSiSiGeSiSiSiSiSiSiSiSiGeGeGeGeGeGeGeSiSiGeGe
   -18280.3359375000 GeSiGeGeGeSiGeGeGeSiGeGeSiSiSiSiSiSiSiSiSiSiSiSiSiSiSiSiSiSiSiSiSiSiSiSiSiSiSiSiGeSiSiSiSiSiSiSiSiGeGeGeGeGeGeGeSiSiGeGe
   -18280.3359375000 GeSiGeGeGeSiGeGeGeSiGeGeSiSiSiSiSiSiSiSiSiSiSiSiSiSiSiSiSiSiSiSiSiSiSiSiSiSiSiSiGeSiSiSiSiSiSiSiSiGeGeGeGeGeGeGeSiSiGeGe
   -18280.3359375000 GeSiGeGeGeSiGeGeGeSiGeGeSiSiSiSiSiSiSiSiSiSiSiSiSiSiSiSiSiSiSiSiSiSiSiSiSiSiSiSiGeSiSiSiSiSiSiSiSiGeGeGeGeGeGeGeSiSiGeGe
   -18465.7382812500 GeSiGeGeGeGeGeGeGeSiGeGeSiSiSiSiSiSiSiSiSiSiSiSiSiSiSiSiSiSiSiSiSiSiSiSiSiSiSiSiGeSiSiSiSiSiSiSiSiSiGeGeGeGeGeGeSiSiGeGe
   -18465.7382812500 GeSiGeGeGeGeGeGeGeSiGeGeSiSiSiSiSiSiSiSiSiSiSiSiSiSiSiSiSiSiSiSiSiSiSiSiSiSiSiSiGeSiSiSiSiSiSiSiSiSiGeGeGeGeGeGeSiSiGeGe
   -18465.7382812500 GeSiGeGeGeGeGeGeGeSiGeGeSiSiSiSiSiSiSiSiSiSiSiSiSiSiSiSiSiSiSiSiSiSiSiSiSiSiSiSiGeSiSiSiSiSiSiSiSiSiGeGeGeGeGeGeSiSiGeGe
   -18465.7382812500 GeSiGeGeGeGeGeGeGeSiGeGeSiSiSiSiSiSiSiSiSiSiSiSiSiSiSiSiSiSiSiSiSiSiSiSiSiSiSiSiGeSiSiSiSiSiSiSiSiSiGeGeGeGeGeGeSiSiGeGe
   -18465.7382812500 GeSiGeGeGeGeGeGeGeSiGeGeSiSiSiSiSiSiSiSiSiSiSiSiSiSiSiSiSiSiSiSiSiSiSiSiSiSiSiSiGeSiSiSiSiSiSiSiSiSiGeGeGeGeGeGeSiSiGeGe
   -18465.7382812500 GeSiGeGeGeGeGeGeGeSiGeGeSiSiSiSiSiSiSiSiSiSiSiSiSiSiSiSiSiSiSiSiSiSiSiSiSiSiSiSiGeSiSiSiSiSiSiSiSiSiGeGeGeGeGeGeSiSiGeGe
   -18465.7382812500 GeSiGeGeGeGeGeGeGeSiGeGeSiSiSiSiSiSiSiSiSiSiSiSiSiSiSiSiSiSiSiSiSiSiSiSiSiSiSiSiGeSiSiSiSiSiSiSiSiSiGeGeGeGeGeGeSiSiGeGe
   -18465.0976562500 GeGeGeGeGeGeGeGeGeSiGeGeSiSiSiSiSiSiSiSiSiSiSiSiSiSiSiSiSiSiSiSiSiSiSiSiSiSiSiSiGeSiSiSiSiSiSiSiSiSiSiGeGeGeGeGeSiSiGeGe
   -18465.0976562500 GeGeGeGeGeGeGeGeGeSiGeGeSiSiSiSiSiSiSiSiSiSiSiSiSiSiSiSiSiSiSiSiSiSiSiSiSiSiSiSiGeSiSiSiSiSiSiSiSiSiSiGeGeGeGeGeSiSiGeGe
   -18465.0976562500 GeGeGeGeGeGeGeGeGeSiGeGeSiSiSiSiSiSiSiSiSiSiSiSiSiSiSiSiSiSiSiSiSiSiSiSiSiSiSiSiGeSiSiSiSiSiSiSiSiSiSiGeGeGeGeGeSiSiGeGe
   -18465.0976562500 GeGeGeGeGeGeGeGeGeSiGeGeSiSiSiSiSiSiSiSiSiSiSiSiSiSiSiSiSiSiSiSiSiSiSiSiSiSiSiSiGeSiSiSiSiSiSiSiSiSiSiGeGeGeGeGeSiSiGeGe
   -18465.0976562500 GeGeGeGeGeGeGeGeGeSiGeGeSiSiSiSiSiSiSiSiSiSiSiSiSiSiSiSiSiSiSiSiSiSiSiSiSiSiSiSiGeSiSiSiSiSiSiSiSiSiSiGeGeGeGeGeSiSiGeGe
   -18465.0976562500 GeGeGeGeGeGeGeGeGeSiGeGeSiSiSiSiSiSiSiSiSiSiSiSiSiSiSiSiSiSiSiSiSiSiSiSiSiSiSiSiGeSiSiSiSiSiSiSiSiSiSiGeGeGeGeGeSiSiGeGe
   -18465.0976562500 GeGeGeGeGeGeGeGeGeSiGeGeSiSiSiSiSiSiSiSiSiSiSiSiSiSiSiSiSiSiSiSiSiSiSiSiSiSiSiSiGeSiSiSiSiSiSiSiSiSiSiGeGeGeGeGeSiSiGeGe
   -18465.0976562500 GeGeGeGeGeGeGeGeGeSiGeGeSiSiSiSiSiSiSiSiSiSiSiSiSiSiSiSiSiSiSiSiSiSiSiSiSiSiSiSiGeSiSiSiSiSiSiSiSiSiSiGeGeGeGeGeSiSiGeGe
   -18465.0976562500 GeGeGeGeGeGeGeGeGeSiGeGeSiSiSiSiSiSiSiSiSiSiSiSiSiSiSiSiSiSiSiSiSiSiSiSiSiSiSiSiGeSiSiSiSiSiSiSiSiSiSiGeGeGeGeGeSiSiGeGe
   -18465.0976562500 GeGeGeGeGeGeGeGeGeSiGeGeSiSiSiSiSiSiSiSiSiSiSiSiSiSiSiSiSiSiSiSiSiSiSiSiSiSiSiSiGeSiSiSiSiSiSiSiSiSiSiGeGeGeGeGeSiSiGeGe
   -18465.0976562500 GeGeGeGeGeGeGeGeGeSiGeGeSiSiSiSiSiSiSiSiSiSiSiSiSiSiSiSiSiSiSiSiSiSiSiSiSiSiSiSiGeSiSiSiSiSiSiSiSiSiSiGeGeGeGeGeSiSiGeGe
   -18465.0976562500 GeGeGeGeGeGeGeGeGeSiGeGeSiSiSiSiSiSiSiSiSiSiSiSiSiSiSiSiSiSiSiSiSiSiSiSiSiSiSiSiGeSiSiSiSiSiSiSiSiSiSiGeGeGeGeGeSiSiGeGe
   -18465.0976562500 GeGeGeGeGeGeGeGeGeSiGeGeSiSiSiSiSiSiSiSiSiSiSiSiSiSiSiSiSiSiSiSiSiSiSiSiSiSiSiSiGeSiSiSiSiSiSiSiSiSiSiGeGeGeGeGeSiSiGeGe
   -18465.0976562500 GeGeGeGeGeGeGeGeGeSiGeGeSiSiSiSiSiSiSiSiSiSiSiSiSiSiSiSiSiSiSiSiSiSiSiSiSiSiSiSiGeSiSiSiSiSiSiSiSiSiSiGeGeGeGeGeSiSiGeGe
   -18465.0976562500 GeGeGeGeGeGeGeGeGeSiGeGeSiSiSiSiSiSiSiSiSiSiSiSiSiSiSiSiSiSiSiSiSiSiSiSiSiSiSiSiGeSiSiSiSiSiSiSiSiSiSiGeGeGeGeGeSiSiGeGe
   -18465.0976562500 GeGeGeGeGeGeGeGeGeSiGeGeSiSiSiSiSiSiSiSiSiSiSiSiSiSiSiSiSiSiSiSiSiSiSiSiSiSiSiSiGeSiSiSiSiSiSiSiSiSiSiGeGeGeGeGeSiSiGeGe
   -18465.0976562500 GeGeGeGeGeGeGeGeGeSiGeGeSiSiSiSiSiSiSiSiSiSiSiSiSiSiSiSiSiSiSiSiSiSiSiSiSiSiSiSiGeSiSiSiSiSiSiSiSiSiSiGeGeGeGeGeSiSiGeGe
   -18465.0976562500 GeGeGeGeGeGeGeGeGeSiGeGeSiSiSiSiSiSiSiSiSiSiSiSiSiSiSiSiSiSiSiSiSiSiSiSiSiSiSiSiGeSiSiSiSiSiSiSiSiSiSiGeGeGeGeGeSiSiGeGe
   -18465.0976562500 GeGeGeGeGeGeGeGeGeSiGeGeSiSiSiSiSiSiSiSiSiSiSiSiSiSiSiSiSiSiSiSiSiSiSiSiSiSiSiSiGeSiSiSiSiSiSiSiSiSiSiGeGeGeGeGeSiSiGeGe
   -18465.0976562500 GeGeGeGeGeGeGeGeGeSiGeGeSiSiSiSiSiSiSiSiSiSiSiSiSiSiSiSiSiSiSiSiSiSiSiSiSiSiSiSiGeSiSiSiSiSiSiSiSiSiSiGeGeGeGeGeSiSiGeGe
   -18467.9062500000 GeGeGeGeGeGeGeGeGeSiGeGeSiSiGeSiSiSiSiSiSiSiSiSiSiSiSiSiSiSiSiSiSiSiSiSiSiSiSiSiSiSiSiSiSiSiSiSiSiSiSiGeGeGeGeGeSiSiGeGe
   -18467.9062500000 GeGeGeGeGeGeGeGeGeSiGeGeSiSiGeSiSiSiSiSiSiSiSiSiSiSiSiSiSiSiSiSiSiSiSiSiSiSiSiSiSiSiSiSiSiSiSiSiSiSiSiGeGeGeGeGeSiSiGeGe
   -18543.5937500000 GeGeGeGeGeGeGeGeGeSiGeGeSiSiGeSiSiSiSiSiSiSiSiSiSiSiSiSiSiSiSiSiSiSiSiSiSiSiSiSiSiSiSiSiSiSiSiSiSiSiGeGeGeSiGeGeSiSiGeGe
   -18543.5937500000 GeGeGeGeGeGeGeGeGeSiGeGeSiSiGeSiSiSiSiSiSiSiSiSiSiSiSiSiSiSiSiSiSiSiSiSiSiSiSiSiSiSiSiSiSiSiSiSiSiSiGeGeGeSiGeGeSiSiGeGe
   -18543.5937500000 GeGeGeGeGeGeGeGeGeSiGeGeSiSiGeSiSiSiSiSiSiSiSiSiSiSiSiSiSiSiSiSiSiSiSiSiSiSiSiSiSiSiSiSiSiSiSiSiSiSiGeGeGeSiGeGeSiSiGeGe
   -18543.5937500000 GeGeGeGeGeGeGeGeGeSiGeGeSiSiGeSiSiSiSiSiSiSiSiSiSiSiSiSiSiSiSiSiSiSiSiSiSiSiSiSiSiSiSiSiSiSiSiSiSiSiGeGeGeSiGeGeSiSiGeGe
   -18543.5937500000 GeGeGeGeGeGeGeGeGeSiGeGeSiSiGeSiSiSiSiSiSiSiSiSiSiSiSiSiSiSiSiSiSiSiSiSiSiSiSiSiSiSiSiSiSiSiSiSiSiSiGeGeGeSiGeGeSiSiGeGe
   -18543.5937500000 GeGeGeGeGeGeGeGeGeSiGeGeSiSiGeSiSiSiSiSiSiSiSiSiSiSiSiSiSiSiSiSiSiSiSiSiSiSiSiSiSiSiSiSiSiSiSiSiSiSiGeGeGeSiGeGeSiSiGeGe
   -18543.5937500000 GeGeGeGeGeGeGeGeGeSiGeGeSiSiGeSiSiSiSiSiSiSiSiSiSiSiSiSiSiSiSiSiSiSiSiSiSiSiSiSiSiSiSiSiSiSiSiSiSiSiGeGeGeSiGeGeSiSiGeGe
   -18543.5937500000 GeGeGeGeGeGeGeGeGeSiGeGeSiSiGeSiSiSiSiSiSiSiSiSiSiSiSiSiSiSiSiSiSiSiSiSiSiSiSiSiSiSiSiSiSiSiSiSiSiSiGeGeGeSiGeGeSiSiGeGe
   -18543.5937500000 GeGeGeGeGeGeGeGeGeSiGeGeSiSiGeSiSiSiSiSiSiSiSiSiSiSiSiSiSiSiSiSiSiSiSiSiSiSiSiSiSiSiSiSiSiSiSiSiSiSiGeGeGeSiGeGeSiSiGeGe
   -18543.5937500000 GeGeGeGeGeGeGeGeGeSiGeGeSiSiGeSiSiSiSiSiSiSiSiSiSiSiSiSiSiSiSiSiSiSiSiSiSiSiSiSiSiSiSiSiSiSiSiSiSiSiGeGeGeSiGeGeSiSiGeGe
   -18543.5937500000 GeGeGeGeGeGeGeGeGeSiGeGeSiSiGeSiSiSiSiSiSiSiSiSiSiSiSiSiSiSiSiSiSiSiSiSiSiSiSiSiSiSiSiSiSiSiSiSiSiSiGeGeGeSiGeGeSiSiGeGe
   -18543.5937500000 GeGeGeGeGeGeGeGeGeSiGeGeSiSiGeSiSiSiSiSiSiSiSiSiSiSiSiSiSiSiSiSiSiSiSiSiSiSiSiSiSiSiSiSiSiSiSiSiSiSiGeGeGeSiGeGeSiSiGeGe
   -18543.5937500000 GeGeGeGeGeGeGeGeGeSiGeGeSiSiGeSiSiSiSiSiSiSiSiSiSiSiSiSiSiSiSiSiSiSiSiSiSiSiSiSiSiSiSiSiSiSiSiSiSiSiGeGeGeSiGeGeSiSiGeGe
   -18713.5078125000 GeGeGeGeGeGeGeGeGeSiGeGeSiSiSiSiSiSiSiSiSiSiSiSiSiSiSiSiSiSiSiSiSiSiSiSiSiSiSiSiSiSiSiSiSiSiSiSiSiSiGeGeGeSiGeGeSiGeGeGe
   -18713.5078125000 GeGeGeGeGeGeGeGeGeSiGeGeSiSiSiSiSiSiSiSiSiSiSiSiSiSiSiSiSiSiSiSiSiSiSiSiSiSiSiSiSiSiSiSiSiSiSiSiSiSiGeGeGeSiGeGeSiGeGeGe
   -18713.5078125000 GeGeGeGeGeGeGeGeGeSiGeGeSiSiSiSiSiSiSiSiSiSiSiSiSiSiSiSiSiSiSiSiSiSiSiSiSiSiSiSiSiSiSiSiSiSiSiSiSiSiGeGeGeSiGeGeSiGeGeGe
   -18713.5078125000 GeGeGeGeGeGeGeGeGeSiGeGeSiSiSiSiSiSiSiSiSiSiSiSiSiSiSiSiSiSiSiSiSiSiSiSiSiSiSiSiSiSiSiSiSiSiSiSiSiSiGeGeGeSiGeGeSiGeGeGe
   -18713.5078125000 GeGeGeGeGeGeGeGeGeSiGeGeSiSiSiSiSiSiSiSiSiSiSiSiSiSiSiSiSiSiSiSiSiSiSiSiSiSiSiSiSiSiSiSiSiSiSiSiSiSiGeGeGeSiGeGeSiGeGeGe
   -18713.5078125000 GeGeGeGeGeGeGeGeGeSiGeGeSiSiSiSiSiSiSiSiSiSiSiSiSiSiSiSiSiSiSiSiSiSiSiSiSiSiSiSiSiSiSiSiSiSiSiSiSiSiGeGeGeSiGeGeSiGeGeGe
   -18813.0703125000 GeGeGeGeGeGeGeGeGeGeGeGeSiSiSiSiSiSiSiSiSiSiSiSiSiSiSiSiSiSiSiSiSiSiSiSiSiSiSiSiSiSiSiSiSiSiSiSiSiSiGeGeSiSiGeGeSiGeGeGe
   -18813.0703125000 GeGeGeGeGeGeGeGeGeGeGeGeSiSiSiSiSiSiSiSiSiSiSiSiSiSiSiSiSiSiSiSiSiSiSiSiSiSiSiSiSiSiSiSiSiSiSiSiSiSiGeGeSiSiGeGeSiGeGeGe
   -18813.0703125000 GeGeGeGeGeGeGeGeGeGeGeGeSiSiSiSiSiSiSiSiSiSiSiSiSiSiSiSiSiSiSiSiSiSiSiSiSiSiSiSiSiSiSiSiSiSiSiSiSiSiGeGeSiSiGeGeSiGeGeGe
   -18813.0703125000 GeGeGeGeGeGeGeGeGeGeGeGeSiSiSiSiSiSiSiSiSiSiSiSiSiSiSiSiSiSiSiSiSiSiSiSiSiSiSiSiSiSiSiSiSiSiSiSiSiSiGeGeSiSiGeGeSiGeGeGe
   -18813.0703125000 GeGeGeGeGeGeGeGeGeGeGeGeSiSiSiSiSiSiSiSiSiSiSiSiSiSiSiSiSiSiSiSiSiSiSiSiSiSiSiSiSiSiSiSiSiSiSiSiSiSiGeGeSiSiGeGeSiGeGeGe
   -18813.0703125000 GeGeGeGeGeGeGeGeGeGeGeGeSiSiSiSiSiSiSiSiSiSiSiSiSiSiSiSiSiSiSiSiSiSiSiSiSiSiSiSiSiSiSiSiSiSiSiSiSiSiGeGeSiSiGeGeSiGeGeGe
   -18813.0703125000 GeGeGeGeGeGeGeGeGeGeGeGeSiSiSiSiSiSiSiSiSiSiSiSiSiSiSiSiSiSiSiSiSiSiSiSiSiSiSiSiSiSiSiSiSiSiSiSiSiSiGeGeSiSiGeGeSiGeGeGe
   -18813.0703125000 GeGeGeGeGeGeGeGeGeGeGeGeSiSiSiSiSiSiSiSiSiSiSiSiSiSiSiSiSiSiSiSiSiSiSiSiSiSiSiSiSiSiSiSiSiSiSiSiSiSiGeGeSiSiGeGeSiGeGeGe
   -18813.0703125000 GeGeGeGeGeGeGeGeGeGeGeGeSiSiSiSiSiSiSiSiSiSiSiSiSiSiSiSiSiSiSiSiSiSiSiSiSiSiSiSiSiSiSiSiSiSiSiSiSiSiGeGeSiSiGeGeSiGeGeGe
   -18813.0703125000 GeGeGeGeGeGeGeGeGeGeGeGeSiSiSiSiSiSiSiSiSiSiSiSiSiSiSiSiSiSiSiSiSiSiSiSiSiSiSiSiSiSiSiSiSiSiSiSiSiSiGeGeSiSiGeGeSiGeGeGe
   -18813.0703125000 GeGeGeGeGeGeGeGeGeGeGeGeSiSiSiSiSiSiSiSiSiSiSiSiSiSiSiSiSiSiSiSiSiSiSiSiSiSiSiSiSiSiSiSiSiSiSiSiSiSiGeGeSiSiGeGeSiGeGeGe
   -18813.0703125000 GeGeGeGeGeGeGeGeGeGeGeGeSiSiSiSiSiSiSiSiSiSiSiSiSiSiSiSiSiSiSiSiSiSiSiSiSiSiSiSiSiSiSiSiSiSiSiSiSiSiGeGeSiSiGeGeSiGeGeGe
   -18813.0703125000 GeGeGeGeGeGeGeGeGeGeGeGeSiSiSiSiSiSiSiSiSiSiSiSiSiSiSiSiSiSiSiSiSiSiSiSiSiSiSiSiSiSiSiSiSiSiSiSiSiSiGeGeSiSiGeGeSiGeGeGe
   -18813.0703125000 GeGeGeGeGeGeGeGeGeGeGeGeSiSiSiSiSiSiSiSiSiSiSiSiSiSiSiSiSiSiSiSiSiSiSiSiSiSiSiSiSiSiSiSiSiSiSiSiSiSiGeGeSiSiGeGeSiGeGeGe
   -18813.0703125000 GeGeGeGeGeGeGeGeGeGeGeGeSiSiSiSiSiSiSiSiSiSiSiSiSiSiSiSiSiSiSiSiSiSiSiSiSiSiSiSiSiSiSiSiSiSiSiSiSiSiGeGeSiSiGeGeSiGeGeGe
   -18813.0703125000 GeGeGeGeGeGeGeGeGeGeGeGeSiSiSiSiSiSiSiSiSiSiSiSiSiSiSiSiSiSiSiSiSiSiSiSiSiSiSiSiSiSiSiSiSiSiSiSiSiSiGeGeSiSiGeGeSiGeGeGe
   -18813.0703125000 GeGeGeGeGeGeGeGeGeGeGeGeSiSiSiSiSiSiSiSiSiSiSiSiSiSiSiSiSiSiSiSiSiSiSiSiSiSiSiSiSiSiSiSiSiSiSiSiSiSiGeGeSiSiGeGeSiGeGeGe
   -18813.0703125000 GeGeGeGeGeGeGeGeGeGeGeGeSiSiSiSiSiSiSiSiSiSiSiSiSiSiSiSiSiSiSiSiSiSiSiSiSiSiSiSiSiSiSiSiSiSiSiSiSiSiGeGeSiSiGeGeSiGeGeGe
   -18813.0703125000 GeGeGeGeGeGeGeGeGeGeGeGeSiSiSiSiSiSiSiSiSiSiSiSiSiSiSiSiSiSiSiSiSiSiSiSiSiSiSiSiSiSiSiSiSiSiSiSiSiSiGeGeSiSiGeGeSiGeGeGe
   -18813.0703125000 GeGeGeGeGeGeGeGeGeGeGeGeSiSiSiSiSiSiSiSiSiSiSiSiSiSiSiSiSiSiSiSiSiSiSiSiSiSiSiSiSiSiSiSiSiSiSiSiSiSiGeGeSiSiGeGeSiGeGeGe
   -18813.0703125000 GeGeGeGeGeGeGeGeGeGeGeGeSiSiSiSiSiSiSiSiSiSiSiSiSiSiSiSiSiSiSiSiSiSiSiSiSiSiSiSiSiSiSiSiSiSiSiSiSiSiGeGeSiSiGeGeSiGeGeGe
   -18813.0703125000 GeGeGeGeGeGeGeGeGeGeGeGeSiSiSiSiSiSiSiSiSiSiSiSiSiSiSiSiSiSiSiSiSiSiSiSiSiSiSiSiSiSiSiSiSiSiSiSiSiSiGeGeSiSiGeGeSiGeGeGe
   -18813.0703125000 GeGeGeGeGeGeGeGeGeGeGeGeSiSiSiSiSiSiSiSiSiSiSiSiSiSiSiSiSiSiSiSiSiSiSiSiSiSiSiSiSiSiSiSiSiSiSiSiSiSiGeGeSiSiGeGeSiGeGeGe
   -18813.0703125000 GeGeGeGeGeGeGeGeGeGeGeGeSiSiSiSiSiSiSiSiSiSiSiSiSiSiSiSiSiSiSiSiSiSiSiSiSiSiSiSiSiSiSiSiSiSiSiSiSiSiGeGeSiSiGeGeSiGeGeGe
   -18813.0703125000 GeGeGeGeGeGeGeGeGeGeGeGeSiSiSiSiSiSiSiSiSiSiSiSiSiSiSiSiSiSiSiSiSiSiSiSiSiSiSiSiSiSiSiSiSiSiSiSiSiSiGeGeSiSiGeGeSiGeGeGe
   -18813.0703125000 GeGeGeGeGeGeGeGeGeGeGeGeSiSiSiSiSiSiSiSiSiSiSiSiSiSiSiSiSiSiSiSiSiSiSiSiSiSiSiSiSiSiSiSiSiSiSiSiSiSiGeGeSiSiGeGeSiGeGeGe
   -18813.0703125000 GeGeGeGeGeGeGeGeGeGeGeGeSiSiSiSiSiSiSiSiSiSiSiSiSiSiSiSiSiSiSiSiSiSiSiSiSiSiSiSiSiSiSiSiSiSiSiSiSiSiGeGeSiSiGeGeSiGeGeGe
   -18813.0703125000 GeGeGeGeGeGeGeGeGeGeGeGeSiSiSiSiSiSiSiSiSiSiSiSiSiSiSiSiSiSiSiSiSiSiSiSiSiSiSiSiSiSiSiSiSiSiSiSiSiSiGeGeSiSiGeGeSiGeGeGe
   -18813.0703125000 GeGeGeGeGeGeGeGeGeGeGeGeSiSiSiSiSiSiSiSiSiSiSiSiSiSiSiSiSiSiSiSiSiSiSiSiSiSiSiSiSiSiSiSiSiSiSiSiSiSiGeGeSiSiGeGeSiGeGeGe
   -18813.0703125000 GeGeGeGeGeGeGeGeGeGeGeGeSiSiSiSiSiSiSiSiSiSiSiSiSiSiSiSiSiSiSiSiSiSiSiSiSiSiSiSiSiSiSiSiSiSiSiSiSiSiGeGeSiSiGeGeSiGeGeGe
   -18813.0703125000 GeGeGeGeGeGeGeGeGeGeGeGeSiSiSiSiSiSiSiSiSiSiSiSiSiSiSiSiSiSiSiSiSiSiSiSiSiSiSiSiSiSiSiSiSiSiSiSiSiSiGeGeSiSiGeGeSiGeGeGe
   -18813.0703125000 GeGeGeGeGeGeGeGeGeGeGeGeSiSiSiSiSiSiSiSiSiSiSiSiSiSiSiSiSiSiSiSiSiSiSiSiSiSiSiSiSiSiSiSiSiSiSiSiSiSiGeGeSiSiGeGeSiGeGeGe
   -18813.0703125000 GeGeGeGeGeGeGeGeGeGeGeGeSiSiSiSiSiSiSiSiSiSiSiSiSiSiSiSiSiSiSiSiSiSiSiSiSiSiSiSiSiSiSiSiSiSiSiSiSiSiGeGeSiSiGeGeSiGeGeGe
   -18813.0703125000 GeGeGeGeGeGeGeGeGeGeGeGeSiSiSiSiSiSiSiSiSiSiSiSiSiSiSiSiSiSiSiSiSiSiSiSiSiSiSiSiSiSiSiSiSiSiSiSiSiSiGeGeSiSiGeGeSiGeGeGe
   -18813.0703125000 GeGeGeGeGeGeGeGeGeGeGeGeSiSiSiSiSiSiSiSiSiSiSiSiSiSiSiSiSiSiSiSiSiSiSiSiSiSiSiSiSiSiSiSiSiSiSiSiSiSiGeGeSiSiGeGeSiGeGeGe
   -18813.0703125000 GeGeGeGeGeGeGeGeGeGeGeGeSiSiSiSiSiSiSiSiSiSiSiSiSiSiSiSiSiSiSiSiSiSiSiSiSiSiSiSiSiSiSiSiSiSiSiSiSiSiGeGeSiSiGeGeSiGeGeGe
   -18813.0703125000 GeGeGeGeGeGeGeGeGeGeGeGeSiSiSiSiSiSiSiSiSiSiSiSiSiSiSiSiSiSiSiSiSiSiSiSiSiSiSiSiSiSiSiSiSiSiSiSiSiSiGeGeSiSiGeGeSiGeGeGe
   -18813.0703125000 GeGeGeGeGeGeGeGeGeGeGeGeSiSiSiSiSiSiSiSiSiSiSiSiSiSiSiSiSiSiSiSiSiSiSiSiSiSiSiSiSiSiSiSiSiSiSiSiSiSiGeGeSiSiGeGeSiGeGeGe
   -18813.0703125000 GeGeGeGeGeGeGeGeGeGeGeGeSiSiSiSiSiSiSiSiSiSiSiSiSiSiSiSiSiSiSiSiSiSiSiSiSiSiSiSiSiSiSiSiSiSiSiSiSiSiGeGeSiSiGeGeSiGeGeGe
   -18813.0703125000 GeGeGeGeGeGeGeGeGeGeGeGeSiSiSiSiSiSiSiSiSiSiSiSiSiSiSiSiSiSiSiSiSiSiSiSiSiSiSiSiSiSiSiSiSiSiSiSiSiSiGeGeSiSiGeGeSiGeGeGe
   -18813.0703125000 GeGeGeGeGeGeGeGeGeGeGeGeSiSiSiSiSiSiSiSiSiSiSiSiSiSiSiSiSiSiSiSiSiSiSiSiSiSiSiSiSiSiSiSiSiSiSiSiSiSiGeGeSiSiGeGeSiGeGeGe
   -18813.0703125000 GeGeGeGeGeGeGeGeGeGeGeGeSiSiSiSiSiSiSiSiSiSiSiSiSiSiSiSiSiSiSiSiSiSiSiSiSiSiSiSiSiSiSiSiSiSiSiSiSiSiGeGeSiSiGeGeSiGeGeGe
   -18813.0703125000 GeGeGeGeGeGeGeGeGeGeGeGeSiSiSiSiSiSiSiSiSiSiSiSiSiSiSiSiSiSiSiSiSiSiSiSiSiSiSiSiSiSiSiSiSiSiSiSiSiSiGeGeSiSiGeGeSiGeGeGe
   -18813.0703125000 GeGeGeGeGeGeGeGeGeGeGeGeSiSiSiSiSiSiSiSiSiSiSiSiSiSiSiSiSiSiSiSiSiSiSiSiSiSiSiSiSiSiSiSiSiSiSiSiSiSiGeGeSiSiGeGeSiGeGeGe
   -18813.0703125000 GeGeGeGeGeGeGeGeGeGeGeGeSiSiSiSiSiSiSiSiSiSiSiSiSiSiSiSiSiSiSiSiSiSiSiSiSiSiSiSiSiSiSiSiSiSiSiSiSiSiGeGeSiSiGeGeSiGeGeGe
   -18813.0703125000 GeGeGeGeGeGeGeGeGeGeGeGeSiSiSiSiSiSiSiSiSiSiSiSiSiSiSiSiSiSiSiSiSiSiSiSiSiSiSiSiSiSiSiSiSiSiSiSiSiSiGeGeSiSiGeGeSiGeGeGe
   -18813.0703125000 GeGeGeGeGeGeGeGeGeGeGeGeSiSiSiSiSiSiSiSiSiSiSiSiSiSiSiSiSiSiSiSiSiSiSiSiSiSiSiSiSiSiSiSiSiSiSiSiSiSiGeGeSiSiGeGeSiGeGeGe
   -18813.0703125000 GeGeGeGeGeGeGeGeGeGeGeGeSiSiSiSiSiSiSiSiSiSiSiSiSiSiSiSiSiSiSiSiSiSiSiSiSiSiSiSiSiSiSiSiSiSiSiSiSiSiGeGeSiSiGeGeSiGeGeGe
   -18813.0703125000 GeGeGeGeGeGeGeGeGeGeGeGeSiSiSiSiSiSiSiSiSiSiSiSiSiSiSiSiSiSiSiSiSiSiSiSiSiSiSiSiSiSiSiSiSiSiSiSiSiSiGeGeSiSiGeGeSiGeGeGe
   -18813.0703125000 GeGeGeGeGeGeGeGeGeGeGeGeSiSiSiSiSiSiSiSiSiSiSiSiSiSiSiSiSiSiSiSiSiSiSiSiSiSiSiSiSiSiSiSiSiSiSiSiSiSiGeGeSiSiGeGeSiGeGeGe
   -18813.0703125000 GeGeGeGeGeGeGeGeGeGeGeGeSiSiSiSiSiSiSiSiSiSiSiSiSiSiSiSiSiSiSiSiSiSiSiSiSiSiSiSiSiSiSiSiSiSiSiSiSiSiGeGeSiSiGeGeSiGeGeGe
   -18813.0703125000 GeGeGeGeGeGeGeGeGeGeGeGeSiSiSiSiSiSiSiSiSiSiSiSiSiSiSiSiSiSiSiSiSiSiSiSiSiSiSiSiSiSiSiSiSiSiSiSiSiSiGeGeSiSiGeGeSiGeGeGe
   -18813.0703125000 GeGeGeGeGeGeGeGeGeGeGeGeSiSiSiSiSiSiSiSiSiSiSiSiSiSiSiSiSiSiSiSiSiSiSiSiSiSiSiSiSiSiSiSiSiSiSiSiSiSiGeGeSiSiGeGeSiGeGeGe
   -18813.0703125000 GeGeGeGeGeGeGeGeGeGeGeGeSiSiSiSiSiSiSiSiSiSiSiSiSiSiSiSiSiSiSiSiSiSiSiSiSiSiSiSiSiSiSiSiSiSiSiSiSiSiGeGeSiSiGeGeSiGeGeGe
   -18813.0703125000 GeGeGeGeGeGeGeGeGeGeGeGeSiSiSiSiSiSiSiSiSiSiSiSiSiSiSiSiSiSiSiSiSiSiSiSiSiSiSiSiSiSiSiSiSiSiSiSiSiSiGeGeSiSiGeGeSiGeGeGe
   -18813.0703125000 GeGeGeGeGeGeGeGeGeGeGeGeSiSiSiSiSiSiSiSiSiSiSiSiSiSiSiSiSiSiSiSiSiSiSiSiSiSiSiSiSiSiSiSiSiSiSiSiSiSiGeGeSiSiGeGeSiGeGeGe
   -18813.0703125000 GeGeGeGeGeGeGeGeGeGeGeGeSiSiSiSiSiSiSiSiSiSiSiSiSiSiSiSiSiSiSiSiSiSiSiSiSiSiSiSiSiSiSiSiSiSiSiSiSiSiGeGeSiSiGeGeSiGeGeGe
   -18813.0703125000 GeGeGeGeGeGeGeGeGeGeGeGeSiSiSiSiSiSiSiSiSiSiSiSiSiSiSiSiSiSiSiSiSiSiSiSiSiSiSiSiSiSiSiSiSiSiSiSiSiSiGeGeSiSiGeGeSiGeGeGe
   -18813.0703125000 GeGeGeGeGeGeGeGeGeGeGeGeSiSiSiSiSiSiSiSiSiSiSiSiSiSiSiSiSiSiSiSiSiSiSiSiSiSiSiSiSiSiSiSiSiSiSiSiSiSiGeGeSiSiGeGeSiGeGeGe
   -18813.0703125000 GeGeGeGeGeGeGeGeGeGeGeGeSiSiSiSiSiSiSiSiSiSiSiSiSiSiSiSiSiSiSiSiSiSiSiSiSiSiSiSiSiSiSiSiSiSiSiSiSiSiGeGeSiSiGeGeSiGeGeGe
   -18813.0703125000 GeGeGeGeGeGeGeGeGeGeGeGeSiSiSiSiSiSiSiSiSiSiSiSiSiSiSiSiSiSiSiSiSiSiSiSiSiSiSiSiSiSiSiSiSiSiSiSiSiSiGeGeSiSiGeGeSiGeGeGe
   -18813.0703125000 GeGeGeGeGeGeGeGeGeGeGeGeSiSiSiSiSiSiSiSiSiSiSiSiSiSiSiSiSiSiSiSiSiSiSiSiSiSiSiSiSiSiSiSiSiSiSiSiSiSiGeGeSiSiGeGeSiGeGeGe
   -18813.0703125000 GeGeGeGeGeGeGeGeGeGeGeGeSiSiSiSiSiSiSiSiSiSiSiSiSiSiSiSiSiSiSiSiSiSiSiSiSiSiSiSiSiSiSiSiSiSiSiSiSiSiGeGeSiSiGeGeSiGeGeGe
   -18813.0703125000 GeGeGeGeGeGeGeGeGeGeGeGeSiSiSiSiSiSiSiSiSiSiSiSiSiSiSiSiSiSiSiSiSiSiSiSiSiSiSiSiSiSiSiSiSiSiSiSiSiSiGeGeSiSiGeGeSiGeGeGe
   -18813.0703125000 GeGeGeGeGeGeGeGeGeGeGeGeSiSiSiSiSiSiSiSiSiSiSiSiSiSiSiSiSiSiSiSiSiSiSiSiSiSiSiSiSiSiSiSiSiSiSiSiSiSiGeGeSiSiGeGeSiGeGeGe
   -18813.0703125000 GeGeGeGeGeGeGeGeGeGeGeGeSiSiSiSiSiSiSiSiSiSiSiSiSiSiSiSiSiSiSiSiSiSiSiSiSiSiSiSiSiSiSiSiSiSiSiSiSiSiGeGeSiSiGeGeSiGeGeGe
   -18813.0703125000 GeGeGeGeGeGeGeGeGeGeGeGeSiSiSiSiSiSiSiSiSiSiSiSiSiSiSiSiSiSiSiSiSiSiSiSiSiSiSiSiSiSiSiSiSiSiSiSiSiSiGeGeSiSiGeGeSiGeGeGe
   -18813.0703125000 GeGeGeGeGeGeGeGeGeGeGeGeSiSiSiSiSiSiSiSiSiSiSiSiSiSiSiSiSiSiSiSiSiSiSiSiSiSiSiSiSiSiSiSiSiSiSiSiSiSiGeGeSiSiGeGeSiGeGeGe
   -18813.0703125000 GeGeGeGeGeGeGeGeGeGeGeGeSiSiSiSiSiSiSiSiSiSiSiSiSiSiSiSiSiSiSiSiSiSiSiSiSiSiSiSiSiSiSiSiSiSiSiSiSiSiGeGeSiSiGeGeSiGeGeGe
   -18813.0703125000 GeGeGeGeGeGeGeGeGeGeGeGeSiSiSiSiSiSiSiSiSiSiSiSiSiSiSiSiSiSiSiSiSiSiSiSiSiSiSiSiSiSiSiSiSiSiSiSiSiSiGeGeSiSiGeGeSiGeGeGe
   -18813.0703125000 GeGeGeGeGeGeGeGeGeGeGeGeSiSiSiSiSiSiSiSiSiSiSiSiSiSiSiSiSiSiSiSiSiSiSiSiSiSiSiSiSiSiSiSiSiSiSiSiSiSiGeGeSiSiGeGeSiGeGeGe
   -18813.0703125000 GeGeGeGeGeGeGeGeGeGeGeGeSiSiSiSiSiSiSiSiSiSiSiSiSiSiSiSiSiSiSiSiSiSiSiSiSiSiSiSiSiSiSiSiSiSiSiSiSiSiGeGeSiSiGeGeSiGeGeGe
   -18813.0703125000 GeGeGeGeGeGeGeGeGeGeGeGeSiSiSiSiSiSiSiSiSiSiSiSiSiSiSiSiSiSiSiSiSiSiSiSiSiSiSiSiSiSiSiSiSiSiSiSiSiSiGeGeSiSiGeGeSiGeGeGe
   -18813.0703125000 GeGeGeGeGeGeGeGeGeGeGeGeSiSiSiSiSiSiSiSiSiSiSiSiSiSiSiSiSiSiSiSiSiSiSiSiSiSiSiSiSiSiSiSiSiSiSiSiSiSiGeGeSiSiGeGeSiGeGeGe
   -18813.0703125000 GeGeGeGeGeGeGeGeGeGeGeGeSiSiSiSiSiSiSiSiSiSiSiSiSiSiSiSiSiSiSiSiSiSiSiSiSiSiSiSiSiSiSiSiSiSiSiSiSiSiGeGeSiSiGeGeSiGeGeGe
   -18813.0703125000 GeGeGeGeGeGeGeGeGeGeGeGeSiSiSiSiSiSiSiSiSiSiSiSiSiSiSiSiSiSiSiSiSiSiSiSiSiSiSiSiSiSiSiSiSiSiSiSiSiSiGeGeSiSiGeGeSiGeGeGe
   -18813.0703125000 GeGeGeGeGeGeGeGeGeGeGeGeSiSiSiSiSiSiSiSiSiSiSiSiSiSiSiSiSiSiSiSiSiSiSiSiSiSiSiSiSiSiSiSiSiSiSiSiSiSiGeGeSiSiGeGeSiGeGeGe
   -18813.0703125000 GeGeGeGeGeGeGeGeGeGeGeGeSiSiSiSiSiSiSiSiSiSiSiSiSiSiSiSiSiSiSiSiSiSiSiSiSiSiSiSiSiSiSiSiSiSiSiSiSiSiGeGeSiSiGeGeSiGeGeGe
   -18813.0703125000 GeGeGeGeGeGeGeGeGeGeGeGeSiSiSiSiSiSiSiSiSiSiSiSiSiSiSiSiSiSiSiSiSiSiSiSiSiSiSiSiSiSiSiSiSiSiSiSiSiSiGeGeSiSiGeGeSiGeGeGe
   -18813.0703125000 GeGeGeGeGeGeGeGeGeGeGeGeSiSiSiSiSiSiSiSiSiSiSiSiSiSiSiSiSiSiSiSiSiSiSiSiSiSiSiSiSiSiSiSiSiSiSiSiSiSiGeGeSiSiGeGeSiGeGeGe
   -18813.0703125000 GeGeGeGeGeGeGeGeGeGeGeGeSiSiSiSiSiSiSiSiSiSiSiSiSiSiSiSiSiSiSiSiSiSiSiSiSiSiSiSiSiSiSiSiSiSiSiSiSiSiGeGeSiSiGeGeSiGeGeGe
   -18813.0703125000 GeGeGeGeGeGeGeGeGeGeGeGeSiSiSiSiSiSiSiSiSiSiSiSiSiSiSiSiSiSiSiSiSiSiSiSiSiSiSiSiSiSiSiSiSiSiSiSiSiSiGeGeSiSiGeGeSiGeGeGe
   -18813.0703125000 GeGeGeGeGeGeGeGeGeGeGeGeSiSiSiSiSiSiSiSiSiSiSiSiSiSiSiSiSiSiSiSiSiSiSiSiSiSiSiSiSiSiSiSiSiSiSiSiSiSiGeGeSiSiGeGeSiGeGeGe
   -18813.0703125000 GeGeGeGeGeGeGeGeGeGeGeGeSiSiSiSiSiSiSiSiSiSiSiSiSiSiSiSiSiSiSiSiSiSiSiSiSiSiSiSiSiSiSiSiSiSiSiSiSiSiGeGeSiSiGeGeSiGeGeGe
   -18813.0703125000 GeGeGeGeGeGeGeGeGeGeGeGeSiSiSiSiSiSiSiSiSiSiSiSiSiSiSiSiSiSiSiSiSiSiSiSiSiSiSiSiSiSiSiSiSiSiSiSiSiSiGeGeSiSiGeGeSiGeGeGe
   -18813.0703125000 GeGeGeGeGeGeGeGeGeGeGeGeSiSiSiSiSiSiSiSiSiSiSiSiSiSiSiSiSiSiSiSiSiSiSiSiSiSiSiSiSiSiSiSiSiSiSiSiSiSiGeGeSiSiGeGeSiGeGeGe
   -18813.0703125000 GeGeGeGeGeGeGeGeGeGeGeGeSiSiSiSiSiSiSiSiSiSiSiSiSiSiSiSiSiSiSiSiSiSiSiSiSiSiSiSiSiSiSiSiSiSiSiSiSiSiGeGeSiSiGeGeSiGeGeGe
   -18813.0703125000 GeGeGeGeGeGeGeGeGeGeGeGeSiSiSiSiSiSiSiSiSiSiSiSiSiSiSiSiSiSiSiSiSiSiSiSiSiSiSiSiSiSiSiSiSiSiSiSiSiSiGeGeSiSiGeGeSiGeGeGe
   -18813.0703125000 GeGeGeGeGeGeGeGeGeGeGeGeSiSiSiSiSiSiSiSiSiSiSiSiSiSiSiSiSiSiSiSiSiSiSiSiSiSiSiSiSiSiSiSiSiSiSiSiSiSiGeGeSiSiGeGeSiGeGeGe
   -18813.0703125000 GeGeGeGeGeGeGeGeGeGeGeGeSiSiSiSiSiSiSiSiSiSiSiSiSiSiSiSiSiSiSiSiSiSiSiSiSiSiSiSiSiSiSiSiSiSiSiSiSiSiGeGeSiSiGeGeSiGeGeGe
   -18813.0703125000 GeGeGeGeGeGeGeGeGeGeGeGeSiSiSiSiSiSiSiSiSiSiSiSiSiSiSiSiSiSiSiSiSiSiSiSiSiSiSiSiSiSiSiSiSiSiSiSiSiSiGeGeSiSiGeGeSiGeGeGe
   -18813.0703125000 GeGeGeGeGeGeGeGeGeGeGeGeSiSiSiSiSiSiSiSiSiSiSiSiSiSiSiSiSiSiSiSiSiSiSiSiSiSiSiSiSiSiSiSiSiSiSiSiSiSiGeGeSiSiGeGeSiGeGeGe
   -18813.0703125000 GeGeGeGeGeGeGeGeGeGeGeGeSiSiSiSiSiSiSiSiSiSiSiSiSiSiSiSiSiSiSiSiSiSiSiSiSiSiSiSiSiSiSiSiSiSiSiSiSiSiGeGeSiSiGeGeSiGeGeGe
   -18813.0703125000 GeGeGeGeGeGeGeGeGeGeGeGeSiSiSiSiSiSiSiSiSiSiSiSiSiSiSiSiSiSiSiSiSiSiSiSiSiSiSiSiSiSiSiSiSiSiSiSiSiSiGeGeSiSiGeGeSiGeGeGe
   -18813.0703125000 GeGeGeGeGeGeGeGeGeGeGeGeSiSiSiSiSiSiSiSiSiSiSiSiSiSiSiSiSiSiSiSiSiSiSiSiSiSiSiSiSiSiSiSiSiSiSiSiSiSiGeGeSiSiGeGeSiGeGeGe
   -18813.0703125000 GeGeGeGeGeGeGeGeGeGeGeGeSiSiSiSiSiSiSiSiSiSiSiSiSiSiSiSiSiSiSiSiSiSiSiSiSiSiSiSiSiSiSiSiSiSiSiSiSiSiGeGeSiSiGeGeSiGeGeGe
   -18813.0703125000 GeGeGeGeGeGeGeGeGeGeGeGeSiSiSiSiSiSiSiSiSiSiSiSiSiSiSiSiSiSiSiSiSiSiSiSiSiSiSiSiSiSiSiSiSiSiSiSiSiSiGeGeSiSiGeGeSiGeGeGe
   -18813.0703125000 GeGeGeGeGeGeGeGeGeGeGeGeSiSiSiSiSiSiSiSiSiSiSiSiSiSiSiSiSiSiSiSiSiSiSiSiSiSiSiSiSiSiSiSiSiSiSiSiSiSiGeGeSiSiGeGeSiGeGeGe
   -18813.0703125000 GeGeGeGeGeGeGeGeGeGeGeGeSiSiSiSiSiSiSiSiSiSiSiSiSiSiSiSiSiSiSiSiSiSiSiSiSiSiSiSiSiSiSiSiSiSiSiSiSiSiGeGeSiSiGeGeSiGeGeGe
   -18813.0703125000 GeGeGeGeGeGeGeGeGeGeGeGeSiSiSiSiSiSiSiSiSiSiSiSiSiSiSiSiSiSiSiSiSiSiSiSiSiSiSiSiSiSiSiSiSiSiSiSiSiSiGeGeSiSiGeGeSiGeGeGe
   -18813.0703125000 GeGeGeGeGeGeGeGeGeGeGeGeSiSiSiSiSiSiSiSiSiSiSiSiSiSiSiSiSiSiSiSiSiSiSiSiSiSiSiSiSiSiSiSiSiSiSiSiSiSiGeGeSiSiGeGeSiGeGeGe
   -18813.0703125000 GeGeGeGeGeGeGeGeGeGeGeGeSiSiSiSiSiSiSiSiSiSiSiSiSiSiSiSiSiSiSiSiSiSiSiSiSiSiSiSiSiSiSiSiSiSiSiSiSiSiGeGeSiSiGeGeSiGeGeGe
   -18813.0703125000 GeGeGeGeGeGeGeGeGeGeGeGeSiSiSiSiSiSiSiSiSiSiSiSiSiSiSiSiSiSiSiSiSiSiSiSiSiSiSiSiSiSiSiSiSiSiSiSiSiSiGeGeSiSiGeGeSiGeGeGe
   -18813.0703125000 GeGeGeGeGeGeGeGeGeGeGeGeSiSiSiSiSiSiSiSiSiSiSiSiSiSiSiSiSiSiSiSiSiSiSiSiSiSiSiSiSiSiSiSiSiSiSiSiSiSiGeGeSiSiGeGeSiGeGeGe
   -18813.0703125000 GeGeGeGeGeGeGeGeGeGeGeGeSiSiSiSiSiSiSiSiSiSiSiSiSiSiSiSiSiSiSiSiSiSiSiSiSiSiSiSiSiSiSiSiSiSiSiSiSiSiGeGeSiSiGeGeSiGeGeGe
   -18813.0703125000 GeGeGeGeGeGeGeGeGeGeGeGeSiSiSiSiSiSiSiSiSiSiSiSiSiSiSiSiSiSiSiSiSiSiSiSiSiSiSiSiSiSiSiSiSiSiSiSiSiSiGeGeSiSiGeGeSiGeGeGe
   -18813.0703125000 GeGeGeGeGeGeGeGeGeGeGeGeSiSiSiSiSiSiSiSiSiSiSiSiSiSiSiSiSiSiSiSiSiSiSiSiSiSiSiSiSiSiSiSiSiSiSiSiSiSiGeGeSiSiGeGeSiGeGeGe
   -18813.0703125000 GeGeGeGeGeGeGeGeGeGeGeGeSiSiSiSiSiSiSiSiSiSiSiSiSiSiSiSiSiSiSiSiSiSiSiSiSiSiSiSiSiSiSiSiSiSiSiSiSiSiGeGeSiSiGeGeSiGeGeGe
   -18813.0703125000 GeGeGeGeGeGeGeGeGeGeGeGeSiSiSiSiSiSiSiSiSiSiSiSiSiSiSiSiSiSiSiSiSiSiSiSiSiSiSiSiSiSiSiSiSiSiSiSiSiSiGeGeSiSiGeGeSiGeGeGe
   -18813.0703125000 GeGeGeGeGeGeGeGeGeGeGeGeSiSiSiSiSiSiSiSiSiSiSiSiSiSiSiSiSiSiSiSiSiSiSiSiSiSiSiSiSiSiSiSiSiSiSiSiSiSiGeGeSiSiGeGeSiGeGeGe
   -18813.0703125000 GeGeGeGeGeGeGeGeGeGeGeGeSiSiSiSiSiSiSiSiSiSiSiSiSiSiSiSiSiSiSiSiSiSiSiSiSiSiSiSiSiSiSiSiSiSiSiSiSiSiGeGeSiSiGeGeSiGeGeGe
   -18813.0703125000 GeGeGeGeGeGeGeGeGeGeGeGeSiSiSiSiSiSiSiSiSiSiSiSiSiSiSiSiSiSiSiSiSiSiSiSiSiSiSiSiSiSiSiSiSiSiSiSiSiSiGeGeSiSiGeGeSiGeGeGe
   -18813.0703125000 GeGeGeGeGeGeGeGeGeGeGeGeSiSiSiSiSiSiSiSiSiSiSiSiSiSiSiSiSiSiSiSiSiSiSiSiSiSiSiSiSiSiSiSiSiSiSiSiSiSiGeGeSiSiGeGeSiGeGeGe
   -18813.0703125000 GeGeGeGeGeGeGeGeGeGeGeGeSiSiSiSiSiSiSiSiSiSiSiSiSiSiSiSiSiSiSiSiSiSiSiSiSiSiSiSiSiSiSiSiSiSiSiSiSiSiGeGeSiSiGeGeSiGeGeGe
   -18813.0703125000 GeGeGeGeGeGeGeGeGeGeGeGeSiSiSiSiSiSiSiSiSiSiSiSiSiSiSiSiSiSiSiSiSiSiSiSiSiSiSiSiSiSiSiSiSiSiSiSiSiSiGeGeSiSiGeGeSiGeGeGe
   -18813.0703125000 GeGeGeGeGeGeGeGeGeGeGeGeSiSiSiSiSiSiSiSiSiSiSiSiSiSiSiSiSiSiSiSiSiSiSiSiSiSiSiSiSiSiSiSiSiSiSiSiSiSiGeGeSiSiGeGeSiGeGeGe
   -18813.0703125000 GeGeGeGeGeGeGeGeGeGeGeGeSiSiSiSiSiSiSiSiSiSiSiSiSiSiSiSiSiSiSiSiSiSiSiSiSiSiSiSiSiSiSiSiSiSiSiSiSiSiGeGeSiSiGeGeSiGeGeGe
   -18813.0703125000 GeGeGeGeGeGeGeGeGeGeGeGeSiSiSiSiSiSiSiSiSiSiSiSiSiSiSiSiSiSiSiSiSiSiSiSiSiSiSiSiSiSiSiSiSiSiSiSiSiSiGeGeSiSiGeGeSiGeGeGe
   -18813.0703125000 GeGeGeGeGeGeGeGeGeGeGeGeSiSiSiSiSiSiSiSiSiSiSiSiSiSiSiSiSiSiSiSiSiSiSiSiSiSiSiSiSiSiSiSiSiSiSiSiSiSiGeGeSiSiGeGeSiGeGeGe
   -18813.0703125000 GeGeGeGeGeGeGeGeGeGeGeGeSiSiSiSiSiSiSiSiSiSiSiSiSiSiSiSiSiSiSiSiSiSiSiSiSiSiSiSiSiSiSiSiSiSiSiSiSiSiGeGeSiSiGeGeSiGeGeGe
   -18813.0703125000 GeGeGeGeGeGeGeGeGeGeGeGeSiSiSiSiSiSiSiSiSiSiSiSiSiSiSiSiSiSiSiSiSiSiSiSiSiSiSiSiSiSiSiSiSiSiSiSiSiSiGeGeSiSiGeGeSiGeGeGe
filename: c000000886614767.gin     
Cell:
    11.9020996    11.9020996    29.6919994    90.0000000    90.0000000   120.0000000
Box:
    11.9020996    -5.9510503     0.0000000
     0.0000000    10.3075209     0.0000000
     0.0000000     0.0000000    29.6919994
----------------------------------------
Inverse Box:
     0.0840188     0.0485083     0.0000000
     0.0000000     0.0970165     0.0000000
     0.0000000     0.0000000     0.0336791
----------------------------------------
==============================================
geometrical properties of  19 Ge:
 Configuration:           0
 D_ave:   9.53527164       3.45433545    
 D_min:   3.39019847      0.796804965    
 energia:  -18813.0703    
