 # substitutions Si/Ge:            2
 Configuration           0 src/c0000.gin                                                                                                           
 ===============
 Cell parameters
   11.9020996       11.9020996       29.6919994       90.0000000       90.0000000       120.000000    
 Atom coordinates
Si   core
  0.699599981      0.375699997       3.38900015E-02
Si   core
  0.624300003      0.323900014      0.367223412    
Si   core
  0.676100016      0.300399989      0.700556695    
Si   core
  0.300399989      0.624300003      0.533890009    
Si   core
  0.375699997      0.676100016      0.867223322    
Si   core
  0.323900014      0.699599981      0.200556695    
Si   core
  0.375699997      0.699599981      0.299443305    
Si   core
  0.323900014      0.624300003      0.966109991    
Si   core
  0.300399989      0.676100016      0.632776678    
Si   core
  0.624300003      0.300399989      0.799443305    
Si   core
  0.676100016      0.375699997      0.466109991    
Si   core
  0.699599981      0.323900014      0.132776707    
Si   core
  0.530300021      0.413399994      0.966870010    
Si   core
  0.586600006      0.116899997      0.300203294    
Si   core
  0.883099973      0.469700009      0.633536696    
Si   core
  0.469700009      0.586600006      0.466870099    
Si   core
  0.413399994      0.883099973      0.800203323    
Si   core
  0.116899997      0.530300021      0.133536696    
Si   core
  0.413399994      0.530300021      0.366463304    
Si   core
  0.116899997      0.586600006       3.31300013E-02
Si   core
  0.469700009      0.883099973      0.699796677    
Si   core
  0.586600006      0.469700009      0.866463304    
Si   core
  0.883099973      0.413399994      0.533129990    
Si   core
  0.530300021      0.116899997      0.199796706    
Si   core
  0.298799992      0.394300014      0.851189971    
Si   core
  0.605700016      0.904500008      0.184523299    
Si   core
   9.54999998E-02  0.701200008      0.517856598    
Si   core
  0.701200008      0.605700016      0.351190001    
Si   core
  0.394300014       9.54999998E-02  0.684523284    
Si   core
  0.904500008      0.298799992       1.78565998E-02
Si   core
  0.394300014      0.298799992      0.482143402    
Si   core
  0.904500008      0.605700016      0.148809999    
Si   core
  0.701200008       9.54999998E-02  0.815476716    
Si   core
  0.605700016      0.701200008      0.982143283    
Si   core
   9.54999998E-02  0.394300014      0.648810029    
Si   core
  0.298799992      0.904500008      0.315476686    
Si   core
  0.248500004      0.334899992      0.952099979    
Si   core
  0.665099978      0.913600028      0.285433292    
Si   core
   8.64000022E-02  0.751500010      0.618766725    
Si   core
  0.751500010      0.665099978      0.452100009    
Si   core
  0.334899992       8.64000022E-02  0.785433292    
Si   core
  0.913600028      0.248500004      0.118766703    
Si   core
  0.334899992      0.248500004      0.381233305    
Si   core
  0.913600028      0.665099978       4.78999987E-02
Si   core
  0.751500010       8.64000022E-02  0.714566708    
Si   core
  0.665099978      0.751500010      0.881233275    
Si   core
   8.64000022E-02  0.334899992      0.547900021    
Si   core
  0.248500004      0.913600028      0.214566693    
Si   core
  0.970200002      0.122900002      0.966970026    
Si   core
  0.877099991      0.847299993      0.300303310    
Si   core
  0.152700007       2.97999997E-02  0.633636713    
Si   core
   2.97999997E-02  0.877099991      0.466969997    
Si   core
  0.122900002      0.152700007      0.800303280    
Si   core
  0.847299993      0.970200002      0.133636698    
Si   core
  0.122900002      0.970200002      0.366363287    
Si   core
  0.847299993      0.877099991       3.30299996E-02
Si   core
   2.97999997E-02  0.152700007      0.699696720    
Si   core
  0.877099991       2.97999997E-02  0.866363287    
Si   core
  0.152700007      0.122900002      0.533029974    
Si   core
  0.970200002      0.847299993      0.199696705    
 Read relation between unique and dependent configurations
 One substitution:
           1   5.97851562    
           1           2   5.97851562    
           1           3   5.97851562    
           1           4   5.97851562    
           1           5   5.97851562    
           1           6   5.97851562    
           1           7   5.97851562    
           1           8   5.97851562    
           1           9   5.97851562    
           1          10   5.97851562    
           1          11   5.97851562    
           1          12   5.97851562    
          13   6.03759766    
          13          14   6.03759766    
          13          15   6.03759766    
          13          16   6.03759766    
          13          17   6.03759766    
          13          18   6.03759766    
          13          19   6.03759766    
          13          20   6.03759766    
          13          21   6.03759766    
          13          22   6.03759766    
          13          23   6.03759766    
          13          24   6.03759766    
          25   6.24707031    
          25          26   6.24707031    
          25          27   6.24707031    
          25          28   6.24707031    
          25          29   6.24707031    
          25          30   6.24707031    
          25          31   6.24707031    
          25          32   6.24707031    
          25          33   6.24707031    
          25          34   6.24707031    
          25          35   6.24707031    
          25          36   6.24707031    
          37   6.32421875    
          37          38   6.32421875    
          37          39   6.32421875    
          37          40   6.32421875    
          37          41   6.32421875    
          37          42   6.32421875    
          37          43   6.32421875    
          37          44   6.32421875    
          37          45   6.32421875    
          37          46   6.32421875    
          37          47   6.32421875    
          37          48   6.32421875    
          49   6.83886719    
          49          50   6.83886719    
          49          51   6.83886719    
          49          52   6.83886719    
          49          53   6.83886719    
          49          54   6.83886719    
          49          55   6.83886719    
          49          56   6.83886719    
          49          57   6.83886719    
          49          58   6.83886719    
          49          59   6.83886719    
          49          60   6.83886719    
 Two substitutions:
           1           4   4.24804688E-02
           1           4   4.24804688E-02
           1           4   4.24804688E-02
           1           4   4.24804688E-02
           1           4   4.24804688E-02
           1           4   4.24804688E-02
           1           5   1.22070312E-02
           1           5   1.22070312E-02
           1           5   1.22070312E-02
           1           5   1.22070312E-02
           1           5   1.22070312E-02
           1           5   1.22070312E-02
           1           5   1.22070312E-02
           1           5   1.22070312E-02
           1           5   1.22070312E-02
           1           5   1.22070312E-02
           1           5   1.22070312E-02
           1           5   1.22070312E-02
           1           7   9.76562500E-03
           1           7   9.76562500E-03
           1           7   9.76562500E-03
           1           7   9.76562500E-03
           1           7   9.76562500E-03
           1           7   9.76562500E-03
           1           8   7.86132812E-02
           1           8   7.86132812E-02
           1           8   7.86132812E-02
           1           8   7.86132812E-02
           1           8   7.86132812E-02
           1           8   7.86132812E-02
           1           9   7.32421875E-03
           1           9   7.32421875E-03
           1           9   7.32421875E-03
           1           9   7.32421875E-03
           1           9   7.32421875E-03
           1           9   7.32421875E-03
           1          10   2.78320312E-02
           1          10   2.78320312E-02
           1          10   2.78320312E-02
           1          10   2.78320312E-02
           1          10   2.78320312E-02
           1          10   2.78320312E-02
           1          11   9.86328125E-02
           1          11   9.86328125E-02
           1          11   9.86328125E-02
           1          11   9.86328125E-02
           1          11   9.86328125E-02
           1          11   9.86328125E-02
           1          12  0.134765625    
           1          12  0.134765625    
           1          12  0.134765625    
           1          12  0.134765625    
           1          12  0.134765625    
           1          12  0.134765625    
           1          13  0.779785156    
           1          13  0.779785156    
           1          13  0.779785156    
           1          13  0.779785156    
           1          13  0.779785156    
           1          13  0.779785156    
           1          13  0.779785156    
           1          13  0.779785156    
           1          13  0.779785156    
           1          13  0.779785156    
           1          13  0.779785156    
           1          13  0.779785156    
           1          14  0.419921875    
           1          14  0.419921875    
           1          14  0.419921875    
           1          14  0.419921875    
           1          14  0.419921875    
           1          14  0.419921875    
           1          14  0.419921875    
           1          14  0.419921875    
           1          14  0.419921875    
           1          14  0.419921875    
           1          14  0.419921875    
           1          14  0.419921875    
           1          15  0.149902344    
           1          15  0.149902344    
           1          15  0.149902344    
           1          15  0.149902344    
           1          15  0.149902344    
           1          15  0.149902344    
           1          15  0.149902344    
           1          15  0.149902344    
           1          15  0.149902344    
           1          15  0.149902344    
           1          15  0.149902344    
           1          15  0.149902344    
           1          16   7.76367188E-02
           1          16   7.76367188E-02
           1          16   7.76367188E-02
           1          16   7.76367188E-02
           1          16   7.76367188E-02
           1          16   7.76367188E-02
           1          16   7.76367188E-02
           1          16   7.76367188E-02
           1          16   7.76367188E-02
           1          16   7.76367188E-02
           1          16   7.76367188E-02
           1          16   7.76367188E-02
           1          17  0.100585938    
           1          17  0.100585938    
           1          17  0.100585938    
           1          17  0.100585938    
           1          17  0.100585938    
           1          17  0.100585938    
           1          17  0.100585938    
           1          17  0.100585938    
           1          17  0.100585938    
           1          17  0.100585938    
           1          17  0.100585938    
           1          17  0.100585938    
           1          18   7.95898438E-02
           1          18   7.95898438E-02
           1          18   7.95898438E-02
           1          18   7.95898438E-02
           1          18   7.95898438E-02
           1          18   7.95898438E-02
           1          18   7.95898438E-02
           1          18   7.95898438E-02
           1          18   7.95898438E-02
           1          18   7.95898438E-02
           1          18   7.95898438E-02
           1          18   7.95898438E-02
           1          19  0.734375000    
           1          19  0.734375000    
           1          19  0.734375000    
           1          19  0.734375000    
           1          19  0.734375000    
           1          19  0.734375000    
           1          19  0.734375000    
           1          19  0.734375000    
           1          19  0.734375000    
           1          19  0.734375000    
           1          19  0.734375000    
           1          19  0.734375000    
           1          20   2.68554688E-02
           1          20   2.68554688E-02
           1          20   2.68554688E-02
           1          20   2.68554688E-02
           1          20   2.68554688E-02
           1          20   2.68554688E-02
           1          20   2.68554688E-02
           1          20   2.68554688E-02
           1          20   2.68554688E-02
           1          20   2.68554688E-02
           1          20   2.68554688E-02
           1          20   2.68554688E-02
           1          21  0.863281250    
           1          21  0.863281250    
           1          21  0.863281250    
           1          21  0.863281250    
           1          21  0.863281250    
           1          21  0.863281250    
           1          21  0.863281250    
           1          21  0.863281250    
           1          21  0.863281250    
           1          21  0.863281250    
           1          21  0.863281250    
           1          21  0.863281250    
           1          22   5.66406250E-02
           1          22   5.66406250E-02
           1          22   5.66406250E-02
           1          22   5.66406250E-02
           1          22   5.66406250E-02
           1          22   5.66406250E-02
           1          22   5.66406250E-02
           1          22   5.66406250E-02
           1          22   5.66406250E-02
           1          22   5.66406250E-02
           1          22   5.66406250E-02
           1          22   5.66406250E-02
           1          23  0.113281250    
           1          23  0.113281250    
           1          23  0.113281250    
           1          23  0.113281250    
           1          23  0.113281250    
           1          23  0.113281250    
           1          23  0.113281250    
           1          23  0.113281250    
           1          23  0.113281250    
           1          23  0.113281250    
           1          23  0.113281250    
           1          23  0.113281250    
           1          24   1.75781250E-02
           1          24   1.75781250E-02
           1          24   1.75781250E-02
           1          24   1.75781250E-02
           1          24   1.75781250E-02
           1          24   1.75781250E-02
           1          24   1.75781250E-02
           1          24   1.75781250E-02
           1          24   1.75781250E-02
           1          24   1.75781250E-02
           1          24   1.75781250E-02
           1          24   1.75781250E-02
           1          25  -9.32617188E-02
           1          25  -9.32617188E-02
           1          25  -9.32617188E-02
           1          25  -9.32617188E-02
           1          25  -9.32617188E-02
           1          25  -9.32617188E-02
           1          25  -9.32617188E-02
           1          25  -9.32617188E-02
           1          25  -9.32617188E-02
           1          25  -9.32617188E-02
           1          25  -9.32617188E-02
           1          25  -9.32617188E-02
           1          26   4.83398438E-02
           1          26   4.83398438E-02
           1          26   4.83398438E-02
           1          26   4.83398438E-02
           1          26   4.83398438E-02
           1          26   4.83398438E-02
           1          26   4.83398438E-02
           1          26   4.83398438E-02
           1          26   4.83398438E-02
           1          26   4.83398438E-02
           1          26   4.83398438E-02
           1          26   4.83398438E-02
           1          27   8.30078125E-02
           1          27   8.30078125E-02
           1          27   8.30078125E-02
           1          27   8.30078125E-02
           1          27   8.30078125E-02
           1          27   8.30078125E-02
           1          27   8.30078125E-02
           1          27   8.30078125E-02
           1          27   8.30078125E-02
           1          27   8.30078125E-02
           1          27   8.30078125E-02
           1          27   8.30078125E-02
           1          28   7.27539062E-02
           1          28   7.27539062E-02
           1          28   7.27539062E-02
           1          28   7.27539062E-02
           1          28   7.27539062E-02
           1          28   7.27539062E-02
           1          28   7.27539062E-02
           1          28   7.27539062E-02
           1          28   7.27539062E-02
           1          28   7.27539062E-02
           1          28   7.27539062E-02
           1          28   7.27539062E-02
           1          29   1.75781250E-02
           1          29   1.75781250E-02
           1          29   1.75781250E-02
           1          29   1.75781250E-02
           1          29   1.75781250E-02
           1          29   1.75781250E-02
           1          29   1.75781250E-02
           1          29   1.75781250E-02
           1          29   1.75781250E-02
           1          29   1.75781250E-02
           1          29   1.75781250E-02
           1          29   1.75781250E-02
           1          30   4.15039062E-02
           1          30   4.15039062E-02
           1          30   4.15039062E-02
           1          30   4.15039062E-02
           1          30   4.15039062E-02
           1          30   4.15039062E-02
           1          30   4.15039062E-02
           1          30   4.15039062E-02
           1          30   4.15039062E-02
           1          30   4.15039062E-02
           1          30   4.15039062E-02
           1          30   4.15039062E-02
           1          31  0.729492188    
           1          31  0.729492188    
           1          31  0.729492188    
           1          31  0.729492188    
           1          31  0.729492188    
           1          31  0.729492188    
           1          31  0.729492188    
           1          31  0.729492188    
           1          31  0.729492188    
           1          31  0.729492188    
           1          31  0.729492188    
           1          31  0.729492188    
           1          32   8.49609375E-02
           1          32   8.49609375E-02
           1          32   8.49609375E-02
           1          32   8.49609375E-02
           1          32   8.49609375E-02
           1          32   8.49609375E-02
           1          32   8.49609375E-02
           1          32   8.49609375E-02
           1          32   8.49609375E-02
           1          32   8.49609375E-02
           1          32   8.49609375E-02
           1          32   8.49609375E-02
           1          33  0.719238281    
           1          33  0.719238281    
           1          33  0.719238281    
           1          33  0.719238281    
           1          33  0.719238281    
           1          33  0.719238281    
           1          33  0.719238281    
           1          33  0.719238281    
           1          33  0.719238281    
           1          33  0.719238281    
           1          33  0.719238281    
           1          33  0.719238281    
           1          34   4.24804688E-02
           1          34   4.24804688E-02
           1          34   4.24804688E-02
           1          34   4.24804688E-02
           1          34   4.24804688E-02
           1          34   4.24804688E-02
           1          34   4.24804688E-02
           1          34   4.24804688E-02
           1          34   4.24804688E-02
           1          34   4.24804688E-02
           1          34   4.24804688E-02
           1          34   4.24804688E-02
           1          35   3.66210938E-02
           1          35   3.66210938E-02
           1          35   3.66210938E-02
           1          35   3.66210938E-02
           1          35   3.66210938E-02
           1          35   3.66210938E-02
           1          35   3.66210938E-02
           1          35   3.66210938E-02
           1          35   3.66210938E-02
           1          35   3.66210938E-02
           1          35   3.66210938E-02
           1          35   3.66210938E-02
           1          36   7.32421875E-02
           1          36   7.32421875E-02
           1          36   7.32421875E-02
           1          36   7.32421875E-02
           1          36   7.32421875E-02
           1          36   7.32421875E-02
           1          36   7.32421875E-02
           1          36   7.32421875E-02
           1          36   7.32421875E-02
           1          36   7.32421875E-02
           1          36   7.32421875E-02
           1          36   7.32421875E-02
           1          37  -3.61328125E-02
           1          37  -3.61328125E-02
           1          37  -3.61328125E-02
           1          37  -3.61328125E-02
           1          37  -3.61328125E-02
           1          37  -3.61328125E-02
           1          37  -3.61328125E-02
           1          37  -3.61328125E-02
           1          37  -3.61328125E-02
           1          37  -3.61328125E-02
           1          37  -3.61328125E-02
           1          37  -3.61328125E-02
           1          38   3.36914062E-02
           1          38   3.36914062E-02
           1          38   3.36914062E-02
           1          38   3.36914062E-02
           1          38   3.36914062E-02
           1          38   3.36914062E-02
           1          38   3.36914062E-02
           1          38   3.36914062E-02
           1          38   3.36914062E-02
           1          38   3.36914062E-02
           1          38   3.36914062E-02
           1          38   3.36914062E-02
           1          39   6.64062500E-02
           1          39   6.64062500E-02
           1          39   6.64062500E-02
           1          39   6.64062500E-02
           1          39   6.64062500E-02
           1          39   6.64062500E-02
           1          39   6.64062500E-02
           1          39   6.64062500E-02
           1          39   6.64062500E-02
           1          39   6.64062500E-02
           1          39   6.64062500E-02
           1          39   6.64062500E-02
           1          40   9.76562500E-02
           1          40   9.76562500E-02
           1          40   9.76562500E-02
           1          40   9.76562500E-02
           1          40   9.76562500E-02
           1          40   9.76562500E-02
           1          40   9.76562500E-02
           1          40   9.76562500E-02
           1          40   9.76562500E-02
           1          40   9.76562500E-02
           1          40   9.76562500E-02
           1          40   9.76562500E-02
           1          41   6.49414062E-02
           1          41   6.49414062E-02
           1          41   6.49414062E-02
           1          41   6.49414062E-02
           1          41   6.49414062E-02
           1          41   6.49414062E-02
           1          41   6.49414062E-02
           1          41   6.49414062E-02
           1          41   6.49414062E-02
           1          41   6.49414062E-02
           1          41   6.49414062E-02
           1          41   6.49414062E-02
           1          42   4.58984375E-02
           1          42   4.58984375E-02
           1          42   4.58984375E-02
           1          42   4.58984375E-02
           1          42   4.58984375E-02
           1          42   4.58984375E-02
           1          42   4.58984375E-02
           1          42   4.58984375E-02
           1          42   4.58984375E-02
           1          42   4.58984375E-02
           1          42   4.58984375E-02
           1          42   4.58984375E-02
           1          43  0.529785156    
           1          43  0.529785156    
           1          43  0.529785156    
           1          43  0.529785156    
           1          43  0.529785156    
           1          43  0.529785156    
           1          43  0.529785156    
           1          43  0.529785156    
           1          43  0.529785156    
           1          43  0.529785156    
           1          43  0.529785156    
           1          43  0.529785156    
           1          44   4.88281250E-02
           1          44   4.88281250E-02
           1          44   4.88281250E-02
           1          44   4.88281250E-02
           1          44   4.88281250E-02
           1          44   4.88281250E-02
           1          44   4.88281250E-02
           1          44   4.88281250E-02
           1          44   4.88281250E-02
           1          44   4.88281250E-02
           1          44   4.88281250E-02
           1          44   4.88281250E-02
           1          45  0.639160156    
           1          45  0.639160156    
           1          45  0.639160156    
           1          45  0.639160156    
           1          45  0.639160156    
           1          45  0.639160156    
           1          45  0.639160156    
           1          45  0.639160156    
           1          45  0.639160156    
           1          45  0.639160156    
           1          45  0.639160156    
           1          45  0.639160156    
           1          46   5.27343750E-02
           1          46   5.27343750E-02
           1          46   5.27343750E-02
           1          46   5.27343750E-02
           1          46   5.27343750E-02
           1          46   5.27343750E-02
           1          46   5.27343750E-02
           1          46   5.27343750E-02
           1          46   5.27343750E-02
           1          46   5.27343750E-02
           1          46   5.27343750E-02
           1          46   5.27343750E-02
           1          47   3.71093750E-02
           1          47   3.71093750E-02
           1          47   3.71093750E-02
           1          47   3.71093750E-02
           1          47   3.71093750E-02
           1          47   3.71093750E-02
           1          47   3.71093750E-02
           1          47   3.71093750E-02
           1          47   3.71093750E-02
           1          47   3.71093750E-02
           1          47   3.71093750E-02
           1          47   3.71093750E-02
           1          48   7.61718750E-02
           1          48   7.61718750E-02
           1          48   7.61718750E-02
           1          48   7.61718750E-02
           1          48   7.61718750E-02
           1          48   7.61718750E-02
           1          48   7.61718750E-02
           1          48   7.61718750E-02
           1          48   7.61718750E-02
           1          48   7.61718750E-02
           1          48   7.61718750E-02
           1          48   7.61718750E-02
           1          49 -0.443847656    
           1          49 -0.443847656    
           1          49 -0.443847656    
           1          49 -0.443847656    
           1          49 -0.443847656    
           1          49 -0.443847656    
           1          49 -0.443847656    
           1          49 -0.443847656    
           1          49 -0.443847656    
           1          49 -0.443847656    
           1          49 -0.443847656    
           1          49 -0.443847656    
           1          50  0.164550781    
           1          50  0.164550781    
           1          50  0.164550781    
           1          50  0.164550781    
           1          50  0.164550781    
           1          50  0.164550781    
           1          50  0.164550781    
           1          50  0.164550781    
           1          50  0.164550781    
           1          50  0.164550781    
           1          50  0.164550781    
           1          50  0.164550781    
           1          51   6.44531250E-02
           1          51   6.44531250E-02
           1          51   6.44531250E-02
           1          51   6.44531250E-02
           1          51   6.44531250E-02
           1          51   6.44531250E-02
           1          51   6.44531250E-02
           1          51   6.44531250E-02
           1          51   6.44531250E-02
           1          51   6.44531250E-02
           1          51   6.44531250E-02
           1          51   6.44531250E-02
           1          52   5.17578125E-02
           1          52   5.17578125E-02
           1          52   5.17578125E-02
           1          52   5.17578125E-02
           1          52   5.17578125E-02
           1          52   5.17578125E-02
           1          52   5.17578125E-02
           1          52   5.17578125E-02
           1          52   5.17578125E-02
           1          52   5.17578125E-02
           1          52   5.17578125E-02
           1          52   5.17578125E-02
           1          53   5.37109375E-02
           1          53   5.37109375E-02
           1          53   5.37109375E-02
           1          53   5.37109375E-02
           1          53   5.37109375E-02
           1          53   5.37109375E-02
           1          53   5.37109375E-02
           1          53   5.37109375E-02
           1          53   5.37109375E-02
           1          53   5.37109375E-02
           1          53   5.37109375E-02
           1          53   5.37109375E-02
           1          54   7.61718750E-02
           1          54   7.61718750E-02
           1          54   7.61718750E-02
           1          54   7.61718750E-02
           1          54   7.61718750E-02
           1          54   7.61718750E-02
           1          54   7.61718750E-02
           1          54   7.61718750E-02
           1          54   7.61718750E-02
           1          54   7.61718750E-02
           1          54   7.61718750E-02
           1          54   7.61718750E-02
           1          55   6.44531250E-02
           1          55   6.44531250E-02
           1          55   6.44531250E-02
           1          55   6.44531250E-02
           1          55   6.44531250E-02
           1          55   6.44531250E-02
           1          55   6.44531250E-02
           1          55   6.44531250E-02
           1          55   6.44531250E-02
           1          55   6.44531250E-02
           1          55   6.44531250E-02
           1          55   6.44531250E-02
           1          56   5.17578125E-02
           1          56   5.17578125E-02
           1          56   5.17578125E-02
           1          56   5.17578125E-02
           1          56   5.17578125E-02
           1          56   5.17578125E-02
           1          56   5.17578125E-02
           1          56   5.17578125E-02
           1          56   5.17578125E-02
           1          56   5.17578125E-02
           1          56   5.17578125E-02
           1          56   5.17578125E-02
           1          57  0.117187500    
           1          57  0.117187500    
           1          57  0.117187500    
           1          57  0.117187500    
           1          57  0.117187500    
           1          57  0.117187500    
           1          57  0.117187500    
           1          57  0.117187500    
           1          57  0.117187500    
           1          57  0.117187500    
           1          57  0.117187500    
           1          57  0.117187500    
           1          58   6.10351562E-02
           1          58   6.10351562E-02
           1          58   6.10351562E-02
           1          58   6.10351562E-02
           1          58   6.10351562E-02
           1          58   6.10351562E-02
           1          58   6.10351562E-02
           1          58   6.10351562E-02
           1          58   6.10351562E-02
           1          58   6.10351562E-02
           1          58   6.10351562E-02
           1          58   6.10351562E-02
           1          59   5.27343750E-02
           1          59   5.27343750E-02
           1          59   5.27343750E-02
           1          59   5.27343750E-02
           1          59   5.27343750E-02
           1          59   5.27343750E-02
           1          59   5.27343750E-02
           1          59   5.27343750E-02
           1          59   5.27343750E-02
           1          59   5.27343750E-02
           1          59   5.27343750E-02
           1          59   5.27343750E-02
           1          60   6.05468750E-02
           1          60   6.05468750E-02
           1          60   6.05468750E-02
           1          60   6.05468750E-02
           1          60   6.05468750E-02
           1          60   6.05468750E-02
           1          60   6.05468750E-02
           1          60   6.05468750E-02
           1          60   6.05468750E-02
           1          60   6.05468750E-02
           1          60   6.05468750E-02
           1          60   6.05468750E-02
          13          14  0.800781250    
          13          14  0.800781250    
          13          14  0.800781250    
          13          14  0.800781250    
          13          14  0.800781250    
          13          14  0.800781250    
          13          14  0.800781250    
          13          14  0.800781250    
          13          14  0.800781250    
          13          14  0.800781250    
          13          14  0.800781250    
          13          14  0.800781250    
          13          16   4.44335938E-02
          13          16   4.44335938E-02
          13          16   4.44335938E-02
          13          16   4.44335938E-02
          13          16   4.44335938E-02
          13          16   4.44335938E-02
          13          17  -4.88281250E-04
          13          17  -4.88281250E-04
          13          17  -4.88281250E-04
          13          17  -4.88281250E-04
          13          17  -4.88281250E-04
          13          17  -4.88281250E-04
          13          17  -4.88281250E-04
          13          17  -4.88281250E-04
          13          17  -4.88281250E-04
          13          17  -4.88281250E-04
          13          17  -4.88281250E-04
          13          17  -4.88281250E-04
          13          19   4.10156250E-02
          13          19   4.10156250E-02
          13          19   4.10156250E-02
          13          19   4.10156250E-02
          13          19   4.10156250E-02
          13          19   4.10156250E-02
          13          20   7.71484375E-02
          13          20   7.71484375E-02
          13          20   7.71484375E-02
          13          20   7.71484375E-02
          13          20   7.71484375E-02
          13          20   7.71484375E-02
          13          21  -6.54296875E-02
          13          21  -6.54296875E-02
          13          21  -6.54296875E-02
          13          21  -6.54296875E-02
          13          21  -6.54296875E-02
          13          21  -6.54296875E-02
          13          22   7.66601562E-02
          13          22   7.66601562E-02
          13          22   7.66601562E-02
          13          22   7.66601562E-02
          13          22   7.66601562E-02
          13          22   7.66601562E-02
          13          23  0.702636719    
          13          23  0.702636719    
          13          23  0.702636719    
          13          23  0.702636719    
          13          23  0.702636719    
          13          23  0.702636719    
          13          24  0.143066406    
          13          24  0.143066406    
          13          24  0.143066406    
          13          24  0.143066406    
          13          24  0.143066406    
          13          24  0.143066406    
          13          25 -0.109375000    
          13          25 -0.109375000    
          13          25 -0.109375000    
          13          25 -0.109375000    
          13          25 -0.109375000    
          13          25 -0.109375000    
          13          25 -0.109375000    
          13          25 -0.109375000    
          13          25 -0.109375000    
          13          25 -0.109375000    
          13          25 -0.109375000    
          13          25 -0.109375000    
          13          26  0.596191406    
          13          26  0.596191406    
          13          26  0.596191406    
          13          26  0.596191406    
          13          26  0.596191406    
          13          26  0.596191406    
          13          26  0.596191406    
          13          26  0.596191406    
          13          26  0.596191406    
          13          26  0.596191406    
          13          26  0.596191406    
          13          26  0.596191406    
          13          27   4.73632812E-02
          13          27   4.73632812E-02
          13          27   4.73632812E-02
          13          27   4.73632812E-02
          13          27   4.73632812E-02
          13          27   4.73632812E-02
          13          27   4.73632812E-02
          13          27   4.73632812E-02
          13          27   4.73632812E-02
          13          27   4.73632812E-02
          13          27   4.73632812E-02
          13          27   4.73632812E-02
          13          28   6.64062500E-02
          13          28   6.64062500E-02
          13          28   6.64062500E-02
          13          28   6.64062500E-02
          13          28   6.64062500E-02
          13          28   6.64062500E-02
          13          28   6.64062500E-02
          13          28   6.64062500E-02
          13          28   6.64062500E-02
          13          28   6.64062500E-02
          13          28   6.64062500E-02
          13          28   6.64062500E-02
          13          29   7.86132812E-02
          13          29   7.86132812E-02
          13          29   7.86132812E-02
          13          29   7.86132812E-02
          13          29   7.86132812E-02
          13          29   7.86132812E-02
          13          29   7.86132812E-02
          13          29   7.86132812E-02
          13          29   7.86132812E-02
          13          29   7.86132812E-02
          13          29   7.86132812E-02
          13          29   7.86132812E-02
          13          30   5.46875000E-02
          13          30   5.46875000E-02
          13          30   5.46875000E-02
          13          30   5.46875000E-02
          13          30   5.46875000E-02
          13          30   5.46875000E-02
          13          30   5.46875000E-02
          13          30   5.46875000E-02
          13          30   5.46875000E-02
          13          30   5.46875000E-02
          13          30   5.46875000E-02
          13          30   5.46875000E-02
          13          31   1.95312500E-02
          13          31   1.95312500E-02
          13          31   1.95312500E-02
          13          31   1.95312500E-02
          13          31   1.95312500E-02
          13          31   1.95312500E-02
          13          31   1.95312500E-02
          13          31   1.95312500E-02
          13          31   1.95312500E-02
          13          31   1.95312500E-02
          13          31   1.95312500E-02
          13          31   1.95312500E-02
          13          32   5.27343750E-02
          13          32   5.27343750E-02
          13          32   5.27343750E-02
          13          32   5.27343750E-02
          13          32   5.27343750E-02
          13          32   5.27343750E-02
          13          32   5.27343750E-02
          13          32   5.27343750E-02
          13          32   5.27343750E-02
          13          32   5.27343750E-02
          13          32   5.27343750E-02
          13          32   5.27343750E-02
          13          33   4.34570312E-02
          13          33   4.34570312E-02
          13          33   4.34570312E-02
          13          33   4.34570312E-02
          13          33   4.34570312E-02
          13          33   4.34570312E-02
          13          33   4.34570312E-02
          13          33   4.34570312E-02
          13          33   4.34570312E-02
          13          33   4.34570312E-02
          13          33   4.34570312E-02
          13          33   4.34570312E-02
          13          34   7.32421875E-02
          13          34   7.32421875E-02
          13          34   7.32421875E-02
          13          34   7.32421875E-02
          13          34   7.32421875E-02
          13          34   7.32421875E-02
          13          34   7.32421875E-02
          13          34   7.32421875E-02
          13          34   7.32421875E-02
          13          34   7.32421875E-02
          13          34   7.32421875E-02
          13          34   7.32421875E-02
          13          35  0.643066406    
          13          35  0.643066406    
          13          35  0.643066406    
          13          35  0.643066406    
          13          35  0.643066406    
          13          35  0.643066406    
          13          35  0.643066406    
          13          35  0.643066406    
          13          35  0.643066406    
          13          35  0.643066406    
          13          35  0.643066406    
          13          35  0.643066406    
          13          36   5.90820312E-02
          13          36   5.90820312E-02
          13          36   5.90820312E-02
          13          36   5.90820312E-02
          13          36   5.90820312E-02
          13          36   5.90820312E-02
          13          36   5.90820312E-02
          13          36   5.90820312E-02
          13          36   5.90820312E-02
          13          36   5.90820312E-02
          13          36   5.90820312E-02
          13          36   5.90820312E-02
          13          37  -1.61132812E-02
          13          37  -1.61132812E-02
          13          37  -1.61132812E-02
          13          37  -1.61132812E-02
          13          37  -1.61132812E-02
          13          37  -1.61132812E-02
          13          37  -1.61132812E-02
          13          37  -1.61132812E-02
          13          37  -1.61132812E-02
          13          37  -1.61132812E-02
          13          37  -1.61132812E-02
          13          37  -1.61132812E-02
          13          38  0.723144531    
          13          38  0.723144531    
          13          38  0.723144531    
          13          38  0.723144531    
          13          38  0.723144531    
          13          38  0.723144531    
          13          38  0.723144531    
          13          38  0.723144531    
          13          38  0.723144531    
          13          38  0.723144531    
          13          38  0.723144531    
          13          38  0.723144531    
          13          39   6.29882812E-02
          13          39   6.29882812E-02
          13          39   6.29882812E-02
          13          39   6.29882812E-02
          13          39   6.29882812E-02
          13          39   6.29882812E-02
          13          39   6.29882812E-02
          13          39   6.29882812E-02
          13          39   6.29882812E-02
          13          39   6.29882812E-02
          13          39   6.29882812E-02
          13          39   6.29882812E-02
          13          40   4.88281250E-02
          13          40   4.88281250E-02
          13          40   4.88281250E-02
          13          40   4.88281250E-02
          13          40   4.88281250E-02
          13          40   4.88281250E-02
          13          40   4.88281250E-02
          13          40   4.88281250E-02
          13          40   4.88281250E-02
          13          40   4.88281250E-02
          13          40   4.88281250E-02
          13          40   4.88281250E-02
          13          41   8.54492188E-02
          13          41   8.54492188E-02
          13          41   8.54492188E-02
          13          41   8.54492188E-02
          13          41   8.54492188E-02
          13          41   8.54492188E-02
          13          41   8.54492188E-02
          13          41   8.54492188E-02
          13          41   8.54492188E-02
          13          41   8.54492188E-02
          13          41   8.54492188E-02
          13          41   8.54492188E-02
          13          42   5.71289062E-02
          13          42   5.71289062E-02
          13          42   5.71289062E-02
          13          42   5.71289062E-02
          13          42   5.71289062E-02
          13          42   5.71289062E-02
          13          42   5.71289062E-02
          13          42   5.71289062E-02
          13          42   5.71289062E-02
          13          42   5.71289062E-02
          13          42   5.71289062E-02
          13          42   5.71289062E-02
          13          43   8.78906250E-03
          13          43   8.78906250E-03
          13          43   8.78906250E-03
          13          43   8.78906250E-03
          13          43   8.78906250E-03
          13          43   8.78906250E-03
          13          43   8.78906250E-03
          13          43   8.78906250E-03
          13          43   8.78906250E-03
          13          43   8.78906250E-03
          13          43   8.78906250E-03
          13          43   8.78906250E-03
          13          44   8.20312500E-02
          13          44   8.20312500E-02
          13          44   8.20312500E-02
          13          44   8.20312500E-02
          13          44   8.20312500E-02
          13          44   8.20312500E-02
          13          44   8.20312500E-02
          13          44   8.20312500E-02
          13          44   8.20312500E-02
          13          44   8.20312500E-02
          13          44   8.20312500E-02
          13          44   8.20312500E-02
          13          45   4.68750000E-02
          13          45   4.68750000E-02
          13          45   4.68750000E-02
          13          45   4.68750000E-02
          13          45   4.68750000E-02
          13          45   4.68750000E-02
          13          45   4.68750000E-02
          13          45   4.68750000E-02
          13          45   4.68750000E-02
          13          45   4.68750000E-02
          13          45   4.68750000E-02
          13          45   4.68750000E-02
          13          46   7.66601562E-02
          13          46   7.66601562E-02
          13          46   7.66601562E-02
          13          46   7.66601562E-02
          13          46   7.66601562E-02
          13          46   7.66601562E-02
          13          46   7.66601562E-02
          13          46   7.66601562E-02
          13          46   7.66601562E-02
          13          46   7.66601562E-02
          13          46   7.66601562E-02
          13          46   7.66601562E-02
          13          47  0.531738281    
          13          47  0.531738281    
          13          47  0.531738281    
          13          47  0.531738281    
          13          47  0.531738281    
          13          47  0.531738281    
          13          47  0.531738281    
          13          47  0.531738281    
          13          47  0.531738281    
          13          47  0.531738281    
          13          47  0.531738281    
          13          47  0.531738281    
          13          48   6.68945312E-02
          13          48   6.68945312E-02
          13          48   6.68945312E-02
          13          48   6.68945312E-02
          13          48   6.68945312E-02
          13          48   6.68945312E-02
          13          48   6.68945312E-02
          13          48   6.68945312E-02
          13          48   6.68945312E-02
          13          48   6.68945312E-02
          13          48   6.68945312E-02
          13          48   6.68945312E-02
          13          49 -0.458496094    
          13          49 -0.458496094    
          13          49 -0.458496094    
          13          49 -0.458496094    
          13          49 -0.458496094    
          13          49 -0.458496094    
          13          49 -0.458496094    
          13          49 -0.458496094    
          13          49 -0.458496094    
          13          49 -0.458496094    
          13          49 -0.458496094    
          13          49 -0.458496094    
          13          50  0.167480469    
          13          50  0.167480469    
          13          50  0.167480469    
          13          50  0.167480469    
          13          50  0.167480469    
          13          50  0.167480469    
          13          50  0.167480469    
          13          50  0.167480469    
          13          50  0.167480469    
          13          50  0.167480469    
          13          50  0.167480469    
          13          50  0.167480469    
          13          51   6.73828125E-02
          13          51   6.73828125E-02
          13          51   6.73828125E-02
          13          51   6.73828125E-02
          13          51   6.73828125E-02
          13          51   6.73828125E-02
          13          51   6.73828125E-02
          13          51   6.73828125E-02
          13          51   6.73828125E-02
          13          51   6.73828125E-02
          13          51   6.73828125E-02
          13          51   6.73828125E-02
          13          52   5.85937500E-02
          13          52   5.85937500E-02
          13          52   5.85937500E-02
          13          52   5.85937500E-02
          13          52   5.85937500E-02
          13          52   5.85937500E-02
          13          52   5.85937500E-02
          13          52   5.85937500E-02
          13          52   5.85937500E-02
          13          52   5.85937500E-02
          13          52   5.85937500E-02
          13          52   5.85937500E-02
          13          53   5.61523438E-02
          13          53   5.61523438E-02
          13          53   5.61523438E-02
          13          53   5.61523438E-02
          13          53   5.61523438E-02
          13          53   5.61523438E-02
          13          53   5.61523438E-02
          13          53   5.61523438E-02
          13          53   5.61523438E-02
          13          53   5.61523438E-02
          13          53   5.61523438E-02
          13          53   5.61523438E-02
          13          54   7.32421875E-03
          13          54   7.32421875E-03
          13          54   7.32421875E-03
          13          54   7.32421875E-03
          13          54   7.32421875E-03
          13          54   7.32421875E-03
          13          54   7.32421875E-03
          13          54   7.32421875E-03
          13          54   7.32421875E-03
          13          54   7.32421875E-03
          13          54   7.32421875E-03
          13          54   7.32421875E-03
          13          55   5.90820312E-02
          13          55   5.90820312E-02
          13          55   5.90820312E-02
          13          55   5.90820312E-02
          13          55   5.90820312E-02
          13          55   5.90820312E-02
          13          55   5.90820312E-02
          13          55   5.90820312E-02
          13          55   5.90820312E-02
          13          55   5.90820312E-02
          13          55   5.90820312E-02
          13          55   5.90820312E-02
          13          56   5.07812500E-02
          13          56   5.07812500E-02
          13          56   5.07812500E-02
          13          56   5.07812500E-02
          13          56   5.07812500E-02
          13          56   5.07812500E-02
          13          56   5.07812500E-02
          13          56   5.07812500E-02
          13          56   5.07812500E-02
          13          56   5.07812500E-02
          13          56   5.07812500E-02
          13          56   5.07812500E-02
          13          57   9.37500000E-02
          13          57   9.37500000E-02
          13          57   9.37500000E-02
          13          57   9.37500000E-02
          13          57   9.37500000E-02
          13          57   9.37500000E-02
          13          57   9.37500000E-02
          13          57   9.37500000E-02
          13          57   9.37500000E-02
          13          57   9.37500000E-02
          13          57   9.37500000E-02
          13          57   9.37500000E-02
          13          58   3.46679688E-02
          13          58   3.46679688E-02
          13          58   3.46679688E-02
          13          58   3.46679688E-02
          13          58   3.46679688E-02
          13          58   3.46679688E-02
          13          58   3.46679688E-02
          13          58   3.46679688E-02
          13          58   3.46679688E-02
          13          58   3.46679688E-02
          13          58   3.46679688E-02
          13          58   3.46679688E-02
          13          59   6.98242188E-02
          13          59   6.98242188E-02
          13          59   6.98242188E-02
          13          59   6.98242188E-02
          13          59   6.98242188E-02
          13          59   6.98242188E-02
          13          59   6.98242188E-02
          13          59   6.98242188E-02
          13          59   6.98242188E-02
          13          59   6.98242188E-02
          13          59   6.98242188E-02
          13          59   6.98242188E-02
          13          60   4.88281250E-02
          13          60   4.88281250E-02
          13          60   4.88281250E-02
          13          60   4.88281250E-02
          13          60   4.88281250E-02
          13          60   4.88281250E-02
          13          60   4.88281250E-02
          13          60   4.88281250E-02
          13          60   4.88281250E-02
          13          60   4.88281250E-02
          13          60   4.88281250E-02
          13          60   4.88281250E-02
          25          26  0.467285156    
          25          26  0.467285156    
          25          26  0.467285156    
          25          26  0.467285156    
          25          26  0.467285156    
          25          26  0.467285156    
          25          26  0.467285156    
          25          26  0.467285156    
          25          26  0.467285156    
          25          26  0.467285156    
          25          26  0.467285156    
          25          26  0.467285156    
          25          28   3.51562500E-02
          25          28   3.51562500E-02
          25          28   3.51562500E-02
          25          28   3.51562500E-02
          25          28   3.51562500E-02
          25          28   3.51562500E-02
          25          29   4.39453125E-02
          25          29   4.39453125E-02
          25          29   4.39453125E-02
          25          29   4.39453125E-02
          25          29   4.39453125E-02
          25          29   4.39453125E-02
          25          29   4.39453125E-02
          25          29   4.39453125E-02
          25          29   4.39453125E-02
          25          29   4.39453125E-02
          25          29   4.39453125E-02
          25          29   4.39453125E-02
          25          31   5.76171875E-02
          25          31   5.76171875E-02
          25          31   5.76171875E-02
          25          31   5.76171875E-02
          25          31   5.76171875E-02
          25          31   5.76171875E-02
          25          32   6.54296875E-02
          25          32   6.54296875E-02
          25          32   6.54296875E-02
          25          32   6.54296875E-02
          25          32   6.54296875E-02
          25          32   6.54296875E-02
          25          33   9.13085938E-02
          25          33   9.13085938E-02
          25          33   9.13085938E-02
          25          33   9.13085938E-02
          25          33   9.13085938E-02
          25          33   9.13085938E-02
          25          34   9.17968750E-02
          25          34   9.17968750E-02
          25          34   9.17968750E-02
          25          34   9.17968750E-02
          25          34   9.17968750E-02
          25          34   9.17968750E-02
          25          35  0.666992188    
          25          35  0.666992188    
          25          35  0.666992188    
          25          35  0.666992188    
          25          35  0.666992188    
          25          35  0.666992188    
          25          36  0.132812500    
          25          36  0.132812500    
          25          36  0.132812500    
          25          36  0.132812500    
          25          36  0.132812500    
          25          36  0.132812500    
          25          37   7.81250000E-03
          25          37   7.81250000E-03
          25          37   7.81250000E-03
          25          37   7.81250000E-03
          25          37   7.81250000E-03
          25          37   7.81250000E-03
          25          37   7.81250000E-03
          25          37   7.81250000E-03
          25          37   7.81250000E-03
          25          37   7.81250000E-03
          25          37   7.81250000E-03
          25          37   7.81250000E-03
          25          38  0.580566406    
          25          38  0.580566406    
          25          38  0.580566406    
          25          38  0.580566406    
          25          38  0.580566406    
          25          38  0.580566406    
          25          38  0.580566406    
          25          38  0.580566406    
          25          38  0.580566406    
          25          38  0.580566406    
          25          38  0.580566406    
          25          38  0.580566406    
          25          39   6.68945312E-02
          25          39   6.68945312E-02
          25          39   6.68945312E-02
          25          39   6.68945312E-02
          25          39   6.68945312E-02
          25          39   6.68945312E-02
          25          39   6.68945312E-02
          25          39   6.68945312E-02
          25          39   6.68945312E-02
          25          39   6.68945312E-02
          25          39   6.68945312E-02
          25          39   6.68945312E-02
          25          40  0.112304688    
          25          40  0.112304688    
          25          40  0.112304688    
          25          40  0.112304688    
          25          40  0.112304688    
          25          40  0.112304688    
          25          40  0.112304688    
          25          40  0.112304688    
          25          40  0.112304688    
          25          40  0.112304688    
          25          40  0.112304688    
          25          40  0.112304688    
          25          41   8.00781250E-02
          25          41   8.00781250E-02
          25          41   8.00781250E-02
          25          41   8.00781250E-02
          25          41   8.00781250E-02
          25          41   8.00781250E-02
          25          41   8.00781250E-02
          25          41   8.00781250E-02
          25          41   8.00781250E-02
          25          41   8.00781250E-02
          25          41   8.00781250E-02
          25          41   8.00781250E-02
          25          42  0.299804688    
          25          42  0.299804688    
          25          42  0.299804688    
          25          42  0.299804688    
          25          42  0.299804688    
          25          42  0.299804688    
          25          42  0.299804688    
          25          42  0.299804688    
          25          42  0.299804688    
          25          42  0.299804688    
          25          42  0.299804688    
          25          42  0.299804688    
          25          43  0.103515625    
          25          43  0.103515625    
          25          43  0.103515625    
          25          43  0.103515625    
          25          43  0.103515625    
          25          43  0.103515625    
          25          43  0.103515625    
          25          43  0.103515625    
          25          43  0.103515625    
          25          43  0.103515625    
          25          43  0.103515625    
          25          43  0.103515625    
          25          44   3.46679688E-02
          25          44   3.46679688E-02
          25          44   3.46679688E-02
          25          44   3.46679688E-02
          25          44   3.46679688E-02
          25          44   3.46679688E-02
          25          44   3.46679688E-02
          25          44   3.46679688E-02
          25          44   3.46679688E-02
          25          44   3.46679688E-02
          25          44   3.46679688E-02
          25          44   3.46679688E-02
          25          45   3.85742188E-02
          25          45   3.85742188E-02
          25          45   3.85742188E-02
          25          45   3.85742188E-02
          25          45   3.85742188E-02
          25          45   3.85742188E-02
          25          45   3.85742188E-02
          25          45   3.85742188E-02
          25          45   3.85742188E-02
          25          45   3.85742188E-02
          25          45   3.85742188E-02
          25          45   3.85742188E-02
          25          46   8.39843750E-02
          25          46   8.39843750E-02
          25          46   8.39843750E-02
          25          46   8.39843750E-02
          25          46   8.39843750E-02
          25          46   8.39843750E-02
          25          46   8.39843750E-02
          25          46   8.39843750E-02
          25          46   8.39843750E-02
          25          46   8.39843750E-02
          25          46   8.39843750E-02
          25          46   8.39843750E-02
          25          47  0.568359375    
          25          47  0.568359375    
          25          47  0.568359375    
          25          47  0.568359375    
          25          47  0.568359375    
          25          47  0.568359375    
          25          47  0.568359375    
          25          47  0.568359375    
          25          47  0.568359375    
          25          47  0.568359375    
          25          47  0.568359375    
          25          47  0.568359375    
          25          48   6.00585938E-02
          25          48   6.00585938E-02
          25          48   6.00585938E-02
          25          48   6.00585938E-02
          25          48   6.00585938E-02
          25          48   6.00585938E-02
          25          48   6.00585938E-02
          25          48   6.00585938E-02
          25          48   6.00585938E-02
          25          48   6.00585938E-02
          25          48   6.00585938E-02
          25          48   6.00585938E-02
          25          49 -0.456542969    
          25          49 -0.456542969    
          25          49 -0.456542969    
          25          49 -0.456542969    
          25          49 -0.456542969    
          25          49 -0.456542969    
          25          49 -0.456542969    
          25          49 -0.456542969    
          25          49 -0.456542969    
          25          49 -0.456542969    
          25          49 -0.456542969    
          25          49 -0.456542969    
          25          50   5.90820312E-02
          25          50   5.90820312E-02
          25          50   5.90820312E-02
          25          50   5.90820312E-02
          25          50   5.90820312E-02
          25          50   5.90820312E-02
          25          50   5.90820312E-02
          25          50   5.90820312E-02
          25          50   5.90820312E-02
          25          50   5.90820312E-02
          25          50   5.90820312E-02
          25          50   5.90820312E-02
          25          51   6.64062500E-02
          25          51   6.64062500E-02
          25          51   6.64062500E-02
          25          51   6.64062500E-02
          25          51   6.64062500E-02
          25          51   6.64062500E-02
          25          51   6.64062500E-02
          25          51   6.64062500E-02
          25          51   6.64062500E-02
          25          51   6.64062500E-02
          25          51   6.64062500E-02
          25          51   6.64062500E-02
          25          52   6.78710938E-02
          25          52   6.78710938E-02
          25          52   6.78710938E-02
          25          52   6.78710938E-02
          25          52   6.78710938E-02
          25          52   6.78710938E-02
          25          52   6.78710938E-02
          25          52   6.78710938E-02
          25          52   6.78710938E-02
          25          52   6.78710938E-02
          25          52   6.78710938E-02
          25          52   6.78710938E-02
          25          53   5.41992188E-02
          25          53   5.41992188E-02
          25          53   5.41992188E-02
          25          53   5.41992188E-02
          25          53   5.41992188E-02
          25          53   5.41992188E-02
          25          53   5.41992188E-02
          25          53   5.41992188E-02
          25          53   5.41992188E-02
          25          53   5.41992188E-02
          25          53   5.41992188E-02
          25          53   5.41992188E-02
          25          54  0.133300781    
          25          54  0.133300781    
          25          54  0.133300781    
          25          54  0.133300781    
          25          54  0.133300781    
          25          54  0.133300781    
          25          54  0.133300781    
          25          54  0.133300781    
          25          54  0.133300781    
          25          54  0.133300781    
          25          54  0.133300781    
          25          54  0.133300781    
          25          55   6.54296875E-02
          25          55   6.54296875E-02
          25          55   6.54296875E-02
          25          55   6.54296875E-02
          25          55   6.54296875E-02
          25          55   6.54296875E-02
          25          55   6.54296875E-02
          25          55   6.54296875E-02
          25          55   6.54296875E-02
          25          55   6.54296875E-02
          25          55   6.54296875E-02
          25          55   6.54296875E-02
          25          56   6.49414062E-02
          25          56   6.49414062E-02
          25          56   6.49414062E-02
          25          56   6.49414062E-02
          25          56   6.49414062E-02
          25          56   6.49414062E-02
          25          56   6.49414062E-02
          25          56   6.49414062E-02
          25          56   6.49414062E-02
          25          56   6.49414062E-02
          25          56   6.49414062E-02
          25          56   6.49414062E-02
          25          57   9.22851562E-02
          25          57   9.22851562E-02
          25          57   9.22851562E-02
          25          57   9.22851562E-02
          25          57   9.22851562E-02
          25          57   9.22851562E-02
          25          57   9.22851562E-02
          25          57   9.22851562E-02
          25          57   9.22851562E-02
          25          57   9.22851562E-02
          25          57   9.22851562E-02
          25          57   9.22851562E-02
          25          58   3.51562500E-02
          25          58   3.51562500E-02
          25          58   3.51562500E-02
          25          58   3.51562500E-02
          25          58   3.51562500E-02
          25          58   3.51562500E-02
          25          58   3.51562500E-02
          25          58   3.51562500E-02
          25          58   3.51562500E-02
          25          58   3.51562500E-02
          25          58   3.51562500E-02
          25          58   3.51562500E-02
          25          59   2.73437500E-02
          25          59   2.73437500E-02
          25          59   2.73437500E-02
          25          59   2.73437500E-02
          25          59   2.73437500E-02
          25          59   2.73437500E-02
          25          59   2.73437500E-02
          25          59   2.73437500E-02
          25          59   2.73437500E-02
          25          59   2.73437500E-02
          25          59   2.73437500E-02
          25          59   2.73437500E-02
          25          60   5.81054688E-02
          25          60   5.81054688E-02
          25          60   5.81054688E-02
          25          60   5.81054688E-02
          25          60   5.81054688E-02
          25          60   5.81054688E-02
          25          60   5.81054688E-02
          25          60   5.81054688E-02
          25          60   5.81054688E-02
          25          60   5.81054688E-02
          25          60   5.81054688E-02
          25          60   5.81054688E-02
          37          38  0.491210938    
          37          38  0.491210938    
          37          38  0.491210938    
          37          38  0.491210938    
          37          38  0.491210938    
          37          38  0.491210938    
          37          38  0.491210938    
          37          38  0.491210938    
          37          38  0.491210938    
          37          38  0.491210938    
          37          38  0.491210938    
          37          38  0.491210938    
          37          40   7.03125000E-02
          37          40   7.03125000E-02
          37          40   7.03125000E-02
          37          40   7.03125000E-02
          37          40   7.03125000E-02
          37          40   7.03125000E-02
          37          41   3.36914062E-02
          37          41   3.36914062E-02
          37          41   3.36914062E-02
          37          41   3.36914062E-02
          37          41   3.36914062E-02
          37          41   3.36914062E-02
          37          41   3.36914062E-02
          37          41   3.36914062E-02
          37          41   3.36914062E-02
          37          41   3.36914062E-02
          37          41   3.36914062E-02
          37          41   3.36914062E-02
          37          43   7.42187500E-02
          37          43   7.42187500E-02
          37          43   7.42187500E-02
          37          43   7.42187500E-02
          37          43   7.42187500E-02
          37          43   7.42187500E-02
          37          44   6.64062500E-02
          37          44   6.64062500E-02
          37          44   6.64062500E-02
          37          44   6.64062500E-02
          37          44   6.64062500E-02
          37          44   6.64062500E-02
          37          45   9.08203125E-02
          37          45   9.08203125E-02
          37          45   9.08203125E-02
          37          45   9.08203125E-02
          37          45   9.08203125E-02
          37          45   9.08203125E-02
          37          46  0.105957031    
          37          46  0.105957031    
          37          46  0.105957031    
          37          46  0.105957031    
          37          46  0.105957031    
          37          46  0.105957031    
          37          47  0.605957031    
          37          47  0.605957031    
          37          47  0.605957031    
          37          47  0.605957031    
          37          47  0.605957031    
          37          47  0.605957031    
          37          48   6.49414062E-02
          37          48   6.49414062E-02
          37          48   6.49414062E-02
          37          48   6.49414062E-02
          37          48   6.49414062E-02
          37          48   6.49414062E-02
          37          49 -0.402832031    
          37          49 -0.402832031    
          37          49 -0.402832031    
          37          49 -0.402832031    
          37          49 -0.402832031    
          37          49 -0.402832031    
          37          49 -0.402832031    
          37          49 -0.402832031    
          37          49 -0.402832031    
          37          49 -0.402832031    
          37          49 -0.402832031    
          37          49 -0.402832031    
          37          50  0.173828125    
          37          50  0.173828125    
          37          50  0.173828125    
          37          50  0.173828125    
          37          50  0.173828125    
          37          50  0.173828125    
          37          50  0.173828125    
          37          50  0.173828125    
          37          50  0.173828125    
          37          50  0.173828125    
          37          50  0.173828125    
          37          50  0.173828125    
          37          51   5.12695312E-02
          37          51   5.12695312E-02
          37          51   5.12695312E-02
          37          51   5.12695312E-02
          37          51   5.12695312E-02
          37          51   5.12695312E-02
          37          51   5.12695312E-02
          37          51   5.12695312E-02
          37          51   5.12695312E-02
          37          51   5.12695312E-02
          37          51   5.12695312E-02
          37          51   5.12695312E-02
          37          52   7.17773438E-02
          37          52   7.17773438E-02
          37          52   7.17773438E-02
          37          52   7.17773438E-02
          37          52   7.17773438E-02
          37          52   7.17773438E-02
          37          52   7.17773438E-02
          37          52   7.17773438E-02
          37          52   7.17773438E-02
          37          52   7.17773438E-02
          37          52   7.17773438E-02
          37          52   7.17773438E-02
          37          53   6.73828125E-02
          37          53   6.73828125E-02
          37          53   6.73828125E-02
          37          53   6.73828125E-02
          37          53   6.73828125E-02
          37          53   6.73828125E-02
          37          53   6.73828125E-02
          37          53   6.73828125E-02
          37          53   6.73828125E-02
          37          53   6.73828125E-02
          37          53   6.73828125E-02
          37          53   6.73828125E-02
          37          54   4.39453125E-03
          37          54   4.39453125E-03
          37          54   4.39453125E-03
          37          54   4.39453125E-03
          37          54   4.39453125E-03
          37          54   4.39453125E-03
          37          54   4.39453125E-03
          37          54   4.39453125E-03
          37          54   4.39453125E-03
          37          54   4.39453125E-03
          37          54   4.39453125E-03
          37          54   4.39453125E-03
          37          55   6.20117188E-02
          37          55   6.20117188E-02
          37          55   6.20117188E-02
          37          55   6.20117188E-02
          37          55   6.20117188E-02
          37          55   6.20117188E-02
          37          55   6.20117188E-02
          37          55   6.20117188E-02
          37          55   6.20117188E-02
          37          55   6.20117188E-02
          37          55   6.20117188E-02
          37          55   6.20117188E-02
          37          56   6.88476562E-02
          37          56   6.88476562E-02
          37          56   6.88476562E-02
          37          56   6.88476562E-02
          37          56   6.88476562E-02
          37          56   6.88476562E-02
          37          56   6.88476562E-02
          37          56   6.88476562E-02
          37          56   6.88476562E-02
          37          56   6.88476562E-02
          37          56   6.88476562E-02
          37          56   6.88476562E-02
          37          57   9.08203125E-02
          37          57   9.08203125E-02
          37          57   9.08203125E-02
          37          57   9.08203125E-02
          37          57   9.08203125E-02
          37          57   9.08203125E-02
          37          57   9.08203125E-02
          37          57   9.08203125E-02
          37          57   9.08203125E-02
          37          57   9.08203125E-02
          37          57   9.08203125E-02
          37          57   9.08203125E-02
          37          58   5.22460938E-02
          37          58   5.22460938E-02
          37          58   5.22460938E-02
          37          58   5.22460938E-02
          37          58   5.22460938E-02
          37          58   5.22460938E-02
          37          58   5.22460938E-02
          37          58   5.22460938E-02
          37          58   5.22460938E-02
          37          58   5.22460938E-02
          37          58   5.22460938E-02
          37          58   5.22460938E-02
          37          59   3.27148438E-02
          37          59   3.27148438E-02
          37          59   3.27148438E-02
          37          59   3.27148438E-02
          37          59   3.27148438E-02
          37          59   3.27148438E-02
          37          59   3.27148438E-02
          37          59   3.27148438E-02
          37          59   3.27148438E-02
          37          59   3.27148438E-02
          37          59   3.27148438E-02
          37          59   3.27148438E-02
          37          60   7.47070312E-02
          37          60   7.47070312E-02
          37          60   7.47070312E-02
          37          60   7.47070312E-02
          37          60   7.47070312E-02
          37          60   7.47070312E-02
          37          60   7.47070312E-02
          37          60   7.47070312E-02
          37          60   7.47070312E-02
          37          60   7.47070312E-02
          37          60   7.47070312E-02
          37          60   7.47070312E-02
          49          50 -0.482910156    
          49          50 -0.482910156    
          49          50 -0.482910156    
          49          50 -0.482910156    
          49          50 -0.482910156    
          49          50 -0.482910156    
          49          50 -0.482910156    
          49          50 -0.482910156    
          49          50 -0.482910156    
          49          50 -0.482910156    
          49          50 -0.482910156    
          49          50 -0.482910156    
          49          52   5.27343750E-02
          49          52   5.27343750E-02
          49          52   5.27343750E-02
          49          52   5.27343750E-02
          49          52   5.27343750E-02
          49          52   5.27343750E-02
          49          53   5.76171875E-02
          49          53   5.76171875E-02
          49          53   5.76171875E-02
          49          53   5.76171875E-02
          49          53   5.76171875E-02
          49          53   5.76171875E-02
          49          53   5.76171875E-02
          49          53   5.76171875E-02
          49          53   5.76171875E-02
          49          53   5.76171875E-02
          49          53   5.76171875E-02
          49          53   5.76171875E-02
          49          55  0.104003906    
          49          55  0.104003906    
          49          55  0.104003906    
          49          55  0.104003906    
          49          55  0.104003906    
          49          55  0.104003906    
          49          56   6.05468750E-02
          49          56   6.05468750E-02
          49          56   6.05468750E-02
          49          56   6.05468750E-02
          49          56   6.05468750E-02
          49          56   6.05468750E-02
          49          57  0.265625000    
          49          57  0.265625000    
          49          57  0.265625000    
          49          57  0.265625000    
          49          57  0.265625000    
          49          57  0.265625000    
          49          58   7.22656250E-02
          49          58   7.22656250E-02
          49          58   7.22656250E-02
          49          58   7.22656250E-02
          49          58   7.22656250E-02
          49          58   7.22656250E-02
          49          59  0.146484375    
          49          59  0.146484375    
          49          59  0.146484375    
          49          59  0.146484375    
          49          59  0.146484375    
          49          59  0.146484375    
          49          60   5.51757812E-02
          49          60   5.51757812E-02
          49          60   5.51757812E-02
          49          60   5.51757812E-02
          49          60   5.51757812E-02
          49          60   5.51757812E-02
 3 substitutions:
 4 substitutions:
Random Seed:  1418655895
Number of atoms:    60
Space Group:    1
Cell:
    11.9020996    11.9020996    29.6919994    90.0000000    90.0000000   120.0000000
Box:
    11.9020996    -5.9510503     0.0000000
     0.0000000    10.3075209     0.0000000
     0.0000000     0.0000000    29.6919994
----------------------------------------
Inverse Box:
     0.0840188     0.0485083     0.0000000
     0.0000000     0.0970165     0.0000000
     0.0000000     0.0000000     0.0336791
----------------------------------------
          39
Repulsive substitution with cost-function:
cost = 1/(s - p0),  p0 = 3.40 10^-10 m, if s >= p0
cost =   10000000.000 if s <  p0
     Crystalographic positions                  Cost     Label
SiSiSiSiSiSiSiSiSiSiSiSiSiSiSiSiSiSiSiSiSiSiSiSiSiSiSiSiSiSiSiSiSiSiSiSiSiSiGeSiSiSiSiSiSiSiSiSiSiSiSiSiSiSiSiSiSiSiSiSi
          39 Ge    -7739.54297    
GeSiSiSiSiSiSiSiSiSiSiSiSiSiSiSiSiSiSiSiSiSiSiSiSiSiSiSiSiSiSiSiSiSiSiSiSiSiGeSiSiSiSiSiSiSiSiSiSiSiSiSiSiSiSiSiSiSiSiSi
           1 Ge    -7733.49805    
==============================================
MonteCarlo: Metropolis with identity changes
Si > Ge, Ge > Si. STOP when occurrence <    0.00000
==============================================
Cost_function     Occurrence %     Scan-Cost
    -7733.9443359375 SiSiSiSiGeSiSiSiSiSiSiSiSiSiSiSiSiSiSiGeSiSiSiSiSiSiSiSiSiSiSiSiSiSiSiSiSiSiSiSiSiSiSiSiSiSiSiSiSiSiSiSiSiSiSiSiSiSiSiSi
    -7733.9443359375 SiSiSiSiGeSiSiSiSiSiSiSiSiSiSiSiSiSiSiGeSiSiSiSiSiSiSiSiSiSiSiSiSiSiSiSiSiSiSiSiSiSiSiSiSiSiSiSiSiSiSiSiSiSiSiSiSiSiSiSi
    -7734.0083007812 SiSiSiSiSiSiSiSiGeSiSiSiSiSiSiSiSiSiSiSiSiSiSiSiSiSiSiSiSiSiSiSiSiSiSiSiSiSiSiGeSiSiSiSiSiSiSiSiSiSiSiSiSiSiSiSiSiSiSiSi
    -7734.0083007812 SiSiSiSiSiSiSiSiGeSiSiSiSiSiSiSiSiSiSiSiSiSiSiSiSiSiSiSiSiSiSiSiSiSiSiSiSiSiSiGeSiSiSiSiSiSiSiSiSiSiSiSiSiSiSiSiSiSiSiSi
    -7734.0083007812 SiSiSiSiSiSiSiSiGeSiSiSiSiSiSiSiSiSiSiSiSiSiSiSiSiSiSiSiSiSiSiSiSiSiSiSiSiSiSiGeSiSiSiSiSiSiSiSiSiSiSiSiSiSiSiSiSiSiSiSi
    -7734.0083007812 SiSiSiGeSiSiSiSiSiSiSiSiSiSiSiSiSiSiSiSiSiSiSiSiSiSiSiSiSiSiSiSiSiSiSiSiSiSiSiSiSiSiSiSiGeSiSiSiSiSiSiSiSiSiSiSiSiSiSiSi
    -7734.0083007812 SiSiSiGeSiSiSiSiSiSiSiSiSiSiSiSiSiSiSiSiSiSiSiSiSiSiSiSiSiSiSiSiSiSiSiSiSiSiSiSiSiSiSiSiGeSiSiSiSiSiSiSiSiSiSiSiSiSiSiSi
    -7734.0083007812 SiSiSiGeSiSiSiSiSiSiSiSiSiSiSiSiSiSiSiSiSiSiSiSiSiSiSiSiSiSiSiSiSiSiSiSiSiSiSiSiSiSiSiSiGeSiSiSiSiSiSiSiSiSiSiSiSiSiSiSi
    -7734.0083007812 SiSiSiSiSiSiGeSiSiSiSiSiSiSiSiSiSiSiSiSiSiSiSiSiSiSiSiSiSiSiSiSiSiSiSiSiSiSiSiSiSiGeSiSiSiSiSiSiSiSiSiSiSiSiSiSiSiSiSiSi
    -7734.0083007812 SiSiSiSiSiSiGeSiSiSiSiSiSiSiSiSiSiSiSiSiSiSiSiSiSiSiSiSiSiSiSiSiSiSiSiSiSiSiSiSiSiGeSiSiSiSiSiSiSiSiSiSiSiSiSiSiSiSiSiSi
    -7734.0083007812 SiSiSiSiSiSiGeSiSiSiSiSiSiSiSiSiSiSiSiSiSiSiSiSiSiSiSiSiSiSiSiSiSiSiSiSiSiSiSiSiSiGeSiSiSiSiSiSiSiSiSiSiSiSiSiSiSiSiSiSi
    -7734.0083007812 SiSiSiSiSiSiGeSiSiSiSiSiSiSiSiSiSiSiSiSiSiSiSiSiSiSiSiSiSiSiSiSiSiSiSiSiSiSiSiSiSiGeSiSiSiSiSiSiSiSiSiSiSiSiSiSiSiSiSiSi
    -7734.0083007812 SiSiSiSiSiSiGeSiSiSiSiSiSiSiSiSiSiSiSiSiSiSiSiSiSiSiSiSiSiSiSiSiSiSiSiSiSiSiSiSiSiGeSiSiSiSiSiSiSiSiSiSiSiSiSiSiSiSiSiSi
    -7734.0083007812 SiSiSiSiSiSiGeSiSiSiSiSiSiSiSiSiSiSiSiSiSiSiSiSiSiSiSiSiSiSiSiSiSiSiSiSiSiSiSiSiSiGeSiSiSiSiSiSiSiSiSiSiSiSiSiSiSiSiSiSi
    -7734.0083007812 SiSiSiSiSiSiSiGeSiSiSiSiSiSiSiSiSiSiSiSiSiSiSiSiSiSiSiSiSiSiSiSiSiSiSiSiSiSiSiSiGeSiSiSiSiSiSiSiSiSiSiSiSiSiSiSiSiSiSiSi
    -7734.0083007812 SiSiSiSiSiSiSiGeSiSiSiSiSiSiSiSiSiSiSiSiSiSiSiSiSiSiSiSiSiSiSiSiSiSiSiSiSiSiSiSiGeSiSiSiSiSiSiSiSiSiSiSiSiSiSiSiSiSiSiSi
    -7734.0083007812 SiSiSiSiSiSiSiGeSiSiSiSiSiSiSiSiSiSiSiSiSiSiSiSiSiSiSiSiSiSiSiSiSiSiSiSiSiSiSiSiGeSiSiSiSiSiSiSiSiSiSiSiSiSiSiSiSiSiSiSi
    -7734.0083007812 SiSiSiSiSiSiSiGeSiSiSiSiSiSiSiSiSiSiSiSiSiSiSiSiSiSiSiSiSiSiSiSiSiSiSiSiSiSiSiSiGeSiSiSiSiSiSiSiSiSiSiSiSiSiSiSiSiSiSiSi
    -7734.0083007812 SiSiSiSiSiSiSiGeSiSiSiSiSiSiSiSiSiSiSiSiSiSiSiSiSiSiSiSiSiSiSiSiSiSiSiSiSiSiSiSiGeSiSiSiSiSiSiSiSiSiSiSiSiSiSiSiSiSiSiSi
    -7734.0083007812 SiSiSiSiSiSiSiGeSiSiSiSiSiSiSiSiSiSiSiSiSiSiSiSiSiSiSiSiSiSiSiSiSiSiSiSiSiSiSiSiGeSiSiSiSiSiSiSiSiSiSiSiSiSiSiSiSiSiSiSi
    -7734.0083007812 SiSiGeSiSiSiSiSiSiSiSiSiSiSiSiSiSiSiSiSiSiSiSiSiSiSiSiSiSiSiSiSiSiSiSiSiSiSiSiSiSiSiSiSiSiGeSiSiSiSiSiSiSiSiSiSiSiSiSiSi
    -7734.0083007812 SiSiGeSiSiSiSiSiSiSiSiSiSiSiSiSiSiSiSiSiSiSiSiSiSiSiSiSiSiSiSiSiSiSiSiSiSiSiSiSiSiSiSiSiSiGeSiSiSiSiSiSiSiSiSiSiSiSiSiSi
    -7734.0083007812 SiSiGeSiSiSiSiSiSiSiSiSiSiSiSiSiSiSiSiSiSiSiSiSiSiSiSiSiSiSiSiSiSiSiSiSiSiSiSiSiSiSiSiSiSiGeSiSiSiSiSiSiSiSiSiSiSiSiSiSi
    -7734.0083007812 SiSiGeSiSiSiSiSiSiSiSiSiSiSiSiSiSiSiSiSiSiSiSiSiSiSiSiSiSiSiSiSiSiSiSiSiSiSiSiSiSiSiSiSiSiGeSiSiSiSiSiSiSiSiSiSiSiSiSiSi
    -7734.0083007812 SiSiGeSiSiSiSiSiSiSiSiSiSiSiSiSiSiSiSiSiSiSiSiSiSiSiSiSiSiSiSiSiSiSiSiSiSiSiSiSiSiSiSiSiSiGeSiSiSiSiSiSiSiSiSiSiSiSiSiSi
    -7734.0083007812 SiSiGeSiSiSiSiSiSiSiSiSiSiSiSiSiSiSiSiSiSiSiSiSiSiSiSiSiSiSiSiSiSiSiSiSiSiSiSiSiSiSiSiSiSiGeSiSiSiSiSiSiSiSiSiSiSiSiSiSi
    -7734.0083007812 SiGeSiSiSiSiSiSiSiSiSiSiSiSiSiSiSiSiSiSiSiSiSiSiSiSiSiSiSiSiSiSiSiSiSiSiSiSiSiSiSiSiSiSiSiSiGeSiSiSiSiSiSiSiSiSiSiSiSiSi
    -7734.0083007812 SiGeSiSiSiSiSiSiSiSiSiSiSiSiSiSiSiSiSiSiSiSiSiSiSiSiSiSiSiSiSiSiSiSiSiSiSiSiSiSiSiSiSiSiSiSiGeSiSiSiSiSiSiSiSiSiSiSiSiSi
    -7734.0083007812 SiGeSiSiSiSiSiSiSiSiSiSiSiSiSiSiSiSiSiSiSiSiSiSiSiSiSiSiSiSiSiSiSiSiSiSiSiSiSiSiSiSiSiSiSiSiGeSiSiSiSiSiSiSiSiSiSiSiSiSi
    -7734.0083007812 SiGeSiSiSiSiSiSiSiSiSiSiSiSiSiSiSiSiSiSiSiSiSiSiSiSiSiSiSiSiSiSiSiSiSiSiSiSiSiSiSiSiSiSiSiSiGeSiSiSiSiSiSiSiSiSiSiSiSiSi
    -7734.0083007812 SiGeSiSiSiSiSiSiSiSiSiSiSiSiSiSiSiSiSiSiSiSiSiSiSiSiSiSiSiSiSiSiSiSiSiSiSiSiSiSiSiSiSiSiSiSiGeSiSiSiSiSiSiSiSiSiSiSiSiSi
    -7734.0083007812 SiSiSiSiSiSiSiSiSiGeSiSiSiSiSiSiSiSiSiSiSiSiSiSiSiSiSiSiSiSiSiSiSiSiSiSiSiSiGeSiSiSiSiSiSiSiSiSiSiSiSiSiSiSiSiSiSiSiSiSi
    -7734.0083007812 SiSiSiSiSiSiSiSiSiSiSiGeSiSiSiSiSiSiSiSiSiSiSiSiSiSiSiSiSiSiSiSiSiSiSiSiGeSiSiSiSiSiSiSiSiSiSiSiSiSiSiSiSiSiSiSiSiSiSiSi
    -7734.0083007812 SiSiSiSiSiSiSiSiSiSiSiGeSiSiSiSiSiSiSiSiSiSiSiSiSiSiSiSiSiSiSiSiSiSiSiSiGeSiSiSiSiSiSiSiSiSiSiSiSiSiSiSiSiSiSiSiSiSiSiSi
    -7734.0083007812 SiSiSiSiSiSiSiSiSiSiSiGeSiSiSiSiSiSiSiSiSiSiSiSiSiSiSiSiSiSiSiSiSiSiSiSiGeSiSiSiSiSiSiSiSiSiSiSiSiSiSiSiSiSiSiSiSiSiSiSi
    -7734.0083007812 SiSiSiSiSiSiSiSiSiSiSiGeSiSiSiSiSiSiSiSiSiSiSiSiSiSiSiSiSiSiSiSiSiSiSiSiGeSiSiSiSiSiSiSiSiSiSiSiSiSiSiSiSiSiSiSiSiSiSiSi
    -7734.0083007812 SiSiSiSiSiSiSiSiSiSiSiGeSiSiSiSiSiSiSiSiSiSiSiSiSiSiSiSiSiSiSiSiSiSiSiSiGeSiSiSiSiSiSiSiSiSiSiSiSiSiSiSiSiSiSiSiSiSiSiSi
    -7734.0083007812 SiSiSiSiSiSiSiSiSiSiSiGeSiSiSiSiSiSiSiSiSiSiSiSiSiSiSiSiSiSiSiSiSiSiSiSiGeSiSiSiSiSiSiSiSiSiSiSiSiSiSiSiSiSiSiSiSiSiSiSi
    -7734.0083007812 SiSiSiSiSiSiSiSiSiSiSiGeSiSiSiSiSiSiSiSiSiSiSiSiSiSiSiSiSiSiSiSiSiSiSiSiGeSiSiSiSiSiSiSiSiSiSiSiSiSiSiSiSiSiSiSiSiSiSiSi
    -7734.0083007812 SiSiSiSiSiSiSiSiSiSiSiGeSiSiSiSiSiSiSiSiSiSiSiSiSiSiSiSiSiSiSiSiSiSiSiSiGeSiSiSiSiSiSiSiSiSiSiSiSiSiSiSiSiSiSiSiSiSiSiSi
    -7734.0083007812 SiSiSiSiSiSiSiSiSiSiSiGeSiSiSiSiSiSiSiSiSiSiSiSiSiSiSiSiSiSiSiSiSiSiSiSiGeSiSiSiSiSiSiSiSiSiSiSiSiSiSiSiSiSiSiSiSiSiSiSi
    -7734.0083007812 SiSiSiSiSiSiSiSiSiSiSiGeSiSiSiSiSiSiSiSiSiSiSiSiSiSiSiSiSiSiSiSiSiSiSiSiGeSiSiSiSiSiSiSiSiSiSiSiSiSiSiSiSiSiSiSiSiSiSiSi
    -7734.0083007812 SiSiSiSiSiSiSiSiSiSiSiGeSiSiSiSiSiSiSiSiSiSiSiSiSiSiSiSiSiSiSiSiSiSiSiSiGeSiSiSiSiSiSiSiSiSiSiSiSiSiSiSiSiSiSiSiSiSiSiSi
    -7734.0083007812 SiSiSiSiSiSiSiSiSiSiSiGeSiSiSiSiSiSiSiSiSiSiSiSiSiSiSiSiSiSiSiSiSiSiSiSiGeSiSiSiSiSiSiSiSiSiSiSiSiSiSiSiSiSiSiSiSiSiSiSi
    -7734.0083007812 SiSiSiSiSiSiSiSiSiSiSiGeSiSiSiSiSiSiSiSiSiSiSiSiSiSiSiSiSiSiSiSiSiSiSiSiGeSiSiSiSiSiSiSiSiSiSiSiSiSiSiSiSiSiSiSiSiSiSiSi
    -7734.0083007812 SiSiSiSiSiSiSiSiSiSiSiGeSiSiSiSiSiSiSiSiSiSiSiSiSiSiSiSiSiSiSiSiSiSiSiSiGeSiSiSiSiSiSiSiSiSiSiSiSiSiSiSiSiSiSiSiSiSiSiSi
    -7734.0083007812 SiSiSiSiSiSiSiSiSiSiSiGeSiSiSiSiSiSiSiSiSiSiSiSiSiSiSiSiSiSiSiSiSiSiSiSiGeSiSiSiSiSiSiSiSiSiSiSiSiSiSiSiSiSiSiSiSiSiSiSi
    -7734.0083007812 SiSiSiSiSiSiSiSiSiSiSiGeSiSiSiSiSiSiSiSiSiSiSiSiSiSiSiSiSiSiSiSiSiSiSiSiGeSiSiSiSiSiSiSiSiSiSiSiSiSiSiSiSiSiSiSiSiSiSiSi
    -7734.0083007812 SiSiSiSiSiSiSiSiSiSiSiGeSiSiSiSiSiSiSiSiSiSiSiSiSiSiSiSiSiSiSiSiSiSiSiSiGeSiSiSiSiSiSiSiSiSiSiSiSiSiSiSiSiSiSiSiSiSiSiSi
    -7734.0083007812 SiSiSiSiSiSiSiSiSiSiSiGeSiSiSiSiSiSiSiSiSiSiSiSiSiSiSiSiSiSiSiSiSiSiSiSiGeSiSiSiSiSiSiSiSiSiSiSiSiSiSiSiSiSiSiSiSiSiSiSi
    -7734.0083007812 SiSiSiSiSiSiSiSiSiSiSiGeSiSiSiSiSiSiSiSiSiSiSiSiSiSiSiSiSiSiSiSiSiSiSiSiGeSiSiSiSiSiSiSiSiSiSiSiSiSiSiSiSiSiSiSiSiSiSiSi
    -7734.0083007812 SiSiSiSiSiSiSiSiSiSiSiGeSiSiSiSiSiSiSiSiSiSiSiSiSiSiSiSiSiSiSiSiSiSiSiSiGeSiSiSiSiSiSiSiSiSiSiSiSiSiSiSiSiSiSiSiSiSiSiSi
    -7734.0083007812 SiSiSiSiSiSiSiSiSiSiSiGeSiSiSiSiSiSiSiSiSiSiSiSiSiSiSiSiSiSiSiSiSiSiSiSiGeSiSiSiSiSiSiSiSiSiSiSiSiSiSiSiSiSiSiSiSiSiSiSi
    -7734.0083007812 SiSiSiSiSiSiSiSiSiSiSiGeSiSiSiSiSiSiSiSiSiSiSiSiSiSiSiSiSiSiSiSiSiSiSiSiGeSiSiSiSiSiSiSiSiSiSiSiSiSiSiSiSiSiSiSiSiSiSiSi
    -7734.0083007812 SiSiSiSiSiSiSiSiSiSiSiGeSiSiSiSiSiSiSiSiSiSiSiSiSiSiSiSiSiSiSiSiSiSiSiSiGeSiSiSiSiSiSiSiSiSiSiSiSiSiSiSiSiSiSiSiSiSiSiSi
    -7734.0083007812 SiSiSiSiSiSiSiSiSiSiSiGeSiSiSiSiSiSiSiSiSiSiSiSiSiSiSiSiSiSiSiSiSiSiSiSiGeSiSiSiSiSiSiSiSiSiSiSiSiSiSiSiSiSiSiSiSiSiSiSi
    -7734.0083007812 SiSiSiSiSiSiSiSiSiSiSiGeSiSiSiSiSiSiSiSiSiSiSiSiSiSiSiSiSiSiSiSiSiSiSiSiGeSiSiSiSiSiSiSiSiSiSiSiSiSiSiSiSiSiSiSiSiSiSiSi
    -7734.0083007812 SiSiSiSiSiSiSiSiSiSiSiGeSiSiSiSiSiSiSiSiSiSiSiSiSiSiSiSiSiSiSiSiSiSiSiSiGeSiSiSiSiSiSiSiSiSiSiSiSiSiSiSiSiSiSiSiSiSiSiSi
    -7734.0083007812 SiSiSiSiSiSiSiSiSiSiSiGeSiSiSiSiSiSiSiSiSiSiSiSiSiSiSiSiSiSiSiSiSiSiSiSiGeSiSiSiSiSiSiSiSiSiSiSiSiSiSiSiSiSiSiSiSiSiSiSi
    -7734.0083007812 SiSiSiSiSiSiSiSiSiSiSiGeSiSiSiSiSiSiSiSiSiSiSiSiSiSiSiSiSiSiSiSiSiSiSiSiGeSiSiSiSiSiSiSiSiSiSiSiSiSiSiSiSiSiSiSiSiSiSiSi
    -7734.0083007812 SiSiSiSiSiSiSiSiSiSiSiGeSiSiSiSiSiSiSiSiSiSiSiSiSiSiSiSiSiSiSiSiSiSiSiSiGeSiSiSiSiSiSiSiSiSiSiSiSiSiSiSiSiSiSiSiSiSiSiSi
    -7734.0083007812 SiSiSiSiSiSiSiSiSiSiSiGeSiSiSiSiSiSiSiSiSiSiSiSiSiSiSiSiSiSiSiSiSiSiSiSiGeSiSiSiSiSiSiSiSiSiSiSiSiSiSiSiSiSiSiSiSiSiSiSi
    -7734.0083007812 SiSiSiSiSiSiSiSiSiSiSiGeSiSiSiSiSiSiSiSiSiSiSiSiSiSiSiSiSiSiSiSiSiSiSiSiGeSiSiSiSiSiSiSiSiSiSiSiSiSiSiSiSiSiSiSiSiSiSiSi
    -7734.0083007812 SiSiSiSiSiSiSiSiSiSiSiGeSiSiSiSiSiSiSiSiSiSiSiSiSiSiSiSiSiSiSiSiSiSiSiSiGeSiSiSiSiSiSiSiSiSiSiSiSiSiSiSiSiSiSiSiSiSiSiSi
    -7734.0083007812 SiSiSiSiSiSiSiSiSiSiSiGeSiSiSiSiSiSiSiSiSiSiSiSiSiSiSiSiSiSiSiSiSiSiSiSiGeSiSiSiSiSiSiSiSiSiSiSiSiSiSiSiSiSiSiSiSiSiSiSi
    -7734.0083007812 SiSiSiSiSiSiSiSiSiSiSiGeSiSiSiSiSiSiSiSiSiSiSiSiSiSiSiSiSiSiSiSiSiSiSiSiGeSiSiSiSiSiSiSiSiSiSiSiSiSiSiSiSiSiSiSiSiSiSiSi
    -7734.0083007812 SiSiSiSiSiSiSiSiSiSiSiGeSiSiSiSiSiSiSiSiSiSiSiSiSiSiSiSiSiSiSiSiSiSiSiSiGeSiSiSiSiSiSiSiSiSiSiSiSiSiSiSiSiSiSiSiSiSiSiSi
    -7734.0083007812 SiSiSiSiSiSiSiSiSiSiSiGeSiSiSiSiSiSiSiSiSiSiSiSiSiSiSiSiSiSiSiSiSiSiSiSiGeSiSiSiSiSiSiSiSiSiSiSiSiSiSiSiSiSiSiSiSiSiSiSi
    -7734.0083007812 SiSiSiSiSiSiSiSiSiSiSiGeSiSiSiSiSiSiSiSiSiSiSiSiSiSiSiSiSiSiSiSiSiSiSiSiGeSiSiSiSiSiSiSiSiSiSiSiSiSiSiSiSiSiSiSiSiSiSiSi
    -7734.0083007812 SiSiSiSiSiSiSiSiSiSiSiGeSiSiSiSiSiSiSiSiSiSiSiSiSiSiSiSiSiSiSiSiSiSiSiSiGeSiSiSiSiSiSiSiSiSiSiSiSiSiSiSiSiSiSiSiSiSiSiSi
    -7734.0083007812 SiSiSiSiSiSiSiSiSiSiSiGeSiSiSiSiSiSiSiSiSiSiSiSiSiSiSiSiSiSiSiSiSiSiSiSiGeSiSiSiSiSiSiSiSiSiSiSiSiSiSiSiSiSiSiSiSiSiSiSi
    -7734.0083007812 SiSiSiSiSiSiSiSiSiSiSiGeSiSiSiSiSiSiSiSiSiSiSiSiSiSiSiSiSiSiSiSiSiSiSiSiGeSiSiSiSiSiSiSiSiSiSiSiSiSiSiSiSiSiSiSiSiSiSiSi
    -7734.0083007812 SiSiSiSiSiSiSiSiSiSiSiGeSiSiSiSiSiSiSiSiSiSiSiSiSiSiSiSiSiSiSiSiSiSiSiSiGeSiSiSiSiSiSiSiSiSiSiSiSiSiSiSiSiSiSiSiSiSiSiSi
    -7734.0083007812 SiSiSiSiSiSiSiSiSiSiSiGeSiSiSiSiSiSiSiSiSiSiSiSiSiSiSiSiSiSiSiSiSiSiSiSiGeSiSiSiSiSiSiSiSiSiSiSiSiSiSiSiSiSiSiSiSiSiSiSi
    -7734.0083007812 SiSiSiSiSiSiSiSiSiSiSiGeSiSiSiSiSiSiSiSiSiSiSiSiSiSiSiSiSiSiSiSiSiSiSiSiGeSiSiSiSiSiSiSiSiSiSiSiSiSiSiSiSiSiSiSiSiSiSiSi
    -7734.0083007812 SiSiSiSiSiSiSiSiSiSiSiGeSiSiSiSiSiSiSiSiSiSiSiSiSiSiSiSiSiSiSiSiSiSiSiSiGeSiSiSiSiSiSiSiSiSiSiSiSiSiSiSiSiSiSiSiSiSiSiSi
    -7734.0083007812 SiSiSiSiSiSiSiSiSiSiSiGeSiSiSiSiSiSiSiSiSiSiSiSiSiSiSiSiSiSiSiSiSiSiSiSiGeSiSiSiSiSiSiSiSiSiSiSiSiSiSiSiSiSiSiSiSiSiSiSi
    -7734.0083007812 SiSiSiSiSiSiSiSiSiSiSiGeSiSiSiSiSiSiSiSiSiSiSiSiSiSiSiSiSiSiSiSiSiSiSiSiGeSiSiSiSiSiSiSiSiSiSiSiSiSiSiSiSiSiSiSiSiSiSiSi
    -7734.0083007812 SiSiSiSiSiSiSiSiSiSiSiGeSiSiSiSiSiSiSiSiSiSiSiSiSiSiSiSiSiSiSiSiSiSiSiSiGeSiSiSiSiSiSiSiSiSiSiSiSiSiSiSiSiSiSiSiSiSiSiSi
    -7734.0083007812 SiSiSiSiSiSiSiSiSiSiSiGeSiSiSiSiSiSiSiSiSiSiSiSiSiSiSiSiSiSiSiSiSiSiSiSiGeSiSiSiSiSiSiSiSiSiSiSiSiSiSiSiSiSiSiSiSiSiSiSi
    -7734.0083007812 SiSiSiSiSiSiSiSiSiSiSiGeSiSiSiSiSiSiSiSiSiSiSiSiSiSiSiSiSiSiSiSiSiSiSiSiGeSiSiSiSiSiSiSiSiSiSiSiSiSiSiSiSiSiSiSiSiSiSiSi
    -7734.0083007812 SiSiSiSiSiSiSiSiSiSiSiGeSiSiSiSiSiSiSiSiSiSiSiSiSiSiSiSiSiSiSiSiSiSiSiSiGeSiSiSiSiSiSiSiSiSiSiSiSiSiSiSiSiSiSiSiSiSiSiSi
    -7734.0083007812 SiSiSiSiSiSiSiSiSiSiSiGeSiSiSiSiSiSiSiSiSiSiSiSiSiSiSiSiSiSiSiSiSiSiSiSiGeSiSiSiSiSiSiSiSiSiSiSiSiSiSiSiSiSiSiSiSiSiSiSi
    -7734.0083007812 SiSiSiSiSiSiSiSiSiSiSiGeSiSiSiSiSiSiSiSiSiSiSiSiSiSiSiSiSiSiSiSiSiSiSiSiGeSiSiSiSiSiSiSiSiSiSiSiSiSiSiSiSiSiSiSiSiSiSiSi
    -7734.0083007812 SiSiSiSiSiSiSiSiSiSiSiGeSiSiSiSiSiSiSiSiSiSiSiSiSiSiSiSiSiSiSiSiSiSiSiSiGeSiSiSiSiSiSiSiSiSiSiSiSiSiSiSiSiSiSiSiSiSiSiSi
    -7734.0083007812 SiSiSiSiSiSiSiSiSiSiSiGeSiSiSiSiSiSiSiSiSiSiSiSiSiSiSiSiSiSiSiSiSiSiSiSiGeSiSiSiSiSiSiSiSiSiSiSiSiSiSiSiSiSiSiSiSiSiSiSi
    -7734.0083007812 SiSiSiSiSiSiSiSiSiSiSiGeSiSiSiSiSiSiSiSiSiSiSiSiSiSiSiSiSiSiSiSiSiSiSiSiGeSiSiSiSiSiSiSiSiSiSiSiSiSiSiSiSiSiSiSiSiSiSiSi
    -7734.0083007812 SiSiSiSiSiSiSiSiSiSiSiGeSiSiSiSiSiSiSiSiSiSiSiSiSiSiSiSiSiSiSiSiSiSiSiSiGeSiSiSiSiSiSiSiSiSiSiSiSiSiSiSiSiSiSiSiSiSiSiSi
    -7734.0083007812 SiSiSiSiSiSiSiSiSiSiSiGeSiSiSiSiSiSiSiSiSiSiSiSiSiSiSiSiSiSiSiSiSiSiSiSiGeSiSiSiSiSiSiSiSiSiSiSiSiSiSiSiSiSiSiSiSiSiSiSi
    -7734.0083007812 SiSiSiSiSiSiSiSiSiSiSiGeSiSiSiSiSiSiSiSiSiSiSiSiSiSiSiSiSiSiSiSiSiSiSiSiGeSiSiSiSiSiSiSiSiSiSiSiSiSiSiSiSiSiSiSiSiSiSiSi
    -7734.0083007812 SiSiSiSiSiSiSiSiSiSiSiGeSiSiSiSiSiSiSiSiSiSiSiSiSiSiSiSiSiSiSiSiSiSiSiSiGeSiSiSiSiSiSiSiSiSiSiSiSiSiSiSiSiSiSiSiSiSiSiSi
    -7734.0083007812 SiSiSiSiSiSiSiSiSiSiSiGeSiSiSiSiSiSiSiSiSiSiSiSiSiSiSiSiSiSiSiSiSiSiSiSiGeSiSiSiSiSiSiSiSiSiSiSiSiSiSiSiSiSiSiSiSiSiSiSi
    -7734.0083007812 SiSiSiSiSiSiSiSiSiSiSiGeSiSiSiSiSiSiSiSiSiSiSiSiSiSiSiSiSiSiSiSiSiSiSiSiGeSiSiSiSiSiSiSiSiSiSiSiSiSiSiSiSiSiSiSiSiSiSiSi
    -7734.0083007812 SiSiSiSiSiSiSiSiSiSiSiGeSiSiSiSiSiSiSiSiSiSiSiSiSiSiSiSiSiSiSiSiSiSiSiSiGeSiSiSiSiSiSiSiSiSiSiSiSiSiSiSiSiSiSiSiSiSiSiSi
    -7734.0083007812 SiSiSiSiSiSiSiSiSiSiSiGeSiSiSiSiSiSiSiSiSiSiSiSiSiSiSiSiSiSiSiSiSiSiSiSiGeSiSiSiSiSiSiSiSiSiSiSiSiSiSiSiSiSiSiSiSiSiSiSi
    -7734.0083007812 SiSiSiSiSiSiSiSiSiSiSiGeSiSiSiSiSiSiSiSiSiSiSiSiSiSiSiSiSiSiSiSiSiSiSiSiGeSiSiSiSiSiSiSiSiSiSiSiSiSiSiSiSiSiSiSiSiSiSiSi
    -7734.0083007812 SiSiSiSiSiSiSiSiSiSiSiGeSiSiSiSiSiSiSiSiSiSiSiSiSiSiSiSiSiSiSiSiSiSiSiSiGeSiSiSiSiSiSiSiSiSiSiSiSiSiSiSiSiSiSiSiSiSiSiSi
    -7734.0083007812 SiSiSiSiSiSiSiSiSiSiSiGeSiSiSiSiSiSiSiSiSiSiSiSiSiSiSiSiSiSiSiSiSiSiSiSiGeSiSiSiSiSiSiSiSiSiSiSiSiSiSiSiSiSiSiSiSiSiSiSi
    -7734.0083007812 SiSiSiSiSiSiSiSiSiSiSiGeSiSiSiSiSiSiSiSiSiSiSiSiSiSiSiSiSiSiSiSiSiSiSiSiGeSiSiSiSiSiSiSiSiSiSiSiSiSiSiSiSiSiSiSiSiSiSiSi
    -7734.0083007812 SiSiSiSiSiSiSiSiSiSiSiGeSiSiSiSiSiSiSiSiSiSiSiSiSiSiSiSiSiSiSiSiSiSiSiSiGeSiSiSiSiSiSiSiSiSiSiSiSiSiSiSiSiSiSiSiSiSiSiSi
    -7734.0083007812 SiSiSiSiSiSiSiSiSiSiSiGeSiSiSiSiSiSiSiSiSiSiSiSiSiSiSiSiSiSiSiSiSiSiSiSiGeSiSiSiSiSiSiSiSiSiSiSiSiSiSiSiSiSiSiSiSiSiSiSi
filename: c1307091582.gin
 energia:   -7734.00830    
 STOP  -7739.54297      -7733.49805      -7734.00830    
