Random Seed:  1084708939
Number of atoms:    60
Space Group:    1
Cell:
    11.9020996    11.9020996    29.6919994    90.0000000    90.0000000   120.0000000
Box:
    11.9020996    -5.9510503     0.0000000
     0.0000000    10.3075209     0.0000000
     0.0000000     0.0000000    29.6919994
----------------------------------------
Inverse Box:
     0.0840188     0.0485083     0.0000000
     0.0000000     0.0970165     0.0000000
     0.0000000     0.0000000     0.0336791
----------------------------------------
GeSiSiSiSiSiSiSiSiSiSiSiSiSiSiSiSiSiSiSiSiSiSiSiSiSiSiSiSiSiSiGeSiSiSiSiSiSiSiSiSiSiSiSiSiSiSiSiSiSiSiSiSiSiSiSiSiSiSiSi
           1 Ge    -7733.55664    
GeGeSiSiSiSiSiSiSiSiSiSiSiSiSiSiSiSiSiSiSiSiSiSiSiSiSiSiSiSiSiGeSiSiSiSiSiSiSiSiSiSiSiSiSiSiSiSiSiSiSiSiSiSiSiSiSiSiSiSi
           2 Ge    -7727.01562    
GeGeGeSiSiSiSiSiSiSiSiSiSiSiSiSiSiSiSiSiSiSiSiSiSiSiSiSiSiSiSiGeSiSiSiSiSiSiSiSiSiSiSiSiSiSiSiSiSiSiSiSiSiSiSiSiSiSiSiSi
           3 Ge    -7722.35547    
GeGeGeGeSiSiSiSiSiSiSiSiSiSiSiSiSiSiSiSiSiSiSiSiSiSiSiSiSiSiSiGeSiSiSiSiSiSiSiSiSiSiSiSiSiSiSiSiSiSiSiSiSiSiSiSiSiSiSiSi
           4 Ge    -7746.41455    
GeGeGeGeGeSiSiSiSiSiSiSiSiSiSiSiSiSiSiSiSiSiSiSiSiSiSiSiSiSiSiGeSiSiSiSiSiSiSiSiSiSiSiSiSiSiSiSiSiSiSiSiSiSiSiSiSiSiSiSi
           5 Ge    -7788.59326    
GeGeGeGeGeGeSiSiSiSiSiSiSiSiSiSiSiSiSiSiSiSiSiSiSiSiSiSiSiSiSiGeSiSiSiSiSiSiSiSiSiSiSiSiSiSiSiSiSiSiSiSiSiSiSiSiSiSiSiSi
           6 Ge    -7856.23047    
GeGeGeGeGeGeGeSiSiSiSiSiSiSiSiSiSiSiSiSiSiSiSiSiSiSiSiSiSiSiSiGeSiSiSiSiSiSiSiSiSiSiSiSiSiSiSiSiSiSiSiSiSiSiSiSiSiSiSiSi
           7 Ge    -8022.43555    
GeGeGeGeGeGeGeGeSiSiSiSiSiSiSiSiSiSiSiSiSiSiSiSiSiSiSiSiSiSiSiGeSiSiSiSiSiSiSiSiSiSiSiSiSiSiSiSiSiSiSiSiSiSiSiSiSiSiSiSi
           8 Ge    -8223.14160    
GeGeGeGeGeGeGeGeSiSiSiGeSiSiSiSiSiSiSiSiSiSiSiSiSiSiSiSiSiSiSiGeSiSiSiSiSiSiSiSiSiSiSiSiSiSiSiSiSiSiSiSiSiSiSiSiSiSiSiSi
          12 Ge    -8285.79688    
GeGeGeGeGeGeGeGeSiSiSiGeSiSiSiSiSiSiSiSiSiSiSiSiSiSiSiSiSiGeSiGeSiSiSiSiSiSiSiSiSiSiSiSiSiSiSiSiSiSiSiSiSiSiSiSiSiSiSiSi
          30 Ge    -8222.15527    
GeGeGeGeGeGeGeGeSiSiSiGeSiSiSiSiSiSiSiSiSiSiSiSiSiSiSiSiSiGeSiGeGeSiSiSiSiSiSiSiSiSiSiSiSiSiSiSiSiSiSiSiSiSiSiSiSiSiSiSi
          33 Ge    -8664.59473    
GeGeGeGeGeGeGeGeSiSiSiGeSiSiSiSiSiSiSiSiSiSiSiSiSiSiSiSiSiGeSiGeGeSiSiGeSiSiSiSiSiSiSiSiSiSiSiSiSiSiSiSiSiSiSiSiSiSiSiSi
          36 Ge    -8711.14551    
GeGeGeGeGeGeGeGeSiSiSiGeSiSiSiSiSiSiSiSiSiSiSiSiSiSiSiSiSiGeSiGeGeSiSiGeSiSiGeSiSiSiSiSiSiSiSiSiSiSiSiSiSiSiSiSiSiSiSiSi
          39 Ge    -9264.55859    
GeGeGeGeGeGeGeGeSiSiSiGeSiSiSiSiSiSiSiSiSiSiSiSiSiSiSiSiSiGeSiGeGeSiSiGeSiSiGeGeSiSiSiSiSiSiSiSiSiSiSiSiSiSiSiSiSiSiSiSi
          40 Ge    -9876.90332    
GeGeGeGeGeGeGeGeSiSiSiGeSiSiSiSiSiSiSiSiSiSiSiSiSiSiSiSiSiGeSiGeGeSiSiGeSiSiGeGeSiGeSiSiSiSiSiSiSiSiSiSiSiSiSiSiSiSiSiSi
          42 Ge    -8580.64160    
GeGeGeGeGeGeGeGeSiSiSiGeSiSiSiSiSiSiSiSiSiSiSiSiSiSiSiSiSiGeSiGeGeSiSiGeSiSiGeGeSiGeSiSiGeSiSiSiSiSiSiSiSiSiSiSiSiSiSiSi
          45 Ge    -9026.61719    
GeGeGeGeGeGeGeGeSiSiSiGeSiSiSiSiSiSiSiSiSiSiSiSiSiSiSiSiSiGeSiGeGeSiSiGeSiSiGeGeSiGeSiSiGeGeSiSiSiSiSiSiSiSiSiSiSiSiSiSi
          46 Ge    -9150.93262    
GeGeGeGeGeGeGeGeSiSiSiGeSiSiSiSiSiSiSiSiSiSiSiSiSiSiSiSiSiGeSiGeGeSiSiGeSiSiGeGeSiGeSiSiGeGeSiSiSiSiSiSiSiSiSiSiGeSiSiSi
          57 Ge    -10158.1035    
GeGeGeGeGeGeGeGeSiGeSiGeSiSiSiSiSiSiSiSiSiSiSiSiSiSiSiSiSiGeSiGeGeSiSiGeSiSiGeGeSiGeSiSiGeGeSiSiSiSiSiSiSiSiSiSiGeSiSiSi
          10 Ge    -9269.90039    
==============================================
MonteCarlo: Metropolis with identity changes
Si > Ge, Ge > Si. STOP when occurrence <    0.00000
==============================================
Cost_function     Occurrence %     Scan-Cost
   -15690.6240234375 GeGeGeSiGeSiGeSiGeSiSiGeSiSiSiSiSiGeSiSiSiSiGeGeGeSiSiSiSiSiSiSiSiSiSiGeGeSiSiGeGeSiSiSiSiSiSiSiSiGeGeGeSiSiSiGeGeSiSiSi
   -15784.7031250000 SiGeGeSiGeSiGeSiGeSiSiGeSiSiSiSiSiGeGeSiSiSiGeSiGeSiGeSiSiSiSiSiSiSiSiSiGeSiSiSiGeSiSiSiSiSiSiSiSiGeGeGeSiSiSiGeGeGeSiGe
   -16476.9218750000 SiGeGeSiGeSiGeSiGeSiSiGeSiSiSiSiSiGeGeSiSiSiGeSiGeGeGeSiSiSiSiSiSiSiSiSiGeSiSiSiGeSiSiSiSiSiSiSiSiGeGeSiSiSiSiGeGeGeSiGe
   -16621.3671875000 SiGeGeSiGeSiGeSiGeSiSiGeSiSiSiSiSiGeGeSiSiSiGeSiGeGeSiSiSiSiSiSiSiSiSiSiGeSiSiSiGeSiSiSiSiSiGeSiSiGeGeGeSiSiSiSiGeGeSiGe
   -16621.3671875000 SiGeGeSiGeSiGeSiGeSiSiGeSiSiSiSiSiGeGeSiSiSiGeSiGeGeSiSiSiSiSiSiSiSiSiSiGeSiSiSiGeSiSiSiSiSiGeSiSiGeGeGeSiSiSiSiGeGeSiGe
   -16621.3671875000 SiGeGeSiGeSiGeSiGeSiSiGeSiSiSiSiSiGeGeSiSiSiGeSiGeGeSiSiSiSiSiSiSiSiSiSiGeSiSiSiGeSiSiSiSiSiGeSiSiGeGeGeSiSiSiSiGeGeSiGe
   -16850.4296875000 SiGeGeSiGeSiGeSiGeSiSiGeSiSiSiSiSiGeGeSiSiSiGeSiGeGeSiSiSiSiSiSiSiSiSiSiGeSiSiSiGeSiSiSiSiSiGeSiSiGeGeGeSiSiGeSiSiGeSiGe
   -16850.4296875000 SiGeGeSiGeSiGeSiGeSiSiGeSiSiSiSiSiGeGeSiSiSiGeSiGeGeSiSiSiSiSiSiSiSiSiSiGeSiSiSiGeSiSiSiSiSiGeSiSiGeGeGeSiSiGeSiSiGeSiGe
   -16850.4296875000 SiGeGeSiGeSiGeSiGeSiSiGeSiSiSiSiSiGeGeSiSiSiGeSiGeGeSiSiSiSiSiSiSiSiSiSiGeSiSiSiGeSiSiSiSiSiGeSiSiGeGeGeSiSiGeSiSiGeSiGe
   -16850.4296875000 SiGeGeSiGeSiGeSiGeSiSiGeSiSiSiSiSiGeGeSiSiSiGeSiGeGeSiSiSiSiSiSiSiSiSiSiGeSiSiSiGeSiSiSiSiSiGeSiSiGeGeGeSiSiGeSiSiGeSiGe
   -16850.4296875000 SiGeGeSiGeSiGeSiGeSiSiGeSiSiSiSiSiGeGeSiSiSiGeSiGeGeSiSiSiSiSiSiSiSiSiSiGeSiSiSiGeSiSiSiSiSiGeSiSiGeGeGeSiSiGeSiSiGeSiGe
   -16850.4296875000 SiGeGeSiGeSiGeSiGeSiSiGeSiSiSiSiSiGeGeSiSiSiGeSiGeGeSiSiSiSiSiSiSiSiSiSiGeSiSiSiGeSiSiSiSiSiGeSiSiGeGeGeSiSiGeSiSiGeSiGe
   -17238.8046875000 SiGeGeSiGeSiGeSiGeSiSiGeSiSiSiSiSiSiGeSiSiSiGeSiGeGeSiSiSiSiSiSiSiGeSiSiSiSiSiSiGeSiSiGeSiSiGeSiSiSiGeGeSiSiGeSiGeGeSiGe
   -17238.8046875000 SiGeGeSiGeSiGeSiGeSiSiGeSiSiSiSiSiSiGeSiSiSiGeSiGeGeSiSiSiSiSiSiSiGeSiSiSiSiSiSiGeSiSiGeSiSiGeSiSiSiGeGeSiSiGeSiGeGeSiGe
   -17238.8046875000 SiGeGeSiGeSiGeSiGeSiSiGeSiSiSiSiSiSiGeSiSiSiGeSiGeGeSiSiSiSiSiSiSiGeSiSiSiSiSiSiGeSiSiGeSiSiGeSiSiSiGeGeSiSiGeSiGeGeSiGe
   -17238.7304687500 SiGeGeSiGeSiGeSiGeSiSiGeSiSiSiSiSiSiGeSiSiSiGeSiGeGeSiSiSiGeSiSiSiSiSiSiSiSiSiSiGeSiSiGeSiSiGeSiSiSiGeGeSiSiGeSiGeGeSiGe
   -17238.7304687500 SiGeGeSiGeSiGeSiGeSiSiGeSiSiSiSiSiSiGeSiSiSiGeSiGeGeSiSiSiGeSiSiSiSiSiSiSiSiSiSiGeSiSiGeSiSiGeSiSiSiGeGeSiSiGeSiGeGeSiGe
   -17238.7304687500 SiGeGeSiGeSiGeSiGeSiSiGeSiSiSiSiSiSiGeSiSiSiGeSiGeGeSiSiSiGeSiSiSiSiSiSiSiSiSiSiGeSiSiGeSiSiGeSiSiSiGeGeSiSiGeSiGeGeSiGe
   -17238.7304687500 SiGeGeSiGeSiGeSiGeSiSiGeSiSiSiSiSiSiGeSiSiSiGeSiGeGeSiSiSiGeSiSiSiSiSiSiSiSiSiSiGeSiSiGeSiSiGeSiSiSiGeGeSiSiGeSiGeGeSiGe
   -17238.7304687500 SiGeGeSiGeSiGeSiGeSiSiGeSiSiSiSiSiSiGeSiSiSiGeSiGeGeSiSiSiGeSiSiSiSiSiSiSiSiSiSiGeSiSiGeSiSiGeSiSiSiGeGeSiSiGeSiGeGeSiGe
   -17238.7304687500 SiGeGeSiGeSiGeSiGeSiSiGeSiSiSiSiSiSiGeSiSiSiGeSiGeGeSiSiSiGeSiSiSiSiSiSiSiSiSiSiGeSiSiGeSiSiGeSiSiSiGeGeSiSiGeSiGeGeSiGe
   -17238.7304687500 SiGeGeSiGeSiGeSiGeSiSiGeSiSiSiSiSiSiGeSiSiSiGeSiGeGeSiSiSiGeSiSiSiSiSiSiSiSiSiSiGeSiSiGeSiSiGeSiSiSiGeGeSiSiGeSiGeGeSiGe
   -17876.3632812500 GeGeGeGeGeSiGeSiGeSiSiGeSiSiSiSiSiSiGeSiSiSiSiSiGeGeSiSiSiSiSiSiSiSiSiSiSiSiSiSiGeSiSiSiSiSiGeSiGeSiGeGeSiSiGeSiGeGeSiGe
   -17876.3632812500 GeGeGeGeGeSiGeSiGeSiSiGeSiSiSiSiSiSiGeSiSiSiSiSiGeGeSiSiSiSiSiSiSiSiSiSiSiSiSiSiGeSiSiSiSiSiGeSiGeSiGeGeSiSiGeSiGeGeSiGe
   -17876.3632812500 GeGeGeGeGeSiGeSiGeSiSiGeSiSiSiSiSiSiGeSiSiSiSiSiGeGeSiSiSiSiSiSiSiSiSiSiSiSiSiSiGeSiSiSiSiSiGeSiGeSiGeGeSiSiGeSiGeGeSiGe
   -17876.3632812500 GeGeGeGeGeSiGeSiGeSiSiGeSiSiSiSiSiSiGeSiSiSiSiSiGeGeSiSiSiSiSiSiSiSiSiSiSiSiSiSiGeSiSiSiSiSiGeSiGeSiGeGeSiSiGeSiGeGeSiGe
   -18228.8671875000 GeGeGeGeGeSiGeGeGeSiSiGeSiSiSiSiSiSiGeSiSiSiSiSiGeGeSiSiSiSiSiSiSiSiSiSiSiSiSiSiGeSiSiSiSiSiSiSiGeSiGeGeSiSiGeSiGeGeSiGe
   -18568.7226562500 GeGeGeSiGeGeGeGeGeSiGeSiSiSiSiSiGeSiSiSiSiGeSiSiSiSiSiSiSiSiSiSiSiSiSiSiSiSiSiSiSiGeSiSiSiSiSiSiGeSiGeGeSiGeGeSiGeGeGeSi
   -18568.7226562500 GeGeGeSiGeGeGeGeGeSiGeSiSiSiSiSiGeSiSiSiSiGeSiSiSiSiSiSiSiSiSiSiSiSiSiSiSiSiSiSiSiGeSiSiSiSiSiSiGeSiGeGeSiGeGeSiGeGeGeSi
   -18568.7226562500 GeGeGeSiGeGeGeGeGeSiGeSiSiSiSiSiGeSiSiSiSiGeSiSiSiSiSiSiSiSiSiSiSiSiSiSiSiSiSiSiSiGeSiSiSiSiSiSiGeSiGeGeSiGeGeSiGeGeGeSi
   -18568.7226562500 GeGeGeSiGeGeGeGeGeSiGeSiSiSiSiSiGeSiSiSiSiGeSiSiSiSiSiSiSiSiSiSiSiSiSiSiSiSiSiSiSiGeSiSiSiSiSiSiGeSiGeGeSiGeGeSiGeGeGeSi
   -18568.7226562500 GeGeGeSiGeGeGeGeGeSiGeSiSiSiSiSiGeSiSiSiSiGeSiSiSiSiSiSiSiSiSiSiSiSiSiSiSiSiSiSiSiGeSiSiSiSiSiSiGeSiGeGeSiGeGeSiGeGeGeSi
   -18568.7226562500 GeGeGeSiGeGeGeGeGeSiGeSiSiSiSiSiGeSiSiSiSiGeSiSiSiSiSiSiSiSiSiSiSiSiSiSiSiSiSiSiSiGeSiSiSiSiSiSiGeSiGeGeSiGeGeSiGeGeGeSi
   -18568.7226562500 GeGeGeSiGeGeGeGeGeSiGeSiSiSiSiSiGeSiSiSiSiGeSiSiSiSiSiSiSiSiSiSiSiSiSiSiSiSiSiSiSiGeSiSiSiSiSiSiGeSiGeGeSiGeGeSiGeGeGeSi
   -18568.7226562500 GeGeGeSiGeGeGeGeGeSiGeSiSiSiSiSiGeSiSiSiSiGeSiSiSiSiSiSiSiSiSiSiSiSiSiSiSiSiSiSiSiGeSiSiSiSiSiSiGeSiGeGeSiGeGeSiGeGeGeSi
   -18568.7226562500 GeGeGeSiGeGeGeGeGeSiGeSiSiSiSiSiGeSiSiSiSiGeSiSiSiSiSiSiSiSiSiSiSiSiSiSiSiSiSiSiSiGeSiSiSiSiSiSiGeSiGeGeSiGeGeSiGeGeGeSi
   -18568.7226562500 GeGeGeSiGeGeGeGeGeSiGeSiSiSiSiSiGeSiSiSiSiGeSiSiSiSiSiSiSiSiSiSiSiSiSiSiSiSiSiSiSiGeSiSiSiSiSiSiGeSiGeGeSiGeGeSiGeGeGeSi
   -19046.1250000000 GeGeGeGeGeGeSiSiGeSiGeSiSiSiSiSiGeSiSiSiSiSiSiSiSiSiSiSiSiSiSiSiSiGeSiSiSiSiSiSiSiGeSiSiSiSiSiGeGeSiGeGeSiGeGeSiGeGeGeSi
   -19046.1250000000 GeGeGeGeGeGeSiSiGeSiGeSiSiSiSiSiGeSiSiSiSiSiSiSiSiSiSiSiSiSiSiSiSiGeSiSiSiSiSiSiSiGeSiSiSiSiSiGeGeSiGeGeSiGeGeSiGeGeGeSi
   -19046.1250000000 GeGeGeGeGeGeSiSiGeSiGeSiSiSiSiSiGeSiSiSiSiSiSiSiSiSiSiSiSiSiSiSiSiGeSiSiSiSiSiSiSiGeSiSiSiSiSiGeGeSiGeGeSiGeGeSiGeGeGeSi
   -19046.1250000000 GeGeGeGeGeGeSiSiGeSiGeSiSiSiSiSiGeSiSiSiSiSiSiSiSiSiSiSiSiSiSiSiSiGeSiSiSiSiSiSiSiGeSiSiSiSiSiGeGeSiGeGeSiGeGeSiGeGeGeSi
   -19046.1250000000 GeGeGeGeGeGeSiSiGeSiGeSiSiSiSiSiGeSiSiSiSiSiSiSiSiSiSiSiSiSiSiSiSiGeSiSiSiSiSiSiSiGeSiSiSiSiSiGeGeSiGeGeSiGeGeSiGeGeGeSi
   -19046.1250000000 GeGeGeGeGeGeSiSiGeSiGeSiSiSiSiSiGeSiSiSiSiSiSiSiSiSiSiSiSiSiSiSiSiGeSiSiSiSiSiSiSiGeSiSiSiSiSiGeGeSiGeGeSiGeGeSiGeGeGeSi
   -19046.1250000000 GeGeGeGeGeGeSiSiGeSiGeSiSiSiSiSiGeSiSiSiSiSiSiSiSiSiSiSiSiSiSiSiSiGeSiSiSiSiSiSiSiGeSiSiSiSiSiGeGeSiGeGeSiGeGeSiGeGeGeSi
   -19046.1250000000 GeGeGeGeGeGeSiSiGeSiGeSiSiSiSiSiGeSiSiSiSiSiSiSiSiSiSiSiSiSiSiSiSiGeSiSiSiSiSiSiSiGeSiSiSiSiSiGeGeSiGeGeSiGeGeSiGeGeGeSi
   -19303.5898437500 GeGeGeGeGeGeSiSiGeGeGeSiSiSiSiSiGeSiSiSiSiSiSiSiSiSiSiSiSiSiSiSiSiGeSiSiGeSiSiSiSiSiSiSiSiSiSiGeGeSiGeGeSiGeGeSiGeSiGeSi
   -19303.5898437500 GeGeGeGeGeGeSiSiGeGeGeSiSiSiSiSiGeSiSiSiSiSiSiSiSiSiSiSiSiSiSiSiSiGeSiSiGeSiSiSiSiSiSiSiSiSiSiGeGeSiGeGeSiGeGeSiGeSiGeSi
   -19303.5898437500 GeGeGeGeGeGeSiSiGeGeGeSiSiSiSiSiGeSiSiSiSiSiSiSiSiSiSiSiSiSiSiSiSiGeSiSiGeSiSiSiSiSiSiSiSiSiSiGeGeSiGeGeSiGeGeSiGeSiGeSi
   -19303.5898437500 GeGeGeGeGeGeSiSiGeGeGeSiSiSiSiSiGeSiSiSiSiSiSiSiSiSiSiSiSiSiSiSiSiGeSiSiGeSiSiSiSiSiSiSiSiSiSiGeGeSiGeGeSiGeGeSiGeSiGeSi
   -19303.5898437500 GeGeGeGeGeGeSiSiGeGeGeSiSiSiSiSiGeSiSiSiSiSiSiSiSiSiSiSiSiSiSiSiSiGeSiSiGeSiSiSiSiSiSiSiSiSiSiGeGeSiGeGeSiGeGeSiGeSiGeSi
   -19303.5898437500 GeGeGeGeGeGeSiSiGeGeGeSiSiSiSiSiGeSiSiSiSiSiSiSiSiSiSiSiSiSiSiSiSiGeSiSiGeSiSiSiSiSiSiSiSiSiSiGeGeSiGeGeSiGeGeSiGeSiGeSi
   -19394.5351562500 GeGeGeGeGeGeSiSiGeGeGeGeSiSiSiSiGeSiSiSiSiSiSiSiSiSiSiSiSiSiSiSiSiGeSiSiGeSiSiSiSiSiSiSiSiSiSiGeGeSiGeGeSiGeGeSiGeSiSiSi
   -19394.5351562500 GeGeGeGeGeGeSiSiGeGeGeGeSiSiSiSiGeSiSiSiSiSiSiSiSiSiSiSiSiSiSiSiSiGeSiSiGeSiSiSiSiSiSiSiSiSiSiGeGeSiGeGeSiGeGeSiGeSiSiSi
   -19394.5351562500 GeGeGeGeGeGeSiSiGeGeGeGeSiSiSiSiGeSiSiSiSiSiSiSiSiSiSiSiSiSiSiSiSiGeSiSiGeSiSiSiSiSiSiSiSiSiSiGeGeSiGeGeSiGeGeSiGeSiSiSi
   -19741.9648437500 GeGeGeGeGeGeSiSiGeGeGeGeSiSiSiSiGeSiSiSiSiSiSiSiSiSiSiSiSiSiSiSiSiGeSiSiGeSiSiSiSiSiSiSiSiSiSiSiGeSiGeGeGeGeGeSiGeSiSiSi
   -19741.9648437500 GeGeGeGeGeGeSiSiGeGeGeGeSiSiSiSiGeSiSiSiSiSiSiSiSiSiSiSiSiSiSiSiSiGeSiSiGeSiSiSiSiSiSiSiSiSiSiSiGeSiGeGeGeGeGeSiGeSiSiSi
   -19741.9648437500 GeGeGeGeGeGeSiSiGeGeGeGeSiSiSiSiGeSiSiSiSiSiSiSiSiSiSiSiSiSiSiSiSiGeSiSiGeSiSiSiSiSiSiSiSiSiSiSiGeSiGeGeGeGeGeSiGeSiSiSi
   -19741.9648437500 GeGeGeGeGeGeSiSiGeGeGeGeSiSiSiSiGeSiSiSiSiSiSiSiSiSiSiSiSiSiSiSiSiGeSiSiGeSiSiSiSiSiSiSiSiSiSiSiGeSiGeGeGeGeGeSiGeSiSiSi
   -19741.9648437500 GeGeGeGeGeGeSiSiGeGeGeGeSiSiSiSiGeSiSiSiSiSiSiSiSiSiSiSiSiSiSiSiSiGeSiSiGeSiSiSiSiSiSiSiSiSiSiSiGeSiGeGeGeGeGeSiGeSiSiSi
   -19814.3984375000 GeGeGeGeGeGeSiSiGeGeGeGeSiSiSiSiGeSiSiSiSiSiSiSiSiSiSiSiSiSiSiSiSiGeSiSiGeSiSiSiSiSiSiSiSiSiSiSiGeGeSiGeGeGeGeSiGeSiSiSi
   -19814.3984375000 GeGeGeGeGeGeSiSiGeGeGeGeSiSiSiSiGeSiSiSiSiSiSiSiSiSiSiSiSiSiSiSiSiGeSiSiGeSiSiSiSiSiSiSiSiSiSiSiGeGeSiGeGeGeGeSiGeSiSiSi
   -19814.3984375000 GeGeGeGeGeGeSiSiGeGeGeGeSiSiSiSiGeSiSiSiSiSiSiSiSiSiSiSiSiSiSiSiSiGeSiSiGeSiSiSiSiSiSiSiSiSiSiSiGeGeSiGeGeGeGeSiGeSiSiSi
   -19814.3984375000 GeGeGeGeGeGeSiSiGeGeGeGeSiSiSiSiGeSiSiSiSiSiSiSiSiSiSiSiSiSiSiSiSiGeSiSiGeSiSiSiSiSiSiSiSiSiSiSiGeGeSiGeGeGeGeSiGeSiSiSi
   -19814.3984375000 GeGeGeGeGeGeSiSiGeGeGeGeSiSiSiSiGeSiSiSiSiSiSiSiSiSiSiSiSiSiSiSiSiGeSiSiGeSiSiSiSiSiSiSiSiSiSiSiGeGeSiGeGeGeGeSiGeSiSiSi
   -19900.7460937500 GeGeGeGeGeGeSiSiGeGeGeGeSiSiSiSiGeSiSiSiSiSiSiSiSiGeSiSiSiSiSiSiSiSiSiSiGeSiSiSiSiSiSiSiSiSiSiSiGeGeGeGeGeSiGeSiGeSiSiSi
   -19900.7460937500 GeGeGeGeGeGeSiSiGeGeGeGeSiSiSiSiGeSiSiSiSiSiSiSiSiGeSiSiSiSiSiSiSiSiSiSiGeSiSiSiSiSiSiSiSiSiSiSiGeGeGeGeGeSiGeSiGeSiSiSi
   -19900.7460937500 GeGeGeGeGeGeSiSiGeGeGeGeSiSiSiSiGeSiSiSiSiSiSiSiSiGeSiSiSiSiSiSiSiSiSiSiGeSiSiSiSiSiSiSiSiSiSiSiGeGeGeGeGeSiGeSiGeSiSiSi
   -19900.7460937500 GeGeGeGeGeGeSiSiGeGeGeGeSiSiSiSiGeSiSiSiSiSiSiSiSiGeSiSiSiSiSiSiSiSiSiSiGeSiSiSiSiSiSiSiSiSiSiSiGeGeGeGeGeSiGeSiGeSiSiSi
   -19900.7460937500 GeGeGeGeGeGeSiSiGeGeGeGeSiSiSiSiGeSiSiSiSiSiSiSiSiGeSiSiSiSiSiSiSiSiSiSiGeSiSiSiSiSiSiSiSiSiSiSiGeGeGeGeGeSiGeSiGeSiSiSi
   -19900.7460937500 GeGeGeGeGeGeSiSiGeGeGeGeSiSiSiSiGeSiSiSiSiSiSiSiSiGeSiSiSiSiSiSiSiSiSiSiGeSiSiSiSiSiSiSiSiSiSiSiGeGeGeGeGeSiGeSiGeSiSiSi
   -19900.7460937500 GeGeGeGeGeGeSiSiGeGeGeGeSiSiSiSiGeSiSiSiSiSiSiSiSiGeSiSiSiSiSiSiSiSiSiSiGeSiSiSiSiSiSiSiSiSiSiSiGeGeGeGeGeSiGeSiGeSiSiSi
   -19900.7460937500 GeGeGeGeGeGeSiSiGeGeGeGeSiSiSiSiGeSiSiSiSiSiSiSiSiGeSiSiSiSiSiSiSiSiSiSiGeSiSiSiSiSiSiSiSiSiSiSiGeGeGeGeGeSiGeSiGeSiSiSi
   -19900.7460937500 GeGeGeGeGeGeSiSiGeGeGeGeSiSiSiSiGeSiSiSiSiSiSiSiSiGeSiSiSiSiSiSiSiSiSiSiGeSiSiSiSiSiSiSiSiSiSiSiGeGeGeGeGeSiGeSiGeSiSiSi
   -19900.7460937500 GeGeGeGeGeGeSiSiGeGeGeGeSiSiSiSiGeSiSiSiSiSiSiSiSiGeSiSiSiSiSiSiSiSiSiSiGeSiSiSiSiSiSiSiSiSiSiSiGeGeGeGeGeSiGeSiGeSiSiSi
   -19900.7460937500 GeGeGeGeGeGeSiSiGeGeGeGeSiSiSiSiGeSiSiSiSiSiSiSiSiGeSiSiSiSiSiSiSiSiSiSiGeSiSiSiSiSiSiSiSiSiSiSiGeGeGeGeGeSiGeSiGeSiSiSi
   -19900.7460937500 GeGeGeGeGeGeSiSiGeGeGeGeSiSiSiSiGeSiSiSiSiSiSiSiSiGeSiSiSiSiSiSiSiSiSiSiGeSiSiSiSiSiSiSiSiSiSiSiGeGeGeGeGeSiGeSiGeSiSiSi
   -20050.7968750000 GeGeGeGeGeGeSiSiGeGeGeGeSiSiSiSiGeSiSiSiSiSiSiSiSiSiSiSiSiSiSiSiSiSiSiSiGeSiSiSiSiSiSiSiSiSiSiSiGeGeGeGeGeSiGeSiGeSiGeSi
   -20050.7968750000 GeGeGeGeGeGeSiSiGeGeGeGeSiSiSiSiGeSiSiSiSiSiSiSiSiSiSiSiSiSiSiSiSiSiSiSiGeSiSiSiSiSiSiSiSiSiSiSiGeGeGeGeGeSiGeSiGeSiGeSi
   -20050.7968750000 GeGeGeGeGeGeSiSiGeGeGeGeSiSiSiSiGeSiSiSiSiSiSiSiSiSiSiSiSiSiSiSiSiSiSiSiGeSiSiSiSiSiSiSiSiSiSiSiGeGeGeGeGeSiGeSiGeSiGeSi
   -20050.7968750000 GeGeGeGeGeGeSiSiGeGeGeGeSiSiSiSiGeSiSiSiSiSiSiSiSiSiSiSiSiSiSiSiSiSiSiSiGeSiSiSiSiSiSiSiSiSiSiSiGeGeGeGeGeSiGeSiGeSiGeSi
   -20050.7968750000 GeGeGeGeGeGeSiSiGeGeGeGeSiSiSiSiGeSiSiSiSiSiSiSiSiSiSiSiSiSiSiSiSiSiSiSiGeSiSiSiSiSiSiSiSiSiSiSiGeGeGeGeGeSiGeSiGeSiGeSi
   -20050.7968750000 GeGeGeGeGeGeSiSiGeGeGeGeSiSiSiSiGeSiSiSiSiSiSiSiSiSiSiSiSiSiSiSiSiSiSiSiGeSiSiSiSiSiSiSiSiSiSiSiGeGeGeGeGeSiGeSiGeSiGeSi
   -20050.7968750000 GeGeGeGeGeGeSiSiGeGeGeGeSiSiSiSiGeSiSiSiSiSiSiSiSiSiSiSiSiSiSiSiSiSiSiSiGeSiSiSiSiSiSiSiSiSiSiSiGeGeGeGeGeSiGeSiGeSiGeSi
   -20050.7968750000 GeGeGeGeGeGeSiSiGeGeGeGeSiSiSiSiGeSiSiSiSiSiSiSiSiSiSiSiSiSiSiSiSiSiSiSiGeSiSiSiSiSiSiSiSiSiSiSiGeGeGeGeGeSiGeSiGeSiGeSi
   -20050.7968750000 GeGeGeGeGeGeSiSiGeGeGeGeSiSiSiSiGeSiSiSiSiSiSiSiSiSiSiSiSiSiSiSiSiSiSiSiGeSiSiSiSiSiSiSiSiSiSiSiGeGeGeGeGeSiGeSiGeSiGeSi
   -20050.7968750000 GeGeGeGeGeGeSiSiGeGeGeGeSiSiSiSiGeSiSiSiSiSiSiSiSiSiSiSiSiSiSiSiSiSiSiSiGeSiSiSiSiSiSiSiSiSiSiSiGeGeGeGeGeSiGeSiGeSiGeSi
   -20237.7617187500 GeSiGeGeGeGeGeSiGeGeGeGeSiSiSiSiGeSiSiSiSiSiSiSiSiSiSiSiSiSiSiSiSiSiSiSiGeSiSiSiSiSiSiSiSiSiSiSiGeGeGeGeGeSiGeSiGeSiGeSi
   -20237.7617187500 GeSiGeGeGeGeGeSiGeGeGeGeSiSiSiSiGeSiSiSiSiSiSiSiSiSiSiSiSiSiSiSiSiSiSiSiGeSiSiSiSiSiSiSiSiSiSiSiGeGeGeGeGeSiGeSiGeSiGeSi
   -20237.7617187500 GeSiGeGeGeGeGeSiGeGeGeGeSiSiSiSiGeSiSiSiSiSiSiSiSiSiSiSiSiSiSiSiSiSiSiSiGeSiSiSiSiSiSiSiSiSiSiSiGeGeGeGeGeSiGeSiGeSiGeSi
   -20237.7617187500 GeSiGeGeGeGeGeSiGeGeGeGeSiSiSiSiGeSiSiSiSiSiSiSiSiSiSiSiSiSiSiSiSiSiSiSiGeSiSiSiSiSiSiSiSiSiSiSiGeGeGeGeGeSiGeSiGeSiGeSi
   -20237.7617187500 GeSiGeGeGeGeGeSiGeGeGeGeSiSiSiSiGeSiSiSiSiSiSiSiSiSiSiSiSiSiSiSiSiSiSiSiGeSiSiSiSiSiSiSiSiSiSiSiGeGeGeGeGeSiGeSiGeSiGeSi
   -20237.7617187500 GeSiGeGeGeGeGeSiGeGeGeGeSiSiSiSiGeSiSiSiSiSiSiSiSiSiSiSiSiSiSiSiSiSiSiSiGeSiSiSiSiSiSiSiSiSiSiSiGeGeGeGeGeSiGeSiGeSiGeSi
   -20248.4570312500 GeSiGeGeGeGeGeSiGeGeGeGeSiGeSiSiSiSiSiSiSiSiSiSiSiSiSiSiSiSiSiSiSiSiSiSiSiSiSiSiSiSiSiSiSiSiSiSiGeGeGeGeGeGeGeSiGeSiGeSi
   -20248.4570312500 GeSiGeGeGeGeGeSiGeGeGeGeSiGeSiSiSiSiSiSiSiSiSiSiSiSiSiSiSiSiSiSiSiSiSiSiSiSiSiSiSiSiSiSiSiSiSiSiGeGeGeGeGeGeGeSiGeSiGeSi
   -20248.4570312500 GeSiGeGeGeGeGeSiGeGeGeGeSiGeSiSiSiSiSiSiSiSiSiSiSiSiSiSiSiSiSiSiSiSiSiSiSiSiSiSiSiSiSiSiSiSiSiSiGeGeGeGeGeGeGeSiGeSiGeSi
   -20256.1914062500 GeSiGeGeGeGeGeSiGeGeGeGeSiGeSiSiSiSiSiSiSiSiSiSiSiSiSiSiSiSiSiSiSiSiSiSiSiSiSiSiSiSiSiSiSiSiSiSiGeGeGeGeGeGeGeSiSiGeGeSi
   -20256.1914062500 GeSiGeGeGeGeGeSiGeGeGeGeSiGeSiSiSiSiSiSiSiSiSiSiSiSiSiSiSiSiSiSiSiSiSiSiSiSiSiSiSiSiSiSiSiSiSiSiGeGeGeGeGeGeGeSiSiGeGeSi
   -20256.1914062500 GeSiGeGeGeGeGeSiGeGeGeGeSiGeSiSiSiSiSiSiSiSiSiSiSiSiSiSiSiSiSiSiSiSiSiSiSiSiSiSiSiSiSiSiSiSiSiSiGeGeGeGeGeGeGeSiSiGeGeSi
   -20256.1914062500 GeSiGeGeGeGeGeSiGeGeGeGeSiGeSiSiSiSiSiSiSiSiSiSiSiSiSiSiSiSiSiSiSiSiSiSiSiSiSiSiSiSiSiSiSiSiSiSiGeGeGeGeGeGeGeSiSiGeGeSi
   -20256.1914062500 GeSiGeGeGeGeGeSiGeGeGeGeSiGeSiSiSiSiSiSiSiSiSiSiSiSiSiSiSiSiSiSiSiSiSiSiSiSiSiSiSiSiSiSiSiSiSiSiGeGeGeGeGeGeGeSiSiGeGeSi
   -20256.1914062500 GeSiGeGeGeGeGeSiGeGeGeGeSiGeSiSiSiSiSiSiSiSiSiSiSiSiSiSiSiSiSiSiSiSiSiSiSiSiSiSiSiSiSiSiSiSiSiSiGeGeGeGeGeGeGeSiSiGeGeSi
   -20256.1914062500 GeSiGeGeGeGeGeSiGeGeGeGeSiGeSiSiSiSiSiSiSiSiSiSiSiSiSiSiSiSiSiSiSiSiSiSiSiSiSiSiSiSiSiSiSiSiSiSiGeGeGeGeGeGeGeSiSiGeGeSi
   -20256.1914062500 GeSiGeGeGeGeGeSiGeGeGeGeSiGeSiSiSiSiSiSiSiSiSiSiSiSiSiSiSiSiSiSiSiSiSiSiSiSiSiSiSiSiSiSiSiSiSiSiGeGeGeGeGeGeGeSiSiGeGeSi
   -20256.1914062500 GeSiGeGeGeGeGeSiGeGeGeGeSiGeSiSiSiSiSiSiSiSiSiSiSiSiSiSiSiSiSiSiSiSiSiSiSiSiSiSiSiSiSiSiSiSiSiSiGeGeGeGeGeGeGeSiSiGeGeSi
   -20256.1914062500 GeSiGeGeGeGeGeSiGeGeGeGeSiGeSiSiSiSiSiSiSiSiSiSiSiSiSiSiSiSiSiSiSiSiSiSiSiSiSiSiSiSiSiSiSiSiSiSiGeGeGeGeGeGeGeSiSiGeGeSi
   -20256.1914062500 GeSiGeGeGeGeGeSiGeGeGeGeSiGeSiSiSiSiSiSiSiSiSiSiSiSiSiSiSiSiSiSiSiSiSiSiSiSiSiSiSiSiSiSiSiSiSiSiGeGeGeGeGeGeGeSiSiGeGeSi
   -20256.1914062500 GeSiGeGeGeGeGeSiGeGeGeGeSiGeSiSiSiSiSiSiSiSiSiSiSiSiSiSiSiSiSiSiSiSiSiSiSiSiSiSiSiSiSiSiSiSiSiSiGeGeGeGeGeGeGeSiSiGeGeSi
   -20256.1914062500 GeSiGeGeGeGeGeSiGeGeGeGeSiGeSiSiSiSiSiSiSiSiSiSiSiSiSiSiSiSiSiSiSiSiSiSiSiSiSiSiSiSiSiSiSiSiSiSiGeGeGeGeGeGeGeSiSiGeGeSi
   -20256.1914062500 GeSiGeGeGeGeGeSiGeGeGeGeSiGeSiSiSiSiSiSiSiSiSiSiSiSiSiSiSiSiSiSiSiSiSiSiSiSiSiSiSiSiSiSiSiSiSiSiGeGeGeGeGeGeGeSiSiGeGeSi
   -20256.1914062500 GeSiGeGeGeGeGeSiGeGeGeGeSiGeSiSiSiSiSiSiSiSiSiSiSiSiSiSiSiSiSiSiSiSiSiSiSiSiSiSiSiSiSiSiSiSiSiSiGeGeGeGeGeGeGeSiSiGeGeSi
   -20256.1914062500 GeSiGeGeGeGeGeSiGeGeGeGeSiGeSiSiSiSiSiSiSiSiSiSiSiSiSiSiSiSiSiSiSiSiSiSiSiSiSiSiSiSiSiSiSiSiSiSiGeGeGeGeGeGeGeSiSiGeGeSi
   -20256.1914062500 GeSiGeGeGeGeGeSiGeGeGeGeSiGeSiSiSiSiSiSiSiSiSiSiSiSiSiSiSiSiSiSiSiSiSiSiSiSiSiSiSiSiSiSiSiSiSiSiGeGeGeGeGeGeGeSiSiGeGeSi
   -20256.1914062500 GeSiGeGeGeGeGeSiGeGeGeGeSiGeSiSiSiSiSiSiSiSiSiSiSiSiSiSiSiSiSiSiSiSiSiSiSiSiSiSiSiSiSiSiSiSiSiSiGeGeGeGeGeGeGeSiSiGeGeSi
   -20256.1914062500 GeSiGeGeGeGeGeSiGeGeGeGeSiGeSiSiSiSiSiSiSiSiSiSiSiSiSiSiSiSiSiSiSiSiSiSiSiSiSiSiSiSiSiSiSiSiSiSiGeGeGeGeGeGeGeSiSiGeGeSi
   -20256.1914062500 GeSiGeGeGeGeGeSiGeGeGeGeSiGeSiSiSiSiSiSiSiSiSiSiSiSiSiSiSiSiSiSiSiSiSiSiSiSiSiSiSiSiSiSiSiSiSiSiGeGeGeGeGeGeGeSiSiGeGeSi
   -20256.1914062500 GeSiGeGeGeGeGeSiGeGeGeGeSiGeSiSiSiSiSiSiSiSiSiSiSiSiSiSiSiSiSiSiSiSiSiSiSiSiSiSiSiSiSiSiSiSiSiSiGeGeGeGeGeGeGeSiSiGeGeSi
   -20256.1914062500 GeSiGeGeGeGeGeSiGeGeGeGeSiGeSiSiSiSiSiSiSiSiSiSiSiSiSiSiSiSiSiSiSiSiSiSiSiSiSiSiSiSiSiSiSiSiSiSiGeGeGeGeGeGeGeSiSiGeGeSi
   -20256.1914062500 GeSiGeGeGeGeGeSiGeGeGeGeSiGeSiSiSiSiSiSiSiSiSiSiSiSiSiSiSiSiSiSiSiSiSiSiSiSiSiSiSiSiSiSiSiSiSiSiGeGeGeGeGeGeGeSiSiGeGeSi
   -20256.1914062500 GeSiGeGeGeGeGeSiGeGeGeGeSiGeSiSiSiSiSiSiSiSiSiSiSiSiSiSiSiSiSiSiSiSiSiSiSiSiSiSiSiSiSiSiSiSiSiSiGeGeGeGeGeGeGeSiSiGeGeSi
   -20256.1914062500 GeSiGeGeGeGeGeSiGeGeGeGeSiGeSiSiSiSiSiSiSiSiSiSiSiSiSiSiSiSiSiSiSiSiSiSiSiSiSiSiSiSiSiSiSiSiSiSiGeGeGeGeGeGeGeSiSiGeGeSi
   -20256.1914062500 GeSiGeGeGeGeGeSiGeGeGeGeSiGeSiSiSiSiSiSiSiSiSiSiSiSiSiSiSiSiSiSiSiSiSiSiSiSiSiSiSiSiSiSiSiSiSiSiGeGeGeGeGeGeGeSiSiGeGeSi
   -20256.1914062500 GeSiGeGeGeGeGeSiGeGeGeGeSiGeSiSiSiSiSiSiSiSiSiSiSiSiSiSiSiSiSiSiSiSiSiSiSiSiSiSiSiSiSiSiSiSiSiSiGeGeGeGeGeGeGeSiSiGeGeSi
   -20256.1914062500 GeSiGeGeGeGeGeSiGeGeGeGeSiGeSiSiSiSiSiSiSiSiSiSiSiSiSiSiSiSiSiSiSiSiSiSiSiSiSiSiSiSiSiSiSiSiSiSiGeGeGeGeGeGeGeSiSiGeGeSi
   -20256.1914062500 GeSiGeGeGeGeGeSiGeGeGeGeSiGeSiSiSiSiSiSiSiSiSiSiSiSiSiSiSiSiSiSiSiSiSiSiSiSiSiSiSiSiSiSiSiSiSiSiGeGeGeGeGeGeGeSiSiGeGeSi
   -20256.1914062500 GeSiGeGeGeGeGeSiGeGeGeGeSiGeSiSiSiSiSiSiSiSiSiSiSiSiSiSiSiSiSiSiSiSiSiSiSiSiSiSiSiSiSiSiSiSiSiSiGeGeGeGeGeGeGeSiSiGeGeSi
   -20256.1914062500 GeSiGeGeGeGeGeSiGeGeGeGeSiGeSiSiSiSiSiSiSiSiSiSiSiSiSiSiSiSiSiSiSiSiSiSiSiSiSiSiSiSiSiSiSiSiSiSiGeGeGeGeGeGeGeSiSiGeGeSi
   -20256.1914062500 GeSiGeGeGeGeGeSiGeGeGeGeSiGeSiSiSiSiSiSiSiSiSiSiSiSiSiSiSiSiSiSiSiSiSiSiSiSiSiSiSiSiSiSiSiSiSiSiGeGeGeGeGeGeGeSiSiGeGeSi
   -20256.1914062500 GeSiGeGeGeGeGeSiGeGeGeGeSiGeSiSiSiSiSiSiSiSiSiSiSiSiSiSiSiSiSiSiSiSiSiSiSiSiSiSiSiSiSiSiSiSiSiSiGeGeGeGeGeGeGeSiSiGeGeSi
   -20256.1914062500 GeSiGeGeGeGeGeSiGeGeGeGeSiGeSiSiSiSiSiSiSiSiSiSiSiSiSiSiSiSiSiSiSiSiSiSiSiSiSiSiSiSiSiSiSiSiSiSiGeGeGeGeGeGeGeSiSiGeGeSi
   -20256.1914062500 GeSiGeGeGeGeGeSiGeGeGeGeSiGeSiSiSiSiSiSiSiSiSiSiSiSiSiSiSiSiSiSiSiSiSiSiSiSiSiSiSiSiSiSiSiSiSiSiGeGeGeGeGeGeGeSiSiGeGeSi
   -20256.1914062500 GeSiGeGeGeGeGeSiGeGeGeGeSiGeSiSiSiSiSiSiSiSiSiSiSiSiSiSiSiSiSiSiSiSiSiSiSiSiSiSiSiSiSiSiSiSiSiSiGeGeGeGeGeGeGeSiSiGeGeSi
   -20256.1914062500 GeSiGeGeGeGeGeSiGeGeGeGeSiGeSiSiSiSiSiSiSiSiSiSiSiSiSiSiSiSiSiSiSiSiSiSiSiSiSiSiSiSiSiSiSiSiSiSiGeGeGeGeGeGeGeSiSiGeGeSi
   -20256.1914062500 GeSiGeGeGeGeGeSiGeGeGeGeSiGeSiSiSiSiSiSiSiSiSiSiSiSiSiSiSiSiSiSiSiSiSiSiSiSiSiSiSiSiSiSiSiSiSiSiGeGeGeGeGeGeGeSiSiGeGeSi
   -20256.1914062500 GeSiGeGeGeGeGeSiGeGeGeGeSiGeSiSiSiSiSiSiSiSiSiSiSiSiSiSiSiSiSiSiSiSiSiSiSiSiSiSiSiSiSiSiSiSiSiSiGeGeGeGeGeGeGeSiSiGeGeSi
   -20256.1914062500 GeSiGeGeGeGeGeSiGeGeGeGeSiGeSiSiSiSiSiSiSiSiSiSiSiSiSiSiSiSiSiSiSiSiSiSiSiSiSiSiSiSiSiSiSiSiSiSiGeGeGeGeGeGeGeSiSiGeGeSi
   -20256.1914062500 GeSiGeGeGeGeGeSiGeGeGeGeSiGeSiSiSiSiSiSiSiSiSiSiSiSiSiSiSiSiSiSiSiSiSiSiSiSiSiSiSiSiSiSiSiSiSiSiGeGeGeGeGeGeGeSiSiGeGeSi
   -20256.1914062500 GeSiGeGeGeGeGeSiGeGeGeGeSiGeSiSiSiSiSiSiSiSiSiSiSiSiSiSiSiSiSiSiSiSiSiSiSiSiSiSiSiSiSiSiSiSiSiSiGeGeGeGeGeGeGeSiSiGeGeSi
   -20256.1914062500 GeSiGeGeGeGeGeSiGeGeGeGeSiGeSiSiSiSiSiSiSiSiSiSiSiSiSiSiSiSiSiSiSiSiSiSiSiSiSiSiSiSiSiSiSiSiSiSiGeGeGeGeGeGeGeSiSiGeGeSi
   -20256.1914062500 GeSiGeGeGeGeGeSiGeGeGeGeSiGeSiSiSiSiSiSiSiSiSiSiSiSiSiSiSiSiSiSiSiSiSiSiSiSiSiSiSiSiSiSiSiSiSiSiGeGeGeGeGeGeGeSiSiGeGeSi
   -20256.1914062500 GeSiGeGeGeGeGeSiGeGeGeGeSiGeSiSiSiSiSiSiSiSiSiSiSiSiSiSiSiSiSiSiSiSiSiSiSiSiSiSiSiSiSiSiSiSiSiSiGeGeGeGeGeGeGeSiSiGeGeSi
   -20256.1914062500 GeSiGeGeGeGeGeSiGeGeGeGeSiGeSiSiSiSiSiSiSiSiSiSiSiSiSiSiSiSiSiSiSiSiSiSiSiSiSiSiSiSiSiSiSiSiSiSiGeGeGeGeGeGeGeSiSiGeGeSi
   -20256.1914062500 GeSiGeGeGeGeGeSiGeGeGeGeSiGeSiSiSiSiSiSiSiSiSiSiSiSiSiSiSiSiSiSiSiSiSiSiSiSiSiSiSiSiSiSiSiSiSiSiGeGeGeGeGeGeGeSiSiGeGeSi
   -20256.1914062500 GeSiGeGeGeGeGeSiGeGeGeGeSiGeSiSiSiSiSiSiSiSiSiSiSiSiSiSiSiSiSiSiSiSiSiSiSiSiSiSiSiSiSiSiSiSiSiSiGeGeGeGeGeGeGeSiSiGeGeSi
   -20256.1914062500 GeSiGeGeGeGeGeSiGeGeGeGeSiGeSiSiSiSiSiSiSiSiSiSiSiSiSiSiSiSiSiSiSiSiSiSiSiSiSiSiSiSiSiSiSiSiSiSiGeGeGeGeGeGeGeSiSiGeGeSi
   -20256.1914062500 GeSiGeGeGeGeGeSiGeGeGeGeSiGeSiSiSiSiSiSiSiSiSiSiSiSiSiSiSiSiSiSiSiSiSiSiSiSiSiSiSiSiSiSiSiSiSiSiGeGeGeGeGeGeGeSiSiGeGeSi
   -20256.1914062500 GeSiGeGeGeGeGeSiGeGeGeGeSiGeSiSiSiSiSiSiSiSiSiSiSiSiSiSiSiSiSiSiSiSiSiSiSiSiSiSiSiSiSiSiSiSiSiSiGeGeGeGeGeGeGeSiSiGeGeSi
   -20256.1914062500 GeSiGeGeGeGeGeSiGeGeGeGeSiGeSiSiSiSiSiSiSiSiSiSiSiSiSiSiSiSiSiSiSiSiSiSiSiSiSiSiSiSiSiSiSiSiSiSiGeGeGeGeGeGeGeSiSiGeGeSi
   -20256.1914062500 GeSiGeGeGeGeGeSiGeGeGeGeSiGeSiSiSiSiSiSiSiSiSiSiSiSiSiSiSiSiSiSiSiSiSiSiSiSiSiSiSiSiSiSiSiSiSiSiGeGeGeGeGeGeGeSiSiGeGeSi
   -20256.1914062500 GeSiGeGeGeGeGeSiGeGeGeGeSiGeSiSiSiSiSiSiSiSiSiSiSiSiSiSiSiSiSiSiSiSiSiSiSiSiSiSiSiSiSiSiSiSiSiSiGeGeGeGeGeGeGeSiSiGeGeSi
   -20256.1914062500 GeSiGeGeGeGeGeSiGeGeGeGeSiGeSiSiSiSiSiSiSiSiSiSiSiSiSiSiSiSiSiSiSiSiSiSiSiSiSiSiSiSiSiSiSiSiSiSiGeGeGeGeGeGeGeSiSiGeGeSi
   -20256.1914062500 GeSiGeGeGeGeGeSiGeGeGeGeSiGeSiSiSiSiSiSiSiSiSiSiSiSiSiSiSiSiSiSiSiSiSiSiSiSiSiSiSiSiSiSiSiSiSiSiGeGeGeGeGeGeGeSiSiGeGeSi
   -20256.1914062500 GeSiGeGeGeGeGeSiGeGeGeGeSiGeSiSiSiSiSiSiSiSiSiSiSiSiSiSiSiSiSiSiSiSiSiSiSiSiSiSiSiSiSiSiSiSiSiSiGeGeGeGeGeGeGeSiSiGeGeSi
   -20256.1914062500 GeSiGeGeGeGeGeSiGeGeGeGeSiGeSiSiSiSiSiSiSiSiSiSiSiSiSiSiSiSiSiSiSiSiSiSiSiSiSiSiSiSiSiSiSiSiSiSiGeGeGeGeGeGeGeSiSiGeGeSi
   -20256.1914062500 GeSiGeGeGeGeGeSiGeGeGeGeSiGeSiSiSiSiSiSiSiSiSiSiSiSiSiSiSiSiSiSiSiSiSiSiSiSiSiSiSiSiSiSiSiSiSiSiGeGeGeGeGeGeGeSiSiGeGeSi
   -20256.1914062500 GeSiGeGeGeGeGeSiGeGeGeGeSiGeSiSiSiSiSiSiSiSiSiSiSiSiSiSiSiSiSiSiSiSiSiSiSiSiSiSiSiSiSiSiSiSiSiSiGeGeGeGeGeGeGeSiSiGeGeSi
   -20256.1914062500 GeSiGeGeGeGeGeSiGeGeGeGeSiGeSiSiSiSiSiSiSiSiSiSiSiSiSiSiSiSiSiSiSiSiSiSiSiSiSiSiSiSiSiSiSiSiSiSiGeGeGeGeGeGeGeSiSiGeGeSi
   -20256.1914062500 GeSiGeGeGeGeGeSiGeGeGeGeSiGeSiSiSiSiSiSiSiSiSiSiSiSiSiSiSiSiSiSiSiSiSiSiSiSiSiSiSiSiSiSiSiSiSiSiGeGeGeGeGeGeGeSiSiGeGeSi
   -20256.1914062500 GeSiGeGeGeGeGeSiGeGeGeGeSiGeSiSiSiSiSiSiSiSiSiSiSiSiSiSiSiSiSiSiSiSiSiSiSiSiSiSiSiSiSiSiSiSiSiSiGeGeGeGeGeGeGeSiSiGeGeSi
   -20256.1914062500 GeSiGeGeGeGeGeSiGeGeGeGeSiGeSiSiSiSiSiSiSiSiSiSiSiSiSiSiSiSiSiSiSiSiSiSiSiSiSiSiSiSiSiSiSiSiSiSiGeGeGeGeGeGeGeSiSiGeGeSi
   -20256.1914062500 GeSiGeGeGeGeGeSiGeGeGeGeSiGeSiSiSiSiSiSiSiSiSiSiSiSiSiSiSiSiSiSiSiSiSiSiSiSiSiSiSiSiSiSiSiSiSiSiGeGeGeGeGeGeGeSiSiGeGeSi
   -20256.1914062500 GeSiGeGeGeGeGeSiGeGeGeGeSiGeSiSiSiSiSiSiSiSiSiSiSiSiSiSiSiSiSiSiSiSiSiSiSiSiSiSiSiSiSiSiSiSiSiSiGeGeGeGeGeGeGeSiSiGeGeSi
   -20256.1914062500 GeSiGeGeGeGeGeSiGeGeGeGeSiGeSiSiSiSiSiSiSiSiSiSiSiSiSiSiSiSiSiSiSiSiSiSiSiSiSiSiSiSiSiSiSiSiSiSiGeGeGeGeGeGeGeSiSiGeGeSi
   -20256.1914062500 GeSiGeGeGeGeGeSiGeGeGeGeSiGeSiSiSiSiSiSiSiSiSiSiSiSiSiSiSiSiSiSiSiSiSiSiSiSiSiSiSiSiSiSiSiSiSiSiGeGeGeGeGeGeGeSiSiGeGeSi
   -20256.1914062500 GeSiGeGeGeGeGeSiGeGeGeGeSiGeSiSiSiSiSiSiSiSiSiSiSiSiSiSiSiSiSiSiSiSiSiSiSiSiSiSiSiSiSiSiSiSiSiSiGeGeGeGeGeGeGeSiSiGeGeSi
   -20256.1914062500 GeSiGeGeGeGeGeSiGeGeGeGeSiGeSiSiSiSiSiSiSiSiSiSiSiSiSiSiSiSiSiSiSiSiSiSiSiSiSiSiSiSiSiSiSiSiSiSiGeGeGeGeGeGeGeSiSiGeGeSi
   -20256.1914062500 GeSiGeGeGeGeGeSiGeGeGeGeSiGeSiSiSiSiSiSiSiSiSiSiSiSiSiSiSiSiSiSiSiSiSiSiSiSiSiSiSiSiSiSiSiSiSiSiGeGeGeGeGeGeGeSiSiGeGeSi
   -20256.1914062500 GeSiGeGeGeGeGeSiGeGeGeGeSiGeSiSiSiSiSiSiSiSiSiSiSiSiSiSiSiSiSiSiSiSiSiSiSiSiSiSiSiSiSiSiSiSiSiSiGeGeGeGeGeGeGeSiSiGeGeSi
   -20256.1914062500 GeSiGeGeGeGeGeSiGeGeGeGeSiGeSiSiSiSiSiSiSiSiSiSiSiSiSiSiSiSiSiSiSiSiSiSiSiSiSiSiSiSiSiSiSiSiSiSiGeGeGeGeGeGeGeSiSiGeGeSi
   -20256.1914062500 GeSiGeGeGeGeGeSiGeGeGeGeSiGeSiSiSiSiSiSiSiSiSiSiSiSiSiSiSiSiSiSiSiSiSiSiSiSiSiSiSiSiSiSiSiSiSiSiGeGeGeGeGeGeGeSiSiGeGeSi
   -20256.1914062500 GeSiGeGeGeGeGeSiGeGeGeGeSiGeSiSiSiSiSiSiSiSiSiSiSiSiSiSiSiSiSiSiSiSiSiSiSiSiSiSiSiSiSiSiSiSiSiSiGeGeGeGeGeGeGeSiSiGeGeSi
   -20256.1914062500 GeSiGeGeGeGeGeSiGeGeGeGeSiGeSiSiSiSiSiSiSiSiSiSiSiSiSiSiSiSiSiSiSiSiSiSiSiSiSiSiSiSiSiSiSiSiSiSiGeGeGeGeGeGeGeSiSiGeGeSi
   -20256.1914062500 GeSiGeGeGeGeGeSiGeGeGeGeSiGeSiSiSiSiSiSiSiSiSiSiSiSiSiSiSiSiSiSiSiSiSiSiSiSiSiSiSiSiSiSiSiSiSiSiGeGeGeGeGeGeGeSiSiGeGeSi
   -20256.1914062500 GeSiGeGeGeGeGeSiGeGeGeGeSiGeSiSiSiSiSiSiSiSiSiSiSiSiSiSiSiSiSiSiSiSiSiSiSiSiSiSiSiSiSiSiSiSiSiSiGeGeGeGeGeGeGeSiSiGeGeSi
   -20256.1914062500 GeSiGeGeGeGeGeSiGeGeGeGeSiGeSiSiSiSiSiSiSiSiSiSiSiSiSiSiSiSiSiSiSiSiSiSiSiSiSiSiSiSiSiSiSiSiSiSiGeGeGeGeGeGeGeSiSiGeGeSi
   -20256.1914062500 GeSiGeGeGeGeGeSiGeGeGeGeSiGeSiSiSiSiSiSiSiSiSiSiSiSiSiSiSiSiSiSiSiSiSiSiSiSiSiSiSiSiSiSiSiSiSiSiGeGeGeGeGeGeGeSiSiGeGeSi
   -20256.1914062500 GeSiGeGeGeGeGeSiGeGeGeGeSiGeSiSiSiSiSiSiSiSiSiSiSiSiSiSiSiSiSiSiSiSiSiSiSiSiSiSiSiSiSiSiSiSiSiSiGeGeGeGeGeGeGeSiSiGeGeSi
   -20256.1914062500 GeSiGeGeGeGeGeSiGeGeGeGeSiGeSiSiSiSiSiSiSiSiSiSiSiSiSiSiSiSiSiSiSiSiSiSiSiSiSiSiSiSiSiSiSiSiSiSiGeGeGeGeGeGeGeSiSiGeGeSi
   -20256.1914062500 GeSiGeGeGeGeGeSiGeGeGeGeSiGeSiSiSiSiSiSiSiSiSiSiSiSiSiSiSiSiSiSiSiSiSiSiSiSiSiSiSiSiSiSiSiSiSiSiGeGeGeGeGeGeGeSiSiGeGeSi
   -20256.1914062500 GeSiGeGeGeGeGeSiGeGeGeGeSiGeSiSiSiSiSiSiSiSiSiSiSiSiSiSiSiSiSiSiSiSiSiSiSiSiSiSiSiSiSiSiSiSiSiSiGeGeGeGeGeGeGeSiSiGeGeSi
   -20256.1914062500 GeSiGeGeGeGeGeSiGeGeGeGeSiGeSiSiSiSiSiSiSiSiSiSiSiSiSiSiSiSiSiSiSiSiSiSiSiSiSiSiSiSiSiSiSiSiSiSiGeGeGeGeGeGeGeSiSiGeGeSi
   -20256.1914062500 GeSiGeGeGeGeGeSiGeGeGeGeSiGeSiSiSiSiSiSiSiSiSiSiSiSiSiSiSiSiSiSiSiSiSiSiSiSiSiSiSiSiSiSiSiSiSiSiGeGeGeGeGeGeGeSiSiGeGeSi
   -20256.1914062500 GeSiGeGeGeGeGeSiGeGeGeGeSiGeSiSiSiSiSiSiSiSiSiSiSiSiSiSiSiSiSiSiSiSiSiSiSiSiSiSiSiSiSiSiSiSiSiSiGeGeGeGeGeGeGeSiSiGeGeSi
   -20256.1914062500 GeSiGeGeGeGeGeSiGeGeGeGeSiGeSiSiSiSiSiSiSiSiSiSiSiSiSiSiSiSiSiSiSiSiSiSiSiSiSiSiSiSiSiSiSiSiSiSiGeGeGeGeGeGeGeSiSiGeGeSi
   -20256.1914062500 GeSiGeGeGeGeGeSiGeGeGeGeSiGeSiSiSiSiSiSiSiSiSiSiSiSiSiSiSiSiSiSiSiSiSiSiSiSiSiSiSiSiSiSiSiSiSiSiGeGeGeGeGeGeGeSiSiGeGeSi
   -20256.1914062500 GeSiGeGeGeGeGeSiGeGeGeGeSiGeSiSiSiSiSiSiSiSiSiSiSiSiSiSiSiSiSiSiSiSiSiSiSiSiSiSiSiSiSiSiSiSiSiSiGeGeGeGeGeGeGeSiSiGeGeSi
   -20256.1914062500 GeSiGeGeGeGeGeSiGeGeGeGeSiGeSiSiSiSiSiSiSiSiSiSiSiSiSiSiSiSiSiSiSiSiSiSiSiSiSiSiSiSiSiSiSiSiSiSiGeGeGeGeGeGeGeSiSiGeGeSi
   -20256.1914062500 GeSiGeGeGeGeGeSiGeGeGeGeSiGeSiSiSiSiSiSiSiSiSiSiSiSiSiSiSiSiSiSiSiSiSiSiSiSiSiSiSiSiSiSiSiSiSiSiGeGeGeGeGeGeGeSiSiGeGeSi
   -20256.1914062500 GeSiGeGeGeGeGeSiGeGeGeGeSiGeSiSiSiSiSiSiSiSiSiSiSiSiSiSiSiSiSiSiSiSiSiSiSiSiSiSiSiSiSiSiSiSiSiSiGeGeGeGeGeGeGeSiSiGeGeSi
   -20256.1914062500 GeSiGeGeGeGeGeSiGeGeGeGeSiGeSiSiSiSiSiSiSiSiSiSiSiSiSiSiSiSiSiSiSiSiSiSiSiSiSiSiSiSiSiSiSiSiSiSiGeGeGeGeGeGeGeSiSiGeGeSi
   -20256.1914062500 GeSiGeGeGeGeGeSiGeGeGeGeSiGeSiSiSiSiSiSiSiSiSiSiSiSiSiSiSiSiSiSiSiSiSiSiSiSiSiSiSiSiSiSiSiSiSiSiGeGeGeGeGeGeGeSiSiGeGeSi
   -20256.1914062500 GeSiGeGeGeGeGeSiGeGeGeGeSiGeSiSiSiSiSiSiSiSiSiSiSiSiSiSiSiSiSiSiSiSiSiSiSiSiSiSiSiSiSiSiSiSiSiSiGeGeGeGeGeGeGeSiSiGeGeSi
   -20256.1914062500 GeSiGeGeGeGeGeSiGeGeGeGeSiGeSiSiSiSiSiSiSiSiSiSiSiSiSiSiSiSiSiSiSiSiSiSiSiSiSiSiSiSiSiSiSiSiSiSiGeGeGeGeGeGeGeSiSiGeGeSi
   -20256.1914062500 GeSiGeGeGeGeGeSiGeGeGeGeSiGeSiSiSiSiSiSiSiSiSiSiSiSiSiSiSiSiSiSiSiSiSiSiSiSiSiSiSiSiSiSiSiSiSiSiGeGeGeGeGeGeGeSiSiGeGeSi
   -20256.1914062500 GeSiGeGeGeGeGeSiGeGeGeGeSiGeSiSiSiSiSiSiSiSiSiSiSiSiSiSiSiSiSiSiSiSiSiSiSiSiSiSiSiSiSiSiSiSiSiSiGeGeGeGeGeGeGeSiSiGeGeSi
   -20256.1914062500 GeSiGeGeGeGeGeSiGeGeGeGeSiGeSiSiSiSiSiSiSiSiSiSiSiSiSiSiSiSiSiSiSiSiSiSiSiSiSiSiSiSiSiSiSiSiSiSiGeGeGeGeGeGeGeSiSiGeGeSi
   -20256.1914062500 GeSiGeGeGeGeGeSiGeGeGeGeSiGeSiSiSiSiSiSiSiSiSiSiSiSiSiSiSiSiSiSiSiSiSiSiSiSiSiSiSiSiSiSiSiSiSiSiGeGeGeGeGeGeGeSiSiGeGeSi
   -20256.1914062500 GeSiGeGeGeGeGeSiGeGeGeGeSiGeSiSiSiSiSiSiSiSiSiSiSiSiSiSiSiSiSiSiSiSiSiSiSiSiSiSiSiSiSiSiSiSiSiSiGeGeGeGeGeGeGeSiSiGeGeSi
   -20256.1914062500 GeSiGeGeGeGeGeSiGeGeGeGeSiGeSiSiSiSiSiSiSiSiSiSiSiSiSiSiSiSiSiSiSiSiSiSiSiSiSiSiSiSiSiSiSiSiSiSiGeGeGeGeGeGeGeSiSiGeGeSi
   -20256.1914062500 GeSiGeGeGeGeGeSiGeGeGeGeSiGeSiSiSiSiSiSiSiSiSiSiSiSiSiSiSiSiSiSiSiSiSiSiSiSiSiSiSiSiSiSiSiSiSiSiGeGeGeGeGeGeGeSiSiGeGeSi
   -20256.1914062500 GeSiGeGeGeGeGeSiGeGeGeGeSiGeSiSiSiSiSiSiSiSiSiSiSiSiSiSiSiSiSiSiSiSiSiSiSiSiSiSiSiSiSiSiSiSiSiSiGeGeGeGeGeGeGeSiSiGeGeSi
   -20256.1914062500 GeSiGeGeGeGeGeSiGeGeGeGeSiGeSiSiSiSiSiSiSiSiSiSiSiSiSiSiSiSiSiSiSiSiSiSiSiSiSiSiSiSiSiSiSiSiSiSiGeGeGeGeGeGeGeSiSiGeGeSi
filename: c000000929297740.gin     
Cell:
    11.9020996    11.9020996    29.6919994    90.0000000    90.0000000   120.0000000
Box:
    11.9020996    -5.9510503     0.0000000
     0.0000000    10.3075209     0.0000000
     0.0000000     0.0000000    29.6919994
----------------------------------------
Inverse Box:
     0.0840188     0.0485083     0.0000000
     0.0000000     0.0970165     0.0000000
     0.0000000     0.0000000     0.0336791
----------------------------------------
==============================================
geometrical properties of  20 Ge:
 Configuration:           0
 D_ave:   9.42973709       3.48964572    
 D_min:   3.48367453      0.804139197    
 energia:  -20256.1914    
