Random Seed:  1104632518
Number of atoms:    60
Space Group:    1
Cell:
    11.9020996    11.9020996    29.6919994    90.0000000    90.0000000   120.0000000
Box:
    11.9020996    -5.9510503     0.0000000
     0.0000000    10.3075209     0.0000000
     0.0000000     0.0000000    29.6919994
----------------------------------------
Inverse Box:
     0.0840188     0.0485083     0.0000000
     0.0000000     0.0970165     0.0000000
     0.0000000     0.0000000     0.0336791
----------------------------------------
GeSiSiSiSiSiSiSiSiSiSiSiSiSiSiSiSiSiSiSiSiSiSiSiSiSiSiSiSiSiSiSiSiSiSiSiSiSiSiSiSiSiSiSiGeSiSiSiSiSiSiSiSiSiSiSiSiSiSiSi
           1 Ge    -7732.92529    
GeGeSiSiSiSiSiSiSiSiSiSiSiSiSiSiSiSiSiSiSiSiSiSiSiSiSiSiSiSiSiSiSiSiSiSiSiSiSiSiSiSiSiSiGeSiSiSiSiSiSiSiSiSiSiSiSiSiSiSi
           2 Ge    -7727.51025    
GeGeGeSiSiSiSiSiSiSiSiSiSiSiSiSiSiSiSiSiSiSiSiSiSiSiSiSiSiSiSiSiSiSiSiSiSiSiSiSiSiSiSiSiGeSiSiSiSiSiSiSiSiSiSiSiSiSiSiSi
           3 Ge    -7720.73486    
GeGeGeGeSiSiSiSiSiSiSiSiSiSiSiSiSiSiSiSiSiSiSiSiSiSiSiSiSiSiSiSiSiSiSiSiSiSiSiSiSiSiSiSiGeSiSiSiSiSiSiSiSiSiSiSiSiSiSiSi
           4 Ge    -7744.83887    
GeGeGeGeGeSiSiSiSiSiSiSiSiSiSiSiSiSiSiSiSiSiSiSiSiSiSiSiSiSiSiSiSiSiSiSiSiSiSiSiSiSiSiSiGeSiSiSiSiSiSiSiSiSiSiSiSiSiSiSi
           5 Ge    -7788.08447    
GeGeGeGeGeGeSiSiSiSiSiSiSiSiSiSiSiSiSiSiSiSiSiSiSiSiSiSiSiSiSiSiSiSiSiSiSiSiSiSiSiSiSiSiGeSiSiSiSiSiSiSiSiSiSiSiSiSiSiSi
           6 Ge    -7854.08301    
GeGeGeGeGeGeGeSiSiSiSiSiSiSiSiSiSiSiSiSiSiSiSiSiSiSiSiSiSiSiSiSiSiSiSiSiSiSiSiSiSiSiSiSiGeSiSiSiSiSiSiSiSiSiSiSiSiSiSiSi
           7 Ge    -8020.25586    
GeGeGeGeGeGeGeGeSiSiSiSiSiSiSiSiSiSiSiSiSiSiSiSiSiSiSiSiSiSiSiSiSiSiSiSiSiSiSiSiSiSiSiSiGeSiSiSiSiSiSiSiSiSiSiSiSiSiSiSi
           8 Ge    -8221.59082    
GeGeGeGeGeGeGeGeSiSiSiGeSiSiSiSiSiSiSiSiSiSiSiSiSiSiSiSiSiSiSiSiSiSiSiSiSiSiSiSiSiSiSiSiGeSiSiSiSiSiSiSiSiSiSiSiSiSiSiSi
          12 Ge    -8550.79297    
GeGeGeGeGeGeGeGeSiSiSiGeSiGeSiSiSiSiSiSiSiSiSiSiSiSiSiSiSiSiSiSiSiSiSiSiSiSiSiSiSiSiSiSiGeSiSiSiSiSiSiSiSiSiSiSiSiSiSiSi
          14 Ge    -8935.16602    
GeGeGeGeGeGeGeGeSiSiSiGeSiGeSiGeSiSiSiSiSiSiSiSiSiSiSiSiSiSiSiSiSiSiSiSiSiSiSiSiSiSiSiSiGeSiSiSiSiSiSiSiSiSiSiSiSiSiSiSi
          16 Ge    -9376.23242    
GeGeGeGeGeGeGeGeSiSiSiGeSiGeSiGeSiSiSiSiSiSiSiSiSiGeSiSiSiSiSiSiSiSiSiSiSiSiSiSiSiSiSiSiGeSiSiSiSiSiSiSiSiSiSiSiSiSiSiSi
          26 Ge    -9236.33887    
GeGeGeGeGeGeGeGeSiSiSiGeSiGeSiGeSiSiSiSiSiSiSiSiSiGeSiSiSiGeSiSiSiSiSiSiSiSiSiSiSiSiSiSiGeSiSiSiSiSiSiSiSiSiSiSiSiSiSiSi
          30 Ge    -9147.03809    
GeGeGeGeGeGeGeGeSiSiSiGeSiGeSiGeSiSiSiSiSiSiSiSiSiGeSiSiSiGeSiSiGeSiSiSiSiSiSiSiSiSiSiSiGeSiSiSiSiSiSiSiSiSiSiSiSiSiSiSi
          33 Ge    -9562.25977    
GeGeGeGeGeGeGeGeSiSiSiGeSiGeSiGeSiSiSiSiSiSiSiSiSiGeSiSiSiGeSiSiGeSiSiGeSiSiSiSiSiSiSiSiGeSiSiSiSiSiSiSiSiSiSiSiSiSiSiSi
          36 Ge    -8363.57617    
GeGeGeGeGeGeGeGeSiSiSiGeSiGeSiGeSiSiSiSiSiSiSiSiSiGeSiSiSiGeSiSiGeSiSiGeSiSiGeSiSiSiSiSiGeSiSiSiSiSiSiSiSiSiSiSiSiSiSiSi
          39 Ge    -9004.33203    
GeGeGeGeGeGeGeGeSiSiSiGeSiGeSiGeSiSiSiSiSiSiSiSiSiGeSiSiSiGeSiSiGeSiSiGeSiSiGeGeSiSiSiSiGeSiSiSiSiSiSiSiSiSiSiSiSiSiSiSi
          40 Ge    -9190.42773    
GeGeGeGeGeGeGeGeSiSiSiGeSiGeSiGeSiSiSiSiSiSiSiSiSiGeSiSiSiGeSiSiGeSiSiGeSiSiGeGeGeSiSiSiGeSiSiSiSiSiSiSiSiSiSiSiSiSiSiSi
          41 Ge    -9935.19336    
GeGeGeGeGeGeGeGeSiSiSiGeSiGeSiGeSiSiSiSiSiSiSiSiSiGeSiSiSiGeSiSiGeSiSiGeSiSiGeGeGeGeSiSiGeSiSiSiSiSiSiSiSiSiSiSiSiSiSiSi
          42 Ge    -8569.50195    
GeGeGeGeGeGeGeGeSiSiSiGeSiGeSiGeSiSiSiSiSiSiSiSiSiGeSiSiSiGeSiSiGeSiSiGeSiSiGeGeGeGeSiSiGeGeSiSiSiSiSiSiSiSiSiSiSiSiSiSi
          46 Ge    -8874.30957    
==============================================
MonteCarlo: Metropolis with identity changes
Si > Ge, Ge > Si. STOP when occurrence <    0.00000
==============================================
Cost_function     Occurrence %     Scan-Cost
   -15881.2714843750 SiSiGeSiGeGeGeSiSiSiGeSiSiGeSiGeSiSiSiSiSiGeSiSiSiSiGeSiSiGeSiSiSiGeSiSiSiSiGeGeGeSiGeSiGeSiSiSiGeGeSiSiGeGeSiSiSiSiGeSi
   -18300.0273437500 SiSiGeSiGeGeGeSiSiSiGeGeSiSiSiSiSiSiSiSiSiSiGeSiSiSiSiSiSiGeSiGeSiGeGeSiSiSiGeSiGeSiGeSiGeSiSiSiGeGeSiGeGeGeSiSiSiSiGeSi
   -19133.8828125000 SiSiGeGeGeGeGeSiSiSiGeGeSiSiSiSiSiSiSiSiSiSiGeSiSiSiSiSiSiGeSiGeSiGeGeSiSiSiGeSiGeSiSiSiGeSiSiSiGeGeSiGeGeGeSiSiSiSiGeSi
   -19133.8828125000 SiSiGeGeGeGeGeSiSiSiGeGeSiSiSiSiSiSiSiSiSiSiGeSiSiSiSiSiSiGeSiGeSiGeGeSiSiSiGeSiGeSiSiSiGeSiSiSiGeGeSiGeGeGeSiSiSiSiGeSi
   -19133.8828125000 SiSiGeGeGeGeGeSiSiSiGeGeSiSiSiSiSiSiSiSiSiSiGeSiSiSiSiSiSiGeSiGeSiGeGeSiSiSiGeSiGeSiSiSiGeSiSiSiGeGeSiGeGeGeSiSiSiSiGeSi
   -19133.8828125000 SiSiGeGeGeGeGeSiSiSiGeGeSiSiSiSiSiSiSiSiSiSiGeSiSiSiSiSiSiGeSiGeSiGeGeSiSiSiGeSiGeSiSiSiGeSiSiSiGeGeSiGeGeGeSiSiSiSiGeSi
   -19133.8828125000 SiSiGeGeGeGeGeSiSiSiGeGeSiSiSiSiSiSiSiSiSiSiGeSiSiSiSiSiSiGeSiGeSiGeGeSiSiSiGeSiGeSiSiSiGeSiSiSiGeGeSiGeGeGeSiSiSiSiGeSi
   -19133.8828125000 SiSiGeGeGeGeGeSiSiSiGeGeSiSiSiSiSiSiSiSiSiSiGeSiSiSiSiSiSiGeSiGeSiGeGeSiSiSiGeSiGeSiSiSiGeSiSiSiGeGeSiGeGeGeSiSiSiSiGeSi
   -19133.8828125000 SiSiGeGeGeGeGeSiSiSiGeGeSiSiSiSiSiSiSiSiSiSiGeSiSiSiSiSiSiGeSiGeSiGeGeSiSiSiGeSiGeSiSiSiGeSiSiSiGeGeSiGeGeGeSiSiSiSiGeSi
   -19133.8828125000 SiSiGeGeGeGeGeSiSiSiGeGeSiSiSiSiSiSiSiSiSiSiGeSiSiSiSiSiSiGeSiGeSiGeGeSiSiSiGeSiGeSiSiSiGeSiSiSiGeGeSiGeGeGeSiSiSiSiGeSi
   -19133.8828125000 SiSiGeGeGeGeGeSiSiSiGeGeSiSiSiSiSiSiSiSiSiSiGeSiSiSiSiSiSiGeSiGeSiGeGeSiSiSiGeSiGeSiSiSiGeSiSiSiGeGeSiGeGeGeSiSiSiSiGeSi
   -19413.2343750000 SiSiGeGeGeGeGeSiSiSiGeGeSiSiSiSiSiSiSiSiSiSiGeSiSiSiSiSiSiGeSiGeSiGeGeSiSiSiGeSiGeSiSiSiGeSiSiSiGeGeGeGeGeGeSiSiSiSiSiSi
   -19413.2343750000 SiSiGeGeGeGeGeSiSiSiGeGeSiSiSiSiSiSiSiSiSiSiGeSiSiSiSiSiSiGeSiGeSiGeGeSiSiSiGeSiGeSiSiSiGeSiSiSiGeGeGeGeGeGeSiSiSiSiSiSi
   -19413.2343750000 SiSiGeGeGeGeGeSiSiSiGeGeSiSiSiSiSiSiSiSiSiSiGeSiSiSiSiSiSiGeSiGeSiGeGeSiSiSiGeSiGeSiSiSiGeSiSiSiGeGeGeGeGeGeSiSiSiSiSiSi
   -19413.2343750000 SiSiGeGeGeGeGeSiSiSiGeGeSiSiSiSiSiSiSiSiSiSiGeSiSiSiSiSiSiGeSiGeSiGeGeSiSiSiGeSiGeSiSiSiGeSiSiSiGeGeGeGeGeGeSiSiSiSiSiSi
   -19413.2343750000 SiSiGeGeGeGeGeSiSiSiGeGeSiSiSiSiSiSiSiSiSiSiGeSiSiSiSiSiSiGeSiGeSiGeGeSiSiSiGeSiGeSiSiSiGeSiSiSiGeGeGeGeGeGeSiSiSiSiSiSi
   -19413.2343750000 SiSiGeGeGeGeGeSiSiSiGeGeSiSiSiSiSiSiSiSiSiSiGeSiSiSiSiSiSiGeSiGeSiGeGeSiSiSiGeSiGeSiSiSiGeSiSiSiGeGeGeGeGeGeSiSiSiSiSiSi
   -19413.2343750000 SiSiGeGeGeGeGeSiSiSiGeGeSiSiSiSiSiSiSiSiSiSiGeSiSiSiSiSiSiGeSiGeSiGeGeSiSiSiGeSiGeSiSiSiGeSiSiSiGeGeGeGeGeGeSiSiSiSiSiSi
   -19413.2343750000 SiSiGeGeGeGeGeSiSiSiGeGeSiSiSiSiSiSiSiSiSiSiGeSiSiSiSiSiSiGeSiGeSiGeGeSiSiSiGeSiGeSiSiSiGeSiSiSiGeGeGeGeGeGeSiSiSiSiSiSi
   -19413.2343750000 SiSiGeGeGeGeGeSiSiSiGeGeSiSiSiSiSiSiSiSiSiSiGeSiSiSiSiSiSiGeSiGeSiGeGeSiSiSiGeSiGeSiSiSiGeSiSiSiGeGeGeGeGeGeSiSiSiSiSiSi
   -19413.2343750000 SiSiGeGeGeGeGeSiSiSiGeGeSiSiSiSiSiSiSiSiSiSiGeSiSiSiSiSiSiGeSiGeSiGeGeSiSiSiGeSiGeSiSiSiGeSiSiSiGeGeGeGeGeGeSiSiSiSiSiSi
   -19413.2343750000 SiSiGeGeGeGeGeSiSiSiGeGeSiSiSiSiSiSiSiSiSiSiGeSiSiSiSiSiSiGeSiGeSiGeGeSiSiSiGeSiGeSiSiSiGeSiSiSiGeGeGeGeGeGeSiSiSiSiSiSi
   -19413.2343750000 SiSiGeGeGeGeGeSiSiSiGeGeSiSiSiSiSiSiSiSiSiSiGeSiSiSiSiSiSiGeSiGeSiGeGeSiSiSiGeSiGeSiSiSiGeSiSiSiGeGeGeGeGeGeSiSiSiSiSiSi
   -19413.2343750000 SiSiGeGeGeGeGeSiSiSiGeGeSiSiSiSiSiSiSiSiSiSiGeSiSiSiSiSiSiGeSiGeSiGeGeSiSiSiGeSiGeSiSiSiGeSiSiSiGeGeGeGeGeGeSiSiSiSiSiSi
   -19413.2343750000 SiSiGeGeGeGeGeSiSiSiGeGeSiSiSiSiSiSiSiSiSiSiGeSiSiSiSiSiSiGeSiGeSiGeGeSiSiSiGeSiGeSiSiSiGeSiSiSiGeGeGeGeGeGeSiSiSiSiSiSi
   -19413.2343750000 SiSiGeGeGeGeGeSiSiSiGeGeSiSiSiSiSiSiSiSiSiSiGeSiSiSiSiSiSiGeSiGeSiGeGeSiSiSiGeSiGeSiSiSiGeSiSiSiGeGeGeGeGeGeSiSiSiSiSiSi
   -19413.2343750000 SiSiGeGeGeGeGeSiSiSiGeGeSiSiSiSiSiSiSiSiSiSiGeSiSiSiSiSiSiGeSiGeSiGeGeSiSiSiGeSiGeSiSiSiGeSiSiSiGeGeGeGeGeGeSiSiSiSiSiSi
   -19563.1757812500 SiSiGeGeGeGeGeSiSiSiGeGeSiSiSiSiSiSiSiSiSiSiGeSiSiSiSiSiSiSiSiGeSiGeGeSiSiSiGeSiGeSiSiSiGeSiSiSiGeGeGeGeGeGeGeSiSiSiSiSi
   -19563.1757812500 SiSiGeGeGeGeGeSiSiSiGeGeSiSiSiSiSiSiSiSiSiSiGeSiSiSiSiSiSiSiSiGeSiGeGeSiSiSiGeSiGeSiSiSiGeSiSiSiGeGeGeGeGeGeGeSiSiSiSiSi
   -19563.1757812500 SiSiGeGeGeGeGeSiSiSiGeGeSiSiSiSiSiSiSiSiSiSiGeSiSiSiSiSiSiSiSiGeSiGeGeSiSiSiGeSiGeSiSiSiGeSiSiSiGeGeGeGeGeGeGeSiSiSiSiSi
   -19563.1757812500 SiSiGeGeGeGeGeSiSiSiGeGeSiSiSiSiSiSiSiSiSiSiGeSiSiSiSiSiSiSiSiGeSiGeGeSiSiSiGeSiGeSiSiSiGeSiSiSiGeGeGeGeGeGeGeSiSiSiSiSi
   -19563.1757812500 SiSiGeGeGeGeGeSiSiSiGeGeSiSiSiSiSiSiSiSiSiSiGeSiSiSiSiSiSiSiSiGeSiGeGeSiSiSiGeSiGeSiSiSiGeSiSiSiGeGeGeGeGeGeGeSiSiSiSiSi
   -19563.1757812500 SiSiGeGeGeGeGeSiSiSiGeGeSiSiSiSiSiSiSiSiSiSiGeSiSiSiSiSiSiSiSiGeSiGeGeSiSiSiGeSiGeSiSiSiGeSiSiSiGeGeGeGeGeGeGeSiSiSiSiSi
   -19563.1757812500 SiSiGeGeGeGeGeSiSiSiGeGeSiSiSiSiSiSiSiSiSiSiGeSiSiSiSiSiSiSiSiGeSiGeGeSiSiSiGeSiGeSiSiSiGeSiSiSiGeGeGeGeGeGeGeSiSiSiSiSi
   -19563.1757812500 SiSiGeGeGeGeGeSiSiSiGeGeSiSiSiSiSiSiSiSiSiSiGeSiSiSiSiSiSiSiSiGeSiGeGeSiSiSiGeSiGeSiSiSiGeSiSiSiGeGeGeGeGeGeGeSiSiSiSiSi
   -19563.1757812500 SiSiGeGeGeGeGeSiSiSiGeGeSiSiSiSiSiSiSiSiSiSiGeSiSiSiSiSiSiSiSiGeSiGeGeSiSiSiGeSiGeSiSiSiGeSiSiSiGeGeGeGeGeGeGeSiSiSiSiSi
   -19563.1757812500 SiSiGeGeGeGeGeSiSiSiGeGeSiSiSiSiSiSiSiSiSiSiGeSiSiSiSiSiSiSiSiGeSiGeGeSiSiSiGeSiGeSiSiSiGeSiSiSiGeGeGeGeGeGeGeSiSiSiSiSi
   -19563.1757812500 SiSiGeGeGeGeGeSiSiSiGeGeSiSiSiSiSiSiSiSiSiSiGeSiSiSiSiSiSiSiSiGeSiGeGeSiSiSiGeSiGeSiSiSiGeSiSiSiGeGeGeGeGeGeGeSiSiSiSiSi
   -19563.1757812500 SiSiGeGeGeGeGeSiSiSiGeGeSiSiSiSiSiSiSiSiSiSiGeSiSiSiSiSiSiSiSiGeSiGeGeSiSiSiGeSiGeSiSiSiGeSiSiSiGeGeGeGeGeGeGeSiSiSiSiSi
   -19563.1757812500 SiSiGeGeGeGeGeSiSiSiGeGeSiSiSiSiSiSiSiSiSiSiGeSiSiSiSiSiSiSiSiGeSiGeGeSiSiSiGeSiGeSiSiSiGeSiSiSiGeGeGeGeGeGeGeSiSiSiSiSi
   -19563.1757812500 SiSiGeGeGeGeGeSiSiSiGeGeSiSiSiSiSiSiSiSiSiSiGeSiSiSiSiSiSiSiSiGeSiGeGeSiSiSiGeSiGeSiSiSiGeSiSiSiGeGeGeGeGeGeGeSiSiSiSiSi
   -19563.1757812500 SiSiGeGeGeGeGeSiSiSiGeGeSiSiSiSiSiSiSiSiSiSiGeSiSiSiSiSiSiSiSiGeSiGeGeSiSiSiGeSiGeSiSiSiGeSiSiSiGeGeGeGeGeGeGeSiSiSiSiSi
   -19563.1757812500 SiSiGeGeGeGeGeSiSiSiGeGeSiSiSiSiSiSiSiSiSiSiGeSiSiSiSiSiSiSiSiGeSiGeGeSiSiSiGeSiGeSiSiSiGeSiSiSiGeGeGeGeGeGeGeSiSiSiSiSi
   -19563.1757812500 SiSiGeGeGeGeGeSiSiSiGeGeSiSiSiSiSiSiSiSiSiSiGeSiSiSiSiSiSiSiSiGeSiGeGeSiSiSiGeSiGeSiSiSiGeSiSiSiGeGeGeGeGeGeGeSiSiSiSiSi
   -19563.1757812500 SiSiGeGeGeGeGeSiSiSiGeGeSiSiSiSiSiSiSiSiSiSiGeSiSiSiSiSiSiSiSiGeSiGeGeSiSiSiGeSiGeSiSiSiGeSiSiSiGeGeGeGeGeGeGeSiSiSiSiSi
   -19563.1757812500 SiSiGeGeGeGeGeSiSiSiGeGeSiSiSiSiSiSiSiSiSiSiGeSiSiSiSiSiSiSiSiGeSiGeGeSiSiSiGeSiGeSiSiSiGeSiSiSiGeGeGeGeGeGeGeSiSiSiSiSi
   -19563.1757812500 SiSiGeGeGeGeGeSiSiSiGeGeSiSiSiSiSiSiSiSiSiSiGeSiSiSiSiSiSiSiSiGeSiGeGeSiSiSiGeSiGeSiSiSiGeSiSiSiGeGeGeGeGeGeGeSiSiSiSiSi
   -19563.1757812500 SiSiGeGeGeGeGeSiSiSiGeGeSiSiSiSiSiSiSiSiSiSiGeSiSiSiSiSiSiSiSiGeSiGeGeSiSiSiGeSiGeSiSiSiGeSiSiSiGeGeGeGeGeGeGeSiSiSiSiSi
   -19563.1757812500 SiSiGeGeGeGeGeSiSiSiGeGeSiSiSiSiSiSiSiSiSiSiGeSiSiSiSiSiSiSiSiGeSiGeGeSiSiSiGeSiGeSiSiSiGeSiSiSiGeGeGeGeGeGeGeSiSiSiSiSi
   -19563.1757812500 SiSiGeGeGeGeGeSiSiSiGeGeSiSiSiSiSiSiSiSiSiSiGeSiSiSiSiSiSiSiSiGeSiGeGeSiSiSiGeSiGeSiSiSiGeSiSiSiGeGeGeGeGeGeGeSiSiSiSiSi
   -19563.1757812500 SiSiGeGeGeGeGeSiSiSiGeGeSiSiSiSiSiSiSiSiSiSiGeSiSiSiSiSiSiSiSiGeSiGeGeSiSiSiGeSiGeSiSiSiGeSiSiSiGeGeGeGeGeGeGeSiSiSiSiSi
   -19563.1757812500 SiSiGeGeGeGeGeSiSiSiGeGeSiSiSiSiSiSiSiSiSiSiGeSiSiSiSiSiSiSiSiGeSiGeGeSiSiSiGeSiGeSiSiSiGeSiSiSiGeGeGeGeGeGeGeSiSiSiSiSi
   -19563.1757812500 SiSiGeGeGeGeGeSiSiSiGeGeSiSiSiSiSiSiSiSiSiSiGeSiSiSiSiSiSiSiSiGeSiGeGeSiSiSiGeSiGeSiSiSiGeSiSiSiGeGeGeGeGeGeGeSiSiSiSiSi
   -19563.1757812500 SiSiGeGeGeGeGeSiSiSiGeGeSiSiSiSiSiSiSiSiSiSiGeSiSiSiSiSiSiSiSiGeSiGeGeSiSiSiGeSiGeSiSiSiGeSiSiSiGeGeGeGeGeGeGeSiSiSiSiSi
   -19563.1757812500 SiSiGeGeGeGeGeSiSiSiGeGeSiSiSiSiSiSiSiSiSiSiGeSiSiSiSiSiSiSiSiGeSiGeGeSiSiSiGeSiGeSiSiSiGeSiSiSiGeGeGeGeGeGeGeSiSiSiSiSi
   -19563.1757812500 SiSiGeGeGeGeGeSiSiSiGeGeSiSiSiSiSiSiSiSiSiSiGeSiSiSiSiSiSiSiSiGeSiGeGeSiSiSiGeSiGeSiSiSiGeSiSiSiGeGeGeGeGeGeGeSiSiSiSiSi
   -19563.1757812500 SiSiGeGeGeGeGeSiSiSiGeGeSiSiSiSiSiSiSiSiSiSiGeSiSiSiSiSiSiSiSiGeSiGeGeSiSiSiGeSiGeSiSiSiGeSiSiSiGeGeGeGeGeGeGeSiSiSiSiSi
   -19563.1757812500 SiSiGeGeGeGeGeSiSiSiGeGeSiSiSiSiSiSiSiSiSiSiGeSiSiSiSiSiSiSiSiGeSiGeGeSiSiSiGeSiGeSiSiSiGeSiSiSiGeGeGeGeGeGeGeSiSiSiSiSi
   -19563.1757812500 SiSiGeGeGeGeGeSiSiSiGeGeSiSiSiSiSiSiSiSiSiSiGeSiSiSiSiSiSiSiSiGeSiGeGeSiSiSiGeSiGeSiSiSiGeSiSiSiGeGeGeGeGeGeGeSiSiSiSiSi
   -19563.1757812500 SiSiGeGeGeGeGeSiSiSiGeGeSiSiSiSiSiSiSiSiSiSiGeSiSiSiSiSiSiSiSiGeSiGeGeSiSiSiGeSiGeSiSiSiGeSiSiSiGeGeGeGeGeGeGeSiSiSiSiSi
   -19563.1757812500 SiSiGeGeGeGeGeSiSiSiGeGeSiSiSiSiSiSiSiSiSiSiGeSiSiSiSiSiSiSiSiGeSiGeGeSiSiSiGeSiGeSiSiSiGeSiSiSiGeGeGeGeGeGeGeSiSiSiSiSi
   -19563.1757812500 SiSiGeGeGeGeGeSiSiSiGeGeSiSiSiSiSiSiSiSiSiSiGeSiSiSiSiSiSiSiSiGeSiGeGeSiSiSiGeSiGeSiSiSiGeSiSiSiGeGeGeGeGeGeGeSiSiSiSiSi
   -19563.1757812500 SiSiGeGeGeGeGeSiSiSiGeGeSiSiSiSiSiSiSiSiSiSiGeSiSiSiSiSiSiSiSiGeSiGeGeSiSiSiGeSiGeSiSiSiGeSiSiSiGeGeGeGeGeGeGeSiSiSiSiSi
   -19563.1757812500 SiSiGeGeGeGeGeSiSiSiGeGeSiSiSiSiSiSiSiSiSiSiGeSiSiSiSiSiSiSiSiGeSiGeGeSiSiSiGeSiGeSiSiSiGeSiSiSiGeGeGeGeGeGeGeSiSiSiSiSi
   -19563.1757812500 SiSiGeGeGeGeGeSiSiSiGeGeSiSiSiSiSiSiSiSiSiSiGeSiSiSiSiSiSiSiSiGeSiGeGeSiSiSiGeSiGeSiSiSiGeSiSiSiGeGeGeGeGeGeGeSiSiSiSiSi
   -19563.1757812500 SiSiGeGeGeGeGeSiSiSiGeGeSiSiSiSiSiSiSiSiSiSiGeSiSiSiSiSiSiSiSiGeSiGeGeSiSiSiGeSiGeSiSiSiGeSiSiSiGeGeGeGeGeGeGeSiSiSiSiSi
   -19563.1757812500 SiSiGeGeGeGeGeSiSiSiGeGeSiSiSiSiSiSiSiSiSiSiGeSiSiSiSiSiSiSiSiGeSiGeGeSiSiSiGeSiGeSiSiSiGeSiSiSiGeGeGeGeGeGeGeSiSiSiSiSi
   -19563.1757812500 SiSiGeGeGeGeGeSiSiSiGeGeSiSiSiSiSiSiSiSiSiSiGeSiSiSiSiSiSiSiSiGeSiGeGeSiSiSiGeSiGeSiSiSiGeSiSiSiGeGeGeGeGeGeGeSiSiSiSiSi
   -19563.1757812500 SiSiGeGeGeGeGeSiSiSiGeGeSiSiSiSiSiSiSiSiSiSiGeSiSiSiSiSiSiSiSiGeSiGeGeSiSiSiGeSiGeSiSiSiGeSiSiSiGeGeGeGeGeGeGeSiSiSiSiSi
   -19563.1757812500 SiSiGeGeGeGeGeSiSiSiGeGeSiSiSiSiSiSiSiSiSiSiGeSiSiSiSiSiSiSiSiGeSiGeGeSiSiSiGeSiGeSiSiSiGeSiSiSiGeGeGeGeGeGeGeSiSiSiSiSi
   -19563.1757812500 SiSiGeGeGeGeGeSiSiSiGeGeSiSiSiSiSiSiSiSiSiSiGeSiSiSiSiSiSiSiSiGeSiGeGeSiSiSiGeSiGeSiSiSiGeSiSiSiGeGeGeGeGeGeGeSiSiSiSiSi
   -19563.1757812500 SiSiGeGeGeGeGeSiSiSiGeGeSiSiSiSiSiSiSiSiSiSiGeSiSiSiSiSiSiSiSiGeSiGeGeSiSiSiGeSiGeSiSiSiGeSiSiSiGeGeGeGeGeGeGeSiSiSiSiSi
   -19563.1757812500 SiSiGeGeGeGeGeSiSiSiGeGeSiSiSiSiSiSiSiSiSiSiGeSiSiSiSiSiSiSiSiGeSiGeGeSiSiSiGeSiGeSiSiSiGeSiSiSiGeGeGeGeGeGeGeSiSiSiSiSi
   -19563.1757812500 SiSiGeGeGeGeGeSiSiSiGeGeSiSiSiSiSiSiSiSiSiSiGeSiSiSiSiSiSiSiSiGeSiGeGeSiSiSiGeSiGeSiSiSiGeSiSiSiGeGeGeGeGeGeGeSiSiSiSiSi
   -19563.1757812500 SiSiGeGeGeGeGeSiSiSiGeGeSiSiSiSiSiSiSiSiSiSiGeSiSiSiSiSiSiSiSiGeSiGeGeSiSiSiGeSiGeSiSiSiGeSiSiSiGeGeGeGeGeGeGeSiSiSiSiSi
   -19563.1757812500 SiSiGeGeGeGeGeSiSiSiGeGeSiSiSiSiSiSiSiSiSiSiGeSiSiSiSiSiSiSiSiGeSiGeGeSiSiSiGeSiGeSiSiSiGeSiSiSiGeGeGeGeGeGeGeSiSiSiSiSi
   -19563.1757812500 SiSiGeGeGeGeGeSiSiSiGeGeSiSiSiSiSiSiSiSiSiSiGeSiSiSiSiSiSiSiSiGeSiGeGeSiSiSiGeSiGeSiSiSiGeSiSiSiGeGeGeGeGeGeGeSiSiSiSiSi
   -19563.1757812500 SiSiGeGeGeGeGeSiSiSiGeGeSiSiSiSiSiSiSiSiSiSiGeSiSiSiSiSiSiSiSiGeSiGeGeSiSiSiGeSiGeSiSiSiGeSiSiSiGeGeGeGeGeGeGeSiSiSiSiSi
   -19563.1757812500 SiSiGeGeGeGeGeSiSiSiGeGeSiSiSiSiSiSiSiSiSiSiGeSiSiSiSiSiSiSiSiGeSiGeGeSiSiSiGeSiGeSiSiSiGeSiSiSiGeGeGeGeGeGeGeSiSiSiSiSi
   -19563.1757812500 SiSiGeGeGeGeGeSiSiSiGeGeSiSiSiSiSiSiSiSiSiSiGeSiSiSiSiSiSiSiSiGeSiGeGeSiSiSiGeSiGeSiSiSiGeSiSiSiGeGeGeGeGeGeGeSiSiSiSiSi
   -19563.1757812500 SiSiGeGeGeGeGeSiSiSiGeGeSiSiSiSiSiSiSiSiSiSiGeSiSiSiSiSiSiSiSiGeSiGeGeSiSiSiGeSiGeSiSiSiGeSiSiSiGeGeGeGeGeGeGeSiSiSiSiSi
   -19563.1757812500 SiSiGeGeGeGeGeSiSiSiGeGeSiSiSiSiSiSiSiSiSiSiGeSiSiSiSiSiSiSiSiGeSiGeGeSiSiSiGeSiGeSiSiSiGeSiSiSiGeGeGeGeGeGeGeSiSiSiSiSi
   -19563.1757812500 SiSiGeGeGeGeGeSiSiSiGeGeSiSiSiSiSiSiSiSiSiSiGeSiSiSiSiSiSiSiSiGeSiGeGeSiSiSiGeSiGeSiSiSiGeSiSiSiGeGeGeGeGeGeGeSiSiSiSiSi
   -19563.1757812500 SiSiGeGeGeGeGeSiSiSiGeGeSiSiSiSiSiSiSiSiSiSiGeSiSiSiSiSiSiSiSiGeSiGeGeSiSiSiGeSiGeSiSiSiGeSiSiSiGeGeGeGeGeGeGeSiSiSiSiSi
   -19563.1757812500 SiSiGeGeGeGeGeSiSiSiGeGeSiSiSiSiSiSiSiSiSiSiGeSiSiSiSiSiSiSiSiGeSiGeGeSiSiSiGeSiGeSiSiSiGeSiSiSiGeGeGeGeGeGeGeSiSiSiSiSi
   -19563.1757812500 SiSiGeGeGeGeGeSiSiSiGeGeSiSiSiSiSiSiSiSiSiSiGeSiSiSiSiSiSiSiSiGeSiGeGeSiSiSiGeSiGeSiSiSiGeSiSiSiGeGeGeGeGeGeGeSiSiSiSiSi
   -19563.1757812500 SiSiGeGeGeGeGeSiSiSiGeGeSiSiSiSiSiSiSiSiSiSiGeSiSiSiSiSiSiSiSiGeSiGeGeSiSiSiGeSiGeSiSiSiGeSiSiSiGeGeGeGeGeGeGeSiSiSiSiSi
   -19563.1757812500 SiSiGeGeGeGeGeSiSiSiGeGeSiSiSiSiSiSiSiSiSiSiGeSiSiSiSiSiSiSiSiGeSiGeGeSiSiSiGeSiGeSiSiSiGeSiSiSiGeGeGeGeGeGeGeSiSiSiSiSi
   -19563.1757812500 SiSiGeGeGeGeGeSiSiSiGeGeSiSiSiSiSiSiSiSiSiSiGeSiSiSiSiSiSiSiSiGeSiGeGeSiSiSiGeSiGeSiSiSiGeSiSiSiGeGeGeGeGeGeGeSiSiSiSiSi
   -19563.1757812500 SiSiGeGeGeGeGeSiSiSiGeGeSiSiSiSiSiSiSiSiSiSiGeSiSiSiSiSiSiSiSiGeSiGeGeSiSiSiGeSiGeSiSiSiGeSiSiSiGeGeGeGeGeGeGeSiSiSiSiSi
   -19563.1757812500 SiSiGeGeGeGeGeSiSiSiGeGeSiSiSiSiSiSiSiSiSiSiGeSiSiSiSiSiSiSiSiGeSiGeGeSiSiSiGeSiGeSiSiSiGeSiSiSiGeGeGeGeGeGeGeSiSiSiSiSi
   -19563.1757812500 SiSiGeGeGeGeGeSiSiSiGeGeSiSiSiSiSiSiSiSiSiSiGeSiSiSiSiSiSiSiSiGeSiGeGeSiSiSiGeSiGeSiSiSiGeSiSiSiGeGeGeGeGeGeGeSiSiSiSiSi
   -19563.1757812500 SiSiGeGeGeGeGeSiSiSiGeGeSiSiSiSiSiSiSiSiSiSiGeSiSiSiSiSiSiSiSiGeSiGeGeSiSiSiGeSiGeSiSiSiGeSiSiSiGeGeGeGeGeGeGeSiSiSiSiSi
   -19563.1757812500 SiSiGeGeGeGeGeSiSiSiGeGeSiSiSiSiSiSiSiSiSiSiGeSiSiSiSiSiSiSiSiGeSiGeGeSiSiSiGeSiGeSiSiSiGeSiSiSiGeGeGeGeGeGeGeSiSiSiSiSi
   -19563.1757812500 SiSiGeGeGeGeGeSiSiSiGeGeSiSiSiSiSiSiSiSiSiSiGeSiSiSiSiSiSiSiSiGeSiGeGeSiSiSiGeSiGeSiSiSiGeSiSiSiGeGeGeGeGeGeGeSiSiSiSiSi
   -19563.1757812500 SiSiGeGeGeGeGeSiSiSiGeGeSiSiSiSiSiSiSiSiSiSiGeSiSiSiSiSiSiSiSiGeSiGeGeSiSiSiGeSiGeSiSiSiGeSiSiSiGeGeGeGeGeGeGeSiSiSiSiSi
   -19563.1757812500 SiSiGeGeGeGeGeSiSiSiGeGeSiSiSiSiSiSiSiSiSiSiGeSiSiSiSiSiSiSiSiGeSiGeGeSiSiSiGeSiGeSiSiSiGeSiSiSiGeGeGeGeGeGeGeSiSiSiSiSi
   -19563.1757812500 SiSiGeGeGeGeGeSiSiSiGeGeSiSiSiSiSiSiSiSiSiSiGeSiSiSiSiSiSiSiSiGeSiGeGeSiSiSiGeSiGeSiSiSiGeSiSiSiGeGeGeGeGeGeGeSiSiSiSiSi
   -19563.1757812500 SiSiGeGeGeGeGeSiSiSiGeGeSiSiSiSiSiSiSiSiSiSiGeSiSiSiSiSiSiSiSiGeSiGeGeSiSiSiGeSiGeSiSiSiGeSiSiSiGeGeGeGeGeGeGeSiSiSiSiSi
   -19563.1757812500 SiSiGeGeGeGeGeSiSiSiGeGeSiSiSiSiSiSiSiSiSiSiGeSiSiSiSiSiSiSiSiGeSiGeGeSiSiSiGeSiGeSiSiSiGeSiSiSiGeGeGeGeGeGeGeSiSiSiSiSi
   -19563.1757812500 SiSiGeGeGeGeGeSiSiSiGeGeSiSiSiSiSiSiSiSiSiSiGeSiSiSiSiSiSiSiSiGeSiGeGeSiSiSiGeSiGeSiSiSiGeSiSiSiGeGeGeGeGeGeGeSiSiSiSiSi
   -19563.1757812500 SiSiGeGeGeGeGeSiSiSiGeGeSiSiSiSiSiSiSiSiSiSiGeSiSiSiSiSiSiSiSiGeSiGeGeSiSiSiGeSiGeSiSiSiGeSiSiSiGeGeGeGeGeGeGeSiSiSiSiSi
   -19563.1757812500 SiSiGeGeGeGeGeSiSiSiGeGeSiSiSiSiSiSiSiSiSiSiGeSiSiSiSiSiSiSiSiGeSiGeGeSiSiSiGeSiGeSiSiSiGeSiSiSiGeGeGeGeGeGeGeSiSiSiSiSi
   -19563.1757812500 SiSiGeGeGeGeGeSiSiSiGeGeSiSiSiSiSiSiSiSiSiSiGeSiSiSiSiSiSiSiSiGeSiGeGeSiSiSiGeSiGeSiSiSiGeSiSiSiGeGeGeGeGeGeGeSiSiSiSiSi
   -19563.1757812500 SiSiGeGeGeGeGeSiSiSiGeGeSiSiSiSiSiSiSiSiSiSiGeSiSiSiSiSiSiSiSiGeSiGeGeSiSiSiGeSiGeSiSiSiGeSiSiSiGeGeGeGeGeGeGeSiSiSiSiSi
   -19563.1757812500 SiSiGeGeGeGeGeSiSiSiGeGeSiSiSiSiSiSiSiSiSiSiGeSiSiSiSiSiSiSiSiGeSiGeGeSiSiSiGeSiGeSiSiSiGeSiSiSiGeGeGeGeGeGeGeSiSiSiSiSi
   -19563.1757812500 SiSiGeGeGeGeGeSiSiSiGeGeSiSiSiSiSiSiSiSiSiSiGeSiSiSiSiSiSiSiSiGeSiGeGeSiSiSiGeSiGeSiSiSiGeSiSiSiGeGeGeGeGeGeGeSiSiSiSiSi
   -19563.1757812500 SiSiGeGeGeGeGeSiSiSiGeGeSiSiSiSiSiSiSiSiSiSiGeSiSiSiSiSiSiSiSiGeSiGeGeSiSiSiGeSiGeSiSiSiGeSiSiSiGeGeGeGeGeGeGeSiSiSiSiSi
   -19563.1757812500 SiSiGeGeGeGeGeSiSiSiGeGeSiSiSiSiSiSiSiSiSiSiGeSiSiSiSiSiSiSiSiGeSiGeGeSiSiSiGeSiGeSiSiSiGeSiSiSiGeGeGeGeGeGeGeSiSiSiSiSi
   -19563.1757812500 SiSiGeGeGeGeGeSiSiSiGeGeSiSiSiSiSiSiSiSiSiSiGeSiSiSiSiSiSiSiSiGeSiGeGeSiSiSiGeSiGeSiSiSiGeSiSiSiGeGeGeGeGeGeGeSiSiSiSiSi
   -19563.1757812500 SiSiGeGeGeGeGeSiSiSiGeGeSiSiSiSiSiSiSiSiSiSiGeSiSiSiSiSiSiSiSiGeSiGeGeSiSiSiGeSiGeSiSiSiGeSiSiSiGeGeGeGeGeGeGeSiSiSiSiSi
   -19563.1757812500 SiSiGeGeGeGeGeSiSiSiGeGeSiSiSiSiSiSiSiSiSiSiGeSiSiSiSiSiSiSiSiGeSiGeGeSiSiSiGeSiGeSiSiSiGeSiSiSiGeGeGeGeGeGeGeSiSiSiSiSi
   -19563.1757812500 SiSiGeGeGeGeGeSiSiSiGeGeSiSiSiSiSiSiSiSiSiSiGeSiSiSiSiSiSiSiSiGeSiGeGeSiSiSiGeSiGeSiSiSiGeSiSiSiGeGeGeGeGeGeGeSiSiSiSiSi
   -19563.1757812500 SiSiGeGeGeGeGeSiSiSiGeGeSiSiSiSiSiSiSiSiSiSiGeSiSiSiSiSiSiSiSiGeSiGeGeSiSiSiGeSiGeSiSiSiGeSiSiSiGeGeGeGeGeGeGeSiSiSiSiSi
   -19563.1757812500 SiSiGeGeGeGeGeSiSiSiGeGeSiSiSiSiSiSiSiSiSiSiGeSiSiSiSiSiSiSiSiGeSiGeGeSiSiSiGeSiGeSiSiSiGeSiSiSiGeGeGeGeGeGeGeSiSiSiSiSi
   -19563.1757812500 SiSiGeGeGeGeGeSiSiSiGeGeSiSiSiSiSiSiSiSiSiSiGeSiSiSiSiSiSiSiSiGeSiGeGeSiSiSiGeSiGeSiSiSiGeSiSiSiGeGeGeGeGeGeGeSiSiSiSiSi
   -19563.1757812500 SiSiGeGeGeGeGeSiSiSiGeGeSiSiSiSiSiSiSiSiSiSiGeSiSiSiSiSiSiSiSiGeSiGeGeSiSiSiGeSiGeSiSiSiGeSiSiSiGeGeGeGeGeGeGeSiSiSiSiSi
   -19563.1757812500 SiSiGeGeGeGeGeSiSiSiGeGeSiSiSiSiSiSiSiSiSiSiGeSiSiSiSiSiSiSiSiGeSiGeGeSiSiSiGeSiGeSiSiSiGeSiSiSiGeGeGeGeGeGeGeSiSiSiSiSi
   -19563.1757812500 SiSiGeGeGeGeGeSiSiSiGeGeSiSiSiSiSiSiSiSiSiSiGeSiSiSiSiSiSiSiSiGeSiGeGeSiSiSiGeSiGeSiSiSiGeSiSiSiGeGeGeGeGeGeGeSiSiSiSiSi
   -19563.1757812500 SiSiGeGeGeGeGeSiSiSiGeGeSiSiSiSiSiSiSiSiSiSiGeSiSiSiSiSiSiSiSiGeSiGeGeSiSiSiGeSiGeSiSiSiGeSiSiSiGeGeGeGeGeGeGeSiSiSiSiSi
   -19563.1757812500 SiSiGeGeGeGeGeSiSiSiGeGeSiSiSiSiSiSiSiSiSiSiGeSiSiSiSiSiSiSiSiGeSiGeGeSiSiSiGeSiGeSiSiSiGeSiSiSiGeGeGeGeGeGeGeSiSiSiSiSi
   -19563.1757812500 SiSiGeGeGeGeGeSiSiSiGeGeSiSiSiSiSiSiSiSiSiSiGeSiSiSiSiSiSiSiSiGeSiGeGeSiSiSiGeSiGeSiSiSiGeSiSiSiGeGeGeGeGeGeGeSiSiSiSiSi
   -19563.1757812500 SiSiGeGeGeGeGeSiSiSiGeGeSiSiSiSiSiSiSiSiSiSiGeSiSiSiSiSiSiSiSiGeSiGeGeSiSiSiGeSiGeSiSiSiGeSiSiSiGeGeGeGeGeGeGeSiSiSiSiSi
   -19563.1757812500 SiSiGeGeGeGeGeSiSiSiGeGeSiSiSiSiSiSiSiSiSiSiGeSiSiSiSiSiSiSiSiGeSiGeGeSiSiSiGeSiGeSiSiSiGeSiSiSiGeGeGeGeGeGeGeSiSiSiSiSi
   -19563.1757812500 SiSiGeGeGeGeGeSiSiSiGeGeSiSiSiSiSiSiSiSiSiSiGeSiSiSiSiSiSiSiSiGeSiGeGeSiSiSiGeSiGeSiSiSiGeSiSiSiGeGeGeGeGeGeGeSiSiSiSiSi
   -19563.1757812500 SiSiGeGeGeGeGeSiSiSiGeGeSiSiSiSiSiSiSiSiSiSiGeSiSiSiSiSiSiSiSiGeSiGeGeSiSiSiGeSiGeSiSiSiGeSiSiSiGeGeGeGeGeGeGeSiSiSiSiSi
   -19563.1757812500 SiSiGeGeGeGeGeSiSiSiGeGeSiSiSiSiSiSiSiSiSiSiGeSiSiSiSiSiSiSiSiGeSiGeGeSiSiSiGeSiGeSiSiSiGeSiSiSiGeGeGeGeGeGeGeSiSiSiSiSi
   -19563.1757812500 SiSiGeGeGeGeGeSiSiSiGeGeSiSiSiSiSiSiSiSiSiSiGeSiSiSiSiSiSiSiSiGeSiGeGeSiSiSiGeSiGeSiSiSiGeSiSiSiGeGeGeGeGeGeGeSiSiSiSiSi
   -19563.1757812500 SiSiGeGeGeGeGeSiSiSiGeGeSiSiSiSiSiSiSiSiSiSiGeSiSiSiSiSiSiSiSiGeSiGeGeSiSiSiGeSiGeSiSiSiGeSiSiSiGeGeGeGeGeGeGeSiSiSiSiSi
   -19563.1757812500 SiSiGeGeGeGeGeSiSiSiGeGeSiSiSiSiSiSiSiSiSiSiGeSiSiSiSiSiSiSiSiGeSiGeGeSiSiSiGeSiGeSiSiSiGeSiSiSiGeGeGeGeGeGeGeSiSiSiSiSi
   -19563.1757812500 SiSiGeGeGeGeGeSiSiSiGeGeSiSiSiSiSiSiSiSiSiSiGeSiSiSiSiSiSiSiSiGeSiGeGeSiSiSiGeSiGeSiSiSiGeSiSiSiGeGeGeGeGeGeGeSiSiSiSiSi
   -19563.1757812500 SiSiGeGeGeGeGeSiSiSiGeGeSiSiSiSiSiSiSiSiSiSiGeSiSiSiSiSiSiSiSiGeSiGeGeSiSiSiGeSiGeSiSiSiGeSiSiSiGeGeGeGeGeGeGeSiSiSiSiSi
   -19563.1757812500 SiSiGeGeGeGeGeSiSiSiGeGeSiSiSiSiSiSiSiSiSiSiGeSiSiSiSiSiSiSiSiGeSiGeGeSiSiSiGeSiGeSiSiSiGeSiSiSiGeGeGeGeGeGeGeSiSiSiSiSi
   -19563.1757812500 SiSiGeGeGeGeGeSiSiSiGeGeSiSiSiSiSiSiSiSiSiSiGeSiSiSiSiSiSiSiSiGeSiGeGeSiSiSiGeSiGeSiSiSiGeSiSiSiGeGeGeGeGeGeGeSiSiSiSiSi
   -19563.1757812500 SiSiGeGeGeGeGeSiSiSiGeGeSiSiSiSiSiSiSiSiSiSiGeSiSiSiSiSiSiSiSiGeSiGeGeSiSiSiGeSiGeSiSiSiGeSiSiSiGeGeGeGeGeGeGeSiSiSiSiSi
   -19563.1757812500 SiSiGeGeGeGeGeSiSiSiGeGeSiSiSiSiSiSiSiSiSiSiGeSiSiSiSiSiSiSiSiGeSiGeGeSiSiSiGeSiGeSiSiSiGeSiSiSiGeGeGeGeGeGeGeSiSiSiSiSi
   -19563.1757812500 SiSiGeGeGeGeGeSiSiSiGeGeSiSiSiSiSiSiSiSiSiSiGeSiSiSiSiSiSiSiSiGeSiGeGeSiSiSiGeSiGeSiSiSiGeSiSiSiGeGeGeGeGeGeGeSiSiSiSiSi
   -19563.1757812500 SiSiGeGeGeGeGeSiSiSiGeGeSiSiSiSiSiSiSiSiSiSiGeSiSiSiSiSiSiSiSiGeSiGeGeSiSiSiGeSiGeSiSiSiGeSiSiSiGeGeGeGeGeGeGeSiSiSiSiSi
   -19563.1757812500 SiSiGeGeGeGeGeSiSiSiGeGeSiSiSiSiSiSiSiSiSiSiGeSiSiSiSiSiSiSiSiGeSiGeGeSiSiSiGeSiGeSiSiSiGeSiSiSiGeGeGeGeGeGeGeSiSiSiSiSi
   -19563.1757812500 SiSiGeGeGeGeGeSiSiSiGeGeSiSiSiSiSiSiSiSiSiSiGeSiSiSiSiSiSiSiSiGeSiGeGeSiSiSiGeSiGeSiSiSiGeSiSiSiGeGeGeGeGeGeGeSiSiSiSiSi
   -19563.1757812500 SiSiGeGeGeGeGeSiSiSiGeGeSiSiSiSiSiSiSiSiSiSiGeSiSiSiSiSiSiSiSiGeSiGeGeSiSiSiGeSiGeSiSiSiGeSiSiSiGeGeGeGeGeGeGeSiSiSiSiSi
   -19563.1757812500 SiSiGeGeGeGeGeSiSiSiGeGeSiSiSiSiSiSiSiSiSiSiGeSiSiSiSiSiSiSiSiGeSiGeGeSiSiSiGeSiGeSiSiSiGeSiSiSiGeGeGeGeGeGeGeSiSiSiSiSi
   -19563.1757812500 SiSiGeGeGeGeGeSiSiSiGeGeSiSiSiSiSiSiSiSiSiSiGeSiSiSiSiSiSiSiSiGeSiGeGeSiSiSiGeSiGeSiSiSiGeSiSiSiGeGeGeGeGeGeGeSiSiSiSiSi
   -19563.1757812500 SiSiGeGeGeGeGeSiSiSiGeGeSiSiSiSiSiSiSiSiSiSiGeSiSiSiSiSiSiSiSiGeSiGeGeSiSiSiGeSiGeSiSiSiGeSiSiSiGeGeGeGeGeGeGeSiSiSiSiSi
   -19563.1757812500 SiSiGeGeGeGeGeSiSiSiGeGeSiSiSiSiSiSiSiSiSiSiGeSiSiSiSiSiSiSiSiGeSiGeGeSiSiSiGeSiGeSiSiSiGeSiSiSiGeGeGeGeGeGeGeSiSiSiSiSi
   -19563.1757812500 SiSiGeGeGeGeGeSiSiSiGeGeSiSiSiSiSiSiSiSiSiSiGeSiSiSiSiSiSiSiSiGeSiGeGeSiSiSiGeSiGeSiSiSiGeSiSiSiGeGeGeGeGeGeGeSiSiSiSiSi
   -19563.1757812500 SiSiGeGeGeGeGeSiSiSiGeGeSiSiSiSiSiSiSiSiSiSiGeSiSiSiSiSiSiSiSiGeSiGeGeSiSiSiGeSiGeSiSiSiGeSiSiSiGeGeGeGeGeGeGeSiSiSiSiSi
   -19563.1757812500 SiSiGeGeGeGeGeSiSiSiGeGeSiSiSiSiSiSiSiSiSiSiGeSiSiSiSiSiSiSiSiGeSiGeGeSiSiSiGeSiGeSiSiSiGeSiSiSiGeGeGeGeGeGeGeSiSiSiSiSi
   -19563.1757812500 SiSiGeGeGeGeGeSiSiSiGeGeSiSiSiSiSiSiSiSiSiSiGeSiSiSiSiSiSiSiSiGeSiGeGeSiSiSiGeSiGeSiSiSiGeSiSiSiGeGeGeGeGeGeGeSiSiSiSiSi
   -19563.1757812500 SiSiGeGeGeGeGeSiSiSiGeGeSiSiSiSiSiSiSiSiSiSiGeSiSiSiSiSiSiSiSiGeSiGeGeSiSiSiGeSiGeSiSiSiGeSiSiSiGeGeGeGeGeGeGeSiSiSiSiSi
   -19563.1757812500 SiSiGeGeGeGeGeSiSiSiGeGeSiSiSiSiSiSiSiSiSiSiGeSiSiSiSiSiSiSiSiGeSiGeGeSiSiSiGeSiGeSiSiSiGeSiSiSiGeGeGeGeGeGeGeSiSiSiSiSi
   -19563.1757812500 SiSiGeGeGeGeGeSiSiSiGeGeSiSiSiSiSiSiSiSiSiSiGeSiSiSiSiSiSiSiSiGeSiGeGeSiSiSiGeSiGeSiSiSiGeSiSiSiGeGeGeGeGeGeGeSiSiSiSiSi
   -19563.1757812500 SiSiGeGeGeGeGeSiSiSiGeGeSiSiSiSiSiSiSiSiSiSiGeSiSiSiSiSiSiSiSiGeSiGeGeSiSiSiGeSiGeSiSiSiGeSiSiSiGeGeGeGeGeGeGeSiSiSiSiSi
   -19563.1757812500 SiSiGeGeGeGeGeSiSiSiGeGeSiSiSiSiSiSiSiSiSiSiGeSiSiSiSiSiSiSiSiGeSiGeGeSiSiSiGeSiGeSiSiSiGeSiSiSiGeGeGeGeGeGeGeSiSiSiSiSi
   -19563.1757812500 SiSiGeGeGeGeGeSiSiSiGeGeSiSiSiSiSiSiSiSiSiSiGeSiSiSiSiSiSiSiSiGeSiGeGeSiSiSiGeSiGeSiSiSiGeSiSiSiGeGeGeGeGeGeGeSiSiSiSiSi
   -19563.1757812500 SiSiGeGeGeGeGeSiSiSiGeGeSiSiSiSiSiSiSiSiSiSiGeSiSiSiSiSiSiSiSiGeSiGeGeSiSiSiGeSiGeSiSiSiGeSiSiSiGeGeGeGeGeGeGeSiSiSiSiSi
   -19563.1757812500 SiSiGeGeGeGeGeSiSiSiGeGeSiSiSiSiSiSiSiSiSiSiGeSiSiSiSiSiSiSiSiGeSiGeGeSiSiSiGeSiGeSiSiSiGeSiSiSiGeGeGeGeGeGeGeSiSiSiSiSi
   -19563.1757812500 SiSiGeGeGeGeGeSiSiSiGeGeSiSiSiSiSiSiSiSiSiSiGeSiSiSiSiSiSiSiSiGeSiGeGeSiSiSiGeSiGeSiSiSiGeSiSiSiGeGeGeGeGeGeGeSiSiSiSiSi
   -19563.1757812500 SiSiGeGeGeGeGeSiSiSiGeGeSiSiSiSiSiSiSiSiSiSiGeSiSiSiSiSiSiSiSiGeSiGeGeSiSiSiGeSiGeSiSiSiGeSiSiSiGeGeGeGeGeGeGeSiSiSiSiSi
   -19563.1757812500 SiSiGeGeGeGeGeSiSiSiGeGeSiSiSiSiSiSiSiSiSiSiGeSiSiSiSiSiSiSiSiGeSiGeGeSiSiSiGeSiGeSiSiSiGeSiSiSiGeGeGeGeGeGeGeSiSiSiSiSi
   -19563.1757812500 SiSiGeGeGeGeGeSiSiSiGeGeSiSiSiSiSiSiSiSiSiSiGeSiSiSiSiSiSiSiSiGeSiGeGeSiSiSiGeSiGeSiSiSiGeSiSiSiGeGeGeGeGeGeGeSiSiSiSiSi
   -19563.1757812500 SiSiGeGeGeGeGeSiSiSiGeGeSiSiSiSiSiSiSiSiSiSiGeSiSiSiSiSiSiSiSiGeSiGeGeSiSiSiGeSiGeSiSiSiGeSiSiSiGeGeGeGeGeGeGeSiSiSiSiSi
   -19563.1757812500 SiSiGeGeGeGeGeSiSiSiGeGeSiSiSiSiSiSiSiSiSiSiGeSiSiSiSiSiSiSiSiGeSiGeGeSiSiSiGeSiGeSiSiSiGeSiSiSiGeGeGeGeGeGeGeSiSiSiSiSi
   -19563.1757812500 SiSiGeGeGeGeGeSiSiSiGeGeSiSiSiSiSiSiSiSiSiSiGeSiSiSiSiSiSiSiSiGeSiGeGeSiSiSiGeSiGeSiSiSiGeSiSiSiGeGeGeGeGeGeGeSiSiSiSiSi
   -19563.1757812500 SiSiGeGeGeGeGeSiSiSiGeGeSiSiSiSiSiSiSiSiSiSiGeSiSiSiSiSiSiSiSiGeSiGeGeSiSiSiGeSiGeSiSiSiGeSiSiSiGeGeGeGeGeGeGeSiSiSiSiSi
   -19563.1757812500 SiSiGeGeGeGeGeSiSiSiGeGeSiSiSiSiSiSiSiSiSiSiGeSiSiSiSiSiSiSiSiGeSiGeGeSiSiSiGeSiGeSiSiSiGeSiSiSiGeGeGeGeGeGeGeSiSiSiSiSi
   -19563.1757812500 SiSiGeGeGeGeGeSiSiSiGeGeSiSiSiSiSiSiSiSiSiSiGeSiSiSiSiSiSiSiSiGeSiGeGeSiSiSiGeSiGeSiSiSiGeSiSiSiGeGeGeGeGeGeGeSiSiSiSiSi
   -19563.1757812500 SiSiGeGeGeGeGeSiSiSiGeGeSiSiSiSiSiSiSiSiSiSiGeSiSiSiSiSiSiSiSiGeSiGeGeSiSiSiGeSiGeSiSiSiGeSiSiSiGeGeGeGeGeGeGeSiSiSiSiSi
   -19563.1757812500 SiSiGeGeGeGeGeSiSiSiGeGeSiSiSiSiSiSiSiSiSiSiGeSiSiSiSiSiSiSiSiGeSiGeGeSiSiSiGeSiGeSiSiSiGeSiSiSiGeGeGeGeGeGeGeSiSiSiSiSi
   -19563.1757812500 SiSiGeGeGeGeGeSiSiSiGeGeSiSiSiSiSiSiSiSiSiSiGeSiSiSiSiSiSiSiSiGeSiGeGeSiSiSiGeSiGeSiSiSiGeSiSiSiGeGeGeGeGeGeGeSiSiSiSiSi
   -19563.1757812500 SiSiGeGeGeGeGeSiSiSiGeGeSiSiSiSiSiSiSiSiSiSiGeSiSiSiSiSiSiSiSiGeSiGeGeSiSiSiGeSiGeSiSiSiGeSiSiSiGeGeGeGeGeGeGeSiSiSiSiSi
   -19563.1757812500 SiSiGeGeGeGeGeSiSiSiGeGeSiSiSiSiSiSiSiSiSiSiGeSiSiSiSiSiSiSiSiGeSiGeGeSiSiSiGeSiGeSiSiSiGeSiSiSiGeGeGeGeGeGeGeSiSiSiSiSi
   -19563.1757812500 SiSiGeGeGeGeGeSiSiSiGeGeSiSiSiSiSiSiSiSiSiSiGeSiSiSiSiSiSiSiSiGeSiGeGeSiSiSiGeSiGeSiSiSiGeSiSiSiGeGeGeGeGeGeGeSiSiSiSiSi
   -19563.1757812500 SiSiGeGeGeGeGeSiSiSiGeGeSiSiSiSiSiSiSiSiSiSiGeSiSiSiSiSiSiSiSiGeSiGeGeSiSiSiGeSiGeSiSiSiGeSiSiSiGeGeGeGeGeGeGeSiSiSiSiSi
   -19563.1757812500 SiSiGeGeGeGeGeSiSiSiGeGeSiSiSiSiSiSiSiSiSiSiGeSiSiSiSiSiSiSiSiGeSiGeGeSiSiSiGeSiGeSiSiSiGeSiSiSiGeGeGeGeGeGeGeSiSiSiSiSi
   -19563.1757812500 SiSiGeGeGeGeGeSiSiSiGeGeSiSiSiSiSiSiSiSiSiSiGeSiSiSiSiSiSiSiSiGeSiGeGeSiSiSiGeSiGeSiSiSiGeSiSiSiGeGeGeGeGeGeGeSiSiSiSiSi
   -19563.1757812500 SiSiGeGeGeGeGeSiSiSiGeGeSiSiSiSiSiSiSiSiSiSiGeSiSiSiSiSiSiSiSiGeSiGeGeSiSiSiGeSiGeSiSiSiGeSiSiSiGeGeGeGeGeGeGeSiSiSiSiSi
   -19563.1757812500 SiSiGeGeGeGeGeSiSiSiGeGeSiSiSiSiSiSiSiSiSiSiGeSiSiSiSiSiSiSiSiGeSiGeGeSiSiSiGeSiGeSiSiSiGeSiSiSiGeGeGeGeGeGeGeSiSiSiSiSi
   -19563.1757812500 SiSiGeGeGeGeGeSiSiSiGeGeSiSiSiSiSiSiSiSiSiSiGeSiSiSiSiSiSiSiSiGeSiGeGeSiSiSiGeSiGeSiSiSiGeSiSiSiGeGeGeGeGeGeGeSiSiSiSiSi
   -19563.1757812500 SiSiGeGeGeGeGeSiSiSiGeGeSiSiSiSiSiSiSiSiSiSiGeSiSiSiSiSiSiSiSiGeSiGeGeSiSiSiGeSiGeSiSiSiGeSiSiSiGeGeGeGeGeGeGeSiSiSiSiSi
   -19563.1757812500 SiSiGeGeGeGeGeSiSiSiGeGeSiSiSiSiSiSiSiSiSiSiGeSiSiSiSiSiSiSiSiGeSiGeGeSiSiSiGeSiGeSiSiSiGeSiSiSiGeGeGeGeGeGeGeSiSiSiSiSi
   -19563.1757812500 SiSiGeGeGeGeGeSiSiSiGeGeSiSiSiSiSiSiSiSiSiSiGeSiSiSiSiSiSiSiSiGeSiGeGeSiSiSiGeSiGeSiSiSiGeSiSiSiGeGeGeGeGeGeGeSiSiSiSiSi
   -19563.1757812500 SiSiGeGeGeGeGeSiSiSiGeGeSiSiSiSiSiSiSiSiSiSiGeSiSiSiSiSiSiSiSiGeSiGeGeSiSiSiGeSiGeSiSiSiGeSiSiSiGeGeGeGeGeGeGeSiSiSiSiSi
   -19563.1757812500 SiSiGeGeGeGeGeSiSiSiGeGeSiSiSiSiSiSiSiSiSiSiGeSiSiSiSiSiSiSiSiGeSiGeGeSiSiSiGeSiGeSiSiSiGeSiSiSiGeGeGeGeGeGeGeSiSiSiSiSi
   -19563.1757812500 SiSiGeGeGeGeGeSiSiSiGeGeSiSiSiSiSiSiSiSiSiSiGeSiSiSiSiSiSiSiSiGeSiGeGeSiSiSiGeSiGeSiSiSiGeSiSiSiGeGeGeGeGeGeGeSiSiSiSiSi
   -19563.1757812500 SiSiGeGeGeGeGeSiSiSiGeGeSiSiSiSiSiSiSiSiSiSiGeSiSiSiSiSiSiSiSiGeSiGeGeSiSiSiGeSiGeSiSiSiGeSiSiSiGeGeGeGeGeGeGeSiSiSiSiSi
   -19563.1757812500 SiSiGeGeGeGeGeSiSiSiGeGeSiSiSiSiSiSiSiSiSiSiGeSiSiSiSiSiSiSiSiGeSiGeGeSiSiSiGeSiGeSiSiSiGeSiSiSiGeGeGeGeGeGeGeSiSiSiSiSi
   -19563.1757812500 SiSiGeGeGeGeGeSiSiSiGeGeSiSiSiSiSiSiSiSiSiSiGeSiSiSiSiSiSiSiSiGeSiGeGeSiSiSiGeSiGeSiSiSiGeSiSiSiGeGeGeGeGeGeGeSiSiSiSiSi
   -19563.1757812500 SiSiGeGeGeGeGeSiSiSiGeGeSiSiSiSiSiSiSiSiSiSiGeSiSiSiSiSiSiSiSiGeSiGeGeSiSiSiGeSiGeSiSiSiGeSiSiSiGeGeGeGeGeGeGeSiSiSiSiSi
   -19563.1757812500 SiSiGeGeGeGeGeSiSiSiGeGeSiSiSiSiSiSiSiSiSiSiGeSiSiSiSiSiSiSiSiGeSiGeGeSiSiSiGeSiGeSiSiSiGeSiSiSiGeGeGeGeGeGeGeSiSiSiSiSi
   -19563.1757812500 SiSiGeGeGeGeGeSiSiSiGeGeSiSiSiSiSiSiSiSiSiSiGeSiSiSiSiSiSiSiSiGeSiGeGeSiSiSiGeSiGeSiSiSiGeSiSiSiGeGeGeGeGeGeGeSiSiSiSiSi
   -19563.1757812500 SiSiGeGeGeGeGeSiSiSiGeGeSiSiSiSiSiSiSiSiSiSiGeSiSiSiSiSiSiSiSiGeSiGeGeSiSiSiGeSiGeSiSiSiGeSiSiSiGeGeGeGeGeGeGeSiSiSiSiSi
   -19563.1757812500 SiSiGeGeGeGeGeSiSiSiGeGeSiSiSiSiSiSiSiSiSiSiGeSiSiSiSiSiSiSiSiGeSiGeGeSiSiSiGeSiGeSiSiSiGeSiSiSiGeGeGeGeGeGeGeSiSiSiSiSi
   -19563.1757812500 SiSiGeGeGeGeGeSiSiSiGeGeSiSiSiSiSiSiSiSiSiSiGeSiSiSiSiSiSiSiSiGeSiGeGeSiSiSiGeSiGeSiSiSiGeSiSiSiGeGeGeGeGeGeGeSiSiSiSiSi
   -19563.1757812500 SiSiGeGeGeGeGeSiSiSiGeGeSiSiSiSiSiSiSiSiSiSiGeSiSiSiSiSiSiSiSiGeSiGeGeSiSiSiGeSiGeSiSiSiGeSiSiSiGeGeGeGeGeGeGeSiSiSiSiSi
   -19563.1757812500 SiSiGeGeGeGeGeSiSiSiGeGeSiSiSiSiSiSiSiSiSiSiGeSiSiSiSiSiSiSiSiGeSiGeGeSiSiSiGeSiGeSiSiSiGeSiSiSiGeGeGeGeGeGeGeSiSiSiSiSi
   -19563.1757812500 SiSiGeGeGeGeGeSiSiSiGeGeSiSiSiSiSiSiSiSiSiSiGeSiSiSiSiSiSiSiSiGeSiGeGeSiSiSiGeSiGeSiSiSiGeSiSiSiGeGeGeGeGeGeGeSiSiSiSiSi
   -19563.1757812500 SiSiGeGeGeGeGeSiSiSiGeGeSiSiSiSiSiSiSiSiSiSiGeSiSiSiSiSiSiSiSiGeSiGeGeSiSiSiGeSiGeSiSiSiGeSiSiSiGeGeGeGeGeGeGeSiSiSiSiSi
   -19563.1757812500 SiSiGeGeGeGeGeSiSiSiGeGeSiSiSiSiSiSiSiSiSiSiGeSiSiSiSiSiSiSiSiGeSiGeGeSiSiSiGeSiGeSiSiSiGeSiSiSiGeGeGeGeGeGeGeSiSiSiSiSi
   -19563.1757812500 SiSiGeGeGeGeGeSiSiSiGeGeSiSiSiSiSiSiSiSiSiSiGeSiSiSiSiSiSiSiSiGeSiGeGeSiSiSiGeSiGeSiSiSiGeSiSiSiGeGeGeGeGeGeGeSiSiSiSiSi
   -19563.1757812500 SiSiGeGeGeGeGeSiSiSiGeGeSiSiSiSiSiSiSiSiSiSiGeSiSiSiSiSiSiSiSiGeSiGeGeSiSiSiGeSiGeSiSiSiGeSiSiSiGeGeGeGeGeGeGeSiSiSiSiSi
filename: c000001380915046.gin     
Cell:
    11.9020996    11.9020996    29.6919994    90.0000000    90.0000000   120.0000000
Box:
    11.9020996    -5.9510503     0.0000000
     0.0000000    10.3075209     0.0000000
     0.0000000     0.0000000    29.6919994
----------------------------------------
Inverse Box:
     0.0840188     0.0485083     0.0000000
     0.0000000     0.0970165     0.0000000
     0.0000000     0.0000000     0.0336791
----------------------------------------
==============================================
geometrical properties of  21 Ge:
 Configuration:           0
 D_ave:   9.24933815       3.51493692    
 D_min:   3.46178913      0.631234944    
 energia:  -19563.1758    
