Random Seed:  1156915971
Number of atoms:    60
Space Group:    1
Cell:
    11.9020996    11.9020996    29.6919994    90.0000000    90.0000000   120.0000000
Box:
    11.9020996    -5.9510503     0.0000000
     0.0000000    10.3075209     0.0000000
     0.0000000     0.0000000    29.6919994
----------------------------------------
Inverse Box:
     0.0840188     0.0485083     0.0000000
     0.0000000     0.0970165     0.0000000
     0.0000000     0.0000000     0.0336791
----------------------------------------
GeSiGeSiSiSiSiSiSiSiSiSiSiSiSiSiSiSiSiSiSiSiSiSiSiSiSiSiSiSiSiSiSiSiSiSiSiSiSiSiSiSiSiSiSiSiSiSiSiSiSiSiSiSiSiSiSiSiSiSi
           1 Ge    -7733.86768    
GeGeGeSiSiSiSiSiSiSiSiSiSiSiSiSiSiSiSiSiSiSiSiSiSiSiSiSiSiSiSiSiSiSiSiSiSiSiSiSiSiSiSiSiSiSiSiSiSiSiSiSiSiSiSiSiSiSiSiSi
           2 Ge    -7727.86816    
GeGeGeGeSiSiSiSiSiSiSiSiSiSiSiSiSiSiSiSiSiSiSiSiSiSiSiSiSiSiSiSiSiSiSiSiSiSiSiSiSiSiSiSiSiSiSiSiSiSiSiSiSiSiSiSiSiSiSiSi
           4 Ge    -7721.92285    
GeGeGeGeGeSiSiSiSiSiSiSiSiSiSiSiSiSiSiSiSiSiSiSiSiSiSiSiSiSiSiSiSiSiSiSiSiSiSiSiSiSiSiSiSiSiSiSiSiSiSiSiSiSiSiSiSiSiSiSi
           5 Ge    -7728.01514    
GeGeGeGeGeGeSiSiSiSiSiSiSiSiSiSiSiSiSiSiSiSiSiSiSiSiSiSiSiSiSiSiSiSiSiSiSiSiSiSiSiSiSiSiSiSiSiSiSiSiSiSiSiSiSiSiSiSiSiSi
           6 Ge    -7752.11963    
GeGeGeGeGeGeGeSiSiSiSiSiSiSiSiSiSiSiSiSiSiSiSiSiSiSiSiSiSiSiSiSiSiSiSiSiSiSiSiSiSiSiSiSiSiSiSiSiSiSiSiSiSiSiSiSiSiSiSiSi
           7 Ge    -7853.17090    
GeGeGeGeGeGeGeGeSiSiSiSiSiSiSiSiSiSiSiSiSiSiSiSiSiSiSiSiSiSiSiSiSiSiSiSiSiSiSiSiSiSiSiSiSiSiSiSiSiSiSiSiSiSiSiSiSiSiSiSi
           8 Ge    -7983.45264    
GeGeGeGeGeGeGeGeSiSiSiGeSiSiSiSiSiSiSiSiSiSiSiSiSiSiSiSiSiSiSiSiSiSiSiSiSiSiSiSiSiSiSiSiSiSiSiSiSiSiSiSiSiSiSiSiSiSiSiSi
          12 Ge    -8223.11523    
GeGeGeGeGeGeGeGeSiSiSiGeSiSiSiGeSiSiSiSiSiSiSiSiSiSiSiSiSiSiSiSiSiSiSiSiSiSiSiSiSiSiSiSiSiSiSiSiSiSiSiSiSiSiSiSiSiSiSiSi
          16 Ge    -8552.01562    
GeGeGeGeGeGeGeGeSiSiSiGeSiSiSiGeSiSiSiSiSiSiSiSiSiGeSiSiSiSiSiSiSiSiSiSiSiSiSiSiSiSiSiSiSiSiSiSiSiSiSiSiSiSiSiSiSiSiSiSi
          26 Ge    -8483.41113    
GeGeGeGeGeGeGeGeSiSiSiGeSiSiSiGeSiSiSiSiSiSiSiSiSiGeSiSiSiGeSiSiSiSiSiSiSiSiSiSiSiSiSiSiSiSiSiSiSiSiSiSiSiSiSiSiSiSiSiSi
          30 Ge    -8469.89551    
GeGeGeGeGeGeGeGeSiSiSiGeSiSiSiGeSiSiSiSiSiSiSiSiSiGeSiSiSiGeSiSiGeSiSiSiSiSiSiSiSiSiSiSiSiSiSiSiSiSiSiSiSiSiSiSiSiSiSiSi
          33 Ge    -8968.34668    
GeGeGeGeGeGeGeGeSiSiSiGeSiSiSiGeSiSiSiSiSiSiSiSiSiGeSiSiSiGeSiSiGeSiSiGeSiSiSiSiSiSiSiSiSiSiSiSiSiSiSiSiSiSiSiSiSiSiSiSi
          36 Ge    -8886.60645    
GeGeGeGeGeGeGeGeSiSiSiGeSiSiSiGeSiSiSiSiSiSiSiSiSiGeSiSiSiGeSiSiGeSiSiGeSiSiGeSiSiSiSiSiSiSiSiSiSiSiSiSiSiSiSiSiSiSiSiSi
          39 Ge    -9498.68945    
GeGeGeGeGeGeGeGeSiSiSiGeSiSiSiGeSiSiSiSiSiSiSiSiSiGeSiSiSiGeSiSiGeSiSiGeSiSiGeGeSiSiSiSiSiSiSiSiSiSiSiSiSiSiSiSiSiSiSiSi
          40 Ge    -9671.79590    
GeGeGeGeGeGeGeGeSiSiSiGeSiSiSiGeSiSiSiSiSiSiSiSiSiGeSiSiSiGeSiSiGeSiSiGeSiSiGeGeSiGeSiSiSiSiSiSiSiSiSiSiSiSiSiSiSiSiSiSi
          42 Ge    -8416.00684    
GeGeGeGeGeGeGeGeSiSiSiGeSiSiSiGeSiSiSiSiSiSiSiSiSiGeSiSiSiGeSiSiGeSiSiGeSiSiGeGeSiGeSiSiGeSiSiSiSiSiSiSiSiSiSiSiSiSiSiSi
          45 Ge    -8915.39453    
GeGeGeGeGeGeGeGeSiSiSiGeSiSiSiGeSiSiSiSiSiSiSiSiSiGeSiSiSiGeSiSiGeSiSiGeSiSiGeGeSiGeSiSiGeGeSiSiSiSiSiSiSiSiSiSiSiSiSiSi
          46 Ge    -9097.63379    
GeGeGeGeGeGeGeGeSiSiSiGeSiSiSiGeSiSiSiSiSiSiSiSiSiGeSiSiSiGeSiSiGeSiSiGeSiSiGeGeSiGeSiSiGeGeSiSiSiSiSiSiSiSiSiSiGeSiSiSi
          57 Ge    -10232.6211    
GeGeGeGeGeGeGeGeSiGeSiGeSiSiSiGeSiSiSiSiSiSiSiSiSiGeSiSiSiGeSiSiGeSiSiGeSiSiGeGeSiGeSiSiGeGeSiSiSiSiSiSiSiSiSiSiGeSiSiSi
          10 Ge    -9510.37891    
GeGeGeGeGeGeGeGeSiGeGeGeSiSiSiGeSiSiSiSiSiSiSiSiSiGeSiSiSiGeSiSiGeSiSiGeSiSiGeGeSiGeSiSiGeGeSiSiSiSiSiSiSiSiSiSiGeSiSiSi
          11 Ge    -10380.8457    
GeGeGeGeGeGeGeGeSiGeGeGeGeSiSiGeSiSiSiSiSiSiSiSiSiGeSiSiSiGeSiSiGeSiSiGeSiSiGeGeSiGeSiSiGeGeSiSiSiSiSiSiSiSiSiSiGeSiSiSi
          13 Ge    -9216.20508    
==============================================
MonteCarlo: Metropolis with identity changes
Si > Ge, Ge > Si. STOP when occurrence <    0.00000
==============================================
Cost_function     Occurrence %     Scan-Cost
   -16185.5917968750 GeSiSiGeGeSiGeSiSiGeGeSiSiSiSiSiGeGeSiSiGeGeSiSiSiSiGeSiSiGeSiSiSiGeGeGeGeSiGeSiSiSiGeSiSiSiSiSiSiGeGeSiSiSiSiGeGeGeSiSi
   -16185.5917968750 GeSiSiGeGeSiGeSiSiGeGeSiSiSiSiSiGeGeSiSiGeGeSiSiSiSiGeSiSiGeSiSiSiGeGeGeGeSiGeSiSiSiGeSiSiSiSiSiSiGeGeSiSiSiSiGeGeGeSiSi
   -18363.6875000000 GeGeSiSiGeSiGeSiSiGeGeSiSiSiSiGeSiGeSiSiSiSiSiSiSiGeGeSiSiGeSiSiGeGeGeGeGeSiGeSiSiSiGeSiSiSiSiSiSiGeGeSiSiSiSiGeGeSiSiGe
   -18363.6875000000 GeGeSiSiGeSiGeSiSiGeGeSiSiSiSiGeSiGeSiSiSiSiSiSiSiGeGeSiSiGeSiSiGeGeGeGeGeSiGeSiSiSiGeSiSiSiSiSiSiGeGeSiSiSiSiGeGeSiSiGe
   -18363.6875000000 GeGeSiSiGeSiGeSiSiGeGeSiSiSiSiGeSiGeSiSiSiSiSiSiSiGeGeSiSiGeSiSiGeGeGeGeGeSiGeSiSiSiGeSiSiSiSiSiSiGeGeSiSiSiSiGeGeSiSiGe
   -18363.6875000000 GeGeSiSiGeSiGeSiSiGeGeSiSiSiSiGeSiGeSiSiSiSiSiSiSiGeGeSiSiGeSiSiGeGeGeGeGeSiGeSiSiSiGeSiSiSiSiSiSiGeGeSiSiSiSiGeGeSiSiGe
   -18363.6875000000 GeGeSiSiGeSiGeSiSiGeGeSiSiSiSiGeSiGeSiSiSiSiSiSiSiGeGeSiSiGeSiSiGeGeGeGeGeSiGeSiSiSiGeSiSiSiSiSiSiGeGeSiSiSiSiGeGeSiSiGe
   -18363.6875000000 GeGeSiSiGeSiGeSiSiGeGeSiSiSiSiGeSiGeSiSiSiSiSiSiSiGeGeSiSiGeSiSiGeGeGeGeGeSiGeSiSiSiGeSiSiSiSiSiSiGeGeSiSiSiSiGeGeSiSiGe
   -18363.6875000000 GeGeSiSiGeSiGeSiSiGeGeSiSiSiSiGeSiGeSiSiSiSiSiSiSiGeGeSiSiGeSiSiGeGeGeGeGeSiGeSiSiSiGeSiSiSiSiSiSiGeGeSiSiSiSiGeGeSiSiGe
   -18855.3867187500 GeGeSiGeGeSiGeSiSiGeGeSiSiSiSiGeSiGeSiSiSiSiSiSiSiGeSiSiSiGeSiSiGeSiGeGeGeSiGeSiSiGeSiSiSiSiSiSiSiGeGeSiGeSiSiGeGeSiSiGe
   -18855.3867187500 GeGeSiGeGeSiGeSiSiGeGeSiSiSiSiGeSiGeSiSiSiSiSiSiSiGeSiSiSiGeSiSiGeSiGeGeGeSiGeSiSiGeSiSiSiSiSiSiSiGeGeSiGeSiSiGeGeSiSiGe
   -18893.5937500000 GeGeSiGeGeSiGeSiSiGeGeSiSiSiSiGeSiGeSiSiSiSiSiSiSiGeSiSiSiGeSiSiSiSiGeGeGeSiGeSiSiGeSiSiSiGeSiSiSiGeGeSiGeSiSiGeSiGeSiGe
   -19853.4062500000 GeGeSiGeGeSiGeSiSiGeGeSiSiSiSiGeSiGeSiSiSiSiSiSiSiGeSiSiSiGeSiSiSiSiGeGeSiSiGeSiSiGeSiSiSiGeSiSiSiGeGeGeGeSiSiGeSiGeSiGe
   -20146.5664062500 GeGeSiGeGeSiGeSiSiGeGeSiGeSiSiGeSiGeSiSiGeSiSiSiSiGeSiSiSiGeSiSiSiSiGeGeSiSiGeSiSiGeSiSiSiSiSiSiSiSiGeGeGeSiSiGeSiGeSiGe
   -22276.8984375000 GeGeSiGeGeSiGeGeSiGeGeSiGeSiSiGeSiGeSiSiGeSiSiSiSiGeSiSiSiGeSiSiSiSiGeGeSiSiGeSiSiSiSiSiSiSiSiSiSiSiGeGeGeSiSiGeSiGeSiGe
   -22276.8984375000 GeGeSiGeGeSiGeGeSiGeGeSiGeSiSiGeSiGeSiSiGeSiSiSiSiGeSiSiSiGeSiSiSiSiGeGeSiSiGeSiSiSiSiSiSiSiSiSiSiSiGeGeGeSiSiGeSiGeSiGe
   -22276.8984375000 GeGeSiGeGeSiGeGeSiGeGeSiGeSiSiGeSiGeSiSiGeSiSiSiSiGeSiSiSiGeSiSiSiSiGeGeSiSiGeSiSiSiSiSiSiSiSiSiSiSiGeGeGeSiSiGeSiGeSiGe
   -22276.8984375000 GeGeSiGeGeSiGeGeSiGeGeSiGeSiSiGeSiGeSiSiGeSiSiSiSiGeSiSiSiGeSiSiSiSiGeGeSiSiGeSiSiSiSiSiSiSiSiSiSiSiGeGeGeSiSiGeSiGeSiGe
   -22276.8984375000 GeGeSiGeGeSiGeGeSiGeGeSiGeSiSiGeSiGeSiSiGeSiSiSiSiGeSiSiSiGeSiSiSiSiGeGeSiSiGeSiSiSiSiSiSiSiSiSiSiSiGeGeGeSiSiGeSiGeSiGe
   -23646.4414062500 GeGeGeGeGeSiGeGeSiGeGeSiSiSiSiGeSiGeSiSiGeSiSiSiSiSiSiSiSiGeSiSiSiSiGeGeSiSiGeSiSiSiSiSiSiSiSiSiSiSiGeGeGeSiSiGeSiGeGeGe
   -23646.4414062500 GeGeGeGeGeSiGeGeSiGeGeSiSiSiSiGeSiGeSiSiGeSiSiSiSiSiSiSiSiGeSiSiSiSiGeGeSiSiGeSiSiSiSiSiSiSiSiSiSiSiGeGeGeSiSiGeSiGeGeGe
   -23646.4414062500 GeGeGeGeGeSiGeGeSiGeGeSiSiSiSiGeSiGeSiSiGeSiSiSiSiSiSiSiSiGeSiSiSiSiGeGeSiSiGeSiSiSiSiSiSiSiSiSiSiSiGeGeGeSiSiGeSiGeGeGe
   -23646.4414062500 GeGeGeGeGeSiGeGeSiGeGeSiSiSiSiGeSiGeSiSiGeSiSiSiSiSiSiSiSiGeSiSiSiSiGeGeSiSiGeSiSiSiSiSiSiSiSiSiSiSiGeGeGeSiSiGeSiGeGeGe
   -23646.4414062500 GeGeGeGeGeSiGeGeSiGeGeSiSiSiSiGeSiGeSiSiGeSiSiSiSiSiSiSiSiGeSiSiSiSiGeGeSiSiGeSiSiSiSiSiSiSiSiSiSiSiGeGeGeSiSiGeSiGeGeGe
   -23646.4414062500 GeGeGeGeGeSiGeGeSiGeGeSiSiSiSiGeSiGeSiSiGeSiSiSiSiSiSiSiSiGeSiSiSiSiGeGeSiSiGeSiSiSiSiSiSiSiSiSiSiSiGeGeGeSiSiGeSiGeGeGe
   -23646.4414062500 GeGeGeGeGeSiGeGeSiGeGeSiSiSiSiGeSiGeSiSiGeSiSiSiSiSiSiSiSiGeSiSiSiSiGeGeSiSiGeSiSiSiSiSiSiSiSiSiSiSiGeGeGeSiSiGeSiGeGeGe
   -23646.4414062500 GeGeGeGeGeSiGeGeSiGeGeSiSiSiSiGeSiGeSiSiGeSiSiSiSiSiSiSiSiGeSiSiSiSiGeGeSiSiGeSiSiSiSiSiSiSiSiSiSiSiGeGeGeSiSiGeSiGeGeGe
   -23646.4414062500 GeGeGeGeGeSiGeGeSiGeGeSiSiSiSiGeSiGeSiSiGeSiSiSiSiSiSiSiSiGeSiSiSiSiGeGeSiSiGeSiSiSiSiSiSiSiSiSiSiSiGeGeGeSiSiGeSiGeGeGe
   -23646.4414062500 GeGeGeGeGeSiGeGeSiGeGeSiSiSiSiGeSiGeSiSiGeSiSiSiSiSiSiSiSiGeSiSiSiSiGeGeSiSiGeSiSiSiSiSiSiSiSiSiSiSiGeGeGeSiSiGeSiGeGeGe
   -23646.4414062500 GeGeGeGeGeSiGeGeSiGeGeSiSiSiSiGeSiGeSiSiGeSiSiSiSiSiSiSiSiGeSiSiSiSiGeGeSiSiGeSiSiSiSiSiSiSiSiSiSiSiGeGeGeSiSiGeSiGeGeGe
   -23646.4414062500 GeGeGeGeGeSiGeGeSiGeGeSiSiSiSiGeSiGeSiSiGeSiSiSiSiSiSiSiSiGeSiSiSiSiGeGeSiSiGeSiSiSiSiSiSiSiSiSiSiSiGeGeGeSiSiGeSiGeGeGe
   -23646.4414062500 GeGeGeGeGeSiGeGeSiGeGeSiSiSiSiGeSiGeSiSiGeSiSiSiSiSiSiSiSiGeSiSiSiSiGeGeSiSiGeSiSiSiSiSiSiSiSiSiSiSiGeGeGeSiSiGeSiGeGeGe
   -24893.4257812500 GeGeGeGeGeSiGeGeSiGeGeSiSiSiSiGeSiGeSiSiGeSiSiSiSiSiSiSiSiGeSiSiSiSiGeGeSiSiSiSiSiSiSiSiSiSiSiSiSiGeGeGeGeSiSiGeSiGeGeGe
   -24893.4257812500 GeGeGeGeGeSiGeGeSiGeGeSiSiSiSiGeSiGeSiSiGeSiSiSiSiSiSiSiSiGeSiSiSiSiGeGeSiSiSiSiSiSiSiSiSiSiSiSiSiGeGeGeGeSiSiGeSiGeGeGe
   -24893.4257812500 GeGeGeGeGeSiGeGeSiGeGeSiSiSiSiGeSiGeSiSiGeSiSiSiSiSiSiSiSiGeSiSiSiSiGeGeSiSiSiSiSiSiSiSiSiSiSiSiSiGeGeGeGeSiSiGeSiGeGeGe
   -24893.4257812500 GeGeGeGeGeSiGeGeSiGeGeSiSiSiSiGeSiGeSiSiGeSiSiSiSiSiSiSiSiGeSiSiSiSiGeGeSiSiSiSiSiSiSiSiSiSiSiSiSiGeGeGeGeSiSiGeSiGeGeGe
   -24893.4257812500 GeGeGeGeGeSiGeGeSiGeGeSiSiSiSiGeSiGeSiSiGeSiSiSiSiSiSiSiSiGeSiSiSiSiGeGeSiSiSiSiSiSiSiSiSiSiSiSiSiGeGeGeGeSiSiGeSiGeGeGe
   -24893.4257812500 GeGeGeGeGeSiGeGeSiGeGeSiSiSiSiGeSiGeSiSiGeSiSiSiSiSiSiSiSiGeSiSiSiSiGeGeSiSiSiSiSiSiSiSiSiSiSiSiSiGeGeGeGeSiSiGeSiGeGeGe
   -24893.4257812500 GeGeGeGeGeSiGeGeSiGeGeSiSiSiSiGeSiGeSiSiGeSiSiSiSiSiSiSiSiGeSiSiSiSiGeGeSiSiSiSiSiSiSiSiSiSiSiSiSiGeGeGeGeSiSiGeSiGeGeGe
   -24893.4257812500 GeGeGeGeGeSiGeGeSiGeGeSiSiSiSiGeSiGeSiSiGeSiSiSiSiSiSiSiSiGeSiSiSiSiGeGeSiSiSiSiSiSiSiSiSiSiSiSiSiGeGeGeGeSiSiGeSiGeGeGe
   -24893.4257812500 GeGeGeGeGeSiGeGeSiGeGeSiSiSiSiGeSiGeSiSiGeSiSiSiSiSiSiSiSiGeSiSiSiSiGeGeSiSiSiSiSiSiSiSiSiSiSiSiSiGeGeGeGeSiSiGeSiGeGeGe
   -24893.4257812500 GeGeGeGeGeSiGeGeSiGeGeSiSiSiSiGeSiGeSiSiGeSiSiSiSiSiSiSiSiGeSiSiSiSiGeGeSiSiSiSiSiSiSiSiSiSiSiSiSiGeGeGeGeSiSiGeSiGeGeGe
   -24893.4257812500 GeGeGeGeGeSiGeGeSiGeGeSiSiSiSiGeSiGeSiSiGeSiSiSiSiSiSiSiSiGeSiSiSiSiGeGeSiSiSiSiSiSiSiSiSiSiSiSiSiGeGeGeGeSiSiGeSiGeGeGe
   -24893.4257812500 GeGeGeGeGeSiGeGeSiGeGeSiSiSiSiGeSiGeSiSiGeSiSiSiSiSiSiSiSiGeSiSiSiSiGeGeSiSiSiSiSiSiSiSiSiSiSiSiSiGeGeGeGeSiSiGeSiGeGeGe
   -24893.4257812500 GeGeGeGeGeSiGeGeSiGeGeSiSiSiSiGeSiGeSiSiGeSiSiSiSiSiSiSiSiGeSiSiSiSiGeGeSiSiSiSiSiSiSiSiSiSiSiSiSiGeGeGeGeSiSiGeSiGeGeGe
   -24893.4257812500 GeGeGeGeGeSiGeGeSiGeGeSiSiSiSiGeSiGeSiSiGeSiSiSiSiSiSiSiSiGeSiSiSiSiGeGeSiSiSiSiSiSiSiSiSiSiSiSiSiGeGeGeGeSiSiGeSiGeGeGe
   -24954.8554687500 GeGeGeGeGeSiGeGeSiGeGeSiSiSiSiGeSiGeSiSiSiSiSiGeSiSiSiSiSiGeSiSiSiSiGeGeSiSiSiSiSiSiSiSiSiSiSiSiSiGeGeGeGeSiSiGeSiGeGeGe
   -24954.8554687500 GeGeGeGeGeSiGeGeSiGeGeSiSiSiSiGeSiGeSiSiSiSiSiGeSiSiSiSiSiGeSiSiSiSiGeGeSiSiSiSiSiSiSiSiSiSiSiSiSiGeGeGeGeSiSiGeSiGeGeGe
   -24954.8554687500 GeGeGeGeGeSiGeGeSiGeGeSiSiSiSiGeSiGeSiSiSiSiSiGeSiSiSiSiSiGeSiSiSiSiGeGeSiSiSiSiSiSiSiSiSiSiSiSiSiGeGeGeGeSiSiGeSiGeGeGe
   -24954.8554687500 GeGeGeGeGeSiGeGeSiGeGeSiSiSiSiGeSiGeSiSiSiSiSiGeSiSiSiSiSiGeSiSiSiSiGeGeSiSiSiSiSiSiSiSiSiSiSiSiSiGeGeGeGeSiSiGeSiGeGeGe
   -24954.8554687500 GeGeGeGeGeSiGeGeSiGeGeSiSiSiSiGeSiGeSiSiSiSiSiGeSiSiSiSiSiGeSiSiSiSiGeGeSiSiSiSiSiSiSiSiSiSiSiSiSiGeGeGeGeSiSiGeSiGeGeGe
   -24954.8554687500 GeGeGeGeGeSiGeGeSiGeGeSiSiSiSiGeSiGeSiSiSiSiSiGeSiSiSiSiSiGeSiSiSiSiGeGeSiSiSiSiSiSiSiSiSiSiSiSiSiGeGeGeGeSiSiGeSiGeGeGe
   -24954.8554687500 GeGeGeGeGeSiGeGeSiGeGeSiSiSiSiGeSiGeSiSiSiSiSiGeSiSiSiSiSiGeSiSiSiSiGeGeSiSiSiSiSiSiSiSiSiSiSiSiSiGeGeGeGeSiSiGeSiGeGeGe
   -24954.8554687500 GeGeGeGeGeSiGeGeSiGeGeSiSiSiSiGeSiGeSiSiSiSiSiGeSiSiSiSiSiGeSiSiSiSiGeGeSiSiSiSiSiSiSiSiSiSiSiSiSiGeGeGeGeSiSiGeSiGeGeGe
   -24954.8554687500 GeGeGeGeGeSiGeGeSiGeGeSiSiSiSiGeSiGeSiSiSiSiSiGeSiSiSiSiSiGeSiSiSiSiGeGeSiSiSiSiSiSiSiSiSiSiSiSiSiGeGeGeGeSiSiGeSiGeGeGe
   -24954.8554687500 GeGeGeGeGeSiGeGeSiGeGeSiSiSiSiGeSiGeSiSiSiSiSiGeSiSiSiSiSiGeSiSiSiSiGeGeSiSiSiSiSiSiSiSiSiSiSiSiSiGeGeGeGeSiSiGeSiGeGeGe
   -24954.8554687500 GeGeGeGeGeSiGeGeSiGeGeSiSiSiSiGeSiGeSiSiSiSiSiGeSiSiSiSiSiGeSiSiSiSiGeGeSiSiSiSiSiSiSiSiSiSiSiSiSiGeGeGeGeSiSiGeSiGeGeGe
   -24954.8554687500 GeGeGeGeGeSiGeGeSiGeGeSiSiSiSiGeSiGeSiSiSiSiSiGeSiSiSiSiSiGeSiSiSiSiGeGeSiSiSiSiSiSiSiSiSiSiSiSiSiGeGeGeGeSiSiGeSiGeGeGe
   -24954.8554687500 GeGeGeGeGeSiGeGeSiGeGeSiSiSiSiGeSiGeSiSiSiSiSiGeSiSiSiSiSiGeSiSiSiSiGeGeSiSiSiSiSiSiSiSiSiSiSiSiSiGeGeGeGeSiSiGeSiGeGeGe
   -25482.0585937500 GeGeGeGeGeSiGeGeSiGeGeSiSiSiSiSiSiGeSiSiSiSiSiGeSiSiSiSiSiGeSiSiSiSiGeGeSiSiSiSiSiSiSiSiSiSiSiSiSiGeGeGeGeGeSiGeSiGeGeGe
   -25482.0585937500 GeGeGeGeGeSiGeGeSiGeGeSiSiSiSiSiSiGeSiSiSiSiSiGeSiSiSiSiSiGeSiSiSiSiGeGeSiSiSiSiSiSiSiSiSiSiSiSiSiGeGeGeGeGeSiGeSiGeGeGe
   -25482.0585937500 GeGeGeGeGeSiGeGeSiGeGeSiSiSiSiSiSiGeSiSiSiSiSiGeSiSiSiSiSiGeSiSiSiSiGeGeSiSiSiSiSiSiSiSiSiSiSiSiSiGeGeGeGeGeSiGeSiGeGeGe
   -25482.0585937500 GeGeGeGeGeSiGeGeSiGeGeSiSiSiSiSiSiGeSiSiSiSiSiGeSiSiSiSiSiGeSiSiSiSiGeGeSiSiSiSiSiSiSiSiSiSiSiSiSiGeGeGeGeGeSiGeSiGeGeGe
   -25482.0585937500 GeGeGeGeGeSiGeGeSiGeGeSiSiSiSiSiSiGeSiSiSiSiSiGeSiSiSiSiSiGeSiSiSiSiGeGeSiSiSiSiSiSiSiSiSiSiSiSiSiGeGeGeGeGeSiGeSiGeGeGe
   -25482.0585937500 GeGeGeGeGeSiGeGeSiGeGeSiSiSiSiSiSiGeSiSiSiSiSiGeSiSiSiSiSiGeSiSiSiSiGeGeSiSiSiSiSiSiSiSiSiSiSiSiSiGeGeGeGeGeSiGeSiGeGeGe
   -25482.0585937500 GeGeGeGeGeSiGeGeSiGeGeSiSiSiSiSiSiGeSiSiSiSiSiGeSiSiSiSiSiGeSiSiSiSiGeGeSiSiSiSiSiSiSiSiSiSiSiSiSiGeGeGeGeGeSiGeSiGeGeGe
   -25482.0585937500 GeGeGeGeGeSiGeGeSiGeGeSiSiSiSiSiSiGeSiSiSiSiSiGeSiSiSiSiSiGeSiSiSiSiGeGeSiSiSiSiSiSiSiSiSiSiSiSiSiGeGeGeGeGeSiGeSiGeGeGe
   -25482.0585937500 GeGeGeGeGeSiGeGeSiGeGeSiSiSiSiSiSiGeSiSiSiSiSiGeSiSiSiSiSiGeSiSiSiSiGeGeSiSiSiSiSiSiSiSiSiSiSiSiSiGeGeGeGeGeSiGeSiGeGeGe
   -25482.0585937500 GeGeGeGeGeSiGeGeSiGeGeSiSiSiSiSiSiGeSiSiSiSiSiGeSiSiSiSiSiGeSiSiSiSiGeGeSiSiSiSiSiSiSiSiSiSiSiSiSiGeGeGeGeGeSiGeSiGeGeGe
   -25482.0585937500 GeGeGeGeGeSiGeGeSiGeGeSiSiSiSiSiSiGeSiSiSiSiSiGeSiSiSiSiSiGeSiSiSiSiGeGeSiSiSiSiSiSiSiSiSiSiSiSiSiGeGeGeGeGeSiGeSiGeGeGe
   -25482.0585937500 GeGeGeGeGeSiGeGeSiGeGeSiSiSiSiSiSiGeSiSiSiSiSiGeSiSiSiSiSiGeSiSiSiSiGeGeSiSiSiSiSiSiSiSiSiSiSiSiSiGeGeGeGeGeSiGeSiGeGeGe
   -25482.0585937500 GeGeGeGeGeSiGeGeSiGeGeSiSiSiSiSiSiGeSiSiSiSiSiGeSiSiSiSiSiGeSiSiSiSiGeGeSiSiSiSiSiSiSiSiSiSiSiSiSiGeGeGeGeGeSiGeSiGeGeGe
   -25482.0585937500 GeGeGeGeGeSiGeGeSiGeGeSiSiSiSiSiSiGeSiSiSiSiSiGeSiSiSiSiSiGeSiSiSiSiGeGeSiSiSiSiSiSiSiSiSiSiSiSiSiGeGeGeGeGeSiGeSiGeGeGe
   -25482.0585937500 GeGeGeGeGeSiGeGeSiGeGeSiSiSiSiSiSiGeSiSiSiSiSiGeSiSiSiSiSiGeSiSiSiSiGeGeSiSiSiSiSiSiSiSiSiSiSiSiSiGeGeGeGeGeSiGeSiGeGeGe
   -25482.0585937500 GeGeGeGeGeSiGeGeSiGeGeSiSiSiSiSiSiGeSiSiSiSiSiGeSiSiSiSiSiGeSiSiSiSiGeGeSiSiSiSiSiSiSiSiSiSiSiSiSiGeGeGeGeGeSiGeSiGeGeGe
   -25482.0585937500 GeGeGeGeGeSiGeGeSiGeGeSiSiSiSiSiSiGeSiSiSiSiSiGeSiSiSiSiSiGeSiSiSiSiGeGeSiSiSiSiSiSiSiSiSiSiSiSiSiGeGeGeGeGeSiGeSiGeGeGe
   -25482.0585937500 GeGeGeGeGeSiGeGeSiGeGeSiSiSiSiSiSiGeSiSiSiSiSiGeSiSiSiSiSiGeSiSiSiSiGeGeSiSiSiSiSiSiSiSiSiSiSiSiSiGeGeGeGeGeSiGeSiGeGeGe
   -25482.0585937500 GeGeGeGeGeSiGeGeSiGeGeSiSiSiSiSiSiGeSiSiSiSiSiGeSiSiSiSiSiGeSiSiSiSiGeGeSiSiSiSiSiSiSiSiSiSiSiSiSiGeGeGeGeGeSiGeSiGeGeGe
   -25482.0585937500 GeGeGeGeGeSiGeGeSiGeGeSiSiSiSiSiSiGeSiSiSiSiSiGeSiSiSiSiSiGeSiSiSiSiGeGeSiSiSiSiSiSiSiSiSiSiSiSiSiGeGeGeGeGeSiGeSiGeGeGe
   -25482.0585937500 GeGeGeGeGeSiGeGeSiGeGeSiSiSiSiSiSiGeSiSiSiSiSiGeSiSiSiSiSiGeSiSiSiSiGeGeSiSiSiSiSiSiSiSiSiSiSiSiSiGeGeGeGeGeSiGeSiGeGeGe
   -25482.0585937500 GeGeGeGeGeSiGeGeSiGeGeSiSiSiSiSiSiGeSiSiSiSiSiGeSiSiSiSiSiGeSiSiSiSiGeGeSiSiSiSiSiSiSiSiSiSiSiSiSiGeGeGeGeGeSiGeSiGeGeGe
   -25482.0585937500 GeGeGeGeGeSiGeGeSiGeGeSiSiSiSiSiSiGeSiSiSiSiSiGeSiSiSiSiSiGeSiSiSiSiGeGeSiSiSiSiSiSiSiSiSiSiSiSiSiGeGeGeGeGeSiGeSiGeGeGe
   -25482.0585937500 GeGeGeGeGeSiGeGeSiGeGeSiSiSiSiSiSiGeSiSiSiSiSiGeSiSiSiSiSiGeSiSiSiSiGeGeSiSiSiSiSiSiSiSiSiSiSiSiSiGeGeGeGeGeSiGeSiGeGeGe
   -25482.0585937500 GeGeGeGeGeSiGeGeSiGeGeSiSiSiSiSiSiGeSiSiSiSiSiGeSiSiSiSiSiGeSiSiSiSiGeGeSiSiSiSiSiSiSiSiSiSiSiSiSiGeGeGeGeGeSiGeSiGeGeGe
   -25482.0585937500 GeGeGeGeGeSiGeGeSiGeGeSiSiSiSiSiSiGeSiSiSiSiSiGeSiSiSiSiSiGeSiSiSiSiGeGeSiSiSiSiSiSiSiSiSiSiSiSiSiGeGeGeGeGeSiGeSiGeGeGe
   -25482.0585937500 GeGeGeGeGeSiGeGeSiGeGeSiSiSiSiSiSiGeSiSiSiSiSiGeSiSiSiSiSiGeSiSiSiSiGeGeSiSiSiSiSiSiSiSiSiSiSiSiSiGeGeGeGeGeSiGeSiGeGeGe
   -25482.0585937500 GeGeGeGeGeSiGeGeSiGeGeSiSiSiSiSiSiGeSiSiSiSiSiGeSiSiSiSiSiGeSiSiSiSiGeGeSiSiSiSiSiSiSiSiSiSiSiSiSiGeGeGeGeGeSiGeSiGeGeGe
   -25482.0585937500 GeGeGeGeGeSiGeGeSiGeGeSiSiSiSiSiSiGeSiSiSiSiSiGeSiSiSiSiSiGeSiSiSiSiGeGeSiSiSiSiSiSiSiSiSiSiSiSiSiGeGeGeGeGeSiGeSiGeGeGe
   -25482.0585937500 GeGeGeGeGeSiGeGeSiGeGeSiSiSiSiSiSiGeSiSiSiSiSiGeSiSiSiSiSiGeSiSiSiSiGeGeSiSiSiSiSiSiSiSiSiSiSiSiSiGeGeGeGeGeSiGeSiGeGeGe
   -25482.0585937500 GeGeGeGeGeSiGeGeSiGeGeSiSiSiSiSiSiGeSiSiSiSiSiGeSiSiSiSiSiGeSiSiSiSiGeGeSiSiSiSiSiSiSiSiSiSiSiSiSiGeGeGeGeGeSiGeSiGeGeGe
   -25482.0585937500 GeGeGeGeGeSiGeGeSiGeGeSiSiSiSiSiSiGeSiSiSiSiSiGeSiSiSiSiSiGeSiSiSiSiGeGeSiSiSiSiSiSiSiSiSiSiSiSiSiGeGeGeGeGeSiGeSiGeGeGe
   -25482.0585937500 GeGeGeGeGeSiGeGeSiGeGeSiSiSiSiSiSiGeSiSiSiSiSiGeSiSiSiSiSiGeSiSiSiSiGeGeSiSiSiSiSiSiSiSiSiSiSiSiSiGeGeGeGeGeSiGeSiGeGeGe
   -25482.0585937500 GeGeGeGeGeSiGeGeSiGeGeSiSiSiSiSiSiGeSiSiSiSiSiGeSiSiSiSiSiGeSiSiSiSiGeGeSiSiSiSiSiSiSiSiSiSiSiSiSiGeGeGeGeGeSiGeSiGeGeGe
   -25482.0585937500 GeGeGeGeGeSiGeGeSiGeGeSiSiSiSiSiSiGeSiSiSiSiSiGeSiSiSiSiSiGeSiSiSiSiGeGeSiSiSiSiSiSiSiSiSiSiSiSiSiGeGeGeGeGeSiGeSiGeGeGe
   -25482.0585937500 GeGeGeGeGeSiGeGeSiGeGeSiSiSiSiSiSiGeSiSiSiSiSiGeSiSiSiSiSiGeSiSiSiSiGeGeSiSiSiSiSiSiSiSiSiSiSiSiSiGeGeGeGeGeSiGeSiGeGeGe
   -25482.0585937500 GeGeGeGeGeSiGeGeSiGeGeSiSiSiSiSiSiGeSiSiSiSiSiGeSiSiSiSiSiGeSiSiSiSiGeGeSiSiSiSiSiSiSiSiSiSiSiSiSiGeGeGeGeGeSiGeSiGeGeGe
   -25482.0585937500 GeGeGeGeGeSiGeGeSiGeGeSiSiSiSiSiSiGeSiSiSiSiSiGeSiSiSiSiSiGeSiSiSiSiGeGeSiSiSiSiSiSiSiSiSiSiSiSiSiGeGeGeGeGeSiGeSiGeGeGe
   -25482.0585937500 GeGeGeGeGeSiGeGeSiGeGeSiSiSiSiSiSiGeSiSiSiSiSiGeSiSiSiSiSiGeSiSiSiSiGeGeSiSiSiSiSiSiSiSiSiSiSiSiSiGeGeGeGeGeSiGeSiGeGeGe
   -25482.0585937500 GeGeGeGeGeSiGeGeSiGeGeSiSiSiSiSiSiGeSiSiSiSiSiGeSiSiSiSiSiGeSiSiSiSiGeGeSiSiSiSiSiSiSiSiSiSiSiSiSiGeGeGeGeGeSiGeSiGeGeGe
   -25482.0585937500 GeGeGeGeGeSiGeGeSiGeGeSiSiSiSiSiSiGeSiSiSiSiSiGeSiSiSiSiSiGeSiSiSiSiGeGeSiSiSiSiSiSiSiSiSiSiSiSiSiGeGeGeGeGeSiGeSiGeGeGe
   -25482.0585937500 GeGeGeGeGeSiGeGeSiGeGeSiSiSiSiSiSiGeSiSiSiSiSiGeSiSiSiSiSiGeSiSiSiSiGeGeSiSiSiSiSiSiSiSiSiSiSiSiSiGeGeGeGeGeSiGeSiGeGeGe
   -25482.0585937500 GeGeGeGeGeSiGeGeSiGeGeSiSiSiSiSiSiGeSiSiSiSiSiGeSiSiSiSiSiGeSiSiSiSiGeGeSiSiSiSiSiSiSiSiSiSiSiSiSiGeGeGeGeGeSiGeSiGeGeGe
   -25482.0585937500 GeGeGeGeGeSiGeGeSiGeGeSiSiSiSiSiSiGeSiSiSiSiSiGeSiSiSiSiSiGeSiSiSiSiGeGeSiSiSiSiSiSiSiSiSiSiSiSiSiGeGeGeGeGeSiGeSiGeGeGe
   -25482.0585937500 GeGeGeGeGeSiGeGeSiGeGeSiSiSiSiSiSiGeSiSiSiSiSiGeSiSiSiSiSiGeSiSiSiSiGeGeSiSiSiSiSiSiSiSiSiSiSiSiSiGeGeGeGeGeSiGeSiGeGeGe
   -25482.0585937500 GeGeGeGeGeSiGeGeSiGeGeSiSiSiSiSiSiGeSiSiSiSiSiGeSiSiSiSiSiGeSiSiSiSiGeGeSiSiSiSiSiSiSiSiSiSiSiSiSiGeGeGeGeGeSiGeSiGeGeGe
   -25482.0585937500 GeGeGeGeGeSiGeGeSiGeGeSiSiSiSiSiSiGeSiSiSiSiSiGeSiSiSiSiSiGeSiSiSiSiGeGeSiSiSiSiSiSiSiSiSiSiSiSiSiGeGeGeGeGeSiGeSiGeGeGe
   -25482.0585937500 GeGeGeGeGeSiGeGeSiGeGeSiSiSiSiSiSiGeSiSiSiSiSiGeSiSiSiSiSiGeSiSiSiSiGeGeSiSiSiSiSiSiSiSiSiSiSiSiSiGeGeGeGeGeSiGeSiGeGeGe
   -25482.0585937500 GeGeGeGeGeSiGeGeSiGeGeSiSiSiSiSiSiGeSiSiSiSiSiGeSiSiSiSiSiGeSiSiSiSiGeGeSiSiSiSiSiSiSiSiSiSiSiSiSiGeGeGeGeGeSiGeSiGeGeGe
   -25482.0585937500 GeGeGeGeGeSiGeGeSiGeGeSiSiSiSiSiSiGeSiSiSiSiSiGeSiSiSiSiSiGeSiSiSiSiGeGeSiSiSiSiSiSiSiSiSiSiSiSiSiGeGeGeGeGeSiGeSiGeGeGe
   -25482.0585937500 GeGeGeGeGeSiGeGeSiGeGeSiSiSiSiSiSiGeSiSiSiSiSiGeSiSiSiSiSiGeSiSiSiSiGeGeSiSiSiSiSiSiSiSiSiSiSiSiSiGeGeGeGeGeSiGeSiGeGeGe
   -25482.0585937500 GeGeGeGeGeSiGeGeSiGeGeSiSiSiSiSiSiGeSiSiSiSiSiGeSiSiSiSiSiGeSiSiSiSiGeGeSiSiSiSiSiSiSiSiSiSiSiSiSiGeGeGeGeGeSiGeSiGeGeGe
   -25482.0585937500 GeGeGeGeGeSiGeGeSiGeGeSiSiSiSiSiSiGeSiSiSiSiSiGeSiSiSiSiSiGeSiSiSiSiGeGeSiSiSiSiSiSiSiSiSiSiSiSiSiGeGeGeGeGeSiGeSiGeGeGe
   -25482.0585937500 GeGeGeGeGeSiGeGeSiGeGeSiSiSiSiSiSiGeSiSiSiSiSiGeSiSiSiSiSiGeSiSiSiSiGeGeSiSiSiSiSiSiSiSiSiSiSiSiSiGeGeGeGeGeSiGeSiGeGeGe
   -25482.0585937500 GeGeGeGeGeSiGeGeSiGeGeSiSiSiSiSiSiGeSiSiSiSiSiGeSiSiSiSiSiGeSiSiSiSiGeGeSiSiSiSiSiSiSiSiSiSiSiSiSiGeGeGeGeGeSiGeSiGeGeGe
   -25482.0585937500 GeGeGeGeGeSiGeGeSiGeGeSiSiSiSiSiSiGeSiSiSiSiSiGeSiSiSiSiSiGeSiSiSiSiGeGeSiSiSiSiSiSiSiSiSiSiSiSiSiGeGeGeGeGeSiGeSiGeGeGe
   -25482.0585937500 GeGeGeGeGeSiGeGeSiGeGeSiSiSiSiSiSiGeSiSiSiSiSiGeSiSiSiSiSiGeSiSiSiSiGeGeSiSiSiSiSiSiSiSiSiSiSiSiSiGeGeGeGeGeSiGeSiGeGeGe
   -25482.0585937500 GeGeGeGeGeSiGeGeSiGeGeSiSiSiSiSiSiGeSiSiSiSiSiGeSiSiSiSiSiGeSiSiSiSiGeGeSiSiSiSiSiSiSiSiSiSiSiSiSiGeGeGeGeGeSiGeSiGeGeGe
   -25482.0585937500 GeGeGeGeGeSiGeGeSiGeGeSiSiSiSiSiSiGeSiSiSiSiSiGeSiSiSiSiSiGeSiSiSiSiGeGeSiSiSiSiSiSiSiSiSiSiSiSiSiGeGeGeGeGeSiGeSiGeGeGe
   -25482.0585937500 GeGeGeGeGeSiGeGeSiGeGeSiSiSiSiSiSiGeSiSiSiSiSiGeSiSiSiSiSiGeSiSiSiSiGeGeSiSiSiSiSiSiSiSiSiSiSiSiSiGeGeGeGeGeSiGeSiGeGeGe
   -25482.0585937500 GeGeGeGeGeSiGeGeSiGeGeSiSiSiSiSiSiGeSiSiSiSiSiGeSiSiSiSiSiGeSiSiSiSiGeGeSiSiSiSiSiSiSiSiSiSiSiSiSiGeGeGeGeGeSiGeSiGeGeGe
   -25482.0585937500 GeGeGeGeGeSiGeGeSiGeGeSiSiSiSiSiSiGeSiSiSiSiSiGeSiSiSiSiSiGeSiSiSiSiGeGeSiSiSiSiSiSiSiSiSiSiSiSiSiGeGeGeGeGeSiGeSiGeGeGe
   -25482.0585937500 GeGeGeGeGeSiGeGeSiGeGeSiSiSiSiSiSiGeSiSiSiSiSiGeSiSiSiSiSiGeSiSiSiSiGeGeSiSiSiSiSiSiSiSiSiSiSiSiSiGeGeGeGeGeSiGeSiGeGeGe
   -25482.0585937500 GeGeGeGeGeSiGeGeSiGeGeSiSiSiSiSiSiGeSiSiSiSiSiGeSiSiSiSiSiGeSiSiSiSiGeGeSiSiSiSiSiSiSiSiSiSiSiSiSiGeGeGeGeGeSiGeSiGeGeGe
   -25482.0585937500 GeGeGeGeGeSiGeGeSiGeGeSiSiSiSiSiSiGeSiSiSiSiSiGeSiSiSiSiSiGeSiSiSiSiGeGeSiSiSiSiSiSiSiSiSiSiSiSiSiGeGeGeGeGeSiGeSiGeGeGe
   -25482.0585937500 GeGeGeGeGeSiGeGeSiGeGeSiSiSiSiSiSiGeSiSiSiSiSiGeSiSiSiSiSiGeSiSiSiSiGeGeSiSiSiSiSiSiSiSiSiSiSiSiSiGeGeGeGeGeSiGeSiGeGeGe
   -25482.0585937500 GeGeGeGeGeSiGeGeSiGeGeSiSiSiSiSiSiGeSiSiSiSiSiGeSiSiSiSiSiGeSiSiSiSiGeGeSiSiSiSiSiSiSiSiSiSiSiSiSiGeGeGeGeGeSiGeSiGeGeGe
   -25482.0585937500 GeGeGeGeGeSiGeGeSiGeGeSiSiSiSiSiSiGeSiSiSiSiSiGeSiSiSiSiSiGeSiSiSiSiGeGeSiSiSiSiSiSiSiSiSiSiSiSiSiGeGeGeGeGeSiGeSiGeGeGe
   -25482.0585937500 GeGeGeGeGeSiGeGeSiGeGeSiSiSiSiSiSiGeSiSiSiSiSiGeSiSiSiSiSiGeSiSiSiSiGeGeSiSiSiSiSiSiSiSiSiSiSiSiSiGeGeGeGeGeSiGeSiGeGeGe
   -25482.0585937500 GeGeGeGeGeSiGeGeSiGeGeSiSiSiSiSiSiGeSiSiSiSiSiGeSiSiSiSiSiGeSiSiSiSiGeGeSiSiSiSiSiSiSiSiSiSiSiSiSiGeGeGeGeGeSiGeSiGeGeGe
   -25482.0585937500 GeGeGeGeGeSiGeGeSiGeGeSiSiSiSiSiSiGeSiSiSiSiSiGeSiSiSiSiSiGeSiSiSiSiGeGeSiSiSiSiSiSiSiSiSiSiSiSiSiGeGeGeGeGeSiGeSiGeGeGe
   -25482.0585937500 GeGeGeGeGeSiGeGeSiGeGeSiSiSiSiSiSiGeSiSiSiSiSiGeSiSiSiSiSiGeSiSiSiSiGeGeSiSiSiSiSiSiSiSiSiSiSiSiSiGeGeGeGeGeSiGeSiGeGeGe
   -25482.0585937500 GeGeGeGeGeSiGeGeSiGeGeSiSiSiSiSiSiGeSiSiSiSiSiGeSiSiSiSiSiGeSiSiSiSiGeGeSiSiSiSiSiSiSiSiSiSiSiSiSiGeGeGeGeGeSiGeSiGeGeGe
   -25482.0585937500 GeGeGeGeGeSiGeGeSiGeGeSiSiSiSiSiSiGeSiSiSiSiSiGeSiSiSiSiSiGeSiSiSiSiGeGeSiSiSiSiSiSiSiSiSiSiSiSiSiGeGeGeGeGeSiGeSiGeGeGe
   -25482.0585937500 GeGeGeGeGeSiGeGeSiGeGeSiSiSiSiSiSiGeSiSiSiSiSiGeSiSiSiSiSiGeSiSiSiSiGeGeSiSiSiSiSiSiSiSiSiSiSiSiSiGeGeGeGeGeSiGeSiGeGeGe
   -25482.0585937500 GeGeGeGeGeSiGeGeSiGeGeSiSiSiSiSiSiGeSiSiSiSiSiGeSiSiSiSiSiGeSiSiSiSiGeGeSiSiSiSiSiSiSiSiSiSiSiSiSiGeGeGeGeGeSiGeSiGeGeGe
   -25482.0585937500 GeGeGeGeGeSiGeGeSiGeGeSiSiSiSiSiSiGeSiSiSiSiSiGeSiSiSiSiSiGeSiSiSiSiGeGeSiSiSiSiSiSiSiSiSiSiSiSiSiGeGeGeGeGeSiGeSiGeGeGe
   -25482.0585937500 GeGeGeGeGeSiGeGeSiGeGeSiSiSiSiSiSiGeSiSiSiSiSiGeSiSiSiSiSiGeSiSiSiSiGeGeSiSiSiSiSiSiSiSiSiSiSiSiSiGeGeGeGeGeSiGeSiGeGeGe
   -25482.0585937500 GeGeGeGeGeSiGeGeSiGeGeSiSiSiSiSiSiGeSiSiSiSiSiGeSiSiSiSiSiGeSiSiSiSiGeGeSiSiSiSiSiSiSiSiSiSiSiSiSiGeGeGeGeGeSiGeSiGeGeGe
   -25482.0585937500 GeGeGeGeGeSiGeGeSiGeGeSiSiSiSiSiSiGeSiSiSiSiSiGeSiSiSiSiSiGeSiSiSiSiGeGeSiSiSiSiSiSiSiSiSiSiSiSiSiGeGeGeGeGeSiGeSiGeGeGe
   -25482.0585937500 GeGeGeGeGeSiGeGeSiGeGeSiSiSiSiSiSiGeSiSiSiSiSiGeSiSiSiSiSiGeSiSiSiSiGeGeSiSiSiSiSiSiSiSiSiSiSiSiSiGeGeGeGeGeSiGeSiGeGeGe
   -25482.0585937500 GeGeGeGeGeSiGeGeSiGeGeSiSiSiSiSiSiGeSiSiSiSiSiGeSiSiSiSiSiGeSiSiSiSiGeGeSiSiSiSiSiSiSiSiSiSiSiSiSiGeGeGeGeGeSiGeSiGeGeGe
   -25482.0585937500 GeGeGeGeGeSiGeGeSiGeGeSiSiSiSiSiSiGeSiSiSiSiSiGeSiSiSiSiSiGeSiSiSiSiGeGeSiSiSiSiSiSiSiSiSiSiSiSiSiGeGeGeGeGeSiGeSiGeGeGe
   -25482.0585937500 GeGeGeGeGeSiGeGeSiGeGeSiSiSiSiSiSiGeSiSiSiSiSiGeSiSiSiSiSiGeSiSiSiSiGeGeSiSiSiSiSiSiSiSiSiSiSiSiSiGeGeGeGeGeSiGeSiGeGeGe
   -25482.0585937500 GeGeGeGeGeSiGeGeSiGeGeSiSiSiSiSiSiGeSiSiSiSiSiGeSiSiSiSiSiGeSiSiSiSiGeGeSiSiSiSiSiSiSiSiSiSiSiSiSiGeGeGeGeGeSiGeSiGeGeGe
   -25482.0585937500 GeGeGeGeGeSiGeGeSiGeGeSiSiSiSiSiSiGeSiSiSiSiSiGeSiSiSiSiSiGeSiSiSiSiGeGeSiSiSiSiSiSiSiSiSiSiSiSiSiGeGeGeGeGeSiGeSiGeGeGe
   -25482.0585937500 GeGeGeGeGeSiGeGeSiGeGeSiSiSiSiSiSiGeSiSiSiSiSiGeSiSiSiSiSiGeSiSiSiSiGeGeSiSiSiSiSiSiSiSiSiSiSiSiSiGeGeGeGeGeSiGeSiGeGeGe
   -25482.0585937500 GeGeGeGeGeSiGeGeSiGeGeSiSiSiSiSiSiGeSiSiSiSiSiGeSiSiSiSiSiGeSiSiSiSiGeGeSiSiSiSiSiSiSiSiSiSiSiSiSiGeGeGeGeGeSiGeSiGeGeGe
   -25482.0585937500 GeGeGeGeGeSiGeGeSiGeGeSiSiSiSiSiSiGeSiSiSiSiSiGeSiSiSiSiSiGeSiSiSiSiGeGeSiSiSiSiSiSiSiSiSiSiSiSiSiGeGeGeGeGeSiGeSiGeGeGe
   -25482.0585937500 GeGeGeGeGeSiGeGeSiGeGeSiSiSiSiSiSiGeSiSiSiSiSiGeSiSiSiSiSiGeSiSiSiSiGeGeSiSiSiSiSiSiSiSiSiSiSiSiSiGeGeGeGeGeSiGeSiGeGeGe
   -25482.0585937500 GeGeGeGeGeSiGeGeSiGeGeSiSiSiSiSiSiGeSiSiSiSiSiGeSiSiSiSiSiGeSiSiSiSiGeGeSiSiSiSiSiSiSiSiSiSiSiSiSiGeGeGeGeGeSiGeSiGeGeGe
   -25482.0585937500 GeGeGeGeGeSiGeGeSiGeGeSiSiSiSiSiSiGeSiSiSiSiSiGeSiSiSiSiSiGeSiSiSiSiGeGeSiSiSiSiSiSiSiSiSiSiSiSiSiGeGeGeGeGeSiGeSiGeGeGe
   -25482.0585937500 GeGeGeGeGeSiGeGeSiGeGeSiSiSiSiSiSiGeSiSiSiSiSiGeSiSiSiSiSiGeSiSiSiSiGeGeSiSiSiSiSiSiSiSiSiSiSiSiSiGeGeGeGeGeSiGeSiGeGeGe
   -25482.0585937500 GeGeGeGeGeSiGeGeSiGeGeSiSiSiSiSiSiGeSiSiSiSiSiGeSiSiSiSiSiGeSiSiSiSiGeGeSiSiSiSiSiSiSiSiSiSiSiSiSiGeGeGeGeGeSiGeSiGeGeGe
   -25482.0585937500 GeGeGeGeGeSiGeGeSiGeGeSiSiSiSiSiSiGeSiSiSiSiSiGeSiSiSiSiSiGeSiSiSiSiGeGeSiSiSiSiSiSiSiSiSiSiSiSiSiGeGeGeGeGeSiGeSiGeGeGe
   -25482.0585937500 GeGeGeGeGeSiGeGeSiGeGeSiSiSiSiSiSiGeSiSiSiSiSiGeSiSiSiSiSiGeSiSiSiSiGeGeSiSiSiSiSiSiSiSiSiSiSiSiSiGeGeGeGeGeSiGeSiGeGeGe
   -25482.0585937500 GeGeGeGeGeSiGeGeSiGeGeSiSiSiSiSiSiGeSiSiSiSiSiGeSiSiSiSiSiGeSiSiSiSiGeGeSiSiSiSiSiSiSiSiSiSiSiSiSiGeGeGeGeGeSiGeSiGeGeGe
   -25482.0585937500 GeGeGeGeGeSiGeGeSiGeGeSiSiSiSiSiSiGeSiSiSiSiSiGeSiSiSiSiSiGeSiSiSiSiGeGeSiSiSiSiSiSiSiSiSiSiSiSiSiGeGeGeGeGeSiGeSiGeGeGe
   -25482.0585937500 GeGeGeGeGeSiGeGeSiGeGeSiSiSiSiSiSiGeSiSiSiSiSiGeSiSiSiSiSiGeSiSiSiSiGeGeSiSiSiSiSiSiSiSiSiSiSiSiSiGeGeGeGeGeSiGeSiGeGeGe
   -25482.0585937500 GeGeGeGeGeSiGeGeSiGeGeSiSiSiSiSiSiGeSiSiSiSiSiGeSiSiSiSiSiGeSiSiSiSiGeGeSiSiSiSiSiSiSiSiSiSiSiSiSiGeGeGeGeGeSiGeSiGeGeGe
   -25482.0585937500 GeGeGeGeGeSiGeGeSiGeGeSiSiSiSiSiSiGeSiSiSiSiSiGeSiSiSiSiSiGeSiSiSiSiGeGeSiSiSiSiSiSiSiSiSiSiSiSiSiGeGeGeGeGeSiGeSiGeGeGe
   -25482.0585937500 GeGeGeGeGeSiGeGeSiGeGeSiSiSiSiSiSiGeSiSiSiSiSiGeSiSiSiSiSiGeSiSiSiSiGeGeSiSiSiSiSiSiSiSiSiSiSiSiSiGeGeGeGeGeSiGeSiGeGeGe
   -25482.0585937500 GeGeGeGeGeSiGeGeSiGeGeSiSiSiSiSiSiGeSiSiSiSiSiGeSiSiSiSiSiGeSiSiSiSiGeGeSiSiSiSiSiSiSiSiSiSiSiSiSiGeGeGeGeGeSiGeSiGeGeGe
   -25482.0585937500 GeGeGeGeGeSiGeGeSiGeGeSiSiSiSiSiSiGeSiSiSiSiSiGeSiSiSiSiSiGeSiSiSiSiGeGeSiSiSiSiSiSiSiSiSiSiSiSiSiGeGeGeGeGeSiGeSiGeGeGe
   -25482.0585937500 GeGeGeGeGeSiGeGeSiGeGeSiSiSiSiSiSiGeSiSiSiSiSiGeSiSiSiSiSiGeSiSiSiSiGeGeSiSiSiSiSiSiSiSiSiSiSiSiSiGeGeGeGeGeSiGeSiGeGeGe
   -25482.0585937500 GeGeGeGeGeSiGeGeSiGeGeSiSiSiSiSiSiGeSiSiSiSiSiGeSiSiSiSiSiGeSiSiSiSiGeGeSiSiSiSiSiSiSiSiSiSiSiSiSiGeGeGeGeGeSiGeSiGeGeGe
   -25482.0585937500 GeGeGeGeGeSiGeGeSiGeGeSiSiSiSiSiSiGeSiSiSiSiSiGeSiSiSiSiSiGeSiSiSiSiGeGeSiSiSiSiSiSiSiSiSiSiSiSiSiGeGeGeGeGeSiGeSiGeGeGe
   -25482.0585937500 GeGeGeGeGeSiGeGeSiGeGeSiSiSiSiSiSiGeSiSiSiSiSiGeSiSiSiSiSiGeSiSiSiSiGeGeSiSiSiSiSiSiSiSiSiSiSiSiSiGeGeGeGeGeSiGeSiGeGeGe
   -25482.0585937500 GeGeGeGeGeSiGeGeSiGeGeSiSiSiSiSiSiGeSiSiSiSiSiGeSiSiSiSiSiGeSiSiSiSiGeGeSiSiSiSiSiSiSiSiSiSiSiSiSiGeGeGeGeGeSiGeSiGeGeGe
   -25482.0585937500 GeGeGeGeGeSiGeGeSiGeGeSiSiSiSiSiSiGeSiSiSiSiSiGeSiSiSiSiSiGeSiSiSiSiGeGeSiSiSiSiSiSiSiSiSiSiSiSiSiGeGeGeGeGeSiGeSiGeGeGe
   -25482.0585937500 GeGeGeGeGeSiGeGeSiGeGeSiSiSiSiSiSiGeSiSiSiSiSiGeSiSiSiSiSiGeSiSiSiSiGeGeSiSiSiSiSiSiSiSiSiSiSiSiSiGeGeGeGeGeSiGeSiGeGeGe
   -25482.0585937500 GeGeGeGeGeSiGeGeSiGeGeSiSiSiSiSiSiGeSiSiSiSiSiGeSiSiSiSiSiGeSiSiSiSiGeGeSiSiSiSiSiSiSiSiSiSiSiSiSiGeGeGeGeGeSiGeSiGeGeGe
   -25482.0585937500 GeGeGeGeGeSiGeGeSiGeGeSiSiSiSiSiSiGeSiSiSiSiSiGeSiSiSiSiSiGeSiSiSiSiGeGeSiSiSiSiSiSiSiSiSiSiSiSiSiGeGeGeGeGeSiGeSiGeGeGe
   -25482.0585937500 GeGeGeGeGeSiGeGeSiGeGeSiSiSiSiSiSiGeSiSiSiSiSiGeSiSiSiSiSiGeSiSiSiSiGeGeSiSiSiSiSiSiSiSiSiSiSiSiSiGeGeGeGeGeSiGeSiGeGeGe
   -25482.0585937500 GeGeGeGeGeSiGeGeSiGeGeSiSiSiSiSiSiGeSiSiSiSiSiGeSiSiSiSiSiGeSiSiSiSiGeGeSiSiSiSiSiSiSiSiSiSiSiSiSiGeGeGeGeGeSiGeSiGeGeGe
   -25482.0585937500 GeGeGeGeGeSiGeGeSiGeGeSiSiSiSiSiSiGeSiSiSiSiSiGeSiSiSiSiSiGeSiSiSiSiGeGeSiSiSiSiSiSiSiSiSiSiSiSiSiGeGeGeGeGeSiGeSiGeGeGe
   -25482.0585937500 GeGeGeGeGeSiGeGeSiGeGeSiSiSiSiSiSiGeSiSiSiSiSiGeSiSiSiSiSiGeSiSiSiSiGeGeSiSiSiSiSiSiSiSiSiSiSiSiSiGeGeGeGeGeSiGeSiGeGeGe
   -25482.0585937500 GeGeGeGeGeSiGeGeSiGeGeSiSiSiSiSiSiGeSiSiSiSiSiGeSiSiSiSiSiGeSiSiSiSiGeGeSiSiSiSiSiSiSiSiSiSiSiSiSiGeGeGeGeGeSiGeSiGeGeGe
   -25482.0585937500 GeGeGeGeGeSiGeGeSiGeGeSiSiSiSiSiSiGeSiSiSiSiSiGeSiSiSiSiSiGeSiSiSiSiGeGeSiSiSiSiSiSiSiSiSiSiSiSiSiGeGeGeGeGeSiGeSiGeGeGe
   -25482.0585937500 GeGeGeGeGeSiGeGeSiGeGeSiSiSiSiSiSiGeSiSiSiSiSiGeSiSiSiSiSiGeSiSiSiSiGeGeSiSiSiSiSiSiSiSiSiSiSiSiSiGeGeGeGeGeSiGeSiGeGeGe
   -25482.0585937500 GeGeGeGeGeSiGeGeSiGeGeSiSiSiSiSiSiGeSiSiSiSiSiGeSiSiSiSiSiGeSiSiSiSiGeGeSiSiSiSiSiSiSiSiSiSiSiSiSiGeGeGeGeGeSiGeSiGeGeGe
   -25482.0585937500 GeGeGeGeGeSiGeGeSiGeGeSiSiSiSiSiSiGeSiSiSiSiSiGeSiSiSiSiSiGeSiSiSiSiGeGeSiSiSiSiSiSiSiSiSiSiSiSiSiGeGeGeGeGeSiGeSiGeGeGe
   -25482.0585937500 GeGeGeGeGeSiGeGeSiGeGeSiSiSiSiSiSiGeSiSiSiSiSiGeSiSiSiSiSiGeSiSiSiSiGeGeSiSiSiSiSiSiSiSiSiSiSiSiSiGeGeGeGeGeSiGeSiGeGeGe
   -25482.0585937500 GeGeGeGeGeSiGeGeSiGeGeSiSiSiSiSiSiGeSiSiSiSiSiGeSiSiSiSiSiGeSiSiSiSiGeGeSiSiSiSiSiSiSiSiSiSiSiSiSiGeGeGeGeGeSiGeSiGeGeGe
   -25482.0585937500 GeGeGeGeGeSiGeGeSiGeGeSiSiSiSiSiSiGeSiSiSiSiSiGeSiSiSiSiSiGeSiSiSiSiGeGeSiSiSiSiSiSiSiSiSiSiSiSiSiGeGeGeGeGeSiGeSiGeGeGe
   -25482.0585937500 GeGeGeGeGeSiGeGeSiGeGeSiSiSiSiSiSiGeSiSiSiSiSiGeSiSiSiSiSiGeSiSiSiSiGeGeSiSiSiSiSiSiSiSiSiSiSiSiSiGeGeGeGeGeSiGeSiGeGeGe
   -25482.0585937500 GeGeGeGeGeSiGeGeSiGeGeSiSiSiSiSiSiGeSiSiSiSiSiGeSiSiSiSiSiGeSiSiSiSiGeGeSiSiSiSiSiSiSiSiSiSiSiSiSiGeGeGeGeGeSiGeSiGeGeGe
   -25482.0585937500 GeGeGeGeGeSiGeGeSiGeGeSiSiSiSiSiSiGeSiSiSiSiSiGeSiSiSiSiSiGeSiSiSiSiGeGeSiSiSiSiSiSiSiSiSiSiSiSiSiGeGeGeGeGeSiGeSiGeGeGe
   -25482.0585937500 GeGeGeGeGeSiGeGeSiGeGeSiSiSiSiSiSiGeSiSiSiSiSiGeSiSiSiSiSiGeSiSiSiSiGeGeSiSiSiSiSiSiSiSiSiSiSiSiSiGeGeGeGeGeSiGeSiGeGeGe
   -25482.0585937500 GeGeGeGeGeSiGeGeSiGeGeSiSiSiSiSiSiGeSiSiSiSiSiGeSiSiSiSiSiGeSiSiSiSiGeGeSiSiSiSiSiSiSiSiSiSiSiSiSiGeGeGeGeGeSiGeSiGeGeGe
   -25482.0585937500 GeGeGeGeGeSiGeGeSiGeGeSiSiSiSiSiSiGeSiSiSiSiSiGeSiSiSiSiSiGeSiSiSiSiGeGeSiSiSiSiSiSiSiSiSiSiSiSiSiGeGeGeGeGeSiGeSiGeGeGe
   -25482.0585937500 GeGeGeGeGeSiGeGeSiGeGeSiSiSiSiSiSiGeSiSiSiSiSiGeSiSiSiSiSiGeSiSiSiSiGeGeSiSiSiSiSiSiSiSiSiSiSiSiSiGeGeGeGeGeSiGeSiGeGeGe
   -25482.0585937500 GeGeGeGeGeSiGeGeSiGeGeSiSiSiSiSiSiGeSiSiSiSiSiGeSiSiSiSiSiGeSiSiSiSiGeGeSiSiSiSiSiSiSiSiSiSiSiSiSiGeGeGeGeGeSiGeSiGeGeGe
   -25482.0585937500 GeGeGeGeGeSiGeGeSiGeGeSiSiSiSiSiSiGeSiSiSiSiSiGeSiSiSiSiSiGeSiSiSiSiGeGeSiSiSiSiSiSiSiSiSiSiSiSiSiGeGeGeGeGeSiGeSiGeGeGe
   -25482.0585937500 GeGeGeGeGeSiGeGeSiGeGeSiSiSiSiSiSiGeSiSiSiSiSiGeSiSiSiSiSiGeSiSiSiSiGeGeSiSiSiSiSiSiSiSiSiSiSiSiSiGeGeGeGeGeSiGeSiGeGeGe
   -25482.0585937500 GeGeGeGeGeSiGeGeSiGeGeSiSiSiSiSiSiGeSiSiSiSiSiGeSiSiSiSiSiGeSiSiSiSiGeGeSiSiSiSiSiSiSiSiSiSiSiSiSiGeGeGeGeGeSiGeSiGeGeGe
   -25482.0585937500 GeGeGeGeGeSiGeGeSiGeGeSiSiSiSiSiSiGeSiSiSiSiSiGeSiSiSiSiSiGeSiSiSiSiGeGeSiSiSiSiSiSiSiSiSiSiSiSiSiGeGeGeGeGeSiGeSiGeGeGe
   -25482.0585937500 GeGeGeGeGeSiGeGeSiGeGeSiSiSiSiSiSiGeSiSiSiSiSiGeSiSiSiSiSiGeSiSiSiSiGeGeSiSiSiSiSiSiSiSiSiSiSiSiSiGeGeGeGeGeSiGeSiGeGeGe
   -25482.0585937500 GeGeGeGeGeSiGeGeSiGeGeSiSiSiSiSiSiGeSiSiSiSiSiGeSiSiSiSiSiGeSiSiSiSiGeGeSiSiSiSiSiSiSiSiSiSiSiSiSiGeGeGeGeGeSiGeSiGeGeGe
   -25482.0585937500 GeGeGeGeGeSiGeGeSiGeGeSiSiSiSiSiSiGeSiSiSiSiSiGeSiSiSiSiSiGeSiSiSiSiGeGeSiSiSiSiSiSiSiSiSiSiSiSiSiGeGeGeGeGeSiGeSiGeGeGe
   -25482.0585937500 GeGeGeGeGeSiGeGeSiGeGeSiSiSiSiSiSiGeSiSiSiSiSiGeSiSiSiSiSiGeSiSiSiSiGeGeSiSiSiSiSiSiSiSiSiSiSiSiSiGeGeGeGeGeSiGeSiGeGeGe
   -25482.0585937500 GeGeGeGeGeSiGeGeSiGeGeSiSiSiSiSiSiGeSiSiSiSiSiGeSiSiSiSiSiGeSiSiSiSiGeGeSiSiSiSiSiSiSiSiSiSiSiSiSiGeGeGeGeGeSiGeSiGeGeGe
filename: c000001153387901.gin     
Cell:
    11.9020996    11.9020996    29.6919994    90.0000000    90.0000000   120.0000000
Box:
    11.9020996    -5.9510503     0.0000000
     0.0000000    10.3075209     0.0000000
     0.0000000     0.0000000    29.6919994
----------------------------------------
Inverse Box:
     0.0840188     0.0485083     0.0000000
     0.0000000     0.0970165     0.0000000
     0.0000000     0.0000000     0.0336791
----------------------------------------
==============================================
geometrical properties of  23 Ge:
 Configuration:           0
 D_ave:   9.32886410       3.49152327    
 D_min:   3.31077385      0.467519552    
 energia:  -25482.0586    
