Random Seed:  1463311583
Number of atoms:    60
Space Group:    1
Cell:
    11.9020996    11.9020996    29.6919994    90.0000000    90.0000000   120.0000000
Box:
    11.9020996    -5.9510503     0.0000000
     0.0000000    10.3075209     0.0000000
     0.0000000     0.0000000    29.6919994
----------------------------------------
Inverse Box:
     0.0840188     0.0485083     0.0000000
     0.0000000     0.0970165     0.0000000
     0.0000000     0.0000000     0.0336791
----------------------------------------
GeSiSiSiSiSiSiSiSiSiSiSiSiSiSiSiSiSiSiSiSiSiSiSiSiSiSiGeSiSiSiSiSiSiSiSiSiSiSiSiSiSiSiSiSiSiSiSiSiSiSiSiSiSiSiSiSiSiSiSi
           1 Ge    -7733.56885    
GeGeSiSiSiSiSiSiSiSiSiSiSiSiSiSiSiSiSiSiSiSiSiSiSiSiSiGeSiSiSiSiSiSiSiSiSiSiSiSiSiSiSiSiSiSiSiSiSiSiSiSiSiSiSiSiSiSiSiSi
           2 Ge    -7726.91895    
GeGeGeSiSiSiSiSiSiSiSiSiSiSiSiSiSiSiSiSiSiSiSiSiSiSiSiGeSiSiSiSiSiSiSiSiSiSiSiSiSiSiSiSiSiSiSiSiSiSiSiSiSiSiSiSiSiSiSiSi
           3 Ge    -7720.15576    
GeGeGeGeSiSiSiSiSiSiSiSiSiSiSiSiSiSiSiSiSiSiSiSiSiSiSiGeSiSiSiSiSiSiSiSiSiSiSiSiSiSiSiSiSiSiSiSiSiSiSiSiSiSiSiSiSiSiSiSi
           4 Ge    -7743.95068    
GeGeGeGeGeSiSiSiSiSiSiSiSiSiSiSiSiSiSiSiSiSiSiSiSiSiSiGeSiSiSiSiSiSiSiSiSiSiSiSiSiSiSiSiSiSiSiSiSiSiSiSiSiSiSiSiSiSiSiSi
           5 Ge    -7786.03467    
GeGeGeGeGeGeSiSiSiSiSiSiSiSiSiSiSiSiSiSiSiSiSiSiSiSiSiGeSiSiSiSiSiSiSiSiSiSiSiSiSiSiSiSiSiSiSiSiSiSiSiSiSiSiSiSiSiSiSiSi
           6 Ge    -7851.42383    
GeGeGeGeGeGeGeSiSiSiSiSiSiSiSiSiSiSiSiSiSiSiSiSiSiSiSiGeSiSiSiSiSiSiSiSiSiSiSiSiSiSiSiSiSiSiSiSiSiSiSiSiSiSiSiSiSiSiSiSi
           7 Ge    -8016.90186    
GeGeGeGeGeGeGeGeSiSiSiSiSiSiSiSiSiSiSiSiSiSiSiSiSiSiSiGeSiSiSiSiSiSiSiSiSiSiSiSiSiSiSiSiSiSiSiSiSiSiSiSiSiSiSiSiSiSiSiSi
           8 Ge    -8217.66602    
GeGeGeGeGeGeGeGeSiSiSiSiSiGeSiSiSiSiSiSiSiSiSiSiSiSiSiGeSiSiSiSiSiSiSiSiSiSiSiSiSiSiSiSiSiSiSiSiSiSiSiSiSiSiSiSiSiSiSiSi
          14 Ge    -8310.77051    
GeGeGeGeGeGeGeGeSiSiSiSiSiGeSiGeSiSiSiSiSiSiSiSiSiSiSiGeSiSiSiSiSiSiSiSiSiSiSiSiSiSiSiSiSiSiSiSiSiSiSiSiSiSiSiSiSiSiSiSi
          16 Ge    -8553.09961    
GeGeGeGeGeGeGeGeSiSiSiSiSiGeSiGeSiSiSiSiSiSiSiSiSiGeSiGeSiSiSiSiSiSiSiSiSiSiSiSiSiSiSiSiSiSiSiSiSiSiSiSiSiSiSiSiSiSiSiSi
          26 Ge    -8285.73926    
GeGeGeGeGeGeGeGeSiSiSiSiSiGeSiGeSiSiSiSiSiSiSiSiSiGeSiGeSiGeSiSiSiSiSiSiSiSiSiSiSiSiSiSiSiSiSiSiSiSiSiSiSiSiSiSiSiSiSiSi
          30 Ge    -8714.34082    
GeGeGeGeGeGeGeGeSiSiSiSiSiGeSiGeSiSiSiSiSiSiSiSiSiGeSiGeSiGeSiSiGeSiSiSiSiSiSiSiSiSiSiSiSiSiSiSiSiSiSiSiSiSiSiSiSiSiSiSi
          33 Ge    -9204.72363    
GeGeGeGeGeGeGeGeSiSiSiSiSiGeSiGeSiSiSiSiSiSiSiSiSiGeSiGeSiGeSiSiGeSiSiGeSiSiSiSiSiSiSiSiSiSiSiSiSiSiSiSiSiSiSiSiSiSiSiSi
          36 Ge    -7898.36279    
GeGeGeGeGeGeGeGeSiSiSiSiSiGeSiGeSiSiSiSiSiSiSiSiSiGeSiGeSiGeSiSiGeSiSiGeSiSiGeSiSiSiSiSiSiSiSiSiSiSiSiSiSiSiSiSiSiSiSiSi
          39 Ge    -8496.50781    
GeGeGeGeGeGeGeGeSiSiSiSiSiGeSiGeSiSiSiSiSiSiSiSiSiGeSiGeSiGeSiSiGeSiSiGeSiSiGeGeSiSiSiSiSiSiSiSiSiSiSiSiSiSiSiSiSiSiSiSi
          40 Ge    -7705.61719    
GeGeGeGeGeGeGeGeSiSiSiSiSiGeSiGeSiSiSiSiSiSiSiSiSiGeSiGeSiGeSiSiGeSiSiGeSiSiGeGeGeSiSiSiSiSiSiSiSiSiSiSiSiSiSiSiSiSiSiSi
          41 Ge    -8399.89062    
GeGeGeGeGeGeGeGeSiSiSiSiSiGeSiGeSiSiSiSiSiSiSiSiSiGeSiGeSiGeSiSiGeSiSiGeSiSiGeGeGeGeSiSiSiSiSiSiSiSiSiSiSiSiSiSiSiSiSiSi
          42 Ge    -8288.91602    
GeGeGeGeGeGeGeGeSiSiSiSiSiGeSiGeSiSiSiSiSiSiSiSiSiGeSiGeSiGeSiSiGeSiSiGeSiSiGeGeGeGeSiSiGeSiSiSiSiSiSiSiSiSiSiSiSiSiSiSi
          45 Ge    -8709.56055    
GeGeGeGeGeGeGeGeSiSiSiSiSiGeSiGeSiSiSiSiSiSiSiSiSiGeSiGeSiGeSiSiGeSiSiGeSiSiGeGeGeGeSiSiGeGeSiSiSiSiSiSiSiSiSiSiSiSiSiSi
          46 Ge    -8911.32715    
GeGeGeGeGeGeGeGeSiSiSiSiSiGeSiGeSiSiSiSiSiSiSiSiSiGeSiGeSiGeSiSiGeSiSiGeSiSiGeGeGeGeSiSiGeGeSiSiSiSiSiSiSiSiSiSiGeSiSiSi
          57 Ge    -9904.82031    
GeGeGeGeGeGeGeGeSiGeSiSiSiGeSiGeSiSiSiSiSiSiSiSiSiGeSiGeSiGeSiSiGeSiSiGeSiSiGeGeGeGeSiSiGeGeSiSiSiSiSiSiSiSiSiSiGeSiSiSi
          10 Ge    -7893.28809    
GeGeGeGeGeGeGeGeSiGeGeSiSiGeSiGeSiSiSiSiSiSiSiSiSiGeSiGeSiGeSiSiGeSiSiGeSiSiGeGeGeGeSiSiGeGeSiSiSiSiSiSiSiSiSiSiGeSiSiSi
          11 Ge    -6291.66162    
==============================================
MonteCarlo: Metropolis with identity changes
Si > Ge, Ge > Si. STOP when occurrence <    0.00000
==============================================
Cost_function     Occurrence %     Scan-Cost
   -17172.2890625000 SiGeGeSiGeGeGeGeGeSiSiGeSiSiSiSiGeSiGeSiSiGeGeSiSiSiSiSiSiGeSiSiSiSiSiGeSiSiSiSiSiSiGeGeGeSiSiSiGeGeGeSiGeGeSiGeSiSiGeSi
   -19057.0156250000 SiGeSiGeGeGeGeGeGeSiSiGeSiSiGeSiSiSiSiSiSiGeGeSiSiSiGeSiSiGeSiSiSiSiSiSiSiSiSiGeGeSiGeGeSiSiSiSiSiGeGeSiGeGeGeGeGeSiSiSi
   -19109.1484375000 SiGeSiSiGeGeGeGeGeSiSiGeSiSiGeSiSiSiSiSiSiGeGeSiSiSiGeSiSiGeSiSiSiSiSiSiGeSiSiGeGeSiGeGeSiSiSiSiSiGeGeSiGeGeGeGeGeSiSiSi
   -19109.1484375000 SiGeSiSiGeGeGeGeGeSiSiGeSiSiGeSiSiSiSiSiSiGeGeSiSiSiGeSiSiGeSiSiSiSiSiSiGeSiSiGeGeSiGeGeSiSiSiSiSiGeGeSiGeGeGeGeGeSiSiSi
   -19109.1484375000 SiGeSiSiGeGeGeGeGeSiSiGeSiSiGeSiSiSiSiSiSiGeGeSiSiSiGeSiSiGeSiSiSiSiSiSiGeSiSiGeGeSiGeGeSiSiSiSiSiGeGeSiGeGeGeGeGeSiSiSi
   -19363.2890625000 SiGeSiSiGeGeGeGeGeSiSiGeSiSiGeSiSiSiSiSiSiGeGeSiSiSiGeSiSiGeSiSiSiSiSiSiGeSiSiGeGeSiGeGeSiSiSiSiSiGeGeSiSiGeGeGeGeGeSiSi
   -19363.2890625000 SiGeSiSiGeGeGeGeGeSiSiGeSiSiGeSiSiSiSiSiSiGeGeSiSiSiGeSiSiGeSiSiSiSiSiSiGeSiSiGeGeSiGeGeSiSiSiSiSiGeGeSiSiGeGeGeGeGeSiSi
   -20118.4101562500 SiSiGeSiGeSiGeSiGeSiGeSiSiSiGeSiSiSiGeSiGeGeSiSiSiSiGeSiSiGeGeGeSiSiSiSiGeSiSiGeSiGeSiSiSiSiSiGeSiGeGeSiSiGeGeGeGeGeSiSi
   -20118.4101562500 SiSiGeSiGeSiGeSiGeSiGeSiSiSiGeSiSiSiGeSiGeGeSiSiSiSiGeSiSiGeGeGeSiSiSiSiGeSiSiGeSiGeSiSiSiSiSiGeSiGeGeSiSiGeGeGeGeGeSiSi
   -20118.4101562500 SiSiGeSiGeSiGeSiGeSiGeSiSiSiGeSiSiSiGeSiGeGeSiSiSiSiGeSiSiGeGeGeSiSiSiSiGeSiSiGeSiGeSiSiSiSiSiGeSiGeGeSiSiGeGeGeGeGeSiSi
   -20118.4101562500 SiSiGeSiGeSiGeSiGeSiGeSiSiSiGeSiSiSiGeSiGeGeSiSiSiSiGeSiSiGeGeGeSiSiSiSiGeSiSiGeSiGeSiSiSiSiSiGeSiGeGeSiSiGeGeGeGeGeSiSi
   -20118.4101562500 SiSiGeSiGeSiGeSiGeSiGeSiSiSiGeSiSiSiGeSiGeGeSiSiSiSiGeSiSiGeGeGeSiSiSiSiGeSiSiGeSiGeSiSiSiSiSiGeSiGeGeSiSiGeGeGeGeGeSiSi
   -20118.4101562500 SiSiGeSiGeSiGeSiGeSiGeSiSiSiGeSiSiSiGeSiGeGeSiSiSiSiGeSiSiGeGeGeSiSiSiSiGeSiSiGeSiGeSiSiSiSiSiGeSiGeGeSiSiGeGeGeGeGeSiSi
   -22170.7070312500 SiSiGeSiGeSiGeGeGeSiGeSiSiGeGeSiSiSiGeSiGeSiSiSiSiSiGeSiSiGeGeGeSiSiSiSiSiSiSiGeSiGeSiSiSiSiSiGeSiGeGeSiGeSiGeGeGeGeSiSi
   -22625.4335937500 SiSiGeSiGeSiGeGeGeSiGeGeSiGeGeSiSiSiGeSiSiGeSiSiSiGeSiSiSiGeGeSiSiSiSiSiSiSiSiGeSiGeSiSiSiSiSiGeSiGeGeSiGeSiGeGeGeGeSiSi
   -23516.8398437500 SiSiGeGeSiSiGeGeGeSiGeGeSiGeGeSiGeSiGeSiSiGeSiSiSiGeSiSiSiGeSiSiSiSiSiSiSiSiSiGeSiGeSiGeSiSiSiSiSiGeGeSiGeSiGeGeGeGeSiSi
   -23516.8398437500 SiSiGeGeSiSiGeGeGeSiGeGeSiGeGeSiGeSiGeSiSiGeSiSiSiGeSiSiSiGeSiSiSiSiSiSiSiSiSiGeSiGeSiGeSiSiSiSiSiGeGeSiGeSiGeGeGeGeSiSi
   -23516.8398437500 SiSiGeGeSiSiGeGeGeSiGeGeSiGeGeSiGeSiGeSiSiGeSiSiSiGeSiSiSiGeSiSiSiSiSiSiSiSiSiGeSiGeSiGeSiSiSiSiSiGeGeSiGeSiGeGeGeGeSiSi
   -23516.8398437500 SiSiGeGeSiSiGeGeGeSiGeGeSiGeGeSiGeSiGeSiSiGeSiSiSiGeSiSiSiGeSiSiSiSiSiSiSiSiSiGeSiGeSiGeSiSiSiSiSiGeGeSiGeSiGeGeGeGeSiSi
   -23516.8398437500 SiSiGeGeSiSiGeGeGeSiGeGeSiGeGeSiGeSiGeSiSiGeSiSiSiGeSiSiSiGeSiSiSiSiSiSiSiSiSiGeSiGeSiGeSiSiSiSiSiGeGeSiGeSiGeGeGeGeSiSi
   -24186.9765625000 SiSiGeGeSiSiGeGeGeSiGeGeSiSiGeSiGeSiGeSiSiGeSiSiSiGeSiSiSiGeSiSiSiSiSiSiSiSiSiGeSiGeSiGeSiSiSiSiSiGeGeSiGeSiGeGeGeGeGeSi
   -24916.6601562500 SiSiGeGeSiSiGeGeGeSiGeGeSiSiGeSiGeGeGeSiSiGeSiSiSiGeSiSiSiGeSiSiSiSiSiSiSiSiSiGeSiSiSiGeSiSiSiSiSiGeGeSiGeSiGeGeGeGeGeSi
   -24916.6601562500 SiSiGeGeSiSiGeGeGeSiGeGeSiSiGeSiGeGeGeSiSiGeSiSiSiGeSiSiSiGeSiSiSiSiSiSiSiSiSiGeSiSiSiGeSiSiSiSiSiGeGeSiGeSiGeGeGeGeGeSi
   -24916.6601562500 SiSiGeGeSiSiGeGeGeSiGeGeSiSiGeSiGeGeGeSiSiGeSiSiSiGeSiSiSiGeSiSiSiSiSiSiSiSiSiGeSiSiSiGeSiSiSiSiSiGeGeSiGeSiGeGeGeGeGeSi
   -24916.6601562500 SiSiGeGeSiSiGeGeGeSiGeGeSiSiGeSiGeGeGeSiSiGeSiSiSiGeSiSiSiGeSiSiSiSiSiSiSiSiSiGeSiSiSiGeSiSiSiSiSiGeGeSiGeSiGeGeGeGeGeSi
   -24916.6601562500 SiSiGeGeSiSiGeGeGeSiGeGeSiSiGeSiGeGeGeSiSiGeSiSiSiGeSiSiSiGeSiSiSiSiSiSiSiSiSiGeSiSiSiGeSiSiSiSiSiGeGeSiGeSiGeGeGeGeGeSi
   -24916.6601562500 SiSiGeGeSiSiGeGeGeSiGeGeSiSiGeSiGeGeGeSiSiGeSiSiSiGeSiSiSiGeSiSiSiSiSiSiSiSiSiGeSiSiSiGeSiSiSiSiSiGeGeSiGeSiGeGeGeGeGeSi
   -24916.6601562500 SiSiGeGeSiSiGeGeGeSiGeGeSiSiGeSiGeGeGeSiSiGeSiSiSiGeSiSiSiGeSiSiSiSiSiSiSiSiSiGeSiSiSiGeSiSiSiSiSiGeGeSiGeSiGeGeGeGeGeSi
   -24916.6601562500 SiSiGeGeSiSiGeGeGeSiGeGeSiSiGeSiGeGeGeSiSiGeSiSiSiGeSiSiSiGeSiSiSiSiSiSiSiSiSiGeSiSiSiGeSiSiSiSiSiGeGeSiGeSiGeGeGeGeGeSi
   -24916.6601562500 SiSiGeGeSiSiGeGeGeSiGeGeSiSiGeSiGeGeGeSiSiGeSiSiSiGeSiSiSiGeSiSiSiSiSiSiSiSiSiGeSiSiSiGeSiSiSiSiSiGeGeSiGeSiGeGeGeGeGeSi
   -24916.6601562500 SiSiGeGeSiSiGeGeGeSiGeGeSiSiGeSiGeGeGeSiSiGeSiSiSiGeSiSiSiGeSiSiSiSiSiSiSiSiSiGeSiSiSiGeSiSiSiSiSiGeGeSiGeSiGeGeGeGeGeSi
   -25440.6132812500 SiSiGeGeSiSiGeGeGeSiGeGeSiSiGeSiGeGeGeSiSiGeSiSiSiGeSiSiSiGeSiSiSiSiSiSiSiSiSiSiSiSiSiGeSiSiSiSiSiGeGeSiGeSiGeGeGeGeGeGe
   -25440.6132812500 SiSiGeGeSiSiGeGeGeSiGeGeSiSiGeSiGeGeGeSiSiGeSiSiSiGeSiSiSiGeSiSiSiSiSiSiSiSiSiSiSiSiSiGeSiSiSiSiSiGeGeSiGeSiGeGeGeGeGeGe
   -25458.2890625000 SiSiGeGeSiSiGeGeGeSiGeGeSiSiGeSiGeGeGeSiSiGeSiSiSiGeSiSiSiGeSiSiSiSiSiSiSiSiSiSiSiSiSiGeSiSiSiSiSiSiGeGeGeSiGeGeGeGeGeGe
   -25458.2890625000 SiSiGeGeSiSiGeGeGeSiGeGeSiSiGeSiGeGeGeSiSiGeSiSiSiGeSiSiSiGeSiSiSiSiSiSiSiSiSiSiSiSiSiGeSiSiSiSiSiSiGeGeGeSiGeGeGeGeGeGe
   -25458.2890625000 SiSiGeGeSiSiGeGeGeSiGeGeSiSiGeSiGeGeGeSiSiGeSiSiSiGeSiSiSiGeSiSiSiSiSiSiSiSiSiSiSiSiSiGeSiSiSiSiSiSiGeGeGeSiGeGeGeGeGeGe
   -25517.0546875000 SiGeGeGeSiSiSiGeGeSiGeGeSiSiGeSiGeGeGeSiSiGeSiSiSiGeSiSiSiGeSiSiSiSiSiSiSiSiSiSiSiSiSiGeSiSiSiSiSiSiGeGeGeSiGeGeGeGeGeGe
   -25517.0546875000 SiGeGeGeSiSiSiGeGeSiGeGeSiSiGeSiGeGeGeSiSiGeSiSiSiGeSiSiSiGeSiSiSiSiSiSiSiSiSiSiSiSiSiGeSiSiSiSiSiSiGeGeGeSiGeGeGeGeGeGe
   -25517.0546875000 SiGeGeGeSiSiSiGeGeSiGeGeSiSiGeSiGeGeGeSiSiGeSiSiSiGeSiSiSiGeSiSiSiSiSiSiSiSiSiSiSiSiSiGeSiSiSiSiSiSiGeGeGeSiGeGeGeGeGeGe
   -25517.0546875000 SiGeGeGeSiSiSiGeGeSiGeGeSiSiGeSiGeGeGeSiSiGeSiSiSiGeSiSiSiGeSiSiSiSiSiSiSiSiSiSiSiSiSiGeSiSiSiSiSiSiGeGeGeSiGeGeGeGeGeGe
   -25517.0546875000 SiGeGeGeSiSiSiGeGeSiGeGeSiSiGeSiGeGeGeSiSiGeSiSiSiGeSiSiSiGeSiSiSiSiSiSiSiSiSiSiSiSiSiGeSiSiSiSiSiSiGeGeGeSiGeGeGeGeGeGe
   -25517.0546875000 SiGeGeGeSiSiSiGeGeSiGeGeSiSiGeSiGeGeGeSiSiGeSiSiSiGeSiSiSiGeSiSiSiSiSiSiSiSiSiSiSiSiSiGeSiSiSiSiSiSiGeGeGeSiGeGeGeGeGeGe
   -25517.0546875000 SiGeGeGeSiSiSiGeGeSiGeGeSiSiGeSiGeGeGeSiSiGeSiSiSiGeSiSiSiGeSiSiSiSiSiSiSiSiSiSiSiSiSiGeSiSiSiSiSiSiGeGeGeSiGeGeGeGeGeGe
   -25517.0546875000 SiGeGeGeSiSiSiGeGeSiGeGeSiSiGeSiGeGeGeSiSiGeSiSiSiGeSiSiSiGeSiSiSiSiSiSiSiSiSiSiSiSiSiGeSiSiSiSiSiSiGeGeGeSiGeGeGeGeGeGe
   -25517.0546875000 SiGeGeGeSiSiSiGeGeSiGeGeSiSiGeSiGeGeGeSiSiGeSiSiSiGeSiSiSiGeSiSiSiSiSiSiSiSiSiSiSiSiSiGeSiSiSiSiSiSiGeGeGeSiGeGeGeGeGeGe
   -25613.3867187500 SiGeGeGeSiSiSiGeGeSiGeGeSiSiGeSiGeGeGeSiSiSiSiSiSiGeSiSiSiGeSiSiSiSiSiSiGeSiSiSiSiSiSiGeSiSiSiSiSiSiGeGeGeSiGeGeGeGeGeGe
   -25613.3867187500 SiGeGeGeSiSiSiGeGeSiGeGeSiSiGeSiGeGeGeSiSiSiSiSiSiGeSiSiSiGeSiSiSiSiSiSiGeSiSiSiSiSiSiGeSiSiSiSiSiSiGeGeGeSiGeGeGeGeGeGe
   -25613.3867187500 SiGeGeGeSiSiSiGeGeSiGeGeSiSiGeSiGeGeGeSiSiSiSiSiSiGeSiSiSiGeSiSiSiSiSiSiGeSiSiSiSiSiSiGeSiSiSiSiSiSiGeGeGeSiGeGeGeGeGeGe
   -25613.3867187500 SiGeGeGeSiSiSiGeGeSiGeGeSiSiGeSiGeGeGeSiSiSiSiSiSiGeSiSiSiGeSiSiSiSiSiSiGeSiSiSiSiSiSiGeSiSiSiSiSiSiGeGeGeSiGeGeGeGeGeGe
   -25613.3867187500 SiGeGeGeSiSiSiGeGeSiGeGeSiSiGeSiGeGeGeSiSiSiSiSiSiGeSiSiSiGeSiSiSiSiSiSiGeSiSiSiSiSiSiGeSiSiSiSiSiSiGeGeGeSiGeGeGeGeGeGe
   -25901.8906250000 SiGeGeGeSiSiSiGeGeSiGeGeSiSiGeSiGeGeGeSiSiSiSiSiSiGeSiSiSiGeSiSiSiSiSiSiSiSiSiSiSiSiSiGeSiSiSiSiSiGeGeGeGeSiGeGeGeGeGeGe
   -25901.8906250000 SiGeGeGeSiSiSiGeGeSiGeGeSiSiGeSiGeGeGeSiSiSiSiSiSiGeSiSiSiGeSiSiSiSiSiSiSiSiSiSiSiSiSiGeSiSiSiSiSiGeGeGeGeSiGeGeGeGeGeGe
   -25901.8906250000 SiGeGeGeSiSiSiGeGeSiGeGeSiSiGeSiGeGeGeSiSiSiSiSiSiGeSiSiSiGeSiSiSiSiSiSiSiSiSiSiSiSiSiGeSiSiSiSiSiGeGeGeGeSiGeGeGeGeGeGe
   -25901.8906250000 SiGeGeGeSiSiSiGeGeSiGeGeSiSiGeSiGeGeGeSiSiSiSiSiSiGeSiSiSiGeSiSiSiSiSiSiSiSiSiSiSiSiSiGeSiSiSiSiSiGeGeGeGeSiGeGeGeGeGeGe
   -25901.8906250000 SiGeGeGeSiSiSiGeGeSiGeGeSiSiGeSiGeGeGeSiSiSiSiSiSiGeSiSiSiGeSiSiSiSiSiSiSiSiSiSiSiSiSiGeSiSiSiSiSiGeGeGeGeSiGeGeGeGeGeGe
   -25901.8906250000 SiGeGeGeSiSiSiGeGeSiGeGeSiSiGeSiGeGeGeSiSiSiSiSiSiGeSiSiSiGeSiSiSiSiSiSiSiSiSiSiSiSiSiGeSiSiSiSiSiGeGeGeGeSiGeGeGeGeGeGe
   -25901.8906250000 SiGeGeGeSiSiSiGeGeSiGeGeSiSiGeSiGeGeGeSiSiSiSiSiSiGeSiSiSiGeSiSiSiSiSiSiSiSiSiSiSiSiSiGeSiSiSiSiSiGeGeGeGeSiGeGeGeGeGeGe
   -25901.8906250000 SiGeGeGeSiSiSiGeGeSiGeGeSiSiGeSiGeGeGeSiSiSiSiSiSiGeSiSiSiGeSiSiSiSiSiSiSiSiSiSiSiSiSiGeSiSiSiSiSiGeGeGeGeSiGeGeGeGeGeGe
   -25901.8906250000 SiGeGeGeSiSiSiGeGeSiGeGeSiSiGeSiGeGeGeSiSiSiSiSiSiGeSiSiSiGeSiSiSiSiSiSiSiSiSiSiSiSiSiGeSiSiSiSiSiGeGeGeGeSiGeGeGeGeGeGe
   -25901.8906250000 SiGeGeGeSiSiSiGeGeSiGeGeSiSiGeSiGeGeGeSiSiSiSiSiSiGeSiSiSiGeSiSiSiSiSiSiSiSiSiSiSiSiSiGeSiSiSiSiSiGeGeGeGeSiGeGeGeGeGeGe
   -25901.8906250000 SiGeGeGeSiSiSiGeGeSiGeGeSiSiGeSiGeGeGeSiSiSiSiSiSiGeSiSiSiGeSiSiSiSiSiSiSiSiSiSiSiSiSiGeSiSiSiSiSiGeGeGeGeSiGeGeGeGeGeGe
   -25901.8906250000 SiGeGeGeSiSiSiGeGeSiGeGeSiSiGeSiGeGeGeSiSiSiSiSiSiGeSiSiSiGeSiSiSiSiSiSiSiSiSiSiSiSiSiGeSiSiSiSiSiGeGeGeGeSiGeGeGeGeGeGe
   -25901.8906250000 SiGeGeGeSiSiSiGeGeSiGeGeSiSiGeSiGeGeGeSiSiSiSiSiSiGeSiSiSiGeSiSiSiSiSiSiSiSiSiSiSiSiSiGeSiSiSiSiSiGeGeGeGeSiGeGeGeGeGeGe
   -25901.8906250000 SiGeGeGeSiSiSiGeGeSiGeGeSiSiGeSiGeGeGeSiSiSiSiSiSiGeSiSiSiGeSiSiSiSiSiSiSiSiSiSiSiSiSiGeSiSiSiSiSiGeGeGeGeSiGeGeGeGeGeGe
   -25901.8906250000 SiGeGeGeSiSiSiGeGeSiGeGeSiSiGeSiGeGeGeSiSiSiSiSiSiGeSiSiSiGeSiSiSiSiSiSiSiSiSiSiSiSiSiGeSiSiSiSiSiGeGeGeGeSiGeGeGeGeGeGe
   -25901.8906250000 SiGeGeGeSiSiSiGeGeSiGeGeSiSiGeSiGeGeGeSiSiSiSiSiSiGeSiSiSiGeSiSiSiSiSiSiSiSiSiSiSiSiSiGeSiSiSiSiSiGeGeGeGeSiGeGeGeGeGeGe
   -25901.8906250000 SiGeGeGeSiSiSiGeGeSiGeGeSiSiGeSiGeGeGeSiSiSiSiSiSiGeSiSiSiGeSiSiSiSiSiSiSiSiSiSiSiSiSiGeSiSiSiSiSiGeGeGeGeSiGeGeGeGeGeGe
   -25901.8906250000 SiGeGeGeSiSiSiGeGeSiGeGeSiSiGeSiGeGeGeSiSiSiSiSiSiGeSiSiSiGeSiSiSiSiSiSiSiSiSiSiSiSiSiGeSiSiSiSiSiGeGeGeGeSiGeGeGeGeGeGe
   -25901.8906250000 SiGeGeGeSiSiSiGeGeSiGeGeSiSiGeSiGeGeGeSiSiSiSiSiSiGeSiSiSiGeSiSiSiSiSiSiSiSiSiSiSiSiSiGeSiSiSiSiSiGeGeGeGeSiGeGeGeGeGeGe
   -25901.8906250000 SiGeGeGeSiSiSiGeGeSiGeGeSiSiGeSiGeGeGeSiSiSiSiSiSiGeSiSiSiGeSiSiSiSiSiSiSiSiSiSiSiSiSiGeSiSiSiSiSiGeGeGeGeSiGeGeGeGeGeGe
   -25901.8906250000 SiGeGeGeSiSiSiGeGeSiGeGeSiSiGeSiGeGeGeSiSiSiSiSiSiGeSiSiSiGeSiSiSiSiSiSiSiSiSiSiSiSiSiGeSiSiSiSiSiGeGeGeGeSiGeGeGeGeGeGe
   -25901.8906250000 SiGeGeGeSiSiSiGeGeSiGeGeSiSiGeSiGeGeGeSiSiSiSiSiSiGeSiSiSiGeSiSiSiSiSiSiSiSiSiSiSiSiSiGeSiSiSiSiSiGeGeGeGeSiGeGeGeGeGeGe
   -25901.8906250000 SiGeGeGeSiSiSiGeGeSiGeGeSiSiGeSiGeGeGeSiSiSiSiSiSiGeSiSiSiGeSiSiSiSiSiSiSiSiSiSiSiSiSiGeSiSiSiSiSiGeGeGeGeSiGeGeGeGeGeGe
   -25901.8906250000 SiGeGeGeSiSiSiGeGeSiGeGeSiSiGeSiGeGeGeSiSiSiSiSiSiGeSiSiSiGeSiSiSiSiSiSiSiSiSiSiSiSiSiGeSiSiSiSiSiGeGeGeGeSiGeGeGeGeGeGe
   -25901.8906250000 SiGeGeGeSiSiSiGeGeSiGeGeSiSiGeSiGeGeGeSiSiSiSiSiSiGeSiSiSiGeSiSiSiSiSiSiSiSiSiSiSiSiSiGeSiSiSiSiSiGeGeGeGeSiGeGeGeGeGeGe
   -25901.8906250000 SiGeGeGeSiSiSiGeGeSiGeGeSiSiGeSiGeGeGeSiSiSiSiSiSiGeSiSiSiGeSiSiSiSiSiSiSiSiSiSiSiSiSiGeSiSiSiSiSiGeGeGeGeSiGeGeGeGeGeGe
   -25901.8906250000 SiGeGeGeSiSiSiGeGeSiGeGeSiSiGeSiGeGeGeSiSiSiSiSiSiGeSiSiSiGeSiSiSiSiSiSiSiSiSiSiSiSiSiGeSiSiSiSiSiGeGeGeGeSiGeGeGeGeGeGe
   -25901.8906250000 SiGeGeGeSiSiSiGeGeSiGeGeSiSiGeSiGeGeGeSiSiSiSiSiSiGeSiSiSiGeSiSiSiSiSiSiSiSiSiSiSiSiSiGeSiSiSiSiSiGeGeGeGeSiGeGeGeGeGeGe
   -25901.8906250000 SiGeGeGeSiSiSiGeGeSiGeGeSiSiGeSiGeGeGeSiSiSiSiSiSiGeSiSiSiGeSiSiSiSiSiSiSiSiSiSiSiSiSiGeSiSiSiSiSiGeGeGeGeSiGeGeGeGeGeGe
   -25901.8906250000 SiGeGeGeSiSiSiGeGeSiGeGeSiSiGeSiGeGeGeSiSiSiSiSiSiGeSiSiSiGeSiSiSiSiSiSiSiSiSiSiSiSiSiGeSiSiSiSiSiGeGeGeGeSiGeGeGeGeGeGe
   -25901.8906250000 SiGeGeGeSiSiSiGeGeSiGeGeSiSiGeSiGeGeGeSiSiSiSiSiSiGeSiSiSiGeSiSiSiSiSiSiSiSiSiSiSiSiSiGeSiSiSiSiSiGeGeGeGeSiGeGeGeGeGeGe
   -25901.8906250000 SiGeGeGeSiSiSiGeGeSiGeGeSiSiGeSiGeGeGeSiSiSiSiSiSiGeSiSiSiGeSiSiSiSiSiSiSiSiSiSiSiSiSiGeSiSiSiSiSiGeGeGeGeSiGeGeGeGeGeGe
   -25901.8906250000 SiGeGeGeSiSiSiGeGeSiGeGeSiSiGeSiGeGeGeSiSiSiSiSiSiGeSiSiSiGeSiSiSiSiSiSiSiSiSiSiSiSiSiGeSiSiSiSiSiGeGeGeGeSiGeGeGeGeGeGe
   -25901.8906250000 SiGeGeGeSiSiSiGeGeSiGeGeSiSiGeSiGeGeGeSiSiSiSiSiSiGeSiSiSiGeSiSiSiSiSiSiSiSiSiSiSiSiSiGeSiSiSiSiSiGeGeGeGeSiGeGeGeGeGeGe
   -25901.8906250000 SiGeGeGeSiSiSiGeGeSiGeGeSiSiGeSiGeGeGeSiSiSiSiSiSiGeSiSiSiGeSiSiSiSiSiSiSiSiSiSiSiSiSiGeSiSiSiSiSiGeGeGeGeSiGeGeGeGeGeGe
   -25901.8906250000 SiGeGeGeSiSiSiGeGeSiGeGeSiSiGeSiGeGeGeSiSiSiSiSiSiGeSiSiSiGeSiSiSiSiSiSiSiSiSiSiSiSiSiGeSiSiSiSiSiGeGeGeGeSiGeGeGeGeGeGe
   -25901.8906250000 SiGeGeGeSiSiSiGeGeSiGeGeSiSiGeSiGeGeGeSiSiSiSiSiSiGeSiSiSiGeSiSiSiSiSiSiSiSiSiSiSiSiSiGeSiSiSiSiSiGeGeGeGeSiGeGeGeGeGeGe
   -25901.8906250000 SiGeGeGeSiSiSiGeGeSiGeGeSiSiGeSiGeGeGeSiSiSiSiSiSiGeSiSiSiGeSiSiSiSiSiSiSiSiSiSiSiSiSiGeSiSiSiSiSiGeGeGeGeSiGeGeGeGeGeGe
   -25901.8906250000 SiGeGeGeSiSiSiGeGeSiGeGeSiSiGeSiGeGeGeSiSiSiSiSiSiGeSiSiSiGeSiSiSiSiSiSiSiSiSiSiSiSiSiGeSiSiSiSiSiGeGeGeGeSiGeGeGeGeGeGe
   -25901.8906250000 SiGeGeGeSiSiSiGeGeSiGeGeSiSiGeSiGeGeGeSiSiSiSiSiSiGeSiSiSiGeSiSiSiSiSiSiSiSiSiSiSiSiSiGeSiSiSiSiSiGeGeGeGeSiGeGeGeGeGeGe
   -25901.8906250000 SiGeGeGeSiSiSiGeGeSiGeGeSiSiGeSiGeGeGeSiSiSiSiSiSiGeSiSiSiGeSiSiSiSiSiSiSiSiSiSiSiSiSiGeSiSiSiSiSiGeGeGeGeSiGeGeGeGeGeGe
   -25901.8906250000 SiGeGeGeSiSiSiGeGeSiGeGeSiSiGeSiGeGeGeSiSiSiSiSiSiGeSiSiSiGeSiSiSiSiSiSiSiSiSiSiSiSiSiGeSiSiSiSiSiGeGeGeGeSiGeGeGeGeGeGe
   -25901.8906250000 SiGeGeGeSiSiSiGeGeSiGeGeSiSiGeSiGeGeGeSiSiSiSiSiSiGeSiSiSiGeSiSiSiSiSiSiSiSiSiSiSiSiSiGeSiSiSiSiSiGeGeGeGeSiGeGeGeGeGeGe
   -25901.8906250000 SiGeGeGeSiSiSiGeGeSiGeGeSiSiGeSiGeGeGeSiSiSiSiSiSiGeSiSiSiGeSiSiSiSiSiSiSiSiSiSiSiSiSiGeSiSiSiSiSiGeGeGeGeSiGeGeGeGeGeGe
   -25901.8906250000 SiGeGeGeSiSiSiGeGeSiGeGeSiSiGeSiGeGeGeSiSiSiSiSiSiGeSiSiSiGeSiSiSiSiSiSiSiSiSiSiSiSiSiGeSiSiSiSiSiGeGeGeGeSiGeGeGeGeGeGe
   -25901.8906250000 SiGeGeGeSiSiSiGeGeSiGeGeSiSiGeSiGeGeGeSiSiSiSiSiSiGeSiSiSiGeSiSiSiSiSiSiSiSiSiSiSiSiSiGeSiSiSiSiSiGeGeGeGeSiGeGeGeGeGeGe
   -25901.8906250000 SiGeGeGeSiSiSiGeGeSiGeGeSiSiGeSiGeGeGeSiSiSiSiSiSiGeSiSiSiGeSiSiSiSiSiSiSiSiSiSiSiSiSiGeSiSiSiSiSiGeGeGeGeSiGeGeGeGeGeGe
   -25901.8906250000 SiGeGeGeSiSiSiGeGeSiGeGeSiSiGeSiGeGeGeSiSiSiSiSiSiGeSiSiSiGeSiSiSiSiSiSiSiSiSiSiSiSiSiGeSiSiSiSiSiGeGeGeGeSiGeGeGeGeGeGe
   -25901.8906250000 SiGeGeGeSiSiSiGeGeSiGeGeSiSiGeSiGeGeGeSiSiSiSiSiSiGeSiSiSiGeSiSiSiSiSiSiSiSiSiSiSiSiSiGeSiSiSiSiSiGeGeGeGeSiGeGeGeGeGeGe
   -25901.8906250000 SiGeGeGeSiSiSiGeGeSiGeGeSiSiGeSiGeGeGeSiSiSiSiSiSiGeSiSiSiGeSiSiSiSiSiSiSiSiSiSiSiSiSiGeSiSiSiSiSiGeGeGeGeSiGeGeGeGeGeGe
   -25901.8906250000 SiGeGeGeSiSiSiGeGeSiGeGeSiSiGeSiGeGeGeSiSiSiSiSiSiGeSiSiSiGeSiSiSiSiSiSiSiSiSiSiSiSiSiGeSiSiSiSiSiGeGeGeGeSiGeGeGeGeGeGe
   -25901.8906250000 SiGeGeGeSiSiSiGeGeSiGeGeSiSiGeSiGeGeGeSiSiSiSiSiSiGeSiSiSiGeSiSiSiSiSiSiSiSiSiSiSiSiSiGeSiSiSiSiSiGeGeGeGeSiGeGeGeGeGeGe
   -25901.8906250000 SiGeGeGeSiSiSiGeGeSiGeGeSiSiGeSiGeGeGeSiSiSiSiSiSiGeSiSiSiGeSiSiSiSiSiSiSiSiSiSiSiSiSiGeSiSiSiSiSiGeGeGeGeSiGeGeGeGeGeGe
   -25901.8906250000 SiGeGeGeSiSiSiGeGeSiGeGeSiSiGeSiGeGeGeSiSiSiSiSiSiGeSiSiSiGeSiSiSiSiSiSiSiSiSiSiSiSiSiGeSiSiSiSiSiGeGeGeGeSiGeGeGeGeGeGe
   -25901.8906250000 SiGeGeGeSiSiSiGeGeSiGeGeSiSiGeSiGeGeGeSiSiSiSiSiSiGeSiSiSiGeSiSiSiSiSiSiSiSiSiSiSiSiSiGeSiSiSiSiSiGeGeGeGeSiGeGeGeGeGeGe
   -25901.8906250000 SiGeGeGeSiSiSiGeGeSiGeGeSiSiGeSiGeGeGeSiSiSiSiSiSiGeSiSiSiGeSiSiSiSiSiSiSiSiSiSiSiSiSiGeSiSiSiSiSiGeGeGeGeSiGeGeGeGeGeGe
   -25901.8906250000 SiGeGeGeSiSiSiGeGeSiGeGeSiSiGeSiGeGeGeSiSiSiSiSiSiGeSiSiSiGeSiSiSiSiSiSiSiSiSiSiSiSiSiGeSiSiSiSiSiGeGeGeGeSiGeGeGeGeGeGe
   -25901.8906250000 SiGeGeGeSiSiSiGeGeSiGeGeSiSiGeSiGeGeGeSiSiSiSiSiSiGeSiSiSiGeSiSiSiSiSiSiSiSiSiSiSiSiSiGeSiSiSiSiSiGeGeGeGeSiGeGeGeGeGeGe
   -25901.8906250000 SiGeGeGeSiSiSiGeGeSiGeGeSiSiGeSiGeGeGeSiSiSiSiSiSiGeSiSiSiGeSiSiSiSiSiSiSiSiSiSiSiSiSiGeSiSiSiSiSiGeGeGeGeSiGeGeGeGeGeGe
   -25901.8906250000 SiGeGeGeSiSiSiGeGeSiGeGeSiSiGeSiGeGeGeSiSiSiSiSiSiGeSiSiSiGeSiSiSiSiSiSiSiSiSiSiSiSiSiGeSiSiSiSiSiGeGeGeGeSiGeGeGeGeGeGe
   -25901.8906250000 SiGeGeGeSiSiSiGeGeSiGeGeSiSiGeSiGeGeGeSiSiSiSiSiSiGeSiSiSiGeSiSiSiSiSiSiSiSiSiSiSiSiSiGeSiSiSiSiSiGeGeGeGeSiGeGeGeGeGeGe
   -25901.8906250000 SiGeGeGeSiSiSiGeGeSiGeGeSiSiGeSiGeGeGeSiSiSiSiSiSiGeSiSiSiGeSiSiSiSiSiSiSiSiSiSiSiSiSiGeSiSiSiSiSiGeGeGeGeSiGeGeGeGeGeGe
   -25901.8906250000 SiGeGeGeSiSiSiGeGeSiGeGeSiSiGeSiGeGeGeSiSiSiSiSiSiGeSiSiSiGeSiSiSiSiSiSiSiSiSiSiSiSiSiGeSiSiSiSiSiGeGeGeGeSiGeGeGeGeGeGe
   -25901.8906250000 SiGeGeGeSiSiSiGeGeSiGeGeSiSiGeSiGeGeGeSiSiSiSiSiSiGeSiSiSiGeSiSiSiSiSiSiSiSiSiSiSiSiSiGeSiSiSiSiSiGeGeGeGeSiGeGeGeGeGeGe
   -25901.8906250000 SiGeGeGeSiSiSiGeGeSiGeGeSiSiGeSiGeGeGeSiSiSiSiSiSiGeSiSiSiGeSiSiSiSiSiSiSiSiSiSiSiSiSiGeSiSiSiSiSiGeGeGeGeSiGeGeGeGeGeGe
   -25901.8906250000 SiGeGeGeSiSiSiGeGeSiGeGeSiSiGeSiGeGeGeSiSiSiSiSiSiGeSiSiSiGeSiSiSiSiSiSiSiSiSiSiSiSiSiGeSiSiSiSiSiGeGeGeGeSiGeGeGeGeGeGe
   -25901.8906250000 SiGeGeGeSiSiSiGeGeSiGeGeSiSiGeSiGeGeGeSiSiSiSiSiSiGeSiSiSiGeSiSiSiSiSiSiSiSiSiSiSiSiSiGeSiSiSiSiSiGeGeGeGeSiGeGeGeGeGeGe
   -25901.8906250000 SiGeGeGeSiSiSiGeGeSiGeGeSiSiGeSiGeGeGeSiSiSiSiSiSiGeSiSiSiGeSiSiSiSiSiSiSiSiSiSiSiSiSiGeSiSiSiSiSiGeGeGeGeSiGeGeGeGeGeGe
   -25901.8906250000 SiGeGeGeSiSiSiGeGeSiGeGeSiSiGeSiGeGeGeSiSiSiSiSiSiGeSiSiSiGeSiSiSiSiSiSiSiSiSiSiSiSiSiGeSiSiSiSiSiGeGeGeGeSiGeGeGeGeGeGe
   -25901.8906250000 SiGeGeGeSiSiSiGeGeSiGeGeSiSiGeSiGeGeGeSiSiSiSiSiSiGeSiSiSiGeSiSiSiSiSiSiSiSiSiSiSiSiSiGeSiSiSiSiSiGeGeGeGeSiGeGeGeGeGeGe
   -25901.8906250000 SiGeGeGeSiSiSiGeGeSiGeGeSiSiGeSiGeGeGeSiSiSiSiSiSiGeSiSiSiGeSiSiSiSiSiSiSiSiSiSiSiSiSiGeSiSiSiSiSiGeGeGeGeSiGeGeGeGeGeGe
   -25901.8906250000 SiGeGeGeSiSiSiGeGeSiGeGeSiSiGeSiGeGeGeSiSiSiSiSiSiGeSiSiSiGeSiSiSiSiSiSiSiSiSiSiSiSiSiGeSiSiSiSiSiGeGeGeGeSiGeGeGeGeGeGe
   -25901.8906250000 SiGeGeGeSiSiSiGeGeSiGeGeSiSiGeSiGeGeGeSiSiSiSiSiSiGeSiSiSiGeSiSiSiSiSiSiSiSiSiSiSiSiSiGeSiSiSiSiSiGeGeGeGeSiGeGeGeGeGeGe
   -25901.8906250000 SiGeGeGeSiSiSiGeGeSiGeGeSiSiGeSiGeGeGeSiSiSiSiSiSiGeSiSiSiGeSiSiSiSiSiSiSiSiSiSiSiSiSiGeSiSiSiSiSiGeGeGeGeSiGeGeGeGeGeGe
   -25901.8906250000 SiGeGeGeSiSiSiGeGeSiGeGeSiSiGeSiGeGeGeSiSiSiSiSiSiGeSiSiSiGeSiSiSiSiSiSiSiSiSiSiSiSiSiGeSiSiSiSiSiGeGeGeGeSiGeGeGeGeGeGe
   -25901.8906250000 SiGeGeGeSiSiSiGeGeSiGeGeSiSiGeSiGeGeGeSiSiSiSiSiSiGeSiSiSiGeSiSiSiSiSiSiSiSiSiSiSiSiSiGeSiSiSiSiSiGeGeGeGeSiGeGeGeGeGeGe
   -25901.8906250000 SiGeGeGeSiSiSiGeGeSiGeGeSiSiGeSiGeGeGeSiSiSiSiSiSiGeSiSiSiGeSiSiSiSiSiSiSiSiSiSiSiSiSiGeSiSiSiSiSiGeGeGeGeSiGeGeGeGeGeGe
   -25901.8906250000 SiGeGeGeSiSiSiGeGeSiGeGeSiSiGeSiGeGeGeSiSiSiSiSiSiGeSiSiSiGeSiSiSiSiSiSiSiSiSiSiSiSiSiGeSiSiSiSiSiGeGeGeGeSiGeGeGeGeGeGe
   -25901.8906250000 SiGeGeGeSiSiSiGeGeSiGeGeSiSiGeSiGeGeGeSiSiSiSiSiSiGeSiSiSiGeSiSiSiSiSiSiSiSiSiSiSiSiSiGeSiSiSiSiSiGeGeGeGeSiGeGeGeGeGeGe
   -25901.8906250000 SiGeGeGeSiSiSiGeGeSiGeGeSiSiGeSiGeGeGeSiSiSiSiSiSiGeSiSiSiGeSiSiSiSiSiSiSiSiSiSiSiSiSiGeSiSiSiSiSiGeGeGeGeSiGeGeGeGeGeGe
   -25901.8906250000 SiGeGeGeSiSiSiGeGeSiGeGeSiSiGeSiGeGeGeSiSiSiSiSiSiGeSiSiSiGeSiSiSiSiSiSiSiSiSiSiSiSiSiGeSiSiSiSiSiGeGeGeGeSiGeGeGeGeGeGe
   -25901.8906250000 SiGeGeGeSiSiSiGeGeSiGeGeSiSiGeSiGeGeGeSiSiSiSiSiSiGeSiSiSiGeSiSiSiSiSiSiSiSiSiSiSiSiSiGeSiSiSiSiSiGeGeGeGeSiGeGeGeGeGeGe
   -25901.8906250000 SiGeGeGeSiSiSiGeGeSiGeGeSiSiGeSiGeGeGeSiSiSiSiSiSiGeSiSiSiGeSiSiSiSiSiSiSiSiSiSiSiSiSiGeSiSiSiSiSiGeGeGeGeSiGeGeGeGeGeGe
   -25901.8906250000 SiGeGeGeSiSiSiGeGeSiGeGeSiSiGeSiGeGeGeSiSiSiSiSiSiGeSiSiSiGeSiSiSiSiSiSiSiSiSiSiSiSiSiGeSiSiSiSiSiGeGeGeGeSiGeGeGeGeGeGe
   -25901.8906250000 SiGeGeGeSiSiSiGeGeSiGeGeSiSiGeSiGeGeGeSiSiSiSiSiSiGeSiSiSiGeSiSiSiSiSiSiSiSiSiSiSiSiSiGeSiSiSiSiSiGeGeGeGeSiGeGeGeGeGeGe
   -25901.8906250000 SiGeGeGeSiSiSiGeGeSiGeGeSiSiGeSiGeGeGeSiSiSiSiSiSiGeSiSiSiGeSiSiSiSiSiSiSiSiSiSiSiSiSiGeSiSiSiSiSiGeGeGeGeSiGeGeGeGeGeGe
   -25901.8906250000 SiGeGeGeSiSiSiGeGeSiGeGeSiSiGeSiGeGeGeSiSiSiSiSiSiGeSiSiSiGeSiSiSiSiSiSiSiSiSiSiSiSiSiGeSiSiSiSiSiGeGeGeGeSiGeGeGeGeGeGe
   -25901.8906250000 SiGeGeGeSiSiSiGeGeSiGeGeSiSiGeSiGeGeGeSiSiSiSiSiSiGeSiSiSiGeSiSiSiSiSiSiSiSiSiSiSiSiSiGeSiSiSiSiSiGeGeGeGeSiGeGeGeGeGeGe
   -25901.8906250000 SiGeGeGeSiSiSiGeGeSiGeGeSiSiGeSiGeGeGeSiSiSiSiSiSiGeSiSiSiGeSiSiSiSiSiSiSiSiSiSiSiSiSiGeSiSiSiSiSiGeGeGeGeSiGeGeGeGeGeGe
   -25901.8906250000 SiGeGeGeSiSiSiGeGeSiGeGeSiSiGeSiGeGeGeSiSiSiSiSiSiGeSiSiSiGeSiSiSiSiSiSiSiSiSiSiSiSiSiGeSiSiSiSiSiGeGeGeGeSiGeGeGeGeGeGe
   -25901.8906250000 SiGeGeGeSiSiSiGeGeSiGeGeSiSiGeSiGeGeGeSiSiSiSiSiSiGeSiSiSiGeSiSiSiSiSiSiSiSiSiSiSiSiSiGeSiSiSiSiSiGeGeGeGeSiGeGeGeGeGeGe
   -25901.8906250000 SiGeGeGeSiSiSiGeGeSiGeGeSiSiGeSiGeGeGeSiSiSiSiSiSiGeSiSiSiGeSiSiSiSiSiSiSiSiSiSiSiSiSiGeSiSiSiSiSiGeGeGeGeSiGeGeGeGeGeGe
   -25901.8906250000 SiGeGeGeSiSiSiGeGeSiGeGeSiSiGeSiGeGeGeSiSiSiSiSiSiGeSiSiSiGeSiSiSiSiSiSiSiSiSiSiSiSiSiGeSiSiSiSiSiGeGeGeGeSiGeGeGeGeGeGe
   -25901.8906250000 SiGeGeGeSiSiSiGeGeSiGeGeSiSiGeSiGeGeGeSiSiSiSiSiSiGeSiSiSiGeSiSiSiSiSiSiSiSiSiSiSiSiSiGeSiSiSiSiSiGeGeGeGeSiGeGeGeGeGeGe
   -25901.8906250000 SiGeGeGeSiSiSiGeGeSiGeGeSiSiGeSiGeGeGeSiSiSiSiSiSiGeSiSiSiGeSiSiSiSiSiSiSiSiSiSiSiSiSiGeSiSiSiSiSiGeGeGeGeSiGeGeGeGeGeGe
   -25901.8906250000 SiGeGeGeSiSiSiGeGeSiGeGeSiSiGeSiGeGeGeSiSiSiSiSiSiGeSiSiSiGeSiSiSiSiSiSiSiSiSiSiSiSiSiGeSiSiSiSiSiGeGeGeGeSiGeGeGeGeGeGe
   -25901.8906250000 SiGeGeGeSiSiSiGeGeSiGeGeSiSiGeSiGeGeGeSiSiSiSiSiSiGeSiSiSiGeSiSiSiSiSiSiSiSiSiSiSiSiSiGeSiSiSiSiSiGeGeGeGeSiGeGeGeGeGeGe
   -25901.8906250000 SiGeGeGeSiSiSiGeGeSiGeGeSiSiGeSiGeGeGeSiSiSiSiSiSiGeSiSiSiGeSiSiSiSiSiSiSiSiSiSiSiSiSiGeSiSiSiSiSiGeGeGeGeSiGeGeGeGeGeGe
   -25901.8906250000 SiGeGeGeSiSiSiGeGeSiGeGeSiSiGeSiGeGeGeSiSiSiSiSiSiGeSiSiSiGeSiSiSiSiSiSiSiSiSiSiSiSiSiGeSiSiSiSiSiGeGeGeGeSiGeGeGeGeGeGe
   -25901.8906250000 SiGeGeGeSiSiSiGeGeSiGeGeSiSiGeSiGeGeGeSiSiSiSiSiSiGeSiSiSiGeSiSiSiSiSiSiSiSiSiSiSiSiSiGeSiSiSiSiSiGeGeGeGeSiGeGeGeGeGeGe
   -25901.8906250000 SiGeGeGeSiSiSiGeGeSiGeGeSiSiGeSiGeGeGeSiSiSiSiSiSiGeSiSiSiGeSiSiSiSiSiSiSiSiSiSiSiSiSiGeSiSiSiSiSiGeGeGeGeSiGeGeGeGeGeGe
   -25901.8906250000 SiGeGeGeSiSiSiGeGeSiGeGeSiSiGeSiGeGeGeSiSiSiSiSiSiGeSiSiSiGeSiSiSiSiSiSiSiSiSiSiSiSiSiGeSiSiSiSiSiGeGeGeGeSiGeGeGeGeGeGe
   -25901.8906250000 SiGeGeGeSiSiSiGeGeSiGeGeSiSiGeSiGeGeGeSiSiSiSiSiSiGeSiSiSiGeSiSiSiSiSiSiSiSiSiSiSiSiSiGeSiSiSiSiSiGeGeGeGeSiGeGeGeGeGeGe
   -25901.8906250000 SiGeGeGeSiSiSiGeGeSiGeGeSiSiGeSiGeGeGeSiSiSiSiSiSiGeSiSiSiGeSiSiSiSiSiSiSiSiSiSiSiSiSiGeSiSiSiSiSiGeGeGeGeSiGeGeGeGeGeGe
   -25901.8906250000 SiGeGeGeSiSiSiGeGeSiGeGeSiSiGeSiGeGeGeSiSiSiSiSiSiGeSiSiSiGeSiSiSiSiSiSiSiSiSiSiSiSiSiGeSiSiSiSiSiGeGeGeGeSiGeGeGeGeGeGe
   -25901.8906250000 SiGeGeGeSiSiSiGeGeSiGeGeSiSiGeSiGeGeGeSiSiSiSiSiSiGeSiSiSiGeSiSiSiSiSiSiSiSiSiSiSiSiSiGeSiSiSiSiSiGeGeGeGeSiGeGeGeGeGeGe
   -25901.8906250000 SiGeGeGeSiSiSiGeGeSiGeGeSiSiGeSiGeGeGeSiSiSiSiSiSiGeSiSiSiGeSiSiSiSiSiSiSiSiSiSiSiSiSiGeSiSiSiSiSiGeGeGeGeSiGeGeGeGeGeGe
   -25901.8906250000 SiGeGeGeSiSiSiGeGeSiGeGeSiSiGeSiGeGeGeSiSiSiSiSiSiGeSiSiSiGeSiSiSiSiSiSiSiSiSiSiSiSiSiGeSiSiSiSiSiGeGeGeGeSiGeGeGeGeGeGe
   -25901.8906250000 SiGeGeGeSiSiSiGeGeSiGeGeSiSiGeSiGeGeGeSiSiSiSiSiSiGeSiSiSiGeSiSiSiSiSiSiSiSiSiSiSiSiSiGeSiSiSiSiSiGeGeGeGeSiGeGeGeGeGeGe
   -25901.8906250000 SiGeGeGeSiSiSiGeGeSiGeGeSiSiGeSiGeGeGeSiSiSiSiSiSiGeSiSiSiGeSiSiSiSiSiSiSiSiSiSiSiSiSiGeSiSiSiSiSiGeGeGeGeSiGeGeGeGeGeGe
   -25901.8906250000 SiGeGeGeSiSiSiGeGeSiGeGeSiSiGeSiGeGeGeSiSiSiSiSiSiGeSiSiSiGeSiSiSiSiSiSiSiSiSiSiSiSiSiGeSiSiSiSiSiGeGeGeGeSiGeGeGeGeGeGe
   -25901.8906250000 SiGeGeGeSiSiSiGeGeSiGeGeSiSiGeSiGeGeGeSiSiSiSiSiSiGeSiSiSiGeSiSiSiSiSiSiSiSiSiSiSiSiSiGeSiSiSiSiSiGeGeGeGeSiGeGeGeGeGeGe
   -25901.8906250000 SiGeGeGeSiSiSiGeGeSiGeGeSiSiGeSiGeGeGeSiSiSiSiSiSiGeSiSiSiGeSiSiSiSiSiSiSiSiSiSiSiSiSiGeSiSiSiSiSiGeGeGeGeSiGeGeGeGeGeGe
   -25901.8906250000 SiGeGeGeSiSiSiGeGeSiGeGeSiSiGeSiGeGeGeSiSiSiSiSiSiGeSiSiSiGeSiSiSiSiSiSiSiSiSiSiSiSiSiGeSiSiSiSiSiGeGeGeGeSiGeGeGeGeGeGe
   -25901.8906250000 SiGeGeGeSiSiSiGeGeSiGeGeSiSiGeSiGeGeGeSiSiSiSiSiSiGeSiSiSiGeSiSiSiSiSiSiSiSiSiSiSiSiSiGeSiSiSiSiSiGeGeGeGeSiGeGeGeGeGeGe
   -25901.8906250000 SiGeGeGeSiSiSiGeGeSiGeGeSiSiGeSiGeGeGeSiSiSiSiSiSiGeSiSiSiGeSiSiSiSiSiSiSiSiSiSiSiSiSiGeSiSiSiSiSiGeGeGeGeSiGeGeGeGeGeGe
   -25901.8906250000 SiGeGeGeSiSiSiGeGeSiGeGeSiSiGeSiGeGeGeSiSiSiSiSiSiGeSiSiSiGeSiSiSiSiSiSiSiSiSiSiSiSiSiGeSiSiSiSiSiGeGeGeGeSiGeGeGeGeGeGe
   -25901.8906250000 SiGeGeGeSiSiSiGeGeSiGeGeSiSiGeSiGeGeGeSiSiSiSiSiSiGeSiSiSiGeSiSiSiSiSiSiSiSiSiSiSiSiSiGeSiSiSiSiSiGeGeGeGeSiGeGeGeGeGeGe
   -25901.8906250000 SiGeGeGeSiSiSiGeGeSiGeGeSiSiGeSiGeGeGeSiSiSiSiSiSiGeSiSiSiGeSiSiSiSiSiSiSiSiSiSiSiSiSiGeSiSiSiSiSiGeGeGeGeSiGeGeGeGeGeGe
   -25901.8906250000 SiGeGeGeSiSiSiGeGeSiGeGeSiSiGeSiGeGeGeSiSiSiSiSiSiGeSiSiSiGeSiSiSiSiSiSiSiSiSiSiSiSiSiGeSiSiSiSiSiGeGeGeGeSiGeGeGeGeGeGe
   -25901.8906250000 SiGeGeGeSiSiSiGeGeSiGeGeSiSiGeSiGeGeGeSiSiSiSiSiSiGeSiSiSiGeSiSiSiSiSiSiSiSiSiSiSiSiSiGeSiSiSiSiSiGeGeGeGeSiGeGeGeGeGeGe
   -25901.8906250000 SiGeGeGeSiSiSiGeGeSiGeGeSiSiGeSiGeGeGeSiSiSiSiSiSiGeSiSiSiGeSiSiSiSiSiSiSiSiSiSiSiSiSiGeSiSiSiSiSiGeGeGeGeSiGeGeGeGeGeGe
   -25901.8906250000 SiGeGeGeSiSiSiGeGeSiGeGeSiSiGeSiGeGeGeSiSiSiSiSiSiGeSiSiSiGeSiSiSiSiSiSiSiSiSiSiSiSiSiGeSiSiSiSiSiGeGeGeGeSiGeGeGeGeGeGe
   -25901.8906250000 SiGeGeGeSiSiSiGeGeSiGeGeSiSiGeSiGeGeGeSiSiSiSiSiSiGeSiSiSiGeSiSiSiSiSiSiSiSiSiSiSiSiSiGeSiSiSiSiSiGeGeGeGeSiGeGeGeGeGeGe
   -25901.8906250000 SiGeGeGeSiSiSiGeGeSiGeGeSiSiGeSiGeGeGeSiSiSiSiSiSiGeSiSiSiGeSiSiSiSiSiSiSiSiSiSiSiSiSiGeSiSiSiSiSiGeGeGeGeSiGeGeGeGeGeGe
   -25901.8906250000 SiGeGeGeSiSiSiGeGeSiGeGeSiSiGeSiGeGeGeSiSiSiSiSiSiGeSiSiSiGeSiSiSiSiSiSiSiSiSiSiSiSiSiGeSiSiSiSiSiGeGeGeGeSiGeGeGeGeGeGe
   -25901.8906250000 SiGeGeGeSiSiSiGeGeSiGeGeSiSiGeSiGeGeGeSiSiSiSiSiSiGeSiSiSiGeSiSiSiSiSiSiSiSiSiSiSiSiSiGeSiSiSiSiSiGeGeGeGeSiGeGeGeGeGeGe
   -25901.8906250000 SiGeGeGeSiSiSiGeGeSiGeGeSiSiGeSiGeGeGeSiSiSiSiSiSiGeSiSiSiGeSiSiSiSiSiSiSiSiSiSiSiSiSiGeSiSiSiSiSiGeGeGeGeSiGeGeGeGeGeGe
   -25901.8906250000 SiGeGeGeSiSiSiGeGeSiGeGeSiSiGeSiGeGeGeSiSiSiSiSiSiGeSiSiSiGeSiSiSiSiSiSiSiSiSiSiSiSiSiGeSiSiSiSiSiGeGeGeGeSiGeGeGeGeGeGe
   -25901.8906250000 SiGeGeGeSiSiSiGeGeSiGeGeSiSiGeSiGeGeGeSiSiSiSiSiSiGeSiSiSiGeSiSiSiSiSiSiSiSiSiSiSiSiSiGeSiSiSiSiSiGeGeGeGeSiGeGeGeGeGeGe
   -25901.8906250000 SiGeGeGeSiSiSiGeGeSiGeGeSiSiGeSiGeGeGeSiSiSiSiSiSiGeSiSiSiGeSiSiSiSiSiSiSiSiSiSiSiSiSiGeSiSiSiSiSiGeGeGeGeSiGeGeGeGeGeGe
   -25901.8906250000 SiGeGeGeSiSiSiGeGeSiGeGeSiSiGeSiGeGeGeSiSiSiSiSiSiGeSiSiSiGeSiSiSiSiSiSiSiSiSiSiSiSiSiGeSiSiSiSiSiGeGeGeGeSiGeGeGeGeGeGe
   -25901.8906250000 SiGeGeGeSiSiSiGeGeSiGeGeSiSiGeSiGeGeGeSiSiSiSiSiSiGeSiSiSiGeSiSiSiSiSiSiSiSiSiSiSiSiSiGeSiSiSiSiSiGeGeGeGeSiGeGeGeGeGeGe
   -25901.8906250000 SiGeGeGeSiSiSiGeGeSiGeGeSiSiGeSiGeGeGeSiSiSiSiSiSiGeSiSiSiGeSiSiSiSiSiSiSiSiSiSiSiSiSiGeSiSiSiSiSiGeGeGeGeSiGeGeGeGeGeGe
   -25901.8906250000 SiGeGeGeSiSiSiGeGeSiGeGeSiSiGeSiGeGeGeSiSiSiSiSiSiGeSiSiSiGeSiSiSiSiSiSiSiSiSiSiSiSiSiGeSiSiSiSiSiGeGeGeGeSiGeGeGeGeGeGe
   -25901.8906250000 SiGeGeGeSiSiSiGeGeSiGeGeSiSiGeSiGeGeGeSiSiSiSiSiSiGeSiSiSiGeSiSiSiSiSiSiSiSiSiSiSiSiSiGeSiSiSiSiSiGeGeGeGeSiGeGeGeGeGeGe
   -25901.8906250000 SiGeGeGeSiSiSiGeGeSiGeGeSiSiGeSiGeGeGeSiSiSiSiSiSiGeSiSiSiGeSiSiSiSiSiSiSiSiSiSiSiSiSiGeSiSiSiSiSiGeGeGeGeSiGeGeGeGeGeGe
   -25901.8906250000 SiGeGeGeSiSiSiGeGeSiGeGeSiSiGeSiGeGeGeSiSiSiSiSiSiGeSiSiSiGeSiSiSiSiSiSiSiSiSiSiSiSiSiGeSiSiSiSiSiGeGeGeGeSiGeGeGeGeGeGe
   -25901.8906250000 SiGeGeGeSiSiSiGeGeSiGeGeSiSiGeSiGeGeGeSiSiSiSiSiSiGeSiSiSiGeSiSiSiSiSiSiSiSiSiSiSiSiSiGeSiSiSiSiSiGeGeGeGeSiGeGeGeGeGeGe
   -25901.8906250000 SiGeGeGeSiSiSiGeGeSiGeGeSiSiGeSiGeGeGeSiSiSiSiSiSiGeSiSiSiGeSiSiSiSiSiSiSiSiSiSiSiSiSiGeSiSiSiSiSiGeGeGeGeSiGeGeGeGeGeGe
   -25901.8906250000 SiGeGeGeSiSiSiGeGeSiGeGeSiSiGeSiGeGeGeSiSiSiSiSiSiGeSiSiSiGeSiSiSiSiSiSiSiSiSiSiSiSiSiGeSiSiSiSiSiGeGeGeGeSiGeGeGeGeGeGe
   -25901.8906250000 SiGeGeGeSiSiSiGeGeSiGeGeSiSiGeSiGeGeGeSiSiSiSiSiSiGeSiSiSiGeSiSiSiSiSiSiSiSiSiSiSiSiSiGeSiSiSiSiSiGeGeGeGeSiGeGeGeGeGeGe
   -25901.8906250000 SiGeGeGeSiSiSiGeGeSiGeGeSiSiGeSiGeGeGeSiSiSiSiSiSiGeSiSiSiGeSiSiSiSiSiSiSiSiSiSiSiSiSiGeSiSiSiSiSiGeGeGeGeSiGeGeGeGeGeGe
   -25901.8906250000 SiGeGeGeSiSiSiGeGeSiGeGeSiSiGeSiGeGeGeSiSiSiSiSiSiGeSiSiSiGeSiSiSiSiSiSiSiSiSiSiSiSiSiGeSiSiSiSiSiGeGeGeGeSiGeGeGeGeGeGe
   -25901.8906250000 SiGeGeGeSiSiSiGeGeSiGeGeSiSiGeSiGeGeGeSiSiSiSiSiSiGeSiSiSiGeSiSiSiSiSiSiSiSiSiSiSiSiSiGeSiSiSiSiSiGeGeGeGeSiGeGeGeGeGeGe
   -25901.8906250000 SiGeGeGeSiSiSiGeGeSiGeGeSiSiGeSiGeGeGeSiSiSiSiSiSiGeSiSiSiGeSiSiSiSiSiSiSiSiSiSiSiSiSiGeSiSiSiSiSiGeGeGeGeSiGeGeGeGeGeGe
   -25901.8906250000 SiGeGeGeSiSiSiGeGeSiGeGeSiSiGeSiGeGeGeSiSiSiSiSiSiGeSiSiSiGeSiSiSiSiSiSiSiSiSiSiSiSiSiGeSiSiSiSiSiGeGeGeGeSiGeGeGeGeGeGe
   -25901.8906250000 SiGeGeGeSiSiSiGeGeSiGeGeSiSiGeSiGeGeGeSiSiSiSiSiSiGeSiSiSiGeSiSiSiSiSiSiSiSiSiSiSiSiSiGeSiSiSiSiSiGeGeGeGeSiGeGeGeGeGeGe
   -25901.8906250000 SiGeGeGeSiSiSiGeGeSiGeGeSiSiGeSiGeGeGeSiSiSiSiSiSiGeSiSiSiGeSiSiSiSiSiSiSiSiSiSiSiSiSiGeSiSiSiSiSiGeGeGeGeSiGeGeGeGeGeGe
   -25901.8906250000 SiGeGeGeSiSiSiGeGeSiGeGeSiSiGeSiGeGeGeSiSiSiSiSiSiGeSiSiSiGeSiSiSiSiSiSiSiSiSiSiSiSiSiGeSiSiSiSiSiGeGeGeGeSiGeGeGeGeGeGe
   -25901.8906250000 SiGeGeGeSiSiSiGeGeSiGeGeSiSiGeSiGeGeGeSiSiSiSiSiSiGeSiSiSiGeSiSiSiSiSiSiSiSiSiSiSiSiSiGeSiSiSiSiSiGeGeGeGeSiGeGeGeGeGeGe
filename: c000001121550253.gin     
Cell:
    11.9020996    11.9020996    29.6919994    90.0000000    90.0000000   120.0000000
Box:
    11.9020996    -5.9510503     0.0000000
     0.0000000    10.3075209     0.0000000
     0.0000000     0.0000000    29.6919994
----------------------------------------
Inverse Box:
     0.0840188     0.0485083     0.0000000
     0.0000000     0.0970165     0.0000000
     0.0000000     0.0000000     0.0336791
----------------------------------------
==============================================
geometrical properties of  24 Ge:
 Configuration:           0
 D_ave:   9.26070595       3.50355887    
 D_min:   3.53189301      0.694673717    
 energia:  -25901.8906    
