Random Seed:  1318187047
Number of atoms:    60
Space Group:    1
Cell:
    11.9020996    11.9020996    29.6919994    90.0000000    90.0000000   120.0000000
Box:
    11.9020996    -5.9510503     0.0000000
     0.0000000    10.3075209     0.0000000
     0.0000000     0.0000000    29.6919994
----------------------------------------
Inverse Box:
     0.0840188     0.0485083     0.0000000
     0.0000000     0.0970165     0.0000000
     0.0000000     0.0000000     0.0336791
----------------------------------------
GeSiSiSiSiSiSiSiSiSiSiSiSiSiSiSiSiSiSiSiSiSiSiSiSiSiSiSiSiSiSiSiSiSiSiSiSiSiSiSiGeSiSiSiSiSiSiSiSiSiSiSiSiSiSiSiSiSiSiSi
           1 Ge    -7733.49951    
GeGeSiSiSiSiSiSiSiSiSiSiSiSiSiSiSiSiSiSiSiSiSiSiSiSiSiSiSiSiSiSiSiSiSiSiSiSiSiSiGeSiSiSiSiSiSiSiSiSiSiSiSiSiSiSiSiSiSiSi
           2 Ge    -7727.50293    
GeGeGeSiSiSiSiSiSiSiSiSiSiSiSiSiSiSiSiSiSiSiSiSiSiSiSiSiSiSiSiSiSiSiSiSiSiSiSiSiGeSiSiSiSiSiSiSiSiSiSiSiSiSiSiSiSiSiSiSi
           3 Ge    -7720.51025    
GeGeGeGeSiSiSiSiSiSiSiSiSiSiSiSiSiSiSiSiSiSiSiSiSiSiSiSiSiSiSiSiSiSiSiSiSiSiSiSiGeSiSiSiSiSiSiSiSiSiSiSiSiSiSiSiSiSiSiSi
           4 Ge    -7744.08887    
GeGeGeGeGeSiSiSiSiSiSiSiSiSiSiSiSiSiSiSiSiSiSiSiSiSiSiSiSiSiSiSiSiSiSiSiSiSiSiSiGeSiSiSiSiSiSiSiSiSiSiSiSiSiSiSiSiSiSiSi
           5 Ge    -7786.05566    
GeGeGeGeGeGeSiSiSiSiSiSiSiSiSiSiSiSiSiSiSiSiSiSiSiSiSiSiSiSiSiSiSiSiSiSiSiSiSiSiGeSiSiSiSiSiSiSiSiSiSiSiSiSiSiSiSiSiSiSi
           6 Ge    -7852.10156    
GeGeGeGeGeGeGeSiSiSiSiSiSiSiSiSiSiSiSiSiSiSiSiSiSiSiSiSiSiSiSiSiSiSiSiSiSiSiSiSiGeSiSiSiSiSiSiSiSiSiSiSiSiSiSiSiSiSiSiSi
           7 Ge    -8017.89453    
GeGeGeGeGeGeGeGeSiSiSiSiSiSiSiSiSiSiSiSiSiSiSiSiSiSiSiSiSiSiSiSiSiSiSiSiSiSiSiSiGeSiSiSiSiSiSiSiSiSiSiSiSiSiSiSiSiSiSiSi
           8 Ge    -8218.79102    
GeGeGeGeGeGeGeGeSiSiSiGeSiSiSiSiSiSiSiSiSiSiSiSiSiSiSiSiSiSiSiSiSiSiSiSiSiSiSiSiGeSiSiSiSiSiSiSiSiSiSiSiSiSiSiSiSiSiSiSi
          12 Ge    -8547.68359    
GeGeGeGeGeGeGeGeSiSiSiGeSiGeSiSiSiSiSiSiSiSiSiSiSiSiSiSiSiSiSiSiSiSiSiSiSiSiSiSiGeSiSiSiSiSiSiSiSiSiSiSiSiSiSiSiSiSiSiSi
          14 Ge    -8931.32422    
GeGeGeGeGeGeGeGeSiSiSiGeSiGeSiGeSiSiSiSiSiSiSiSiSiSiSiSiSiSiSiSiSiSiSiSiSiSiSiSiGeSiSiSiSiSiSiSiSiSiSiSiSiSiSiSiSiSiSiSi
          16 Ge    -9373.03613    
GeGeGeGeGeGeGeGeSiSiSiGeSiGeSiGeSiSiSiSiSiSiSiSiSiGeSiSiSiSiSiSiSiSiSiSiSiSiSiSiGeSiSiSiSiSiSiSiSiSiSiSiSiSiSiSiSiSiSiSi
          26 Ge    -9233.23633    
GeGeGeGeGeGeGeGeSiSiSiGeSiGeSiGeSiSiSiSiSiSiSiSiSiGeSiSiSiGeSiSiSiSiSiSiSiSiSiSiGeSiSiSiSiSiSiSiSiSiSiSiSiSiSiSiSiSiSiSi
          30 Ge    -9143.50195    
GeGeGeGeGeGeGeGeSiSiSiGeSiGeSiGeSiSiSiSiSiSiSiSiSiGeSiSiSiGeSiSiGeSiSiSiSiSiSiSiGeSiSiSiSiSiSiSiSiSiSiSiSiSiSiSiSiSiSiSi
          33 Ge    -9756.76172    
GeGeGeGeGeGeGeGeSiSiSiGeSiGeSiGeSiSiSiSiSiSiSiSiSiGeSiSiSiGeSiSiGeSiSiGeSiSiSiSiGeSiSiSiSiSiSiSiSiSiSiSiSiSiSiSiSiSiSiSi
          36 Ge    -8558.60059    
GeGeGeGeGeGeGeGeSiSiSiGeSiGeSiGeSiSiSiSiSiSiSiSiSiGeSiSiSiGeSiSiGeSiSiGeSiSiGeSiGeSiSiSiSiSiSiSiSiSiSiSiSiSiSiSiSiSiSiSi
          39 Ge    -9288.91504    
GeGeGeGeGeGeGeGeSiSiSiGeSiGeSiGeSiSiSiSiSiSiSiSiSiGeSiSiSiGeSiSiGeSiSiGeSiSiGeGeGeSiSiSiSiSiSiSiSiSiSiSiSiSiSiSiSiSiSiSi
          40 Ge    -9475.82617    
GeGeGeGeGeGeGeGeSiSiSiGeSiGeSiGeSiSiSiSiSiSiSiSiSiGeSiSiSiGeSiSiGeSiSiGeSiSiGeGeGeGeSiSiSiSiSiSiSiSiSiSiSiSiSiSiSiSiSiSi
          42 Ge    -8050.49463    
GeGeGeGeGeGeGeGeSiSiSiGeSiGeSiGeSiSiSiSiSiSiSiSiSiGeSiSiSiGeSiSiGeSiSiGeSiSiGeGeGeGeSiSiGeSiSiSiSiSiSiSiSiSiSiSiSiSiSiSi
          45 Ge    -8569.50195    
GeGeGeGeGeGeGeGeSiSiSiGeSiGeSiGeSiSiSiSiSiSiSiSiSiGeSiSiSiGeSiSiGeSiSiGeSiSiGeGeGeGeSiSiGeGeSiSiSiSiSiSiSiSiSiSiSiSiSiSi
          46 Ge    -8874.30957    
GeGeGeGeGeGeGeGeSiSiSiGeSiGeSiGeSiSiSiSiSiSiSiSiSiGeSiSiSiGeSiSiGeSiSiGeSiSiGeGeGeGeSiSiGeGeSiSiSiSiSiSiSiSiSiSiGeSiSiSi
          57 Ge    -10112.7715    
GeGeGeGeGeGeGeGeSiGeSiGeSiGeSiGeSiSiSiSiSiSiSiSiSiGeSiSiSiGeSiSiGeSiSiGeSiSiGeGeGeGeSiSiGeGeSiSiSiSiSiSiSiSiSiSiGeSiSiSi
          10 Ge    -8048.07129    
GeGeGeGeGeGeGeGeSiGeGeGeSiGeSiGeSiSiSiSiSiSiSiSiSiGeSiSiSiGeSiSiGeSiSiGeSiSiGeGeGeGeSiSiGeGeSiSiSiSiSiSiSiSiSiSiGeSiSiSi
          11 Ge    -7774.87646    
==============================================
MonteCarlo: Metropolis with identity changes
Si > Ge, Ge > Si. STOP when occurrence <    0.00000
==============================================
Cost_function     Occurrence %     Scan-Cost
   -16918.3867187500 SiSiGeSiGeGeSiGeGeSiSiSiGeGeSiGeSiGeGeSiSiSiGeGeSiSiSiGeSiGeSiSiSiSiGeGeSiSiSiSiSiSiSiGeGeSiSiGeSiSiGeSiSiGeSiGeSiGeGeSi
   -16918.3867187500 SiSiGeSiGeGeSiGeGeSiSiSiGeGeSiGeSiGeGeSiSiSiGeGeSiSiSiGeSiGeSiSiSiSiGeGeSiSiSiSiSiSiSiGeGeSiSiGeSiSiGeSiSiGeSiGeSiGeGeSi
   -16918.3867187500 SiSiGeSiGeGeSiGeGeSiSiSiGeGeSiGeSiGeGeSiSiSiGeGeSiSiSiGeSiGeSiSiSiSiGeGeSiSiSiSiSiSiSiGeGeSiSiGeSiSiGeSiSiGeSiGeSiGeGeSi
   -18171.8164062500 SiSiGeSiGeGeSiGeGeSiGeSiGeGeSiGeSiGeSiSiSiSiGeGeSiSiSiSiSiGeSiSiGeSiGeGeSiSiSiGeSiSiSiGeGeSiSiSiSiSiGeSiSiGeSiGeSiGeGeSi
   -19901.5039062500 SiSiGeSiGeGeSiGeGeSiGeSiGeGeSiGeSiGeSiSiSiSiGeGeSiSiSiSiSiGeSiSiSiSiGeSiSiSiSiGeSiSiGeGeGeSiSiSiSiGeGeSiSiGeSiGeSiGeGeSi
   -19901.5039062500 SiSiGeSiGeGeSiGeGeSiGeSiGeGeSiGeSiGeSiSiSiSiGeGeSiSiSiSiSiGeSiSiSiSiGeSiSiSiSiGeSiSiGeGeGeSiSiSiSiGeGeSiSiGeSiGeSiGeGeSi
   -19955.9921875000 SiSiGeSiGeGeSiGeGeSiGeSiGeGeSiGeGeGeSiSiSiSiGeSiSiSiSiSiSiGeSiSiSiSiGeGeSiSiSiSiSiSiGeGeGeSiSiSiSiGeGeSiSiGeSiGeSiGeGeSi
   -19955.9921875000 SiSiGeSiGeGeSiGeGeSiGeSiGeGeSiGeGeGeSiSiSiSiGeSiSiSiSiSiSiGeSiSiSiSiGeGeSiSiSiSiSiSiGeGeGeSiSiSiSiGeGeSiSiGeSiGeSiGeGeSi
   -19955.9921875000 SiSiGeSiGeGeSiGeGeSiGeSiGeGeSiGeGeGeSiSiSiSiGeSiSiSiSiSiSiGeSiSiSiSiGeGeSiSiSiSiSiSiGeGeGeSiSiSiSiGeGeSiSiGeSiGeSiGeGeSi
   -20174.2656250000 SiSiGeGeGeGeSiGeGeSiGeGeGeGeSiSiGeGeGeSiSiSiGeSiSiGeSiSiSiSiSiSiSiSiGeSiSiSiSiSiSiSiGeSiSiSiSiSiGeGeGeGeSiGeSiSiSiGeGeSi
   -20174.2656250000 SiSiGeGeGeGeSiGeGeSiGeGeGeGeSiSiGeGeGeSiSiSiGeSiSiGeSiSiSiSiSiSiSiSiGeSiSiSiSiSiSiSiGeSiSiSiSiSiGeGeGeGeSiGeSiSiSiGeGeSi
   -20174.2656250000 SiSiGeGeGeGeSiGeGeSiGeGeGeGeSiSiGeGeGeSiSiSiGeSiSiGeSiSiSiSiSiSiSiSiGeSiSiSiSiSiSiSiGeSiSiSiSiSiGeGeGeGeSiGeSiSiSiGeGeSi
   -20202.1914062500 GeSiGeGeGeGeSiGeGeSiGeSiGeGeSiSiGeGeGeSiSiSiGeSiSiGeSiSiSiSiSiSiSiSiGeSiSiSiSiSiSiSiGeSiSiSiSiSiGeGeGeGeSiGeSiSiSiGeSiGe
   -21952.7890625000 GeSiGeGeGeGeGeGeGeSiGeSiGeGeSiSiGeSiGeSiSiSiGeSiSiSiSiSiSiSiSiSiSiSiSiSiSiSiSiSiSiGeGeSiGeSiSiSiGeGeGeGeSiGeSiSiSiGeSiGe
   -21952.7890625000 GeSiGeGeGeGeGeGeGeSiGeSiGeGeSiSiGeSiGeSiSiSiGeSiSiSiSiSiSiSiSiSiSiSiSiSiSiSiSiSiSiGeGeSiGeSiSiSiGeGeGeGeSiGeSiSiSiGeSiGe
   -21952.7890625000 GeSiGeGeGeGeGeGeGeSiGeSiGeGeSiSiGeSiGeSiSiSiGeSiSiSiSiSiSiSiSiSiSiSiSiSiSiSiSiSiSiGeGeSiGeSiSiSiGeGeGeGeSiGeSiSiSiGeSiGe
   -21965.8007812500 GeSiGeGeGeGeGeGeGeSiGeSiGeGeSiSiGeSiGeSiSiSiGeSiSiSiSiSiSiSiSiSiSiSiSiSiSiSiSiSiSiGeGeGeGeSiSiSiGeGeGeGeGeGeSiSiSiSiSiSi
   -22090.5156250000 GeSiGeGeGeGeGeGeGeSiGeSiGeGeSiSiSiSiGeSiSiSiGeSiSiSiSiSiSiSiSiSiSiSiSiSiSiSiSiSiSiGeGeGeGeSiSiGeGeGeGeGeGeGeSiSiSiSiSiSi
   -22090.5156250000 GeSiGeGeGeGeGeGeGeSiGeSiGeGeSiSiSiSiGeSiSiSiGeSiSiSiSiSiSiSiSiSiSiSiSiSiSiSiSiSiSiGeGeGeGeSiSiGeGeGeGeGeGeGeSiSiSiSiSiSi
   -23652.6210937500 GeSiGeGeGeGeSiGeGeSiGeSiGeGeSiSiSiSiGeSiSiSiGeSiSiSiSiSiSiSiSiSiSiSiSiSiSiGeSiSiSiGeGeGeGeSiSiGeGeGeGeGeGeGeSiSiSiSiSiSi
   -23652.6210937500 GeSiGeGeGeGeSiGeGeSiGeSiGeGeSiSiSiSiGeSiSiSiGeSiSiSiSiSiSiSiSiSiSiSiSiSiSiGeSiSiSiGeGeGeGeSiSiGeGeGeGeGeGeGeSiSiSiSiSiSi
   -23724.6640625000 GeSiGeGeGeGeSiGeGeSiGeSiGeGeSiSiSiSiGeSiSiSiGeSiSiSiSiSiSiSiSiSiSiSiSiSiSiGeSiSiSiGeGeGeGeSiSiGeGeGeGeGeGeSiSiSiSiGeSiSi
   -23724.6640625000 GeSiGeGeGeGeSiGeGeSiGeSiGeGeSiSiSiSiGeSiSiSiGeSiSiSiSiSiSiSiSiSiSiSiSiSiSiGeSiSiSiGeGeGeGeSiSiGeGeGeGeGeGeSiSiSiSiGeSiSi
   -23724.6640625000 GeSiGeGeGeGeSiGeGeSiGeSiGeGeSiSiSiSiGeSiSiSiGeSiSiSiSiSiSiSiSiSiSiSiSiSiSiGeSiSiSiGeGeGeGeSiSiGeGeGeGeGeGeSiSiSiSiGeSiSi
   -23724.6640625000 GeSiGeGeGeGeSiGeGeSiGeSiGeGeSiSiSiSiGeSiSiSiGeSiSiSiSiSiSiSiSiSiSiSiSiSiSiGeSiSiSiGeGeGeGeSiSiGeGeGeGeGeGeSiSiSiSiGeSiSi
   -23724.6640625000 GeSiGeGeGeGeSiGeGeSiGeSiGeGeSiSiSiSiGeSiSiSiGeSiSiSiSiSiSiSiSiSiSiSiSiSiSiGeSiSiSiGeGeGeGeSiSiGeGeGeGeGeGeSiSiSiSiGeSiSi
   -23724.6640625000 GeSiGeGeGeGeSiGeGeSiGeSiGeGeSiSiSiSiGeSiSiSiGeSiSiSiSiSiSiSiSiSiSiSiSiSiSiGeSiSiSiGeGeGeGeSiSiGeGeGeGeGeGeSiSiSiSiGeSiSi
   -23724.6640625000 GeSiGeGeGeGeSiGeGeSiGeSiGeGeSiSiSiSiGeSiSiSiGeSiSiSiSiSiSiSiSiSiSiSiSiSiSiGeSiSiSiGeGeGeGeSiSiGeGeGeGeGeGeSiSiSiSiGeSiSi
   -23724.6640625000 GeSiGeGeGeGeSiGeGeSiGeSiGeGeSiSiSiSiGeSiSiSiGeSiSiSiSiSiSiSiSiSiSiSiSiSiSiGeSiSiSiGeGeGeGeSiSiGeGeGeGeGeGeSiSiSiSiGeSiSi
   -24707.0371093750 GeSiGeGeGeGeSiGeGeSiGeSiSiGeSiSiSiSiGeSiSiSiGeSiSiSiSiSiSiSiSiSiSiSiSiSiSiGeSiSiSiGeGeGeGeSiSiGeGeGeGeGeGeGeSiSiSiGeSiSi
   -24707.0371093750 GeSiGeGeGeGeSiGeGeSiGeSiSiGeSiSiSiSiGeSiSiSiGeSiSiSiSiSiSiSiSiSiSiSiSiSiSiGeSiSiSiGeGeGeGeSiSiGeGeGeGeGeGeGeSiSiSiGeSiSi
   -25466.1015625000 GeSiGeGeGeGeSiGeGeSiGeSiSiGeSiSiSiSiGeSiSiSiGeSiSiSiSiSiSiSiSiSiSiSiSiSiSiGeSiSiSiGeGeGeGeSiSiGeGeSiGeGeGeGeSiSiSiGeGeSi
   -25466.1015625000 GeSiGeGeGeGeSiGeGeSiGeSiSiGeSiSiSiSiGeSiSiSiGeSiSiSiSiSiSiSiSiSiSiSiSiSiSiGeSiSiSiGeGeGeGeSiSiGeGeSiGeGeGeGeSiSiSiGeGeSi
   -25466.1015625000 GeSiGeGeGeGeSiGeGeSiGeSiSiGeSiSiSiSiGeSiSiSiGeSiSiSiSiSiSiSiSiSiSiSiSiSiSiGeSiSiSiGeGeGeGeSiSiGeGeSiGeGeGeGeSiSiSiGeGeSi
   -25466.1015625000 GeSiGeGeGeGeSiGeGeSiGeSiSiGeSiSiSiSiGeSiSiSiGeSiSiSiSiSiSiSiSiSiSiSiSiSiSiGeSiSiSiGeGeGeGeSiSiGeGeSiGeGeGeGeSiSiSiGeGeSi
   -25466.1015625000 GeSiGeGeGeGeSiGeGeSiGeSiSiGeSiSiSiSiGeSiSiSiGeSiSiSiSiSiSiSiSiSiSiSiSiSiSiGeSiSiSiGeGeGeGeSiSiGeGeSiGeGeGeGeSiSiSiGeGeSi
   -25777.4179687500 GeSiGeGeGeGeSiGeGeGeGeSiSiSiSiSiSiSiSiSiSiSiGeSiSiSiSiSiSiSiSiSiSiSiSiSiSiGeSiSiSiGeGeGeGeSiSiGeGeGeGeGeGeGeSiSiSiGeGeSi
   -25777.4179687500 GeSiGeGeGeGeSiGeGeGeGeSiSiSiSiSiSiSiSiSiSiSiGeSiSiSiSiSiSiSiSiSiSiSiSiSiSiGeSiSiSiGeGeGeGeSiSiGeGeGeGeGeGeGeSiSiSiGeGeSi
   -25777.4179687500 GeSiGeGeGeGeSiGeGeGeGeSiSiSiSiSiSiSiSiSiSiSiGeSiSiSiSiSiSiSiSiSiSiSiSiSiSiGeSiSiSiGeGeGeGeSiSiGeGeGeGeGeGeGeSiSiSiGeGeSi
   -25777.4179687500 GeSiGeGeGeGeSiGeGeGeGeSiSiSiSiSiSiSiSiSiSiSiGeSiSiSiSiSiSiSiSiSiSiSiSiSiSiGeSiSiSiGeGeGeGeSiSiGeGeGeGeGeGeGeSiSiSiGeGeSi
   -25777.4179687500 GeSiGeGeGeGeSiGeGeGeGeSiSiSiSiSiSiSiSiSiSiSiGeSiSiSiSiSiSiSiSiSiSiSiSiSiSiGeSiSiSiGeGeGeGeSiSiGeGeGeGeGeGeGeSiSiSiGeGeSi
   -26082.4960937500 GeSiGeGeGeGeSiGeGeGeGeSiSiSiSiSiSiSiGeSiSiSiGeSiSiSiSiSiSiSiSiSiSiSiSiSiSiSiSiSiSiGeGeGeGeSiSiGeGeGeGeGeGeGeSiSiSiGeGeSi
   -26082.4960937500 GeSiGeGeGeGeSiGeGeGeGeSiSiSiSiSiSiSiGeSiSiSiGeSiSiSiSiSiSiSiSiSiSiSiSiSiSiSiSiSiSiGeGeGeGeSiSiGeGeGeGeGeGeGeSiSiSiGeGeSi
   -26082.4960937500 GeSiGeGeGeGeSiGeGeGeGeSiSiSiSiSiSiSiGeSiSiSiGeSiSiSiSiSiSiSiSiSiSiSiSiSiSiSiSiSiSiGeGeGeGeSiSiGeGeGeGeGeGeGeSiSiSiGeGeSi
   -26082.4960937500 GeSiGeGeGeGeSiGeGeGeGeSiSiSiSiSiSiSiGeSiSiSiGeSiSiSiSiSiSiSiSiSiSiSiSiSiSiSiSiSiSiGeGeGeGeSiSiGeGeGeGeGeGeGeSiSiSiGeGeSi
   -26082.4960937500 GeSiGeGeGeGeSiGeGeGeGeSiSiSiSiSiSiSiGeSiSiSiGeSiSiSiSiSiSiSiSiSiSiSiSiSiSiSiSiSiSiGeGeGeGeSiSiGeGeGeGeGeGeGeSiSiSiGeGeSi
   -26082.4960937500 GeSiGeGeGeGeSiGeGeGeGeSiSiSiSiSiSiSiGeSiSiSiGeSiSiSiSiSiSiSiSiSiSiSiSiSiSiSiSiSiSiGeGeGeGeSiSiGeGeGeGeGeGeGeSiSiSiGeGeSi
   -26082.4960937500 GeSiGeGeGeGeSiGeGeGeGeSiSiSiSiSiSiSiGeSiSiSiGeSiSiSiSiSiSiSiSiSiSiSiSiSiSiSiSiSiSiGeGeGeGeSiSiGeGeGeGeGeGeGeSiSiSiGeGeSi
   -26082.4960937500 GeSiGeGeGeGeSiGeGeGeGeSiSiSiSiSiSiSiGeSiSiSiGeSiSiSiSiSiSiSiSiSiSiSiSiSiSiSiSiSiSiGeGeGeGeSiSiGeGeGeGeGeGeGeSiSiSiGeGeSi
   -26082.4960937500 GeSiGeGeGeGeSiGeGeGeGeSiSiSiSiSiSiSiGeSiSiSiGeSiSiSiSiSiSiSiSiSiSiSiSiSiSiSiSiSiSiGeGeGeGeSiSiGeGeGeGeGeGeGeSiSiSiGeGeSi
   -26082.4960937500 GeSiGeGeGeGeSiGeGeGeGeSiSiSiSiSiSiSiGeSiSiSiGeSiSiSiSiSiSiSiSiSiSiSiSiSiSiSiSiSiSiGeGeGeGeSiSiGeGeGeGeGeGeGeSiSiSiGeGeSi
   -26082.4960937500 GeSiGeGeGeGeSiGeGeGeGeSiSiSiSiSiSiSiGeSiSiSiGeSiSiSiSiSiSiSiSiSiSiSiSiSiSiSiSiSiSiGeGeGeGeSiSiGeGeGeGeGeGeGeSiSiSiGeGeSi
   -26082.4960937500 GeSiGeGeGeGeSiGeGeGeGeSiSiSiSiSiSiSiGeSiSiSiGeSiSiSiSiSiSiSiSiSiSiSiSiSiSiSiSiSiSiGeGeGeGeSiSiGeGeGeGeGeGeGeSiSiSiGeGeSi
   -26082.4960937500 GeSiGeGeGeGeSiGeGeGeGeSiSiSiSiSiSiSiGeSiSiSiGeSiSiSiSiSiSiSiSiSiSiSiSiSiSiSiSiSiSiGeGeGeGeSiSiGeGeGeGeGeGeGeSiSiSiGeGeSi
   -26082.4960937500 GeSiGeGeGeGeSiGeGeGeGeSiSiSiSiSiSiSiGeSiSiSiGeSiSiSiSiSiSiSiSiSiSiSiSiSiSiSiSiSiSiGeGeGeGeSiSiGeGeGeGeGeGeGeSiSiSiGeGeSi
   -26944.2031250000 GeSiGeGeGeGeSiGeGeGeGeSiSiSiSiSiSiSiGeSiSiSiGeSiSiSiSiSiSiSiSiSiSiSiSiSiSiGeSiSiSiGeGeGeSiSiSiGeGeGeGeGeGeGeSiSiSiGeGeSi
   -26944.2031250000 GeSiGeGeGeGeSiGeGeGeGeSiSiSiSiSiSiSiGeSiSiSiGeSiSiSiSiSiSiSiSiSiSiSiSiSiSiGeSiSiSiGeGeGeSiSiSiGeGeGeGeGeGeGeSiSiSiGeGeSi
   -26944.2031250000 GeSiGeGeGeGeSiGeGeGeGeSiSiSiSiSiSiSiGeSiSiSiGeSiSiSiSiSiSiSiSiSiSiSiSiSiSiGeSiSiSiGeGeGeSiSiSiGeGeGeGeGeGeGeSiSiSiGeGeSi
   -26944.2031250000 GeSiGeGeGeGeSiGeGeGeGeSiSiSiSiSiSiSiGeSiSiSiGeSiSiSiSiSiSiSiSiSiSiSiSiSiSiGeSiSiSiGeGeGeSiSiSiGeGeGeGeGeGeGeSiSiSiGeGeSi
   -26944.2031250000 GeSiGeGeGeGeSiGeGeGeGeSiSiSiSiSiSiSiGeSiSiSiGeSiSiSiSiSiSiSiSiSiSiSiSiSiSiGeSiSiSiGeGeGeSiSiSiGeGeGeGeGeGeGeSiSiSiGeGeSi
   -26944.2031250000 GeSiGeGeGeGeSiGeGeGeGeSiSiSiSiSiSiSiGeSiSiSiGeSiSiSiSiSiSiSiSiSiSiSiSiSiSiGeSiSiSiGeGeGeSiSiSiGeGeGeGeGeGeGeSiSiSiGeGeSi
   -26944.2031250000 GeSiGeGeGeGeSiGeGeGeGeSiSiSiSiSiSiSiGeSiSiSiGeSiSiSiSiSiSiSiSiSiSiSiSiSiSiGeSiSiSiGeGeGeSiSiSiGeGeGeGeGeGeGeSiSiSiGeGeSi
   -26944.2031250000 GeSiGeGeGeGeSiGeGeGeGeSiSiSiSiSiSiSiGeSiSiSiGeSiSiSiSiSiSiSiSiSiSiSiSiSiSiGeSiSiSiGeGeGeSiSiSiGeGeGeGeGeGeGeSiSiSiGeGeSi
   -26944.2031250000 GeSiGeGeGeGeSiGeGeGeGeSiSiSiSiSiSiSiGeSiSiSiGeSiSiSiSiSiSiSiSiSiSiSiSiSiSiGeSiSiSiGeGeGeSiSiSiGeGeGeGeGeGeGeSiSiSiGeGeSi
   -26944.2031250000 GeSiGeGeGeGeSiGeGeGeGeSiSiSiSiSiSiSiGeSiSiSiGeSiSiSiSiSiSiSiSiSiSiSiSiSiSiGeSiSiSiGeGeGeSiSiSiGeGeGeGeGeGeGeSiSiSiGeGeSi
   -26944.2031250000 GeSiGeGeGeGeSiGeGeGeGeSiSiSiSiSiSiSiGeSiSiSiGeSiSiSiSiSiSiSiSiSiSiSiSiSiSiGeSiSiSiGeGeGeSiSiSiGeGeGeGeGeGeGeSiSiSiGeGeSi
   -26944.2031250000 GeSiGeGeGeGeSiGeGeGeGeSiSiSiSiSiSiSiGeSiSiSiGeSiSiSiSiSiSiSiSiSiSiSiSiSiSiGeSiSiSiGeGeGeSiSiSiGeGeGeGeGeGeGeSiSiSiGeGeSi
   -26944.2031250000 GeSiGeGeGeGeSiGeGeGeGeSiSiSiSiSiSiSiGeSiSiSiGeSiSiSiSiSiSiSiSiSiSiSiSiSiSiGeSiSiSiGeGeGeSiSiSiGeGeGeGeGeGeGeSiSiSiGeGeSi
   -26944.2031250000 GeSiGeGeGeGeSiGeGeGeGeSiSiSiSiSiSiSiGeSiSiSiGeSiSiSiSiSiSiSiSiSiSiSiSiSiSiGeSiSiSiGeGeGeSiSiSiGeGeGeGeGeGeGeSiSiSiGeGeSi
   -26944.2031250000 GeSiGeGeGeGeSiGeGeGeGeSiSiSiSiSiSiSiGeSiSiSiGeSiSiSiSiSiSiSiSiSiSiSiSiSiSiGeSiSiSiGeGeGeSiSiSiGeGeGeGeGeGeGeSiSiSiGeGeSi
   -26944.2031250000 GeSiGeGeGeGeSiGeGeGeGeSiSiSiSiSiSiSiGeSiSiSiGeSiSiSiSiSiSiSiSiSiSiSiSiSiSiGeSiSiSiGeGeGeSiSiSiGeGeGeGeGeGeGeSiSiSiGeGeSi
   -26944.2031250000 GeSiGeGeGeGeSiGeGeGeGeSiSiSiSiSiSiSiGeSiSiSiGeSiSiSiSiSiSiSiSiSiSiSiSiSiSiGeSiSiSiGeGeGeSiSiSiGeGeGeGeGeGeGeSiSiSiGeGeSi
   -26944.2031250000 GeSiGeGeGeGeSiGeGeGeGeSiSiSiSiSiSiSiGeSiSiSiGeSiSiSiSiSiSiSiSiSiSiSiSiSiSiGeSiSiSiGeGeGeSiSiSiGeGeGeGeGeGeGeSiSiSiGeGeSi
   -26944.2031250000 GeSiGeGeGeGeSiGeGeGeGeSiSiSiSiSiSiSiGeSiSiSiGeSiSiSiSiSiSiSiSiSiSiSiSiSiSiGeSiSiSiGeGeGeSiSiSiGeGeGeGeGeGeGeSiSiSiGeGeSi
   -26944.2031250000 GeSiGeGeGeGeSiGeGeGeGeSiSiSiSiSiSiSiGeSiSiSiGeSiSiSiSiSiSiSiSiSiSiSiSiSiSiGeSiSiSiGeGeGeSiSiSiGeGeGeGeGeGeGeSiSiSiGeGeSi
   -26944.2031250000 GeSiGeGeGeGeSiGeGeGeGeSiSiSiSiSiSiSiGeSiSiSiGeSiSiSiSiSiSiSiSiSiSiSiSiSiSiGeSiSiSiGeGeGeSiSiSiGeGeGeGeGeGeGeSiSiSiGeGeSi
   -26944.2031250000 GeSiGeGeGeGeSiGeGeGeGeSiSiSiSiSiSiSiGeSiSiSiGeSiSiSiSiSiSiSiSiSiSiSiSiSiSiGeSiSiSiGeGeGeSiSiSiGeGeGeGeGeGeGeSiSiSiGeGeSi
   -26944.2031250000 GeSiGeGeGeGeSiGeGeGeGeSiSiSiSiSiSiSiGeSiSiSiGeSiSiSiSiSiSiSiSiSiSiSiSiSiSiGeSiSiSiGeGeGeSiSiSiGeGeGeGeGeGeGeSiSiSiGeGeSi
   -26944.2031250000 GeSiGeGeGeGeSiGeGeGeGeSiSiSiSiSiSiSiGeSiSiSiGeSiSiSiSiSiSiSiSiSiSiSiSiSiSiGeSiSiSiGeGeGeSiSiSiGeGeGeGeGeGeGeSiSiSiGeGeSi
   -26944.2031250000 GeSiGeGeGeGeSiGeGeGeGeSiSiSiSiSiSiSiGeSiSiSiGeSiSiSiSiSiSiSiSiSiSiSiSiSiSiGeSiSiSiGeGeGeSiSiSiGeGeGeGeGeGeGeSiSiSiGeGeSi
   -26944.2031250000 GeSiGeGeGeGeSiGeGeGeGeSiSiSiSiSiSiSiGeSiSiSiGeSiSiSiSiSiSiSiSiSiSiSiSiSiSiGeSiSiSiGeGeGeSiSiSiGeGeGeGeGeGeGeSiSiSiGeGeSi
   -26944.2031250000 GeSiGeGeGeGeSiGeGeGeGeSiSiSiSiSiSiSiGeSiSiSiGeSiSiSiSiSiSiSiSiSiSiSiSiSiSiGeSiSiSiGeGeGeSiSiSiGeGeGeGeGeGeGeSiSiSiGeGeSi
   -26944.2031250000 GeSiGeGeGeGeSiGeGeGeGeSiSiSiSiSiSiSiGeSiSiSiGeSiSiSiSiSiSiSiSiSiSiSiSiSiSiGeSiSiSiGeGeGeSiSiSiGeGeGeGeGeGeGeSiSiSiGeGeSi
   -26944.2031250000 GeSiGeGeGeGeSiGeGeGeGeSiSiSiSiSiSiSiGeSiSiSiGeSiSiSiSiSiSiSiSiSiSiSiSiSiSiGeSiSiSiGeGeGeSiSiSiGeGeGeGeGeGeGeSiSiSiGeGeSi
   -26944.2031250000 GeSiGeGeGeGeSiGeGeGeGeSiSiSiSiSiSiSiGeSiSiSiGeSiSiSiSiSiSiSiSiSiSiSiSiSiSiGeSiSiSiGeGeGeSiSiSiGeGeGeGeGeGeGeSiSiSiGeGeSi
   -26944.2031250000 GeSiGeGeGeGeSiGeGeGeGeSiSiSiSiSiSiSiGeSiSiSiGeSiSiSiSiSiSiSiSiSiSiSiSiSiSiGeSiSiSiGeGeGeSiSiSiGeGeGeGeGeGeGeSiSiSiGeGeSi
   -26944.2031250000 GeSiGeGeGeGeSiGeGeGeGeSiSiSiSiSiSiSiGeSiSiSiGeSiSiSiSiSiSiSiSiSiSiSiSiSiSiGeSiSiSiGeGeGeSiSiSiGeGeGeGeGeGeGeSiSiSiGeGeSi
   -26944.2031250000 GeSiGeGeGeGeSiGeGeGeGeSiSiSiSiSiSiSiGeSiSiSiGeSiSiSiSiSiSiSiSiSiSiSiSiSiSiGeSiSiSiGeGeGeSiSiSiGeGeGeGeGeGeGeSiSiSiGeGeSi
   -26944.2031250000 GeSiGeGeGeGeSiGeGeGeGeSiSiSiSiSiSiSiGeSiSiSiGeSiSiSiSiSiSiSiSiSiSiSiSiSiSiGeSiSiSiGeGeGeSiSiSiGeGeGeGeGeGeGeSiSiSiGeGeSi
   -26944.2031250000 GeSiGeGeGeGeSiGeGeGeGeSiSiSiSiSiSiSiGeSiSiSiGeSiSiSiSiSiSiSiSiSiSiSiSiSiSiGeSiSiSiGeGeGeSiSiSiGeGeGeGeGeGeGeSiSiSiGeGeSi
   -26944.2031250000 GeSiGeGeGeGeSiGeGeGeGeSiSiSiSiSiSiSiGeSiSiSiGeSiSiSiSiSiSiSiSiSiSiSiSiSiSiGeSiSiSiGeGeGeSiSiSiGeGeGeGeGeGeGeSiSiSiGeGeSi
   -26944.2031250000 GeSiGeGeGeGeSiGeGeGeGeSiSiSiSiSiSiSiGeSiSiSiGeSiSiSiSiSiSiSiSiSiSiSiSiSiSiGeSiSiSiGeGeGeSiSiSiGeGeGeGeGeGeGeSiSiSiGeGeSi
   -26944.2031250000 GeSiGeGeGeGeSiGeGeGeGeSiSiSiSiSiSiSiGeSiSiSiGeSiSiSiSiSiSiSiSiSiSiSiSiSiSiGeSiSiSiGeGeGeSiSiSiGeGeGeGeGeGeGeSiSiSiGeGeSi
   -26944.2031250000 GeSiGeGeGeGeSiGeGeGeGeSiSiSiSiSiSiSiGeSiSiSiGeSiSiSiSiSiSiSiSiSiSiSiSiSiSiGeSiSiSiGeGeGeSiSiSiGeGeGeGeGeGeGeSiSiSiGeGeSi
   -26944.2031250000 GeSiGeGeGeGeSiGeGeGeGeSiSiSiSiSiSiSiGeSiSiSiGeSiSiSiSiSiSiSiSiSiSiSiSiSiSiGeSiSiSiGeGeGeSiSiSiGeGeGeGeGeGeGeSiSiSiGeGeSi
   -26944.2031250000 GeSiGeGeGeGeSiGeGeGeGeSiSiSiSiSiSiSiGeSiSiSiGeSiSiSiSiSiSiSiSiSiSiSiSiSiSiGeSiSiSiGeGeGeSiSiSiGeGeGeGeGeGeGeSiSiSiGeGeSi
   -26944.2031250000 GeSiGeGeGeGeSiGeGeGeGeSiSiSiSiSiSiSiGeSiSiSiGeSiSiSiSiSiSiSiSiSiSiSiSiSiSiGeSiSiSiGeGeGeSiSiSiGeGeGeGeGeGeGeSiSiSiGeGeSi
   -26944.2031250000 GeSiGeGeGeGeSiGeGeGeGeSiSiSiSiSiSiSiGeSiSiSiGeSiSiSiSiSiSiSiSiSiSiSiSiSiSiGeSiSiSiGeGeGeSiSiSiGeGeGeGeGeGeGeSiSiSiGeGeSi
   -26944.2031250000 GeSiGeGeGeGeSiGeGeGeGeSiSiSiSiSiSiSiGeSiSiSiGeSiSiSiSiSiSiSiSiSiSiSiSiSiSiGeSiSiSiGeGeGeSiSiSiGeGeGeGeGeGeGeSiSiSiGeGeSi
   -26944.2031250000 GeSiGeGeGeGeSiGeGeGeGeSiSiSiSiSiSiSiGeSiSiSiGeSiSiSiSiSiSiSiSiSiSiSiSiSiSiGeSiSiSiGeGeGeSiSiSiGeGeGeGeGeGeGeSiSiSiGeGeSi
   -26944.2031250000 GeSiGeGeGeGeSiGeGeGeGeSiSiSiSiSiSiSiGeSiSiSiGeSiSiSiSiSiSiSiSiSiSiSiSiSiSiGeSiSiSiGeGeGeSiSiSiGeGeGeGeGeGeGeSiSiSiGeGeSi
   -26944.2031250000 GeSiGeGeGeGeSiGeGeGeGeSiSiSiSiSiSiSiGeSiSiSiGeSiSiSiSiSiSiSiSiSiSiSiSiSiSiGeSiSiSiGeGeGeSiSiSiGeGeGeGeGeGeGeSiSiSiGeGeSi
   -26944.2031250000 GeSiGeGeGeGeSiGeGeGeGeSiSiSiSiSiSiSiGeSiSiSiGeSiSiSiSiSiSiSiSiSiSiSiSiSiSiGeSiSiSiGeGeGeSiSiSiGeGeGeGeGeGeGeSiSiSiGeGeSi
   -26944.2031250000 GeSiGeGeGeGeSiGeGeGeGeSiSiSiSiSiSiSiGeSiSiSiGeSiSiSiSiSiSiSiSiSiSiSiSiSiSiGeSiSiSiGeGeGeSiSiSiGeGeGeGeGeGeGeSiSiSiGeGeSi
   -26944.2031250000 GeSiGeGeGeGeSiGeGeGeGeSiSiSiSiSiSiSiGeSiSiSiGeSiSiSiSiSiSiSiSiSiSiSiSiSiSiGeSiSiSiGeGeGeSiSiSiGeGeGeGeGeGeGeSiSiSiGeGeSi
   -26944.2031250000 GeSiGeGeGeGeSiGeGeGeGeSiSiSiSiSiSiSiGeSiSiSiGeSiSiSiSiSiSiSiSiSiSiSiSiSiSiGeSiSiSiGeGeGeSiSiSiGeGeGeGeGeGeGeSiSiSiGeGeSi
   -26944.2031250000 GeSiGeGeGeGeSiGeGeGeGeSiSiSiSiSiSiSiGeSiSiSiGeSiSiSiSiSiSiSiSiSiSiSiSiSiSiGeSiSiSiGeGeGeSiSiSiGeGeGeGeGeGeGeSiSiSiGeGeSi
   -26944.2031250000 GeSiGeGeGeGeSiGeGeGeGeSiSiSiSiSiSiSiGeSiSiSiGeSiSiSiSiSiSiSiSiSiSiSiSiSiSiGeSiSiSiGeGeGeSiSiSiGeGeGeGeGeGeGeSiSiSiGeGeSi
   -26944.2031250000 GeSiGeGeGeGeSiGeGeGeGeSiSiSiSiSiSiSiGeSiSiSiGeSiSiSiSiSiSiSiSiSiSiSiSiSiSiGeSiSiSiGeGeGeSiSiSiGeGeGeGeGeGeGeSiSiSiGeGeSi
   -26944.2031250000 GeSiGeGeGeGeSiGeGeGeGeSiSiSiSiSiSiSiGeSiSiSiGeSiSiSiSiSiSiSiSiSiSiSiSiSiSiGeSiSiSiGeGeGeSiSiSiGeGeGeGeGeGeGeSiSiSiGeGeSi
   -26944.2031250000 GeSiGeGeGeGeSiGeGeGeGeSiSiSiSiSiSiSiGeSiSiSiGeSiSiSiSiSiSiSiSiSiSiSiSiSiSiGeSiSiSiGeGeGeSiSiSiGeGeGeGeGeGeGeSiSiSiGeGeSi
   -26944.2031250000 GeSiGeGeGeGeSiGeGeGeGeSiSiSiSiSiSiSiGeSiSiSiGeSiSiSiSiSiSiSiSiSiSiSiSiSiSiGeSiSiSiGeGeGeSiSiSiGeGeGeGeGeGeGeSiSiSiGeGeSi
   -26944.2031250000 GeSiGeGeGeGeSiGeGeGeGeSiSiSiSiSiSiSiGeSiSiSiGeSiSiSiSiSiSiSiSiSiSiSiSiSiSiGeSiSiSiGeGeGeSiSiSiGeGeGeGeGeGeGeSiSiSiGeGeSi
   -26944.2031250000 GeSiGeGeGeGeSiGeGeGeGeSiSiSiSiSiSiSiGeSiSiSiGeSiSiSiSiSiSiSiSiSiSiSiSiSiSiGeSiSiSiGeGeGeSiSiSiGeGeGeGeGeGeGeSiSiSiGeGeSi
   -26944.2031250000 GeSiGeGeGeGeSiGeGeGeGeSiSiSiSiSiSiSiGeSiSiSiGeSiSiSiSiSiSiSiSiSiSiSiSiSiSiGeSiSiSiGeGeGeSiSiSiGeGeGeGeGeGeGeSiSiSiGeGeSi
   -26944.2031250000 GeSiGeGeGeGeSiGeGeGeGeSiSiSiSiSiSiSiGeSiSiSiGeSiSiSiSiSiSiSiSiSiSiSiSiSiSiGeSiSiSiGeGeGeSiSiSiGeGeGeGeGeGeGeSiSiSiGeGeSi
   -26944.2031250000 GeSiGeGeGeGeSiGeGeGeGeSiSiSiSiSiSiSiGeSiSiSiGeSiSiSiSiSiSiSiSiSiSiSiSiSiSiGeSiSiSiGeGeGeSiSiSiGeGeGeGeGeGeGeSiSiSiGeGeSi
   -26944.2031250000 GeSiGeGeGeGeSiGeGeGeGeSiSiSiSiSiSiSiGeSiSiSiGeSiSiSiSiSiSiSiSiSiSiSiSiSiSiGeSiSiSiGeGeGeSiSiSiGeGeGeGeGeGeGeSiSiSiGeGeSi
   -26944.2031250000 GeSiGeGeGeGeSiGeGeGeGeSiSiSiSiSiSiSiGeSiSiSiGeSiSiSiSiSiSiSiSiSiSiSiSiSiSiGeSiSiSiGeGeGeSiSiSiGeGeGeGeGeGeGeSiSiSiGeGeSi
   -26944.2031250000 GeSiGeGeGeGeSiGeGeGeGeSiSiSiSiSiSiSiGeSiSiSiGeSiSiSiSiSiSiSiSiSiSiSiSiSiSiGeSiSiSiGeGeGeSiSiSiGeGeGeGeGeGeGeSiSiSiGeGeSi
   -26944.2031250000 GeSiGeGeGeGeSiGeGeGeGeSiSiSiSiSiSiSiGeSiSiSiGeSiSiSiSiSiSiSiSiSiSiSiSiSiSiGeSiSiSiGeGeGeSiSiSiGeGeGeGeGeGeGeSiSiSiGeGeSi
   -26944.2031250000 GeSiGeGeGeGeSiGeGeGeGeSiSiSiSiSiSiSiGeSiSiSiGeSiSiSiSiSiSiSiSiSiSiSiSiSiSiGeSiSiSiGeGeGeSiSiSiGeGeGeGeGeGeGeSiSiSiGeGeSi
   -26944.2031250000 GeSiGeGeGeGeSiGeGeGeGeSiSiSiSiSiSiSiGeSiSiSiGeSiSiSiSiSiSiSiSiSiSiSiSiSiSiGeSiSiSiGeGeGeSiSiSiGeGeGeGeGeGeGeSiSiSiGeGeSi
   -26944.2031250000 GeSiGeGeGeGeSiGeGeGeGeSiSiSiSiSiSiSiGeSiSiSiGeSiSiSiSiSiSiSiSiSiSiSiSiSiSiGeSiSiSiGeGeGeSiSiSiGeGeGeGeGeGeGeSiSiSiGeGeSi
   -26944.2031250000 GeSiGeGeGeGeSiGeGeGeGeSiSiSiSiSiSiSiGeSiSiSiGeSiSiSiSiSiSiSiSiSiSiSiSiSiSiGeSiSiSiGeGeGeSiSiSiGeGeGeGeGeGeGeSiSiSiGeGeSi
   -26944.2031250000 GeSiGeGeGeGeSiGeGeGeGeSiSiSiSiSiSiSiGeSiSiSiGeSiSiSiSiSiSiSiSiSiSiSiSiSiSiGeSiSiSiGeGeGeSiSiSiGeGeGeGeGeGeGeSiSiSiGeGeSi
   -26944.2031250000 GeSiGeGeGeGeSiGeGeGeGeSiSiSiSiSiSiSiGeSiSiSiGeSiSiSiSiSiSiSiSiSiSiSiSiSiSiGeSiSiSiGeGeGeSiSiSiGeGeGeGeGeGeGeSiSiSiGeGeSi
   -26944.2031250000 GeSiGeGeGeGeSiGeGeGeGeSiSiSiSiSiSiSiGeSiSiSiGeSiSiSiSiSiSiSiSiSiSiSiSiSiSiGeSiSiSiGeGeGeSiSiSiGeGeGeGeGeGeGeSiSiSiGeGeSi
   -26944.2031250000 GeSiGeGeGeGeSiGeGeGeGeSiSiSiSiSiSiSiGeSiSiSiGeSiSiSiSiSiSiSiSiSiSiSiSiSiSiGeSiSiSiGeGeGeSiSiSiGeGeGeGeGeGeGeSiSiSiGeGeSi
   -26944.2031250000 GeSiGeGeGeGeSiGeGeGeGeSiSiSiSiSiSiSiGeSiSiSiGeSiSiSiSiSiSiSiSiSiSiSiSiSiSiGeSiSiSiGeGeGeSiSiSiGeGeGeGeGeGeGeSiSiSiGeGeSi
   -26944.2031250000 GeSiGeGeGeGeSiGeGeGeGeSiSiSiSiSiSiSiGeSiSiSiGeSiSiSiSiSiSiSiSiSiSiSiSiSiSiGeSiSiSiGeGeGeSiSiSiGeGeGeGeGeGeGeSiSiSiGeGeSi
   -26944.2031250000 GeSiGeGeGeGeSiGeGeGeGeSiSiSiSiSiSiSiGeSiSiSiGeSiSiSiSiSiSiSiSiSiSiSiSiSiSiGeSiSiSiGeGeGeSiSiSiGeGeGeGeGeGeGeSiSiSiGeGeSi
   -26944.2031250000 GeSiGeGeGeGeSiGeGeGeGeSiSiSiSiSiSiSiGeSiSiSiGeSiSiSiSiSiSiSiSiSiSiSiSiSiSiGeSiSiSiGeGeGeSiSiSiGeGeGeGeGeGeGeSiSiSiGeGeSi
   -26944.2031250000 GeSiGeGeGeGeSiGeGeGeGeSiSiSiSiSiSiSiGeSiSiSiGeSiSiSiSiSiSiSiSiSiSiSiSiSiSiGeSiSiSiGeGeGeSiSiSiGeGeGeGeGeGeGeSiSiSiGeGeSi
   -26944.2031250000 GeSiGeGeGeGeSiGeGeGeGeSiSiSiSiSiSiSiGeSiSiSiGeSiSiSiSiSiSiSiSiSiSiSiSiSiSiGeSiSiSiGeGeGeSiSiSiGeGeGeGeGeGeGeSiSiSiGeGeSi
   -26944.2031250000 GeSiGeGeGeGeSiGeGeGeGeSiSiSiSiSiSiSiGeSiSiSiGeSiSiSiSiSiSiSiSiSiSiSiSiSiSiGeSiSiSiGeGeGeSiSiSiGeGeGeGeGeGeGeSiSiSiGeGeSi
   -26944.2031250000 GeSiGeGeGeGeSiGeGeGeGeSiSiSiSiSiSiSiGeSiSiSiGeSiSiSiSiSiSiSiSiSiSiSiSiSiSiGeSiSiSiGeGeGeSiSiSiGeGeGeGeGeGeGeSiSiSiGeGeSi
   -26944.2031250000 GeSiGeGeGeGeSiGeGeGeGeSiSiSiSiSiSiSiGeSiSiSiGeSiSiSiSiSiSiSiSiSiSiSiSiSiSiGeSiSiSiGeGeGeSiSiSiGeGeGeGeGeGeGeSiSiSiGeGeSi
   -26944.2031250000 GeSiGeGeGeGeSiGeGeGeGeSiSiSiSiSiSiSiGeSiSiSiGeSiSiSiSiSiSiSiSiSiSiSiSiSiSiGeSiSiSiGeGeGeSiSiSiGeGeGeGeGeGeGeSiSiSiGeGeSi
   -26944.2031250000 GeSiGeGeGeGeSiGeGeGeGeSiSiSiSiSiSiSiGeSiSiSiGeSiSiSiSiSiSiSiSiSiSiSiSiSiSiGeSiSiSiGeGeGeSiSiSiGeGeGeGeGeGeGeSiSiSiGeGeSi
   -26944.2031250000 GeSiGeGeGeGeSiGeGeGeGeSiSiSiSiSiSiSiGeSiSiSiGeSiSiSiSiSiSiSiSiSiSiSiSiSiSiGeSiSiSiGeGeGeSiSiSiGeGeGeGeGeGeGeSiSiSiGeGeSi
   -26944.2031250000 GeSiGeGeGeGeSiGeGeGeGeSiSiSiSiSiSiSiGeSiSiSiGeSiSiSiSiSiSiSiSiSiSiSiSiSiSiGeSiSiSiGeGeGeSiSiSiGeGeGeGeGeGeGeSiSiSiGeGeSi
   -26944.2031250000 GeSiGeGeGeGeSiGeGeGeGeSiSiSiSiSiSiSiGeSiSiSiGeSiSiSiSiSiSiSiSiSiSiSiSiSiSiGeSiSiSiGeGeGeSiSiSiGeGeGeGeGeGeGeSiSiSiGeGeSi
   -26944.2031250000 GeSiGeGeGeGeSiGeGeGeGeSiSiSiSiSiSiSiGeSiSiSiGeSiSiSiSiSiSiSiSiSiSiSiSiSiSiGeSiSiSiGeGeGeSiSiSiGeGeGeGeGeGeGeSiSiSiGeGeSi
   -26944.2031250000 GeSiGeGeGeGeSiGeGeGeGeSiSiSiSiSiSiSiGeSiSiSiGeSiSiSiSiSiSiSiSiSiSiSiSiSiSiGeSiSiSiGeGeGeSiSiSiGeGeGeGeGeGeGeSiSiSiGeGeSi
   -26944.2031250000 GeSiGeGeGeGeSiGeGeGeGeSiSiSiSiSiSiSiGeSiSiSiGeSiSiSiSiSiSiSiSiSiSiSiSiSiSiGeSiSiSiGeGeGeSiSiSiGeGeGeGeGeGeGeSiSiSiGeGeSi
   -26944.2031250000 GeSiGeGeGeGeSiGeGeGeGeSiSiSiSiSiSiSiGeSiSiSiGeSiSiSiSiSiSiSiSiSiSiSiSiSiSiGeSiSiSiGeGeGeSiSiSiGeGeGeGeGeGeGeSiSiSiGeGeSi
   -26944.2031250000 GeSiGeGeGeGeSiGeGeGeGeSiSiSiSiSiSiSiGeSiSiSiGeSiSiSiSiSiSiSiSiSiSiSiSiSiSiGeSiSiSiGeGeGeSiSiSiGeGeGeGeGeGeGeSiSiSiGeGeSi
   -26944.2031250000 GeSiGeGeGeGeSiGeGeGeGeSiSiSiSiSiSiSiGeSiSiSiGeSiSiSiSiSiSiSiSiSiSiSiSiSiSiGeSiSiSiGeGeGeSiSiSiGeGeGeGeGeGeGeSiSiSiGeGeSi
   -26944.2031250000 GeSiGeGeGeGeSiGeGeGeGeSiSiSiSiSiSiSiGeSiSiSiGeSiSiSiSiSiSiSiSiSiSiSiSiSiSiGeSiSiSiGeGeGeSiSiSiGeGeGeGeGeGeGeSiSiSiGeGeSi
   -26944.2031250000 GeSiGeGeGeGeSiGeGeGeGeSiSiSiSiSiSiSiGeSiSiSiGeSiSiSiSiSiSiSiSiSiSiSiSiSiSiGeSiSiSiGeGeGeSiSiSiGeGeGeGeGeGeGeSiSiSiGeGeSi
   -26944.2031250000 GeSiGeGeGeGeSiGeGeGeGeSiSiSiSiSiSiSiGeSiSiSiGeSiSiSiSiSiSiSiSiSiSiSiSiSiSiGeSiSiSiGeGeGeSiSiSiGeGeGeGeGeGeGeSiSiSiGeGeSi
   -26944.2031250000 GeSiGeGeGeGeSiGeGeGeGeSiSiSiSiSiSiSiGeSiSiSiGeSiSiSiSiSiSiSiSiSiSiSiSiSiSiGeSiSiSiGeGeGeSiSiSiGeGeGeGeGeGeGeSiSiSiGeGeSi
   -26944.2031250000 GeSiGeGeGeGeSiGeGeGeGeSiSiSiSiSiSiSiGeSiSiSiGeSiSiSiSiSiSiSiSiSiSiSiSiSiSiGeSiSiSiGeGeGeSiSiSiGeGeGeGeGeGeGeSiSiSiGeGeSi
   -26944.2031250000 GeSiGeGeGeGeSiGeGeGeGeSiSiSiSiSiSiSiGeSiSiSiGeSiSiSiSiSiSiSiSiSiSiSiSiSiSiGeSiSiSiGeGeGeSiSiSiGeGeGeGeGeGeGeSiSiSiGeGeSi
   -26944.2031250000 GeSiGeGeGeGeSiGeGeGeGeSiSiSiSiSiSiSiGeSiSiSiGeSiSiSiSiSiSiSiSiSiSiSiSiSiSiGeSiSiSiGeGeGeSiSiSiGeGeGeGeGeGeGeSiSiSiGeGeSi
   -26944.2031250000 GeSiGeGeGeGeSiGeGeGeGeSiSiSiSiSiSiSiGeSiSiSiGeSiSiSiSiSiSiSiSiSiSiSiSiSiSiGeSiSiSiGeGeGeSiSiSiGeGeGeGeGeGeGeSiSiSiGeGeSi
   -26944.2031250000 GeSiGeGeGeGeSiGeGeGeGeSiSiSiSiSiSiSiGeSiSiSiGeSiSiSiSiSiSiSiSiSiSiSiSiSiSiGeSiSiSiGeGeGeSiSiSiGeGeGeGeGeGeGeSiSiSiGeGeSi
   -26944.2031250000 GeSiGeGeGeGeSiGeGeGeGeSiSiSiSiSiSiSiGeSiSiSiGeSiSiSiSiSiSiSiSiSiSiSiSiSiSiGeSiSiSiGeGeGeSiSiSiGeGeGeGeGeGeGeSiSiSiGeGeSi
   -26944.2031250000 GeSiGeGeGeGeSiGeGeGeGeSiSiSiSiSiSiSiGeSiSiSiGeSiSiSiSiSiSiSiSiSiSiSiSiSiSiGeSiSiSiGeGeGeSiSiSiGeGeGeGeGeGeGeSiSiSiGeGeSi
   -26944.2031250000 GeSiGeGeGeGeSiGeGeGeGeSiSiSiSiSiSiSiGeSiSiSiGeSiSiSiSiSiSiSiSiSiSiSiSiSiSiGeSiSiSiGeGeGeSiSiSiGeGeGeGeGeGeGeSiSiSiGeGeSi
   -26944.2031250000 GeSiGeGeGeGeSiGeGeGeGeSiSiSiSiSiSiSiGeSiSiSiGeSiSiSiSiSiSiSiSiSiSiSiSiSiSiGeSiSiSiGeGeGeSiSiSiGeGeGeGeGeGeGeSiSiSiGeGeSi
   -26944.2031250000 GeSiGeGeGeGeSiGeGeGeGeSiSiSiSiSiSiSiGeSiSiSiGeSiSiSiSiSiSiSiSiSiSiSiSiSiSiGeSiSiSiGeGeGeSiSiSiGeGeGeGeGeGeGeSiSiSiGeGeSi
   -26944.2031250000 GeSiGeGeGeGeSiGeGeGeGeSiSiSiSiSiSiSiGeSiSiSiGeSiSiSiSiSiSiSiSiSiSiSiSiSiSiGeSiSiSiGeGeGeSiSiSiGeGeGeGeGeGeGeSiSiSiGeGeSi
   -26944.2031250000 GeSiGeGeGeGeSiGeGeGeGeSiSiSiSiSiSiSiGeSiSiSiGeSiSiSiSiSiSiSiSiSiSiSiSiSiSiGeSiSiSiGeGeGeSiSiSiGeGeGeGeGeGeGeSiSiSiGeGeSi
   -26944.2031250000 GeSiGeGeGeGeSiGeGeGeGeSiSiSiSiSiSiSiGeSiSiSiGeSiSiSiSiSiSiSiSiSiSiSiSiSiSiGeSiSiSiGeGeGeSiSiSiGeGeGeGeGeGeGeSiSiSiGeGeSi
   -26944.2031250000 GeSiGeGeGeGeSiGeGeGeGeSiSiSiSiSiSiSiGeSiSiSiGeSiSiSiSiSiSiSiSiSiSiSiSiSiSiGeSiSiSiGeGeGeSiSiSiGeGeGeGeGeGeGeSiSiSiGeGeSi
   -26944.2031250000 GeSiGeGeGeGeSiGeGeGeGeSiSiSiSiSiSiSiGeSiSiSiGeSiSiSiSiSiSiSiSiSiSiSiSiSiSiGeSiSiSiGeGeGeSiSiSiGeGeGeGeGeGeGeSiSiSiGeGeSi
   -26944.2031250000 GeSiGeGeGeGeSiGeGeGeGeSiSiSiSiSiSiSiGeSiSiSiGeSiSiSiSiSiSiSiSiSiSiSiSiSiSiGeSiSiSiGeGeGeSiSiSiGeGeGeGeGeGeGeSiSiSiGeGeSi
   -26944.2031250000 GeSiGeGeGeGeSiGeGeGeGeSiSiSiSiSiSiSiGeSiSiSiGeSiSiSiSiSiSiSiSiSiSiSiSiSiSiGeSiSiSiGeGeGeSiSiSiGeGeGeGeGeGeGeSiSiSiGeGeSi
   -26944.2031250000 GeSiGeGeGeGeSiGeGeGeGeSiSiSiSiSiSiSiGeSiSiSiGeSiSiSiSiSiSiSiSiSiSiSiSiSiSiGeSiSiSiGeGeGeSiSiSiGeGeGeGeGeGeGeSiSiSiGeGeSi
   -26944.2031250000 GeSiGeGeGeGeSiGeGeGeGeSiSiSiSiSiSiSiGeSiSiSiGeSiSiSiSiSiSiSiSiSiSiSiSiSiSiGeSiSiSiGeGeGeSiSiSiGeGeGeGeGeGeGeSiSiSiGeGeSi
   -26944.2031250000 GeSiGeGeGeGeSiGeGeGeGeSiSiSiSiSiSiSiGeSiSiSiGeSiSiSiSiSiSiSiSiSiSiSiSiSiSiGeSiSiSiGeGeGeSiSiSiGeGeGeGeGeGeGeSiSiSiGeGeSi
   -26944.2031250000 GeSiGeGeGeGeSiGeGeGeGeSiSiSiSiSiSiSiGeSiSiSiGeSiSiSiSiSiSiSiSiSiSiSiSiSiSiGeSiSiSiGeGeGeSiSiSiGeGeGeGeGeGeGeSiSiSiGeGeSi
   -26944.2031250000 GeSiGeGeGeGeSiGeGeGeGeSiSiSiSiSiSiSiGeSiSiSiGeSiSiSiSiSiSiSiSiSiSiSiSiSiSiGeSiSiSiGeGeGeSiSiSiGeGeGeGeGeGeGeSiSiSiGeGeSi
   -26944.2031250000 GeSiGeGeGeGeSiGeGeGeGeSiSiSiSiSiSiSiGeSiSiSiGeSiSiSiSiSiSiSiSiSiSiSiSiSiSiGeSiSiSiGeGeGeSiSiSiGeGeGeGeGeGeGeSiSiSiGeGeSi
   -26944.2031250000 GeSiGeGeGeGeSiGeGeGeGeSiSiSiSiSiSiSiGeSiSiSiGeSiSiSiSiSiSiSiSiSiSiSiSiSiSiGeSiSiSiGeGeGeSiSiSiGeGeGeGeGeGeGeSiSiSiGeGeSi
   -26944.2031250000 GeSiGeGeGeGeSiGeGeGeGeSiSiSiSiSiSiSiGeSiSiSiGeSiSiSiSiSiSiSiSiSiSiSiSiSiSiGeSiSiSiGeGeGeSiSiSiGeGeGeGeGeGeGeSiSiSiGeGeSi
   -26944.2031250000 GeSiGeGeGeGeSiGeGeGeGeSiSiSiSiSiSiSiGeSiSiSiGeSiSiSiSiSiSiSiSiSiSiSiSiSiSiGeSiSiSiGeGeGeSiSiSiGeGeGeGeGeGeGeSiSiSiGeGeSi
   -26944.2031250000 GeSiGeGeGeGeSiGeGeGeGeSiSiSiSiSiSiSiGeSiSiSiGeSiSiSiSiSiSiSiSiSiSiSiSiSiSiGeSiSiSiGeGeGeSiSiSiGeGeGeGeGeGeGeSiSiSiGeGeSi
   -26944.2031250000 GeSiGeGeGeGeSiGeGeGeGeSiSiSiSiSiSiSiGeSiSiSiGeSiSiSiSiSiSiSiSiSiSiSiSiSiSiGeSiSiSiGeGeGeSiSiSiGeGeGeGeGeGeGeSiSiSiGeGeSi
   -26944.2031250000 GeSiGeGeGeGeSiGeGeGeGeSiSiSiSiSiSiSiGeSiSiSiGeSiSiSiSiSiSiSiSiSiSiSiSiSiSiGeSiSiSiGeGeGeSiSiSiGeGeGeGeGeGeGeSiSiSiGeGeSi
   -26944.2031250000 GeSiGeGeGeGeSiGeGeGeGeSiSiSiSiSiSiSiGeSiSiSiGeSiSiSiSiSiSiSiSiSiSiSiSiSiSiGeSiSiSiGeGeGeSiSiSiGeGeGeGeGeGeGeSiSiSiGeGeSi
   -26944.2031250000 GeSiGeGeGeGeSiGeGeGeGeSiSiSiSiSiSiSiGeSiSiSiGeSiSiSiSiSiSiSiSiSiSiSiSiSiSiGeSiSiSiGeGeGeSiSiSiGeGeGeGeGeGeGeSiSiSiGeGeSi
   -26944.2031250000 GeSiGeGeGeGeSiGeGeGeGeSiSiSiSiSiSiSiGeSiSiSiGeSiSiSiSiSiSiSiSiSiSiSiSiSiSiGeSiSiSiGeGeGeSiSiSiGeGeGeGeGeGeGeSiSiSiGeGeSi
   -26944.2031250000 GeSiGeGeGeGeSiGeGeGeGeSiSiSiSiSiSiSiGeSiSiSiGeSiSiSiSiSiSiSiSiSiSiSiSiSiSiGeSiSiSiGeGeGeSiSiSiGeGeGeGeGeGeGeSiSiSiGeGeSi
   -26944.2031250000 GeSiGeGeGeGeSiGeGeGeGeSiSiSiSiSiSiSiGeSiSiSiGeSiSiSiSiSiSiSiSiSiSiSiSiSiSiGeSiSiSiGeGeGeSiSiSiGeGeGeGeGeGeGeSiSiSiGeGeSi
   -26944.2031250000 GeSiGeGeGeGeSiGeGeGeGeSiSiSiSiSiSiSiGeSiSiSiGeSiSiSiSiSiSiSiSiSiSiSiSiSiSiGeSiSiSiGeGeGeSiSiSiGeGeGeGeGeGeGeSiSiSiGeGeSi
   -26944.2031250000 GeSiGeGeGeGeSiGeGeGeGeSiSiSiSiSiSiSiGeSiSiSiGeSiSiSiSiSiSiSiSiSiSiSiSiSiSiGeSiSiSiGeGeGeSiSiSiGeGeGeGeGeGeGeSiSiSiGeGeSi
   -26944.2031250000 GeSiGeGeGeGeSiGeGeGeGeSiSiSiSiSiSiSiGeSiSiSiGeSiSiSiSiSiSiSiSiSiSiSiSiSiSiGeSiSiSiGeGeGeSiSiSiGeGeGeGeGeGeGeSiSiSiGeGeSi
   -26944.2031250000 GeSiGeGeGeGeSiGeGeGeGeSiSiSiSiSiSiSiGeSiSiSiGeSiSiSiSiSiSiSiSiSiSiSiSiSiSiGeSiSiSiGeGeGeSiSiSiGeGeGeGeGeGeGeSiSiSiGeGeSi
   -26944.2031250000 GeSiGeGeGeGeSiGeGeGeGeSiSiSiSiSiSiSiGeSiSiSiGeSiSiSiSiSiSiSiSiSiSiSiSiSiSiGeSiSiSiGeGeGeSiSiSiGeGeGeGeGeGeGeSiSiSiGeGeSi
   -26944.2031250000 GeSiGeGeGeGeSiGeGeGeGeSiSiSiSiSiSiSiGeSiSiSiGeSiSiSiSiSiSiSiSiSiSiSiSiSiSiGeSiSiSiGeGeGeSiSiSiGeGeGeGeGeGeGeSiSiSiGeGeSi
   -26944.2031250000 GeSiGeGeGeGeSiGeGeGeGeSiSiSiSiSiSiSiGeSiSiSiGeSiSiSiSiSiSiSiSiSiSiSiSiSiSiGeSiSiSiGeGeGeSiSiSiGeGeGeGeGeGeGeSiSiSiGeGeSi
   -26944.2031250000 GeSiGeGeGeGeSiGeGeGeGeSiSiSiSiSiSiSiGeSiSiSiGeSiSiSiSiSiSiSiSiSiSiSiSiSiSiGeSiSiSiGeGeGeSiSiSiGeGeGeGeGeGeGeSiSiSiGeGeSi
   -26944.2031250000 GeSiGeGeGeGeSiGeGeGeGeSiSiSiSiSiSiSiGeSiSiSiGeSiSiSiSiSiSiSiSiSiSiSiSiSiSiGeSiSiSiGeGeGeSiSiSiGeGeGeGeGeGeGeSiSiSiGeGeSi
   -26944.2031250000 GeSiGeGeGeGeSiGeGeGeGeSiSiSiSiSiSiSiGeSiSiSiGeSiSiSiSiSiSiSiSiSiSiSiSiSiSiGeSiSiSiGeGeGeSiSiSiGeGeGeGeGeGeGeSiSiSiGeGeSi
   -26944.2031250000 GeSiGeGeGeGeSiGeGeGeGeSiSiSiSiSiSiSiGeSiSiSiGeSiSiSiSiSiSiSiSiSiSiSiSiSiSiGeSiSiSiGeGeGeSiSiSiGeGeGeGeGeGeGeSiSiSiGeGeSi
   -26944.2031250000 GeSiGeGeGeGeSiGeGeGeGeSiSiSiSiSiSiSiGeSiSiSiGeSiSiSiSiSiSiSiSiSiSiSiSiSiSiGeSiSiSiGeGeGeSiSiSiGeGeGeGeGeGeGeSiSiSiGeGeSi
   -26944.2031250000 GeSiGeGeGeGeSiGeGeGeGeSiSiSiSiSiSiSiGeSiSiSiGeSiSiSiSiSiSiSiSiSiSiSiSiSiSiGeSiSiSiGeGeGeSiSiSiGeGeGeGeGeGeGeSiSiSiGeGeSi
   -26944.2031250000 GeSiGeGeGeGeSiGeGeGeGeSiSiSiSiSiSiSiGeSiSiSiGeSiSiSiSiSiSiSiSiSiSiSiSiSiSiGeSiSiSiGeGeGeSiSiSiGeGeGeGeGeGeGeSiSiSiGeGeSi
filename: c000001176007630.gin     
Cell:
    11.9020996    11.9020996    29.6919994    90.0000000    90.0000000   120.0000000
Box:
    11.9020996    -5.9510503     0.0000000
     0.0000000    10.3075209     0.0000000
     0.0000000     0.0000000    29.6919994
----------------------------------------
Inverse Box:
     0.0840188     0.0485083     0.0000000
     0.0000000     0.0970165     0.0000000
     0.0000000     0.0000000     0.0336791
----------------------------------------
==============================================
geometrical properties of  24 Ge:
 Configuration:           0
 D_ave:   9.31461048       3.44533682    
 D_min:   3.07762527       7.73521364E-02
 energia:  -26944.2031    
