Random Seed:  1234017366
Number of atoms:    60
Space Group:    1
Cell:
    11.9020996    11.9020996    29.6919994    90.0000000    90.0000000   120.0000000
Box:
    11.9020996    -5.9510503     0.0000000
     0.0000000    10.3075209     0.0000000
     0.0000000     0.0000000    29.6919994
----------------------------------------
Inverse Box:
     0.0840188     0.0485083     0.0000000
     0.0000000     0.0970165     0.0000000
     0.0000000     0.0000000     0.0336791
----------------------------------------
GeSiSiSiSiSiSiSiSiSiSiSiSiSiSiSiSiSiSiSiSiSiSiSiSiSiSiSiSiSiSiSiSiSiSiGeSiSiSiSiSiSiSiSiSiSiSiSiSiSiSiSiSiSiSiSiSiSiSiSi
           1 Ge    -7733.56836    
GeGeSiSiSiSiSiSiSiSiSiSiSiSiSiSiSiSiSiSiSiSiSiSiSiSiSiSiSiSiSiSiSiSiSiGeSiSiSiSiSiSiSiSiSiSiSiSiSiSiSiSiSiSiSiSiSiSiSiSi
           2 Ge    -7727.61523    
GeGeGeSiSiSiSiSiSiSiSiSiSiSiSiSiSiSiSiSiSiSiSiSiSiSiSiSiSiSiSiSiSiSiSiGeSiSiSiSiSiSiSiSiSiSiSiSiSiSiSiSiSiSiSiSiSiSiSiSi
           3 Ge    -7721.52441    
GeGeGeGeSiSiSiSiSiSiSiSiSiSiSiSiSiSiSiSiSiSiSiSiSiSiSiSiSiSiSiSiSiSiSiGeSiSiSiSiSiSiSiSiSiSiSiSiSiSiSiSiSiSiSiSiSiSiSiSi
           4 Ge    -7746.98535    
GeGeGeGeGeSiSiSiSiSiSiSiSiSiSiSiSiSiSiSiSiSiSiSiSiSiSiSiSiSiSiSiSiSiSiGeSiSiSiSiSiSiSiSiSiSiSiSiSiSiSiSiSiSiSiSiSiSiSiSi
           5 Ge    -7791.12354    
GeGeGeGeGeGeSiSiSiSiSiSiSiSiSiSiSiSiSiSiSiSiSiSiSiSiSiSiSiSiSiSiSiSiSiGeSiSiSiSiSiSiSiSiSiSiSiSiSiSiSiSiSiSiSiSiSiSiSiSi
           6 Ge    -7855.56396    
GeGeGeGeGeGeGeSiSiSiSiSiSiSiSiSiSiSiSiSiSiSiSiSiSiSiSiSiSiSiSiSiSiSiSiGeSiSiSiSiSiSiSiSiSiSiSiSiSiSiSiSiSiSiSiSiSiSiSiSi
           7 Ge    -7756.38232    
GeGeGeGeGeGeGeGeSiSiSiSiSiSiSiSiSiSiSiSiSiSiSiSiSiSiSiSiSiSiSiSiSiSiSiGeSiSiSiSiSiSiSiSiSiSiSiSiSiSiSiSiSiSiSiSiSiSiSiSi
           8 Ge    -7957.16699    
GeGeGeGeGeGeGeGeSiSiSiGeSiSiSiSiSiSiSiSiSiSiSiSiSiSiSiSiSiSiSiSiSiSiSiGeSiSiSiSiSiSiSiSiSiSiSiSiSiSiSiSiSiSiSiSiSiSiSiSi
          12 Ge    -8285.14551    
GeGeGeGeGeGeGeGeSiSiSiGeSiSiSiGeSiSiSiSiSiSiSiSiSiSiSiSiSiSiSiSiSiSiSiGeSiSiSiSiSiSiSiSiSiSiSiSiSiSiSiSiSiSiSiSiSiSiSiSi
          16 Ge    -8483.17676    
GeGeGeGeGeGeGeGeSiSiSiGeSiSiSiGeSiSiSiSiSiSiSiSiSiGeSiSiSiSiSiSiSiSiSiGeSiSiSiSiSiSiSiSiSiSiSiSiSiSiSiSiSiSiSiSiSiSiSiSi
          26 Ge    -8289.30762    
GeGeGeGeGeGeGeGeSiSiSiGeSiSiSiGeSiSiSiSiSiSiSiSiSiGeSiSiSiGeSiSiSiSiSiGeSiSiSiSiSiSiSiSiSiSiSiSiSiSiSiSiSiSiSiSiSiSiSiSi
          30 Ge    -8331.00098    
GeGeGeGeGeGeGeGeSiSiSiGeSiSiSiGeSiSiSiSiSiSiSiSiSiGeSiSiSiGeSiSiGeSiSiGeSiSiSiSiSiSiSiSiSiSiSiSiSiSiSiSiSiSiSiSiSiSiSiSi
          33 Ge    -8886.60645    
GeGeGeGeGeGeGeGeSiSiSiGeSiSiSiGeSiSiSiSiSiSiSiSiSiGeSiSiSiGeSiSiGeSiSiGeSiSiGeSiSiSiSiSiSiSiSiSiSiSiSiSiSiSiSiSiSiSiSiSi
          39 Ge    -9498.68945    
GeGeGeGeGeGeGeGeSiSiSiGeSiSiSiGeSiSiSiSiSiSiSiSiSiGeSiSiSiGeSiSiGeSiSiGeSiSiGeGeSiSiSiSiSiSiSiSiSiSiSiSiSiSiSiSiSiSiSiSi
          40 Ge    -9671.79590    
GeGeGeGeGeGeGeGeSiSiSiGeSiSiSiGeSiSiSiSiSiSiSiSiSiGeSiSiSiGeSiSiGeSiSiGeSiSiGeGeSiGeSiSiSiSiSiSiSiSiSiSiSiSiSiSiSiSiSiSi
          42 Ge    -8416.00684    
GeGeGeGeGeGeGeGeSiSiSiGeSiSiSiGeSiSiSiSiSiSiSiSiSiGeSiSiSiGeSiSiGeSiSiGeSiSiGeGeSiGeSiSiGeSiSiSiSiSiSiSiSiSiSiSiSiSiSiSi
          45 Ge    -8915.39453    
GeGeGeGeGeGeGeGeSiSiSiGeSiSiSiGeSiSiSiSiSiSiSiSiSiGeSiSiSiGeSiSiGeSiSiGeSiSiGeGeSiGeSiSiGeGeSiSiSiSiSiSiSiSiSiSiSiSiSiSi
          46 Ge    -9097.63379    
GeGeGeGeGeGeGeGeSiSiSiGeSiSiSiGeSiSiSiSiSiSiSiSiSiGeSiSiSiGeSiSiGeSiSiGeSiSiGeGeSiGeSiSiGeGeSiSiSiSiSiSiSiSiSiSiGeSiSiSi
          57 Ge    -10232.6211    
GeGeGeGeGeGeGeGeSiGeSiGeSiSiSiGeSiSiSiSiSiSiSiSiSiGeSiSiSiGeSiSiGeSiSiGeSiSiGeGeSiGeSiSiGeGeSiSiSiSiSiSiSiSiSiSiGeSiSiSi
          10 Ge    -9510.37891    
GeGeGeGeGeGeGeGeSiGeGeGeSiSiSiGeSiSiSiSiSiSiSiSiSiGeSiSiSiGeSiSiGeSiSiGeSiSiGeGeSiGeSiSiGeGeSiSiSiSiSiSiSiSiSiSiGeSiSiSi
          11 Ge    -10380.8457    
GeGeGeGeGeGeGeGeSiGeGeGeGeSiSiGeSiSiSiSiSiSiSiSiSiGeSiSiSiGeSiSiGeSiSiGeSiSiGeGeSiGeSiSiGeGeSiSiSiSiSiSiSiSiSiSiGeSiSiSi
          13 Ge    -9216.20508    
GeGeGeGeGeGeGeGeSiGeGeGeGeGeSiGeSiSiSiSiSiSiSiSiSiGeSiSiSiGeSiSiGeSiSiGeSiSiGeGeSiGeSiSiGeGeSiSiSiSiSiSiSiSiSiSiGeSiSiSi
          14 Ge    -7029.72949    
GeGeGeGeGeGeGeGeSiGeGeGeGeGeGeGeSiSiSiSiSiSiSiSiSiGeSiSiSiGeSiSiGeSiSiGeSiSiGeGeSiGeSiSiGeGeSiSiSiSiSiSiSiSiSiSiGeSiSiSi
          15 Ge    -5181.40527    
==============================================
MonteCarlo: Metropolis with identity changes
Si > Ge, Ge > Si. STOP when occurrence <    0.00000
==============================================
Cost_function     Occurrence %     Scan-Cost
   -16892.1406250000 SiSiGeSiSiSiGeGeGeGeGeSiGeSiSiSiSiGeSiGeGeSiSiSiSiGeSiGeSiSiGeSiSiSiSiGeSiGeGeSiSiGeGeSiSiSiGeGeGeGeSiSiGeSiSiGeSiGeSiSi
   -17251.6210937500 SiSiGeSiSiSiGeGeGeGeGeSiGeSiSiSiSiGeSiGeGeSiSiSiGeGeSiGeGeSiGeSiSiSiSiGeSiSiSiSiSiGeGeSiSiSiGeGeGeGeSiSiGeSiSiGeSiGeSiSi
   -17656.7265625000 SiSiGeSiSiSiSiGeGeGeGeSiGeSiSiGeSiGeSiGeGeSiSiSiSiGeSiGeGeSiGeSiSiSiSiGeSiSiSiSiSiGeGeSiSiSiGeGeGeGeSiSiGeSiSiGeGeGeSiSi
   -19407.3125000000 GeSiGeSiSiSiSiGeGeGeGeSiGeSiSiSiSiGeSiGeGeSiSiSiSiGeGeGeGeSiGeSiSiSiSiGeSiSiSiSiSiGeGeSiSiSiSiGeGeGeSiSiGeSiSiGeGeGeSiSi
   -21204.3750000000 GeSiSiSiGeGeSiGeGeGeGeSiGeSiGeGeSiSiSiSiGeSiSiGeSiSiGeGeSiSiSiSiSiSiSiGeSiSiSiSiSiGeGeGeSiGeSiSiSiGeSiSiGeGeSiSiGeGeGeSi
   -21204.3750000000 GeSiSiSiGeGeSiGeGeGeGeSiGeSiGeGeSiSiSiSiGeSiSiGeSiSiGeGeSiSiSiSiSiSiSiGeSiSiSiSiSiGeGeGeSiGeSiSiSiGeSiSiGeGeSiSiGeGeGeSi
   -21204.3750000000 GeSiSiSiGeGeSiGeGeGeGeSiGeSiGeGeSiSiSiSiGeSiSiGeSiSiGeGeSiSiSiSiSiSiSiGeSiSiSiSiSiGeGeGeSiGeSiSiSiGeSiSiGeGeSiSiGeGeGeSi
   -21204.3750000000 GeSiSiSiGeGeSiGeGeGeGeSiGeSiGeGeSiSiSiSiGeSiSiGeSiSiGeGeSiSiSiSiSiSiSiGeSiSiSiSiSiGeGeGeSiGeSiSiSiGeSiSiGeGeSiSiGeGeGeSi
   -21204.3750000000 GeSiSiSiGeGeSiGeGeGeGeSiGeSiGeGeSiSiSiSiGeSiSiGeSiSiGeGeSiSiSiSiSiSiSiGeSiSiSiSiSiGeGeGeSiGeSiSiSiGeSiSiGeGeSiSiGeGeGeSi
   -21204.3750000000 GeSiSiSiGeGeSiGeGeGeGeSiGeSiGeGeSiSiSiSiGeSiSiGeSiSiGeGeSiSiSiSiSiSiSiGeSiSiSiSiSiGeGeGeSiGeSiSiSiGeSiSiGeGeSiSiGeGeGeSi
   -21204.3750000000 GeSiSiSiGeGeSiGeGeGeGeSiGeSiGeGeSiSiSiSiGeSiSiGeSiSiGeGeSiSiSiSiSiSiSiGeSiSiSiSiSiGeGeGeSiGeSiSiSiGeSiSiGeGeSiSiGeGeGeSi
   -21204.3750000000 GeSiSiSiGeGeSiGeGeGeGeSiGeSiGeGeSiSiSiSiGeSiSiGeSiSiGeGeSiSiSiSiSiSiSiGeSiSiSiSiSiGeGeGeSiGeSiSiSiGeSiSiGeGeSiSiGeGeGeSi
   -21204.3750000000 GeSiSiSiGeGeSiGeGeGeGeSiGeSiGeGeSiSiSiSiGeSiSiGeSiSiGeGeSiSiSiSiSiSiSiGeSiSiSiSiSiGeGeGeSiGeSiSiSiGeSiSiGeGeSiSiGeGeGeSi
   -21204.3750000000 GeSiSiSiGeGeSiGeGeGeGeSiGeSiGeGeSiSiSiSiGeSiSiGeSiSiGeGeSiSiSiSiSiSiSiGeSiSiSiSiSiGeGeGeSiGeSiSiSiGeSiSiGeGeSiSiGeGeGeSi
   -22435.5546875000 GeSiSiSiGeGeSiSiGeGeGeSiGeSiGeGeSiSiSiSiGeSiSiGeSiSiGeGeSiSiSiSiSiSiSiGeSiSiSiSiSiGeGeGeSiGeSiSiSiGeGeSiGeGeSiSiGeGeGeSi
   -23053.3476562500 GeSiSiSiGeSiSiSiGeGeGeSiGeSiGeGeSiSiSiSiGeSiSiGeSiSiGeGeSiSiSiSiSiSiSiGeSiSiSiSiSiGeGeGeSiSiSiGeGeGeGeSiGeGeSiSiGeGeGeSi
   -23168.5312500000 SiSiSiSiGeSiSiGeGeGeGeGeGeSiGeGeSiSiSiSiGeSiSiGeSiSiGeGeSiSiSiSiSiSiSiGeSiGeSiSiSiSiSiSiSiSiGeGeGeGeGeSiGeSiSiGeGeGeGeSi
   -23168.5312500000 SiSiSiSiGeSiSiGeGeGeGeGeGeSiGeGeSiSiSiSiGeSiSiGeSiSiGeGeSiSiSiSiSiSiSiGeSiGeSiSiSiSiSiSiSiSiGeGeGeGeGeSiGeSiSiGeGeGeGeSi
   -23168.5312500000 SiSiSiSiGeSiSiGeGeGeGeGeGeSiGeGeSiSiSiSiGeSiSiGeSiSiGeGeSiSiSiSiSiSiSiGeSiGeSiSiSiSiSiSiSiSiGeGeGeGeGeSiGeSiSiGeGeGeGeSi
   -23168.5312500000 SiSiSiSiGeSiSiGeGeGeGeGeGeSiGeGeSiSiSiSiGeSiSiGeSiSiGeGeSiSiSiSiSiSiSiGeSiGeSiSiSiSiSiSiSiSiGeGeGeGeGeSiGeSiSiGeGeGeGeSi
   -23730.0156250000 SiSiSiSiGeSiSiGeGeGeGeGeGeSiGeGeSiSiSiSiGeSiSiGeSiSiGeGeSiSiSiSiSiSiSiGeSiGeSiSiSiSiSiSiSiSiGeGeGeGeSiSiGeGeSiGeGeGeGeSi
   -23730.0156250000 SiSiSiSiGeSiSiGeGeGeGeGeGeSiGeGeSiSiSiSiGeSiSiGeSiSiGeGeSiSiSiSiSiSiSiGeSiGeSiSiSiSiSiSiSiSiGeGeGeGeSiSiGeGeSiGeGeGeGeSi
   -23730.0156250000 SiSiSiSiGeSiSiGeGeGeGeGeGeSiGeGeSiSiSiSiGeSiSiGeSiSiGeGeSiSiSiSiSiSiSiGeSiGeSiSiSiSiSiSiSiSiGeGeGeGeSiSiGeGeSiGeGeGeGeSi
   -23730.0156250000 SiSiSiSiGeSiSiGeGeGeGeGeGeSiGeGeSiSiSiSiGeSiSiGeSiSiGeGeSiSiSiSiSiSiSiGeSiGeSiSiSiSiSiSiSiSiGeGeGeGeSiSiGeGeSiGeGeGeGeSi
   -23730.0156250000 SiSiSiSiGeSiSiGeGeGeGeGeGeSiGeGeSiSiSiSiGeSiSiGeSiSiGeGeSiSiSiSiSiSiSiGeSiGeSiSiSiSiSiSiSiSiGeGeGeGeSiSiGeGeSiGeGeGeGeSi
   -23730.0156250000 SiSiSiSiGeSiSiGeGeGeGeGeGeSiGeGeSiSiSiSiGeSiSiGeSiSiGeGeSiSiSiSiSiSiSiGeSiGeSiSiSiSiSiSiSiSiGeGeGeGeSiSiGeGeSiGeGeGeGeSi
   -23730.0156250000 SiSiSiSiGeSiSiGeGeGeGeGeGeSiGeGeSiSiSiSiGeSiSiGeSiSiGeGeSiSiSiSiSiSiSiGeSiGeSiSiSiSiSiSiSiSiGeGeGeGeSiSiGeGeSiGeGeGeGeSi
   -24030.3984375000 SiSiSiSiGeSiSiGeGeGeGeGeGeSiGeGeSiSiSiSiGeSiSiSiSiSiGeGeSiSiSiSiSiSiSiGeSiGeSiSiSiSiSiSiSiSiGeGeGeSiGeSiGeGeGeGeGeGeGeSi
   -24030.3984375000 SiSiSiSiGeSiSiGeGeGeGeGeGeSiGeGeSiSiSiSiGeSiSiSiSiSiGeGeSiSiSiSiSiSiSiGeSiGeSiSiSiSiSiSiSiSiGeGeGeSiGeSiGeGeGeGeGeGeGeSi
   -24030.3984375000 SiSiSiSiGeSiSiGeGeGeGeGeGeSiGeGeSiSiSiSiGeSiSiSiSiSiGeGeSiSiSiSiSiSiSiGeSiGeSiSiSiSiSiSiSiSiGeGeGeSiGeSiGeGeGeGeGeGeGeSi
   -24030.3984375000 SiSiSiSiGeSiSiGeGeGeGeGeGeSiGeGeSiSiSiSiGeSiSiSiSiSiGeGeSiSiSiSiSiSiSiGeSiGeSiSiSiSiSiSiSiSiGeGeGeSiGeSiGeGeGeGeGeGeGeSi
   -24030.3984375000 SiSiSiSiGeSiSiGeGeGeGeGeGeSiGeGeSiSiSiSiGeSiSiSiSiSiGeGeSiSiSiSiSiSiSiGeSiGeSiSiSiSiSiSiSiSiGeGeGeSiGeSiGeGeGeGeGeGeGeSi
   -24030.3984375000 SiSiSiSiGeSiSiGeGeGeGeGeGeSiGeGeSiSiSiSiGeSiSiSiSiSiGeGeSiSiSiSiSiSiSiGeSiGeSiSiSiSiSiSiSiSiGeGeGeSiGeSiGeGeGeGeGeGeGeSi
   -24030.3984375000 SiSiSiSiGeSiSiGeGeGeGeGeGeSiGeGeSiSiSiSiGeSiSiSiSiSiGeGeSiSiSiSiSiSiSiGeSiGeSiSiSiSiSiSiSiSiGeGeGeSiGeSiGeGeGeGeGeGeGeSi
   -24030.3984375000 SiSiSiSiGeSiSiGeGeGeGeGeGeSiGeGeSiSiSiSiGeSiSiSiSiSiGeGeSiSiSiSiSiSiSiGeSiGeSiSiSiSiSiSiSiSiGeGeGeSiGeSiGeGeGeGeGeGeGeSi
   -24030.3984375000 SiSiSiSiGeSiSiGeGeGeGeGeGeSiGeGeSiSiSiSiGeSiSiSiSiSiGeGeSiSiSiSiSiSiSiGeSiGeSiSiSiSiSiSiSiSiGeGeGeSiGeSiGeGeGeGeGeGeGeSi
   -24030.3984375000 SiSiSiSiGeSiSiGeGeGeGeGeGeSiGeGeSiSiSiSiGeSiSiSiSiSiGeGeSiSiSiSiSiSiSiGeSiGeSiSiSiSiSiSiSiSiGeGeGeSiGeSiGeGeGeGeGeGeGeSi
   -24030.3984375000 SiSiSiSiGeSiSiGeGeGeGeGeGeSiGeGeSiSiSiSiGeSiSiSiSiSiGeGeSiSiSiSiSiSiSiGeSiGeSiSiSiSiSiSiSiSiGeGeGeSiGeSiGeGeGeGeGeGeGeSi
   -24485.3632812500 GeSiSiSiGeSiSiGeGeGeGeGeGeSiSiGeSiSiSiSiGeSiSiSiSiSiGeGeSiSiSiSiSiSiSiGeSiGeSiSiSiSiSiSiSiSiGeGeGeGeGeSiGeGeSiGeGeGeGeSi
   -24485.3632812500 GeSiSiSiGeSiSiGeGeGeGeGeGeSiSiGeSiSiSiSiGeSiSiSiSiSiGeGeSiSiSiSiSiSiSiGeSiGeSiSiSiSiSiSiSiSiGeGeGeGeGeSiGeGeSiGeGeGeGeSi
   -24485.3632812500 GeSiSiSiGeSiSiGeGeGeGeGeGeSiSiGeSiSiSiSiGeSiSiSiSiSiGeGeSiSiSiSiSiSiSiGeSiGeSiSiSiSiSiSiSiSiGeGeGeGeGeSiGeGeSiGeGeGeGeSi
   -24485.3632812500 GeSiSiSiGeSiSiGeGeGeGeGeGeSiSiGeSiSiSiSiGeSiSiSiSiSiGeGeSiSiSiSiSiSiSiGeSiGeSiSiSiSiSiSiSiSiGeGeGeGeGeSiGeGeSiGeGeGeGeSi
   -24485.3632812500 GeSiSiSiGeSiSiGeGeGeGeGeGeSiSiGeSiSiSiSiGeSiSiSiSiSiGeGeSiSiSiSiSiSiSiGeSiGeSiSiSiSiSiSiSiSiGeGeGeGeGeSiGeGeSiGeGeGeGeSi
   -24485.3632812500 GeSiSiSiGeSiSiGeGeGeGeGeGeSiSiGeSiSiSiSiGeSiSiSiSiSiGeGeSiSiSiSiSiSiSiGeSiGeSiSiSiSiSiSiSiSiGeGeGeGeGeSiGeGeSiGeGeGeGeSi
   -24485.3632812500 GeSiSiSiGeSiSiGeGeGeGeGeGeSiSiGeSiSiSiSiGeSiSiSiSiSiGeGeSiSiSiSiSiSiSiGeSiGeSiSiSiSiSiSiSiSiGeGeGeGeGeSiGeGeSiGeGeGeGeSi
   -25002.6757812500 GeSiGeSiGeSiSiGeGeGeGeGeGeSiSiGeSiSiSiSiGeSiSiSiSiSiGeGeSiSiSiSiSiSiSiGeSiGeSiSiSiSiSiSiSiSiGeGeGeGeGeSiGeGeSiGeSiGeGeSi
   -25435.5390625000 GeSiGeSiGeSiSiGeGeGeGeGeGeSiSiGeSiSiGeSiGeSiSiSiSiSiGeSiSiSiSiSiSiSiSiGeSiGeSiSiSiSiSiSiSiSiGeGeGeGeGeSiGeGeSiGeSiGeGeSi
   -26573.0214843750 GeSiGeSiGeGeSiGeGeGeGeSiGeSiSiSiSiSiGeSiGeSiSiSiSiSiGeSiSiSiSiSiSiSiSiGeSiGeSiSiSiGeGeSiSiSiGeGeGeGeGeSiGeGeSiSiGeGeSiSi
   -26573.0214843750 GeSiGeSiGeGeSiGeGeGeGeSiGeSiSiSiSiSiGeSiGeSiSiSiSiSiGeSiSiSiSiSiSiSiSiGeSiGeSiSiSiGeGeSiSiSiGeGeGeGeGeSiGeGeSiSiGeGeSiSi
   -26573.0214843750 GeSiGeSiGeGeSiGeGeGeGeSiGeSiSiSiSiSiGeSiGeSiSiSiSiSiGeSiSiSiSiSiSiSiSiGeSiGeSiSiSiGeGeSiSiSiGeGeGeGeGeSiGeGeSiSiGeGeSiSi
   -26573.0214843750 GeSiGeSiGeGeSiGeGeGeGeSiGeSiSiSiSiSiGeSiGeSiSiSiSiSiGeSiSiSiSiSiSiSiSiGeSiGeSiSiSiGeGeSiSiSiGeGeGeGeGeSiGeGeSiSiGeGeSiSi
   -26573.0214843750 GeSiGeSiGeGeSiGeGeGeGeSiGeSiSiSiSiSiGeSiGeSiSiSiSiSiGeSiSiSiSiSiSiSiSiGeSiGeSiSiSiGeGeSiSiSiGeGeGeGeGeSiGeGeSiSiGeGeSiSi
   -26802.5292968750 GeSiGeSiGeGeSiGeGeGeGeSiGeSiSiSiSiSiSiSiGeSiSiSiSiSiGeSiSiSiSiSiSiSiSiGeSiGeSiGeSiGeGeSiSiSiGeGeGeGeGeSiGeGeSiSiGeGeSiSi
   -26802.5292968750 GeSiGeSiGeGeSiGeGeGeGeSiGeSiSiSiSiSiSiSiGeSiSiSiSiSiGeSiSiSiSiSiSiSiSiGeSiGeSiGeSiGeGeSiSiSiGeGeGeGeGeSiGeGeSiSiGeGeSiSi
   -26802.5292968750 GeSiGeSiGeGeSiGeGeGeGeSiGeSiSiSiSiSiSiSiGeSiSiSiSiSiGeSiSiSiSiSiSiSiSiGeSiGeSiGeSiGeGeSiSiSiGeGeGeGeGeSiGeGeSiSiGeGeSiSi
   -26802.5292968750 GeSiGeSiGeGeSiGeGeGeGeSiGeSiSiSiSiSiSiSiGeSiSiSiSiSiGeSiSiSiSiSiSiSiSiGeSiGeSiGeSiGeGeSiSiSiGeGeGeGeGeSiGeGeSiSiGeGeSiSi
   -26802.5292968750 GeSiGeSiGeGeSiGeGeGeGeSiGeSiSiSiSiSiSiSiGeSiSiSiSiSiGeSiSiSiSiSiSiSiSiGeSiGeSiGeSiGeGeSiSiSiGeGeGeGeGeSiGeGeSiSiGeGeSiSi
   -26802.5292968750 GeSiGeSiGeGeSiGeGeGeGeSiGeSiSiSiSiSiSiSiGeSiSiSiSiSiGeSiSiSiSiSiSiSiSiGeSiGeSiGeSiGeGeSiSiSiGeGeGeGeGeSiGeGeSiSiGeGeSiSi
   -26802.5292968750 GeSiGeSiGeGeSiGeGeGeGeSiGeSiSiSiSiSiSiSiGeSiSiSiSiSiGeSiSiSiSiSiSiSiSiGeSiGeSiGeSiGeGeSiSiSiGeGeGeGeGeSiGeGeSiSiGeGeSiSi
   -26802.5292968750 GeSiGeSiGeGeSiGeGeGeGeSiGeSiSiSiSiSiSiSiGeSiSiSiSiSiGeSiSiSiSiSiSiSiSiGeSiGeSiGeSiGeGeSiSiSiGeGeGeGeGeSiGeGeSiSiGeGeSiSi
   -26802.5292968750 GeSiGeSiGeGeSiGeGeGeGeSiGeSiSiSiSiSiSiSiGeSiSiSiSiSiGeSiSiSiSiSiSiSiSiGeSiGeSiGeSiGeGeSiSiSiGeGeGeGeGeSiGeGeSiSiGeGeSiSi
   -26802.5292968750 GeSiGeSiGeGeSiGeGeGeGeSiGeSiSiSiSiSiSiSiGeSiSiSiSiSiGeSiSiSiSiSiSiSiSiGeSiGeSiGeSiGeGeSiSiSiGeGeGeGeGeSiGeGeSiSiGeGeSiSi
   -26802.5292968750 GeSiGeSiGeGeSiGeGeGeGeSiGeSiSiSiSiSiSiSiGeSiSiSiSiSiGeSiSiSiSiSiSiSiSiGeSiGeSiGeSiGeGeSiSiSiGeGeGeGeGeSiGeGeSiSiGeGeSiSi
   -26802.5292968750 GeSiGeSiGeGeSiGeGeGeGeSiGeSiSiSiSiSiSiSiGeSiSiSiSiSiGeSiSiSiSiSiSiSiSiGeSiGeSiGeSiGeGeSiSiSiGeGeGeGeGeSiGeGeSiSiGeGeSiSi
   -26802.5292968750 GeSiGeSiGeGeSiGeGeGeGeSiGeSiSiSiSiSiSiSiGeSiSiSiSiSiGeSiSiSiSiSiSiSiSiGeSiGeSiGeSiGeGeSiSiSiGeGeGeGeGeSiGeGeSiSiGeGeSiSi
   -26802.5292968750 GeSiGeSiGeGeSiGeGeGeGeSiGeSiSiSiSiSiSiSiGeSiSiSiSiSiGeSiSiSiSiSiSiSiSiGeSiGeSiGeSiGeGeSiSiSiGeGeGeGeGeSiGeGeSiSiGeGeSiSi
   -26802.5292968750 GeSiGeSiGeGeSiGeGeGeGeSiGeSiSiSiSiSiSiSiGeSiSiSiSiSiGeSiSiSiSiSiSiSiSiGeSiGeSiGeSiGeGeSiSiSiGeGeGeGeGeSiGeGeSiSiGeGeSiSi
   -26802.5292968750 GeSiGeSiGeGeSiGeGeGeGeSiGeSiSiSiSiSiSiSiGeSiSiSiSiSiGeSiSiSiSiSiSiSiSiGeSiGeSiGeSiGeGeSiSiSiGeGeGeGeGeSiGeGeSiSiGeGeSiSi
   -26802.5292968750 GeSiGeSiGeGeSiGeGeGeGeSiGeSiSiSiSiSiSiSiGeSiSiSiSiSiGeSiSiSiSiSiSiSiSiGeSiGeSiGeSiGeGeSiSiSiGeGeGeGeGeSiGeGeSiSiGeGeSiSi
   -26802.5292968750 GeSiGeSiGeGeSiGeGeGeGeSiGeSiSiSiSiSiSiSiGeSiSiSiSiSiGeSiSiSiSiSiSiSiSiGeSiGeSiGeSiGeGeSiSiSiGeGeGeGeGeSiGeGeSiSiGeGeSiSi
   -26802.5292968750 GeSiGeSiGeGeSiGeGeGeGeSiGeSiSiSiSiSiSiSiGeSiSiSiSiSiGeSiSiSiSiSiSiSiSiGeSiGeSiGeSiGeGeSiSiSiGeGeGeGeGeSiGeGeSiSiGeGeSiSi
   -26802.5292968750 GeSiGeSiGeGeSiGeGeGeGeSiGeSiSiSiSiSiSiSiGeSiSiSiSiSiGeSiSiSiSiSiSiSiSiGeSiGeSiGeSiGeGeSiSiSiGeGeGeGeGeSiGeGeSiSiGeGeSiSi
   -26802.5292968750 GeSiGeSiGeGeSiGeGeGeGeSiGeSiSiSiSiSiSiSiGeSiSiSiSiSiGeSiSiSiSiSiSiSiSiGeSiGeSiGeSiGeGeSiSiSiGeGeGeGeGeSiGeGeSiSiGeGeSiSi
   -26802.5292968750 GeSiGeSiGeGeSiGeGeGeGeSiGeSiSiSiSiSiSiSiGeSiSiSiSiSiGeSiSiSiSiSiSiSiSiGeSiGeSiGeSiGeGeSiSiSiGeGeGeGeGeSiGeGeSiSiGeGeSiSi
   -26802.5292968750 GeSiGeSiGeGeSiGeGeGeGeSiGeSiSiSiSiSiSiSiGeSiSiSiSiSiGeSiSiSiSiSiSiSiSiGeSiGeSiGeSiGeGeSiSiSiGeGeGeGeGeSiGeGeSiSiGeGeSiSi
   -26802.5292968750 GeSiGeSiGeGeSiGeGeGeGeSiGeSiSiSiSiSiSiSiGeSiSiSiSiSiGeSiSiSiSiSiSiSiSiGeSiGeSiGeSiGeGeSiSiSiGeGeGeGeGeSiGeGeSiSiGeGeSiSi
   -26802.5292968750 GeSiGeSiGeGeSiGeGeGeGeSiGeSiSiSiSiSiSiSiGeSiSiSiSiSiGeSiSiSiSiSiSiSiSiGeSiGeSiGeSiGeGeSiSiSiGeGeGeGeGeSiGeGeSiSiGeGeSiSi
   -26802.5292968750 GeSiGeSiGeGeSiGeGeGeGeSiGeSiSiSiSiSiSiSiGeSiSiSiSiSiGeSiSiSiSiSiSiSiSiGeSiGeSiGeSiGeGeSiSiSiGeGeGeGeGeSiGeGeSiSiGeGeSiSi
   -26802.5292968750 GeSiGeSiGeGeSiGeGeGeGeSiGeSiSiSiSiSiSiSiGeSiSiSiSiSiGeSiSiSiSiSiSiSiSiGeSiGeSiGeSiGeGeSiSiSiGeGeGeGeGeSiGeGeSiSiGeGeSiSi
   -26802.5292968750 GeSiGeSiGeGeSiGeGeGeGeSiGeSiSiSiSiSiSiSiGeSiSiSiSiSiGeSiSiSiSiSiSiSiSiGeSiGeSiGeSiGeGeSiSiSiGeGeGeGeGeSiGeGeSiSiGeGeSiSi
   -26802.5292968750 GeSiGeSiGeGeSiGeGeGeGeSiGeSiSiSiSiSiSiSiGeSiSiSiSiSiGeSiSiSiSiSiSiSiSiGeSiGeSiGeSiGeGeSiSiSiGeGeGeGeGeSiGeGeSiSiGeGeSiSi
   -26802.5292968750 GeSiGeSiGeGeSiGeGeGeGeSiGeSiSiSiSiSiSiSiGeSiSiSiSiSiGeSiSiSiSiSiSiSiSiGeSiGeSiGeSiGeGeSiSiSiGeGeGeGeGeSiGeGeSiSiGeGeSiSi
   -26802.5292968750 GeSiGeSiGeGeSiGeGeGeGeSiGeSiSiSiSiSiSiSiGeSiSiSiSiSiGeSiSiSiSiSiSiSiSiGeSiGeSiGeSiGeGeSiSiSiGeGeGeGeGeSiGeGeSiSiGeGeSiSi
   -26802.5292968750 GeSiGeSiGeGeSiGeGeGeGeSiGeSiSiSiSiSiSiSiGeSiSiSiSiSiGeSiSiSiSiSiSiSiSiGeSiGeSiGeSiGeGeSiSiSiGeGeGeGeGeSiGeGeSiSiGeGeSiSi
   -26802.5292968750 GeSiGeSiGeGeSiGeGeGeGeSiGeSiSiSiSiSiSiSiGeSiSiSiSiSiGeSiSiSiSiSiSiSiSiGeSiGeSiGeSiGeGeSiSiSiGeGeGeGeGeSiGeGeSiSiGeGeSiSi
   -26802.5292968750 GeSiGeSiGeGeSiGeGeGeGeSiGeSiSiSiSiSiSiSiGeSiSiSiSiSiGeSiSiSiSiSiSiSiSiGeSiGeSiGeSiGeGeSiSiSiGeGeGeGeGeSiGeGeSiSiGeGeSiSi
   -26802.5292968750 GeSiGeSiGeGeSiGeGeGeGeSiGeSiSiSiSiSiSiSiGeSiSiSiSiSiGeSiSiSiSiSiSiSiSiGeSiGeSiGeSiGeGeSiSiSiGeGeGeGeGeSiGeGeSiSiGeGeSiSi
   -26802.5292968750 GeSiGeSiGeGeSiGeGeGeGeSiGeSiSiSiSiSiSiSiGeSiSiSiSiSiGeSiSiSiSiSiSiSiSiGeSiGeSiGeSiGeGeSiSiSiGeGeGeGeGeSiGeGeSiSiGeGeSiSi
   -26802.5292968750 GeSiGeSiGeGeSiGeGeGeGeSiGeSiSiSiSiSiSiSiGeSiSiSiSiSiGeSiSiSiSiSiSiSiSiGeSiGeSiGeSiGeGeSiSiSiGeGeGeGeGeSiGeGeSiSiGeGeSiSi
   -26802.5292968750 GeSiGeSiGeGeSiGeGeGeGeSiGeSiSiSiSiSiSiSiGeSiSiSiSiSiGeSiSiSiSiSiSiSiSiGeSiGeSiGeSiGeGeSiSiSiGeGeGeGeGeSiGeGeSiSiGeGeSiSi
   -26802.5292968750 GeSiGeSiGeGeSiGeGeGeGeSiGeSiSiSiSiSiSiSiGeSiSiSiSiSiGeSiSiSiSiSiSiSiSiGeSiGeSiGeSiGeGeSiSiSiGeGeGeGeGeSiGeGeSiSiGeGeSiSi
   -26802.5292968750 GeSiGeSiGeGeSiGeGeGeGeSiGeSiSiSiSiSiSiSiGeSiSiSiSiSiGeSiSiSiSiSiSiSiSiGeSiGeSiGeSiGeGeSiSiSiGeGeGeGeGeSiGeGeSiSiGeGeSiSi
   -26802.5292968750 GeSiGeSiGeGeSiGeGeGeGeSiGeSiSiSiSiSiSiSiGeSiSiSiSiSiGeSiSiSiSiSiSiSiSiGeSiGeSiGeSiGeGeSiSiSiGeGeGeGeGeSiGeGeSiSiGeGeSiSi
   -26802.5292968750 GeSiGeSiGeGeSiGeGeGeGeSiGeSiSiSiSiSiSiSiGeSiSiSiSiSiGeSiSiSiSiSiSiSiSiGeSiGeSiGeSiGeGeSiSiSiGeGeGeGeGeSiGeGeSiSiGeGeSiSi
   -26802.5292968750 GeSiGeSiGeGeSiGeGeGeGeSiGeSiSiSiSiSiSiSiGeSiSiSiSiSiGeSiSiSiSiSiSiSiSiGeSiGeSiGeSiGeGeSiSiSiGeGeGeGeGeSiGeGeSiSiGeGeSiSi
   -26802.5292968750 GeSiGeSiGeGeSiGeGeGeGeSiGeSiSiSiSiSiSiSiGeSiSiSiSiSiGeSiSiSiSiSiSiSiSiGeSiGeSiGeSiGeGeSiSiSiGeGeGeGeGeSiGeGeSiSiGeGeSiSi
   -26802.5292968750 GeSiGeSiGeGeSiGeGeGeGeSiGeSiSiSiSiSiSiSiGeSiSiSiSiSiGeSiSiSiSiSiSiSiSiGeSiGeSiGeSiGeGeSiSiSiGeGeGeGeGeSiGeGeSiSiGeGeSiSi
   -26802.5292968750 GeSiGeSiGeGeSiGeGeGeGeSiGeSiSiSiSiSiSiSiGeSiSiSiSiSiGeSiSiSiSiSiSiSiSiGeSiGeSiGeSiGeGeSiSiSiGeGeGeGeGeSiGeGeSiSiGeGeSiSi
   -26802.5292968750 GeSiGeSiGeGeSiGeGeGeGeSiGeSiSiSiSiSiSiSiGeSiSiSiSiSiGeSiSiSiSiSiSiSiSiGeSiGeSiGeSiGeGeSiSiSiGeGeGeGeGeSiGeGeSiSiGeGeSiSi
   -26802.5292968750 GeSiGeSiGeGeSiGeGeGeGeSiGeSiSiSiSiSiSiSiGeSiSiSiSiSiGeSiSiSiSiSiSiSiSiGeSiGeSiGeSiGeGeSiSiSiGeGeGeGeGeSiGeGeSiSiGeGeSiSi
   -26802.5292968750 GeSiGeSiGeGeSiGeGeGeGeSiGeSiSiSiSiSiSiSiGeSiSiSiSiSiGeSiSiSiSiSiSiSiSiGeSiGeSiGeSiGeGeSiSiSiGeGeGeGeGeSiGeGeSiSiGeGeSiSi
   -26802.5292968750 GeSiGeSiGeGeSiGeGeGeGeSiGeSiSiSiSiSiSiSiGeSiSiSiSiSiGeSiSiSiSiSiSiSiSiGeSiGeSiGeSiGeGeSiSiSiGeGeGeGeGeSiGeGeSiSiGeGeSiSi
   -26802.5292968750 GeSiGeSiGeGeSiGeGeGeGeSiGeSiSiSiSiSiSiSiGeSiSiSiSiSiGeSiSiSiSiSiSiSiSiGeSiGeSiGeSiGeGeSiSiSiGeGeGeGeGeSiGeGeSiSiGeGeSiSi
   -26802.5292968750 GeSiGeSiGeGeSiGeGeGeGeSiGeSiSiSiSiSiSiSiGeSiSiSiSiSiGeSiSiSiSiSiSiSiSiGeSiGeSiGeSiGeGeSiSiSiGeGeGeGeGeSiGeGeSiSiGeGeSiSi
   -26802.5292968750 GeSiGeSiGeGeSiGeGeGeGeSiGeSiSiSiSiSiSiSiGeSiSiSiSiSiGeSiSiSiSiSiSiSiSiGeSiGeSiGeSiGeGeSiSiSiGeGeGeGeGeSiGeGeSiSiGeGeSiSi
   -26802.5292968750 GeSiGeSiGeGeSiGeGeGeGeSiGeSiSiSiSiSiSiSiGeSiSiSiSiSiGeSiSiSiSiSiSiSiSiGeSiGeSiGeSiGeGeSiSiSiGeGeGeGeGeSiGeGeSiSiGeGeSiSi
   -26802.5292968750 GeSiGeSiGeGeSiGeGeGeGeSiGeSiSiSiSiSiSiSiGeSiSiSiSiSiGeSiSiSiSiSiSiSiSiGeSiGeSiGeSiGeGeSiSiSiGeGeGeGeGeSiGeGeSiSiGeGeSiSi
   -26802.5292968750 GeSiGeSiGeGeSiGeGeGeGeSiGeSiSiSiSiSiSiSiGeSiSiSiSiSiGeSiSiSiSiSiSiSiSiGeSiGeSiGeSiGeGeSiSiSiGeGeGeGeGeSiGeGeSiSiGeGeSiSi
   -26802.5292968750 GeSiGeSiGeGeSiGeGeGeGeSiGeSiSiSiSiSiSiSiGeSiSiSiSiSiGeSiSiSiSiSiSiSiSiGeSiGeSiGeSiGeGeSiSiSiGeGeGeGeGeSiGeGeSiSiGeGeSiSi
   -26802.5292968750 GeSiGeSiGeGeSiGeGeGeGeSiGeSiSiSiSiSiSiSiGeSiSiSiSiSiGeSiSiSiSiSiSiSiSiGeSiGeSiGeSiGeGeSiSiSiGeGeGeGeGeSiGeGeSiSiGeGeSiSi
   -26802.5292968750 GeSiGeSiGeGeSiGeGeGeGeSiGeSiSiSiSiSiSiSiGeSiSiSiSiSiGeSiSiSiSiSiSiSiSiGeSiGeSiGeSiGeGeSiSiSiGeGeGeGeGeSiGeGeSiSiGeGeSiSi
   -26802.5292968750 GeSiGeSiGeGeSiGeGeGeGeSiGeSiSiSiSiSiSiSiGeSiSiSiSiSiGeSiSiSiSiSiSiSiSiGeSiGeSiGeSiGeGeSiSiSiGeGeGeGeGeSiGeGeSiSiGeGeSiSi
   -26802.5292968750 GeSiGeSiGeGeSiGeGeGeGeSiGeSiSiSiSiSiSiSiGeSiSiSiSiSiGeSiSiSiSiSiSiSiSiGeSiGeSiGeSiGeGeSiSiSiGeGeGeGeGeSiGeGeSiSiGeGeSiSi
   -26802.5292968750 GeSiGeSiGeGeSiGeGeGeGeSiGeSiSiSiSiSiSiSiGeSiSiSiSiSiGeSiSiSiSiSiSiSiSiGeSiGeSiGeSiGeGeSiSiSiGeGeGeGeGeSiGeGeSiSiGeGeSiSi
   -26802.5292968750 GeSiGeSiGeGeSiGeGeGeGeSiGeSiSiSiSiSiSiSiGeSiSiSiSiSiGeSiSiSiSiSiSiSiSiGeSiGeSiGeSiGeGeSiSiSiGeGeGeGeGeSiGeGeSiSiGeGeSiSi
   -26802.5292968750 GeSiGeSiGeGeSiGeGeGeGeSiGeSiSiSiSiSiSiSiGeSiSiSiSiSiGeSiSiSiSiSiSiSiSiGeSiGeSiGeSiGeGeSiSiSiGeGeGeGeGeSiGeGeSiSiGeGeSiSi
   -26802.5292968750 GeSiGeSiGeGeSiGeGeGeGeSiGeSiSiSiSiSiSiSiGeSiSiSiSiSiGeSiSiSiSiSiSiSiSiGeSiGeSiGeSiGeGeSiSiSiGeGeGeGeGeSiGeGeSiSiGeGeSiSi
   -26802.5292968750 GeSiGeSiGeGeSiGeGeGeGeSiGeSiSiSiSiSiSiSiGeSiSiSiSiSiGeSiSiSiSiSiSiSiSiGeSiGeSiGeSiGeGeSiSiSiGeGeGeGeGeSiGeGeSiSiGeGeSiSi
   -26802.5292968750 GeSiGeSiGeGeSiGeGeGeGeSiGeSiSiSiSiSiSiSiGeSiSiSiSiSiGeSiSiSiSiSiSiSiSiGeSiGeSiGeSiGeGeSiSiSiGeGeGeGeGeSiGeGeSiSiGeGeSiSi
   -26802.5292968750 GeSiGeSiGeGeSiGeGeGeGeSiGeSiSiSiSiSiSiSiGeSiSiSiSiSiGeSiSiSiSiSiSiSiSiGeSiGeSiGeSiGeGeSiSiSiGeGeGeGeGeSiGeGeSiSiGeGeSiSi
   -26802.5292968750 GeSiGeSiGeGeSiGeGeGeGeSiGeSiSiSiSiSiSiSiGeSiSiSiSiSiGeSiSiSiSiSiSiSiSiGeSiGeSiGeSiGeGeSiSiSiGeGeGeGeGeSiGeGeSiSiGeGeSiSi
   -26802.5292968750 GeSiGeSiGeGeSiGeGeGeGeSiGeSiSiSiSiSiSiSiGeSiSiSiSiSiGeSiSiSiSiSiSiSiSiGeSiGeSiGeSiGeGeSiSiSiGeGeGeGeGeSiGeGeSiSiGeGeSiSi
   -26802.5292968750 GeSiGeSiGeGeSiGeGeGeGeSiGeSiSiSiSiSiSiSiGeSiSiSiSiSiGeSiSiSiSiSiSiSiSiGeSiGeSiGeSiGeGeSiSiSiGeGeGeGeGeSiGeGeSiSiGeGeSiSi
   -26802.5292968750 GeSiGeSiGeGeSiGeGeGeGeSiGeSiSiSiSiSiSiSiGeSiSiSiSiSiGeSiSiSiSiSiSiSiSiGeSiGeSiGeSiGeGeSiSiSiGeGeGeGeGeSiGeGeSiSiGeGeSiSi
   -26802.5292968750 GeSiGeSiGeGeSiGeGeGeGeSiGeSiSiSiSiSiSiSiGeSiSiSiSiSiGeSiSiSiSiSiSiSiSiGeSiGeSiGeSiGeGeSiSiSiGeGeGeGeGeSiGeGeSiSiGeGeSiSi
   -26802.5292968750 GeSiGeSiGeGeSiGeGeGeGeSiGeSiSiSiSiSiSiSiGeSiSiSiSiSiGeSiSiSiSiSiSiSiSiGeSiGeSiGeSiGeGeSiSiSiGeGeGeGeGeSiGeGeSiSiGeGeSiSi
   -26802.5292968750 GeSiGeSiGeGeSiGeGeGeGeSiGeSiSiSiSiSiSiSiGeSiSiSiSiSiGeSiSiSiSiSiSiSiSiGeSiGeSiGeSiGeGeSiSiSiGeGeGeGeGeSiGeGeSiSiGeGeSiSi
   -26802.5292968750 GeSiGeSiGeGeSiGeGeGeGeSiGeSiSiSiSiSiSiSiGeSiSiSiSiSiGeSiSiSiSiSiSiSiSiGeSiGeSiGeSiGeGeSiSiSiGeGeGeGeGeSiGeGeSiSiGeGeSiSi
   -26802.5292968750 GeSiGeSiGeGeSiGeGeGeGeSiGeSiSiSiSiSiSiSiGeSiSiSiSiSiGeSiSiSiSiSiSiSiSiGeSiGeSiGeSiGeGeSiSiSiGeGeGeGeGeSiGeGeSiSiGeGeSiSi
   -26802.5292968750 GeSiGeSiGeGeSiGeGeGeGeSiGeSiSiSiSiSiSiSiGeSiSiSiSiSiGeSiSiSiSiSiSiSiSiGeSiGeSiGeSiGeGeSiSiSiGeGeGeGeGeSiGeGeSiSiGeGeSiSi
   -26802.5292968750 GeSiGeSiGeGeSiGeGeGeGeSiGeSiSiSiSiSiSiSiGeSiSiSiSiSiGeSiSiSiSiSiSiSiSiGeSiGeSiGeSiGeGeSiSiSiGeGeGeGeGeSiGeGeSiSiGeGeSiSi
   -26802.5292968750 GeSiGeSiGeGeSiGeGeGeGeSiGeSiSiSiSiSiSiSiGeSiSiSiSiSiGeSiSiSiSiSiSiSiSiGeSiGeSiGeSiGeGeSiSiSiGeGeGeGeGeSiGeGeSiSiGeGeSiSi
   -26802.5292968750 GeSiGeSiGeGeSiGeGeGeGeSiGeSiSiSiSiSiSiSiGeSiSiSiSiSiGeSiSiSiSiSiSiSiSiGeSiGeSiGeSiGeGeSiSiSiGeGeGeGeGeSiGeGeSiSiGeGeSiSi
   -26802.5292968750 GeSiGeSiGeGeSiGeGeGeGeSiGeSiSiSiSiSiSiSiGeSiSiSiSiSiGeSiSiSiSiSiSiSiSiGeSiGeSiGeSiGeGeSiSiSiGeGeGeGeGeSiGeGeSiSiGeGeSiSi
   -26802.5292968750 GeSiGeSiGeGeSiGeGeGeGeSiGeSiSiSiSiSiSiSiGeSiSiSiSiSiGeSiSiSiSiSiSiSiSiGeSiGeSiGeSiGeGeSiSiSiGeGeGeGeGeSiGeGeSiSiGeGeSiSi
   -26802.5292968750 GeSiGeSiGeGeSiGeGeGeGeSiGeSiSiSiSiSiSiSiGeSiSiSiSiSiGeSiSiSiSiSiSiSiSiGeSiGeSiGeSiGeGeSiSiSiGeGeGeGeGeSiGeGeSiSiGeGeSiSi
   -26802.5292968750 GeSiGeSiGeGeSiGeGeGeGeSiGeSiSiSiSiSiSiSiGeSiSiSiSiSiGeSiSiSiSiSiSiSiSiGeSiGeSiGeSiGeGeSiSiSiGeGeGeGeGeSiGeGeSiSiGeGeSiSi
   -26802.5292968750 GeSiGeSiGeGeSiGeGeGeGeSiGeSiSiSiSiSiSiSiGeSiSiSiSiSiGeSiSiSiSiSiSiSiSiGeSiGeSiGeSiGeGeSiSiSiGeGeGeGeGeSiGeGeSiSiGeGeSiSi
   -26802.5292968750 GeSiGeSiGeGeSiGeGeGeGeSiGeSiSiSiSiSiSiSiGeSiSiSiSiSiGeSiSiSiSiSiSiSiSiGeSiGeSiGeSiGeGeSiSiSiGeGeGeGeGeSiGeGeSiSiGeGeSiSi
   -26802.5292968750 GeSiGeSiGeGeSiGeGeGeGeSiGeSiSiSiSiSiSiSiGeSiSiSiSiSiGeSiSiSiSiSiSiSiSiGeSiGeSiGeSiGeGeSiSiSiGeGeGeGeGeSiGeGeSiSiGeGeSiSi
   -26802.5292968750 GeSiGeSiGeGeSiGeGeGeGeSiGeSiSiSiSiSiSiSiGeSiSiSiSiSiGeSiSiSiSiSiSiSiSiGeSiGeSiGeSiGeGeSiSiSiGeGeGeGeGeSiGeGeSiSiGeGeSiSi
   -26802.5292968750 GeSiGeSiGeGeSiGeGeGeGeSiGeSiSiSiSiSiSiSiGeSiSiSiSiSiGeSiSiSiSiSiSiSiSiGeSiGeSiGeSiGeGeSiSiSiGeGeGeGeGeSiGeGeSiSiGeGeSiSi
   -26802.5292968750 GeSiGeSiGeGeSiGeGeGeGeSiGeSiSiSiSiSiSiSiGeSiSiSiSiSiGeSiSiSiSiSiSiSiSiGeSiGeSiGeSiGeGeSiSiSiGeGeGeGeGeSiGeGeSiSiGeGeSiSi
   -26802.5292968750 GeSiGeSiGeGeSiGeGeGeGeSiGeSiSiSiSiSiSiSiGeSiSiSiSiSiGeSiSiSiSiSiSiSiSiGeSiGeSiGeSiGeGeSiSiSiGeGeGeGeGeSiGeGeSiSiGeGeSiSi
   -26802.5292968750 GeSiGeSiGeGeSiGeGeGeGeSiGeSiSiSiSiSiSiSiGeSiSiSiSiSiGeSiSiSiSiSiSiSiSiGeSiGeSiGeSiGeGeSiSiSiGeGeGeGeGeSiGeGeSiSiGeGeSiSi
   -26802.5292968750 GeSiGeSiGeGeSiGeGeGeGeSiGeSiSiSiSiSiSiSiGeSiSiSiSiSiGeSiSiSiSiSiSiSiSiGeSiGeSiGeSiGeGeSiSiSiGeGeGeGeGeSiGeGeSiSiGeGeSiSi
   -26802.5292968750 GeSiGeSiGeGeSiGeGeGeGeSiGeSiSiSiSiSiSiSiGeSiSiSiSiSiGeSiSiSiSiSiSiSiSiGeSiGeSiGeSiGeGeSiSiSiGeGeGeGeGeSiGeGeSiSiGeGeSiSi
   -26802.5292968750 GeSiGeSiGeGeSiGeGeGeGeSiGeSiSiSiSiSiSiSiGeSiSiSiSiSiGeSiSiSiSiSiSiSiSiGeSiGeSiGeSiGeGeSiSiSiGeGeGeGeGeSiGeGeSiSiGeGeSiSi
   -26802.5292968750 GeSiGeSiGeGeSiGeGeGeGeSiGeSiSiSiSiSiSiSiGeSiSiSiSiSiGeSiSiSiSiSiSiSiSiGeSiGeSiGeSiGeGeSiSiSiGeGeGeGeGeSiGeGeSiSiGeGeSiSi
   -26802.5292968750 GeSiGeSiGeGeSiGeGeGeGeSiGeSiSiSiSiSiSiSiGeSiSiSiSiSiGeSiSiSiSiSiSiSiSiGeSiGeSiGeSiGeGeSiSiSiGeGeGeGeGeSiGeGeSiSiGeGeSiSi
   -26802.5292968750 GeSiGeSiGeGeSiGeGeGeGeSiGeSiSiSiSiSiSiSiGeSiSiSiSiSiGeSiSiSiSiSiSiSiSiGeSiGeSiGeSiGeGeSiSiSiGeGeGeGeGeSiGeGeSiSiGeGeSiSi
   -26802.5292968750 GeSiGeSiGeGeSiGeGeGeGeSiGeSiSiSiSiSiSiSiGeSiSiSiSiSiGeSiSiSiSiSiSiSiSiGeSiGeSiGeSiGeGeSiSiSiGeGeGeGeGeSiGeGeSiSiGeGeSiSi
   -26802.5292968750 GeSiGeSiGeGeSiGeGeGeGeSiGeSiSiSiSiSiSiSiGeSiSiSiSiSiGeSiSiSiSiSiSiSiSiGeSiGeSiGeSiGeGeSiSiSiGeGeGeGeGeSiGeGeSiSiGeGeSiSi
   -26802.5292968750 GeSiGeSiGeGeSiGeGeGeGeSiGeSiSiSiSiSiSiSiGeSiSiSiSiSiGeSiSiSiSiSiSiSiSiGeSiGeSiGeSiGeGeSiSiSiGeGeGeGeGeSiGeGeSiSiGeGeSiSi
   -26802.5292968750 GeSiGeSiGeGeSiGeGeGeGeSiGeSiSiSiSiSiSiSiGeSiSiSiSiSiGeSiSiSiSiSiSiSiSiGeSiGeSiGeSiGeGeSiSiSiGeGeGeGeGeSiGeGeSiSiGeGeSiSi
   -26802.5292968750 GeSiGeSiGeGeSiGeGeGeGeSiGeSiSiSiSiSiSiSiGeSiSiSiSiSiGeSiSiSiSiSiSiSiSiGeSiGeSiGeSiGeGeSiSiSiGeGeGeGeGeSiGeGeSiSiGeGeSiSi
   -26802.5292968750 GeSiGeSiGeGeSiGeGeGeGeSiGeSiSiSiSiSiSiSiGeSiSiSiSiSiGeSiSiSiSiSiSiSiSiGeSiGeSiGeSiGeGeSiSiSiGeGeGeGeGeSiGeGeSiSiGeGeSiSi
   -26802.5292968750 GeSiGeSiGeGeSiGeGeGeGeSiGeSiSiSiSiSiSiSiGeSiSiSiSiSiGeSiSiSiSiSiSiSiSiGeSiGeSiGeSiGeGeSiSiSiGeGeGeGeGeSiGeGeSiSiGeGeSiSi
   -26802.5292968750 GeSiGeSiGeGeSiGeGeGeGeSiGeSiSiSiSiSiSiSiGeSiSiSiSiSiGeSiSiSiSiSiSiSiSiGeSiGeSiGeSiGeGeSiSiSiGeGeGeGeGeSiGeGeSiSiGeGeSiSi
   -26802.5292968750 GeSiGeSiGeGeSiGeGeGeGeSiGeSiSiSiSiSiSiSiGeSiSiSiSiSiGeSiSiSiSiSiSiSiSiGeSiGeSiGeSiGeGeSiSiSiGeGeGeGeGeSiGeGeSiSiGeGeSiSi
   -26802.5292968750 GeSiGeSiGeGeSiGeGeGeGeSiGeSiSiSiSiSiSiSiGeSiSiSiSiSiGeSiSiSiSiSiSiSiSiGeSiGeSiGeSiGeGeSiSiSiGeGeGeGeGeSiGeGeSiSiGeGeSiSi
   -26802.5292968750 GeSiGeSiGeGeSiGeGeGeGeSiGeSiSiSiSiSiSiSiGeSiSiSiSiSiGeSiSiSiSiSiSiSiSiGeSiGeSiGeSiGeGeSiSiSiGeGeGeGeGeSiGeGeSiSiGeGeSiSi
   -26802.5292968750 GeSiGeSiGeGeSiGeGeGeGeSiGeSiSiSiSiSiSiSiGeSiSiSiSiSiGeSiSiSiSiSiSiSiSiGeSiGeSiGeSiGeGeSiSiSiGeGeGeGeGeSiGeGeSiSiGeGeSiSi
   -26802.5292968750 GeSiGeSiGeGeSiGeGeGeGeSiGeSiSiSiSiSiSiSiGeSiSiSiSiSiGeSiSiSiSiSiSiSiSiGeSiGeSiGeSiGeGeSiSiSiGeGeGeGeGeSiGeGeSiSiGeGeSiSi
   -26802.5292968750 GeSiGeSiGeGeSiGeGeGeGeSiGeSiSiSiSiSiSiSiGeSiSiSiSiSiGeSiSiSiSiSiSiSiSiGeSiGeSiGeSiGeGeSiSiSiGeGeGeGeGeSiGeGeSiSiGeGeSiSi
   -26802.5292968750 GeSiGeSiGeGeSiGeGeGeGeSiGeSiSiSiSiSiSiSiGeSiSiSiSiSiGeSiSiSiSiSiSiSiSiGeSiGeSiGeSiGeGeSiSiSiGeGeGeGeGeSiGeGeSiSiGeGeSiSi
   -26802.5292968750 GeSiGeSiGeGeSiGeGeGeGeSiGeSiSiSiSiSiSiSiGeSiSiSiSiSiGeSiSiSiSiSiSiSiSiGeSiGeSiGeSiGeGeSiSiSiGeGeGeGeGeSiGeGeSiSiGeGeSiSi
   -26802.5292968750 GeSiGeSiGeGeSiGeGeGeGeSiGeSiSiSiSiSiSiSiGeSiSiSiSiSiGeSiSiSiSiSiSiSiSiGeSiGeSiGeSiGeGeSiSiSiGeGeGeGeGeSiGeGeSiSiGeGeSiSi
   -26802.5292968750 GeSiGeSiGeGeSiGeGeGeGeSiGeSiSiSiSiSiSiSiGeSiSiSiSiSiGeSiSiSiSiSiSiSiSiGeSiGeSiGeSiGeGeSiSiSiGeGeGeGeGeSiGeGeSiSiGeGeSiSi
   -26802.5292968750 GeSiGeSiGeGeSiGeGeGeGeSiGeSiSiSiSiSiSiSiGeSiSiSiSiSiGeSiSiSiSiSiSiSiSiGeSiGeSiGeSiGeGeSiSiSiGeGeGeGeGeSiGeGeSiSiGeGeSiSi
   -26802.5292968750 GeSiGeSiGeGeSiGeGeGeGeSiGeSiSiSiSiSiSiSiGeSiSiSiSiSiGeSiSiSiSiSiSiSiSiGeSiGeSiGeSiGeGeSiSiSiGeGeGeGeGeSiGeGeSiSiGeGeSiSi
   -26802.5292968750 GeSiGeSiGeGeSiGeGeGeGeSiGeSiSiSiSiSiSiSiGeSiSiSiSiSiGeSiSiSiSiSiSiSiSiGeSiGeSiGeSiGeGeSiSiSiGeGeGeGeGeSiGeGeSiSiGeGeSiSi
   -26802.5292968750 GeSiGeSiGeGeSiGeGeGeGeSiGeSiSiSiSiSiSiSiGeSiSiSiSiSiGeSiSiSiSiSiSiSiSiGeSiGeSiGeSiGeGeSiSiSiGeGeGeGeGeSiGeGeSiSiGeGeSiSi
   -26802.5292968750 GeSiGeSiGeGeSiGeGeGeGeSiGeSiSiSiSiSiSiSiGeSiSiSiSiSiGeSiSiSiSiSiSiSiSiGeSiGeSiGeSiGeGeSiSiSiGeGeGeGeGeSiGeGeSiSiGeGeSiSi
   -26802.5292968750 GeSiGeSiGeGeSiGeGeGeGeSiGeSiSiSiSiSiSiSiGeSiSiSiSiSiGeSiSiSiSiSiSiSiSiGeSiGeSiGeSiGeGeSiSiSiGeGeGeGeGeSiGeGeSiSiGeGeSiSi
   -26802.5292968750 GeSiGeSiGeGeSiGeGeGeGeSiGeSiSiSiSiSiSiSiGeSiSiSiSiSiGeSiSiSiSiSiSiSiSiGeSiGeSiGeSiGeGeSiSiSiGeGeGeGeGeSiGeGeSiSiGeGeSiSi
   -26802.5292968750 GeSiGeSiGeGeSiGeGeGeGeSiGeSiSiSiSiSiSiSiGeSiSiSiSiSiGeSiSiSiSiSiSiSiSiGeSiGeSiGeSiGeGeSiSiSiGeGeGeGeGeSiGeGeSiSiGeGeSiSi
   -26802.5292968750 GeSiGeSiGeGeSiGeGeGeGeSiGeSiSiSiSiSiSiSiGeSiSiSiSiSiGeSiSiSiSiSiSiSiSiGeSiGeSiGeSiGeGeSiSiSiGeGeGeGeGeSiGeGeSiSiGeGeSiSi
   -26802.5292968750 GeSiGeSiGeGeSiGeGeGeGeSiGeSiSiSiSiSiSiSiGeSiSiSiSiSiGeSiSiSiSiSiSiSiSiGeSiGeSiGeSiGeGeSiSiSiGeGeGeGeGeSiGeGeSiSiGeGeSiSi
   -26802.5292968750 GeSiGeSiGeGeSiGeGeGeGeSiGeSiSiSiSiSiSiSiGeSiSiSiSiSiGeSiSiSiSiSiSiSiSiGeSiGeSiGeSiGeGeSiSiSiGeGeGeGeGeSiGeGeSiSiGeGeSiSi
   -26802.5292968750 GeSiGeSiGeGeSiGeGeGeGeSiGeSiSiSiSiSiSiSiGeSiSiSiSiSiGeSiSiSiSiSiSiSiSiGeSiGeSiGeSiGeGeSiSiSiGeGeGeGeGeSiGeGeSiSiGeGeSiSi
   -26802.5292968750 GeSiGeSiGeGeSiGeGeGeGeSiGeSiSiSiSiSiSiSiGeSiSiSiSiSiGeSiSiSiSiSiSiSiSiGeSiGeSiGeSiGeGeSiSiSiGeGeGeGeGeSiGeGeSiSiGeGeSiSi
   -26802.5292968750 GeSiGeSiGeGeSiGeGeGeGeSiGeSiSiSiSiSiSiSiGeSiSiSiSiSiGeSiSiSiSiSiSiSiSiGeSiGeSiGeSiGeGeSiSiSiGeGeGeGeGeSiGeGeSiSiGeGeSiSi
   -26802.5292968750 GeSiGeSiGeGeSiGeGeGeGeSiGeSiSiSiSiSiSiSiGeSiSiSiSiSiGeSiSiSiSiSiSiSiSiGeSiGeSiGeSiGeGeSiSiSiGeGeGeGeGeSiGeGeSiSiGeGeSiSi
   -26802.5292968750 GeSiGeSiGeGeSiGeGeGeGeSiGeSiSiSiSiSiSiSiGeSiSiSiSiSiGeSiSiSiSiSiSiSiSiGeSiGeSiGeSiGeGeSiSiSiGeGeGeGeGeSiGeGeSiSiGeGeSiSi
   -26802.5292968750 GeSiGeSiGeGeSiGeGeGeGeSiGeSiSiSiSiSiSiSiGeSiSiSiSiSiGeSiSiSiSiSiSiSiSiGeSiGeSiGeSiGeGeSiSiSiGeGeGeGeGeSiGeGeSiSiGeGeSiSi
   -26802.5292968750 GeSiGeSiGeGeSiGeGeGeGeSiGeSiSiSiSiSiSiSiGeSiSiSiSiSiGeSiSiSiSiSiSiSiSiGeSiGeSiGeSiGeGeSiSiSiGeGeGeGeGeSiGeGeSiSiGeGeSiSi
   -26802.5292968750 GeSiGeSiGeGeSiGeGeGeGeSiGeSiSiSiSiSiSiSiGeSiSiSiSiSiGeSiSiSiSiSiSiSiSiGeSiGeSiGeSiGeGeSiSiSiGeGeGeGeGeSiGeGeSiSiGeGeSiSi
   -26802.5292968750 GeSiGeSiGeGeSiGeGeGeGeSiGeSiSiSiSiSiSiSiGeSiSiSiSiSiGeSiSiSiSiSiSiSiSiGeSiGeSiGeSiGeGeSiSiSiGeGeGeGeGeSiGeGeSiSiGeGeSiSi
   -26802.5292968750 GeSiGeSiGeGeSiGeGeGeGeSiGeSiSiSiSiSiSiSiGeSiSiSiSiSiGeSiSiSiSiSiSiSiSiGeSiGeSiGeSiGeGeSiSiSiGeGeGeGeGeSiGeGeSiSiGeGeSiSi
   -26802.5292968750 GeSiGeSiGeGeSiGeGeGeGeSiGeSiSiSiSiSiSiSiGeSiSiSiSiSiGeSiSiSiSiSiSiSiSiGeSiGeSiGeSiGeGeSiSiSiGeGeGeGeGeSiGeGeSiSiGeGeSiSi
   -26802.5292968750 GeSiGeSiGeGeSiGeGeGeGeSiGeSiSiSiSiSiSiSiGeSiSiSiSiSiGeSiSiSiSiSiSiSiSiGeSiGeSiGeSiGeGeSiSiSiGeGeGeGeGeSiGeGeSiSiGeGeSiSi
   -26802.5292968750 GeSiGeSiGeGeSiGeGeGeGeSiGeSiSiSiSiSiSiSiGeSiSiSiSiSiGeSiSiSiSiSiSiSiSiGeSiGeSiGeSiGeGeSiSiSiGeGeGeGeGeSiGeGeSiSiGeGeSiSi
   -26802.5292968750 GeSiGeSiGeGeSiGeGeGeGeSiGeSiSiSiSiSiSiSiGeSiSiSiSiSiGeSiSiSiSiSiSiSiSiGeSiGeSiGeSiGeGeSiSiSiGeGeGeGeGeSiGeGeSiSiGeGeSiSi
   -26802.5292968750 GeSiGeSiGeGeSiGeGeGeGeSiGeSiSiSiSiSiSiSiGeSiSiSiSiSiGeSiSiSiSiSiSiSiSiGeSiGeSiGeSiGeGeSiSiSiGeGeGeGeGeSiGeGeSiSiGeGeSiSi
   -26802.5292968750 GeSiGeSiGeGeSiGeGeGeGeSiGeSiSiSiSiSiSiSiGeSiSiSiSiSiGeSiSiSiSiSiSiSiSiGeSiGeSiGeSiGeGeSiSiSiGeGeGeGeGeSiGeGeSiSiGeGeSiSi
   -26802.5292968750 GeSiGeSiGeGeSiGeGeGeGeSiGeSiSiSiSiSiSiSiGeSiSiSiSiSiGeSiSiSiSiSiSiSiSiGeSiGeSiGeSiGeGeSiSiSiGeGeGeGeGeSiGeGeSiSiGeGeSiSi
   -26802.5292968750 GeSiGeSiGeGeSiGeGeGeGeSiGeSiSiSiSiSiSiSiGeSiSiSiSiSiGeSiSiSiSiSiSiSiSiGeSiGeSiGeSiGeGeSiSiSiGeGeGeGeGeSiGeGeSiSiGeGeSiSi
   -26802.5292968750 GeSiGeSiGeGeSiGeGeGeGeSiGeSiSiSiSiSiSiSiGeSiSiSiSiSiGeSiSiSiSiSiSiSiSiGeSiGeSiGeSiGeGeSiSiSiGeGeGeGeGeSiGeGeSiSiGeGeSiSi
   -26802.5292968750 GeSiGeSiGeGeSiGeGeGeGeSiGeSiSiSiSiSiSiSiGeSiSiSiSiSiGeSiSiSiSiSiSiSiSiGeSiGeSiGeSiGeGeSiSiSiGeGeGeGeGeSiGeGeSiSiGeGeSiSi
   -26802.5292968750 GeSiGeSiGeGeSiGeGeGeGeSiGeSiSiSiSiSiSiSiGeSiSiSiSiSiGeSiSiSiSiSiSiSiSiGeSiGeSiGeSiGeGeSiSiSiGeGeGeGeGeSiGeGeSiSiGeGeSiSi
filename: c000001326767363.gin     
Cell:
    11.9020996    11.9020996    29.6919994    90.0000000    90.0000000   120.0000000
Box:
    11.9020996    -5.9510503     0.0000000
     0.0000000    10.3075209     0.0000000
     0.0000000     0.0000000    29.6919994
----------------------------------------
Inverse Box:
     0.0840188     0.0485083     0.0000000
     0.0000000     0.0970165     0.0000000
     0.0000000     0.0000000     0.0336791
----------------------------------------
==============================================
geometrical properties of  25 Ge:
 Configuration:           0
 D_ave:   9.27809620       3.44389939    
 D_min:   3.22634768      0.415178061    
 energia:  -26802.5293    
