Random Seed:  1367677191
Number of atoms:    60
Space Group:    1
Cell:
    11.9020996    11.9020996    29.6919994    90.0000000    90.0000000   120.0000000
Box:
    11.9020996    -5.9510503     0.0000000
     0.0000000    10.3075209     0.0000000
     0.0000000     0.0000000    29.6919994
----------------------------------------
Inverse Box:
     0.0840188     0.0485083     0.0000000
     0.0000000     0.0970165     0.0000000
     0.0000000     0.0000000     0.0336791
----------------------------------------
GeSiSiSiSiSiSiSiSiGeSiSiSiSiSiSiSiSiSiSiSiSiSiSiSiSiSiSiSiSiSiSiSiSiSiSiSiSiSiSiSiSiSiSiSiSiSiSiSiSiSiSiSiSiSiSiSiSiSiSi
           1 Ge    -7733.88232    
GeGeSiSiSiSiSiSiSiGeSiSiSiSiSiSiSiSiSiSiSiSiSiSiSiSiSiSiSiSiSiSiSiSiSiSiSiSiSiSiSiSiSiSiSiSiSiSiSiSiSiSiSiSiSiSiSiSiSiSi
           2 Ge    -7727.72412    
GeGeGeSiSiSiSiSiSiGeSiSiSiSiSiSiSiSiSiSiSiSiSiSiSiSiSiSiSiSiSiSiSiSiSiSiSiSiSiSiSiSiSiSiSiSiSiSiSiSiSiSiSiSiSiSiSiSiSiSi
           3 Ge    -7720.21729    
GeGeGeGeSiSiSiSiSiGeSiSiSiSiSiSiSiSiSiSiSiSiSiSiSiSiSiSiSiSiSiSiSiSiSiSiSiSiSiSiSiSiSiSiSiSiSiSiSiSiSiSiSiSiSiSiSiSiSiSi
           4 Ge    -7744.18066    
GeGeGeGeGeSiSiSiSiGeSiSiSiSiSiSiSiSiSiSiSiSiSiSiSiSiSiSiSiSiSiSiSiSiSiSiSiSiSiSiSiSiSiSiSiSiSiSiSiSiSiSiSiSiSiSiSiSiSiSi
           5 Ge    -7787.08105    
GeGeGeGeGeSiGeSiSiGeSiSiSiSiSiSiSiSiSiSiSiSiSiSiSiSiSiSiSiSiSiSiSiSiSiSiSiSiSiSiSiSiSiSiSiSiSiSiSiSiSiSiSiSiSiSiSiSiSiSi
           7 Ge    -7904.06299    
GeGeGeGeGeSiGeGeSiGeSiSiSiSiSiSiSiSiSiSiSiSiSiSiSiSiSiSiSiSiSiSiSiSiSiSiSiSiSiSiSiSiSiSiSiSiSiSiSiSiSiSiSiSiSiSiSiSiSiSi
           8 Ge    -8047.80176    
GeGeGeGeGeSiGeGeSiGeSiGeSiSiSiSiSiSiSiSiSiSiSiSiSiSiSiSiSiSiSiSiSiSiSiSiSiSiSiSiSiSiSiSiSiSiSiSiSiSiSiSiSiSiSiSiSiSiSiSi
          12 Ge    -8256.39062    
GeGeGeGeGeSiGeGeSiGeSiGeSiSiSiGeSiSiSiSiSiSiSiSiSiSiSiSiSiSiSiSiSiSiSiSiSiSiSiSiSiSiSiSiSiSiSiSiSiSiSiSiSiSiSiSiSiSiSiSi
          16 Ge    -8592.14062    
GeGeGeGeGeSiGeGeSiGeSiGeSiSiSiGeSiSiSiSiSiSiSiSiSiGeSiSiSiSiSiSiSiSiSiSiSiSiSiSiSiSiSiSiSiSiSiSiSiSiSiSiSiSiSiSiSiSiSiSi
          26 Ge    -8980.32129    
GeGeGeGeGeSiGeGeSiGeSiGeSiSiSiGeSiSiSiSiSiSiSiSiSiGeSiSiSiGeSiSiSiSiSiSiSiSiSiSiSiSiSiSiSiSiSiSiSiSiSiSiSiSiSiSiSiSiSiSi
          30 Ge    -8976.42871    
GeGeGeGeGeSiGeGeSiGeSiGeSiSiSiGeSiSiSiSiSiSiSiSiSiGeSiSiSiGeSiSiGeSiSiSiSiSiSiSiSiSiSiSiSiSiSiSiSiSiSiSiSiSiSiSiSiSiSiSi
          33 Ge    -9214.83301    
GeGeGeGeGeSiGeGeSiGeSiGeSiSiSiGeSiSiSiSiSiSiSiSiSiGeSiSiSiGeSiSiGeSiSiGeSiSiSiSiSiSiSiSiSiSiSiSiSiSiSiSiSiSiSiSiSiSiSiSi
          36 Ge    -9767.59863    
GeGeGeGeGeSiGeGeSiGeSiGeSiSiSiGeSiSiSiSiSiSiSiSiSiGeSiSiSiGeSiSiGeSiSiGeSiSiGeSiSiSiSiSiSiSiSiSiSiSiSiSiSiSiSiSiSiSiSiSi
          39 Ge    -10204.5977    
GeGeGeGeGeSiGeGeSiGeSiGeSiSiSiGeSiSiSiSiSiSiSiSiSiGeSiSiSiGeSiSiGeSiSiGeSiSiGeGeSiSiSiSiSiSiSiSiSiSiSiSiSiSiSiSiSiSiSiSi
          40 Ge    -10389.6846    
GeGeGeGeGeSiGeGeSiGeSiGeSiSiSiGeSiSiSiSiSiSiSiSiSiGeSiSiSiGeSiSiGeSiSiGeSiSiGeGeSiGeSiSiSiSiSiSiSiSiSiSiSiSiSiSiSiSiSiSi
          42 Ge    -10162.3154    
GeGeGeGeGeSiGeGeSiGeSiGeSiSiSiGeSiSiSiSiSiSiSiSiSiGeSiSiSiGeSiSiGeSiSiGeSiSiGeGeSiGeSiSiGeSiSiSiSiSiSiSiSiSiSiSiSiSiSiSi
          45 Ge    -10290.9629    
GeGeGeGeGeSiGeGeSiGeSiGeSiSiSiGeSiSiSiSiSiSiSiSiSiGeSiSiSiGeSiSiGeSiSiGeSiSiGeGeSiGeSiSiGeGeSiSiSiSiSiSiSiSiSiSiSiSiSiSi
          46 Ge    -9748.18457    
GeGeGeGeGeSiGeGeSiGeSiGeSiSiSiGeSiSiSiSiSiSiSiSiSiGeSiSiSiGeSiSiGeSiSiGeSiSiGeGeSiGeSiSiGeGeSiSiSiSiSiSiSiSiSiSiGeSiSiSi
          57 Ge    -10128.4609    
GeGeGeGeGeGeGeGeSiGeSiGeSiSiSiGeSiSiSiSiSiSiSiSiSiGeSiSiSiGeSiSiGeSiSiGeSiSiGeGeSiGeSiSiGeGeSiSiSiSiSiSiSiSiSiSiGeSiSiSi
           6 Ge    -9510.37891    
GeGeGeGeGeGeGeGeSiGeGeGeSiSiSiGeSiSiSiSiSiSiSiSiSiGeSiSiSiGeSiSiGeSiSiGeSiSiGeGeSiGeSiSiGeGeSiSiSiSiSiSiSiSiSiSiGeSiSiSi
          11 Ge    -10380.8457    
GeGeGeGeGeGeGeGeSiGeGeGeGeSiSiGeSiSiSiSiSiSiSiSiSiGeSiSiSiGeSiSiGeSiSiGeSiSiGeGeSiGeSiSiGeGeSiSiSiSiSiSiSiSiSiSiGeSiSiSi
          13 Ge    -9216.20508    
GeGeGeGeGeGeGeGeSiGeGeGeGeGeSiGeSiSiSiSiSiSiSiSiSiGeSiSiSiGeSiSiGeSiSiGeSiSiGeGeSiGeSiSiGeGeSiSiSiSiSiSiSiSiSiSiGeSiSiSi
          14 Ge    -7029.72949    
GeGeGeGeGeGeGeGeSiGeGeGeGeGeGeGeSiSiSiSiSiSiSiSiSiGeSiSiSiGeSiSiGeSiSiGeSiSiGeGeSiGeSiSiGeGeSiSiSiSiSiSiSiSiSiSiGeSiSiSi
          15 Ge    -5181.40527    
GeGeGeGeGeGeGeGeSiGeGeGeGeGeGeGeSiSiSiSiSiSiGeSiSiGeSiSiSiGeSiSiGeSiSiGeSiSiGeGeSiGeSiSiGeGeSiSiSiSiSiSiSiSiSiSiGeSiSiSi
          23 Ge    -907.562012    
==============================================
MonteCarlo: Metropolis with identity changes
Si > Ge, Ge > Si. STOP when occurrence <    0.00000
==============================================
Cost_function     Occurrence %     Scan-Cost
   -17704.4746093750 GeSiSiGeSiGeSiGeGeGeSiGeSiGeSiSiSiGeSiSiSiSiSiGeGeSiGeGeGeSiSiSiGeGeSiGeSiGeSiGeSiSiGeSiGeGeSiSiGeSiGeSiGeSiSiSiSiSiGeSi
   -18843.3906250000 GeSiSiGeSiGeSiGeGeGeSiGeSiGeSiSiSiGeSiSiSiSiSiGeGeSiGeGeGeSiSiSiGeGeSiGeSiGeSiGeSiSiGeSiSiGeSiSiGeSiGeSiGeSiSiSiSiSiGeGe
   -18843.3906250000 GeSiSiGeSiGeSiGeGeGeSiGeSiGeSiSiSiGeSiSiSiSiSiGeGeSiGeGeGeSiSiSiGeGeSiGeSiGeSiGeSiSiGeSiSiGeSiSiGeSiGeSiGeSiSiSiSiSiGeGe
   -19392.1679687500 GeSiSiGeSiGeSiGeGeGeSiGeSiGeSiSiSiGeSiSiSiSiSiGeSiSiGeGeGeSiSiSiGeGeSiGeSiGeSiGeSiSiGeSiSiGeSiSiGeSiGeSiGeGeSiSiSiSiGeGe
   -20480.7695312500 GeSiSiGeSiGeSiGeGeGeSiGeSiSiSiSiGeGeSiSiSiSiSiGeSiSiGeGeGeSiSiSiGeGeSiGeSiGeSiGeSiSiGeSiSiGeSiSiGeSiGeSiGeGeSiSiSiSiGeGe
   -21588.8671875000 GeSiSiGeSiGeSiGeGeGeSiGeSiSiGeSiGeGeSiSiSiSiSiGeSiSiGeGeGeSiSiSiGeSiSiGeSiGeSiGeSiSiGeSiSiGeSiSiGeSiGeSiGeGeSiSiSiSiGeGe
   -21588.8671875000 GeSiSiGeSiGeSiGeGeGeSiGeSiSiGeSiGeGeSiSiSiSiSiGeSiSiGeGeGeSiSiSiGeSiSiGeSiGeSiGeSiSiGeSiSiGeSiSiGeSiGeSiGeGeSiSiSiSiGeGe
   -23435.0312500000 GeSiSiGeSiGeSiGeGeGeGeGeSiSiGeSiGeGeSiSiSiSiSiSiSiSiGeGeGeSiSiSiSiSiSiGeGeGeSiGeSiSiGeSiGeGeSiSiGeSiGeSiGeGeSiSiSiSiSiGe
   -23435.0312500000 GeSiSiGeSiGeSiGeGeGeGeGeSiSiGeSiGeGeSiSiSiSiSiSiSiSiGeGeGeSiSiSiSiSiSiGeGeGeSiGeSiSiGeSiGeGeSiSiGeSiGeSiGeGeSiSiSiSiSiGe
   -23435.0312500000 GeSiSiGeSiGeSiGeGeGeGeGeSiSiGeSiGeGeSiSiSiSiSiSiSiSiGeGeGeSiSiSiSiSiSiGeGeGeSiGeSiSiGeSiGeGeSiSiGeSiGeSiGeGeSiSiSiSiSiGe
   -23435.0312500000 GeSiSiGeSiGeSiGeGeGeGeGeSiSiGeSiGeGeSiSiSiSiSiSiSiSiGeGeGeSiSiSiSiSiSiGeGeGeSiGeSiSiGeSiGeGeSiSiGeSiGeSiGeGeSiSiSiSiSiGe
   -23435.0312500000 GeSiSiGeSiGeSiGeGeGeGeGeSiSiGeSiGeGeSiSiSiSiSiSiSiSiGeGeGeSiSiSiSiSiSiGeGeGeSiGeSiSiGeSiGeGeSiSiGeSiGeSiGeGeSiSiSiSiSiGe
   -23435.0312500000 GeSiSiGeSiGeSiGeGeGeGeGeSiSiGeSiGeGeSiSiSiSiSiSiSiSiGeGeGeSiSiSiSiSiSiGeGeGeSiGeSiSiGeSiGeGeSiSiGeSiGeSiGeGeSiSiSiSiSiGe
   -23435.0312500000 GeSiSiGeSiGeSiGeGeGeGeGeSiSiGeSiGeGeSiSiSiSiSiSiSiSiGeGeGeSiSiSiSiSiSiGeGeGeSiGeSiSiGeSiGeGeSiSiGeSiGeSiGeGeSiSiSiSiSiGe
   -23435.0312500000 GeSiSiGeSiGeSiGeGeGeGeGeSiSiGeSiGeGeSiSiSiSiSiSiSiSiGeGeGeSiSiSiSiSiSiGeGeGeSiGeSiSiGeSiGeGeSiSiGeSiGeSiGeGeSiSiSiSiSiGe
   -23768.3789062500 GeSiSiSiSiGeSiGeGeGeGeGeSiSiGeSiGeGeSiSiSiSiSiSiSiSiGeGeGeSiSiSiSiSiSiGeGeGeSiGeSiSiGeSiGeGeSiSiGeSiGeSiGeGeSiGeSiSiSiGe
   -23768.3789062500 GeSiSiSiSiGeSiGeGeGeGeGeSiSiGeSiGeGeSiSiSiSiSiSiSiSiGeGeGeSiSiSiSiSiSiGeGeGeSiGeSiSiGeSiGeGeSiSiGeSiGeSiGeGeSiGeSiSiSiGe
   -23768.3789062500 GeSiSiSiSiGeSiGeGeGeGeGeSiSiGeSiGeGeSiSiSiSiSiSiSiSiGeGeGeSiSiSiSiSiSiGeGeGeSiGeSiSiGeSiGeGeSiSiGeSiGeSiGeGeSiGeSiSiSiGe
   -23768.3789062500 GeSiSiSiSiGeSiGeGeGeGeGeSiSiGeSiGeGeSiSiSiSiSiSiSiSiGeGeGeSiSiSiSiSiSiGeGeGeSiGeSiSiGeSiGeGeSiSiGeSiGeSiGeGeSiGeSiSiSiGe
   -23854.6289062500 GeSiSiSiSiGeSiGeGeGeGeGeSiSiGeSiSiGeSiSiSiGeSiSiSiSiGeGeGeSiSiSiSiSiGeGeSiGeSiGeSiSiGeSiGeGeSiSiGeSiGeSiGeGeSiGeSiSiSiGe
   -24888.7695312500 GeSiSiSiGeGeSiGeGeGeGeGeSiGeGeSiSiGeSiSiSiGeSiSiSiSiGeGeGeSiSiSiSiSiGeGeSiGeSiGeSiSiGeSiGeSiSiSiGeSiGeSiGeGeSiSiSiSiSiGe
   -25870.9257812500 GeSiSiSiGeGeSiGeGeGeGeGeSiGeGeSiSiGeSiSiSiGeSiSiSiSiGeGeGeSiSiSiSiSiGeGeSiGeSiGeSiSiGeSiSiSiSiSiGeSiGeSiGeGeSiSiSiGeSiGe
   -26580.3007812500 GeSiSiSiGeGeSiGeGeGeGeGeSiGeGeSiSiGeSiSiSiGeSiSiSiSiGeGeGeSiSiSiSiSiGeGeSiGeSiSiSiSiGeSiGeSiSiSiGeSiGeSiGeGeSiSiSiGeSiGe
   -26580.3007812500 GeSiSiSiGeGeSiGeGeGeGeGeSiGeGeSiSiGeSiSiSiGeSiSiSiSiGeGeGeSiSiSiSiSiGeGeSiGeSiSiSiSiGeSiGeSiSiSiGeSiGeSiGeGeSiSiSiGeSiGe
   -26580.3007812500 GeSiSiSiGeGeSiGeGeGeGeGeSiGeGeSiSiGeSiSiSiGeSiSiSiSiGeGeGeSiSiSiSiSiGeGeSiGeSiSiSiSiGeSiGeSiSiSiGeSiGeSiGeGeSiSiSiGeSiGe
   -26580.3007812500 GeSiSiSiGeGeSiGeGeGeGeGeSiGeGeSiSiGeSiSiSiGeSiSiSiSiGeGeGeSiSiSiSiSiGeGeSiGeSiSiSiSiGeSiGeSiSiSiGeSiGeSiGeGeSiSiSiGeSiGe
   -26580.3007812500 GeSiSiSiGeGeSiGeGeGeGeGeSiGeGeSiSiGeSiSiSiGeSiSiSiSiGeGeGeSiSiSiSiSiGeGeSiGeSiSiSiSiGeSiGeSiSiSiGeSiGeSiGeGeSiSiSiGeSiGe
   -26580.3007812500 GeSiSiSiGeGeSiGeGeGeGeGeSiGeGeSiSiGeSiSiSiGeSiSiSiSiGeGeGeSiSiSiSiSiGeGeSiGeSiSiSiSiGeSiGeSiSiSiGeSiGeSiGeGeSiSiSiGeSiGe
   -26580.3007812500 GeSiSiSiGeGeSiGeGeGeGeGeSiGeGeSiSiGeSiSiSiGeSiSiSiSiGeGeGeSiSiSiSiSiGeGeSiGeSiSiSiSiGeSiGeSiSiSiGeSiGeSiGeGeSiSiSiGeSiGe
   -26580.3007812500 GeSiSiSiGeGeSiGeGeGeGeGeSiGeGeSiSiGeSiSiSiGeSiSiSiSiGeGeGeSiSiSiSiSiGeGeSiGeSiSiSiSiGeSiGeSiSiSiGeSiGeSiGeGeSiSiSiGeSiGe
   -26580.3007812500 GeSiSiSiGeGeSiGeGeGeGeGeSiGeGeSiSiGeSiSiSiGeSiSiSiSiGeGeGeSiSiSiSiSiGeGeSiGeSiSiSiSiGeSiGeSiSiSiGeSiGeSiGeGeSiSiSiGeSiGe
   -26580.3007812500 GeSiSiSiGeGeSiGeGeGeGeGeSiGeGeSiSiGeSiSiSiGeSiSiSiSiGeGeGeSiSiSiSiSiGeGeSiGeSiSiSiSiGeSiGeSiSiSiGeSiGeSiGeGeSiSiSiGeSiGe
   -26580.3007812500 GeSiSiSiGeGeSiGeGeGeGeGeSiGeGeSiSiGeSiSiSiGeSiSiSiSiGeGeGeSiSiSiSiSiGeGeSiGeSiSiSiSiGeSiGeSiSiSiGeSiGeSiGeGeSiSiSiGeSiGe
   -26580.3007812500 GeSiSiSiGeGeSiGeGeGeGeGeSiGeGeSiSiGeSiSiSiGeSiSiSiSiGeGeGeSiSiSiSiSiGeGeSiGeSiSiSiSiGeSiGeSiSiSiGeSiGeSiGeGeSiSiSiGeSiGe
   -26580.3007812500 GeSiSiSiGeGeSiGeGeGeGeGeSiGeGeSiSiGeSiSiSiGeSiSiSiSiGeGeGeSiSiSiSiSiGeGeSiGeSiSiSiSiGeSiGeSiSiSiGeSiGeSiGeGeSiSiSiGeSiGe
   -26580.3007812500 GeSiSiSiGeGeSiGeGeGeGeGeSiGeGeSiSiGeSiSiSiGeSiSiSiSiGeGeGeSiSiSiSiSiGeGeSiGeSiSiSiSiGeSiGeSiSiSiGeSiGeSiGeGeSiSiSiGeSiGe
   -26580.3007812500 GeSiSiSiGeGeSiGeGeGeGeGeSiGeGeSiSiGeSiSiSiGeSiSiSiSiGeGeGeSiSiSiSiSiGeGeSiGeSiSiSiSiGeSiGeSiSiSiGeSiGeSiGeGeSiSiSiGeSiGe
   -26580.3007812500 GeSiSiSiGeGeSiGeGeGeGeGeSiGeGeSiSiGeSiSiSiGeSiSiSiSiGeGeGeSiSiSiSiSiGeGeSiGeSiSiSiSiGeSiGeSiSiSiGeSiGeSiGeGeSiSiSiGeSiGe
   -26580.3007812500 GeSiSiSiGeGeSiGeGeGeGeGeSiGeGeSiSiGeSiSiSiGeSiSiSiSiGeGeGeSiSiSiSiSiGeGeSiGeSiSiSiSiGeSiGeSiSiSiGeSiGeSiGeGeSiSiSiGeSiGe
   -26580.3007812500 GeSiSiSiGeGeSiGeGeGeGeGeSiGeGeSiSiGeSiSiSiGeSiSiSiSiGeGeGeSiSiSiSiSiGeGeSiGeSiSiSiSiGeSiGeSiSiSiGeSiGeSiGeGeSiSiSiGeSiGe
   -26580.3007812500 GeSiSiSiGeGeSiGeGeGeGeGeSiGeGeSiSiGeSiSiSiGeSiSiSiSiGeGeGeSiSiSiSiSiGeGeSiGeSiSiSiSiGeSiGeSiSiSiGeSiGeSiGeGeSiSiSiGeSiGe
   -26580.3007812500 GeSiSiSiGeGeSiGeGeGeGeGeSiGeGeSiSiGeSiSiSiGeSiSiSiSiGeGeGeSiSiSiSiSiGeGeSiGeSiSiSiSiGeSiGeSiSiSiGeSiGeSiGeGeSiSiSiGeSiGe
   -26580.3007812500 GeSiSiSiGeGeSiGeGeGeGeGeSiGeGeSiSiGeSiSiSiGeSiSiSiSiGeGeGeSiSiSiSiSiGeGeSiGeSiSiSiSiGeSiGeSiSiSiGeSiGeSiGeGeSiSiSiGeSiGe
   -26580.3007812500 GeSiSiSiGeGeSiGeGeGeGeGeSiGeGeSiSiGeSiSiSiGeSiSiSiSiGeGeGeSiSiSiSiSiGeGeSiGeSiSiSiSiGeSiGeSiSiSiGeSiGeSiGeGeSiSiSiGeSiGe
   -26580.3007812500 GeSiSiSiGeGeSiGeGeGeGeGeSiGeGeSiSiGeSiSiSiGeSiSiSiSiGeGeGeSiSiSiSiSiGeGeSiGeSiSiSiSiGeSiGeSiSiSiGeSiGeSiGeGeSiSiSiGeSiGe
   -26580.3007812500 GeSiSiSiGeGeSiGeGeGeGeGeSiGeGeSiSiGeSiSiSiGeSiSiSiSiGeGeGeSiSiSiSiSiGeGeSiGeSiSiSiSiGeSiGeSiSiSiGeSiGeSiGeGeSiSiSiGeSiGe
   -26580.3007812500 GeSiSiSiGeGeSiGeGeGeGeGeSiGeGeSiSiGeSiSiSiGeSiSiSiSiGeGeGeSiSiSiSiSiGeGeSiGeSiSiSiSiGeSiGeSiSiSiGeSiGeSiGeGeSiSiSiGeSiGe
   -26580.3007812500 GeSiSiSiGeGeSiGeGeGeGeGeSiGeGeSiSiGeSiSiSiGeSiSiSiSiGeGeGeSiSiSiSiSiGeGeSiGeSiSiSiSiGeSiGeSiSiSiGeSiGeSiGeGeSiSiSiGeSiGe
   -26580.3007812500 GeSiSiSiGeGeSiGeGeGeGeGeSiGeGeSiSiGeSiSiSiGeSiSiSiSiGeGeGeSiSiSiSiSiGeGeSiGeSiSiSiSiGeSiGeSiSiSiGeSiGeSiGeGeSiSiSiGeSiGe
   -26580.3007812500 GeSiSiSiGeGeSiGeGeGeGeGeSiGeGeSiSiGeSiSiSiGeSiSiSiSiGeGeGeSiSiSiSiSiGeGeSiGeSiSiSiSiGeSiGeSiSiSiGeSiGeSiGeGeSiSiSiGeSiGe
   -26580.3007812500 GeSiSiSiGeGeSiGeGeGeGeGeSiGeGeSiSiGeSiSiSiGeSiSiSiSiGeGeGeSiSiSiSiSiGeGeSiGeSiSiSiSiGeSiGeSiSiSiGeSiGeSiGeGeSiSiSiGeSiGe
   -26580.3007812500 GeSiSiSiGeGeSiGeGeGeGeGeSiGeGeSiSiGeSiSiSiGeSiSiSiSiGeGeGeSiSiSiSiSiGeGeSiGeSiSiSiSiGeSiGeSiSiSiGeSiGeSiGeGeSiSiSiGeSiGe
   -26580.3007812500 GeSiSiSiGeGeSiGeGeGeGeGeSiGeGeSiSiGeSiSiSiGeSiSiSiSiGeGeGeSiSiSiSiSiGeGeSiGeSiSiSiSiGeSiGeSiSiSiGeSiGeSiGeGeSiSiSiGeSiGe
   -26580.3007812500 GeSiSiSiGeGeSiGeGeGeGeGeSiGeGeSiSiGeSiSiSiGeSiSiSiSiGeGeGeSiSiSiSiSiGeGeSiGeSiSiSiSiGeSiGeSiSiSiGeSiGeSiGeGeSiSiSiGeSiGe
   -26580.3007812500 GeSiSiSiGeGeSiGeGeGeGeGeSiGeGeSiSiGeSiSiSiGeSiSiSiSiGeGeGeSiSiSiSiSiGeGeSiGeSiSiSiSiGeSiGeSiSiSiGeSiGeSiGeGeSiSiSiGeSiGe
   -26580.3007812500 GeSiSiSiGeGeSiGeGeGeGeGeSiGeGeSiSiGeSiSiSiGeSiSiSiSiGeGeGeSiSiSiSiSiGeGeSiGeSiSiSiSiGeSiGeSiSiSiGeSiGeSiGeGeSiSiSiGeSiGe
   -26580.3007812500 GeSiSiSiGeGeSiGeGeGeGeGeSiGeGeSiSiGeSiSiSiGeSiSiSiSiGeGeGeSiSiSiSiSiGeGeSiGeSiSiSiSiGeSiGeSiSiSiGeSiGeSiGeGeSiSiSiGeSiGe
   -26580.3007812500 GeSiSiSiGeGeSiGeGeGeGeGeSiGeGeSiSiGeSiSiSiGeSiSiSiSiGeGeGeSiSiSiSiSiGeGeSiGeSiSiSiSiGeSiGeSiSiSiGeSiGeSiGeGeSiSiSiGeSiGe
   -26580.3007812500 GeSiSiSiGeGeSiGeGeGeGeGeSiGeGeSiSiGeSiSiSiGeSiSiSiSiGeGeGeSiSiSiSiSiGeGeSiGeSiSiSiSiGeSiGeSiSiSiGeSiGeSiGeGeSiSiSiGeSiGe
   -26580.3007812500 GeSiSiSiGeGeSiGeGeGeGeGeSiGeGeSiSiGeSiSiSiGeSiSiSiSiGeGeGeSiSiSiSiSiGeGeSiGeSiSiSiSiGeSiGeSiSiSiGeSiGeSiGeGeSiSiSiGeSiGe
   -26580.3007812500 GeSiSiSiGeGeSiGeGeGeGeGeSiGeGeSiSiGeSiSiSiGeSiSiSiSiGeGeGeSiSiSiSiSiGeGeSiGeSiSiSiSiGeSiGeSiSiSiGeSiGeSiGeGeSiSiSiGeSiGe
   -26580.3007812500 GeSiSiSiGeGeSiGeGeGeGeGeSiGeGeSiSiGeSiSiSiGeSiSiSiSiGeGeGeSiSiSiSiSiGeGeSiGeSiSiSiSiGeSiGeSiSiSiGeSiGeSiGeGeSiSiSiGeSiGe
   -26580.3007812500 GeSiSiSiGeGeSiGeGeGeGeGeSiGeGeSiSiGeSiSiSiGeSiSiSiSiGeGeGeSiSiSiSiSiGeGeSiGeSiSiSiSiGeSiGeSiSiSiGeSiGeSiGeGeSiSiSiGeSiGe
   -26580.3007812500 GeSiSiSiGeGeSiGeGeGeGeGeSiGeGeSiSiGeSiSiSiGeSiSiSiSiGeGeGeSiSiSiSiSiGeGeSiGeSiSiSiSiGeSiGeSiSiSiGeSiGeSiGeGeSiSiSiGeSiGe
   -26580.3007812500 GeSiSiSiGeGeSiGeGeGeGeGeSiGeGeSiSiGeSiSiSiGeSiSiSiSiGeGeGeSiSiSiSiSiGeGeSiGeSiSiSiSiGeSiGeSiSiSiGeSiGeSiGeGeSiSiSiGeSiGe
   -26580.3007812500 GeSiSiSiGeGeSiGeGeGeGeGeSiGeGeSiSiGeSiSiSiGeSiSiSiSiGeGeGeSiSiSiSiSiGeGeSiGeSiSiSiSiGeSiGeSiSiSiGeSiGeSiGeGeSiSiSiGeSiGe
   -26580.3007812500 GeSiSiSiGeGeSiGeGeGeGeGeSiGeGeSiSiGeSiSiSiGeSiSiSiSiGeGeGeSiSiSiSiSiGeGeSiGeSiSiSiSiGeSiGeSiSiSiGeSiGeSiGeGeSiSiSiGeSiGe
   -26580.3007812500 GeSiSiSiGeGeSiGeGeGeGeGeSiGeGeSiSiGeSiSiSiGeSiSiSiSiGeGeGeSiSiSiSiSiGeGeSiGeSiSiSiSiGeSiGeSiSiSiGeSiGeSiGeGeSiSiSiGeSiGe
   -26580.3007812500 GeSiSiSiGeGeSiGeGeGeGeGeSiGeGeSiSiGeSiSiSiGeSiSiSiSiGeGeGeSiSiSiSiSiGeGeSiGeSiSiSiSiGeSiGeSiSiSiGeSiGeSiGeGeSiSiSiGeSiGe
   -26580.3007812500 GeSiSiSiGeGeSiGeGeGeGeGeSiGeGeSiSiGeSiSiSiGeSiSiSiSiGeGeGeSiSiSiSiSiGeGeSiGeSiSiSiSiGeSiGeSiSiSiGeSiGeSiGeGeSiSiSiGeSiGe
   -26580.3007812500 GeSiSiSiGeGeSiGeGeGeGeGeSiGeGeSiSiGeSiSiSiGeSiSiSiSiGeGeGeSiSiSiSiSiGeGeSiGeSiSiSiSiGeSiGeSiSiSiGeSiGeSiGeGeSiSiSiGeSiGe
   -26580.3007812500 GeSiSiSiGeGeSiGeGeGeGeGeSiGeGeSiSiGeSiSiSiGeSiSiSiSiGeGeGeSiSiSiSiSiGeGeSiGeSiSiSiSiGeSiGeSiSiSiGeSiGeSiGeGeSiSiSiGeSiGe
   -26580.3007812500 GeSiSiSiGeGeSiGeGeGeGeGeSiGeGeSiSiGeSiSiSiGeSiSiSiSiGeGeGeSiSiSiSiSiGeGeSiGeSiSiSiSiGeSiGeSiSiSiGeSiGeSiGeGeSiSiSiGeSiGe
   -26580.3007812500 GeSiSiSiGeGeSiGeGeGeGeGeSiGeGeSiSiGeSiSiSiGeSiSiSiSiGeGeGeSiSiSiSiSiGeGeSiGeSiSiSiSiGeSiGeSiSiSiGeSiGeSiGeGeSiSiSiGeSiGe
   -26580.3007812500 GeSiSiSiGeGeSiGeGeGeGeGeSiGeGeSiSiGeSiSiSiGeSiSiSiSiGeGeGeSiSiSiSiSiGeGeSiGeSiSiSiSiGeSiGeSiSiSiGeSiGeSiGeGeSiSiSiGeSiGe
   -26580.3007812500 GeSiSiSiGeGeSiGeGeGeGeGeSiGeGeSiSiGeSiSiSiGeSiSiSiSiGeGeGeSiSiSiSiSiGeGeSiGeSiSiSiSiGeSiGeSiSiSiGeSiGeSiGeGeSiSiSiGeSiGe
   -26580.3007812500 GeSiSiSiGeGeSiGeGeGeGeGeSiGeGeSiSiGeSiSiSiGeSiSiSiSiGeGeGeSiSiSiSiSiGeGeSiGeSiSiSiSiGeSiGeSiSiSiGeSiGeSiGeGeSiSiSiGeSiGe
   -26580.3007812500 GeSiSiSiGeGeSiGeGeGeGeGeSiGeGeSiSiGeSiSiSiGeSiSiSiSiGeGeGeSiSiSiSiSiGeGeSiGeSiSiSiSiGeSiGeSiSiSiGeSiGeSiGeGeSiSiSiGeSiGe
   -26580.3007812500 GeSiSiSiGeGeSiGeGeGeGeGeSiGeGeSiSiGeSiSiSiGeSiSiSiSiGeGeGeSiSiSiSiSiGeGeSiGeSiSiSiSiGeSiGeSiSiSiGeSiGeSiGeGeSiSiSiGeSiGe
   -26580.3007812500 GeSiSiSiGeGeSiGeGeGeGeGeSiGeGeSiSiGeSiSiSiGeSiSiSiSiGeGeGeSiSiSiSiSiGeGeSiGeSiSiSiSiGeSiGeSiSiSiGeSiGeSiGeGeSiSiSiGeSiGe
   -26580.3007812500 GeSiSiSiGeGeSiGeGeGeGeGeSiGeGeSiSiGeSiSiSiGeSiSiSiSiGeGeGeSiSiSiSiSiGeGeSiGeSiSiSiSiGeSiGeSiSiSiGeSiGeSiGeGeSiSiSiGeSiGe
   -26580.3007812500 GeSiSiSiGeGeSiGeGeGeGeGeSiGeGeSiSiGeSiSiSiGeSiSiSiSiGeGeGeSiSiSiSiSiGeGeSiGeSiSiSiSiGeSiGeSiSiSiGeSiGeSiGeGeSiSiSiGeSiGe
   -26580.3007812500 GeSiSiSiGeGeSiGeGeGeGeGeSiGeGeSiSiGeSiSiSiGeSiSiSiSiGeGeGeSiSiSiSiSiGeGeSiGeSiSiSiSiGeSiGeSiSiSiGeSiGeSiGeGeSiSiSiGeSiGe
   -26580.3007812500 GeSiSiSiGeGeSiGeGeGeGeGeSiGeGeSiSiGeSiSiSiGeSiSiSiSiGeGeGeSiSiSiSiSiGeGeSiGeSiSiSiSiGeSiGeSiSiSiGeSiGeSiGeGeSiSiSiGeSiGe
   -26580.3007812500 GeSiSiSiGeGeSiGeGeGeGeGeSiGeGeSiSiGeSiSiSiGeSiSiSiSiGeGeGeSiSiSiSiSiGeGeSiGeSiSiSiSiGeSiGeSiSiSiGeSiGeSiGeGeSiSiSiGeSiGe
   -26580.3007812500 GeSiSiSiGeGeSiGeGeGeGeGeSiGeGeSiSiGeSiSiSiGeSiSiSiSiGeGeGeSiSiSiSiSiGeGeSiGeSiSiSiSiGeSiGeSiSiSiGeSiGeSiGeGeSiSiSiGeSiGe
   -26580.3007812500 GeSiSiSiGeGeSiGeGeGeGeGeSiGeGeSiSiGeSiSiSiGeSiSiSiSiGeGeGeSiSiSiSiSiGeGeSiGeSiSiSiSiGeSiGeSiSiSiGeSiGeSiGeGeSiSiSiGeSiGe
   -26580.3007812500 GeSiSiSiGeGeSiGeGeGeGeGeSiGeGeSiSiGeSiSiSiGeSiSiSiSiGeGeGeSiSiSiSiSiGeGeSiGeSiSiSiSiGeSiGeSiSiSiGeSiGeSiGeGeSiSiSiGeSiGe
   -26580.3007812500 GeSiSiSiGeGeSiGeGeGeGeGeSiGeGeSiSiGeSiSiSiGeSiSiSiSiGeGeGeSiSiSiSiSiGeGeSiGeSiSiSiSiGeSiGeSiSiSiGeSiGeSiGeGeSiSiSiGeSiGe
   -26580.3007812500 GeSiSiSiGeGeSiGeGeGeGeGeSiGeGeSiSiGeSiSiSiGeSiSiSiSiGeGeGeSiSiSiSiSiGeGeSiGeSiSiSiSiGeSiGeSiSiSiGeSiGeSiGeGeSiSiSiGeSiGe
   -26580.3007812500 GeSiSiSiGeGeSiGeGeGeGeGeSiGeGeSiSiGeSiSiSiGeSiSiSiSiGeGeGeSiSiSiSiSiGeGeSiGeSiSiSiSiGeSiGeSiSiSiGeSiGeSiGeGeSiSiSiGeSiGe
   -26580.3007812500 GeSiSiSiGeGeSiGeGeGeGeGeSiGeGeSiSiGeSiSiSiGeSiSiSiSiGeGeGeSiSiSiSiSiGeGeSiGeSiSiSiSiGeSiGeSiSiSiGeSiGeSiGeGeSiSiSiGeSiGe
   -26580.3007812500 GeSiSiSiGeGeSiGeGeGeGeGeSiGeGeSiSiGeSiSiSiGeSiSiSiSiGeGeGeSiSiSiSiSiGeGeSiGeSiSiSiSiGeSiGeSiSiSiGeSiGeSiGeGeSiSiSiGeSiGe
   -26580.3007812500 GeSiSiSiGeGeSiGeGeGeGeGeSiGeGeSiSiGeSiSiSiGeSiSiSiSiGeGeGeSiSiSiSiSiGeGeSiGeSiSiSiSiGeSiGeSiSiSiGeSiGeSiGeGeSiSiSiGeSiGe
   -26580.3007812500 GeSiSiSiGeGeSiGeGeGeGeGeSiGeGeSiSiGeSiSiSiGeSiSiSiSiGeGeGeSiSiSiSiSiGeGeSiGeSiSiSiSiGeSiGeSiSiSiGeSiGeSiGeGeSiSiSiGeSiGe
   -26580.3007812500 GeSiSiSiGeGeSiGeGeGeGeGeSiGeGeSiSiGeSiSiSiGeSiSiSiSiGeGeGeSiSiSiSiSiGeGeSiGeSiSiSiSiGeSiGeSiSiSiGeSiGeSiGeGeSiSiSiGeSiGe
   -26580.3007812500 GeSiSiSiGeGeSiGeGeGeGeGeSiGeGeSiSiGeSiSiSiGeSiSiSiSiGeGeGeSiSiSiSiSiGeGeSiGeSiSiSiSiGeSiGeSiSiSiGeSiGeSiGeGeSiSiSiGeSiGe
   -26580.3007812500 GeSiSiSiGeGeSiGeGeGeGeGeSiGeGeSiSiGeSiSiSiGeSiSiSiSiGeGeGeSiSiSiSiSiGeGeSiGeSiSiSiSiGeSiGeSiSiSiGeSiGeSiGeGeSiSiSiGeSiGe
   -26580.3007812500 GeSiSiSiGeGeSiGeGeGeGeGeSiGeGeSiSiGeSiSiSiGeSiSiSiSiGeGeGeSiSiSiSiSiGeGeSiGeSiSiSiSiGeSiGeSiSiSiGeSiGeSiGeGeSiSiSiGeSiGe
   -26580.3007812500 GeSiSiSiGeGeSiGeGeGeGeGeSiGeGeSiSiGeSiSiSiGeSiSiSiSiGeGeGeSiSiSiSiSiGeGeSiGeSiSiSiSiGeSiGeSiSiSiGeSiGeSiGeGeSiSiSiGeSiGe
   -26580.3007812500 GeSiSiSiGeGeSiGeGeGeGeGeSiGeGeSiSiGeSiSiSiGeSiSiSiSiGeGeGeSiSiSiSiSiGeGeSiGeSiSiSiSiGeSiGeSiSiSiGeSiGeSiGeGeSiSiSiGeSiGe
   -26580.3007812500 GeSiSiSiGeGeSiGeGeGeGeGeSiGeGeSiSiGeSiSiSiGeSiSiSiSiGeGeGeSiSiSiSiSiGeGeSiGeSiSiSiSiGeSiGeSiSiSiGeSiGeSiGeGeSiSiSiGeSiGe
   -26580.3007812500 GeSiSiSiGeGeSiGeGeGeGeGeSiGeGeSiSiGeSiSiSiGeSiSiSiSiGeGeGeSiSiSiSiSiGeGeSiGeSiSiSiSiGeSiGeSiSiSiGeSiGeSiGeGeSiSiSiGeSiGe
   -26580.3007812500 GeSiSiSiGeGeSiGeGeGeGeGeSiGeGeSiSiGeSiSiSiGeSiSiSiSiGeGeGeSiSiSiSiSiGeGeSiGeSiSiSiSiGeSiGeSiSiSiGeSiGeSiGeGeSiSiSiGeSiGe
   -26580.3007812500 GeSiSiSiGeGeSiGeGeGeGeGeSiGeGeSiSiGeSiSiSiGeSiSiSiSiGeGeGeSiSiSiSiSiGeGeSiGeSiSiSiSiGeSiGeSiSiSiGeSiGeSiGeGeSiSiSiGeSiGe
   -26580.3007812500 GeSiSiSiGeGeSiGeGeGeGeGeSiGeGeSiSiGeSiSiSiGeSiSiSiSiGeGeGeSiSiSiSiSiGeGeSiGeSiSiSiSiGeSiGeSiSiSiGeSiGeSiGeGeSiSiSiGeSiGe
   -26580.3007812500 GeSiSiSiGeGeSiGeGeGeGeGeSiGeGeSiSiGeSiSiSiGeSiSiSiSiGeGeGeSiSiSiSiSiGeGeSiGeSiSiSiSiGeSiGeSiSiSiGeSiGeSiGeGeSiSiSiGeSiGe
   -26580.3007812500 GeSiSiSiGeGeSiGeGeGeGeGeSiGeGeSiSiGeSiSiSiGeSiSiSiSiGeGeGeSiSiSiSiSiGeGeSiGeSiSiSiSiGeSiGeSiSiSiGeSiGeSiGeGeSiSiSiGeSiGe
   -26580.3007812500 GeSiSiSiGeGeSiGeGeGeGeGeSiGeGeSiSiGeSiSiSiGeSiSiSiSiGeGeGeSiSiSiSiSiGeGeSiGeSiSiSiSiGeSiGeSiSiSiGeSiGeSiGeGeSiSiSiGeSiGe
   -26580.3007812500 GeSiSiSiGeGeSiGeGeGeGeGeSiGeGeSiSiGeSiSiSiGeSiSiSiSiGeGeGeSiSiSiSiSiGeGeSiGeSiSiSiSiGeSiGeSiSiSiGeSiGeSiGeGeSiSiSiGeSiGe
   -26580.3007812500 GeSiSiSiGeGeSiGeGeGeGeGeSiGeGeSiSiGeSiSiSiGeSiSiSiSiGeGeGeSiSiSiSiSiGeGeSiGeSiSiSiSiGeSiGeSiSiSiGeSiGeSiGeGeSiSiSiGeSiGe
   -26580.3007812500 GeSiSiSiGeGeSiGeGeGeGeGeSiGeGeSiSiGeSiSiSiGeSiSiSiSiGeGeGeSiSiSiSiSiGeGeSiGeSiSiSiSiGeSiGeSiSiSiGeSiGeSiGeGeSiSiSiGeSiGe
   -26580.3007812500 GeSiSiSiGeGeSiGeGeGeGeGeSiGeGeSiSiGeSiSiSiGeSiSiSiSiGeGeGeSiSiSiSiSiGeGeSiGeSiSiSiSiGeSiGeSiSiSiGeSiGeSiGeGeSiSiSiGeSiGe
   -26580.3007812500 GeSiSiSiGeGeSiGeGeGeGeGeSiGeGeSiSiGeSiSiSiGeSiSiSiSiGeGeGeSiSiSiSiSiGeGeSiGeSiSiSiSiGeSiGeSiSiSiGeSiGeSiGeGeSiSiSiGeSiGe
   -26580.3007812500 GeSiSiSiGeGeSiGeGeGeGeGeSiGeGeSiSiGeSiSiSiGeSiSiSiSiGeGeGeSiSiSiSiSiGeGeSiGeSiSiSiSiGeSiGeSiSiSiGeSiGeSiGeGeSiSiSiGeSiGe
   -26580.3007812500 GeSiSiSiGeGeSiGeGeGeGeGeSiGeGeSiSiGeSiSiSiGeSiSiSiSiGeGeGeSiSiSiSiSiGeGeSiGeSiSiSiSiGeSiGeSiSiSiGeSiGeSiGeGeSiSiSiGeSiGe
   -26580.3007812500 GeSiSiSiGeGeSiGeGeGeGeGeSiGeGeSiSiGeSiSiSiGeSiSiSiSiGeGeGeSiSiSiSiSiGeGeSiGeSiSiSiSiGeSiGeSiSiSiGeSiGeSiGeGeSiSiSiGeSiGe
   -26580.3007812500 GeSiSiSiGeGeSiGeGeGeGeGeSiGeGeSiSiGeSiSiSiGeSiSiSiSiGeGeGeSiSiSiSiSiGeGeSiGeSiSiSiSiGeSiGeSiSiSiGeSiGeSiGeGeSiSiSiGeSiGe
   -26580.3007812500 GeSiSiSiGeGeSiGeGeGeGeGeSiGeGeSiSiGeSiSiSiGeSiSiSiSiGeGeGeSiSiSiSiSiGeGeSiGeSiSiSiSiGeSiGeSiSiSiGeSiGeSiGeGeSiSiSiGeSiGe
   -26580.3007812500 GeSiSiSiGeGeSiGeGeGeGeGeSiGeGeSiSiGeSiSiSiGeSiSiSiSiGeGeGeSiSiSiSiSiGeGeSiGeSiSiSiSiGeSiGeSiSiSiGeSiGeSiGeGeSiSiSiGeSiGe
   -26580.3007812500 GeSiSiSiGeGeSiGeGeGeGeGeSiGeGeSiSiGeSiSiSiGeSiSiSiSiGeGeGeSiSiSiSiSiGeGeSiGeSiSiSiSiGeSiGeSiSiSiGeSiGeSiGeGeSiSiSiGeSiGe
   -26580.3007812500 GeSiSiSiGeGeSiGeGeGeGeGeSiGeGeSiSiGeSiSiSiGeSiSiSiSiGeGeGeSiSiSiSiSiGeGeSiGeSiSiSiSiGeSiGeSiSiSiGeSiGeSiGeGeSiSiSiGeSiGe
   -26580.3007812500 GeSiSiSiGeGeSiGeGeGeGeGeSiGeGeSiSiGeSiSiSiGeSiSiSiSiGeGeGeSiSiSiSiSiGeGeSiGeSiSiSiSiGeSiGeSiSiSiGeSiGeSiGeGeSiSiSiGeSiGe
   -26580.3007812500 GeSiSiSiGeGeSiGeGeGeGeGeSiGeGeSiSiGeSiSiSiGeSiSiSiSiGeGeGeSiSiSiSiSiGeGeSiGeSiSiSiSiGeSiGeSiSiSiGeSiGeSiGeGeSiSiSiGeSiGe
   -26580.3007812500 GeSiSiSiGeGeSiGeGeGeGeGeSiGeGeSiSiGeSiSiSiGeSiSiSiSiGeGeGeSiSiSiSiSiGeGeSiGeSiSiSiSiGeSiGeSiSiSiGeSiGeSiGeGeSiSiSiGeSiGe
   -26580.3007812500 GeSiSiSiGeGeSiGeGeGeGeGeSiGeGeSiSiGeSiSiSiGeSiSiSiSiGeGeGeSiSiSiSiSiGeGeSiGeSiSiSiSiGeSiGeSiSiSiGeSiGeSiGeGeSiSiSiGeSiGe
   -26580.3007812500 GeSiSiSiGeGeSiGeGeGeGeGeSiGeGeSiSiGeSiSiSiGeSiSiSiSiGeGeGeSiSiSiSiSiGeGeSiGeSiSiSiSiGeSiGeSiSiSiGeSiGeSiGeGeSiSiSiGeSiGe
   -26580.3007812500 GeSiSiSiGeGeSiGeGeGeGeGeSiGeGeSiSiGeSiSiSiGeSiSiSiSiGeGeGeSiSiSiSiSiGeGeSiGeSiSiSiSiGeSiGeSiSiSiGeSiGeSiGeGeSiSiSiGeSiGe
   -26580.3007812500 GeSiSiSiGeGeSiGeGeGeGeGeSiGeGeSiSiGeSiSiSiGeSiSiSiSiGeGeGeSiSiSiSiSiGeGeSiGeSiSiSiSiGeSiGeSiSiSiGeSiGeSiGeGeSiSiSiGeSiGe
   -26580.3007812500 GeSiSiSiGeGeSiGeGeGeGeGeSiGeGeSiSiGeSiSiSiGeSiSiSiSiGeGeGeSiSiSiSiSiGeGeSiGeSiSiSiSiGeSiGeSiSiSiGeSiGeSiGeGeSiSiSiGeSiGe
   -26580.3007812500 GeSiSiSiGeGeSiGeGeGeGeGeSiGeGeSiSiGeSiSiSiGeSiSiSiSiGeGeGeSiSiSiSiSiGeGeSiGeSiSiSiSiGeSiGeSiSiSiGeSiGeSiGeGeSiSiSiGeSiGe
   -26580.3007812500 GeSiSiSiGeGeSiGeGeGeGeGeSiGeGeSiSiGeSiSiSiGeSiSiSiSiGeGeGeSiSiSiSiSiGeGeSiGeSiSiSiSiGeSiGeSiSiSiGeSiGeSiGeGeSiSiSiGeSiGe
   -26580.3007812500 GeSiSiSiGeGeSiGeGeGeGeGeSiGeGeSiSiGeSiSiSiGeSiSiSiSiGeGeGeSiSiSiSiSiGeGeSiGeSiSiSiSiGeSiGeSiSiSiGeSiGeSiGeGeSiSiSiGeSiGe
   -26580.3007812500 GeSiSiSiGeGeSiGeGeGeGeGeSiGeGeSiSiGeSiSiSiGeSiSiSiSiGeGeGeSiSiSiSiSiGeGeSiGeSiSiSiSiGeSiGeSiSiSiGeSiGeSiGeGeSiSiSiGeSiGe
   -26580.3007812500 GeSiSiSiGeGeSiGeGeGeGeGeSiGeGeSiSiGeSiSiSiGeSiSiSiSiGeGeGeSiSiSiSiSiGeGeSiGeSiSiSiSiGeSiGeSiSiSiGeSiGeSiGeGeSiSiSiGeSiGe
   -26580.3007812500 GeSiSiSiGeGeSiGeGeGeGeGeSiGeGeSiSiGeSiSiSiGeSiSiSiSiGeGeGeSiSiSiSiSiGeGeSiGeSiSiSiSiGeSiGeSiSiSiGeSiGeSiGeGeSiSiSiGeSiGe
   -26580.3007812500 GeSiSiSiGeGeSiGeGeGeGeGeSiGeGeSiSiGeSiSiSiGeSiSiSiSiGeGeGeSiSiSiSiSiGeGeSiGeSiSiSiSiGeSiGeSiSiSiGeSiGeSiGeGeSiSiSiGeSiGe
   -26580.3007812500 GeSiSiSiGeGeSiGeGeGeGeGeSiGeGeSiSiGeSiSiSiGeSiSiSiSiGeGeGeSiSiSiSiSiGeGeSiGeSiSiSiSiGeSiGeSiSiSiGeSiGeSiGeGeSiSiSiGeSiGe
   -26580.3007812500 GeSiSiSiGeGeSiGeGeGeGeGeSiGeGeSiSiGeSiSiSiGeSiSiSiSiGeGeGeSiSiSiSiSiGeGeSiGeSiSiSiSiGeSiGeSiSiSiGeSiGeSiGeGeSiSiSiGeSiGe
   -26580.3007812500 GeSiSiSiGeGeSiGeGeGeGeGeSiGeGeSiSiGeSiSiSiGeSiSiSiSiGeGeGeSiSiSiSiSiGeGeSiGeSiSiSiSiGeSiGeSiSiSiGeSiGeSiGeGeSiSiSiGeSiGe
   -26580.3007812500 GeSiSiSiGeGeSiGeGeGeGeGeSiGeGeSiSiGeSiSiSiGeSiSiSiSiGeGeGeSiSiSiSiSiGeGeSiGeSiSiSiSiGeSiGeSiSiSiGeSiGeSiGeGeSiSiSiGeSiGe
   -26580.3007812500 GeSiSiSiGeGeSiGeGeGeGeGeSiGeGeSiSiGeSiSiSiGeSiSiSiSiGeGeGeSiSiSiSiSiGeGeSiGeSiSiSiSiGeSiGeSiSiSiGeSiGeSiGeGeSiSiSiGeSiGe
   -26580.3007812500 GeSiSiSiGeGeSiGeGeGeGeGeSiGeGeSiSiGeSiSiSiGeSiSiSiSiGeGeGeSiSiSiSiSiGeGeSiGeSiSiSiSiGeSiGeSiSiSiGeSiGeSiGeGeSiSiSiGeSiGe
   -26580.3007812500 GeSiSiSiGeGeSiGeGeGeGeGeSiGeGeSiSiGeSiSiSiGeSiSiSiSiGeGeGeSiSiSiSiSiGeGeSiGeSiSiSiSiGeSiGeSiSiSiGeSiGeSiGeGeSiSiSiGeSiGe
   -26580.3007812500 GeSiSiSiGeGeSiGeGeGeGeGeSiGeGeSiSiGeSiSiSiGeSiSiSiSiGeGeGeSiSiSiSiSiGeGeSiGeSiSiSiSiGeSiGeSiSiSiGeSiGeSiGeGeSiSiSiGeSiGe
   -26580.3007812500 GeSiSiSiGeGeSiGeGeGeGeGeSiGeGeSiSiGeSiSiSiGeSiSiSiSiGeGeGeSiSiSiSiSiGeGeSiGeSiSiSiSiGeSiGeSiSiSiGeSiGeSiGeGeSiSiSiGeSiGe
   -26580.3007812500 GeSiSiSiGeGeSiGeGeGeGeGeSiGeGeSiSiGeSiSiSiGeSiSiSiSiGeGeGeSiSiSiSiSiGeGeSiGeSiSiSiSiGeSiGeSiSiSiGeSiGeSiGeGeSiSiSiGeSiGe
   -26580.3007812500 GeSiSiSiGeGeSiGeGeGeGeGeSiGeGeSiSiGeSiSiSiGeSiSiSiSiGeGeGeSiSiSiSiSiGeGeSiGeSiSiSiSiGeSiGeSiSiSiGeSiGeSiGeGeSiSiSiGeSiGe
   -26580.3007812500 GeSiSiSiGeGeSiGeGeGeGeGeSiGeGeSiSiGeSiSiSiGeSiSiSiSiGeGeGeSiSiSiSiSiGeGeSiGeSiSiSiSiGeSiGeSiSiSiGeSiGeSiGeGeSiSiSiGeSiGe
   -26580.3007812500 GeSiSiSiGeGeSiGeGeGeGeGeSiGeGeSiSiGeSiSiSiGeSiSiSiSiGeGeGeSiSiSiSiSiGeGeSiGeSiSiSiSiGeSiGeSiSiSiGeSiGeSiGeGeSiSiSiGeSiGe
   -26580.3007812500 GeSiSiSiGeGeSiGeGeGeGeGeSiGeGeSiSiGeSiSiSiGeSiSiSiSiGeGeGeSiSiSiSiSiGeGeSiGeSiSiSiSiGeSiGeSiSiSiGeSiGeSiGeGeSiSiSiGeSiGe
   -26580.3007812500 GeSiSiSiGeGeSiGeGeGeGeGeSiGeGeSiSiGeSiSiSiGeSiSiSiSiGeGeGeSiSiSiSiSiGeGeSiGeSiSiSiSiGeSiGeSiSiSiGeSiGeSiGeGeSiSiSiGeSiGe
   -26580.3007812500 GeSiSiSiGeGeSiGeGeGeGeGeSiGeGeSiSiGeSiSiSiGeSiSiSiSiGeGeGeSiSiSiSiSiGeGeSiGeSiSiSiSiGeSiGeSiSiSiGeSiGeSiGeGeSiSiSiGeSiGe
   -26580.3007812500 GeSiSiSiGeGeSiGeGeGeGeGeSiGeGeSiSiGeSiSiSiGeSiSiSiSiGeGeGeSiSiSiSiSiGeGeSiGeSiSiSiSiGeSiGeSiSiSiGeSiGeSiGeGeSiSiSiGeSiGe
   -26580.3007812500 GeSiSiSiGeGeSiGeGeGeGeGeSiGeGeSiSiGeSiSiSiGeSiSiSiSiGeGeGeSiSiSiSiSiGeGeSiGeSiSiSiSiGeSiGeSiSiSiGeSiGeSiGeGeSiSiSiGeSiGe
   -26580.3007812500 GeSiSiSiGeGeSiGeGeGeGeGeSiGeGeSiSiGeSiSiSiGeSiSiSiSiGeGeGeSiSiSiSiSiGeGeSiGeSiSiSiSiGeSiGeSiSiSiGeSiGeSiGeGeSiSiSiGeSiGe
   -26580.3007812500 GeSiSiSiGeGeSiGeGeGeGeGeSiGeGeSiSiGeSiSiSiGeSiSiSiSiGeGeGeSiSiSiSiSiGeGeSiGeSiSiSiSiGeSiGeSiSiSiGeSiGeSiGeGeSiSiSiGeSiGe
   -26580.3007812500 GeSiSiSiGeGeSiGeGeGeGeGeSiGeGeSiSiGeSiSiSiGeSiSiSiSiGeGeGeSiSiSiSiSiGeGeSiGeSiSiSiSiGeSiGeSiSiSiGeSiGeSiGeGeSiSiSiGeSiGe
   -26580.3007812500 GeSiSiSiGeGeSiGeGeGeGeGeSiGeGeSiSiGeSiSiSiGeSiSiSiSiGeGeGeSiSiSiSiSiGeGeSiGeSiSiSiSiGeSiGeSiSiSiGeSiGeSiGeGeSiSiSiGeSiGe
   -26580.3007812500 GeSiSiSiGeGeSiGeGeGeGeGeSiGeGeSiSiGeSiSiSiGeSiSiSiSiGeGeGeSiSiSiSiSiGeGeSiGeSiSiSiSiGeSiGeSiSiSiGeSiGeSiGeGeSiSiSiGeSiGe
   -26580.3007812500 GeSiSiSiGeGeSiGeGeGeGeGeSiGeGeSiSiGeSiSiSiGeSiSiSiSiGeGeGeSiSiSiSiSiGeGeSiGeSiSiSiSiGeSiGeSiSiSiGeSiGeSiGeGeSiSiSiGeSiGe
   -26580.3007812500 GeSiSiSiGeGeSiGeGeGeGeGeSiGeGeSiSiGeSiSiSiGeSiSiSiSiGeGeGeSiSiSiSiSiGeGeSiGeSiSiSiSiGeSiGeSiSiSiGeSiGeSiGeGeSiSiSiGeSiGe
   -26580.3007812500 GeSiSiSiGeGeSiGeGeGeGeGeSiGeGeSiSiGeSiSiSiGeSiSiSiSiGeGeGeSiSiSiSiSiGeGeSiGeSiSiSiSiGeSiGeSiSiSiGeSiGeSiGeGeSiSiSiGeSiGe
   -26580.3007812500 GeSiSiSiGeGeSiGeGeGeGeGeSiGeGeSiSiGeSiSiSiGeSiSiSiSiGeGeGeSiSiSiSiSiGeGeSiGeSiSiSiSiGeSiGeSiSiSiGeSiGeSiGeGeSiSiSiGeSiGe
   -26580.3007812500 GeSiSiSiGeGeSiGeGeGeGeGeSiGeGeSiSiGeSiSiSiGeSiSiSiSiGeGeGeSiSiSiSiSiGeGeSiGeSiSiSiSiGeSiGeSiSiSiGeSiGeSiGeGeSiSiSiGeSiGe
   -26580.3007812500 GeSiSiSiGeGeSiGeGeGeGeGeSiGeGeSiSiGeSiSiSiGeSiSiSiSiGeGeGeSiSiSiSiSiGeGeSiGeSiSiSiSiGeSiGeSiSiSiGeSiGeSiGeGeSiSiSiGeSiGe
   -26580.3007812500 GeSiSiSiGeGeSiGeGeGeGeGeSiGeGeSiSiGeSiSiSiGeSiSiSiSiGeGeGeSiSiSiSiSiGeGeSiGeSiSiSiSiGeSiGeSiSiSiGeSiGeSiGeGeSiSiSiGeSiGe
   -26580.3007812500 GeSiSiSiGeGeSiGeGeGeGeGeSiGeGeSiSiGeSiSiSiGeSiSiSiSiGeGeGeSiSiSiSiSiGeGeSiGeSiSiSiSiGeSiGeSiSiSiGeSiGeSiGeGeSiSiSiGeSiGe
   -26580.3007812500 GeSiSiSiGeGeSiGeGeGeGeGeSiGeGeSiSiGeSiSiSiGeSiSiSiSiGeGeGeSiSiSiSiSiGeGeSiGeSiSiSiSiGeSiGeSiSiSiGeSiGeSiGeGeSiSiSiGeSiGe
   -26580.3007812500 GeSiSiSiGeGeSiGeGeGeGeGeSiGeGeSiSiGeSiSiSiGeSiSiSiSiGeGeGeSiSiSiSiSiGeGeSiGeSiSiSiSiGeSiGeSiSiSiGeSiGeSiGeGeSiSiSiGeSiGe
   -26580.3007812500 GeSiSiSiGeGeSiGeGeGeGeGeSiGeGeSiSiGeSiSiSiGeSiSiSiSiGeGeGeSiSiSiSiSiGeGeSiGeSiSiSiSiGeSiGeSiSiSiGeSiGeSiGeGeSiSiSiGeSiGe
   -26580.3007812500 GeSiSiSiGeGeSiGeGeGeGeGeSiGeGeSiSiGeSiSiSiGeSiSiSiSiGeGeGeSiSiSiSiSiGeGeSiGeSiSiSiSiGeSiGeSiSiSiGeSiGeSiGeGeSiSiSiGeSiGe
   -26580.3007812500 GeSiSiSiGeGeSiGeGeGeGeGeSiGeGeSiSiGeSiSiSiGeSiSiSiSiGeGeGeSiSiSiSiSiGeGeSiGeSiSiSiSiGeSiGeSiSiSiGeSiGeSiGeGeSiSiSiGeSiGe
   -26580.3007812500 GeSiSiSiGeGeSiGeGeGeGeGeSiGeGeSiSiGeSiSiSiGeSiSiSiSiGeGeGeSiSiSiSiSiGeGeSiGeSiSiSiSiGeSiGeSiSiSiGeSiGeSiGeGeSiSiSiGeSiGe
   -26580.3007812500 GeSiSiSiGeGeSiGeGeGeGeGeSiGeGeSiSiGeSiSiSiGeSiSiSiSiGeGeGeSiSiSiSiSiGeGeSiGeSiSiSiSiGeSiGeSiSiSiGeSiGeSiGeGeSiSiSiGeSiGe
   -26580.3007812500 GeSiSiSiGeGeSiGeGeGeGeGeSiGeGeSiSiGeSiSiSiGeSiSiSiSiGeGeGeSiSiSiSiSiGeGeSiGeSiSiSiSiGeSiGeSiSiSiGeSiGeSiGeGeSiSiSiGeSiGe
   -26580.3007812500 GeSiSiSiGeGeSiGeGeGeGeGeSiGeGeSiSiGeSiSiSiGeSiSiSiSiGeGeGeSiSiSiSiSiGeGeSiGeSiSiSiSiGeSiGeSiSiSiGeSiGeSiGeGeSiSiSiGeSiGe
   -26580.3007812500 GeSiSiSiGeGeSiGeGeGeGeGeSiGeGeSiSiGeSiSiSiGeSiSiSiSiGeGeGeSiSiSiSiSiGeGeSiGeSiSiSiSiGeSiGeSiSiSiGeSiGeSiGeGeSiSiSiGeSiGe
   -26580.3007812500 GeSiSiSiGeGeSiGeGeGeGeGeSiGeGeSiSiGeSiSiSiGeSiSiSiSiGeGeGeSiSiSiSiSiGeGeSiGeSiSiSiSiGeSiGeSiSiSiGeSiGeSiGeGeSiSiSiGeSiGe
   -26580.3007812500 GeSiSiSiGeGeSiGeGeGeGeGeSiGeGeSiSiGeSiSiSiGeSiSiSiSiGeGeGeSiSiSiSiSiGeGeSiGeSiSiSiSiGeSiGeSiSiSiGeSiGeSiGeGeSiSiSiGeSiGe
   -26580.3007812500 GeSiSiSiGeGeSiGeGeGeGeGeSiGeGeSiSiGeSiSiSiGeSiSiSiSiGeGeGeSiSiSiSiSiGeGeSiGeSiSiSiSiGeSiGeSiSiSiGeSiGeSiGeGeSiSiSiGeSiGe
   -26580.3007812500 GeSiSiSiGeGeSiGeGeGeGeGeSiGeGeSiSiGeSiSiSiGeSiSiSiSiGeGeGeSiSiSiSiSiGeGeSiGeSiSiSiSiGeSiGeSiSiSiGeSiGeSiGeGeSiSiSiGeSiGe
   -26580.3007812500 GeSiSiSiGeGeSiGeGeGeGeGeSiGeGeSiSiGeSiSiSiGeSiSiSiSiGeGeGeSiSiSiSiSiGeGeSiGeSiSiSiSiGeSiGeSiSiSiGeSiGeSiGeGeSiSiSiGeSiGe
   -26580.3007812500 GeSiSiSiGeGeSiGeGeGeGeGeSiGeGeSiSiGeSiSiSiGeSiSiSiSiGeGeGeSiSiSiSiSiGeGeSiGeSiSiSiSiGeSiGeSiSiSiGeSiGeSiGeGeSiSiSiGeSiGe
   -26580.3007812500 GeSiSiSiGeGeSiGeGeGeGeGeSiGeGeSiSiGeSiSiSiGeSiSiSiSiGeGeGeSiSiSiSiSiGeGeSiGeSiSiSiSiGeSiGeSiSiSiGeSiGeSiGeGeSiSiSiGeSiGe
   -26580.3007812500 GeSiSiSiGeGeSiGeGeGeGeGeSiGeGeSiSiGeSiSiSiGeSiSiSiSiGeGeGeSiSiSiSiSiGeGeSiGeSiSiSiSiGeSiGeSiSiSiGeSiGeSiGeGeSiSiSiGeSiGe
   -26580.3007812500 GeSiSiSiGeGeSiGeGeGeGeGeSiGeGeSiSiGeSiSiSiGeSiSiSiSiGeGeGeSiSiSiSiSiGeGeSiGeSiSiSiSiGeSiGeSiSiSiGeSiGeSiGeGeSiSiSiGeSiGe
   -26580.3007812500 GeSiSiSiGeGeSiGeGeGeGeGeSiGeGeSiSiGeSiSiSiGeSiSiSiSiGeGeGeSiSiSiSiSiGeGeSiGeSiSiSiSiGeSiGeSiSiSiGeSiGeSiGeGeSiSiSiGeSiGe
   -26580.3007812500 GeSiSiSiGeGeSiGeGeGeGeGeSiGeGeSiSiGeSiSiSiGeSiSiSiSiGeGeGeSiSiSiSiSiGeGeSiGeSiSiSiSiGeSiGeSiSiSiGeSiGeSiGeGeSiSiSiGeSiGe
   -26580.3007812500 GeSiSiSiGeGeSiGeGeGeGeGeSiGeGeSiSiGeSiSiSiGeSiSiSiSiGeGeGeSiSiSiSiSiGeGeSiGeSiSiSiSiGeSiGeSiSiSiGeSiGeSiGeGeSiSiSiGeSiGe
   -26580.3007812500 GeSiSiSiGeGeSiGeGeGeGeGeSiGeGeSiSiGeSiSiSiGeSiSiSiSiGeGeGeSiSiSiSiSiGeGeSiGeSiSiSiSiGeSiGeSiSiSiGeSiGeSiGeGeSiSiSiGeSiGe
   -26580.3007812500 GeSiSiSiGeGeSiGeGeGeGeGeSiGeGeSiSiGeSiSiSiGeSiSiSiSiGeGeGeSiSiSiSiSiGeGeSiGeSiSiSiSiGeSiGeSiSiSiGeSiGeSiGeGeSiSiSiGeSiGe
   -26580.3007812500 GeSiSiSiGeGeSiGeGeGeGeGeSiGeGeSiSiGeSiSiSiGeSiSiSiSiGeGeGeSiSiSiSiSiGeGeSiGeSiSiSiSiGeSiGeSiSiSiGeSiGeSiGeGeSiSiSiGeSiGe
   -26580.3007812500 GeSiSiSiGeGeSiGeGeGeGeGeSiGeGeSiSiGeSiSiSiGeSiSiSiSiGeGeGeSiSiSiSiSiGeGeSiGeSiSiSiSiGeSiGeSiSiSiGeSiGeSiGeGeSiSiSiGeSiGe
   -26580.3007812500 GeSiSiSiGeGeSiGeGeGeGeGeSiGeGeSiSiGeSiSiSiGeSiSiSiSiGeGeGeSiSiSiSiSiGeGeSiGeSiSiSiSiGeSiGeSiSiSiGeSiGeSiGeGeSiSiSiGeSiGe
   -26580.3007812500 GeSiSiSiGeGeSiGeGeGeGeGeSiGeGeSiSiGeSiSiSiGeSiSiSiSiGeGeGeSiSiSiSiSiGeGeSiGeSiSiSiSiGeSiGeSiSiSiGeSiGeSiGeGeSiSiSiGeSiGe
   -26580.3007812500 GeSiSiSiGeGeSiGeGeGeGeGeSiGeGeSiSiGeSiSiSiGeSiSiSiSiGeGeGeSiSiSiSiSiGeGeSiGeSiSiSiSiGeSiGeSiSiSiGeSiGeSiGeGeSiSiSiGeSiGe
   -26580.3007812500 GeSiSiSiGeGeSiGeGeGeGeGeSiGeGeSiSiGeSiSiSiGeSiSiSiSiGeGeGeSiSiSiSiSiGeGeSiGeSiSiSiSiGeSiGeSiSiSiGeSiGeSiGeGeSiSiSiGeSiGe
   -26580.3007812500 GeSiSiSiGeGeSiGeGeGeGeGeSiGeGeSiSiGeSiSiSiGeSiSiSiSiGeGeGeSiSiSiSiSiGeGeSiGeSiSiSiSiGeSiGeSiSiSiGeSiGeSiGeGeSiSiSiGeSiGe
   -26580.3007812500 GeSiSiSiGeGeSiGeGeGeGeGeSiGeGeSiSiGeSiSiSiGeSiSiSiSiGeGeGeSiSiSiSiSiGeGeSiGeSiSiSiSiGeSiGeSiSiSiGeSiGeSiGeGeSiSiSiGeSiGe
   -26580.3007812500 GeSiSiSiGeGeSiGeGeGeGeGeSiGeGeSiSiGeSiSiSiGeSiSiSiSiGeGeGeSiSiSiSiSiGeGeSiGeSiSiSiSiGeSiGeSiSiSiGeSiGeSiGeGeSiSiSiGeSiGe
filename: c000001412181887.gin     
Cell:
    11.9020996    11.9020996    29.6919994    90.0000000    90.0000000   120.0000000
Box:
    11.9020996    -5.9510503     0.0000000
     0.0000000    10.3075209     0.0000000
     0.0000000     0.0000000    29.6919994
----------------------------------------
Inverse Box:
     0.0840188     0.0485083     0.0000000
     0.0000000     0.0970165     0.0000000
     0.0000000     0.0000000     0.0336791
----------------------------------------
==============================================
geometrical properties of  26 Ge:
 Configuration:           0
 D_ave:   9.27475262       3.53508401    
 D_min:   3.30718517      0.498200029    
 energia:  -26580.3008    
