Random Seed:  1268769771
Number of atoms:    60
Space Group:    1
Cell:
    11.9020996    11.9020996    29.6919994    90.0000000    90.0000000   120.0000000
Box:
    11.9020996    -5.9510503     0.0000000
     0.0000000    10.3075209     0.0000000
     0.0000000     0.0000000    29.6919994
----------------------------------------
Inverse Box:
     0.0840188     0.0485083     0.0000000
     0.0000000     0.0970165     0.0000000
     0.0000000     0.0000000     0.0336791
----------------------------------------
GeSiSiSiSiSiSiSiSiSiSiSiSiSiSiSiSiSiSiSiSiSiSiSiSiSiSiSiSiSiSiSiSiSiSiSiSiSiSiSiSiSiSiSiGeSiSiSiSiSiSiSiSiSiSiSiSiSiSiSi
           1 Ge    -7732.92529    
GeGeSiSiSiSiSiSiSiSiSiSiSiSiSiSiSiSiSiSiSiSiSiSiSiSiSiSiSiSiSiSiSiSiSiSiSiSiSiSiSiSiSiSiGeSiSiSiSiSiSiSiSiSiSiSiSiSiSiSi
           2 Ge    -7727.51025    
GeGeGeSiSiSiSiSiSiSiSiSiSiSiSiSiSiSiSiSiSiSiSiSiSiSiSiSiSiSiSiSiSiSiSiSiSiSiSiSiSiSiSiSiGeSiSiSiSiSiSiSiSiSiSiSiSiSiSiSi
           3 Ge    -7720.73486    
GeGeGeGeSiSiSiSiSiSiSiSiSiSiSiSiSiSiSiSiSiSiSiSiSiSiSiSiSiSiSiSiSiSiSiSiSiSiSiSiSiSiSiSiGeSiSiSiSiSiSiSiSiSiSiSiSiSiSiSi
           4 Ge    -7744.83887    
GeGeGeGeGeSiSiSiSiSiSiSiSiSiSiSiSiSiSiSiSiSiSiSiSiSiSiSiSiSiSiSiSiSiSiSiSiSiSiSiSiSiSiSiGeSiSiSiSiSiSiSiSiSiSiSiSiSiSiSi
           5 Ge    -7788.08447    
GeGeGeGeGeGeSiSiSiSiSiSiSiSiSiSiSiSiSiSiSiSiSiSiSiSiSiSiSiSiSiSiSiSiSiSiSiSiSiSiSiSiSiSiGeSiSiSiSiSiSiSiSiSiSiSiSiSiSiSi
           6 Ge    -7854.08301    
GeGeGeGeGeGeGeSiSiSiSiSiSiSiSiSiSiSiSiSiSiSiSiSiSiSiSiSiSiSiSiSiSiSiSiSiSiSiSiSiSiSiSiSiGeSiSiSiSiSiSiSiSiSiSiSiSiSiSiSi
           7 Ge    -8020.25586    
GeGeGeGeGeGeGeGeSiSiSiSiSiSiSiSiSiSiSiSiSiSiSiSiSiSiSiSiSiSiSiSiSiSiSiSiSiSiSiSiSiSiSiSiGeSiSiSiSiSiSiSiSiSiSiSiSiSiSiSi
           8 Ge    -8221.59082    
GeGeGeGeGeGeGeGeSiSiSiGeSiSiSiSiSiSiSiSiSiSiSiSiSiSiSiSiSiSiSiSiSiSiSiSiSiSiSiSiSiSiSiSiGeSiSiSiSiSiSiSiSiSiSiSiSiSiSiSi
          12 Ge    -8550.79297    
GeGeGeGeGeGeGeGeSiSiSiGeSiSiSiGeSiSiSiSiSiSiSiSiSiSiSiSiSiSiSiSiSiSiSiSiSiSiSiSiSiSiSiSiGeSiSiSiSiSiSiSiSiSiSiSiSiSiSiSi
          16 Ge    -8935.76562    
GeGeGeGeGeGeGeGeSiSiSiGeSiSiSiGeSiSiSiSiSiSiSiSiSiGeSiSiSiSiSiSiSiSiSiSiSiSiSiSiSiSiSiSiGeSiSiSiSiSiSiSiSiSiSiSiSiSiSiSi
          26 Ge    -8923.22754    
GeGeGeGeGeGeGeGeSiSiSiGeSiSiSiGeSiSiSiSiSiSiSiSiSiGeSiSiSiGeSiSiSiSiSiSiSiSiSiSiSiSiSiSiGeSiSiSiSiSiSiSiSiSiSiSiSiSiSiSi
          30 Ge    -8966.11816    
GeGeGeGeGeGeGeGeSiSiSiGeSiSiSiGeSiSiSiSiSiSiSiSiSiGeSiSiSiGeSiSiGeSiSiSiSiSiSiSiSiSiSiSiGeSiSiSiSiSiSiSiSiSiSiSiSiSiSiSi
          33 Ge    -9325.76562    
GeGeGeGeGeGeGeGeSiSiSiGeSiSiSiGeSiSiSiSiSiSiSiSiSiGeSiSiSiGeSiSiGeSiSiGeSiSiSiSiSiSiSiSiGeSiSiSiSiSiSiSiSiSiSiSiSiSiSiSi
          36 Ge    -9300.94922    
GeGeGeGeGeGeGeGeSiSiSiGeSiSiSiGeSiSiSiSiSiSiSiSiSiGeSiSiSiGeSiSiGeSiSiGeSiSiGeSiSiSiSiSiGeSiSiSiSiSiSiSiSiSiSiSiSiSiSiSi
          39 Ge    -9881.69727    
GeGeGeGeGeGeGeGeSiSiSiGeSiSiSiGeSiSiSiSiSiSiSiSiSiGeSiSiSiGeSiSiGeSiSiGeSiSiGeGeSiSiSiSiGeSiSiSiSiSiSiSiSiSiSiSiSiSiSiSi
          40 Ge    -10111.9531    
GeGeGeGeGeGeGeGeSiSiSiGeSiSiSiGeSiSiSiSiSiSiSiSiSiGeSiSiSiGeSiSiGeSiSiGeSiSiGeGeSiGeSiSiGeSiSiSiSiSiSiSiSiSiSiSiSiSiSiSi
          42 Ge    -8915.39453    
GeGeGeGeGeGeGeGeSiSiSiGeSiSiSiGeSiSiSiSiSiSiSiSiSiGeSiSiSiGeSiSiGeSiSiGeSiSiGeGeSiGeSiSiGeGeSiSiSiSiSiSiSiSiSiSiSiSiSiSi
          46 Ge    -9097.63379    
GeGeGeGeGeGeGeGeSiSiSiGeSiSiSiGeSiSiSiSiSiSiSiSiSiGeSiSiSiGeSiSiGeSiSiGeSiSiGeGeSiGeSiSiGeGeSiSiSiSiSiSiSiSiSiSiGeSiSiSi
          57 Ge    -10232.6211    
GeGeGeGeGeGeGeGeSiGeSiGeSiSiSiGeSiSiSiSiSiSiSiSiSiGeSiSiSiGeSiSiGeSiSiGeSiSiGeGeSiGeSiSiGeGeSiSiSiSiSiSiSiSiSiSiGeSiSiSi
          10 Ge    -9510.37891    
GeGeGeGeGeGeGeGeSiGeGeGeSiSiSiGeSiSiSiSiSiSiSiSiSiGeSiSiSiGeSiSiGeSiSiGeSiSiGeGeSiGeSiSiGeGeSiSiSiSiSiSiSiSiSiSiGeSiSiSi
          11 Ge    -10380.8457    
GeGeGeGeGeGeGeGeSiGeGeGeGeSiSiGeSiSiSiSiSiSiSiSiSiGeSiSiSiGeSiSiGeSiSiGeSiSiGeGeSiGeSiSiGeGeSiSiSiSiSiSiSiSiSiSiGeSiSiSi
          13 Ge    -9216.20508    
GeGeGeGeGeGeGeGeSiGeGeGeGeGeSiGeSiSiSiSiSiSiSiSiSiGeSiSiSiGeSiSiGeSiSiGeSiSiGeGeSiGeSiSiGeGeSiSiSiSiSiSiSiSiSiSiGeSiSiSi
          14 Ge    -7029.72949    
GeGeGeGeGeGeGeGeSiGeGeGeGeGeGeGeSiSiSiSiSiSiSiSiSiGeSiSiSiGeSiSiGeSiSiGeSiSiGeGeSiGeSiSiGeGeSiSiSiSiSiSiSiSiSiSiGeSiSiSi
          15 Ge    -5181.40527    
GeGeGeGeGeGeGeGeSiGeGeGeGeGeGeGeSiSiSiSiSiSiGeSiSiGeSiSiSiGeSiSiGeSiSiGeSiSiGeGeSiGeSiSiGeGeSiSiSiSiSiSiSiSiSiSiGeSiSiSi
          23 Ge    -907.562012    
GeGeGeGeGeGeGeGeSiGeGeGeGeGeGeGeSiSiSiSiSiSiGeGeSiGeSiSiSiGeSiSiGeSiSiGeSiSiGeGeSiGeSiSiGeGeSiSiSiSiSiSiSiSiSiSiGeSiSiSi
          24 Ge     5267.60107    
==============================================
MonteCarlo: Metropolis with identity changes
Si > Ge, Ge > Si. STOP when occurrence <    0.00000
==============================================
Cost_function     Occurrence %     Scan-Cost
   -16294.2353515625 GeSiGeSiGeGeSiSiSiSiGeSiGeGeGeGeSiSiSiGeGeSiSiSiSiGeGeGeSiSiSiGeGeSiSiGeSiGeSiSiSiGeGeGeSiGeGeSiSiSiSiGeSiSiSiGeGeSiGeSi
   -19976.6562500000 GeSiGeSiGeGeSiSiGeSiGeSiSiSiSiGeSiSiGeGeSiSiSiSiSiGeGeSiSiSiSiGeGeGeSiGeGeSiSiSiGeSiGeSiSiGeGeSiSiGeSiGeGeSiSiGeGeSiGeGe
   -19976.6562500000 GeSiGeSiGeGeSiSiGeSiGeSiSiSiSiGeSiSiGeGeSiSiSiSiSiGeGeSiSiSiSiGeGeGeSiGeGeSiSiSiGeSiGeSiSiGeGeSiSiGeSiGeGeSiSiGeGeSiGeGe
   -22288.2421875000 GeSiGeSiGeGeSiSiGeSiGeGeSiSiGeGeSiSiGeGeSiGeSiSiSiGeGeSiSiSiSiSiGeGeSiGeGeSiSiSiGeSiGeSiSiGeSiSiSiSiSiGeGeSiSiGeGeSiGeGe
   -22288.2421875000 GeSiGeSiGeGeSiSiGeSiGeGeSiSiGeGeSiSiGeGeSiGeSiSiSiGeGeSiSiSiSiSiGeGeSiGeGeSiSiSiGeSiGeSiSiGeSiSiSiSiSiGeGeSiSiGeGeSiGeGe
   -23811.9804687500 GeGeGeSiGeGeSiSiGeSiGeGeSiSiGeGeSiSiGeGeSiGeSiSiSiGeGeSiSiSiSiSiGeGeSiGeGeSiSiSiGeSiSiSiSiGeSiSiSiSiGeGeGeSiSiGeGeSiGeSi
   -24086.8046875000 GeGeGeSiGeGeSiSiGeSiSiGeSiSiGeGeSiSiGeGeSiGeSiSiSiGeGeSiSiSiSiSiGeGeSiSiGeSiSiSiGeSiSiSiSiGeSiSiSiGeGeGeGeSiSiGeGeSiGeGe
   -24086.8046875000 GeGeGeSiGeGeSiSiGeSiSiGeSiSiGeGeSiSiGeGeSiGeSiSiSiGeGeSiSiSiSiSiGeGeSiSiGeSiSiSiGeSiSiSiSiGeSiSiSiGeGeGeGeSiSiGeGeSiGeGe
   -24086.8046875000 GeGeGeSiGeGeSiSiGeSiSiGeSiSiGeGeSiSiGeGeSiGeSiSiSiGeGeSiSiSiSiSiGeGeSiSiGeSiSiSiGeSiSiSiSiGeSiSiSiGeGeGeGeSiSiGeGeSiGeGe
   -24086.8046875000 GeGeGeSiGeGeSiSiGeSiSiGeSiSiGeGeSiSiGeGeSiGeSiSiSiGeGeSiSiSiSiSiGeGeSiSiGeSiSiSiGeSiSiSiSiGeSiSiSiGeGeGeGeSiSiGeGeSiGeGe
   -24086.8046875000 GeGeGeSiGeGeSiSiGeSiSiGeSiSiGeGeSiSiGeGeSiGeSiSiSiGeGeSiSiSiSiSiGeGeSiSiGeSiSiSiGeSiSiSiSiGeSiSiSiGeGeGeGeSiSiGeGeSiGeGe
   -24086.8046875000 GeGeGeSiGeGeSiSiGeSiSiGeSiSiGeGeSiSiGeGeSiGeSiSiSiGeGeSiSiSiSiSiGeGeSiSiGeSiSiSiGeSiSiSiSiGeSiSiSiGeGeGeGeSiSiGeGeSiGeGe
   -24086.8046875000 GeGeGeSiGeGeSiSiGeSiSiGeSiSiGeGeSiSiGeGeSiGeSiSiSiGeGeSiSiSiSiSiGeGeSiSiGeSiSiSiGeSiSiSiSiGeSiSiSiGeGeGeGeSiSiGeGeSiGeGe
   -24086.8046875000 GeGeGeSiGeGeSiSiGeSiSiGeSiSiGeGeSiSiGeGeSiGeSiSiSiGeGeSiSiSiSiSiGeGeSiSiGeSiSiSiGeSiSiSiSiGeSiSiSiGeGeGeGeSiSiGeGeSiGeGe
   -27893.6445312500 GeGeGeSiGeGeSiSiGeSiGeGeSiSiGeGeSiSiGeGeSiSiSiSiSiGeGeSiSiSiSiSiGeGeSiGeGeSiSiSiGeSiSiSiSiGeSiSiSiGeGeSiGeSiSiGeGeSiGeGe
   -27893.6445312500 GeGeGeSiGeGeSiSiGeSiGeGeSiSiGeGeSiSiGeGeSiSiSiSiSiGeGeSiSiSiSiSiGeGeSiGeGeSiSiSiGeSiSiSiSiGeSiSiSiGeGeSiGeSiSiGeGeSiGeGe
   -27893.6445312500 GeGeGeSiGeGeSiSiGeSiGeGeSiSiGeGeSiSiGeGeSiSiSiSiSiGeGeSiSiSiSiSiGeGeSiGeGeSiSiSiGeSiSiSiSiGeSiSiSiGeGeSiGeSiSiGeGeSiGeGe
   -27893.6445312500 GeGeGeSiGeGeSiSiGeSiGeGeSiSiGeGeSiSiGeGeSiSiSiSiSiGeGeSiSiSiSiSiGeGeSiGeGeSiSiSiGeSiSiSiSiGeSiSiSiGeGeSiGeSiSiGeGeSiGeGe
   -27893.6445312500 GeGeGeSiGeGeSiSiGeSiGeGeSiSiGeGeSiSiGeGeSiSiSiSiSiGeGeSiSiSiSiSiGeGeSiGeGeSiSiSiGeSiSiSiSiGeSiSiSiGeGeSiGeSiSiGeGeSiGeGe
   -27893.6445312500 GeGeGeSiGeGeSiSiGeSiGeGeSiSiGeGeSiSiGeGeSiSiSiSiSiGeGeSiSiSiSiSiGeGeSiGeGeSiSiSiGeSiSiSiSiGeSiSiSiGeGeSiGeSiSiGeGeSiGeGe
   -27893.6445312500 GeGeGeSiGeGeSiSiGeSiGeGeSiSiGeGeSiSiGeGeSiSiSiSiSiGeGeSiSiSiSiSiGeGeSiGeGeSiSiSiGeSiSiSiSiGeSiSiSiGeGeSiGeSiSiGeGeSiGeGe
   -27893.6445312500 GeGeGeSiGeGeSiSiGeSiGeGeSiSiGeGeSiSiGeGeSiSiSiSiSiGeGeSiSiSiSiSiGeGeSiGeGeSiSiSiGeSiSiSiSiGeSiSiSiGeGeSiGeSiSiGeGeSiGeGe
   -27893.6445312500 GeGeGeSiGeGeSiSiGeSiGeGeSiSiGeGeSiSiGeGeSiSiSiSiSiGeGeSiSiSiSiSiGeGeSiGeGeSiSiSiGeSiSiSiSiGeSiSiSiGeGeSiGeSiSiGeGeSiGeGe
   -27893.6445312500 GeGeGeSiGeGeSiSiGeSiGeGeSiSiGeGeSiSiGeGeSiSiSiSiSiGeGeSiSiSiSiSiGeGeSiGeGeSiSiSiGeSiSiSiSiGeSiSiSiGeGeSiGeSiSiGeGeSiGeGe
   -29670.5937500000 GeGeGeSiGeGeSiSiGeSiGeGeSiSiGeGeSiSiGeGeSiSiSiSiSiGeGeSiSiSiSiSiGeSiSiGeGeSiSiSiGeSiSiSiSiGeSiSiGeGeGeSiGeSiSiGeGeSiGeGe
   -29670.5937500000 GeGeGeSiGeGeSiSiGeSiGeGeSiSiGeGeSiSiGeGeSiSiSiSiSiGeGeSiSiSiSiSiGeSiSiGeGeSiSiSiGeSiSiSiSiGeSiSiGeGeGeSiGeSiSiGeGeSiGeGe
   -29670.5937500000 GeGeGeSiGeGeSiSiGeSiGeGeSiSiGeGeSiSiGeGeSiSiSiSiSiGeGeSiSiSiSiSiGeSiSiGeGeSiSiSiGeSiSiSiSiGeSiSiGeGeGeSiGeSiSiGeGeSiGeGe
   -29670.5937500000 GeGeGeSiGeGeSiSiGeSiGeGeSiSiGeGeSiSiGeGeSiSiSiSiSiGeGeSiSiSiSiSiGeSiSiGeGeSiSiSiGeSiSiSiSiGeSiSiGeGeGeSiGeSiSiGeGeSiGeGe
   -29670.5937500000 GeGeGeSiGeGeSiSiGeSiGeGeSiSiGeGeSiSiGeGeSiSiSiSiSiGeGeSiSiSiSiSiGeSiSiGeGeSiSiSiGeSiSiSiSiGeSiSiGeGeGeSiGeSiSiGeGeSiGeGe
   -29670.5937500000 GeGeGeSiGeGeSiSiGeSiGeGeSiSiGeGeSiSiGeGeSiSiSiSiSiGeGeSiSiSiSiSiGeSiSiGeGeSiSiSiGeSiSiSiSiGeSiSiGeGeGeSiGeSiSiGeGeSiGeGe
   -29670.5937500000 GeGeGeSiGeGeSiSiGeSiGeGeSiSiGeGeSiSiGeGeSiSiSiSiSiGeGeSiSiSiSiSiGeSiSiGeGeSiSiSiGeSiSiSiSiGeSiSiGeGeGeSiGeSiSiGeGeSiGeGe
   -29670.5937500000 GeGeGeSiGeGeSiSiGeSiGeGeSiSiGeGeSiSiGeGeSiSiSiSiSiGeGeSiSiSiSiSiGeSiSiGeGeSiSiSiGeSiSiSiSiGeSiSiGeGeGeSiGeSiSiGeGeSiGeGe
   -30199.6796875000 GeGeGeSiGeGeSiSiGeSiGeGeSiSiGeGeSiSiGeGeSiSiSiSiSiGeGeSiSiSiSiSiGeSiSiGeGeSiSiSiSiSiSiSiSiGeSiSiGeGeGeGeGeSiSiGeGeSiGeGe
   -30199.6796875000 GeGeGeSiGeGeSiSiGeSiGeGeSiSiGeGeSiSiGeGeSiSiSiSiSiGeGeSiSiSiSiSiGeSiSiGeGeSiSiSiSiSiSiSiSiGeSiSiGeGeGeGeGeSiSiGeGeSiGeGe
   -30199.6796875000 GeGeGeSiGeGeSiSiGeSiGeGeSiSiGeGeSiSiGeGeSiSiSiSiSiGeGeSiSiSiSiSiGeSiSiGeGeSiSiSiSiSiSiSiSiGeSiSiGeGeGeGeGeSiSiGeGeSiGeGe
   -30199.6796875000 GeGeGeSiGeGeSiSiGeSiGeGeSiSiGeGeSiSiGeGeSiSiSiSiSiGeGeSiSiSiSiSiGeSiSiGeGeSiSiSiSiSiSiSiSiGeSiSiGeGeGeGeGeSiSiGeGeSiGeGe
   -30199.6796875000 GeGeGeSiGeGeSiSiGeSiGeGeSiSiGeGeSiSiGeGeSiSiSiSiSiGeGeSiSiSiSiSiGeSiSiGeGeSiSiSiSiSiSiSiSiGeSiSiGeGeGeGeGeSiSiGeGeSiGeGe
   -30199.6796875000 GeGeGeSiGeGeSiSiGeSiGeGeSiSiGeGeSiSiGeGeSiSiSiSiSiGeGeSiSiSiSiSiGeSiSiGeGeSiSiSiSiSiSiSiSiGeSiSiGeGeGeGeGeSiSiGeGeSiGeGe
   -30199.6796875000 GeGeGeSiGeGeSiSiGeSiGeGeSiSiGeGeSiSiGeGeSiSiSiSiSiGeGeSiSiSiSiSiGeSiSiGeGeSiSiSiSiSiSiSiSiGeSiSiGeGeGeGeGeSiSiGeGeSiGeGe
   -30199.6796875000 GeGeGeSiGeGeSiSiGeSiGeGeSiSiGeGeSiSiGeGeSiSiSiSiSiGeGeSiSiSiSiSiGeSiSiGeGeSiSiSiSiSiSiSiSiGeSiSiGeGeGeGeGeSiSiGeGeSiGeGe
   -30199.6796875000 GeGeGeSiGeGeSiSiGeSiGeGeSiSiGeGeSiSiGeGeSiSiSiSiSiGeGeSiSiSiSiSiGeSiSiGeGeSiSiSiSiSiSiSiSiGeSiSiGeGeGeGeGeSiSiGeGeSiGeGe
   -30199.6796875000 GeGeGeSiGeGeSiSiGeSiGeGeSiSiGeGeSiSiGeGeSiSiSiSiSiGeGeSiSiSiSiSiGeSiSiGeGeSiSiSiSiSiSiSiSiGeSiSiGeGeGeGeGeSiSiGeGeSiGeGe
   -30199.6796875000 GeGeGeSiGeGeSiSiGeSiGeGeSiSiGeGeSiSiGeGeSiSiSiSiSiGeGeSiSiSiSiSiGeSiSiGeGeSiSiSiSiSiSiSiSiGeSiSiGeGeGeGeGeSiSiGeGeSiGeGe
   -30199.6796875000 GeGeGeSiGeGeSiSiGeSiGeGeSiSiGeGeSiSiGeGeSiSiSiSiSiGeGeSiSiSiSiSiGeSiSiGeGeSiSiSiSiSiSiSiSiGeSiSiGeGeGeGeGeSiSiGeGeSiGeGe
   -30344.7109375000 GeGeGeSiGeGeSiSiGeSiGeGeSiSiGeGeSiSiGeSiGeSiSiSiSiGeGeSiSiSiSiSiGeSiSiGeGeSiSiSiSiSiSiSiSiGeSiSiGeGeGeGeGeSiSiGeGeSiGeGe
   -30344.7109375000 GeGeGeSiGeGeSiSiGeSiGeGeSiSiGeGeSiSiGeSiGeSiSiSiSiGeGeSiSiSiSiSiGeSiSiGeGeSiSiSiSiSiSiSiSiGeSiSiGeGeGeGeGeSiSiGeGeSiGeGe
   -30344.7109375000 GeGeGeSiGeGeSiSiGeSiGeGeSiSiGeGeSiSiGeSiGeSiSiSiSiGeGeSiSiSiSiSiGeSiSiGeGeSiSiSiSiSiSiSiSiGeSiSiGeGeGeGeGeSiSiGeGeSiGeGe
   -30344.7109375000 GeGeGeSiGeGeSiSiGeSiGeGeSiSiGeGeSiSiGeSiGeSiSiSiSiGeGeSiSiSiSiSiGeSiSiGeGeSiSiSiSiSiSiSiSiGeSiSiGeGeGeGeGeSiSiGeGeSiGeGe
   -30344.7109375000 GeGeGeSiGeGeSiSiGeSiGeGeSiSiGeGeSiSiGeSiGeSiSiSiSiGeGeSiSiSiSiSiGeSiSiGeGeSiSiSiSiSiSiSiSiGeSiSiGeGeGeGeGeSiSiGeGeSiGeGe
   -30344.7109375000 GeGeGeSiGeGeSiSiGeSiGeGeSiSiGeGeSiSiGeSiGeSiSiSiSiGeGeSiSiSiSiSiGeSiSiGeGeSiSiSiSiSiSiSiSiGeSiSiGeGeGeGeGeSiSiGeGeSiGeGe
   -30344.7109375000 GeGeGeSiGeGeSiSiGeSiGeGeSiSiGeGeSiSiGeSiGeSiSiSiSiGeGeSiSiSiSiSiGeSiSiGeGeSiSiSiSiSiSiSiSiGeSiSiGeGeGeGeGeSiSiGeGeSiGeGe
   -30344.7109375000 GeGeGeSiGeGeSiSiGeSiGeGeSiSiGeGeSiSiGeSiGeSiSiSiSiGeGeSiSiSiSiSiGeSiSiGeGeSiSiSiSiSiSiSiSiGeSiSiGeGeGeGeGeSiSiGeGeSiGeGe
   -30344.7109375000 GeGeGeSiGeGeSiSiGeSiGeGeSiSiGeGeSiSiGeSiGeSiSiSiSiGeGeSiSiSiSiSiGeSiSiGeGeSiSiSiSiSiSiSiSiGeSiSiGeGeGeGeGeSiSiGeGeSiGeGe
   -30344.7109375000 GeGeGeSiGeGeSiSiGeSiGeGeSiSiGeGeSiSiGeSiGeSiSiSiSiGeGeSiSiSiSiSiGeSiSiGeGeSiSiSiSiSiSiSiSiGeSiSiGeGeGeGeGeSiSiGeGeSiGeGe
   -30344.7109375000 GeGeGeSiGeGeSiSiGeSiGeGeSiSiGeGeSiSiGeSiGeSiSiSiSiGeGeSiSiSiSiSiGeSiSiGeGeSiSiSiSiSiSiSiSiGeSiSiGeGeGeGeGeSiSiGeGeSiGeGe
   -30344.7109375000 GeGeGeSiGeGeSiSiGeSiGeGeSiSiGeGeSiSiGeSiGeSiSiSiSiGeGeSiSiSiSiSiGeSiSiGeGeSiSiSiSiSiSiSiSiGeSiSiGeGeGeGeGeSiSiGeGeSiGeGe
   -30344.7109375000 GeGeGeSiGeGeSiSiGeSiGeGeSiSiGeGeSiSiGeSiGeSiSiSiSiGeGeSiSiSiSiSiGeSiSiGeGeSiSiSiSiSiSiSiSiGeSiSiGeGeGeGeGeSiSiGeGeSiGeGe
   -30735.6757812500 GeGeGeSiGeGeSiSiGeSiGeGeSiSiGeGeSiSiGeGeGeSiSiSiSiGeGeSiSiSiSiSiGeSiSiGeGeSiSiSiSiSiSiSiSiGeSiSiGeGeGeGeGeSiSiGeGeSiSiGe
   -30735.6757812500 GeGeGeSiGeGeSiSiGeSiGeGeSiSiGeGeSiSiGeGeGeSiSiSiSiGeGeSiSiSiSiSiGeSiSiGeGeSiSiSiSiSiSiSiSiGeSiSiGeGeGeGeGeSiSiGeGeSiSiGe
   -30735.6757812500 GeGeGeSiGeGeSiSiGeSiGeGeSiSiGeGeSiSiGeGeGeSiSiSiSiGeGeSiSiSiSiSiGeSiSiGeGeSiSiSiSiSiSiSiSiGeSiSiGeGeGeGeGeSiSiGeGeSiSiGe
   -30735.6757812500 GeGeGeSiGeGeSiSiGeSiGeGeSiSiGeGeSiSiGeGeGeSiSiSiSiGeGeSiSiSiSiSiGeSiSiGeGeSiSiSiSiSiSiSiSiGeSiSiGeGeGeGeGeSiSiGeGeSiSiGe
   -30735.6757812500 GeGeGeSiGeGeSiSiGeSiGeGeSiSiGeGeSiSiGeGeGeSiSiSiSiGeGeSiSiSiSiSiGeSiSiGeGeSiSiSiSiSiSiSiSiGeSiSiGeGeGeGeGeSiSiGeGeSiSiGe
   -30735.6757812500 GeGeGeSiGeGeSiSiGeSiGeGeSiSiGeGeSiSiGeGeGeSiSiSiSiGeGeSiSiSiSiSiGeSiSiGeGeSiSiSiSiSiSiSiSiGeSiSiGeGeGeGeGeSiSiGeGeSiSiGe
   -30735.6757812500 GeGeGeSiGeGeSiSiGeSiGeGeSiSiGeGeSiSiGeGeGeSiSiSiSiGeGeSiSiSiSiSiGeSiSiGeGeSiSiSiSiSiSiSiSiGeSiSiGeGeGeGeGeSiSiGeGeSiSiGe
   -30735.6757812500 GeGeGeSiGeGeSiSiGeSiGeGeSiSiGeGeSiSiGeGeGeSiSiSiSiGeGeSiSiSiSiSiGeSiSiGeGeSiSiSiSiSiSiSiSiGeSiSiGeGeGeGeGeSiSiGeGeSiSiGe
   -30735.6757812500 GeGeGeSiGeGeSiSiGeSiGeGeSiSiGeGeSiSiGeGeGeSiSiSiSiGeGeSiSiSiSiSiGeSiSiGeGeSiSiSiSiSiSiSiSiGeSiSiGeGeGeGeGeSiSiGeGeSiSiGe
   -30735.6757812500 GeGeGeSiGeGeSiSiGeSiGeGeSiSiGeGeSiSiGeGeGeSiSiSiSiGeGeSiSiSiSiSiGeSiSiGeGeSiSiSiSiSiSiSiSiGeSiSiGeGeGeGeGeSiSiGeGeSiSiGe
   -30735.6757812500 GeGeGeSiGeGeSiSiGeSiGeGeSiSiGeGeSiSiGeGeGeSiSiSiSiGeGeSiSiSiSiSiGeSiSiGeGeSiSiSiSiSiSiSiSiGeSiSiGeGeGeGeGeSiSiGeGeSiSiGe
   -30735.6757812500 GeGeGeSiGeGeSiSiGeSiGeGeSiSiGeGeSiSiGeGeGeSiSiSiSiGeGeSiSiSiSiSiGeSiSiGeGeSiSiSiSiSiSiSiSiGeSiSiGeGeGeGeGeSiSiGeGeSiSiGe
   -30735.6757812500 GeGeGeSiGeGeSiSiGeSiGeGeSiSiGeGeSiSiGeGeGeSiSiSiSiGeGeSiSiSiSiSiGeSiSiGeGeSiSiSiSiSiSiSiSiGeSiSiGeGeGeGeGeSiSiGeGeSiSiGe
   -30735.6757812500 GeGeGeSiGeGeSiSiGeSiGeGeSiSiGeGeSiSiGeGeGeSiSiSiSiGeGeSiSiSiSiSiGeSiSiGeGeSiSiSiSiSiSiSiSiGeSiSiGeGeGeGeGeSiSiGeGeSiSiGe
   -30735.6757812500 GeGeGeSiGeGeSiSiGeSiGeGeSiSiGeGeSiSiGeGeGeSiSiSiSiGeGeSiSiSiSiSiGeSiSiGeGeSiSiSiSiSiSiSiSiGeSiSiGeGeGeGeGeSiSiGeGeSiSiGe
   -30735.6757812500 GeGeGeSiGeGeSiSiGeSiGeGeSiSiGeGeSiSiGeGeGeSiSiSiSiGeGeSiSiSiSiSiGeSiSiGeGeSiSiSiSiSiSiSiSiGeSiSiGeGeGeGeGeSiSiGeGeSiSiGe
   -30735.6757812500 GeGeGeSiGeGeSiSiGeSiGeGeSiSiGeGeSiSiGeGeGeSiSiSiSiGeGeSiSiSiSiSiGeSiSiGeGeSiSiSiSiSiSiSiSiGeSiSiGeGeGeGeGeSiSiGeGeSiSiGe
   -30735.6757812500 GeGeGeSiGeGeSiSiGeSiGeGeSiSiGeGeSiSiGeGeGeSiSiSiSiGeGeSiSiSiSiSiGeSiSiGeGeSiSiSiSiSiSiSiSiGeSiSiGeGeGeGeGeSiSiGeGeSiSiGe
   -30735.6757812500 GeGeGeSiGeGeSiSiGeSiGeGeSiSiGeGeSiSiGeGeGeSiSiSiSiGeGeSiSiSiSiSiGeSiSiGeGeSiSiSiSiSiSiSiSiGeSiSiGeGeGeGeGeSiSiGeGeSiSiGe
   -30735.6757812500 GeGeGeSiGeGeSiSiGeSiGeGeSiSiGeGeSiSiGeGeGeSiSiSiSiGeGeSiSiSiSiSiGeSiSiGeGeSiSiSiSiSiSiSiSiGeSiSiGeGeGeGeGeSiSiGeGeSiSiGe
   -30735.6757812500 GeGeGeSiGeGeSiSiGeSiGeGeSiSiGeGeSiSiGeGeGeSiSiSiSiGeGeSiSiSiSiSiGeSiSiGeGeSiSiSiSiSiSiSiSiGeSiSiGeGeGeGeGeSiSiGeGeSiSiGe
   -30735.6757812500 GeGeGeSiGeGeSiSiGeSiGeGeSiSiGeGeSiSiGeGeGeSiSiSiSiGeGeSiSiSiSiSiGeSiSiGeGeSiSiSiSiSiSiSiSiGeSiSiGeGeGeGeGeSiSiGeGeSiSiGe
   -30735.6757812500 GeGeGeSiGeGeSiSiGeSiGeGeSiSiGeGeSiSiGeGeGeSiSiSiSiGeGeSiSiSiSiSiGeSiSiGeGeSiSiSiSiSiSiSiSiGeSiSiGeGeGeGeGeSiSiGeGeSiSiGe
   -30735.6757812500 GeGeGeSiGeGeSiSiGeSiGeGeSiSiGeGeSiSiGeGeGeSiSiSiSiGeGeSiSiSiSiSiGeSiSiGeGeSiSiSiSiSiSiSiSiGeSiSiGeGeGeGeGeSiSiGeGeSiSiGe
   -30735.6757812500 GeGeGeSiGeGeSiSiGeSiGeGeSiSiGeGeSiSiGeGeGeSiSiSiSiGeGeSiSiSiSiSiGeSiSiGeGeSiSiSiSiSiSiSiSiGeSiSiGeGeGeGeGeSiSiGeGeSiSiGe
   -30735.6757812500 GeGeGeSiGeGeSiSiGeSiGeGeSiSiGeGeSiSiGeGeGeSiSiSiSiGeGeSiSiSiSiSiGeSiSiGeGeSiSiSiSiSiSiSiSiGeSiSiGeGeGeGeGeSiSiGeGeSiSiGe
   -30735.6757812500 GeGeGeSiGeGeSiSiGeSiGeGeSiSiGeGeSiSiGeGeGeSiSiSiSiGeGeSiSiSiSiSiGeSiSiGeGeSiSiSiSiSiSiSiSiGeSiSiGeGeGeGeGeSiSiGeGeSiSiGe
   -30735.6757812500 GeGeGeSiGeGeSiSiGeSiGeGeSiSiGeGeSiSiGeGeGeSiSiSiSiGeGeSiSiSiSiSiGeSiSiGeGeSiSiSiSiSiSiSiSiGeSiSiGeGeGeGeGeSiSiGeGeSiSiGe
   -30735.6757812500 GeGeGeSiGeGeSiSiGeSiGeGeSiSiGeGeSiSiGeGeGeSiSiSiSiGeGeSiSiSiSiSiGeSiSiGeGeSiSiSiSiSiSiSiSiGeSiSiGeGeGeGeGeSiSiGeGeSiSiGe
   -30735.6757812500 GeGeGeSiGeGeSiSiGeSiGeGeSiSiGeGeSiSiGeGeGeSiSiSiSiGeGeSiSiSiSiSiGeSiSiGeGeSiSiSiSiSiSiSiSiGeSiSiGeGeGeGeGeSiSiGeGeSiSiGe
   -30735.6757812500 GeGeGeSiGeGeSiSiGeSiGeGeSiSiGeGeSiSiGeGeGeSiSiSiSiGeGeSiSiSiSiSiGeSiSiGeGeSiSiSiSiSiSiSiSiGeSiSiGeGeGeGeGeSiSiGeGeSiSiGe
   -30735.6757812500 GeGeGeSiGeGeSiSiGeSiGeGeSiSiGeGeSiSiGeGeGeSiSiSiSiGeGeSiSiSiSiSiGeSiSiGeGeSiSiSiSiSiSiSiSiGeSiSiGeGeGeGeGeSiSiGeGeSiSiGe
   -30735.6757812500 GeGeGeSiGeGeSiSiGeSiGeGeSiSiGeGeSiSiGeGeGeSiSiSiSiGeGeSiSiSiSiSiGeSiSiGeGeSiSiSiSiSiSiSiSiGeSiSiGeGeGeGeGeSiSiGeGeSiSiGe
   -30735.6757812500 GeGeGeSiGeGeSiSiGeSiGeGeSiSiGeGeSiSiGeGeGeSiSiSiSiGeGeSiSiSiSiSiGeSiSiGeGeSiSiSiSiSiSiSiSiGeSiSiGeGeGeGeGeSiSiGeGeSiSiGe
   -30735.6757812500 GeGeGeSiGeGeSiSiGeSiGeGeSiSiGeGeSiSiGeGeGeSiSiSiSiGeGeSiSiSiSiSiGeSiSiGeGeSiSiSiSiSiSiSiSiGeSiSiGeGeGeGeGeSiSiGeGeSiSiGe
   -30735.6757812500 GeGeGeSiGeGeSiSiGeSiGeGeSiSiGeGeSiSiGeGeGeSiSiSiSiGeGeSiSiSiSiSiGeSiSiGeGeSiSiSiSiSiSiSiSiGeSiSiGeGeGeGeGeSiSiGeGeSiSiGe
   -30735.6757812500 GeGeGeSiGeGeSiSiGeSiGeGeSiSiGeGeSiSiGeGeGeSiSiSiSiGeGeSiSiSiSiSiGeSiSiGeGeSiSiSiSiSiSiSiSiGeSiSiGeGeGeGeGeSiSiGeGeSiSiGe
   -30735.6757812500 GeGeGeSiGeGeSiSiGeSiGeGeSiSiGeGeSiSiGeGeGeSiSiSiSiGeGeSiSiSiSiSiGeSiSiGeGeSiSiSiSiSiSiSiSiGeSiSiGeGeGeGeGeSiSiGeGeSiSiGe
   -30735.6757812500 GeGeGeSiGeGeSiSiGeSiGeGeSiSiGeGeSiSiGeGeGeSiSiSiSiGeGeSiSiSiSiSiGeSiSiGeGeSiSiSiSiSiSiSiSiGeSiSiGeGeGeGeGeSiSiGeGeSiSiGe
   -30735.6757812500 GeGeGeSiGeGeSiSiGeSiGeGeSiSiGeGeSiSiGeGeGeSiSiSiSiGeGeSiSiSiSiSiGeSiSiGeGeSiSiSiSiSiSiSiSiGeSiSiGeGeGeGeGeSiSiGeGeSiSiGe
   -30735.6757812500 GeGeGeSiGeGeSiSiGeSiGeGeSiSiGeGeSiSiGeGeGeSiSiSiSiGeGeSiSiSiSiSiGeSiSiGeGeSiSiSiSiSiSiSiSiGeSiSiGeGeGeGeGeSiSiGeGeSiSiGe
   -30735.6757812500 GeGeGeSiGeGeSiSiGeSiGeGeSiSiGeGeSiSiGeGeGeSiSiSiSiGeGeSiSiSiSiSiGeSiSiGeGeSiSiSiSiSiSiSiSiGeSiSiGeGeGeGeGeSiSiGeGeSiSiGe
   -30735.6757812500 GeGeGeSiGeGeSiSiGeSiGeGeSiSiGeGeSiSiGeGeGeSiSiSiSiGeGeSiSiSiSiSiGeSiSiGeGeSiSiSiSiSiSiSiSiGeSiSiGeGeGeGeGeSiSiGeGeSiSiGe
   -30735.6757812500 GeGeGeSiGeGeSiSiGeSiGeGeSiSiGeGeSiSiGeGeGeSiSiSiSiGeGeSiSiSiSiSiGeSiSiGeGeSiSiSiSiSiSiSiSiGeSiSiGeGeGeGeGeSiSiGeGeSiSiGe
   -30735.6757812500 GeGeGeSiGeGeSiSiGeSiGeGeSiSiGeGeSiSiGeGeGeSiSiSiSiGeGeSiSiSiSiSiGeSiSiGeGeSiSiSiSiSiSiSiSiGeSiSiGeGeGeGeGeSiSiGeGeSiSiGe
   -30735.6757812500 GeGeGeSiGeGeSiSiGeSiGeGeSiSiGeGeSiSiGeGeGeSiSiSiSiGeGeSiSiSiSiSiGeSiSiGeGeSiSiSiSiSiSiSiSiGeSiSiGeGeGeGeGeSiSiGeGeSiSiGe
   -30735.6757812500 GeGeGeSiGeGeSiSiGeSiGeGeSiSiGeGeSiSiGeGeGeSiSiSiSiGeGeSiSiSiSiSiGeSiSiGeGeSiSiSiSiSiSiSiSiGeSiSiGeGeGeGeGeSiSiGeGeSiSiGe
   -30735.6757812500 GeGeGeSiGeGeSiSiGeSiGeGeSiSiGeGeSiSiGeGeGeSiSiSiSiGeGeSiSiSiSiSiGeSiSiGeGeSiSiSiSiSiSiSiSiGeSiSiGeGeGeGeGeSiSiGeGeSiSiGe
   -30735.6757812500 GeGeGeSiGeGeSiSiGeSiGeGeSiSiGeGeSiSiGeGeGeSiSiSiSiGeGeSiSiSiSiSiGeSiSiGeGeSiSiSiSiSiSiSiSiGeSiSiGeGeGeGeGeSiSiGeGeSiSiGe
   -30735.6757812500 GeGeGeSiGeGeSiSiGeSiGeGeSiSiGeGeSiSiGeGeGeSiSiSiSiGeGeSiSiSiSiSiGeSiSiGeGeSiSiSiSiSiSiSiSiGeSiSiGeGeGeGeGeSiSiGeGeSiSiGe
   -30735.6757812500 GeGeGeSiGeGeSiSiGeSiGeGeSiSiGeGeSiSiGeGeGeSiSiSiSiGeGeSiSiSiSiSiGeSiSiGeGeSiSiSiSiSiSiSiSiGeSiSiGeGeGeGeGeSiSiGeGeSiSiGe
   -30735.6757812500 GeGeGeSiGeGeSiSiGeSiGeGeSiSiGeGeSiSiGeGeGeSiSiSiSiGeGeSiSiSiSiSiGeSiSiGeGeSiSiSiSiSiSiSiSiGeSiSiGeGeGeGeGeSiSiGeGeSiSiGe
   -30735.6757812500 GeGeGeSiGeGeSiSiGeSiGeGeSiSiGeGeSiSiGeGeGeSiSiSiSiGeGeSiSiSiSiSiGeSiSiGeGeSiSiSiSiSiSiSiSiGeSiSiGeGeGeGeGeSiSiGeGeSiSiGe
   -30735.6757812500 GeGeGeSiGeGeSiSiGeSiGeGeSiSiGeGeSiSiGeGeGeSiSiSiSiGeGeSiSiSiSiSiGeSiSiGeGeSiSiSiSiSiSiSiSiGeSiSiGeGeGeGeGeSiSiGeGeSiSiGe
   -30735.6757812500 GeGeGeSiGeGeSiSiGeSiGeGeSiSiGeGeSiSiGeGeGeSiSiSiSiGeGeSiSiSiSiSiGeSiSiGeGeSiSiSiSiSiSiSiSiGeSiSiGeGeGeGeGeSiSiGeGeSiSiGe
   -30735.6757812500 GeGeGeSiGeGeSiSiGeSiGeGeSiSiGeGeSiSiGeGeGeSiSiSiSiGeGeSiSiSiSiSiGeSiSiGeGeSiSiSiSiSiSiSiSiGeSiSiGeGeGeGeGeSiSiGeGeSiSiGe
   -30735.6757812500 GeGeGeSiGeGeSiSiGeSiGeGeSiSiGeGeSiSiGeGeGeSiSiSiSiGeGeSiSiSiSiSiGeSiSiGeGeSiSiSiSiSiSiSiSiGeSiSiGeGeGeGeGeSiSiGeGeSiSiGe
   -30735.6757812500 GeGeGeSiGeGeSiSiGeSiGeGeSiSiGeGeSiSiGeGeGeSiSiSiSiGeGeSiSiSiSiSiGeSiSiGeGeSiSiSiSiSiSiSiSiGeSiSiGeGeGeGeGeSiSiGeGeSiSiGe
   -30735.6757812500 GeGeGeSiGeGeSiSiGeSiGeGeSiSiGeGeSiSiGeGeGeSiSiSiSiGeGeSiSiSiSiSiGeSiSiGeGeSiSiSiSiSiSiSiSiGeSiSiGeGeGeGeGeSiSiGeGeSiSiGe
   -30735.6757812500 GeGeGeSiGeGeSiSiGeSiGeGeSiSiGeGeSiSiGeGeGeSiSiSiSiGeGeSiSiSiSiSiGeSiSiGeGeSiSiSiSiSiSiSiSiGeSiSiGeGeGeGeGeSiSiGeGeSiSiGe
   -30735.6757812500 GeGeGeSiGeGeSiSiGeSiGeGeSiSiGeGeSiSiGeGeGeSiSiSiSiGeGeSiSiSiSiSiGeSiSiGeGeSiSiSiSiSiSiSiSiGeSiSiGeGeGeGeGeSiSiGeGeSiSiGe
   -30735.6757812500 GeGeGeSiGeGeSiSiGeSiGeGeSiSiGeGeSiSiGeGeGeSiSiSiSiGeGeSiSiSiSiSiGeSiSiGeGeSiSiSiSiSiSiSiSiGeSiSiGeGeGeGeGeSiSiGeGeSiSiGe
   -30735.6757812500 GeGeGeSiGeGeSiSiGeSiGeGeSiSiGeGeSiSiGeGeGeSiSiSiSiGeGeSiSiSiSiSiGeSiSiGeGeSiSiSiSiSiSiSiSiGeSiSiGeGeGeGeGeSiSiGeGeSiSiGe
   -30735.6757812500 GeGeGeSiGeGeSiSiGeSiGeGeSiSiGeGeSiSiGeGeGeSiSiSiSiGeGeSiSiSiSiSiGeSiSiGeGeSiSiSiSiSiSiSiSiGeSiSiGeGeGeGeGeSiSiGeGeSiSiGe
   -30735.6757812500 GeGeGeSiGeGeSiSiGeSiGeGeSiSiGeGeSiSiGeGeGeSiSiSiSiGeGeSiSiSiSiSiGeSiSiGeGeSiSiSiSiSiSiSiSiGeSiSiGeGeGeGeGeSiSiGeGeSiSiGe
   -30735.6757812500 GeGeGeSiGeGeSiSiGeSiGeGeSiSiGeGeSiSiGeGeGeSiSiSiSiGeGeSiSiSiSiSiGeSiSiGeGeSiSiSiSiSiSiSiSiGeSiSiGeGeGeGeGeSiSiGeGeSiSiGe
   -30735.6757812500 GeGeGeSiGeGeSiSiGeSiGeGeSiSiGeGeSiSiGeGeGeSiSiSiSiGeGeSiSiSiSiSiGeSiSiGeGeSiSiSiSiSiSiSiSiGeSiSiGeGeGeGeGeSiSiGeGeSiSiGe
   -30735.6757812500 GeGeGeSiGeGeSiSiGeSiGeGeSiSiGeGeSiSiGeGeGeSiSiSiSiGeGeSiSiSiSiSiGeSiSiGeGeSiSiSiSiSiSiSiSiGeSiSiGeGeGeGeGeSiSiGeGeSiSiGe
   -30735.6757812500 GeGeGeSiGeGeSiSiGeSiGeGeSiSiGeGeSiSiGeGeGeSiSiSiSiGeGeSiSiSiSiSiGeSiSiGeGeSiSiSiSiSiSiSiSiGeSiSiGeGeGeGeGeSiSiGeGeSiSiGe
   -30735.6757812500 GeGeGeSiGeGeSiSiGeSiGeGeSiSiGeGeSiSiGeGeGeSiSiSiSiGeGeSiSiSiSiSiGeSiSiGeGeSiSiSiSiSiSiSiSiGeSiSiGeGeGeGeGeSiSiGeGeSiSiGe
   -30735.6757812500 GeGeGeSiGeGeSiSiGeSiGeGeSiSiGeGeSiSiGeGeGeSiSiSiSiGeGeSiSiSiSiSiGeSiSiGeGeSiSiSiSiSiSiSiSiGeSiSiGeGeGeGeGeSiSiGeGeSiSiGe
   -30735.6757812500 GeGeGeSiGeGeSiSiGeSiGeGeSiSiGeGeSiSiGeGeGeSiSiSiSiGeGeSiSiSiSiSiGeSiSiGeGeSiSiSiSiSiSiSiSiGeSiSiGeGeGeGeGeSiSiGeGeSiSiGe
   -30735.6757812500 GeGeGeSiGeGeSiSiGeSiGeGeSiSiGeGeSiSiGeGeGeSiSiSiSiGeGeSiSiSiSiSiGeSiSiGeGeSiSiSiSiSiSiSiSiGeSiSiGeGeGeGeGeSiSiGeGeSiSiGe
   -30735.6757812500 GeGeGeSiGeGeSiSiGeSiGeGeSiSiGeGeSiSiGeGeGeSiSiSiSiGeGeSiSiSiSiSiGeSiSiGeGeSiSiSiSiSiSiSiSiGeSiSiGeGeGeGeGeSiSiGeGeSiSiGe
   -30735.6757812500 GeGeGeSiGeGeSiSiGeSiGeGeSiSiGeGeSiSiGeGeGeSiSiSiSiGeGeSiSiSiSiSiGeSiSiGeGeSiSiSiSiSiSiSiSiGeSiSiGeGeGeGeGeSiSiGeGeSiSiGe
   -30735.6757812500 GeGeGeSiGeGeSiSiGeSiGeGeSiSiGeGeSiSiGeGeGeSiSiSiSiGeGeSiSiSiSiSiGeSiSiGeGeSiSiSiSiSiSiSiSiGeSiSiGeGeGeGeGeSiSiGeGeSiSiGe
   -30735.6757812500 GeGeGeSiGeGeSiSiGeSiGeGeSiSiGeGeSiSiGeGeGeSiSiSiSiGeGeSiSiSiSiSiGeSiSiGeGeSiSiSiSiSiSiSiSiGeSiSiGeGeGeGeGeSiSiGeGeSiSiGe
   -30735.6757812500 GeGeGeSiGeGeSiSiGeSiGeGeSiSiGeGeSiSiGeGeGeSiSiSiSiGeGeSiSiSiSiSiGeSiSiGeGeSiSiSiSiSiSiSiSiGeSiSiGeGeGeGeGeSiSiGeGeSiSiGe
   -30735.6757812500 GeGeGeSiGeGeSiSiGeSiGeGeSiSiGeGeSiSiGeGeGeSiSiSiSiGeGeSiSiSiSiSiGeSiSiGeGeSiSiSiSiSiSiSiSiGeSiSiGeGeGeGeGeSiSiGeGeSiSiGe
   -30735.6757812500 GeGeGeSiGeGeSiSiGeSiGeGeSiSiGeGeSiSiGeGeGeSiSiSiSiGeGeSiSiSiSiSiGeSiSiGeGeSiSiSiSiSiSiSiSiGeSiSiGeGeGeGeGeSiSiGeGeSiSiGe
   -30735.6757812500 GeGeGeSiGeGeSiSiGeSiGeGeSiSiGeGeSiSiGeGeGeSiSiSiSiGeGeSiSiSiSiSiGeSiSiGeGeSiSiSiSiSiSiSiSiGeSiSiGeGeGeGeGeSiSiGeGeSiSiGe
   -30735.6757812500 GeGeGeSiGeGeSiSiGeSiGeGeSiSiGeGeSiSiGeGeGeSiSiSiSiGeGeSiSiSiSiSiGeSiSiGeGeSiSiSiSiSiSiSiSiGeSiSiGeGeGeGeGeSiSiGeGeSiSiGe
   -30735.6757812500 GeGeGeSiGeGeSiSiGeSiGeGeSiSiGeGeSiSiGeGeGeSiSiSiSiGeGeSiSiSiSiSiGeSiSiGeGeSiSiSiSiSiSiSiSiGeSiSiGeGeGeGeGeSiSiGeGeSiSiGe
   -30735.6757812500 GeGeGeSiGeGeSiSiGeSiGeGeSiSiGeGeSiSiGeGeGeSiSiSiSiGeGeSiSiSiSiSiGeSiSiGeGeSiSiSiSiSiSiSiSiGeSiSiGeGeGeGeGeSiSiGeGeSiSiGe
   -30735.6757812500 GeGeGeSiGeGeSiSiGeSiGeGeSiSiGeGeSiSiGeGeGeSiSiSiSiGeGeSiSiSiSiSiGeSiSiGeGeSiSiSiSiSiSiSiSiGeSiSiGeGeGeGeGeSiSiGeGeSiSiGe
   -30735.6757812500 GeGeGeSiGeGeSiSiGeSiGeGeSiSiGeGeSiSiGeGeGeSiSiSiSiGeGeSiSiSiSiSiGeSiSiGeGeSiSiSiSiSiSiSiSiGeSiSiGeGeGeGeGeSiSiGeGeSiSiGe
   -30735.6757812500 GeGeGeSiGeGeSiSiGeSiGeGeSiSiGeGeSiSiGeGeGeSiSiSiSiGeGeSiSiSiSiSiGeSiSiGeGeSiSiSiSiSiSiSiSiGeSiSiGeGeGeGeGeSiSiGeGeSiSiGe
   -30735.6757812500 GeGeGeSiGeGeSiSiGeSiGeGeSiSiGeGeSiSiGeGeGeSiSiSiSiGeGeSiSiSiSiSiGeSiSiGeGeSiSiSiSiSiSiSiSiGeSiSiGeGeGeGeGeSiSiGeGeSiSiGe
   -30735.6757812500 GeGeGeSiGeGeSiSiGeSiGeGeSiSiGeGeSiSiGeGeGeSiSiSiSiGeGeSiSiSiSiSiGeSiSiGeGeSiSiSiSiSiSiSiSiGeSiSiGeGeGeGeGeSiSiGeGeSiSiGe
   -30735.6757812500 GeGeGeSiGeGeSiSiGeSiGeGeSiSiGeGeSiSiGeGeGeSiSiSiSiGeGeSiSiSiSiSiGeSiSiGeGeSiSiSiSiSiSiSiSiGeSiSiGeGeGeGeGeSiSiGeGeSiSiGe
   -30735.6757812500 GeGeGeSiGeGeSiSiGeSiGeGeSiSiGeGeSiSiGeGeGeSiSiSiSiGeGeSiSiSiSiSiGeSiSiGeGeSiSiSiSiSiSiSiSiGeSiSiGeGeGeGeGeSiSiGeGeSiSiGe
   -30735.6757812500 GeGeGeSiGeGeSiSiGeSiGeGeSiSiGeGeSiSiGeGeGeSiSiSiSiGeGeSiSiSiSiSiGeSiSiGeGeSiSiSiSiSiSiSiSiGeSiSiGeGeGeGeGeSiSiGeGeSiSiGe
   -30735.6757812500 GeGeGeSiGeGeSiSiGeSiGeGeSiSiGeGeSiSiGeGeGeSiSiSiSiGeGeSiSiSiSiSiGeSiSiGeGeSiSiSiSiSiSiSiSiGeSiSiGeGeGeGeGeSiSiGeGeSiSiGe
   -30735.6757812500 GeGeGeSiGeGeSiSiGeSiGeGeSiSiGeGeSiSiGeGeGeSiSiSiSiGeGeSiSiSiSiSiGeSiSiGeGeSiSiSiSiSiSiSiSiGeSiSiGeGeGeGeGeSiSiGeGeSiSiGe
   -30735.6757812500 GeGeGeSiGeGeSiSiGeSiGeGeSiSiGeGeSiSiGeGeGeSiSiSiSiGeGeSiSiSiSiSiGeSiSiGeGeSiSiSiSiSiSiSiSiGeSiSiGeGeGeGeGeSiSiGeGeSiSiGe
   -30735.6757812500 GeGeGeSiGeGeSiSiGeSiGeGeSiSiGeGeSiSiGeGeGeSiSiSiSiGeGeSiSiSiSiSiGeSiSiGeGeSiSiSiSiSiSiSiSiGeSiSiGeGeGeGeGeSiSiGeGeSiSiGe
   -30735.6757812500 GeGeGeSiGeGeSiSiGeSiGeGeSiSiGeGeSiSiGeGeGeSiSiSiSiGeGeSiSiSiSiSiGeSiSiGeGeSiSiSiSiSiSiSiSiGeSiSiGeGeGeGeGeSiSiGeGeSiSiGe
   -30735.6757812500 GeGeGeSiGeGeSiSiGeSiGeGeSiSiGeGeSiSiGeGeGeSiSiSiSiGeGeSiSiSiSiSiGeSiSiGeGeSiSiSiSiSiSiSiSiGeSiSiGeGeGeGeGeSiSiGeGeSiSiGe
   -30735.6757812500 GeGeGeSiGeGeSiSiGeSiGeGeSiSiGeGeSiSiGeGeGeSiSiSiSiGeGeSiSiSiSiSiGeSiSiGeGeSiSiSiSiSiSiSiSiGeSiSiGeGeGeGeGeSiSiGeGeSiSiGe
   -30735.6757812500 GeGeGeSiGeGeSiSiGeSiGeGeSiSiGeGeSiSiGeGeGeSiSiSiSiGeGeSiSiSiSiSiGeSiSiGeGeSiSiSiSiSiSiSiSiGeSiSiGeGeGeGeGeSiSiGeGeSiSiGe
   -30735.6757812500 GeGeGeSiGeGeSiSiGeSiGeGeSiSiGeGeSiSiGeGeGeSiSiSiSiGeGeSiSiSiSiSiGeSiSiGeGeSiSiSiSiSiSiSiSiGeSiSiGeGeGeGeGeSiSiGeGeSiSiGe
   -30735.6757812500 GeGeGeSiGeGeSiSiGeSiGeGeSiSiGeGeSiSiGeGeGeSiSiSiSiGeGeSiSiSiSiSiGeSiSiGeGeSiSiSiSiSiSiSiSiGeSiSiGeGeGeGeGeSiSiGeGeSiSiGe
   -30735.6757812500 GeGeGeSiGeGeSiSiGeSiGeGeSiSiGeGeSiSiGeGeGeSiSiSiSiGeGeSiSiSiSiSiGeSiSiGeGeSiSiSiSiSiSiSiSiGeSiSiGeGeGeGeGeSiSiGeGeSiSiGe
   -30735.6757812500 GeGeGeSiGeGeSiSiGeSiGeGeSiSiGeGeSiSiGeGeGeSiSiSiSiGeGeSiSiSiSiSiGeSiSiGeGeSiSiSiSiSiSiSiSiGeSiSiGeGeGeGeGeSiSiGeGeSiSiGe
   -30735.6757812500 GeGeGeSiGeGeSiSiGeSiGeGeSiSiGeGeSiSiGeGeGeSiSiSiSiGeGeSiSiSiSiSiGeSiSiGeGeSiSiSiSiSiSiSiSiGeSiSiGeGeGeGeGeSiSiGeGeSiSiGe
   -30735.6757812500 GeGeGeSiGeGeSiSiGeSiGeGeSiSiGeGeSiSiGeGeGeSiSiSiSiGeGeSiSiSiSiSiGeSiSiGeGeSiSiSiSiSiSiSiSiGeSiSiGeGeGeGeGeSiSiGeGeSiSiGe
   -30735.6757812500 GeGeGeSiGeGeSiSiGeSiGeGeSiSiGeGeSiSiGeGeGeSiSiSiSiGeGeSiSiSiSiSiGeSiSiGeGeSiSiSiSiSiSiSiSiGeSiSiGeGeGeGeGeSiSiGeGeSiSiGe
   -30735.6757812500 GeGeGeSiGeGeSiSiGeSiGeGeSiSiGeGeSiSiGeGeGeSiSiSiSiGeGeSiSiSiSiSiGeSiSiGeGeSiSiSiSiSiSiSiSiGeSiSiGeGeGeGeGeSiSiGeGeSiSiGe
   -30735.6757812500 GeGeGeSiGeGeSiSiGeSiGeGeSiSiGeGeSiSiGeGeGeSiSiSiSiGeGeSiSiSiSiSiGeSiSiGeGeSiSiSiSiSiSiSiSiGeSiSiGeGeGeGeGeSiSiGeGeSiSiGe
   -30735.6757812500 GeGeGeSiGeGeSiSiGeSiGeGeSiSiGeGeSiSiGeGeGeSiSiSiSiGeGeSiSiSiSiSiGeSiSiGeGeSiSiSiSiSiSiSiSiGeSiSiGeGeGeGeGeSiSiGeGeSiSiGe
   -30735.6757812500 GeGeGeSiGeGeSiSiGeSiGeGeSiSiGeGeSiSiGeGeGeSiSiSiSiGeGeSiSiSiSiSiGeSiSiGeGeSiSiSiSiSiSiSiSiGeSiSiGeGeGeGeGeSiSiGeGeSiSiGe
   -30735.6757812500 GeGeGeSiGeGeSiSiGeSiGeGeSiSiGeGeSiSiGeGeGeSiSiSiSiGeGeSiSiSiSiSiGeSiSiGeGeSiSiSiSiSiSiSiSiGeSiSiGeGeGeGeGeSiSiGeGeSiSiGe
   -30735.6757812500 GeGeGeSiGeGeSiSiGeSiGeGeSiSiGeGeSiSiGeGeGeSiSiSiSiGeGeSiSiSiSiSiGeSiSiGeGeSiSiSiSiSiSiSiSiGeSiSiGeGeGeGeGeSiSiGeGeSiSiGe
   -30735.6757812500 GeGeGeSiGeGeSiSiGeSiGeGeSiSiGeGeSiSiGeGeGeSiSiSiSiGeGeSiSiSiSiSiGeSiSiGeGeSiSiSiSiSiSiSiSiGeSiSiGeGeGeGeGeSiSiGeGeSiSiGe
   -30735.6757812500 GeGeGeSiGeGeSiSiGeSiGeGeSiSiGeGeSiSiGeGeGeSiSiSiSiGeGeSiSiSiSiSiGeSiSiGeGeSiSiSiSiSiSiSiSiGeSiSiGeGeGeGeGeSiSiGeGeSiSiGe
   -30735.6757812500 GeGeGeSiGeGeSiSiGeSiGeGeSiSiGeGeSiSiGeGeGeSiSiSiSiGeGeSiSiSiSiSiGeSiSiGeGeSiSiSiSiSiSiSiSiGeSiSiGeGeGeGeGeSiSiGeGeSiSiGe
   -30735.6757812500 GeGeGeSiGeGeSiSiGeSiGeGeSiSiGeGeSiSiGeGeGeSiSiSiSiGeGeSiSiSiSiSiGeSiSiGeGeSiSiSiSiSiSiSiSiGeSiSiGeGeGeGeGeSiSiGeGeSiSiGe
   -30735.6757812500 GeGeGeSiGeGeSiSiGeSiGeGeSiSiGeGeSiSiGeGeGeSiSiSiSiGeGeSiSiSiSiSiGeSiSiGeGeSiSiSiSiSiSiSiSiGeSiSiGeGeGeGeGeSiSiGeGeSiSiGe
   -30735.6757812500 GeGeGeSiGeGeSiSiGeSiGeGeSiSiGeGeSiSiGeGeGeSiSiSiSiGeGeSiSiSiSiSiGeSiSiGeGeSiSiSiSiSiSiSiSiGeSiSiGeGeGeGeGeSiSiGeGeSiSiGe
   -30735.6757812500 GeGeGeSiGeGeSiSiGeSiGeGeSiSiGeGeSiSiGeGeGeSiSiSiSiGeGeSiSiSiSiSiGeSiSiGeGeSiSiSiSiSiSiSiSiGeSiSiGeGeGeGeGeSiSiGeGeSiSiGe
   -30735.6757812500 GeGeGeSiGeGeSiSiGeSiGeGeSiSiGeGeSiSiGeGeGeSiSiSiSiGeGeSiSiSiSiSiGeSiSiGeGeSiSiSiSiSiSiSiSiGeSiSiGeGeGeGeGeSiSiGeGeSiSiGe
   -30735.6757812500 GeGeGeSiGeGeSiSiGeSiGeGeSiSiGeGeSiSiGeGeGeSiSiSiSiGeGeSiSiSiSiSiGeSiSiGeGeSiSiSiSiSiSiSiSiGeSiSiGeGeGeGeGeSiSiGeGeSiSiGe
   -30735.6757812500 GeGeGeSiGeGeSiSiGeSiGeGeSiSiGeGeSiSiGeGeGeSiSiSiSiGeGeSiSiSiSiSiGeSiSiGeGeSiSiSiSiSiSiSiSiGeSiSiGeGeGeGeGeSiSiGeGeSiSiGe
   -30735.6757812500 GeGeGeSiGeGeSiSiGeSiGeGeSiSiGeGeSiSiGeGeGeSiSiSiSiGeGeSiSiSiSiSiGeSiSiGeGeSiSiSiSiSiSiSiSiGeSiSiGeGeGeGeGeSiSiGeGeSiSiGe
   -30735.6757812500 GeGeGeSiGeGeSiSiGeSiGeGeSiSiGeGeSiSiGeGeGeSiSiSiSiGeGeSiSiSiSiSiGeSiSiGeGeSiSiSiSiSiSiSiSiGeSiSiGeGeGeGeGeSiSiGeGeSiSiGe
   -30735.6757812500 GeGeGeSiGeGeSiSiGeSiGeGeSiSiGeGeSiSiGeGeGeSiSiSiSiGeGeSiSiSiSiSiGeSiSiGeGeSiSiSiSiSiSiSiSiGeSiSiGeGeGeGeGeSiSiGeGeSiSiGe
   -30735.6757812500 GeGeGeSiGeGeSiSiGeSiGeGeSiSiGeGeSiSiGeGeGeSiSiSiSiGeGeSiSiSiSiSiGeSiSiGeGeSiSiSiSiSiSiSiSiGeSiSiGeGeGeGeGeSiSiGeGeSiSiGe
   -30735.6757812500 GeGeGeSiGeGeSiSiGeSiGeGeSiSiGeGeSiSiGeGeGeSiSiSiSiGeGeSiSiSiSiSiGeSiSiGeGeSiSiSiSiSiSiSiSiGeSiSiGeGeGeGeGeSiSiGeGeSiSiGe
   -30735.6757812500 GeGeGeSiGeGeSiSiGeSiGeGeSiSiGeGeSiSiGeGeGeSiSiSiSiGeGeSiSiSiSiSiGeSiSiGeGeSiSiSiSiSiSiSiSiGeSiSiGeGeGeGeGeSiSiGeGeSiSiGe
   -30735.6757812500 GeGeGeSiGeGeSiSiGeSiGeGeSiSiGeGeSiSiGeGeGeSiSiSiSiGeGeSiSiSiSiSiGeSiSiGeGeSiSiSiSiSiSiSiSiGeSiSiGeGeGeGeGeSiSiGeGeSiSiGe
   -30735.6757812500 GeGeGeSiGeGeSiSiGeSiGeGeSiSiGeGeSiSiGeGeGeSiSiSiSiGeGeSiSiSiSiSiGeSiSiGeGeSiSiSiSiSiSiSiSiGeSiSiGeGeGeGeGeSiSiGeGeSiSiGe
   -30735.6757812500 GeGeGeSiGeGeSiSiGeSiGeGeSiSiGeGeSiSiGeGeGeSiSiSiSiGeGeSiSiSiSiSiGeSiSiGeGeSiSiSiSiSiSiSiSiGeSiSiGeGeGeGeGeSiSiGeGeSiSiGe
   -30735.6757812500 GeGeGeSiGeGeSiSiGeSiGeGeSiSiGeGeSiSiGeGeGeSiSiSiSiGeGeSiSiSiSiSiGeSiSiGeGeSiSiSiSiSiSiSiSiGeSiSiGeGeGeGeGeSiSiGeGeSiSiGe
   -30735.6757812500 GeGeGeSiGeGeSiSiGeSiGeGeSiSiGeGeSiSiGeGeGeSiSiSiSiGeGeSiSiSiSiSiGeSiSiGeGeSiSiSiSiSiSiSiSiGeSiSiGeGeGeGeGeSiSiGeGeSiSiGe
   -30735.6757812500 GeGeGeSiGeGeSiSiGeSiGeGeSiSiGeGeSiSiGeGeGeSiSiSiSiGeGeSiSiSiSiSiGeSiSiGeGeSiSiSiSiSiSiSiSiGeSiSiGeGeGeGeGeSiSiGeGeSiSiGe
   -30735.6757812500 GeGeGeSiGeGeSiSiGeSiGeGeSiSiGeGeSiSiGeGeGeSiSiSiSiGeGeSiSiSiSiSiGeSiSiGeGeSiSiSiSiSiSiSiSiGeSiSiGeGeGeGeGeSiSiGeGeSiSiGe
   -30735.6757812500 GeGeGeSiGeGeSiSiGeSiGeGeSiSiGeGeSiSiGeGeGeSiSiSiSiGeGeSiSiSiSiSiGeSiSiGeGeSiSiSiSiSiSiSiSiGeSiSiGeGeGeGeGeSiSiGeGeSiSiGe
   -30735.6757812500 GeGeGeSiGeGeSiSiGeSiGeGeSiSiGeGeSiSiGeGeGeSiSiSiSiGeGeSiSiSiSiSiGeSiSiGeGeSiSiSiSiSiSiSiSiGeSiSiGeGeGeGeGeSiSiGeGeSiSiGe
   -30735.6757812500 GeGeGeSiGeGeSiSiGeSiGeGeSiSiGeGeSiSiGeGeGeSiSiSiSiGeGeSiSiSiSiSiGeSiSiGeGeSiSiSiSiSiSiSiSiGeSiSiGeGeGeGeGeSiSiGeGeSiSiGe
   -30735.6757812500 GeGeGeSiGeGeSiSiGeSiGeGeSiSiGeGeSiSiGeGeGeSiSiSiSiGeGeSiSiSiSiSiGeSiSiGeGeSiSiSiSiSiSiSiSiGeSiSiGeGeGeGeGeSiSiGeGeSiSiGe
   -30735.6757812500 GeGeGeSiGeGeSiSiGeSiGeGeSiSiGeGeSiSiGeGeGeSiSiSiSiGeGeSiSiSiSiSiGeSiSiGeGeSiSiSiSiSiSiSiSiGeSiSiGeGeGeGeGeSiSiGeGeSiSiGe
   -30735.6757812500 GeGeGeSiGeGeSiSiGeSiGeGeSiSiGeGeSiSiGeGeGeSiSiSiSiGeGeSiSiSiSiSiGeSiSiGeGeSiSiSiSiSiSiSiSiGeSiSiGeGeGeGeGeSiSiGeGeSiSiGe
   -30735.6757812500 GeGeGeSiGeGeSiSiGeSiGeGeSiSiGeGeSiSiGeGeGeSiSiSiSiGeGeSiSiSiSiSiGeSiSiGeGeSiSiSiSiSiSiSiSiGeSiSiGeGeGeGeGeSiSiGeGeSiSiGe
   -30735.6757812500 GeGeGeSiGeGeSiSiGeSiGeGeSiSiGeGeSiSiGeGeGeSiSiSiSiGeGeSiSiSiSiSiGeSiSiGeGeSiSiSiSiSiSiSiSiGeSiSiGeGeGeGeGeSiSiGeGeSiSiGe
filename: c000001178898097.gin     
Cell:
    11.9020996    11.9020996    29.6919994    90.0000000    90.0000000   120.0000000
Box:
    11.9020996    -5.9510503     0.0000000
     0.0000000    10.3075209     0.0000000
     0.0000000     0.0000000    29.6919994
----------------------------------------
Inverse Box:
     0.0840188     0.0485083     0.0000000
     0.0000000     0.0970165     0.0000000
     0.0000000     0.0000000     0.0336791
----------------------------------------
==============================================
geometrical properties of  27 Ge:
 Configuration:           0
 D_ave:   9.24183273       3.48029327    
 D_min:   3.20691276      0.391292155    
 energia:  -30735.6758    
