Random Seed:  1274884688
Number of atoms:    60
Space Group:    1
Cell:
    11.9020996    11.9020996    29.6919994    90.0000000    90.0000000   120.0000000
Box:
    11.9020996    -5.9510503     0.0000000
     0.0000000    10.3075209     0.0000000
     0.0000000     0.0000000    29.6919994
----------------------------------------
Inverse Box:
     0.0840188     0.0485083     0.0000000
     0.0000000     0.0970165     0.0000000
     0.0000000     0.0000000     0.0336791
----------------------------------------
GeSiSiSiSiSiSiSiSiSiSiSiSiSiSiSiSiSiSiSiSiSiSiSiSiSiSiSiSiSiSiSiSiSiSiSiSiSiSiSiSiSiSiSiSiSiSiSiSiSiSiSiSiSiSiGeSiSiSiSi
           1 Ge    -7732.99805    
GeGeSiSiSiSiSiSiSiSiSiSiSiSiSiSiSiSiSiSiSiSiSiSiSiSiSiSiSiSiSiSiSiSiSiSiSiSiSiSiSiSiSiSiSiSiSiSiSiSiSiSiSiSiSiGeSiSiSiSi
           2 Ge    -7726.91211    
GeGeGeSiSiSiSiSiSiSiSiSiSiSiSiSiSiSiSiSiSiSiSiSiSiSiSiSiSiSiSiSiSiSiSiSiSiSiSiSiSiSiSiSiSiSiSiSiSiSiSiSiSiSiSiGeSiSiSiSi
           3 Ge    -7727.77100    
GeGeGeGeSiSiSiSiSiSiSiSiSiSiSiSiSiSiSiSiSiSiSiSiSiSiSiSiSiSiSiSiSiSiSiSiSiSiSiSiSiSiSiSiSiSiSiSiSiSiSiSiSiSiSiGeSiSiSiSi
           4 Ge    -7765.51221    
GeGeGeGeGeSiSiSiSiSiSiSiSiSiSiSiSiSiSiSiSiSiSiSiSiSiSiSiSiSiSiSiSiSiSiSiSiSiSiSiSiSiSiSiSiSiSiSiSiSiSiSiSiSiSiGeSiSiSiSi
           5 Ge    -7804.15332    
GeGeGeGeGeGeSiSiSiSiSiSiSiSiSiSiSiSiSiSiSiSiSiSiSiSiSiSiSiSiSiSiSiSiSiSiSiSiSiSiSiSiSiSiSiSiSiSiSiSiSiSiSiSiSiGeSiSiSiSi
           6 Ge    -7897.77490    
GeGeGeGeGeGeGeSiSiSiSiSiSiSiSiSiSiSiSiSiSiSiSiSiSiSiSiSiSiSiSiSiSiSiSiSiSiSiSiSiSiSiSiSiSiSiSiSiSiSiSiSiSiSiSiGeSiSiSiSi
           7 Ge    -8086.89014    
GeGeGeGeGeGeGeGeSiSiSiSiSiSiSiSiSiSiSiSiSiSiSiSiSiSiSiSiSiSiSiSiSiSiSiSiSiSiSiSiSiSiSiSiSiSiSiSiSiSiSiSiSiSiSiGeSiSiSiSi
           8 Ge    -8313.83008    
GeGeGeGeGeGeGeGeSiSiSiGeSiSiSiSiSiSiSiSiSiSiSiSiSiSiSiSiSiSiSiSiSiSiSiSiSiSiSiSiSiSiSiSiSiSiSiSiSiSiSiSiSiSiSiGeSiSiSiSi
          12 Ge    -8678.17676    
GeGeGeGeGeGeGeGeSiSiSiGeSiSiSiSiSiSiSiSiSiSiSiSiSiGeSiSiSiSiSiSiSiSiSiSiSiSiSiSiSiSiSiSiSiSiSiSiSiSiSiSiSiSiSiGeSiSiSiSi
          26 Ge    -8547.72852    
GeGeGeGeGeGeGeGeSiSiSiGeSiSiSiSiSiSiSiSiSiSiSiSiSiGeSiSiSiGeSiSiSiSiSiSiSiSiSiSiSiSiSiSiSiSiSiSiSiSiSiSiSiSiSiGeSiSiSiSi
          30 Ge    -8295.67383    
GeGeGeGeGeGeGeGeSiSiSiGeSiSiSiSiSiSiSiSiSiSiSiSiSiGeSiSiSiGeSiSiGeSiSiSiSiSiSiSiSiSiSiSiSiSiSiSiSiSiSiSiSiSiSiGeSiSiSiSi
          33 Ge    -8863.36914    
GeGeGeGeGeGeGeGeSiSiSiGeSiSiSiSiSiSiSiSiSiSiSiSiSiGeSiSiSiGeSiSiGeSiSiGeSiSiSiSiSiSiSiSiSiSiSiSiSiSiSiSiSiSiSiGeSiSiSiSi
          36 Ge    -9043.75977    
GeGeGeGeGeGeGeGeSiSiSiGeSiSiSiSiSiSiSiSiSiSiSiSiSiGeSiSiSiGeSiSiGeSiSiGeSiSiGeSiSiSiSiSiSiSiSiSiSiSiSiSiSiSiSiGeSiSiSiSi
          39 Ge    -9737.77539    
GeGeGeGeGeGeGeGeSiSiSiGeSiSiSiSiSiSiSiSiSiSiSiSiSiGeSiSiSiGeSiSiGeSiSiGeSiSiGeSiSiGeSiSiSiSiSiSiSiSiSiSiSiSiSiGeSiSiSiSi
          42 Ge    -7799.62842    
GeGeGeGeGeGeGeGeSiSiSiGeSiSiSiSiSiSiSiSiSiSiSiSiSiGeSiSiSiGeSiSiGeSiSiGeSiSiGeSiSiGeSiSiGeSiSiSiSiSiSiSiSiSiSiGeSiSiSiSi
          45 Ge    -8335.34375    
GeGeGeGeGeGeGeGeSiSiSiGeSiSiSiSiSiSiSiSiSiSiSiSiSiGeSiSiSiGeSiSiGeSiSiGeSiSiGeSiSiGeSiSiGeGeSiSiSiSiSiSiSiSiSiGeSiSiSiSi
          46 Ge    -8329.14844    
GeGeGeGeGeGeGeGeSiSiSiGeSiSiSiSiSiSiSiSiSiSiSiSiSiGeSiSiSiGeSiSiGeSiSiGeSiSiGeSiSiGeSiSiGeGeSiSiSiSiGeSiSiSiSiGeSiSiSiSi
          51 Ge    -9887.91211    
GeGeGeGeGeGeGeGeSiSiSiGeSiSiSiSiSiSiSiSiSiSiSiSiSiGeSiSiSiGeSiSiGeSiSiGeSiSiGeSiSiGeSiSiGeGeSiSiSiSiGeSiSiSiSiGeGeSiSiSi
          57 Ge    -9972.42090    
GeGeGeGeGeGeGeGeSiGeSiGeSiSiSiSiSiSiSiSiSiSiSiSiSiGeSiSiSiGeSiSiGeSiSiGeSiSiGeSiSiGeSiSiGeGeSiSiSiSiGeSiSiSiSiGeGeSiSiSi
          10 Ge    -8474.94434    
GeGeGeGeGeGeGeGeSiGeGeGeSiSiSiSiSiSiSiSiSiSiSiSiSiGeSiSiSiGeSiSiGeSiSiGeSiSiGeSiSiGeSiSiGeGeSiSiSiSiGeSiSiSiSiGeGeSiSiSi
          11 Ge    -10618.6592    
GeGeGeGeGeGeGeGeSiGeGeGeGeSiSiSiSiSiSiSiSiSiSiSiSiGeSiSiSiGeSiSiGeSiSiGeSiSiGeSiSiGeSiSiGeGeSiSiSiSiGeSiSiSiSiGeGeSiSiSi
          13 Ge    -9184.50684    
GeGeGeGeGeGeGeGeSiGeGeGeGeGeSiSiSiSiSiSiSiSiSiSiSiGeSiSiSiGeSiSiGeSiSiGeSiSiGeSiSiGeSiSiGeGeSiSiSiSiGeSiSiSiSiGeGeSiSiSi
          14 Ge    -7920.93213    
GeGeGeGeGeGeGeGeSiGeGeGeGeGeGeSiSiSiSiSiSiSiSiSiSiGeSiSiSiGeSiSiGeSiSiGeSiSiGeSiSiGeSiSiGeGeSiSiSiSiGeSiSiSiSiGeGeSiSiSi
          15 Ge    -5480.83398    
GeGeGeGeGeGeGeGeSiGeGeGeGeGeGeGeSiSiSiSiSiSiSiSiSiGeSiSiSiGeSiSiGeSiSiGeSiSiGeSiSiGeSiSiGeGeSiSiSiSiGeSiSiSiSiGeGeSiSiSi
          16 Ge    -6714.40137    
GeGeGeGeGeGeGeGeSiGeGeGeGeGeGeGeSiSiSiSiSiSiGeSiSiGeSiSiSiGeSiSiGeSiSiGeSiSiGeSiSiGeSiSiGeGeSiSiSiSiGeSiSiSiSiGeGeSiSiSi
          23 Ge    -3391.04785    
==============================================
MonteCarlo: Metropolis with identity changes
Si > Ge, Ge > Si. STOP when occurrence <    0.00000
==============================================
Cost_function     Occurrence %     Scan-Cost
   -15759.6718750000 SiSiGeGeSiSiGeGeSiSiSiGeGeSiGeSiGeSiGeGeSiGeSiSiGeGeGeSiSiGeGeGeGeSiGeGeSiSiGeGeGeSiSiSiSiSiSiSiSiSiGeSiSiSiSiGeSiGeSiGe
   -15759.6718750000 SiSiGeGeSiSiGeGeSiSiSiGeGeSiGeSiGeSiGeGeSiGeSiSiGeGeGeSiSiGeGeGeGeSiGeGeSiSiGeGeGeSiSiSiSiSiSiSiSiSiGeSiSiSiSiGeSiGeSiGe
   -17648.4023437500 SiGeGeGeSiSiGeGeSiSiSiGeGeSiSiSiGeGeGeGeSiGeSiSiGeGeSiSiGeSiGeSiGeSiGeGeSiSiGeGeSiSiSiSiSiSiSiGeSiGeGeSiSiSiSiGeSiGeSiGe
   -17648.4023437500 SiGeGeGeSiSiGeGeSiSiSiGeGeSiSiSiGeGeGeGeSiGeSiSiGeGeSiSiGeSiGeSiGeSiGeGeSiSiGeGeSiSiSiSiSiSiSiGeSiGeGeSiSiSiSiGeSiGeSiGe
   -17648.4023437500 SiGeGeGeSiSiGeGeSiSiSiGeGeSiSiSiGeGeGeGeSiGeSiSiGeGeSiSiGeSiGeSiGeSiGeGeSiSiGeGeSiSiSiSiSiSiSiGeSiGeGeSiSiSiSiGeSiGeSiGe
   -22970.1640625000 SiGeGeGeSiSiGeSiSiSiSiGeGeGeSiSiGeGeGeGeSiSiSiSiGeGeSiSiGeSiGeSiGeSiSiSiSiSiGeGeSiSiSiSiSiSiSiGeSiGeSiSiGeSiGeGeGeGeGeGe
   -22970.1640625000 SiGeGeGeSiSiGeSiSiSiSiGeGeGeSiSiGeGeGeGeSiSiSiSiGeGeSiSiGeSiGeSiGeSiSiSiSiSiGeGeSiSiSiSiSiSiSiGeSiGeSiSiGeSiGeGeGeGeGeGe
   -22970.1640625000 SiGeGeGeSiSiGeSiSiSiSiGeGeGeSiSiGeGeGeGeSiSiSiSiGeGeSiSiGeSiGeSiGeSiSiSiSiSiGeGeSiSiSiSiSiSiSiGeSiGeSiSiGeSiGeGeGeGeGeGe
   -22970.1640625000 SiGeGeGeSiSiGeSiSiSiSiGeGeGeSiSiGeGeGeGeSiSiSiSiGeGeSiSiGeSiGeSiGeSiSiSiSiSiGeGeSiSiSiSiSiSiSiGeSiGeSiSiGeSiGeGeGeGeGeGe
   -23982.5781250000 SiGeGeGeSiSiGeSiGeSiSiGeGeGeSiSiGeGeGeGeSiSiSiSiGeGeSiSiGeGeGeSiSiSiSiSiSiSiGeGeSiSiSiSiSiSiSiGeSiGeSiSiGeSiGeGeSiGeGeGe
   -23982.5781250000 SiGeGeGeSiSiGeSiGeSiSiGeGeGeSiSiGeGeGeGeSiSiSiSiGeGeSiSiGeGeGeSiSiSiSiSiSiSiGeGeSiSiSiSiSiSiSiGeSiGeSiSiGeSiGeGeSiGeGeGe
   -24003.3554687500 SiGeGeGeGeSiGeSiGeSiSiGeGeGeSiSiGeGeGeGeSiSiGeSiGeGeSiSiSiGeGeSiSiSiSiSiSiSiGeGeSiSiSiSiSiSiSiGeSiGeSiSiGeSiGeGeSiGeGeSi
   -24275.7695312500 SiGeGeGeGeSiGeSiGeSiSiGeGeGeSiSiGeGeGeGeSiSiGeSiGeSiSiSiSiGeGeSiSiSiSiSiSiSiGeGeSiSiSiSiSiSiSiGeSiGeSiSiGeGeGeGeSiGeGeSi
   -24275.7695312500 SiGeGeGeGeSiGeSiGeSiSiGeGeGeSiSiGeGeGeGeSiSiGeSiGeSiSiSiSiGeGeSiSiSiSiSiSiSiGeGeSiSiSiSiSiSiSiGeSiGeSiSiGeGeGeGeSiGeGeSi
   -24275.7695312500 SiGeGeGeGeSiGeSiGeSiSiGeGeGeSiSiGeGeGeGeSiSiGeSiGeSiSiSiSiGeGeSiSiSiSiSiSiSiGeGeSiSiSiSiSiSiSiGeSiGeSiSiGeGeGeGeSiGeGeSi
   -24275.7695312500 SiGeGeGeGeSiGeSiGeSiSiGeGeGeSiSiGeGeGeGeSiSiGeSiGeSiSiSiSiGeGeSiSiSiSiSiSiSiGeGeSiSiSiSiSiSiSiGeSiGeSiSiGeGeGeGeSiGeGeSi
   -24275.7695312500 SiGeGeGeGeSiGeSiGeSiSiGeGeGeSiSiGeGeGeGeSiSiGeSiGeSiSiSiSiGeGeSiSiSiSiSiSiSiGeGeSiSiSiSiSiSiSiGeSiGeSiSiGeGeGeGeSiGeGeSi
   -24275.7695312500 SiGeGeGeGeSiGeSiGeSiSiGeGeGeSiSiGeGeGeGeSiSiGeSiGeSiSiSiSiGeGeSiSiSiSiSiSiSiGeGeSiSiSiSiSiSiSiGeSiGeSiSiGeGeGeGeSiGeGeSi
   -24275.7695312500 SiGeGeGeGeSiGeSiGeSiSiGeGeGeSiSiGeGeGeGeSiSiGeSiGeSiSiSiSiGeGeSiSiSiSiSiSiSiGeGeSiSiSiSiSiSiSiGeSiGeSiSiGeGeGeGeSiGeGeSi
   -24275.7695312500 SiGeGeGeGeSiGeSiGeSiSiGeGeGeSiSiGeGeGeGeSiSiGeSiGeSiSiSiSiGeGeSiSiSiSiSiSiSiGeGeSiSiSiSiSiSiSiGeSiGeSiSiGeGeGeGeSiGeGeSi
   -24275.7695312500 SiGeGeGeGeSiGeSiGeSiSiGeGeGeSiSiGeGeGeGeSiSiGeSiGeSiSiSiSiGeGeSiSiSiSiSiSiSiGeGeSiSiSiSiSiSiSiGeSiGeSiSiGeGeGeGeSiGeGeSi
   -24275.7695312500 SiGeGeGeGeSiGeSiGeSiSiGeGeGeSiSiGeGeGeGeSiSiGeSiGeSiSiSiSiGeGeSiSiSiSiSiSiSiGeGeSiSiSiSiSiSiSiGeSiGeSiSiGeGeGeGeSiGeGeSi
   -24275.7695312500 SiGeGeGeGeSiGeSiGeSiSiGeGeGeSiSiGeGeGeGeSiSiGeSiGeSiSiSiSiGeGeSiSiSiSiSiSiSiGeGeSiSiSiSiSiSiSiGeSiGeSiSiGeGeGeGeSiGeGeSi
   -24275.7695312500 SiGeGeGeGeSiGeSiGeSiSiGeGeGeSiSiGeGeGeGeSiSiGeSiGeSiSiSiSiGeGeSiSiSiSiSiSiSiGeGeSiSiSiSiSiSiSiGeSiGeSiSiGeGeGeGeSiGeGeSi
   -24275.7695312500 SiGeGeGeGeSiGeSiGeSiSiGeGeGeSiSiGeGeGeGeSiSiGeSiGeSiSiSiSiGeGeSiSiSiSiSiSiSiGeGeSiSiSiSiSiSiSiGeSiGeSiSiGeGeGeGeSiGeGeSi
   -24275.7695312500 SiGeGeGeGeSiGeSiGeSiSiGeGeGeSiSiGeGeGeGeSiSiGeSiGeSiSiSiSiGeGeSiSiSiSiSiSiSiGeGeSiSiSiSiSiSiSiGeSiGeSiSiGeGeGeGeSiGeGeSi
   -24275.7695312500 SiGeGeGeGeSiGeSiGeSiSiGeGeGeSiSiGeGeGeGeSiSiGeSiGeSiSiSiSiGeGeSiSiSiSiSiSiSiGeGeSiSiSiSiSiSiSiGeSiGeSiSiGeGeGeGeSiGeGeSi
   -24275.7695312500 SiGeGeGeGeSiGeSiGeSiSiGeGeGeSiSiGeGeGeGeSiSiGeSiGeSiSiSiSiGeGeSiSiSiSiSiSiSiGeGeSiSiSiSiSiSiSiGeSiGeSiSiGeGeGeGeSiGeGeSi
   -24275.7695312500 SiGeGeGeGeSiGeSiGeSiSiGeGeGeSiSiGeGeGeGeSiSiGeSiGeSiSiSiSiGeGeSiSiSiSiSiSiSiGeGeSiSiSiSiSiSiSiGeSiGeSiSiGeGeGeGeSiGeGeSi
   -24275.7695312500 SiGeGeGeGeSiGeSiGeSiSiGeGeGeSiSiGeGeGeGeSiSiGeSiGeSiSiSiSiGeGeSiSiSiSiSiSiSiGeGeSiSiSiSiSiSiSiGeSiGeSiSiGeGeGeGeSiGeGeSi
   -24275.7695312500 SiGeGeGeGeSiGeSiGeSiSiGeGeGeSiSiGeGeGeGeSiSiGeSiGeSiSiSiSiGeGeSiSiSiSiSiSiSiGeGeSiSiSiSiSiSiSiGeSiGeSiSiGeGeGeGeSiGeGeSi
   -24275.7695312500 SiGeGeGeGeSiGeSiGeSiSiGeGeGeSiSiGeGeGeGeSiSiGeSiGeSiSiSiSiGeGeSiSiSiSiSiSiSiGeGeSiSiSiSiSiSiSiGeSiGeSiSiGeGeGeGeSiGeGeSi
   -24275.7695312500 SiGeGeGeGeSiGeSiGeSiSiGeGeGeSiSiGeGeGeGeSiSiGeSiGeSiSiSiSiGeGeSiSiSiSiSiSiSiGeGeSiSiSiSiSiSiSiGeSiGeSiSiGeGeGeGeSiGeGeSi
   -24275.7695312500 SiGeGeGeGeSiGeSiGeSiSiGeGeGeSiSiGeGeGeGeSiSiGeSiGeSiSiSiSiGeGeSiSiSiSiSiSiSiGeGeSiSiSiSiSiSiSiGeSiGeSiSiGeGeGeGeSiGeGeSi
   -24275.7695312500 SiGeGeGeGeSiGeSiGeSiSiGeGeGeSiSiGeGeGeGeSiSiGeSiGeSiSiSiSiGeGeSiSiSiSiSiSiSiGeGeSiSiSiSiSiSiSiGeSiGeSiSiGeGeGeGeSiGeGeSi
   -24275.7695312500 SiGeGeGeGeSiGeSiGeSiSiGeGeGeSiSiGeGeGeGeSiSiGeSiGeSiSiSiSiGeGeSiSiSiSiSiSiSiGeGeSiSiSiSiSiSiSiGeSiGeSiSiGeGeGeGeSiGeGeSi
   -24275.7695312500 SiGeGeGeGeSiGeSiGeSiSiGeGeGeSiSiGeGeGeGeSiSiGeSiGeSiSiSiSiGeGeSiSiSiSiSiSiSiGeGeSiSiSiSiSiSiSiGeSiGeSiSiGeGeGeGeSiGeGeSi
   -24275.7695312500 SiGeGeGeGeSiGeSiGeSiSiGeGeGeSiSiGeGeGeGeSiSiGeSiGeSiSiSiSiGeGeSiSiSiSiSiSiSiGeGeSiSiSiSiSiSiSiGeSiGeSiSiGeGeGeGeSiGeGeSi
   -24275.7695312500 SiGeGeGeGeSiGeSiGeSiSiGeGeGeSiSiGeGeGeGeSiSiGeSiGeSiSiSiSiGeGeSiSiSiSiSiSiSiGeGeSiSiSiSiSiSiSiGeSiGeSiSiGeGeGeGeSiGeGeSi
   -24275.7695312500 SiGeGeGeGeSiGeSiGeSiSiGeGeGeSiSiGeGeGeGeSiSiGeSiGeSiSiSiSiGeGeSiSiSiSiSiSiSiGeGeSiSiSiSiSiSiSiGeSiGeSiSiGeGeGeGeSiGeGeSi
   -24275.7695312500 SiGeGeGeGeSiGeSiGeSiSiGeGeGeSiSiGeGeGeGeSiSiGeSiGeSiSiSiSiGeGeSiSiSiSiSiSiSiGeGeSiSiSiSiSiSiSiGeSiGeSiSiGeGeGeGeSiGeGeSi
   -24275.7695312500 SiGeGeGeGeSiGeSiGeSiSiGeGeGeSiSiGeGeGeGeSiSiGeSiGeSiSiSiSiGeGeSiSiSiSiSiSiSiGeGeSiSiSiSiSiSiSiGeSiGeSiSiGeGeGeGeSiGeGeSi
   -24275.7695312500 SiGeGeGeGeSiGeSiGeSiSiGeGeGeSiSiGeGeGeGeSiSiGeSiGeSiSiSiSiGeGeSiSiSiSiSiSiSiGeGeSiSiSiSiSiSiSiGeSiGeSiSiGeGeGeGeSiGeGeSi
   -24275.7695312500 SiGeGeGeGeSiGeSiGeSiSiGeGeGeSiSiGeGeGeGeSiSiGeSiGeSiSiSiSiGeGeSiSiSiSiSiSiSiGeGeSiSiSiSiSiSiSiGeSiGeSiSiGeGeGeGeSiGeGeSi
   -24275.7695312500 SiGeGeGeGeSiGeSiGeSiSiGeGeGeSiSiGeGeGeGeSiSiGeSiGeSiSiSiSiGeGeSiSiSiSiSiSiSiGeGeSiSiSiSiSiSiSiGeSiGeSiSiGeGeGeGeSiGeGeSi
   -24275.7695312500 SiGeGeGeGeSiGeSiGeSiSiGeGeGeSiSiGeGeGeGeSiSiGeSiGeSiSiSiSiGeGeSiSiSiSiSiSiSiGeGeSiSiSiSiSiSiSiGeSiGeSiSiGeGeGeGeSiGeGeSi
   -24275.7695312500 SiGeGeGeGeSiGeSiGeSiSiGeGeGeSiSiGeGeGeGeSiSiGeSiGeSiSiSiSiGeGeSiSiSiSiSiSiSiGeGeSiSiSiSiSiSiSiGeSiGeSiSiGeGeGeGeSiGeGeSi
   -24275.7695312500 SiGeGeGeGeSiGeSiGeSiSiGeGeGeSiSiGeGeGeGeSiSiGeSiGeSiSiSiSiGeGeSiSiSiSiSiSiSiGeGeSiSiSiSiSiSiSiGeSiGeSiSiGeGeGeGeSiGeGeSi
   -24275.7695312500 SiGeGeGeGeSiGeSiGeSiSiGeGeGeSiSiGeGeGeGeSiSiGeSiGeSiSiSiSiGeGeSiSiSiSiSiSiSiGeGeSiSiSiSiSiSiSiGeSiGeSiSiGeGeGeGeSiGeGeSi
   -24275.7695312500 SiGeGeGeGeSiGeSiGeSiSiGeGeGeSiSiGeGeGeGeSiSiGeSiGeSiSiSiSiGeGeSiSiSiSiSiSiSiGeGeSiSiSiSiSiSiSiGeSiGeSiSiGeGeGeGeSiGeGeSi
   -24275.7695312500 SiGeGeGeGeSiGeSiGeSiSiGeGeGeSiSiGeGeGeGeSiSiGeSiGeSiSiSiSiGeGeSiSiSiSiSiSiSiGeGeSiSiSiSiSiSiSiGeSiGeSiSiGeGeGeGeSiGeGeSi
   -24275.7695312500 SiGeGeGeGeSiGeSiGeSiSiGeGeGeSiSiGeGeGeGeSiSiGeSiGeSiSiSiSiGeGeSiSiSiSiSiSiSiGeGeSiSiSiSiSiSiSiGeSiGeSiSiGeGeGeGeSiGeGeSi
   -24275.7695312500 SiGeGeGeGeSiGeSiGeSiSiGeGeGeSiSiGeGeGeGeSiSiGeSiGeSiSiSiSiGeGeSiSiSiSiSiSiSiGeGeSiSiSiSiSiSiSiGeSiGeSiSiGeGeGeGeSiGeGeSi
   -24275.7695312500 SiGeGeGeGeSiGeSiGeSiSiGeGeGeSiSiGeGeGeGeSiSiGeSiGeSiSiSiSiGeGeSiSiSiSiSiSiSiGeGeSiSiSiSiSiSiSiGeSiGeSiSiGeGeGeGeSiGeGeSi
   -24275.7695312500 SiGeGeGeGeSiGeSiGeSiSiGeGeGeSiSiGeGeGeGeSiSiGeSiGeSiSiSiSiGeGeSiSiSiSiSiSiSiGeGeSiSiSiSiSiSiSiGeSiGeSiSiGeGeGeGeSiGeGeSi
   -24275.7695312500 SiGeGeGeGeSiGeSiGeSiSiGeGeGeSiSiGeGeGeGeSiSiGeSiGeSiSiSiSiGeGeSiSiSiSiSiSiSiGeGeSiSiSiSiSiSiSiGeSiGeSiSiGeGeGeGeSiGeGeSi
   -24275.7695312500 SiGeGeGeGeSiGeSiGeSiSiGeGeGeSiSiGeGeGeGeSiSiGeSiGeSiSiSiSiGeGeSiSiSiSiSiSiSiGeGeSiSiSiSiSiSiSiGeSiGeSiSiGeGeGeGeSiGeGeSi
   -24275.7695312500 SiGeGeGeGeSiGeSiGeSiSiGeGeGeSiSiGeGeGeGeSiSiGeSiGeSiSiSiSiGeGeSiSiSiSiSiSiSiGeGeSiSiSiSiSiSiSiGeSiGeSiSiGeGeGeGeSiGeGeSi
   -24275.7695312500 SiGeGeGeGeSiGeSiGeSiSiGeGeGeSiSiGeGeGeGeSiSiGeSiGeSiSiSiSiGeGeSiSiSiSiSiSiSiGeGeSiSiSiSiSiSiSiGeSiGeSiSiGeGeGeGeSiGeGeSi
   -24275.7695312500 SiGeGeGeGeSiGeSiGeSiSiGeGeGeSiSiGeGeGeGeSiSiGeSiGeSiSiSiSiGeGeSiSiSiSiSiSiSiGeGeSiSiSiSiSiSiSiGeSiGeSiSiGeGeGeGeSiGeGeSi
   -24275.7695312500 SiGeGeGeGeSiGeSiGeSiSiGeGeGeSiSiGeGeGeGeSiSiGeSiGeSiSiSiSiGeGeSiSiSiSiSiSiSiGeGeSiSiSiSiSiSiSiGeSiGeSiSiGeGeGeGeSiGeGeSi
   -24275.7695312500 SiGeGeGeGeSiGeSiGeSiSiGeGeGeSiSiGeGeGeGeSiSiGeSiGeSiSiSiSiGeGeSiSiSiSiSiSiSiGeGeSiSiSiSiSiSiSiGeSiGeSiSiGeGeGeGeSiGeGeSi
   -24275.7695312500 SiGeGeGeGeSiGeSiGeSiSiGeGeGeSiSiGeGeGeGeSiSiGeSiGeSiSiSiSiGeGeSiSiSiSiSiSiSiGeGeSiSiSiSiSiSiSiGeSiGeSiSiGeGeGeGeSiGeGeSi
   -24275.7695312500 SiGeGeGeGeSiGeSiGeSiSiGeGeGeSiSiGeGeGeGeSiSiGeSiGeSiSiSiSiGeGeSiSiSiSiSiSiSiGeGeSiSiSiSiSiSiSiGeSiGeSiSiGeGeGeGeSiGeGeSi
   -24275.7695312500 SiGeGeGeGeSiGeSiGeSiSiGeGeGeSiSiGeGeGeGeSiSiGeSiGeSiSiSiSiGeGeSiSiSiSiSiSiSiGeGeSiSiSiSiSiSiSiGeSiGeSiSiGeGeGeGeSiGeGeSi
   -24275.7695312500 SiGeGeGeGeSiGeSiGeSiSiGeGeGeSiSiGeGeGeGeSiSiGeSiGeSiSiSiSiGeGeSiSiSiSiSiSiSiGeGeSiSiSiSiSiSiSiGeSiGeSiSiGeGeGeGeSiGeGeSi
   -24275.7695312500 SiGeGeGeGeSiGeSiGeSiSiGeGeGeSiSiGeGeGeGeSiSiGeSiGeSiSiSiSiGeGeSiSiSiSiSiSiSiGeGeSiSiSiSiSiSiSiGeSiGeSiSiGeGeGeGeSiGeGeSi
   -24275.7695312500 SiGeGeGeGeSiGeSiGeSiSiGeGeGeSiSiGeGeGeGeSiSiGeSiGeSiSiSiSiGeGeSiSiSiSiSiSiSiGeGeSiSiSiSiSiSiSiGeSiGeSiSiGeGeGeGeSiGeGeSi
   -24275.7695312500 SiGeGeGeGeSiGeSiGeSiSiGeGeGeSiSiGeGeGeGeSiSiGeSiGeSiSiSiSiGeGeSiSiSiSiSiSiSiGeGeSiSiSiSiSiSiSiGeSiGeSiSiGeGeGeGeSiGeGeSi
   -24275.7695312500 SiGeGeGeGeSiGeSiGeSiSiGeGeGeSiSiGeGeGeGeSiSiGeSiGeSiSiSiSiGeGeSiSiSiSiSiSiSiGeGeSiSiSiSiSiSiSiGeSiGeSiSiGeGeGeGeSiGeGeSi
   -24275.7695312500 SiGeGeGeGeSiGeSiGeSiSiGeGeGeSiSiGeGeGeGeSiSiGeSiGeSiSiSiSiGeGeSiSiSiSiSiSiSiGeGeSiSiSiSiSiSiSiGeSiGeSiSiGeGeGeGeSiGeGeSi
   -24275.7695312500 SiGeGeGeGeSiGeSiGeSiSiGeGeGeSiSiGeGeGeGeSiSiGeSiGeSiSiSiSiGeGeSiSiSiSiSiSiSiGeGeSiSiSiSiSiSiSiGeSiGeSiSiGeGeGeGeSiGeGeSi
   -24275.7695312500 SiGeGeGeGeSiGeSiGeSiSiGeGeGeSiSiGeGeGeGeSiSiGeSiGeSiSiSiSiGeGeSiSiSiSiSiSiSiGeGeSiSiSiSiSiSiSiGeSiGeSiSiGeGeGeGeSiGeGeSi
   -24275.7695312500 SiGeGeGeGeSiGeSiGeSiSiGeGeGeSiSiGeGeGeGeSiSiGeSiGeSiSiSiSiGeGeSiSiSiSiSiSiSiGeGeSiSiSiSiSiSiSiGeSiGeSiSiGeGeGeGeSiGeGeSi
   -24275.7695312500 SiGeGeGeGeSiGeSiGeSiSiGeGeGeSiSiGeGeGeGeSiSiGeSiGeSiSiSiSiGeGeSiSiSiSiSiSiSiGeGeSiSiSiSiSiSiSiGeSiGeSiSiGeGeGeGeSiGeGeSi
   -24275.7695312500 SiGeGeGeGeSiGeSiGeSiSiGeGeGeSiSiGeGeGeGeSiSiGeSiGeSiSiSiSiGeGeSiSiSiSiSiSiSiGeGeSiSiSiSiSiSiSiGeSiGeSiSiGeGeGeGeSiGeGeSi
   -24275.7695312500 SiGeGeGeGeSiGeSiGeSiSiGeGeGeSiSiGeGeGeGeSiSiGeSiGeSiSiSiSiGeGeSiSiSiSiSiSiSiGeGeSiSiSiSiSiSiSiGeSiGeSiSiGeGeGeGeSiGeGeSi
   -24275.7695312500 SiGeGeGeGeSiGeSiGeSiSiGeGeGeSiSiGeGeGeGeSiSiGeSiGeSiSiSiSiGeGeSiSiSiSiSiSiSiGeGeSiSiSiSiSiSiSiGeSiGeSiSiGeGeGeGeSiGeGeSi
   -24275.7695312500 SiGeGeGeGeSiGeSiGeSiSiGeGeGeSiSiGeGeGeGeSiSiGeSiGeSiSiSiSiGeGeSiSiSiSiSiSiSiGeGeSiSiSiSiSiSiSiGeSiGeSiSiGeGeGeGeSiGeGeSi
   -24275.7695312500 SiGeGeGeGeSiGeSiGeSiSiGeGeGeSiSiGeGeGeGeSiSiGeSiGeSiSiSiSiGeGeSiSiSiSiSiSiSiGeGeSiSiSiSiSiSiSiGeSiGeSiSiGeGeGeGeSiGeGeSi
   -24275.7695312500 SiGeGeGeGeSiGeSiGeSiSiGeGeGeSiSiGeGeGeGeSiSiGeSiGeSiSiSiSiGeGeSiSiSiSiSiSiSiGeGeSiSiSiSiSiSiSiGeSiGeSiSiGeGeGeGeSiGeGeSi
   -24275.7695312500 SiGeGeGeGeSiGeSiGeSiSiGeGeGeSiSiGeGeGeGeSiSiGeSiGeSiSiSiSiGeGeSiSiSiSiSiSiSiGeGeSiSiSiSiSiSiSiGeSiGeSiSiGeGeGeGeSiGeGeSi
   -24275.7695312500 SiGeGeGeGeSiGeSiGeSiSiGeGeGeSiSiGeGeGeGeSiSiGeSiGeSiSiSiSiGeGeSiSiSiSiSiSiSiGeGeSiSiSiSiSiSiSiGeSiGeSiSiGeGeGeGeSiGeGeSi
   -24275.7695312500 SiGeGeGeGeSiGeSiGeSiSiGeGeGeSiSiGeGeGeGeSiSiGeSiGeSiSiSiSiGeGeSiSiSiSiSiSiSiGeGeSiSiSiSiSiSiSiGeSiGeSiSiGeGeGeGeSiGeGeSi
   -24275.7695312500 SiGeGeGeGeSiGeSiGeSiSiGeGeGeSiSiGeGeGeGeSiSiGeSiGeSiSiSiSiGeGeSiSiSiSiSiSiSiGeGeSiSiSiSiSiSiSiGeSiGeSiSiGeGeGeGeSiGeGeSi
   -24275.7695312500 SiGeGeGeGeSiGeSiGeSiSiGeGeGeSiSiGeGeGeGeSiSiGeSiGeSiSiSiSiGeGeSiSiSiSiSiSiSiGeGeSiSiSiSiSiSiSiGeSiGeSiSiGeGeGeGeSiGeGeSi
   -24275.7695312500 SiGeGeGeGeSiGeSiGeSiSiGeGeGeSiSiGeGeGeGeSiSiGeSiGeSiSiSiSiGeGeSiSiSiSiSiSiSiGeGeSiSiSiSiSiSiSiGeSiGeSiSiGeGeGeGeSiGeGeSi
   -24275.7695312500 SiGeGeGeGeSiGeSiGeSiSiGeGeGeSiSiGeGeGeGeSiSiGeSiGeSiSiSiSiGeGeSiSiSiSiSiSiSiGeGeSiSiSiSiSiSiSiGeSiGeSiSiGeGeGeGeSiGeGeSi
   -24275.7695312500 SiGeGeGeGeSiGeSiGeSiSiGeGeGeSiSiGeGeGeGeSiSiGeSiGeSiSiSiSiGeGeSiSiSiSiSiSiSiGeGeSiSiSiSiSiSiSiGeSiGeSiSiGeGeGeGeSiGeGeSi
   -24275.7695312500 SiGeGeGeGeSiGeSiGeSiSiGeGeGeSiSiGeGeGeGeSiSiGeSiGeSiSiSiSiGeGeSiSiSiSiSiSiSiGeGeSiSiSiSiSiSiSiGeSiGeSiSiGeGeGeGeSiGeGeSi
   -24275.7695312500 SiGeGeGeGeSiGeSiGeSiSiGeGeGeSiSiGeGeGeGeSiSiGeSiGeSiSiSiSiGeGeSiSiSiSiSiSiSiGeGeSiSiSiSiSiSiSiGeSiGeSiSiGeGeGeGeSiGeGeSi
   -24275.7695312500 SiGeGeGeGeSiGeSiGeSiSiGeGeGeSiSiGeGeGeGeSiSiGeSiGeSiSiSiSiGeGeSiSiSiSiSiSiSiGeGeSiSiSiSiSiSiSiGeSiGeSiSiGeGeGeGeSiGeGeSi
   -24275.7695312500 SiGeGeGeGeSiGeSiGeSiSiGeGeGeSiSiGeGeGeGeSiSiGeSiGeSiSiSiSiGeGeSiSiSiSiSiSiSiGeGeSiSiSiSiSiSiSiGeSiGeSiSiGeGeGeGeSiGeGeSi
   -24275.7695312500 SiGeGeGeGeSiGeSiGeSiSiGeGeGeSiSiGeGeGeGeSiSiGeSiGeSiSiSiSiGeGeSiSiSiSiSiSiSiGeGeSiSiSiSiSiSiSiGeSiGeSiSiGeGeGeGeSiGeGeSi
   -24275.7695312500 SiGeGeGeGeSiGeSiGeSiSiGeGeGeSiSiGeGeGeGeSiSiGeSiGeSiSiSiSiGeGeSiSiSiSiSiSiSiGeGeSiSiSiSiSiSiSiGeSiGeSiSiGeGeGeGeSiGeGeSi
   -24275.7695312500 SiGeGeGeGeSiGeSiGeSiSiGeGeGeSiSiGeGeGeGeSiSiGeSiGeSiSiSiSiGeGeSiSiSiSiSiSiSiGeGeSiSiSiSiSiSiSiGeSiGeSiSiGeGeGeGeSiGeGeSi
   -24275.7695312500 SiGeGeGeGeSiGeSiGeSiSiGeGeGeSiSiGeGeGeGeSiSiGeSiGeSiSiSiSiGeGeSiSiSiSiSiSiSiGeGeSiSiSiSiSiSiSiGeSiGeSiSiGeGeGeGeSiGeGeSi
   -24275.7695312500 SiGeGeGeGeSiGeSiGeSiSiGeGeGeSiSiGeGeGeGeSiSiGeSiGeSiSiSiSiGeGeSiSiSiSiSiSiSiGeGeSiSiSiSiSiSiSiGeSiGeSiSiGeGeGeGeSiGeGeSi
   -24275.7695312500 SiGeGeGeGeSiGeSiGeSiSiGeGeGeSiSiGeGeGeGeSiSiGeSiGeSiSiSiSiGeGeSiSiSiSiSiSiSiGeGeSiSiSiSiSiSiSiGeSiGeSiSiGeGeGeGeSiGeGeSi
   -24275.7695312500 SiGeGeGeGeSiGeSiGeSiSiGeGeGeSiSiGeGeGeGeSiSiGeSiGeSiSiSiSiGeGeSiSiSiSiSiSiSiGeGeSiSiSiSiSiSiSiGeSiGeSiSiGeGeGeGeSiGeGeSi
   -24275.7695312500 SiGeGeGeGeSiGeSiGeSiSiGeGeGeSiSiGeGeGeGeSiSiGeSiGeSiSiSiSiGeGeSiSiSiSiSiSiSiGeGeSiSiSiSiSiSiSiGeSiGeSiSiGeGeGeGeSiGeGeSi
   -24275.7695312500 SiGeGeGeGeSiGeSiGeSiSiGeGeGeSiSiGeGeGeGeSiSiGeSiGeSiSiSiSiGeGeSiSiSiSiSiSiSiGeGeSiSiSiSiSiSiSiGeSiGeSiSiGeGeGeGeSiGeGeSi
   -24275.7695312500 SiGeGeGeGeSiGeSiGeSiSiGeGeGeSiSiGeGeGeGeSiSiGeSiGeSiSiSiSiGeGeSiSiSiSiSiSiSiGeGeSiSiSiSiSiSiSiGeSiGeSiSiGeGeGeGeSiGeGeSi
   -24275.7695312500 SiGeGeGeGeSiGeSiGeSiSiGeGeGeSiSiGeGeGeGeSiSiGeSiGeSiSiSiSiGeGeSiSiSiSiSiSiSiGeGeSiSiSiSiSiSiSiGeSiGeSiSiGeGeGeGeSiGeGeSi
   -24275.7695312500 SiGeGeGeGeSiGeSiGeSiSiGeGeGeSiSiGeGeGeGeSiSiGeSiGeSiSiSiSiGeGeSiSiSiSiSiSiSiGeGeSiSiSiSiSiSiSiGeSiGeSiSiGeGeGeGeSiGeGeSi
   -24275.7695312500 SiGeGeGeGeSiGeSiGeSiSiGeGeGeSiSiGeGeGeGeSiSiGeSiGeSiSiSiSiGeGeSiSiSiSiSiSiSiGeGeSiSiSiSiSiSiSiGeSiGeSiSiGeGeGeGeSiGeGeSi
   -24275.7695312500 SiGeGeGeGeSiGeSiGeSiSiGeGeGeSiSiGeGeGeGeSiSiGeSiGeSiSiSiSiGeGeSiSiSiSiSiSiSiGeGeSiSiSiSiSiSiSiGeSiGeSiSiGeGeGeGeSiGeGeSi
   -24275.7695312500 SiGeGeGeGeSiGeSiGeSiSiGeGeGeSiSiGeGeGeGeSiSiGeSiGeSiSiSiSiGeGeSiSiSiSiSiSiSiGeGeSiSiSiSiSiSiSiGeSiGeSiSiGeGeGeGeSiGeGeSi
   -24275.7695312500 SiGeGeGeGeSiGeSiGeSiSiGeGeGeSiSiGeGeGeGeSiSiGeSiGeSiSiSiSiGeGeSiSiSiSiSiSiSiGeGeSiSiSiSiSiSiSiGeSiGeSiSiGeGeGeGeSiGeGeSi
   -24275.7695312500 SiGeGeGeGeSiGeSiGeSiSiGeGeGeSiSiGeGeGeGeSiSiGeSiGeSiSiSiSiGeGeSiSiSiSiSiSiSiGeGeSiSiSiSiSiSiSiGeSiGeSiSiGeGeGeGeSiGeGeSi
   -24275.7695312500 SiGeGeGeGeSiGeSiGeSiSiGeGeGeSiSiGeGeGeGeSiSiGeSiGeSiSiSiSiGeGeSiSiSiSiSiSiSiGeGeSiSiSiSiSiSiSiGeSiGeSiSiGeGeGeGeSiGeGeSi
   -24275.7695312500 SiGeGeGeGeSiGeSiGeSiSiGeGeGeSiSiGeGeGeGeSiSiGeSiGeSiSiSiSiGeGeSiSiSiSiSiSiSiGeGeSiSiSiSiSiSiSiGeSiGeSiSiGeGeGeGeSiGeGeSi
   -24275.7695312500 SiGeGeGeGeSiGeSiGeSiSiGeGeGeSiSiGeGeGeGeSiSiGeSiGeSiSiSiSiGeGeSiSiSiSiSiSiSiGeGeSiSiSiSiSiSiSiGeSiGeSiSiGeGeGeGeSiGeGeSi
   -24275.7695312500 SiGeGeGeGeSiGeSiGeSiSiGeGeGeSiSiGeGeGeGeSiSiGeSiGeSiSiSiSiGeGeSiSiSiSiSiSiSiGeGeSiSiSiSiSiSiSiGeSiGeSiSiGeGeGeGeSiGeGeSi
   -24275.7695312500 SiGeGeGeGeSiGeSiGeSiSiGeGeGeSiSiGeGeGeGeSiSiGeSiGeSiSiSiSiGeGeSiSiSiSiSiSiSiGeGeSiSiSiSiSiSiSiGeSiGeSiSiGeGeGeGeSiGeGeSi
   -24275.7695312500 SiGeGeGeGeSiGeSiGeSiSiGeGeGeSiSiGeGeGeGeSiSiGeSiGeSiSiSiSiGeGeSiSiSiSiSiSiSiGeGeSiSiSiSiSiSiSiGeSiGeSiSiGeGeGeGeSiGeGeSi
   -24275.7695312500 SiGeGeGeGeSiGeSiGeSiSiGeGeGeSiSiGeGeGeGeSiSiGeSiGeSiSiSiSiGeGeSiSiSiSiSiSiSiGeGeSiSiSiSiSiSiSiGeSiGeSiSiGeGeGeGeSiGeGeSi
   -24275.7695312500 SiGeGeGeGeSiGeSiGeSiSiGeGeGeSiSiGeGeGeGeSiSiGeSiGeSiSiSiSiGeGeSiSiSiSiSiSiSiGeGeSiSiSiSiSiSiSiGeSiGeSiSiGeGeGeGeSiGeGeSi
   -24275.7695312500 SiGeGeGeGeSiGeSiGeSiSiGeGeGeSiSiGeGeGeGeSiSiGeSiGeSiSiSiSiGeGeSiSiSiSiSiSiSiGeGeSiSiSiSiSiSiSiGeSiGeSiSiGeGeGeGeSiGeGeSi
   -24275.7695312500 SiGeGeGeGeSiGeSiGeSiSiGeGeGeSiSiGeGeGeGeSiSiGeSiGeSiSiSiSiGeGeSiSiSiSiSiSiSiGeGeSiSiSiSiSiSiSiGeSiGeSiSiGeGeGeGeSiGeGeSi
   -24275.7695312500 SiGeGeGeGeSiGeSiGeSiSiGeGeGeSiSiGeGeGeGeSiSiGeSiGeSiSiSiSiGeGeSiSiSiSiSiSiSiGeGeSiSiSiSiSiSiSiGeSiGeSiSiGeGeGeGeSiGeGeSi
   -24275.7695312500 SiGeGeGeGeSiGeSiGeSiSiGeGeGeSiSiGeGeGeGeSiSiGeSiGeSiSiSiSiGeGeSiSiSiSiSiSiSiGeGeSiSiSiSiSiSiSiGeSiGeSiSiGeGeGeGeSiGeGeSi
   -24275.7695312500 SiGeGeGeGeSiGeSiGeSiSiGeGeGeSiSiGeGeGeGeSiSiGeSiGeSiSiSiSiGeGeSiSiSiSiSiSiSiGeGeSiSiSiSiSiSiSiGeSiGeSiSiGeGeGeGeSiGeGeSi
   -24275.7695312500 SiGeGeGeGeSiGeSiGeSiSiGeGeGeSiSiGeGeGeGeSiSiGeSiGeSiSiSiSiGeGeSiSiSiSiSiSiSiGeGeSiSiSiSiSiSiSiGeSiGeSiSiGeGeGeGeSiGeGeSi
   -24275.7695312500 SiGeGeGeGeSiGeSiGeSiSiGeGeGeSiSiGeGeGeGeSiSiGeSiGeSiSiSiSiGeGeSiSiSiSiSiSiSiGeGeSiSiSiSiSiSiSiGeSiGeSiSiGeGeGeGeSiGeGeSi
   -24275.7695312500 SiGeGeGeGeSiGeSiGeSiSiGeGeGeSiSiGeGeGeGeSiSiGeSiGeSiSiSiSiGeGeSiSiSiSiSiSiSiGeGeSiSiSiSiSiSiSiGeSiGeSiSiGeGeGeGeSiGeGeSi
   -24275.7695312500 SiGeGeGeGeSiGeSiGeSiSiGeGeGeSiSiGeGeGeGeSiSiGeSiGeSiSiSiSiGeGeSiSiSiSiSiSiSiGeGeSiSiSiSiSiSiSiGeSiGeSiSiGeGeGeGeSiGeGeSi
   -24275.7695312500 SiGeGeGeGeSiGeSiGeSiSiGeGeGeSiSiGeGeGeGeSiSiGeSiGeSiSiSiSiGeGeSiSiSiSiSiSiSiGeGeSiSiSiSiSiSiSiGeSiGeSiSiGeGeGeGeSiGeGeSi
   -24275.7695312500 SiGeGeGeGeSiGeSiGeSiSiGeGeGeSiSiGeGeGeGeSiSiGeSiGeSiSiSiSiGeGeSiSiSiSiSiSiSiGeGeSiSiSiSiSiSiSiGeSiGeSiSiGeGeGeGeSiGeGeSi
   -24275.7695312500 SiGeGeGeGeSiGeSiGeSiSiGeGeGeSiSiGeGeGeGeSiSiGeSiGeSiSiSiSiGeGeSiSiSiSiSiSiSiGeGeSiSiSiSiSiSiSiGeSiGeSiSiGeGeGeGeSiGeGeSi
   -24275.7695312500 SiGeGeGeGeSiGeSiGeSiSiGeGeGeSiSiGeGeGeGeSiSiGeSiGeSiSiSiSiGeGeSiSiSiSiSiSiSiGeGeSiSiSiSiSiSiSiGeSiGeSiSiGeGeGeGeSiGeGeSi
   -24275.7695312500 SiGeGeGeGeSiGeSiGeSiSiGeGeGeSiSiGeGeGeGeSiSiGeSiGeSiSiSiSiGeGeSiSiSiSiSiSiSiGeGeSiSiSiSiSiSiSiGeSiGeSiSiGeGeGeGeSiGeGeSi
   -24275.7695312500 SiGeGeGeGeSiGeSiGeSiSiGeGeGeSiSiGeGeGeGeSiSiGeSiGeSiSiSiSiGeGeSiSiSiSiSiSiSiGeGeSiSiSiSiSiSiSiGeSiGeSiSiGeGeGeGeSiGeGeSi
   -24275.7695312500 SiGeGeGeGeSiGeSiGeSiSiGeGeGeSiSiGeGeGeGeSiSiGeSiGeSiSiSiSiGeGeSiSiSiSiSiSiSiGeGeSiSiSiSiSiSiSiGeSiGeSiSiGeGeGeGeSiGeGeSi
   -24275.7695312500 SiGeGeGeGeSiGeSiGeSiSiGeGeGeSiSiGeGeGeGeSiSiGeSiGeSiSiSiSiGeGeSiSiSiSiSiSiSiGeGeSiSiSiSiSiSiSiGeSiGeSiSiGeGeGeGeSiGeGeSi
   -24275.7695312500 SiGeGeGeGeSiGeSiGeSiSiGeGeGeSiSiGeGeGeGeSiSiGeSiGeSiSiSiSiGeGeSiSiSiSiSiSiSiGeGeSiSiSiSiSiSiSiGeSiGeSiSiGeGeGeGeSiGeGeSi
   -24275.7695312500 SiGeGeGeGeSiGeSiGeSiSiGeGeGeSiSiGeGeGeGeSiSiGeSiGeSiSiSiSiGeGeSiSiSiSiSiSiSiGeGeSiSiSiSiSiSiSiGeSiGeSiSiGeGeGeGeSiGeGeSi
   -24275.7695312500 SiGeGeGeGeSiGeSiGeSiSiGeGeGeSiSiGeGeGeGeSiSiGeSiGeSiSiSiSiGeGeSiSiSiSiSiSiSiGeGeSiSiSiSiSiSiSiGeSiGeSiSiGeGeGeGeSiGeGeSi
   -24275.7695312500 SiGeGeGeGeSiGeSiGeSiSiGeGeGeSiSiGeGeGeGeSiSiGeSiGeSiSiSiSiGeGeSiSiSiSiSiSiSiGeGeSiSiSiSiSiSiSiGeSiGeSiSiGeGeGeGeSiGeGeSi
   -24275.7695312500 SiGeGeGeGeSiGeSiGeSiSiGeGeGeSiSiGeGeGeGeSiSiGeSiGeSiSiSiSiGeGeSiSiSiSiSiSiSiGeGeSiSiSiSiSiSiSiGeSiGeSiSiGeGeGeGeSiGeGeSi
   -24275.7695312500 SiGeGeGeGeSiGeSiGeSiSiGeGeGeSiSiGeGeGeGeSiSiGeSiGeSiSiSiSiGeGeSiSiSiSiSiSiSiGeGeSiSiSiSiSiSiSiGeSiGeSiSiGeGeGeGeSiGeGeSi
   -24275.7695312500 SiGeGeGeGeSiGeSiGeSiSiGeGeGeSiSiGeGeGeGeSiSiGeSiGeSiSiSiSiGeGeSiSiSiSiSiSiSiGeGeSiSiSiSiSiSiSiGeSiGeSiSiGeGeGeGeSiGeGeSi
   -24275.7695312500 SiGeGeGeGeSiGeSiGeSiSiGeGeGeSiSiGeGeGeGeSiSiGeSiGeSiSiSiSiGeGeSiSiSiSiSiSiSiGeGeSiSiSiSiSiSiSiGeSiGeSiSiGeGeGeGeSiGeGeSi
   -24275.7695312500 SiGeGeGeGeSiGeSiGeSiSiGeGeGeSiSiGeGeGeGeSiSiGeSiGeSiSiSiSiGeGeSiSiSiSiSiSiSiGeGeSiSiSiSiSiSiSiGeSiGeSiSiGeGeGeGeSiGeGeSi
   -24275.7695312500 SiGeGeGeGeSiGeSiGeSiSiGeGeGeSiSiGeGeGeGeSiSiGeSiGeSiSiSiSiGeGeSiSiSiSiSiSiSiGeGeSiSiSiSiSiSiSiGeSiGeSiSiGeGeGeGeSiGeGeSi
   -24275.7695312500 SiGeGeGeGeSiGeSiGeSiSiGeGeGeSiSiGeGeGeGeSiSiGeSiGeSiSiSiSiGeGeSiSiSiSiSiSiSiGeGeSiSiSiSiSiSiSiGeSiGeSiSiGeGeGeGeSiGeGeSi
   -24275.7695312500 SiGeGeGeGeSiGeSiGeSiSiGeGeGeSiSiGeGeGeGeSiSiGeSiGeSiSiSiSiGeGeSiSiSiSiSiSiSiGeGeSiSiSiSiSiSiSiGeSiGeSiSiGeGeGeGeSiGeGeSi
   -24275.7695312500 SiGeGeGeGeSiGeSiGeSiSiGeGeGeSiSiGeGeGeGeSiSiGeSiGeSiSiSiSiGeGeSiSiSiSiSiSiSiGeGeSiSiSiSiSiSiSiGeSiGeSiSiGeGeGeGeSiGeGeSi
   -24275.7695312500 SiGeGeGeGeSiGeSiGeSiSiGeGeGeSiSiGeGeGeGeSiSiGeSiGeSiSiSiSiGeGeSiSiSiSiSiSiSiGeGeSiSiSiSiSiSiSiGeSiGeSiSiGeGeGeGeSiGeGeSi
   -24275.7695312500 SiGeGeGeGeSiGeSiGeSiSiGeGeGeSiSiGeGeGeGeSiSiGeSiGeSiSiSiSiGeGeSiSiSiSiSiSiSiGeGeSiSiSiSiSiSiSiGeSiGeSiSiGeGeGeGeSiGeGeSi
   -24275.7695312500 SiGeGeGeGeSiGeSiGeSiSiGeGeGeSiSiGeGeGeGeSiSiGeSiGeSiSiSiSiGeGeSiSiSiSiSiSiSiGeGeSiSiSiSiSiSiSiGeSiGeSiSiGeGeGeGeSiGeGeSi
   -24275.7695312500 SiGeGeGeGeSiGeSiGeSiSiGeGeGeSiSiGeGeGeGeSiSiGeSiGeSiSiSiSiGeGeSiSiSiSiSiSiSiGeGeSiSiSiSiSiSiSiGeSiGeSiSiGeGeGeGeSiGeGeSi
   -24275.7695312500 SiGeGeGeGeSiGeSiGeSiSiGeGeGeSiSiGeGeGeGeSiSiGeSiGeSiSiSiSiGeGeSiSiSiSiSiSiSiGeGeSiSiSiSiSiSiSiGeSiGeSiSiGeGeGeGeSiGeGeSi
   -24275.7695312500 SiGeGeGeGeSiGeSiGeSiSiGeGeGeSiSiGeGeGeGeSiSiGeSiGeSiSiSiSiGeGeSiSiSiSiSiSiSiGeGeSiSiSiSiSiSiSiGeSiGeSiSiGeGeGeGeSiGeGeSi
   -24275.7695312500 SiGeGeGeGeSiGeSiGeSiSiGeGeGeSiSiGeGeGeGeSiSiGeSiGeSiSiSiSiGeGeSiSiSiSiSiSiSiGeGeSiSiSiSiSiSiSiGeSiGeSiSiGeGeGeGeSiGeGeSi
   -24275.7695312500 SiGeGeGeGeSiGeSiGeSiSiGeGeGeSiSiGeGeGeGeSiSiGeSiGeSiSiSiSiGeGeSiSiSiSiSiSiSiGeGeSiSiSiSiSiSiSiGeSiGeSiSiGeGeGeGeSiGeGeSi
   -24275.7695312500 SiGeGeGeGeSiGeSiGeSiSiGeGeGeSiSiGeGeGeGeSiSiGeSiGeSiSiSiSiGeGeSiSiSiSiSiSiSiGeGeSiSiSiSiSiSiSiGeSiGeSiSiGeGeGeGeSiGeGeSi
   -24275.7695312500 SiGeGeGeGeSiGeSiGeSiSiGeGeGeSiSiGeGeGeGeSiSiGeSiGeSiSiSiSiGeGeSiSiSiSiSiSiSiGeGeSiSiSiSiSiSiSiGeSiGeSiSiGeGeGeGeSiGeGeSi
   -24275.7695312500 SiGeGeGeGeSiGeSiGeSiSiGeGeGeSiSiGeGeGeGeSiSiGeSiGeSiSiSiSiGeGeSiSiSiSiSiSiSiGeGeSiSiSiSiSiSiSiGeSiGeSiSiGeGeGeGeSiGeGeSi
   -24275.7695312500 SiGeGeGeGeSiGeSiGeSiSiGeGeGeSiSiGeGeGeGeSiSiGeSiGeSiSiSiSiGeGeSiSiSiSiSiSiSiGeGeSiSiSiSiSiSiSiGeSiGeSiSiGeGeGeGeSiGeGeSi
   -24275.7695312500 SiGeGeGeGeSiGeSiGeSiSiGeGeGeSiSiGeGeGeGeSiSiGeSiGeSiSiSiSiGeGeSiSiSiSiSiSiSiGeGeSiSiSiSiSiSiSiGeSiGeSiSiGeGeGeGeSiGeGeSi
   -24275.7695312500 SiGeGeGeGeSiGeSiGeSiSiGeGeGeSiSiGeGeGeGeSiSiGeSiGeSiSiSiSiGeGeSiSiSiSiSiSiSiGeGeSiSiSiSiSiSiSiGeSiGeSiSiGeGeGeGeSiGeGeSi
   -24275.7695312500 SiGeGeGeGeSiGeSiGeSiSiGeGeGeSiSiGeGeGeGeSiSiGeSiGeSiSiSiSiGeGeSiSiSiSiSiSiSiGeGeSiSiSiSiSiSiSiGeSiGeSiSiGeGeGeGeSiGeGeSi
   -24275.7695312500 SiGeGeGeGeSiGeSiGeSiSiGeGeGeSiSiGeGeGeGeSiSiGeSiGeSiSiSiSiGeGeSiSiSiSiSiSiSiGeGeSiSiSiSiSiSiSiGeSiGeSiSiGeGeGeGeSiGeGeSi
   -24275.7695312500 SiGeGeGeGeSiGeSiGeSiSiGeGeGeSiSiGeGeGeGeSiSiGeSiGeSiSiSiSiGeGeSiSiSiSiSiSiSiGeGeSiSiSiSiSiSiSiGeSiGeSiSiGeGeGeGeSiGeGeSi
   -24275.7695312500 SiGeGeGeGeSiGeSiGeSiSiGeGeGeSiSiGeGeGeGeSiSiGeSiGeSiSiSiSiGeGeSiSiSiSiSiSiSiGeGeSiSiSiSiSiSiSiGeSiGeSiSiGeGeGeGeSiGeGeSi
   -24275.7695312500 SiGeGeGeGeSiGeSiGeSiSiGeGeGeSiSiGeGeGeGeSiSiGeSiGeSiSiSiSiGeGeSiSiSiSiSiSiSiGeGeSiSiSiSiSiSiSiGeSiGeSiSiGeGeGeGeSiGeGeSi
   -24275.7695312500 SiGeGeGeGeSiGeSiGeSiSiGeGeGeSiSiGeGeGeGeSiSiGeSiGeSiSiSiSiGeGeSiSiSiSiSiSiSiGeGeSiSiSiSiSiSiSiGeSiGeSiSiGeGeGeGeSiGeGeSi
   -24275.7695312500 SiGeGeGeGeSiGeSiGeSiSiGeGeGeSiSiGeGeGeGeSiSiGeSiGeSiSiSiSiGeGeSiSiSiSiSiSiSiGeGeSiSiSiSiSiSiSiGeSiGeSiSiGeGeGeGeSiGeGeSi
   -24275.7695312500 SiGeGeGeGeSiGeSiGeSiSiGeGeGeSiSiGeGeGeGeSiSiGeSiGeSiSiSiSiGeGeSiSiSiSiSiSiSiGeGeSiSiSiSiSiSiSiGeSiGeSiSiGeGeGeGeSiGeGeSi
   -24275.7695312500 SiGeGeGeGeSiGeSiGeSiSiGeGeGeSiSiGeGeGeGeSiSiGeSiGeSiSiSiSiGeGeSiSiSiSiSiSiSiGeGeSiSiSiSiSiSiSiGeSiGeSiSiGeGeGeGeSiGeGeSi
   -24275.7695312500 SiGeGeGeGeSiGeSiGeSiSiGeGeGeSiSiGeGeGeGeSiSiGeSiGeSiSiSiSiGeGeSiSiSiSiSiSiSiGeGeSiSiSiSiSiSiSiGeSiGeSiSiGeGeGeGeSiGeGeSi
   -24275.7695312500 SiGeGeGeGeSiGeSiGeSiSiGeGeGeSiSiGeGeGeGeSiSiGeSiGeSiSiSiSiGeGeSiSiSiSiSiSiSiGeGeSiSiSiSiSiSiSiGeSiGeSiSiGeGeGeGeSiGeGeSi
   -24275.7695312500 SiGeGeGeGeSiGeSiGeSiSiGeGeGeSiSiGeGeGeGeSiSiGeSiGeSiSiSiSiGeGeSiSiSiSiSiSiSiGeGeSiSiSiSiSiSiSiGeSiGeSiSiGeGeGeGeSiGeGeSi
   -24275.7695312500 SiGeGeGeGeSiGeSiGeSiSiGeGeGeSiSiGeGeGeGeSiSiGeSiGeSiSiSiSiGeGeSiSiSiSiSiSiSiGeGeSiSiSiSiSiSiSiGeSiGeSiSiGeGeGeGeSiGeGeSi
   -24275.7695312500 SiGeGeGeGeSiGeSiGeSiSiGeGeGeSiSiGeGeGeGeSiSiGeSiGeSiSiSiSiGeGeSiSiSiSiSiSiSiGeGeSiSiSiSiSiSiSiGeSiGeSiSiGeGeGeGeSiGeGeSi
   -24275.7695312500 SiGeGeGeGeSiGeSiGeSiSiGeGeGeSiSiGeGeGeGeSiSiGeSiGeSiSiSiSiGeGeSiSiSiSiSiSiSiGeGeSiSiSiSiSiSiSiGeSiGeSiSiGeGeGeGeSiGeGeSi
   -24275.7695312500 SiGeGeGeGeSiGeSiGeSiSiGeGeGeSiSiGeGeGeGeSiSiGeSiGeSiSiSiSiGeGeSiSiSiSiSiSiSiGeGeSiSiSiSiSiSiSiGeSiGeSiSiGeGeGeGeSiGeGeSi
   -24275.7695312500 SiGeGeGeGeSiGeSiGeSiSiGeGeGeSiSiGeGeGeGeSiSiGeSiGeSiSiSiSiGeGeSiSiSiSiSiSiSiGeGeSiSiSiSiSiSiSiGeSiGeSiSiGeGeGeGeSiGeGeSi
   -24275.7695312500 SiGeGeGeGeSiGeSiGeSiSiGeGeGeSiSiGeGeGeGeSiSiGeSiGeSiSiSiSiGeGeSiSiSiSiSiSiSiGeGeSiSiSiSiSiSiSiGeSiGeSiSiGeGeGeGeSiGeGeSi
   -24275.7695312500 SiGeGeGeGeSiGeSiGeSiSiGeGeGeSiSiGeGeGeGeSiSiGeSiGeSiSiSiSiGeGeSiSiSiSiSiSiSiGeGeSiSiSiSiSiSiSiGeSiGeSiSiGeGeGeGeSiGeGeSi
   -24275.7695312500 SiGeGeGeGeSiGeSiGeSiSiGeGeGeSiSiGeGeGeGeSiSiGeSiGeSiSiSiSiGeGeSiSiSiSiSiSiSiGeGeSiSiSiSiSiSiSiGeSiGeSiSiGeGeGeGeSiGeGeSi
   -24275.7695312500 SiGeGeGeGeSiGeSiGeSiSiGeGeGeSiSiGeGeGeGeSiSiGeSiGeSiSiSiSiGeGeSiSiSiSiSiSiSiGeGeSiSiSiSiSiSiSiGeSiGeSiSiGeGeGeGeSiGeGeSi
   -24275.7695312500 SiGeGeGeGeSiGeSiGeSiSiGeGeGeSiSiGeGeGeGeSiSiGeSiGeSiSiSiSiGeGeSiSiSiSiSiSiSiGeGeSiSiSiSiSiSiSiGeSiGeSiSiGeGeGeGeSiGeGeSi
   -24275.7695312500 SiGeGeGeGeSiGeSiGeSiSiGeGeGeSiSiGeGeGeGeSiSiGeSiGeSiSiSiSiGeGeSiSiSiSiSiSiSiGeGeSiSiSiSiSiSiSiGeSiGeSiSiGeGeGeGeSiGeGeSi
   -24275.7695312500 SiGeGeGeGeSiGeSiGeSiSiGeGeGeSiSiGeGeGeGeSiSiGeSiGeSiSiSiSiGeGeSiSiSiSiSiSiSiGeGeSiSiSiSiSiSiSiGeSiGeSiSiGeGeGeGeSiGeGeSi
   -24275.7695312500 SiGeGeGeGeSiGeSiGeSiSiGeGeGeSiSiGeGeGeGeSiSiGeSiGeSiSiSiSiGeGeSiSiSiSiSiSiSiGeGeSiSiSiSiSiSiSiGeSiGeSiSiGeGeGeGeSiGeGeSi
   -24275.7695312500 SiGeGeGeGeSiGeSiGeSiSiGeGeGeSiSiGeGeGeGeSiSiGeSiGeSiSiSiSiGeGeSiSiSiSiSiSiSiGeGeSiSiSiSiSiSiSiGeSiGeSiSiGeGeGeGeSiGeGeSi
   -24275.7695312500 SiGeGeGeGeSiGeSiGeSiSiGeGeGeSiSiGeGeGeGeSiSiGeSiGeSiSiSiSiGeGeSiSiSiSiSiSiSiGeGeSiSiSiSiSiSiSiGeSiGeSiSiGeGeGeGeSiGeGeSi
   -24275.7695312500 SiGeGeGeGeSiGeSiGeSiSiGeGeGeSiSiGeGeGeGeSiSiGeSiGeSiSiSiSiGeGeSiSiSiSiSiSiSiGeGeSiSiSiSiSiSiSiGeSiGeSiSiGeGeGeGeSiGeGeSi
   -24275.7695312500 SiGeGeGeGeSiGeSiGeSiSiGeGeGeSiSiGeGeGeGeSiSiGeSiGeSiSiSiSiGeGeSiSiSiSiSiSiSiGeGeSiSiSiSiSiSiSiGeSiGeSiSiGeGeGeGeSiGeGeSi
   -24275.7695312500 SiGeGeGeGeSiGeSiGeSiSiGeGeGeSiSiGeGeGeGeSiSiGeSiGeSiSiSiSiGeGeSiSiSiSiSiSiSiGeGeSiSiSiSiSiSiSiGeSiGeSiSiGeGeGeGeSiGeGeSi
   -24275.7695312500 SiGeGeGeGeSiGeSiGeSiSiGeGeGeSiSiGeGeGeGeSiSiGeSiGeSiSiSiSiGeGeSiSiSiSiSiSiSiGeGeSiSiSiSiSiSiSiGeSiGeSiSiGeGeGeGeSiGeGeSi
   -24275.7695312500 SiGeGeGeGeSiGeSiGeSiSiGeGeGeSiSiGeGeGeGeSiSiGeSiGeSiSiSiSiGeGeSiSiSiSiSiSiSiGeGeSiSiSiSiSiSiSiGeSiGeSiSiGeGeGeGeSiGeGeSi
   -24275.7695312500 SiGeGeGeGeSiGeSiGeSiSiGeGeGeSiSiGeGeGeGeSiSiGeSiGeSiSiSiSiGeGeSiSiSiSiSiSiSiGeGeSiSiSiSiSiSiSiGeSiGeSiSiGeGeGeGeSiGeGeSi
   -24275.7695312500 SiGeGeGeGeSiGeSiGeSiSiGeGeGeSiSiGeGeGeGeSiSiGeSiGeSiSiSiSiGeGeSiSiSiSiSiSiSiGeGeSiSiSiSiSiSiSiGeSiGeSiSiGeGeGeGeSiGeGeSi
   -24275.7695312500 SiGeGeGeGeSiGeSiGeSiSiGeGeGeSiSiGeGeGeGeSiSiGeSiGeSiSiSiSiGeGeSiSiSiSiSiSiSiGeGeSiSiSiSiSiSiSiGeSiGeSiSiGeGeGeGeSiGeGeSi
   -24275.7695312500 SiGeGeGeGeSiGeSiGeSiSiGeGeGeSiSiGeGeGeGeSiSiGeSiGeSiSiSiSiGeGeSiSiSiSiSiSiSiGeGeSiSiSiSiSiSiSiGeSiGeSiSiGeGeGeGeSiGeGeSi
   -24275.7695312500 SiGeGeGeGeSiGeSiGeSiSiGeGeGeSiSiGeGeGeGeSiSiGeSiGeSiSiSiSiGeGeSiSiSiSiSiSiSiGeGeSiSiSiSiSiSiSiGeSiGeSiSiGeGeGeGeSiGeGeSi
   -24275.7695312500 SiGeGeGeGeSiGeSiGeSiSiGeGeGeSiSiGeGeGeGeSiSiGeSiGeSiSiSiSiGeGeSiSiSiSiSiSiSiGeGeSiSiSiSiSiSiSiGeSiGeSiSiGeGeGeGeSiGeGeSi
   -24275.7695312500 SiGeGeGeGeSiGeSiGeSiSiGeGeGeSiSiGeGeGeGeSiSiGeSiGeSiSiSiSiGeGeSiSiSiSiSiSiSiGeGeSiSiSiSiSiSiSiGeSiGeSiSiGeGeGeGeSiGeGeSi
filename: c000001278880334.gin     
Cell:
    11.9020996    11.9020996    29.6919994    90.0000000    90.0000000   120.0000000
Box:
    11.9020996    -5.9510503     0.0000000
     0.0000000    10.3075209     0.0000000
     0.0000000     0.0000000    29.6919994
----------------------------------------
Inverse Box:
     0.0840188     0.0485083     0.0000000
     0.0000000     0.0970165     0.0000000
     0.0000000     0.0000000     0.0336791
----------------------------------------
==============================================
geometrical properties of  27 Ge:
 Configuration:           0
 D_ave:   9.24098587       3.51202297    
 D_min:   3.37974501      0.613098502    
 energia:  -24275.7695    
