Random Seed:  1347638237
Number of atoms:    60
Space Group:    1
Cell:
    11.9020996    11.9020996    29.6919994    90.0000000    90.0000000   120.0000000
Box:
    11.9020996    -5.9510503     0.0000000
     0.0000000    10.3075209     0.0000000
     0.0000000     0.0000000    29.6919994
----------------------------------------
Inverse Box:
     0.0840188     0.0485083     0.0000000
     0.0000000     0.0970165     0.0000000
     0.0000000     0.0000000     0.0336791
----------------------------------------
GeGeSiSiSiSiSiSiSiSiSiSiSiSiSiSiSiSiSiSiSiSiSiSiSiSiSiSiSiSiSiSiSiSiSiSiSiSiSiSiSiSiSiSiSiSiSiSiSiSiSiSiSiSiSiSiSiSiSiSi
           1 Ge    -7739.88867    
GeGeGeSiSiSiSiSiSiSiSiSiSiSiSiSiSiSiSiSiSiSiSiSiSiSiSiSiSiSiSiSiSiSiSiSiSiSiSiSiSiSiSiSiSiSiSiSiSiSiSiSiSiSiSiSiSiSiSiSi
           3 Ge    -7727.86816    
GeGeGeGeSiSiSiSiSiSiSiSiSiSiSiSiSiSiSiSiSiSiSiSiSiSiSiSiSiSiSiSiSiSiSiSiSiSiSiSiSiSiSiSiSiSiSiSiSiSiSiSiSiSiSiSiSiSiSiSi
           4 Ge    -7721.92285    
GeGeGeGeGeSiSiSiSiSiSiSiSiSiSiSiSiSiSiSiSiSiSiSiSiSiSiSiSiSiSiSiSiSiSiSiSiSiSiSiSiSiSiSiSiSiSiSiSiSiSiSiSiSiSiSiSiSiSiSi
           5 Ge    -7728.01514    
GeGeGeGeGeGeSiSiSiSiSiSiSiSiSiSiSiSiSiSiSiSiSiSiSiSiSiSiSiSiSiSiSiSiSiSiSiSiSiSiSiSiSiSiSiSiSiSiSiSiSiSiSiSiSiSiSiSiSiSi
           6 Ge    -7752.11963    
GeGeGeGeGeGeGeSiSiSiSiSiSiSiSiSiSiSiSiSiSiSiSiSiSiSiSiSiSiSiSiSiSiSiSiSiSiSiSiSiSiSiSiSiSiSiSiSiSiSiSiSiSiSiSiSiSiSiSiSi
           7 Ge    -7853.17090    
GeGeGeGeGeGeGeGeSiSiSiSiSiSiSiSiSiSiSiSiSiSiSiSiSiSiSiSiSiSiSiSiSiSiSiSiSiSiSiSiSiSiSiSiSiSiSiSiSiSiSiSiSiSiSiSiSiSiSiSi
           8 Ge    -7983.45264    
GeGeGeGeGeGeGeGeSiSiSiGeSiSiSiSiSiSiSiSiSiSiSiSiSiSiSiSiSiSiSiSiSiSiSiSiSiSiSiSiSiSiSiSiSiSiSiSiSiSiSiSiSiSiSiSiSiSiSiSi
          12 Ge    -8223.11523    
GeGeGeGeGeGeGeGeSiSiSiGeSiGeSiSiSiSiSiSiSiSiSiSiSiSiSiSiSiSiSiSiSiSiSiSiSiSiSiSiSiSiSiSiSiSiSiSiSiSiSiSiSiSiSiSiSiSiSiSi
          14 Ge    -8552.30078    
GeGeGeGeGeGeGeGeSiSiSiGeSiGeSiGeSiSiSiSiSiSiSiSiSiSiSiSiSiSiSiSiSiSiSiSiSiSiSiSiSiSiSiSiSiSiSiSiSiSiSiSiSiSiSiSiSiSiSiSi
          16 Ge    -8937.15039    
GeGeGeGeGeGeGeGeSiSiSiGeSiGeSiGeSiSiSiSiSiSiSiSiSiGeSiSiSiSiSiSiSiSiSiSiSiSiSiSiSiSiSiSiSiSiSiSiSiSiSiSiSiSiSiSiSiSiSiSi
          26 Ge    -8741.58496    
GeGeGeGeGeGeGeGeSiSiSiGeSiGeSiGeSiSiSiSiSiSiSiSiSiGeSiSiSiGeSiSiSiSiSiSiSiSiSiSiSiSiSiSiSiSiSiSiSiSiSiSiSiSiSiSiSiSiSiSi
          30 Ge    -8595.59473    
GeGeGeGeGeGeGeGeSiSiSiGeSiGeSiGeSiSiSiSiSiSiSiSiSiGeSiSiSiGeSiSiGeSiSiSiSiSiSiSiSiSiSiSiSiSiSiSiSiSiSiSiSiSiSiSiSiSiSiSi
          33 Ge    -9149.38184    
GeGeGeGeGeGeGeGeSiSiSiGeSiGeSiGeSiSiSiSiSiSiSiSiSiGeSiSiSiGeSiSiGeSiSiGeSiSiSiSiSiSiSiSiSiSiSiSiSiSiSiSiSiSiSiSiSiSiSiSi
          36 Ge    -7894.06055    
GeGeGeGeGeGeGeGeSiSiSiGeSiGeSiGeSiSiSiSiSiSiSiSiSiGeSiSiSiGeSiSiGeSiSiGeSiSiGeSiSiSiSiSiSiSiSiSiSiSiSiSiSiSiSiSiSiSiSiSi
          39 Ge    -8565.34375    
GeGeGeGeGeGeGeGeSiSiSiGeSiGeSiGeSiSiSiSiSiSiSiSiSiGeSiSiSiGeSiSiGeSiSiGeSiSiGeGeSiSiSiSiSiSiSiSiSiSiSiSiSiSiSiSiSiSiSiSi
          40 Ge    -8694.12598    
GeGeGeGeGeGeGeGeSiSiSiGeSiGeSiGeSiSiSiSiSiSiSiSiSiGeSiSiSiGeSiSiGeSiSiGeSiSiGeGeGeSiSiSiSiSiSiSiSiSiSiSiSiSiSiSiSiSiSiSi
          41 Ge    -9475.82617    
GeGeGeGeGeGeGeGeSiSiSiGeSiGeSiGeSiSiSiSiSiSiSiSiSiGeSiSiSiGeSiSiGeSiSiGeSiSiGeGeGeGeSiSiSiSiSiSiSiSiSiSiSiSiSiSiSiSiSiSi
          42 Ge    -8050.49463    
GeGeGeGeGeGeGeGeSiSiSiGeSiGeSiGeSiSiSiSiSiSiSiSiSiGeSiSiSiGeSiSiGeSiSiGeSiSiGeGeGeGeSiSiGeSiSiSiSiSiSiSiSiSiSiSiSiSiSiSi
          45 Ge    -8569.50195    
GeGeGeGeGeGeGeGeSiSiSiGeSiGeSiGeSiSiSiSiSiSiSiSiSiGeSiSiSiGeSiSiGeSiSiGeSiSiGeGeGeGeSiSiGeGeSiSiSiSiSiSiSiSiSiSiSiSiSiSi
          46 Ge    -8874.30957    
GeGeGeGeGeGeGeGeSiSiSiGeSiGeSiGeSiSiSiSiSiSiSiSiSiGeSiSiSiGeSiSiGeSiSiGeSiSiGeGeGeGeSiSiGeGeSiSiSiSiSiSiSiSiSiSiGeSiSiSi
          57 Ge    -10112.7715    
GeGeGeGeGeGeGeGeSiGeSiGeSiGeSiGeSiSiSiSiSiSiSiSiSiGeSiSiSiGeSiSiGeSiSiGeSiSiGeGeGeGeSiSiGeGeSiSiSiSiSiSiSiSiSiSiGeSiSiSi
          10 Ge    -8048.07129    
GeGeGeGeGeGeGeGeSiGeGeGeSiGeSiGeSiSiSiSiSiSiSiSiSiGeSiSiSiGeSiSiGeSiSiGeSiSiGeGeGeGeSiSiGeGeSiSiSiSiSiSiSiSiSiSiGeSiSiSi
          11 Ge    -7774.87646    
GeGeGeGeGeGeGeGeSiGeGeGeGeGeSiGeSiSiSiSiSiSiSiSiSiGeSiSiSiGeSiSiGeSiSiGeSiSiGeGeGeGeSiSiGeGeSiSiSiSiSiSiSiSiSiSiGeSiSiSi
          13 Ge    -6287.58398    
GeGeGeGeGeGeGeGeSiGeGeGeGeGeGeGeSiSiSiSiSiSiSiSiSiGeSiSiSiGeSiSiGeSiSiGeSiSiGeGeGeGeSiSiGeGeSiSiSiSiSiSiSiSiSiSiGeSiSiSi
          15 Ge    -4048.12451    
GeGeGeGeGeGeGeGeSiGeGeGeGeGeGeGeSiGeSiSiSiSiSiSiSiGeSiSiSiGeSiSiGeSiSiGeSiSiGeGeGeGeSiSiGeGeSiSiSiSiSiSiSiSiSiSiGeSiSiSi
          18 Ge    -716.418945    
==============================================
MonteCarlo: Metropolis with identity changes
Si > Ge, Ge > Si. STOP when occurrence <    0.00000
==============================================
Cost_function     Occurrence %     Scan-Cost
   -16896.5742187500 GeSiGeSiSiSiGeGeGeGeGeSiGeGeGeSiGeGeGeSiSiSiSiGeSiGeSiSiSiGeGeSiSiSiSiSiSiSiSiSiSiGeGeSiGeGeGeSiSiSiGeSiGeSiSiGeSiGeSiGe
   -17387.7050781250 GeGeSiSiSiSiGeGeGeGeSiSiGeGeGeSiGeGeGeSiSiSiSiGeSiGeSiSiGeGeGeSiSiSiSiSiSiSiSiSiSiGeGeSiGeGeSiGeSiSiGeGeGeSiSiGeSiGeSiSi
   -20940.5410156250 GeGeSiGeSiSiGeGeGeGeSiSiGeGeGeSiGeGeGeSiSiSiSiGeSiGeSiSiGeSiGeSiSiSiSiSiSiSiSiSiSiGeGeSiGeGeSiGeSiSiGeGeGeSiSiGeSiGeSiSi
   -20940.5410156250 GeGeSiGeSiSiGeGeGeGeSiSiGeGeGeSiGeGeGeSiSiSiSiGeSiGeSiSiGeSiGeSiSiSiSiSiSiSiSiSiSiGeGeSiGeGeSiGeSiSiGeGeGeSiSiGeSiGeSiSi
   -20940.5410156250 GeGeSiGeSiSiGeGeGeGeSiSiGeGeGeSiGeGeGeSiSiSiSiGeSiGeSiSiGeSiGeSiSiSiSiSiSiSiSiSiSiGeGeSiGeGeSiGeSiSiGeGeGeSiSiGeSiGeSiSi
   -22600.1152343750 GeGeSiGeSiSiGeGeGeGeGeSiGeSiSiSiGeGeGeSiSiSiSiGeSiGeSiSiGeSiSiSiSiSiSiSiSiGeSiSiSiGeGeSiGeGeSiGeGeSiGeGeGeSiSiGeSiGeSiSi
   -22600.1152343750 GeGeSiGeSiSiGeGeGeGeGeSiGeSiSiSiGeGeGeSiSiSiSiGeSiGeSiSiGeSiSiSiSiSiSiSiSiGeSiSiSiGeGeSiGeGeSiGeGeSiGeGeGeSiSiGeSiGeSiSi
   -22600.1152343750 GeGeSiGeSiSiGeGeGeGeGeSiGeSiSiSiGeGeGeSiSiSiSiGeSiGeSiSiGeSiSiSiSiSiSiSiSiGeSiSiSiGeGeSiGeGeSiGeGeSiGeGeGeSiSiGeSiGeSiSi
   -22600.1152343750 GeGeSiGeSiSiGeGeGeGeGeSiGeSiSiSiGeGeGeSiSiSiSiGeSiGeSiSiGeSiSiSiSiSiSiSiSiGeSiSiSiGeGeSiGeGeSiGeGeSiGeGeGeSiSiGeSiGeSiSi
   -22600.1152343750 GeGeSiGeSiSiGeGeGeGeGeSiGeSiSiSiGeGeGeSiSiSiSiGeSiGeSiSiGeSiSiSiSiSiSiSiSiGeSiSiSiGeGeSiGeGeSiGeGeSiGeGeGeSiSiGeSiGeSiSi
   -22600.1152343750 GeGeSiGeSiSiGeGeGeGeGeSiGeSiSiSiGeGeGeSiSiSiSiGeSiGeSiSiGeSiSiSiSiSiSiSiSiGeSiSiSiGeGeSiGeGeSiGeGeSiGeGeGeSiSiGeSiGeSiSi
   -23553.4355468750 GeGeSiGeSiSiGeGeGeGeGeSiGeSiSiSiGeGeSiSiSiSiSiGeSiGeSiGeGeSiSiSiSiSiSiSiSiGeSiSiSiGeGeSiGeGeSiGeGeSiGeGeGeSiSiGeSiGeSiSi
   -23553.4355468750 GeGeSiGeSiSiGeGeGeGeGeSiGeSiSiSiGeGeSiSiSiSiSiGeSiGeSiGeGeSiSiSiSiSiSiSiSiGeSiSiSiGeGeSiGeGeSiGeGeSiGeGeGeSiSiGeSiGeSiSi
   -23553.4355468750 GeGeSiGeSiSiGeGeGeGeGeSiGeSiSiSiGeGeSiSiSiSiSiGeSiGeSiGeGeSiSiSiSiSiSiSiSiGeSiSiSiGeGeSiGeGeSiGeGeSiGeGeGeSiSiGeSiGeSiSi
   -25431.1875000000 GeGeSiGeSiSiGeGeGeGeGeSiGeSiSiSiGeGeSiSiSiSiSiGeSiGeSiGeGeSiSiSiSiSiSiSiSiGeSiSiSiGeSiSiGeGeSiGeGeSiGeGeGeSiGeGeSiGeSiSi
   -25687.9296875000 GeGeSiGeSiSiGeGeGeGeGeSiGeSiSiSiGeGeSiSiSiSiSiGeSiGeSiGeGeSiGeSiSiSiSiSiSiSiSiSiSiGeSiSiGeGeSiGeGeSiGeGeGeSiGeGeSiGeSiSi
   -25687.9296875000 GeGeSiGeSiSiGeGeGeGeGeSiGeSiSiSiGeGeSiSiSiSiSiGeSiGeSiGeGeSiGeSiSiSiSiSiSiSiSiSiSiGeSiSiGeGeSiGeGeSiGeGeGeSiGeGeSiGeSiSi
   -25687.9296875000 GeGeSiGeSiSiGeGeGeGeGeSiGeSiSiSiGeGeSiSiSiSiSiGeSiGeSiGeGeSiGeSiSiSiSiSiSiSiSiSiSiGeSiSiGeGeSiGeGeSiGeGeGeSiGeGeSiGeSiSi
   -25687.9296875000 GeGeSiGeSiSiGeGeGeGeGeSiGeSiSiSiGeGeSiSiSiSiSiGeSiGeSiGeGeSiGeSiSiSiSiSiSiSiSiSiSiGeSiSiGeGeSiGeGeSiGeGeGeSiGeGeSiGeSiSi
   -25687.9296875000 GeGeSiGeSiSiGeGeGeGeGeSiGeSiSiSiGeGeSiSiSiSiSiGeSiGeSiGeGeSiGeSiSiSiSiSiSiSiSiSiSiGeSiSiGeGeSiGeGeSiGeGeGeSiGeGeSiGeSiSi
   -25687.9296875000 GeGeSiGeSiSiGeGeGeGeGeSiGeSiSiSiGeGeSiSiSiSiSiGeSiGeSiGeGeSiGeSiSiSiSiSiSiSiSiSiSiGeSiSiGeGeSiGeGeSiGeGeGeSiGeGeSiGeSiSi
   -25687.9296875000 GeGeSiGeSiSiGeGeGeGeGeSiGeSiSiSiGeGeSiSiSiSiSiGeSiGeSiGeGeSiGeSiSiSiSiSiSiSiSiSiSiGeSiSiGeGeSiGeGeSiGeGeGeSiGeGeSiGeSiSi
   -26698.5898437500 GeGeSiGeSiSiGeGeGeGeGeSiGeSiSiSiGeGeGeSiSiSiSiGeSiGeSiSiGeSiGeSiSiSiSiSiSiSiSiSiSiGeSiSiGeGeSiGeGeSiGeGeGeSiGeGeSiGeSiSi
   -26698.5898437500 GeGeSiGeSiSiGeGeGeGeGeSiGeSiSiSiGeGeGeSiSiSiSiGeSiGeSiSiGeSiGeSiSiSiSiSiSiSiSiSiSiGeSiSiGeGeSiGeGeSiGeGeGeSiGeGeSiGeSiSi
   -26870.9296875000 GeGeSiGeSiSiGeGeGeGeGeSiGeSiSiSiGeGeGeSiSiSiSiGeSiGeSiSiGeSiGeSiSiSiSiSiSiSiSiSiSiSiSiSiGeGeSiGeGeSiGeGeGeSiGeGeSiGeSiGe
   -26870.9296875000 GeGeSiGeSiSiGeGeGeGeGeSiGeSiSiSiGeGeGeSiSiSiSiGeSiGeSiSiGeSiGeSiSiSiSiSiSiSiSiSiSiSiSiSiGeGeSiGeGeSiGeGeGeSiGeGeSiGeSiGe
   -26870.9296875000 GeGeSiGeSiSiGeGeGeGeGeSiGeSiSiSiGeGeGeSiSiSiSiGeSiGeSiSiGeSiGeSiSiSiSiSiSiSiSiSiSiSiSiSiGeGeSiGeGeSiGeGeGeSiGeGeSiGeSiGe
   -26870.9296875000 GeGeSiGeSiSiGeGeGeGeGeSiGeSiSiSiGeGeGeSiSiSiSiGeSiGeSiSiGeSiGeSiSiSiSiSiSiSiSiSiSiSiSiSiGeGeSiGeGeSiGeGeGeSiGeGeSiGeSiGe
   -26870.9296875000 GeGeSiGeSiSiGeGeGeGeGeSiGeSiSiSiGeGeGeSiSiSiSiGeSiGeSiSiGeSiGeSiSiSiSiSiSiSiSiSiSiSiSiSiGeGeSiGeGeSiGeGeGeSiGeGeSiGeSiGe
   -26870.9296875000 GeGeSiGeSiSiGeGeGeGeGeSiGeSiSiSiGeGeGeSiSiSiSiGeSiGeSiSiGeSiGeSiSiSiSiSiSiSiSiSiSiSiSiSiGeGeSiGeGeSiGeGeGeSiGeGeSiGeSiGe
   -26934.7851562500 GeGeSiGeSiSiGeGeGeGeGeSiGeSiSiSiGeGeGeSiSiSiSiGeSiGeSiSiGeSiGeSiSiSiSiSiSiSiSiSiSiGeSiSiGeGeSiGeGeSiGeGeSiSiGeGeSiGeSiGe
   -27719.4238281250 GeGeSiGeSiSiGeGeGeGeSiSiGeSiGeSiGeGeGeSiSiSiSiSiSiGeSiSiGeSiGeSiSiSiSiSiSiSiSiGeSiGeSiSiGeGeSiGeGeSiGeGeGeSiGeGeSiSiSiGe
   -28101.0332031250 GeGeSiGeSiSiGeGeGeGeSiSiGeSiSiSiGeGeGeSiSiSiGeSiSiGeSiSiGeSiGeSiSiSiSiSiSiSiSiGeSiGeSiSiGeGeSiGeGeSiGeGeGeSiGeGeSiSiSiGe
   -28101.0332031250 GeGeSiGeSiSiGeGeGeGeSiSiGeSiSiSiGeGeGeSiSiSiGeSiSiGeSiSiGeSiGeSiSiSiSiSiSiSiSiGeSiGeSiSiGeGeSiGeGeSiGeGeGeSiGeGeSiSiSiGe
   -28101.0332031250 GeGeSiGeSiSiGeGeGeGeSiSiGeSiSiSiGeGeGeSiSiSiGeSiSiGeSiSiGeSiGeSiSiSiSiSiSiSiSiGeSiGeSiSiGeGeSiGeGeSiGeGeGeSiGeGeSiSiSiGe
   -28101.0332031250 GeGeSiGeSiSiGeGeGeGeSiSiGeSiSiSiGeGeGeSiSiSiGeSiSiGeSiSiGeSiGeSiSiSiSiSiSiSiSiGeSiGeSiSiGeGeSiGeGeSiGeGeGeSiGeGeSiSiSiGe
   -28101.0332031250 GeGeSiGeSiSiGeGeGeGeSiSiGeSiSiSiGeGeGeSiSiSiGeSiSiGeSiSiGeSiGeSiSiSiSiSiSiSiSiGeSiGeSiSiGeGeSiGeGeSiGeGeGeSiGeGeSiSiSiGe
   -28101.0332031250 GeGeSiGeSiSiGeGeGeGeSiSiGeSiSiSiGeGeGeSiSiSiGeSiSiGeSiSiGeSiGeSiSiSiSiSiSiSiSiGeSiGeSiSiGeGeSiGeGeSiGeGeGeSiGeGeSiSiSiGe
   -28101.0332031250 GeGeSiGeSiSiGeGeGeGeSiSiGeSiSiSiGeGeGeSiSiSiGeSiSiGeSiSiGeSiGeSiSiSiSiSiSiSiSiGeSiGeSiSiGeGeSiGeGeSiGeGeGeSiGeGeSiSiSiGe
   -28101.0332031250 GeGeSiGeSiSiGeGeGeGeSiSiGeSiSiSiGeGeGeSiSiSiGeSiSiGeSiSiGeSiGeSiSiSiSiSiSiSiSiGeSiGeSiSiGeGeSiGeGeSiGeGeGeSiGeGeSiSiSiGe
   -28510.1972656250 GeGeSiGeSiSiGeGeGeGeSiSiGeGeSiSiGeGeGeSiSiSiGeSiSiGeSiSiGeSiGeSiSiSiSiSiSiSiSiGeSiGeSiSiGeGeSiGeGeSiGeSiGeSiGeGeSiSiSiGe
   -28510.1972656250 GeGeSiGeSiSiGeGeGeGeSiSiGeGeSiSiGeGeGeSiSiSiGeSiSiGeSiSiGeSiGeSiSiSiSiSiSiSiSiGeSiGeSiSiGeGeSiGeGeSiGeSiGeSiGeGeSiSiSiGe
   -28510.1972656250 GeGeSiGeSiSiGeGeGeGeSiSiGeGeSiSiGeGeGeSiSiSiGeSiSiGeSiSiGeSiGeSiSiSiSiSiSiSiSiGeSiGeSiSiGeGeSiGeGeSiGeSiGeSiGeGeSiSiSiGe
   -28510.1972656250 GeGeSiGeSiSiGeGeGeGeSiSiGeGeSiSiGeGeGeSiSiSiGeSiSiGeSiSiGeSiGeSiSiSiSiSiSiSiSiGeSiGeSiSiGeGeSiGeGeSiGeSiGeSiGeGeSiSiSiGe
   -28510.1972656250 GeGeSiGeSiSiGeGeGeGeSiSiGeGeSiSiGeGeGeSiSiSiGeSiSiGeSiSiGeSiGeSiSiSiSiSiSiSiSiGeSiGeSiSiGeGeSiGeGeSiGeSiGeSiGeGeSiSiSiGe
   -28510.1972656250 GeGeSiGeSiSiGeGeGeGeSiSiGeGeSiSiGeGeGeSiSiSiGeSiSiGeSiSiGeSiGeSiSiSiSiSiSiSiSiGeSiGeSiSiGeGeSiGeGeSiGeSiGeSiGeGeSiSiSiGe
   -28510.4550781250 GeGeSiGeSiSiGeGeGeGeSiSiGeGeGeSiGeGeGeSiSiSiGeSiSiGeSiSiSiSiGeSiSiSiSiSiSiSiSiGeSiGeSiSiGeGeSiGeGeSiGeSiGeSiGeGeSiSiSiGe
   -28510.4550781250 GeGeSiGeSiSiGeGeGeGeSiSiGeGeGeSiGeGeGeSiSiSiGeSiSiGeSiSiSiSiGeSiSiSiSiSiSiSiSiGeSiGeSiSiGeGeSiGeGeSiGeSiGeSiGeGeSiSiSiGe
   -28510.4550781250 GeGeSiGeSiSiGeGeGeGeSiSiGeGeGeSiGeGeGeSiSiSiGeSiSiGeSiSiSiSiGeSiSiSiSiSiSiSiSiGeSiGeSiSiGeGeSiGeGeSiGeSiGeSiGeGeSiSiSiGe
   -28510.4550781250 GeGeSiGeSiSiGeGeGeGeSiSiGeGeGeSiGeGeGeSiSiSiGeSiSiGeSiSiSiSiGeSiSiSiSiSiSiSiSiGeSiGeSiSiGeGeSiGeGeSiGeSiGeSiGeGeSiSiSiGe
   -28510.4550781250 GeGeSiGeSiSiGeGeGeGeSiSiGeGeGeSiGeGeGeSiSiSiGeSiSiGeSiSiSiSiGeSiSiSiSiSiSiSiSiGeSiGeSiSiGeGeSiGeGeSiGeSiGeSiGeGeSiSiSiGe
   -28510.4550781250 GeGeSiGeSiSiGeGeGeGeSiSiGeGeGeSiGeGeGeSiSiSiGeSiSiGeSiSiSiSiGeSiSiSiSiSiSiSiSiGeSiGeSiSiGeGeSiGeGeSiGeSiGeSiGeGeSiSiSiGe
   -28510.4550781250 GeGeSiGeSiSiGeGeGeGeSiSiGeGeGeSiGeGeGeSiSiSiGeSiSiGeSiSiSiSiGeSiSiSiSiSiSiSiSiGeSiGeSiSiGeGeSiGeGeSiGeSiGeSiGeGeSiSiSiGe
   -28510.4550781250 GeGeSiGeSiSiGeGeGeGeSiSiGeGeGeSiGeGeGeSiSiSiGeSiSiGeSiSiSiSiGeSiSiSiSiSiSiSiSiGeSiGeSiSiGeGeSiGeGeSiGeSiGeSiGeGeSiSiSiGe
   -28510.4550781250 GeGeSiGeSiSiGeGeGeGeSiSiGeGeGeSiGeGeGeSiSiSiGeSiSiGeSiSiSiSiGeSiSiSiSiSiSiSiSiGeSiGeSiSiGeGeSiGeGeSiGeSiGeSiGeGeSiSiSiGe
   -28510.4550781250 GeGeSiGeSiSiGeGeGeGeSiSiGeGeGeSiGeGeGeSiSiSiGeSiSiGeSiSiSiSiGeSiSiSiSiSiSiSiSiGeSiGeSiSiGeGeSiGeGeSiGeSiGeSiGeGeSiSiSiGe
   -28510.4550781250 GeGeSiGeSiSiGeGeGeGeSiSiGeGeGeSiGeGeGeSiSiSiGeSiSiGeSiSiSiSiGeSiSiSiSiSiSiSiSiGeSiGeSiSiGeGeSiGeGeSiGeSiGeSiGeGeSiSiSiGe
   -28510.4550781250 GeGeSiGeSiSiGeGeGeGeSiSiGeGeGeSiGeGeGeSiSiSiGeSiSiGeSiSiSiSiGeSiSiSiSiSiSiSiSiGeSiGeSiSiGeGeSiGeGeSiGeSiGeSiGeGeSiSiSiGe
   -28510.4550781250 GeGeSiGeSiSiGeGeGeGeSiSiGeGeGeSiGeGeGeSiSiSiGeSiSiGeSiSiSiSiGeSiSiSiSiSiSiSiSiGeSiGeSiSiGeGeSiGeGeSiGeSiGeSiGeGeSiSiSiGe
   -28510.4550781250 GeGeSiGeSiSiGeGeGeGeSiSiGeGeGeSiGeGeGeSiSiSiGeSiSiGeSiSiSiSiGeSiSiSiSiSiSiSiSiGeSiGeSiSiGeGeSiGeGeSiGeSiGeSiGeGeSiSiSiGe
   -28510.4550781250 GeGeSiGeSiSiGeGeGeGeSiSiGeGeGeSiGeGeGeSiSiSiGeSiSiGeSiSiSiSiGeSiSiSiSiSiSiSiSiGeSiGeSiSiGeGeSiGeGeSiGeSiGeSiGeGeSiSiSiGe
   -28510.4550781250 GeGeSiGeSiSiGeGeGeGeSiSiGeGeGeSiGeGeGeSiSiSiGeSiSiGeSiSiSiSiGeSiSiSiSiSiSiSiSiGeSiGeSiSiGeGeSiGeGeSiGeSiGeSiGeGeSiSiSiGe
   -28510.4550781250 GeGeSiGeSiSiGeGeGeGeSiSiGeGeGeSiGeGeGeSiSiSiGeSiSiGeSiSiSiSiGeSiSiSiSiSiSiSiSiGeSiGeSiSiGeGeSiGeGeSiGeSiGeSiGeGeSiSiSiGe
   -28510.4550781250 GeGeSiGeSiSiGeGeGeGeSiSiGeGeGeSiGeGeGeSiSiSiGeSiSiGeSiSiSiSiGeSiSiSiSiSiSiSiSiGeSiGeSiSiGeGeSiGeGeSiGeSiGeSiGeGeSiSiSiGe
   -28510.4550781250 GeGeSiGeSiSiGeGeGeGeSiSiGeGeGeSiGeGeGeSiSiSiGeSiSiGeSiSiSiSiGeSiSiSiSiSiSiSiSiGeSiGeSiSiGeGeSiGeGeSiGeSiGeSiGeGeSiSiSiGe
   -28510.4550781250 GeGeSiGeSiSiGeGeGeGeSiSiGeGeGeSiGeGeGeSiSiSiGeSiSiGeSiSiSiSiGeSiSiSiSiSiSiSiSiGeSiGeSiSiGeGeSiGeGeSiGeSiGeSiGeGeSiSiSiGe
   -28510.4550781250 GeGeSiGeSiSiGeGeGeGeSiSiGeGeGeSiGeGeGeSiSiSiGeSiSiGeSiSiSiSiGeSiSiSiSiSiSiSiSiGeSiGeSiSiGeGeSiGeGeSiGeSiGeSiGeGeSiSiSiGe
   -28510.4550781250 GeGeSiGeSiSiGeGeGeGeSiSiGeGeGeSiGeGeGeSiSiSiGeSiSiGeSiSiSiSiGeSiSiSiSiSiSiSiSiGeSiGeSiSiGeGeSiGeGeSiGeSiGeSiGeGeSiSiSiGe
   -28510.4550781250 GeGeSiGeSiSiGeGeGeGeSiSiGeGeGeSiGeGeGeSiSiSiGeSiSiGeSiSiSiSiGeSiSiSiSiSiSiSiSiGeSiGeSiSiGeGeSiGeGeSiGeSiGeSiGeGeSiSiSiGe
   -28510.4550781250 GeGeSiGeSiSiGeGeGeGeSiSiGeGeGeSiGeGeGeSiSiSiGeSiSiGeSiSiSiSiGeSiSiSiSiSiSiSiSiGeSiGeSiSiGeGeSiGeGeSiGeSiGeSiGeGeSiSiSiGe
   -28510.4550781250 GeGeSiGeSiSiGeGeGeGeSiSiGeGeGeSiGeGeGeSiSiSiGeSiSiGeSiSiSiSiGeSiSiSiSiSiSiSiSiGeSiGeSiSiGeGeSiGeGeSiGeSiGeSiGeGeSiSiSiGe
   -28510.4550781250 GeGeSiGeSiSiGeGeGeGeSiSiGeGeGeSiGeGeGeSiSiSiGeSiSiGeSiSiSiSiGeSiSiSiSiSiSiSiSiGeSiGeSiSiGeGeSiGeGeSiGeSiGeSiGeGeSiSiSiGe
   -28510.4550781250 GeGeSiGeSiSiGeGeGeGeSiSiGeGeGeSiGeGeGeSiSiSiGeSiSiGeSiSiSiSiGeSiSiSiSiSiSiSiSiGeSiGeSiSiGeGeSiGeGeSiGeSiGeSiGeGeSiSiSiGe
   -28510.4550781250 GeGeSiGeSiSiGeGeGeGeSiSiGeGeGeSiGeGeGeSiSiSiGeSiSiGeSiSiSiSiGeSiSiSiSiSiSiSiSiGeSiGeSiSiGeGeSiGeGeSiGeSiGeSiGeGeSiSiSiGe
   -28510.4550781250 GeGeSiGeSiSiGeGeGeGeSiSiGeGeGeSiGeGeGeSiSiSiGeSiSiGeSiSiSiSiGeSiSiSiSiSiSiSiSiGeSiGeSiSiGeGeSiGeGeSiGeSiGeSiGeGeSiSiSiGe
   -28510.4550781250 GeGeSiGeSiSiGeGeGeGeSiSiGeGeGeSiGeGeGeSiSiSiGeSiSiGeSiSiSiSiGeSiSiSiSiSiSiSiSiGeSiGeSiSiGeGeSiGeGeSiGeSiGeSiGeGeSiSiSiGe
   -28510.4550781250 GeGeSiGeSiSiGeGeGeGeSiSiGeGeGeSiGeGeGeSiSiSiGeSiSiGeSiSiSiSiGeSiSiSiSiSiSiSiSiGeSiGeSiSiGeGeSiGeGeSiGeSiGeSiGeGeSiSiSiGe
   -28510.4550781250 GeGeSiGeSiSiGeGeGeGeSiSiGeGeGeSiGeGeGeSiSiSiGeSiSiGeSiSiSiSiGeSiSiSiSiSiSiSiSiGeSiGeSiSiGeGeSiGeGeSiGeSiGeSiGeGeSiSiSiGe
   -28510.4550781250 GeGeSiGeSiSiGeGeGeGeSiSiGeGeGeSiGeGeGeSiSiSiGeSiSiGeSiSiSiSiGeSiSiSiSiSiSiSiSiGeSiGeSiSiGeGeSiGeGeSiGeSiGeSiGeGeSiSiSiGe
   -28510.4550781250 GeGeSiGeSiSiGeGeGeGeSiSiGeGeGeSiGeGeGeSiSiSiGeSiSiGeSiSiSiSiGeSiSiSiSiSiSiSiSiGeSiGeSiSiGeGeSiGeGeSiGeSiGeSiGeGeSiSiSiGe
   -28510.4550781250 GeGeSiGeSiSiGeGeGeGeSiSiGeGeGeSiGeGeGeSiSiSiGeSiSiGeSiSiSiSiGeSiSiSiSiSiSiSiSiGeSiGeSiSiGeGeSiGeGeSiGeSiGeSiGeGeSiSiSiGe
   -28510.4550781250 GeGeSiGeSiSiGeGeGeGeSiSiGeGeGeSiGeGeGeSiSiSiGeSiSiGeSiSiSiSiGeSiSiSiSiSiSiSiSiGeSiGeSiSiGeGeSiGeGeSiGeSiGeSiGeGeSiSiSiGe
   -28510.4550781250 GeGeSiGeSiSiGeGeGeGeSiSiGeGeGeSiGeGeGeSiSiSiGeSiSiGeSiSiSiSiGeSiSiSiSiSiSiSiSiGeSiGeSiSiGeGeSiGeGeSiGeSiGeSiGeGeSiSiSiGe
   -28510.4550781250 GeGeSiGeSiSiGeGeGeGeSiSiGeGeGeSiGeGeGeSiSiSiGeSiSiGeSiSiSiSiGeSiSiSiSiSiSiSiSiGeSiGeSiSiGeGeSiGeGeSiGeSiGeSiGeGeSiSiSiGe
   -28510.4550781250 GeGeSiGeSiSiGeGeGeGeSiSiGeGeGeSiGeGeGeSiSiSiGeSiSiGeSiSiSiSiGeSiSiSiSiSiSiSiSiGeSiGeSiSiGeGeSiGeGeSiGeSiGeSiGeGeSiSiSiGe
   -28510.4550781250 GeGeSiGeSiSiGeGeGeGeSiSiGeGeGeSiGeGeGeSiSiSiGeSiSiGeSiSiSiSiGeSiSiSiSiSiSiSiSiGeSiGeSiSiGeGeSiGeGeSiGeSiGeSiGeGeSiSiSiGe
   -28510.4550781250 GeGeSiGeSiSiGeGeGeGeSiSiGeGeGeSiGeGeGeSiSiSiGeSiSiGeSiSiSiSiGeSiSiSiSiSiSiSiSiGeSiGeSiSiGeGeSiGeGeSiGeSiGeSiGeGeSiSiSiGe
   -28510.4550781250 GeGeSiGeSiSiGeGeGeGeSiSiGeGeGeSiGeGeGeSiSiSiGeSiSiGeSiSiSiSiGeSiSiSiSiSiSiSiSiGeSiGeSiSiGeGeSiGeGeSiGeSiGeSiGeGeSiSiSiGe
   -28510.4550781250 GeGeSiGeSiSiGeGeGeGeSiSiGeGeGeSiGeGeGeSiSiSiGeSiSiGeSiSiSiSiGeSiSiSiSiSiSiSiSiGeSiGeSiSiGeGeSiGeGeSiGeSiGeSiGeGeSiSiSiGe
   -28510.4550781250 GeGeSiGeSiSiGeGeGeGeSiSiGeGeGeSiGeGeGeSiSiSiGeSiSiGeSiSiSiSiGeSiSiSiSiSiSiSiSiGeSiGeSiSiGeGeSiGeGeSiGeSiGeSiGeGeSiSiSiGe
   -28510.4550781250 GeGeSiGeSiSiGeGeGeGeSiSiGeGeGeSiGeGeGeSiSiSiGeSiSiGeSiSiSiSiGeSiSiSiSiSiSiSiSiGeSiGeSiSiGeGeSiGeGeSiGeSiGeSiGeGeSiSiSiGe
   -28510.4550781250 GeGeSiGeSiSiGeGeGeGeSiSiGeGeGeSiGeGeGeSiSiSiGeSiSiGeSiSiSiSiGeSiSiSiSiSiSiSiSiGeSiGeSiSiGeGeSiGeGeSiGeSiGeSiGeGeSiSiSiGe
   -28510.4550781250 GeGeSiGeSiSiGeGeGeGeSiSiGeGeGeSiGeGeGeSiSiSiGeSiSiGeSiSiSiSiGeSiSiSiSiSiSiSiSiGeSiGeSiSiGeGeSiGeGeSiGeSiGeSiGeGeSiSiSiGe
   -28510.4550781250 GeGeSiGeSiSiGeGeGeGeSiSiGeGeGeSiGeGeGeSiSiSiGeSiSiGeSiSiSiSiGeSiSiSiSiSiSiSiSiGeSiGeSiSiGeGeSiGeGeSiGeSiGeSiGeGeSiSiSiGe
   -28510.4550781250 GeGeSiGeSiSiGeGeGeGeSiSiGeGeGeSiGeGeGeSiSiSiGeSiSiGeSiSiSiSiGeSiSiSiSiSiSiSiSiGeSiGeSiSiGeGeSiGeGeSiGeSiGeSiGeGeSiSiSiGe
   -28510.4550781250 GeGeSiGeSiSiGeGeGeGeSiSiGeGeGeSiGeGeGeSiSiSiGeSiSiGeSiSiSiSiGeSiSiSiSiSiSiSiSiGeSiGeSiSiGeGeSiGeGeSiGeSiGeSiGeGeSiSiSiGe
   -28510.4550781250 GeGeSiGeSiSiGeGeGeGeSiSiGeGeGeSiGeGeGeSiSiSiGeSiSiGeSiSiSiSiGeSiSiSiSiSiSiSiSiGeSiGeSiSiGeGeSiGeGeSiGeSiGeSiGeGeSiSiSiGe
   -28510.4550781250 GeGeSiGeSiSiGeGeGeGeSiSiGeGeGeSiGeGeGeSiSiSiGeSiSiGeSiSiSiSiGeSiSiSiSiSiSiSiSiGeSiGeSiSiGeGeSiGeGeSiGeSiGeSiGeGeSiSiSiGe
   -28510.4550781250 GeGeSiGeSiSiGeGeGeGeSiSiGeGeGeSiGeGeGeSiSiSiGeSiSiGeSiSiSiSiGeSiSiSiSiSiSiSiSiGeSiGeSiSiGeGeSiGeGeSiGeSiGeSiGeGeSiSiSiGe
   -28510.4550781250 GeGeSiGeSiSiGeGeGeGeSiSiGeGeGeSiGeGeGeSiSiSiGeSiSiGeSiSiSiSiGeSiSiSiSiSiSiSiSiGeSiGeSiSiGeGeSiGeGeSiGeSiGeSiGeGeSiSiSiGe
   -28510.4550781250 GeGeSiGeSiSiGeGeGeGeSiSiGeGeGeSiGeGeGeSiSiSiGeSiSiGeSiSiSiSiGeSiSiSiSiSiSiSiSiGeSiGeSiSiGeGeSiGeGeSiGeSiGeSiGeGeSiSiSiGe
   -28510.4550781250 GeGeSiGeSiSiGeGeGeGeSiSiGeGeGeSiGeGeGeSiSiSiGeSiSiGeSiSiSiSiGeSiSiSiSiSiSiSiSiGeSiGeSiSiGeGeSiGeGeSiGeSiGeSiGeGeSiSiSiGe
   -28510.4550781250 GeGeSiGeSiSiGeGeGeGeSiSiGeGeGeSiGeGeGeSiSiSiGeSiSiGeSiSiSiSiGeSiSiSiSiSiSiSiSiGeSiGeSiSiGeGeSiGeGeSiGeSiGeSiGeGeSiSiSiGe
   -28510.4550781250 GeGeSiGeSiSiGeGeGeGeSiSiGeGeGeSiGeGeGeSiSiSiGeSiSiGeSiSiSiSiGeSiSiSiSiSiSiSiSiGeSiGeSiSiGeGeSiGeGeSiGeSiGeSiGeGeSiSiSiGe
   -28510.4550781250 GeGeSiGeSiSiGeGeGeGeSiSiGeGeGeSiGeGeGeSiSiSiGeSiSiGeSiSiSiSiGeSiSiSiSiSiSiSiSiGeSiGeSiSiGeGeSiGeGeSiGeSiGeSiGeGeSiSiSiGe
   -28510.4550781250 GeGeSiGeSiSiGeGeGeGeSiSiGeGeGeSiGeGeGeSiSiSiGeSiSiGeSiSiSiSiGeSiSiSiSiSiSiSiSiGeSiGeSiSiGeGeSiGeGeSiGeSiGeSiGeGeSiSiSiGe
   -28510.4550781250 GeGeSiGeSiSiGeGeGeGeSiSiGeGeGeSiGeGeGeSiSiSiGeSiSiGeSiSiSiSiGeSiSiSiSiSiSiSiSiGeSiGeSiSiGeGeSiGeGeSiGeSiGeSiGeGeSiSiSiGe
   -28510.4550781250 GeGeSiGeSiSiGeGeGeGeSiSiGeGeGeSiGeGeGeSiSiSiGeSiSiGeSiSiSiSiGeSiSiSiSiSiSiSiSiGeSiGeSiSiGeGeSiGeGeSiGeSiGeSiGeGeSiSiSiGe
   -28510.4550781250 GeGeSiGeSiSiGeGeGeGeSiSiGeGeGeSiGeGeGeSiSiSiGeSiSiGeSiSiSiSiGeSiSiSiSiSiSiSiSiGeSiGeSiSiGeGeSiGeGeSiGeSiGeSiGeGeSiSiSiGe
   -28510.4550781250 GeGeSiGeSiSiGeGeGeGeSiSiGeGeGeSiGeGeGeSiSiSiGeSiSiGeSiSiSiSiGeSiSiSiSiSiSiSiSiGeSiGeSiSiGeGeSiGeGeSiGeSiGeSiGeGeSiSiSiGe
   -28510.4550781250 GeGeSiGeSiSiGeGeGeGeSiSiGeGeGeSiGeGeGeSiSiSiGeSiSiGeSiSiSiSiGeSiSiSiSiSiSiSiSiGeSiGeSiSiGeGeSiGeGeSiGeSiGeSiGeGeSiSiSiGe
   -28510.4550781250 GeGeSiGeSiSiGeGeGeGeSiSiGeGeGeSiGeGeGeSiSiSiGeSiSiGeSiSiSiSiGeSiSiSiSiSiSiSiSiGeSiGeSiSiGeGeSiGeGeSiGeSiGeSiGeGeSiSiSiGe
   -28510.4550781250 GeGeSiGeSiSiGeGeGeGeSiSiGeGeGeSiGeGeGeSiSiSiGeSiSiGeSiSiSiSiGeSiSiSiSiSiSiSiSiGeSiGeSiSiGeGeSiGeGeSiGeSiGeSiGeGeSiSiSiGe
   -28510.4550781250 GeGeSiGeSiSiGeGeGeGeSiSiGeGeGeSiGeGeGeSiSiSiGeSiSiGeSiSiSiSiGeSiSiSiSiSiSiSiSiGeSiGeSiSiGeGeSiGeGeSiGeSiGeSiGeGeSiSiSiGe
   -28510.4550781250 GeGeSiGeSiSiGeGeGeGeSiSiGeGeGeSiGeGeGeSiSiSiGeSiSiGeSiSiSiSiGeSiSiSiSiSiSiSiSiGeSiGeSiSiGeGeSiGeGeSiGeSiGeSiGeGeSiSiSiGe
   -28510.4550781250 GeGeSiGeSiSiGeGeGeGeSiSiGeGeGeSiGeGeGeSiSiSiGeSiSiGeSiSiSiSiGeSiSiSiSiSiSiSiSiGeSiGeSiSiGeGeSiGeGeSiGeSiGeSiGeGeSiSiSiGe
   -28510.4550781250 GeGeSiGeSiSiGeGeGeGeSiSiGeGeGeSiGeGeGeSiSiSiGeSiSiGeSiSiSiSiGeSiSiSiSiSiSiSiSiGeSiGeSiSiGeGeSiGeGeSiGeSiGeSiGeGeSiSiSiGe
   -28510.4550781250 GeGeSiGeSiSiGeGeGeGeSiSiGeGeGeSiGeGeGeSiSiSiGeSiSiGeSiSiSiSiGeSiSiSiSiSiSiSiSiGeSiGeSiSiGeGeSiGeGeSiGeSiGeSiGeGeSiSiSiGe
   -28510.4550781250 GeGeSiGeSiSiGeGeGeGeSiSiGeGeGeSiGeGeGeSiSiSiGeSiSiGeSiSiSiSiGeSiSiSiSiSiSiSiSiGeSiGeSiSiGeGeSiGeGeSiGeSiGeSiGeGeSiSiSiGe
   -28510.4550781250 GeGeSiGeSiSiGeGeGeGeSiSiGeGeGeSiGeGeGeSiSiSiGeSiSiGeSiSiSiSiGeSiSiSiSiSiSiSiSiGeSiGeSiSiGeGeSiGeGeSiGeSiGeSiGeGeSiSiSiGe
   -28510.4550781250 GeGeSiGeSiSiGeGeGeGeSiSiGeGeGeSiGeGeGeSiSiSiGeSiSiGeSiSiSiSiGeSiSiSiSiSiSiSiSiGeSiGeSiSiGeGeSiGeGeSiGeSiGeSiGeGeSiSiSiGe
   -28510.4550781250 GeGeSiGeSiSiGeGeGeGeSiSiGeGeGeSiGeGeGeSiSiSiGeSiSiGeSiSiSiSiGeSiSiSiSiSiSiSiSiGeSiGeSiSiGeGeSiGeGeSiGeSiGeSiGeGeSiSiSiGe
   -28510.4550781250 GeGeSiGeSiSiGeGeGeGeSiSiGeGeGeSiGeGeGeSiSiSiGeSiSiGeSiSiSiSiGeSiSiSiSiSiSiSiSiGeSiGeSiSiGeGeSiGeGeSiGeSiGeSiGeGeSiSiSiGe
   -28510.4550781250 GeGeSiGeSiSiGeGeGeGeSiSiGeGeGeSiGeGeGeSiSiSiGeSiSiGeSiSiSiSiGeSiSiSiSiSiSiSiSiGeSiGeSiSiGeGeSiGeGeSiGeSiGeSiGeGeSiSiSiGe
   -28510.4550781250 GeGeSiGeSiSiGeGeGeGeSiSiGeGeGeSiGeGeGeSiSiSiGeSiSiGeSiSiSiSiGeSiSiSiSiSiSiSiSiGeSiGeSiSiGeGeSiGeGeSiGeSiGeSiGeGeSiSiSiGe
   -28510.4550781250 GeGeSiGeSiSiGeGeGeGeSiSiGeGeGeSiGeGeGeSiSiSiGeSiSiGeSiSiSiSiGeSiSiSiSiSiSiSiSiGeSiGeSiSiGeGeSiGeGeSiGeSiGeSiGeGeSiSiSiGe
   -28510.4550781250 GeGeSiGeSiSiGeGeGeGeSiSiGeGeGeSiGeGeGeSiSiSiGeSiSiGeSiSiSiSiGeSiSiSiSiSiSiSiSiGeSiGeSiSiGeGeSiGeGeSiGeSiGeSiGeGeSiSiSiGe
   -28510.4550781250 GeGeSiGeSiSiGeGeGeGeSiSiGeGeGeSiGeGeGeSiSiSiGeSiSiGeSiSiSiSiGeSiSiSiSiSiSiSiSiGeSiGeSiSiGeGeSiGeGeSiGeSiGeSiGeGeSiSiSiGe
   -28510.4550781250 GeGeSiGeSiSiGeGeGeGeSiSiGeGeGeSiGeGeGeSiSiSiGeSiSiGeSiSiSiSiGeSiSiSiSiSiSiSiSiGeSiGeSiSiGeGeSiGeGeSiGeSiGeSiGeGeSiSiSiGe
   -28510.4550781250 GeGeSiGeSiSiGeGeGeGeSiSiGeGeGeSiGeGeGeSiSiSiGeSiSiGeSiSiSiSiGeSiSiSiSiSiSiSiSiGeSiGeSiSiGeGeSiGeGeSiGeSiGeSiGeGeSiSiSiGe
   -28510.4550781250 GeGeSiGeSiSiGeGeGeGeSiSiGeGeGeSiGeGeGeSiSiSiGeSiSiGeSiSiSiSiGeSiSiSiSiSiSiSiSiGeSiGeSiSiGeGeSiGeGeSiGeSiGeSiGeGeSiSiSiGe
   -28510.4550781250 GeGeSiGeSiSiGeGeGeGeSiSiGeGeGeSiGeGeGeSiSiSiGeSiSiGeSiSiSiSiGeSiSiSiSiSiSiSiSiGeSiGeSiSiGeGeSiGeGeSiGeSiGeSiGeGeSiSiSiGe
   -28510.4550781250 GeGeSiGeSiSiGeGeGeGeSiSiGeGeGeSiGeGeGeSiSiSiGeSiSiGeSiSiSiSiGeSiSiSiSiSiSiSiSiGeSiGeSiSiGeGeSiGeGeSiGeSiGeSiGeGeSiSiSiGe
   -28510.4550781250 GeGeSiGeSiSiGeGeGeGeSiSiGeGeGeSiGeGeGeSiSiSiGeSiSiGeSiSiSiSiGeSiSiSiSiSiSiSiSiGeSiGeSiSiGeGeSiGeGeSiGeSiGeSiGeGeSiSiSiGe
   -28510.4550781250 GeGeSiGeSiSiGeGeGeGeSiSiGeGeGeSiGeGeGeSiSiSiGeSiSiGeSiSiSiSiGeSiSiSiSiSiSiSiSiGeSiGeSiSiGeGeSiGeGeSiGeSiGeSiGeGeSiSiSiGe
   -28510.4550781250 GeGeSiGeSiSiGeGeGeGeSiSiGeGeGeSiGeGeGeSiSiSiGeSiSiGeSiSiSiSiGeSiSiSiSiSiSiSiSiGeSiGeSiSiGeGeSiGeGeSiGeSiGeSiGeGeSiSiSiGe
   -28510.4550781250 GeGeSiGeSiSiGeGeGeGeSiSiGeGeGeSiGeGeGeSiSiSiGeSiSiGeSiSiSiSiGeSiSiSiSiSiSiSiSiGeSiGeSiSiGeGeSiGeGeSiGeSiGeSiGeGeSiSiSiGe
   -28510.4550781250 GeGeSiGeSiSiGeGeGeGeSiSiGeGeGeSiGeGeGeSiSiSiGeSiSiGeSiSiSiSiGeSiSiSiSiSiSiSiSiGeSiGeSiSiGeGeSiGeGeSiGeSiGeSiGeGeSiSiSiGe
   -28510.4550781250 GeGeSiGeSiSiGeGeGeGeSiSiGeGeGeSiGeGeGeSiSiSiGeSiSiGeSiSiSiSiGeSiSiSiSiSiSiSiSiGeSiGeSiSiGeGeSiGeGeSiGeSiGeSiGeGeSiSiSiGe
   -28510.4550781250 GeGeSiGeSiSiGeGeGeGeSiSiGeGeGeSiGeGeGeSiSiSiGeSiSiGeSiSiSiSiGeSiSiSiSiSiSiSiSiGeSiGeSiSiGeGeSiGeGeSiGeSiGeSiGeGeSiSiSiGe
   -28510.4550781250 GeGeSiGeSiSiGeGeGeGeSiSiGeGeGeSiGeGeGeSiSiSiGeSiSiGeSiSiSiSiGeSiSiSiSiSiSiSiSiGeSiGeSiSiGeGeSiGeGeSiGeSiGeSiGeGeSiSiSiGe
   -28510.4550781250 GeGeSiGeSiSiGeGeGeGeSiSiGeGeGeSiGeGeGeSiSiSiGeSiSiGeSiSiSiSiGeSiSiSiSiSiSiSiSiGeSiGeSiSiGeGeSiGeGeSiGeSiGeSiGeGeSiSiSiGe
   -28510.4550781250 GeGeSiGeSiSiGeGeGeGeSiSiGeGeGeSiGeGeGeSiSiSiGeSiSiGeSiSiSiSiGeSiSiSiSiSiSiSiSiGeSiGeSiSiGeGeSiGeGeSiGeSiGeSiGeGeSiSiSiGe
   -28510.4550781250 GeGeSiGeSiSiGeGeGeGeSiSiGeGeGeSiGeGeGeSiSiSiGeSiSiGeSiSiSiSiGeSiSiSiSiSiSiSiSiGeSiGeSiSiGeGeSiGeGeSiGeSiGeSiGeGeSiSiSiGe
   -28510.4550781250 GeGeSiGeSiSiGeGeGeGeSiSiGeGeGeSiGeGeGeSiSiSiGeSiSiGeSiSiSiSiGeSiSiSiSiSiSiSiSiGeSiGeSiSiGeGeSiGeGeSiGeSiGeSiGeGeSiSiSiGe
   -28510.4550781250 GeGeSiGeSiSiGeGeGeGeSiSiGeGeGeSiGeGeGeSiSiSiGeSiSiGeSiSiSiSiGeSiSiSiSiSiSiSiSiGeSiGeSiSiGeGeSiGeGeSiGeSiGeSiGeGeSiSiSiGe
   -28510.4550781250 GeGeSiGeSiSiGeGeGeGeSiSiGeGeGeSiGeGeGeSiSiSiGeSiSiGeSiSiSiSiGeSiSiSiSiSiSiSiSiGeSiGeSiSiGeGeSiGeGeSiGeSiGeSiGeGeSiSiSiGe
   -28510.4550781250 GeGeSiGeSiSiGeGeGeGeSiSiGeGeGeSiGeGeGeSiSiSiGeSiSiGeSiSiSiSiGeSiSiSiSiSiSiSiSiGeSiGeSiSiGeGeSiGeGeSiGeSiGeSiGeGeSiSiSiGe
   -28510.4550781250 GeGeSiGeSiSiGeGeGeGeSiSiGeGeGeSiGeGeGeSiSiSiGeSiSiGeSiSiSiSiGeSiSiSiSiSiSiSiSiGeSiGeSiSiGeGeSiGeGeSiGeSiGeSiGeGeSiSiSiGe
   -28510.4550781250 GeGeSiGeSiSiGeGeGeGeSiSiGeGeGeSiGeGeGeSiSiSiGeSiSiGeSiSiSiSiGeSiSiSiSiSiSiSiSiGeSiGeSiSiGeGeSiGeGeSiGeSiGeSiGeGeSiSiSiGe
   -28510.4550781250 GeGeSiGeSiSiGeGeGeGeSiSiGeGeGeSiGeGeGeSiSiSiGeSiSiGeSiSiSiSiGeSiSiSiSiSiSiSiSiGeSiGeSiSiGeGeSiGeGeSiGeSiGeSiGeGeSiSiSiGe
   -28510.4550781250 GeGeSiGeSiSiGeGeGeGeSiSiGeGeGeSiGeGeGeSiSiSiGeSiSiGeSiSiSiSiGeSiSiSiSiSiSiSiSiGeSiGeSiSiGeGeSiGeGeSiGeSiGeSiGeGeSiSiSiGe
   -28510.4550781250 GeGeSiGeSiSiGeGeGeGeSiSiGeGeGeSiGeGeGeSiSiSiGeSiSiGeSiSiSiSiGeSiSiSiSiSiSiSiSiGeSiGeSiSiGeGeSiGeGeSiGeSiGeSiGeGeSiSiSiGe
   -28510.4550781250 GeGeSiGeSiSiGeGeGeGeSiSiGeGeGeSiGeGeGeSiSiSiGeSiSiGeSiSiSiSiGeSiSiSiSiSiSiSiSiGeSiGeSiSiGeGeSiGeGeSiGeSiGeSiGeGeSiSiSiGe
   -28510.4550781250 GeGeSiGeSiSiGeGeGeGeSiSiGeGeGeSiGeGeGeSiSiSiGeSiSiGeSiSiSiSiGeSiSiSiSiSiSiSiSiGeSiGeSiSiGeGeSiGeGeSiGeSiGeSiGeGeSiSiSiGe
   -28510.4550781250 GeGeSiGeSiSiGeGeGeGeSiSiGeGeGeSiGeGeGeSiSiSiGeSiSiGeSiSiSiSiGeSiSiSiSiSiSiSiSiGeSiGeSiSiGeGeSiGeGeSiGeSiGeSiGeGeSiSiSiGe
   -28510.4550781250 GeGeSiGeSiSiGeGeGeGeSiSiGeGeGeSiGeGeGeSiSiSiGeSiSiGeSiSiSiSiGeSiSiSiSiSiSiSiSiGeSiGeSiSiGeGeSiGeGeSiGeSiGeSiGeGeSiSiSiGe
   -28510.4550781250 GeGeSiGeSiSiGeGeGeGeSiSiGeGeGeSiGeGeGeSiSiSiGeSiSiGeSiSiSiSiGeSiSiSiSiSiSiSiSiGeSiGeSiSiGeGeSiGeGeSiGeSiGeSiGeGeSiSiSiGe
   -28510.4550781250 GeGeSiGeSiSiGeGeGeGeSiSiGeGeGeSiGeGeGeSiSiSiGeSiSiGeSiSiSiSiGeSiSiSiSiSiSiSiSiGeSiGeSiSiGeGeSiGeGeSiGeSiGeSiGeGeSiSiSiGe
   -28510.4550781250 GeGeSiGeSiSiGeGeGeGeSiSiGeGeGeSiGeGeGeSiSiSiGeSiSiGeSiSiSiSiGeSiSiSiSiSiSiSiSiGeSiGeSiSiGeGeSiGeGeSiGeSiGeSiGeGeSiSiSiGe
   -28510.4550781250 GeGeSiGeSiSiGeGeGeGeSiSiGeGeGeSiGeGeGeSiSiSiGeSiSiGeSiSiSiSiGeSiSiSiSiSiSiSiSiGeSiGeSiSiGeGeSiGeGeSiGeSiGeSiGeGeSiSiSiGe
   -28510.4550781250 GeGeSiGeSiSiGeGeGeGeSiSiGeGeGeSiGeGeGeSiSiSiGeSiSiGeSiSiSiSiGeSiSiSiSiSiSiSiSiGeSiGeSiSiGeGeSiGeGeSiGeSiGeSiGeGeSiSiSiGe
   -28510.4550781250 GeGeSiGeSiSiGeGeGeGeSiSiGeGeGeSiGeGeGeSiSiSiGeSiSiGeSiSiSiSiGeSiSiSiSiSiSiSiSiGeSiGeSiSiGeGeSiGeGeSiGeSiGeSiGeGeSiSiSiGe
   -28510.4550781250 GeGeSiGeSiSiGeGeGeGeSiSiGeGeGeSiGeGeGeSiSiSiGeSiSiGeSiSiSiSiGeSiSiSiSiSiSiSiSiGeSiGeSiSiGeGeSiGeGeSiGeSiGeSiGeGeSiSiSiGe
   -28510.4550781250 GeGeSiGeSiSiGeGeGeGeSiSiGeGeGeSiGeGeGeSiSiSiGeSiSiGeSiSiSiSiGeSiSiSiSiSiSiSiSiGeSiGeSiSiGeGeSiGeGeSiGeSiGeSiGeGeSiSiSiGe
   -28510.4550781250 GeGeSiGeSiSiGeGeGeGeSiSiGeGeGeSiGeGeGeSiSiSiGeSiSiGeSiSiSiSiGeSiSiSiSiSiSiSiSiGeSiGeSiSiGeGeSiGeGeSiGeSiGeSiGeGeSiSiSiGe
   -28510.4550781250 GeGeSiGeSiSiGeGeGeGeSiSiGeGeGeSiGeGeGeSiSiSiGeSiSiGeSiSiSiSiGeSiSiSiSiSiSiSiSiGeSiGeSiSiGeGeSiGeGeSiGeSiGeSiGeGeSiSiSiGe
   -28510.4550781250 GeGeSiGeSiSiGeGeGeGeSiSiGeGeGeSiGeGeGeSiSiSiGeSiSiGeSiSiSiSiGeSiSiSiSiSiSiSiSiGeSiGeSiSiGeGeSiGeGeSiGeSiGeSiGeGeSiSiSiGe
   -28510.4550781250 GeGeSiGeSiSiGeGeGeGeSiSiGeGeGeSiGeGeGeSiSiSiGeSiSiGeSiSiSiSiGeSiSiSiSiSiSiSiSiGeSiGeSiSiGeGeSiGeGeSiGeSiGeSiGeGeSiSiSiGe
   -28510.4550781250 GeGeSiGeSiSiGeGeGeGeSiSiGeGeGeSiGeGeGeSiSiSiGeSiSiGeSiSiSiSiGeSiSiSiSiSiSiSiSiGeSiGeSiSiGeGeSiGeGeSiGeSiGeSiGeGeSiSiSiGe
   -28510.4550781250 GeGeSiGeSiSiGeGeGeGeSiSiGeGeGeSiGeGeGeSiSiSiGeSiSiGeSiSiSiSiGeSiSiSiSiSiSiSiSiGeSiGeSiSiGeGeSiGeGeSiGeSiGeSiGeGeSiSiSiGe
   -28510.4550781250 GeGeSiGeSiSiGeGeGeGeSiSiGeGeGeSiGeGeGeSiSiSiGeSiSiGeSiSiSiSiGeSiSiSiSiSiSiSiSiGeSiGeSiSiGeGeSiGeGeSiGeSiGeSiGeGeSiSiSiGe
   -28510.4550781250 GeGeSiGeSiSiGeGeGeGeSiSiGeGeGeSiGeGeGeSiSiSiGeSiSiGeSiSiSiSiGeSiSiSiSiSiSiSiSiGeSiGeSiSiGeGeSiGeGeSiGeSiGeSiGeGeSiSiSiGe
   -28510.4550781250 GeGeSiGeSiSiGeGeGeGeSiSiGeGeGeSiGeGeGeSiSiSiGeSiSiGeSiSiSiSiGeSiSiSiSiSiSiSiSiGeSiGeSiSiGeGeSiGeGeSiGeSiGeSiGeGeSiSiSiGe
   -28510.4550781250 GeGeSiGeSiSiGeGeGeGeSiSiGeGeGeSiGeGeGeSiSiSiGeSiSiGeSiSiSiSiGeSiSiSiSiSiSiSiSiGeSiGeSiSiGeGeSiGeGeSiGeSiGeSiGeGeSiSiSiGe
   -28510.4550781250 GeGeSiGeSiSiGeGeGeGeSiSiGeGeGeSiGeGeGeSiSiSiGeSiSiGeSiSiSiSiGeSiSiSiSiSiSiSiSiGeSiGeSiSiGeGeSiGeGeSiGeSiGeSiGeGeSiSiSiGe
   -28510.4550781250 GeGeSiGeSiSiGeGeGeGeSiSiGeGeGeSiGeGeGeSiSiSiGeSiSiGeSiSiSiSiGeSiSiSiSiSiSiSiSiGeSiGeSiSiGeGeSiGeGeSiGeSiGeSiGeGeSiSiSiGe
   -28510.4550781250 GeGeSiGeSiSiGeGeGeGeSiSiGeGeGeSiGeGeGeSiSiSiGeSiSiGeSiSiSiSiGeSiSiSiSiSiSiSiSiGeSiGeSiSiGeGeSiGeGeSiGeSiGeSiGeGeSiSiSiGe
   -28510.4550781250 GeGeSiGeSiSiGeGeGeGeSiSiGeGeGeSiGeGeGeSiSiSiGeSiSiGeSiSiSiSiGeSiSiSiSiSiSiSiSiGeSiGeSiSiGeGeSiGeGeSiGeSiGeSiGeGeSiSiSiGe
   -28510.4550781250 GeGeSiGeSiSiGeGeGeGeSiSiGeGeGeSiGeGeGeSiSiSiGeSiSiGeSiSiSiSiGeSiSiSiSiSiSiSiSiGeSiGeSiSiGeGeSiGeGeSiGeSiGeSiGeGeSiSiSiGe
   -28510.4550781250 GeGeSiGeSiSiGeGeGeGeSiSiGeGeGeSiGeGeGeSiSiSiGeSiSiGeSiSiSiSiGeSiSiSiSiSiSiSiSiGeSiGeSiSiGeGeSiGeGeSiGeSiGeSiGeGeSiSiSiGe
   -28510.4550781250 GeGeSiGeSiSiGeGeGeGeSiSiGeGeGeSiGeGeGeSiSiSiGeSiSiGeSiSiSiSiGeSiSiSiSiSiSiSiSiGeSiGeSiSiGeGeSiGeGeSiGeSiGeSiGeGeSiSiSiGe
   -28510.4550781250 GeGeSiGeSiSiGeGeGeGeSiSiGeGeGeSiGeGeGeSiSiSiGeSiSiGeSiSiSiSiGeSiSiSiSiSiSiSiSiGeSiGeSiSiGeGeSiGeGeSiGeSiGeSiGeGeSiSiSiGe
   -28510.4550781250 GeGeSiGeSiSiGeGeGeGeSiSiGeGeGeSiGeGeGeSiSiSiGeSiSiGeSiSiSiSiGeSiSiSiSiSiSiSiSiGeSiGeSiSiGeGeSiGeGeSiGeSiGeSiGeGeSiSiSiGe
   -28510.4550781250 GeGeSiGeSiSiGeGeGeGeSiSiGeGeGeSiGeGeGeSiSiSiGeSiSiGeSiSiSiSiGeSiSiSiSiSiSiSiSiGeSiGeSiSiGeGeSiGeGeSiGeSiGeSiGeGeSiSiSiGe
   -28510.4550781250 GeGeSiGeSiSiGeGeGeGeSiSiGeGeGeSiGeGeGeSiSiSiGeSiSiGeSiSiSiSiGeSiSiSiSiSiSiSiSiGeSiGeSiSiGeGeSiGeGeSiGeSiGeSiGeGeSiSiSiGe
   -28510.4550781250 GeGeSiGeSiSiGeGeGeGeSiSiGeGeGeSiGeGeGeSiSiSiGeSiSiGeSiSiSiSiGeSiSiSiSiSiSiSiSiGeSiGeSiSiGeGeSiGeGeSiGeSiGeSiGeGeSiSiSiGe
   -28510.4550781250 GeGeSiGeSiSiGeGeGeGeSiSiGeGeGeSiGeGeGeSiSiSiGeSiSiGeSiSiSiSiGeSiSiSiSiSiSiSiSiGeSiGeSiSiGeGeSiGeGeSiGeSiGeSiGeGeSiSiSiGe
   -28510.4550781250 GeGeSiGeSiSiGeGeGeGeSiSiGeGeGeSiGeGeGeSiSiSiGeSiSiGeSiSiSiSiGeSiSiSiSiSiSiSiSiGeSiGeSiSiGeGeSiGeGeSiGeSiGeSiGeGeSiSiSiGe
   -28510.4550781250 GeGeSiGeSiSiGeGeGeGeSiSiGeGeGeSiGeGeGeSiSiSiGeSiSiGeSiSiSiSiGeSiSiSiSiSiSiSiSiGeSiGeSiSiGeGeSiGeGeSiGeSiGeSiGeGeSiSiSiGe
   -28510.4550781250 GeGeSiGeSiSiGeGeGeGeSiSiGeGeGeSiGeGeGeSiSiSiGeSiSiGeSiSiSiSiGeSiSiSiSiSiSiSiSiGeSiGeSiSiGeGeSiGeGeSiGeSiGeSiGeGeSiSiSiGe
   -28510.4550781250 GeGeSiGeSiSiGeGeGeGeSiSiGeGeGeSiGeGeGeSiSiSiGeSiSiGeSiSiSiSiGeSiSiSiSiSiSiSiSiGeSiGeSiSiGeGeSiGeGeSiGeSiGeSiGeGeSiSiSiGe
   -28510.4550781250 GeGeSiGeSiSiGeGeGeGeSiSiGeGeGeSiGeGeGeSiSiSiGeSiSiGeSiSiSiSiGeSiSiSiSiSiSiSiSiGeSiGeSiSiGeGeSiGeGeSiGeSiGeSiGeGeSiSiSiGe
   -28510.4550781250 GeGeSiGeSiSiGeGeGeGeSiSiGeGeGeSiGeGeGeSiSiSiGeSiSiGeSiSiSiSiGeSiSiSiSiSiSiSiSiGeSiGeSiSiGeGeSiGeGeSiGeSiGeSiGeGeSiSiSiGe
   -28510.4550781250 GeGeSiGeSiSiGeGeGeGeSiSiGeGeGeSiGeGeGeSiSiSiGeSiSiGeSiSiSiSiGeSiSiSiSiSiSiSiSiGeSiGeSiSiGeGeSiGeGeSiGeSiGeSiGeGeSiSiSiGe
   -28510.4550781250 GeGeSiGeSiSiGeGeGeGeSiSiGeGeGeSiGeGeGeSiSiSiGeSiSiGeSiSiSiSiGeSiSiSiSiSiSiSiSiGeSiGeSiSiGeGeSiGeGeSiGeSiGeSiGeGeSiSiSiGe
   -28510.4550781250 GeGeSiGeSiSiGeGeGeGeSiSiGeGeGeSiGeGeGeSiSiSiGeSiSiGeSiSiSiSiGeSiSiSiSiSiSiSiSiGeSiGeSiSiGeGeSiGeGeSiGeSiGeSiGeGeSiSiSiGe
   -28510.4550781250 GeGeSiGeSiSiGeGeGeGeSiSiGeGeGeSiGeGeGeSiSiSiGeSiSiGeSiSiSiSiGeSiSiSiSiSiSiSiSiGeSiGeSiSiGeGeSiGeGeSiGeSiGeSiGeGeSiSiSiGe
   -28510.4550781250 GeGeSiGeSiSiGeGeGeGeSiSiGeGeGeSiGeGeGeSiSiSiGeSiSiGeSiSiSiSiGeSiSiSiSiSiSiSiSiGeSiGeSiSiGeGeSiGeGeSiGeSiGeSiGeGeSiSiSiGe
   -28510.4550781250 GeGeSiGeSiSiGeGeGeGeSiSiGeGeGeSiGeGeGeSiSiSiGeSiSiGeSiSiSiSiGeSiSiSiSiSiSiSiSiGeSiGeSiSiGeGeSiGeGeSiGeSiGeSiGeGeSiSiSiGe
   -28510.4550781250 GeGeSiGeSiSiGeGeGeGeSiSiGeGeGeSiGeGeGeSiSiSiGeSiSiGeSiSiSiSiGeSiSiSiSiSiSiSiSiGeSiGeSiSiGeGeSiGeGeSiGeSiGeSiGeGeSiSiSiGe
filename: c000001366323044.gin     
Cell:
    11.9020996    11.9020996    29.6919994    90.0000000    90.0000000   120.0000000
Box:
    11.9020996    -5.9510503     0.0000000
     0.0000000    10.3075209     0.0000000
     0.0000000     0.0000000    29.6919994
----------------------------------------
Inverse Box:
     0.0840188     0.0485083     0.0000000
     0.0000000     0.0970165     0.0000000
     0.0000000     0.0000000     0.0336791
----------------------------------------
==============================================
geometrical properties of  27 Ge:
 Configuration:           0
 D_ave:   9.22500134       3.43775201    
 D_min:   3.63314414      0.733393908    
 energia:  -28510.4551    
