Random Seed:  1420750058
Number of atoms:    60
Space Group:    1
Cell:
    11.9020996    11.9020996    29.6919994    90.0000000    90.0000000   120.0000000
Box:
    11.9020996    -5.9510503     0.0000000
     0.0000000    10.3075209     0.0000000
     0.0000000     0.0000000    29.6919994
----------------------------------------
Inverse Box:
     0.0840188     0.0485083     0.0000000
     0.0000000     0.0970165     0.0000000
     0.0000000     0.0000000     0.0336791
----------------------------------------
GeSiSiSiSiSiSiSiSiSiSiSiSiSiSiSiSiSiSiSiSiSiSiSiSiSiSiSiSiSiSiSiSiSiSiSiSiSiSiSiGeSiSiSiSiSiSiSiSiSiSiSiSiSiSiSiSiSiSiSi
           1 Ge    -7733.49951    
GeGeSiSiSiSiSiSiSiSiSiSiSiSiSiSiSiSiSiSiSiSiSiSiSiSiSiSiSiSiSiSiSiSiSiSiSiSiSiSiGeSiSiSiSiSiSiSiSiSiSiSiSiSiSiSiSiSiSiSi
           2 Ge    -7727.50293    
GeGeGeSiSiSiSiSiSiSiSiSiSiSiSiSiSiSiSiSiSiSiSiSiSiSiSiSiSiSiSiSiSiSiSiSiSiSiSiSiGeSiSiSiSiSiSiSiSiSiSiSiSiSiSiSiSiSiSiSi
           3 Ge    -7720.51025    
GeGeGeGeSiSiSiSiSiSiSiSiSiSiSiSiSiSiSiSiSiSiSiSiSiSiSiSiSiSiSiSiSiSiSiSiSiSiSiSiGeSiSiSiSiSiSiSiSiSiSiSiSiSiSiSiSiSiSiSi
           4 Ge    -7744.08887    
GeGeGeGeGeSiSiSiSiSiSiSiSiSiSiSiSiSiSiSiSiSiSiSiSiSiSiSiSiSiSiSiSiSiSiSiSiSiSiSiGeSiSiSiSiSiSiSiSiSiSiSiSiSiSiSiSiSiSiSi
           5 Ge    -7786.05566    
GeGeGeGeGeGeSiSiSiSiSiSiSiSiSiSiSiSiSiSiSiSiSiSiSiSiSiSiSiSiSiSiSiSiSiSiSiSiSiSiGeSiSiSiSiSiSiSiSiSiSiSiSiSiSiSiSiSiSiSi
           6 Ge    -7852.10156    
GeGeGeGeGeGeGeSiSiSiSiSiSiSiSiSiSiSiSiSiSiSiSiSiSiSiSiSiSiSiSiSiSiSiSiSiSiSiSiSiGeSiSiSiSiSiSiSiSiSiSiSiSiSiSiSiSiSiSiSi
           7 Ge    -8017.89453    
GeGeGeGeGeGeGeGeSiSiSiSiSiSiSiSiSiSiSiSiSiSiSiSiSiSiSiSiSiSiSiSiSiSiSiSiSiSiSiSiGeSiSiSiSiSiSiSiSiSiSiSiSiSiSiSiSiSiSiSi
           8 Ge    -8218.79102    
GeGeGeGeGeGeGeGeSiSiSiGeSiSiSiSiSiSiSiSiSiSiSiSiSiSiSiSiSiSiSiSiSiSiSiSiSiSiSiSiGeSiSiSiSiSiSiSiSiSiSiSiSiSiSiSiSiSiSiSi
          12 Ge    -8547.68359    
GeGeGeGeGeGeGeGeSiSiSiGeSiGeSiSiSiSiSiSiSiSiSiSiSiSiSiSiSiSiSiSiSiSiSiSiSiSiSiSiGeSiSiSiSiSiSiSiSiSiSiSiSiSiSiSiSiSiSiSi
          14 Ge    -8931.32422    
GeGeGeGeGeGeGeGeSiSiSiGeSiGeSiGeSiSiSiSiSiSiSiSiSiSiSiSiSiSiSiSiSiSiSiSiSiSiSiSiGeSiSiSiSiSiSiSiSiSiSiSiSiSiSiSiSiSiSiSi
          16 Ge    -9373.03613    
GeGeGeGeGeGeGeGeSiSiSiGeSiGeSiGeSiSiSiSiSiSiSiSiSiGeSiSiSiSiSiSiSiSiSiSiSiSiSiSiGeSiSiSiSiSiSiSiSiSiSiSiSiSiSiSiSiSiSiSi
          26 Ge    -9233.23633    
GeGeGeGeGeGeGeGeSiSiSiGeSiGeSiGeSiSiSiSiSiSiSiSiSiGeSiSiSiGeSiSiSiSiSiSiSiSiSiSiGeSiSiSiSiSiSiSiSiSiSiSiSiSiSiSiSiSiSiSi
          30 Ge    -9143.50195    
GeGeGeGeGeGeGeGeSiSiSiGeSiGeSiGeSiSiSiSiSiSiSiSiSiGeSiSiSiGeSiSiGeSiSiSiSiSiSiSiGeSiSiSiSiSiSiSiSiSiSiSiSiSiSiSiSiSiSiSi
          33 Ge    -9756.76172    
GeGeGeGeGeGeGeGeSiSiSiGeSiGeSiGeSiSiSiSiSiSiSiSiSiGeSiSiSiGeSiSiGeSiSiGeSiSiSiSiGeSiSiSiSiSiSiSiSiSiSiSiSiSiSiSiSiSiSiSi
          36 Ge    -8558.60059    
GeGeGeGeGeGeGeGeSiSiSiGeSiGeSiGeSiSiSiSiSiSiSiSiSiGeSiSiSiGeSiSiGeSiSiGeSiSiGeSiGeSiSiSiSiSiSiSiSiSiSiSiSiSiSiSiSiSiSiSi
          39 Ge    -9288.91504    
GeGeGeGeGeGeGeGeSiSiSiGeSiGeSiGeSiSiSiSiSiSiSiSiSiGeSiSiSiGeSiSiGeSiSiGeSiSiGeGeGeSiSiSiSiSiSiSiSiSiSiSiSiSiSiSiSiSiSiSi
          40 Ge    -9475.82617    
GeGeGeGeGeGeGeGeSiSiSiGeSiGeSiGeSiSiSiSiSiSiSiSiSiGeSiSiSiGeSiSiGeSiSiGeSiSiGeGeGeGeSiSiSiSiSiSiSiSiSiSiSiSiSiSiSiSiSiSi
          42 Ge    -8050.49463    
GeGeGeGeGeGeGeGeSiSiSiGeSiGeSiGeSiSiSiSiSiSiSiSiSiGeSiSiSiGeSiSiGeSiSiGeSiSiGeGeGeGeSiSiGeSiSiSiSiSiSiSiSiSiSiSiSiSiSiSi
          45 Ge    -8569.50195    
GeGeGeGeGeGeGeGeSiSiSiGeSiGeSiGeSiSiSiSiSiSiSiSiSiGeSiSiSiGeSiSiGeSiSiGeSiSiGeGeGeGeSiSiGeGeSiSiSiSiSiSiSiSiSiSiSiSiSiSi
          46 Ge    -8874.30957    
GeGeGeGeGeGeGeGeSiSiSiGeSiGeSiGeSiSiSiSiSiSiSiSiSiGeSiSiSiGeSiSiGeSiSiGeSiSiGeGeGeGeSiSiGeGeSiSiSiSiSiSiSiSiSiSiGeSiSiSi
          57 Ge    -10112.7715    
GeGeGeGeGeGeGeGeSiGeSiGeSiGeSiGeSiSiSiSiSiSiSiSiSiGeSiSiSiGeSiSiGeSiSiGeSiSiGeGeGeGeSiSiGeGeSiSiSiSiSiSiSiSiSiSiGeSiSiSi
          10 Ge    -8048.07129    
GeGeGeGeGeGeGeGeSiGeGeGeSiGeSiGeSiSiSiSiSiSiSiSiSiGeSiSiSiGeSiSiGeSiSiGeSiSiGeGeGeGeSiSiGeGeSiSiSiSiSiSiSiSiSiSiGeSiSiSi
          11 Ge    -7774.87646    
GeGeGeGeGeGeGeGeSiGeGeGeGeGeSiGeSiSiSiSiSiSiSiSiSiGeSiSiSiGeSiSiGeSiSiGeSiSiGeGeGeGeSiSiGeGeSiSiSiSiSiSiSiSiSiSiGeSiSiSi
          13 Ge    -6287.58398    
GeGeGeGeGeGeGeGeSiGeGeGeGeGeGeGeSiSiSiSiSiSiSiSiSiGeSiSiSiGeSiSiGeSiSiGeSiSiGeGeGeGeSiSiGeGeSiSiSiSiSiSiSiSiSiSiGeSiSiSi
          15 Ge    -4048.12451    
GeGeGeGeGeGeGeGeSiGeGeGeGeGeGeGeSiGeSiSiSiSiSiSiSiGeSiSiSiGeSiSiGeSiSiGeSiSiGeGeGeGeSiSiGeGeSiSiSiSiSiSiSiSiSiSiGeSiSiSi
          18 Ge    -716.418945    
==============================================
MonteCarlo: Metropolis with identity changes
Si > Ge, Ge > Si. STOP when occurrence <    0.00000
==============================================
Cost_function     Occurrence %     Scan-Cost
   -17846.4335937500 GeSiGeSiGeGeGeSiGeSiSiSiGeGeGeGeSiSiSiSiGeGeSiGeSiSiGeSiSiSiGeSiSiGeSiSiSiSiSiSiSiSiGeSiGeSiGeSiGeGeGeSiGeGeSiSiGeGeSiGe
   -17846.4335937500 GeSiGeSiGeGeGeSiGeSiSiSiGeGeGeGeSiSiSiSiGeGeSiGeSiSiGeSiSiSiGeSiSiGeSiSiSiSiSiSiSiSiGeSiGeSiGeSiGeGeGeSiGeGeSiSiGeGeSiGe
   -17846.4335937500 GeSiGeSiGeGeGeSiGeSiSiSiGeGeGeGeSiSiSiSiGeGeSiGeSiSiGeSiSiSiGeSiSiGeSiSiSiSiSiSiSiSiGeSiGeSiGeSiGeGeGeSiGeGeSiSiGeGeSiGe
   -20535.2460937500 GeSiGeSiGeGeGeSiGeSiSiGeSiGeGeGeSiSiSiSiGeSiSiGeSiSiGeSiSiSiGeSiSiGeSiSiSiSiSiSiSiSiGeSiGeSiGeSiGeGeGeGeGeGeSiSiGeGeSiGe
   -20907.6210937500 GeSiGeSiGeGeGeGeGeSiSiGeSiSiGeGeSiSiSiSiSiSiSiGeSiSiGeSiSiSiGeSiSiGeSiGeSiSiSiGeSiSiGeSiGeSiGeSiGeGeGeSiGeGeSiSiSiGeGeGe
   -22570.1835937500 GeSiGeSiGeGeGeGeGeSiGeGeSiSiGeGeSiSiSiSiSiSiSiGeSiSiGeSiSiSiGeSiSiGeSiGeSiSiSiGeSiSiGeSiGeSiGeSiGeGeGeSiGeGeSiSiSiGeSiGe
   -22727.5664062500 GeSiGeSiGeGeGeGeGeSiGeGeSiSiGeGeSiSiSiSiSiSiSiGeSiSiGeSiSiSiSiSiSiGeSiGeSiSiSiGeSiSiGeSiGeSiGeSiGeGeGeSiGeGeSiGeSiGeSiGe
   -22727.5664062500 GeSiGeSiGeGeGeGeGeSiGeGeSiSiGeGeSiSiSiSiSiSiSiGeSiSiGeSiSiSiSiSiSiGeSiGeSiSiSiGeSiSiGeSiGeSiGeSiGeGeGeSiGeGeSiGeSiGeSiGe
   -22727.5664062500 GeSiGeSiGeGeGeGeGeSiGeGeSiSiGeGeSiSiSiSiSiSiSiGeSiSiGeSiSiSiSiSiSiGeSiGeSiSiSiGeSiSiGeSiGeSiGeSiGeGeGeSiGeGeSiGeSiGeSiGe
   -22727.5664062500 GeSiGeSiGeGeGeGeGeSiGeGeSiSiGeGeSiSiSiSiSiSiSiGeSiSiGeSiSiSiSiSiSiGeSiGeSiSiSiGeSiSiGeSiGeSiGeSiGeGeGeSiGeGeSiGeSiGeSiGe
   -23241.9726562500 SiSiGeSiGeGeGeGeGeSiGeGeSiSiGeGeSiSiSiSiSiSiSiGeSiSiGeSiSiSiSiSiSiGeSiGeSiSiSiGeSiSiGeSiGeSiGeSiGeGeGeSiGeGeSiGeSiGeGeGe
   -23241.9726562500 SiSiGeSiGeGeGeGeGeSiGeGeSiSiGeGeSiSiSiSiSiSiSiGeSiSiGeSiSiSiSiSiSiGeSiGeSiSiSiGeSiSiGeSiGeSiGeSiGeGeGeSiGeGeSiGeSiGeGeGe
   -25375.3867187500 SiGeGeSiGeGeGeGeGeSiGeGeSiSiGeGeSiSiSiSiSiSiSiGeSiSiGeSiSiSiSiSiSiSiSiGeSiSiSiGeSiSiGeSiGeSiGeSiGeGeGeSiGeGeSiGeSiGeGeGe
   -25375.3867187500 SiGeGeSiGeGeGeGeGeSiGeGeSiSiGeGeSiSiSiSiSiSiSiGeSiSiGeSiSiSiSiSiSiSiSiGeSiSiSiGeSiSiGeSiGeSiGeSiGeGeGeSiGeGeSiGeSiGeGeGe
   -25375.3867187500 SiGeGeSiGeGeGeGeGeSiGeGeSiSiGeGeSiSiSiSiSiSiSiGeSiSiGeSiSiSiSiSiSiSiSiGeSiSiSiGeSiSiGeSiGeSiGeSiGeGeGeSiGeGeSiGeSiGeGeGe
   -25375.3867187500 SiGeGeSiGeGeGeGeGeSiGeGeSiSiGeGeSiSiSiSiSiSiSiGeSiSiGeSiSiSiSiSiSiSiSiGeSiSiSiGeSiSiGeSiGeSiGeSiGeGeGeSiGeGeSiGeSiGeGeGe
   -25375.3867187500 SiGeGeSiGeGeGeGeGeSiGeGeSiSiGeGeSiSiSiSiSiSiSiGeSiSiGeSiSiSiSiSiSiSiSiGeSiSiSiGeSiSiGeSiGeSiGeSiGeGeGeSiGeGeSiGeSiGeGeGe
   -25375.3867187500 SiGeGeSiGeGeGeGeGeSiGeGeSiSiGeGeSiSiSiSiSiSiSiGeSiSiGeSiSiSiSiSiSiSiSiGeSiSiSiGeSiSiGeSiGeSiGeSiGeGeGeSiGeGeSiGeSiGeGeGe
   -25375.3867187500 SiGeGeSiGeGeGeGeGeSiGeGeSiSiGeGeSiSiSiSiSiSiSiGeSiSiGeSiSiSiSiSiSiSiSiGeSiSiSiGeSiSiGeSiGeSiGeSiGeGeGeSiGeGeSiGeSiGeGeGe
   -25375.3867187500 SiGeGeSiGeGeGeGeGeSiGeGeSiSiGeGeSiSiSiSiSiSiSiGeSiSiGeSiSiSiSiSiSiSiSiGeSiSiSiGeSiSiGeSiGeSiGeSiGeGeGeSiGeGeSiGeSiGeGeGe
   -25375.3867187500 SiGeGeSiGeGeGeGeGeSiGeGeSiSiGeGeSiSiSiSiSiSiSiGeSiSiGeSiSiSiSiSiSiSiSiGeSiSiSiGeSiSiGeSiGeSiGeSiGeGeGeSiGeGeSiGeSiGeGeGe
   -28265.5507812500 SiGeGeSiGeGeGeGeGeSiGeGeGeSiGeGeSiSiSiSiSiSiSiGeSiSiGeSiSiSiSiSiSiSiSiGeSiSiSiSiSiSiGeSiGeSiGeSiGeGeGeSiGeGeSiGeSiGeGeGe
   -28623.9531250000 SiGeGeSiGeGeGeGeGeSiGeGeGeSiGeGeSiSiSiSiSiSiSiGeSiSiGeSiSiSiSiSiSiSiSiSiSiSiSiSiGeSiGeSiGeSiGeSiGeGeGeSiGeGeSiGeSiGeGeGe
   -28623.9531250000 SiGeGeSiGeGeGeGeGeSiGeGeGeSiGeGeSiSiSiSiSiSiSiGeSiSiGeSiSiSiSiSiSiSiSiSiSiSiSiSiGeSiGeSiGeSiGeSiGeGeGeSiGeGeSiGeSiGeGeGe
   -28623.9531250000 SiGeGeSiGeGeGeGeGeSiGeGeGeSiGeGeSiSiSiSiSiSiSiGeSiSiGeSiSiSiSiSiSiSiSiSiSiSiSiSiGeSiGeSiGeSiGeSiGeGeGeSiGeGeSiGeSiGeGeGe
   -28623.9531250000 SiGeGeSiGeGeGeGeGeSiGeGeGeSiGeGeSiSiSiSiSiSiSiGeSiSiGeSiSiSiSiSiSiSiSiSiSiSiSiSiGeSiGeSiGeSiGeSiGeGeGeSiGeGeSiGeSiGeGeGe
   -28623.9531250000 SiGeGeSiGeGeGeGeGeSiGeGeGeSiGeGeSiSiSiSiSiSiSiGeSiSiGeSiSiSiSiSiSiSiSiSiSiSiSiSiGeSiGeSiGeSiGeSiGeGeGeSiGeGeSiGeSiGeGeGe
   -28769.8671875000 SiGeGeSiGeGeGeGeGeSiGeGeGeSiGeGeSiSiSiGeSiSiSiGeSiSiGeSiSiSiSiSiSiSiSiSiSiSiSiSiGeSiSiSiGeSiGeSiGeGeGeSiGeGeSiGeSiGeGeGe
   -28769.8671875000 SiGeGeSiGeGeGeGeGeSiGeGeGeSiGeGeSiSiSiGeSiSiSiGeSiSiGeSiSiSiSiSiSiSiSiSiSiSiSiSiGeSiSiSiGeSiGeSiGeGeGeSiGeGeSiGeSiGeGeGe
   -29939.2226562500 SiGeGeSiGeGeGeGeGeSiGeGeGeSiSiGeSiSiSiGeGeSiSiGeSiSiGeSiSiSiSiSiSiSiSiSiSiSiSiSiSiSiSiSiGeSiGeSiGeGeGeSiGeGeGeGeSiGeGeGe
   -29939.2226562500 SiGeGeSiGeGeGeGeGeSiGeGeGeSiSiGeSiSiSiGeGeSiSiGeSiSiGeSiSiSiSiSiSiSiSiSiSiSiSiSiSiSiSiSiGeSiGeSiGeGeGeSiGeGeGeGeSiGeGeGe
   -29939.2226562500 SiGeGeSiGeGeGeGeGeSiGeGeGeSiSiGeSiSiSiGeGeSiSiGeSiSiGeSiSiSiSiSiSiSiSiSiSiSiSiSiSiSiSiSiGeSiGeSiGeGeGeSiGeGeGeGeSiGeGeGe
   -29939.2226562500 SiGeGeSiGeGeGeGeGeSiGeGeGeSiSiGeSiSiSiGeGeSiSiGeSiSiGeSiSiSiSiSiSiSiSiSiSiSiSiSiSiSiSiSiGeSiGeSiGeGeGeSiGeGeGeGeSiGeGeGe
   -29939.2226562500 SiGeGeSiGeGeGeGeGeSiGeGeGeSiSiGeSiSiSiGeGeSiSiGeSiSiGeSiSiSiSiSiSiSiSiSiSiSiSiSiSiSiSiSiGeSiGeSiGeGeGeSiGeGeGeGeSiGeGeGe
   -29939.2226562500 SiGeGeSiGeGeGeGeGeSiGeGeGeSiSiGeSiSiSiGeGeSiSiGeSiSiGeSiSiSiSiSiSiSiSiSiSiSiSiSiSiSiSiSiGeSiGeSiGeGeGeSiGeGeGeGeSiGeGeGe
   -29939.2226562500 SiGeGeSiGeGeGeGeGeSiGeGeGeSiSiGeSiSiSiGeGeSiSiGeSiSiGeSiSiSiSiSiSiSiSiSiSiSiSiSiSiSiSiSiGeSiGeSiGeGeGeSiGeGeGeGeSiGeGeGe
   -29939.2226562500 SiGeGeSiGeGeGeGeGeSiGeGeGeSiSiGeSiSiSiGeGeSiSiGeSiSiGeSiSiSiSiSiSiSiSiSiSiSiSiSiSiSiSiSiGeSiGeSiGeGeGeSiGeGeGeGeSiGeGeGe
   -29939.2226562500 SiGeGeSiGeGeGeGeGeSiGeGeGeSiSiGeSiSiSiGeGeSiSiGeSiSiGeSiSiSiSiSiSiSiSiSiSiSiSiSiSiSiSiSiGeSiGeSiGeGeGeSiGeGeGeGeSiGeGeGe
   -29939.2226562500 SiGeGeSiGeGeGeGeGeSiGeGeGeSiSiGeSiSiSiGeGeSiSiGeSiSiGeSiSiSiSiSiSiSiSiSiSiSiSiSiSiSiSiSiGeSiGeSiGeGeGeSiGeGeGeGeSiGeGeGe
   -29939.2226562500 SiGeGeSiGeGeGeGeGeSiGeGeGeSiSiGeSiSiSiGeGeSiSiGeSiSiGeSiSiSiSiSiSiSiSiSiSiSiSiSiSiSiSiSiGeSiGeSiGeGeGeSiGeGeGeGeSiGeGeGe
   -29939.2226562500 SiGeGeSiGeGeGeGeGeSiGeGeGeSiSiGeSiSiSiGeGeSiSiGeSiSiGeSiSiSiSiSiSiSiSiSiSiSiSiSiSiSiSiSiGeSiGeSiGeGeGeSiGeGeGeGeSiGeGeGe
   -29939.2226562500 SiGeGeSiGeGeGeGeGeSiGeGeGeSiSiGeSiSiSiGeGeSiSiGeSiSiGeSiSiSiSiSiSiSiSiSiSiSiSiSiSiSiSiSiGeSiGeSiGeGeGeSiGeGeGeGeSiGeGeGe
   -29939.2226562500 SiGeGeSiGeGeGeGeGeSiGeGeGeSiSiGeSiSiSiGeGeSiSiGeSiSiGeSiSiSiSiSiSiSiSiSiSiSiSiSiSiSiSiSiGeSiGeSiGeGeGeSiGeGeGeGeSiGeGeGe
   -29939.2226562500 SiGeGeSiGeGeGeGeGeSiGeGeGeSiSiGeSiSiSiGeGeSiSiGeSiSiGeSiSiSiSiSiSiSiSiSiSiSiSiSiSiSiSiSiGeSiGeSiGeGeGeSiGeGeGeGeSiGeGeGe
   -29939.2226562500 SiGeGeSiGeGeGeGeGeSiGeGeGeSiSiGeSiSiSiGeGeSiSiGeSiSiGeSiSiSiSiSiSiSiSiSiSiSiSiSiSiSiSiSiGeSiGeSiGeGeGeSiGeGeGeGeSiGeGeGe
   -29939.2226562500 SiGeGeSiGeGeGeGeGeSiGeGeGeSiSiGeSiSiSiGeGeSiSiGeSiSiGeSiSiSiSiSiSiSiSiSiSiSiSiSiSiSiSiSiGeSiGeSiGeGeGeSiGeGeGeGeSiGeGeGe
   -29939.2226562500 SiGeGeSiGeGeGeGeGeSiGeGeGeSiSiGeSiSiSiGeGeSiSiGeSiSiGeSiSiSiSiSiSiSiSiSiSiSiSiSiSiSiSiSiGeSiGeSiGeGeGeSiGeGeGeGeSiGeGeGe
   -29939.2226562500 SiGeGeSiGeGeGeGeGeSiGeGeGeSiSiGeSiSiSiGeGeSiSiGeSiSiGeSiSiSiSiSiSiSiSiSiSiSiSiSiSiSiSiSiGeSiGeSiGeGeGeSiGeGeGeGeSiGeGeGe
   -29939.2226562500 SiGeGeSiGeGeGeGeGeSiGeGeGeSiSiGeSiSiSiGeGeSiSiGeSiSiGeSiSiSiSiSiSiSiSiSiSiSiSiSiSiSiSiSiGeSiGeSiGeGeGeSiGeGeGeGeSiGeGeGe
   -29939.2226562500 SiGeGeSiGeGeGeGeGeSiGeGeGeSiSiGeSiSiSiGeGeSiSiGeSiSiGeSiSiSiSiSiSiSiSiSiSiSiSiSiSiSiSiSiGeSiGeSiGeGeGeSiGeGeGeGeSiGeGeGe
   -29939.2226562500 SiGeGeSiGeGeGeGeGeSiGeGeGeSiSiGeSiSiSiGeGeSiSiGeSiSiGeSiSiSiSiSiSiSiSiSiSiSiSiSiSiSiSiSiGeSiGeSiGeGeGeSiGeGeGeGeSiGeGeGe
   -29939.2226562500 SiGeGeSiGeGeGeGeGeSiGeGeGeSiSiGeSiSiSiGeGeSiSiGeSiSiGeSiSiSiSiSiSiSiSiSiSiSiSiSiSiSiSiSiGeSiGeSiGeGeGeSiGeGeGeGeSiGeGeGe
   -29939.2226562500 SiGeGeSiGeGeGeGeGeSiGeGeGeSiSiGeSiSiSiGeGeSiSiGeSiSiGeSiSiSiSiSiSiSiSiSiSiSiSiSiSiSiSiSiGeSiGeSiGeGeGeSiGeGeGeGeSiGeGeGe
   -29939.2226562500 SiGeGeSiGeGeGeGeGeSiGeGeGeSiSiGeSiSiSiGeGeSiSiGeSiSiGeSiSiSiSiSiSiSiSiSiSiSiSiSiSiSiSiSiGeSiGeSiGeGeGeSiGeGeGeGeSiGeGeGe
   -29939.2226562500 SiGeGeSiGeGeGeGeGeSiGeGeGeSiSiGeSiSiSiGeGeSiSiGeSiSiGeSiSiSiSiSiSiSiSiSiSiSiSiSiSiSiSiSiGeSiGeSiGeGeGeSiGeGeGeGeSiGeGeGe
   -29939.2226562500 SiGeGeSiGeGeGeGeGeSiGeGeGeSiSiGeSiSiSiGeGeSiSiGeSiSiGeSiSiSiSiSiSiSiSiSiSiSiSiSiSiSiSiSiGeSiGeSiGeGeGeSiGeGeGeGeSiGeGeGe
   -29939.2226562500 SiGeGeSiGeGeGeGeGeSiGeGeGeSiSiGeSiSiSiGeGeSiSiGeSiSiGeSiSiSiSiSiSiSiSiSiSiSiSiSiSiSiSiSiGeSiGeSiGeGeGeSiGeGeGeGeSiGeGeGe
   -29939.2226562500 SiGeGeSiGeGeGeGeGeSiGeGeGeSiSiGeSiSiSiGeGeSiSiGeSiSiGeSiSiSiSiSiSiSiSiSiSiSiSiSiSiSiSiSiGeSiGeSiGeGeGeSiGeGeGeGeSiGeGeGe
   -29939.2226562500 SiGeGeSiGeGeGeGeGeSiGeGeGeSiSiGeSiSiSiGeGeSiSiGeSiSiGeSiSiSiSiSiSiSiSiSiSiSiSiSiSiSiSiSiGeSiGeSiGeGeGeSiGeGeGeGeSiGeGeGe
   -29939.2226562500 SiGeGeSiGeGeGeGeGeSiGeGeGeSiSiGeSiSiSiGeGeSiSiGeSiSiGeSiSiSiSiSiSiSiSiSiSiSiSiSiSiSiSiSiGeSiGeSiGeGeGeSiGeGeGeGeSiGeGeGe
   -29939.2226562500 SiGeGeSiGeGeGeGeGeSiGeGeGeSiSiGeSiSiSiGeGeSiSiGeSiSiGeSiSiSiSiSiSiSiSiSiSiSiSiSiSiSiSiSiGeSiGeSiGeGeGeSiGeGeGeGeSiGeGeGe
   -29939.2226562500 SiGeGeSiGeGeGeGeGeSiGeGeGeSiSiGeSiSiSiGeGeSiSiGeSiSiGeSiSiSiSiSiSiSiSiSiSiSiSiSiSiSiSiSiGeSiGeSiGeGeGeSiGeGeGeGeSiGeGeGe
   -29939.2226562500 SiGeGeSiGeGeGeGeGeSiGeGeGeSiSiGeSiSiSiGeGeSiSiGeSiSiGeSiSiSiSiSiSiSiSiSiSiSiSiSiSiSiSiSiGeSiGeSiGeGeGeSiGeGeGeGeSiGeGeGe
   -29939.2226562500 SiGeGeSiGeGeGeGeGeSiGeGeGeSiSiGeSiSiSiGeGeSiSiGeSiSiGeSiSiSiSiSiSiSiSiSiSiSiSiSiSiSiSiSiGeSiGeSiGeGeGeSiGeGeGeGeSiGeGeGe
   -29939.2226562500 SiGeGeSiGeGeGeGeGeSiGeGeGeSiSiGeSiSiSiGeGeSiSiGeSiSiGeSiSiSiSiSiSiSiSiSiSiSiSiSiSiSiSiSiGeSiGeSiGeGeGeSiGeGeGeGeSiGeGeGe
   -29939.2226562500 SiGeGeSiGeGeGeGeGeSiGeGeGeSiSiGeSiSiSiGeGeSiSiGeSiSiGeSiSiSiSiSiSiSiSiSiSiSiSiSiSiSiSiSiGeSiGeSiGeGeGeSiGeGeGeGeSiGeGeGe
   -29939.2226562500 SiGeGeSiGeGeGeGeGeSiGeGeGeSiSiGeSiSiSiGeGeSiSiGeSiSiGeSiSiSiSiSiSiSiSiSiSiSiSiSiSiSiSiSiGeSiGeSiGeGeGeSiGeGeGeGeSiGeGeGe
   -29939.2226562500 SiGeGeSiGeGeGeGeGeSiGeGeGeSiSiGeSiSiSiGeGeSiSiGeSiSiGeSiSiSiSiSiSiSiSiSiSiSiSiSiSiSiSiSiGeSiGeSiGeGeGeSiGeGeGeGeSiGeGeGe
   -29939.2226562500 SiGeGeSiGeGeGeGeGeSiGeGeGeSiSiGeSiSiSiGeGeSiSiGeSiSiGeSiSiSiSiSiSiSiSiSiSiSiSiSiSiSiSiSiGeSiGeSiGeGeGeSiGeGeGeGeSiGeGeGe
   -29939.2226562500 SiGeGeSiGeGeGeGeGeSiGeGeGeSiSiGeSiSiSiGeGeSiSiGeSiSiGeSiSiSiSiSiSiSiSiSiSiSiSiSiSiSiSiSiGeSiGeSiGeGeGeSiGeGeGeGeSiGeGeGe
   -29939.2226562500 SiGeGeSiGeGeGeGeGeSiGeGeGeSiSiGeSiSiSiGeGeSiSiGeSiSiGeSiSiSiSiSiSiSiSiSiSiSiSiSiSiSiSiSiGeSiGeSiGeGeGeSiGeGeGeGeSiGeGeGe
   -29939.2226562500 SiGeGeSiGeGeGeGeGeSiGeGeGeSiSiGeSiSiSiGeGeSiSiGeSiSiGeSiSiSiSiSiSiSiSiSiSiSiSiSiSiSiSiSiGeSiGeSiGeGeGeSiGeGeGeGeSiGeGeGe
   -29939.2226562500 SiGeGeSiGeGeGeGeGeSiGeGeGeSiSiGeSiSiSiGeGeSiSiGeSiSiGeSiSiSiSiSiSiSiSiSiSiSiSiSiSiSiSiSiGeSiGeSiGeGeGeSiGeGeGeGeSiGeGeGe
   -29939.2226562500 SiGeGeSiGeGeGeGeGeSiGeGeGeSiSiGeSiSiSiGeGeSiSiGeSiSiGeSiSiSiSiSiSiSiSiSiSiSiSiSiSiSiSiSiGeSiGeSiGeGeGeSiGeGeGeGeSiGeGeGe
   -29939.2226562500 SiGeGeSiGeGeGeGeGeSiGeGeGeSiSiGeSiSiSiGeGeSiSiGeSiSiGeSiSiSiSiSiSiSiSiSiSiSiSiSiSiSiSiSiGeSiGeSiGeGeGeSiGeGeGeGeSiGeGeGe
   -29939.2226562500 SiGeGeSiGeGeGeGeGeSiGeGeGeSiSiGeSiSiSiGeGeSiSiGeSiSiGeSiSiSiSiSiSiSiSiSiSiSiSiSiSiSiSiSiGeSiGeSiGeGeGeSiGeGeGeGeSiGeGeGe
   -29939.2226562500 SiGeGeSiGeGeGeGeGeSiGeGeGeSiSiGeSiSiSiGeGeSiSiGeSiSiGeSiSiSiSiSiSiSiSiSiSiSiSiSiSiSiSiSiGeSiGeSiGeGeGeSiGeGeGeGeSiGeGeGe
   -29939.2226562500 SiGeGeSiGeGeGeGeGeSiGeGeGeSiSiGeSiSiSiGeGeSiSiGeSiSiGeSiSiSiSiSiSiSiSiSiSiSiSiSiSiSiSiSiGeSiGeSiGeGeGeSiGeGeGeGeSiGeGeGe
   -29939.2226562500 SiGeGeSiGeGeGeGeGeSiGeGeGeSiSiGeSiSiSiGeGeSiSiGeSiSiGeSiSiSiSiSiSiSiSiSiSiSiSiSiSiSiSiSiGeSiGeSiGeGeGeSiGeGeGeGeSiGeGeGe
   -29939.2226562500 SiGeGeSiGeGeGeGeGeSiGeGeGeSiSiGeSiSiSiGeGeSiSiGeSiSiGeSiSiSiSiSiSiSiSiSiSiSiSiSiSiSiSiSiGeSiGeSiGeGeGeSiGeGeGeGeSiGeGeGe
   -29939.2226562500 SiGeGeSiGeGeGeGeGeSiGeGeGeSiSiGeSiSiSiGeGeSiSiGeSiSiGeSiSiSiSiSiSiSiSiSiSiSiSiSiSiSiSiSiGeSiGeSiGeGeGeSiGeGeGeGeSiGeGeGe
   -29939.2226562500 SiGeGeSiGeGeGeGeGeSiGeGeGeSiSiGeSiSiSiGeGeSiSiGeSiSiGeSiSiSiSiSiSiSiSiSiSiSiSiSiSiSiSiSiGeSiGeSiGeGeGeSiGeGeGeGeSiGeGeGe
   -29939.2226562500 SiGeGeSiGeGeGeGeGeSiGeGeGeSiSiGeSiSiSiGeGeSiSiGeSiSiGeSiSiSiSiSiSiSiSiSiSiSiSiSiSiSiSiSiGeSiGeSiGeGeGeSiGeGeGeGeSiGeGeGe
   -29939.2226562500 SiGeGeSiGeGeGeGeGeSiGeGeGeSiSiGeSiSiSiGeGeSiSiGeSiSiGeSiSiSiSiSiSiSiSiSiSiSiSiSiSiSiSiSiGeSiGeSiGeGeGeSiGeGeGeGeSiGeGeGe
   -29939.2226562500 SiGeGeSiGeGeGeGeGeSiGeGeGeSiSiGeSiSiSiGeGeSiSiGeSiSiGeSiSiSiSiSiSiSiSiSiSiSiSiSiSiSiSiSiGeSiGeSiGeGeGeSiGeGeGeGeSiGeGeGe
   -29939.2226562500 SiGeGeSiGeGeGeGeGeSiGeGeGeSiSiGeSiSiSiGeGeSiSiGeSiSiGeSiSiSiSiSiSiSiSiSiSiSiSiSiSiSiSiSiGeSiGeSiGeGeGeSiGeGeGeGeSiGeGeGe
   -29939.2226562500 SiGeGeSiGeGeGeGeGeSiGeGeGeSiSiGeSiSiSiGeGeSiSiGeSiSiGeSiSiSiSiSiSiSiSiSiSiSiSiSiSiSiSiSiGeSiGeSiGeGeGeSiGeGeGeGeSiGeGeGe
   -29939.2226562500 SiGeGeSiGeGeGeGeGeSiGeGeGeSiSiGeSiSiSiGeGeSiSiGeSiSiGeSiSiSiSiSiSiSiSiSiSiSiSiSiSiSiSiSiGeSiGeSiGeGeGeSiGeGeGeGeSiGeGeGe
   -29939.2226562500 SiGeGeSiGeGeGeGeGeSiGeGeGeSiSiGeSiSiSiGeGeSiSiGeSiSiGeSiSiSiSiSiSiSiSiSiSiSiSiSiSiSiSiSiGeSiGeSiGeGeGeSiGeGeGeGeSiGeGeGe
   -29939.2226562500 SiGeGeSiGeGeGeGeGeSiGeGeGeSiSiGeSiSiSiGeGeSiSiGeSiSiGeSiSiSiSiSiSiSiSiSiSiSiSiSiSiSiSiSiGeSiGeSiGeGeGeSiGeGeGeGeSiGeGeGe
   -29939.2226562500 SiGeGeSiGeGeGeGeGeSiGeGeGeSiSiGeSiSiSiGeGeSiSiGeSiSiGeSiSiSiSiSiSiSiSiSiSiSiSiSiSiSiSiSiGeSiGeSiGeGeGeSiGeGeGeGeSiGeGeGe
   -29939.2226562500 SiGeGeSiGeGeGeGeGeSiGeGeGeSiSiGeSiSiSiGeGeSiSiGeSiSiGeSiSiSiSiSiSiSiSiSiSiSiSiSiSiSiSiSiGeSiGeSiGeGeGeSiGeGeGeGeSiGeGeGe
   -29939.2226562500 SiGeGeSiGeGeGeGeGeSiGeGeGeSiSiGeSiSiSiGeGeSiSiGeSiSiGeSiSiSiSiSiSiSiSiSiSiSiSiSiSiSiSiSiGeSiGeSiGeGeGeSiGeGeGeGeSiGeGeGe
   -29939.2226562500 SiGeGeSiGeGeGeGeGeSiGeGeGeSiSiGeSiSiSiGeGeSiSiGeSiSiGeSiSiSiSiSiSiSiSiSiSiSiSiSiSiSiSiSiGeSiGeSiGeGeGeSiGeGeGeGeSiGeGeGe
   -29939.2226562500 SiGeGeSiGeGeGeGeGeSiGeGeGeSiSiGeSiSiSiGeGeSiSiGeSiSiGeSiSiSiSiSiSiSiSiSiSiSiSiSiSiSiSiSiGeSiGeSiGeGeGeSiGeGeGeGeSiGeGeGe
   -29939.2226562500 SiGeGeSiGeGeGeGeGeSiGeGeGeSiSiGeSiSiSiGeGeSiSiGeSiSiGeSiSiSiSiSiSiSiSiSiSiSiSiSiSiSiSiSiGeSiGeSiGeGeGeSiGeGeGeGeSiGeGeGe
   -29939.2226562500 SiGeGeSiGeGeGeGeGeSiGeGeGeSiSiGeSiSiSiGeGeSiSiGeSiSiGeSiSiSiSiSiSiSiSiSiSiSiSiSiSiSiSiSiGeSiGeSiGeGeGeSiGeGeGeGeSiGeGeGe
   -29939.2226562500 SiGeGeSiGeGeGeGeGeSiGeGeGeSiSiGeSiSiSiGeGeSiSiGeSiSiGeSiSiSiSiSiSiSiSiSiSiSiSiSiSiSiSiSiGeSiGeSiGeGeGeSiGeGeGeGeSiGeGeGe
   -29939.2226562500 SiGeGeSiGeGeGeGeGeSiGeGeGeSiSiGeSiSiSiGeGeSiSiGeSiSiGeSiSiSiSiSiSiSiSiSiSiSiSiSiSiSiSiSiGeSiGeSiGeGeGeSiGeGeGeGeSiGeGeGe
   -29939.2226562500 SiGeGeSiGeGeGeGeGeSiGeGeGeSiSiGeSiSiSiGeGeSiSiGeSiSiGeSiSiSiSiSiSiSiSiSiSiSiSiSiSiSiSiSiGeSiGeSiGeGeGeSiGeGeGeGeSiGeGeGe
   -29939.2226562500 SiGeGeSiGeGeGeGeGeSiGeGeGeSiSiGeSiSiSiGeGeSiSiGeSiSiGeSiSiSiSiSiSiSiSiSiSiSiSiSiSiSiSiSiGeSiGeSiGeGeGeSiGeGeGeGeSiGeGeGe
   -29939.2226562500 SiGeGeSiGeGeGeGeGeSiGeGeGeSiSiGeSiSiSiGeGeSiSiGeSiSiGeSiSiSiSiSiSiSiSiSiSiSiSiSiSiSiSiSiGeSiGeSiGeGeGeSiGeGeGeGeSiGeGeGe
   -29939.2226562500 SiGeGeSiGeGeGeGeGeSiGeGeGeSiSiGeSiSiSiGeGeSiSiGeSiSiGeSiSiSiSiSiSiSiSiSiSiSiSiSiSiSiSiSiGeSiGeSiGeGeGeSiGeGeGeGeSiGeGeGe
   -29939.2226562500 SiGeGeSiGeGeGeGeGeSiGeGeGeSiSiGeSiSiSiGeGeSiSiGeSiSiGeSiSiSiSiSiSiSiSiSiSiSiSiSiSiSiSiSiGeSiGeSiGeGeGeSiGeGeGeGeSiGeGeGe
   -29939.2226562500 SiGeGeSiGeGeGeGeGeSiGeGeGeSiSiGeSiSiSiGeGeSiSiGeSiSiGeSiSiSiSiSiSiSiSiSiSiSiSiSiSiSiSiSiGeSiGeSiGeGeGeSiGeGeGeGeSiGeGeGe
   -29939.2226562500 SiGeGeSiGeGeGeGeGeSiGeGeGeSiSiGeSiSiSiGeGeSiSiGeSiSiGeSiSiSiSiSiSiSiSiSiSiSiSiSiSiSiSiSiGeSiGeSiGeGeGeSiGeGeGeGeSiGeGeGe
   -29939.2226562500 SiGeGeSiGeGeGeGeGeSiGeGeGeSiSiGeSiSiSiGeGeSiSiGeSiSiGeSiSiSiSiSiSiSiSiSiSiSiSiSiSiSiSiSiGeSiGeSiGeGeGeSiGeGeGeGeSiGeGeGe
   -29939.2226562500 SiGeGeSiGeGeGeGeGeSiGeGeGeSiSiGeSiSiSiGeGeSiSiGeSiSiGeSiSiSiSiSiSiSiSiSiSiSiSiSiSiSiSiSiGeSiGeSiGeGeGeSiGeGeGeGeSiGeGeGe
   -29939.2226562500 SiGeGeSiGeGeGeGeGeSiGeGeGeSiSiGeSiSiSiGeGeSiSiGeSiSiGeSiSiSiSiSiSiSiSiSiSiSiSiSiSiSiSiSiGeSiGeSiGeGeGeSiGeGeGeGeSiGeGeGe
   -29939.2226562500 SiGeGeSiGeGeGeGeGeSiGeGeGeSiSiGeSiSiSiGeGeSiSiGeSiSiGeSiSiSiSiSiSiSiSiSiSiSiSiSiSiSiSiSiGeSiGeSiGeGeGeSiGeGeGeGeSiGeGeGe
   -29939.2226562500 SiGeGeSiGeGeGeGeGeSiGeGeGeSiSiGeSiSiSiGeGeSiSiGeSiSiGeSiSiSiSiSiSiSiSiSiSiSiSiSiSiSiSiSiGeSiGeSiGeGeGeSiGeGeGeGeSiGeGeGe
   -29939.2226562500 SiGeGeSiGeGeGeGeGeSiGeGeGeSiSiGeSiSiSiGeGeSiSiGeSiSiGeSiSiSiSiSiSiSiSiSiSiSiSiSiSiSiSiSiGeSiGeSiGeGeGeSiGeGeGeGeSiGeGeGe
   -29939.2226562500 SiGeGeSiGeGeGeGeGeSiGeGeGeSiSiGeSiSiSiGeGeSiSiGeSiSiGeSiSiSiSiSiSiSiSiSiSiSiSiSiSiSiSiSiGeSiGeSiGeGeGeSiGeGeGeGeSiGeGeGe
   -29939.2226562500 SiGeGeSiGeGeGeGeGeSiGeGeGeSiSiGeSiSiSiGeGeSiSiGeSiSiGeSiSiSiSiSiSiSiSiSiSiSiSiSiSiSiSiSiGeSiGeSiGeGeGeSiGeGeGeGeSiGeGeGe
   -29939.2226562500 SiGeGeSiGeGeGeGeGeSiGeGeGeSiSiGeSiSiSiGeGeSiSiGeSiSiGeSiSiSiSiSiSiSiSiSiSiSiSiSiSiSiSiSiGeSiGeSiGeGeGeSiGeGeGeGeSiGeGeGe
   -29939.2226562500 SiGeGeSiGeGeGeGeGeSiGeGeGeSiSiGeSiSiSiGeGeSiSiGeSiSiGeSiSiSiSiSiSiSiSiSiSiSiSiSiSiSiSiSiGeSiGeSiGeGeGeSiGeGeGeGeSiGeGeGe
   -29939.2226562500 SiGeGeSiGeGeGeGeGeSiGeGeGeSiSiGeSiSiSiGeGeSiSiGeSiSiGeSiSiSiSiSiSiSiSiSiSiSiSiSiSiSiSiSiGeSiGeSiGeGeGeSiGeGeGeGeSiGeGeGe
   -29939.2226562500 SiGeGeSiGeGeGeGeGeSiGeGeGeSiSiGeSiSiSiGeGeSiSiGeSiSiGeSiSiSiSiSiSiSiSiSiSiSiSiSiSiSiSiSiGeSiGeSiGeGeGeSiGeGeGeGeSiGeGeGe
   -29939.2226562500 SiGeGeSiGeGeGeGeGeSiGeGeGeSiSiGeSiSiSiGeGeSiSiGeSiSiGeSiSiSiSiSiSiSiSiSiSiSiSiSiSiSiSiSiGeSiGeSiGeGeGeSiGeGeGeGeSiGeGeGe
   -29939.2226562500 SiGeGeSiGeGeGeGeGeSiGeGeGeSiSiGeSiSiSiGeGeSiSiGeSiSiGeSiSiSiSiSiSiSiSiSiSiSiSiSiSiSiSiSiGeSiGeSiGeGeGeSiGeGeGeGeSiGeGeGe
   -29939.2226562500 SiGeGeSiGeGeGeGeGeSiGeGeGeSiSiGeSiSiSiGeGeSiSiGeSiSiGeSiSiSiSiSiSiSiSiSiSiSiSiSiSiSiSiSiGeSiGeSiGeGeGeSiGeGeGeGeSiGeGeGe
   -29939.2226562500 SiGeGeSiGeGeGeGeGeSiGeGeGeSiSiGeSiSiSiGeGeSiSiGeSiSiGeSiSiSiSiSiSiSiSiSiSiSiSiSiSiSiSiSiGeSiGeSiGeGeGeSiGeGeGeGeSiGeGeGe
   -29939.2226562500 SiGeGeSiGeGeGeGeGeSiGeGeGeSiSiGeSiSiSiGeGeSiSiGeSiSiGeSiSiSiSiSiSiSiSiSiSiSiSiSiSiSiSiSiGeSiGeSiGeGeGeSiGeGeGeGeSiGeGeGe
   -29939.2226562500 SiGeGeSiGeGeGeGeGeSiGeGeGeSiSiGeSiSiSiGeGeSiSiGeSiSiGeSiSiSiSiSiSiSiSiSiSiSiSiSiSiSiSiSiGeSiGeSiGeGeGeSiGeGeGeGeSiGeGeGe
   -29939.2226562500 SiGeGeSiGeGeGeGeGeSiGeGeGeSiSiGeSiSiSiGeGeSiSiGeSiSiGeSiSiSiSiSiSiSiSiSiSiSiSiSiSiSiSiSiGeSiGeSiGeGeGeSiGeGeGeGeSiGeGeGe
   -29939.2226562500 SiGeGeSiGeGeGeGeGeSiGeGeGeSiSiGeSiSiSiGeGeSiSiGeSiSiGeSiSiSiSiSiSiSiSiSiSiSiSiSiSiSiSiSiGeSiGeSiGeGeGeSiGeGeGeGeSiGeGeGe
   -29939.2226562500 SiGeGeSiGeGeGeGeGeSiGeGeGeSiSiGeSiSiSiGeGeSiSiGeSiSiGeSiSiSiSiSiSiSiSiSiSiSiSiSiSiSiSiSiGeSiGeSiGeGeGeSiGeGeGeGeSiGeGeGe
   -29939.2226562500 SiGeGeSiGeGeGeGeGeSiGeGeGeSiSiGeSiSiSiGeGeSiSiGeSiSiGeSiSiSiSiSiSiSiSiSiSiSiSiSiSiSiSiSiGeSiGeSiGeGeGeSiGeGeGeGeSiGeGeGe
   -29939.2226562500 SiGeGeSiGeGeGeGeGeSiGeGeGeSiSiGeSiSiSiGeGeSiSiGeSiSiGeSiSiSiSiSiSiSiSiSiSiSiSiSiSiSiSiSiGeSiGeSiGeGeGeSiGeGeGeGeSiGeGeGe
   -29939.2226562500 SiGeGeSiGeGeGeGeGeSiGeGeGeSiSiGeSiSiSiGeGeSiSiGeSiSiGeSiSiSiSiSiSiSiSiSiSiSiSiSiSiSiSiSiGeSiGeSiGeGeGeSiGeGeGeGeSiGeGeGe
   -29939.2226562500 SiGeGeSiGeGeGeGeGeSiGeGeGeSiSiGeSiSiSiGeGeSiSiGeSiSiGeSiSiSiSiSiSiSiSiSiSiSiSiSiSiSiSiSiGeSiGeSiGeGeGeSiGeGeGeGeSiGeGeGe
   -29939.2226562500 SiGeGeSiGeGeGeGeGeSiGeGeGeSiSiGeSiSiSiGeGeSiSiGeSiSiGeSiSiSiSiSiSiSiSiSiSiSiSiSiSiSiSiSiGeSiGeSiGeGeGeSiGeGeGeGeSiGeGeGe
   -29939.2226562500 SiGeGeSiGeGeGeGeGeSiGeGeGeSiSiGeSiSiSiGeGeSiSiGeSiSiGeSiSiSiSiSiSiSiSiSiSiSiSiSiSiSiSiSiGeSiGeSiGeGeGeSiGeGeGeGeSiGeGeGe
   -29939.2226562500 SiGeGeSiGeGeGeGeGeSiGeGeGeSiSiGeSiSiSiGeGeSiSiGeSiSiGeSiSiSiSiSiSiSiSiSiSiSiSiSiSiSiSiSiGeSiGeSiGeGeGeSiGeGeGeGeSiGeGeGe
   -29939.2226562500 SiGeGeSiGeGeGeGeGeSiGeGeGeSiSiGeSiSiSiGeGeSiSiGeSiSiGeSiSiSiSiSiSiSiSiSiSiSiSiSiSiSiSiSiGeSiGeSiGeGeGeSiGeGeGeGeSiGeGeGe
   -29939.2226562500 SiGeGeSiGeGeGeGeGeSiGeGeGeSiSiGeSiSiSiGeGeSiSiGeSiSiGeSiSiSiSiSiSiSiSiSiSiSiSiSiSiSiSiSiGeSiGeSiGeGeGeSiGeGeGeGeSiGeGeGe
   -29939.2226562500 SiGeGeSiGeGeGeGeGeSiGeGeGeSiSiGeSiSiSiGeGeSiSiGeSiSiGeSiSiSiSiSiSiSiSiSiSiSiSiSiSiSiSiSiGeSiGeSiGeGeGeSiGeGeGeGeSiGeGeGe
   -29939.2226562500 SiGeGeSiGeGeGeGeGeSiGeGeGeSiSiGeSiSiSiGeGeSiSiGeSiSiGeSiSiSiSiSiSiSiSiSiSiSiSiSiSiSiSiSiGeSiGeSiGeGeGeSiGeGeGeGeSiGeGeGe
   -29939.2226562500 SiGeGeSiGeGeGeGeGeSiGeGeGeSiSiGeSiSiSiGeGeSiSiGeSiSiGeSiSiSiSiSiSiSiSiSiSiSiSiSiSiSiSiSiGeSiGeSiGeGeGeSiGeGeGeGeSiGeGeGe
   -29939.2226562500 SiGeGeSiGeGeGeGeGeSiGeGeGeSiSiGeSiSiSiGeGeSiSiGeSiSiGeSiSiSiSiSiSiSiSiSiSiSiSiSiSiSiSiSiGeSiGeSiGeGeGeSiGeGeGeGeSiGeGeGe
   -29939.2226562500 SiGeGeSiGeGeGeGeGeSiGeGeGeSiSiGeSiSiSiGeGeSiSiGeSiSiGeSiSiSiSiSiSiSiSiSiSiSiSiSiSiSiSiSiGeSiGeSiGeGeGeSiGeGeGeGeSiGeGeGe
   -29939.2226562500 SiGeGeSiGeGeGeGeGeSiGeGeGeSiSiGeSiSiSiGeGeSiSiGeSiSiGeSiSiSiSiSiSiSiSiSiSiSiSiSiSiSiSiSiGeSiGeSiGeGeGeSiGeGeGeGeSiGeGeGe
   -29939.2226562500 SiGeGeSiGeGeGeGeGeSiGeGeGeSiSiGeSiSiSiGeGeSiSiGeSiSiGeSiSiSiSiSiSiSiSiSiSiSiSiSiSiSiSiSiGeSiGeSiGeGeGeSiGeGeGeGeSiGeGeGe
   -29939.2226562500 SiGeGeSiGeGeGeGeGeSiGeGeGeSiSiGeSiSiSiGeGeSiSiGeSiSiGeSiSiSiSiSiSiSiSiSiSiSiSiSiSiSiSiSiGeSiGeSiGeGeGeSiGeGeGeGeSiGeGeGe
   -29939.2226562500 SiGeGeSiGeGeGeGeGeSiGeGeGeSiSiGeSiSiSiGeGeSiSiGeSiSiGeSiSiSiSiSiSiSiSiSiSiSiSiSiSiSiSiSiGeSiGeSiGeGeGeSiGeGeGeGeSiGeGeGe
   -29939.2226562500 SiGeGeSiGeGeGeGeGeSiGeGeGeSiSiGeSiSiSiGeGeSiSiGeSiSiGeSiSiSiSiSiSiSiSiSiSiSiSiSiSiSiSiSiGeSiGeSiGeGeGeSiGeGeGeGeSiGeGeGe
   -29939.2226562500 SiGeGeSiGeGeGeGeGeSiGeGeGeSiSiGeSiSiSiGeGeSiSiGeSiSiGeSiSiSiSiSiSiSiSiSiSiSiSiSiSiSiSiSiGeSiGeSiGeGeGeSiGeGeGeGeSiGeGeGe
   -29939.2226562500 SiGeGeSiGeGeGeGeGeSiGeGeGeSiSiGeSiSiSiGeGeSiSiGeSiSiGeSiSiSiSiSiSiSiSiSiSiSiSiSiSiSiSiSiGeSiGeSiGeGeGeSiGeGeGeGeSiGeGeGe
   -29939.2226562500 SiGeGeSiGeGeGeGeGeSiGeGeGeSiSiGeSiSiSiGeGeSiSiGeSiSiGeSiSiSiSiSiSiSiSiSiSiSiSiSiSiSiSiSiGeSiGeSiGeGeGeSiGeGeGeGeSiGeGeGe
   -29939.2226562500 SiGeGeSiGeGeGeGeGeSiGeGeGeSiSiGeSiSiSiGeGeSiSiGeSiSiGeSiSiSiSiSiSiSiSiSiSiSiSiSiSiSiSiSiGeSiGeSiGeGeGeSiGeGeGeGeSiGeGeGe
   -29939.2226562500 SiGeGeSiGeGeGeGeGeSiGeGeGeSiSiGeSiSiSiGeGeSiSiGeSiSiGeSiSiSiSiSiSiSiSiSiSiSiSiSiSiSiSiSiGeSiGeSiGeGeGeSiGeGeGeGeSiGeGeGe
   -29939.2226562500 SiGeGeSiGeGeGeGeGeSiGeGeGeSiSiGeSiSiSiGeGeSiSiGeSiSiGeSiSiSiSiSiSiSiSiSiSiSiSiSiSiSiSiSiGeSiGeSiGeGeGeSiGeGeGeGeSiGeGeGe
   -29939.2226562500 SiGeGeSiGeGeGeGeGeSiGeGeGeSiSiGeSiSiSiGeGeSiSiGeSiSiGeSiSiSiSiSiSiSiSiSiSiSiSiSiSiSiSiSiGeSiGeSiGeGeGeSiGeGeGeGeSiGeGeGe
   -29939.2226562500 SiGeGeSiGeGeGeGeGeSiGeGeGeSiSiGeSiSiSiGeGeSiSiGeSiSiGeSiSiSiSiSiSiSiSiSiSiSiSiSiSiSiSiSiGeSiGeSiGeGeGeSiGeGeGeGeSiGeGeGe
   -29939.2226562500 SiGeGeSiGeGeGeGeGeSiGeGeGeSiSiGeSiSiSiGeGeSiSiGeSiSiGeSiSiSiSiSiSiSiSiSiSiSiSiSiSiSiSiSiGeSiGeSiGeGeGeSiGeGeGeGeSiGeGeGe
   -29939.2226562500 SiGeGeSiGeGeGeGeGeSiGeGeGeSiSiGeSiSiSiGeGeSiSiGeSiSiGeSiSiSiSiSiSiSiSiSiSiSiSiSiSiSiSiSiGeSiGeSiGeGeGeSiGeGeGeGeSiGeGeGe
   -29939.2226562500 SiGeGeSiGeGeGeGeGeSiGeGeGeSiSiGeSiSiSiGeGeSiSiGeSiSiGeSiSiSiSiSiSiSiSiSiSiSiSiSiSiSiSiSiGeSiGeSiGeGeGeSiGeGeGeGeSiGeGeGe
   -29939.2226562500 SiGeGeSiGeGeGeGeGeSiGeGeGeSiSiGeSiSiSiGeGeSiSiGeSiSiGeSiSiSiSiSiSiSiSiSiSiSiSiSiSiSiSiSiGeSiGeSiGeGeGeSiGeGeGeGeSiGeGeGe
   -29939.2226562500 SiGeGeSiGeGeGeGeGeSiGeGeGeSiSiGeSiSiSiGeGeSiSiGeSiSiGeSiSiSiSiSiSiSiSiSiSiSiSiSiSiSiSiSiGeSiGeSiGeGeGeSiGeGeGeGeSiGeGeGe
   -29939.2226562500 SiGeGeSiGeGeGeGeGeSiGeGeGeSiSiGeSiSiSiGeGeSiSiGeSiSiGeSiSiSiSiSiSiSiSiSiSiSiSiSiSiSiSiSiGeSiGeSiGeGeGeSiGeGeGeGeSiGeGeGe
   -29939.2226562500 SiGeGeSiGeGeGeGeGeSiGeGeGeSiSiGeSiSiSiGeGeSiSiGeSiSiGeSiSiSiSiSiSiSiSiSiSiSiSiSiSiSiSiSiGeSiGeSiGeGeGeSiGeGeGeGeSiGeGeGe
   -29939.2226562500 SiGeGeSiGeGeGeGeGeSiGeGeGeSiSiGeSiSiSiGeGeSiSiGeSiSiGeSiSiSiSiSiSiSiSiSiSiSiSiSiSiSiSiSiGeSiGeSiGeGeGeSiGeGeGeGeSiGeGeGe
   -29939.2226562500 SiGeGeSiGeGeGeGeGeSiGeGeGeSiSiGeSiSiSiGeGeSiSiGeSiSiGeSiSiSiSiSiSiSiSiSiSiSiSiSiSiSiSiSiGeSiGeSiGeGeGeSiGeGeGeGeSiGeGeGe
   -29939.2226562500 SiGeGeSiGeGeGeGeGeSiGeGeGeSiSiGeSiSiSiGeGeSiSiGeSiSiGeSiSiSiSiSiSiSiSiSiSiSiSiSiSiSiSiSiGeSiGeSiGeGeGeSiGeGeGeGeSiGeGeGe
   -29939.2226562500 SiGeGeSiGeGeGeGeGeSiGeGeGeSiSiGeSiSiSiGeGeSiSiGeSiSiGeSiSiSiSiSiSiSiSiSiSiSiSiSiSiSiSiSiGeSiGeSiGeGeGeSiGeGeGeGeSiGeGeGe
   -29939.2226562500 SiGeGeSiGeGeGeGeGeSiGeGeGeSiSiGeSiSiSiGeGeSiSiGeSiSiGeSiSiSiSiSiSiSiSiSiSiSiSiSiSiSiSiSiGeSiGeSiGeGeGeSiGeGeGeGeSiGeGeGe
   -29939.2226562500 SiGeGeSiGeGeGeGeGeSiGeGeGeSiSiGeSiSiSiGeGeSiSiGeSiSiGeSiSiSiSiSiSiSiSiSiSiSiSiSiSiSiSiSiGeSiGeSiGeGeGeSiGeGeGeGeSiGeGeGe
   -29939.2226562500 SiGeGeSiGeGeGeGeGeSiGeGeGeSiSiGeSiSiSiGeGeSiSiGeSiSiGeSiSiSiSiSiSiSiSiSiSiSiSiSiSiSiSiSiGeSiGeSiGeGeGeSiGeGeGeGeSiGeGeGe
   -29939.2226562500 SiGeGeSiGeGeGeGeGeSiGeGeGeSiSiGeSiSiSiGeGeSiSiGeSiSiGeSiSiSiSiSiSiSiSiSiSiSiSiSiSiSiSiSiGeSiGeSiGeGeGeSiGeGeGeGeSiGeGeGe
   -29939.2226562500 SiGeGeSiGeGeGeGeGeSiGeGeGeSiSiGeSiSiSiGeGeSiSiGeSiSiGeSiSiSiSiSiSiSiSiSiSiSiSiSiSiSiSiSiGeSiGeSiGeGeGeSiGeGeGeGeSiGeGeGe
   -29939.2226562500 SiGeGeSiGeGeGeGeGeSiGeGeGeSiSiGeSiSiSiGeGeSiSiGeSiSiGeSiSiSiSiSiSiSiSiSiSiSiSiSiSiSiSiSiGeSiGeSiGeGeGeSiGeGeGeGeSiGeGeGe
   -29939.2226562500 SiGeGeSiGeGeGeGeGeSiGeGeGeSiSiGeSiSiSiGeGeSiSiGeSiSiGeSiSiSiSiSiSiSiSiSiSiSiSiSiSiSiSiSiGeSiGeSiGeGeGeSiGeGeGeGeSiGeGeGe
   -29939.2226562500 SiGeGeSiGeGeGeGeGeSiGeGeGeSiSiGeSiSiSiGeGeSiSiGeSiSiGeSiSiSiSiSiSiSiSiSiSiSiSiSiSiSiSiSiGeSiGeSiGeGeGeSiGeGeGeGeSiGeGeGe
   -29939.2226562500 SiGeGeSiGeGeGeGeGeSiGeGeGeSiSiGeSiSiSiGeGeSiSiGeSiSiGeSiSiSiSiSiSiSiSiSiSiSiSiSiSiSiSiSiGeSiGeSiGeGeGeSiGeGeGeGeSiGeGeGe
   -29939.2226562500 SiGeGeSiGeGeGeGeGeSiGeGeGeSiSiGeSiSiSiGeGeSiSiGeSiSiGeSiSiSiSiSiSiSiSiSiSiSiSiSiSiSiSiSiGeSiGeSiGeGeGeSiGeGeGeGeSiGeGeGe
   -29939.2226562500 SiGeGeSiGeGeGeGeGeSiGeGeGeSiSiGeSiSiSiGeGeSiSiGeSiSiGeSiSiSiSiSiSiSiSiSiSiSiSiSiSiSiSiSiGeSiGeSiGeGeGeSiGeGeGeGeSiGeGeGe
   -29939.2226562500 SiGeGeSiGeGeGeGeGeSiGeGeGeSiSiGeSiSiSiGeGeSiSiGeSiSiGeSiSiSiSiSiSiSiSiSiSiSiSiSiSiSiSiSiGeSiGeSiGeGeGeSiGeGeGeGeSiGeGeGe
   -29939.2226562500 SiGeGeSiGeGeGeGeGeSiGeGeGeSiSiGeSiSiSiGeGeSiSiGeSiSiGeSiSiSiSiSiSiSiSiSiSiSiSiSiSiSiSiSiGeSiGeSiGeGeGeSiGeGeGeGeSiGeGeGe
   -29939.2226562500 SiGeGeSiGeGeGeGeGeSiGeGeGeSiSiGeSiSiSiGeGeSiSiGeSiSiGeSiSiSiSiSiSiSiSiSiSiSiSiSiSiSiSiSiGeSiGeSiGeGeGeSiGeGeGeGeSiGeGeGe
   -29939.2226562500 SiGeGeSiGeGeGeGeGeSiGeGeGeSiSiGeSiSiSiGeGeSiSiGeSiSiGeSiSiSiSiSiSiSiSiSiSiSiSiSiSiSiSiSiGeSiGeSiGeGeGeSiGeGeGeGeSiGeGeGe
   -29939.2226562500 SiGeGeSiGeGeGeGeGeSiGeGeGeSiSiGeSiSiSiGeGeSiSiGeSiSiGeSiSiSiSiSiSiSiSiSiSiSiSiSiSiSiSiSiGeSiGeSiGeGeGeSiGeGeGeGeSiGeGeGe
   -29939.2226562500 SiGeGeSiGeGeGeGeGeSiGeGeGeSiSiGeSiSiSiGeGeSiSiGeSiSiGeSiSiSiSiSiSiSiSiSiSiSiSiSiSiSiSiSiGeSiGeSiGeGeGeSiGeGeGeGeSiGeGeGe
   -29939.2226562500 SiGeGeSiGeGeGeGeGeSiGeGeGeSiSiGeSiSiSiGeGeSiSiGeSiSiGeSiSiSiSiSiSiSiSiSiSiSiSiSiSiSiSiSiGeSiGeSiGeGeGeSiGeGeGeGeSiGeGeGe
   -29939.2226562500 SiGeGeSiGeGeGeGeGeSiGeGeGeSiSiGeSiSiSiGeGeSiSiGeSiSiGeSiSiSiSiSiSiSiSiSiSiSiSiSiSiSiSiSiGeSiGeSiGeGeGeSiGeGeGeGeSiGeGeGe
   -29939.2226562500 SiGeGeSiGeGeGeGeGeSiGeGeGeSiSiGeSiSiSiGeGeSiSiGeSiSiGeSiSiSiSiSiSiSiSiSiSiSiSiSiSiSiSiSiGeSiGeSiGeGeGeSiGeGeGeGeSiGeGeGe
   -29939.2226562500 SiGeGeSiGeGeGeGeGeSiGeGeGeSiSiGeSiSiSiGeGeSiSiGeSiSiGeSiSiSiSiSiSiSiSiSiSiSiSiSiSiSiSiSiGeSiGeSiGeGeGeSiGeGeGeGeSiGeGeGe
   -29939.2226562500 SiGeGeSiGeGeGeGeGeSiGeGeGeSiSiGeSiSiSiGeGeSiSiGeSiSiGeSiSiSiSiSiSiSiSiSiSiSiSiSiSiSiSiSiGeSiGeSiGeGeGeSiGeGeGeGeSiGeGeGe
   -29939.2226562500 SiGeGeSiGeGeGeGeGeSiGeGeGeSiSiGeSiSiSiGeGeSiSiGeSiSiGeSiSiSiSiSiSiSiSiSiSiSiSiSiSiSiSiSiGeSiGeSiGeGeGeSiGeGeGeGeSiGeGeGe
   -29939.2226562500 SiGeGeSiGeGeGeGeGeSiGeGeGeSiSiGeSiSiSiGeGeSiSiGeSiSiGeSiSiSiSiSiSiSiSiSiSiSiSiSiSiSiSiSiGeSiGeSiGeGeGeSiGeGeGeGeSiGeGeGe
   -29939.2226562500 SiGeGeSiGeGeGeGeGeSiGeGeGeSiSiGeSiSiSiGeGeSiSiGeSiSiGeSiSiSiSiSiSiSiSiSiSiSiSiSiSiSiSiSiGeSiGeSiGeGeGeSiGeGeGeGeSiGeGeGe
   -29939.2226562500 SiGeGeSiGeGeGeGeGeSiGeGeGeSiSiGeSiSiSiGeGeSiSiGeSiSiGeSiSiSiSiSiSiSiSiSiSiSiSiSiSiSiSiSiGeSiGeSiGeGeGeSiGeGeGeGeSiGeGeGe
   -29939.2226562500 SiGeGeSiGeGeGeGeGeSiGeGeGeSiSiGeSiSiSiGeGeSiSiGeSiSiGeSiSiSiSiSiSiSiSiSiSiSiSiSiSiSiSiSiGeSiGeSiGeGeGeSiGeGeGeGeSiGeGeGe
   -29939.2226562500 SiGeGeSiGeGeGeGeGeSiGeGeGeSiSiGeSiSiSiGeGeSiSiGeSiSiGeSiSiSiSiSiSiSiSiSiSiSiSiSiSiSiSiSiGeSiGeSiGeGeGeSiGeGeGeGeSiGeGeGe
   -29939.2226562500 SiGeGeSiGeGeGeGeGeSiGeGeGeSiSiGeSiSiSiGeGeSiSiGeSiSiGeSiSiSiSiSiSiSiSiSiSiSiSiSiSiSiSiSiGeSiGeSiGeGeGeSiGeGeGeGeSiGeGeGe
   -29939.2226562500 SiGeGeSiGeGeGeGeGeSiGeGeGeSiSiGeSiSiSiGeGeSiSiGeSiSiGeSiSiSiSiSiSiSiSiSiSiSiSiSiSiSiSiSiGeSiGeSiGeGeGeSiGeGeGeGeSiGeGeGe
   -29939.2226562500 SiGeGeSiGeGeGeGeGeSiGeGeGeSiSiGeSiSiSiGeGeSiSiGeSiSiGeSiSiSiSiSiSiSiSiSiSiSiSiSiSiSiSiSiGeSiGeSiGeGeGeSiGeGeGeGeSiGeGeGe
   -29939.2226562500 SiGeGeSiGeGeGeGeGeSiGeGeGeSiSiGeSiSiSiGeGeSiSiGeSiSiGeSiSiSiSiSiSiSiSiSiSiSiSiSiSiSiSiSiGeSiGeSiGeGeGeSiGeGeGeGeSiGeGeGe
   -29939.2226562500 SiGeGeSiGeGeGeGeGeSiGeGeGeSiSiGeSiSiSiGeGeSiSiGeSiSiGeSiSiSiSiSiSiSiSiSiSiSiSiSiSiSiSiSiGeSiGeSiGeGeGeSiGeGeGeGeSiGeGeGe
   -29939.2226562500 SiGeGeSiGeGeGeGeGeSiGeGeGeSiSiGeSiSiSiGeGeSiSiGeSiSiGeSiSiSiSiSiSiSiSiSiSiSiSiSiSiSiSiSiGeSiGeSiGeGeGeSiGeGeGeGeSiGeGeGe
   -29939.2226562500 SiGeGeSiGeGeGeGeGeSiGeGeGeSiSiGeSiSiSiGeGeSiSiGeSiSiGeSiSiSiSiSiSiSiSiSiSiSiSiSiSiSiSiSiGeSiGeSiGeGeGeSiGeGeGeGeSiGeGeGe
   -29939.2226562500 SiGeGeSiGeGeGeGeGeSiGeGeGeSiSiGeSiSiSiGeGeSiSiGeSiSiGeSiSiSiSiSiSiSiSiSiSiSiSiSiSiSiSiSiGeSiGeSiGeGeGeSiGeGeGeGeSiGeGeGe
filename: c000000729519398.gin     
Cell:
    11.9020996    11.9020996    29.6919994    90.0000000    90.0000000   120.0000000
Box:
    11.9020996    -5.9510503     0.0000000
     0.0000000    10.3075209     0.0000000
     0.0000000     0.0000000    29.6919994
----------------------------------------
Inverse Box:
     0.0840188     0.0485083     0.0000000
     0.0000000     0.0970165     0.0000000
     0.0000000     0.0000000     0.0336791
----------------------------------------
==============================================
geometrical properties of  27 Ge:
 Configuration:           0
 D_ave:   9.28473759       3.49983430    
 D_min:   3.21929336      0.389694929    
 energia:  -29939.2227    
