Random Seed:   828730439
Number of atoms:    60
Space Group:    1
Cell:
    11.9020996    11.9020996    29.6919994    90.0000000    90.0000000   120.0000000
Box:
    11.9020996    -5.9510503     0.0000000
     0.0000000    10.3075209     0.0000000
     0.0000000     0.0000000    29.6919994
----------------------------------------
Inverse Box:
     0.0840188     0.0485083     0.0000000
     0.0000000     0.0970165     0.0000000
     0.0000000     0.0000000     0.0336791
----------------------------------------
GeSiSiSiSiSiSiSiSiSiSiSiSiSiSiSiSiSiSiSiSiSiSiSiSiSiSiSiSiSiSiSiSiSiSiSiSiSiSiSiSiSiSiSiSiSiSiSiSiSiSiSiSiGeSiSiSiSiSiSi
           1 Ge    -7732.97363    
GeGeSiSiSiSiSiSiSiSiSiSiSiSiSiSiSiSiSiSiSiSiSiSiSiSiSiSiSiSiSiSiSiSiSiSiSiSiSiSiSiSiSiSiSiSiSiSiSiSiSiSiSiGeSiSiSiSiSiSi
           2 Ge    -7726.94922    
GeGeGeSiSiSiSiSiSiSiSiSiSiSiSiSiSiSiSiSiSiSiSiSiSiSiSiSiSiSiSiSiSiSiSiSiSiSiSiSiSiSiSiSiSiSiSiSiSiSiSiSiSiGeSiSiSiSiSiSi
           3 Ge    -7727.71875    
GeGeGeGeSiSiSiSiSiSiSiSiSiSiSiSiSiSiSiSiSiSiSiSiSiSiSiSiSiSiSiSiSiSiSiSiSiSiSiSiSiSiSiSiSiSiSiSiSiSiSiSiSiGeSiSiSiSiSiSi
           4 Ge    -7765.55908    
GeGeGeGeGeSiSiSiSiSiSiSiSiSiSiSiSiSiSiSiSiSiSiSiSiSiSiSiSiSiSiSiSiSiSiSiSiSiSiSiSiSiSiSiSiSiSiSiSiSiSiSiSiGeSiSiSiSiSiSi
           5 Ge    -7828.46533    
GeGeGeGeGeSiGeSiSiSiSiSiSiSiSiSiSiSiSiSiSiSiSiSiSiSiSiSiSiSiSiSiSiSiSiSiSiSiSiSiSiSiSiSiSiSiSiSiSiSiSiSiSiGeSiSiSiSiSiSi
           7 Ge    -7923.07373    
GeGeGeGeGeSiGeGeSiSiSiSiSiSiSiSiSiSiSiSiSiSiSiSiSiSiSiSiSiSiSiSiSiSiSiSiSiSiSiSiSiSiSiSiSiSiSiSiSiSiSiSiSiGeSiSiSiSiSiSi
           8 Ge    -8100.50879    
GeGeGeGeGeSiGeGeSiSiSiGeSiSiSiSiSiSiSiSiSiSiSiSiSiSiSiSiSiSiSiSiSiSiSiSiSiSiSiSiSiSiSiSiSiSiSiSiSiSiSiSiSiGeSiSiSiSiSiSi
          12 Ge    -8379.52930    
GeGeGeGeGeSiGeGeSiSiSiGeSiGeSiSiSiSiSiSiSiSiSiSiSiSiSiSiSiSiSiSiSiSiSiSiSiSiSiSiSiSiSiSiSiSiSiSiSiSiSiSiSiGeSiSiSiSiSiSi
          14 Ge    -8731.12793    
GeGeGeGeGeSiGeGeSiSiSiGeSiGeSiGeSiSiSiSiSiSiSiSiSiSiSiSiSiSiSiSiSiSiSiSiSiSiSiSiSiSiSiSiSiSiSiSiSiSiSiSiSiGeSiSiSiSiSiSi
          16 Ge    -9136.00391    
GeGeGeGeGeSiGeGeSiSiSiGeSiGeSiGeSiSiSiSiSiSiSiSiSiGeSiSiSiSiSiSiSiSiSiSiSiSiSiSiSiSiSiSiSiSiSiSiSiSiSiSiSiGeSiSiSiSiSiSi
          26 Ge    -9594.68066    
GeGeGeGeGeSiGeGeSiSiSiGeSiGeSiGeSiSiSiSiSiSiSiSiSiGeSiSiSiGeSiSiSiSiSiSiSiSiSiSiSiSiSiSiSiSiSiSiSiSiSiSiSiGeSiSiSiSiSiSi
          30 Ge    -9172.58691    
GeGeGeGeGeSiGeGeSiSiSiGeSiGeSiGeSiSiSiSiSiSiSiSiSiGeSiSiSiGeSiSiGeSiSiSiSiSiSiSiSiSiSiSiSiSiSiSiSiSiSiSiSiGeSiSiSiSiSiSi
          33 Ge    -9752.70703    
GeGeGeGeGeSiGeGeSiSiSiGeSiGeSiGeSiSiSiSiSiSiSiSiSiGeSiSiSiGeSiSiGeSiSiGeSiSiSiSiSiSiSiSiSiSiSiSiSiSiSiSiSiGeSiSiSiSiSiSi
          36 Ge    -9530.42090    
GeGeGeGeGeSiGeGeSiSiSiGeSiGeSiGeSiSiSiSiSiSiSiSiSiGeSiSiSiGeSiSiGeSiSiGeSiSiGeSiSiSiSiSiSiSiSiSiSiSiSiSiSiGeSiSiSiSiSiSi
          39 Ge    -10229.8252    
GeGeGeGeGeSiGeGeSiSiSiGeSiGeSiGeSiSiSiSiSiSiSiSiSiGeSiSiSiGeSiSiGeSiSiGeSiSiGeGeSiSiSiSiSiSiSiSiSiSiSiSiSiGeSiSiSiSiSiSi
          40 Ge    -10386.1094    
GeGeGeGeGeSiGeGeSiSiSiGeSiGeSiGeSiSiSiSiSiSiSiSiSiGeSiSiSiGeSiSiGeSiSiGeSiSiGeGeGeSiSiSiSiSiSiSiSiSiSiSiSiGeSiSiSiSiSiSi
          41 Ge    -11197.1641    
GeGeGeGeGeSiGeGeSiSiSiGeSiGeSiGeSiSiSiSiSiSiSiSiSiGeSiSiSiGeSiSiGeSiSiGeSiSiGeGeGeGeSiSiSiSiSiSiSiSiSiSiSiGeSiSiSiSiSiSi
          42 Ge    -8961.73438    
GeGeGeGeGeSiGeGeSiSiSiGeSiGeSiGeSiSiSiSiSiSiSiSiSiGeSiSiSiGeSiSiGeSiSiGeSiSiGeGeGeGeSiSiGeSiSiSiSiSiSiSiSiGeSiSiSiSiSiSi
          45 Ge    -9510.62891    
GeGeGeGeGeSiGeGeSiSiSiGeSiGeSiGeSiSiSiSiSiSiSiSiSiGeSiSiSiGeSiSiGeSiSiGeSiSiGeGeGeGeSiSiGeGeSiSiSiSiSiSiSiGeSiSiSiSiSiSi
          46 Ge    -10037.2598    
GeGeGeGeGeSiGeGeSiSiSiGeSiGeSiGeSiSiSiSiSiSiSiSiSiGeSiSiSiGeSiSiGeSiSiGeSiSiGeGeGeGeSiSiGeGeSiSiSiSiSiSiSiGeSiSiGeSiSiSi
          57 Ge    -11091.7617    
GeGeGeGeGeGeGeGeSiSiSiGeSiGeSiGeSiSiSiSiSiSiSiSiSiGeSiSiSiGeSiSiGeSiSiGeSiSiGeGeGeGeSiSiGeGeSiSiSiSiSiSiSiGeSiSiGeSiSiSi
           6 Ge    -8417.36719    
GeGeGeGeGeGeGeGeSiSiGeGeSiGeSiGeSiSiSiSiSiSiSiSiSiGeSiSiSiGeSiSiGeSiSiGeSiSiGeGeGeGeSiSiGeGeSiSiSiSiSiSiSiGeSiSiGeSiSiSi
          11 Ge    -8322.58594    
GeGeGeGeGeGeGeGeSiSiGeGeGeGeSiGeSiSiSiSiSiSiSiSiSiGeSiSiSiGeSiSiGeSiSiGeSiSiGeGeGeGeSiSiGeGeSiSiSiSiSiSiSiGeSiSiGeSiSiSi
          13 Ge    -7259.27100    
GeGeGeGeGeGeGeGeSiSiGeGeGeGeGeGeSiSiSiSiSiSiSiSiSiGeSiSiSiGeSiSiGeSiSiGeSiSiGeGeGeGeSiSiGeGeSiSiSiSiSiSiSiGeSiSiGeSiSiSi
          15 Ge    -6898.73242    
GeGeGeGeGeGeGeGeSiSiGeGeGeGeGeGeSiGeSiSiSiSiSiSiSiGeSiSiSiGeSiSiGeSiSiGeSiSiGeGeGeGeSiSiGeGeSiSiSiSiSiSiSiGeSiSiGeSiSiSi
          18 Ge    -2276.50537    
GeGeGeGeGeGeGeGeSiSiGeGeGeGeGeGeSiGeSiSiSiSiGeSiSiGeSiSiSiGeSiSiGeSiSiGeSiSiGeGeGeGeSiSiGeGeSiSiSiSiSiSiSiGeSiSiGeSiSiSi
          23 Ge     1024.06934    
==============================================
MonteCarlo: Metropolis with identity changes
Si > Ge, Ge > Si. STOP when occurrence <    0.00000
==============================================
Cost_function     Occurrence %     Scan-Cost
   -16960.3554687500 SiGeGeSiGeGeSiSiSiSiSiGeSiGeSiGeSiSiGeGeSiGeSiSiGeGeSiSiSiSiSiGeGeGeGeSiGeSiGeSiSiGeSiSiGeGeSiGeSiGeGeGeGeSiGeSiSiSiGeSi
   -17990.1679687500 SiGeGeSiGeGeSiSiSiSiSiGeSiGeSiGeSiSiGeGeSiSiSiSiGeGeSiSiSiSiSiSiGeGeGeSiGeSiGeSiSiGeSiSiGeGeGeGeSiGeGeGeGeSiGeGeSiSiGeSi
   -17990.1679687500 SiGeGeSiGeGeSiSiSiSiSiGeSiGeSiGeSiSiGeGeSiSiSiSiGeGeSiSiSiSiSiSiGeGeGeSiGeSiGeSiSiGeSiSiGeGeGeGeSiGeGeGeGeSiGeGeSiSiGeSi
   -19376.8203125000 SiGeGeSiGeGeSiSiSiSiSiGeSiGeSiGeSiSiGeGeSiSiGeSiGeGeSiSiSiSiSiGeGeSiSiSiGeSiGeSiSiGeSiSiGeGeGeGeGeGeGeGeGeSiGeSiSiSiGeSi
   -19376.8203125000 SiGeGeSiGeGeSiSiSiSiSiGeSiGeSiGeSiSiGeGeSiSiGeSiGeGeSiSiSiSiSiGeGeSiSiSiGeSiGeSiSiGeSiSiGeGeGeGeGeGeGeGeGeSiGeSiSiSiGeSi
   -19376.8203125000 SiGeGeSiGeGeSiSiSiSiSiGeSiGeSiGeSiSiGeGeSiSiGeSiGeGeSiSiSiSiSiGeGeSiSiSiGeSiGeSiSiGeSiSiGeGeGeGeGeGeGeGeGeSiGeSiSiSiGeSi
   -19376.8203125000 SiGeGeSiGeGeSiSiSiSiSiGeSiGeSiGeSiSiGeGeSiSiGeSiGeGeSiSiSiSiSiGeGeSiSiSiGeSiGeSiSiGeSiSiGeGeGeGeGeGeGeGeGeSiGeSiSiSiGeSi
   -19376.8203125000 SiGeGeSiGeGeSiSiSiSiSiGeSiGeSiGeSiSiGeGeSiSiGeSiGeGeSiSiSiSiSiGeGeSiSiSiGeSiGeSiSiGeSiSiGeGeGeGeGeGeGeGeGeSiGeSiSiSiGeSi
   -19705.3203125000 SiGeGeSiGeGeSiSiGeSiSiGeSiGeSiGeSiSiGeGeSiSiGeSiGeGeSiSiSiSiSiGeGeSiSiSiGeSiGeSiSiGeSiSiGeGeGeSiGeGeGeGeGeSiGeSiSiSiGeSi
   -19705.3203125000 SiGeGeSiGeGeSiSiGeSiSiGeSiGeSiGeSiSiGeGeSiSiGeSiGeGeSiSiSiSiSiGeGeSiSiSiGeSiGeSiSiGeSiSiGeGeGeSiGeGeGeGeGeSiGeSiSiSiGeSi
   -19705.3203125000 SiGeGeSiGeGeSiSiGeSiSiGeSiGeSiGeSiSiGeGeSiSiGeSiGeGeSiSiSiSiSiGeGeSiSiSiGeSiGeSiSiGeSiSiGeGeGeSiGeGeGeGeGeSiGeSiSiSiGeSi
   -24314.3398437500 GeGeGeSiGeGeSiSiGeSiSiGeSiGeSiGeSiSiGeGeSiSiGeSiSiSiSiSiSiSiSiGeGeSiSiSiGeSiGeSiGeSiSiSiSiGeGeGeGeGeGeGeGeSiGeGeSiSiGeSi
   -26410.2929687500 GeGeGeSiGeGeSiSiGeSiSiGeSiGeSiGeSiSiGeGeSiSiGeSiSiSiSiSiSiSiSiGeGeSiSiSiSiSiGeSiGeSiSiSiSiGeGeGeGeGeGeGeGeGeGeGeSiSiGeSi
   -26410.2929687500 GeGeGeSiGeGeSiSiGeSiSiGeSiGeSiGeSiSiGeGeSiSiGeSiSiSiSiSiSiSiSiGeGeSiSiSiSiSiGeSiGeSiSiSiSiGeGeGeGeGeGeGeGeGeGeGeSiSiGeSi
   -26410.2929687500 GeGeGeSiGeGeSiSiGeSiSiGeSiGeSiGeSiSiGeGeSiSiGeSiSiSiSiSiSiSiSiGeGeSiSiSiSiSiGeSiGeSiSiSiSiGeGeGeGeGeGeGeGeGeGeGeSiSiGeSi
   -26410.2929687500 GeGeGeSiGeGeSiSiGeSiSiGeSiGeSiGeSiSiGeGeSiSiGeSiSiSiSiSiSiSiSiGeGeSiSiSiSiSiGeSiGeSiSiSiSiGeGeGeGeGeGeGeGeGeGeGeSiSiGeSi
   -26410.2929687500 GeGeGeSiGeGeSiSiGeSiSiGeSiGeSiGeSiSiGeGeSiSiGeSiSiSiSiSiSiSiSiGeGeSiSiSiSiSiGeSiGeSiSiSiSiGeGeGeGeGeGeGeGeGeGeGeSiSiGeSi
   -26410.2929687500 GeGeGeSiGeGeSiSiGeSiSiGeSiGeSiGeSiSiGeGeSiSiGeSiSiSiSiSiSiSiSiGeGeSiSiSiSiSiGeSiGeSiSiSiSiGeGeGeGeGeGeGeGeGeGeGeSiSiGeSi
   -28042.3007812500 GeGeGeSiGeGeSiSiGeSiSiGeSiGeSiGeSiSiGeGeSiGeGeSiSiSiSiSiSiSiSiGeGeSiSiSiSiSiGeSiGeSiSiSiSiGeGeGeGeGeGeGeGeGeGeGeSiSiSiSi
   -28042.3007812500 GeGeGeSiGeGeSiSiGeSiSiGeSiGeSiGeSiSiGeGeSiGeGeSiSiSiSiSiSiSiSiGeGeSiSiSiSiSiGeSiGeSiSiSiSiGeGeGeGeGeGeGeGeGeGeGeSiSiSiSi
   -28230.2968750000 GeGeGeSiGeGeSiSiGeSiSiGeSiGeSiGeSiSiGeGeSiGeGeSiSiSiSiSiSiSiSiGeGeSiSiSiSiSiGeSiSiSiSiSiSiGeGeGeGeGeGeGeGeGeGeGeGeSiSiSi
   -28230.2968750000 GeGeGeSiGeGeSiSiGeSiSiGeSiGeSiGeSiSiGeGeSiGeGeSiSiSiSiSiSiSiSiGeGeSiSiSiSiSiGeSiSiSiSiSiSiGeGeGeGeGeGeGeGeGeGeGeGeSiSiSi
   -28230.2968750000 GeGeGeSiGeGeSiSiGeSiSiGeSiGeSiGeSiSiGeGeSiGeGeSiSiSiSiSiSiSiSiGeGeSiSiSiSiSiGeSiSiSiSiSiSiGeGeGeGeGeGeGeGeGeGeGeGeSiSiSi
   -28230.2968750000 GeGeGeSiGeGeSiSiGeSiSiGeSiGeSiGeSiSiGeGeSiGeGeSiSiSiSiSiSiSiSiGeGeSiSiSiSiSiGeSiSiSiSiSiSiGeGeGeGeGeGeGeGeGeGeGeGeSiSiSi
   -28230.2968750000 GeGeGeSiGeGeSiSiGeSiSiGeSiGeSiGeSiSiGeGeSiGeGeSiSiSiSiSiSiSiSiGeGeSiSiSiSiSiGeSiSiSiSiSiSiGeGeGeGeGeGeGeGeGeGeGeGeSiSiSi
   -28230.2968750000 GeGeGeSiGeGeSiSiGeSiSiGeSiGeSiGeSiSiGeGeSiGeGeSiSiSiSiSiSiSiSiGeGeSiSiSiSiSiGeSiSiSiSiSiSiGeGeGeGeGeGeGeGeGeGeGeGeSiSiSi
   -28230.2968750000 GeGeGeSiGeGeSiSiGeSiSiGeSiGeSiGeSiSiGeGeSiGeGeSiSiSiSiSiSiSiSiGeGeSiSiSiSiSiGeSiSiSiSiSiSiGeGeGeGeGeGeGeGeGeGeGeGeSiSiSi
   -28230.2968750000 GeGeGeSiGeGeSiSiGeSiSiGeSiGeSiGeSiSiGeGeSiGeGeSiSiSiSiSiSiSiSiGeGeSiSiSiSiSiGeSiSiSiSiSiSiGeGeGeGeGeGeGeGeGeGeGeGeSiSiSi
   -28230.2968750000 GeGeGeSiGeGeSiSiGeSiSiGeSiGeSiGeSiSiGeGeSiGeGeSiSiSiSiSiSiSiSiGeGeSiSiSiSiSiGeSiSiSiSiSiSiGeGeGeGeGeGeGeGeGeGeGeGeSiSiSi
   -28230.2968750000 GeGeGeSiGeGeSiSiGeSiSiGeSiGeSiGeSiSiGeGeSiGeGeSiSiSiSiSiSiSiSiGeGeSiSiSiSiSiGeSiSiSiSiSiSiGeGeGeGeGeGeGeGeGeGeGeGeSiSiSi
   -28394.1835937500 GeGeGeSiGeGeSiGeGeSiSiGeSiGeSiGeSiSiGeGeSiGeGeSiSiSiSiSiSiSiSiGeGeSiSiSiSiSiGeGeSiSiSiSiSiSiGeGeGeGeSiGeGeGeGeGeGeSiSiSi
   -28394.1835937500 GeGeGeSiGeGeSiGeGeSiSiGeSiGeSiGeSiSiGeGeSiGeGeSiSiSiSiSiSiSiSiGeGeSiSiSiSiSiGeGeSiSiSiSiSiSiGeGeGeGeSiGeGeGeGeGeGeSiSiSi
   -29021.3281250000 GeGeGeSiGeGeSiGeGeSiSiGeSiGeSiGeSiSiGeSiGeGeGeSiSiSiSiSiSiSiSiGeGeSiSiSiSiSiGeGeSiSiSiSiSiSiGeGeGeGeSiGeGeGeGeGeGeSiSiSi
   -29021.3281250000 GeGeGeSiGeGeSiGeGeSiSiGeSiGeSiGeSiSiGeSiGeGeGeSiSiSiSiSiSiSiSiGeGeSiSiSiSiSiGeGeSiSiSiSiSiSiGeGeGeGeSiGeGeGeGeGeGeSiSiSi
   -29021.3281250000 GeGeGeSiGeGeSiGeGeSiSiGeSiGeSiGeSiSiGeSiGeGeGeSiSiSiSiSiSiSiSiGeGeSiSiSiSiSiGeGeSiSiSiSiSiSiGeGeGeGeSiGeGeGeGeGeGeSiSiSi
   -29021.3281250000 GeGeGeSiGeGeSiGeGeSiSiGeSiGeSiGeSiSiGeSiGeGeGeSiSiSiSiSiSiSiSiGeGeSiSiSiSiSiGeGeSiSiSiSiSiSiGeGeGeGeSiGeGeGeGeGeGeSiSiSi
   -29021.3281250000 GeGeGeSiGeGeSiGeGeSiSiGeSiGeSiGeSiSiGeSiGeGeGeSiSiSiSiSiSiSiSiGeGeSiSiSiSiSiGeGeSiSiSiSiSiSiGeGeGeGeSiGeGeGeGeGeGeSiSiSi
   -29021.3281250000 GeGeGeSiGeGeSiGeGeSiSiGeSiGeSiGeSiSiGeSiGeGeGeSiSiSiSiSiSiSiSiGeGeSiSiSiSiSiGeGeSiSiSiSiSiSiGeGeGeGeSiGeGeGeGeGeGeSiSiSi
   -29021.3281250000 GeGeGeSiGeGeSiGeGeSiSiGeSiGeSiGeSiSiGeSiGeGeGeSiSiSiSiSiSiSiSiGeGeSiSiSiSiSiGeGeSiSiSiSiSiSiGeGeGeGeSiGeGeGeGeGeGeSiSiSi
   -29457.5117187500 GeGeGeSiGeGeSiGeGeSiSiGeSiGeSiGeSiSiGeSiGeGeGeSiSiSiSiSiSiSiSiGeGeSiSiSiSiSiGeGeSiSiSiSiSiSiGeGeGeGeSiSiGeGeGeGeGeSiGeSi
   -29457.5117187500 GeGeGeSiGeGeSiGeGeSiSiGeSiGeSiGeSiSiGeSiGeGeGeSiSiSiSiSiSiSiSiGeGeSiSiSiSiSiGeGeSiSiSiSiSiSiGeGeGeGeSiSiGeGeGeGeGeSiGeSi
   -29457.5117187500 GeGeGeSiGeGeSiGeGeSiSiGeSiGeSiGeSiSiGeSiGeGeGeSiSiSiSiSiSiSiSiGeGeSiSiSiSiSiGeGeSiSiSiSiSiSiGeGeGeGeSiSiGeGeGeGeGeSiGeSi
   -29457.5117187500 GeGeGeSiGeGeSiGeGeSiSiGeSiGeSiGeSiSiGeSiGeGeGeSiSiSiSiSiSiSiSiGeGeSiSiSiSiSiGeGeSiSiSiSiSiSiGeGeGeGeSiSiGeGeGeGeGeSiGeSi
   -29457.5117187500 GeGeGeSiGeGeSiGeGeSiSiGeSiGeSiGeSiSiGeSiGeGeGeSiSiSiSiSiSiSiSiGeGeSiSiSiSiSiGeGeSiSiSiSiSiSiGeGeGeGeSiSiGeGeGeGeGeSiGeSi
   -29457.5117187500 GeGeGeSiGeGeSiGeGeSiSiGeSiGeSiGeSiSiGeSiGeGeGeSiSiSiSiSiSiSiSiGeGeSiSiSiSiSiGeGeSiSiSiSiSiSiGeGeGeGeSiSiGeGeGeGeGeSiGeSi
   -30785.3671875000 GeGeGeSiGeGeSiGeGeSiSiGeSiGeSiGeSiSiGeSiGeGeGeSiSiSiSiSiSiSiSiGeGeSiSiSiSiSiSiGeSiSiSiSiSiSiGeGeGeGeGeSiGeGeGeGeGeSiGeSi
   -30785.3671875000 GeGeGeSiGeGeSiGeGeSiSiGeSiGeSiGeSiSiGeSiGeGeGeSiSiSiSiSiSiSiSiGeGeSiSiSiSiSiSiGeSiSiSiSiSiSiGeGeGeGeGeSiGeGeGeGeGeSiGeSi
   -30785.3671875000 GeGeGeSiGeGeSiGeGeSiSiGeSiGeSiGeSiSiGeSiGeGeGeSiSiSiSiSiSiSiSiGeGeSiSiSiSiSiSiGeSiSiSiSiSiSiGeGeGeGeGeSiGeGeGeGeGeSiGeSi
   -31048.1601562500 GeGeGeSiGeGeSiGeGeSiSiGeSiGeSiGeSiSiGeGeGeGeGeSiSiSiSiSiSiSiSiSiGeSiSiSiSiSiSiGeSiSiSiSiSiSiGeGeGeGeGeSiGeGeGeGeGeSiGeSi
   -31048.1601562500 GeGeGeSiGeGeSiGeGeSiSiGeSiGeSiGeSiSiGeGeGeGeGeSiSiSiSiSiSiSiSiSiGeSiSiSiSiSiSiGeSiSiSiSiSiSiGeGeGeGeGeSiGeGeGeGeGeSiGeSi
   -31048.1601562500 GeGeGeSiGeGeSiGeGeSiSiGeSiGeSiGeSiSiGeGeGeGeGeSiSiSiSiSiSiSiSiSiGeSiSiSiSiSiSiGeSiSiSiSiSiSiGeGeGeGeGeSiGeGeGeGeGeSiGeSi
   -31048.1601562500 GeGeGeSiGeGeSiGeGeSiSiGeSiGeSiGeSiSiGeGeGeGeGeSiSiSiSiSiSiSiSiSiGeSiSiSiSiSiSiGeSiSiSiSiSiSiGeGeGeGeGeSiGeGeGeGeGeSiGeSi
   -31048.1601562500 GeGeGeSiGeGeSiGeGeSiSiGeSiGeSiGeSiSiGeGeGeGeGeSiSiSiSiSiSiSiSiSiGeSiSiSiSiSiSiGeSiSiSiSiSiSiGeGeGeGeGeSiGeGeGeGeGeSiGeSi
   -31048.1601562500 GeGeGeSiGeGeSiGeGeSiSiGeSiGeSiGeSiSiGeGeGeGeGeSiSiSiSiSiSiSiSiSiGeSiSiSiSiSiSiGeSiSiSiSiSiSiGeGeGeGeGeSiGeGeGeGeGeSiGeSi
   -31048.1601562500 GeGeGeSiGeGeSiGeGeSiSiGeSiGeSiGeSiSiGeGeGeGeGeSiSiSiSiSiSiSiSiSiGeSiSiSiSiSiSiGeSiSiSiSiSiSiGeGeGeGeGeSiGeGeGeGeGeSiGeSi
   -31048.1601562500 GeGeGeSiGeGeSiGeGeSiSiGeSiGeSiGeSiSiGeGeGeGeGeSiSiSiSiSiSiSiSiSiGeSiSiSiSiSiSiGeSiSiSiSiSiSiGeGeGeGeGeSiGeGeGeGeGeSiGeSi
   -31048.1601562500 GeGeGeSiGeGeSiGeGeSiSiGeSiGeSiGeSiSiGeGeGeGeGeSiSiSiSiSiSiSiSiSiGeSiSiSiSiSiSiGeSiSiSiSiSiSiGeGeGeGeGeSiGeGeGeGeGeSiGeSi
   -31048.1601562500 GeGeGeSiGeGeSiGeGeSiSiGeSiGeSiGeSiSiGeGeGeGeGeSiSiSiSiSiSiSiSiSiGeSiSiSiSiSiSiGeSiSiSiSiSiSiGeGeGeGeGeSiGeGeGeGeGeSiGeSi
   -31048.1601562500 GeGeGeSiGeGeSiGeGeSiSiGeSiGeSiGeSiSiGeGeGeGeGeSiSiSiSiSiSiSiSiSiGeSiSiSiSiSiSiGeSiSiSiSiSiSiGeGeGeGeGeSiGeGeGeGeGeSiGeSi
   -31048.1601562500 GeGeGeSiGeGeSiGeGeSiSiGeSiGeSiGeSiSiGeGeGeGeGeSiSiSiSiSiSiSiSiSiGeSiSiSiSiSiSiGeSiSiSiSiSiSiGeGeGeGeGeSiGeGeGeGeGeSiGeSi
   -31048.1601562500 GeGeGeSiGeGeSiGeGeSiSiGeSiGeSiGeSiSiGeGeGeGeGeSiSiSiSiSiSiSiSiSiGeSiSiSiSiSiSiGeSiSiSiSiSiSiGeGeGeGeGeSiGeGeGeGeGeSiGeSi
   -31048.1601562500 GeGeGeSiGeGeSiGeGeSiSiGeSiGeSiGeSiSiGeGeGeGeGeSiSiSiSiSiSiSiSiSiGeSiSiSiSiSiSiGeSiSiSiSiSiSiGeGeGeGeGeSiGeGeGeGeGeSiGeSi
   -31048.1601562500 GeGeGeSiGeGeSiGeGeSiSiGeSiGeSiGeSiSiGeGeGeGeGeSiSiSiSiSiSiSiSiSiGeSiSiSiSiSiSiGeSiSiSiSiSiSiGeGeGeGeGeSiGeGeGeGeGeSiGeSi
   -31048.1601562500 GeGeGeSiGeGeSiGeGeSiSiGeSiGeSiGeSiSiGeGeGeGeGeSiSiSiSiSiSiSiSiSiGeSiSiSiSiSiSiGeSiSiSiSiSiSiGeGeGeGeGeSiGeGeGeGeGeSiGeSi
   -31794.1093750000 GeGeGeSiGeGeSiGeGeSiSiGeSiGeSiGeSiSiGeGeGeGeGeSiSiSiSiSiSiSiSiSiGeSiSiSiSiSiSiGeSiSiSiSiSiSiGeSiGeGeGeSiGeGeGeGeGeSiGeGe
   -31794.1093750000 GeGeGeSiGeGeSiGeGeSiSiGeSiGeSiGeSiSiGeGeGeGeGeSiSiSiSiSiSiSiSiSiGeSiSiSiSiSiSiGeSiSiSiSiSiSiGeSiGeGeGeSiGeGeGeGeGeSiGeGe
   -31794.1093750000 GeGeGeSiGeGeSiGeGeSiSiGeSiGeSiGeSiSiGeGeGeGeGeSiSiSiSiSiSiSiSiSiGeSiSiSiSiSiSiGeSiSiSiSiSiSiGeSiGeGeGeSiGeGeGeGeGeSiGeGe
   -31794.1093750000 GeGeGeSiGeGeSiGeGeSiSiGeSiGeSiGeSiSiGeGeGeGeGeSiSiSiSiSiSiSiSiSiGeSiSiSiSiSiSiGeSiSiSiSiSiSiGeSiGeGeGeSiGeGeGeGeGeSiGeGe
   -31794.1093750000 GeGeGeSiGeGeSiGeGeSiSiGeSiGeSiGeSiSiGeGeGeGeGeSiSiSiSiSiSiSiSiSiGeSiSiSiSiSiSiGeSiSiSiSiSiSiGeSiGeGeGeSiGeGeGeGeGeSiGeGe
   -31794.1093750000 GeGeGeSiGeGeSiGeGeSiSiGeSiGeSiGeSiSiGeGeGeGeGeSiSiSiSiSiSiSiSiSiGeSiSiSiSiSiSiGeSiSiSiSiSiSiGeSiGeGeGeSiGeGeGeGeGeSiGeGe
   -31794.1093750000 GeGeGeSiGeGeSiGeGeSiSiGeSiGeSiGeSiSiGeGeGeGeGeSiSiSiSiSiSiSiSiSiGeSiSiSiSiSiSiGeSiSiSiSiSiSiGeSiGeGeGeSiGeGeGeGeGeSiGeGe
   -31794.1093750000 GeGeGeSiGeGeSiGeGeSiSiGeSiGeSiGeSiSiGeGeGeGeGeSiSiSiSiSiSiSiSiSiGeSiSiSiSiSiSiGeSiSiSiSiSiSiGeSiGeGeGeSiGeGeGeGeGeSiGeGe
   -31794.1093750000 GeGeGeSiGeGeSiGeGeSiSiGeSiGeSiGeSiSiGeGeGeGeGeSiSiSiSiSiSiSiSiSiGeSiSiSiSiSiSiGeSiSiSiSiSiSiGeSiGeGeGeSiGeGeGeGeGeSiGeGe
   -31794.1093750000 GeGeGeSiGeGeSiGeGeSiSiGeSiGeSiGeSiSiGeGeGeGeGeSiSiSiSiSiSiSiSiSiGeSiSiSiSiSiSiGeSiSiSiSiSiSiGeSiGeGeGeSiGeGeGeGeGeSiGeGe
   -31794.1093750000 GeGeGeSiGeGeSiGeGeSiSiGeSiGeSiGeSiSiGeGeGeGeGeSiSiSiSiSiSiSiSiSiGeSiSiSiSiSiSiGeSiSiSiSiSiSiGeSiGeGeGeSiGeGeGeGeGeSiGeGe
   -31794.1093750000 GeGeGeSiGeGeSiGeGeSiSiGeSiGeSiGeSiSiGeGeGeGeGeSiSiSiSiSiSiSiSiSiGeSiSiSiSiSiSiGeSiSiSiSiSiSiGeSiGeGeGeSiGeGeGeGeGeSiGeGe
   -31794.1093750000 GeGeGeSiGeGeSiGeGeSiSiGeSiGeSiGeSiSiGeGeGeGeGeSiSiSiSiSiSiSiSiSiGeSiSiSiSiSiSiGeSiSiSiSiSiSiGeSiGeGeGeSiGeGeGeGeGeSiGeGe
   -31794.1093750000 GeGeGeSiGeGeSiGeGeSiSiGeSiGeSiGeSiSiGeGeGeGeGeSiSiSiSiSiSiSiSiSiGeSiSiSiSiSiSiGeSiSiSiSiSiSiGeSiGeGeGeSiGeGeGeGeGeSiGeGe
   -31794.1093750000 GeGeGeSiGeGeSiGeGeSiSiGeSiGeSiGeSiSiGeGeGeGeGeSiSiSiSiSiSiSiSiSiGeSiSiSiSiSiSiGeSiSiSiSiSiSiGeSiGeGeGeSiGeGeGeGeGeSiGeGe
   -31794.1093750000 GeGeGeSiGeGeSiGeGeSiSiGeSiGeSiGeSiSiGeGeGeGeGeSiSiSiSiSiSiSiSiSiGeSiSiSiSiSiSiGeSiSiSiSiSiSiGeSiGeGeGeSiGeGeGeGeGeSiGeGe
   -31794.1093750000 GeGeGeSiGeGeSiGeGeSiSiGeSiGeSiGeSiSiGeGeGeGeGeSiSiSiSiSiSiSiSiSiGeSiSiSiSiSiSiGeSiSiSiSiSiSiGeSiGeGeGeSiGeGeGeGeGeSiGeGe
   -31794.1093750000 GeGeGeSiGeGeSiGeGeSiSiGeSiGeSiGeSiSiGeGeGeGeGeSiSiSiSiSiSiSiSiSiGeSiSiSiSiSiSiGeSiSiSiSiSiSiGeSiGeGeGeSiGeGeGeGeGeSiGeGe
   -31794.1093750000 GeGeGeSiGeGeSiGeGeSiSiGeSiGeSiGeSiSiGeGeGeGeGeSiSiSiSiSiSiSiSiSiGeSiSiSiSiSiSiGeSiSiSiSiSiSiGeSiGeGeGeSiGeGeGeGeGeSiGeGe
   -31794.1093750000 GeGeGeSiGeGeSiGeGeSiSiGeSiGeSiGeSiSiGeGeGeGeGeSiSiSiSiSiSiSiSiSiGeSiSiSiSiSiSiGeSiSiSiSiSiSiGeSiGeGeGeSiGeGeGeGeGeSiGeGe
   -31794.1093750000 GeGeGeSiGeGeSiGeGeSiSiGeSiGeSiGeSiSiGeGeGeGeGeSiSiSiSiSiSiSiSiSiGeSiSiSiSiSiSiGeSiSiSiSiSiSiGeSiGeGeGeSiGeGeGeGeGeSiGeGe
   -31794.1093750000 GeGeGeSiGeGeSiGeGeSiSiGeSiGeSiGeSiSiGeGeGeGeGeSiSiSiSiSiSiSiSiSiGeSiSiSiSiSiSiGeSiSiSiSiSiSiGeSiGeGeGeSiGeGeGeGeGeSiGeGe
   -31794.1093750000 GeGeGeSiGeGeSiGeGeSiSiGeSiGeSiGeSiSiGeGeGeGeGeSiSiSiSiSiSiSiSiSiGeSiSiSiSiSiSiGeSiSiSiSiSiSiGeSiGeGeGeSiGeGeGeGeGeSiGeGe
   -31794.1093750000 GeGeGeSiGeGeSiGeGeSiSiGeSiGeSiGeSiSiGeGeGeGeGeSiSiSiSiSiSiSiSiSiGeSiSiSiSiSiSiGeSiSiSiSiSiSiGeSiGeGeGeSiGeGeGeGeGeSiGeGe
   -31794.1093750000 GeGeGeSiGeGeSiGeGeSiSiGeSiGeSiGeSiSiGeGeGeGeGeSiSiSiSiSiSiSiSiSiGeSiSiSiSiSiSiGeSiSiSiSiSiSiGeSiGeGeGeSiGeGeGeGeGeSiGeGe
   -31794.1093750000 GeGeGeSiGeGeSiGeGeSiSiGeSiGeSiGeSiSiGeGeGeGeGeSiSiSiSiSiSiSiSiSiGeSiSiSiSiSiSiGeSiSiSiSiSiSiGeSiGeGeGeSiGeGeGeGeGeSiGeGe
   -31794.1093750000 GeGeGeSiGeGeSiGeGeSiSiGeSiGeSiGeSiSiGeGeGeGeGeSiSiSiSiSiSiSiSiSiGeSiSiSiSiSiSiGeSiSiSiSiSiSiGeSiGeGeGeSiGeGeGeGeGeSiGeGe
   -31794.1093750000 GeGeGeSiGeGeSiGeGeSiSiGeSiGeSiGeSiSiGeGeGeGeGeSiSiSiSiSiSiSiSiSiGeSiSiSiSiSiSiGeSiSiSiSiSiSiGeSiGeGeGeSiGeGeGeGeGeSiGeGe
   -31794.1093750000 GeGeGeSiGeGeSiGeGeSiSiGeSiGeSiGeSiSiGeGeGeGeGeSiSiSiSiSiSiSiSiSiGeSiSiSiSiSiSiGeSiSiSiSiSiSiGeSiGeGeGeSiGeGeGeGeGeSiGeGe
   -31794.1093750000 GeGeGeSiGeGeSiGeGeSiSiGeSiGeSiGeSiSiGeGeGeGeGeSiSiSiSiSiSiSiSiSiGeSiSiSiSiSiSiGeSiSiSiSiSiSiGeSiGeGeGeSiGeGeGeGeGeSiGeGe
   -31794.1093750000 GeGeGeSiGeGeSiGeGeSiSiGeSiGeSiGeSiSiGeGeGeGeGeSiSiSiSiSiSiSiSiSiGeSiSiSiSiSiSiGeSiSiSiSiSiSiGeSiGeGeGeSiGeGeGeGeGeSiGeGe
   -31794.1093750000 GeGeGeSiGeGeSiGeGeSiSiGeSiGeSiGeSiSiGeGeGeGeGeSiSiSiSiSiSiSiSiSiGeSiSiSiSiSiSiGeSiSiSiSiSiSiGeSiGeGeGeSiGeGeGeGeGeSiGeGe
   -31794.1093750000 GeGeGeSiGeGeSiGeGeSiSiGeSiGeSiGeSiSiGeGeGeGeGeSiSiSiSiSiSiSiSiSiGeSiSiSiSiSiSiGeSiSiSiSiSiSiGeSiGeGeGeSiGeGeGeGeGeSiGeGe
   -31794.1093750000 GeGeGeSiGeGeSiGeGeSiSiGeSiGeSiGeSiSiGeGeGeGeGeSiSiSiSiSiSiSiSiSiGeSiSiSiSiSiSiGeSiSiSiSiSiSiGeSiGeGeGeSiGeGeGeGeGeSiGeGe
   -31794.1093750000 GeGeGeSiGeGeSiGeGeSiSiGeSiGeSiGeSiSiGeGeGeGeGeSiSiSiSiSiSiSiSiSiGeSiSiSiSiSiSiGeSiSiSiSiSiSiGeSiGeGeGeSiGeGeGeGeGeSiGeGe
   -31794.1093750000 GeGeGeSiGeGeSiGeGeSiSiGeSiGeSiGeSiSiGeGeGeGeGeSiSiSiSiSiSiSiSiSiGeSiSiSiSiSiSiGeSiSiSiSiSiSiGeSiGeGeGeSiGeGeGeGeGeSiGeGe
   -31794.1093750000 GeGeGeSiGeGeSiGeGeSiSiGeSiGeSiGeSiSiGeGeGeGeGeSiSiSiSiSiSiSiSiSiGeSiSiSiSiSiSiGeSiSiSiSiSiSiGeSiGeGeGeSiGeGeGeGeGeSiGeGe
   -31794.1093750000 GeGeGeSiGeGeSiGeGeSiSiGeSiGeSiGeSiSiGeGeGeGeGeSiSiSiSiSiSiSiSiSiGeSiSiSiSiSiSiGeSiSiSiSiSiSiGeSiGeGeGeSiGeGeGeGeGeSiGeGe
   -31794.1093750000 GeGeGeSiGeGeSiGeGeSiSiGeSiGeSiGeSiSiGeGeGeGeGeSiSiSiSiSiSiSiSiSiGeSiSiSiSiSiSiGeSiSiSiSiSiSiGeSiGeGeGeSiGeGeGeGeGeSiGeGe
   -31794.1093750000 GeGeGeSiGeGeSiGeGeSiSiGeSiGeSiGeSiSiGeGeGeGeGeSiSiSiSiSiSiSiSiSiGeSiSiSiSiSiSiGeSiSiSiSiSiSiGeSiGeGeGeSiGeGeGeGeGeSiGeGe
   -31794.1093750000 GeGeGeSiGeGeSiGeGeSiSiGeSiGeSiGeSiSiGeGeGeGeGeSiSiSiSiSiSiSiSiSiGeSiSiSiSiSiSiGeSiSiSiSiSiSiGeSiGeGeGeSiGeGeGeGeGeSiGeGe
   -31794.1093750000 GeGeGeSiGeGeSiGeGeSiSiGeSiGeSiGeSiSiGeGeGeGeGeSiSiSiSiSiSiSiSiSiGeSiSiSiSiSiSiGeSiSiSiSiSiSiGeSiGeGeGeSiGeGeGeGeGeSiGeGe
   -31794.1093750000 GeGeGeSiGeGeSiGeGeSiSiGeSiGeSiGeSiSiGeGeGeGeGeSiSiSiSiSiSiSiSiSiGeSiSiSiSiSiSiGeSiSiSiSiSiSiGeSiGeGeGeSiGeGeGeGeGeSiGeGe
   -31794.1093750000 GeGeGeSiGeGeSiGeGeSiSiGeSiGeSiGeSiSiGeGeGeGeGeSiSiSiSiSiSiSiSiSiGeSiSiSiSiSiSiGeSiSiSiSiSiSiGeSiGeGeGeSiGeGeGeGeGeSiGeGe
   -31794.1093750000 GeGeGeSiGeGeSiGeGeSiSiGeSiGeSiGeSiSiGeGeGeGeGeSiSiSiSiSiSiSiSiSiGeSiSiSiSiSiSiGeSiSiSiSiSiSiGeSiGeGeGeSiGeGeGeGeGeSiGeGe
   -31794.1093750000 GeGeGeSiGeGeSiGeGeSiSiGeSiGeSiGeSiSiGeGeGeGeGeSiSiSiSiSiSiSiSiSiGeSiSiSiSiSiSiGeSiSiSiSiSiSiGeSiGeGeGeSiGeGeGeGeGeSiGeGe
   -31794.1093750000 GeGeGeSiGeGeSiGeGeSiSiGeSiGeSiGeSiSiGeGeGeGeGeSiSiSiSiSiSiSiSiSiGeSiSiSiSiSiSiGeSiSiSiSiSiSiGeSiGeGeGeSiGeGeGeGeGeSiGeGe
   -31794.1093750000 GeGeGeSiGeGeSiGeGeSiSiGeSiGeSiGeSiSiGeGeGeGeGeSiSiSiSiSiSiSiSiSiGeSiSiSiSiSiSiGeSiSiSiSiSiSiGeSiGeGeGeSiGeGeGeGeGeSiGeGe
   -31794.1093750000 GeGeGeSiGeGeSiGeGeSiSiGeSiGeSiGeSiSiGeGeGeGeGeSiSiSiSiSiSiSiSiSiGeSiSiSiSiSiSiGeSiSiSiSiSiSiGeSiGeGeGeSiGeGeGeGeGeSiGeGe
   -31794.1093750000 GeGeGeSiGeGeSiGeGeSiSiGeSiGeSiGeSiSiGeGeGeGeGeSiSiSiSiSiSiSiSiSiGeSiSiSiSiSiSiGeSiSiSiSiSiSiGeSiGeGeGeSiGeGeGeGeGeSiGeGe
   -31794.1093750000 GeGeGeSiGeGeSiGeGeSiSiGeSiGeSiGeSiSiGeGeGeGeGeSiSiSiSiSiSiSiSiSiGeSiSiSiSiSiSiGeSiSiSiSiSiSiGeSiGeGeGeSiGeGeGeGeGeSiGeGe
   -31794.1093750000 GeGeGeSiGeGeSiGeGeSiSiGeSiGeSiGeSiSiGeGeGeGeGeSiSiSiSiSiSiSiSiSiGeSiSiSiSiSiSiGeSiSiSiSiSiSiGeSiGeGeGeSiGeGeGeGeGeSiGeGe
   -31794.1093750000 GeGeGeSiGeGeSiGeGeSiSiGeSiGeSiGeSiSiGeGeGeGeGeSiSiSiSiSiSiSiSiSiGeSiSiSiSiSiSiGeSiSiSiSiSiSiGeSiGeGeGeSiGeGeGeGeGeSiGeGe
   -31794.1093750000 GeGeGeSiGeGeSiGeGeSiSiGeSiGeSiGeSiSiGeGeGeGeGeSiSiSiSiSiSiSiSiSiGeSiSiSiSiSiSiGeSiSiSiSiSiSiGeSiGeGeGeSiGeGeGeGeGeSiGeGe
   -31794.1093750000 GeGeGeSiGeGeSiGeGeSiSiGeSiGeSiGeSiSiGeGeGeGeGeSiSiSiSiSiSiSiSiSiGeSiSiSiSiSiSiGeSiSiSiSiSiSiGeSiGeGeGeSiGeGeGeGeGeSiGeGe
   -31794.1093750000 GeGeGeSiGeGeSiGeGeSiSiGeSiGeSiGeSiSiGeGeGeGeGeSiSiSiSiSiSiSiSiSiGeSiSiSiSiSiSiGeSiSiSiSiSiSiGeSiGeGeGeSiGeGeGeGeGeSiGeGe
   -31794.1093750000 GeGeGeSiGeGeSiGeGeSiSiGeSiGeSiGeSiSiGeGeGeGeGeSiSiSiSiSiSiSiSiSiGeSiSiSiSiSiSiGeSiSiSiSiSiSiGeSiGeGeGeSiGeGeGeGeGeSiGeGe
   -31794.1093750000 GeGeGeSiGeGeSiGeGeSiSiGeSiGeSiGeSiSiGeGeGeGeGeSiSiSiSiSiSiSiSiSiGeSiSiSiSiSiSiGeSiSiSiSiSiSiGeSiGeGeGeSiGeGeGeGeGeSiGeGe
   -31794.1093750000 GeGeGeSiGeGeSiGeGeSiSiGeSiGeSiGeSiSiGeGeGeGeGeSiSiSiSiSiSiSiSiSiGeSiSiSiSiSiSiGeSiSiSiSiSiSiGeSiGeGeGeSiGeGeGeGeGeSiGeGe
   -31794.1093750000 GeGeGeSiGeGeSiGeGeSiSiGeSiGeSiGeSiSiGeGeGeGeGeSiSiSiSiSiSiSiSiSiGeSiSiSiSiSiSiGeSiSiSiSiSiSiGeSiGeGeGeSiGeGeGeGeGeSiGeGe
   -31794.1093750000 GeGeGeSiGeGeSiGeGeSiSiGeSiGeSiGeSiSiGeGeGeGeGeSiSiSiSiSiSiSiSiSiGeSiSiSiSiSiSiGeSiSiSiSiSiSiGeSiGeGeGeSiGeGeGeGeGeSiGeGe
   -31794.1093750000 GeGeGeSiGeGeSiGeGeSiSiGeSiGeSiGeSiSiGeGeGeGeGeSiSiSiSiSiSiSiSiSiGeSiSiSiSiSiSiGeSiSiSiSiSiSiGeSiGeGeGeSiGeGeGeGeGeSiGeGe
   -31794.1093750000 GeGeGeSiGeGeSiGeGeSiSiGeSiGeSiGeSiSiGeGeGeGeGeSiSiSiSiSiSiSiSiSiGeSiSiSiSiSiSiGeSiSiSiSiSiSiGeSiGeGeGeSiGeGeGeGeGeSiGeGe
   -31794.1093750000 GeGeGeSiGeGeSiGeGeSiSiGeSiGeSiGeSiSiGeGeGeGeGeSiSiSiSiSiSiSiSiSiGeSiSiSiSiSiSiGeSiSiSiSiSiSiGeSiGeGeGeSiGeGeGeGeGeSiGeGe
   -31794.1093750000 GeGeGeSiGeGeSiGeGeSiSiGeSiGeSiGeSiSiGeGeGeGeGeSiSiSiSiSiSiSiSiSiGeSiSiSiSiSiSiGeSiSiSiSiSiSiGeSiGeGeGeSiGeGeGeGeGeSiGeGe
   -31794.1093750000 GeGeGeSiGeGeSiGeGeSiSiGeSiGeSiGeSiSiGeGeGeGeGeSiSiSiSiSiSiSiSiSiGeSiSiSiSiSiSiGeSiSiSiSiSiSiGeSiGeGeGeSiGeGeGeGeGeSiGeGe
   -31794.1093750000 GeGeGeSiGeGeSiGeGeSiSiGeSiGeSiGeSiSiGeGeGeGeGeSiSiSiSiSiSiSiSiSiGeSiSiSiSiSiSiGeSiSiSiSiSiSiGeSiGeGeGeSiGeGeGeGeGeSiGeGe
   -31794.1093750000 GeGeGeSiGeGeSiGeGeSiSiGeSiGeSiGeSiSiGeGeGeGeGeSiSiSiSiSiSiSiSiSiGeSiSiSiSiSiSiGeSiSiSiSiSiSiGeSiGeGeGeSiGeGeGeGeGeSiGeGe
   -31794.1093750000 GeGeGeSiGeGeSiGeGeSiSiGeSiGeSiGeSiSiGeGeGeGeGeSiSiSiSiSiSiSiSiSiGeSiSiSiSiSiSiGeSiSiSiSiSiSiGeSiGeGeGeSiGeGeGeGeGeSiGeGe
   -31794.1093750000 GeGeGeSiGeGeSiGeGeSiSiGeSiGeSiGeSiSiGeGeGeGeGeSiSiSiSiSiSiSiSiSiGeSiSiSiSiSiSiGeSiSiSiSiSiSiGeSiGeGeGeSiGeGeGeGeGeSiGeGe
   -31794.1093750000 GeGeGeSiGeGeSiGeGeSiSiGeSiGeSiGeSiSiGeGeGeGeGeSiSiSiSiSiSiSiSiSiGeSiSiSiSiSiSiGeSiSiSiSiSiSiGeSiGeGeGeSiGeGeGeGeGeSiGeGe
   -31794.1093750000 GeGeGeSiGeGeSiGeGeSiSiGeSiGeSiGeSiSiGeGeGeGeGeSiSiSiSiSiSiSiSiSiGeSiSiSiSiSiSiGeSiSiSiSiSiSiGeSiGeGeGeSiGeGeGeGeGeSiGeGe
   -31794.1093750000 GeGeGeSiGeGeSiGeGeSiSiGeSiGeSiGeSiSiGeGeGeGeGeSiSiSiSiSiSiSiSiSiGeSiSiSiSiSiSiGeSiSiSiSiSiSiGeSiGeGeGeSiGeGeGeGeGeSiGeGe
   -31794.1093750000 GeGeGeSiGeGeSiGeGeSiSiGeSiGeSiGeSiSiGeGeGeGeGeSiSiSiSiSiSiSiSiSiGeSiSiSiSiSiSiGeSiSiSiSiSiSiGeSiGeGeGeSiGeGeGeGeGeSiGeGe
   -31794.1093750000 GeGeGeSiGeGeSiGeGeSiSiGeSiGeSiGeSiSiGeGeGeGeGeSiSiSiSiSiSiSiSiSiGeSiSiSiSiSiSiGeSiSiSiSiSiSiGeSiGeGeGeSiGeGeGeGeGeSiGeGe
   -31794.1093750000 GeGeGeSiGeGeSiGeGeSiSiGeSiGeSiGeSiSiGeGeGeGeGeSiSiSiSiSiSiSiSiSiGeSiSiSiSiSiSiGeSiSiSiSiSiSiGeSiGeGeGeSiGeGeGeGeGeSiGeGe
   -31794.1093750000 GeGeGeSiGeGeSiGeGeSiSiGeSiGeSiGeSiSiGeGeGeGeGeSiSiSiSiSiSiSiSiSiGeSiSiSiSiSiSiGeSiSiSiSiSiSiGeSiGeGeGeSiGeGeGeGeGeSiGeGe
   -31794.1093750000 GeGeGeSiGeGeSiGeGeSiSiGeSiGeSiGeSiSiGeGeGeGeGeSiSiSiSiSiSiSiSiSiGeSiSiSiSiSiSiGeSiSiSiSiSiSiGeSiGeGeGeSiGeGeGeGeGeSiGeGe
   -31794.1093750000 GeGeGeSiGeGeSiGeGeSiSiGeSiGeSiGeSiSiGeGeGeGeGeSiSiSiSiSiSiSiSiSiGeSiSiSiSiSiSiGeSiSiSiSiSiSiGeSiGeGeGeSiGeGeGeGeGeSiGeGe
   -31794.1093750000 GeGeGeSiGeGeSiGeGeSiSiGeSiGeSiGeSiSiGeGeGeGeGeSiSiSiSiSiSiSiSiSiGeSiSiSiSiSiSiGeSiSiSiSiSiSiGeSiGeGeGeSiGeGeGeGeGeSiGeGe
   -31794.1093750000 GeGeGeSiGeGeSiGeGeSiSiGeSiGeSiGeSiSiGeGeGeGeGeSiSiSiSiSiSiSiSiSiGeSiSiSiSiSiSiGeSiSiSiSiSiSiGeSiGeGeGeSiGeGeGeGeGeSiGeGe
   -31794.1093750000 GeGeGeSiGeGeSiGeGeSiSiGeSiGeSiGeSiSiGeGeGeGeGeSiSiSiSiSiSiSiSiSiGeSiSiSiSiSiSiGeSiSiSiSiSiSiGeSiGeGeGeSiGeGeGeGeGeSiGeGe
   -31794.1093750000 GeGeGeSiGeGeSiGeGeSiSiGeSiGeSiGeSiSiGeGeGeGeGeSiSiSiSiSiSiSiSiSiGeSiSiSiSiSiSiGeSiSiSiSiSiSiGeSiGeGeGeSiGeGeGeGeGeSiGeGe
   -31794.1093750000 GeGeGeSiGeGeSiGeGeSiSiGeSiGeSiGeSiSiGeGeGeGeGeSiSiSiSiSiSiSiSiSiGeSiSiSiSiSiSiGeSiSiSiSiSiSiGeSiGeGeGeSiGeGeGeGeGeSiGeGe
   -31794.1093750000 GeGeGeSiGeGeSiGeGeSiSiGeSiGeSiGeSiSiGeGeGeGeGeSiSiSiSiSiSiSiSiSiGeSiSiSiSiSiSiGeSiSiSiSiSiSiGeSiGeGeGeSiGeGeGeGeGeSiGeGe
   -31794.1093750000 GeGeGeSiGeGeSiGeGeSiSiGeSiGeSiGeSiSiGeGeGeGeGeSiSiSiSiSiSiSiSiSiGeSiSiSiSiSiSiGeSiSiSiSiSiSiGeSiGeGeGeSiGeGeGeGeGeSiGeGe
   -31794.1093750000 GeGeGeSiGeGeSiGeGeSiSiGeSiGeSiGeSiSiGeGeGeGeGeSiSiSiSiSiSiSiSiSiGeSiSiSiSiSiSiGeSiSiSiSiSiSiGeSiGeGeGeSiGeGeGeGeGeSiGeGe
   -31794.1093750000 GeGeGeSiGeGeSiGeGeSiSiGeSiGeSiGeSiSiGeGeGeGeGeSiSiSiSiSiSiSiSiSiGeSiSiSiSiSiSiGeSiSiSiSiSiSiGeSiGeGeGeSiGeGeGeGeGeSiGeGe
   -31794.1093750000 GeGeGeSiGeGeSiGeGeSiSiGeSiGeSiGeSiSiGeGeGeGeGeSiSiSiSiSiSiSiSiSiGeSiSiSiSiSiSiGeSiSiSiSiSiSiGeSiGeGeGeSiGeGeGeGeGeSiGeGe
   -31794.1093750000 GeGeGeSiGeGeSiGeGeSiSiGeSiGeSiGeSiSiGeGeGeGeGeSiSiSiSiSiSiSiSiSiGeSiSiSiSiSiSiGeSiSiSiSiSiSiGeSiGeGeGeSiGeGeGeGeGeSiGeGe
   -31794.1093750000 GeGeGeSiGeGeSiGeGeSiSiGeSiGeSiGeSiSiGeGeGeGeGeSiSiSiSiSiSiSiSiSiGeSiSiSiSiSiSiGeSiSiSiSiSiSiGeSiGeGeGeSiGeGeGeGeGeSiGeGe
   -31794.1093750000 GeGeGeSiGeGeSiGeGeSiSiGeSiGeSiGeSiSiGeGeGeGeGeSiSiSiSiSiSiSiSiSiGeSiSiSiSiSiSiGeSiSiSiSiSiSiGeSiGeGeGeSiGeGeGeGeGeSiGeGe
   -31794.1093750000 GeGeGeSiGeGeSiGeGeSiSiGeSiGeSiGeSiSiGeGeGeGeGeSiSiSiSiSiSiSiSiSiGeSiSiSiSiSiSiGeSiSiSiSiSiSiGeSiGeGeGeSiGeGeGeGeGeSiGeGe
   -31794.1093750000 GeGeGeSiGeGeSiGeGeSiSiGeSiGeSiGeSiSiGeGeGeGeGeSiSiSiSiSiSiSiSiSiGeSiSiSiSiSiSiGeSiSiSiSiSiSiGeSiGeGeGeSiGeGeGeGeGeSiGeGe
   -31794.1093750000 GeGeGeSiGeGeSiGeGeSiSiGeSiGeSiGeSiSiGeGeGeGeGeSiSiSiSiSiSiSiSiSiGeSiSiSiSiSiSiGeSiSiSiSiSiSiGeSiGeGeGeSiGeGeGeGeGeSiGeGe
   -31794.1093750000 GeGeGeSiGeGeSiGeGeSiSiGeSiGeSiGeSiSiGeGeGeGeGeSiSiSiSiSiSiSiSiSiGeSiSiSiSiSiSiGeSiSiSiSiSiSiGeSiGeGeGeSiGeGeGeGeGeSiGeGe
   -31794.1093750000 GeGeGeSiGeGeSiGeGeSiSiGeSiGeSiGeSiSiGeGeGeGeGeSiSiSiSiSiSiSiSiSiGeSiSiSiSiSiSiGeSiSiSiSiSiSiGeSiGeGeGeSiGeGeGeGeGeSiGeGe
   -31794.1093750000 GeGeGeSiGeGeSiGeGeSiSiGeSiGeSiGeSiSiGeGeGeGeGeSiSiSiSiSiSiSiSiSiGeSiSiSiSiSiSiGeSiSiSiSiSiSiGeSiGeGeGeSiGeGeGeGeGeSiGeGe
   -31794.1093750000 GeGeGeSiGeGeSiGeGeSiSiGeSiGeSiGeSiSiGeGeGeGeGeSiSiSiSiSiSiSiSiSiGeSiSiSiSiSiSiGeSiSiSiSiSiSiGeSiGeGeGeSiGeGeGeGeGeSiGeGe
   -31794.1093750000 GeGeGeSiGeGeSiGeGeSiSiGeSiGeSiGeSiSiGeGeGeGeGeSiSiSiSiSiSiSiSiSiGeSiSiSiSiSiSiGeSiSiSiSiSiSiGeSiGeGeGeSiGeGeGeGeGeSiGeGe
   -31794.1093750000 GeGeGeSiGeGeSiGeGeSiSiGeSiGeSiGeSiSiGeGeGeGeGeSiSiSiSiSiSiSiSiSiGeSiSiSiSiSiSiGeSiSiSiSiSiSiGeSiGeGeGeSiGeGeGeGeGeSiGeGe
   -31794.1093750000 GeGeGeSiGeGeSiGeGeSiSiGeSiGeSiGeSiSiGeGeGeGeGeSiSiSiSiSiSiSiSiSiGeSiSiSiSiSiSiGeSiSiSiSiSiSiGeSiGeGeGeSiGeGeGeGeGeSiGeGe
   -31794.1093750000 GeGeGeSiGeGeSiGeGeSiSiGeSiGeSiGeSiSiGeGeGeGeGeSiSiSiSiSiSiSiSiSiGeSiSiSiSiSiSiGeSiSiSiSiSiSiGeSiGeGeGeSiGeGeGeGeGeSiGeGe
   -31794.1093750000 GeGeGeSiGeGeSiGeGeSiSiGeSiGeSiGeSiSiGeGeGeGeGeSiSiSiSiSiSiSiSiSiGeSiSiSiSiSiSiGeSiSiSiSiSiSiGeSiGeGeGeSiGeGeGeGeGeSiGeGe
   -31794.1093750000 GeGeGeSiGeGeSiGeGeSiSiGeSiGeSiGeSiSiGeGeGeGeGeSiSiSiSiSiSiSiSiSiGeSiSiSiSiSiSiGeSiSiSiSiSiSiGeSiGeGeGeSiGeGeGeGeGeSiGeGe
   -31794.1093750000 GeGeGeSiGeGeSiGeGeSiSiGeSiGeSiGeSiSiGeGeGeGeGeSiSiSiSiSiSiSiSiSiGeSiSiSiSiSiSiGeSiSiSiSiSiSiGeSiGeGeGeSiGeGeGeGeGeSiGeGe
   -31794.1093750000 GeGeGeSiGeGeSiGeGeSiSiGeSiGeSiGeSiSiGeGeGeGeGeSiSiSiSiSiSiSiSiSiGeSiSiSiSiSiSiGeSiSiSiSiSiSiGeSiGeGeGeSiGeGeGeGeGeSiGeGe
   -31794.1093750000 GeGeGeSiGeGeSiGeGeSiSiGeSiGeSiGeSiSiGeGeGeGeGeSiSiSiSiSiSiSiSiSiGeSiSiSiSiSiSiGeSiSiSiSiSiSiGeSiGeGeGeSiGeGeGeGeGeSiGeGe
   -31794.1093750000 GeGeGeSiGeGeSiGeGeSiSiGeSiGeSiGeSiSiGeGeGeGeGeSiSiSiSiSiSiSiSiSiGeSiSiSiSiSiSiGeSiSiSiSiSiSiGeSiGeGeGeSiGeGeGeGeGeSiGeGe
   -31794.1093750000 GeGeGeSiGeGeSiGeGeSiSiGeSiGeSiGeSiSiGeGeGeGeGeSiSiSiSiSiSiSiSiSiGeSiSiSiSiSiSiGeSiSiSiSiSiSiGeSiGeGeGeSiGeGeGeGeGeSiGeGe
   -31794.1093750000 GeGeGeSiGeGeSiGeGeSiSiGeSiGeSiGeSiSiGeGeGeGeGeSiSiSiSiSiSiSiSiSiGeSiSiSiSiSiSiGeSiSiSiSiSiSiGeSiGeGeGeSiGeGeGeGeGeSiGeGe
   -31794.1093750000 GeGeGeSiGeGeSiGeGeSiSiGeSiGeSiGeSiSiGeGeGeGeGeSiSiSiSiSiSiSiSiSiGeSiSiSiSiSiSiGeSiSiSiSiSiSiGeSiGeGeGeSiGeGeGeGeGeSiGeGe
   -31794.1093750000 GeGeGeSiGeGeSiGeGeSiSiGeSiGeSiGeSiSiGeGeGeGeGeSiSiSiSiSiSiSiSiSiGeSiSiSiSiSiSiGeSiSiSiSiSiSiGeSiGeGeGeSiGeGeGeGeGeSiGeGe
   -31794.1093750000 GeGeGeSiGeGeSiGeGeSiSiGeSiGeSiGeSiSiGeGeGeGeGeSiSiSiSiSiSiSiSiSiGeSiSiSiSiSiSiGeSiSiSiSiSiSiGeSiGeGeGeSiGeGeGeGeGeSiGeGe
   -31794.1093750000 GeGeGeSiGeGeSiGeGeSiSiGeSiGeSiGeSiSiGeGeGeGeGeSiSiSiSiSiSiSiSiSiGeSiSiSiSiSiSiGeSiSiSiSiSiSiGeSiGeGeGeSiGeGeGeGeGeSiGeGe
   -31794.1093750000 GeGeGeSiGeGeSiGeGeSiSiGeSiGeSiGeSiSiGeGeGeGeGeSiSiSiSiSiSiSiSiSiGeSiSiSiSiSiSiGeSiSiSiSiSiSiGeSiGeGeGeSiGeGeGeGeGeSiGeGe
   -31794.1093750000 GeGeGeSiGeGeSiGeGeSiSiGeSiGeSiGeSiSiGeGeGeGeGeSiSiSiSiSiSiSiSiSiGeSiSiSiSiSiSiGeSiSiSiSiSiSiGeSiGeGeGeSiGeGeGeGeGeSiGeGe
   -31794.1093750000 GeGeGeSiGeGeSiGeGeSiSiGeSiGeSiGeSiSiGeGeGeGeGeSiSiSiSiSiSiSiSiSiGeSiSiSiSiSiSiGeSiSiSiSiSiSiGeSiGeGeGeSiGeGeGeGeGeSiGeGe
   -31794.1093750000 GeGeGeSiGeGeSiGeGeSiSiGeSiGeSiGeSiSiGeGeGeGeGeSiSiSiSiSiSiSiSiSiGeSiSiSiSiSiSiGeSiSiSiSiSiSiGeSiGeGeGeSiGeGeGeGeGeSiGeGe
   -31794.1093750000 GeGeGeSiGeGeSiGeGeSiSiGeSiGeSiGeSiSiGeGeGeGeGeSiSiSiSiSiSiSiSiSiGeSiSiSiSiSiSiGeSiSiSiSiSiSiGeSiGeGeGeSiGeGeGeGeGeSiGeGe
   -31794.1093750000 GeGeGeSiGeGeSiGeGeSiSiGeSiGeSiGeSiSiGeGeGeGeGeSiSiSiSiSiSiSiSiSiGeSiSiSiSiSiSiGeSiSiSiSiSiSiGeSiGeGeGeSiGeGeGeGeGeSiGeGe
   -31794.1093750000 GeGeGeSiGeGeSiGeGeSiSiGeSiGeSiGeSiSiGeGeGeGeGeSiSiSiSiSiSiSiSiSiGeSiSiSiSiSiSiGeSiSiSiSiSiSiGeSiGeGeGeSiGeGeGeGeGeSiGeGe
   -31794.1093750000 GeGeGeSiGeGeSiGeGeSiSiGeSiGeSiGeSiSiGeGeGeGeGeSiSiSiSiSiSiSiSiSiGeSiSiSiSiSiSiGeSiSiSiSiSiSiGeSiGeGeGeSiGeGeGeGeGeSiGeGe
   -31794.1093750000 GeGeGeSiGeGeSiGeGeSiSiGeSiGeSiGeSiSiGeGeGeGeGeSiSiSiSiSiSiSiSiSiGeSiSiSiSiSiSiGeSiSiSiSiSiSiGeSiGeGeGeSiGeGeGeGeGeSiGeGe
   -31794.1093750000 GeGeGeSiGeGeSiGeGeSiSiGeSiGeSiGeSiSiGeGeGeGeGeSiSiSiSiSiSiSiSiSiGeSiSiSiSiSiSiGeSiSiSiSiSiSiGeSiGeGeGeSiGeGeGeGeGeSiGeGe
   -31794.1093750000 GeGeGeSiGeGeSiGeGeSiSiGeSiGeSiGeSiSiGeGeGeGeGeSiSiSiSiSiSiSiSiSiGeSiSiSiSiSiSiGeSiSiSiSiSiSiGeSiGeGeGeSiGeGeGeGeGeSiGeGe
   -31794.1093750000 GeGeGeSiGeGeSiGeGeSiSiGeSiGeSiGeSiSiGeGeGeGeGeSiSiSiSiSiSiSiSiSiGeSiSiSiSiSiSiGeSiSiSiSiSiSiGeSiGeGeGeSiGeGeGeGeGeSiGeGe
   -31794.1093750000 GeGeGeSiGeGeSiGeGeSiSiGeSiGeSiGeSiSiGeGeGeGeGeSiSiSiSiSiSiSiSiSiGeSiSiSiSiSiSiGeSiSiSiSiSiSiGeSiGeGeGeSiGeGeGeGeGeSiGeGe
   -31794.1093750000 GeGeGeSiGeGeSiGeGeSiSiGeSiGeSiGeSiSiGeGeGeGeGeSiSiSiSiSiSiSiSiSiGeSiSiSiSiSiSiGeSiSiSiSiSiSiGeSiGeGeGeSiGeGeGeGeGeSiGeGe
   -31794.1093750000 GeGeGeSiGeGeSiGeGeSiSiGeSiGeSiGeSiSiGeGeGeGeGeSiSiSiSiSiSiSiSiSiGeSiSiSiSiSiSiGeSiSiSiSiSiSiGeSiGeGeGeSiGeGeGeGeGeSiGeGe
   -31794.1093750000 GeGeGeSiGeGeSiGeGeSiSiGeSiGeSiGeSiSiGeGeGeGeGeSiSiSiSiSiSiSiSiSiGeSiSiSiSiSiSiGeSiSiSiSiSiSiGeSiGeGeGeSiGeGeGeGeGeSiGeGe
   -31794.1093750000 GeGeGeSiGeGeSiGeGeSiSiGeSiGeSiGeSiSiGeGeGeGeGeSiSiSiSiSiSiSiSiSiGeSiSiSiSiSiSiGeSiSiSiSiSiSiGeSiGeGeGeSiGeGeGeGeGeSiGeGe
   -31794.1093750000 GeGeGeSiGeGeSiGeGeSiSiGeSiGeSiGeSiSiGeGeGeGeGeSiSiSiSiSiSiSiSiSiGeSiSiSiSiSiSiGeSiSiSiSiSiSiGeSiGeGeGeSiGeGeGeGeGeSiGeGe
   -31794.1093750000 GeGeGeSiGeGeSiGeGeSiSiGeSiGeSiGeSiSiGeGeGeGeGeSiSiSiSiSiSiSiSiSiGeSiSiSiSiSiSiGeSiSiSiSiSiSiGeSiGeGeGeSiGeGeGeGeGeSiGeGe
   -31794.1093750000 GeGeGeSiGeGeSiGeGeSiSiGeSiGeSiGeSiSiGeGeGeGeGeSiSiSiSiSiSiSiSiSiGeSiSiSiSiSiSiGeSiSiSiSiSiSiGeSiGeGeGeSiGeGeGeGeGeSiGeGe
   -31794.1093750000 GeGeGeSiGeGeSiGeGeSiSiGeSiGeSiGeSiSiGeGeGeGeGeSiSiSiSiSiSiSiSiSiGeSiSiSiSiSiSiGeSiSiSiSiSiSiGeSiGeGeGeSiGeGeGeGeGeSiGeGe
   -31794.1093750000 GeGeGeSiGeGeSiGeGeSiSiGeSiGeSiGeSiSiGeGeGeGeGeSiSiSiSiSiSiSiSiSiGeSiSiSiSiSiSiGeSiSiSiSiSiSiGeSiGeGeGeSiGeGeGeGeGeSiGeGe
filename: c000000967436438.gin     
Cell:
    11.9020996    11.9020996    29.6919994    90.0000000    90.0000000   120.0000000
Box:
    11.9020996    -5.9510503     0.0000000
     0.0000000    10.3075209     0.0000000
     0.0000000     0.0000000    29.6919994
----------------------------------------
Inverse Box:
     0.0840188     0.0485083     0.0000000
     0.0000000     0.0970165     0.0000000
     0.0000000     0.0000000     0.0336791
----------------------------------------
==============================================
geometrical properties of  28 Ge:
 Configuration:           0
 D_ave:   9.26633072       3.48283648    
 D_min:   3.29152441      0.537478566    
 energia:  -31794.1094    
