Random Seed:  1012426926
Number of atoms:    60
Space Group:    1
Cell:
    11.9020996    11.9020996    29.6919994    90.0000000    90.0000000   120.0000000
Box:
    11.9020996    -5.9510503     0.0000000
     0.0000000    10.3075209     0.0000000
     0.0000000     0.0000000    29.6919994
----------------------------------------
Inverse Box:
     0.0840188     0.0485083     0.0000000
     0.0000000     0.0970165     0.0000000
     0.0000000     0.0000000     0.0336791
----------------------------------------
GeSiSiSiSiSiSiSiSiSiSiSiSiSiSiSiSiSiSiSiSiSiSiSiSiSiSiSiSiSiSiSiGeSiSiSiSiSiSiSiSiSiSiSiSiSiSiSiSiSiSiSiSiSiSiSiSiSiSiSi
           1 Ge    -7732.92236    
GeGeSiSiSiSiSiSiSiSiSiSiSiSiSiSiSiSiSiSiSiSiSiSiSiSiSiSiSiSiSiSiGeSiSiSiSiSiSiSiSiSiSiSiSiSiSiSiSiSiSiSiSiSiSiSiSiSiSiSi
           2 Ge    -7727.56201    
GeGeGeSiSiSiSiSiSiSiSiSiSiSiSiSiSiSiSiSiSiSiSiSiSiSiSiSiSiSiSiSiGeSiSiSiSiSiSiSiSiSiSiSiSiSiSiSiSiSiSiSiSiSiSiSiSiSiSiSi
           3 Ge    -7721.04443    
GeGeGeGeSiSiSiSiSiSiSiSiSiSiSiSiSiSiSiSiSiSiSiSiSiSiSiSiSiSiSiSiGeSiSiSiSiSiSiSiSiSiSiSiSiSiSiSiSiSiSiSiSiSiSiSiSiSiSiSi
           4 Ge    -7745.21729    
GeGeGeGeGeSiSiSiSiSiSiSiSiSiSiSiSiSiSiSiSiSiSiSiSiSiSiSiSiSiSiSiGeSiSiSiSiSiSiSiSiSiSiSiSiSiSiSiSiSiSiSiSiSiSiSiSiSiSiSi
           5 Ge    -7788.82910    
GeGeGeGeGeGeSiSiSiSiSiSiSiSiSiSiSiSiSiSiSiSiSiSiSiSiSiSiSiSiSiSiGeSiSiSiSiSiSiSiSiSiSiSiSiSiSiSiSiSiSiSiSiSiSiSiSiSiSiSi
           6 Ge    -7854.91943    
GeGeGeGeGeGeGeSiSiSiSiSiSiSiSiSiSiSiSiSiSiSiSiSiSiSiSiSiSiSiSiSiGeSiSiSiSiSiSiSiSiSiSiSiSiSiSiSiSiSiSiSiSiSiSiSiSiSiSiSi
           7 Ge    -8021.40674    
GeGeGeGeGeGeGeGeSiSiSiSiSiSiSiSiSiSiSiSiSiSiSiSiSiSiSiSiSiSiSiSiGeSiSiSiSiSiSiSiSiSiSiSiSiSiSiSiSiSiSiSiSiSiSiSiSiSiSiSi
           8 Ge    -8222.85352    
GeGeGeGeGeGeGeGeSiSiSiGeSiSiSiSiSiSiSiSiSiSiSiSiSiSiSiSiSiSiSiSiGeSiSiSiSiSiSiSiSiSiSiSiSiSiSiSiSiSiSiSiSiSiSiSiSiSiSiSi
          12 Ge    -8552.27539    
GeGeGeGeGeGeGeGeSiSiSiGeSiSiSiGeSiSiSiSiSiSiSiSiSiSiSiSiSiSiSiSiGeSiSiSiSiSiSiSiSiSiSiSiSiSiSiSiSiSiSiSiSiSiSiSiSiSiSiSi
          16 Ge    -8937.39648    
GeGeGeGeGeGeGeGeSiSiSiGeSiSiSiGeSiSiSiSiSiSiSiSiSiGeSiSiSiSiSiSiGeSiSiSiSiSiSiSiSiSiSiSiSiSiSiSiSiSiSiSiSiSiSiSiSiSiSiSi
          26 Ge    -8925.33496    
GeGeGeGeGeGeGeGeSiSiSiGeSiSiSiGeSiSiSiSiSiSiSiSiSiGeSiSiSiGeSiSiGeSiSiSiSiSiSiSiSiSiSiSiSiSiSiSiSiSiSiSiSiSiSiSiSiSiSiSi
          30 Ge    -8968.34668    
GeGeGeGeGeGeGeGeSiSiSiGeSiSiSiGeSiSiSiSiSiSiSiSiSiGeSiSiSiGeSiSiGeSiSiGeSiSiSiSiSiSiSiSiSiSiSiSiSiSiSiSiSiSiSiSiSiSiSiSi
          36 Ge    -8886.60645    
GeGeGeGeGeGeGeGeSiSiSiGeSiSiSiGeSiSiSiSiSiSiSiSiSiGeSiSiSiGeSiSiGeSiSiGeSiSiGeSiSiSiSiSiSiSiSiSiSiSiSiSiSiSiSiSiSiSiSiSi
          39 Ge    -9498.68945    
GeGeGeGeGeGeGeGeSiSiSiGeSiSiSiGeSiSiSiSiSiSiSiSiSiGeSiSiSiGeSiSiGeSiSiGeSiSiGeGeSiSiSiSiSiSiSiSiSiSiSiSiSiSiSiSiSiSiSiSi
          40 Ge    -9671.79590    
GeGeGeGeGeGeGeGeSiSiSiGeSiSiSiGeSiSiSiSiSiSiSiSiSiGeSiSiSiGeSiSiGeSiSiGeSiSiGeGeSiGeSiSiSiSiSiSiSiSiSiSiSiSiSiSiSiSiSiSi
          42 Ge    -8416.00684    
GeGeGeGeGeGeGeGeSiSiSiGeSiSiSiGeSiSiSiSiSiSiSiSiSiGeSiSiSiGeSiSiGeSiSiGeSiSiGeGeSiGeSiSiGeSiSiSiSiSiSiSiSiSiSiSiSiSiSiSi
          45 Ge    -8915.39453    
GeGeGeGeGeGeGeGeSiSiSiGeSiSiSiGeSiSiSiSiSiSiSiSiSiGeSiSiSiGeSiSiGeSiSiGeSiSiGeGeSiGeSiSiGeGeSiSiSiSiSiSiSiSiSiSiSiSiSiSi
          46 Ge    -9097.63379    
GeGeGeGeGeGeGeGeSiSiSiGeSiSiSiGeSiSiSiSiSiSiSiSiSiGeSiSiSiGeSiSiGeSiSiGeSiSiGeGeSiGeSiSiGeGeSiSiSiSiSiSiSiSiSiSiGeSiSiSi
          57 Ge    -10232.6211    
GeGeGeGeGeGeGeGeSiGeSiGeSiSiSiGeSiSiSiSiSiSiSiSiSiGeSiSiSiGeSiSiGeSiSiGeSiSiGeGeSiGeSiSiGeGeSiSiSiSiSiSiSiSiSiSiGeSiSiSi
          10 Ge    -9510.37891    
GeGeGeGeGeGeGeGeSiGeGeGeSiSiSiGeSiSiSiSiSiSiSiSiSiGeSiSiSiGeSiSiGeSiSiGeSiSiGeGeSiGeSiSiGeGeSiSiSiSiSiSiSiSiSiSiGeSiSiSi
          11 Ge    -10380.8457    
GeGeGeGeGeGeGeGeSiGeGeGeGeSiSiGeSiSiSiSiSiSiSiSiSiGeSiSiSiGeSiSiGeSiSiGeSiSiGeGeSiGeSiSiGeGeSiSiSiSiSiSiSiSiSiSiGeSiSiSi
          13 Ge    -9216.20508    
GeGeGeGeGeGeGeGeSiGeGeGeGeGeSiGeSiSiSiSiSiSiSiSiSiGeSiSiSiGeSiSiGeSiSiGeSiSiGeGeSiGeSiSiGeGeSiSiSiSiSiSiSiSiSiSiGeSiSiSi
          14 Ge    -7029.72949    
GeGeGeGeGeGeGeGeSiGeGeGeGeGeGeGeSiSiSiSiSiSiSiSiSiGeSiSiSiGeSiSiGeSiSiGeSiSiGeGeSiGeSiSiGeGeSiSiSiSiSiSiSiSiSiSiGeSiSiSi
          15 Ge    -5181.40527    
GeGeGeGeGeGeGeGeSiGeGeGeGeGeGeGeSiSiSiSiSiSiGeSiSiGeSiSiSiGeSiSiGeSiSiGeSiSiGeGeSiGeSiSiGeGeSiSiSiSiSiSiSiSiSiSiGeSiSiSi
          23 Ge    -907.562012    
GeGeGeGeGeGeGeGeSiGeGeGeGeGeGeGeSiSiSiSiSiSiGeGeSiGeSiSiSiGeSiSiGeSiSiGeSiSiGeGeSiGeSiSiGeGeSiSiSiSiSiSiSiSiSiSiGeSiSiSi
          24 Ge     5267.60107    
GeGeGeGeGeGeGeGeSiGeGeGeGeGeGeGeSiSiSiSiSiSiGeGeSiGeSiGeSiGeSiSiGeSiSiGeSiSiGeGeSiGeSiSiGeGeSiSiSiSiSiSiSiSiSiSiGeSiSiSi
          28 Ge     8488.70703    
GeGeGeGeGeGeGeGeSiGeGeGeGeGeGeGeSiSiSiSiSiSiGeGeSiGeSiGeSiGeSiSiGeSiSiGeSiSiGeGeSiGeSiGeGeGeSiSiSiSiSiSiSiSiSiSiGeSiSiSi
          44 Ge     9690.25391    
GeGeGeGeGeGeGeGeSiGeGeGeGeGeGeGeSiSiSiSiSiSiGeGeSiGeSiGeSiGeSiSiGeSiSiGeSiSiGeGeSiGeSiGeGeGeSiSiSiSiGeSiSiSiSiSiGeSiSiSi
          51 Ge     9491.10156    
==============================================
MonteCarlo: Metropolis with identity changes
Si > Ge, Ge > Si. STOP when occurrence <    0.00000
==============================================
Cost_function     Occurrence %     Scan-Cost
    -9916.0341796875 GeGeGeGeGeSiSiSiSiGeGeSiGeSiSiGeSiSiGeGeGeSiGeGeSiSiSiSiSiSiSiSiSiGeGeSiGeGeSiGeGeGeGeGeSiSiSiGeSiGeGeSiGeGeSiGeSiSiGeSi
   -19882.2460937500 SiGeGeGeGeGeSiGeSiSiGeGeGeSiSiGeGeSiGeSiSiSiSiGeSiGeSiSiGeSiSiSiGeSiGeGeGeSiSiSiSiGeSiGeSiGeSiSiSiSiGeGeGeSiGeGeGeSiGeGe
   -20314.6757812500 SiGeGeGeGeGeSiGeSiSiGeGeGeSiGeGeGeSiGeSiSiSiSiGeSiGeSiSiGeSiSiSiGeSiGeGeSiGeSiSiSiGeSiGeSiGeSiSiSiSiSiGeGeSiGeGeGeSiGeGe
   -20314.6757812500 SiGeGeGeGeGeSiGeSiSiGeGeGeSiGeGeGeSiGeSiSiSiSiGeSiGeSiSiGeSiSiSiGeSiGeGeSiGeSiSiSiGeSiGeSiGeSiSiSiSiSiGeGeSiGeGeGeSiGeGe
   -20314.6757812500 SiGeGeGeGeGeSiGeSiSiGeGeGeSiGeGeGeSiGeSiSiSiSiGeSiGeSiSiGeSiSiSiGeSiGeGeSiGeSiSiSiGeSiGeSiGeSiSiSiSiSiGeGeSiGeGeGeSiGeGe
   -20314.6757812500 SiGeGeGeGeGeSiGeSiSiGeGeGeSiGeGeGeSiGeSiSiSiSiGeSiGeSiSiGeSiSiSiGeSiGeGeSiGeSiSiSiGeSiGeSiGeSiSiSiSiSiGeGeSiGeGeGeSiGeGe
   -21521.7695312500 SiGeGeGeGeGeSiGeSiSiGeGeGeSiGeGeGeSiGeSiSiSiSiGeSiSiSiSiGeSiSiSiGeSiGeGeSiGeSiSiSiGeSiGeSiGeSiSiSiGeSiGeGeSiGeGeGeSiGeGe
   -21521.7695312500 SiGeGeGeGeGeSiGeSiSiGeGeGeSiGeGeGeSiGeSiSiSiSiGeSiSiSiSiGeSiSiSiGeSiGeGeSiGeSiSiSiGeSiGeSiGeSiSiSiGeSiGeGeSiGeGeGeSiGeGe
   -21521.7695312500 SiGeGeGeGeGeSiGeSiSiGeGeGeSiGeGeGeSiGeSiSiSiSiGeSiSiSiSiGeSiSiSiGeSiGeGeSiGeSiSiSiGeSiGeSiGeSiSiSiGeSiGeGeSiGeGeGeSiGeGe
   -21521.7695312500 SiGeGeGeGeGeSiGeSiSiGeGeGeSiGeGeGeSiGeSiSiSiSiGeSiSiSiSiGeSiSiSiGeSiGeGeSiGeSiSiSiGeSiGeSiGeSiSiSiGeSiGeGeSiGeGeGeSiGeGe
   -21722.3437500000 SiGeGeGeGeGeSiGeSiSiGeGeGeSiGeGeGeGeGeSiSiSiSiGeSiSiSiSiGeSiSiSiGeSiGeGeSiGeSiSiSiGeSiGeSiGeSiSiSiSiSiGeGeSiGeGeGeSiGeGe
   -21722.3437500000 SiGeGeGeGeGeSiGeSiSiGeGeGeSiGeGeGeGeGeSiSiSiSiGeSiSiSiSiGeSiSiSiGeSiGeGeSiGeSiSiSiGeSiGeSiGeSiSiSiSiSiGeGeSiGeGeGeSiGeGe
   -21722.3437500000 SiGeGeGeGeGeSiGeSiSiGeGeGeSiGeGeGeGeGeSiSiSiSiGeSiSiSiSiGeSiSiSiGeSiGeGeSiGeSiSiSiGeSiGeSiGeSiSiSiSiSiGeGeSiGeGeGeSiGeGe
   -21722.3437500000 SiGeGeGeGeGeSiGeSiSiGeGeGeSiGeGeGeGeGeSiSiSiSiGeSiSiSiSiGeSiSiSiGeSiGeGeSiGeSiSiSiGeSiGeSiGeSiSiSiSiSiGeGeSiGeGeGeSiGeGe
   -21722.3437500000 SiGeGeGeGeGeSiGeSiSiGeGeGeSiGeGeGeGeGeSiSiSiSiGeSiSiSiSiGeSiSiSiGeSiGeGeSiGeSiSiSiGeSiGeSiGeSiSiSiSiSiGeGeSiGeGeGeSiGeGe
   -21786.7929687500 SiGeGeGeGeGeSiGeSiSiGeGeGeSiGeGeGeGeGeSiSiGeSiGeSiSiSiSiGeSiSiSiGeSiGeGeSiGeSiSiSiGeSiGeSiGeSiSiSiSiSiGeSiSiGeGeGeSiGeGe
   -23428.2500000000 SiGeGeGeSiGeSiGeSiSiGeGeGeSiGeGeGeGeGeSiSiGeSiGeSiSiSiSiGeSiSiSiGeSiGeGeSiGeSiSiSiGeSiGeSiGeSiSiSiSiSiGeGeSiGeGeGeSiGeGe
   -23428.2500000000 SiGeGeGeSiGeSiGeSiSiGeGeGeSiGeGeGeGeGeSiSiGeSiGeSiSiSiSiGeSiSiSiGeSiGeGeSiGeSiSiSiGeSiGeSiGeSiSiSiSiSiGeGeSiGeGeGeSiGeGe
   -23778.7968750000 SiGeGeGeSiGeSiGeSiSiGeGeGeSiGeGeGeGeGeSiSiGeSiGeGeSiSiSiGeSiSiSiGeSiGeGeSiGeSiSiSiGeSiGeSiGeSiSiSiSiSiGeSiSiGeGeGeSiGeGe
   -23778.7968750000 SiGeGeGeSiGeSiGeSiSiGeGeGeSiGeGeGeGeGeSiSiGeSiGeGeSiSiSiGeSiSiSiGeSiGeGeSiGeSiSiSiGeSiGeSiGeSiSiSiSiSiGeSiSiGeGeGeSiGeGe
   -23778.7968750000 SiGeGeGeSiGeSiGeSiSiGeGeGeSiGeGeGeGeGeSiSiGeSiGeGeSiSiSiGeSiSiSiGeSiGeGeSiGeSiSiSiGeSiGeSiGeSiSiSiSiSiGeSiSiGeGeGeSiGeGe
   -23778.7968750000 SiGeGeGeSiGeSiGeSiSiGeGeGeSiGeGeGeGeGeSiSiGeSiGeGeSiSiSiGeSiSiSiGeSiGeGeSiGeSiSiSiGeSiGeSiGeSiSiSiSiSiGeSiSiGeGeGeSiGeGe
   -25274.0898437500 SiGeGeGeSiGeSiGeSiSiGeGeGeSiGeGeGeSiGeGeSiGeSiGeGeSiSiSiGeSiSiSiSiSiGeGeSiGeSiSiSiGeSiGeSiGeSiSiSiSiSiGeSiSiGeGeGeGeGeGe
   -25559.8320312500 SiGeGeGeSiGeSiGeSiSiGeGeGeSiGeGeGeSiGeGeSiSiSiGeGeSiSiSiGeSiSiSiSiSiGeGeSiGeGeSiSiGeSiGeSiGeSiSiSiSiSiGeSiSiGeGeGeGeGeGe
   -27903.6015625000 SiGeGeGeSiGeSiGeSiSiGeGeGeSiSiGeGeSiGeGeSiGeSiGeGeSiSiSiGeSiSiSiSiSiGeGeSiGeGeSiSiGeSiGeSiGeSiSiSiSiSiGeSiSiGeGeGeGeGeGe
   -27903.6015625000 SiGeGeGeSiGeSiGeSiSiGeGeGeSiSiGeGeSiGeGeSiGeSiGeGeSiSiSiGeSiSiSiSiSiGeGeSiGeGeSiSiGeSiGeSiGeSiSiSiSiSiGeSiSiGeGeGeGeGeGe
   -27903.6015625000 SiGeGeGeSiGeSiGeSiSiGeGeGeSiSiGeGeSiGeGeSiGeSiGeGeSiSiSiGeSiSiSiSiSiGeGeSiGeGeSiSiGeSiGeSiGeSiSiSiSiSiGeSiSiGeGeGeGeGeGe
   -27903.6015625000 SiGeGeGeSiGeSiGeSiSiGeGeGeSiSiGeGeSiGeGeSiGeSiGeGeSiSiSiGeSiSiSiSiSiGeGeSiGeGeSiSiGeSiGeSiGeSiSiSiSiSiGeSiSiGeGeGeGeGeGe
   -27903.6015625000 SiGeGeGeSiGeSiGeSiSiGeGeGeSiSiGeGeSiGeGeSiGeSiGeGeSiSiSiGeSiSiSiSiSiGeGeSiGeGeSiSiGeSiGeSiGeSiSiSiSiSiGeSiSiGeGeGeGeGeGe
   -27903.6015625000 SiGeGeGeSiGeSiGeSiSiGeGeGeSiSiGeGeSiGeGeSiGeSiGeGeSiSiSiGeSiSiSiSiSiGeGeSiGeGeSiSiGeSiGeSiGeSiSiSiSiSiGeSiSiGeGeGeGeGeGe
   -27903.6015625000 SiGeGeGeSiGeSiGeSiSiGeGeGeSiSiGeGeSiGeGeSiGeSiGeGeSiSiSiGeSiSiSiSiSiGeGeSiGeGeSiSiGeSiGeSiGeSiSiSiSiSiGeSiSiGeGeGeGeGeGe
   -27903.6015625000 SiGeGeGeSiGeSiGeSiSiGeGeGeSiSiGeGeSiGeGeSiGeSiGeGeSiSiSiGeSiSiSiSiSiGeGeSiGeGeSiSiGeSiGeSiGeSiSiSiSiSiGeSiSiGeGeGeGeGeGe
   -27903.6015625000 SiGeGeGeSiGeSiGeSiSiGeGeGeSiSiGeGeSiGeGeSiGeSiGeGeSiSiSiGeSiSiSiSiSiGeGeSiGeGeSiSiGeSiGeSiGeSiSiSiSiSiGeSiSiGeGeGeGeGeGe
   -27903.6015625000 SiGeGeGeSiGeSiGeSiSiGeGeGeSiSiGeGeSiGeGeSiGeSiGeGeSiSiSiGeSiSiSiSiSiGeGeSiGeGeSiSiGeSiGeSiGeSiSiSiSiSiGeSiSiGeGeGeGeGeGe
   -28513.6015625000 SiGeGeGeSiGeSiGeSiSiGeGeGeSiSiGeGeSiGeGeSiGeSiGeGeSiSiSiGeSiSiSiSiSiGeSiSiGeGeSiGeGeSiGeSiGeSiSiSiSiSiGeSiSiGeGeGeGeGeGe
   -28513.6015625000 SiGeGeGeSiGeSiGeSiSiGeGeGeSiSiGeGeSiGeGeSiGeSiGeGeSiSiSiGeSiSiSiSiSiGeSiSiGeGeSiGeGeSiGeSiGeSiSiSiSiSiGeSiSiGeGeGeGeGeGe
   -28513.6015625000 SiGeGeGeSiGeSiGeSiSiGeGeGeSiSiGeGeSiGeGeSiGeSiGeGeSiSiSiGeSiSiSiSiSiGeSiSiGeGeSiGeGeSiGeSiGeSiSiSiSiSiGeSiSiGeGeGeGeGeGe
   -28513.6015625000 SiGeGeGeSiGeSiGeSiSiGeGeGeSiSiGeGeSiGeGeSiGeSiGeGeSiSiSiGeSiSiSiSiSiGeSiSiGeGeSiGeGeSiGeSiGeSiSiSiSiSiGeSiSiGeGeGeGeGeGe
   -28513.6015625000 SiGeGeGeSiGeSiGeSiSiGeGeGeSiSiGeGeSiGeGeSiGeSiGeGeSiSiSiGeSiSiSiSiSiGeSiSiGeGeSiGeGeSiGeSiGeSiSiSiSiSiGeSiSiGeGeGeGeGeGe
   -28513.6015625000 SiGeGeGeSiGeSiGeSiSiGeGeGeSiSiGeGeSiGeGeSiGeSiGeGeSiSiSiGeSiSiSiSiSiGeSiSiGeGeSiGeGeSiGeSiGeSiSiSiSiSiGeSiSiGeGeGeGeGeGe
   -28513.6015625000 SiGeGeGeSiGeSiGeSiSiGeGeGeSiSiGeGeSiGeGeSiGeSiGeGeSiSiSiGeSiSiSiSiSiGeSiSiGeGeSiGeGeSiGeSiGeSiSiSiSiSiGeSiSiGeGeGeGeGeGe
   -28513.6015625000 SiGeGeGeSiGeSiGeSiSiGeGeGeSiSiGeGeSiGeGeSiGeSiGeGeSiSiSiGeSiSiSiSiSiGeSiSiGeGeSiGeGeSiGeSiGeSiSiSiSiSiGeSiSiGeGeGeGeGeGe
   -28513.6015625000 SiGeGeGeSiGeSiGeSiSiGeGeGeSiSiGeGeSiGeGeSiGeSiGeGeSiSiSiGeSiSiSiSiSiGeSiSiGeGeSiGeGeSiGeSiGeSiSiSiSiSiGeSiSiGeGeGeGeGeGe
   -28513.6015625000 SiGeGeGeSiGeSiGeSiSiGeGeGeSiSiGeGeSiGeGeSiGeSiGeGeSiSiSiGeSiSiSiSiSiGeSiSiGeGeSiGeGeSiGeSiGeSiSiSiSiSiGeSiSiGeGeGeGeGeGe
   -28513.6015625000 SiGeGeGeSiGeSiGeSiSiGeGeGeSiSiGeGeSiGeGeSiGeSiGeGeSiSiSiGeSiSiSiSiSiGeSiSiGeGeSiGeGeSiGeSiGeSiSiSiSiSiGeSiSiGeGeGeGeGeGe
   -28513.6015625000 SiGeGeGeSiGeSiGeSiSiGeGeGeSiSiGeGeSiGeGeSiGeSiGeGeSiSiSiGeSiSiSiSiSiGeSiSiGeGeSiGeGeSiGeSiGeSiSiSiSiSiGeSiSiGeGeGeGeGeGe
   -28513.6015625000 SiGeGeGeSiGeSiGeSiSiGeGeGeSiSiGeGeSiGeGeSiGeSiGeGeSiSiSiGeSiSiSiSiSiGeSiSiGeGeSiGeGeSiGeSiGeSiSiSiSiSiGeSiSiGeGeGeGeGeGe
   -28513.6015625000 SiGeGeGeSiGeSiGeSiSiGeGeGeSiSiGeGeSiGeGeSiGeSiGeGeSiSiSiGeSiSiSiSiSiGeSiSiGeGeSiGeGeSiGeSiGeSiSiSiSiSiGeSiSiGeGeGeGeGeGe
   -28513.6015625000 SiGeGeGeSiGeSiGeSiSiGeGeGeSiSiGeGeSiGeGeSiGeSiGeGeSiSiSiGeSiSiSiSiSiGeSiSiGeGeSiGeGeSiGeSiGeSiSiSiSiSiGeSiSiGeGeGeGeGeGe
   -28513.6015625000 SiGeGeGeSiGeSiGeSiSiGeGeGeSiSiGeGeSiGeGeSiGeSiGeGeSiSiSiGeSiSiSiSiSiGeSiSiGeGeSiGeGeSiGeSiGeSiSiSiSiSiGeSiSiGeGeGeGeGeGe
   -28513.6015625000 SiGeGeGeSiGeSiGeSiSiGeGeGeSiSiGeGeSiGeGeSiGeSiGeGeSiSiSiGeSiSiSiSiSiGeSiSiGeGeSiGeGeSiGeSiGeSiSiSiSiSiGeSiSiGeGeGeGeGeGe
   -28513.6015625000 SiGeGeGeSiGeSiGeSiSiGeGeGeSiSiGeGeSiGeGeSiGeSiGeGeSiSiSiGeSiSiSiSiSiGeSiSiGeGeSiGeGeSiGeSiGeSiSiSiSiSiGeSiSiGeGeGeGeGeGe
   -28513.6015625000 SiGeGeGeSiGeSiGeSiSiGeGeGeSiSiGeGeSiGeGeSiGeSiGeGeSiSiSiGeSiSiSiSiSiGeSiSiGeGeSiGeGeSiGeSiGeSiSiSiSiSiGeSiSiGeGeGeGeGeGe
   -28513.6015625000 SiGeGeGeSiGeSiGeSiSiGeGeGeSiSiGeGeSiGeGeSiGeSiGeGeSiSiSiGeSiSiSiSiSiGeSiSiGeGeSiGeGeSiGeSiGeSiSiSiSiSiGeSiSiGeGeGeGeGeGe
   -28513.6015625000 SiGeGeGeSiGeSiGeSiSiGeGeGeSiSiGeGeSiGeGeSiGeSiGeGeSiSiSiGeSiSiSiSiSiGeSiSiGeGeSiGeGeSiGeSiGeSiSiSiSiSiGeSiSiGeGeGeGeGeGe
   -28513.6015625000 SiGeGeGeSiGeSiGeSiSiGeGeGeSiSiGeGeSiGeGeSiGeSiGeGeSiSiSiGeSiSiSiSiSiGeSiSiGeGeSiGeGeSiGeSiGeSiSiSiSiSiGeSiSiGeGeGeGeGeGe
   -28513.6015625000 SiGeGeGeSiGeSiGeSiSiGeGeGeSiSiGeGeSiGeGeSiGeSiGeGeSiSiSiGeSiSiSiSiSiGeSiSiGeGeSiGeGeSiGeSiGeSiSiSiSiSiGeSiSiGeGeGeGeGeGe
   -28513.6015625000 SiGeGeGeSiGeSiGeSiSiGeGeGeSiSiGeGeSiGeGeSiGeSiGeGeSiSiSiGeSiSiSiSiSiGeSiSiGeGeSiGeGeSiGeSiGeSiSiSiSiSiGeSiSiGeGeGeGeGeGe
   -28513.6015625000 SiGeGeGeSiGeSiGeSiSiGeGeGeSiSiGeGeSiGeGeSiGeSiGeGeSiSiSiGeSiSiSiSiSiGeSiSiGeGeSiGeGeSiGeSiGeSiSiSiSiSiGeSiSiGeGeGeGeGeGe
   -28513.6015625000 SiGeGeGeSiGeSiGeSiSiGeGeGeSiSiGeGeSiGeGeSiGeSiGeGeSiSiSiGeSiSiSiSiSiGeSiSiGeGeSiGeGeSiGeSiGeSiSiSiSiSiGeSiSiGeGeGeGeGeGe
   -28513.6015625000 SiGeGeGeSiGeSiGeSiSiGeGeGeSiSiGeGeSiGeGeSiGeSiGeGeSiSiSiGeSiSiSiSiSiGeSiSiGeGeSiGeGeSiGeSiGeSiSiSiSiSiGeSiSiGeGeGeGeGeGe
   -28513.6015625000 SiGeGeGeSiGeSiGeSiSiGeGeGeSiSiGeGeSiGeGeSiGeSiGeGeSiSiSiGeSiSiSiSiSiGeSiSiGeGeSiGeGeSiGeSiGeSiSiSiSiSiGeSiSiGeGeGeGeGeGe
   -28513.6015625000 SiGeGeGeSiGeSiGeSiSiGeGeGeSiSiGeGeSiGeGeSiGeSiGeGeSiSiSiGeSiSiSiSiSiGeSiSiGeGeSiGeGeSiGeSiGeSiSiSiSiSiGeSiSiGeGeGeGeGeGe
   -28513.6015625000 SiGeGeGeSiGeSiGeSiSiGeGeGeSiSiGeGeSiGeGeSiGeSiGeGeSiSiSiGeSiSiSiSiSiGeSiSiGeGeSiGeGeSiGeSiGeSiSiSiSiSiGeSiSiGeGeGeGeGeGe
   -28513.6015625000 SiGeGeGeSiGeSiGeSiSiGeGeGeSiSiGeGeSiGeGeSiGeSiGeGeSiSiSiGeSiSiSiSiSiGeSiSiGeGeSiGeGeSiGeSiGeSiSiSiSiSiGeSiSiGeGeGeGeGeGe
   -28513.6015625000 SiGeGeGeSiGeSiGeSiSiGeGeGeSiSiGeGeSiGeGeSiGeSiGeGeSiSiSiGeSiSiSiSiSiGeSiSiGeGeSiGeGeSiGeSiGeSiSiSiSiSiGeSiSiGeGeGeGeGeGe
   -28513.6015625000 SiGeGeGeSiGeSiGeSiSiGeGeGeSiSiGeGeSiGeGeSiGeSiGeGeSiSiSiGeSiSiSiSiSiGeSiSiGeGeSiGeGeSiGeSiGeSiSiSiSiSiGeSiSiGeGeGeGeGeGe
   -28513.6015625000 SiGeGeGeSiGeSiGeSiSiGeGeGeSiSiGeGeSiGeGeSiGeSiGeGeSiSiSiGeSiSiSiSiSiGeSiSiGeGeSiGeGeSiGeSiGeSiSiSiSiSiGeSiSiGeGeGeGeGeGe
   -28513.6015625000 SiGeGeGeSiGeSiGeSiSiGeGeGeSiSiGeGeSiGeGeSiGeSiGeGeSiSiSiGeSiSiSiSiSiGeSiSiGeGeSiGeGeSiGeSiGeSiSiSiSiSiGeSiSiGeGeGeGeGeGe
   -28513.6015625000 SiGeGeGeSiGeSiGeSiSiGeGeGeSiSiGeGeSiGeGeSiGeSiGeGeSiSiSiGeSiSiSiSiSiGeSiSiGeGeSiGeGeSiGeSiGeSiSiSiSiSiGeSiSiGeGeGeGeGeGe
   -28513.6015625000 SiGeGeGeSiGeSiGeSiSiGeGeGeSiSiGeGeSiGeGeSiGeSiGeGeSiSiSiGeSiSiSiSiSiGeSiSiGeGeSiGeGeSiGeSiGeSiSiSiSiSiGeSiSiGeGeGeGeGeGe
   -28513.6015625000 SiGeGeGeSiGeSiGeSiSiGeGeGeSiSiGeGeSiGeGeSiGeSiGeGeSiSiSiGeSiSiSiSiSiGeSiSiGeGeSiGeGeSiGeSiGeSiSiSiSiSiGeSiSiGeGeGeGeGeGe
   -28513.6015625000 SiGeGeGeSiGeSiGeSiSiGeGeGeSiSiGeGeSiGeGeSiGeSiGeGeSiSiSiGeSiSiSiSiSiGeSiSiGeGeSiGeGeSiGeSiGeSiSiSiSiSiGeSiSiGeGeGeGeGeGe
   -28513.6015625000 SiGeGeGeSiGeSiGeSiSiGeGeGeSiSiGeGeSiGeGeSiGeSiGeGeSiSiSiGeSiSiSiSiSiGeSiSiGeGeSiGeGeSiGeSiGeSiSiSiSiSiGeSiSiGeGeGeGeGeGe
   -28513.6015625000 SiGeGeGeSiGeSiGeSiSiGeGeGeSiSiGeGeSiGeGeSiGeSiGeGeSiSiSiGeSiSiSiSiSiGeSiSiGeGeSiGeGeSiGeSiGeSiSiSiSiSiGeSiSiGeGeGeGeGeGe
   -28513.6015625000 SiGeGeGeSiGeSiGeSiSiGeGeGeSiSiGeGeSiGeGeSiGeSiGeGeSiSiSiGeSiSiSiSiSiGeSiSiGeGeSiGeGeSiGeSiGeSiSiSiSiSiGeSiSiGeGeGeGeGeGe
   -28513.6015625000 SiGeGeGeSiGeSiGeSiSiGeGeGeSiSiGeGeSiGeGeSiGeSiGeGeSiSiSiGeSiSiSiSiSiGeSiSiGeGeSiGeGeSiGeSiGeSiSiSiSiSiGeSiSiGeGeGeGeGeGe
   -28513.6015625000 SiGeGeGeSiGeSiGeSiSiGeGeGeSiSiGeGeSiGeGeSiGeSiGeGeSiSiSiGeSiSiSiSiSiGeSiSiGeGeSiGeGeSiGeSiGeSiSiSiSiSiGeSiSiGeGeGeGeGeGe
   -28513.6015625000 SiGeGeGeSiGeSiGeSiSiGeGeGeSiSiGeGeSiGeGeSiGeSiGeGeSiSiSiGeSiSiSiSiSiGeSiSiGeGeSiGeGeSiGeSiGeSiSiSiSiSiGeSiSiGeGeGeGeGeGe
   -28513.6015625000 SiGeGeGeSiGeSiGeSiSiGeGeGeSiSiGeGeSiGeGeSiGeSiGeGeSiSiSiGeSiSiSiSiSiGeSiSiGeGeSiGeGeSiGeSiGeSiSiSiSiSiGeSiSiGeGeGeGeGeGe
   -28513.6015625000 SiGeGeGeSiGeSiGeSiSiGeGeGeSiSiGeGeSiGeGeSiGeSiGeGeSiSiSiGeSiSiSiSiSiGeSiSiGeGeSiGeGeSiGeSiGeSiSiSiSiSiGeSiSiGeGeGeGeGeGe
   -28513.6015625000 SiGeGeGeSiGeSiGeSiSiGeGeGeSiSiGeGeSiGeGeSiGeSiGeGeSiSiSiGeSiSiSiSiSiGeSiSiGeGeSiGeGeSiGeSiGeSiSiSiSiSiGeSiSiGeGeGeGeGeGe
   -28513.6015625000 SiGeGeGeSiGeSiGeSiSiGeGeGeSiSiGeGeSiGeGeSiGeSiGeGeSiSiSiGeSiSiSiSiSiGeSiSiGeGeSiGeGeSiGeSiGeSiSiSiSiSiGeSiSiGeGeGeGeGeGe
   -28513.6015625000 SiGeGeGeSiGeSiGeSiSiGeGeGeSiSiGeGeSiGeGeSiGeSiGeGeSiSiSiGeSiSiSiSiSiGeSiSiGeGeSiGeGeSiGeSiGeSiSiSiSiSiGeSiSiGeGeGeGeGeGe
   -28513.6015625000 SiGeGeGeSiGeSiGeSiSiGeGeGeSiSiGeGeSiGeGeSiGeSiGeGeSiSiSiGeSiSiSiSiSiGeSiSiGeGeSiGeGeSiGeSiGeSiSiSiSiSiGeSiSiGeGeGeGeGeGe
   -28513.6015625000 SiGeGeGeSiGeSiGeSiSiGeGeGeSiSiGeGeSiGeGeSiGeSiGeGeSiSiSiGeSiSiSiSiSiGeSiSiGeGeSiGeGeSiGeSiGeSiSiSiSiSiGeSiSiGeGeGeGeGeGe
   -28513.6015625000 SiGeGeGeSiGeSiGeSiSiGeGeGeSiSiGeGeSiGeGeSiGeSiGeGeSiSiSiGeSiSiSiSiSiGeSiSiGeGeSiGeGeSiGeSiGeSiSiSiSiSiGeSiSiGeGeGeGeGeGe
   -28513.6015625000 SiGeGeGeSiGeSiGeSiSiGeGeGeSiSiGeGeSiGeGeSiGeSiGeGeSiSiSiGeSiSiSiSiSiGeSiSiGeGeSiGeGeSiGeSiGeSiSiSiSiSiGeSiSiGeGeGeGeGeGe
   -28513.6015625000 SiGeGeGeSiGeSiGeSiSiGeGeGeSiSiGeGeSiGeGeSiGeSiGeGeSiSiSiGeSiSiSiSiSiGeSiSiGeGeSiGeGeSiGeSiGeSiSiSiSiSiGeSiSiGeGeGeGeGeGe
   -28513.6015625000 SiGeGeGeSiGeSiGeSiSiGeGeGeSiSiGeGeSiGeGeSiGeSiGeGeSiSiSiGeSiSiSiSiSiGeSiSiGeGeSiGeGeSiGeSiGeSiSiSiSiSiGeSiSiGeGeGeGeGeGe
   -28513.6015625000 SiGeGeGeSiGeSiGeSiSiGeGeGeSiSiGeGeSiGeGeSiGeSiGeGeSiSiSiGeSiSiSiSiSiGeSiSiGeGeSiGeGeSiGeSiGeSiSiSiSiSiGeSiSiGeGeGeGeGeGe
   -28513.6015625000 SiGeGeGeSiGeSiGeSiSiGeGeGeSiSiGeGeSiGeGeSiGeSiGeGeSiSiSiGeSiSiSiSiSiGeSiSiGeGeSiGeGeSiGeSiGeSiSiSiSiSiGeSiSiGeGeGeGeGeGe
   -28513.6015625000 SiGeGeGeSiGeSiGeSiSiGeGeGeSiSiGeGeSiGeGeSiGeSiGeGeSiSiSiGeSiSiSiSiSiGeSiSiGeGeSiGeGeSiGeSiGeSiSiSiSiSiGeSiSiGeGeGeGeGeGe
   -28513.6015625000 SiGeGeGeSiGeSiGeSiSiGeGeGeSiSiGeGeSiGeGeSiGeSiGeGeSiSiSiGeSiSiSiSiSiGeSiSiGeGeSiGeGeSiGeSiGeSiSiSiSiSiGeSiSiGeGeGeGeGeGe
   -28513.6015625000 SiGeGeGeSiGeSiGeSiSiGeGeGeSiSiGeGeSiGeGeSiGeSiGeGeSiSiSiGeSiSiSiSiSiGeSiSiGeGeSiGeGeSiGeSiGeSiSiSiSiSiGeSiSiGeGeGeGeGeGe
   -28513.6015625000 SiGeGeGeSiGeSiGeSiSiGeGeGeSiSiGeGeSiGeGeSiGeSiGeGeSiSiSiGeSiSiSiSiSiGeSiSiGeGeSiGeGeSiGeSiGeSiSiSiSiSiGeSiSiGeGeGeGeGeGe
   -28513.6015625000 SiGeGeGeSiGeSiGeSiSiGeGeGeSiSiGeGeSiGeGeSiGeSiGeGeSiSiSiGeSiSiSiSiSiGeSiSiGeGeSiGeGeSiGeSiGeSiSiSiSiSiGeSiSiGeGeGeGeGeGe
   -28513.6015625000 SiGeGeGeSiGeSiGeSiSiGeGeGeSiSiGeGeSiGeGeSiGeSiGeGeSiSiSiGeSiSiSiSiSiGeSiSiGeGeSiGeGeSiGeSiGeSiSiSiSiSiGeSiSiGeGeGeGeGeGe
   -28513.6015625000 SiGeGeGeSiGeSiGeSiSiGeGeGeSiSiGeGeSiGeGeSiGeSiGeGeSiSiSiGeSiSiSiSiSiGeSiSiGeGeSiGeGeSiGeSiGeSiSiSiSiSiGeSiSiGeGeGeGeGeGe
   -28513.6015625000 SiGeGeGeSiGeSiGeSiSiGeGeGeSiSiGeGeSiGeGeSiGeSiGeGeSiSiSiGeSiSiSiSiSiGeSiSiGeGeSiGeGeSiGeSiGeSiSiSiSiSiGeSiSiGeGeGeGeGeGe
   -28513.6015625000 SiGeGeGeSiGeSiGeSiSiGeGeGeSiSiGeGeSiGeGeSiGeSiGeGeSiSiSiGeSiSiSiSiSiGeSiSiGeGeSiGeGeSiGeSiGeSiSiSiSiSiGeSiSiGeGeGeGeGeGe
   -28513.6015625000 SiGeGeGeSiGeSiGeSiSiGeGeGeSiSiGeGeSiGeGeSiGeSiGeGeSiSiSiGeSiSiSiSiSiGeSiSiGeGeSiGeGeSiGeSiGeSiSiSiSiSiGeSiSiGeGeGeGeGeGe
   -28513.6015625000 SiGeGeGeSiGeSiGeSiSiGeGeGeSiSiGeGeSiGeGeSiGeSiGeGeSiSiSiGeSiSiSiSiSiGeSiSiGeGeSiGeGeSiGeSiGeSiSiSiSiSiGeSiSiGeGeGeGeGeGe
   -28513.6015625000 SiGeGeGeSiGeSiGeSiSiGeGeGeSiSiGeGeSiGeGeSiGeSiGeGeSiSiSiGeSiSiSiSiSiGeSiSiGeGeSiGeGeSiGeSiGeSiSiSiSiSiGeSiSiGeGeGeGeGeGe
   -28513.6015625000 SiGeGeGeSiGeSiGeSiSiGeGeGeSiSiGeGeSiGeGeSiGeSiGeGeSiSiSiGeSiSiSiSiSiGeSiSiGeGeSiGeGeSiGeSiGeSiSiSiSiSiGeSiSiGeGeGeGeGeGe
   -28513.6015625000 SiGeGeGeSiGeSiGeSiSiGeGeGeSiSiGeGeSiGeGeSiGeSiGeGeSiSiSiGeSiSiSiSiSiGeSiSiGeGeSiGeGeSiGeSiGeSiSiSiSiSiGeSiSiGeGeGeGeGeGe
   -28513.6015625000 SiGeGeGeSiGeSiGeSiSiGeGeGeSiSiGeGeSiGeGeSiGeSiGeGeSiSiSiGeSiSiSiSiSiGeSiSiGeGeSiGeGeSiGeSiGeSiSiSiSiSiGeSiSiGeGeGeGeGeGe
   -28513.6015625000 SiGeGeGeSiGeSiGeSiSiGeGeGeSiSiGeGeSiGeGeSiGeSiGeGeSiSiSiGeSiSiSiSiSiGeSiSiGeGeSiGeGeSiGeSiGeSiSiSiSiSiGeSiSiGeGeGeGeGeGe
   -28513.6015625000 SiGeGeGeSiGeSiGeSiSiGeGeGeSiSiGeGeSiGeGeSiGeSiGeGeSiSiSiGeSiSiSiSiSiGeSiSiGeGeSiGeGeSiGeSiGeSiSiSiSiSiGeSiSiGeGeGeGeGeGe
   -28513.6015625000 SiGeGeGeSiGeSiGeSiSiGeGeGeSiSiGeGeSiGeGeSiGeSiGeGeSiSiSiGeSiSiSiSiSiGeSiSiGeGeSiGeGeSiGeSiGeSiSiSiSiSiGeSiSiGeGeGeGeGeGe
   -28513.6015625000 SiGeGeGeSiGeSiGeSiSiGeGeGeSiSiGeGeSiGeGeSiGeSiGeGeSiSiSiGeSiSiSiSiSiGeSiSiGeGeSiGeGeSiGeSiGeSiSiSiSiSiGeSiSiGeGeGeGeGeGe
   -28513.6015625000 SiGeGeGeSiGeSiGeSiSiGeGeGeSiSiGeGeSiGeGeSiGeSiGeGeSiSiSiGeSiSiSiSiSiGeSiSiGeGeSiGeGeSiGeSiGeSiSiSiSiSiGeSiSiGeGeGeGeGeGe
   -28513.6015625000 SiGeGeGeSiGeSiGeSiSiGeGeGeSiSiGeGeSiGeGeSiGeSiGeGeSiSiSiGeSiSiSiSiSiGeSiSiGeGeSiGeGeSiGeSiGeSiSiSiSiSiGeSiSiGeGeGeGeGeGe
   -28513.6015625000 SiGeGeGeSiGeSiGeSiSiGeGeGeSiSiGeGeSiGeGeSiGeSiGeGeSiSiSiGeSiSiSiSiSiGeSiSiGeGeSiGeGeSiGeSiGeSiSiSiSiSiGeSiSiGeGeGeGeGeGe
   -28513.6015625000 SiGeGeGeSiGeSiGeSiSiGeGeGeSiSiGeGeSiGeGeSiGeSiGeGeSiSiSiGeSiSiSiSiSiGeSiSiGeGeSiGeGeSiGeSiGeSiSiSiSiSiGeSiSiGeGeGeGeGeGe
   -28513.6015625000 SiGeGeGeSiGeSiGeSiSiGeGeGeSiSiGeGeSiGeGeSiGeSiGeGeSiSiSiGeSiSiSiSiSiGeSiSiGeGeSiGeGeSiGeSiGeSiSiSiSiSiGeSiSiGeGeGeGeGeGe
   -28513.6015625000 SiGeGeGeSiGeSiGeSiSiGeGeGeSiSiGeGeSiGeGeSiGeSiGeGeSiSiSiGeSiSiSiSiSiGeSiSiGeGeSiGeGeSiGeSiGeSiSiSiSiSiGeSiSiGeGeGeGeGeGe
   -28513.6015625000 SiGeGeGeSiGeSiGeSiSiGeGeGeSiSiGeGeSiGeGeSiGeSiGeGeSiSiSiGeSiSiSiSiSiGeSiSiGeGeSiGeGeSiGeSiGeSiSiSiSiSiGeSiSiGeGeGeGeGeGe
   -28513.6015625000 SiGeGeGeSiGeSiGeSiSiGeGeGeSiSiGeGeSiGeGeSiGeSiGeGeSiSiSiGeSiSiSiSiSiGeSiSiGeGeSiGeGeSiGeSiGeSiSiSiSiSiGeSiSiGeGeGeGeGeGe
   -28513.6015625000 SiGeGeGeSiGeSiGeSiSiGeGeGeSiSiGeGeSiGeGeSiGeSiGeGeSiSiSiGeSiSiSiSiSiGeSiSiGeGeSiGeGeSiGeSiGeSiSiSiSiSiGeSiSiGeGeGeGeGeGe
   -28513.6015625000 SiGeGeGeSiGeSiGeSiSiGeGeGeSiSiGeGeSiGeGeSiGeSiGeGeSiSiSiGeSiSiSiSiSiGeSiSiGeGeSiGeGeSiGeSiGeSiSiSiSiSiGeSiSiGeGeGeGeGeGe
   -28513.6015625000 SiGeGeGeSiGeSiGeSiSiGeGeGeSiSiGeGeSiGeGeSiGeSiGeGeSiSiSiGeSiSiSiSiSiGeSiSiGeGeSiGeGeSiGeSiGeSiSiSiSiSiGeSiSiGeGeGeGeGeGe
   -28513.6015625000 SiGeGeGeSiGeSiGeSiSiGeGeGeSiSiGeGeSiGeGeSiGeSiGeGeSiSiSiGeSiSiSiSiSiGeSiSiGeGeSiGeGeSiGeSiGeSiSiSiSiSiGeSiSiGeGeGeGeGeGe
   -28513.6015625000 SiGeGeGeSiGeSiGeSiSiGeGeGeSiSiGeGeSiGeGeSiGeSiGeGeSiSiSiGeSiSiSiSiSiGeSiSiGeGeSiGeGeSiGeSiGeSiSiSiSiSiGeSiSiGeGeGeGeGeGe
   -28513.6015625000 SiGeGeGeSiGeSiGeSiSiGeGeGeSiSiGeGeSiGeGeSiGeSiGeGeSiSiSiGeSiSiSiSiSiGeSiSiGeGeSiGeGeSiGeSiGeSiSiSiSiSiGeSiSiGeGeGeGeGeGe
   -28513.6015625000 SiGeGeGeSiGeSiGeSiSiGeGeGeSiSiGeGeSiGeGeSiGeSiGeGeSiSiSiGeSiSiSiSiSiGeSiSiGeGeSiGeGeSiGeSiGeSiSiSiSiSiGeSiSiGeGeGeGeGeGe
   -28513.6015625000 SiGeGeGeSiGeSiGeSiSiGeGeGeSiSiGeGeSiGeGeSiGeSiGeGeSiSiSiGeSiSiSiSiSiGeSiSiGeGeSiGeGeSiGeSiGeSiSiSiSiSiGeSiSiGeGeGeGeGeGe
   -28513.6015625000 SiGeGeGeSiGeSiGeSiSiGeGeGeSiSiGeGeSiGeGeSiGeSiGeGeSiSiSiGeSiSiSiSiSiGeSiSiGeGeSiGeGeSiGeSiGeSiSiSiSiSiGeSiSiGeGeGeGeGeGe
   -28513.6015625000 SiGeGeGeSiGeSiGeSiSiGeGeGeSiSiGeGeSiGeGeSiGeSiGeGeSiSiSiGeSiSiSiSiSiGeSiSiGeGeSiGeGeSiGeSiGeSiSiSiSiSiGeSiSiGeGeGeGeGeGe
   -28513.6015625000 SiGeGeGeSiGeSiGeSiSiGeGeGeSiSiGeGeSiGeGeSiGeSiGeGeSiSiSiGeSiSiSiSiSiGeSiSiGeGeSiGeGeSiGeSiGeSiSiSiSiSiGeSiSiGeGeGeGeGeGe
   -28513.6015625000 SiGeGeGeSiGeSiGeSiSiGeGeGeSiSiGeGeSiGeGeSiGeSiGeGeSiSiSiGeSiSiSiSiSiGeSiSiGeGeSiGeGeSiGeSiGeSiSiSiSiSiGeSiSiGeGeGeGeGeGe
   -28513.6015625000 SiGeGeGeSiGeSiGeSiSiGeGeGeSiSiGeGeSiGeGeSiGeSiGeGeSiSiSiGeSiSiSiSiSiGeSiSiGeGeSiGeGeSiGeSiGeSiSiSiSiSiGeSiSiGeGeGeGeGeGe
   -28513.6015625000 SiGeGeGeSiGeSiGeSiSiGeGeGeSiSiGeGeSiGeGeSiGeSiGeGeSiSiSiGeSiSiSiSiSiGeSiSiGeGeSiGeGeSiGeSiGeSiSiSiSiSiGeSiSiGeGeGeGeGeGe
   -28513.6015625000 SiGeGeGeSiGeSiGeSiSiGeGeGeSiSiGeGeSiGeGeSiGeSiGeGeSiSiSiGeSiSiSiSiSiGeSiSiGeGeSiGeGeSiGeSiGeSiSiSiSiSiGeSiSiGeGeGeGeGeGe
   -28513.6015625000 SiGeGeGeSiGeSiGeSiSiGeGeGeSiSiGeGeSiGeGeSiGeSiGeGeSiSiSiGeSiSiSiSiSiGeSiSiGeGeSiGeGeSiGeSiGeSiSiSiSiSiGeSiSiGeGeGeGeGeGe
   -28513.6015625000 SiGeGeGeSiGeSiGeSiSiGeGeGeSiSiGeGeSiGeGeSiGeSiGeGeSiSiSiGeSiSiSiSiSiGeSiSiGeGeSiGeGeSiGeSiGeSiSiSiSiSiGeSiSiGeGeGeGeGeGe
   -28513.6015625000 SiGeGeGeSiGeSiGeSiSiGeGeGeSiSiGeGeSiGeGeSiGeSiGeGeSiSiSiGeSiSiSiSiSiGeSiSiGeGeSiGeGeSiGeSiGeSiSiSiSiSiGeSiSiGeGeGeGeGeGe
   -28513.6015625000 SiGeGeGeSiGeSiGeSiSiGeGeGeSiSiGeGeSiGeGeSiGeSiGeGeSiSiSiGeSiSiSiSiSiGeSiSiGeGeSiGeGeSiGeSiGeSiSiSiSiSiGeSiSiGeGeGeGeGeGe
   -28513.6015625000 SiGeGeGeSiGeSiGeSiSiGeGeGeSiSiGeGeSiGeGeSiGeSiGeGeSiSiSiGeSiSiSiSiSiGeSiSiGeGeSiGeGeSiGeSiGeSiSiSiSiSiGeSiSiGeGeGeGeGeGe
   -28513.6015625000 SiGeGeGeSiGeSiGeSiSiGeGeGeSiSiGeGeSiGeGeSiGeSiGeGeSiSiSiGeSiSiSiSiSiGeSiSiGeGeSiGeGeSiGeSiGeSiSiSiSiSiGeSiSiGeGeGeGeGeGe
   -28513.6015625000 SiGeGeGeSiGeSiGeSiSiGeGeGeSiSiGeGeSiGeGeSiGeSiGeGeSiSiSiGeSiSiSiSiSiGeSiSiGeGeSiGeGeSiGeSiGeSiSiSiSiSiGeSiSiGeGeGeGeGeGe
   -28513.6015625000 SiGeGeGeSiGeSiGeSiSiGeGeGeSiSiGeGeSiGeGeSiGeSiGeGeSiSiSiGeSiSiSiSiSiGeSiSiGeGeSiGeGeSiGeSiGeSiSiSiSiSiGeSiSiGeGeGeGeGeGe
   -28513.6015625000 SiGeGeGeSiGeSiGeSiSiGeGeGeSiSiGeGeSiGeGeSiGeSiGeGeSiSiSiGeSiSiSiSiSiGeSiSiGeGeSiGeGeSiGeSiGeSiSiSiSiSiGeSiSiGeGeGeGeGeGe
   -28513.6015625000 SiGeGeGeSiGeSiGeSiSiGeGeGeSiSiGeGeSiGeGeSiGeSiGeGeSiSiSiGeSiSiSiSiSiGeSiSiGeGeSiGeGeSiGeSiGeSiSiSiSiSiGeSiSiGeGeGeGeGeGe
   -28513.6015625000 SiGeGeGeSiGeSiGeSiSiGeGeGeSiSiGeGeSiGeGeSiGeSiGeGeSiSiSiGeSiSiSiSiSiGeSiSiGeGeSiGeGeSiGeSiGeSiSiSiSiSiGeSiSiGeGeGeGeGeGe
   -28513.6015625000 SiGeGeGeSiGeSiGeSiSiGeGeGeSiSiGeGeSiGeGeSiGeSiGeGeSiSiSiGeSiSiSiSiSiGeSiSiGeGeSiGeGeSiGeSiGeSiSiSiSiSiGeSiSiGeGeGeGeGeGe
   -28513.6015625000 SiGeGeGeSiGeSiGeSiSiGeGeGeSiSiGeGeSiGeGeSiGeSiGeGeSiSiSiGeSiSiSiSiSiGeSiSiGeGeSiGeGeSiGeSiGeSiSiSiSiSiGeSiSiGeGeGeGeGeGe
   -28513.6015625000 SiGeGeGeSiGeSiGeSiSiGeGeGeSiSiGeGeSiGeGeSiGeSiGeGeSiSiSiGeSiSiSiSiSiGeSiSiGeGeSiGeGeSiGeSiGeSiSiSiSiSiGeSiSiGeGeGeGeGeGe
   -28513.6015625000 SiGeGeGeSiGeSiGeSiSiGeGeGeSiSiGeGeSiGeGeSiGeSiGeGeSiSiSiGeSiSiSiSiSiGeSiSiGeGeSiGeGeSiGeSiGeSiSiSiSiSiGeSiSiGeGeGeGeGeGe
   -28513.6015625000 SiGeGeGeSiGeSiGeSiSiGeGeGeSiSiGeGeSiGeGeSiGeSiGeGeSiSiSiGeSiSiSiSiSiGeSiSiGeGeSiGeGeSiGeSiGeSiSiSiSiSiGeSiSiGeGeGeGeGeGe
   -28513.6015625000 SiGeGeGeSiGeSiGeSiSiGeGeGeSiSiGeGeSiGeGeSiGeSiGeGeSiSiSiGeSiSiSiSiSiGeSiSiGeGeSiGeGeSiGeSiGeSiSiSiSiSiGeSiSiGeGeGeGeGeGe
   -28513.6015625000 SiGeGeGeSiGeSiGeSiSiGeGeGeSiSiGeGeSiGeGeSiGeSiGeGeSiSiSiGeSiSiSiSiSiGeSiSiGeGeSiGeGeSiGeSiGeSiSiSiSiSiGeSiSiGeGeGeGeGeGe
   -28513.6015625000 SiGeGeGeSiGeSiGeSiSiGeGeGeSiSiGeGeSiGeGeSiGeSiGeGeSiSiSiGeSiSiSiSiSiGeSiSiGeGeSiGeGeSiGeSiGeSiSiSiSiSiGeSiSiGeGeGeGeGeGe
   -28513.6015625000 SiGeGeGeSiGeSiGeSiSiGeGeGeSiSiGeGeSiGeGeSiGeSiGeGeSiSiSiGeSiSiSiSiSiGeSiSiGeGeSiGeGeSiGeSiGeSiSiSiSiSiGeSiSiGeGeGeGeGeGe
   -28513.6015625000 SiGeGeGeSiGeSiGeSiSiGeGeGeSiSiGeGeSiGeGeSiGeSiGeGeSiSiSiGeSiSiSiSiSiGeSiSiGeGeSiGeGeSiGeSiGeSiSiSiSiSiGeSiSiGeGeGeGeGeGe
   -28513.6015625000 SiGeGeGeSiGeSiGeSiSiGeGeGeSiSiGeGeSiGeGeSiGeSiGeGeSiSiSiGeSiSiSiSiSiGeSiSiGeGeSiGeGeSiGeSiGeSiSiSiSiSiGeSiSiGeGeGeGeGeGe
   -28513.6015625000 SiGeGeGeSiGeSiGeSiSiGeGeGeSiSiGeGeSiGeGeSiGeSiGeGeSiSiSiGeSiSiSiSiSiGeSiSiGeGeSiGeGeSiGeSiGeSiSiSiSiSiGeSiSiGeGeGeGeGeGe
   -28513.6015625000 SiGeGeGeSiGeSiGeSiSiGeGeGeSiSiGeGeSiGeGeSiGeSiGeGeSiSiSiGeSiSiSiSiSiGeSiSiGeGeSiGeGeSiGeSiGeSiSiSiSiSiGeSiSiGeGeGeGeGeGe
   -28513.6015625000 SiGeGeGeSiGeSiGeSiSiGeGeGeSiSiGeGeSiGeGeSiGeSiGeGeSiSiSiGeSiSiSiSiSiGeSiSiGeGeSiGeGeSiGeSiGeSiSiSiSiSiGeSiSiGeGeGeGeGeGe
   -28513.6015625000 SiGeGeGeSiGeSiGeSiSiGeGeGeSiSiGeGeSiGeGeSiGeSiGeGeSiSiSiGeSiSiSiSiSiGeSiSiGeGeSiGeGeSiGeSiGeSiSiSiSiSiGeSiSiGeGeGeGeGeGe
   -28513.6015625000 SiGeGeGeSiGeSiGeSiSiGeGeGeSiSiGeGeSiGeGeSiGeSiGeGeSiSiSiGeSiSiSiSiSiGeSiSiGeGeSiGeGeSiGeSiGeSiSiSiSiSiGeSiSiGeGeGeGeGeGe
   -28513.6015625000 SiGeGeGeSiGeSiGeSiSiGeGeGeSiSiGeGeSiGeGeSiGeSiGeGeSiSiSiGeSiSiSiSiSiGeSiSiGeGeSiGeGeSiGeSiGeSiSiSiSiSiGeSiSiGeGeGeGeGeGe
   -28513.6015625000 SiGeGeGeSiGeSiGeSiSiGeGeGeSiSiGeGeSiGeGeSiGeSiGeGeSiSiSiGeSiSiSiSiSiGeSiSiGeGeSiGeGeSiGeSiGeSiSiSiSiSiGeSiSiGeGeGeGeGeGe
   -28513.6015625000 SiGeGeGeSiGeSiGeSiSiGeGeGeSiSiGeGeSiGeGeSiGeSiGeGeSiSiSiGeSiSiSiSiSiGeSiSiGeGeSiGeGeSiGeSiGeSiSiSiSiSiGeSiSiGeGeGeGeGeGe
   -28513.6015625000 SiGeGeGeSiGeSiGeSiSiGeGeGeSiSiGeGeSiGeGeSiGeSiGeGeSiSiSiGeSiSiSiSiSiGeSiSiGeGeSiGeGeSiGeSiGeSiSiSiSiSiGeSiSiGeGeGeGeGeGe
   -28513.6015625000 SiGeGeGeSiGeSiGeSiSiGeGeGeSiSiGeGeSiGeGeSiGeSiGeGeSiSiSiGeSiSiSiSiSiGeSiSiGeGeSiGeGeSiGeSiGeSiSiSiSiSiGeSiSiGeGeGeGeGeGe
   -28513.6015625000 SiGeGeGeSiGeSiGeSiSiGeGeGeSiSiGeGeSiGeGeSiGeSiGeGeSiSiSiGeSiSiSiSiSiGeSiSiGeGeSiGeGeSiGeSiGeSiSiSiSiSiGeSiSiGeGeGeGeGeGe
   -28513.6015625000 SiGeGeGeSiGeSiGeSiSiGeGeGeSiSiGeGeSiGeGeSiGeSiGeGeSiSiSiGeSiSiSiSiSiGeSiSiGeGeSiGeGeSiGeSiGeSiSiSiSiSiGeSiSiGeGeGeGeGeGe
   -28513.6015625000 SiGeGeGeSiGeSiGeSiSiGeGeGeSiSiGeGeSiGeGeSiGeSiGeGeSiSiSiGeSiSiSiSiSiGeSiSiGeGeSiGeGeSiGeSiGeSiSiSiSiSiGeSiSiGeGeGeGeGeGe
   -28513.6015625000 SiGeGeGeSiGeSiGeSiSiGeGeGeSiSiGeGeSiGeGeSiGeSiGeGeSiSiSiGeSiSiSiSiSiGeSiSiGeGeSiGeGeSiGeSiGeSiSiSiSiSiGeSiSiGeGeGeGeGeGe
   -28513.6015625000 SiGeGeGeSiGeSiGeSiSiGeGeGeSiSiGeGeSiGeGeSiGeSiGeGeSiSiSiGeSiSiSiSiSiGeSiSiGeGeSiGeGeSiGeSiGeSiSiSiSiSiGeSiSiGeGeGeGeGeGe
   -28513.6015625000 SiGeGeGeSiGeSiGeSiSiGeGeGeSiSiGeGeSiGeGeSiGeSiGeGeSiSiSiGeSiSiSiSiSiGeSiSiGeGeSiGeGeSiGeSiGeSiSiSiSiSiGeSiSiGeGeGeGeGeGe
   -28513.6015625000 SiGeGeGeSiGeSiGeSiSiGeGeGeSiSiGeGeSiGeGeSiGeSiGeGeSiSiSiGeSiSiSiSiSiGeSiSiGeGeSiGeGeSiGeSiGeSiSiSiSiSiGeSiSiGeGeGeGeGeGe
   -28513.6015625000 SiGeGeGeSiGeSiGeSiSiGeGeGeSiSiGeGeSiGeGeSiGeSiGeGeSiSiSiGeSiSiSiSiSiGeSiSiGeGeSiGeGeSiGeSiGeSiSiSiSiSiGeSiSiGeGeGeGeGeGe
   -28513.6015625000 SiGeGeGeSiGeSiGeSiSiGeGeGeSiSiGeGeSiGeGeSiGeSiGeGeSiSiSiGeSiSiSiSiSiGeSiSiGeGeSiGeGeSiGeSiGeSiSiSiSiSiGeSiSiGeGeGeGeGeGe
   -28513.6015625000 SiGeGeGeSiGeSiGeSiSiGeGeGeSiSiGeGeSiGeGeSiGeSiGeGeSiSiSiGeSiSiSiSiSiGeSiSiGeGeSiGeGeSiGeSiGeSiSiSiSiSiGeSiSiGeGeGeGeGeGe
   -28513.6015625000 SiGeGeGeSiGeSiGeSiSiGeGeGeSiSiGeGeSiGeGeSiGeSiGeGeSiSiSiGeSiSiSiSiSiGeSiSiGeGeSiGeGeSiGeSiGeSiSiSiSiSiGeSiSiGeGeGeGeGeGe
   -28513.6015625000 SiGeGeGeSiGeSiGeSiSiGeGeGeSiSiGeGeSiGeGeSiGeSiGeGeSiSiSiGeSiSiSiSiSiGeSiSiGeGeSiGeGeSiGeSiGeSiSiSiSiSiGeSiSiGeGeGeGeGeGe
   -28513.6015625000 SiGeGeGeSiGeSiGeSiSiGeGeGeSiSiGeGeSiGeGeSiGeSiGeGeSiSiSiGeSiSiSiSiSiGeSiSiGeGeSiGeGeSiGeSiGeSiSiSiSiSiGeSiSiGeGeGeGeGeGe
   -28513.6015625000 SiGeGeGeSiGeSiGeSiSiGeGeGeSiSiGeGeSiGeGeSiGeSiGeGeSiSiSiGeSiSiSiSiSiGeSiSiGeGeSiGeGeSiGeSiGeSiSiSiSiSiGeSiSiGeGeGeGeGeGe
   -28513.6015625000 SiGeGeGeSiGeSiGeSiSiGeGeGeSiSiGeGeSiGeGeSiGeSiGeGeSiSiSiGeSiSiSiSiSiGeSiSiGeGeSiGeGeSiGeSiGeSiSiSiSiSiGeSiSiGeGeGeGeGeGe
   -28513.6015625000 SiGeGeGeSiGeSiGeSiSiGeGeGeSiSiGeGeSiGeGeSiGeSiGeGeSiSiSiGeSiSiSiSiSiGeSiSiGeGeSiGeGeSiGeSiGeSiSiSiSiSiGeSiSiGeGeGeGeGeGe
   -28513.6015625000 SiGeGeGeSiGeSiGeSiSiGeGeGeSiSiGeGeSiGeGeSiGeSiGeGeSiSiSiGeSiSiSiSiSiGeSiSiGeGeSiGeGeSiGeSiGeSiSiSiSiSiGeSiSiGeGeGeGeGeGe
   -28513.6015625000 SiGeGeGeSiGeSiGeSiSiGeGeGeSiSiGeGeSiGeGeSiGeSiGeGeSiSiSiGeSiSiSiSiSiGeSiSiGeGeSiGeGeSiGeSiGeSiSiSiSiSiGeSiSiGeGeGeGeGeGe
   -28513.6015625000 SiGeGeGeSiGeSiGeSiSiGeGeGeSiSiGeGeSiGeGeSiGeSiGeGeSiSiSiGeSiSiSiSiSiGeSiSiGeGeSiGeGeSiGeSiGeSiSiSiSiSiGeSiSiGeGeGeGeGeGe
   -28513.6015625000 SiGeGeGeSiGeSiGeSiSiGeGeGeSiSiGeGeSiGeGeSiGeSiGeGeSiSiSiGeSiSiSiSiSiGeSiSiGeGeSiGeGeSiGeSiGeSiSiSiSiSiGeSiSiGeGeGeGeGeGe
   -28513.6015625000 SiGeGeGeSiGeSiGeSiSiGeGeGeSiSiGeGeSiGeGeSiGeSiGeGeSiSiSiGeSiSiSiSiSiGeSiSiGeGeSiGeGeSiGeSiGeSiSiSiSiSiGeSiSiGeGeGeGeGeGe
   -28513.6015625000 SiGeGeGeSiGeSiGeSiSiGeGeGeSiSiGeGeSiGeGeSiGeSiGeGeSiSiSiGeSiSiSiSiSiGeSiSiGeGeSiGeGeSiGeSiGeSiSiSiSiSiGeSiSiGeGeGeGeGeGe
   -28513.6015625000 SiGeGeGeSiGeSiGeSiSiGeGeGeSiSiGeGeSiGeGeSiGeSiGeGeSiSiSiGeSiSiSiSiSiGeSiSiGeGeSiGeGeSiGeSiGeSiSiSiSiSiGeSiSiGeGeGeGeGeGe
   -28513.6015625000 SiGeGeGeSiGeSiGeSiSiGeGeGeSiSiGeGeSiGeGeSiGeSiGeGeSiSiSiGeSiSiSiSiSiGeSiSiGeGeSiGeGeSiGeSiGeSiSiSiSiSiGeSiSiGeGeGeGeGeGe
   -28513.6015625000 SiGeGeGeSiGeSiGeSiSiGeGeGeSiSiGeGeSiGeGeSiGeSiGeGeSiSiSiGeSiSiSiSiSiGeSiSiGeGeSiGeGeSiGeSiGeSiSiSiSiSiGeSiSiGeGeGeGeGeGe
   -28513.6015625000 SiGeGeGeSiGeSiGeSiSiGeGeGeSiSiGeGeSiGeGeSiGeSiGeGeSiSiSiGeSiSiSiSiSiGeSiSiGeGeSiGeGeSiGeSiGeSiSiSiSiSiGeSiSiGeGeGeGeGeGe
   -28513.6015625000 SiGeGeGeSiGeSiGeSiSiGeGeGeSiSiGeGeSiGeGeSiGeSiGeGeSiSiSiGeSiSiSiSiSiGeSiSiGeGeSiGeGeSiGeSiGeSiSiSiSiSiGeSiSiGeGeGeGeGeGe
   -28513.6015625000 SiGeGeGeSiGeSiGeSiSiGeGeGeSiSiGeGeSiGeGeSiGeSiGeGeSiSiSiGeSiSiSiSiSiGeSiSiGeGeSiGeGeSiGeSiGeSiSiSiSiSiGeSiSiGeGeGeGeGeGe
   -28513.6015625000 SiGeGeGeSiGeSiGeSiSiGeGeGeSiSiGeGeSiGeGeSiGeSiGeGeSiSiSiGeSiSiSiSiSiGeSiSiGeGeSiGeGeSiGeSiGeSiSiSiSiSiGeSiSiGeGeGeGeGeGe
   -28513.6015625000 SiGeGeGeSiGeSiGeSiSiGeGeGeSiSiGeGeSiGeGeSiGeSiGeGeSiSiSiGeSiSiSiSiSiGeSiSiGeGeSiGeGeSiGeSiGeSiSiSiSiSiGeSiSiGeGeGeGeGeGe
   -28513.6015625000 SiGeGeGeSiGeSiGeSiSiGeGeGeSiSiGeGeSiGeGeSiGeSiGeGeSiSiSiGeSiSiSiSiSiGeSiSiGeGeSiGeGeSiGeSiGeSiSiSiSiSiGeSiSiGeGeGeGeGeGe
   -28513.6015625000 SiGeGeGeSiGeSiGeSiSiGeGeGeSiSiGeGeSiGeGeSiGeSiGeGeSiSiSiGeSiSiSiSiSiGeSiSiGeGeSiGeGeSiGeSiGeSiSiSiSiSiGeSiSiGeGeGeGeGeGe
   -28513.6015625000 SiGeGeGeSiGeSiGeSiSiGeGeGeSiSiGeGeSiGeGeSiGeSiGeGeSiSiSiGeSiSiSiSiSiGeSiSiGeGeSiGeGeSiGeSiGeSiSiSiSiSiGeSiSiGeGeGeGeGeGe
   -28513.6015625000 SiGeGeGeSiGeSiGeSiSiGeGeGeSiSiGeGeSiGeGeSiGeSiGeGeSiSiSiGeSiSiSiSiSiGeSiSiGeGeSiGeGeSiGeSiGeSiSiSiSiSiGeSiSiGeGeGeGeGeGe
   -28513.6015625000 SiGeGeGeSiGeSiGeSiSiGeGeGeSiSiGeGeSiGeGeSiGeSiGeGeSiSiSiGeSiSiSiSiSiGeSiSiGeGeSiGeGeSiGeSiGeSiSiSiSiSiGeSiSiGeGeGeGeGeGe
filename: c000000757033490.gin     
Cell:
    11.9020996    11.9020996    29.6919994    90.0000000    90.0000000   120.0000000
Box:
    11.9020996    -5.9510503     0.0000000
     0.0000000    10.3075209     0.0000000
     0.0000000     0.0000000    29.6919994
----------------------------------------
Inverse Box:
     0.0840188     0.0485083     0.0000000
     0.0000000     0.0970165     0.0000000
     0.0000000     0.0000000     0.0336791
----------------------------------------
==============================================
geometrical properties of  30 Ge:
 Configuration:           0
 D_ave:   9.20290470       3.49222684    
 D_min:   3.23695254      0.485429168    
 energia:  -28513.6016    
