Random Seed:   887723906
Number of atoms:    60
Space Group:    1
Cell:
    11.9020996    11.9020996    29.6919994    90.0000000    90.0000000   120.0000000
Box:
    11.9020996    -5.9510503     0.0000000
     0.0000000    10.3075209     0.0000000
     0.0000000     0.0000000    29.6919994
----------------------------------------
Inverse Box:
     0.0840188     0.0485083     0.0000000
     0.0000000     0.0970165     0.0000000
     0.0000000     0.0000000     0.0336791
----------------------------------------
GeSiSiSiSiSiSiSiSiSiSiSiSiSiSiSiSiSiSiGeSiSiSiSiSiSiSiSiSiSiSiSiSiSiSiSiSiSiSiSiSiSiSiSiSiSiSiSiSiSiSiSiSiSiSiSiSiSiSiSi
           1 Ge    -7733.82422    
GeGeSiSiSiSiSiSiSiSiSiSiSiSiSiSiSiSiSiGeSiSiSiSiSiSiSiSiSiSiSiSiSiSiSiSiSiSiSiSiSiSiSiSiSiSiSiSiSiSiSiSiSiSiSiSiSiSiSiSi
           2 Ge    -7727.03564    
GeGeGeSiSiSiSiSiSiSiSiSiSiSiSiSiSiSiSiGeSiSiSiSiSiSiSiSiSiSiSiSiSiSiSiSiSiSiSiSiSiSiSiSiSiSiSiSiSiSiSiSiSiSiSiSiSiSiSiSi
           3 Ge    -7722.68359    
GeGeGeSiSiGeSiSiSiSiSiSiSiSiSiSiSiSiSiGeSiSiSiSiSiSiSiSiSiSiSiSiSiSiSiSiSiSiSiSiSiSiSiSiSiSiSiSiSiSiSiSiSiSiSiSiSiSiSiSi
           6 Ge    -7748.43555    
GeGeGeSiSiGeGeSiSiSiSiSiSiSiSiSiSiSiSiGeSiSiSiSiSiSiSiSiSiSiSiSiSiSiSiSiSiSiSiSiSiSiSiSiSiSiSiSiSiSiSiSiSiSiSiSiSiSiSiSi
           7 Ge    -7813.48340    
GeGeGeSiSiGeGeGeSiSiSiSiSiSiSiSiSiSiSiGeSiSiSiSiSiSiSiSiSiSiSiSiSiSiSiSiSiSiSiSiSiSiSiSiSiSiSiSiSiSiSiSiSiSiSiSiSiSiSiSi
           8 Ge    -7903.61670    
GeGeGeSiSiGeGeGeSiSiSiGeSiSiSiSiSiSiSiGeSiSiSiSiSiSiSiSiSiSiSiSiSiSiSiSiSiSiSiSiSiSiSiSiSiSiSiSiSiSiSiSiSiSiSiSiSiSiSiSi
          12 Ge    -8080.13867    
GeGeGeSiSiGeGeGeSiSiSiGeSiGeSiSiSiSiSiGeSiSiSiSiSiSiSiSiSiSiSiSiSiSiSiSiSiSiSiSiSiSiSiSiSiSiSiSiSiSiSiSiSiSiSiSiSiSiSiSi
          14 Ge    -8303.52930    
GeGeGeSiSiGeGeGeSiSiSiGeSiGeSiGeSiSiSiGeSiSiSiSiSiSiSiSiSiSiSiSiSiSiSiSiSiSiSiSiSiSiSiSiSiSiSiSiSiSiSiSiSiSiSiSiSiSiSiSi
          16 Ge    -8569.30469    
GeGeGeSiSiGeGeGeSiSiSiGeSiGeSiGeSiSiSiGeSiSiSiSiGeSiSiSiSiSiSiSiSiSiSiSiSiSiSiSiSiSiSiSiSiSiSiSiSiSiSiSiSiSiSiSiSiSiSiSi
          25 Ge    -8876.31836    
GeGeGeSiSiGeGeGeSiSiSiGeSiGeSiGeSiSiSiGeSiSiSiSiGeGeSiSiSiSiSiSiSiSiSiSiSiSiSiSiSiSiSiSiSiSiSiSiSiSiSiSiSiSiSiSiSiSiSiSi
          26 Ge    -8406.24219    
GeGeGeSiSiGeGeGeSiSiSiGeSiGeSiGeSiSiSiGeSiSiSiSiGeGeSiSiSiGeSiSiSiSiSiSiSiSiSiSiSiSiSiSiSiSiSiSiSiSiSiSiSiSiSiSiSiSiSiSi
          30 Ge    -7098.04248    
GeGeGeSiSiGeGeGeSiSiSiGeSiGeSiGeSiSiSiGeSiSiSiSiGeGeSiSiSiGeSiSiGeSiSiSiSiSiSiSiSiSiSiSiSiSiSiSiSiSiSiSiSiSiSiSiSiSiSiSi
          33 Ge    -7551.66504    
GeGeGeSiSiGeGeGeSiSiSiGeSiGeSiGeSiSiSiGeSiSiSiSiGeGeSiSiSiGeSiSiGeSiSiSiSiSiGeSiSiSiSiSiSiSiSiSiSiSiSiSiSiSiSiSiSiSiSiSi
          39 Ge    -8052.17188    
GeGeGeSiSiGeGeGeSiSiSiGeSiGeSiGeSiSiSiGeSiSiSiSiGeGeSiSiSiGeSiSiGeSiSiSiSiSiGeGeSiSiSiSiSiSiSiSiSiSiSiSiSiSiSiSiSiSiSiSi
          40 Ge    -8585.57910    
GeGeGeSiSiGeGeGeSiSiSiGeSiGeSiGeSiSiSiGeSiSiSiSiGeGeSiSiSiGeSiSiGeSiSiSiSiSiGeGeGeSiSiSiSiSiSiSiSiSiSiSiSiSiSiSiSiSiSiSi
          41 Ge    -9167.61523    
GeGeGeSiSiGeGeGeSiSiSiGeSiGeSiGeSiSiSiGeSiSiSiSiGeGeSiSiSiGeSiSiGeSiSiSiSiSiGeGeGeGeSiSiSiSiSiSiSiSiSiSiSiSiSiSiSiSiSiSi
          42 Ge    -7155.66650    
GeGeGeSiSiGeGeGeSiSiSiGeSiGeSiGeSiSiSiGeSiSiSiSiGeGeSiSiSiGeSiSiGeSiSiSiSiSiGeGeGeGeSiSiSiGeSiSiSiSiSiSiSiSiSiSiSiSiSiSi
          46 Ge    -7537.55908    
GeGeGeSiSiGeGeGeSiSiSiGeSiGeSiGeSiSiSiGeSiSiSiSiGeGeSiSiSiGeSiSiGeSiSiSiSiSiGeGeGeGeSiSiSiGeSiSiSiSiSiSiSiSiSiSiGeSiSiSi
          57 Ge    -9252.25586    
GeGeGeSiSiGeGeGeSiSiSiGeSiGeSiGeSiSiSiGeSiSiSiSiGeGeSiSiSiGeSiSiGeSiSiSiSiSiGeGeGeGeSiSiSiGeSiSiSiSiSiSiSiSiSiSiGeSiSiGe
          60 Ge    -9786.89355    
GeGeGeSiSiGeGeGeSiGeSiGeSiGeSiGeSiSiSiGeSiSiSiSiGeGeSiSiSiGeSiSiGeSiSiSiSiSiGeGeGeGeSiSiSiGeSiSiSiSiSiSiSiSiSiSiGeSiSiGe
          10 Ge    -9426.98145    
GeGeGeSiSiGeGeGeSiGeGeGeSiGeSiGeSiSiSiGeSiSiSiSiGeGeSiSiSiGeSiSiGeSiSiSiSiSiGeGeGeGeSiSiSiGeSiSiSiSiSiSiSiSiSiSiGeSiSiGe
          11 Ge    -9994.75879    
GeGeGeSiSiGeGeGeSiGeGeGeGeGeSiGeSiSiSiGeSiSiSiSiGeGeSiSiSiGeSiSiGeSiSiSiSiSiGeGeGeGeSiSiSiGeSiSiSiSiSiSiSiSiSiSiGeSiSiGe
          13 Ge    -7873.94238    
GeGeGeSiSiGeGeGeSiGeGeGeGeGeGeGeSiSiSiGeSiSiSiSiGeGeSiSiSiGeSiSiGeSiSiSiSiSiGeGeGeGeSiSiSiGeSiSiSiSiSiSiSiSiSiSiGeSiSiGe
          15 Ge    -6522.20020    
GeGeGeSiSiGeGeGeSiGeGeGeGeGeGeGeSiGeSiGeSiSiSiSiGeGeSiSiSiGeSiSiGeSiSiSiSiSiGeGeGeGeSiSiSiGeSiSiSiSiSiSiSiSiSiSiGeSiSiGe
          18 Ge     821.654785    
GeGeGeSiSiGeGeGeSiGeGeGeGeGeGeGeSiGeSiGeSiSiGeSiGeGeSiSiSiGeSiSiGeSiSiSiSiSiGeGeGeGeSiSiSiGeSiSiSiSiSiSiSiSiSiSiGeSiSiGe
          23 Ge     3403.07471    
GeGeGeSiSiGeGeGeSiGeGeGeGeGeGeGeSiGeSiGeSiSiGeGeGeGeSiSiSiGeSiSiGeSiSiSiSiSiGeGeGeGeSiSiSiGeSiSiSiSiSiSiSiSiSiSiGeSiSiGe
          24 Ge     11226.1592    
GeGeGeSiSiGeGeGeSiGeGeGeGeGeGeGeSiGeSiGeSiSiGeGeGeGeSiSiSiGeSiSiGeSiSiGeSiSiGeGeGeGeSiSiSiGeSiSiSiSiSiSiSiSiSiSiGeSiSiGe
          36 Ge     15197.3350    
GeGeGeSiSiGeGeGeSiGeGeGeGeGeGeGeSiGeSiGeSiSiGeGeGeGeSiSiSiGeSiSiGeSiSiGeSiSiGeGeGeGeSiSiGeGeSiSiSiSiSiSiSiSiSiSiGeSiSiGe
          45 Ge     18284.8750    
GeGeGeSiSiGeGeGeSiGeGeGeGeGeGeGeSiGeSiGeSiSiGeGeGeGeSiSiSiGeSiSiGeSiSiGeSiSiGeGeGeGeSiSiGeGeSiSiSiSiGeSiSiSiSiSiGeSiSiGe
          51 Ge     18862.0195    
==============================================
MonteCarlo: Metropolis with identity changes
Si > Ge, Ge > Si. STOP when occurrence <    0.00000
==============================================
Cost_function     Occurrence %     Scan-Cost
    -9753.9482421875 GeGeSiSiGeGeGeSiGeGeGeGeSiSiGeSiSiSiSiSiGeGeGeSiGeSiSiGeSiSiSiGeGeSiSiGeGeGeSiSiGeGeGeGeSiSiGeSiSiGeGeSiSiSiSiGeGeGeGeSi
   -14612.0224609375 GeGeSiSiGeGeGeSiGeGeSiGeSiSiGeSiSiSiSiSiGeGeGeSiGeSiGeGeSiSiSiGeGeGeSiGeGeGeSiGeGeGeGeSiSiSiGeSiSiGeSiSiSiSiSiGeGeGeGeSi
   -14612.0224609375 GeGeSiSiGeGeGeSiGeGeSiGeSiSiGeSiSiSiSiSiGeGeGeSiGeSiGeGeSiSiSiGeGeGeSiGeGeGeSiGeGeGeGeSiSiSiGeSiSiGeSiSiSiSiSiGeGeGeGeSi
   -14671.9248046875 GeGeSiSiGeGeGeSiGeGeSiGeSiSiGeSiSiSiSiSiGeGeGeSiGeSiSiGeSiSiGeGeGeGeSiGeGeGeSiGeGeGeSiSiSiSiGeSiSiGeGeSiSiSiSiGeGeGeGeSi
   -15567.3134765625 GeGeSiSiGeGeSiSiGeGeSiGeSiSiGeSiSiGeSiSiGeGeGeSiGeSiSiGeSiSiGeGeGeGeSiGeGeGeSiGeGeSiSiSiSiSiSiSiSiGeGeGeSiGeSiGeGeGeGeSi
   -17702.8515625000 GeGeSiGeGeGeGeSiGeGeSiGeSiSiGeSiSiGeSiSiGeSiGeSiGeSiSiGeSiSiGeSiSiGeSiGeSiSiSiGeGeGeSiSiGeSiSiGeGeSiGeGeSiGeSiGeGeGeGeSi
   -18749.5390625000 GeGeSiGeGeGeGeSiGeGeSiGeSiGeGeSiSiGeSiGeGeSiGeSiGeSiSiGeSiSiGeSiSiGeSiGeSiSiSiGeGeGeSiSiGeSiSiSiGeSiGeGeSiGeSiSiGeGeGeSi
   -19040.2812500000 GeGeSiGeGeSiGeSiGeGeSiGeSiGeGeSiSiGeSiGeGeSiGeSiGeSiSiGeSiSiGeSiSiGeSiGeSiGeSiGeGeGeSiSiGeSiSiSiGeSiGeGeSiGeSiSiGeGeGeSi
   -19040.2812500000 GeGeSiGeGeSiGeSiGeGeSiGeSiGeGeSiSiGeSiGeGeSiGeSiGeSiSiGeSiSiGeSiSiGeSiGeSiGeSiGeGeGeSiSiGeSiSiSiGeSiGeGeSiGeSiSiGeGeGeSi
   -20230.5273437500 GeGeSiGeGeSiGeSiGeGeSiGeSiGeGeGeSiGeSiGeGeSiGeSiGeSiSiGeSiSiSiSiSiGeSiSiSiGeSiGeGeGeSiSiGeSiSiSiGeSiGeGeSiGeGeSiGeGeGeSi
   -20230.5273437500 GeGeSiGeGeSiGeSiGeGeSiGeSiGeGeGeSiGeSiGeGeSiGeSiGeSiSiGeSiSiSiSiSiGeSiSiSiGeSiGeGeGeSiSiGeSiSiSiGeSiGeGeSiGeGeSiGeGeGeSi
   -23231.4687500000 GeSiSiGeGeSiGeSiGeGeGeGeSiGeSiGeSiGeSiGeGeSiGeSiGeGeSiGeSiSiSiSiSiSiGeSiSiGeSiSiGeGeGeSiGeGeSiSiGeSiGeGeSiSiGeGeSiGeGeSi
   -24461.2109375000 GeSiGeGeGeSiGeSiGeGeGeSiSiGeSiGeSiGeSiGeGeSiGeSiGeGeSiGeSiSiSiSiSiSiSiSiSiGeSiSiGeGeGeSiGeGeSiSiGeSiGeGeSiSiGeGeSiGeGeGe
   -24461.2109375000 GeSiGeGeGeSiGeSiGeGeGeSiSiGeSiGeSiGeSiGeGeSiGeSiGeGeSiGeSiSiSiSiSiSiSiSiSiGeSiSiGeGeGeSiGeGeSiSiGeSiGeGeSiSiGeGeSiGeGeGe
   -24461.2109375000 GeSiGeGeGeSiGeSiGeGeGeSiSiGeSiGeSiGeSiGeGeSiGeSiGeGeSiGeSiSiSiSiSiSiSiSiSiGeSiSiGeGeGeSiGeGeSiSiGeSiGeGeSiSiGeGeSiGeGeGe
   -24461.2109375000 GeSiGeGeGeSiGeSiGeGeGeSiSiGeSiGeSiGeSiGeGeSiGeSiGeGeSiGeSiSiSiSiSiSiSiSiSiGeSiSiGeGeGeSiGeGeSiSiGeSiGeGeSiSiGeGeSiGeGeGe
   -24461.2109375000 GeSiGeGeGeSiGeSiGeGeGeSiSiGeSiGeSiGeSiGeGeSiGeSiGeGeSiGeSiSiSiSiSiSiSiSiSiGeSiSiGeGeGeSiGeGeSiSiGeSiGeGeSiSiGeGeSiGeGeGe
   -24461.2109375000 GeSiGeGeGeSiGeSiGeGeGeSiSiGeSiGeSiGeSiGeGeSiGeSiGeGeSiGeSiSiSiSiSiSiSiSiSiGeSiSiGeGeGeSiGeGeSiSiGeSiGeGeSiSiGeGeSiGeGeGe
   -24461.2109375000 GeSiGeGeGeSiGeSiGeGeGeSiSiGeSiGeSiGeSiGeGeSiGeSiGeGeSiGeSiSiSiSiSiSiSiSiSiGeSiSiGeGeGeSiGeGeSiSiGeSiGeGeSiSiGeGeSiGeGeGe
   -24461.2109375000 GeSiGeGeGeSiGeSiGeGeGeSiSiGeSiGeSiGeSiGeGeSiGeSiGeGeSiGeSiSiSiSiSiSiSiSiSiGeSiSiGeGeGeSiGeGeSiSiGeSiGeGeSiSiGeGeSiGeGeGe
   -24652.3671875000 GeSiSiGeGeSiGeSiGeGeGeSiSiGeGeGeSiGeSiGeGeSiGeSiGeGeSiGeSiSiSiSiSiSiSiSiSiGeSiSiGeGeGeSiGeGeSiSiGeSiGeGeSiSiGeGeSiGeGeGe
   -24652.3671875000 GeSiSiGeGeSiGeSiGeGeGeSiSiGeGeGeSiGeSiGeGeSiGeSiGeGeSiGeSiSiSiSiSiSiSiSiSiGeSiSiGeGeGeSiGeGeSiSiGeSiGeGeSiSiGeGeSiGeGeGe
   -27210.6796875000 GeSiSiGeGeSiGeSiSiGeGeSiSiGeGeGeSiGeSiGeGeSiGeSiGeGeSiGeSiSiSiSiSiSiGeSiSiGeSiSiGeGeGeSiGeGeSiSiGeSiGeGeSiSiGeGeSiGeGeGe
   -27210.6796875000 GeSiSiGeGeSiGeSiSiGeGeSiSiGeGeGeSiGeSiGeGeSiGeSiGeGeSiGeSiSiSiSiSiSiGeSiSiGeSiSiGeGeGeSiGeGeSiSiGeSiGeGeSiSiGeGeSiGeGeGe
   -27210.6796875000 GeSiSiGeGeSiGeSiSiGeGeSiSiGeGeGeSiGeSiGeGeSiGeSiGeGeSiGeSiSiSiSiSiSiGeSiSiGeSiSiGeGeGeSiGeGeSiSiGeSiGeGeSiSiGeGeSiGeGeGe
   -27210.6796875000 GeSiSiGeGeSiGeSiSiGeGeSiSiGeGeGeSiGeSiGeGeSiGeSiGeGeSiGeSiSiSiSiSiSiGeSiSiGeSiSiGeGeGeSiGeGeSiSiGeSiGeGeSiSiGeGeSiGeGeGe
   -27210.6796875000 GeSiSiGeGeSiGeSiSiGeGeSiSiGeGeGeSiGeSiGeGeSiGeSiGeGeSiGeSiSiSiSiSiSiGeSiSiGeSiSiGeGeGeSiGeGeSiSiGeSiGeGeSiSiGeGeSiGeGeGe
   -27210.6796875000 GeSiSiGeGeSiGeSiSiGeGeSiSiGeGeGeSiGeSiGeGeSiGeSiGeGeSiGeSiSiSiSiSiSiGeSiSiGeSiSiGeGeGeSiGeGeSiSiGeSiGeGeSiSiGeGeSiGeGeGe
   -27210.6796875000 GeSiSiGeGeSiGeSiSiGeGeSiSiGeGeGeSiGeSiGeGeSiGeSiGeGeSiGeSiSiSiSiSiSiGeSiSiGeSiSiGeGeGeSiGeGeSiSiGeSiGeGeSiSiGeGeSiGeGeGe
   -27210.6796875000 GeSiSiGeGeSiGeSiSiGeGeSiSiGeGeGeSiGeSiGeGeSiGeSiGeGeSiGeSiSiSiSiSiSiGeSiSiGeSiSiGeGeGeSiGeGeSiSiGeSiGeGeSiSiGeGeSiGeGeGe
   -27210.6796875000 GeSiSiGeGeSiGeSiSiGeGeSiSiGeGeGeSiGeSiGeGeSiGeSiGeGeSiGeSiSiSiSiSiSiGeSiSiGeSiSiGeGeGeSiGeGeSiSiGeSiGeGeSiSiGeGeSiGeGeGe
   -27210.6796875000 GeSiSiGeGeSiGeSiSiGeGeSiSiGeGeGeSiGeSiGeGeSiGeSiGeGeSiGeSiSiSiSiSiSiGeSiSiGeSiSiGeGeGeSiGeGeSiSiGeSiGeGeSiSiGeGeSiGeGeGe
   -30811.4023437500 GeSiSiGeGeSiGeSiSiGeGeSiGeGeGeGeSiGeSiGeGeSiGeSiGeGeSiGeSiSiSiSiSiSiGeSiSiGeSiSiGeGeGeSiGeSiSiSiGeSiGeGeSiSiGeGeSiGeGeGe
   -30811.4023437500 GeSiSiGeGeSiGeSiSiGeGeSiGeGeGeGeSiGeSiGeGeSiGeSiGeGeSiGeSiSiSiSiSiSiGeSiSiGeSiSiGeGeGeSiGeSiSiSiGeSiGeGeSiSiGeGeSiGeGeGe
   -30811.4023437500 GeSiSiGeGeSiGeSiSiGeGeSiGeGeGeGeSiGeSiGeGeSiGeSiGeGeSiGeSiSiSiSiSiSiGeSiSiGeSiSiGeGeGeSiGeSiSiSiGeSiGeGeSiSiGeGeSiGeGeGe
   -30811.4023437500 GeSiSiGeGeSiGeSiSiGeGeSiGeGeGeGeSiGeSiGeGeSiGeSiGeGeSiGeSiSiSiSiSiSiGeSiSiGeSiSiGeGeGeSiGeSiSiSiGeSiGeGeSiSiGeGeSiGeGeGe
   -30811.4023437500 GeSiSiGeGeSiGeSiSiGeGeSiGeGeGeGeSiGeSiGeGeSiGeSiGeGeSiGeSiSiSiSiSiSiGeSiSiGeSiSiGeGeGeSiGeSiSiSiGeSiGeGeSiSiGeGeSiGeGeGe
   -30811.4023437500 GeSiSiGeGeSiGeSiSiGeGeSiGeGeGeGeSiGeSiGeGeSiGeSiGeGeSiGeSiSiSiSiSiSiGeSiSiGeSiSiGeGeGeSiGeSiSiSiGeSiGeGeSiSiGeGeSiGeGeGe
   -30811.4023437500 GeSiSiGeGeSiGeSiSiGeGeSiGeGeGeGeSiGeSiGeGeSiGeSiGeGeSiGeSiSiSiSiSiSiGeSiSiGeSiSiGeGeGeSiGeSiSiSiGeSiGeGeSiSiGeGeSiGeGeGe
   -30811.4023437500 GeSiSiGeGeSiGeSiSiGeGeSiGeGeGeGeSiGeSiGeGeSiGeSiGeGeSiGeSiSiSiSiSiSiGeSiSiGeSiSiGeGeGeSiGeSiSiSiGeSiGeGeSiSiGeGeSiGeGeGe
   -30811.4023437500 GeSiSiGeGeSiGeSiSiGeGeSiGeGeGeGeSiGeSiGeGeSiGeSiGeGeSiGeSiSiSiSiSiSiGeSiSiGeSiSiGeGeGeSiGeSiSiSiGeSiGeGeSiSiGeGeSiGeGeGe
   -30811.4023437500 GeSiSiGeGeSiGeSiSiGeGeSiGeGeGeGeSiGeSiGeGeSiGeSiGeGeSiGeSiSiSiSiSiSiGeSiSiGeSiSiGeGeGeSiGeSiSiSiGeSiGeGeSiSiGeGeSiGeGeGe
   -30811.4023437500 GeSiSiGeGeSiGeSiSiGeGeSiGeGeGeGeSiGeSiGeGeSiGeSiGeGeSiGeSiSiSiSiSiSiGeSiSiGeSiSiGeGeGeSiGeSiSiSiGeSiGeGeSiSiGeGeSiGeGeGe
   -30811.4023437500 GeSiSiGeGeSiGeSiSiGeGeSiGeGeGeGeSiGeSiGeGeSiGeSiGeGeSiGeSiSiSiSiSiSiGeSiSiGeSiSiGeGeGeSiGeSiSiSiGeSiGeGeSiSiGeGeSiGeGeGe
   -30811.4023437500 GeSiSiGeGeSiGeSiSiGeGeSiGeGeGeGeSiGeSiGeGeSiGeSiGeGeSiGeSiSiSiSiSiSiGeSiSiGeSiSiGeGeGeSiGeSiSiSiGeSiGeGeSiSiGeGeSiGeGeGe
   -30811.4023437500 GeSiSiGeGeSiGeSiSiGeGeSiGeGeGeGeSiGeSiGeGeSiGeSiGeGeSiGeSiSiSiSiSiSiGeSiSiGeSiSiGeGeGeSiGeSiSiSiGeSiGeGeSiSiGeGeSiGeGeGe
   -30811.4023437500 GeSiSiGeGeSiGeSiSiGeGeSiGeGeGeGeSiGeSiGeGeSiGeSiGeGeSiGeSiSiSiSiSiSiGeSiSiGeSiSiGeGeGeSiGeSiSiSiGeSiGeGeSiSiGeGeSiGeGeGe
   -30811.4023437500 GeSiSiGeGeSiGeSiSiGeGeSiGeGeGeGeSiGeSiGeGeSiGeSiGeGeSiGeSiSiSiSiSiSiGeSiSiGeSiSiGeGeGeSiGeSiSiSiGeSiGeGeSiSiGeGeSiGeGeGe
   -30811.4023437500 GeSiSiGeGeSiGeSiSiGeGeSiGeGeGeGeSiGeSiGeGeSiGeSiGeGeSiGeSiSiSiSiSiSiGeSiSiGeSiSiGeGeGeSiGeSiSiSiGeSiGeGeSiSiGeGeSiGeGeGe
   -30811.4023437500 GeSiSiGeGeSiGeSiSiGeGeSiGeGeGeGeSiGeSiGeGeSiGeSiGeGeSiGeSiSiSiSiSiSiGeSiSiGeSiSiGeGeGeSiGeSiSiSiGeSiGeGeSiSiGeGeSiGeGeGe
   -30811.4023437500 GeSiSiGeGeSiGeSiSiGeGeSiGeGeGeGeSiGeSiGeGeSiGeSiGeGeSiGeSiSiSiSiSiSiGeSiSiGeSiSiGeGeGeSiGeSiSiSiGeSiGeGeSiSiGeGeSiGeGeGe
   -30811.4023437500 GeSiSiGeGeSiGeSiSiGeGeSiGeGeGeGeSiGeSiGeGeSiGeSiGeGeSiGeSiSiSiSiSiSiGeSiSiGeSiSiGeGeGeSiGeSiSiSiGeSiGeGeSiSiGeGeSiGeGeGe
   -30811.4023437500 GeSiSiGeGeSiGeSiSiGeGeSiGeGeGeGeSiGeSiGeGeSiGeSiGeGeSiGeSiSiSiSiSiSiGeSiSiGeSiSiGeGeGeSiGeSiSiSiGeSiGeGeSiSiGeGeSiGeGeGe
   -30811.4023437500 GeSiSiGeGeSiGeSiSiGeGeSiGeGeGeGeSiGeSiGeGeSiGeSiGeGeSiGeSiSiSiSiSiSiGeSiSiGeSiSiGeGeGeSiGeSiSiSiGeSiGeGeSiSiGeGeSiGeGeGe
   -30811.4023437500 GeSiSiGeGeSiGeSiSiGeGeSiGeGeGeGeSiGeSiGeGeSiGeSiGeGeSiGeSiSiSiSiSiSiGeSiSiGeSiSiGeGeGeSiGeSiSiSiGeSiGeGeSiSiGeGeSiGeGeGe
   -30811.4023437500 GeSiSiGeGeSiGeSiSiGeGeSiGeGeGeGeSiGeSiGeGeSiGeSiGeGeSiGeSiSiSiSiSiSiGeSiSiGeSiSiGeGeGeSiGeSiSiSiGeSiGeGeSiSiGeGeSiGeGeGe
   -30811.4023437500 GeSiSiGeGeSiGeSiSiGeGeSiGeGeGeGeSiGeSiGeGeSiGeSiGeGeSiGeSiSiSiSiSiSiGeSiSiGeSiSiGeGeGeSiGeSiSiSiGeSiGeGeSiSiGeGeSiGeGeGe
   -30811.4023437500 GeSiSiGeGeSiGeSiSiGeGeSiGeGeGeGeSiGeSiGeGeSiGeSiGeGeSiGeSiSiSiSiSiSiGeSiSiGeSiSiGeGeGeSiGeSiSiSiGeSiGeGeSiSiGeGeSiGeGeGe
   -30811.4023437500 GeSiSiGeGeSiGeSiSiGeGeSiGeGeGeGeSiGeSiGeGeSiGeSiGeGeSiGeSiSiSiSiSiSiGeSiSiGeSiSiGeGeGeSiGeSiSiSiGeSiGeGeSiSiGeGeSiGeGeGe
   -30811.4023437500 GeSiSiGeGeSiGeSiSiGeGeSiGeGeGeGeSiGeSiGeGeSiGeSiGeGeSiGeSiSiSiSiSiSiGeSiSiGeSiSiGeGeGeSiGeSiSiSiGeSiGeGeSiSiGeGeSiGeGeGe
   -30811.4023437500 GeSiSiGeGeSiGeSiSiGeGeSiGeGeGeGeSiGeSiGeGeSiGeSiGeGeSiGeSiSiSiSiSiSiGeSiSiGeSiSiGeGeGeSiGeSiSiSiGeSiGeGeSiSiGeGeSiGeGeGe
   -30811.4023437500 GeSiSiGeGeSiGeSiSiGeGeSiGeGeGeGeSiGeSiGeGeSiGeSiGeGeSiGeSiSiSiSiSiSiGeSiSiGeSiSiGeGeGeSiGeSiSiSiGeSiGeGeSiSiGeGeSiGeGeGe
   -30811.4023437500 GeSiSiGeGeSiGeSiSiGeGeSiGeGeGeGeSiGeSiGeGeSiGeSiGeGeSiGeSiSiSiSiSiSiGeSiSiGeSiSiGeGeGeSiGeSiSiSiGeSiGeGeSiSiGeGeSiGeGeGe
   -30811.4023437500 GeSiSiGeGeSiGeSiSiGeGeSiGeGeGeGeSiGeSiGeGeSiGeSiGeGeSiGeSiSiSiSiSiSiGeSiSiGeSiSiGeGeGeSiGeSiSiSiGeSiGeGeSiSiGeGeSiGeGeGe
   -30811.4023437500 GeSiSiGeGeSiGeSiSiGeGeSiGeGeGeGeSiGeSiGeGeSiGeSiGeGeSiGeSiSiSiSiSiSiGeSiSiGeSiSiGeGeGeSiGeSiSiSiGeSiGeGeSiSiGeGeSiGeGeGe
   -30811.4023437500 GeSiSiGeGeSiGeSiSiGeGeSiGeGeGeGeSiGeSiGeGeSiGeSiGeGeSiGeSiSiSiSiSiSiGeSiSiGeSiSiGeGeGeSiGeSiSiSiGeSiGeGeSiSiGeGeSiGeGeGe
   -30811.4023437500 GeSiSiGeGeSiGeSiSiGeGeSiGeGeGeGeSiGeSiGeGeSiGeSiGeGeSiGeSiSiSiSiSiSiGeSiSiGeSiSiGeGeGeSiGeSiSiSiGeSiGeGeSiSiGeGeSiGeGeGe
   -30811.4023437500 GeSiSiGeGeSiGeSiSiGeGeSiGeGeGeGeSiGeSiGeGeSiGeSiGeGeSiGeSiSiSiSiSiSiGeSiSiGeSiSiGeGeGeSiGeSiSiSiGeSiGeGeSiSiGeGeSiGeGeGe
   -30811.4023437500 GeSiSiGeGeSiGeSiSiGeGeSiGeGeGeGeSiGeSiGeGeSiGeSiGeGeSiGeSiSiSiSiSiSiGeSiSiGeSiSiGeGeGeSiGeSiSiSiGeSiGeGeSiSiGeGeSiGeGeGe
   -30811.4023437500 GeSiSiGeGeSiGeSiSiGeGeSiGeGeGeGeSiGeSiGeGeSiGeSiGeGeSiGeSiSiSiSiSiSiGeSiSiGeSiSiGeGeGeSiGeSiSiSiGeSiGeGeSiSiGeGeSiGeGeGe
   -30811.4023437500 GeSiSiGeGeSiGeSiSiGeGeSiGeGeGeGeSiGeSiGeGeSiGeSiGeGeSiGeSiSiSiSiSiSiGeSiSiGeSiSiGeGeGeSiGeSiSiSiGeSiGeGeSiSiGeGeSiGeGeGe
   -30811.4023437500 GeSiSiGeGeSiGeSiSiGeGeSiGeGeGeGeSiGeSiGeGeSiGeSiGeGeSiGeSiSiSiSiSiSiGeSiSiGeSiSiGeGeGeSiGeSiSiSiGeSiGeGeSiSiGeGeSiGeGeGe
   -30811.4023437500 GeSiSiGeGeSiGeSiSiGeGeSiGeGeGeGeSiGeSiGeGeSiGeSiGeGeSiGeSiSiSiSiSiSiGeSiSiGeSiSiGeGeGeSiGeSiSiSiGeSiGeGeSiSiGeGeSiGeGeGe
   -30811.4023437500 GeSiSiGeGeSiGeSiSiGeGeSiGeGeGeGeSiGeSiGeGeSiGeSiGeGeSiGeSiSiSiSiSiSiGeSiSiGeSiSiGeGeGeSiGeSiSiSiGeSiGeGeSiSiGeGeSiGeGeGe
   -30811.4023437500 GeSiSiGeGeSiGeSiSiGeGeSiGeGeGeGeSiGeSiGeGeSiGeSiGeGeSiGeSiSiSiSiSiSiGeSiSiGeSiSiGeGeGeSiGeSiSiSiGeSiGeGeSiSiGeGeSiGeGeGe
   -30811.4023437500 GeSiSiGeGeSiGeSiSiGeGeSiGeGeGeGeSiGeSiGeGeSiGeSiGeGeSiGeSiSiSiSiSiSiGeSiSiGeSiSiGeGeGeSiGeSiSiSiGeSiGeGeSiSiGeGeSiGeGeGe
   -30811.4023437500 GeSiSiGeGeSiGeSiSiGeGeSiGeGeGeGeSiGeSiGeGeSiGeSiGeGeSiGeSiSiSiSiSiSiGeSiSiGeSiSiGeGeGeSiGeSiSiSiGeSiGeGeSiSiGeGeSiGeGeGe
   -30811.4023437500 GeSiSiGeGeSiGeSiSiGeGeSiGeGeGeGeSiGeSiGeGeSiGeSiGeGeSiGeSiSiSiSiSiSiGeSiSiGeSiSiGeGeGeSiGeSiSiSiGeSiGeGeSiSiGeGeSiGeGeGe
   -30811.4023437500 GeSiSiGeGeSiGeSiSiGeGeSiGeGeGeGeSiGeSiGeGeSiGeSiGeGeSiGeSiSiSiSiSiSiGeSiSiGeSiSiGeGeGeSiGeSiSiSiGeSiGeGeSiSiGeGeSiGeGeGe
   -30811.4023437500 GeSiSiGeGeSiGeSiSiGeGeSiGeGeGeGeSiGeSiGeGeSiGeSiGeGeSiGeSiSiSiSiSiSiGeSiSiGeSiSiGeGeGeSiGeSiSiSiGeSiGeGeSiSiGeGeSiGeGeGe
   -30811.4023437500 GeSiSiGeGeSiGeSiSiGeGeSiGeGeGeGeSiGeSiGeGeSiGeSiGeGeSiGeSiSiSiSiSiSiGeSiSiGeSiSiGeGeGeSiGeSiSiSiGeSiGeGeSiSiGeGeSiGeGeGe
   -30811.4023437500 GeSiSiGeGeSiGeSiSiGeGeSiGeGeGeGeSiGeSiGeGeSiGeSiGeGeSiGeSiSiSiSiSiSiGeSiSiGeSiSiGeGeGeSiGeSiSiSiGeSiGeGeSiSiGeGeSiGeGeGe
   -30811.4023437500 GeSiSiGeGeSiGeSiSiGeGeSiGeGeGeGeSiGeSiGeGeSiGeSiGeGeSiGeSiSiSiSiSiSiGeSiSiGeSiSiGeGeGeSiGeSiSiSiGeSiGeGeSiSiGeGeSiGeGeGe
   -30811.4023437500 GeSiSiGeGeSiGeSiSiGeGeSiGeGeGeGeSiGeSiGeGeSiGeSiGeGeSiGeSiSiSiSiSiSiGeSiSiGeSiSiGeGeGeSiGeSiSiSiGeSiGeGeSiSiGeGeSiGeGeGe
   -30811.4023437500 GeSiSiGeGeSiGeSiSiGeGeSiGeGeGeGeSiGeSiGeGeSiGeSiGeGeSiGeSiSiSiSiSiSiGeSiSiGeSiSiGeGeGeSiGeSiSiSiGeSiGeGeSiSiGeGeSiGeGeGe
   -30811.4023437500 GeSiSiGeGeSiGeSiSiGeGeSiGeGeGeGeSiGeSiGeGeSiGeSiGeGeSiGeSiSiSiSiSiSiGeSiSiGeSiSiGeGeGeSiGeSiSiSiGeSiGeGeSiSiGeGeSiGeGeGe
   -30811.4023437500 GeSiSiGeGeSiGeSiSiGeGeSiGeGeGeGeSiGeSiGeGeSiGeSiGeGeSiGeSiSiSiSiSiSiGeSiSiGeSiSiGeGeGeSiGeSiSiSiGeSiGeGeSiSiGeGeSiGeGeGe
   -30811.4023437500 GeSiSiGeGeSiGeSiSiGeGeSiGeGeGeGeSiGeSiGeGeSiGeSiGeGeSiGeSiSiSiSiSiSiGeSiSiGeSiSiGeGeGeSiGeSiSiSiGeSiGeGeSiSiGeGeSiGeGeGe
   -30811.4023437500 GeSiSiGeGeSiGeSiSiGeGeSiGeGeGeGeSiGeSiGeGeSiGeSiGeGeSiGeSiSiSiSiSiSiGeSiSiGeSiSiGeGeGeSiGeSiSiSiGeSiGeGeSiSiGeGeSiGeGeGe
   -30811.4023437500 GeSiSiGeGeSiGeSiSiGeGeSiGeGeGeGeSiGeSiGeGeSiGeSiGeGeSiGeSiSiSiSiSiSiGeSiSiGeSiSiGeGeGeSiGeSiSiSiGeSiGeGeSiSiGeGeSiGeGeGe
   -30811.4023437500 GeSiSiGeGeSiGeSiSiGeGeSiGeGeGeGeSiGeSiGeGeSiGeSiGeGeSiGeSiSiSiSiSiSiGeSiSiGeSiSiGeGeGeSiGeSiSiSiGeSiGeGeSiSiGeGeSiGeGeGe
   -30811.4023437500 GeSiSiGeGeSiGeSiSiGeGeSiGeGeGeGeSiGeSiGeGeSiGeSiGeGeSiGeSiSiSiSiSiSiGeSiSiGeSiSiGeGeGeSiGeSiSiSiGeSiGeGeSiSiGeGeSiGeGeGe
   -30811.4023437500 GeSiSiGeGeSiGeSiSiGeGeSiGeGeGeGeSiGeSiGeGeSiGeSiGeGeSiGeSiSiSiSiSiSiGeSiSiGeSiSiGeGeGeSiGeSiSiSiGeSiGeGeSiSiGeGeSiGeGeGe
   -30811.4023437500 GeSiSiGeGeSiGeSiSiGeGeSiGeGeGeGeSiGeSiGeGeSiGeSiGeGeSiGeSiSiSiSiSiSiGeSiSiGeSiSiGeGeGeSiGeSiSiSiGeSiGeGeSiSiGeGeSiGeGeGe
   -30811.4023437500 GeSiSiGeGeSiGeSiSiGeGeSiGeGeGeGeSiGeSiGeGeSiGeSiGeGeSiGeSiSiSiSiSiSiGeSiSiGeSiSiGeGeGeSiGeSiSiSiGeSiGeGeSiSiGeGeSiGeGeGe
   -30811.4023437500 GeSiSiGeGeSiGeSiSiGeGeSiGeGeGeGeSiGeSiGeGeSiGeSiGeGeSiGeSiSiSiSiSiSiGeSiSiGeSiSiGeGeGeSiGeSiSiSiGeSiGeGeSiSiGeGeSiGeGeGe
   -30811.4023437500 GeSiSiGeGeSiGeSiSiGeGeSiGeGeGeGeSiGeSiGeGeSiGeSiGeGeSiGeSiSiSiSiSiSiGeSiSiGeSiSiGeGeGeSiGeSiSiSiGeSiGeGeSiSiGeGeSiGeGeGe
   -30811.4023437500 GeSiSiGeGeSiGeSiSiGeGeSiGeGeGeGeSiGeSiGeGeSiGeSiGeGeSiGeSiSiSiSiSiSiGeSiSiGeSiSiGeGeGeSiGeSiSiSiGeSiGeGeSiSiGeGeSiGeGeGe
   -30811.4023437500 GeSiSiGeGeSiGeSiSiGeGeSiGeGeGeGeSiGeSiGeGeSiGeSiGeGeSiGeSiSiSiSiSiSiGeSiSiGeSiSiGeGeGeSiGeSiSiSiGeSiGeGeSiSiGeGeSiGeGeGe
   -30811.4023437500 GeSiSiGeGeSiGeSiSiGeGeSiGeGeGeGeSiGeSiGeGeSiGeSiGeGeSiGeSiSiSiSiSiSiGeSiSiGeSiSiGeGeGeSiGeSiSiSiGeSiGeGeSiSiGeGeSiGeGeGe
   -30811.4023437500 GeSiSiGeGeSiGeSiSiGeGeSiGeGeGeGeSiGeSiGeGeSiGeSiGeGeSiGeSiSiSiSiSiSiGeSiSiGeSiSiGeGeGeSiGeSiSiSiGeSiGeGeSiSiGeGeSiGeGeGe
   -30811.4023437500 GeSiSiGeGeSiGeSiSiGeGeSiGeGeGeGeSiGeSiGeGeSiGeSiGeGeSiGeSiSiSiSiSiSiGeSiSiGeSiSiGeGeGeSiGeSiSiSiGeSiGeGeSiSiGeGeSiGeGeGe
   -30811.4023437500 GeSiSiGeGeSiGeSiSiGeGeSiGeGeGeGeSiGeSiGeGeSiGeSiGeGeSiGeSiSiSiSiSiSiGeSiSiGeSiSiGeGeGeSiGeSiSiSiGeSiGeGeSiSiGeGeSiGeGeGe
   -30811.4023437500 GeSiSiGeGeSiGeSiSiGeGeSiGeGeGeGeSiGeSiGeGeSiGeSiGeGeSiGeSiSiSiSiSiSiGeSiSiGeSiSiGeGeGeSiGeSiSiSiGeSiGeGeSiSiGeGeSiGeGeGe
   -30811.4023437500 GeSiSiGeGeSiGeSiSiGeGeSiGeGeGeGeSiGeSiGeGeSiGeSiGeGeSiGeSiSiSiSiSiSiGeSiSiGeSiSiGeGeGeSiGeSiSiSiGeSiGeGeSiSiGeGeSiGeGeGe
   -30811.4023437500 GeSiSiGeGeSiGeSiSiGeGeSiGeGeGeGeSiGeSiGeGeSiGeSiGeGeSiGeSiSiSiSiSiSiGeSiSiGeSiSiGeGeGeSiGeSiSiSiGeSiGeGeSiSiGeGeSiGeGeGe
   -30811.4023437500 GeSiSiGeGeSiGeSiSiGeGeSiGeGeGeGeSiGeSiGeGeSiGeSiGeGeSiGeSiSiSiSiSiSiGeSiSiGeSiSiGeGeGeSiGeSiSiSiGeSiGeGeSiSiGeGeSiGeGeGe
   -30811.4023437500 GeSiSiGeGeSiGeSiSiGeGeSiGeGeGeGeSiGeSiGeGeSiGeSiGeGeSiGeSiSiSiSiSiSiGeSiSiGeSiSiGeGeGeSiGeSiSiSiGeSiGeGeSiSiGeGeSiGeGeGe
   -30811.4023437500 GeSiSiGeGeSiGeSiSiGeGeSiGeGeGeGeSiGeSiGeGeSiGeSiGeGeSiGeSiSiSiSiSiSiGeSiSiGeSiSiGeGeGeSiGeSiSiSiGeSiGeGeSiSiGeGeSiGeGeGe
   -30811.4023437500 GeSiSiGeGeSiGeSiSiGeGeSiGeGeGeGeSiGeSiGeGeSiGeSiGeGeSiGeSiSiSiSiSiSiGeSiSiGeSiSiGeGeGeSiGeSiSiSiGeSiGeGeSiSiGeGeSiGeGeGe
   -30811.4023437500 GeSiSiGeGeSiGeSiSiGeGeSiGeGeGeGeSiGeSiGeGeSiGeSiGeGeSiGeSiSiSiSiSiSiGeSiSiGeSiSiGeGeGeSiGeSiSiSiGeSiGeGeSiSiGeGeSiGeGeGe
   -30811.4023437500 GeSiSiGeGeSiGeSiSiGeGeSiGeGeGeGeSiGeSiGeGeSiGeSiGeGeSiGeSiSiSiSiSiSiGeSiSiGeSiSiGeGeGeSiGeSiSiSiGeSiGeGeSiSiGeGeSiGeGeGe
   -30811.4023437500 GeSiSiGeGeSiGeSiSiGeGeSiGeGeGeGeSiGeSiGeGeSiGeSiGeGeSiGeSiSiSiSiSiSiGeSiSiGeSiSiGeGeGeSiGeSiSiSiGeSiGeGeSiSiGeGeSiGeGeGe
   -30811.4023437500 GeSiSiGeGeSiGeSiSiGeGeSiGeGeGeGeSiGeSiGeGeSiGeSiGeGeSiGeSiSiSiSiSiSiGeSiSiGeSiSiGeGeGeSiGeSiSiSiGeSiGeGeSiSiGeGeSiGeGeGe
   -30811.4023437500 GeSiSiGeGeSiGeSiSiGeGeSiGeGeGeGeSiGeSiGeGeSiGeSiGeGeSiGeSiSiSiSiSiSiGeSiSiGeSiSiGeGeGeSiGeSiSiSiGeSiGeGeSiSiGeGeSiGeGeGe
   -30811.4023437500 GeSiSiGeGeSiGeSiSiGeGeSiGeGeGeGeSiGeSiGeGeSiGeSiGeGeSiGeSiSiSiSiSiSiGeSiSiGeSiSiGeGeGeSiGeSiSiSiGeSiGeGeSiSiGeGeSiGeGeGe
   -30811.4023437500 GeSiSiGeGeSiGeSiSiGeGeSiGeGeGeGeSiGeSiGeGeSiGeSiGeGeSiGeSiSiSiSiSiSiGeSiSiGeSiSiGeGeGeSiGeSiSiSiGeSiGeGeSiSiGeGeSiGeGeGe
   -30811.4023437500 GeSiSiGeGeSiGeSiSiGeGeSiGeGeGeGeSiGeSiGeGeSiGeSiGeGeSiGeSiSiSiSiSiSiGeSiSiGeSiSiGeGeGeSiGeSiSiSiGeSiGeGeSiSiGeGeSiGeGeGe
   -30811.4023437500 GeSiSiGeGeSiGeSiSiGeGeSiGeGeGeGeSiGeSiGeGeSiGeSiGeGeSiGeSiSiSiSiSiSiGeSiSiGeSiSiGeGeGeSiGeSiSiSiGeSiGeGeSiSiGeGeSiGeGeGe
   -30811.4023437500 GeSiSiGeGeSiGeSiSiGeGeSiGeGeGeGeSiGeSiGeGeSiGeSiGeGeSiGeSiSiSiSiSiSiGeSiSiGeSiSiGeGeGeSiGeSiSiSiGeSiGeGeSiSiGeGeSiGeGeGe
   -30811.4023437500 GeSiSiGeGeSiGeSiSiGeGeSiGeGeGeGeSiGeSiGeGeSiGeSiGeGeSiGeSiSiSiSiSiSiGeSiSiGeSiSiGeGeGeSiGeSiSiSiGeSiGeGeSiSiGeGeSiGeGeGe
   -30811.4023437500 GeSiSiGeGeSiGeSiSiGeGeSiGeGeGeGeSiGeSiGeGeSiGeSiGeGeSiGeSiSiSiSiSiSiGeSiSiGeSiSiGeGeGeSiGeSiSiSiGeSiGeGeSiSiGeGeSiGeGeGe
   -30811.4023437500 GeSiSiGeGeSiGeSiSiGeGeSiGeGeGeGeSiGeSiGeGeSiGeSiGeGeSiGeSiSiSiSiSiSiGeSiSiGeSiSiGeGeGeSiGeSiSiSiGeSiGeGeSiSiGeGeSiGeGeGe
   -30811.4023437500 GeSiSiGeGeSiGeSiSiGeGeSiGeGeGeGeSiGeSiGeGeSiGeSiGeGeSiGeSiSiSiSiSiSiGeSiSiGeSiSiGeGeGeSiGeSiSiSiGeSiGeGeSiSiGeGeSiGeGeGe
   -30811.4023437500 GeSiSiGeGeSiGeSiSiGeGeSiGeGeGeGeSiGeSiGeGeSiGeSiGeGeSiGeSiSiSiSiSiSiGeSiSiGeSiSiGeGeGeSiGeSiSiSiGeSiGeGeSiSiGeGeSiGeGeGe
   -30811.4023437500 GeSiSiGeGeSiGeSiSiGeGeSiGeGeGeGeSiGeSiGeGeSiGeSiGeGeSiGeSiSiSiSiSiSiGeSiSiGeSiSiGeGeGeSiGeSiSiSiGeSiGeGeSiSiGeGeSiGeGeGe
   -30811.4023437500 GeSiSiGeGeSiGeSiSiGeGeSiGeGeGeGeSiGeSiGeGeSiGeSiGeGeSiGeSiSiSiSiSiSiGeSiSiGeSiSiGeGeGeSiGeSiSiSiGeSiGeGeSiSiGeGeSiGeGeGe
   -30811.4023437500 GeSiSiGeGeSiGeSiSiGeGeSiGeGeGeGeSiGeSiGeGeSiGeSiGeGeSiGeSiSiSiSiSiSiGeSiSiGeSiSiGeGeGeSiGeSiSiSiGeSiGeGeSiSiGeGeSiGeGeGe
   -30811.4023437500 GeSiSiGeGeSiGeSiSiGeGeSiGeGeGeGeSiGeSiGeGeSiGeSiGeGeSiGeSiSiSiSiSiSiGeSiSiGeSiSiGeGeGeSiGeSiSiSiGeSiGeGeSiSiGeGeSiGeGeGe
   -30811.4023437500 GeSiSiGeGeSiGeSiSiGeGeSiGeGeGeGeSiGeSiGeGeSiGeSiGeGeSiGeSiSiSiSiSiSiGeSiSiGeSiSiGeGeGeSiGeSiSiSiGeSiGeGeSiSiGeGeSiGeGeGe
   -30811.4023437500 GeSiSiGeGeSiGeSiSiGeGeSiGeGeGeGeSiGeSiGeGeSiGeSiGeGeSiGeSiSiSiSiSiSiGeSiSiGeSiSiGeGeGeSiGeSiSiSiGeSiGeGeSiSiGeGeSiGeGeGe
   -30811.4023437500 GeSiSiGeGeSiGeSiSiGeGeSiGeGeGeGeSiGeSiGeGeSiGeSiGeGeSiGeSiSiSiSiSiSiGeSiSiGeSiSiGeGeGeSiGeSiSiSiGeSiGeGeSiSiGeGeSiGeGeGe
   -30811.4023437500 GeSiSiGeGeSiGeSiSiGeGeSiGeGeGeGeSiGeSiGeGeSiGeSiGeGeSiGeSiSiSiSiSiSiGeSiSiGeSiSiGeGeGeSiGeSiSiSiGeSiGeGeSiSiGeGeSiGeGeGe
   -30811.4023437500 GeSiSiGeGeSiGeSiSiGeGeSiGeGeGeGeSiGeSiGeGeSiGeSiGeGeSiGeSiSiSiSiSiSiGeSiSiGeSiSiGeGeGeSiGeSiSiSiGeSiGeGeSiSiGeGeSiGeGeGe
   -30811.4023437500 GeSiSiGeGeSiGeSiSiGeGeSiGeGeGeGeSiGeSiGeGeSiGeSiGeGeSiGeSiSiSiSiSiSiGeSiSiGeSiSiGeGeGeSiGeSiSiSiGeSiGeGeSiSiGeGeSiGeGeGe
   -30811.4023437500 GeSiSiGeGeSiGeSiSiGeGeSiGeGeGeGeSiGeSiGeGeSiGeSiGeGeSiGeSiSiSiSiSiSiGeSiSiGeSiSiGeGeGeSiGeSiSiSiGeSiGeGeSiSiGeGeSiGeGeGe
   -30811.4023437500 GeSiSiGeGeSiGeSiSiGeGeSiGeGeGeGeSiGeSiGeGeSiGeSiGeGeSiGeSiSiSiSiSiSiGeSiSiGeSiSiGeGeGeSiGeSiSiSiGeSiGeGeSiSiGeGeSiGeGeGe
   -30811.4023437500 GeSiSiGeGeSiGeSiSiGeGeSiGeGeGeGeSiGeSiGeGeSiGeSiGeGeSiGeSiSiSiSiSiSiGeSiSiGeSiSiGeGeGeSiGeSiSiSiGeSiGeGeSiSiGeGeSiGeGeGe
   -30811.4023437500 GeSiSiGeGeSiGeSiSiGeGeSiGeGeGeGeSiGeSiGeGeSiGeSiGeGeSiGeSiSiSiSiSiSiGeSiSiGeSiSiGeGeGeSiGeSiSiSiGeSiGeGeSiSiGeGeSiGeGeGe
   -30811.4023437500 GeSiSiGeGeSiGeSiSiGeGeSiGeGeGeGeSiGeSiGeGeSiGeSiGeGeSiGeSiSiSiSiSiSiGeSiSiGeSiSiGeGeGeSiGeSiSiSiGeSiGeGeSiSiGeGeSiGeGeGe
   -30811.4023437500 GeSiSiGeGeSiGeSiSiGeGeSiGeGeGeGeSiGeSiGeGeSiGeSiGeGeSiGeSiSiSiSiSiSiGeSiSiGeSiSiGeGeGeSiGeSiSiSiGeSiGeGeSiSiGeGeSiGeGeGe
   -30811.4023437500 GeSiSiGeGeSiGeSiSiGeGeSiGeGeGeGeSiGeSiGeGeSiGeSiGeGeSiGeSiSiSiSiSiSiGeSiSiGeSiSiGeGeGeSiGeSiSiSiGeSiGeGeSiSiGeGeSiGeGeGe
   -30811.4023437500 GeSiSiGeGeSiGeSiSiGeGeSiGeGeGeGeSiGeSiGeGeSiGeSiGeGeSiGeSiSiSiSiSiSiGeSiSiGeSiSiGeGeGeSiGeSiSiSiGeSiGeGeSiSiGeGeSiGeGeGe
   -30811.4023437500 GeSiSiGeGeSiGeSiSiGeGeSiGeGeGeGeSiGeSiGeGeSiGeSiGeGeSiGeSiSiSiSiSiSiGeSiSiGeSiSiGeGeGeSiGeSiSiSiGeSiGeGeSiSiGeGeSiGeGeGe
   -30811.4023437500 GeSiSiGeGeSiGeSiSiGeGeSiGeGeGeGeSiGeSiGeGeSiGeSiGeGeSiGeSiSiSiSiSiSiGeSiSiGeSiSiGeGeGeSiGeSiSiSiGeSiGeGeSiSiGeGeSiGeGeGe
   -30811.4023437500 GeSiSiGeGeSiGeSiSiGeGeSiGeGeGeGeSiGeSiGeGeSiGeSiGeGeSiGeSiSiSiSiSiSiGeSiSiGeSiSiGeGeGeSiGeSiSiSiGeSiGeGeSiSiGeGeSiGeGeGe
   -30811.4023437500 GeSiSiGeGeSiGeSiSiGeGeSiGeGeGeGeSiGeSiGeGeSiGeSiGeGeSiGeSiSiSiSiSiSiGeSiSiGeSiSiGeGeGeSiGeSiSiSiGeSiGeGeSiSiGeGeSiGeGeGe
   -30811.4023437500 GeSiSiGeGeSiGeSiSiGeGeSiGeGeGeGeSiGeSiGeGeSiGeSiGeGeSiGeSiSiSiSiSiSiGeSiSiGeSiSiGeGeGeSiGeSiSiSiGeSiGeGeSiSiGeGeSiGeGeGe
   -30811.4023437500 GeSiSiGeGeSiGeSiSiGeGeSiGeGeGeGeSiGeSiGeGeSiGeSiGeGeSiGeSiSiSiSiSiSiGeSiSiGeSiSiGeGeGeSiGeSiSiSiGeSiGeGeSiSiGeGeSiGeGeGe
   -30811.4023437500 GeSiSiGeGeSiGeSiSiGeGeSiGeGeGeGeSiGeSiGeGeSiGeSiGeGeSiGeSiSiSiSiSiSiGeSiSiGeSiSiGeGeGeSiGeSiSiSiGeSiGeGeSiSiGeGeSiGeGeGe
   -30811.4023437500 GeSiSiGeGeSiGeSiSiGeGeSiGeGeGeGeSiGeSiGeGeSiGeSiGeGeSiGeSiSiSiSiSiSiGeSiSiGeSiSiGeGeGeSiGeSiSiSiGeSiGeGeSiSiGeGeSiGeGeGe
   -30811.4023437500 GeSiSiGeGeSiGeSiSiGeGeSiGeGeGeGeSiGeSiGeGeSiGeSiGeGeSiGeSiSiSiSiSiSiGeSiSiGeSiSiGeGeGeSiGeSiSiSiGeSiGeGeSiSiGeGeSiGeGeGe
   -30811.4023437500 GeSiSiGeGeSiGeSiSiGeGeSiGeGeGeGeSiGeSiGeGeSiGeSiGeGeSiGeSiSiSiSiSiSiGeSiSiGeSiSiGeGeGeSiGeSiSiSiGeSiGeGeSiSiGeGeSiGeGeGe
   -30811.4023437500 GeSiSiGeGeSiGeSiSiGeGeSiGeGeGeGeSiGeSiGeGeSiGeSiGeGeSiGeSiSiSiSiSiSiGeSiSiGeSiSiGeGeGeSiGeSiSiSiGeSiGeGeSiSiGeGeSiGeGeGe
   -30811.4023437500 GeSiSiGeGeSiGeSiSiGeGeSiGeGeGeGeSiGeSiGeGeSiGeSiGeGeSiGeSiSiSiSiSiSiGeSiSiGeSiSiGeGeGeSiGeSiSiSiGeSiGeGeSiSiGeGeSiGeGeGe
   -30811.4023437500 GeSiSiGeGeSiGeSiSiGeGeSiGeGeGeGeSiGeSiGeGeSiGeSiGeGeSiGeSiSiSiSiSiSiGeSiSiGeSiSiGeGeGeSiGeSiSiSiGeSiGeGeSiSiGeGeSiGeGeGe
   -30811.4023437500 GeSiSiGeGeSiGeSiSiGeGeSiGeGeGeGeSiGeSiGeGeSiGeSiGeGeSiGeSiSiSiSiSiSiGeSiSiGeSiSiGeGeGeSiGeSiSiSiGeSiGeGeSiSiGeGeSiGeGeGe
   -30811.4023437500 GeSiSiGeGeSiGeSiSiGeGeSiGeGeGeGeSiGeSiGeGeSiGeSiGeGeSiGeSiSiSiSiSiSiGeSiSiGeSiSiGeGeGeSiGeSiSiSiGeSiGeGeSiSiGeGeSiGeGeGe
   -30811.4023437500 GeSiSiGeGeSiGeSiSiGeGeSiGeGeGeGeSiGeSiGeGeSiGeSiGeGeSiGeSiSiSiSiSiSiGeSiSiGeSiSiGeGeGeSiGeSiSiSiGeSiGeGeSiSiGeGeSiGeGeGe
   -30811.4023437500 GeSiSiGeGeSiGeSiSiGeGeSiGeGeGeGeSiGeSiGeGeSiGeSiGeGeSiGeSiSiSiSiSiSiGeSiSiGeSiSiGeGeGeSiGeSiSiSiGeSiGeGeSiSiGeGeSiGeGeGe
   -30811.4023437500 GeSiSiGeGeSiGeSiSiGeGeSiGeGeGeGeSiGeSiGeGeSiGeSiGeGeSiGeSiSiSiSiSiSiGeSiSiGeSiSiGeGeGeSiGeSiSiSiGeSiGeGeSiSiGeGeSiGeGeGe
   -30811.4023437500 GeSiSiGeGeSiGeSiSiGeGeSiGeGeGeGeSiGeSiGeGeSiGeSiGeGeSiGeSiSiSiSiSiSiGeSiSiGeSiSiGeGeGeSiGeSiSiSiGeSiGeGeSiSiGeGeSiGeGeGe
   -30811.4023437500 GeSiSiGeGeSiGeSiSiGeGeSiGeGeGeGeSiGeSiGeGeSiGeSiGeGeSiGeSiSiSiSiSiSiGeSiSiGeSiSiGeGeGeSiGeSiSiSiGeSiGeGeSiSiGeGeSiGeGeGe
   -30811.4023437500 GeSiSiGeGeSiGeSiSiGeGeSiGeGeGeGeSiGeSiGeGeSiGeSiGeGeSiGeSiSiSiSiSiSiGeSiSiGeSiSiGeGeGeSiGeSiSiSiGeSiGeGeSiSiGeGeSiGeGeGe
   -30811.4023437500 GeSiSiGeGeSiGeSiSiGeGeSiGeGeGeGeSiGeSiGeGeSiGeSiGeGeSiGeSiSiSiSiSiSiGeSiSiGeSiSiGeGeGeSiGeSiSiSiGeSiGeGeSiSiGeGeSiGeGeGe
   -30811.4023437500 GeSiSiGeGeSiGeSiSiGeGeSiGeGeGeGeSiGeSiGeGeSiGeSiGeGeSiGeSiSiSiSiSiSiGeSiSiGeSiSiGeGeGeSiGeSiSiSiGeSiGeGeSiSiGeGeSiGeGeGe
   -30811.4023437500 GeSiSiGeGeSiGeSiSiGeGeSiGeGeGeGeSiGeSiGeGeSiGeSiGeGeSiGeSiSiSiSiSiSiGeSiSiGeSiSiGeGeGeSiGeSiSiSiGeSiGeGeSiSiGeGeSiGeGeGe
   -30811.4023437500 GeSiSiGeGeSiGeSiSiGeGeSiGeGeGeGeSiGeSiGeGeSiGeSiGeGeSiGeSiSiSiSiSiSiGeSiSiGeSiSiGeGeGeSiGeSiSiSiGeSiGeGeSiSiGeGeSiGeGeGe
   -30811.4023437500 GeSiSiGeGeSiGeSiSiGeGeSiGeGeGeGeSiGeSiGeGeSiGeSiGeGeSiGeSiSiSiSiSiSiGeSiSiGeSiSiGeGeGeSiGeSiSiSiGeSiGeGeSiSiGeGeSiGeGeGe
   -30811.4023437500 GeSiSiGeGeSiGeSiSiGeGeSiGeGeGeGeSiGeSiGeGeSiGeSiGeGeSiGeSiSiSiSiSiSiGeSiSiGeSiSiGeGeGeSiGeSiSiSiGeSiGeGeSiSiGeGeSiGeGeGe
   -30811.4023437500 GeSiSiGeGeSiGeSiSiGeGeSiGeGeGeGeSiGeSiGeGeSiGeSiGeGeSiGeSiSiSiSiSiSiGeSiSiGeSiSiGeGeGeSiGeSiSiSiGeSiGeGeSiSiGeGeSiGeGeGe
   -30811.4023437500 GeSiSiGeGeSiGeSiSiGeGeSiGeGeGeGeSiGeSiGeGeSiGeSiGeGeSiGeSiSiSiSiSiSiGeSiSiGeSiSiGeGeGeSiGeSiSiSiGeSiGeGeSiSiGeGeSiGeGeGe
   -30811.4023437500 GeSiSiGeGeSiGeSiSiGeGeSiGeGeGeGeSiGeSiGeGeSiGeSiGeGeSiGeSiSiSiSiSiSiGeSiSiGeSiSiGeGeGeSiGeSiSiSiGeSiGeGeSiSiGeGeSiGeGeGe
   -30811.4023437500 GeSiSiGeGeSiGeSiSiGeGeSiGeGeGeGeSiGeSiGeGeSiGeSiGeGeSiGeSiSiSiSiSiSiGeSiSiGeSiSiGeGeGeSiGeSiSiSiGeSiGeGeSiSiGeGeSiGeGeGe
   -30811.4023437500 GeSiSiGeGeSiGeSiSiGeGeSiGeGeGeGeSiGeSiGeGeSiGeSiGeGeSiGeSiSiSiSiSiSiGeSiSiGeSiSiGeGeGeSiGeSiSiSiGeSiGeGeSiSiGeGeSiGeGeGe
   -30811.4023437500 GeSiSiGeGeSiGeSiSiGeGeSiGeGeGeGeSiGeSiGeGeSiGeSiGeGeSiGeSiSiSiSiSiSiGeSiSiGeSiSiGeGeGeSiGeSiSiSiGeSiGeGeSiSiGeGeSiGeGeGe
   -30811.4023437500 GeSiSiGeGeSiGeSiSiGeGeSiGeGeGeGeSiGeSiGeGeSiGeSiGeGeSiGeSiSiSiSiSiSiGeSiSiGeSiSiGeGeGeSiGeSiSiSiGeSiGeGeSiSiGeGeSiGeGeGe
   -30811.4023437500 GeSiSiGeGeSiGeSiSiGeGeSiGeGeGeGeSiGeSiGeGeSiGeSiGeGeSiGeSiSiSiSiSiSiGeSiSiGeSiSiGeGeGeSiGeSiSiSiGeSiGeGeSiSiGeGeSiGeGeGe
   -30811.4023437500 GeSiSiGeGeSiGeSiSiGeGeSiGeGeGeGeSiGeSiGeGeSiGeSiGeGeSiGeSiSiSiSiSiSiGeSiSiGeSiSiGeGeGeSiGeSiSiSiGeSiGeGeSiSiGeGeSiGeGeGe
   -30811.4023437500 GeSiSiGeGeSiGeSiSiGeGeSiGeGeGeGeSiGeSiGeGeSiGeSiGeGeSiGeSiSiSiSiSiSiGeSiSiGeSiSiGeGeGeSiGeSiSiSiGeSiGeGeSiSiGeGeSiGeGeGe
   -30811.4023437500 GeSiSiGeGeSiGeSiSiGeGeSiGeGeGeGeSiGeSiGeGeSiGeSiGeGeSiGeSiSiSiSiSiSiGeSiSiGeSiSiGeGeGeSiGeSiSiSiGeSiGeGeSiSiGeGeSiGeGeGe
   -30811.4023437500 GeSiSiGeGeSiGeSiSiGeGeSiGeGeGeGeSiGeSiGeGeSiGeSiGeGeSiGeSiSiSiSiSiSiGeSiSiGeSiSiGeGeGeSiGeSiSiSiGeSiGeGeSiSiGeGeSiGeGeGe
   -30811.4023437500 GeSiSiGeGeSiGeSiSiGeGeSiGeGeGeGeSiGeSiGeGeSiGeSiGeGeSiGeSiSiSiSiSiSiGeSiSiGeSiSiGeGeGeSiGeSiSiSiGeSiGeGeSiSiGeGeSiGeGeGe
   -30811.4023437500 GeSiSiGeGeSiGeSiSiGeGeSiGeGeGeGeSiGeSiGeGeSiGeSiGeGeSiGeSiSiSiSiSiSiGeSiSiGeSiSiGeGeGeSiGeSiSiSiGeSiGeGeSiSiGeGeSiGeGeGe
   -30811.4023437500 GeSiSiGeGeSiGeSiSiGeGeSiGeGeGeGeSiGeSiGeGeSiGeSiGeGeSiGeSiSiSiSiSiSiGeSiSiGeSiSiGeGeGeSiGeSiSiSiGeSiGeGeSiSiGeGeSiGeGeGe
   -30811.4023437500 GeSiSiGeGeSiGeSiSiGeGeSiGeGeGeGeSiGeSiGeGeSiGeSiGeGeSiGeSiSiSiSiSiSiGeSiSiGeSiSiGeGeGeSiGeSiSiSiGeSiGeGeSiSiGeGeSiGeGeGe
   -30811.4023437500 GeSiSiGeGeSiGeSiSiGeGeSiGeGeGeGeSiGeSiGeGeSiGeSiGeGeSiGeSiSiSiSiSiSiGeSiSiGeSiSiGeGeGeSiGeSiSiSiGeSiGeGeSiSiGeGeSiGeGeGe
   -30811.4023437500 GeSiSiGeGeSiGeSiSiGeGeSiGeGeGeGeSiGeSiGeGeSiGeSiGeGeSiGeSiSiSiSiSiSiGeSiSiGeSiSiGeGeGeSiGeSiSiSiGeSiGeGeSiSiGeGeSiGeGeGe
   -30811.4023437500 GeSiSiGeGeSiGeSiSiGeGeSiGeGeGeGeSiGeSiGeGeSiGeSiGeGeSiGeSiSiSiSiSiSiGeSiSiGeSiSiGeGeGeSiGeSiSiSiGeSiGeGeSiSiGeGeSiGeGeGe
   -30811.4023437500 GeSiSiGeGeSiGeSiSiGeGeSiGeGeGeGeSiGeSiGeGeSiGeSiGeGeSiGeSiSiSiSiSiSiGeSiSiGeSiSiGeGeGeSiGeSiSiSiGeSiGeGeSiSiGeGeSiGeGeGe
   -30811.4023437500 GeSiSiGeGeSiGeSiSiGeGeSiGeGeGeGeSiGeSiGeGeSiGeSiGeGeSiGeSiSiSiSiSiSiGeSiSiGeSiSiGeGeGeSiGeSiSiSiGeSiGeGeSiSiGeGeSiGeGeGe
   -30811.4023437500 GeSiSiGeGeSiGeSiSiGeGeSiGeGeGeGeSiGeSiGeGeSiGeSiGeGeSiGeSiSiSiSiSiSiGeSiSiGeSiSiGeGeGeSiGeSiSiSiGeSiGeGeSiSiGeGeSiGeGeGe
   -30811.4023437500 GeSiSiGeGeSiGeSiSiGeGeSiGeGeGeGeSiGeSiGeGeSiGeSiGeGeSiGeSiSiSiSiSiSiGeSiSiGeSiSiGeGeGeSiGeSiSiSiGeSiGeGeSiSiGeGeSiGeGeGe
   -30811.4023437500 GeSiSiGeGeSiGeSiSiGeGeSiGeGeGeGeSiGeSiGeGeSiGeSiGeGeSiGeSiSiSiSiSiSiGeSiSiGeSiSiGeGeGeSiGeSiSiSiGeSiGeGeSiSiGeGeSiGeGeGe
   -30811.4023437500 GeSiSiGeGeSiGeSiSiGeGeSiGeGeGeGeSiGeSiGeGeSiGeSiGeGeSiGeSiSiSiSiSiSiGeSiSiGeSiSiGeGeGeSiGeSiSiSiGeSiGeGeSiSiGeGeSiGeGeGe
   -30811.4023437500 GeSiSiGeGeSiGeSiSiGeGeSiGeGeGeGeSiGeSiGeGeSiGeSiGeGeSiGeSiSiSiSiSiSiGeSiSiGeSiSiGeGeGeSiGeSiSiSiGeSiGeGeSiSiGeGeSiGeGeGe
   -30811.4023437500 GeSiSiGeGeSiGeSiSiGeGeSiGeGeGeGeSiGeSiGeGeSiGeSiGeGeSiGeSiSiSiSiSiSiGeSiSiGeSiSiGeGeGeSiGeSiSiSiGeSiGeGeSiSiGeGeSiGeGeGe
   -30811.4023437500 GeSiSiGeGeSiGeSiSiGeGeSiGeGeGeGeSiGeSiGeGeSiGeSiGeGeSiGeSiSiSiSiSiSiGeSiSiGeSiSiGeGeGeSiGeSiSiSiGeSiGeGeSiSiGeGeSiGeGeGe
   -30811.4023437500 GeSiSiGeGeSiGeSiSiGeGeSiGeGeGeGeSiGeSiGeGeSiGeSiGeGeSiGeSiSiSiSiSiSiGeSiSiGeSiSiGeGeGeSiGeSiSiSiGeSiGeGeSiSiGeGeSiGeGeGe
   -30811.4023437500 GeSiSiGeGeSiGeSiSiGeGeSiGeGeGeGeSiGeSiGeGeSiGeSiGeGeSiGeSiSiSiSiSiSiGeSiSiGeSiSiGeGeGeSiGeSiSiSiGeSiGeGeSiSiGeGeSiGeGeGe
   -30811.4023437500 GeSiSiGeGeSiGeSiSiGeGeSiGeGeGeGeSiGeSiGeGeSiGeSiGeGeSiGeSiSiSiSiSiSiGeSiSiGeSiSiGeGeGeSiGeSiSiSiGeSiGeGeSiSiGeGeSiGeGeGe
filename: c000000906791275.gin     
Cell:
    11.9020996    11.9020996    29.6919994    90.0000000    90.0000000   120.0000000
Box:
    11.9020996    -5.9510503     0.0000000
     0.0000000    10.3075209     0.0000000
     0.0000000     0.0000000    29.6919994
----------------------------------------
Inverse Box:
     0.0840188     0.0485083     0.0000000
     0.0000000     0.0970165     0.0000000
     0.0000000     0.0000000     0.0336791
----------------------------------------
==============================================
geometrical properties of  31 Ge:
 Configuration:           0
 D_ave:   9.19824791       3.49226713    
 D_min:   3.16980696      0.363017321    
 energia:  -30811.4023    
