Random Seed:  1058953735
Number of atoms:    60
Space Group:    1
Cell:
    11.9020996    11.9020996    29.6919994    90.0000000    90.0000000   120.0000000
Box:
    11.9020996    -5.9510503     0.0000000
     0.0000000    10.3075209     0.0000000
     0.0000000     0.0000000    29.6919994
----------------------------------------
Inverse Box:
     0.0840188     0.0485083     0.0000000
     0.0000000     0.0970165     0.0000000
     0.0000000     0.0000000     0.0336791
----------------------------------------
GeSiGeSiSiSiSiSiSiSiSiSiSiSiSiSiSiSiSiSiSiSiSiSiSiSiSiSiSiSiSiSiSiSiSiSiSiSiSiSiSiSiSiSiSiSiSiSiSiSiSiSiSiSiSiSiSiSiSiSi
           1 Ge    -7733.86768    
GeGeGeSiSiSiSiSiSiSiSiSiSiSiSiSiSiSiSiSiSiSiSiSiSiSiSiSiSiSiSiSiSiSiSiSiSiSiSiSiSiSiSiSiSiSiSiSiSiSiSiSiSiSiSiSiSiSiSiSi
           2 Ge    -7727.86816    
GeGeGeGeSiSiSiSiSiSiSiSiSiSiSiSiSiSiSiSiSiSiSiSiSiSiSiSiSiSiSiSiSiSiSiSiSiSiSiSiSiSiSiSiSiSiSiSiSiSiSiSiSiSiSiSiSiSiSiSi
           4 Ge    -7721.92285    
GeGeGeGeGeSiSiSiSiSiSiSiSiSiSiSiSiSiSiSiSiSiSiSiSiSiSiSiSiSiSiSiSiSiSiSiSiSiSiSiSiSiSiSiSiSiSiSiSiSiSiSiSiSiSiSiSiSiSiSi
           5 Ge    -7728.01514    
GeGeGeGeGeGeSiSiSiSiSiSiSiSiSiSiSiSiSiSiSiSiSiSiSiSiSiSiSiSiSiSiSiSiSiSiSiSiSiSiSiSiSiSiSiSiSiSiSiSiSiSiSiSiSiSiSiSiSiSi
           6 Ge    -7752.11963    
GeGeGeGeGeGeGeSiSiSiSiSiSiSiSiSiSiSiSiSiSiSiSiSiSiSiSiSiSiSiSiSiSiSiSiSiSiSiSiSiSiSiSiSiSiSiSiSiSiSiSiSiSiSiSiSiSiSiSiSi
           7 Ge    -7853.17090    
GeGeGeGeGeGeGeGeSiSiSiSiSiSiSiSiSiSiSiSiSiSiSiSiSiSiSiSiSiSiSiSiSiSiSiSiSiSiSiSiSiSiSiSiSiSiSiSiSiSiSiSiSiSiSiSiSiSiSiSi
           8 Ge    -7983.45264    
GeGeGeGeGeGeGeGeSiSiSiGeSiSiSiSiSiSiSiSiSiSiSiSiSiSiSiSiSiSiSiSiSiSiSiSiSiSiSiSiSiSiSiSiSiSiSiSiSiSiSiSiSiSiSiSiSiSiSiSi
          12 Ge    -8223.11523    
GeGeGeGeGeGeGeGeSiSiSiGeSiGeSiSiSiSiSiSiSiSiSiSiSiSiSiSiSiSiSiSiSiSiSiSiSiSiSiSiSiSiSiSiSiSiSiSiSiSiSiSiSiSiSiSiSiSiSiSi
          14 Ge    -8552.30078    
GeGeGeGeGeGeGeGeSiSiSiGeSiGeSiGeSiSiSiSiSiSiSiSiSiSiSiSiSiSiSiSiSiSiSiSiSiSiSiSiSiSiSiSiSiSiSiSiSiSiSiSiSiSiSiSiSiSiSiSi
          16 Ge    -8937.15039    
GeGeGeGeGeGeGeGeSiSiSiGeSiGeSiGeSiSiSiSiSiSiSiSiSiGeSiSiSiSiSiSiSiSiSiSiSiSiSiSiSiSiSiSiSiSiSiSiSiSiSiSiSiSiSiSiSiSiSiSi
          26 Ge    -8741.58496    
GeGeGeGeGeGeGeGeSiSiSiGeSiGeSiGeSiSiSiSiSiSiSiSiSiGeSiSiSiGeSiSiSiSiSiSiSiSiSiSiSiSiSiSiSiSiSiSiSiSiSiSiSiSiSiSiSiSiSiSi
          30 Ge    -8595.59473    
GeGeGeGeGeGeGeGeSiSiSiGeSiGeSiGeSiSiSiSiSiSiSiSiSiGeSiSiSiGeSiSiGeSiSiSiSiSiSiSiSiSiSiSiSiSiSiSiSiSiSiSiSiSiSiSiSiSiSiSi
          33 Ge    -9149.38184    
GeGeGeGeGeGeGeGeSiSiSiGeSiGeSiGeSiSiSiSiSiSiSiSiSiGeSiSiSiGeSiSiGeSiSiGeSiSiSiSiSiSiSiSiSiSiSiSiSiSiSiSiSiSiSiSiSiSiSiSi
          36 Ge    -7894.06055    
GeGeGeGeGeGeGeGeSiSiSiGeSiGeSiGeSiSiSiSiSiSiSiSiSiGeSiSiSiGeSiSiGeSiSiGeSiSiGeSiSiSiSiSiSiSiSiSiSiSiSiSiSiSiSiSiSiSiSiSi
          39 Ge    -8565.34375    
GeGeGeGeGeGeGeGeSiSiSiGeSiGeSiGeSiSiSiSiSiSiSiSiSiGeSiSiSiGeSiSiGeSiSiGeSiSiGeGeSiSiSiSiSiSiSiSiSiSiSiSiSiSiSiSiSiSiSiSi
          40 Ge    -8694.12598    
GeGeGeGeGeGeGeGeSiSiSiGeSiGeSiGeSiSiSiSiSiSiSiSiSiGeSiSiSiGeSiSiGeSiSiGeSiSiGeGeGeSiSiSiSiSiSiSiSiSiSiSiSiSiSiSiSiSiSiSi
          41 Ge    -9475.82617    
GeGeGeGeGeGeGeGeSiSiSiGeSiGeSiGeSiSiSiSiSiSiSiSiSiGeSiSiSiGeSiSiGeSiSiGeSiSiGeGeGeGeSiSiSiSiSiSiSiSiSiSiSiSiSiSiSiSiSiSi
          42 Ge    -8050.49463    
GeGeGeGeGeGeGeGeSiSiSiGeSiGeSiGeSiSiSiSiSiSiSiSiSiGeSiSiSiGeSiSiGeSiSiGeSiSiGeGeGeGeSiSiGeSiSiSiSiSiSiSiSiSiSiSiSiSiSiSi
          45 Ge    -8569.50195    
GeGeGeGeGeGeGeGeSiSiSiGeSiGeSiGeSiSiSiSiSiSiSiSiSiGeSiSiSiGeSiSiGeSiSiGeSiSiGeGeGeGeSiSiGeGeSiSiSiSiSiSiSiSiSiSiSiSiSiSi
          46 Ge    -8874.30957    
GeGeGeGeGeGeGeGeSiSiSiGeSiGeSiGeSiSiSiSiSiSiSiSiSiGeSiSiSiGeSiSiGeSiSiGeSiSiGeGeGeGeSiSiGeGeSiSiSiSiSiSiSiSiSiSiGeSiSiSi
          57 Ge    -10112.7715    
GeGeGeGeGeGeGeGeSiGeSiGeSiGeSiGeSiSiSiSiSiSiSiSiSiGeSiSiSiGeSiSiGeSiSiGeSiSiGeGeGeGeSiSiGeGeSiSiSiSiSiSiSiSiSiSiGeSiSiSi
          10 Ge    -8048.07129    
GeGeGeGeGeGeGeGeSiGeGeGeSiGeSiGeSiSiSiSiSiSiSiSiSiGeSiSiSiGeSiSiGeSiSiGeSiSiGeGeGeGeSiSiGeGeSiSiSiSiSiSiSiSiSiSiGeSiSiSi
          11 Ge    -7774.87646    
GeGeGeGeGeGeGeGeSiGeGeGeGeGeSiGeSiSiSiSiSiSiSiSiSiGeSiSiSiGeSiSiGeSiSiGeSiSiGeGeGeGeSiSiGeGeSiSiSiSiSiSiSiSiSiSiGeSiSiSi
          13 Ge    -6287.58398    
GeGeGeGeGeGeGeGeSiGeGeGeGeGeGeGeSiSiSiSiSiSiSiSiSiGeSiSiSiGeSiSiGeSiSiGeSiSiGeGeGeGeSiSiGeGeSiSiSiSiSiSiSiSiSiSiGeSiSiSi
          15 Ge    -4048.12451    
GeGeGeGeGeGeGeGeSiGeGeGeGeGeGeGeSiGeSiSiSiSiSiSiSiGeSiSiSiGeSiSiGeSiSiGeSiSiGeGeGeGeSiSiGeGeSiSiSiSiSiSiSiSiSiSiGeSiSiSi
          18 Ge    -716.418945    
GeGeGeGeGeGeGeGeSiGeGeGeGeGeGeGeSiGeSiSiSiSiGeSiSiGeSiSiSiGeSiSiGeSiSiGeSiSiGeGeGeGeSiSiGeGeSiSiSiSiSiSiSiSiSiSiGeSiSiSi
          23 Ge     3686.19141    
GeGeGeGeGeGeGeGeSiGeGeGeGeGeGeGeSiGeSiSiSiSiGeGeSiGeSiSiSiGeSiSiGeSiSiGeSiSiGeGeGeGeSiSiGeGeSiSiSiSiSiSiSiSiSiSiGeSiSiSi
          24 Ge     10564.3965    
GeGeGeGeGeGeGeGeSiGeGeGeGeGeGeGeSiGeSiSiSiSiGeGeSiGeSiGeSiGeSiSiGeSiSiGeSiSiGeGeGeGeSiSiGeGeSiSiSiSiSiSiSiSiSiSiGeSiSiSi
          28 Ge     13814.1016    
GeGeGeGeGeGeGeGeSiGeGeGeGeGeGeGeSiGeSiSiSiSiGeGeSiGeSiGeSiGeSiSiGeSiSiGeSiSiGeGeGeGeSiGeGeGeSiSiSiSiSiSiSiSiSiSiGeSiSiSi
          44 Ge     15663.7051    
GeGeGeGeGeGeGeGeSiGeGeGeGeGeGeGeSiGeSiSiSiSiGeGeSiGeSiGeSiGeSiSiGeSiSiGeSiSiGeGeGeGeSiGeGeGeSiSiSiSiGeSiSiSiSiSiGeSiSiSi
          51 Ge     15743.6035    
==============================================
MonteCarlo: Metropolis with identity changes
Si > Ge, Ge > Si. STOP when occurrence <    0.00000
==============================================
Cost_function     Occurrence %     Scan-Cost
   -10716.5664062500 SiSiSiGeGeSiGeSiGeSiSiSiGeGeGeGeGeSiSiGeSiGeGeGeGeSiSiGeSiGeGeSiGeGeSiGeGeSiSiSiSiGeGeGeGeSiSiSiSiGeGeGeSiSiSiGeGeSiGeGe
   -10716.5664062500 SiSiSiGeGeSiGeSiGeSiSiSiGeGeGeGeGeSiSiGeSiGeGeGeGeSiSiGeSiGeGeSiGeGeSiGeGeSiSiSiSiGeGeGeGeSiSiSiSiGeGeGeSiSiSiGeGeSiGeGe
   -11366.0175781250 SiSiSiGeGeSiGeSiGeSiSiSiGeSiGeGeGeGeSiGeSiGeGeGeGeSiSiGeSiGeGeSiGeGeSiGeGeSiSiSiSiGeGeGeGeSiSiSiSiGeGeGeSiSiSiGeGeSiGeGe
   -11366.0175781250 SiSiSiGeGeSiGeSiGeSiSiSiGeSiGeGeGeGeSiGeSiGeGeGeGeSiSiGeSiGeGeSiGeGeSiGeGeSiSiSiSiGeGeGeGeSiSiSiSiGeGeGeSiSiSiGeGeSiGeGe
   -15157.1679687500 SiSiSiGeGeSiGeSiGeSiSiSiGeGeGeSiGeGeSiGeSiSiGeGeGeGeSiGeSiGeGeSiGeGeSiGeGeSiSiSiSiGeGeGeGeSiSiSiSiGeGeGeSiSiSiGeGeSiGeGe
   -15157.1679687500 SiSiSiGeGeSiGeSiGeSiSiSiGeGeGeSiGeGeSiGeSiSiGeGeGeGeSiGeSiGeGeSiGeGeSiGeGeSiSiSiSiGeGeGeGeSiSiSiSiGeGeGeSiSiSiGeGeSiGeGe
   -15157.1679687500 SiSiSiGeGeSiGeSiGeSiSiSiGeGeGeSiGeGeSiGeSiSiGeGeGeGeSiGeSiGeGeSiGeGeSiGeGeSiSiSiSiGeGeGeGeSiSiSiSiGeGeGeSiSiSiGeGeSiGeGe
   -16638.9804687500 SiSiGeGeSiSiGeSiGeGeSiGeGeGeGeSiGeGeSiGeSiGeGeGeGeGeSiSiSiGeGeSiSiGeSiGeGeSiSiGeSiSiGeGeSiSiSiSiSiGeGeGeSiSiSiGeGeSiGeGe
   -16638.9804687500 SiSiGeGeSiSiGeSiGeGeSiGeGeGeGeSiGeGeSiGeSiGeGeGeGeGeSiSiSiGeGeSiSiGeSiGeGeSiSiGeSiSiGeGeSiSiSiSiSiGeGeGeSiSiSiGeGeSiGeGe
   -16638.9804687500 SiSiGeGeSiSiGeSiGeGeSiGeGeGeGeSiGeGeSiGeSiGeGeGeGeGeSiSiSiGeGeSiSiGeSiGeGeSiSiGeSiSiGeGeSiSiSiSiSiGeGeGeSiSiSiGeGeSiGeGe
   -16638.9804687500 SiSiGeGeSiSiGeSiGeGeSiGeGeGeGeSiGeGeSiGeSiGeGeGeGeGeSiSiSiGeGeSiSiGeSiGeGeSiSiGeSiSiGeGeSiSiSiSiSiGeGeGeSiSiSiGeGeSiGeGe
   -16638.9804687500 SiSiGeGeSiSiGeSiGeGeSiGeGeGeGeSiGeGeSiGeSiGeGeGeGeGeSiSiSiGeGeSiSiGeSiGeGeSiSiGeSiSiGeGeSiSiSiSiSiGeGeGeSiSiSiGeGeSiGeGe
   -17022.9375000000 SiGeGeGeSiSiGeSiGeGeSiGeGeGeGeSiGeGeSiGeSiGeGeSiGeGeSiSiSiGeGeSiSiGeSiGeGeSiSiGeSiSiGeGeSiSiSiSiSiGeGeGeSiSiSiGeGeSiGeGe
   -18849.0507812500 SiGeGeGeSiSiGeSiGeGeSiGeGeGeGeSiGeSiSiGeSiGeGeSiGeGeSiSiSiGeGeSiSiGeSiGeGeSiSiGeSiGeGeGeSiSiSiSiSiGeGeGeSiSiSiSiGeGeGeGe
   -18849.0507812500 SiGeGeGeSiSiGeSiGeGeSiGeGeGeGeSiGeSiSiGeSiGeGeSiGeGeSiSiSiGeGeSiSiGeSiGeGeSiSiGeSiGeGeGeSiSiSiSiSiGeGeGeSiSiSiSiGeGeGeGe
   -18849.0507812500 SiGeGeGeSiSiGeSiGeGeSiGeGeGeGeSiGeSiSiGeSiGeGeSiGeGeSiSiSiGeGeSiSiGeSiGeGeSiSiGeSiGeGeGeSiSiSiSiSiGeGeGeSiSiSiSiGeGeGeGe
   -18849.0507812500 SiGeGeGeSiSiGeSiGeGeSiGeGeGeGeSiGeSiSiGeSiGeGeSiGeGeSiSiSiGeGeSiSiGeSiGeGeSiSiGeSiGeGeGeSiSiSiSiSiGeGeGeSiSiSiSiGeGeGeGe
   -20024.2968750000 SiGeGeGeSiGeGeSiGeGeSiGeGeGeGeSiGeSiSiSiSiGeGeSiGeGeSiSiSiGeSiSiSiGeSiGeGeSiSiGeGeGeGeGeSiSiSiSiSiGeGeGeSiSiSiSiGeGeGeGe
   -20024.2968750000 SiGeGeGeSiGeGeSiGeGeSiGeGeGeGeSiGeSiSiSiSiGeGeSiGeGeSiSiSiGeSiSiSiGeSiGeGeSiSiGeGeGeGeGeSiSiSiSiSiGeGeGeSiSiSiSiGeGeGeGe
   -20024.2968750000 SiGeGeGeSiGeGeSiGeGeSiGeGeGeGeSiGeSiSiSiSiGeGeSiGeGeSiSiSiGeSiSiSiGeSiGeGeSiSiGeGeGeGeGeSiSiSiSiSiGeGeGeSiSiSiSiGeGeGeGe
   -20024.2968750000 SiGeGeGeSiGeGeSiGeGeSiGeGeGeGeSiGeSiSiSiSiGeGeSiGeGeSiSiSiGeSiSiSiGeSiGeGeSiSiGeGeGeGeGeSiSiSiSiSiGeGeGeSiSiSiSiGeGeGeGe
   -20024.2968750000 SiGeGeGeSiGeGeSiGeGeSiGeGeGeGeSiGeSiSiSiSiGeGeSiGeGeSiSiSiGeSiSiSiGeSiGeGeSiSiGeGeGeGeGeSiSiSiSiSiGeGeGeSiSiSiSiGeGeGeGe
   -20024.2968750000 SiGeGeGeSiGeGeSiGeGeSiGeGeGeGeSiGeSiSiSiSiGeGeSiGeGeSiSiSiGeSiSiSiGeSiGeGeSiSiGeGeGeGeGeSiSiSiSiSiGeGeGeSiSiSiSiGeGeGeGe
   -20301.0429687500 SiGeGeGeSiGeGeSiGeSiSiGeGeGeGeSiGeSiSiSiSiGeGeSiGeGeSiSiSiGeSiSiSiGeSiGeGeSiSiGeGeGeGeGeSiSiSiSiSiGeGeGeSiGeSiSiGeGeGeGe
   -20301.0429687500 SiGeGeGeSiGeGeSiGeSiSiGeGeGeGeSiGeSiSiSiSiGeGeSiGeGeSiSiSiGeSiSiSiGeSiGeGeSiSiGeGeGeGeGeSiSiSiSiSiGeGeGeSiGeSiSiGeGeGeGe
   -20301.0429687500 SiGeGeGeSiGeGeSiGeSiSiGeGeGeGeSiGeSiSiSiSiGeGeSiGeGeSiSiSiGeSiSiSiGeSiGeGeSiSiGeGeGeGeGeSiSiSiSiSiGeGeGeSiGeSiSiGeGeGeGe
   -20301.0429687500 SiGeGeGeSiGeGeSiGeSiSiGeGeGeGeSiGeSiSiSiSiGeGeSiGeGeSiSiSiGeSiSiSiGeSiGeGeSiSiGeGeGeGeGeSiSiSiSiSiGeGeGeSiGeSiSiGeGeGeGe
   -23089.4140625000 SiGeGeGeSiGeGeGeGeSiSiGeGeGeGeSiGeSiSiSiSiSiGeSiSiSiSiSiSiGeSiSiSiGeSiGeGeSiSiGeGeGeGeGeSiGeSiSiSiGeGeGeGeGeSiSiGeGeGeGe
   -23089.4140625000 SiGeGeGeSiGeGeGeGeSiSiGeGeGeGeSiGeSiSiSiSiSiGeSiSiSiSiSiSiGeSiSiSiGeSiGeGeSiSiGeGeGeGeGeSiGeSiSiSiGeGeGeGeGeSiSiGeGeGeGe
   -23089.4140625000 SiGeGeGeSiGeGeGeGeSiSiGeGeGeGeSiGeSiSiSiSiSiGeSiSiSiSiSiSiGeSiSiSiGeSiGeGeSiSiGeGeGeGeGeSiGeSiSiSiGeGeGeGeGeSiSiGeGeGeGe
   -23089.4140625000 SiGeGeGeSiGeGeGeGeSiSiGeGeGeGeSiGeSiSiSiSiSiGeSiSiSiSiSiSiGeSiSiSiGeSiGeGeSiSiGeGeGeGeGeSiGeSiSiSiGeGeGeGeGeSiSiGeGeGeGe
   -23089.4140625000 SiGeGeGeSiGeGeGeGeSiSiGeGeGeGeSiGeSiSiSiSiSiGeSiSiSiSiSiSiGeSiSiSiGeSiGeGeSiSiGeGeGeGeGeSiGeSiSiSiGeGeGeGeGeSiSiGeGeGeGe
   -23089.4140625000 SiGeGeGeSiGeGeGeGeSiSiGeGeGeGeSiGeSiSiSiSiSiGeSiSiSiSiSiSiGeSiSiSiGeSiGeGeSiSiGeGeGeGeGeSiGeSiSiSiGeGeGeGeGeSiSiGeGeGeGe
   -23089.4140625000 SiGeGeGeSiGeGeGeGeSiSiGeGeGeGeSiGeSiSiSiSiSiGeSiSiSiSiSiSiGeSiSiSiGeSiGeGeSiSiGeGeGeGeGeSiGeSiSiSiGeGeGeGeGeSiSiGeGeGeGe
   -23259.1523437500 SiGeGeGeSiGeGeSiGeSiSiGeGeGeGeSiGeSiSiGeSiSiGeSiSiSiSiSiSiGeSiSiSiGeSiGeGeSiSiGeGeGeGeGeSiGeSiSiSiGeGeGeGeGeSiSiGeGeGeGe
   -23259.1523437500 SiGeGeGeSiGeGeSiGeSiSiGeGeGeGeSiGeSiSiGeSiSiGeSiSiSiSiSiSiGeSiSiSiGeSiGeGeSiSiGeGeGeGeGeSiGeSiSiSiGeGeGeGeGeSiSiGeGeGeGe
   -23259.1523437500 SiGeGeGeSiGeGeSiGeSiSiGeGeGeGeSiGeSiSiGeSiSiGeSiSiSiSiSiSiGeSiSiSiGeSiGeGeSiSiGeGeGeGeGeSiGeSiSiSiGeGeGeGeGeSiSiGeGeGeGe
   -23259.1523437500 SiGeGeGeSiGeGeSiGeSiSiGeGeGeGeSiGeSiSiGeSiSiGeSiSiSiSiSiSiGeSiSiSiGeSiGeGeSiSiGeGeGeGeGeSiGeSiSiSiGeGeGeGeGeSiSiGeGeGeGe
   -23259.1523437500 SiGeGeGeSiGeGeSiGeSiSiGeGeGeGeSiGeSiSiGeSiSiGeSiSiSiSiSiSiGeSiSiSiGeSiGeGeSiSiGeGeGeGeGeSiGeSiSiSiGeGeGeGeGeSiSiGeGeGeGe
   -23259.1523437500 SiGeGeGeSiGeGeSiGeSiSiGeGeGeGeSiGeSiSiGeSiSiGeSiSiSiSiSiSiGeSiSiSiGeSiGeGeSiSiGeGeGeGeGeSiGeSiSiSiGeGeGeGeGeSiSiGeGeGeGe
   -23259.1523437500 SiGeGeGeSiGeGeSiGeSiSiGeGeGeGeSiGeSiSiGeSiSiGeSiSiSiSiSiSiGeSiSiSiGeSiGeGeSiSiGeGeGeGeGeSiGeSiSiSiGeGeGeGeGeSiSiGeGeGeGe
   -23259.1523437500 SiGeGeGeSiGeGeSiGeSiSiGeGeGeGeSiGeSiSiGeSiSiGeSiSiSiSiSiSiGeSiSiSiGeSiGeGeSiSiGeGeGeGeGeSiGeSiSiSiGeGeGeGeGeSiSiGeGeGeGe
   -23982.7109375000 SiGeGeGeSiGeGeSiGeSiSiGeGeGeGeGeGeSiSiGeSiSiGeSiSiSiSiSiSiGeSiSiSiGeSiGeGeSiSiGeGeSiGeGeSiGeSiSiSiGeGeGeGeGeSiSiGeGeGeGe
   -24601.5898437500 SiGeGeGeSiGeGeSiGeSiSiGeGeGeGeGeGeSiSiGeSiSiGeSiSiSiSiSiSiGeSiSiGeGeSiSiGeSiSiGeGeSiGeGeSiGeSiSiSiGeGeGeGeGeSiSiGeGeGeGe
   -24601.5898437500 SiGeGeGeSiGeGeSiGeSiSiGeGeGeGeGeGeSiSiGeSiSiGeSiSiSiSiSiSiGeSiSiGeGeSiSiGeSiSiGeGeSiGeGeSiGeSiSiSiGeGeGeGeGeSiSiGeGeGeGe
   -24601.5898437500 SiGeGeGeSiGeGeSiGeSiSiGeGeGeGeGeGeSiSiGeSiSiGeSiSiSiSiSiSiGeSiSiGeGeSiSiGeSiSiGeGeSiGeGeSiGeSiSiSiGeGeGeGeGeSiSiGeGeGeGe
   -24601.5898437500 SiGeGeGeSiGeGeSiGeSiSiGeGeGeGeGeGeSiSiGeSiSiGeSiSiSiSiSiSiGeSiSiGeGeSiSiGeSiSiGeGeSiGeGeSiGeSiSiSiGeGeGeGeGeSiSiGeGeGeGe
   -24601.5898437500 SiGeGeGeSiGeGeSiGeSiSiGeGeGeGeGeGeSiSiGeSiSiGeSiSiSiSiSiSiGeSiSiGeGeSiSiGeSiSiGeGeSiGeGeSiGeSiSiSiGeGeGeGeGeSiSiGeGeGeGe
   -24601.5898437500 SiGeGeGeSiGeGeSiGeSiSiGeGeGeGeGeGeSiSiGeSiSiGeSiSiSiSiSiSiGeSiSiGeGeSiSiGeSiSiGeGeSiGeGeSiGeSiSiSiGeGeGeGeGeSiSiGeGeGeGe
   -24601.5898437500 SiGeGeGeSiGeGeSiGeSiSiGeGeGeGeGeGeSiSiGeSiSiGeSiSiSiSiSiSiGeSiSiGeGeSiSiGeSiSiGeGeSiGeGeSiGeSiSiSiGeGeGeGeGeSiSiGeGeGeGe
   -24601.5898437500 SiGeGeGeSiGeGeSiGeSiSiGeGeGeGeGeGeSiSiGeSiSiGeSiSiSiSiSiSiGeSiSiGeGeSiSiGeSiSiGeGeSiGeGeSiGeSiSiSiGeGeGeGeGeSiSiGeGeGeGe
   -24601.5898437500 SiGeGeGeSiGeGeSiGeSiSiGeGeGeGeGeGeSiSiGeSiSiGeSiSiSiSiSiSiGeSiSiGeGeSiSiGeSiSiGeGeSiGeGeSiGeSiSiSiGeGeGeGeGeSiSiGeGeGeGe
   -24601.5898437500 SiGeGeGeSiGeGeSiGeSiSiGeGeGeGeGeGeSiSiGeSiSiGeSiSiSiSiSiSiGeSiSiGeGeSiSiGeSiSiGeGeSiGeGeSiGeSiSiSiGeGeGeGeGeSiSiGeGeGeGe
   -24601.5898437500 SiGeGeGeSiGeGeSiGeSiSiGeGeGeGeGeGeSiSiGeSiSiGeSiSiSiSiSiSiGeSiSiGeGeSiSiGeSiSiGeGeSiGeGeSiGeSiSiSiGeGeGeGeGeSiSiGeGeGeGe
   -24601.5898437500 SiGeGeGeSiGeGeSiGeSiSiGeGeGeGeGeGeSiSiGeSiSiGeSiSiSiSiSiSiGeSiSiGeGeSiSiGeSiSiGeGeSiGeGeSiGeSiSiSiGeGeGeGeGeSiSiGeGeGeGe
   -25321.6796875000 SiGeGeGeSiGeGeSiGeSiSiGeGeGeGeGeGeSiSiGeSiSiGeSiSiSiSiSiSiGeSiSiGeSiSiSiGeSiSiGeGeSiGeGeSiGeSiSiSiGeGeGeGeGeSiGeGeGeGeGe
   -25321.6796875000 SiGeGeGeSiGeGeSiGeSiSiGeGeGeGeGeGeSiSiGeSiSiGeSiSiSiSiSiSiGeSiSiGeSiSiSiGeSiSiGeGeSiGeGeSiGeSiSiSiGeGeGeGeGeSiGeGeGeGeGe
   -25321.6796875000 SiGeGeGeSiGeGeSiGeSiSiGeGeGeGeGeGeSiSiGeSiSiGeSiSiSiSiSiSiGeSiSiGeSiSiSiGeSiSiGeGeSiGeGeSiGeSiSiSiGeGeGeGeGeSiGeGeGeGeGe
   -27505.5468750000 SiGeGeGeSiGeGeGeGeSiSiGeGeGeGeGeGeSiSiGeSiSiGeSiSiSiSiSiSiGeSiSiGeSiSiSiGeSiSiGeGeSiGeGeSiGeSiSiSiGeGeGeGeGeSiGeGeSiGeGe
   -27505.5468750000 SiGeGeGeSiGeGeGeGeSiSiGeGeGeGeGeGeSiSiGeSiSiGeSiSiSiSiSiSiGeSiSiGeSiSiSiGeSiSiGeGeSiGeGeSiGeSiSiSiGeGeGeGeGeSiGeGeSiGeGe
   -27505.5468750000 SiGeGeGeSiGeGeGeGeSiSiGeGeGeGeGeGeSiSiGeSiSiGeSiSiSiSiSiSiGeSiSiGeSiSiSiGeSiSiGeGeSiGeGeSiGeSiSiSiGeGeGeGeGeSiGeGeSiGeGe
   -27505.5468750000 SiGeGeGeSiGeGeGeGeSiSiGeGeGeGeGeGeSiSiGeSiSiGeSiSiSiSiSiSiGeSiSiGeSiSiSiGeSiSiGeGeSiGeGeSiGeSiSiSiGeGeGeGeGeSiGeGeSiGeGe
   -28834.4296875000 SiGeGeGeSiGeGeGeGeSiSiGeGeGeGeGeSiSiSiGeSiGeGeSiSiSiSiSiSiGeSiSiGeSiSiSiGeSiSiGeGeSiGeGeSiGeSiSiSiGeGeGeGeGeSiGeGeSiGeGe
   -29655.5117187500 SiGeGeGeSiGeGeGeGeSiSiGeGeGeGeGeGeSiSiGeSiGeGeSiSiSiSiSiSiGeSiSiGeSiSiSiGeSiSiSiGeSiGeGeSiGeSiSiSiGeGeGeGeGeSiGeGeSiGeGe
   -29655.5117187500 SiGeGeGeSiGeGeGeGeSiSiGeGeGeGeGeGeSiSiGeSiGeGeSiSiSiSiSiSiGeSiSiGeSiSiSiGeSiSiSiGeSiGeGeSiGeSiSiSiGeGeGeGeGeSiGeGeSiGeGe
   -29655.5117187500 SiGeGeGeSiGeGeGeGeSiSiGeGeGeGeGeGeSiSiGeSiGeGeSiSiSiSiSiSiGeSiSiGeSiSiSiGeSiSiSiGeSiGeGeSiGeSiSiSiGeGeGeGeGeSiGeGeSiGeGe
   -29655.5117187500 SiGeGeGeSiGeGeGeGeSiSiGeGeGeGeGeGeSiSiGeSiGeGeSiSiSiSiSiSiGeSiSiGeSiSiSiGeSiSiSiGeSiGeGeSiGeSiSiSiGeGeGeGeGeSiGeGeSiGeGe
   -29760.0585937500 SiGeGeGeSiGeGeGeGeSiSiGeGeGeGeGeGeSiSiSiGeGeGeSiSiSiSiSiSiGeSiSiGeSiSiSiGeSiSiSiGeSiGeGeSiGeSiSiSiGeGeGeGeGeSiGeGeSiGeGe
   -29760.0585937500 SiGeGeGeSiGeGeGeGeSiSiGeGeGeGeGeGeSiSiSiGeGeGeSiSiSiSiSiSiGeSiSiGeSiSiSiGeSiSiSiGeSiGeGeSiGeSiSiSiGeGeGeGeGeSiGeGeSiGeGe
   -29760.0585937500 SiGeGeGeSiGeGeGeGeSiSiGeGeGeGeGeGeSiSiSiGeGeGeSiSiSiSiSiSiGeSiSiGeSiSiSiGeSiSiSiGeSiGeGeSiGeSiSiSiGeGeGeGeGeSiGeGeSiGeGe
   -29760.0585937500 SiGeGeGeSiGeGeGeGeSiSiGeGeGeGeGeGeSiSiSiGeGeGeSiSiSiSiSiSiGeSiSiGeSiSiSiGeSiSiSiGeSiGeGeSiGeSiSiSiGeGeGeGeGeSiGeGeSiGeGe
   -29760.0585937500 SiGeGeGeSiGeGeGeGeSiSiGeGeGeGeGeGeSiSiSiGeGeGeSiSiSiSiSiSiGeSiSiGeSiSiSiGeSiSiSiGeSiGeGeSiGeSiSiSiGeGeGeGeGeSiGeGeSiGeGe
   -29760.0585937500 SiGeGeGeSiGeGeGeGeSiSiGeGeGeGeGeGeSiSiSiGeGeGeSiSiSiSiSiSiGeSiSiGeSiSiSiGeSiSiSiGeSiGeGeSiGeSiSiSiGeGeGeGeGeSiGeGeSiGeGe
   -29760.0585937500 SiGeGeGeSiGeGeGeGeSiSiGeGeGeGeGeGeSiSiSiGeGeGeSiSiSiSiSiSiGeSiSiGeSiSiSiGeSiSiSiGeSiGeGeSiGeSiSiSiGeGeGeGeGeSiGeGeSiGeGe
   -29760.0585937500 SiGeGeGeSiGeGeGeGeSiSiGeGeGeGeGeGeSiSiSiGeGeGeSiSiSiSiSiSiGeSiSiGeSiSiSiGeSiSiSiGeSiGeGeSiGeSiSiSiGeGeGeGeGeSiGeGeSiGeGe
   -29760.0585937500 SiGeGeGeSiGeGeGeGeSiSiGeGeGeGeGeGeSiSiSiGeGeGeSiSiSiSiSiSiGeSiSiGeSiSiSiGeSiSiSiGeSiGeGeSiGeSiSiSiGeGeGeGeGeSiGeGeSiGeGe
   -29760.0585937500 SiGeGeGeSiGeGeGeGeSiSiGeGeGeGeGeGeSiSiSiGeGeGeSiSiSiSiSiSiGeSiSiGeSiSiSiGeSiSiSiGeSiGeGeSiGeSiSiSiGeGeGeGeGeSiGeGeSiGeGe
   -29760.0585937500 SiGeGeGeSiGeGeGeGeSiSiGeGeGeGeGeGeSiSiSiGeGeGeSiSiSiSiSiSiGeSiSiGeSiSiSiGeSiSiSiGeSiGeGeSiGeSiSiSiGeGeGeGeGeSiGeGeSiGeGe
   -29760.0585937500 SiGeGeGeSiGeGeGeGeSiSiGeGeGeGeGeGeSiSiSiGeGeGeSiSiSiSiSiSiGeSiSiGeSiSiSiGeSiSiSiGeSiGeGeSiGeSiSiSiGeGeGeGeGeSiGeGeSiGeGe
   -29760.0585937500 SiGeGeGeSiGeGeGeGeSiSiGeGeGeGeGeGeSiSiSiGeGeGeSiSiSiSiSiSiGeSiSiGeSiSiSiGeSiSiSiGeSiGeGeSiGeSiSiSiGeGeGeGeGeSiGeGeSiGeGe
   -29760.0585937500 SiGeGeGeSiGeGeGeGeSiSiGeGeGeGeGeGeSiSiSiGeGeGeSiSiSiSiSiSiGeSiSiGeSiSiSiGeSiSiSiGeSiGeGeSiGeSiSiSiGeGeGeGeGeSiGeGeSiGeGe
   -29760.0585937500 SiGeGeGeSiGeGeGeGeSiSiGeGeGeGeGeGeSiSiSiGeGeGeSiSiSiSiSiSiGeSiSiGeSiSiSiGeSiSiSiGeSiGeGeSiGeSiSiSiGeGeGeGeGeSiGeGeSiGeGe
   -29760.0585937500 SiGeGeGeSiGeGeGeGeSiSiGeGeGeGeGeGeSiSiSiGeGeGeSiSiSiSiSiSiGeSiSiGeSiSiSiGeSiSiSiGeSiGeGeSiGeSiSiSiGeGeGeGeGeSiGeGeSiGeGe
   -29760.0585937500 SiGeGeGeSiGeGeGeGeSiSiGeGeGeGeGeGeSiSiSiGeGeGeSiSiSiSiSiSiGeSiSiGeSiSiSiGeSiSiSiGeSiGeGeSiGeSiSiSiGeGeGeGeGeSiGeGeSiGeGe
   -29760.0585937500 SiGeGeGeSiGeGeGeGeSiSiGeGeGeGeGeGeSiSiSiGeGeGeSiSiSiSiSiSiGeSiSiGeSiSiSiGeSiSiSiGeSiGeGeSiGeSiSiSiGeGeGeGeGeSiGeGeSiGeGe
   -29760.0585937500 SiGeGeGeSiGeGeGeGeSiSiGeGeGeGeGeGeSiSiSiGeGeGeSiSiSiSiSiSiGeSiSiGeSiSiSiGeSiSiSiGeSiGeGeSiGeSiSiSiGeGeGeGeGeSiGeGeSiGeGe
   -29760.0585937500 SiGeGeGeSiGeGeGeGeSiSiGeGeGeGeGeGeSiSiSiGeGeGeSiSiSiSiSiSiGeSiSiGeSiSiSiGeSiSiSiGeSiGeGeSiGeSiSiSiGeGeGeGeGeSiGeGeSiGeGe
   -29760.0585937500 SiGeGeGeSiGeGeGeGeSiSiGeGeGeGeGeGeSiSiSiGeGeGeSiSiSiSiSiSiGeSiSiGeSiSiSiGeSiSiSiGeSiGeGeSiGeSiSiSiGeGeGeGeGeSiGeGeSiGeGe
   -29760.0585937500 SiGeGeGeSiGeGeGeGeSiSiGeGeGeGeGeGeSiSiSiGeGeGeSiSiSiSiSiSiGeSiSiGeSiSiSiGeSiSiSiGeSiGeGeSiGeSiSiSiGeGeGeGeGeSiGeGeSiGeGe
   -29760.0585937500 SiGeGeGeSiGeGeGeGeSiSiGeGeGeGeGeGeSiSiSiGeGeGeSiSiSiSiSiSiGeSiSiGeSiSiSiGeSiSiSiGeSiGeGeSiGeSiSiSiGeGeGeGeGeSiGeGeSiGeGe
   -29760.0585937500 SiGeGeGeSiGeGeGeGeSiSiGeGeGeGeGeGeSiSiSiGeGeGeSiSiSiSiSiSiGeSiSiGeSiSiSiGeSiSiSiGeSiGeGeSiGeSiSiSiGeGeGeGeGeSiGeGeSiGeGe
   -29760.0585937500 SiGeGeGeSiGeGeGeGeSiSiGeGeGeGeGeGeSiSiSiGeGeGeSiSiSiSiSiSiGeSiSiGeSiSiSiGeSiSiSiGeSiGeGeSiGeSiSiSiGeGeGeGeGeSiGeGeSiGeGe
   -29760.0585937500 SiGeGeGeSiGeGeGeGeSiSiGeGeGeGeGeGeSiSiSiGeGeGeSiSiSiSiSiSiGeSiSiGeSiSiSiGeSiSiSiGeSiGeGeSiGeSiSiSiGeGeGeGeGeSiGeGeSiGeGe
   -29760.0585937500 SiGeGeGeSiGeGeGeGeSiSiGeGeGeGeGeGeSiSiSiGeGeGeSiSiSiSiSiSiGeSiSiGeSiSiSiGeSiSiSiGeSiGeGeSiGeSiSiSiGeGeGeGeGeSiGeGeSiGeGe
   -29760.0585937500 SiGeGeGeSiGeGeGeGeSiSiGeGeGeGeGeGeSiSiSiGeGeGeSiSiSiSiSiSiGeSiSiGeSiSiSiGeSiSiSiGeSiGeGeSiGeSiSiSiGeGeGeGeGeSiGeGeSiGeGe
   -29760.0585937500 SiGeGeGeSiGeGeGeGeSiSiGeGeGeGeGeGeSiSiSiGeGeGeSiSiSiSiSiSiGeSiSiGeSiSiSiGeSiSiSiGeSiGeGeSiGeSiSiSiGeGeGeGeGeSiGeGeSiGeGe
   -29760.0585937500 SiGeGeGeSiGeGeGeGeSiSiGeGeGeGeGeGeSiSiSiGeGeGeSiSiSiSiSiSiGeSiSiGeSiSiSiGeSiSiSiGeSiGeGeSiGeSiSiSiGeGeGeGeGeSiGeGeSiGeGe
   -29760.0585937500 SiGeGeGeSiGeGeGeGeSiSiGeGeGeGeGeGeSiSiSiGeGeGeSiSiSiSiSiSiGeSiSiGeSiSiSiGeSiSiSiGeSiGeGeSiGeSiSiSiGeGeGeGeGeSiGeGeSiGeGe
   -29760.0585937500 SiGeGeGeSiGeGeGeGeSiSiGeGeGeGeGeGeSiSiSiGeGeGeSiSiSiSiSiSiGeSiSiGeSiSiSiGeSiSiSiGeSiGeGeSiGeSiSiSiGeGeGeGeGeSiGeGeSiGeGe
   -29760.0585937500 SiGeGeGeSiGeGeGeGeSiSiGeGeGeGeGeGeSiSiSiGeGeGeSiSiSiSiSiSiGeSiSiGeSiSiSiGeSiSiSiGeSiGeGeSiGeSiSiSiGeGeGeGeGeSiGeGeSiGeGe
   -29760.0585937500 SiGeGeGeSiGeGeGeGeSiSiGeGeGeGeGeGeSiSiSiGeGeGeSiSiSiSiSiSiGeSiSiGeSiSiSiGeSiSiSiGeSiGeGeSiGeSiSiSiGeGeGeGeGeSiGeGeSiGeGe
   -29760.0585937500 SiGeGeGeSiGeGeGeGeSiSiGeGeGeGeGeGeSiSiSiGeGeGeSiSiSiSiSiSiGeSiSiGeSiSiSiGeSiSiSiGeSiGeGeSiGeSiSiSiGeGeGeGeGeSiGeGeSiGeGe
   -29760.0585937500 SiGeGeGeSiGeGeGeGeSiSiGeGeGeGeGeGeSiSiSiGeGeGeSiSiSiSiSiSiGeSiSiGeSiSiSiGeSiSiSiGeSiGeGeSiGeSiSiSiGeGeGeGeGeSiGeGeSiGeGe
   -29760.0585937500 SiGeGeGeSiGeGeGeGeSiSiGeGeGeGeGeGeSiSiSiGeGeGeSiSiSiSiSiSiGeSiSiGeSiSiSiGeSiSiSiGeSiGeGeSiGeSiSiSiGeGeGeGeGeSiGeGeSiGeGe
   -29760.0585937500 SiGeGeGeSiGeGeGeGeSiSiGeGeGeGeGeGeSiSiSiGeGeGeSiSiSiSiSiSiGeSiSiGeSiSiSiGeSiSiSiGeSiGeGeSiGeSiSiSiGeGeGeGeGeSiGeGeSiGeGe
   -29760.0585937500 SiGeGeGeSiGeGeGeGeSiSiGeGeGeGeGeGeSiSiSiGeGeGeSiSiSiSiSiSiGeSiSiGeSiSiSiGeSiSiSiGeSiGeGeSiGeSiSiSiGeGeGeGeGeSiGeGeSiGeGe
   -29760.0585937500 SiGeGeGeSiGeGeGeGeSiSiGeGeGeGeGeGeSiSiSiGeGeGeSiSiSiSiSiSiGeSiSiGeSiSiSiGeSiSiSiGeSiGeGeSiGeSiSiSiGeGeGeGeGeSiGeGeSiGeGe
   -29760.0585937500 SiGeGeGeSiGeGeGeGeSiSiGeGeGeGeGeGeSiSiSiGeGeGeSiSiSiSiSiSiGeSiSiGeSiSiSiGeSiSiSiGeSiGeGeSiGeSiSiSiGeGeGeGeGeSiGeGeSiGeGe
   -29760.0585937500 SiGeGeGeSiGeGeGeGeSiSiGeGeGeGeGeGeSiSiSiGeGeGeSiSiSiSiSiSiGeSiSiGeSiSiSiGeSiSiSiGeSiGeGeSiGeSiSiSiGeGeGeGeGeSiGeGeSiGeGe
   -29760.0585937500 SiGeGeGeSiGeGeGeGeSiSiGeGeGeGeGeGeSiSiSiGeGeGeSiSiSiSiSiSiGeSiSiGeSiSiSiGeSiSiSiGeSiGeGeSiGeSiSiSiGeGeGeGeGeSiGeGeSiGeGe
   -29760.0585937500 SiGeGeGeSiGeGeGeGeSiSiGeGeGeGeGeGeSiSiSiGeGeGeSiSiSiSiSiSiGeSiSiGeSiSiSiGeSiSiSiGeSiGeGeSiGeSiSiSiGeGeGeGeGeSiGeGeSiGeGe
   -29760.0585937500 SiGeGeGeSiGeGeGeGeSiSiGeGeGeGeGeGeSiSiSiGeGeGeSiSiSiSiSiSiGeSiSiGeSiSiSiGeSiSiSiGeSiGeGeSiGeSiSiSiGeGeGeGeGeSiGeGeSiGeGe
   -29760.0585937500 SiGeGeGeSiGeGeGeGeSiSiGeGeGeGeGeGeSiSiSiGeGeGeSiSiSiSiSiSiGeSiSiGeSiSiSiGeSiSiSiGeSiGeGeSiGeSiSiSiGeGeGeGeGeSiGeGeSiGeGe
   -29760.0585937500 SiGeGeGeSiGeGeGeGeSiSiGeGeGeGeGeGeSiSiSiGeGeGeSiSiSiSiSiSiGeSiSiGeSiSiSiGeSiSiSiGeSiGeGeSiGeSiSiSiGeGeGeGeGeSiGeGeSiGeGe
   -29760.0585937500 SiGeGeGeSiGeGeGeGeSiSiGeGeGeGeGeGeSiSiSiGeGeGeSiSiSiSiSiSiGeSiSiGeSiSiSiGeSiSiSiGeSiGeGeSiGeSiSiSiGeGeGeGeGeSiGeGeSiGeGe
   -29760.0585937500 SiGeGeGeSiGeGeGeGeSiSiGeGeGeGeGeGeSiSiSiGeGeGeSiSiSiSiSiSiGeSiSiGeSiSiSiGeSiSiSiGeSiGeGeSiGeSiSiSiGeGeGeGeGeSiGeGeSiGeGe
   -29760.0585937500 SiGeGeGeSiGeGeGeGeSiSiGeGeGeGeGeGeSiSiSiGeGeGeSiSiSiSiSiSiGeSiSiGeSiSiSiGeSiSiSiGeSiGeGeSiGeSiSiSiGeGeGeGeGeSiGeGeSiGeGe
   -29760.0585937500 SiGeGeGeSiGeGeGeGeSiSiGeGeGeGeGeGeSiSiSiGeGeGeSiSiSiSiSiSiGeSiSiGeSiSiSiGeSiSiSiGeSiGeGeSiGeSiSiSiGeGeGeGeGeSiGeGeSiGeGe
   -29760.0585937500 SiGeGeGeSiGeGeGeGeSiSiGeGeGeGeGeGeSiSiSiGeGeGeSiSiSiSiSiSiGeSiSiGeSiSiSiGeSiSiSiGeSiGeGeSiGeSiSiSiGeGeGeGeGeSiGeGeSiGeGe
   -29760.0585937500 SiGeGeGeSiGeGeGeGeSiSiGeGeGeGeGeGeSiSiSiGeGeGeSiSiSiSiSiSiGeSiSiGeSiSiSiGeSiSiSiGeSiGeGeSiGeSiSiSiGeGeGeGeGeSiGeGeSiGeGe
   -29760.0585937500 SiGeGeGeSiGeGeGeGeSiSiGeGeGeGeGeGeSiSiSiGeGeGeSiSiSiSiSiSiGeSiSiGeSiSiSiGeSiSiSiGeSiGeGeSiGeSiSiSiGeGeGeGeGeSiGeGeSiGeGe
   -29760.0585937500 SiGeGeGeSiGeGeGeGeSiSiGeGeGeGeGeGeSiSiSiGeGeGeSiSiSiSiSiSiGeSiSiGeSiSiSiGeSiSiSiGeSiGeGeSiGeSiSiSiGeGeGeGeGeSiGeGeSiGeGe
   -29760.0585937500 SiGeGeGeSiGeGeGeGeSiSiGeGeGeGeGeGeSiSiSiGeGeGeSiSiSiSiSiSiGeSiSiGeSiSiSiGeSiSiSiGeSiGeGeSiGeSiSiSiGeGeGeGeGeSiGeGeSiGeGe
   -29760.0585937500 SiGeGeGeSiGeGeGeGeSiSiGeGeGeGeGeGeSiSiSiGeGeGeSiSiSiSiSiSiGeSiSiGeSiSiSiGeSiSiSiGeSiGeGeSiGeSiSiSiGeGeGeGeGeSiGeGeSiGeGe
   -29760.0585937500 SiGeGeGeSiGeGeGeGeSiSiGeGeGeGeGeGeSiSiSiGeGeGeSiSiSiSiSiSiGeSiSiGeSiSiSiGeSiSiSiGeSiGeGeSiGeSiSiSiGeGeGeGeGeSiGeGeSiGeGe
   -29760.0585937500 SiGeGeGeSiGeGeGeGeSiSiGeGeGeGeGeGeSiSiSiGeGeGeSiSiSiSiSiSiGeSiSiGeSiSiSiGeSiSiSiGeSiGeGeSiGeSiSiSiGeGeGeGeGeSiGeGeSiGeGe
   -29760.0585937500 SiGeGeGeSiGeGeGeGeSiSiGeGeGeGeGeGeSiSiSiGeGeGeSiSiSiSiSiSiGeSiSiGeSiSiSiGeSiSiSiGeSiGeGeSiGeSiSiSiGeGeGeGeGeSiGeGeSiGeGe
   -29760.0585937500 SiGeGeGeSiGeGeGeGeSiSiGeGeGeGeGeGeSiSiSiGeGeGeSiSiSiSiSiSiGeSiSiGeSiSiSiGeSiSiSiGeSiGeGeSiGeSiSiSiGeGeGeGeGeSiGeGeSiGeGe
   -29760.0585937500 SiGeGeGeSiGeGeGeGeSiSiGeGeGeGeGeGeSiSiSiGeGeGeSiSiSiSiSiSiGeSiSiGeSiSiSiGeSiSiSiGeSiGeGeSiGeSiSiSiGeGeGeGeGeSiGeGeSiGeGe
   -29760.0585937500 SiGeGeGeSiGeGeGeGeSiSiGeGeGeGeGeGeSiSiSiGeGeGeSiSiSiSiSiSiGeSiSiGeSiSiSiGeSiSiSiGeSiGeGeSiGeSiSiSiGeGeGeGeGeSiGeGeSiGeGe
   -29760.0585937500 SiGeGeGeSiGeGeGeGeSiSiGeGeGeGeGeGeSiSiSiGeGeGeSiSiSiSiSiSiGeSiSiGeSiSiSiGeSiSiSiGeSiGeGeSiGeSiSiSiGeGeGeGeGeSiGeGeSiGeGe
   -29760.0585937500 SiGeGeGeSiGeGeGeGeSiSiGeGeGeGeGeGeSiSiSiGeGeGeSiSiSiSiSiSiGeSiSiGeSiSiSiGeSiSiSiGeSiGeGeSiGeSiSiSiGeGeGeGeGeSiGeGeSiGeGe
   -29760.0585937500 SiGeGeGeSiGeGeGeGeSiSiGeGeGeGeGeGeSiSiSiGeGeGeSiSiSiSiSiSiGeSiSiGeSiSiSiGeSiSiSiGeSiGeGeSiGeSiSiSiGeGeGeGeGeSiGeGeSiGeGe
   -29760.0585937500 SiGeGeGeSiGeGeGeGeSiSiGeGeGeGeGeGeSiSiSiGeGeGeSiSiSiSiSiSiGeSiSiGeSiSiSiGeSiSiSiGeSiGeGeSiGeSiSiSiGeGeGeGeGeSiGeGeSiGeGe
   -29760.0585937500 SiGeGeGeSiGeGeGeGeSiSiGeGeGeGeGeGeSiSiSiGeGeGeSiSiSiSiSiSiGeSiSiGeSiSiSiGeSiSiSiGeSiGeGeSiGeSiSiSiGeGeGeGeGeSiGeGeSiGeGe
   -29760.0585937500 SiGeGeGeSiGeGeGeGeSiSiGeGeGeGeGeGeSiSiSiGeGeGeSiSiSiSiSiSiGeSiSiGeSiSiSiGeSiSiSiGeSiGeGeSiGeSiSiSiGeGeGeGeGeSiGeGeSiGeGe
   -29760.0585937500 SiGeGeGeSiGeGeGeGeSiSiGeGeGeGeGeGeSiSiSiGeGeGeSiSiSiSiSiSiGeSiSiGeSiSiSiGeSiSiSiGeSiGeGeSiGeSiSiSiGeGeGeGeGeSiGeGeSiGeGe
   -29760.0585937500 SiGeGeGeSiGeGeGeGeSiSiGeGeGeGeGeGeSiSiSiGeGeGeSiSiSiSiSiSiGeSiSiGeSiSiSiGeSiSiSiGeSiGeGeSiGeSiSiSiGeGeGeGeGeSiGeGeSiGeGe
   -29760.0585937500 SiGeGeGeSiGeGeGeGeSiSiGeGeGeGeGeGeSiSiSiGeGeGeSiSiSiSiSiSiGeSiSiGeSiSiSiGeSiSiSiGeSiGeGeSiGeSiSiSiGeGeGeGeGeSiGeGeSiGeGe
   -29760.0585937500 SiGeGeGeSiGeGeGeGeSiSiGeGeGeGeGeGeSiSiSiGeGeGeSiSiSiSiSiSiGeSiSiGeSiSiSiGeSiSiSiGeSiGeGeSiGeSiSiSiGeGeGeGeGeSiGeGeSiGeGe
   -29760.0585937500 SiGeGeGeSiGeGeGeGeSiSiGeGeGeGeGeGeSiSiSiGeGeGeSiSiSiSiSiSiGeSiSiGeSiSiSiGeSiSiSiGeSiGeGeSiGeSiSiSiGeGeGeGeGeSiGeGeSiGeGe
   -29760.0585937500 SiGeGeGeSiGeGeGeGeSiSiGeGeGeGeGeGeSiSiSiGeGeGeSiSiSiSiSiSiGeSiSiGeSiSiSiGeSiSiSiGeSiGeGeSiGeSiSiSiGeGeGeGeGeSiGeGeSiGeGe
   -29760.0585937500 SiGeGeGeSiGeGeGeGeSiSiGeGeGeGeGeGeSiSiSiGeGeGeSiSiSiSiSiSiGeSiSiGeSiSiSiGeSiSiSiGeSiGeGeSiGeSiSiSiGeGeGeGeGeSiGeGeSiGeGe
   -29760.0585937500 SiGeGeGeSiGeGeGeGeSiSiGeGeGeGeGeGeSiSiSiGeGeGeSiSiSiSiSiSiGeSiSiGeSiSiSiGeSiSiSiGeSiGeGeSiGeSiSiSiGeGeGeGeGeSiGeGeSiGeGe
   -29760.0585937500 SiGeGeGeSiGeGeGeGeSiSiGeGeGeGeGeGeSiSiSiGeGeGeSiSiSiSiSiSiGeSiSiGeSiSiSiGeSiSiSiGeSiGeGeSiGeSiSiSiGeGeGeGeGeSiGeGeSiGeGe
   -29760.0585937500 SiGeGeGeSiGeGeGeGeSiSiGeGeGeGeGeGeSiSiSiGeGeGeSiSiSiSiSiSiGeSiSiGeSiSiSiGeSiSiSiGeSiGeGeSiGeSiSiSiGeGeGeGeGeSiGeGeSiGeGe
   -29760.0585937500 SiGeGeGeSiGeGeGeGeSiSiGeGeGeGeGeGeSiSiSiGeGeGeSiSiSiSiSiSiGeSiSiGeSiSiSiGeSiSiSiGeSiGeGeSiGeSiSiSiGeGeGeGeGeSiGeGeSiGeGe
   -29760.0585937500 SiGeGeGeSiGeGeGeGeSiSiGeGeGeGeGeGeSiSiSiGeGeGeSiSiSiSiSiSiGeSiSiGeSiSiSiGeSiSiSiGeSiGeGeSiGeSiSiSiGeGeGeGeGeSiGeGeSiGeGe
   -29760.0585937500 SiGeGeGeSiGeGeGeGeSiSiGeGeGeGeGeGeSiSiSiGeGeGeSiSiSiSiSiSiGeSiSiGeSiSiSiGeSiSiSiGeSiGeGeSiGeSiSiSiGeGeGeGeGeSiGeGeSiGeGe
   -29760.0585937500 SiGeGeGeSiGeGeGeGeSiSiGeGeGeGeGeGeSiSiSiGeGeGeSiSiSiSiSiSiGeSiSiGeSiSiSiGeSiSiSiGeSiGeGeSiGeSiSiSiGeGeGeGeGeSiGeGeSiGeGe
   -29760.0585937500 SiGeGeGeSiGeGeGeGeSiSiGeGeGeGeGeGeSiSiSiGeGeGeSiSiSiSiSiSiGeSiSiGeSiSiSiGeSiSiSiGeSiGeGeSiGeSiSiSiGeGeGeGeGeSiGeGeSiGeGe
   -29760.0585937500 SiGeGeGeSiGeGeGeGeSiSiGeGeGeGeGeGeSiSiSiGeGeGeSiSiSiSiSiSiGeSiSiGeSiSiSiGeSiSiSiGeSiGeGeSiGeSiSiSiGeGeGeGeGeSiGeGeSiGeGe
   -29760.0585937500 SiGeGeGeSiGeGeGeGeSiSiGeGeGeGeGeGeSiSiSiGeGeGeSiSiSiSiSiSiGeSiSiGeSiSiSiGeSiSiSiGeSiGeGeSiGeSiSiSiGeGeGeGeGeSiGeGeSiGeGe
   -29760.0585937500 SiGeGeGeSiGeGeGeGeSiSiGeGeGeGeGeGeSiSiSiGeGeGeSiSiSiSiSiSiGeSiSiGeSiSiSiGeSiSiSiGeSiGeGeSiGeSiSiSiGeGeGeGeGeSiGeGeSiGeGe
   -29760.0585937500 SiGeGeGeSiGeGeGeGeSiSiGeGeGeGeGeGeSiSiSiGeGeGeSiSiSiSiSiSiGeSiSiGeSiSiSiGeSiSiSiGeSiGeGeSiGeSiSiSiGeGeGeGeGeSiGeGeSiGeGe
   -29760.0585937500 SiGeGeGeSiGeGeGeGeSiSiGeGeGeGeGeGeSiSiSiGeGeGeSiSiSiSiSiSiGeSiSiGeSiSiSiGeSiSiSiGeSiGeGeSiGeSiSiSiGeGeGeGeGeSiGeGeSiGeGe
   -29760.0585937500 SiGeGeGeSiGeGeGeGeSiSiGeGeGeGeGeGeSiSiSiGeGeGeSiSiSiSiSiSiGeSiSiGeSiSiSiGeSiSiSiGeSiGeGeSiGeSiSiSiGeGeGeGeGeSiGeGeSiGeGe
   -29760.0585937500 SiGeGeGeSiGeGeGeGeSiSiGeGeGeGeGeGeSiSiSiGeGeGeSiSiSiSiSiSiGeSiSiGeSiSiSiGeSiSiSiGeSiGeGeSiGeSiSiSiGeGeGeGeGeSiGeGeSiGeGe
   -29760.0585937500 SiGeGeGeSiGeGeGeGeSiSiGeGeGeGeGeGeSiSiSiGeGeGeSiSiSiSiSiSiGeSiSiGeSiSiSiGeSiSiSiGeSiGeGeSiGeSiSiSiGeGeGeGeGeSiGeGeSiGeGe
   -29760.0585937500 SiGeGeGeSiGeGeGeGeSiSiGeGeGeGeGeGeSiSiSiGeGeGeSiSiSiSiSiSiGeSiSiGeSiSiSiGeSiSiSiGeSiGeGeSiGeSiSiSiGeGeGeGeGeSiGeGeSiGeGe
   -29760.0585937500 SiGeGeGeSiGeGeGeGeSiSiGeGeGeGeGeGeSiSiSiGeGeGeSiSiSiSiSiSiGeSiSiGeSiSiSiGeSiSiSiGeSiGeGeSiGeSiSiSiGeGeGeGeGeSiGeGeSiGeGe
   -29760.0585937500 SiGeGeGeSiGeGeGeGeSiSiGeGeGeGeGeGeSiSiSiGeGeGeSiSiSiSiSiSiGeSiSiGeSiSiSiGeSiSiSiGeSiGeGeSiGeSiSiSiGeGeGeGeGeSiGeGeSiGeGe
   -29760.0585937500 SiGeGeGeSiGeGeGeGeSiSiGeGeGeGeGeGeSiSiSiGeGeGeSiSiSiSiSiSiGeSiSiGeSiSiSiGeSiSiSiGeSiGeGeSiGeSiSiSiGeGeGeGeGeSiGeGeSiGeGe
   -29760.0585937500 SiGeGeGeSiGeGeGeGeSiSiGeGeGeGeGeGeSiSiSiGeGeGeSiSiSiSiSiSiGeSiSiGeSiSiSiGeSiSiSiGeSiGeGeSiGeSiSiSiGeGeGeGeGeSiGeGeSiGeGe
   -29760.0585937500 SiGeGeGeSiGeGeGeGeSiSiGeGeGeGeGeGeSiSiSiGeGeGeSiSiSiSiSiSiGeSiSiGeSiSiSiGeSiSiSiGeSiGeGeSiGeSiSiSiGeGeGeGeGeSiGeGeSiGeGe
   -29760.0585937500 SiGeGeGeSiGeGeGeGeSiSiGeGeGeGeGeGeSiSiSiGeGeGeSiSiSiSiSiSiGeSiSiGeSiSiSiGeSiSiSiGeSiGeGeSiGeSiSiSiGeGeGeGeGeSiGeGeSiGeGe
   -29760.0585937500 SiGeGeGeSiGeGeGeGeSiSiGeGeGeGeGeGeSiSiSiGeGeGeSiSiSiSiSiSiGeSiSiGeSiSiSiGeSiSiSiGeSiGeGeSiGeSiSiSiGeGeGeGeGeSiGeGeSiGeGe
   -29760.0585937500 SiGeGeGeSiGeGeGeGeSiSiGeGeGeGeGeGeSiSiSiGeGeGeSiSiSiSiSiSiGeSiSiGeSiSiSiGeSiSiSiGeSiGeGeSiGeSiSiSiGeGeGeGeGeSiGeGeSiGeGe
   -29760.0585937500 SiGeGeGeSiGeGeGeGeSiSiGeGeGeGeGeGeSiSiSiGeGeGeSiSiSiSiSiSiGeSiSiGeSiSiSiGeSiSiSiGeSiGeGeSiGeSiSiSiGeGeGeGeGeSiGeGeSiGeGe
   -29760.0585937500 SiGeGeGeSiGeGeGeGeSiSiGeGeGeGeGeGeSiSiSiGeGeGeSiSiSiSiSiSiGeSiSiGeSiSiSiGeSiSiSiGeSiGeGeSiGeSiSiSiGeGeGeGeGeSiGeGeSiGeGe
   -29760.0585937500 SiGeGeGeSiGeGeGeGeSiSiGeGeGeGeGeGeSiSiSiGeGeGeSiSiSiSiSiSiGeSiSiGeSiSiSiGeSiSiSiGeSiGeGeSiGeSiSiSiGeGeGeGeGeSiGeGeSiGeGe
   -29760.0585937500 SiGeGeGeSiGeGeGeGeSiSiGeGeGeGeGeGeSiSiSiGeGeGeSiSiSiSiSiSiGeSiSiGeSiSiSiGeSiSiSiGeSiGeGeSiGeSiSiSiGeGeGeGeGeSiGeGeSiGeGe
   -29760.0585937500 SiGeGeGeSiGeGeGeGeSiSiGeGeGeGeGeGeSiSiSiGeGeGeSiSiSiSiSiSiGeSiSiGeSiSiSiGeSiSiSiGeSiGeGeSiGeSiSiSiGeGeGeGeGeSiGeGeSiGeGe
   -29760.0585937500 SiGeGeGeSiGeGeGeGeSiSiGeGeGeGeGeGeSiSiSiGeGeGeSiSiSiSiSiSiGeSiSiGeSiSiSiGeSiSiSiGeSiGeGeSiGeSiSiSiGeGeGeGeGeSiGeGeSiGeGe
   -29760.0585937500 SiGeGeGeSiGeGeGeGeSiSiGeGeGeGeGeGeSiSiSiGeGeGeSiSiSiSiSiSiGeSiSiGeSiSiSiGeSiSiSiGeSiGeGeSiGeSiSiSiGeGeGeGeGeSiGeGeSiGeGe
   -29760.0585937500 SiGeGeGeSiGeGeGeGeSiSiGeGeGeGeGeGeSiSiSiGeGeGeSiSiSiSiSiSiGeSiSiGeSiSiSiGeSiSiSiGeSiGeGeSiGeSiSiSiGeGeGeGeGeSiGeGeSiGeGe
   -29760.0585937500 SiGeGeGeSiGeGeGeGeSiSiGeGeGeGeGeGeSiSiSiGeGeGeSiSiSiSiSiSiGeSiSiGeSiSiSiGeSiSiSiGeSiGeGeSiGeSiSiSiGeGeGeGeGeSiGeGeSiGeGe
   -29760.0585937500 SiGeGeGeSiGeGeGeGeSiSiGeGeGeGeGeGeSiSiSiGeGeGeSiSiSiSiSiSiGeSiSiGeSiSiSiGeSiSiSiGeSiGeGeSiGeSiSiSiGeGeGeGeGeSiGeGeSiGeGe
   -29760.0585937500 SiGeGeGeSiGeGeGeGeSiSiGeGeGeGeGeGeSiSiSiGeGeGeSiSiSiSiSiSiGeSiSiGeSiSiSiGeSiSiSiGeSiGeGeSiGeSiSiSiGeGeGeGeGeSiGeGeSiGeGe
   -29760.0585937500 SiGeGeGeSiGeGeGeGeSiSiGeGeGeGeGeGeSiSiSiGeGeGeSiSiSiSiSiSiGeSiSiGeSiSiSiGeSiSiSiGeSiGeGeSiGeSiSiSiGeGeGeGeGeSiGeGeSiGeGe
   -29760.0585937500 SiGeGeGeSiGeGeGeGeSiSiGeGeGeGeGeGeSiSiSiGeGeGeSiSiSiSiSiSiGeSiSiGeSiSiSiGeSiSiSiGeSiGeGeSiGeSiSiSiGeGeGeGeGeSiGeGeSiGeGe
   -29760.0585937500 SiGeGeGeSiGeGeGeGeSiSiGeGeGeGeGeGeSiSiSiGeGeGeSiSiSiSiSiSiGeSiSiGeSiSiSiGeSiSiSiGeSiGeGeSiGeSiSiSiGeGeGeGeGeSiGeGeSiGeGe
   -29760.0585937500 SiGeGeGeSiGeGeGeGeSiSiGeGeGeGeGeGeSiSiSiGeGeGeSiSiSiSiSiSiGeSiSiGeSiSiSiGeSiSiSiGeSiGeGeSiGeSiSiSiGeGeGeGeGeSiGeGeSiGeGe
   -29760.0585937500 SiGeGeGeSiGeGeGeGeSiSiGeGeGeGeGeGeSiSiSiGeGeGeSiSiSiSiSiSiGeSiSiGeSiSiSiGeSiSiSiGeSiGeGeSiGeSiSiSiGeGeGeGeGeSiGeGeSiGeGe
   -29760.0585937500 SiGeGeGeSiGeGeGeGeSiSiGeGeGeGeGeGeSiSiSiGeGeGeSiSiSiSiSiSiGeSiSiGeSiSiSiGeSiSiSiGeSiGeGeSiGeSiSiSiGeGeGeGeGeSiGeGeSiGeGe
   -29760.0585937500 SiGeGeGeSiGeGeGeGeSiSiGeGeGeGeGeGeSiSiSiGeGeGeSiSiSiSiSiSiGeSiSiGeSiSiSiGeSiSiSiGeSiGeGeSiGeSiSiSiGeGeGeGeGeSiGeGeSiGeGe
   -29760.0585937500 SiGeGeGeSiGeGeGeGeSiSiGeGeGeGeGeGeSiSiSiGeGeGeSiSiSiSiSiSiGeSiSiGeSiSiSiGeSiSiSiGeSiGeGeSiGeSiSiSiGeGeGeGeGeSiGeGeSiGeGe
   -29760.0585937500 SiGeGeGeSiGeGeGeGeSiSiGeGeGeGeGeGeSiSiSiGeGeGeSiSiSiSiSiSiGeSiSiGeSiSiSiGeSiSiSiGeSiGeGeSiGeSiSiSiGeGeGeGeGeSiGeGeSiGeGe
   -29760.0585937500 SiGeGeGeSiGeGeGeGeSiSiGeGeGeGeGeGeSiSiSiGeGeGeSiSiSiSiSiSiGeSiSiGeSiSiSiGeSiSiSiGeSiGeGeSiGeSiSiSiGeGeGeGeGeSiGeGeSiGeGe
   -29760.0585937500 SiGeGeGeSiGeGeGeGeSiSiGeGeGeGeGeGeSiSiSiGeGeGeSiSiSiSiSiSiGeSiSiGeSiSiSiGeSiSiSiGeSiGeGeSiGeSiSiSiGeGeGeGeGeSiGeGeSiGeGe
   -29760.0585937500 SiGeGeGeSiGeGeGeGeSiSiGeGeGeGeGeGeSiSiSiGeGeGeSiSiSiSiSiSiGeSiSiGeSiSiSiGeSiSiSiGeSiGeGeSiGeSiSiSiGeGeGeGeGeSiGeGeSiGeGe
   -29760.0585937500 SiGeGeGeSiGeGeGeGeSiSiGeGeGeGeGeGeSiSiSiGeGeGeSiSiSiSiSiSiGeSiSiGeSiSiSiGeSiSiSiGeSiGeGeSiGeSiSiSiGeGeGeGeGeSiGeGeSiGeGe
   -29760.0585937500 SiGeGeGeSiGeGeGeGeSiSiGeGeGeGeGeGeSiSiSiGeGeGeSiSiSiSiSiSiGeSiSiGeSiSiSiGeSiSiSiGeSiGeGeSiGeSiSiSiGeGeGeGeGeSiGeGeSiGeGe
   -29760.0585937500 SiGeGeGeSiGeGeGeGeSiSiGeGeGeGeGeGeSiSiSiGeGeGeSiSiSiSiSiSiGeSiSiGeSiSiSiGeSiSiSiGeSiGeGeSiGeSiSiSiGeGeGeGeGeSiGeGeSiGeGe
   -29760.0585937500 SiGeGeGeSiGeGeGeGeSiSiGeGeGeGeGeGeSiSiSiGeGeGeSiSiSiSiSiSiGeSiSiGeSiSiSiGeSiSiSiGeSiGeGeSiGeSiSiSiGeGeGeGeGeSiGeGeSiGeGe
   -29760.0585937500 SiGeGeGeSiGeGeGeGeSiSiGeGeGeGeGeGeSiSiSiGeGeGeSiSiSiSiSiSiGeSiSiGeSiSiSiGeSiSiSiGeSiGeGeSiGeSiSiSiGeGeGeGeGeSiGeGeSiGeGe
   -29760.0585937500 SiGeGeGeSiGeGeGeGeSiSiGeGeGeGeGeGeSiSiSiGeGeGeSiSiSiSiSiSiGeSiSiGeSiSiSiGeSiSiSiGeSiGeGeSiGeSiSiSiGeGeGeGeGeSiGeGeSiGeGe
   -29760.0585937500 SiGeGeGeSiGeGeGeGeSiSiGeGeGeGeGeGeSiSiSiGeGeGeSiSiSiSiSiSiGeSiSiGeSiSiSiGeSiSiSiGeSiGeGeSiGeSiSiSiGeGeGeGeGeSiGeGeSiGeGe
   -29760.0585937500 SiGeGeGeSiGeGeGeGeSiSiGeGeGeGeGeGeSiSiSiGeGeGeSiSiSiSiSiSiGeSiSiGeSiSiSiGeSiSiSiGeSiGeGeSiGeSiSiSiGeGeGeGeGeSiGeGeSiGeGe
   -29760.0585937500 SiGeGeGeSiGeGeGeGeSiSiGeGeGeGeGeGeSiSiSiGeGeGeSiSiSiSiSiSiGeSiSiGeSiSiSiGeSiSiSiGeSiGeGeSiGeSiSiSiGeGeGeGeGeSiGeGeSiGeGe
   -29760.0585937500 SiGeGeGeSiGeGeGeGeSiSiGeGeGeGeGeGeSiSiSiGeGeGeSiSiSiSiSiSiGeSiSiGeSiSiSiGeSiSiSiGeSiGeGeSiGeSiSiSiGeGeGeGeGeSiGeGeSiGeGe
filename: c000000773058581.gin     
Cell:
    11.9020996    11.9020996    29.6919994    90.0000000    90.0000000   120.0000000
Box:
    11.9020996    -5.9510503     0.0000000
     0.0000000    10.3075209     0.0000000
     0.0000000     0.0000000    29.6919994
----------------------------------------
Inverse Box:
     0.0840188     0.0485083     0.0000000
     0.0000000     0.0970165     0.0000000
     0.0000000     0.0000000     0.0336791
----------------------------------------
==============================================
geometrical properties of  32 Ge:
 Configuration:           0
 D_ave:   9.17538548       3.49208593    
 D_min:   3.14703822      0.303324461    
 energia:  -29760.0586    
