Random Seed:   896176702
Number of atoms:    60
Space Group:    1
Cell:
    11.9020996    11.9020996    29.6919994    90.0000000    90.0000000   120.0000000
Box:
    11.9020996    -5.9510503     0.0000000
     0.0000000    10.3075209     0.0000000
     0.0000000     0.0000000    29.6919994
----------------------------------------
Inverse Box:
     0.0840188     0.0485083     0.0000000
     0.0000000     0.0970165     0.0000000
     0.0000000     0.0000000     0.0336791
----------------------------------------
GeSiSiSiSiSiSiSiSiSiSiSiSiSiSiSiSiSiGeSiSiSiSiSiSiSiSiSiSiSiSiSiSiSiSiSiSiSiSiSiSiSiSiSiSiSiSiSiSiSiSiSiSiSiSiSiSiSiSiSi
           1 Ge    -7733.11670    
GeGeSiSiSiSiSiSiSiSiSiSiSiSiSiSiSiSiGeSiSiSiSiSiSiSiSiSiSiSiSiSiSiSiSiSiSiSiSiSiSiSiSiSiSiSiSiSiSiSiSiSiSiSiSiSiSiSiSiSi
           2 Ge    -7727.16553    
GeGeSiGeSiSiSiSiSiSiSiSiSiSiSiSiSiSiGeSiSiSiSiSiSiSiSiSiSiSiSiSiSiSiSiSiSiSiSiSiSiSiSiSiSiSiSiSiSiSiSiSiSiSiSiSiSiSiSiSi
           4 Ge    -7734.04297    
GeGeSiGeGeSiSiSiSiSiSiSiSiSiSiSiSiSiGeSiSiSiSiSiSiSiSiSiSiSiSiSiSiSiSiSiSiSiSiSiSiSiSiSiSiSiSiSiSiSiSiSiSiSiSiSiSiSiSiSi
           5 Ge    -7752.05762    
GeGeSiGeGeGeSiSiSiSiSiSiSiSiSiSiSiSiGeSiSiSiSiSiSiSiSiSiSiSiSiSiSiSiSiSiSiSiSiSiSiSiSiSiSiSiSiSiSiSiSiSiSiSiSiSiSiSiSiSi
           6 Ge    -7787.14844    
GeGeSiGeGeGeGeSiSiSiSiSiSiSiSiSiSiSiGeSiSiSiSiSiSiSiSiSiSiSiSiSiSiSiSiSiSiSiSiSiSiSiSiSiSiSiSiSiSiSiSiSiSiSiSiSiSiSiSiSi
           7 Ge    -7429.62695    
GeGeSiGeGeGeGeGeSiSiSiSiSiSiSiSiSiSiGeSiSiSiSiSiSiSiSiSiSiSiSiSiSiSiSiSiSiSiSiSiSiSiSiSiSiSiSiSiSiSiSiSiSiSiSiSiSiSiSiSi
           8 Ge    -7572.44824    
GeGeSiGeGeGeGeGeSiSiSiGeSiSiSiSiSiSiGeSiSiSiSiSiSiSiSiSiSiSiSiSiSiSiSiSiSiSiSiSiSiSiSiSiSiSiSiSiSiSiSiSiSiSiSiSiSiSiSiSi
          12 Ge    -7821.77881    
GeGeSiGeGeGeGeGeSiSiSiGeSiSiSiGeSiSiGeSiSiSiSiSiSiSiSiSiSiSiSiSiSiSiSiSiSiSiSiSiSiSiSiSiSiSiSiSiSiSiSiSiSiSiSiSiSiSiSiSi
          16 Ge    -7208.05518    
GeGeSiGeGeGeGeGeSiSiSiGeSiSiSiGeSiSiGeSiSiSiSiSiSiGeSiSiSiSiSiSiSiSiSiSiSiSiSiSiSiSiSiSiSiSiSiSiSiSiSiSiSiSiSiSiSiSiSiSi
          26 Ge    -6819.31982    
GeGeSiGeGeGeGeGeSiSiSiGeSiSiSiGeSiSiGeSiSiSiSiSiSiGeSiSiSiGeSiSiSiSiSiSiSiSiSiSiSiSiSiSiSiSiSiSiSiSiSiSiSiSiSiSiSiSiSiSi
          30 Ge    -6762.52734    
GeGeSiGeGeGeGeGeSiSiSiGeSiSiSiGeSiSiGeSiSiSiSiSiSiGeSiSiSiGeSiSiGeSiSiSiSiSiSiSiSiSiSiSiSiSiSiSiSiSiSiSiSiSiSiSiSiSiSiSi
          33 Ge    -7218.07031    
GeGeSiGeGeGeGeGeSiSiSiGeSiSiSiGeSiSiGeSiSiSiSiSiSiGeSiSiSiGeSiSiGeSiSiGeSiSiSiSiSiSiSiSiSiSiSiSiSiSiSiSiSiSiSiSiSiSiSiSi
          36 Ge    -6207.67432    
GeGeSiGeGeGeGeGeSiSiSiGeSiSiSiGeSiSiGeSiSiSiSiSiSiGeSiSiSiGeSiSiGeSiSiGeSiSiGeSiSiSiSiSiSiSiSiSiSiSiSiSiSiSiSiSiSiSiSiSi
          39 Ge    -6665.80469    
GeGeSiGeGeGeGeGeSiSiSiGeSiSiSiGeSiSiGeSiSiSiSiSiSiGeSiSiSiGeSiSiGeSiSiGeSiSiGeSiSiGeSiSiSiSiSiSiSiSiSiSiSiSiSiSiSiSiSiSi
          42 Ge    -5092.31689    
GeGeSiGeGeGeGeGeSiSiSiGeSiSiSiGeSiSiGeSiSiSiSiSiSiGeSiSiSiGeSiSiGeSiSiGeSiSiGeSiSiGeSiSiGeSiSiSiSiSiSiSiSiSiSiSiSiSiSiSi
          45 Ge    -5757.38379    
GeGeSiGeGeGeGeGeSiSiSiGeSiSiSiGeSiSiGeSiSiSiSiSiSiGeSiSiSiGeSiSiGeSiSiGeSiSiGeSiSiGeSiSiGeGeSiSiSiSiSiSiSiSiSiSiSiSiSiSi
          46 Ge    -5898.07373    
GeGeSiGeGeGeGeGeSiSiSiGeSiSiSiGeSiSiGeSiSiSiSiSiSiGeSiSiSiGeSiSiGeSiSiGeSiSiGeSiSiGeSiSiGeGeSiSiSiSiSiSiSiSiSiSiGeSiSiSi
          57 Ge    -7164.04883    
GeGeGeGeGeGeGeGeSiSiSiGeSiSiSiGeSiSiGeSiSiSiSiSiSiGeSiSiSiGeSiSiGeSiSiGeSiSiGeSiSiGeSiSiGeGeSiSiSiSiSiSiSiSiSiSiGeSiSiSi
           3 Ge    -7882.68945    
GeGeGeGeGeGeGeGeSiGeSiGeSiSiSiGeSiSiGeSiSiSiSiSiSiGeSiSiSiGeSiSiGeSiSiGeSiSiGeSiSiGeSiSiGeGeSiSiSiSiSiSiSiSiSiSiGeSiSiSi
          10 Ge    -7153.70703    
GeGeGeGeGeGeGeGeSiGeGeGeSiSiSiGeSiSiGeSiSiSiSiSiSiGeSiSiSiGeSiSiGeSiSiGeSiSiGeSiSiGeSiSiGeGeSiSiSiSiSiSiSiSiSiSiGeSiSiSi
          11 Ge    -8659.30273    
GeGeGeGeGeGeGeGeSiGeGeGeGeSiSiGeSiSiGeSiSiSiSiSiSiGeSiSiSiGeSiSiGeSiSiGeSiSiGeSiSiGeSiSiGeGeSiSiSiSiSiSiSiSiSiSiGeSiSiSi
          13 Ge    -7494.38623    
GeGeGeGeGeGeGeGeSiGeGeGeGeGeSiGeSiSiGeSiSiSiSiSiSiGeSiSiSiGeSiSiGeSiSiGeSiSiGeSiSiGeSiSiGeGeSiSiSiSiSiSiSiSiSiSiGeSiSiSi
          14 Ge    -4992.66553    
GeGeGeGeGeGeGeGeSiGeGeGeGeGeSiGeSiSiGeSiSiSiGeSiSiGeSiSiSiGeSiSiGeSiSiGeSiSiGeSiSiGeSiSiGeGeSiSiSiSiSiSiSiSiSiSiGeSiSiSi
          23 Ge    -4258.21973    
GeGeGeGeGeGeGeGeSiGeGeGeGeGeSiGeSiSiGeSiSiSiGeGeSiGeSiSiSiGeSiSiGeSiSiGeSiSiGeSiSiGeSiSiGeGeSiSiSiSiSiSiSiSiSiSiGeSiSiSi
          24 Ge     2174.71680    
GeGeGeGeGeGeGeGeSiGeGeGeGeGeSiGeSiSiGeSiSiSiGeGeSiGeSiGeSiGeSiSiGeSiSiGeSiSiGeSiSiGeSiSiGeGeSiSiSiSiSiSiSiSiSiSiGeSiSiSi
          28 Ge     5506.39746    
GeGeGeGeGeGeGeGeSiGeGeGeGeGeSiGeSiSiGeSiSiSiGeGeSiGeSiGeSiGeSiSiGeSiSiGeSiSiGeGeSiGeSiSiGeGeSiSiSiSiSiSiSiSiSiSiGeSiSiSi
          40 Ge     10162.1348    
GeGeGeGeGeGeGeGeSiGeGeGeGeGeSiGeSiSiGeSiSiSiGeGeSiGeSiGeSiGeSiSiGeSiSiGeSiSiGeGeSiGeSiGeGeGeSiSiSiSiSiSiSiSiSiSiGeSiSiSi
          44 Ge     11368.3848    
GeGeGeGeGeGeGeGeSiGeGeGeGeGeSiGeSiSiGeSiSiSiGeGeSiGeSiGeSiGeSiSiGeSiSiGeSiSiGeGeSiGeSiGeGeGeSiSiSiSiSiSiSiSiSiSiGeGeSiSi
          58 Ge     13557.1924    
GeGeGeGeGeGeGeGeGeGeGeGeGeGeSiGeSiSiGeSiSiSiGeGeSiGeSiGeSiGeSiSiGeSiSiGeSiSiGeGeSiGeSiGeGeGeSiSiSiSiSiSiSiSiSiSiGeGeSiSi
           9 Ge     14395.3721    
GeGeGeGeGeGeGeGeGeGeGeGeGeGeGeGeSiSiGeSiSiSiGeGeSiGeSiGeSiGeSiSiGeSiSiGeSiSiGeGeSiGeSiGeGeGeSiSiSiSiSiSiSiSiSiSiGeGeSiSi
          15 Ge     21702.0039    
GeGeGeGeGeGeGeGeGeGeGeGeGeGeGeGeGeSiGeSiSiSiGeGeSiGeSiGeSiGeSiSiGeSiSiGeSiSiGeGeSiGeSiGeGeGeSiSiSiSiSiSiSiSiSiSiGeGeSiSi
          17 Ge     27149.0430    
GeGeGeGeGeGeGeGeGeGeGeGeGeGeGeGeGeGeGeSiSiSiGeGeSiGeSiGeSiGeSiSiGeSiSiGeSiSiGeGeSiGeSiGeGeGeSiSiSiSiSiSiSiSiSiSiGeGeSiSi
          18 Ge     32428.6523    
==============================================
MonteCarlo: Metropolis with identity changes
Si > Ge, Ge > Si. STOP when occurrence <    0.00000
==============================================
Cost_function     Occurrence %     Scan-Cost
    -7327.9003906250 GeSiGeGeGeGeSiSiSiSiGeSiSiGeGeGeSiSiGeGeGeGeSiGeGeSiGeSiGeSiGeGeSiGeSiSiGeGeSiGeGeSiSiSiGeSiGeSiSiGeSiSiSiGeGeGeGeGeGeGe
    -7327.9003906250 GeSiGeGeGeGeSiSiSiSiGeSiSiGeGeGeSiSiGeGeGeGeSiGeGeSiGeSiGeSiGeGeSiGeSiSiGeGeSiGeGeSiSiSiGeSiGeSiSiGeSiSiSiGeGeGeGeGeGeGe
    -8398.1093750000 GeSiGeGeGeGeSiSiSiSiGeSiSiGeGeGeSiSiGeGeGeGeSiGeGeSiGeSiGeSiGeGeSiGeSiSiGeGeSiGeGeGeSiSiGeGeSiSiSiGeSiSiSiSiGeGeGeGeGeGe
    -8398.1093750000 GeSiGeGeGeGeSiSiSiSiGeSiSiGeGeGeSiSiGeGeGeGeSiGeGeSiGeSiGeSiGeGeSiGeSiSiGeGeSiGeGeGeSiSiGeGeSiSiSiGeSiSiSiSiGeGeGeGeGeGe
   -11991.3437500000 GeSiGeGeGeGeSiSiSiSiGeSiSiGeGeSiSiSiGeGeGeGeSiGeGeSiGeSiGeSiGeGeSiGeSiSiGeGeGeGeGeGeSiSiGeGeSiSiSiGeSiSiSiSiGeGeGeGeGeGe
   -11991.3437500000 GeSiGeGeGeGeSiSiSiSiGeSiSiGeGeSiSiSiGeGeGeGeSiGeGeSiGeSiGeSiGeGeSiGeSiSiGeGeGeGeGeGeSiSiGeGeSiSiSiGeSiSiSiSiGeGeGeGeGeGe
   -11991.3437500000 GeSiGeGeGeGeSiSiSiSiGeSiSiGeGeSiSiSiGeGeGeGeSiGeGeSiGeSiGeSiGeGeSiGeSiSiGeGeGeGeGeGeSiSiGeGeSiSiSiGeSiSiSiSiGeGeGeGeGeGe
   -11991.3437500000 GeSiGeGeGeGeSiSiSiSiGeSiSiGeGeSiSiSiGeGeGeGeSiGeGeSiGeSiGeSiGeGeSiGeSiSiGeGeGeGeGeGeSiSiGeGeSiSiSiGeSiSiSiSiGeGeGeGeGeGe
   -15784.4003906250 GeSiGeGeGeGeSiSiSiSiGeSiSiGeSiSiSiSiGeGeGeGeSiGeGeSiGeSiGeSiGeGeSiGeSiGeGeGeGeGeGeGeSiSiGeSiGeSiSiGeSiSiSiSiGeGeGeGeGeGe
   -15784.4003906250 GeSiGeGeGeGeSiSiSiSiGeSiSiGeSiSiSiSiGeGeGeGeSiGeGeSiGeSiGeSiGeGeSiGeSiGeGeGeGeGeGeGeSiSiGeSiGeSiSiGeSiSiSiSiGeGeGeGeGeGe
   -15784.4003906250 GeSiGeGeGeGeSiSiSiSiGeSiSiGeSiSiSiSiGeGeGeGeSiGeGeSiGeSiGeSiGeGeSiGeSiGeGeGeGeGeGeGeSiSiGeSiGeSiSiGeSiSiSiSiGeGeGeGeGeGe
   -15784.4003906250 GeSiGeGeGeGeSiSiSiSiGeSiSiGeSiSiSiSiGeGeGeGeSiGeGeSiGeSiGeSiGeGeSiGeSiGeGeGeGeGeGeGeSiSiGeSiGeSiSiGeSiSiSiSiGeGeGeGeGeGe
   -15784.4003906250 GeSiGeGeGeGeSiSiSiSiGeSiSiGeSiSiSiSiGeGeGeGeSiGeGeSiGeSiGeSiGeGeSiGeSiGeGeGeGeGeGeGeSiSiGeSiGeSiSiGeSiSiSiSiGeGeGeGeGeGe
   -15784.4003906250 GeSiGeGeGeGeSiSiSiSiGeSiSiGeSiSiSiSiGeGeGeGeSiGeGeSiGeSiGeSiGeGeSiGeSiGeGeGeGeGeGeGeSiSiGeSiGeSiSiGeSiSiSiSiGeGeGeGeGeGe
   -21464.1679687500 GeSiGeGeGeGeSiSiSiSiGeSiSiGeSiSiSiSiGeGeGeGeSiGeGeGeGeSiGeSiGeGeGeGeSiGeGeSiGeGeGeGeSiSiSiSiGeSiSiGeSiSiSiSiGeGeGeGeGeGe
   -21464.1679687500 GeSiGeGeGeGeSiSiSiSiGeSiSiGeSiSiSiSiGeGeGeGeSiGeGeGeGeSiGeSiGeGeGeGeSiGeGeSiGeGeGeGeSiSiSiSiGeSiSiGeSiSiSiSiGeGeGeGeGeGe
   -21464.1679687500 GeSiGeGeGeGeSiSiSiSiGeSiSiGeSiSiSiSiGeGeGeGeSiGeGeGeGeSiGeSiGeGeGeGeSiGeGeSiGeGeGeGeSiSiSiSiGeSiSiGeSiSiSiSiGeGeGeGeGeGe
   -21464.1679687500 GeSiGeGeGeGeSiSiSiSiGeSiSiGeSiSiSiSiGeGeGeGeSiGeGeGeGeSiGeSiGeGeGeGeSiGeGeSiGeGeGeGeSiSiSiSiGeSiSiGeSiSiSiSiGeGeGeGeGeGe
   -21464.1679687500 GeSiGeGeGeGeSiSiSiSiGeSiSiGeSiSiSiSiGeGeGeGeSiGeGeGeGeSiGeSiGeGeGeGeSiGeGeSiGeGeGeGeSiSiSiSiGeSiSiGeSiSiSiSiGeGeGeGeGeGe
   -21464.1679687500 GeSiGeGeGeGeSiSiSiSiGeSiSiGeSiSiSiSiGeGeGeGeSiGeGeGeGeSiGeSiGeGeGeGeSiGeGeSiGeGeGeGeSiSiSiSiGeSiSiGeSiSiSiSiGeGeGeGeGeGe
   -21464.1679687500 GeSiGeGeGeGeSiSiSiSiGeSiSiGeSiSiSiSiGeGeGeGeSiGeGeGeGeSiGeSiGeGeGeGeSiGeGeSiGeGeGeGeSiSiSiSiGeSiSiGeSiSiSiSiGeGeGeGeGeGe
   -21464.1679687500 GeSiGeGeGeGeSiSiSiSiGeSiSiGeSiSiSiSiGeGeGeGeSiGeGeGeGeSiGeSiGeGeGeGeSiGeGeSiGeGeGeGeSiSiSiSiGeSiSiGeSiSiSiSiGeGeGeGeGeGe
   -21464.1679687500 GeSiGeGeGeGeSiSiSiSiGeSiSiGeSiSiSiSiGeGeGeGeSiGeGeGeGeSiGeSiGeGeGeGeSiGeGeSiGeGeGeGeSiSiSiSiGeSiSiGeSiSiSiSiGeGeGeGeGeGe
   -21464.1679687500 GeSiGeGeGeGeSiSiSiSiGeSiSiGeSiSiSiSiGeGeGeGeSiGeGeGeGeSiGeSiGeGeGeGeSiGeGeSiGeGeGeGeSiSiSiSiGeSiSiGeSiSiSiSiGeGeGeGeGeGe
   -21464.1679687500 GeSiGeGeGeGeSiSiSiSiGeSiSiGeSiSiSiSiGeGeGeGeSiGeGeGeGeSiGeSiGeGeGeGeSiGeGeSiGeGeGeGeSiSiSiSiGeSiSiGeSiSiSiSiGeGeGeGeGeGe
   -21464.1679687500 GeSiGeGeGeGeSiSiSiSiGeSiSiGeSiSiSiSiGeGeGeGeSiGeGeGeGeSiGeSiGeGeGeGeSiGeGeSiGeGeGeGeSiSiSiSiGeSiSiGeSiSiSiSiGeGeGeGeGeGe
   -21464.1679687500 GeSiGeGeGeGeSiSiSiSiGeSiSiGeSiSiSiSiGeGeGeGeSiGeGeGeGeSiGeSiGeGeGeGeSiGeGeSiGeGeGeGeSiSiSiSiGeSiSiGeSiSiSiSiGeGeGeGeGeGe
   -21464.1679687500 GeSiGeGeGeGeSiSiSiSiGeSiSiGeSiSiSiSiGeGeGeGeSiGeGeGeGeSiGeSiGeGeGeGeSiGeGeSiGeGeGeGeSiSiSiSiGeSiSiGeSiSiSiSiGeGeGeGeGeGe
   -21464.1679687500 GeSiGeGeGeGeSiSiSiSiGeSiSiGeSiSiSiSiGeGeGeGeSiGeGeGeGeSiGeSiGeGeGeGeSiGeGeSiGeGeGeGeSiSiSiSiGeSiSiGeSiSiSiSiGeGeGeGeGeGe
   -21464.1679687500 GeSiGeGeGeGeSiSiSiSiGeSiSiGeSiSiSiSiGeGeGeGeSiGeGeGeGeSiGeSiGeGeGeGeSiGeGeSiGeGeGeGeSiSiSiSiGeSiSiGeSiSiSiSiGeGeGeGeGeGe
   -21464.1679687500 GeSiGeGeGeGeSiSiSiSiGeSiSiGeSiSiSiSiGeGeGeGeSiGeGeGeGeSiGeSiGeGeGeGeSiGeGeSiGeGeGeGeSiSiSiSiGeSiSiGeSiSiSiSiGeGeGeGeGeGe
   -21464.1679687500 GeSiGeGeGeGeSiSiSiSiGeSiSiGeSiSiSiSiGeGeGeGeSiGeGeGeGeSiGeSiGeGeGeGeSiGeGeSiGeGeGeGeSiSiSiSiGeSiSiGeSiSiSiSiGeGeGeGeGeGe
   -21464.1679687500 GeSiGeGeGeGeSiSiSiSiGeSiSiGeSiSiSiSiGeGeGeGeSiGeGeGeGeSiGeSiGeGeGeGeSiGeGeSiGeGeGeGeSiSiSiSiGeSiSiGeSiSiSiSiGeGeGeGeGeGe
   -21464.1679687500 GeSiGeGeGeGeSiSiSiSiGeSiSiGeSiSiSiSiGeGeGeGeSiGeGeGeGeSiGeSiGeGeGeGeSiGeGeSiGeGeGeGeSiSiSiSiGeSiSiGeSiSiSiSiGeGeGeGeGeGe
   -21464.1679687500 GeSiGeGeGeGeSiSiSiSiGeSiSiGeSiSiSiSiGeGeGeGeSiGeGeGeGeSiGeSiGeGeGeGeSiGeGeSiGeGeGeGeSiSiSiSiGeSiSiGeSiSiSiSiGeGeGeGeGeGe
   -21464.1679687500 GeSiGeGeGeGeSiSiSiSiGeSiSiGeSiSiSiSiGeGeGeGeSiGeGeGeGeSiGeSiGeGeGeGeSiGeGeSiGeGeGeGeSiSiSiSiGeSiSiGeSiSiSiSiGeGeGeGeGeGe
   -21464.1679687500 GeSiGeGeGeGeSiSiSiSiGeSiSiGeSiSiSiSiGeGeGeGeSiGeGeGeGeSiGeSiGeGeGeGeSiGeGeSiGeGeGeGeSiSiSiSiGeSiSiGeSiSiSiSiGeGeGeGeGeGe
   -21464.1679687500 GeSiGeGeGeGeSiSiSiSiGeSiSiGeSiSiSiSiGeGeGeGeSiGeGeGeGeSiGeSiGeGeGeGeSiGeGeSiGeGeGeGeSiSiSiSiGeSiSiGeSiSiSiSiGeGeGeGeGeGe
   -21464.1679687500 GeSiGeGeGeGeSiSiSiSiGeSiSiGeSiSiSiSiGeGeGeGeSiGeGeGeGeSiGeSiGeGeGeGeSiGeGeSiGeGeGeGeSiSiSiSiGeSiSiGeSiSiSiSiGeGeGeGeGeGe
   -21464.1679687500 GeSiGeGeGeGeSiSiSiSiGeSiSiGeSiSiSiSiGeGeGeGeSiGeGeGeGeSiGeSiGeGeGeGeSiGeGeSiGeGeGeGeSiSiSiSiGeSiSiGeSiSiSiSiGeGeGeGeGeGe
   -21464.1679687500 GeSiGeGeGeGeSiSiSiSiGeSiSiGeSiSiSiSiGeGeGeGeSiGeGeGeGeSiGeSiGeGeGeGeSiGeGeSiGeGeGeGeSiSiSiSiGeSiSiGeSiSiSiSiGeGeGeGeGeGe
   -21464.1679687500 GeSiGeGeGeGeSiSiSiSiGeSiSiGeSiSiSiSiGeGeGeGeSiGeGeGeGeSiGeSiGeGeGeGeSiGeGeSiGeGeGeGeSiSiSiSiGeSiSiGeSiSiSiSiGeGeGeGeGeGe
   -21464.1679687500 GeSiGeGeGeGeSiSiSiSiGeSiSiGeSiSiSiSiGeGeGeGeSiGeGeGeGeSiGeSiGeGeGeGeSiGeGeSiGeGeGeGeSiSiSiSiGeSiSiGeSiSiSiSiGeGeGeGeGeGe
   -21464.1679687500 GeSiGeGeGeGeSiSiSiSiGeSiSiGeSiSiSiSiGeGeGeGeSiGeGeGeGeSiGeSiGeGeGeGeSiGeGeSiGeGeGeGeSiSiSiSiGeSiSiGeSiSiSiSiGeGeGeGeGeGe
   -21464.1679687500 GeSiGeGeGeGeSiSiSiSiGeSiSiGeSiSiSiSiGeGeGeGeSiGeGeGeGeSiGeSiGeGeGeGeSiGeGeSiGeGeGeGeSiSiSiSiGeSiSiGeSiSiSiSiGeGeGeGeGeGe
   -21464.1679687500 GeSiGeGeGeGeSiSiSiSiGeSiSiGeSiSiSiSiGeGeGeGeSiGeGeGeGeSiGeSiGeGeGeGeSiGeGeSiGeGeGeGeSiSiSiSiGeSiSiGeSiSiSiSiGeGeGeGeGeGe
   -21464.1679687500 GeSiGeGeGeGeSiSiSiSiGeSiSiGeSiSiSiSiGeGeGeGeSiGeGeGeGeSiGeSiGeGeGeGeSiGeGeSiGeGeGeGeSiSiSiSiGeSiSiGeSiSiSiSiGeGeGeGeGeGe
   -21464.1679687500 GeSiGeGeGeGeSiSiSiSiGeSiSiGeSiSiSiSiGeGeGeGeSiGeGeGeGeSiGeSiGeGeGeGeSiGeGeSiGeGeGeGeSiSiSiSiGeSiSiGeSiSiSiSiGeGeGeGeGeGe
   -21464.1679687500 GeSiGeGeGeGeSiSiSiSiGeSiSiGeSiSiSiSiGeGeGeGeSiGeGeGeGeSiGeSiGeGeGeGeSiGeGeSiGeGeGeGeSiSiSiSiGeSiSiGeSiSiSiSiGeGeGeGeGeGe
   -21464.1679687500 GeSiGeGeGeGeSiSiSiSiGeSiSiGeSiSiSiSiGeGeGeGeSiGeGeGeGeSiGeSiGeGeGeGeSiGeGeSiGeGeGeGeSiSiSiSiGeSiSiGeSiSiSiSiGeGeGeGeGeGe
   -21464.1679687500 GeSiGeGeGeGeSiSiSiSiGeSiSiGeSiSiSiSiGeGeGeGeSiGeGeGeGeSiGeSiGeGeGeGeSiGeGeSiGeGeGeGeSiSiSiSiGeSiSiGeSiSiSiSiGeGeGeGeGeGe
   -21464.1679687500 GeSiGeGeGeGeSiSiSiSiGeSiSiGeSiSiSiSiGeGeGeGeSiGeGeGeGeSiGeSiGeGeGeGeSiGeGeSiGeGeGeGeSiSiSiSiGeSiSiGeSiSiSiSiGeGeGeGeGeGe
   -21464.1679687500 GeSiGeGeGeGeSiSiSiSiGeSiSiGeSiSiSiSiGeGeGeGeSiGeGeGeGeSiGeSiGeGeGeGeSiGeGeSiGeGeGeGeSiSiSiSiGeSiSiGeSiSiSiSiGeGeGeGeGeGe
   -21464.1679687500 GeSiGeGeGeGeSiSiSiSiGeSiSiGeSiSiSiSiGeGeGeGeSiGeGeGeGeSiGeSiGeGeGeGeSiGeGeSiGeGeGeGeSiSiSiSiGeSiSiGeSiSiSiSiGeGeGeGeGeGe
   -21464.1679687500 GeSiGeGeGeGeSiSiSiSiGeSiSiGeSiSiSiSiGeGeGeGeSiGeGeGeGeSiGeSiGeGeGeGeSiGeGeSiGeGeGeGeSiSiSiSiGeSiSiGeSiSiSiSiGeGeGeGeGeGe
   -21464.1679687500 GeSiGeGeGeGeSiSiSiSiGeSiSiGeSiSiSiSiGeGeGeGeSiGeGeGeGeSiGeSiGeGeGeGeSiGeGeSiGeGeGeGeSiSiSiSiGeSiSiGeSiSiSiSiGeGeGeGeGeGe
   -21464.1679687500 GeSiGeGeGeGeSiSiSiSiGeSiSiGeSiSiSiSiGeGeGeGeSiGeGeGeGeSiGeSiGeGeGeGeSiGeGeSiGeGeGeGeSiSiSiSiGeSiSiGeSiSiSiSiGeGeGeGeGeGe
   -21464.1679687500 GeSiGeGeGeGeSiSiSiSiGeSiSiGeSiSiSiSiGeGeGeGeSiGeGeGeGeSiGeSiGeGeGeGeSiGeGeSiGeGeGeGeSiSiSiSiGeSiSiGeSiSiSiSiGeGeGeGeGeGe
   -21464.1679687500 GeSiGeGeGeGeSiSiSiSiGeSiSiGeSiSiSiSiGeGeGeGeSiGeGeGeGeSiGeSiGeGeGeGeSiGeGeSiGeGeGeGeSiSiSiSiGeSiSiGeSiSiSiSiGeGeGeGeGeGe
   -21464.1679687500 GeSiGeGeGeGeSiSiSiSiGeSiSiGeSiSiSiSiGeGeGeGeSiGeGeGeGeSiGeSiGeGeGeGeSiGeGeSiGeGeGeGeSiSiSiSiGeSiSiGeSiSiSiSiGeGeGeGeGeGe
   -21464.1679687500 GeSiGeGeGeGeSiSiSiSiGeSiSiGeSiSiSiSiGeGeGeGeSiGeGeGeGeSiGeSiGeGeGeGeSiGeGeSiGeGeGeGeSiSiSiSiGeSiSiGeSiSiSiSiGeGeGeGeGeGe
   -21464.1679687500 GeSiGeGeGeGeSiSiSiSiGeSiSiGeSiSiSiSiGeGeGeGeSiGeGeGeGeSiGeSiGeGeGeGeSiGeGeSiGeGeGeGeSiSiSiSiGeSiSiGeSiSiSiSiGeGeGeGeGeGe
   -21464.1679687500 GeSiGeGeGeGeSiSiSiSiGeSiSiGeSiSiSiSiGeGeGeGeSiGeGeGeGeSiGeSiGeGeGeGeSiGeGeSiGeGeGeGeSiSiSiSiGeSiSiGeSiSiSiSiGeGeGeGeGeGe
   -21464.1679687500 GeSiGeGeGeGeSiSiSiSiGeSiSiGeSiSiSiSiGeGeGeGeSiGeGeGeGeSiGeSiGeGeGeGeSiGeGeSiGeGeGeGeSiSiSiSiGeSiSiGeSiSiSiSiGeGeGeGeGeGe
   -21464.1679687500 GeSiGeGeGeGeSiSiSiSiGeSiSiGeSiSiSiSiGeGeGeGeSiGeGeGeGeSiGeSiGeGeGeGeSiGeGeSiGeGeGeGeSiSiSiSiGeSiSiGeSiSiSiSiGeGeGeGeGeGe
   -21464.1679687500 GeSiGeGeGeGeSiSiSiSiGeSiSiGeSiSiSiSiGeGeGeGeSiGeGeGeGeSiGeSiGeGeGeGeSiGeGeSiGeGeGeGeSiSiSiSiGeSiSiGeSiSiSiSiGeGeGeGeGeGe
   -21464.1679687500 GeSiGeGeGeGeSiSiSiSiGeSiSiGeSiSiSiSiGeGeGeGeSiGeGeGeGeSiGeSiGeGeGeGeSiGeGeSiGeGeGeGeSiSiSiSiGeSiSiGeSiSiSiSiGeGeGeGeGeGe
   -21464.1679687500 GeSiGeGeGeGeSiSiSiSiGeSiSiGeSiSiSiSiGeGeGeGeSiGeGeGeGeSiGeSiGeGeGeGeSiGeGeSiGeGeGeGeSiSiSiSiGeSiSiGeSiSiSiSiGeGeGeGeGeGe
   -21464.1679687500 GeSiGeGeGeGeSiSiSiSiGeSiSiGeSiSiSiSiGeGeGeGeSiGeGeGeGeSiGeSiGeGeGeGeSiGeGeSiGeGeGeGeSiSiSiSiGeSiSiGeSiSiSiSiGeGeGeGeGeGe
   -21464.1679687500 GeSiGeGeGeGeSiSiSiSiGeSiSiGeSiSiSiSiGeGeGeGeSiGeGeGeGeSiGeSiGeGeGeGeSiGeGeSiGeGeGeGeSiSiSiSiGeSiSiGeSiSiSiSiGeGeGeGeGeGe
   -21464.1679687500 GeSiGeGeGeGeSiSiSiSiGeSiSiGeSiSiSiSiGeGeGeGeSiGeGeGeGeSiGeSiGeGeGeGeSiGeGeSiGeGeGeGeSiSiSiSiGeSiSiGeSiSiSiSiGeGeGeGeGeGe
   -21464.1679687500 GeSiGeGeGeGeSiSiSiSiGeSiSiGeSiSiSiSiGeGeGeGeSiGeGeGeGeSiGeSiGeGeGeGeSiGeGeSiGeGeGeGeSiSiSiSiGeSiSiGeSiSiSiSiGeGeGeGeGeGe
   -21464.1679687500 GeSiGeGeGeGeSiSiSiSiGeSiSiGeSiSiSiSiGeGeGeGeSiGeGeGeGeSiGeSiGeGeGeGeSiGeGeSiGeGeGeGeSiSiSiSiGeSiSiGeSiSiSiSiGeGeGeGeGeGe
   -21464.1679687500 GeSiGeGeGeGeSiSiSiSiGeSiSiGeSiSiSiSiGeGeGeGeSiGeGeGeGeSiGeSiGeGeGeGeSiGeGeSiGeGeGeGeSiSiSiSiGeSiSiGeSiSiSiSiGeGeGeGeGeGe
   -21464.1679687500 GeSiGeGeGeGeSiSiSiSiGeSiSiGeSiSiSiSiGeGeGeGeSiGeGeGeGeSiGeSiGeGeGeGeSiGeGeSiGeGeGeGeSiSiSiSiGeSiSiGeSiSiSiSiGeGeGeGeGeGe
   -21464.1679687500 GeSiGeGeGeGeSiSiSiSiGeSiSiGeSiSiSiSiGeGeGeGeSiGeGeGeGeSiGeSiGeGeGeGeSiGeGeSiGeGeGeGeSiSiSiSiGeSiSiGeSiSiSiSiGeGeGeGeGeGe
   -21464.1679687500 GeSiGeGeGeGeSiSiSiSiGeSiSiGeSiSiSiSiGeGeGeGeSiGeGeGeGeSiGeSiGeGeGeGeSiGeGeSiGeGeGeGeSiSiSiSiGeSiSiGeSiSiSiSiGeGeGeGeGeGe
   -21464.1679687500 GeSiGeGeGeGeSiSiSiSiGeSiSiGeSiSiSiSiGeGeGeGeSiGeGeGeGeSiGeSiGeGeGeGeSiGeGeSiGeGeGeGeSiSiSiSiGeSiSiGeSiSiSiSiGeGeGeGeGeGe
   -21464.1679687500 GeSiGeGeGeGeSiSiSiSiGeSiSiGeSiSiSiSiGeGeGeGeSiGeGeGeGeSiGeSiGeGeGeGeSiGeGeSiGeGeGeGeSiSiSiSiGeSiSiGeSiSiSiSiGeGeGeGeGeGe
   -21464.1679687500 GeSiGeGeGeGeSiSiSiSiGeSiSiGeSiSiSiSiGeGeGeGeSiGeGeGeGeSiGeSiGeGeGeGeSiGeGeSiGeGeGeGeSiSiSiSiGeSiSiGeSiSiSiSiGeGeGeGeGeGe
   -21464.1679687500 GeSiGeGeGeGeSiSiSiSiGeSiSiGeSiSiSiSiGeGeGeGeSiGeGeGeGeSiGeSiGeGeGeGeSiGeGeSiGeGeGeGeSiSiSiSiGeSiSiGeSiSiSiSiGeGeGeGeGeGe
   -21464.1679687500 GeSiGeGeGeGeSiSiSiSiGeSiSiGeSiSiSiSiGeGeGeGeSiGeGeGeGeSiGeSiGeGeGeGeSiGeGeSiGeGeGeGeSiSiSiSiGeSiSiGeSiSiSiSiGeGeGeGeGeGe
   -21464.1679687500 GeSiGeGeGeGeSiSiSiSiGeSiSiGeSiSiSiSiGeGeGeGeSiGeGeGeGeSiGeSiGeGeGeGeSiGeGeSiGeGeGeGeSiSiSiSiGeSiSiGeSiSiSiSiGeGeGeGeGeGe
   -21464.1679687500 GeSiGeGeGeGeSiSiSiSiGeSiSiGeSiSiSiSiGeGeGeGeSiGeGeGeGeSiGeSiGeGeGeGeSiGeGeSiGeGeGeGeSiSiSiSiGeSiSiGeSiSiSiSiGeGeGeGeGeGe
   -21464.1679687500 GeSiGeGeGeGeSiSiSiSiGeSiSiGeSiSiSiSiGeGeGeGeSiGeGeGeGeSiGeSiGeGeGeGeSiGeGeSiGeGeGeGeSiSiSiSiGeSiSiGeSiSiSiSiGeGeGeGeGeGe
   -21464.1679687500 GeSiGeGeGeGeSiSiSiSiGeSiSiGeSiSiSiSiGeGeGeGeSiGeGeGeGeSiGeSiGeGeGeGeSiGeGeSiGeGeGeGeSiSiSiSiGeSiSiGeSiSiSiSiGeGeGeGeGeGe
   -21464.1679687500 GeSiGeGeGeGeSiSiSiSiGeSiSiGeSiSiSiSiGeGeGeGeSiGeGeGeGeSiGeSiGeGeGeGeSiGeGeSiGeGeGeGeSiSiSiSiGeSiSiGeSiSiSiSiGeGeGeGeGeGe
   -21464.1679687500 GeSiGeGeGeGeSiSiSiSiGeSiSiGeSiSiSiSiGeGeGeGeSiGeGeGeGeSiGeSiGeGeGeGeSiGeGeSiGeGeGeGeSiSiSiSiGeSiSiGeSiSiSiSiGeGeGeGeGeGe
   -21464.1679687500 GeSiGeGeGeGeSiSiSiSiGeSiSiGeSiSiSiSiGeGeGeGeSiGeGeGeGeSiGeSiGeGeGeGeSiGeGeSiGeGeGeGeSiSiSiSiGeSiSiGeSiSiSiSiGeGeGeGeGeGe
   -21464.1679687500 GeSiGeGeGeGeSiSiSiSiGeSiSiGeSiSiSiSiGeGeGeGeSiGeGeGeGeSiGeSiGeGeGeGeSiGeGeSiGeGeGeGeSiSiSiSiGeSiSiGeSiSiSiSiGeGeGeGeGeGe
   -21464.1679687500 GeSiGeGeGeGeSiSiSiSiGeSiSiGeSiSiSiSiGeGeGeGeSiGeGeGeGeSiGeSiGeGeGeGeSiGeGeSiGeGeGeGeSiSiSiSiGeSiSiGeSiSiSiSiGeGeGeGeGeGe
   -21464.1679687500 GeSiGeGeGeGeSiSiSiSiGeSiSiGeSiSiSiSiGeGeGeGeSiGeGeGeGeSiGeSiGeGeGeGeSiGeGeSiGeGeGeGeSiSiSiSiGeSiSiGeSiSiSiSiGeGeGeGeGeGe
   -21464.1679687500 GeSiGeGeGeGeSiSiSiSiGeSiSiGeSiSiSiSiGeGeGeGeSiGeGeGeGeSiGeSiGeGeGeGeSiGeGeSiGeGeGeGeSiSiSiSiGeSiSiGeSiSiSiSiGeGeGeGeGeGe
   -21464.1679687500 GeSiGeGeGeGeSiSiSiSiGeSiSiGeSiSiSiSiGeGeGeGeSiGeGeGeGeSiGeSiGeGeGeGeSiGeGeSiGeGeGeGeSiSiSiSiGeSiSiGeSiSiSiSiGeGeGeGeGeGe
   -21464.1679687500 GeSiGeGeGeGeSiSiSiSiGeSiSiGeSiSiSiSiGeGeGeGeSiGeGeGeGeSiGeSiGeGeGeGeSiGeGeSiGeGeGeGeSiSiSiSiGeSiSiGeSiSiSiSiGeGeGeGeGeGe
   -21464.1679687500 GeSiGeGeGeGeSiSiSiSiGeSiSiGeSiSiSiSiGeGeGeGeSiGeGeGeGeSiGeSiGeGeGeGeSiGeGeSiGeGeGeGeSiSiSiSiGeSiSiGeSiSiSiSiGeGeGeGeGeGe
   -21464.1679687500 GeSiGeGeGeGeSiSiSiSiGeSiSiGeSiSiSiSiGeGeGeGeSiGeGeGeGeSiGeSiGeGeGeGeSiGeGeSiGeGeGeGeSiSiSiSiGeSiSiGeSiSiSiSiGeGeGeGeGeGe
   -21464.1679687500 GeSiGeGeGeGeSiSiSiSiGeSiSiGeSiSiSiSiGeGeGeGeSiGeGeGeGeSiGeSiGeGeGeGeSiGeGeSiGeGeGeGeSiSiSiSiGeSiSiGeSiSiSiSiGeGeGeGeGeGe
   -21464.1679687500 GeSiGeGeGeGeSiSiSiSiGeSiSiGeSiSiSiSiGeGeGeGeSiGeGeGeGeSiGeSiGeGeGeGeSiGeGeSiGeGeGeGeSiSiSiSiGeSiSiGeSiSiSiSiGeGeGeGeGeGe
   -21464.1679687500 GeSiGeGeGeGeSiSiSiSiGeSiSiGeSiSiSiSiGeGeGeGeSiGeGeGeGeSiGeSiGeGeGeGeSiGeGeSiGeGeGeGeSiSiSiSiGeSiSiGeSiSiSiSiGeGeGeGeGeGe
   -21464.1679687500 GeSiGeGeGeGeSiSiSiSiGeSiSiGeSiSiSiSiGeGeGeGeSiGeGeGeGeSiGeSiGeGeGeGeSiGeGeSiGeGeGeGeSiSiSiSiGeSiSiGeSiSiSiSiGeGeGeGeGeGe
   -21464.1679687500 GeSiGeGeGeGeSiSiSiSiGeSiSiGeSiSiSiSiGeGeGeGeSiGeGeGeGeSiGeSiGeGeGeGeSiGeGeSiGeGeGeGeSiSiSiSiGeSiSiGeSiSiSiSiGeGeGeGeGeGe
   -21464.1679687500 GeSiGeGeGeGeSiSiSiSiGeSiSiGeSiSiSiSiGeGeGeGeSiGeGeGeGeSiGeSiGeGeGeGeSiGeGeSiGeGeGeGeSiSiSiSiGeSiSiGeSiSiSiSiGeGeGeGeGeGe
   -21464.1679687500 GeSiGeGeGeGeSiSiSiSiGeSiSiGeSiSiSiSiGeGeGeGeSiGeGeGeGeSiGeSiGeGeGeGeSiGeGeSiGeGeGeGeSiSiSiSiGeSiSiGeSiSiSiSiGeGeGeGeGeGe
   -21464.1679687500 GeSiGeGeGeGeSiSiSiSiGeSiSiGeSiSiSiSiGeGeGeGeSiGeGeGeGeSiGeSiGeGeGeGeSiGeGeSiGeGeGeGeSiSiSiSiGeSiSiGeSiSiSiSiGeGeGeGeGeGe
   -21464.1679687500 GeSiGeGeGeGeSiSiSiSiGeSiSiGeSiSiSiSiGeGeGeGeSiGeGeGeGeSiGeSiGeGeGeGeSiGeGeSiGeGeGeGeSiSiSiSiGeSiSiGeSiSiSiSiGeGeGeGeGeGe
   -21464.1679687500 GeSiGeGeGeGeSiSiSiSiGeSiSiGeSiSiSiSiGeGeGeGeSiGeGeGeGeSiGeSiGeGeGeGeSiGeGeSiGeGeGeGeSiSiSiSiGeSiSiGeSiSiSiSiGeGeGeGeGeGe
   -21464.1679687500 GeSiGeGeGeGeSiSiSiSiGeSiSiGeSiSiSiSiGeGeGeGeSiGeGeGeGeSiGeSiGeGeGeGeSiGeGeSiGeGeGeGeSiSiSiSiGeSiSiGeSiSiSiSiGeGeGeGeGeGe
   -21464.1679687500 GeSiGeGeGeGeSiSiSiSiGeSiSiGeSiSiSiSiGeGeGeGeSiGeGeGeGeSiGeSiGeGeGeGeSiGeGeSiGeGeGeGeSiSiSiSiGeSiSiGeSiSiSiSiGeGeGeGeGeGe
   -21464.1679687500 GeSiGeGeGeGeSiSiSiSiGeSiSiGeSiSiSiSiGeGeGeGeSiGeGeGeGeSiGeSiGeGeGeGeSiGeGeSiGeGeGeGeSiSiSiSiGeSiSiGeSiSiSiSiGeGeGeGeGeGe
   -21464.1679687500 GeSiGeGeGeGeSiSiSiSiGeSiSiGeSiSiSiSiGeGeGeGeSiGeGeGeGeSiGeSiGeGeGeGeSiGeGeSiGeGeGeGeSiSiSiSiGeSiSiGeSiSiSiSiGeGeGeGeGeGe
   -21464.1679687500 GeSiGeGeGeGeSiSiSiSiGeSiSiGeSiSiSiSiGeGeGeGeSiGeGeGeGeSiGeSiGeGeGeGeSiGeGeSiGeGeGeGeSiSiSiSiGeSiSiGeSiSiSiSiGeGeGeGeGeGe
   -21464.1679687500 GeSiGeGeGeGeSiSiSiSiGeSiSiGeSiSiSiSiGeGeGeGeSiGeGeGeGeSiGeSiGeGeGeGeSiGeGeSiGeGeGeGeSiSiSiSiGeSiSiGeSiSiSiSiGeGeGeGeGeGe
   -21464.1679687500 GeSiGeGeGeGeSiSiSiSiGeSiSiGeSiSiSiSiGeGeGeGeSiGeGeGeGeSiGeSiGeGeGeGeSiGeGeSiGeGeGeGeSiSiSiSiGeSiSiGeSiSiSiSiGeGeGeGeGeGe
   -21464.1679687500 GeSiGeGeGeGeSiSiSiSiGeSiSiGeSiSiSiSiGeGeGeGeSiGeGeGeGeSiGeSiGeGeGeGeSiGeGeSiGeGeGeGeSiSiSiSiGeSiSiGeSiSiSiSiGeGeGeGeGeGe
   -21464.1679687500 GeSiGeGeGeGeSiSiSiSiGeSiSiGeSiSiSiSiGeGeGeGeSiGeGeGeGeSiGeSiGeGeGeGeSiGeGeSiGeGeGeGeSiSiSiSiGeSiSiGeSiSiSiSiGeGeGeGeGeGe
   -21464.1679687500 GeSiGeGeGeGeSiSiSiSiGeSiSiGeSiSiSiSiGeGeGeGeSiGeGeGeGeSiGeSiGeGeGeGeSiGeGeSiGeGeGeGeSiSiSiSiGeSiSiGeSiSiSiSiGeGeGeGeGeGe
   -21464.1679687500 GeSiGeGeGeGeSiSiSiSiGeSiSiGeSiSiSiSiGeGeGeGeSiGeGeGeGeSiGeSiGeGeGeGeSiGeGeSiGeGeGeGeSiSiSiSiGeSiSiGeSiSiSiSiGeGeGeGeGeGe
   -21464.1679687500 GeSiGeGeGeGeSiSiSiSiGeSiSiGeSiSiSiSiGeGeGeGeSiGeGeGeGeSiGeSiGeGeGeGeSiGeGeSiGeGeGeGeSiSiSiSiGeSiSiGeSiSiSiSiGeGeGeGeGeGe
   -21464.1679687500 GeSiGeGeGeGeSiSiSiSiGeSiSiGeSiSiSiSiGeGeGeGeSiGeGeGeGeSiGeSiGeGeGeGeSiGeGeSiGeGeGeGeSiSiSiSiGeSiSiGeSiSiSiSiGeGeGeGeGeGe
   -21464.1679687500 GeSiGeGeGeGeSiSiSiSiGeSiSiGeSiSiSiSiGeGeGeGeSiGeGeGeGeSiGeSiGeGeGeGeSiGeGeSiGeGeGeGeSiSiSiSiGeSiSiGeSiSiSiSiGeGeGeGeGeGe
   -21464.1679687500 GeSiGeGeGeGeSiSiSiSiGeSiSiGeSiSiSiSiGeGeGeGeSiGeGeGeGeSiGeSiGeGeGeGeSiGeGeSiGeGeGeGeSiSiSiSiGeSiSiGeSiSiSiSiGeGeGeGeGeGe
   -21464.1679687500 GeSiGeGeGeGeSiSiSiSiGeSiSiGeSiSiSiSiGeGeGeGeSiGeGeGeGeSiGeSiGeGeGeGeSiGeGeSiGeGeGeGeSiSiSiSiGeSiSiGeSiSiSiSiGeGeGeGeGeGe
   -21464.1679687500 GeSiGeGeGeGeSiSiSiSiGeSiSiGeSiSiSiSiGeGeGeGeSiGeGeGeGeSiGeSiGeGeGeGeSiGeGeSiGeGeGeGeSiSiSiSiGeSiSiGeSiSiSiSiGeGeGeGeGeGe
   -21464.1679687500 GeSiGeGeGeGeSiSiSiSiGeSiSiGeSiSiSiSiGeGeGeGeSiGeGeGeGeSiGeSiGeGeGeGeSiGeGeSiGeGeGeGeSiSiSiSiGeSiSiGeSiSiSiSiGeGeGeGeGeGe
   -21464.1679687500 GeSiGeGeGeGeSiSiSiSiGeSiSiGeSiSiSiSiGeGeGeGeSiGeGeGeGeSiGeSiGeGeGeGeSiGeGeSiGeGeGeGeSiSiSiSiGeSiSiGeSiSiSiSiGeGeGeGeGeGe
   -21464.1679687500 GeSiGeGeGeGeSiSiSiSiGeSiSiGeSiSiSiSiGeGeGeGeSiGeGeGeGeSiGeSiGeGeGeGeSiGeGeSiGeGeGeGeSiSiSiSiGeSiSiGeSiSiSiSiGeGeGeGeGeGe
   -21464.1679687500 GeSiGeGeGeGeSiSiSiSiGeSiSiGeSiSiSiSiGeGeGeGeSiGeGeGeGeSiGeSiGeGeGeGeSiGeGeSiGeGeGeGeSiSiSiSiGeSiSiGeSiSiSiSiGeGeGeGeGeGe
   -21464.1679687500 GeSiGeGeGeGeSiSiSiSiGeSiSiGeSiSiSiSiGeGeGeGeSiGeGeGeGeSiGeSiGeGeGeGeSiGeGeSiGeGeGeGeSiSiSiSiGeSiSiGeSiSiSiSiGeGeGeGeGeGe
   -21464.1679687500 GeSiGeGeGeGeSiSiSiSiGeSiSiGeSiSiSiSiGeGeGeGeSiGeGeGeGeSiGeSiGeGeGeGeSiGeGeSiGeGeGeGeSiSiSiSiGeSiSiGeSiSiSiSiGeGeGeGeGeGe
   -21464.1679687500 GeSiGeGeGeGeSiSiSiSiGeSiSiGeSiSiSiSiGeGeGeGeSiGeGeGeGeSiGeSiGeGeGeGeSiGeGeSiGeGeGeGeSiSiSiSiGeSiSiGeSiSiSiSiGeGeGeGeGeGe
   -21464.1679687500 GeSiGeGeGeGeSiSiSiSiGeSiSiGeSiSiSiSiGeGeGeGeSiGeGeGeGeSiGeSiGeGeGeGeSiGeGeSiGeGeGeGeSiSiSiSiGeSiSiGeSiSiSiSiGeGeGeGeGeGe
   -21464.1679687500 GeSiGeGeGeGeSiSiSiSiGeSiSiGeSiSiSiSiGeGeGeGeSiGeGeGeGeSiGeSiGeGeGeGeSiGeGeSiGeGeGeGeSiSiSiSiGeSiSiGeSiSiSiSiGeGeGeGeGeGe
   -21464.1679687500 GeSiGeGeGeGeSiSiSiSiGeSiSiGeSiSiSiSiGeGeGeGeSiGeGeGeGeSiGeSiGeGeGeGeSiGeGeSiGeGeGeGeSiSiSiSiGeSiSiGeSiSiSiSiGeGeGeGeGeGe
   -21464.1679687500 GeSiGeGeGeGeSiSiSiSiGeSiSiGeSiSiSiSiGeGeGeGeSiGeGeGeGeSiGeSiGeGeGeGeSiGeGeSiGeGeGeGeSiSiSiSiGeSiSiGeSiSiSiSiGeGeGeGeGeGe
   -21464.1679687500 GeSiGeGeGeGeSiSiSiSiGeSiSiGeSiSiSiSiGeGeGeGeSiGeGeGeGeSiGeSiGeGeGeGeSiGeGeSiGeGeGeGeSiSiSiSiGeSiSiGeSiSiSiSiGeGeGeGeGeGe
   -21464.1679687500 GeSiGeGeGeGeSiSiSiSiGeSiSiGeSiSiSiSiGeGeGeGeSiGeGeGeGeSiGeSiGeGeGeGeSiGeGeSiGeGeGeGeSiSiSiSiGeSiSiGeSiSiSiSiGeGeGeGeGeGe
   -21464.1679687500 GeSiGeGeGeGeSiSiSiSiGeSiSiGeSiSiSiSiGeGeGeGeSiGeGeGeGeSiGeSiGeGeGeGeSiGeGeSiGeGeGeGeSiSiSiSiGeSiSiGeSiSiSiSiGeGeGeGeGeGe
   -21464.1679687500 GeSiGeGeGeGeSiSiSiSiGeSiSiGeSiSiSiSiGeGeGeGeSiGeGeGeGeSiGeSiGeGeGeGeSiGeGeSiGeGeGeGeSiSiSiSiGeSiSiGeSiSiSiSiGeGeGeGeGeGe
   -21464.1679687500 GeSiGeGeGeGeSiSiSiSiGeSiSiGeSiSiSiSiGeGeGeGeSiGeGeGeGeSiGeSiGeGeGeGeSiGeGeSiGeGeGeGeSiSiSiSiGeSiSiGeSiSiSiSiGeGeGeGeGeGe
   -21464.1679687500 GeSiGeGeGeGeSiSiSiSiGeSiSiGeSiSiSiSiGeGeGeGeSiGeGeGeGeSiGeSiGeGeGeGeSiGeGeSiGeGeGeGeSiSiSiSiGeSiSiGeSiSiSiSiGeGeGeGeGeGe
   -21464.1679687500 GeSiGeGeGeGeSiSiSiSiGeSiSiGeSiSiSiSiGeGeGeGeSiGeGeGeGeSiGeSiGeGeGeGeSiGeGeSiGeGeGeGeSiSiSiSiGeSiSiGeSiSiSiSiGeGeGeGeGeGe
   -21464.1679687500 GeSiGeGeGeGeSiSiSiSiGeSiSiGeSiSiSiSiGeGeGeGeSiGeGeGeGeSiGeSiGeGeGeGeSiGeGeSiGeGeGeGeSiSiSiSiGeSiSiGeSiSiSiSiGeGeGeGeGeGe
   -21464.1679687500 GeSiGeGeGeGeSiSiSiSiGeSiSiGeSiSiSiSiGeGeGeGeSiGeGeGeGeSiGeSiGeGeGeGeSiGeGeSiGeGeGeGeSiSiSiSiGeSiSiGeSiSiSiSiGeGeGeGeGeGe
   -21464.1679687500 GeSiGeGeGeGeSiSiSiSiGeSiSiGeSiSiSiSiGeGeGeGeSiGeGeGeGeSiGeSiGeGeGeGeSiGeGeSiGeGeGeGeSiSiSiSiGeSiSiGeSiSiSiSiGeGeGeGeGeGe
   -21464.1679687500 GeSiGeGeGeGeSiSiSiSiGeSiSiGeSiSiSiSiGeGeGeGeSiGeGeGeGeSiGeSiGeGeGeGeSiGeGeSiGeGeGeGeSiSiSiSiGeSiSiGeSiSiSiSiGeGeGeGeGeGe
   -21464.1679687500 GeSiGeGeGeGeSiSiSiSiGeSiSiGeSiSiSiSiGeGeGeGeSiGeGeGeGeSiGeSiGeGeGeGeSiGeGeSiGeGeGeGeSiSiSiSiGeSiSiGeSiSiSiSiGeGeGeGeGeGe
   -21464.1679687500 GeSiGeGeGeGeSiSiSiSiGeSiSiGeSiSiSiSiGeGeGeGeSiGeGeGeGeSiGeSiGeGeGeGeSiGeGeSiGeGeGeGeSiSiSiSiGeSiSiGeSiSiSiSiGeGeGeGeGeGe
   -21464.1679687500 GeSiGeGeGeGeSiSiSiSiGeSiSiGeSiSiSiSiGeGeGeGeSiGeGeGeGeSiGeSiGeGeGeGeSiGeGeSiGeGeGeGeSiSiSiSiGeSiSiGeSiSiSiSiGeGeGeGeGeGe
   -21464.1679687500 GeSiGeGeGeGeSiSiSiSiGeSiSiGeSiSiSiSiGeGeGeGeSiGeGeGeGeSiGeSiGeGeGeGeSiGeGeSiGeGeGeGeSiSiSiSiGeSiSiGeSiSiSiSiGeGeGeGeGeGe
   -21464.1679687500 GeSiGeGeGeGeSiSiSiSiGeSiSiGeSiSiSiSiGeGeGeGeSiGeGeGeGeSiGeSiGeGeGeGeSiGeGeSiGeGeGeGeSiSiSiSiGeSiSiGeSiSiSiSiGeGeGeGeGeGe
   -21464.1679687500 GeSiGeGeGeGeSiSiSiSiGeSiSiGeSiSiSiSiGeGeGeGeSiGeGeGeGeSiGeSiGeGeGeGeSiGeGeSiGeGeGeGeSiSiSiSiGeSiSiGeSiSiSiSiGeGeGeGeGeGe
   -21464.1679687500 GeSiGeGeGeGeSiSiSiSiGeSiSiGeSiSiSiSiGeGeGeGeSiGeGeGeGeSiGeSiGeGeGeGeSiGeGeSiGeGeGeGeSiSiSiSiGeSiSiGeSiSiSiSiGeGeGeGeGeGe
   -21464.1679687500 GeSiGeGeGeGeSiSiSiSiGeSiSiGeSiSiSiSiGeGeGeGeSiGeGeGeGeSiGeSiGeGeGeGeSiGeGeSiGeGeGeGeSiSiSiSiGeSiSiGeSiSiSiSiGeGeGeGeGeGe
   -21464.1679687500 GeSiGeGeGeGeSiSiSiSiGeSiSiGeSiSiSiSiGeGeGeGeSiGeGeGeGeSiGeSiGeGeGeGeSiGeGeSiGeGeGeGeSiSiSiSiGeSiSiGeSiSiSiSiGeGeGeGeGeGe
   -21464.1679687500 GeSiGeGeGeGeSiSiSiSiGeSiSiGeSiSiSiSiGeGeGeGeSiGeGeGeGeSiGeSiGeGeGeGeSiGeGeSiGeGeGeGeSiSiSiSiGeSiSiGeSiSiSiSiGeGeGeGeGeGe
   -21464.1679687500 GeSiGeGeGeGeSiSiSiSiGeSiSiGeSiSiSiSiGeGeGeGeSiGeGeGeGeSiGeSiGeGeGeGeSiGeGeSiGeGeGeGeSiSiSiSiGeSiSiGeSiSiSiSiGeGeGeGeGeGe
   -21464.1679687500 GeSiGeGeGeGeSiSiSiSiGeSiSiGeSiSiSiSiGeGeGeGeSiGeGeGeGeSiGeSiGeGeGeGeSiGeGeSiGeGeGeGeSiSiSiSiGeSiSiGeSiSiSiSiGeGeGeGeGeGe
   -21464.1679687500 GeSiGeGeGeGeSiSiSiSiGeSiSiGeSiSiSiSiGeGeGeGeSiGeGeGeGeSiGeSiGeGeGeGeSiGeGeSiGeGeGeGeSiSiSiSiGeSiSiGeSiSiSiSiGeGeGeGeGeGe
   -21464.1679687500 GeSiGeGeGeGeSiSiSiSiGeSiSiGeSiSiSiSiGeGeGeGeSiGeGeGeGeSiGeSiGeGeGeGeSiGeGeSiGeGeGeGeSiSiSiSiGeSiSiGeSiSiSiSiGeGeGeGeGeGe
   -21464.1679687500 GeSiGeGeGeGeSiSiSiSiGeSiSiGeSiSiSiSiGeGeGeGeSiGeGeGeGeSiGeSiGeGeGeGeSiGeGeSiGeGeGeGeSiSiSiSiGeSiSiGeSiSiSiSiGeGeGeGeGeGe
   -21464.1679687500 GeSiGeGeGeGeSiSiSiSiGeSiSiGeSiSiSiSiGeGeGeGeSiGeGeGeGeSiGeSiGeGeGeGeSiGeGeSiGeGeGeGeSiSiSiSiGeSiSiGeSiSiSiSiGeGeGeGeGeGe
   -21464.1679687500 GeSiGeGeGeGeSiSiSiSiGeSiSiGeSiSiSiSiGeGeGeGeSiGeGeGeGeSiGeSiGeGeGeGeSiGeGeSiGeGeGeGeSiSiSiSiGeSiSiGeSiSiSiSiGeGeGeGeGeGe
   -21464.1679687500 GeSiGeGeGeGeSiSiSiSiGeSiSiGeSiSiSiSiGeGeGeGeSiGeGeGeGeSiGeSiGeGeGeGeSiGeGeSiGeGeGeGeSiSiSiSiGeSiSiGeSiSiSiSiGeGeGeGeGeGe
   -21464.1679687500 GeSiGeGeGeGeSiSiSiSiGeSiSiGeSiSiSiSiGeGeGeGeSiGeGeGeGeSiGeSiGeGeGeGeSiGeGeSiGeGeGeGeSiSiSiSiGeSiSiGeSiSiSiSiGeGeGeGeGeGe
   -21464.1679687500 GeSiGeGeGeGeSiSiSiSiGeSiSiGeSiSiSiSiGeGeGeGeSiGeGeGeGeSiGeSiGeGeGeGeSiGeGeSiGeGeGeGeSiSiSiSiGeSiSiGeSiSiSiSiGeGeGeGeGeGe
   -21464.1679687500 GeSiGeGeGeGeSiSiSiSiGeSiSiGeSiSiSiSiGeGeGeGeSiGeGeGeGeSiGeSiGeGeGeGeSiGeGeSiGeGeGeGeSiSiSiSiGeSiSiGeSiSiSiSiGeGeGeGeGeGe
   -21464.1679687500 GeSiGeGeGeGeSiSiSiSiGeSiSiGeSiSiSiSiGeGeGeGeSiGeGeGeGeSiGeSiGeGeGeGeSiGeGeSiGeGeGeGeSiSiSiSiGeSiSiGeSiSiSiSiGeGeGeGeGeGe
   -21464.1679687500 GeSiGeGeGeGeSiSiSiSiGeSiSiGeSiSiSiSiGeGeGeGeSiGeGeGeGeSiGeSiGeGeGeGeSiGeGeSiGeGeGeGeSiSiSiSiGeSiSiGeSiSiSiSiGeGeGeGeGeGe
   -21464.1679687500 GeSiGeGeGeGeSiSiSiSiGeSiSiGeSiSiSiSiGeGeGeGeSiGeGeGeGeSiGeSiGeGeGeGeSiGeGeSiGeGeGeGeSiSiSiSiGeSiSiGeSiSiSiSiGeGeGeGeGeGe
   -21464.1679687500 GeSiGeGeGeGeSiSiSiSiGeSiSiGeSiSiSiSiGeGeGeGeSiGeGeGeGeSiGeSiGeGeGeGeSiGeGeSiGeGeGeGeSiSiSiSiGeSiSiGeSiSiSiSiGeGeGeGeGeGe
   -21464.1679687500 GeSiGeGeGeGeSiSiSiSiGeSiSiGeSiSiSiSiGeGeGeGeSiGeGeGeGeSiGeSiGeGeGeGeSiGeGeSiGeGeGeGeSiSiSiSiGeSiSiGeSiSiSiSiGeGeGeGeGeGe
   -21464.1679687500 GeSiGeGeGeGeSiSiSiSiGeSiSiGeSiSiSiSiGeGeGeGeSiGeGeGeGeSiGeSiGeGeGeGeSiGeGeSiGeGeGeGeSiSiSiSiGeSiSiGeSiSiSiSiGeGeGeGeGeGe
   -21464.1679687500 GeSiGeGeGeGeSiSiSiSiGeSiSiGeSiSiSiSiGeGeGeGeSiGeGeGeGeSiGeSiGeGeGeGeSiGeGeSiGeGeGeGeSiSiSiSiGeSiSiGeSiSiSiSiGeGeGeGeGeGe
   -21464.1679687500 GeSiGeGeGeGeSiSiSiSiGeSiSiGeSiSiSiSiGeGeGeGeSiGeGeGeGeSiGeSiGeGeGeGeSiGeGeSiGeGeGeGeSiSiSiSiGeSiSiGeSiSiSiSiGeGeGeGeGeGe
   -21464.1679687500 GeSiGeGeGeGeSiSiSiSiGeSiSiGeSiSiSiSiGeGeGeGeSiGeGeGeGeSiGeSiGeGeGeGeSiGeGeSiGeGeGeGeSiSiSiSiGeSiSiGeSiSiSiSiGeGeGeGeGeGe
   -21464.1679687500 GeSiGeGeGeGeSiSiSiSiGeSiSiGeSiSiSiSiGeGeGeGeSiGeGeGeGeSiGeSiGeGeGeGeSiGeGeSiGeGeGeGeSiSiSiSiGeSiSiGeSiSiSiSiGeGeGeGeGeGe
   -21464.1679687500 GeSiGeGeGeGeSiSiSiSiGeSiSiGeSiSiSiSiGeGeGeGeSiGeGeGeGeSiGeSiGeGeGeGeSiGeGeSiGeGeGeGeSiSiSiSiGeSiSiGeSiSiSiSiGeGeGeGeGeGe
   -21464.1679687500 GeSiGeGeGeGeSiSiSiSiGeSiSiGeSiSiSiSiGeGeGeGeSiGeGeGeGeSiGeSiGeGeGeGeSiGeGeSiGeGeGeGeSiSiSiSiGeSiSiGeSiSiSiSiGeGeGeGeGeGe
   -21464.1679687500 GeSiGeGeGeGeSiSiSiSiGeSiSiGeSiSiSiSiGeGeGeGeSiGeGeGeGeSiGeSiGeGeGeGeSiGeGeSiGeGeGeGeSiSiSiSiGeSiSiGeSiSiSiSiGeGeGeGeGeGe
   -21464.1679687500 GeSiGeGeGeGeSiSiSiSiGeSiSiGeSiSiSiSiGeGeGeGeSiGeGeGeGeSiGeSiGeGeGeGeSiGeGeSiGeGeGeGeSiSiSiSiGeSiSiGeSiSiSiSiGeGeGeGeGeGe
   -21464.1679687500 GeSiGeGeGeGeSiSiSiSiGeSiSiGeSiSiSiSiGeGeGeGeSiGeGeGeGeSiGeSiGeGeGeGeSiGeGeSiGeGeGeGeSiSiSiSiGeSiSiGeSiSiSiSiGeGeGeGeGeGe
   -21464.1679687500 GeSiGeGeGeGeSiSiSiSiGeSiSiGeSiSiSiSiGeGeGeGeSiGeGeGeGeSiGeSiGeGeGeGeSiGeGeSiGeGeGeGeSiSiSiSiGeSiSiGeSiSiSiSiGeGeGeGeGeGe
   -21464.1679687500 GeSiGeGeGeGeSiSiSiSiGeSiSiGeSiSiSiSiGeGeGeGeSiGeGeGeGeSiGeSiGeGeGeGeSiGeGeSiGeGeGeGeSiSiSiSiGeSiSiGeSiSiSiSiGeGeGeGeGeGe
   -21464.1679687500 GeSiGeGeGeGeSiSiSiSiGeSiSiGeSiSiSiSiGeGeGeGeSiGeGeGeGeSiGeSiGeGeGeGeSiGeGeSiGeGeGeGeSiSiSiSiGeSiSiGeSiSiSiSiGeGeGeGeGeGe
   -21464.1679687500 GeSiGeGeGeGeSiSiSiSiGeSiSiGeSiSiSiSiGeGeGeGeSiGeGeGeGeSiGeSiGeGeGeGeSiGeGeSiGeGeGeGeSiSiSiSiGeSiSiGeSiSiSiSiGeGeGeGeGeGe
   -21464.1679687500 GeSiGeGeGeGeSiSiSiSiGeSiSiGeSiSiSiSiGeGeGeGeSiGeGeGeGeSiGeSiGeGeGeGeSiGeGeSiGeGeGeGeSiSiSiSiGeSiSiGeSiSiSiSiGeGeGeGeGeGe
   -21464.1679687500 GeSiGeGeGeGeSiSiSiSiGeSiSiGeSiSiSiSiGeGeGeGeSiGeGeGeGeSiGeSiGeGeGeGeSiGeGeSiGeGeGeGeSiSiSiSiGeSiSiGeSiSiSiSiGeGeGeGeGeGe
   -21464.1679687500 GeSiGeGeGeGeSiSiSiSiGeSiSiGeSiSiSiSiGeGeGeGeSiGeGeGeGeSiGeSiGeGeGeGeSiGeGeSiGeGeGeGeSiSiSiSiGeSiSiGeSiSiSiSiGeGeGeGeGeGe
   -21464.1679687500 GeSiGeGeGeGeSiSiSiSiGeSiSiGeSiSiSiSiGeGeGeGeSiGeGeGeGeSiGeSiGeGeGeGeSiGeGeSiGeGeGeGeSiSiSiSiGeSiSiGeSiSiSiSiGeGeGeGeGeGe
   -21464.1679687500 GeSiGeGeGeGeSiSiSiSiGeSiSiGeSiSiSiSiGeGeGeGeSiGeGeGeGeSiGeSiGeGeGeGeSiGeGeSiGeGeGeGeSiSiSiSiGeSiSiGeSiSiSiSiGeGeGeGeGeGe
   -21464.1679687500 GeSiGeGeGeGeSiSiSiSiGeSiSiGeSiSiSiSiGeGeGeGeSiGeGeGeGeSiGeSiGeGeGeGeSiGeGeSiGeGeGeGeSiSiSiSiGeSiSiGeSiSiSiSiGeGeGeGeGeGe
   -21464.1679687500 GeSiGeGeGeGeSiSiSiSiGeSiSiGeSiSiSiSiGeGeGeGeSiGeGeGeGeSiGeSiGeGeGeGeSiGeGeSiGeGeGeGeSiSiSiSiGeSiSiGeSiSiSiSiGeGeGeGeGeGe
   -21464.1679687500 GeSiGeGeGeGeSiSiSiSiGeSiSiGeSiSiSiSiGeGeGeGeSiGeGeGeGeSiGeSiGeGeGeGeSiGeGeSiGeGeGeGeSiSiSiSiGeSiSiGeSiSiSiSiGeGeGeGeGeGe
   -21464.1679687500 GeSiGeGeGeGeSiSiSiSiGeSiSiGeSiSiSiSiGeGeGeGeSiGeGeGeGeSiGeSiGeGeGeGeSiGeGeSiGeGeGeGeSiSiSiSiGeSiSiGeSiSiSiSiGeGeGeGeGeGe
   -21464.1679687500 GeSiGeGeGeGeSiSiSiSiGeSiSiGeSiSiSiSiGeGeGeGeSiGeGeGeGeSiGeSiGeGeGeGeSiGeGeSiGeGeGeGeSiSiSiSiGeSiSiGeSiSiSiSiGeGeGeGeGeGe
   -21464.1679687500 GeSiGeGeGeGeSiSiSiSiGeSiSiGeSiSiSiSiGeGeGeGeSiGeGeGeGeSiGeSiGeGeGeGeSiGeGeSiGeGeGeGeSiSiSiSiGeSiSiGeSiSiSiSiGeGeGeGeGeGe
   -21464.1679687500 GeSiGeGeGeGeSiSiSiSiGeSiSiGeSiSiSiSiGeGeGeGeSiGeGeGeGeSiGeSiGeGeGeGeSiGeGeSiGeGeGeGeSiSiSiSiGeSiSiGeSiSiSiSiGeGeGeGeGeGe
   -21464.1679687500 GeSiGeGeGeGeSiSiSiSiGeSiSiGeSiSiSiSiGeGeGeGeSiGeGeGeGeSiGeSiGeGeGeGeSiGeGeSiGeGeGeGeSiSiSiSiGeSiSiGeSiSiSiSiGeGeGeGeGeGe
   -21464.1679687500 GeSiGeGeGeGeSiSiSiSiGeSiSiGeSiSiSiSiGeGeGeGeSiGeGeGeGeSiGeSiGeGeGeGeSiGeGeSiGeGeGeGeSiSiSiSiGeSiSiGeSiSiSiSiGeGeGeGeGeGe
   -21464.1679687500 GeSiGeGeGeGeSiSiSiSiGeSiSiGeSiSiSiSiGeGeGeGeSiGeGeGeGeSiGeSiGeGeGeGeSiGeGeSiGeGeGeGeSiSiSiSiGeSiSiGeSiSiSiSiGeGeGeGeGeGe
filename: c000000925609675.gin     
Cell:
    11.9020996    11.9020996    29.6919994    90.0000000    90.0000000   120.0000000
Box:
    11.9020996    -5.9510503     0.0000000
     0.0000000    10.3075209     0.0000000
     0.0000000     0.0000000    29.6919994
----------------------------------------
Inverse Box:
     0.0840188     0.0485083     0.0000000
     0.0000000     0.0970165     0.0000000
     0.0000000     0.0000000     0.0336791
----------------------------------------
==============================================
geometrical properties of  34 Ge:
 Configuration:           0
 D_ave:   9.16319656       3.54275870    
 D_min:   3.23790860      0.488661975    
 energia:  -21464.1680    
