Random Seed:  1001174750
Number of atoms:    60
Space Group:    1
Cell:
    11.9020996    11.9020996    29.6919994    90.0000000    90.0000000   120.0000000
Box:
    11.9020996    -5.9510503     0.0000000
     0.0000000    10.3075209     0.0000000
     0.0000000     0.0000000    29.6919994
----------------------------------------
Inverse Box:
     0.0840188     0.0485083     0.0000000
     0.0000000     0.0970165     0.0000000
     0.0000000     0.0000000     0.0336791
----------------------------------------
GeSiSiSiSiSiSiSiSiSiSiSiSiSiSiSiSiSiSiSiSiSiSiSiSiSiSiSiSiSiSiSiSiSiSiSiSiSiSiSiSiSiSiGeSiSiSiSiSiSiSiSiSiSiSiSiSiSiSiSi
           1 Ge    -7733.51562    
GeGeSiSiSiSiSiSiSiSiSiSiSiSiSiSiSiSiSiSiSiSiSiSiSiSiSiSiSiSiSiSiSiSiSiSiSiSiSiSiSiSiSiGeSiSiSiSiSiSiSiSiSiSiSiSiSiSiSiSi
           2 Ge    -7726.89795    
GeGeGeSiSiSiSiSiSiSiSiSiSiSiSiSiSiSiSiSiSiSiSiSiSiSiSiSiSiSiSiSiSiSiSiSiSiSiSiSiSiSiSiGeSiSiSiSiSiSiSiSiSiSiSiSiSiSiSiSi
           3 Ge    -7721.91162    
GeGeGeGeSiSiSiSiSiSiSiSiSiSiSiSiSiSiSiSiSiSiSiSiSiSiSiSiSiSiSiSiSiSiSiSiSiSiSiSiSiSiSiGeSiSiSiSiSiSiSiSiSiSiSiSiSiSiSiSi
           4 Ge    -7745.87793    
GeGeGeGeGeSiSiSiSiSiSiSiSiSiSiSiSiSiSiSiSiSiSiSiSiSiSiSiSiSiSiSiSiSiSiSiSiSiSiSiSiSiSiGeSiSiSiSiSiSiSiSiSiSiSiSiSiSiSiSi
           5 Ge    -7787.98438    
GeGeGeGeGeGeSiSiSiSiSiSiSiSiSiSiSiSiSiSiSiSiSiSiSiSiSiSiSiSiSiSiSiSiSiSiSiSiSiSiSiSiSiGeSiSiSiSiSiSiSiSiSiSiSiSiSiSiSiSi
           6 Ge    -7855.25977    
GeGeGeGeGeGeGeSiSiSiSiSiSiSiSiSiSiSiSiSiSiSiSiSiSiSiSiSiSiSiSiSiSiSiSiSiSiSiSiSiSiSiSiGeSiSiSiSiSiSiSiSiSiSiSiSiSiSiSiSi
           7 Ge    -8021.39453    
GeGeGeGeGeGeGeGeSiSiSiSiSiSiSiSiSiSiSiSiSiSiSiSiSiSiSiSiSiSiSiSiSiSiSiSiSiSiSiSiSiSiSiGeSiSiSiSiSiSiSiSiSiSiSiSiSiSiSiSi
           8 Ge    -8222.43750    
GeGeGeGeGeGeGeGeSiSiSiGeSiSiSiSiSiSiSiSiSiSiSiSiSiSiSiSiSiSiSiSiSiSiSiSiSiSiSiSiSiSiSiGeSiSiSiSiSiSiSiSiSiSiSiSiSiSiSiSi
          12 Ge    -8282.65234    
GeGeGeGeGeGeGeGeSiSiSiGeSiGeSiSiSiSiSiSiSiSiSiSiSiSiSiSiSiSiSiSiSiSiSiSiSiSiSiSiSiSiSiGeSiSiSiSiSiSiSiSiSiSiSiSiSiSiSiSi
          14 Ge    -8479.10840    
GeGeGeGeGeGeGeGeSiSiSiGeSiGeSiGeSiSiSiSiSiSiSiSiSiSiSiSiSiSiSiSiSiSiSiSiSiSiSiSiSiSiSiGeSiSiSiSiSiSiSiSiSiSiSiSiSiSiSiSi
          16 Ge    -8920.61035    
GeGeGeGeGeGeGeGeSiSiSiGeSiGeSiGeSiSiSiSiSiSiSiSiSiGeSiSiSiSiSiSiSiSiSiSiSiSiSiSiSiSiSiGeSiSiSiSiSiSiSiSiSiSiSiSiSiSiSiSi
          26 Ge    -8594.35742    
GeGeGeGeGeGeGeGeSiSiSiGeSiGeSiGeSiSiSiSiSiSiSiSiSiGeSiSiSiSiSiSiGeSiSiSiSiSiSiSiSiSiSiGeSiSiSiSiSiSiSiSiSiSiSiSiSiSiSiSi
          33 Ge    -9149.48047    
GeGeGeGeGeGeGeGeSiSiSiGeSiGeSiGeSiSiSiSiSiSiSiSiSiGeSiSiSiSiSiSiGeSiSiGeSiSiSiSiSiSiSiGeSiSiSiSiSiSiSiSiSiSiSiSiSiSiSiSi
          36 Ge    -7895.82471    
GeGeGeGeGeGeGeGeSiSiSiGeSiGeSiGeSiSiSiSiSiSiSiSiSiGeSiSiSiSiSiSiGeSiSiGeSiSiGeSiSiSiSiGeSiSiSiSiSiSiSiSiSiSiSiSiSiSiSiSi
          39 Ge    -8567.51758    
GeGeGeGeGeGeGeGeSiSiSiGeSiGeSiGeSiSiSiSiSiSiSiSiSiGeSiSiSiSiSiSiGeSiSiGeSiSiGeGeSiSiSiGeSiSiSiSiSiSiSiSiSiSiSiSiSiSiSiSi
          40 Ge    -8695.75977    
GeGeGeGeGeGeGeGeSiSiSiGeSiGeSiGeSiSiSiSiSiSiSiSiSiGeSiSiSiSiSiSiGeSiSiGeSiSiGeGeGeSiSiGeSiSiSiSiSiSiSiSiSiSiSiSiSiSiSiSi
          41 Ge    -9476.97852    
GeGeGeGeGeGeGeGeSiSiSiGeSiGeSiGeSiSiSiSiSiSiSiSiSiGeSiSiSiSiSiSiGeSiSiGeSiSiGeGeGeGeSiGeSiSiSiSiSiSiSiSiSiSiSiSiSiSiSiSi
          42 Ge    -9108.53711    
GeGeGeGeGeGeGeGeSiSiSiGeSiGeSiGeSiSiSiSiSiSiSiSiSiGeSiSiSiSiSiSiGeSiSiGeSiSiGeGeGeGeSiGeGeSiSiSiSiSiSiSiSiSiSiSiSiSiSiSi
          45 Ge    -9625.43359    
GeGeGeGeGeGeGeGeSiSiSiGeSiGeSiGeSiSiSiSiSiSiSiSiSiGeSiSiSiSiSiSiGeSiSiGeSiSiGeGeGeGeSiGeGeGeSiSiSiSiSiSiSiSiSiSiSiSiSiSi
          46 Ge    -9931.08008    
GeGeGeGeGeGeGeGeSiSiSiGeSiGeSiGeSiSiSiSiSiSiSiSiSiGeSiSiSiSiSiSiGeSiSiGeSiSiGeGeGeGeSiGeGeGeSiSiSiSiSiSiSiSiSiSiGeSiSiSi
          57 Ge    -11169.2246    
GeGeGeGeGeGeGeGeSiGeSiGeSiGeSiGeSiSiSiSiSiSiSiSiSiGeSiSiSiSiSiSiGeSiSiGeSiSiGeGeGeGeSiGeGeGeSiSiSiSiSiSiSiSiSiSiGeSiSiSi
          10 Ge    -9094.96094    
GeGeGeGeGeGeGeGeSiGeGeGeSiGeSiGeSiSiSiSiSiSiSiSiSiGeSiSiSiSiSiSiGeSiSiGeSiSiGeGeGeGeSiGeGeGeSiSiSiSiSiSiSiSiSiSiGeSiSiSi
          11 Ge    -8811.69727    
GeGeGeGeGeGeGeGeSiGeGeGeGeGeSiGeSiSiSiSiSiSiSiSiSiGeSiSiSiSiSiSiGeSiSiGeSiSiGeGeGeGeSiGeGeGeSiSiSiSiSiSiSiSiSiSiGeSiSiSi
          13 Ge    -7419.21484    
GeGeGeGeGeGeGeGeSiGeGeGeGeGeGeGeSiSiSiSiSiSiSiSiSiGeSiSiSiSiSiSiGeSiSiGeSiSiGeGeGeGeSiGeGeGeSiSiSiSiSiSiSiSiSiSiGeSiSiSi
          15 Ge    -5177.59766    
GeGeGeGeGeGeGeGeSiGeGeGeGeGeGeGeSiGeSiSiSiSiSiSiSiGeSiSiSiSiSiSiGeSiSiGeSiSiGeGeGeGeSiGeGeGeSiSiSiSiSiSiSiSiSiSiGeSiSiSi
          18 Ge    -2095.25195    
GeGeGeGeGeGeGeGeSiGeGeGeGeGeGeGeSiGeSiSiSiSiGeSiSiGeSiSiSiSiSiSiGeSiSiGeSiSiGeGeGeGeSiGeGeGeSiSiSiSiSiSiSiSiSiSiGeSiSiSi
          23 Ge     2308.55957    
GeGeGeGeGeGeGeGeSiGeGeGeGeGeGeGeSiGeSiSiSiSiGeGeSiGeSiSiSiSiSiSiGeSiSiGeSiSiGeGeGeGeSiGeGeGeSiSiSiSiSiSiSiSiSiSiGeSiSiSi
          24 Ge     9102.25000    
GeGeGeGeGeGeGeGeSiGeGeGeGeGeGeGeSiGeSiSiSiSiGeGeSiGeSiGeSiSiSiSiGeSiSiGeSiSiGeGeGeGeSiGeGeGeSiSiSiSiSiSiSiSiSiSiGeSiSiSi
          28 Ge     12347.0410    
GeGeGeGeGeGeGeGeSiGeGeGeGeGeGeGeSiGeSiSiSiSiGeGeSiGeSiGeSiGeSiSiGeSiSiGeSiSiGeGeGeGeSiGeGeGeSiSiSiSiSiSiSiSiSiSiGeSiSiSi
          30 Ge     15663.7051    
GeGeGeGeGeGeGeGeSiGeGeGeGeGeGeGeSiGeSiSiSiSiGeGeSiGeSiGeSiGeSiSiGeSiSiGeSiSiGeGeGeGeSiGeGeGeSiSiSiSiGeSiSiSiSiSiGeSiSiSi
          51 Ge     15743.6035    
GeGeGeGeGeGeGeGeSiGeGeGeGeGeGeGeSiGeSiSiSiSiGeGeSiGeSiGeSiGeSiSiGeSiSiGeSiSiGeGeGeGeSiGeGeGeSiSiSiSiGeSiSiSiSiSiGeGeSiSi
          58 Ge     19281.3652    
GeGeGeGeGeGeGeGeGeGeGeGeGeGeGeGeSiGeSiSiSiSiGeGeSiGeSiGeSiGeSiSiGeSiSiGeSiSiGeGeGeGeSiGeGeGeSiSiSiSiGeSiSiSiSiSiGeGeSiSi
           9 Ge     22980.3848    
==============================================
MonteCarlo: Metropolis with identity changes
Si > Ge, Ge > Si. STOP when occurrence <    0.00000
==============================================
Cost_function     Occurrence %     Scan-Cost
    -9129.1494140625 SiGeSiGeSiSiGeGeGeGeSiGeGeGeGeSiGeGeGeGeGeGeGeGeSiGeSiSiGeSiGeSiSiSiSiSiSiGeSiSiSiGeGeGeGeGeSiGeGeSiSiGeGeSiSiGeGeGeSiSi
   -16655.1484375000 SiGeSiGeSiSiGeGeGeGeSiGeGeGeGeSiGeGeGeGeSiGeGeSiSiGeSiGeGeSiSiSiSiSiSiSiSiGeSiGeSiGeGeGeGeSiSiGeGeSiGeGeGeSiGeGeGeGeSiSi
   -19489.4023437500 SiGeSiGeSiSiSiGeGeGeSiGeGeGeGeSiGeGeGeGeSiGeGeSiGeGeSiGeGeSiSiSiSiSiSiSiSiGeSiGeSiGeSiGeGeSiSiGeGeSiGeGeGeSiGeGeGeGeSiGe
   -19489.4023437500 SiGeSiGeSiSiSiGeGeGeSiGeGeGeGeSiGeGeGeGeSiGeGeSiGeGeSiGeGeSiSiSiSiSiSiSiSiGeSiGeSiGeSiGeGeSiSiGeGeSiGeGeGeSiGeGeGeGeSiGe
   -22146.1093750000 SiGeSiGeSiSiSiGeGeGeSiGeGeGeGeSiGeGeGeSiSiGeGeSiGeGeSiGeGeSiGeSiSiSiSiSiSiGeSiGeSiGeSiGeGeSiSiGeGeSiGeGeSiSiGeGeGeGeGeGe
   -22146.1093750000 SiGeSiGeSiSiSiGeGeGeSiGeGeGeGeSiGeGeGeSiSiGeGeSiGeGeSiGeGeSiGeSiSiSiSiSiSiGeSiGeSiGeSiGeGeSiSiGeGeSiGeGeSiSiGeGeGeGeGeGe
   -22146.1093750000 SiGeSiGeSiSiSiGeGeGeSiGeGeGeGeSiGeGeGeSiSiGeGeSiGeGeSiGeGeSiGeSiSiSiSiSiSiGeSiGeSiGeSiGeGeSiSiGeGeSiGeGeSiSiGeGeGeGeGeGe
   -22146.1093750000 SiGeSiGeSiSiSiGeGeGeSiGeGeGeGeSiGeGeGeSiSiGeGeSiGeGeSiGeGeSiGeSiSiSiSiSiSiGeSiGeSiGeSiGeGeSiSiGeGeSiGeGeSiSiGeGeGeGeGeGe
   -22146.1093750000 SiGeSiGeSiSiSiGeGeGeSiGeGeGeGeSiGeGeGeSiSiGeGeSiGeGeSiGeGeSiGeSiSiSiSiSiSiGeSiGeSiGeSiGeGeSiSiGeGeSiGeGeSiSiGeGeGeGeGeGe
   -22146.1093750000 SiGeSiGeSiSiSiGeGeGeSiGeGeGeGeSiGeGeGeSiSiGeGeSiGeGeSiGeGeSiGeSiSiSiSiSiSiGeSiGeSiGeSiGeGeSiSiGeGeSiGeGeSiSiGeGeGeGeGeGe
   -22146.1093750000 SiGeSiGeSiSiSiGeGeGeSiGeGeGeGeSiGeGeGeSiSiGeGeSiGeGeSiGeGeSiGeSiSiSiSiSiSiGeSiGeSiGeSiGeGeSiSiGeGeSiGeGeSiSiGeGeGeGeGeGe
   -22146.1093750000 SiGeSiGeSiSiSiGeGeGeSiGeGeGeGeSiGeGeGeSiSiGeGeSiGeGeSiGeGeSiGeSiSiSiSiSiSiGeSiGeSiGeSiGeGeSiSiGeGeSiGeGeSiSiGeGeGeGeGeGe
   -22146.1093750000 SiGeSiGeSiSiSiGeGeGeSiGeGeGeGeSiGeGeGeSiSiGeGeSiGeGeSiGeGeSiGeSiSiSiSiSiSiGeSiGeSiGeSiGeGeSiSiGeGeSiGeGeSiSiGeGeGeGeGeGe
   -22146.1093750000 SiGeSiGeSiSiSiGeGeGeSiGeGeGeGeSiGeGeGeSiSiGeGeSiGeGeSiGeGeSiGeSiSiSiSiSiSiGeSiGeSiGeSiGeGeSiSiGeGeSiGeGeSiSiGeGeGeGeGeGe
   -22400.3593750000 SiGeSiGeGeSiSiGeGeGeSiGeGeGeGeSiGeGeGeSiSiSiGeSiGeGeSiGeGeSiGeSiSiSiSiSiSiGeSiGeSiGeSiGeGeSiSiGeGeSiGeGeSiSiGeGeGeGeGeGe
   -22400.3593750000 SiGeSiGeGeSiSiGeGeGeSiGeGeGeGeSiGeGeGeSiSiSiGeSiGeGeSiGeGeSiGeSiSiSiSiSiSiGeSiGeSiGeSiGeGeSiSiGeGeSiGeGeSiSiGeGeGeGeGeGe
   -22400.3593750000 SiGeSiGeGeSiSiGeGeGeSiGeGeGeGeSiGeGeGeSiSiSiGeSiGeGeSiGeGeSiGeSiSiSiSiSiSiGeSiGeSiGeSiGeGeSiSiGeGeSiGeGeSiSiGeGeGeGeGeGe
   -22400.3593750000 SiGeSiGeGeSiSiGeGeGeSiGeGeGeGeSiGeGeGeSiSiSiGeSiGeGeSiGeGeSiGeSiSiSiSiSiSiGeSiGeSiGeSiGeGeSiSiGeGeSiGeGeSiSiGeGeGeGeGeGe
   -22400.3593750000 SiGeSiGeGeSiSiGeGeGeSiGeGeGeGeSiGeGeGeSiSiSiGeSiGeGeSiGeGeSiGeSiSiSiSiSiSiGeSiGeSiGeSiGeGeSiSiGeGeSiGeGeSiSiGeGeGeGeGeGe
   -22400.3593750000 SiGeSiGeGeSiSiGeGeGeSiGeGeGeGeSiGeGeGeSiSiSiGeSiGeGeSiGeGeSiGeSiSiSiSiSiSiGeSiGeSiGeSiGeGeSiSiGeGeSiGeGeSiSiGeGeGeGeGeGe
   -22400.3593750000 SiGeSiGeGeSiSiGeGeGeSiGeGeGeGeSiGeGeGeSiSiSiGeSiGeGeSiGeGeSiGeSiSiSiSiSiSiGeSiGeSiGeSiGeGeSiSiGeGeSiGeGeSiSiGeGeGeGeGeGe
   -22400.3593750000 SiGeSiGeGeSiSiGeGeGeSiGeGeGeGeSiGeGeGeSiSiSiGeSiGeGeSiGeGeSiGeSiSiSiSiSiSiGeSiGeSiGeSiGeGeSiSiGeGeSiGeGeSiSiGeGeGeGeGeGe
   -23893.7617187500 SiGeSiGeGeSiGeSiGeGeSiGeGeSiGeSiGeGeGeGeSiSiGeSiGeGeSiGeGeSiGeSiSiSiSiSiSiGeSiGeSiGeSiGeGeSiSiGeGeSiGeGeSiSiGeGeGeGeGeGe
   -23893.7617187500 SiGeSiGeGeSiGeSiGeGeSiGeGeSiGeSiGeGeGeGeSiSiGeSiGeGeSiGeGeSiGeSiSiSiSiSiSiGeSiGeSiGeSiGeGeSiSiGeGeSiGeGeSiSiGeGeGeGeGeGe
   -23893.7617187500 SiGeSiGeGeSiGeSiGeGeSiGeGeSiGeSiGeGeGeGeSiSiGeSiGeGeSiGeGeSiGeSiSiSiSiSiSiGeSiGeSiGeSiGeGeSiSiGeGeSiGeGeSiSiGeGeGeGeGeGe
   -23893.7617187500 SiGeSiGeGeSiGeSiGeGeSiGeGeSiGeSiGeGeGeGeSiSiGeSiGeGeSiGeGeSiGeSiSiSiSiSiSiGeSiGeSiGeSiGeGeSiSiGeGeSiGeGeSiSiGeGeGeGeGeGe
   -23894.9804687500 GeGeSiGeGeSiGeSiGeGeSiGeGeSiGeSiGeGeGeGeSiSiGeSiGeGeSiGeGeSiGeSiSiSiSiSiSiGeSiSiSiGeSiGeGeSiSiGeGeSiGeGeSiSiGeGeGeGeGeGe
   -23894.9804687500 GeGeSiGeGeSiGeSiGeGeSiGeGeSiGeSiGeGeGeGeSiSiGeSiGeGeSiGeGeSiGeSiSiSiSiSiSiGeSiSiSiGeSiGeGeSiSiGeGeSiGeGeSiSiGeGeGeGeGeGe
   -23894.9804687500 GeGeSiGeGeSiGeSiGeGeSiGeGeSiGeSiGeGeGeGeSiSiGeSiGeGeSiGeGeSiGeSiSiSiSiSiSiGeSiSiSiGeSiGeGeSiSiGeGeSiGeGeSiSiGeGeGeGeGeGe
   -23894.9804687500 GeGeSiGeGeSiGeSiGeGeSiGeGeSiGeSiGeGeGeGeSiSiGeSiGeGeSiGeGeSiGeSiSiSiSiSiSiGeSiSiSiGeSiGeGeSiSiGeGeSiGeGeSiSiGeGeGeGeGeGe
   -23894.9804687500 GeGeSiGeGeSiGeSiGeGeSiGeGeSiGeSiGeGeGeGeSiSiGeSiGeGeSiGeGeSiGeSiSiSiSiSiSiGeSiSiSiGeSiGeGeSiSiGeGeSiGeGeSiSiGeGeGeGeGeGe
   -23894.9804687500 GeGeSiGeGeSiGeSiGeGeSiGeGeSiGeSiGeGeGeGeSiSiGeSiGeGeSiGeGeSiGeSiSiSiSiSiSiGeSiSiSiGeSiGeGeSiSiGeGeSiGeGeSiSiGeGeGeGeGeGe
   -23894.9804687500 GeGeSiGeGeSiGeSiGeGeSiGeGeSiGeSiGeGeGeGeSiSiGeSiGeGeSiGeGeSiGeSiSiSiSiSiSiGeSiSiSiGeSiGeGeSiSiGeGeSiGeGeSiSiGeGeGeGeGeGe
   -23894.9804687500 GeGeSiGeGeSiGeSiGeGeSiGeGeSiGeSiGeGeGeGeSiSiGeSiGeGeSiGeGeSiGeSiSiSiSiSiSiGeSiSiSiGeSiGeGeSiSiGeGeSiGeGeSiSiGeGeGeGeGeGe
   -23894.9804687500 GeGeSiGeGeSiGeSiGeGeSiGeGeSiGeSiGeGeGeGeSiSiGeSiGeGeSiGeGeSiGeSiSiSiSiSiSiGeSiSiSiGeSiGeGeSiSiGeGeSiGeGeSiSiGeGeGeGeGeGe
   -23894.9804687500 GeGeSiGeGeSiGeSiGeGeSiGeGeSiGeSiGeGeGeGeSiSiGeSiGeGeSiGeGeSiGeSiSiSiSiSiSiGeSiSiSiGeSiGeGeSiSiGeGeSiGeGeSiSiGeGeGeGeGeGe
   -23894.9804687500 GeGeSiGeGeSiGeSiGeGeSiGeGeSiGeSiGeGeGeGeSiSiGeSiGeGeSiGeGeSiGeSiSiSiSiSiSiGeSiSiSiGeSiGeGeSiSiGeGeSiGeGeSiSiGeGeGeGeGeGe
   -23894.9804687500 GeGeSiGeGeSiGeSiGeGeSiGeGeSiGeSiGeGeGeGeSiSiGeSiGeGeSiGeGeSiGeSiSiSiSiSiSiGeSiSiSiGeSiGeGeSiSiGeGeSiGeGeSiSiGeGeGeGeGeGe
   -23894.9804687500 GeGeSiGeGeSiGeSiGeGeSiGeGeSiGeSiGeGeGeGeSiSiGeSiGeGeSiGeGeSiGeSiSiSiSiSiSiGeSiSiSiGeSiGeGeSiSiGeGeSiGeGeSiSiGeGeGeGeGeGe
   -23894.9804687500 GeGeSiGeGeSiGeSiGeGeSiGeGeSiGeSiGeGeGeGeSiSiGeSiGeGeSiGeGeSiGeSiSiSiSiSiSiGeSiSiSiGeSiGeGeSiSiGeGeSiGeGeSiSiGeGeGeGeGeGe
   -23894.9804687500 GeGeSiGeGeSiGeSiGeGeSiGeGeSiGeSiGeGeGeGeSiSiGeSiGeGeSiGeGeSiGeSiSiSiSiSiSiGeSiSiSiGeSiGeGeSiSiGeGeSiGeGeSiSiGeGeGeGeGeGe
   -23894.9804687500 GeGeSiGeGeSiGeSiGeGeSiGeGeSiGeSiGeGeGeGeSiSiGeSiGeGeSiGeGeSiGeSiSiSiSiSiSiGeSiSiSiGeSiGeGeSiSiGeGeSiGeGeSiSiGeGeGeGeGeGe
   -23894.9804687500 GeGeSiGeGeSiGeSiGeGeSiGeGeSiGeSiGeGeGeGeSiSiGeSiGeGeSiGeGeSiGeSiSiSiSiSiSiGeSiSiSiGeSiGeGeSiSiGeGeSiGeGeSiSiGeGeGeGeGeGe
   -23894.9804687500 GeGeSiGeGeSiGeSiGeGeSiGeGeSiGeSiGeGeGeGeSiSiGeSiGeGeSiGeGeSiGeSiSiSiSiSiSiGeSiSiSiGeSiGeGeSiSiGeGeSiGeGeSiSiGeGeGeGeGeGe
   -23894.9804687500 GeGeSiGeGeSiGeSiGeGeSiGeGeSiGeSiGeGeGeGeSiSiGeSiGeGeSiGeGeSiGeSiSiSiSiSiSiGeSiSiSiGeSiGeGeSiSiGeGeSiGeGeSiSiGeGeGeGeGeGe
   -23894.9804687500 GeGeSiGeGeSiGeSiGeGeSiGeGeSiGeSiGeGeGeGeSiSiGeSiGeGeSiGeGeSiGeSiSiSiSiSiSiGeSiSiSiGeSiGeGeSiSiGeGeSiGeGeSiSiGeGeGeGeGeGe
   -23894.9804687500 GeGeSiGeGeSiGeSiGeGeSiGeGeSiGeSiGeGeGeGeSiSiGeSiGeGeSiGeGeSiGeSiSiSiSiSiSiGeSiSiSiGeSiGeGeSiSiGeGeSiGeGeSiSiGeGeGeGeGeGe
   -23894.9804687500 GeGeSiGeGeSiGeSiGeGeSiGeGeSiGeSiGeGeGeGeSiSiGeSiGeGeSiGeGeSiGeSiSiSiSiSiSiGeSiSiSiGeSiGeGeSiSiGeGeSiGeGeSiSiGeGeGeGeGeGe
   -23894.9804687500 GeGeSiGeGeSiGeSiGeGeSiGeGeSiGeSiGeGeGeGeSiSiGeSiGeGeSiGeGeSiGeSiSiSiSiSiSiGeSiSiSiGeSiGeGeSiSiGeGeSiGeGeSiSiGeGeGeGeGeGe
   -23894.9804687500 GeGeSiGeGeSiGeSiGeGeSiGeGeSiGeSiGeGeGeGeSiSiGeSiGeGeSiGeGeSiGeSiSiSiSiSiSiGeSiSiSiGeSiGeGeSiSiGeGeSiGeGeSiSiGeGeGeGeGeGe
   -23894.9804687500 GeGeSiGeGeSiGeSiGeGeSiGeGeSiGeSiGeGeGeGeSiSiGeSiGeGeSiGeGeSiGeSiSiSiSiSiSiGeSiSiSiGeSiGeGeSiSiGeGeSiGeGeSiSiGeGeGeGeGeGe
   -23894.9804687500 GeGeSiGeGeSiGeSiGeGeSiGeGeSiGeSiGeGeGeGeSiSiGeSiGeGeSiGeGeSiGeSiSiSiSiSiSiGeSiSiSiGeSiGeGeSiSiGeGeSiGeGeSiSiGeGeGeGeGeGe
   -23894.9804687500 GeGeSiGeGeSiGeSiGeGeSiGeGeSiGeSiGeGeGeGeSiSiGeSiGeGeSiGeGeSiGeSiSiSiSiSiSiGeSiSiSiGeSiGeGeSiSiGeGeSiGeGeSiSiGeGeGeGeGeGe
   -23894.9804687500 GeGeSiGeGeSiGeSiGeGeSiGeGeSiGeSiGeGeGeGeSiSiGeSiGeGeSiGeGeSiGeSiSiSiSiSiSiGeSiSiSiGeSiGeGeSiSiGeGeSiGeGeSiSiGeGeGeGeGeGe
   -23894.9804687500 GeGeSiGeGeSiGeSiGeGeSiGeGeSiGeSiGeGeGeGeSiSiGeSiGeGeSiGeGeSiGeSiSiSiSiSiSiGeSiSiSiGeSiGeGeSiSiGeGeSiGeGeSiSiGeGeGeGeGeGe
   -23894.9804687500 GeGeSiGeGeSiGeSiGeGeSiGeGeSiGeSiGeGeGeGeSiSiGeSiGeGeSiGeGeSiGeSiSiSiSiSiSiGeSiSiSiGeSiGeGeSiSiGeGeSiGeGeSiSiGeGeGeGeGeGe
   -23894.9804687500 GeGeSiGeGeSiGeSiGeGeSiGeGeSiGeSiGeGeGeGeSiSiGeSiGeGeSiGeGeSiGeSiSiSiSiSiSiGeSiSiSiGeSiGeGeSiSiGeGeSiGeGeSiSiGeGeGeGeGeGe
   -23894.9804687500 GeGeSiGeGeSiGeSiGeGeSiGeGeSiGeSiGeGeGeGeSiSiGeSiGeGeSiGeGeSiGeSiSiSiSiSiSiGeSiSiSiGeSiGeGeSiSiGeGeSiGeGeSiSiGeGeGeGeGeGe
   -23894.9804687500 GeGeSiGeGeSiGeSiGeGeSiGeGeSiGeSiGeGeGeGeSiSiGeSiGeGeSiGeGeSiGeSiSiSiSiSiSiGeSiSiSiGeSiGeGeSiSiGeGeSiGeGeSiSiGeGeGeGeGeGe
   -23894.9804687500 GeGeSiGeGeSiGeSiGeGeSiGeGeSiGeSiGeGeGeGeSiSiGeSiGeGeSiGeGeSiGeSiSiSiSiSiSiGeSiSiSiGeSiGeGeSiSiGeGeSiGeGeSiSiGeGeGeGeGeGe
   -23894.9804687500 GeGeSiGeGeSiGeSiGeGeSiGeGeSiGeSiGeGeGeGeSiSiGeSiGeGeSiGeGeSiGeSiSiSiSiSiSiGeSiSiSiGeSiGeGeSiSiGeGeSiGeGeSiSiGeGeGeGeGeGe
   -23894.9804687500 GeGeSiGeGeSiGeSiGeGeSiGeGeSiGeSiGeGeGeGeSiSiGeSiGeGeSiGeGeSiGeSiSiSiSiSiSiGeSiSiSiGeSiGeGeSiSiGeGeSiGeGeSiSiGeGeGeGeGeGe
   -23894.9804687500 GeGeSiGeGeSiGeSiGeGeSiGeGeSiGeSiGeGeGeGeSiSiGeSiGeGeSiGeGeSiGeSiSiSiSiSiSiGeSiSiSiGeSiGeGeSiSiGeGeSiGeGeSiSiGeGeGeGeGeGe
   -23894.9804687500 GeGeSiGeGeSiGeSiGeGeSiGeGeSiGeSiGeGeGeGeSiSiGeSiGeGeSiGeGeSiGeSiSiSiSiSiSiGeSiSiSiGeSiGeGeSiSiGeGeSiGeGeSiSiGeGeGeGeGeGe
   -23894.9804687500 GeGeSiGeGeSiGeSiGeGeSiGeGeSiGeSiGeGeGeGeSiSiGeSiGeGeSiGeGeSiGeSiSiSiSiSiSiGeSiSiSiGeSiGeGeSiSiGeGeSiGeGeSiSiGeGeGeGeGeGe
   -23894.9804687500 GeGeSiGeGeSiGeSiGeGeSiGeGeSiGeSiGeGeGeGeSiSiGeSiGeGeSiGeGeSiGeSiSiSiSiSiSiGeSiSiSiGeSiGeGeSiSiGeGeSiGeGeSiSiGeGeGeGeGeGe
   -23894.9804687500 GeGeSiGeGeSiGeSiGeGeSiGeGeSiGeSiGeGeGeGeSiSiGeSiGeGeSiGeGeSiGeSiSiSiSiSiSiGeSiSiSiGeSiGeGeSiSiGeGeSiGeGeSiSiGeGeGeGeGeGe
   -23894.9804687500 GeGeSiGeGeSiGeSiGeGeSiGeGeSiGeSiGeGeGeGeSiSiGeSiGeGeSiGeGeSiGeSiSiSiSiSiSiGeSiSiSiGeSiGeGeSiSiGeGeSiGeGeSiSiGeGeGeGeGeGe
   -23894.9804687500 GeGeSiGeGeSiGeSiGeGeSiGeGeSiGeSiGeGeGeGeSiSiGeSiGeGeSiGeGeSiGeSiSiSiSiSiSiGeSiSiSiGeSiGeGeSiSiGeGeSiGeGeSiSiGeGeGeGeGeGe
   -23894.9804687500 GeGeSiGeGeSiGeSiGeGeSiGeGeSiGeSiGeGeGeGeSiSiGeSiGeGeSiGeGeSiGeSiSiSiSiSiSiGeSiSiSiGeSiGeGeSiSiGeGeSiGeGeSiSiGeGeGeGeGeGe
   -23894.9804687500 GeGeSiGeGeSiGeSiGeGeSiGeGeSiGeSiGeGeGeGeSiSiGeSiGeGeSiGeGeSiGeSiSiSiSiSiSiGeSiSiSiGeSiGeGeSiSiGeGeSiGeGeSiSiGeGeGeGeGeGe
   -23894.9804687500 GeGeSiGeGeSiGeSiGeGeSiGeGeSiGeSiGeGeGeGeSiSiGeSiGeGeSiGeGeSiGeSiSiSiSiSiSiGeSiSiSiGeSiGeGeSiSiGeGeSiGeGeSiSiGeGeGeGeGeGe
   -23894.9804687500 GeGeSiGeGeSiGeSiGeGeSiGeGeSiGeSiGeGeGeGeSiSiGeSiGeGeSiGeGeSiGeSiSiSiSiSiSiGeSiSiSiGeSiGeGeSiSiGeGeSiGeGeSiSiGeGeGeGeGeGe
   -23894.9804687500 GeGeSiGeGeSiGeSiGeGeSiGeGeSiGeSiGeGeGeGeSiSiGeSiGeGeSiGeGeSiGeSiSiSiSiSiSiGeSiSiSiGeSiGeGeSiSiGeGeSiGeGeSiSiGeGeGeGeGeGe
   -23894.9804687500 GeGeSiGeGeSiGeSiGeGeSiGeGeSiGeSiGeGeGeGeSiSiGeSiGeGeSiGeGeSiGeSiSiSiSiSiSiGeSiSiSiGeSiGeGeSiSiGeGeSiGeGeSiSiGeGeGeGeGeGe
   -23894.9804687500 GeGeSiGeGeSiGeSiGeGeSiGeGeSiGeSiGeGeGeGeSiSiGeSiGeGeSiGeGeSiGeSiSiSiSiSiSiGeSiSiSiGeSiGeGeSiSiGeGeSiGeGeSiSiGeGeGeGeGeGe
   -23894.9804687500 GeGeSiGeGeSiGeSiGeGeSiGeGeSiGeSiGeGeGeGeSiSiGeSiGeGeSiGeGeSiGeSiSiSiSiSiSiGeSiSiSiGeSiGeGeSiSiGeGeSiGeGeSiSiGeGeGeGeGeGe
   -23894.9804687500 GeGeSiGeGeSiGeSiGeGeSiGeGeSiGeSiGeGeGeGeSiSiGeSiGeGeSiGeGeSiGeSiSiSiSiSiSiGeSiSiSiGeSiGeGeSiSiGeGeSiGeGeSiSiGeGeGeGeGeGe
   -23894.9804687500 GeGeSiGeGeSiGeSiGeGeSiGeGeSiGeSiGeGeGeGeSiSiGeSiGeGeSiGeGeSiGeSiSiSiSiSiSiGeSiSiSiGeSiGeGeSiSiGeGeSiGeGeSiSiGeGeGeGeGeGe
   -23894.9804687500 GeGeSiGeGeSiGeSiGeGeSiGeGeSiGeSiGeGeGeGeSiSiGeSiGeGeSiGeGeSiGeSiSiSiSiSiSiGeSiSiSiGeSiGeGeSiSiGeGeSiGeGeSiSiGeGeGeGeGeGe
   -23894.9804687500 GeGeSiGeGeSiGeSiGeGeSiGeGeSiGeSiGeGeGeGeSiSiGeSiGeGeSiGeGeSiGeSiSiSiSiSiSiGeSiSiSiGeSiGeGeSiSiGeGeSiGeGeSiSiGeGeGeGeGeGe
   -23894.9804687500 GeGeSiGeGeSiGeSiGeGeSiGeGeSiGeSiGeGeGeGeSiSiGeSiGeGeSiGeGeSiGeSiSiSiSiSiSiGeSiSiSiGeSiGeGeSiSiGeGeSiGeGeSiSiGeGeGeGeGeGe
   -23894.9804687500 GeGeSiGeGeSiGeSiGeGeSiGeGeSiGeSiGeGeGeGeSiSiGeSiGeGeSiGeGeSiGeSiSiSiSiSiSiGeSiSiSiGeSiGeGeSiSiGeGeSiGeGeSiSiGeGeGeGeGeGe
   -23894.9804687500 GeGeSiGeGeSiGeSiGeGeSiGeGeSiGeSiGeGeGeGeSiSiGeSiGeGeSiGeGeSiGeSiSiSiSiSiSiGeSiSiSiGeSiGeGeSiSiGeGeSiGeGeSiSiGeGeGeGeGeGe
   -23894.9804687500 GeGeSiGeGeSiGeSiGeGeSiGeGeSiGeSiGeGeGeGeSiSiGeSiGeGeSiGeGeSiGeSiSiSiSiSiSiGeSiSiSiGeSiGeGeSiSiGeGeSiGeGeSiSiGeGeGeGeGeGe
   -23894.9804687500 GeGeSiGeGeSiGeSiGeGeSiGeGeSiGeSiGeGeGeGeSiSiGeSiGeGeSiGeGeSiGeSiSiSiSiSiSiGeSiSiSiGeSiGeGeSiSiGeGeSiGeGeSiSiGeGeGeGeGeGe
   -23894.9804687500 GeGeSiGeGeSiGeSiGeGeSiGeGeSiGeSiGeGeGeGeSiSiGeSiGeGeSiGeGeSiGeSiSiSiSiSiSiGeSiSiSiGeSiGeGeSiSiGeGeSiGeGeSiSiGeGeGeGeGeGe
   -23894.9804687500 GeGeSiGeGeSiGeSiGeGeSiGeGeSiGeSiGeGeGeGeSiSiGeSiGeGeSiGeGeSiGeSiSiSiSiSiSiGeSiSiSiGeSiGeGeSiSiGeGeSiGeGeSiSiGeGeGeGeGeGe
   -23894.9804687500 GeGeSiGeGeSiGeSiGeGeSiGeGeSiGeSiGeGeGeGeSiSiGeSiGeGeSiGeGeSiGeSiSiSiSiSiSiGeSiSiSiGeSiGeGeSiSiGeGeSiGeGeSiSiGeGeGeGeGeGe
   -23894.9804687500 GeGeSiGeGeSiGeSiGeGeSiGeGeSiGeSiGeGeGeGeSiSiGeSiGeGeSiGeGeSiGeSiSiSiSiSiSiGeSiSiSiGeSiGeGeSiSiGeGeSiGeGeSiSiGeGeGeGeGeGe
   -23894.9804687500 GeGeSiGeGeSiGeSiGeGeSiGeGeSiGeSiGeGeGeGeSiSiGeSiGeGeSiGeGeSiGeSiSiSiSiSiSiGeSiSiSiGeSiGeGeSiSiGeGeSiGeGeSiSiGeGeGeGeGeGe
   -23894.9804687500 GeGeSiGeGeSiGeSiGeGeSiGeGeSiGeSiGeGeGeGeSiSiGeSiGeGeSiGeGeSiGeSiSiSiSiSiSiGeSiSiSiGeSiGeGeSiSiGeGeSiGeGeSiSiGeGeGeGeGeGe
   -23894.9804687500 GeGeSiGeGeSiGeSiGeGeSiGeGeSiGeSiGeGeGeGeSiSiGeSiGeGeSiGeGeSiGeSiSiSiSiSiSiGeSiSiSiGeSiGeGeSiSiGeGeSiGeGeSiSiGeGeGeGeGeGe
   -23894.9804687500 GeGeSiGeGeSiGeSiGeGeSiGeGeSiGeSiGeGeGeGeSiSiGeSiGeGeSiGeGeSiGeSiSiSiSiSiSiGeSiSiSiGeSiGeGeSiSiGeGeSiGeGeSiSiGeGeGeGeGeGe
   -23894.9804687500 GeGeSiGeGeSiGeSiGeGeSiGeGeSiGeSiGeGeGeGeSiSiGeSiGeGeSiGeGeSiGeSiSiSiSiSiSiGeSiSiSiGeSiGeGeSiSiGeGeSiGeGeSiSiGeGeGeGeGeGe
   -23894.9804687500 GeGeSiGeGeSiGeSiGeGeSiGeGeSiGeSiGeGeGeGeSiSiGeSiGeGeSiGeGeSiGeSiSiSiSiSiSiGeSiSiSiGeSiGeGeSiSiGeGeSiGeGeSiSiGeGeGeGeGeGe
   -23894.9804687500 GeGeSiGeGeSiGeSiGeGeSiGeGeSiGeSiGeGeGeGeSiSiGeSiGeGeSiGeGeSiGeSiSiSiSiSiSiGeSiSiSiGeSiGeGeSiSiGeGeSiGeGeSiSiGeGeGeGeGeGe
   -23894.9804687500 GeGeSiGeGeSiGeSiGeGeSiGeGeSiGeSiGeGeGeGeSiSiGeSiGeGeSiGeGeSiGeSiSiSiSiSiSiGeSiSiSiGeSiGeGeSiSiGeGeSiGeGeSiSiGeGeGeGeGeGe
   -23894.9804687500 GeGeSiGeGeSiGeSiGeGeSiGeGeSiGeSiGeGeGeGeSiSiGeSiGeGeSiGeGeSiGeSiSiSiSiSiSiGeSiSiSiGeSiGeGeSiSiGeGeSiGeGeSiSiGeGeGeGeGeGe
   -23894.9804687500 GeGeSiGeGeSiGeSiGeGeSiGeGeSiGeSiGeGeGeGeSiSiGeSiGeGeSiGeGeSiGeSiSiSiSiSiSiGeSiSiSiGeSiGeGeSiSiGeGeSiGeGeSiSiGeGeGeGeGeGe
   -23894.9804687500 GeGeSiGeGeSiGeSiGeGeSiGeGeSiGeSiGeGeGeGeSiSiGeSiGeGeSiGeGeSiGeSiSiSiSiSiSiGeSiSiSiGeSiGeGeSiSiGeGeSiGeGeSiSiGeGeGeGeGeGe
   -23894.9804687500 GeGeSiGeGeSiGeSiGeGeSiGeGeSiGeSiGeGeGeGeSiSiGeSiGeGeSiGeGeSiGeSiSiSiSiSiSiGeSiSiSiGeSiGeGeSiSiGeGeSiGeGeSiSiGeGeGeGeGeGe
   -23894.9804687500 GeGeSiGeGeSiGeSiGeGeSiGeGeSiGeSiGeGeGeGeSiSiGeSiGeGeSiGeGeSiGeSiSiSiSiSiSiGeSiSiSiGeSiGeGeSiSiGeGeSiGeGeSiSiGeGeGeGeGeGe
   -23894.9804687500 GeGeSiGeGeSiGeSiGeGeSiGeGeSiGeSiGeGeGeGeSiSiGeSiGeGeSiGeGeSiGeSiSiSiSiSiSiGeSiSiSiGeSiGeGeSiSiGeGeSiGeGeSiSiGeGeGeGeGeGe
   -23894.9804687500 GeGeSiGeGeSiGeSiGeGeSiGeGeSiGeSiGeGeGeGeSiSiGeSiGeGeSiGeGeSiGeSiSiSiSiSiSiGeSiSiSiGeSiGeGeSiSiGeGeSiGeGeSiSiGeGeGeGeGeGe
   -23894.9804687500 GeGeSiGeGeSiGeSiGeGeSiGeGeSiGeSiGeGeGeGeSiSiGeSiGeGeSiGeGeSiGeSiSiSiSiSiSiGeSiSiSiGeSiGeGeSiSiGeGeSiGeGeSiSiGeGeGeGeGeGe
   -23894.9804687500 GeGeSiGeGeSiGeSiGeGeSiGeGeSiGeSiGeGeGeGeSiSiGeSiGeGeSiGeGeSiGeSiSiSiSiSiSiGeSiSiSiGeSiGeGeSiSiGeGeSiGeGeSiSiGeGeGeGeGeGe
   -23894.9804687500 GeGeSiGeGeSiGeSiGeGeSiGeGeSiGeSiGeGeGeGeSiSiGeSiGeGeSiGeGeSiGeSiSiSiSiSiSiGeSiSiSiGeSiGeGeSiSiGeGeSiGeGeSiSiGeGeGeGeGeGe
   -23894.9804687500 GeGeSiGeGeSiGeSiGeGeSiGeGeSiGeSiGeGeGeGeSiSiGeSiGeGeSiGeGeSiGeSiSiSiSiSiSiGeSiSiSiGeSiGeGeSiSiGeGeSiGeGeSiSiGeGeGeGeGeGe
   -23894.9804687500 GeGeSiGeGeSiGeSiGeGeSiGeGeSiGeSiGeGeGeGeSiSiGeSiGeGeSiGeGeSiGeSiSiSiSiSiSiGeSiSiSiGeSiGeGeSiSiGeGeSiGeGeSiSiGeGeGeGeGeGe
   -23894.9804687500 GeGeSiGeGeSiGeSiGeGeSiGeGeSiGeSiGeGeGeGeSiSiGeSiGeGeSiGeGeSiGeSiSiSiSiSiSiGeSiSiSiGeSiGeGeSiSiGeGeSiGeGeSiSiGeGeGeGeGeGe
   -23894.9804687500 GeGeSiGeGeSiGeSiGeGeSiGeGeSiGeSiGeGeGeGeSiSiGeSiGeGeSiGeGeSiGeSiSiSiSiSiSiGeSiSiSiGeSiGeGeSiSiGeGeSiGeGeSiSiGeGeGeGeGeGe
   -23894.9804687500 GeGeSiGeGeSiGeSiGeGeSiGeGeSiGeSiGeGeGeGeSiSiGeSiGeGeSiGeGeSiGeSiSiSiSiSiSiGeSiSiSiGeSiGeGeSiSiGeGeSiGeGeSiSiGeGeGeGeGeGe
   -23894.9804687500 GeGeSiGeGeSiGeSiGeGeSiGeGeSiGeSiGeGeGeGeSiSiGeSiGeGeSiGeGeSiGeSiSiSiSiSiSiGeSiSiSiGeSiGeGeSiSiGeGeSiGeGeSiSiGeGeGeGeGeGe
   -23894.9804687500 GeGeSiGeGeSiGeSiGeGeSiGeGeSiGeSiGeGeGeGeSiSiGeSiGeGeSiGeGeSiGeSiSiSiSiSiSiGeSiSiSiGeSiGeGeSiSiGeGeSiGeGeSiSiGeGeGeGeGeGe
   -23894.9804687500 GeGeSiGeGeSiGeSiGeGeSiGeGeSiGeSiGeGeGeGeSiSiGeSiGeGeSiGeGeSiGeSiSiSiSiSiSiGeSiSiSiGeSiGeGeSiSiGeGeSiGeGeSiSiGeGeGeGeGeGe
   -23894.9804687500 GeGeSiGeGeSiGeSiGeGeSiGeGeSiGeSiGeGeGeGeSiSiGeSiGeGeSiGeGeSiGeSiSiSiSiSiSiGeSiSiSiGeSiGeGeSiSiGeGeSiGeGeSiSiGeGeGeGeGeGe
   -23894.9804687500 GeGeSiGeGeSiGeSiGeGeSiGeGeSiGeSiGeGeGeGeSiSiGeSiGeGeSiGeGeSiGeSiSiSiSiSiSiGeSiSiSiGeSiGeGeSiSiGeGeSiGeGeSiSiGeGeGeGeGeGe
   -23894.9804687500 GeGeSiGeGeSiGeSiGeGeSiGeGeSiGeSiGeGeGeGeSiSiGeSiGeGeSiGeGeSiGeSiSiSiSiSiSiGeSiSiSiGeSiGeGeSiSiGeGeSiGeGeSiSiGeGeGeGeGeGe
   -23894.9804687500 GeGeSiGeGeSiGeSiGeGeSiGeGeSiGeSiGeGeGeGeSiSiGeSiGeGeSiGeGeSiGeSiSiSiSiSiSiGeSiSiSiGeSiGeGeSiSiGeGeSiGeGeSiSiGeGeGeGeGeGe
   -23894.9804687500 GeGeSiGeGeSiGeSiGeGeSiGeGeSiGeSiGeGeGeGeSiSiGeSiGeGeSiGeGeSiGeSiSiSiSiSiSiGeSiSiSiGeSiGeGeSiSiGeGeSiGeGeSiSiGeGeGeGeGeGe
   -23894.9804687500 GeGeSiGeGeSiGeSiGeGeSiGeGeSiGeSiGeGeGeGeSiSiGeSiGeGeSiGeGeSiGeSiSiSiSiSiSiGeSiSiSiGeSiGeGeSiSiGeGeSiGeGeSiSiGeGeGeGeGeGe
   -23894.9804687500 GeGeSiGeGeSiGeSiGeGeSiGeGeSiGeSiGeGeGeGeSiSiGeSiGeGeSiGeGeSiGeSiSiSiSiSiSiGeSiSiSiGeSiGeGeSiSiGeGeSiGeGeSiSiGeGeGeGeGeGe
   -23894.9804687500 GeGeSiGeGeSiGeSiGeGeSiGeGeSiGeSiGeGeGeGeSiSiGeSiGeGeSiGeGeSiGeSiSiSiSiSiSiGeSiSiSiGeSiGeGeSiSiGeGeSiGeGeSiSiGeGeGeGeGeGe
   -23894.9804687500 GeGeSiGeGeSiGeSiGeGeSiGeGeSiGeSiGeGeGeGeSiSiGeSiGeGeSiGeGeSiGeSiSiSiSiSiSiGeSiSiSiGeSiGeGeSiSiGeGeSiGeGeSiSiGeGeGeGeGeGe
   -23894.9804687500 GeGeSiGeGeSiGeSiGeGeSiGeGeSiGeSiGeGeGeGeSiSiGeSiGeGeSiGeGeSiGeSiSiSiSiSiSiGeSiSiSiGeSiGeGeSiSiGeGeSiGeGeSiSiGeGeGeGeGeGe
   -23894.9804687500 GeGeSiGeGeSiGeSiGeGeSiGeGeSiGeSiGeGeGeGeSiSiGeSiGeGeSiGeGeSiGeSiSiSiSiSiSiGeSiSiSiGeSiGeGeSiSiGeGeSiGeGeSiSiGeGeGeGeGeGe
   -23894.9804687500 GeGeSiGeGeSiGeSiGeGeSiGeGeSiGeSiGeGeGeGeSiSiGeSiGeGeSiGeGeSiGeSiSiSiSiSiSiGeSiSiSiGeSiGeGeSiSiGeGeSiGeGeSiSiGeGeGeGeGeGe
   -23894.9804687500 GeGeSiGeGeSiGeSiGeGeSiGeGeSiGeSiGeGeGeGeSiSiGeSiGeGeSiGeGeSiGeSiSiSiSiSiSiGeSiSiSiGeSiGeGeSiSiGeGeSiGeGeSiSiGeGeGeGeGeGe
   -23894.9804687500 GeGeSiGeGeSiGeSiGeGeSiGeGeSiGeSiGeGeGeGeSiSiGeSiGeGeSiGeGeSiGeSiSiSiSiSiSiGeSiSiSiGeSiGeGeSiSiGeGeSiGeGeSiSiGeGeGeGeGeGe
   -23894.9804687500 GeGeSiGeGeSiGeSiGeGeSiGeGeSiGeSiGeGeGeGeSiSiGeSiGeGeSiGeGeSiGeSiSiSiSiSiSiGeSiSiSiGeSiGeGeSiSiGeGeSiGeGeSiSiGeGeGeGeGeGe
   -23894.9804687500 GeGeSiGeGeSiGeSiGeGeSiGeGeSiGeSiGeGeGeGeSiSiGeSiGeGeSiGeGeSiGeSiSiSiSiSiSiGeSiSiSiGeSiGeGeSiSiGeGeSiGeGeSiSiGeGeGeGeGeGe
   -23894.9804687500 GeGeSiGeGeSiGeSiGeGeSiGeGeSiGeSiGeGeGeGeSiSiGeSiGeGeSiGeGeSiGeSiSiSiSiSiSiGeSiSiSiGeSiGeGeSiSiGeGeSiGeGeSiSiGeGeGeGeGeGe
   -23894.9804687500 GeGeSiGeGeSiGeSiGeGeSiGeGeSiGeSiGeGeGeGeSiSiGeSiGeGeSiGeGeSiGeSiSiSiSiSiSiGeSiSiSiGeSiGeGeSiSiGeGeSiGeGeSiSiGeGeGeGeGeGe
   -23894.9804687500 GeGeSiGeGeSiGeSiGeGeSiGeGeSiGeSiGeGeGeGeSiSiGeSiGeGeSiGeGeSiGeSiSiSiSiSiSiGeSiSiSiGeSiGeGeSiSiGeGeSiGeGeSiSiGeGeGeGeGeGe
   -23894.9804687500 GeGeSiGeGeSiGeSiGeGeSiGeGeSiGeSiGeGeGeGeSiSiGeSiGeGeSiGeGeSiGeSiSiSiSiSiSiGeSiSiSiGeSiGeGeSiSiGeGeSiGeGeSiSiGeGeGeGeGeGe
   -23894.9804687500 GeGeSiGeGeSiGeSiGeGeSiGeGeSiGeSiGeGeGeGeSiSiGeSiGeGeSiGeGeSiGeSiSiSiSiSiSiGeSiSiSiGeSiGeGeSiSiGeGeSiGeGeSiSiGeGeGeGeGeGe
   -23894.9804687500 GeGeSiGeGeSiGeSiGeGeSiGeGeSiGeSiGeGeGeGeSiSiGeSiGeGeSiGeGeSiGeSiSiSiSiSiSiGeSiSiSiGeSiGeGeSiSiGeGeSiGeGeSiSiGeGeGeGeGeGe
   -23894.9804687500 GeGeSiGeGeSiGeSiGeGeSiGeGeSiGeSiGeGeGeGeSiSiGeSiGeGeSiGeGeSiGeSiSiSiSiSiSiGeSiSiSiGeSiGeGeSiSiGeGeSiGeGeSiSiGeGeGeGeGeGe
   -23894.9804687500 GeGeSiGeGeSiGeSiGeGeSiGeGeSiGeSiGeGeGeGeSiSiGeSiGeGeSiGeGeSiGeSiSiSiSiSiSiGeSiSiSiGeSiGeGeSiSiGeGeSiGeGeSiSiGeGeGeGeGeGe
   -23894.9804687500 GeGeSiGeGeSiGeSiGeGeSiGeGeSiGeSiGeGeGeGeSiSiGeSiGeGeSiGeGeSiGeSiSiSiSiSiSiGeSiSiSiGeSiGeGeSiSiGeGeSiGeGeSiSiGeGeGeGeGeGe
   -23894.9804687500 GeGeSiGeGeSiGeSiGeGeSiGeGeSiGeSiGeGeGeGeSiSiGeSiGeGeSiGeGeSiGeSiSiSiSiSiSiGeSiSiSiGeSiGeGeSiSiGeGeSiGeGeSiSiGeGeGeGeGeGe
   -23894.9804687500 GeGeSiGeGeSiGeSiGeGeSiGeGeSiGeSiGeGeGeGeSiSiGeSiGeGeSiGeGeSiGeSiSiSiSiSiSiGeSiSiSiGeSiGeGeSiSiGeGeSiGeGeSiSiGeGeGeGeGeGe
   -23894.9804687500 GeGeSiGeGeSiGeSiGeGeSiGeGeSiGeSiGeGeGeGeSiSiGeSiGeGeSiGeGeSiGeSiSiSiSiSiSiGeSiSiSiGeSiGeGeSiSiGeGeSiGeGeSiSiGeGeGeGeGeGe
   -23894.9804687500 GeGeSiGeGeSiGeSiGeGeSiGeGeSiGeSiGeGeGeGeSiSiGeSiGeGeSiGeGeSiGeSiSiSiSiSiSiGeSiSiSiGeSiGeGeSiSiGeGeSiGeGeSiSiGeGeGeGeGeGe
   -23894.9804687500 GeGeSiGeGeSiGeSiGeGeSiGeGeSiGeSiGeGeGeGeSiSiGeSiGeGeSiGeGeSiGeSiSiSiSiSiSiGeSiSiSiGeSiGeGeSiSiGeGeSiGeGeSiSiGeGeGeGeGeGe
   -23894.9804687500 GeGeSiGeGeSiGeSiGeGeSiGeGeSiGeSiGeGeGeGeSiSiGeSiGeGeSiGeGeSiGeSiSiSiSiSiSiGeSiSiSiGeSiGeGeSiSiGeGeSiGeGeSiSiGeGeGeGeGeGe
   -23894.9804687500 GeGeSiGeGeSiGeSiGeGeSiGeGeSiGeSiGeGeGeGeSiSiGeSiGeGeSiGeGeSiGeSiSiSiSiSiSiGeSiSiSiGeSiGeGeSiSiGeGeSiGeGeSiSiGeGeGeGeGeGe
   -23894.9804687500 GeGeSiGeGeSiGeSiGeGeSiGeGeSiGeSiGeGeGeGeSiSiGeSiGeGeSiGeGeSiGeSiSiSiSiSiSiGeSiSiSiGeSiGeGeSiSiGeGeSiGeGeSiSiGeGeGeGeGeGe
   -23894.9804687500 GeGeSiGeGeSiGeSiGeGeSiGeGeSiGeSiGeGeGeGeSiSiGeSiGeGeSiGeGeSiGeSiSiSiSiSiSiGeSiSiSiGeSiGeGeSiSiGeGeSiGeGeSiSiGeGeGeGeGeGe
   -23894.9804687500 GeGeSiGeGeSiGeSiGeGeSiGeGeSiGeSiGeGeGeGeSiSiGeSiGeGeSiGeGeSiGeSiSiSiSiSiSiGeSiSiSiGeSiGeGeSiSiGeGeSiGeGeSiSiGeGeGeGeGeGe
   -23894.9804687500 GeGeSiGeGeSiGeSiGeGeSiGeGeSiGeSiGeGeGeGeSiSiGeSiGeGeSiGeGeSiGeSiSiSiSiSiSiGeSiSiSiGeSiGeGeSiSiGeGeSiGeGeSiSiGeGeGeGeGeGe
   -23894.9804687500 GeGeSiGeGeSiGeSiGeGeSiGeGeSiGeSiGeGeGeGeSiSiGeSiGeGeSiGeGeSiGeSiSiSiSiSiSiGeSiSiSiGeSiGeGeSiSiGeGeSiGeGeSiSiGeGeGeGeGeGe
   -23894.9804687500 GeGeSiGeGeSiGeSiGeGeSiGeGeSiGeSiGeGeGeGeSiSiGeSiGeGeSiGeGeSiGeSiSiSiSiSiSiGeSiSiSiGeSiGeGeSiSiGeGeSiGeGeSiSiGeGeGeGeGeGe
   -23894.9804687500 GeGeSiGeGeSiGeSiGeGeSiGeGeSiGeSiGeGeGeGeSiSiGeSiGeGeSiGeGeSiGeSiSiSiSiSiSiGeSiSiSiGeSiGeGeSiSiGeGeSiGeGeSiSiGeGeGeGeGeGe
   -23894.9804687500 GeGeSiGeGeSiGeSiGeGeSiGeGeSiGeSiGeGeGeGeSiSiGeSiGeGeSiGeGeSiGeSiSiSiSiSiSiGeSiSiSiGeSiGeGeSiSiGeGeSiGeGeSiSiGeGeGeGeGeGe
   -23894.9804687500 GeGeSiGeGeSiGeSiGeGeSiGeGeSiGeSiGeGeGeGeSiSiGeSiGeGeSiGeGeSiGeSiSiSiSiSiSiGeSiSiSiGeSiGeGeSiSiGeGeSiGeGeSiSiGeGeGeGeGeGe
   -23894.9804687500 GeGeSiGeGeSiGeSiGeGeSiGeGeSiGeSiGeGeGeGeSiSiGeSiGeGeSiGeGeSiGeSiSiSiSiSiSiGeSiSiSiGeSiGeGeSiSiGeGeSiGeGeSiSiGeGeGeGeGeGe
   -23894.9804687500 GeGeSiGeGeSiGeSiGeGeSiGeGeSiGeSiGeGeGeGeSiSiGeSiGeGeSiGeGeSiGeSiSiSiSiSiSiGeSiSiSiGeSiGeGeSiSiGeGeSiGeGeSiSiGeGeGeGeGeGe
   -23894.9804687500 GeGeSiGeGeSiGeSiGeGeSiGeGeSiGeSiGeGeGeGeSiSiGeSiGeGeSiGeGeSiGeSiSiSiSiSiSiGeSiSiSiGeSiGeGeSiSiGeGeSiGeGeSiSiGeGeGeGeGeGe
   -23894.9804687500 GeGeSiGeGeSiGeSiGeGeSiGeGeSiGeSiGeGeGeGeSiSiGeSiGeGeSiGeGeSiGeSiSiSiSiSiSiGeSiSiSiGeSiGeGeSiSiGeGeSiGeGeSiSiGeGeGeGeGeGe
   -23894.9804687500 GeGeSiGeGeSiGeSiGeGeSiGeGeSiGeSiGeGeGeGeSiSiGeSiGeGeSiGeGeSiGeSiSiSiSiSiSiGeSiSiSiGeSiGeGeSiSiGeGeSiGeGeSiSiGeGeGeGeGeGe
   -23894.9804687500 GeGeSiGeGeSiGeSiGeGeSiGeGeSiGeSiGeGeGeGeSiSiGeSiGeGeSiGeGeSiGeSiSiSiSiSiSiGeSiSiSiGeSiGeGeSiSiGeGeSiGeGeSiSiGeGeGeGeGeGe
   -23894.9804687500 GeGeSiGeGeSiGeSiGeGeSiGeGeSiGeSiGeGeGeGeSiSiGeSiGeGeSiGeGeSiGeSiSiSiSiSiSiGeSiSiSiGeSiGeGeSiSiGeGeSiGeGeSiSiGeGeGeGeGeGe
   -23894.9804687500 GeGeSiGeGeSiGeSiGeGeSiGeGeSiGeSiGeGeGeGeSiSiGeSiGeGeSiGeGeSiGeSiSiSiSiSiSiGeSiSiSiGeSiGeGeSiSiGeGeSiGeGeSiSiGeGeGeGeGeGe
   -23894.9804687500 GeGeSiGeGeSiGeSiGeGeSiGeGeSiGeSiGeGeGeGeSiSiGeSiGeGeSiGeGeSiGeSiSiSiSiSiSiGeSiSiSiGeSiGeGeSiSiGeGeSiGeGeSiSiGeGeGeGeGeGe
   -23894.9804687500 GeGeSiGeGeSiGeSiGeGeSiGeGeSiGeSiGeGeGeGeSiSiGeSiGeGeSiGeGeSiGeSiSiSiSiSiSiGeSiSiSiGeSiGeGeSiSiGeGeSiGeGeSiSiGeGeGeGeGeGe
   -23894.9804687500 GeGeSiGeGeSiGeSiGeGeSiGeGeSiGeSiGeGeGeGeSiSiGeSiGeGeSiGeGeSiGeSiSiSiSiSiSiGeSiSiSiGeSiGeGeSiSiGeGeSiGeGeSiSiGeGeGeGeGeGe
   -23894.9804687500 GeGeSiGeGeSiGeSiGeGeSiGeGeSiGeSiGeGeGeGeSiSiGeSiGeGeSiGeGeSiGeSiSiSiSiSiSiGeSiSiSiGeSiGeGeSiSiGeGeSiGeGeSiSiGeGeGeGeGeGe
   -23894.9804687500 GeGeSiGeGeSiGeSiGeGeSiGeGeSiGeSiGeGeGeGeSiSiGeSiGeGeSiGeGeSiGeSiSiSiSiSiSiGeSiSiSiGeSiGeGeSiSiGeGeSiGeGeSiSiGeGeGeGeGeGe
   -23894.9804687500 GeGeSiGeGeSiGeSiGeGeSiGeGeSiGeSiGeGeGeGeSiSiGeSiGeGeSiGeGeSiGeSiSiSiSiSiSiGeSiSiSiGeSiGeGeSiSiGeGeSiGeGeSiSiGeGeGeGeGeGe
   -23894.9804687500 GeGeSiGeGeSiGeSiGeGeSiGeGeSiGeSiGeGeGeGeSiSiGeSiGeGeSiGeGeSiGeSiSiSiSiSiSiGeSiSiSiGeSiGeGeSiSiGeGeSiGeGeSiSiGeGeGeGeGeGe
   -23894.9804687500 GeGeSiGeGeSiGeSiGeGeSiGeGeSiGeSiGeGeGeGeSiSiGeSiGeGeSiGeGeSiGeSiSiSiSiSiSiGeSiSiSiGeSiGeGeSiSiGeGeSiGeGeSiSiGeGeGeGeGeGe
   -23894.9804687500 GeGeSiGeGeSiGeSiGeGeSiGeGeSiGeSiGeGeGeGeSiSiGeSiGeGeSiGeGeSiGeSiSiSiSiSiSiGeSiSiSiGeSiGeGeSiSiGeGeSiGeGeSiSiGeGeGeGeGeGe
   -23894.9804687500 GeGeSiGeGeSiGeSiGeGeSiGeGeSiGeSiGeGeGeGeSiSiGeSiGeGeSiGeGeSiGeSiSiSiSiSiSiGeSiSiSiGeSiGeGeSiSiGeGeSiGeGeSiSiGeGeGeGeGeGe
   -23894.9804687500 GeGeSiGeGeSiGeSiGeGeSiGeGeSiGeSiGeGeGeGeSiSiGeSiGeGeSiGeGeSiGeSiSiSiSiSiSiGeSiSiSiGeSiGeGeSiSiGeGeSiGeGeSiSiGeGeGeGeGeGe
   -23894.9804687500 GeGeSiGeGeSiGeSiGeGeSiGeGeSiGeSiGeGeGeGeSiSiGeSiGeGeSiGeGeSiGeSiSiSiSiSiSiGeSiSiSiGeSiGeGeSiSiGeGeSiGeGeSiSiGeGeGeGeGeGe
   -23894.9804687500 GeGeSiGeGeSiGeSiGeGeSiGeGeSiGeSiGeGeGeGeSiSiGeSiGeGeSiGeGeSiGeSiSiSiSiSiSiGeSiSiSiGeSiGeGeSiSiGeGeSiGeGeSiSiGeGeGeGeGeGe
   -23894.9804687500 GeGeSiGeGeSiGeSiGeGeSiGeGeSiGeSiGeGeGeGeSiSiGeSiGeGeSiGeGeSiGeSiSiSiSiSiSiGeSiSiSiGeSiGeGeSiSiGeGeSiGeGeSiSiGeGeGeGeGeGe
   -23894.9804687500 GeGeSiGeGeSiGeSiGeGeSiGeGeSiGeSiGeGeGeGeSiSiGeSiGeGeSiGeGeSiGeSiSiSiSiSiSiGeSiSiSiGeSiGeGeSiSiGeGeSiGeGeSiSiGeGeGeGeGeGe
   -23894.9804687500 GeGeSiGeGeSiGeSiGeGeSiGeGeSiGeSiGeGeGeGeSiSiGeSiGeGeSiGeGeSiGeSiSiSiSiSiSiGeSiSiSiGeSiGeGeSiSiGeGeSiGeGeSiSiGeGeGeGeGeGe
   -23894.9804687500 GeGeSiGeGeSiGeSiGeGeSiGeGeSiGeSiGeGeGeGeSiSiGeSiGeGeSiGeGeSiGeSiSiSiSiSiSiGeSiSiSiGeSiGeGeSiSiGeGeSiGeGeSiSiGeGeGeGeGeGe
   -23894.9804687500 GeGeSiGeGeSiGeSiGeGeSiGeGeSiGeSiGeGeGeGeSiSiGeSiGeGeSiGeGeSiGeSiSiSiSiSiSiGeSiSiSiGeSiGeGeSiSiGeGeSiGeGeSiSiGeGeGeGeGeGe
   -23894.9804687500 GeGeSiGeGeSiGeSiGeGeSiGeGeSiGeSiGeGeGeGeSiSiGeSiGeGeSiGeGeSiGeSiSiSiSiSiSiGeSiSiSiGeSiGeGeSiSiGeGeSiGeGeSiSiGeGeGeGeGeGe
   -23894.9804687500 GeGeSiGeGeSiGeSiGeGeSiGeGeSiGeSiGeGeGeGeSiSiGeSiGeGeSiGeGeSiGeSiSiSiSiSiSiGeSiSiSiGeSiGeGeSiSiGeGeSiGeGeSiSiGeGeGeGeGeGe
   -23894.9804687500 GeGeSiGeGeSiGeSiGeGeSiGeGeSiGeSiGeGeGeGeSiSiGeSiGeGeSiGeGeSiGeSiSiSiSiSiSiGeSiSiSiGeSiGeGeSiSiGeGeSiGeGeSiSiGeGeGeGeGeGe
   -23894.9804687500 GeGeSiGeGeSiGeSiGeGeSiGeGeSiGeSiGeGeGeGeSiSiGeSiGeGeSiGeGeSiGeSiSiSiSiSiSiGeSiSiSiGeSiGeGeSiSiGeGeSiGeGeSiSiGeGeGeGeGeGe
   -23894.9804687500 GeGeSiGeGeSiGeSiGeGeSiGeGeSiGeSiGeGeGeGeSiSiGeSiGeGeSiGeGeSiGeSiSiSiSiSiSiGeSiSiSiGeSiGeGeSiSiGeGeSiGeGeSiSiGeGeGeGeGeGe
   -23894.9804687500 GeGeSiGeGeSiGeSiGeGeSiGeGeSiGeSiGeGeGeGeSiSiGeSiGeGeSiGeGeSiGeSiSiSiSiSiSiGeSiSiSiGeSiGeGeSiSiGeGeSiGeGeSiSiGeGeGeGeGeGe
   -23894.9804687500 GeGeSiGeGeSiGeSiGeGeSiGeGeSiGeSiGeGeGeGeSiSiGeSiGeGeSiGeGeSiGeSiSiSiSiSiSiGeSiSiSiGeSiGeGeSiSiGeGeSiGeGeSiSiGeGeGeGeGeGe
   -23894.9804687500 GeGeSiGeGeSiGeSiGeGeSiGeGeSiGeSiGeGeGeGeSiSiGeSiGeGeSiGeGeSiGeSiSiSiSiSiSiGeSiSiSiGeSiGeGeSiSiGeGeSiGeGeSiSiGeGeGeGeGeGe
   -23894.9804687500 GeGeSiGeGeSiGeSiGeGeSiGeGeSiGeSiGeGeGeGeSiSiGeSiGeGeSiGeGeSiGeSiSiSiSiSiSiGeSiSiSiGeSiGeGeSiSiGeGeSiGeGeSiSiGeGeGeGeGeGe
   -23894.9804687500 GeGeSiGeGeSiGeSiGeGeSiGeGeSiGeSiGeGeGeGeSiSiGeSiGeGeSiGeGeSiGeSiSiSiSiSiSiGeSiSiSiGeSiGeGeSiSiGeGeSiGeGeSiSiGeGeGeGeGeGe
   -23894.9804687500 GeGeSiGeGeSiGeSiGeGeSiGeGeSiGeSiGeGeGeGeSiSiGeSiGeGeSiGeGeSiGeSiSiSiSiSiSiGeSiSiSiGeSiGeGeSiSiGeGeSiGeGeSiSiGeGeGeGeGeGe
   -23894.9804687500 GeGeSiGeGeSiGeSiGeGeSiGeGeSiGeSiGeGeGeGeSiSiGeSiGeGeSiGeGeSiGeSiSiSiSiSiSiGeSiSiSiGeSiGeGeSiSiGeGeSiGeGeSiSiGeGeGeGeGeGe
   -23894.9804687500 GeGeSiGeGeSiGeSiGeGeSiGeGeSiGeSiGeGeGeGeSiSiGeSiGeGeSiGeGeSiGeSiSiSiSiSiSiGeSiSiSiGeSiGeGeSiSiGeGeSiGeGeSiSiGeGeGeGeGeGe
   -23894.9804687500 GeGeSiGeGeSiGeSiGeGeSiGeGeSiGeSiGeGeGeGeSiSiGeSiGeGeSiGeGeSiGeSiSiSiSiSiSiGeSiSiSiGeSiGeGeSiSiGeGeSiGeGeSiSiGeGeGeGeGeGe
   -23894.9804687500 GeGeSiGeGeSiGeSiGeGeSiGeGeSiGeSiGeGeGeGeSiSiGeSiGeGeSiGeGeSiGeSiSiSiSiSiSiGeSiSiSiGeSiGeGeSiSiGeGeSiGeGeSiSiGeGeGeGeGeGe
   -23894.9804687500 GeGeSiGeGeSiGeSiGeGeSiGeGeSiGeSiGeGeGeGeSiSiGeSiGeGeSiGeGeSiGeSiSiSiSiSiSiGeSiSiSiGeSiGeGeSiSiGeGeSiGeGeSiSiGeGeGeGeGeGe
   -23894.9804687500 GeGeSiGeGeSiGeSiGeGeSiGeGeSiGeSiGeGeGeGeSiSiGeSiGeGeSiGeGeSiGeSiSiSiSiSiSiGeSiSiSiGeSiGeGeSiSiGeGeSiGeGeSiSiGeGeGeGeGeGe
   -23894.9804687500 GeGeSiGeGeSiGeSiGeGeSiGeGeSiGeSiGeGeGeGeSiSiGeSiGeGeSiGeGeSiGeSiSiSiSiSiSiGeSiSiSiGeSiGeGeSiSiGeGeSiGeGeSiSiGeGeGeGeGeGe
filename: c000000787316601.gin     
Cell:
    11.9020996    11.9020996    29.6919994    90.0000000    90.0000000   120.0000000
Box:
    11.9020996    -5.9510503     0.0000000
     0.0000000    10.3075209     0.0000000
     0.0000000     0.0000000    29.6919994
----------------------------------------
Inverse Box:
     0.0840188     0.0485083     0.0000000
     0.0000000     0.0970165     0.0000000
     0.0000000     0.0000000     0.0336791
----------------------------------------
==============================================
geometrical properties of  34 Ge:
 Configuration:           0
 D_ave:   9.18538380       3.53310013    
 D_min:   3.07988381      0.218143165    
 energia:  -23894.9805    
