Random Seed:  1199681846
Number of atoms:    60
Space Group:    1
Cell:
    11.9020996    11.9020996    29.6919994    90.0000000    90.0000000   120.0000000
Box:
    11.9020996    -5.9510503     0.0000000
     0.0000000    10.3075209     0.0000000
     0.0000000     0.0000000    29.6919994
----------------------------------------
Inverse Box:
     0.0840188     0.0485083     0.0000000
     0.0000000     0.0970165     0.0000000
     0.0000000     0.0000000     0.0336791
----------------------------------------
GeSiSiSiSiSiSiSiGeSiSiSiSiSiSiSiSiSiSiSiSiSiSiSiSiSiSiSiSiSiSiSiSiSiSiSiSiSiSiSiSiSiSiSiSiSiSiSiSiSiSiSiSiSiSiSiSiSiSiSi
           1 Ge    -7733.90283    
GeGeSiSiSiSiSiSiGeSiSiSiSiSiSiSiSiSiSiSiSiSiSiSiSiSiSiSiSiSiSiSiSiSiSiSiSiSiSiSiSiSiSiSiSiSiSiSiSiSiSiSiSiSiSiSiSiSiSiSi
           2 Ge    -7727.85254    
GeGeGeSiSiSiSiSiGeSiSiSiSiSiSiSiSiSiSiSiSiSiSiSiSiSiSiSiSiSiSiSiSiSiSiSiSiSiSiSiSiSiSiSiSiSiSiSiSiSiSiSiSiSiSiSiSiSiSiSi
           3 Ge    -7721.91650    
GeGeGeGeSiSiSiSiGeSiSiSiSiSiSiSiSiSiSiSiSiSiSiSiSiSiSiSiSiSiSiSiSiSiSiSiSiSiSiSiSiSiSiSiSiSiSiSiSiSiSiSiSiSiSiSiSiSiSiSi
           4 Ge    -7744.43750    
GeGeGeGeSiGeSiSiGeSiSiSiSiSiSiSiSiSiSiSiSiSiSiSiSiSiSiSiSiSiSiSiSiSiSiSiSiSiSiSiSiSiSiSiSiSiSiSiSiSiSiSiSiSiSiSiSiSiSiSi
           6 Ge    -7787.28809    
GeGeGeGeSiGeGeSiGeSiSiSiSiSiSiSiSiSiSiSiSiSiSiSiSiSiSiSiSiSiSiSiSiSiSiSiSiSiSiSiSiSiSiSiSiSiSiSiSiSiSiSiSiSiSiSiSiSiSiSi
           7 Ge    -7868.29102    
GeGeGeGeSiGeGeGeGeSiSiSiSiSiSiSiSiSiSiSiSiSiSiSiSiSiSiSiSiSiSiSiSiSiSiSiSiSiSiSiSiSiSiSiSiSiSiSiSiSiSiSiSiSiSiSiSiSiSiSi
           8 Ge    -7983.42725    
GeGeGeGeSiGeGeGeGeSiSiGeSiSiSiSiSiSiSiSiSiSiSiSiSiSiSiSiSiSiSiSiSiSiSiSiSiSiSiSiSiSiSiSiSiSiSiSiSiSiSiSiSiSiSiSiSiSiSiSi
          12 Ge    -8225.19727    
GeGeGeGeSiGeGeGeGeSiSiGeSiGeSiSiSiSiSiSiSiSiSiSiSiSiSiSiSiSiSiSiSiSiSiSiSiSiSiSiSiSiSiSiSiSiSiSiSiSiSiSiSiSiSiSiSiSiSiSi
          14 Ge    -8556.12305    
GeGeGeGeSiGeGeGeGeSiSiGeSiGeSiGeSiSiSiSiSiSiSiSiSiSiSiSiSiSiSiSiSiSiSiSiSiSiSiSiSiSiSiSiSiSiSiSiSiSiSiSiSiSiSiSiSiSiSiSi
          16 Ge    -8740.90820    
GeGeGeGeSiGeGeGeGeSiSiGeSiGeSiGeSiSiSiSiGeSiSiSiSiSiSiSiSiSiSiSiSiSiSiSiSiSiSiSiSiSiSiSiSiSiSiSiSiSiSiSiSiSiSiSiSiSiSiSi
          21 Ge    -8714.26172    
GeGeGeGeSiGeGeGeGeSiSiGeSiGeSiGeSiSiSiSiGeSiSiSiSiGeSiSiSiSiSiSiSiSiSiSiSiSiSiSiSiSiSiSiSiSiSiSiSiSiSiSiSiSiSiSiSiSiSiSi
          26 Ge    -8577.30176    
GeGeGeGeSiGeGeGeGeSiSiGeSiGeSiGeSiSiSiSiGeSiSiSiSiGeSiSiSiGeSiSiSiSiSiSiSiSiSiSiSiSiSiSiSiSiSiSiSiSiSiSiSiSiSiSiSiSiSiSi
          30 Ge    -8488.47559    
GeGeGeGeSiGeGeGeGeSiSiGeSiGeSiGeSiSiSiSiGeSiSiSiSiGeSiSiSiGeSiSiGeSiSiSiSiSiSiSiSiSiSiSiSiSiSiSiSiSiSiSiSiSiSiSiSiSiSiSi
          33 Ge    -8905.20020    
GeGeGeGeSiGeGeGeGeSiSiGeSiGeSiGeSiSiSiSiGeSiSiSiSiGeSiSiSiGeSiSiGeSiSiSiSiSiGeSiSiSiSiSiSiSiSiSiSiSiSiSiSiSiSiSiSiSiSiSi
          39 Ge    -8538.00879    
GeGeGeGeSiGeGeGeGeSiSiGeSiGeSiGeSiSiSiSiGeSiSiSiSiGeSiSiSiGeSiSiGeSiSiSiSiSiGeGeSiSiSiSiSiSiSiSiSiSiSiSiSiSiSiSiSiSiSiSi
          40 Ge    -8095.62598    
GeGeGeGeSiGeGeGeGeSiSiGeSiGeSiGeSiSiSiSiGeSiSiSiSiGeSiSiSiGeSiSiGeSiSiSiSiSiGeGeGeSiSiSiSiSiSiSiSiSiSiSiSiSiSiSiSiSiSiSi
          41 Ge    -8585.72070    
GeGeGeGeSiGeGeGeGeSiSiGeSiGeSiGeSiSiSiSiGeSiSiSiSiGeSiSiSiGeSiSiGeSiSiSiSiSiGeGeGeGeSiSiSiSiSiSiSiSiSiSiSiSiSiSiSiSiSiSi
          42 Ge    -7346.92725    
GeGeGeGeSiGeGeGeGeSiSiGeSiGeSiGeSiSiSiSiGeSiSiSiSiGeSiSiSiGeSiSiGeSiSiSiSiSiGeGeGeGeSiSiSiGeSiSiSiSiSiSiSiSiSiSiSiSiSiSi
          46 Ge    -8062.19043    
GeGeGeGeSiGeGeGeGeSiSiGeSiGeSiGeSiSiSiSiGeSiSiSiSiGeSiSiSiGeSiSiGeSiSiSiSiSiGeGeGeGeSiSiSiGeSiSiSiSiSiSiSiSiSiSiGeSiSiSi
          57 Ge    -9230.55273    
GeGeGeGeSiGeGeGeGeGeSiGeSiGeSiGeSiSiSiSiGeSiSiSiSiGeSiSiSiGeSiSiGeSiSiSiSiSiGeGeGeGeSiSiSiGeSiSiSiSiSiSiSiSiSiSiGeSiSiSi
          10 Ge    -8894.58203    
GeGeGeGeSiGeGeGeGeGeGeGeSiGeSiGeSiSiSiSiGeSiSiSiSiGeSiSiSiGeSiSiGeSiSiSiSiSiGeGeGeGeSiSiSiGeSiSiSiSiSiSiSiSiSiSiGeSiSiSi
          11 Ge    -8547.98242    
GeGeGeGeSiGeGeGeGeGeGeGeGeGeSiGeSiSiSiSiGeSiSiSiSiGeSiSiSiGeSiSiGeSiSiSiSiSiGeGeGeGeSiSiSiGeSiSiSiSiSiSiSiSiSiSiGeSiSiSi
          13 Ge    -7473.33496    
GeGeGeGeSiGeGeGeGeGeGeGeGeGeGeGeSiSiSiSiGeSiSiSiSiGeSiSiSiGeSiSiGeSiSiSiSiSiGeGeGeGeSiSiSiGeSiSiSiSiSiSiSiSiSiSiGeSiSiSi
          15 Ge    -4125.03076    
GeGeGeGeSiGeGeGeGeGeGeGeGeGeGeGeSiGeSiSiGeSiSiSiSiGeSiSiSiGeSiSiGeSiSiSiSiSiGeGeGeGeSiSiSiGeSiSiSiSiSiSiSiSiSiSiGeSiSiSi
          18 Ge    -1362.74951    
GeGeGeGeSiGeGeGeGeGeGeGeGeGeGeGeSiGeSiSiGeSiGeSiSiGeSiSiSiGeSiSiGeSiSiSiSiSiGeGeGeGeSiSiSiGeSiSiSiSiSiSiSiSiSiSiGeSiSiSi
          23 Ge     3268.38281    
GeGeGeGeSiGeGeGeGeGeGeGeGeGeGeGeSiGeSiSiGeSiGeGeSiGeSiSiSiGeSiSiGeSiSiSiSiSiGeGeGeGeSiSiSiGeSiSiSiSiSiSiSiSiSiSiGeSiSiSi
          24 Ge     9165.72461    
GeGeGeGeSiGeGeGeGeGeGeGeGeGeGeGeSiGeSiSiGeSiGeGeGeGeSiSiSiGeSiSiGeSiSiSiSiSiGeGeGeGeSiSiSiGeSiSiSiSiSiSiSiSiSiSiGeSiSiSi
          25 Ge     8294.68945    
GeGeGeGeSiGeGeGeGeGeGeGeGeGeGeGeSiGeSiSiGeSiGeGeGeGeSiGeSiGeSiSiGeSiSiSiSiSiGeGeGeGeSiSiSiGeSiSiSiSiSiSiSiSiSiSiGeSiSiSi
          28 Ge     11201.1406    
GeGeGeGeSiGeGeGeGeGeGeGeGeGeGeGeSiGeSiSiGeSiGeGeGeGeSiGeSiGeSiSiGeSiSiSiGeSiGeGeGeGeSiSiSiGeSiSiSiSiSiSiSiSiSiSiGeSiSiSi
          37 Ge     13004.5566    
GeGeGeGeSiGeGeGeGeGeGeGeGeGeGeGeSiGeSiSiGeSiGeGeGeGeSiGeSiGeSiSiGeSiSiSiGeSiGeGeGeGeSiGeSiGeSiSiSiSiSiSiSiSiSiSiGeSiSiSi
          44 Ge     15042.4824    
GeGeGeGeSiGeGeGeGeGeGeGeGeGeGeGeSiGeSiSiGeSiGeGeGeGeSiGeSiGeSiSiGeSiSiSiGeSiGeGeGeGeSiGeSiGeSiSiSiSiGeSiSiSiSiSiGeSiSiSi
          51 Ge     15745.6250    
GeGeGeGeSiGeGeGeGeGeGeGeGeGeGeGeSiGeSiSiGeSiGeGeGeGeSiGeSiGeSiSiGeSiSiSiGeSiGeGeGeGeSiGeSiGeSiSiSiSiGeSiSiSiSiSiGeGeSiSi
          58 Ge     16487.9238    
==============================================
MonteCarlo: Metropolis with identity changes
Si > Ge, Ge > Si. STOP when occurrence <    0.00000
==============================================
Cost_function     Occurrence %     Scan-Cost
    -1439.8251953125 GeSiGeSiGeSiSiGeSiSiGeSiGeGeSiSiSiGeGeSiGeGeSiGeSiGeGeGeSiSiSiSiSiSiGeSiGeSiGeGeGeGeGeSiGeGeGeGeGeGeGeGeSiSiGeGeSiGeSiGe
    -2390.5292968750 GeSiGeSiSiSiGeGeSiSiGeSiSiGeSiSiSiGeSiGeGeGeGeGeSiGeGeGeSiGeSiSiSiGeSiGeGeGeGeGeGeGeGeSiGeGeGeGeSiSiSiSiSiSiGeGeSiGeGeGe
    -6141.9033203125 GeSiGeSiSiSiGeGeSiSiGeSiSiSiSiSiSiGeSiGeGeGeGeGeSiGeGeGeGeGeGeSiSiGeGeGeGeGeGeGeGeGeSiSiGeSiGeGeSiSiSiSiSiSiGeGeSiGeGeGe
    -7399.8930664062 GeSiGeSiSiSiGeGeSiSiGeSiSiSiSiSiSiGeSiGeGeGeGeGeSiGeGeGeGeGeGeSiGeGeGeGeGeGeGeGeGeSiSiSiGeSiGeGeSiSiSiSiSiSiGeGeSiGeGeGe
    -7399.8930664062 GeSiGeSiSiSiGeGeSiSiGeSiSiSiSiSiSiGeSiGeGeGeGeGeSiGeGeGeGeGeGeSiGeGeGeGeGeGeGeGeGeSiSiSiGeSiGeGeSiSiSiSiSiSiGeGeSiGeGeGe
    -7929.7421875000 GeSiGeSiSiSiGeGeSiSiGeSiSiSiSiSiSiGeSiGeGeGeGeGeSiGeGeGeGeGeGeSiGeGeGeGeGeGeGeGeGeGeSiSiGeSiGeSiSiSiSiSiSiSiGeGeSiGeGeGe
    -7929.7421875000 GeSiGeSiSiSiGeGeSiSiGeSiSiSiSiSiSiGeSiGeGeGeGeGeSiGeGeGeGeGeGeSiGeGeGeGeGeGeGeGeGeGeSiSiGeSiGeSiSiSiSiSiSiSiGeGeSiGeGeGe
    -7929.7421875000 GeSiGeSiSiSiGeGeSiSiGeSiSiSiSiSiSiGeSiGeGeGeGeGeSiGeGeGeGeGeGeSiGeGeGeGeGeGeGeGeGeGeSiSiGeSiGeSiSiSiSiSiSiSiGeGeSiGeGeGe
    -7929.7421875000 GeSiGeSiSiSiGeGeSiSiGeSiSiSiSiSiSiGeSiGeGeGeGeGeSiGeGeGeGeGeGeSiGeGeGeGeGeGeGeGeGeGeSiSiGeSiGeSiSiSiSiSiSiSiGeGeSiGeGeGe
    -8366.6328125000 GeSiGeSiSiSiGeGeSiSiGeSiSiSiSiSiGeGeSiGeGeGeSiGeSiGeGeSiGeGeGeGeGeGeGeGeGeGeGeGeGeGeSiSiGeSiGeSiSiSiSiSiSiSiGeGeSiGeGeGe
   -12198.6992187500 GeSiGeSiSiSiGeGeSiSiGeSiSiSiSiSiGeGeSiGeGeGeSiGeSiGeGeGeGeGeGeGeSiSiGeGeGeGeGeGeGeGeSiSiGeSiGeSiSiSiSiSiGeSiGeGeSiGeGeGe
   -12198.6992187500 GeSiGeSiSiSiGeGeSiSiGeSiSiSiSiSiGeGeSiGeGeGeSiGeSiGeGeGeGeGeGeGeSiSiGeGeGeGeGeGeGeGeSiSiGeSiGeSiSiSiSiSiGeSiGeGeSiGeGeGe
   -12198.6992187500 GeSiGeSiSiSiGeGeSiSiGeSiSiSiSiSiGeGeSiGeGeGeSiGeSiGeGeGeGeGeGeGeSiSiGeGeGeGeGeGeGeGeSiSiGeSiGeSiSiSiSiSiGeSiGeGeSiGeGeGe
   -12895.8281250000 GeSiGeSiSiSiGeGeSiSiGeSiSiSiSiSiGeGeSiSiGeGeSiGeSiSiGeGeGeGeGeGeSiSiGeGeGeGeGeGeGeGeGeSiGeGeGeSiSiSiSiSiGeSiGeGeSiGeGeGe
   -12895.8281250000 GeSiGeSiSiSiGeGeSiSiGeSiSiSiSiSiGeGeSiSiGeGeSiGeSiSiGeGeGeGeGeGeSiSiGeGeGeGeGeGeGeGeGeSiGeGeGeSiSiSiSiSiGeSiGeGeSiGeGeGe
   -12895.8281250000 GeSiGeSiSiSiGeGeSiSiGeSiSiSiSiSiGeGeSiSiGeGeSiGeSiSiGeGeGeGeGeGeSiSiGeGeGeGeGeGeGeGeGeSiGeGeGeSiSiSiSiSiGeSiGeGeSiGeGeGe
   -12895.8281250000 GeSiGeSiSiSiGeGeSiSiGeSiSiSiSiSiGeGeSiSiGeGeSiGeSiSiGeGeGeGeGeGeSiSiGeGeGeGeGeGeGeGeGeSiGeGeGeSiSiSiSiSiGeSiGeGeSiGeGeGe
   -12895.8281250000 GeSiGeSiSiSiGeGeSiSiGeSiSiSiSiSiGeGeSiSiGeGeSiGeSiSiGeGeGeGeGeGeSiSiGeGeGeGeGeGeGeGeGeSiGeGeGeSiSiSiSiSiGeSiGeGeSiGeGeGe
   -14119.2578125000 GeSiSiGeSiSiGeGeSiSiGeSiSiSiGeSiGeGeSiSiGeGeSiGeSiSiGeGeGeGeGeGeSiSiGeGeGeGeGeGeGeGeSiSiGeGeGeSiSiSiSiSiGeSiGeGeSiGeGeGe
   -14519.9492187500 GeSiSiGeSiSiGeGeSiSiGeSiSiSiGeSiGeGeSiSiGeGeSiGeSiGeGeGeGeGeGeGeSiSiGeGeGeSiGeGeGeGeSiSiGeGeGeSiSiSiSiSiGeSiGeGeSiGeGeGe
   -14519.9492187500 GeSiSiGeSiSiGeGeSiSiGeSiSiSiGeSiGeGeSiSiGeGeSiGeSiGeGeGeGeGeGeGeSiSiGeGeGeSiGeGeGeGeSiSiGeGeGeSiSiSiSiSiGeSiGeGeSiGeGeGe
   -14519.9492187500 GeSiSiGeSiSiGeGeSiSiGeSiSiSiGeSiGeGeSiSiGeGeSiGeSiGeGeGeGeGeGeGeSiSiGeGeGeSiGeGeGeGeSiSiGeGeGeSiSiSiSiSiGeSiGeGeSiGeGeGe
   -14658.4550781250 GeSiSiGeSiSiSiGeSiSiGeSiSiGeGeSiGeGeGeSiGeGeSiGeSiGeGeGeGeGeGeSiSiSiGeGeGeGeGeSiGeGeSiSiGeGeGeSiSiSiSiSiGeSiGeGeSiGeGeGe
   -14658.4550781250 GeSiSiGeSiSiSiGeSiSiGeSiSiGeGeSiGeGeGeSiGeGeSiGeSiGeGeGeGeGeGeSiSiSiGeGeGeGeGeSiGeGeSiSiGeGeGeSiSiSiSiSiGeSiGeGeSiGeGeGe
   -14658.4550781250 GeSiSiGeSiSiSiGeSiSiGeSiSiGeGeSiGeGeGeSiGeGeSiGeSiGeGeGeGeGeGeSiSiSiGeGeGeGeGeSiGeGeSiSiGeGeGeSiSiSiSiSiGeSiGeGeSiGeGeGe
   -14658.4550781250 GeSiSiGeSiSiSiGeSiSiGeSiSiGeGeSiGeGeGeSiGeGeSiGeSiGeGeGeGeGeGeSiSiSiGeGeGeGeGeSiGeGeSiSiGeGeGeSiSiSiSiSiGeSiGeGeSiGeGeGe
   -14658.4550781250 GeSiSiGeSiSiSiGeSiSiGeSiSiGeGeSiGeGeGeSiGeGeSiGeSiGeGeGeGeGeGeSiSiSiGeGeGeGeGeSiGeGeSiSiGeGeGeSiSiSiSiSiGeSiGeGeSiGeGeGe
   -14658.4550781250 GeSiSiGeSiSiSiGeSiSiGeSiSiGeGeSiGeGeGeSiGeGeSiGeSiGeGeGeGeGeGeSiSiSiGeGeGeGeGeSiGeGeSiSiGeGeGeSiSiSiSiSiGeSiGeGeSiGeGeGe
   -14658.4550781250 GeSiSiGeSiSiSiGeSiSiGeSiSiGeGeSiGeGeGeSiGeGeSiGeSiGeGeGeGeGeGeSiSiSiGeGeGeGeGeSiGeGeSiSiGeGeGeSiSiSiSiSiGeSiGeGeSiGeGeGe
   -17709.9804687500 GeSiSiGeSiSiSiGeSiSiGeSiSiGeGeSiGeGeGeSiGeGeSiGeSiGeGeGeGeGeGeSiSiSiGeGeGeGeGeGeGeGeSiSiGeGeSiSiSiSiSiSiGeSiGeGeSiGeGeGe
   -17709.9804687500 GeSiSiGeSiSiSiGeSiSiGeSiSiGeGeSiGeGeGeSiGeGeSiGeSiGeGeGeGeGeGeSiSiSiGeGeGeGeGeGeGeGeSiSiGeGeSiSiSiSiSiSiGeSiGeGeSiGeGeGe
   -17709.9804687500 GeSiSiGeSiSiSiGeSiSiGeSiSiGeGeSiGeGeGeSiGeGeSiGeSiGeGeGeGeGeGeSiSiSiGeGeGeGeGeGeGeGeSiSiGeGeSiSiSiSiSiSiGeSiGeGeSiGeGeGe
   -17709.9804687500 GeSiSiGeSiSiSiGeSiSiGeSiSiGeGeSiGeGeGeSiGeGeSiGeSiGeGeGeGeGeGeSiSiSiGeGeGeGeGeGeGeGeSiSiGeGeSiSiSiSiSiSiGeSiGeGeSiGeGeGe
   -17709.9804687500 GeSiSiGeSiSiSiGeSiSiGeSiSiGeGeSiGeGeGeSiGeGeSiGeSiGeGeGeGeGeGeSiSiSiGeGeGeGeGeGeGeGeSiSiGeGeSiSiSiSiSiSiGeSiGeGeSiGeGeGe
   -17709.9804687500 GeSiSiGeSiSiSiGeSiSiGeSiSiGeGeSiGeGeGeSiGeGeSiGeSiGeGeGeGeGeGeSiSiSiGeGeGeGeGeGeGeGeSiSiGeGeSiSiSiSiSiSiGeSiGeGeSiGeGeGe
   -17709.9804687500 GeSiSiGeSiSiSiGeSiSiGeSiSiGeGeSiGeGeGeSiGeGeSiGeSiGeGeGeGeGeGeSiSiSiGeGeGeGeGeGeGeGeSiSiGeGeSiSiSiSiSiSiGeSiGeGeSiGeGeGe
   -17709.9804687500 GeSiSiGeSiSiSiGeSiSiGeSiSiGeGeSiGeGeGeSiGeGeSiGeSiGeGeGeGeGeGeSiSiSiGeGeGeGeGeGeGeGeSiSiGeGeSiSiSiSiSiSiGeSiGeGeSiGeGeGe
   -17709.9804687500 GeSiSiGeSiSiSiGeSiSiGeSiSiGeGeSiGeGeGeSiGeGeSiGeSiGeGeGeGeGeGeSiSiSiGeGeGeGeGeGeGeGeSiSiGeGeSiSiSiSiSiSiGeSiGeGeSiGeGeGe
   -17709.9804687500 GeSiSiGeSiSiSiGeSiSiGeSiSiGeGeSiGeGeGeSiGeGeSiGeSiGeGeGeGeGeGeSiSiSiGeGeGeGeGeGeGeGeSiSiGeGeSiSiSiSiSiSiGeSiGeGeSiGeGeGe
   -17709.9804687500 GeSiSiGeSiSiSiGeSiSiGeSiSiGeGeSiGeGeGeSiGeGeSiGeSiGeGeGeGeGeGeSiSiSiGeGeGeGeGeGeGeGeSiSiGeGeSiSiSiSiSiSiGeSiGeGeSiGeGeGe
   -17709.9804687500 GeSiSiGeSiSiSiGeSiSiGeSiSiGeGeSiGeGeGeSiGeGeSiGeSiGeGeGeGeGeGeSiSiSiGeGeGeGeGeGeGeGeSiSiGeGeSiSiSiSiSiSiGeSiGeGeSiGeGeGe
   -17709.9804687500 GeSiSiGeSiSiSiGeSiSiGeSiSiGeGeSiGeGeGeSiGeGeSiGeSiGeGeGeGeGeGeSiSiSiGeGeGeGeGeGeGeGeSiSiGeGeSiSiSiSiSiSiGeSiGeGeSiGeGeGe
   -17709.9804687500 GeSiSiGeSiSiSiGeSiSiGeSiSiGeGeSiGeGeGeSiGeGeSiGeSiGeGeGeGeGeGeSiSiSiGeGeGeGeGeGeGeGeSiSiGeGeSiSiSiSiSiSiGeSiGeGeSiGeGeGe
   -17709.9804687500 GeSiSiGeSiSiSiGeSiSiGeSiSiGeGeSiGeGeGeSiGeGeSiGeSiGeGeGeGeGeGeSiSiSiGeGeGeGeGeGeGeGeSiSiGeGeSiSiSiSiSiSiGeSiGeGeSiGeGeGe
   -17709.9804687500 GeSiSiGeSiSiSiGeSiSiGeSiSiGeGeSiGeGeGeSiGeGeSiGeSiGeGeGeGeGeGeSiSiSiGeGeGeGeGeGeGeGeSiSiGeGeSiSiSiSiSiSiGeSiGeGeSiGeGeGe
   -17709.9804687500 GeSiSiGeSiSiSiGeSiSiGeSiSiGeGeSiGeGeGeSiGeGeSiGeSiGeGeGeGeGeGeSiSiSiGeGeGeGeGeGeGeGeSiSiGeGeSiSiSiSiSiSiGeSiGeGeSiGeGeGe
   -17709.9804687500 GeSiSiGeSiSiSiGeSiSiGeSiSiGeGeSiGeGeGeSiGeGeSiGeSiGeGeGeGeGeGeSiSiSiGeGeGeGeGeGeGeGeSiSiGeGeSiSiSiSiSiSiGeSiGeGeSiGeGeGe
   -17709.9804687500 GeSiSiGeSiSiSiGeSiSiGeSiSiGeGeSiGeGeGeSiGeGeSiGeSiGeGeGeGeGeGeSiSiSiGeGeGeGeGeGeGeGeSiSiGeGeSiSiSiSiSiSiGeSiGeGeSiGeGeGe
   -17709.9804687500 GeSiSiGeSiSiSiGeSiSiGeSiSiGeGeSiGeGeGeSiGeGeSiGeSiGeGeGeGeGeGeSiSiSiGeGeGeGeGeGeGeGeSiSiGeGeSiSiSiSiSiSiGeSiGeGeSiGeGeGe
   -17709.9804687500 GeSiSiGeSiSiSiGeSiSiGeSiSiGeGeSiGeGeGeSiGeGeSiGeSiGeGeGeGeGeGeSiSiSiGeGeGeGeGeGeGeGeSiSiGeGeSiSiSiSiSiSiGeSiGeGeSiGeGeGe
   -17709.9804687500 GeSiSiGeSiSiSiGeSiSiGeSiSiGeGeSiGeGeGeSiGeGeSiGeSiGeGeGeGeGeGeSiSiSiGeGeGeGeGeGeGeGeSiSiGeGeSiSiSiSiSiSiGeSiGeGeSiGeGeGe
   -17709.9804687500 GeSiSiGeSiSiSiGeSiSiGeSiSiGeGeSiGeGeGeSiGeGeSiGeSiGeGeGeGeGeGeSiSiSiGeGeGeGeGeGeGeGeSiSiGeGeSiSiSiSiSiSiGeSiGeGeSiGeGeGe
   -17709.9804687500 GeSiSiGeSiSiSiGeSiSiGeSiSiGeGeSiGeGeGeSiGeGeSiGeSiGeGeGeGeGeGeSiSiSiGeGeGeGeGeGeGeGeSiSiGeGeSiSiSiSiSiSiGeSiGeGeSiGeGeGe
   -17709.9804687500 GeSiSiGeSiSiSiGeSiSiGeSiSiGeGeSiGeGeGeSiGeGeSiGeSiGeGeGeGeGeGeSiSiSiGeGeGeGeGeGeGeGeSiSiGeGeSiSiSiSiSiSiGeSiGeGeSiGeGeGe
   -17709.9804687500 GeSiSiGeSiSiSiGeSiSiGeSiSiGeGeSiGeGeGeSiGeGeSiGeSiGeGeGeGeGeGeSiSiSiGeGeGeGeGeGeGeGeSiSiGeGeSiSiSiSiSiSiGeSiGeGeSiGeGeGe
   -17709.9804687500 GeSiSiGeSiSiSiGeSiSiGeSiSiGeGeSiGeGeGeSiGeGeSiGeSiGeGeGeGeGeGeSiSiSiGeGeGeGeGeGeGeGeSiSiGeGeSiSiSiSiSiSiGeSiGeGeSiGeGeGe
   -17709.9804687500 GeSiSiGeSiSiSiGeSiSiGeSiSiGeGeSiGeGeGeSiGeGeSiGeSiGeGeGeGeGeGeSiSiSiGeGeGeGeGeGeGeGeSiSiGeGeSiSiSiSiSiSiGeSiGeGeSiGeGeGe
   -17709.9804687500 GeSiSiGeSiSiSiGeSiSiGeSiSiGeGeSiGeGeGeSiGeGeSiGeSiGeGeGeGeGeGeSiSiSiGeGeGeGeGeGeGeGeSiSiGeGeSiSiSiSiSiSiGeSiGeGeSiGeGeGe
   -17709.9804687500 GeSiSiGeSiSiSiGeSiSiGeSiSiGeGeSiGeGeGeSiGeGeSiGeSiGeGeGeGeGeGeSiSiSiGeGeGeGeGeGeGeGeSiSiGeGeSiSiSiSiSiSiGeSiGeGeSiGeGeGe
   -17709.9804687500 GeSiSiGeSiSiSiGeSiSiGeSiSiGeGeSiGeGeGeSiGeGeSiGeSiGeGeGeGeGeGeSiSiSiGeGeGeGeGeGeGeGeSiSiGeGeSiSiSiSiSiSiGeSiGeGeSiGeGeGe
   -17709.9804687500 GeSiSiGeSiSiSiGeSiSiGeSiSiGeGeSiGeGeGeSiGeGeSiGeSiGeGeGeGeGeGeSiSiSiGeGeGeGeGeGeGeGeSiSiGeGeSiSiSiSiSiSiGeSiGeGeSiGeGeGe
   -17709.9804687500 GeSiSiGeSiSiSiGeSiSiGeSiSiGeGeSiGeGeGeSiGeGeSiGeSiGeGeGeGeGeGeSiSiSiGeGeGeGeGeGeGeGeSiSiGeGeSiSiSiSiSiSiGeSiGeGeSiGeGeGe
   -17709.9804687500 GeSiSiGeSiSiSiGeSiSiGeSiSiGeGeSiGeGeGeSiGeGeSiGeSiGeGeGeGeGeGeSiSiSiGeGeGeGeGeGeGeGeSiSiGeGeSiSiSiSiSiSiGeSiGeGeSiGeGeGe
   -17709.9804687500 GeSiSiGeSiSiSiGeSiSiGeSiSiGeGeSiGeGeGeSiGeGeSiGeSiGeGeGeGeGeGeSiSiSiGeGeGeGeGeGeGeGeSiSiGeGeSiSiSiSiSiSiGeSiGeGeSiGeGeGe
   -17709.9804687500 GeSiSiGeSiSiSiGeSiSiGeSiSiGeGeSiGeGeGeSiGeGeSiGeSiGeGeGeGeGeGeSiSiSiGeGeGeGeGeGeGeGeSiSiGeGeSiSiSiSiSiSiGeSiGeGeSiGeGeGe
   -17709.9804687500 GeSiSiGeSiSiSiGeSiSiGeSiSiGeGeSiGeGeGeSiGeGeSiGeSiGeGeGeGeGeGeSiSiSiGeGeGeGeGeGeGeGeSiSiGeGeSiSiSiSiSiSiGeSiGeGeSiGeGeGe
   -17709.9804687500 GeSiSiGeSiSiSiGeSiSiGeSiSiGeGeSiGeGeGeSiGeGeSiGeSiGeGeGeGeGeGeSiSiSiGeGeGeGeGeGeGeGeSiSiGeGeSiSiSiSiSiSiGeSiGeGeSiGeGeGe
   -17709.9804687500 GeSiSiGeSiSiSiGeSiSiGeSiSiGeGeSiGeGeGeSiGeGeSiGeSiGeGeGeGeGeGeSiSiSiGeGeGeGeGeGeGeGeSiSiGeGeSiSiSiSiSiSiGeSiGeGeSiGeGeGe
   -17709.9804687500 GeSiSiGeSiSiSiGeSiSiGeSiSiGeGeSiGeGeGeSiGeGeSiGeSiGeGeGeGeGeGeSiSiSiGeGeGeGeGeGeGeGeSiSiGeGeSiSiSiSiSiSiGeSiGeGeSiGeGeGe
   -17709.9804687500 GeSiSiGeSiSiSiGeSiSiGeSiSiGeGeSiGeGeGeSiGeGeSiGeSiGeGeGeGeGeGeSiSiSiGeGeGeGeGeGeGeGeSiSiGeGeSiSiSiSiSiSiGeSiGeGeSiGeGeGe
   -17709.9804687500 GeSiSiGeSiSiSiGeSiSiGeSiSiGeGeSiGeGeGeSiGeGeSiGeSiGeGeGeGeGeGeSiSiSiGeGeGeGeGeGeGeGeSiSiGeGeSiSiSiSiSiSiGeSiGeGeSiGeGeGe
   -17709.9804687500 GeSiSiGeSiSiSiGeSiSiGeSiSiGeGeSiGeGeGeSiGeGeSiGeSiGeGeGeGeGeGeSiSiSiGeGeGeGeGeGeGeGeSiSiGeGeSiSiSiSiSiSiGeSiGeGeSiGeGeGe
   -17709.9804687500 GeSiSiGeSiSiSiGeSiSiGeSiSiGeGeSiGeGeGeSiGeGeSiGeSiGeGeGeGeGeGeSiSiSiGeGeGeGeGeGeGeGeSiSiGeGeSiSiSiSiSiSiGeSiGeGeSiGeGeGe
   -17709.9804687500 GeSiSiGeSiSiSiGeSiSiGeSiSiGeGeSiGeGeGeSiGeGeSiGeSiGeGeGeGeGeGeSiSiSiGeGeGeGeGeGeGeGeSiSiGeGeSiSiSiSiSiSiGeSiGeGeSiGeGeGe
   -17709.9804687500 GeSiSiGeSiSiSiGeSiSiGeSiSiGeGeSiGeGeGeSiGeGeSiGeSiGeGeGeGeGeGeSiSiSiGeGeGeGeGeGeGeGeSiSiGeGeSiSiSiSiSiSiGeSiGeGeSiGeGeGe
   -17709.9804687500 GeSiSiGeSiSiSiGeSiSiGeSiSiGeGeSiGeGeGeSiGeGeSiGeSiGeGeGeGeGeGeSiSiSiGeGeGeGeGeGeGeGeSiSiGeGeSiSiSiSiSiSiGeSiGeGeSiGeGeGe
   -17709.9804687500 GeSiSiGeSiSiSiGeSiSiGeSiSiGeGeSiGeGeGeSiGeGeSiGeSiGeGeGeGeGeGeSiSiSiGeGeGeGeGeGeGeGeSiSiGeGeSiSiSiSiSiSiGeSiGeGeSiGeGeGe
   -17709.9804687500 GeSiSiGeSiSiSiGeSiSiGeSiSiGeGeSiGeGeGeSiGeGeSiGeSiGeGeGeGeGeGeSiSiSiGeGeGeGeGeGeGeGeSiSiGeGeSiSiSiSiSiSiGeSiGeGeSiGeGeGe
   -17709.9804687500 GeSiSiGeSiSiSiGeSiSiGeSiSiGeGeSiGeGeGeSiGeGeSiGeSiGeGeGeGeGeGeSiSiSiGeGeGeGeGeGeGeGeSiSiGeGeSiSiSiSiSiSiGeSiGeGeSiGeGeGe
   -17709.9804687500 GeSiSiGeSiSiSiGeSiSiGeSiSiGeGeSiGeGeGeSiGeGeSiGeSiGeGeGeGeGeGeSiSiSiGeGeGeGeGeGeGeGeSiSiGeGeSiSiSiSiSiSiGeSiGeGeSiGeGeGe
   -17709.9804687500 GeSiSiGeSiSiSiGeSiSiGeSiSiGeGeSiGeGeGeSiGeGeSiGeSiGeGeGeGeGeGeSiSiSiGeGeGeGeGeGeGeGeSiSiGeGeSiSiSiSiSiSiGeSiGeGeSiGeGeGe
   -17709.9804687500 GeSiSiGeSiSiSiGeSiSiGeSiSiGeGeSiGeGeGeSiGeGeSiGeSiGeGeGeGeGeGeSiSiSiGeGeGeGeGeGeGeGeSiSiGeGeSiSiSiSiSiSiGeSiGeGeSiGeGeGe
   -17709.9804687500 GeSiSiGeSiSiSiGeSiSiGeSiSiGeGeSiGeGeGeSiGeGeSiGeSiGeGeGeGeGeGeSiSiSiGeGeGeGeGeGeGeGeSiSiGeGeSiSiSiSiSiSiGeSiGeGeSiGeGeGe
   -17709.9804687500 GeSiSiGeSiSiSiGeSiSiGeSiSiGeGeSiGeGeGeSiGeGeSiGeSiGeGeGeGeGeGeSiSiSiGeGeGeGeGeGeGeGeSiSiGeGeSiSiSiSiSiSiGeSiGeGeSiGeGeGe
   -17709.9804687500 GeSiSiGeSiSiSiGeSiSiGeSiSiGeGeSiGeGeGeSiGeGeSiGeSiGeGeGeGeGeGeSiSiSiGeGeGeGeGeGeGeGeSiSiGeGeSiSiSiSiSiSiGeSiGeGeSiGeGeGe
   -17709.9804687500 GeSiSiGeSiSiSiGeSiSiGeSiSiGeGeSiGeGeGeSiGeGeSiGeSiGeGeGeGeGeGeSiSiSiGeGeGeGeGeGeGeGeSiSiGeGeSiSiSiSiSiSiGeSiGeGeSiGeGeGe
   -17709.9804687500 GeSiSiGeSiSiSiGeSiSiGeSiSiGeGeSiGeGeGeSiGeGeSiGeSiGeGeGeGeGeGeSiSiSiGeGeGeGeGeGeGeGeSiSiGeGeSiSiSiSiSiSiGeSiGeGeSiGeGeGe
   -17709.9804687500 GeSiSiGeSiSiSiGeSiSiGeSiSiGeGeSiGeGeGeSiGeGeSiGeSiGeGeGeGeGeGeSiSiSiGeGeGeGeGeGeGeGeSiSiGeGeSiSiSiSiSiSiGeSiGeGeSiGeGeGe
   -17709.9804687500 GeSiSiGeSiSiSiGeSiSiGeSiSiGeGeSiGeGeGeSiGeGeSiGeSiGeGeGeGeGeGeSiSiSiGeGeGeGeGeGeGeGeSiSiGeGeSiSiSiSiSiSiGeSiGeGeSiGeGeGe
   -17709.9804687500 GeSiSiGeSiSiSiGeSiSiGeSiSiGeGeSiGeGeGeSiGeGeSiGeSiGeGeGeGeGeGeSiSiSiGeGeGeGeGeGeGeGeSiSiGeGeSiSiSiSiSiSiGeSiGeGeSiGeGeGe
   -17709.9804687500 GeSiSiGeSiSiSiGeSiSiGeSiSiGeGeSiGeGeGeSiGeGeSiGeSiGeGeGeGeGeGeSiSiSiGeGeGeGeGeGeGeGeSiSiGeGeSiSiSiSiSiSiGeSiGeGeSiGeGeGe
   -17709.9804687500 GeSiSiGeSiSiSiGeSiSiGeSiSiGeGeSiGeGeGeSiGeGeSiGeSiGeGeGeGeGeGeSiSiSiGeGeGeGeGeGeGeGeSiSiGeGeSiSiSiSiSiSiGeSiGeGeSiGeGeGe
   -17709.9804687500 GeSiSiGeSiSiSiGeSiSiGeSiSiGeGeSiGeGeGeSiGeGeSiGeSiGeGeGeGeGeGeSiSiSiGeGeGeGeGeGeGeGeSiSiGeGeSiSiSiSiSiSiGeSiGeGeSiGeGeGe
   -17709.9804687500 GeSiSiGeSiSiSiGeSiSiGeSiSiGeGeSiGeGeGeSiGeGeSiGeSiGeGeGeGeGeGeSiSiSiGeGeGeGeGeGeGeGeSiSiGeGeSiSiSiSiSiSiGeSiGeGeSiGeGeGe
   -17709.9804687500 GeSiSiGeSiSiSiGeSiSiGeSiSiGeGeSiGeGeGeSiGeGeSiGeSiGeGeGeGeGeGeSiSiSiGeGeGeGeGeGeGeGeSiSiGeGeSiSiSiSiSiSiGeSiGeGeSiGeGeGe
   -17709.9804687500 GeSiSiGeSiSiSiGeSiSiGeSiSiGeGeSiGeGeGeSiGeGeSiGeSiGeGeGeGeGeGeSiSiSiGeGeGeGeGeGeGeGeSiSiGeGeSiSiSiSiSiSiGeSiGeGeSiGeGeGe
   -17709.9804687500 GeSiSiGeSiSiSiGeSiSiGeSiSiGeGeSiGeGeGeSiGeGeSiGeSiGeGeGeGeGeGeSiSiSiGeGeGeGeGeGeGeGeSiSiGeGeSiSiSiSiSiSiGeSiGeGeSiGeGeGe
   -17709.9804687500 GeSiSiGeSiSiSiGeSiSiGeSiSiGeGeSiGeGeGeSiGeGeSiGeSiGeGeGeGeGeGeSiSiSiGeGeGeGeGeGeGeGeSiSiGeGeSiSiSiSiSiSiGeSiGeGeSiGeGeGe
   -17709.9804687500 GeSiSiGeSiSiSiGeSiSiGeSiSiGeGeSiGeGeGeSiGeGeSiGeSiGeGeGeGeGeGeSiSiSiGeGeGeGeGeGeGeGeSiSiGeGeSiSiSiSiSiSiGeSiGeGeSiGeGeGe
   -17709.9804687500 GeSiSiGeSiSiSiGeSiSiGeSiSiGeGeSiGeGeGeSiGeGeSiGeSiGeGeGeGeGeGeSiSiSiGeGeGeGeGeGeGeGeSiSiGeGeSiSiSiSiSiSiGeSiGeGeSiGeGeGe
   -17709.9804687500 GeSiSiGeSiSiSiGeSiSiGeSiSiGeGeSiGeGeGeSiGeGeSiGeSiGeGeGeGeGeGeSiSiSiGeGeGeGeGeGeGeGeSiSiGeGeSiSiSiSiSiSiGeSiGeGeSiGeGeGe
   -17709.9804687500 GeSiSiGeSiSiSiGeSiSiGeSiSiGeGeSiGeGeGeSiGeGeSiGeSiGeGeGeGeGeGeSiSiSiGeGeGeGeGeGeGeGeSiSiGeGeSiSiSiSiSiSiGeSiGeGeSiGeGeGe
   -17709.9804687500 GeSiSiGeSiSiSiGeSiSiGeSiSiGeGeSiGeGeGeSiGeGeSiGeSiGeGeGeGeGeGeSiSiSiGeGeGeGeGeGeGeGeSiSiGeGeSiSiSiSiSiSiGeSiGeGeSiGeGeGe
   -17709.9804687500 GeSiSiGeSiSiSiGeSiSiGeSiSiGeGeSiGeGeGeSiGeGeSiGeSiGeGeGeGeGeGeSiSiSiGeGeGeGeGeGeGeGeSiSiGeGeSiSiSiSiSiSiGeSiGeGeSiGeGeGe
   -17709.9804687500 GeSiSiGeSiSiSiGeSiSiGeSiSiGeGeSiGeGeGeSiGeGeSiGeSiGeGeGeGeGeGeSiSiSiGeGeGeGeGeGeGeGeSiSiGeGeSiSiSiSiSiSiGeSiGeGeSiGeGeGe
   -17709.9804687500 GeSiSiGeSiSiSiGeSiSiGeSiSiGeGeSiGeGeGeSiGeGeSiGeSiGeGeGeGeGeGeSiSiSiGeGeGeGeGeGeGeGeSiSiGeGeSiSiSiSiSiSiGeSiGeGeSiGeGeGe
   -17709.9804687500 GeSiSiGeSiSiSiGeSiSiGeSiSiGeGeSiGeGeGeSiGeGeSiGeSiGeGeGeGeGeGeSiSiSiGeGeGeGeGeGeGeGeSiSiGeGeSiSiSiSiSiSiGeSiGeGeSiGeGeGe
   -17709.9804687500 GeSiSiGeSiSiSiGeSiSiGeSiSiGeGeSiGeGeGeSiGeGeSiGeSiGeGeGeGeGeGeSiSiSiGeGeGeGeGeGeGeGeSiSiGeGeSiSiSiSiSiSiGeSiGeGeSiGeGeGe
   -17709.9804687500 GeSiSiGeSiSiSiGeSiSiGeSiSiGeGeSiGeGeGeSiGeGeSiGeSiGeGeGeGeGeGeSiSiSiGeGeGeGeGeGeGeGeSiSiGeGeSiSiSiSiSiSiGeSiGeGeSiGeGeGe
   -17709.9804687500 GeSiSiGeSiSiSiGeSiSiGeSiSiGeGeSiGeGeGeSiGeGeSiGeSiGeGeGeGeGeGeSiSiSiGeGeGeGeGeGeGeGeSiSiGeGeSiSiSiSiSiSiGeSiGeGeSiGeGeGe
   -17709.9804687500 GeSiSiGeSiSiSiGeSiSiGeSiSiGeGeSiGeGeGeSiGeGeSiGeSiGeGeGeGeGeGeSiSiSiGeGeGeGeGeGeGeGeSiSiGeGeSiSiSiSiSiSiGeSiGeGeSiGeGeGe
   -17709.9804687500 GeSiSiGeSiSiSiGeSiSiGeSiSiGeGeSiGeGeGeSiGeGeSiGeSiGeGeGeGeGeGeSiSiSiGeGeGeGeGeGeGeGeSiSiGeGeSiSiSiSiSiSiGeSiGeGeSiGeGeGe
   -17709.9804687500 GeSiSiGeSiSiSiGeSiSiGeSiSiGeGeSiGeGeGeSiGeGeSiGeSiGeGeGeGeGeGeSiSiSiGeGeGeGeGeGeGeGeSiSiGeGeSiSiSiSiSiSiGeSiGeGeSiGeGeGe
   -17709.9804687500 GeSiSiGeSiSiSiGeSiSiGeSiSiGeGeSiGeGeGeSiGeGeSiGeSiGeGeGeGeGeGeSiSiSiGeGeGeGeGeGeGeGeSiSiGeGeSiSiSiSiSiSiGeSiGeGeSiGeGeGe
   -17709.9804687500 GeSiSiGeSiSiSiGeSiSiGeSiSiGeGeSiGeGeGeSiGeGeSiGeSiGeGeGeGeGeGeSiSiSiGeGeGeGeGeGeGeGeSiSiGeGeSiSiSiSiSiSiGeSiGeGeSiGeGeGe
   -17709.9804687500 GeSiSiGeSiSiSiGeSiSiGeSiSiGeGeSiGeGeGeSiGeGeSiGeSiGeGeGeGeGeGeSiSiSiGeGeGeGeGeGeGeGeSiSiGeGeSiSiSiSiSiSiGeSiGeGeSiGeGeGe
   -17709.9804687500 GeSiSiGeSiSiSiGeSiSiGeSiSiGeGeSiGeGeGeSiGeGeSiGeSiGeGeGeGeGeGeSiSiSiGeGeGeGeGeGeGeGeSiSiGeGeSiSiSiSiSiSiGeSiGeGeSiGeGeGe
   -17709.9804687500 GeSiSiGeSiSiSiGeSiSiGeSiSiGeGeSiGeGeGeSiGeGeSiGeSiGeGeGeGeGeGeSiSiSiGeGeGeGeGeGeGeGeSiSiGeGeSiSiSiSiSiSiGeSiGeGeSiGeGeGe
   -17709.9804687500 GeSiSiGeSiSiSiGeSiSiGeSiSiGeGeSiGeGeGeSiGeGeSiGeSiGeGeGeGeGeGeSiSiSiGeGeGeGeGeGeGeGeSiSiGeGeSiSiSiSiSiSiGeSiGeGeSiGeGeGe
   -17709.9804687500 GeSiSiGeSiSiSiGeSiSiGeSiSiGeGeSiGeGeGeSiGeGeSiGeSiGeGeGeGeGeGeSiSiSiGeGeGeGeGeGeGeGeSiSiGeGeSiSiSiSiSiSiGeSiGeGeSiGeGeGe
   -17709.9804687500 GeSiSiGeSiSiSiGeSiSiGeSiSiGeGeSiGeGeGeSiGeGeSiGeSiGeGeGeGeGeGeSiSiSiGeGeGeGeGeGeGeGeSiSiGeGeSiSiSiSiSiSiGeSiGeGeSiGeGeGe
   -17709.9804687500 GeSiSiGeSiSiSiGeSiSiGeSiSiGeGeSiGeGeGeSiGeGeSiGeSiGeGeGeGeGeGeSiSiSiGeGeGeGeGeGeGeGeSiSiGeGeSiSiSiSiSiSiGeSiGeGeSiGeGeGe
   -17709.9804687500 GeSiSiGeSiSiSiGeSiSiGeSiSiGeGeSiGeGeGeSiGeGeSiGeSiGeGeGeGeGeGeSiSiSiGeGeGeGeGeGeGeGeSiSiGeGeSiSiSiSiSiSiGeSiGeGeSiGeGeGe
   -17709.9804687500 GeSiSiGeSiSiSiGeSiSiGeSiSiGeGeSiGeGeGeSiGeGeSiGeSiGeGeGeGeGeGeSiSiSiGeGeGeGeGeGeGeGeSiSiGeGeSiSiSiSiSiSiGeSiGeGeSiGeGeGe
   -17709.9804687500 GeSiSiGeSiSiSiGeSiSiGeSiSiGeGeSiGeGeGeSiGeGeSiGeSiGeGeGeGeGeGeSiSiSiGeGeGeGeGeGeGeGeSiSiGeGeSiSiSiSiSiSiGeSiGeGeSiGeGeGe
   -17709.9804687500 GeSiSiGeSiSiSiGeSiSiGeSiSiGeGeSiGeGeGeSiGeGeSiGeSiGeGeGeGeGeGeSiSiSiGeGeGeGeGeGeGeGeSiSiGeGeSiSiSiSiSiSiGeSiGeGeSiGeGeGe
   -17709.9804687500 GeSiSiGeSiSiSiGeSiSiGeSiSiGeGeSiGeGeGeSiGeGeSiGeSiGeGeGeGeGeGeSiSiSiGeGeGeGeGeGeGeGeSiSiGeGeSiSiSiSiSiSiGeSiGeGeSiGeGeGe
   -17709.9804687500 GeSiSiGeSiSiSiGeSiSiGeSiSiGeGeSiGeGeGeSiGeGeSiGeSiGeGeGeGeGeGeSiSiSiGeGeGeGeGeGeGeGeSiSiGeGeSiSiSiSiSiSiGeSiGeGeSiGeGeGe
   -17709.9804687500 GeSiSiGeSiSiSiGeSiSiGeSiSiGeGeSiGeGeGeSiGeGeSiGeSiGeGeGeGeGeGeSiSiSiGeGeGeGeGeGeGeGeSiSiGeGeSiSiSiSiSiSiGeSiGeGeSiGeGeGe
   -17709.9804687500 GeSiSiGeSiSiSiGeSiSiGeSiSiGeGeSiGeGeGeSiGeGeSiGeSiGeGeGeGeGeGeSiSiSiGeGeGeGeGeGeGeGeSiSiGeGeSiSiSiSiSiSiGeSiGeGeSiGeGeGe
   -17709.9804687500 GeSiSiGeSiSiSiGeSiSiGeSiSiGeGeSiGeGeGeSiGeGeSiGeSiGeGeGeGeGeGeSiSiSiGeGeGeGeGeGeGeGeSiSiGeGeSiSiSiSiSiSiGeSiGeGeSiGeGeGe
   -17709.9804687500 GeSiSiGeSiSiSiGeSiSiGeSiSiGeGeSiGeGeGeSiGeGeSiGeSiGeGeGeGeGeGeSiSiSiGeGeGeGeGeGeGeGeSiSiGeGeSiSiSiSiSiSiGeSiGeGeSiGeGeGe
   -17709.9804687500 GeSiSiGeSiSiSiGeSiSiGeSiSiGeGeSiGeGeGeSiGeGeSiGeSiGeGeGeGeGeGeSiSiSiGeGeGeGeGeGeGeGeSiSiGeGeSiSiSiSiSiSiGeSiGeGeSiGeGeGe
   -17709.9804687500 GeSiSiGeSiSiSiGeSiSiGeSiSiGeGeSiGeGeGeSiGeGeSiGeSiGeGeGeGeGeGeSiSiSiGeGeGeGeGeGeGeGeSiSiGeGeSiSiSiSiSiSiGeSiGeGeSiGeGeGe
   -17709.9804687500 GeSiSiGeSiSiSiGeSiSiGeSiSiGeGeSiGeGeGeSiGeGeSiGeSiGeGeGeGeGeGeSiSiSiGeGeGeGeGeGeGeGeSiSiGeGeSiSiSiSiSiSiGeSiGeGeSiGeGeGe
   -17709.9804687500 GeSiSiGeSiSiSiGeSiSiGeSiSiGeGeSiGeGeGeSiGeGeSiGeSiGeGeGeGeGeGeSiSiSiGeGeGeGeGeGeGeGeSiSiGeGeSiSiSiSiSiSiGeSiGeGeSiGeGeGe
   -17709.9804687500 GeSiSiGeSiSiSiGeSiSiGeSiSiGeGeSiGeGeGeSiGeGeSiGeSiGeGeGeGeGeGeSiSiSiGeGeGeGeGeGeGeGeSiSiGeGeSiSiSiSiSiSiGeSiGeGeSiGeGeGe
   -17709.9804687500 GeSiSiGeSiSiSiGeSiSiGeSiSiGeGeSiGeGeGeSiGeGeSiGeSiGeGeGeGeGeGeSiSiSiGeGeGeGeGeGeGeGeSiSiGeGeSiSiSiSiSiSiGeSiGeGeSiGeGeGe
   -17709.9804687500 GeSiSiGeSiSiSiGeSiSiGeSiSiGeGeSiGeGeGeSiGeGeSiGeSiGeGeGeGeGeGeSiSiSiGeGeGeGeGeGeGeGeSiSiGeGeSiSiSiSiSiSiGeSiGeGeSiGeGeGe
   -17709.9804687500 GeSiSiGeSiSiSiGeSiSiGeSiSiGeGeSiGeGeGeSiGeGeSiGeSiGeGeGeGeGeGeSiSiSiGeGeGeGeGeGeGeGeSiSiGeGeSiSiSiSiSiSiGeSiGeGeSiGeGeGe
   -17709.9804687500 GeSiSiGeSiSiSiGeSiSiGeSiSiGeGeSiGeGeGeSiGeGeSiGeSiGeGeGeGeGeGeSiSiSiGeGeGeGeGeGeGeGeSiSiGeGeSiSiSiSiSiSiGeSiGeGeSiGeGeGe
   -17709.9804687500 GeSiSiGeSiSiSiGeSiSiGeSiSiGeGeSiGeGeGeSiGeGeSiGeSiGeGeGeGeGeGeSiSiSiGeGeGeGeGeGeGeGeSiSiGeGeSiSiSiSiSiSiGeSiGeGeSiGeGeGe
   -17709.9804687500 GeSiSiGeSiSiSiGeSiSiGeSiSiGeGeSiGeGeGeSiGeGeSiGeSiGeGeGeGeGeGeSiSiSiGeGeGeGeGeGeGeGeSiSiGeGeSiSiSiSiSiSiGeSiGeGeSiGeGeGe
   -17709.9804687500 GeSiSiGeSiSiSiGeSiSiGeSiSiGeGeSiGeGeGeSiGeGeSiGeSiGeGeGeGeGeGeSiSiSiGeGeGeGeGeGeGeGeSiSiGeGeSiSiSiSiSiSiGeSiGeGeSiGeGeGe
   -17709.9804687500 GeSiSiGeSiSiSiGeSiSiGeSiSiGeGeSiGeGeGeSiGeGeSiGeSiGeGeGeGeGeGeSiSiSiGeGeGeGeGeGeGeGeSiSiGeGeSiSiSiSiSiSiGeSiGeGeSiGeGeGe
   -17709.9804687500 GeSiSiGeSiSiSiGeSiSiGeSiSiGeGeSiGeGeGeSiGeGeSiGeSiGeGeGeGeGeGeSiSiSiGeGeGeGeGeGeGeGeSiSiGeGeSiSiSiSiSiSiGeSiGeGeSiGeGeGe
   -17709.9804687500 GeSiSiGeSiSiSiGeSiSiGeSiSiGeGeSiGeGeGeSiGeGeSiGeSiGeGeGeGeGeGeSiSiSiGeGeGeGeGeGeGeGeSiSiGeGeSiSiSiSiSiSiGeSiGeGeSiGeGeGe
   -17709.9804687500 GeSiSiGeSiSiSiGeSiSiGeSiSiGeGeSiGeGeGeSiGeGeSiGeSiGeGeGeGeGeGeSiSiSiGeGeGeGeGeGeGeGeSiSiGeGeSiSiSiSiSiSiGeSiGeGeSiGeGeGe
   -17709.9804687500 GeSiSiGeSiSiSiGeSiSiGeSiSiGeGeSiGeGeGeSiGeGeSiGeSiGeGeGeGeGeGeSiSiSiGeGeGeGeGeGeGeGeSiSiGeGeSiSiSiSiSiSiGeSiGeGeSiGeGeGe
   -17709.9804687500 GeSiSiGeSiSiSiGeSiSiGeSiSiGeGeSiGeGeGeSiGeGeSiGeSiGeGeGeGeGeGeSiSiSiGeGeGeGeGeGeGeGeSiSiGeGeSiSiSiSiSiSiGeSiGeGeSiGeGeGe
   -17709.9804687500 GeSiSiGeSiSiSiGeSiSiGeSiSiGeGeSiGeGeGeSiGeGeSiGeSiGeGeGeGeGeGeSiSiSiGeGeGeGeGeGeGeGeSiSiGeGeSiSiSiSiSiSiGeSiGeGeSiGeGeGe
   -17709.9804687500 GeSiSiGeSiSiSiGeSiSiGeSiSiGeGeSiGeGeGeSiGeGeSiGeSiGeGeGeGeGeGeSiSiSiGeGeGeGeGeGeGeGeSiSiGeGeSiSiSiSiSiSiGeSiGeGeSiGeGeGe
   -17709.9804687500 GeSiSiGeSiSiSiGeSiSiGeSiSiGeGeSiGeGeGeSiGeGeSiGeSiGeGeGeGeGeGeSiSiSiGeGeGeGeGeGeGeGeSiSiGeGeSiSiSiSiSiSiGeSiGeGeSiGeGeGe
   -17709.9804687500 GeSiSiGeSiSiSiGeSiSiGeSiSiGeGeSiGeGeGeSiGeGeSiGeSiGeGeGeGeGeGeSiSiSiGeGeGeGeGeGeGeGeSiSiGeGeSiSiSiSiSiSiGeSiGeGeSiGeGeGe
   -17709.9804687500 GeSiSiGeSiSiSiGeSiSiGeSiSiGeGeSiGeGeGeSiGeGeSiGeSiGeGeGeGeGeGeSiSiSiGeGeGeGeGeGeGeGeSiSiGeGeSiSiSiSiSiSiGeSiGeGeSiGeGeGe
   -17709.9804687500 GeSiSiGeSiSiSiGeSiSiGeSiSiGeGeSiGeGeGeSiGeGeSiGeSiGeGeGeGeGeGeSiSiSiGeGeGeGeGeGeGeGeSiSiGeGeSiSiSiSiSiSiGeSiGeGeSiGeGeGe
   -17709.9804687500 GeSiSiGeSiSiSiGeSiSiGeSiSiGeGeSiGeGeGeSiGeGeSiGeSiGeGeGeGeGeGeSiSiSiGeGeGeGeGeGeGeGeSiSiGeGeSiSiSiSiSiSiGeSiGeGeSiGeGeGe
   -17709.9804687500 GeSiSiGeSiSiSiGeSiSiGeSiSiGeGeSiGeGeGeSiGeGeSiGeSiGeGeGeGeGeGeSiSiSiGeGeGeGeGeGeGeGeSiSiGeGeSiSiSiSiSiSiGeSiGeGeSiGeGeGe
   -17709.9804687500 GeSiSiGeSiSiSiGeSiSiGeSiSiGeGeSiGeGeGeSiGeGeSiGeSiGeGeGeGeGeGeSiSiSiGeGeGeGeGeGeGeGeSiSiGeGeSiSiSiSiSiSiGeSiGeGeSiGeGeGe
   -17709.9804687500 GeSiSiGeSiSiSiGeSiSiGeSiSiGeGeSiGeGeGeSiGeGeSiGeSiGeGeGeGeGeGeSiSiSiGeGeGeGeGeGeGeGeSiSiGeGeSiSiSiSiSiSiGeSiGeGeSiGeGeGe
   -17709.9804687500 GeSiSiGeSiSiSiGeSiSiGeSiSiGeGeSiGeGeGeSiGeGeSiGeSiGeGeGeGeGeGeSiSiSiGeGeGeGeGeGeGeGeSiSiGeGeSiSiSiSiSiSiGeSiGeGeSiGeGeGe
   -17709.9804687500 GeSiSiGeSiSiSiGeSiSiGeSiSiGeGeSiGeGeGeSiGeGeSiGeSiGeGeGeGeGeGeSiSiSiGeGeGeGeGeGeGeGeSiSiGeGeSiSiSiSiSiSiGeSiGeGeSiGeGeGe
   -17709.9804687500 GeSiSiGeSiSiSiGeSiSiGeSiSiGeGeSiGeGeGeSiGeGeSiGeSiGeGeGeGeGeGeSiSiSiGeGeGeGeGeGeGeGeSiSiGeGeSiSiSiSiSiSiGeSiGeGeSiGeGeGe
   -17709.9804687500 GeSiSiGeSiSiSiGeSiSiGeSiSiGeGeSiGeGeGeSiGeGeSiGeSiGeGeGeGeGeGeSiSiSiGeGeGeGeGeGeGeGeSiSiGeGeSiSiSiSiSiSiGeSiGeGeSiGeGeGe
   -17709.9804687500 GeSiSiGeSiSiSiGeSiSiGeSiSiGeGeSiGeGeGeSiGeGeSiGeSiGeGeGeGeGeGeSiSiSiGeGeGeGeGeGeGeGeSiSiGeGeSiSiSiSiSiSiGeSiGeGeSiGeGeGe
   -17709.9804687500 GeSiSiGeSiSiSiGeSiSiGeSiSiGeGeSiGeGeGeSiGeGeSiGeSiGeGeGeGeGeGeSiSiSiGeGeGeGeGeGeGeGeSiSiGeGeSiSiSiSiSiSiGeSiGeGeSiGeGeGe
   -17709.9804687500 GeSiSiGeSiSiSiGeSiSiGeSiSiGeGeSiGeGeGeSiGeGeSiGeSiGeGeGeGeGeGeSiSiSiGeGeGeGeGeGeGeGeSiSiGeGeSiSiSiSiSiSiGeSiGeGeSiGeGeGe
   -17709.9804687500 GeSiSiGeSiSiSiGeSiSiGeSiSiGeGeSiGeGeGeSiGeGeSiGeSiGeGeGeGeGeGeSiSiSiGeGeGeGeGeGeGeGeSiSiGeGeSiSiSiSiSiSiGeSiGeGeSiGeGeGe
   -17709.9804687500 GeSiSiGeSiSiSiGeSiSiGeSiSiGeGeSiGeGeGeSiGeGeSiGeSiGeGeGeGeGeGeSiSiSiGeGeGeGeGeGeGeGeSiSiGeGeSiSiSiSiSiSiGeSiGeGeSiGeGeGe
   -17709.9804687500 GeSiSiGeSiSiSiGeSiSiGeSiSiGeGeSiGeGeGeSiGeGeSiGeSiGeGeGeGeGeGeSiSiSiGeGeGeGeGeGeGeGeSiSiGeGeSiSiSiSiSiSiGeSiGeGeSiGeGeGe
   -17709.9804687500 GeSiSiGeSiSiSiGeSiSiGeSiSiGeGeSiGeGeGeSiGeGeSiGeSiGeGeGeGeGeGeSiSiSiGeGeGeGeGeGeGeGeSiSiGeGeSiSiSiSiSiSiGeSiGeGeSiGeGeGe
   -17709.9804687500 GeSiSiGeSiSiSiGeSiSiGeSiSiGeGeSiGeGeGeSiGeGeSiGeSiGeGeGeGeGeGeSiSiSiGeGeGeGeGeGeGeGeSiSiGeGeSiSiSiSiSiSiGeSiGeGeSiGeGeGe
   -17709.9804687500 GeSiSiGeSiSiSiGeSiSiGeSiSiGeGeSiGeGeGeSiGeGeSiGeSiGeGeGeGeGeGeSiSiSiGeGeGeGeGeGeGeGeSiSiGeGeSiSiSiSiSiSiGeSiGeGeSiGeGeGe
   -17709.9804687500 GeSiSiGeSiSiSiGeSiSiGeSiSiGeGeSiGeGeGeSiGeGeSiGeSiGeGeGeGeGeGeSiSiSiGeGeGeGeGeGeGeGeSiSiGeGeSiSiSiSiSiSiGeSiGeGeSiGeGeGe
   -17709.9804687500 GeSiSiGeSiSiSiGeSiSiGeSiSiGeGeSiGeGeGeSiGeGeSiGeSiGeGeGeGeGeGeSiSiSiGeGeGeGeGeGeGeGeSiSiGeGeSiSiSiSiSiSiGeSiGeGeSiGeGeGe
   -17709.9804687500 GeSiSiGeSiSiSiGeSiSiGeSiSiGeGeSiGeGeGeSiGeGeSiGeSiGeGeGeGeGeGeSiSiSiGeGeGeGeGeGeGeGeSiSiGeGeSiSiSiSiSiSiGeSiGeGeSiGeGeGe
   -17709.9804687500 GeSiSiGeSiSiSiGeSiSiGeSiSiGeGeSiGeGeGeSiGeGeSiGeSiGeGeGeGeGeGeSiSiSiGeGeGeGeGeGeGeGeSiSiGeGeSiSiSiSiSiSiGeSiGeGeSiGeGeGe
   -17709.9804687500 GeSiSiGeSiSiSiGeSiSiGeSiSiGeGeSiGeGeGeSiGeGeSiGeSiGeGeGeGeGeGeSiSiSiGeGeGeGeGeGeGeGeSiSiGeGeSiSiSiSiSiSiGeSiGeGeSiGeGeGe
   -17709.9804687500 GeSiSiGeSiSiSiGeSiSiGeSiSiGeGeSiGeGeGeSiGeGeSiGeSiGeGeGeGeGeGeSiSiSiGeGeGeGeGeGeGeGeSiSiGeGeSiSiSiSiSiSiGeSiGeGeSiGeGeGe
   -17709.9804687500 GeSiSiGeSiSiSiGeSiSiGeSiSiGeGeSiGeGeGeSiGeGeSiGeSiGeGeGeGeGeGeSiSiSiGeGeGeGeGeGeGeGeSiSiGeGeSiSiSiSiSiSiGeSiGeGeSiGeGeGe
   -17709.9804687500 GeSiSiGeSiSiSiGeSiSiGeSiSiGeGeSiGeGeGeSiGeGeSiGeSiGeGeGeGeGeGeSiSiSiGeGeGeGeGeGeGeGeSiSiGeGeSiSiSiSiSiSiGeSiGeGeSiGeGeGe
   -17709.9804687500 GeSiSiGeSiSiSiGeSiSiGeSiSiGeGeSiGeGeGeSiGeGeSiGeSiGeGeGeGeGeGeSiSiSiGeGeGeGeGeGeGeGeSiSiGeGeSiSiSiSiSiSiGeSiGeGeSiGeGeGe
   -17709.9804687500 GeSiSiGeSiSiSiGeSiSiGeSiSiGeGeSiGeGeGeSiGeGeSiGeSiGeGeGeGeGeGeSiSiSiGeGeGeGeGeGeGeGeSiSiGeGeSiSiSiSiSiSiGeSiGeGeSiGeGeGe
   -17709.9804687500 GeSiSiGeSiSiSiGeSiSiGeSiSiGeGeSiGeGeGeSiGeGeSiGeSiGeGeGeGeGeGeSiSiSiGeGeGeGeGeGeGeGeSiSiGeGeSiSiSiSiSiSiGeSiGeGeSiGeGeGe
   -17709.9804687500 GeSiSiGeSiSiSiGeSiSiGeSiSiGeGeSiGeGeGeSiGeGeSiGeSiGeGeGeGeGeGeSiSiSiGeGeGeGeGeGeGeGeSiSiGeGeSiSiSiSiSiSiGeSiGeGeSiGeGeGe
   -17709.9804687500 GeSiSiGeSiSiSiGeSiSiGeSiSiGeGeSiGeGeGeSiGeGeSiGeSiGeGeGeGeGeGeSiSiSiGeGeGeGeGeGeGeGeSiSiGeGeSiSiSiSiSiSiGeSiGeGeSiGeGeGe
   -17709.9804687500 GeSiSiGeSiSiSiGeSiSiGeSiSiGeGeSiGeGeGeSiGeGeSiGeSiGeGeGeGeGeGeSiSiSiGeGeGeGeGeGeGeGeSiSiGeGeSiSiSiSiSiSiGeSiGeGeSiGeGeGe
   -17709.9804687500 GeSiSiGeSiSiSiGeSiSiGeSiSiGeGeSiGeGeGeSiGeGeSiGeSiGeGeGeGeGeGeSiSiSiGeGeGeGeGeGeGeGeSiSiGeGeSiSiSiSiSiSiGeSiGeGeSiGeGeGe
   -17709.9804687500 GeSiSiGeSiSiSiGeSiSiGeSiSiGeGeSiGeGeGeSiGeGeSiGeSiGeGeGeGeGeGeSiSiSiGeGeGeGeGeGeGeGeSiSiGeGeSiSiSiSiSiSiGeSiGeGeSiGeGeGe
   -17709.9804687500 GeSiSiGeSiSiSiGeSiSiGeSiSiGeGeSiGeGeGeSiGeGeSiGeSiGeGeGeGeGeGeSiSiSiGeGeGeGeGeGeGeGeSiSiGeGeSiSiSiSiSiSiGeSiGeGeSiGeGeGe
   -17709.9804687500 GeSiSiGeSiSiSiGeSiSiGeSiSiGeGeSiGeGeGeSiGeGeSiGeSiGeGeGeGeGeGeSiSiSiGeGeGeGeGeGeGeGeSiSiGeGeSiSiSiSiSiSiGeSiGeGeSiGeGeGe
   -17709.9804687500 GeSiSiGeSiSiSiGeSiSiGeSiSiGeGeSiGeGeGeSiGeGeSiGeSiGeGeGeGeGeGeSiSiSiGeGeGeGeGeGeGeGeSiSiGeGeSiSiSiSiSiSiGeSiGeGeSiGeGeGe
   -17709.9804687500 GeSiSiGeSiSiSiGeSiSiGeSiSiGeGeSiGeGeGeSiGeGeSiGeSiGeGeGeGeGeGeSiSiSiGeGeGeGeGeGeGeGeSiSiGeGeSiSiSiSiSiSiGeSiGeGeSiGeGeGe
   -17709.9804687500 GeSiSiGeSiSiSiGeSiSiGeSiSiGeGeSiGeGeGeSiGeGeSiGeSiGeGeGeGeGeGeSiSiSiGeGeGeGeGeGeGeGeSiSiGeGeSiSiSiSiSiSiGeSiGeGeSiGeGeGe
   -17709.9804687500 GeSiSiGeSiSiSiGeSiSiGeSiSiGeGeSiGeGeGeSiGeGeSiGeSiGeGeGeGeGeGeSiSiSiGeGeGeGeGeGeGeGeSiSiGeGeSiSiSiSiSiSiGeSiGeGeSiGeGeGe
   -17709.9804687500 GeSiSiGeSiSiSiGeSiSiGeSiSiGeGeSiGeGeGeSiGeGeSiGeSiGeGeGeGeGeGeSiSiSiGeGeGeGeGeGeGeGeSiSiGeGeSiSiSiSiSiSiGeSiGeGeSiGeGeGe
   -17709.9804687500 GeSiSiGeSiSiSiGeSiSiGeSiSiGeGeSiGeGeGeSiGeGeSiGeSiGeGeGeGeGeGeSiSiSiGeGeGeGeGeGeGeGeSiSiGeGeSiSiSiSiSiSiGeSiGeGeSiGeGeGe
   -17709.9804687500 GeSiSiGeSiSiSiGeSiSiGeSiSiGeGeSiGeGeGeSiGeGeSiGeSiGeGeGeGeGeGeSiSiSiGeGeGeGeGeGeGeGeSiSiGeGeSiSiSiSiSiSiGeSiGeGeSiGeGeGe
   -17709.9804687500 GeSiSiGeSiSiSiGeSiSiGeSiSiGeGeSiGeGeGeSiGeGeSiGeSiGeGeGeGeGeGeSiSiSiGeGeGeGeGeGeGeGeSiSiGeGeSiSiSiSiSiSiGeSiGeGeSiGeGeGe
   -17709.9804687500 GeSiSiGeSiSiSiGeSiSiGeSiSiGeGeSiGeGeGeSiGeGeSiGeSiGeGeGeGeGeGeSiSiSiGeGeGeGeGeGeGeGeSiSiGeGeSiSiSiSiSiSiGeSiGeGeSiGeGeGe
   -17709.9804687500 GeSiSiGeSiSiSiGeSiSiGeSiSiGeGeSiGeGeGeSiGeGeSiGeSiGeGeGeGeGeGeSiSiSiGeGeGeGeGeGeGeGeSiSiGeGeSiSiSiSiSiSiGeSiGeGeSiGeGeGe
filename: c000000779792884.gin     
Cell:
    11.9020996    11.9020996    29.6919994    90.0000000    90.0000000   120.0000000
Box:
    11.9020996    -5.9510503     0.0000000
     0.0000000    10.3075209     0.0000000
     0.0000000     0.0000000    29.6919994
----------------------------------------
Inverse Box:
     0.0840188     0.0485083     0.0000000
     0.0000000     0.0970165     0.0000000
     0.0000000     0.0000000     0.0336791
----------------------------------------
==============================================
geometrical properties of  34 Ge:
 Configuration:           0
 D_ave:   9.14795685       3.52589202    
 D_min:   3.14200640      0.400261998    
 energia:  -17709.9805    
