Random Seed:   947075646
Number of atoms:    60
Space Group:    1
Cell:
    11.9020996    11.9020996    29.6919994    90.0000000    90.0000000   120.0000000
Box:
    11.9020996    -5.9510503     0.0000000
     0.0000000    10.3075209     0.0000000
     0.0000000     0.0000000    29.6919994
----------------------------------------
Inverse Box:
     0.0840188     0.0485083     0.0000000
     0.0000000     0.0970165     0.0000000
     0.0000000     0.0000000     0.0336791
----------------------------------------
GeSiSiSiSiSiSiSiSiGeSiSiSiSiSiSiSiSiSiSiSiSiSiSiSiSiSiSiSiSiSiSiSiSiSiSiSiSiSiSiSiSiSiSiSiSiSiSiSiSiSiSiSiSiSiSiSiSiSiSi
           1 Ge    -7733.88232    
GeGeSiSiSiSiSiSiSiGeSiSiSiSiSiSiSiSiSiSiSiSiSiSiSiSiSiSiSiSiSiSiSiSiSiSiSiSiSiSiSiSiSiSiSiSiSiSiSiSiSiSiSiSiSiSiSiSiSiSi
           2 Ge    -7727.72412    
GeGeGeSiSiSiSiSiSiGeSiSiSiSiSiSiSiSiSiSiSiSiSiSiSiSiSiSiSiSiSiSiSiSiSiSiSiSiSiSiSiSiSiSiSiSiSiSiSiSiSiSiSiSiSiSiSiSiSiSi
           3 Ge    -7720.21729    
GeGeGeGeSiSiSiSiSiGeSiSiSiSiSiSiSiSiSiSiSiSiSiSiSiSiSiSiSiSiSiSiSiSiSiSiSiSiSiSiSiSiSiSiSiSiSiSiSiSiSiSiSiSiSiSiSiSiSiSi
           4 Ge    -7744.18066    
GeGeGeGeGeSiSiSiSiGeSiSiSiSiSiSiSiSiSiSiSiSiSiSiSiSiSiSiSiSiSiSiSiSiSiSiSiSiSiSiSiSiSiSiSiSiSiSiSiSiSiSiSiSiSiSiSiSiSiSi
           5 Ge    -7787.08105    
GeGeGeGeGeSiGeSiSiGeSiSiSiSiSiSiSiSiSiSiSiSiSiSiSiSiSiSiSiSiSiSiSiSiSiSiSiSiSiSiSiSiSiSiSiSiSiSiSiSiSiSiSiSiSiSiSiSiSiSi
           7 Ge    -7904.06299    
GeGeGeGeGeSiGeGeSiGeSiSiSiSiSiSiSiSiSiSiSiSiSiSiSiSiSiSiSiSiSiSiSiSiSiSiSiSiSiSiSiSiSiSiSiSiSiSiSiSiSiSiSiSiSiSiSiSiSiSi
           8 Ge    -8047.80176    
GeGeGeGeGeSiGeGeSiGeSiGeSiSiSiSiSiSiSiSiSiSiSiSiSiSiSiSiSiSiSiSiSiSiSiSiSiSiSiSiSiSiSiSiSiSiSiSiSiSiSiSiSiSiSiSiSiSiSiSi
          12 Ge    -8256.39062    
GeGeGeGeGeSiGeGeSiGeSiGeSiSiSiGeSiSiSiSiSiSiSiSiSiSiSiSiSiSiSiSiSiSiSiSiSiSiSiSiSiSiSiSiSiSiSiSiSiSiSiSiSiSiSiSiSiSiSiSi
          16 Ge    -8592.14062    
GeGeGeGeGeSiGeGeSiGeSiGeSiSiSiGeSiSiSiSiSiSiSiSiSiGeSiSiSiSiSiSiSiSiSiSiSiSiSiSiSiSiSiSiSiSiSiSiSiSiSiSiSiSiSiSiSiSiSiSi
          26 Ge    -8980.32129    
GeGeGeGeGeSiGeGeSiGeSiGeSiSiSiGeSiSiSiSiSiSiSiSiSiGeSiSiSiGeSiSiSiSiSiSiSiSiSiSiSiSiSiSiSiSiSiSiSiSiSiSiSiSiSiSiSiSiSiSi
          30 Ge    -8976.42871    
GeGeGeGeGeSiGeGeSiGeSiGeSiSiSiGeSiSiSiSiSiSiSiSiSiGeSiSiSiGeSiSiGeSiSiSiSiSiSiSiSiSiSiSiSiSiSiSiSiSiSiSiSiSiSiSiSiSiSiSi
          33 Ge    -9214.83301    
GeGeGeGeGeSiGeGeSiGeSiGeSiSiSiGeSiSiSiSiSiSiSiSiSiGeSiSiSiGeSiSiGeSiSiGeSiSiSiSiSiSiSiSiSiSiSiSiSiSiSiSiSiSiSiSiSiSiSiSi
          36 Ge    -9767.59863    
GeGeGeGeGeSiGeGeSiGeSiGeSiSiSiGeSiSiSiSiSiSiSiSiSiGeSiSiSiGeSiSiGeSiSiGeSiSiGeSiSiSiSiSiSiSiSiSiSiSiSiSiSiSiSiSiSiSiSiSi
          39 Ge    -10204.5977    
GeGeGeGeGeSiGeGeSiGeSiGeSiSiSiGeSiSiSiSiSiSiSiSiSiGeSiSiSiGeSiSiGeSiSiGeSiSiGeGeSiSiSiSiSiSiSiSiSiSiSiSiSiSiSiSiSiSiSiSi
          40 Ge    -10389.6846    
GeGeGeGeGeSiGeGeSiGeSiGeSiSiSiGeSiSiSiSiSiSiSiSiSiGeSiSiSiGeSiSiGeSiSiGeSiSiGeGeSiGeSiSiSiSiSiSiSiSiSiSiSiSiSiSiSiSiSiSi
          42 Ge    -10162.3154    
GeGeGeGeGeSiGeGeSiGeSiGeSiSiSiGeSiSiSiSiSiSiSiSiSiGeSiSiSiGeSiSiGeSiSiGeSiSiGeGeSiGeSiSiGeSiSiSiSiSiSiSiSiSiSiSiSiSiSiSi
          45 Ge    -10290.9629    
GeGeGeGeGeSiGeGeSiGeSiGeSiSiSiGeSiSiSiSiSiSiSiSiSiGeSiSiSiGeSiSiGeSiSiGeSiSiGeGeSiGeSiSiGeGeSiSiSiSiSiSiSiSiSiSiSiSiSiSi
          46 Ge    -9748.18457    
GeGeGeGeGeSiGeGeSiGeSiGeSiSiSiGeSiSiSiSiSiSiSiSiSiGeSiSiSiGeSiSiGeSiSiGeSiSiGeGeSiGeSiSiGeGeSiSiSiSiSiSiSiSiSiSiGeSiSiSi
          57 Ge    -10128.4609    
GeGeGeGeGeGeGeGeSiGeSiGeSiSiSiGeSiSiSiSiSiSiSiSiSiGeSiSiSiGeSiSiGeSiSiGeSiSiGeGeSiGeSiSiGeGeSiSiSiSiSiSiSiSiSiSiGeSiSiSi
           6 Ge    -9510.37891    
GeGeGeGeGeGeGeGeSiGeGeGeSiSiSiGeSiSiSiSiSiSiSiSiSiGeSiSiSiGeSiSiGeSiSiGeSiSiGeGeSiGeSiSiGeGeSiSiSiSiSiSiSiSiSiSiGeSiSiSi
          11 Ge    -10380.8457    
GeGeGeGeGeGeGeGeSiGeGeGeGeSiSiGeSiSiSiSiSiSiSiSiSiGeSiSiSiGeSiSiGeSiSiGeSiSiGeGeSiGeSiSiGeGeSiSiSiSiSiSiSiSiSiSiGeSiSiSi
          13 Ge    -9216.20508    
GeGeGeGeGeGeGeGeSiGeGeGeGeGeSiGeSiSiSiSiSiSiSiSiSiGeSiSiSiGeSiSiGeSiSiGeSiSiGeGeSiGeSiSiGeGeSiSiSiSiSiSiSiSiSiSiGeSiSiSi
          14 Ge    -7029.72949    
GeGeGeGeGeGeGeGeSiGeGeGeGeGeGeGeSiSiSiSiSiSiSiSiSiGeSiSiSiGeSiSiGeSiSiGeSiSiGeGeSiGeSiSiGeGeSiSiSiSiSiSiSiSiSiSiGeSiSiSi
          15 Ge    -5181.40527    
GeGeGeGeGeGeGeGeSiGeGeGeGeGeGeGeSiSiSiSiSiSiGeSiSiGeSiSiSiGeSiSiGeSiSiGeSiSiGeGeSiGeSiSiGeGeSiSiSiSiSiSiSiSiSiSiGeSiSiSi
          23 Ge    -907.562012    
GeGeGeGeGeGeGeGeSiGeGeGeGeGeGeGeSiSiSiSiSiSiGeGeSiGeSiSiSiGeSiSiGeSiSiGeSiSiGeGeSiGeSiSiGeGeSiSiSiSiSiSiSiSiSiSiGeSiSiSi
          24 Ge     5267.60107    
GeGeGeGeGeGeGeGeSiGeGeGeGeGeGeGeSiSiSiSiSiSiGeGeSiGeSiGeSiGeSiSiGeSiSiGeSiSiGeGeSiGeSiSiGeGeSiSiSiSiSiSiSiSiSiSiGeSiSiSi
          28 Ge     8488.70703    
GeGeGeGeGeGeGeGeSiGeGeGeGeGeGeGeSiSiSiSiSiSiGeGeSiGeSiGeSiGeSiSiGeSiSiGeSiSiGeGeSiGeSiGeGeGeSiSiSiSiSiSiSiSiSiSiGeSiSiSi
          44 Ge     9690.25391    
GeGeGeGeGeGeGeGeSiGeGeGeGeGeGeGeSiSiSiSiSiSiGeGeSiGeSiGeSiGeSiSiGeSiSiGeSiSiGeGeSiGeSiGeGeGeSiSiSiSiGeSiSiSiSiSiGeSiSiSi
          51 Ge     9491.10156    
GeGeGeGeGeGeGeGeSiGeGeGeGeGeGeGeSiSiSiSiSiSiGeGeSiGeSiGeSiGeSiSiGeSiSiGeSiSiGeGeSiGeSiGeGeGeSiSiSiSiGeSiSiSiSiSiGeGeSiSi
          58 Ge     12607.1953    
GeGeGeGeGeGeGeGeGeGeGeGeGeGeGeGeSiSiSiSiSiSiGeGeSiGeSiGeSiGeSiSiGeSiSiGeSiSiGeGeSiGeSiGeGeGeSiSiSiSiGeSiSiSiSiSiGeGeSiSi
           9 Ge     16611.2051    
GeGeGeGeGeGeGeGeGeGeGeGeGeGeGeGeGeSiSiSiSiSiGeGeSiGeSiGeSiGeSiSiGeSiSiGeSiSiGeGeSiGeSiGeGeGeSiSiSiSiGeSiSiSiSiSiGeGeSiSi
          17 Ge     22356.9941    
GeGeGeGeGeGeGeGeGeGeGeGeGeGeGeGeGeGeSiSiSiSiGeGeSiGeSiGeSiGeSiSiGeSiSiGeSiSiGeGeSiGeSiGeGeGeSiSiSiSiGeSiSiSiSiSiGeGeSiSi
          18 Ge     26729.0645    
GeGeGeGeGeGeGeGeGeGeGeGeGeGeGeGeGeGeSiSiGeSiGeGeSiGeSiGeSiGeSiSiGeSiSiGeSiSiGeGeSiGeSiGeGeGeSiSiSiSiGeSiSiSiSiSiGeGeSiSi
          21 Ge     38059.0469    
==============================================
MonteCarlo: Metropolis with identity changes
Si > Ge, Ge > Si. STOP when occurrence <    0.00000
==============================================
Cost_function     Occurrence %     Scan-Cost
     -134.7050781250 GeGeGeGeGeSiSiSiSiGeSiGeGeSiGeGeGeGeGeGeGeSiGeSiGeGeSiGeSiSiSiSiSiGeGeGeGeGeGeGeSiSiSiGeGeSiSiGeSiGeGeGeSiSiSiGeSiGeSiGe
     -134.7050781250 GeGeGeGeGeSiSiSiSiGeSiGeGeSiGeGeGeGeGeGeGeSiGeSiGeGeSiGeSiSiSiSiSiGeGeGeGeGeGeGeSiSiSiGeGeSiSiGeSiGeGeGeSiSiSiGeSiGeSiGe
     -134.7050781250 GeGeGeGeGeSiSiSiSiGeSiGeGeSiGeGeGeGeGeGeGeSiGeSiGeGeSiGeSiSiSiSiSiGeGeGeGeGeGeGeSiSiSiGeGeSiSiGeSiGeGeGeSiSiSiGeSiGeSiGe
    -9108.5341796875 SiGeGeGeGeSiSiSiSiGeSiGeGeGeGeGeGeGeGeGeGeSiGeSiGeGeSiSiSiSiSiSiSiSiGeGeGeGeGeGeSiGeSiGeGeGeSiGeSiSiGeGeSiSiGeGeSiSiGeGe
    -9108.5341796875 SiGeGeGeGeSiSiSiSiGeSiGeGeGeGeGeGeGeGeGeGeSiGeSiGeGeSiSiSiSiSiSiSiSiGeGeGeGeGeGeSiGeSiGeGeGeSiGeSiSiGeGeSiSiGeGeSiSiGeGe
   -14576.3037109375 SiGeGeGeGeSiSiSiSiGeSiGeGeGeGeGeGeGeGeGeGeSiGeSiGeGeSiSiSiGeSiSiSiSiGeSiGeGeGeGeSiGeSiGeGeGeSiGeSiSiGeGeSiSiGeGeSiSiGeGe
   -14576.3037109375 SiGeGeGeGeSiSiSiSiGeSiGeGeGeGeGeGeGeGeGeGeSiGeSiGeGeSiSiSiGeSiSiSiSiGeSiGeGeGeGeSiGeSiGeGeGeSiGeSiSiGeGeSiSiGeGeSiSiGeGe
   -14576.3037109375 SiGeGeGeGeSiSiSiSiGeSiGeGeGeGeGeGeGeGeGeGeSiGeSiGeGeSiSiSiGeSiSiSiSiGeSiGeGeGeGeSiGeSiGeGeGeSiGeSiSiGeGeSiSiGeGeSiSiGeGe
   -14576.3037109375 SiGeGeGeGeSiSiSiSiGeSiGeGeGeGeGeGeGeGeGeGeSiGeSiGeGeSiSiSiGeSiSiSiSiGeSiGeGeGeGeSiGeSiGeGeGeSiGeSiSiGeGeSiSiGeGeSiSiGeGe
   -14576.3037109375 SiGeGeGeGeSiSiSiSiGeSiGeGeGeGeGeGeGeGeGeGeSiGeSiGeGeSiSiSiGeSiSiSiSiGeSiGeGeGeGeSiGeSiGeGeGeSiGeSiSiGeGeSiSiGeGeSiSiGeGe
   -14576.3037109375 SiGeGeGeGeSiSiSiSiGeSiGeGeGeGeGeGeGeGeGeGeSiGeSiGeGeSiSiSiGeSiSiSiSiGeSiGeGeGeGeSiGeSiGeGeGeSiGeSiSiGeGeSiSiGeGeSiSiGeGe
   -16674.6445312500 SiGeGeGeGeSiSiSiSiGeSiGeGeGeGeGeGeGeGeGeGeSiGeSiGeGeSiSiSiGeSiSiSiSiGeSiGeGeGeGeSiGeSiGeGeSiSiGeSiSiGeGeSiSiGeGeSiGeGeGe
   -16674.6445312500 SiGeGeGeGeSiSiSiSiGeSiGeGeGeGeGeGeGeGeGeGeSiGeSiGeGeSiSiSiGeSiSiSiSiGeSiGeGeGeGeSiGeSiGeGeSiSiGeSiSiGeGeSiSiGeGeSiGeGeGe
   -16674.6445312500 SiGeGeGeGeSiSiSiSiGeSiGeGeGeGeGeGeGeGeGeGeSiGeSiGeGeSiSiSiGeSiSiSiSiGeSiGeGeGeGeSiGeSiGeGeSiSiGeSiSiGeGeSiSiGeGeSiGeGeGe
   -16674.6445312500 SiGeGeGeGeSiSiSiSiGeSiGeGeGeGeGeGeGeGeGeGeSiGeSiGeGeSiSiSiGeSiSiSiSiGeSiGeGeGeGeSiGeSiGeGeSiSiGeSiSiGeGeSiSiGeGeSiGeGeGe
   -16674.6445312500 SiGeGeGeGeSiSiSiSiGeSiGeGeGeGeGeGeGeGeGeGeSiGeSiGeGeSiSiSiGeSiSiSiSiGeSiGeGeGeGeSiGeSiGeGeSiSiGeSiSiGeGeSiSiGeGeSiGeGeGe
   -16674.6445312500 SiGeGeGeGeSiSiSiSiGeSiGeGeGeGeGeGeGeGeGeGeSiGeSiGeGeSiSiSiGeSiSiSiSiGeSiGeGeGeGeSiGeSiGeGeSiSiGeSiSiGeGeSiSiGeGeSiGeGeGe
   -16674.6445312500 SiGeGeGeGeSiSiSiSiGeSiGeGeGeGeGeGeGeGeGeGeSiGeSiGeGeSiSiSiGeSiSiSiSiGeSiGeGeGeGeSiGeSiGeGeSiSiGeSiSiGeGeSiSiGeGeSiGeGeGe
   -16674.6445312500 SiGeGeGeGeSiSiSiSiGeSiGeGeGeGeGeGeGeGeGeGeSiGeSiGeGeSiSiSiGeSiSiSiSiGeSiGeGeGeGeSiGeSiGeGeSiSiGeSiSiGeGeSiSiGeGeSiGeGeGe
   -16674.6445312500 SiGeGeGeGeSiSiSiSiGeSiGeGeGeGeGeGeGeGeGeGeSiGeSiGeGeSiSiSiGeSiSiSiSiGeSiGeGeGeGeSiGeSiGeGeSiSiGeSiSiGeGeSiSiGeGeSiGeGeGe
   -16674.6445312500 SiGeGeGeGeSiSiSiSiGeSiGeGeGeGeGeGeGeGeGeGeSiGeSiGeGeSiSiSiGeSiSiSiSiGeSiGeGeGeGeSiGeSiGeGeSiSiGeSiSiGeGeSiSiGeGeSiGeGeGe
   -16674.6445312500 SiGeGeGeGeSiSiSiSiGeSiGeGeGeGeGeGeGeGeGeGeSiGeSiGeGeSiSiSiGeSiSiSiSiGeSiGeGeGeGeSiGeSiGeGeSiSiGeSiSiGeGeSiSiGeGeSiGeGeGe
   -16674.6445312500 SiGeGeGeGeSiSiSiSiGeSiGeGeGeGeGeGeGeGeGeGeSiGeSiGeGeSiSiSiGeSiSiSiSiGeSiGeGeGeGeSiGeSiGeGeSiSiGeSiSiGeGeSiSiGeGeSiGeGeGe
   -16674.6445312500 SiGeGeGeGeSiSiSiSiGeSiGeGeGeGeGeGeGeGeGeGeSiGeSiGeGeSiSiSiGeSiSiSiSiGeSiGeGeGeGeSiGeSiGeGeSiSiGeSiSiGeGeSiSiGeGeSiGeGeGe
   -16674.6445312500 SiGeGeGeGeSiSiSiSiGeSiGeGeGeGeGeGeGeGeGeGeSiGeSiGeGeSiSiSiGeSiSiSiSiGeSiGeGeGeGeSiGeSiGeGeSiSiGeSiSiGeGeSiSiGeGeSiGeGeGe
   -16674.6445312500 SiGeGeGeGeSiSiSiSiGeSiGeGeGeGeGeGeGeGeGeGeSiGeSiGeGeSiSiSiGeSiSiSiSiGeSiGeGeGeGeSiGeSiGeGeSiSiGeSiSiGeGeSiSiGeGeSiGeGeGe
   -16674.6445312500 SiGeGeGeGeSiSiSiSiGeSiGeGeGeGeGeGeGeGeGeGeSiGeSiGeGeSiSiSiGeSiSiSiSiGeSiGeGeGeGeSiGeSiGeGeSiSiGeSiSiGeGeSiSiGeGeSiGeGeGe
   -16674.6445312500 SiGeGeGeGeSiSiSiSiGeSiGeGeGeGeGeGeGeGeGeGeSiGeSiGeGeSiSiSiGeSiSiSiSiGeSiGeGeGeGeSiGeSiGeGeSiSiGeSiSiGeGeSiSiGeGeSiGeGeGe
   -16674.6445312500 SiGeGeGeGeSiSiSiSiGeSiGeGeGeGeGeGeGeGeGeGeSiGeSiGeGeSiSiSiGeSiSiSiSiGeSiGeGeGeGeSiGeSiGeGeSiSiGeSiSiGeGeSiSiGeGeSiGeGeGe
   -16674.6445312500 SiGeGeGeGeSiSiSiSiGeSiGeGeGeGeGeGeGeGeGeGeSiGeSiGeGeSiSiSiGeSiSiSiSiGeSiGeGeGeGeSiGeSiGeGeSiSiGeSiSiGeGeSiSiGeGeSiGeGeGe
   -16674.6445312500 SiGeGeGeGeSiSiSiSiGeSiGeGeGeGeGeGeGeGeGeGeSiGeSiGeGeSiSiSiGeSiSiSiSiGeSiGeGeGeGeSiGeSiGeGeSiSiGeSiSiGeGeSiSiGeGeSiGeGeGe
   -16674.6445312500 SiGeGeGeGeSiSiSiSiGeSiGeGeGeGeGeGeGeGeGeGeSiGeSiGeGeSiSiSiGeSiSiSiSiGeSiGeGeGeGeSiGeSiGeGeSiSiGeSiSiGeGeSiSiGeGeSiGeGeGe
   -16674.6445312500 SiGeGeGeGeSiSiSiSiGeSiGeGeGeGeGeGeGeGeGeGeSiGeSiGeGeSiSiSiGeSiSiSiSiGeSiGeGeGeGeSiGeSiGeGeSiSiGeSiSiGeGeSiSiGeGeSiGeGeGe
   -16674.6445312500 SiGeGeGeGeSiSiSiSiGeSiGeGeGeGeGeGeGeGeGeGeSiGeSiGeGeSiSiSiGeSiSiSiSiGeSiGeGeGeGeSiGeSiGeGeSiSiGeSiSiGeGeSiSiGeGeSiGeGeGe
   -16674.6445312500 SiGeGeGeGeSiSiSiSiGeSiGeGeGeGeGeGeGeGeGeGeSiGeSiGeGeSiSiSiGeSiSiSiSiGeSiGeGeGeGeSiGeSiGeGeSiSiGeSiSiGeGeSiSiGeGeSiGeGeGe
   -16674.6445312500 SiGeGeGeGeSiSiSiSiGeSiGeGeGeGeGeGeGeGeGeGeSiGeSiGeGeSiSiSiGeSiSiSiSiGeSiGeGeGeGeSiGeSiGeGeSiSiGeSiSiGeGeSiSiGeGeSiGeGeGe
   -16674.6445312500 SiGeGeGeGeSiSiSiSiGeSiGeGeGeGeGeGeGeGeGeGeSiGeSiGeGeSiSiSiGeSiSiSiSiGeSiGeGeGeGeSiGeSiGeGeSiSiGeSiSiGeGeSiSiGeGeSiGeGeGe
   -16674.6445312500 SiGeGeGeGeSiSiSiSiGeSiGeGeGeGeGeGeGeGeGeGeSiGeSiGeGeSiSiSiGeSiSiSiSiGeSiGeGeGeGeSiGeSiGeGeSiSiGeSiSiGeGeSiSiGeGeSiGeGeGe
   -16674.6445312500 SiGeGeGeGeSiSiSiSiGeSiGeGeGeGeGeGeGeGeGeGeSiGeSiGeGeSiSiSiGeSiSiSiSiGeSiGeGeGeGeSiGeSiGeGeSiSiGeSiSiGeGeSiSiGeGeSiGeGeGe
   -16674.6445312500 SiGeGeGeGeSiSiSiSiGeSiGeGeGeGeGeGeGeGeGeGeSiGeSiGeGeSiSiSiGeSiSiSiSiGeSiGeGeGeGeSiGeSiGeGeSiSiGeSiSiGeGeSiSiGeGeSiGeGeGe
   -16674.6445312500 SiGeGeGeGeSiSiSiSiGeSiGeGeGeGeGeGeGeGeGeGeSiGeSiGeGeSiSiSiGeSiSiSiSiGeSiGeGeGeGeSiGeSiGeGeSiSiGeSiSiGeGeSiSiGeGeSiGeGeGe
   -16674.6445312500 SiGeGeGeGeSiSiSiSiGeSiGeGeGeGeGeGeGeGeGeGeSiGeSiGeGeSiSiSiGeSiSiSiSiGeSiGeGeGeGeSiGeSiGeGeSiSiGeSiSiGeGeSiSiGeGeSiGeGeGe
   -16674.6445312500 SiGeGeGeGeSiSiSiSiGeSiGeGeGeGeGeGeGeGeGeGeSiGeSiGeGeSiSiSiGeSiSiSiSiGeSiGeGeGeGeSiGeSiGeGeSiSiGeSiSiGeGeSiSiGeGeSiGeGeGe
   -16674.6445312500 SiGeGeGeGeSiSiSiSiGeSiGeGeGeGeGeGeGeGeGeGeSiGeSiGeGeSiSiSiGeSiSiSiSiGeSiGeGeGeGeSiGeSiGeGeSiSiGeSiSiGeGeSiSiGeGeSiGeGeGe
   -16674.6445312500 SiGeGeGeGeSiSiSiSiGeSiGeGeGeGeGeGeGeGeGeGeSiGeSiGeGeSiSiSiGeSiSiSiSiGeSiGeGeGeGeSiGeSiGeGeSiSiGeSiSiGeGeSiSiGeGeSiGeGeGe
   -16674.6445312500 SiGeGeGeGeSiSiSiSiGeSiGeGeGeGeGeGeGeGeGeGeSiGeSiGeGeSiSiSiGeSiSiSiSiGeSiGeGeGeGeSiGeSiGeGeSiSiGeSiSiGeGeSiSiGeGeSiGeGeGe
   -16674.6445312500 SiGeGeGeGeSiSiSiSiGeSiGeGeGeGeGeGeGeGeGeGeSiGeSiGeGeSiSiSiGeSiSiSiSiGeSiGeGeGeGeSiGeSiGeGeSiSiGeSiSiGeGeSiSiGeGeSiGeGeGe
   -16674.6445312500 SiGeGeGeGeSiSiSiSiGeSiGeGeGeGeGeGeGeGeGeGeSiGeSiGeGeSiSiSiGeSiSiSiSiGeSiGeGeGeGeSiGeSiGeGeSiSiGeSiSiGeGeSiSiGeGeSiGeGeGe
   -16674.6445312500 SiGeGeGeGeSiSiSiSiGeSiGeGeGeGeGeGeGeGeGeGeSiGeSiGeGeSiSiSiGeSiSiSiSiGeSiGeGeGeGeSiGeSiGeGeSiSiGeSiSiGeGeSiSiGeGeSiGeGeGe
   -16674.6445312500 SiGeGeGeGeSiSiSiSiGeSiGeGeGeGeGeGeGeGeGeGeSiGeSiGeGeSiSiSiGeSiSiSiSiGeSiGeGeGeGeSiGeSiGeGeSiSiGeSiSiGeGeSiSiGeGeSiGeGeGe
   -16674.6445312500 SiGeGeGeGeSiSiSiSiGeSiGeGeGeGeGeGeGeGeGeGeSiGeSiGeGeSiSiSiGeSiSiSiSiGeSiGeGeGeGeSiGeSiGeGeSiSiGeSiSiGeGeSiSiGeGeSiGeGeGe
   -16674.6445312500 SiGeGeGeGeSiSiSiSiGeSiGeGeGeGeGeGeGeGeGeGeSiGeSiGeGeSiSiSiGeSiSiSiSiGeSiGeGeGeGeSiGeSiGeGeSiSiGeSiSiGeGeSiSiGeGeSiGeGeGe
   -16674.6445312500 SiGeGeGeGeSiSiSiSiGeSiGeGeGeGeGeGeGeGeGeGeSiGeSiGeGeSiSiSiGeSiSiSiSiGeSiGeGeGeGeSiGeSiGeGeSiSiGeSiSiGeGeSiSiGeGeSiGeGeGe
   -16674.6445312500 SiGeGeGeGeSiSiSiSiGeSiGeGeGeGeGeGeGeGeGeGeSiGeSiGeGeSiSiSiGeSiSiSiSiGeSiGeGeGeGeSiGeSiGeGeSiSiGeSiSiGeGeSiSiGeGeSiGeGeGe
   -16674.6445312500 SiGeGeGeGeSiSiSiSiGeSiGeGeGeGeGeGeGeGeGeGeSiGeSiGeGeSiSiSiGeSiSiSiSiGeSiGeGeGeGeSiGeSiGeGeSiSiGeSiSiGeGeSiSiGeGeSiGeGeGe
   -16674.6445312500 SiGeGeGeGeSiSiSiSiGeSiGeGeGeGeGeGeGeGeGeGeSiGeSiGeGeSiSiSiGeSiSiSiSiGeSiGeGeGeGeSiGeSiGeGeSiSiGeSiSiGeGeSiSiGeGeSiGeGeGe
   -16674.6445312500 SiGeGeGeGeSiSiSiSiGeSiGeGeGeGeGeGeGeGeGeGeSiGeSiGeGeSiSiSiGeSiSiSiSiGeSiGeGeGeGeSiGeSiGeGeSiSiGeSiSiGeGeSiSiGeGeSiGeGeGe
   -16674.6445312500 SiGeGeGeGeSiSiSiSiGeSiGeGeGeGeGeGeGeGeGeGeSiGeSiGeGeSiSiSiGeSiSiSiSiGeSiGeGeGeGeSiGeSiGeGeSiSiGeSiSiGeGeSiSiGeGeSiGeGeGe
   -16674.6445312500 SiGeGeGeGeSiSiSiSiGeSiGeGeGeGeGeGeGeGeGeGeSiGeSiGeGeSiSiSiGeSiSiSiSiGeSiGeGeGeGeSiGeSiGeGeSiSiGeSiSiGeGeSiSiGeGeSiGeGeGe
   -16674.6445312500 SiGeGeGeGeSiSiSiSiGeSiGeGeGeGeGeGeGeGeGeGeSiGeSiGeGeSiSiSiGeSiSiSiSiGeSiGeGeGeGeSiGeSiGeGeSiSiGeSiSiGeGeSiSiGeGeSiGeGeGe
   -16674.6445312500 SiGeGeGeGeSiSiSiSiGeSiGeGeGeGeGeGeGeGeGeGeSiGeSiGeGeSiSiSiGeSiSiSiSiGeSiGeGeGeGeSiGeSiGeGeSiSiGeSiSiGeGeSiSiGeGeSiGeGeGe
   -16674.6445312500 SiGeGeGeGeSiSiSiSiGeSiGeGeGeGeGeGeGeGeGeGeSiGeSiGeGeSiSiSiGeSiSiSiSiGeSiGeGeGeGeSiGeSiGeGeSiSiGeSiSiGeGeSiSiGeGeSiGeGeGe
   -16674.6445312500 SiGeGeGeGeSiSiSiSiGeSiGeGeGeGeGeGeGeGeGeGeSiGeSiGeGeSiSiSiGeSiSiSiSiGeSiGeGeGeGeSiGeSiGeGeSiSiGeSiSiGeGeSiSiGeGeSiGeGeGe
   -16674.6445312500 SiGeGeGeGeSiSiSiSiGeSiGeGeGeGeGeGeGeGeGeGeSiGeSiGeGeSiSiSiGeSiSiSiSiGeSiGeGeGeGeSiGeSiGeGeSiSiGeSiSiGeGeSiSiGeGeSiGeGeGe
   -16674.6445312500 SiGeGeGeGeSiSiSiSiGeSiGeGeGeGeGeGeGeGeGeGeSiGeSiGeGeSiSiSiGeSiSiSiSiGeSiGeGeGeGeSiGeSiGeGeSiSiGeSiSiGeGeSiSiGeGeSiGeGeGe
   -16674.6445312500 SiGeGeGeGeSiSiSiSiGeSiGeGeGeGeGeGeGeGeGeGeSiGeSiGeGeSiSiSiGeSiSiSiSiGeSiGeGeGeGeSiGeSiGeGeSiSiGeSiSiGeGeSiSiGeGeSiGeGeGe
   -16674.6445312500 SiGeGeGeGeSiSiSiSiGeSiGeGeGeGeGeGeGeGeGeGeSiGeSiGeGeSiSiSiGeSiSiSiSiGeSiGeGeGeGeSiGeSiGeGeSiSiGeSiSiGeGeSiSiGeGeSiGeGeGe
   -16674.6445312500 SiGeGeGeGeSiSiSiSiGeSiGeGeGeGeGeGeGeGeGeGeSiGeSiGeGeSiSiSiGeSiSiSiSiGeSiGeGeGeGeSiGeSiGeGeSiSiGeSiSiGeGeSiSiGeGeSiGeGeGe
   -16674.6445312500 SiGeGeGeGeSiSiSiSiGeSiGeGeGeGeGeGeGeGeGeGeSiGeSiGeGeSiSiSiGeSiSiSiSiGeSiGeGeGeGeSiGeSiGeGeSiSiGeSiSiGeGeSiSiGeGeSiGeGeGe
   -16674.6445312500 SiGeGeGeGeSiSiSiSiGeSiGeGeGeGeGeGeGeGeGeGeSiGeSiGeGeSiSiSiGeSiSiSiSiGeSiGeGeGeGeSiGeSiGeGeSiSiGeSiSiGeGeSiSiGeGeSiGeGeGe
   -16674.6445312500 SiGeGeGeGeSiSiSiSiGeSiGeGeGeGeGeGeGeGeGeGeSiGeSiGeGeSiSiSiGeSiSiSiSiGeSiGeGeGeGeSiGeSiGeGeSiSiGeSiSiGeGeSiSiGeGeSiGeGeGe
   -16674.6445312500 SiGeGeGeGeSiSiSiSiGeSiGeGeGeGeGeGeGeGeGeGeSiGeSiGeGeSiSiSiGeSiSiSiSiGeSiGeGeGeGeSiGeSiGeGeSiSiGeSiSiGeGeSiSiGeGeSiGeGeGe
   -16674.6445312500 SiGeGeGeGeSiSiSiSiGeSiGeGeGeGeGeGeGeGeGeGeSiGeSiGeGeSiSiSiGeSiSiSiSiGeSiGeGeGeGeSiGeSiGeGeSiSiGeSiSiGeGeSiSiGeGeSiGeGeGe
   -16674.6445312500 SiGeGeGeGeSiSiSiSiGeSiGeGeGeGeGeGeGeGeGeGeSiGeSiGeGeSiSiSiGeSiSiSiSiGeSiGeGeGeGeSiGeSiGeGeSiSiGeSiSiGeGeSiSiGeGeSiGeGeGe
   -16674.6445312500 SiGeGeGeGeSiSiSiSiGeSiGeGeGeGeGeGeGeGeGeGeSiGeSiGeGeSiSiSiGeSiSiSiSiGeSiGeGeGeGeSiGeSiGeGeSiSiGeSiSiGeGeSiSiGeGeSiGeGeGe
   -16674.6445312500 SiGeGeGeGeSiSiSiSiGeSiGeGeGeGeGeGeGeGeGeGeSiGeSiGeGeSiSiSiGeSiSiSiSiGeSiGeGeGeGeSiGeSiGeGeSiSiGeSiSiGeGeSiSiGeGeSiGeGeGe
   -16674.6445312500 SiGeGeGeGeSiSiSiSiGeSiGeGeGeGeGeGeGeGeGeGeSiGeSiGeGeSiSiSiGeSiSiSiSiGeSiGeGeGeGeSiGeSiGeGeSiSiGeSiSiGeGeSiSiGeGeSiGeGeGe
   -16674.6445312500 SiGeGeGeGeSiSiSiSiGeSiGeGeGeGeGeGeGeGeGeGeSiGeSiGeGeSiSiSiGeSiSiSiSiGeSiGeGeGeGeSiGeSiGeGeSiSiGeSiSiGeGeSiSiGeGeSiGeGeGe
   -16674.6445312500 SiGeGeGeGeSiSiSiSiGeSiGeGeGeGeGeGeGeGeGeGeSiGeSiGeGeSiSiSiGeSiSiSiSiGeSiGeGeGeGeSiGeSiGeGeSiSiGeSiSiGeGeSiSiGeGeSiGeGeGe
   -16674.6445312500 SiGeGeGeGeSiSiSiSiGeSiGeGeGeGeGeGeGeGeGeGeSiGeSiGeGeSiSiSiGeSiSiSiSiGeSiGeGeGeGeSiGeSiGeGeSiSiGeSiSiGeGeSiSiGeGeSiGeGeGe
   -16674.6445312500 SiGeGeGeGeSiSiSiSiGeSiGeGeGeGeGeGeGeGeGeGeSiGeSiGeGeSiSiSiGeSiSiSiSiGeSiGeGeGeGeSiGeSiGeGeSiSiGeSiSiGeGeSiSiGeGeSiGeGeGe
   -16674.6445312500 SiGeGeGeGeSiSiSiSiGeSiGeGeGeGeGeGeGeGeGeGeSiGeSiGeGeSiSiSiGeSiSiSiSiGeSiGeGeGeGeSiGeSiGeGeSiSiGeSiSiGeGeSiSiGeGeSiGeGeGe
   -16674.6445312500 SiGeGeGeGeSiSiSiSiGeSiGeGeGeGeGeGeGeGeGeGeSiGeSiGeGeSiSiSiGeSiSiSiSiGeSiGeGeGeGeSiGeSiGeGeSiSiGeSiSiGeGeSiSiGeGeSiGeGeGe
   -16674.6445312500 SiGeGeGeGeSiSiSiSiGeSiGeGeGeGeGeGeGeGeGeGeSiGeSiGeGeSiSiSiGeSiSiSiSiGeSiGeGeGeGeSiGeSiGeGeSiSiGeSiSiGeGeSiSiGeGeSiGeGeGe
   -16674.6445312500 SiGeGeGeGeSiSiSiSiGeSiGeGeGeGeGeGeGeGeGeGeSiGeSiGeGeSiSiSiGeSiSiSiSiGeSiGeGeGeGeSiGeSiGeGeSiSiGeSiSiGeGeSiSiGeGeSiGeGeGe
   -16674.6445312500 SiGeGeGeGeSiSiSiSiGeSiGeGeGeGeGeGeGeGeGeGeSiGeSiGeGeSiSiSiGeSiSiSiSiGeSiGeGeGeGeSiGeSiGeGeSiSiGeSiSiGeGeSiSiGeGeSiGeGeGe
   -16674.6445312500 SiGeGeGeGeSiSiSiSiGeSiGeGeGeGeGeGeGeGeGeGeSiGeSiGeGeSiSiSiGeSiSiSiSiGeSiGeGeGeGeSiGeSiGeGeSiSiGeSiSiGeGeSiSiGeGeSiGeGeGe
   -16674.6445312500 SiGeGeGeGeSiSiSiSiGeSiGeGeGeGeGeGeGeGeGeGeSiGeSiGeGeSiSiSiGeSiSiSiSiGeSiGeGeGeGeSiGeSiGeGeSiSiGeSiSiGeGeSiSiGeGeSiGeGeGe
   -16674.6445312500 SiGeGeGeGeSiSiSiSiGeSiGeGeGeGeGeGeGeGeGeGeSiGeSiGeGeSiSiSiGeSiSiSiSiGeSiGeGeGeGeSiGeSiGeGeSiSiGeSiSiGeGeSiSiGeGeSiGeGeGe
   -16674.6445312500 SiGeGeGeGeSiSiSiSiGeSiGeGeGeGeGeGeGeGeGeGeSiGeSiGeGeSiSiSiGeSiSiSiSiGeSiGeGeGeGeSiGeSiGeGeSiSiGeSiSiGeGeSiSiGeGeSiGeGeGe
   -16674.6445312500 SiGeGeGeGeSiSiSiSiGeSiGeGeGeGeGeGeGeGeGeGeSiGeSiGeGeSiSiSiGeSiSiSiSiGeSiGeGeGeGeSiGeSiGeGeSiSiGeSiSiGeGeSiSiGeGeSiGeGeGe
   -16674.6445312500 SiGeGeGeGeSiSiSiSiGeSiGeGeGeGeGeGeGeGeGeGeSiGeSiGeGeSiSiSiGeSiSiSiSiGeSiGeGeGeGeSiGeSiGeGeSiSiGeSiSiGeGeSiSiGeGeSiGeGeGe
   -16674.6445312500 SiGeGeGeGeSiSiSiSiGeSiGeGeGeGeGeGeGeGeGeGeSiGeSiGeGeSiSiSiGeSiSiSiSiGeSiGeGeGeGeSiGeSiGeGeSiSiGeSiSiGeGeSiSiGeGeSiGeGeGe
   -16674.6445312500 SiGeGeGeGeSiSiSiSiGeSiGeGeGeGeGeGeGeGeGeGeSiGeSiGeGeSiSiSiGeSiSiSiSiGeSiGeGeGeGeSiGeSiGeGeSiSiGeSiSiGeGeSiSiGeGeSiGeGeGe
   -16674.6445312500 SiGeGeGeGeSiSiSiSiGeSiGeGeGeGeGeGeGeGeGeGeSiGeSiGeGeSiSiSiGeSiSiSiSiGeSiGeGeGeGeSiGeSiGeGeSiSiGeSiSiGeGeSiSiGeGeSiGeGeGe
   -16674.6445312500 SiGeGeGeGeSiSiSiSiGeSiGeGeGeGeGeGeGeGeGeGeSiGeSiGeGeSiSiSiGeSiSiSiSiGeSiGeGeGeGeSiGeSiGeGeSiSiGeSiSiGeGeSiSiGeGeSiGeGeGe
   -16674.6445312500 SiGeGeGeGeSiSiSiSiGeSiGeGeGeGeGeGeGeGeGeGeSiGeSiGeGeSiSiSiGeSiSiSiSiGeSiGeGeGeGeSiGeSiGeGeSiSiGeSiSiGeGeSiSiGeGeSiGeGeGe
   -16674.6445312500 SiGeGeGeGeSiSiSiSiGeSiGeGeGeGeGeGeGeGeGeGeSiGeSiGeGeSiSiSiGeSiSiSiSiGeSiGeGeGeGeSiGeSiGeGeSiSiGeSiSiGeGeSiSiGeGeSiGeGeGe
   -16674.6445312500 SiGeGeGeGeSiSiSiSiGeSiGeGeGeGeGeGeGeGeGeGeSiGeSiGeGeSiSiSiGeSiSiSiSiGeSiGeGeGeGeSiGeSiGeGeSiSiGeSiSiGeGeSiSiGeGeSiGeGeGe
   -16674.6445312500 SiGeGeGeGeSiSiSiSiGeSiGeGeGeGeGeGeGeGeGeGeSiGeSiGeGeSiSiSiGeSiSiSiSiGeSiGeGeGeGeSiGeSiGeGeSiSiGeSiSiGeGeSiSiGeGeSiGeGeGe
   -16674.6445312500 SiGeGeGeGeSiSiSiSiGeSiGeGeGeGeGeGeGeGeGeGeSiGeSiGeGeSiSiSiGeSiSiSiSiGeSiGeGeGeGeSiGeSiGeGeSiSiGeSiSiGeGeSiSiGeGeSiGeGeGe
   -16674.6445312500 SiGeGeGeGeSiSiSiSiGeSiGeGeGeGeGeGeGeGeGeGeSiGeSiGeGeSiSiSiGeSiSiSiSiGeSiGeGeGeGeSiGeSiGeGeSiSiGeSiSiGeGeSiSiGeGeSiGeGeGe
   -16674.6445312500 SiGeGeGeGeSiSiSiSiGeSiGeGeGeGeGeGeGeGeGeGeSiGeSiGeGeSiSiSiGeSiSiSiSiGeSiGeGeGeGeSiGeSiGeGeSiSiGeSiSiGeGeSiSiGeGeSiGeGeGe
   -16674.6445312500 SiGeGeGeGeSiSiSiSiGeSiGeGeGeGeGeGeGeGeGeGeSiGeSiGeGeSiSiSiGeSiSiSiSiGeSiGeGeGeGeSiGeSiGeGeSiSiGeSiSiGeGeSiSiGeGeSiGeGeGe
   -16674.6445312500 SiGeGeGeGeSiSiSiSiGeSiGeGeGeGeGeGeGeGeGeGeSiGeSiGeGeSiSiSiGeSiSiSiSiGeSiGeGeGeGeSiGeSiGeGeSiSiGeSiSiGeGeSiSiGeGeSiGeGeGe
   -16674.6445312500 SiGeGeGeGeSiSiSiSiGeSiGeGeGeGeGeGeGeGeGeGeSiGeSiGeGeSiSiSiGeSiSiSiSiGeSiGeGeGeGeSiGeSiGeGeSiSiGeSiSiGeGeSiSiGeGeSiGeGeGe
   -16674.6445312500 SiGeGeGeGeSiSiSiSiGeSiGeGeGeGeGeGeGeGeGeGeSiGeSiGeGeSiSiSiGeSiSiSiSiGeSiGeGeGeGeSiGeSiGeGeSiSiGeSiSiGeGeSiSiGeGeSiGeGeGe
   -16674.6445312500 SiGeGeGeGeSiSiSiSiGeSiGeGeGeGeGeGeGeGeGeGeSiGeSiGeGeSiSiSiGeSiSiSiSiGeSiGeGeGeGeSiGeSiGeGeSiSiGeSiSiGeGeSiSiGeGeSiGeGeGe
   -16674.6445312500 SiGeGeGeGeSiSiSiSiGeSiGeGeGeGeGeGeGeGeGeGeSiGeSiGeGeSiSiSiGeSiSiSiSiGeSiGeGeGeGeSiGeSiGeGeSiSiGeSiSiGeGeSiSiGeGeSiGeGeGe
   -16674.6445312500 SiGeGeGeGeSiSiSiSiGeSiGeGeGeGeGeGeGeGeGeGeSiGeSiGeGeSiSiSiGeSiSiSiSiGeSiGeGeGeGeSiGeSiGeGeSiSiGeSiSiGeGeSiSiGeGeSiGeGeGe
   -16674.6445312500 SiGeGeGeGeSiSiSiSiGeSiGeGeGeGeGeGeGeGeGeGeSiGeSiGeGeSiSiSiGeSiSiSiSiGeSiGeGeGeGeSiGeSiGeGeSiSiGeSiSiGeGeSiSiGeGeSiGeGeGe
   -16674.6445312500 SiGeGeGeGeSiSiSiSiGeSiGeGeGeGeGeGeGeGeGeGeSiGeSiGeGeSiSiSiGeSiSiSiSiGeSiGeGeGeGeSiGeSiGeGeSiSiGeSiSiGeGeSiSiGeGeSiGeGeGe
   -16674.6445312500 SiGeGeGeGeSiSiSiSiGeSiGeGeGeGeGeGeGeGeGeGeSiGeSiGeGeSiSiSiGeSiSiSiSiGeSiGeGeGeGeSiGeSiGeGeSiSiGeSiSiGeGeSiSiGeGeSiGeGeGe
   -16674.6445312500 SiGeGeGeGeSiSiSiSiGeSiGeGeGeGeGeGeGeGeGeGeSiGeSiGeGeSiSiSiGeSiSiSiSiGeSiGeGeGeGeSiGeSiGeGeSiSiGeSiSiGeGeSiSiGeGeSiGeGeGe
   -16674.6445312500 SiGeGeGeGeSiSiSiSiGeSiGeGeGeGeGeGeGeGeGeGeSiGeSiGeGeSiSiSiGeSiSiSiSiGeSiGeGeGeGeSiGeSiGeGeSiSiGeSiSiGeGeSiSiGeGeSiGeGeGe
   -16674.6445312500 SiGeGeGeGeSiSiSiSiGeSiGeGeGeGeGeGeGeGeGeGeSiGeSiGeGeSiSiSiGeSiSiSiSiGeSiGeGeGeGeSiGeSiGeGeSiSiGeSiSiGeGeSiSiGeGeSiGeGeGe
   -16674.6445312500 SiGeGeGeGeSiSiSiSiGeSiGeGeGeGeGeGeGeGeGeGeSiGeSiGeGeSiSiSiGeSiSiSiSiGeSiGeGeGeGeSiGeSiGeGeSiSiGeSiSiGeGeSiSiGeGeSiGeGeGe
   -16674.6445312500 SiGeGeGeGeSiSiSiSiGeSiGeGeGeGeGeGeGeGeGeGeSiGeSiGeGeSiSiSiGeSiSiSiSiGeSiGeGeGeGeSiGeSiGeGeSiSiGeSiSiGeGeSiSiGeGeSiGeGeGe
   -16674.6445312500 SiGeGeGeGeSiSiSiSiGeSiGeGeGeGeGeGeGeGeGeGeSiGeSiGeGeSiSiSiGeSiSiSiSiGeSiGeGeGeGeSiGeSiGeGeSiSiGeSiSiGeGeSiSiGeGeSiGeGeGe
   -16674.6445312500 SiGeGeGeGeSiSiSiSiGeSiGeGeGeGeGeGeGeGeGeGeSiGeSiGeGeSiSiSiGeSiSiSiSiGeSiGeGeGeGeSiGeSiGeGeSiSiGeSiSiGeGeSiSiGeGeSiGeGeGe
   -16674.6445312500 SiGeGeGeGeSiSiSiSiGeSiGeGeGeGeGeGeGeGeGeGeSiGeSiGeGeSiSiSiGeSiSiSiSiGeSiGeGeGeGeSiGeSiGeGeSiSiGeSiSiGeGeSiSiGeGeSiGeGeGe
   -16674.6445312500 SiGeGeGeGeSiSiSiSiGeSiGeGeGeGeGeGeGeGeGeGeSiGeSiGeGeSiSiSiGeSiSiSiSiGeSiGeGeGeGeSiGeSiGeGeSiSiGeSiSiGeGeSiSiGeGeSiGeGeGe
   -16674.6445312500 SiGeGeGeGeSiSiSiSiGeSiGeGeGeGeGeGeGeGeGeGeSiGeSiGeGeSiSiSiGeSiSiSiSiGeSiGeGeGeGeSiGeSiGeGeSiSiGeSiSiGeGeSiSiGeGeSiGeGeGe
   -16674.6445312500 SiGeGeGeGeSiSiSiSiGeSiGeGeGeGeGeGeGeGeGeGeSiGeSiGeGeSiSiSiGeSiSiSiSiGeSiGeGeGeGeSiGeSiGeGeSiSiGeSiSiGeGeSiSiGeGeSiGeGeGe
   -16674.6445312500 SiGeGeGeGeSiSiSiSiGeSiGeGeGeGeGeGeGeGeGeGeSiGeSiGeGeSiSiSiGeSiSiSiSiGeSiGeGeGeGeSiGeSiGeGeSiSiGeSiSiGeGeSiSiGeGeSiGeGeGe
   -16674.6445312500 SiGeGeGeGeSiSiSiSiGeSiGeGeGeGeGeGeGeGeGeGeSiGeSiGeGeSiSiSiGeSiSiSiSiGeSiGeGeGeGeSiGeSiGeGeSiSiGeSiSiGeGeSiSiGeGeSiGeGeGe
   -16674.6445312500 SiGeGeGeGeSiSiSiSiGeSiGeGeGeGeGeGeGeGeGeGeSiGeSiGeGeSiSiSiGeSiSiSiSiGeSiGeGeGeGeSiGeSiGeGeSiSiGeSiSiGeGeSiSiGeGeSiGeGeGe
   -16674.6445312500 SiGeGeGeGeSiSiSiSiGeSiGeGeGeGeGeGeGeGeGeGeSiGeSiGeGeSiSiSiGeSiSiSiSiGeSiGeGeGeGeSiGeSiGeGeSiSiGeSiSiGeGeSiSiGeGeSiGeGeGe
   -16674.6445312500 SiGeGeGeGeSiSiSiSiGeSiGeGeGeGeGeGeGeGeGeGeSiGeSiGeGeSiSiSiGeSiSiSiSiGeSiGeGeGeGeSiGeSiGeGeSiSiGeSiSiGeGeSiSiGeGeSiGeGeGe
   -16674.6445312500 SiGeGeGeGeSiSiSiSiGeSiGeGeGeGeGeGeGeGeGeGeSiGeSiGeGeSiSiSiGeSiSiSiSiGeSiGeGeGeGeSiGeSiGeGeSiSiGeSiSiGeGeSiSiGeGeSiGeGeGe
   -16674.6445312500 SiGeGeGeGeSiSiSiSiGeSiGeGeGeGeGeGeGeGeGeGeSiGeSiGeGeSiSiSiGeSiSiSiSiGeSiGeGeGeGeSiGeSiGeGeSiSiGeSiSiGeGeSiSiGeGeSiGeGeGe
   -16674.6445312500 SiGeGeGeGeSiSiSiSiGeSiGeGeGeGeGeGeGeGeGeGeSiGeSiGeGeSiSiSiGeSiSiSiSiGeSiGeGeGeGeSiGeSiGeGeSiSiGeSiSiGeGeSiSiGeGeSiGeGeGe
   -16674.6445312500 SiGeGeGeGeSiSiSiSiGeSiGeGeGeGeGeGeGeGeGeGeSiGeSiGeGeSiSiSiGeSiSiSiSiGeSiGeGeGeGeSiGeSiGeGeSiSiGeSiSiGeGeSiSiGeGeSiGeGeGe
   -16674.6445312500 SiGeGeGeGeSiSiSiSiGeSiGeGeGeGeGeGeGeGeGeGeSiGeSiGeGeSiSiSiGeSiSiSiSiGeSiGeGeGeGeSiGeSiGeGeSiSiGeSiSiGeGeSiSiGeGeSiGeGeGe
   -16674.6445312500 SiGeGeGeGeSiSiSiSiGeSiGeGeGeGeGeGeGeGeGeGeSiGeSiGeGeSiSiSiGeSiSiSiSiGeSiGeGeGeGeSiGeSiGeGeSiSiGeSiSiGeGeSiSiGeGeSiGeGeGe
   -16674.6445312500 SiGeGeGeGeSiSiSiSiGeSiGeGeGeGeGeGeGeGeGeGeSiGeSiGeGeSiSiSiGeSiSiSiSiGeSiGeGeGeGeSiGeSiGeGeSiSiGeSiSiGeGeSiSiGeGeSiGeGeGe
   -16674.6445312500 SiGeGeGeGeSiSiSiSiGeSiGeGeGeGeGeGeGeGeGeGeSiGeSiGeGeSiSiSiGeSiSiSiSiGeSiGeGeGeGeSiGeSiGeGeSiSiGeSiSiGeGeSiSiGeGeSiGeGeGe
   -16674.6445312500 SiGeGeGeGeSiSiSiSiGeSiGeGeGeGeGeGeGeGeGeGeSiGeSiGeGeSiSiSiGeSiSiSiSiGeSiGeGeGeGeSiGeSiGeGeSiSiGeSiSiGeGeSiSiGeGeSiGeGeGe
   -16674.6445312500 SiGeGeGeGeSiSiSiSiGeSiGeGeGeGeGeGeGeGeGeGeSiGeSiGeGeSiSiSiGeSiSiSiSiGeSiGeGeGeGeSiGeSiGeGeSiSiGeSiSiGeGeSiSiGeGeSiGeGeGe
   -16674.6445312500 SiGeGeGeGeSiSiSiSiGeSiGeGeGeGeGeGeGeGeGeGeSiGeSiGeGeSiSiSiGeSiSiSiSiGeSiGeGeGeGeSiGeSiGeGeSiSiGeSiSiGeGeSiSiGeGeSiGeGeGe
   -16674.6445312500 SiGeGeGeGeSiSiSiSiGeSiGeGeGeGeGeGeGeGeGeGeSiGeSiGeGeSiSiSiGeSiSiSiSiGeSiGeGeGeGeSiGeSiGeGeSiSiGeSiSiGeGeSiSiGeGeSiGeGeGe
   -16674.6445312500 SiGeGeGeGeSiSiSiSiGeSiGeGeGeGeGeGeGeGeGeGeSiGeSiGeGeSiSiSiGeSiSiSiSiGeSiGeGeGeGeSiGeSiGeGeSiSiGeSiSiGeGeSiSiGeGeSiGeGeGe
   -16674.6445312500 SiGeGeGeGeSiSiSiSiGeSiGeGeGeGeGeGeGeGeGeGeSiGeSiGeGeSiSiSiGeSiSiSiSiGeSiGeGeGeGeSiGeSiGeGeSiSiGeSiSiGeGeSiSiGeGeSiGeGeGe
   -16674.6445312500 SiGeGeGeGeSiSiSiSiGeSiGeGeGeGeGeGeGeGeGeGeSiGeSiGeGeSiSiSiGeSiSiSiSiGeSiGeGeGeGeSiGeSiGeGeSiSiGeSiSiGeGeSiSiGeGeSiGeGeGe
   -16674.6445312500 SiGeGeGeGeSiSiSiSiGeSiGeGeGeGeGeGeGeGeGeGeSiGeSiGeGeSiSiSiGeSiSiSiSiGeSiGeGeGeGeSiGeSiGeGeSiSiGeSiSiGeGeSiSiGeGeSiGeGeGe
   -16674.6445312500 SiGeGeGeGeSiSiSiSiGeSiGeGeGeGeGeGeGeGeGeGeSiGeSiGeGeSiSiSiGeSiSiSiSiGeSiGeGeGeGeSiGeSiGeGeSiSiGeSiSiGeGeSiSiGeGeSiGeGeGe
   -16674.6445312500 SiGeGeGeGeSiSiSiSiGeSiGeGeGeGeGeGeGeGeGeGeSiGeSiGeGeSiSiSiGeSiSiSiSiGeSiGeGeGeGeSiGeSiGeGeSiSiGeSiSiGeGeSiSiGeGeSiGeGeGe
   -16674.6445312500 SiGeGeGeGeSiSiSiSiGeSiGeGeGeGeGeGeGeGeGeGeSiGeSiGeGeSiSiSiGeSiSiSiSiGeSiGeGeGeGeSiGeSiGeGeSiSiGeSiSiGeGeSiSiGeGeSiGeGeGe
   -16674.6445312500 SiGeGeGeGeSiSiSiSiGeSiGeGeGeGeGeGeGeGeGeGeSiGeSiGeGeSiSiSiGeSiSiSiSiGeSiGeGeGeGeSiGeSiGeGeSiSiGeSiSiGeGeSiSiGeGeSiGeGeGe
   -16674.6445312500 SiGeGeGeGeSiSiSiSiGeSiGeGeGeGeGeGeGeGeGeGeSiGeSiGeGeSiSiSiGeSiSiSiSiGeSiGeGeGeGeSiGeSiGeGeSiSiGeSiSiGeGeSiSiGeGeSiGeGeGe
   -16674.6445312500 SiGeGeGeGeSiSiSiSiGeSiGeGeGeGeGeGeGeGeGeGeSiGeSiGeGeSiSiSiGeSiSiSiSiGeSiGeGeGeGeSiGeSiGeGeSiSiGeSiSiGeGeSiSiGeGeSiGeGeGe
   -16674.6445312500 SiGeGeGeGeSiSiSiSiGeSiGeGeGeGeGeGeGeGeGeGeSiGeSiGeGeSiSiSiGeSiSiSiSiGeSiGeGeGeGeSiGeSiGeGeSiSiGeSiSiGeGeSiSiGeGeSiGeGeGe
   -16674.6445312500 SiGeGeGeGeSiSiSiSiGeSiGeGeGeGeGeGeGeGeGeGeSiGeSiGeGeSiSiSiGeSiSiSiSiGeSiGeGeGeGeSiGeSiGeGeSiSiGeSiSiGeGeSiSiGeGeSiGeGeGe
   -16674.6445312500 SiGeGeGeGeSiSiSiSiGeSiGeGeGeGeGeGeGeGeGeGeSiGeSiGeGeSiSiSiGeSiSiSiSiGeSiGeGeGeGeSiGeSiGeGeSiSiGeSiSiGeGeSiSiGeGeSiGeGeGe
   -16674.6445312500 SiGeGeGeGeSiSiSiSiGeSiGeGeGeGeGeGeGeGeGeGeSiGeSiGeGeSiSiSiGeSiSiSiSiGeSiGeGeGeGeSiGeSiGeGeSiSiGeSiSiGeGeSiSiGeGeSiGeGeGe
   -16674.6445312500 SiGeGeGeGeSiSiSiSiGeSiGeGeGeGeGeGeGeGeGeGeSiGeSiGeGeSiSiSiGeSiSiSiSiGeSiGeGeGeGeSiGeSiGeGeSiSiGeSiSiGeGeSiSiGeGeSiGeGeGe
   -16674.6445312500 SiGeGeGeGeSiSiSiSiGeSiGeGeGeGeGeGeGeGeGeGeSiGeSiGeGeSiSiSiGeSiSiSiSiGeSiGeGeGeGeSiGeSiGeGeSiSiGeSiSiGeGeSiSiGeGeSiGeGeGe
   -16674.6445312500 SiGeGeGeGeSiSiSiSiGeSiGeGeGeGeGeGeGeGeGeGeSiGeSiGeGeSiSiSiGeSiSiSiSiGeSiGeGeGeGeSiGeSiGeGeSiSiGeSiSiGeGeSiSiGeGeSiGeGeGe
   -16674.6445312500 SiGeGeGeGeSiSiSiSiGeSiGeGeGeGeGeGeGeGeGeGeSiGeSiGeGeSiSiSiGeSiSiSiSiGeSiGeGeGeGeSiGeSiGeGeSiSiGeSiSiGeGeSiSiGeGeSiGeGeGe
   -16674.6445312500 SiGeGeGeGeSiSiSiSiGeSiGeGeGeGeGeGeGeGeGeGeSiGeSiGeGeSiSiSiGeSiSiSiSiGeSiGeGeGeGeSiGeSiGeGeSiSiGeSiSiGeGeSiSiGeGeSiGeGeGe
   -16674.6445312500 SiGeGeGeGeSiSiSiSiGeSiGeGeGeGeGeGeGeGeGeGeSiGeSiGeGeSiSiSiGeSiSiSiSiGeSiGeGeGeGeSiGeSiGeGeSiSiGeSiSiGeGeSiSiGeGeSiGeGeGe
   -16674.6445312500 SiGeGeGeGeSiSiSiSiGeSiGeGeGeGeGeGeGeGeGeGeSiGeSiGeGeSiSiSiGeSiSiSiSiGeSiGeGeGeGeSiGeSiGeGeSiSiGeSiSiGeGeSiSiGeGeSiGeGeGe
   -16674.6445312500 SiGeGeGeGeSiSiSiSiGeSiGeGeGeGeGeGeGeGeGeGeSiGeSiGeGeSiSiSiGeSiSiSiSiGeSiGeGeGeGeSiGeSiGeGeSiSiGeSiSiGeGeSiSiGeGeSiGeGeGe
   -16674.6445312500 SiGeGeGeGeSiSiSiSiGeSiGeGeGeGeGeGeGeGeGeGeSiGeSiGeGeSiSiSiGeSiSiSiSiGeSiGeGeGeGeSiGeSiGeGeSiSiGeSiSiGeGeSiSiGeGeSiGeGeGe
   -16674.6445312500 SiGeGeGeGeSiSiSiSiGeSiGeGeGeGeGeGeGeGeGeGeSiGeSiGeGeSiSiSiGeSiSiSiSiGeSiGeGeGeGeSiGeSiGeGeSiSiGeSiSiGeGeSiSiGeGeSiGeGeGe
   -16674.6445312500 SiGeGeGeGeSiSiSiSiGeSiGeGeGeGeGeGeGeGeGeGeSiGeSiGeGeSiSiSiGeSiSiSiSiGeSiGeGeGeGeSiGeSiGeGeSiSiGeSiSiGeGeSiSiGeGeSiGeGeGe
   -16674.6445312500 SiGeGeGeGeSiSiSiSiGeSiGeGeGeGeGeGeGeGeGeGeSiGeSiGeGeSiSiSiGeSiSiSiSiGeSiGeGeGeGeSiGeSiGeGeSiSiGeSiSiGeGeSiSiGeGeSiGeGeGe
   -16674.6445312500 SiGeGeGeGeSiSiSiSiGeSiGeGeGeGeGeGeGeGeGeGeSiGeSiGeGeSiSiSiGeSiSiSiSiGeSiGeGeGeGeSiGeSiGeGeSiSiGeSiSiGeGeSiSiGeGeSiGeGeGe
   -16674.6445312500 SiGeGeGeGeSiSiSiSiGeSiGeGeGeGeGeGeGeGeGeGeSiGeSiGeGeSiSiSiGeSiSiSiSiGeSiGeGeGeGeSiGeSiGeGeSiSiGeSiSiGeGeSiSiGeGeSiGeGeGe
   -16674.6445312500 SiGeGeGeGeSiSiSiSiGeSiGeGeGeGeGeGeGeGeGeGeSiGeSiGeGeSiSiSiGeSiSiSiSiGeSiGeGeGeGeSiGeSiGeGeSiSiGeSiSiGeGeSiSiGeGeSiGeGeGe
   -16674.6445312500 SiGeGeGeGeSiSiSiSiGeSiGeGeGeGeGeGeGeGeGeGeSiGeSiGeGeSiSiSiGeSiSiSiSiGeSiGeGeGeGeSiGeSiGeGeSiSiGeSiSiGeGeSiSiGeGeSiGeGeGe
   -16674.6445312500 SiGeGeGeGeSiSiSiSiGeSiGeGeGeGeGeGeGeGeGeGeSiGeSiGeGeSiSiSiGeSiSiSiSiGeSiGeGeGeGeSiGeSiGeGeSiSiGeSiSiGeGeSiSiGeGeSiGeGeGe
   -16674.6445312500 SiGeGeGeGeSiSiSiSiGeSiGeGeGeGeGeGeGeGeGeGeSiGeSiGeGeSiSiSiGeSiSiSiSiGeSiGeGeGeGeSiGeSiGeGeSiSiGeSiSiGeGeSiSiGeGeSiGeGeGe
   -16674.6445312500 SiGeGeGeGeSiSiSiSiGeSiGeGeGeGeGeGeGeGeGeGeSiGeSiGeGeSiSiSiGeSiSiSiSiGeSiGeGeGeGeSiGeSiGeGeSiSiGeSiSiGeGeSiSiGeGeSiGeGeGe
   -16674.6445312500 SiGeGeGeGeSiSiSiSiGeSiGeGeGeGeGeGeGeGeGeGeSiGeSiGeGeSiSiSiGeSiSiSiSiGeSiGeGeGeGeSiGeSiGeGeSiSiGeSiSiGeGeSiSiGeGeSiGeGeGe
   -16674.6445312500 SiGeGeGeGeSiSiSiSiGeSiGeGeGeGeGeGeGeGeGeGeSiGeSiGeGeSiSiSiGeSiSiSiSiGeSiGeGeGeGeSiGeSiGeGeSiSiGeSiSiGeGeSiSiGeGeSiGeGeGe
   -16674.6445312500 SiGeGeGeGeSiSiSiSiGeSiGeGeGeGeGeGeGeGeGeGeSiGeSiGeGeSiSiSiGeSiSiSiSiGeSiGeGeGeGeSiGeSiGeGeSiSiGeSiSiGeGeSiSiGeGeSiGeGeGe
   -16674.6445312500 SiGeGeGeGeSiSiSiSiGeSiGeGeGeGeGeGeGeGeGeGeSiGeSiGeGeSiSiSiGeSiSiSiSiGeSiGeGeGeGeSiGeSiGeGeSiSiGeSiSiGeGeSiSiGeGeSiGeGeGe
   -16674.6445312500 SiGeGeGeGeSiSiSiSiGeSiGeGeGeGeGeGeGeGeGeGeSiGeSiGeGeSiSiSiGeSiSiSiSiGeSiGeGeGeGeSiGeSiGeGeSiSiGeSiSiGeGeSiSiGeGeSiGeGeGe
   -16674.6445312500 SiGeGeGeGeSiSiSiSiGeSiGeGeGeGeGeGeGeGeGeGeSiGeSiGeGeSiSiSiGeSiSiSiSiGeSiGeGeGeGeSiGeSiGeGeSiSiGeSiSiGeGeSiSiGeGeSiGeGeGe
   -16674.6445312500 SiGeGeGeGeSiSiSiSiGeSiGeGeGeGeGeGeGeGeGeGeSiGeSiGeGeSiSiSiGeSiSiSiSiGeSiGeGeGeGeSiGeSiGeGeSiSiGeSiSiGeGeSiSiGeGeSiGeGeGe
   -16674.6445312500 SiGeGeGeGeSiSiSiSiGeSiGeGeGeGeGeGeGeGeGeGeSiGeSiGeGeSiSiSiGeSiSiSiSiGeSiGeGeGeGeSiGeSiGeGeSiSiGeSiSiGeGeSiSiGeGeSiGeGeGe
   -16674.6445312500 SiGeGeGeGeSiSiSiSiGeSiGeGeGeGeGeGeGeGeGeGeSiGeSiGeGeSiSiSiGeSiSiSiSiGeSiGeGeGeGeSiGeSiGeGeSiSiGeSiSiGeGeSiSiGeGeSiGeGeGe
   -16674.6445312500 SiGeGeGeGeSiSiSiSiGeSiGeGeGeGeGeGeGeGeGeGeSiGeSiGeGeSiSiSiGeSiSiSiSiGeSiGeGeGeGeSiGeSiGeGeSiSiGeSiSiGeGeSiSiGeGeSiGeGeGe
   -16674.6445312500 SiGeGeGeGeSiSiSiSiGeSiGeGeGeGeGeGeGeGeGeGeSiGeSiGeGeSiSiSiGeSiSiSiSiGeSiGeGeGeGeSiGeSiGeGeSiSiGeSiSiGeGeSiSiGeGeSiGeGeGe
   -16674.6445312500 SiGeGeGeGeSiSiSiSiGeSiGeGeGeGeGeGeGeGeGeGeSiGeSiGeGeSiSiSiGeSiSiSiSiGeSiGeGeGeGeSiGeSiGeGeSiSiGeSiSiGeGeSiSiGeGeSiGeGeGe
   -16674.6445312500 SiGeGeGeGeSiSiSiSiGeSiGeGeGeGeGeGeGeGeGeGeSiGeSiGeGeSiSiSiGeSiSiSiSiGeSiGeGeGeGeSiGeSiGeGeSiSiGeSiSiGeGeSiSiGeGeSiGeGeGe
   -16674.6445312500 SiGeGeGeGeSiSiSiSiGeSiGeGeGeGeGeGeGeGeGeGeSiGeSiGeGeSiSiSiGeSiSiSiSiGeSiGeGeGeGeSiGeSiGeGeSiSiGeSiSiGeGeSiSiGeGeSiGeGeGe
   -16674.6445312500 SiGeGeGeGeSiSiSiSiGeSiGeGeGeGeGeGeGeGeGeGeSiGeSiGeGeSiSiSiGeSiSiSiSiGeSiGeGeGeGeSiGeSiGeGeSiSiGeSiSiGeGeSiSiGeGeSiGeGeGe
   -16674.6445312500 SiGeGeGeGeSiSiSiSiGeSiGeGeGeGeGeGeGeGeGeGeSiGeSiGeGeSiSiSiGeSiSiSiSiGeSiGeGeGeGeSiGeSiGeGeSiSiGeSiSiGeGeSiSiGeGeSiGeGeGe
   -16674.6445312500 SiGeGeGeGeSiSiSiSiGeSiGeGeGeGeGeGeGeGeGeGeSiGeSiGeGeSiSiSiGeSiSiSiSiGeSiGeGeGeGeSiGeSiGeGeSiSiGeSiSiGeGeSiSiGeGeSiGeGeGe
   -16674.6445312500 SiGeGeGeGeSiSiSiSiGeSiGeGeGeGeGeGeGeGeGeGeSiGeSiGeGeSiSiSiGeSiSiSiSiGeSiGeGeGeGeSiGeSiGeGeSiSiGeSiSiGeGeSiSiGeGeSiGeGeGe
   -16674.6445312500 SiGeGeGeGeSiSiSiSiGeSiGeGeGeGeGeGeGeGeGeGeSiGeSiGeGeSiSiSiGeSiSiSiSiGeSiGeGeGeGeSiGeSiGeGeSiSiGeSiSiGeGeSiSiGeGeSiGeGeGe
   -16674.6445312500 SiGeGeGeGeSiSiSiSiGeSiGeGeGeGeGeGeGeGeGeGeSiGeSiGeGeSiSiSiGeSiSiSiSiGeSiGeGeGeGeSiGeSiGeGeSiSiGeSiSiGeGeSiSiGeGeSiGeGeGe
   -16674.6445312500 SiGeGeGeGeSiSiSiSiGeSiGeGeGeGeGeGeGeGeGeGeSiGeSiGeGeSiSiSiGeSiSiSiSiGeSiGeGeGeGeSiGeSiGeGeSiSiGeSiSiGeGeSiSiGeGeSiGeGeGe
   -16674.6445312500 SiGeGeGeGeSiSiSiSiGeSiGeGeGeGeGeGeGeGeGeGeSiGeSiGeGeSiSiSiGeSiSiSiSiGeSiGeGeGeGeSiGeSiGeGeSiSiGeSiSiGeGeSiSiGeGeSiGeGeGe
   -16674.6445312500 SiGeGeGeGeSiSiSiSiGeSiGeGeGeGeGeGeGeGeGeGeSiGeSiGeGeSiSiSiGeSiSiSiSiGeSiGeGeGeGeSiGeSiGeGeSiSiGeSiSiGeGeSiSiGeGeSiGeGeGe
   -16674.6445312500 SiGeGeGeGeSiSiSiSiGeSiGeGeGeGeGeGeGeGeGeGeSiGeSiGeGeSiSiSiGeSiSiSiSiGeSiGeGeGeGeSiGeSiGeGeSiSiGeSiSiGeGeSiSiGeGeSiGeGeGe
   -16674.6445312500 SiGeGeGeGeSiSiSiSiGeSiGeGeGeGeGeGeGeGeGeGeSiGeSiGeGeSiSiSiGeSiSiSiSiGeSiGeGeGeGeSiGeSiGeGeSiSiGeSiSiGeGeSiSiGeGeSiGeGeGe
   -16674.6445312500 SiGeGeGeGeSiSiSiSiGeSiGeGeGeGeGeGeGeGeGeGeSiGeSiGeGeSiSiSiGeSiSiSiSiGeSiGeGeGeGeSiGeSiGeGeSiSiGeSiSiGeGeSiSiGeGeSiGeGeGe
   -16674.6445312500 SiGeGeGeGeSiSiSiSiGeSiGeGeGeGeGeGeGeGeGeGeSiGeSiGeGeSiSiSiGeSiSiSiSiGeSiGeGeGeGeSiGeSiGeGeSiSiGeSiSiGeGeSiSiGeGeSiGeGeGe
filename: c000001037317737.gin     
Cell:
    11.9020996    11.9020996    29.6919994    90.0000000    90.0000000   120.0000000
Box:
    11.9020996    -5.9510503     0.0000000
     0.0000000    10.3075209     0.0000000
     0.0000000     0.0000000    29.6919994
----------------------------------------
Inverse Box:
     0.0840188     0.0485083     0.0000000
     0.0000000     0.0970165     0.0000000
     0.0000000     0.0000000     0.0336791
----------------------------------------
==============================================
geometrical properties of  35 Ge:
 Configuration:           0
 D_ave:   9.16968346       3.52510548    
 D_min:   3.09283042      0.285186350    
 energia:  -16674.6445    
