Random Seed:  1214346717
Number of atoms:    60
Space Group:    1
Cell:
    11.9020996    11.9020996    29.6919994    90.0000000    90.0000000   120.0000000
Box:
    11.9020996    -5.9510503     0.0000000
     0.0000000    10.3075209     0.0000000
     0.0000000     0.0000000    29.6919994
----------------------------------------
Inverse Box:
     0.0840188     0.0485083     0.0000000
     0.0000000     0.0970165     0.0000000
     0.0000000     0.0000000     0.0336791
----------------------------------------
GeSiSiGeSiSiSiSiSiSiSiSiSiSiSiSiSiSiSiSiSiSiSiSiSiSiSiSiSiSiSiSiSiSiSiSiSiSiSiSiSiSiSiSiSiSiSiSiSiSiSiSiSiSiSiSiSiSiSiSi
           1 Ge    -7733.86768    
GeGeSiGeSiSiSiSiSiSiSiSiSiSiSiSiSiSiSiSiSiSiSiSiSiSiSiSiSiSiSiSiSiSiSiSiSiSiSiSiSiSiSiSiSiSiSiSiSiSiSiSiSiSiSiSiSiSiSiSi
           2 Ge    -7727.93604    
GeGeGeGeSiSiSiSiSiSiSiSiSiSiSiSiSiSiSiSiSiSiSiSiSiSiSiSiSiSiSiSiSiSiSiSiSiSiSiSiSiSiSiSiSiSiSiSiSiSiSiSiSiSiSiSiSiSiSiSi
           3 Ge    -7721.92285    
GeGeGeGeGeSiSiSiSiSiSiSiSiSiSiSiSiSiSiSiSiSiSiSiSiSiSiSiSiSiSiSiSiSiSiSiSiSiSiSiSiSiSiSiSiSiSiSiSiSiSiSiSiSiSiSiSiSiSiSi
           5 Ge    -7728.01514    
GeGeGeGeGeGeSiSiSiSiSiSiSiSiSiSiSiSiSiSiSiSiSiSiSiSiSiSiSiSiSiSiSiSiSiSiSiSiSiSiSiSiSiSiSiSiSiSiSiSiSiSiSiSiSiSiSiSiSiSi
           6 Ge    -7752.11963    
GeGeGeGeGeGeGeSiSiSiSiSiSiSiSiSiSiSiSiSiSiSiSiSiSiSiSiSiSiSiSiSiSiSiSiSiSiSiSiSiSiSiSiSiSiSiSiSiSiSiSiSiSiSiSiSiSiSiSiSi
           7 Ge    -7853.17090    
GeGeGeGeGeGeGeGeSiSiSiSiSiSiSiSiSiSiSiSiSiSiSiSiSiSiSiSiSiSiSiSiSiSiSiSiSiSiSiSiSiSiSiSiSiSiSiSiSiSiSiSiSiSiSiSiSiSiSiSi
           8 Ge    -7983.45264    
GeGeGeGeGeGeGeGeSiSiSiGeSiSiSiSiSiSiSiSiSiSiSiSiSiSiSiSiSiSiSiSiSiSiSiSiSiSiSiSiSiSiSiSiSiSiSiSiSiSiSiSiSiSiSiSiSiSiSiSi
          12 Ge    -8223.11523    
GeGeGeGeGeGeGeGeSiSiSiGeSiSiSiGeSiSiSiSiSiSiSiSiSiSiSiSiSiSiSiSiSiSiSiSiSiSiSiSiSiSiSiSiSiSiSiSiSiSiSiSiSiSiSiSiSiSiSiSi
          16 Ge    -8552.01562    
GeGeGeGeGeGeGeGeSiSiSiGeSiSiSiGeSiSiSiSiSiSiSiSiSiGeSiSiSiSiSiSiSiSiSiSiSiSiSiSiSiSiSiSiSiSiSiSiSiSiSiSiSiSiSiSiSiSiSiSi
          26 Ge    -8483.41113    
GeGeGeGeGeGeGeGeSiSiSiGeSiSiSiGeSiSiSiSiSiSiSiSiSiGeSiSiSiGeSiSiSiSiSiSiSiSiSiSiSiSiSiSiSiSiSiSiSiSiSiSiSiSiSiSiSiSiSiSi
          30 Ge    -8469.89551    
GeGeGeGeGeGeGeGeSiSiSiGeSiSiSiGeSiSiSiSiSiSiSiSiSiGeSiSiSiGeSiSiGeSiSiSiSiSiSiSiSiSiSiSiSiSiSiSiSiSiSiSiSiSiSiSiSiSiSiSi
          33 Ge    -8968.34668    
GeGeGeGeGeGeGeGeSiSiSiGeSiSiSiGeSiSiSiSiSiSiSiSiSiGeSiSiSiGeSiSiGeSiSiGeSiSiSiSiSiSiSiSiSiSiSiSiSiSiSiSiSiSiSiSiSiSiSiSi
          36 Ge    -8886.60645    
GeGeGeGeGeGeGeGeSiSiSiGeSiSiSiGeSiSiSiSiSiSiSiSiSiGeSiSiSiGeSiSiGeSiSiGeSiSiGeSiSiSiSiSiSiSiSiSiSiSiSiSiSiSiSiSiSiSiSiSi
          39 Ge    -9498.68945    
GeGeGeGeGeGeGeGeSiSiSiGeSiSiSiGeSiSiSiSiSiSiSiSiSiGeSiSiSiGeSiSiGeSiSiGeSiSiGeGeSiSiSiSiSiSiSiSiSiSiSiSiSiSiSiSiSiSiSiSi
          40 Ge    -9671.79590    
GeGeGeGeGeGeGeGeSiSiSiGeSiSiSiGeSiSiSiSiSiSiSiSiSiGeSiSiSiGeSiSiGeSiSiGeSiSiGeGeSiGeSiSiSiSiSiSiSiSiSiSiSiSiSiSiSiSiSiSi
          42 Ge    -8416.00684    
GeGeGeGeGeGeGeGeSiSiSiGeSiSiSiGeSiSiSiSiSiSiSiSiSiGeSiSiSiGeSiSiGeSiSiGeSiSiGeGeSiGeSiSiGeSiSiSiSiSiSiSiSiSiSiSiSiSiSiSi
          45 Ge    -8915.39453    
GeGeGeGeGeGeGeGeSiSiSiGeSiSiSiGeSiSiSiSiSiSiSiSiSiGeSiSiSiGeSiSiGeSiSiGeSiSiGeGeSiGeSiSiGeGeSiSiSiSiSiSiSiSiSiSiSiSiSiSi
          46 Ge    -9097.63379    
GeGeGeGeGeGeGeGeSiSiSiGeSiSiSiGeSiSiSiSiSiSiSiSiSiGeSiSiSiGeSiSiGeSiSiGeSiSiGeGeSiGeSiSiGeGeSiSiSiSiSiSiSiSiSiSiGeSiSiSi
          57 Ge    -10232.6211    
GeGeGeGeGeGeGeGeSiGeSiGeSiSiSiGeSiSiSiSiSiSiSiSiSiGeSiSiSiGeSiSiGeSiSiGeSiSiGeGeSiGeSiSiGeGeSiSiSiSiSiSiSiSiSiSiGeSiSiSi
          10 Ge    -9510.37891    
GeGeGeGeGeGeGeGeSiGeGeGeSiSiSiGeSiSiSiSiSiSiSiSiSiGeSiSiSiGeSiSiGeSiSiGeSiSiGeGeSiGeSiSiGeGeSiSiSiSiSiSiSiSiSiSiGeSiSiSi
          11 Ge    -10380.8457    
GeGeGeGeGeGeGeGeSiGeGeGeGeSiSiGeSiSiSiSiSiSiSiSiSiGeSiSiSiGeSiSiGeSiSiGeSiSiGeGeSiGeSiSiGeGeSiSiSiSiSiSiSiSiSiSiGeSiSiSi
          13 Ge    -9216.20508    
GeGeGeGeGeGeGeGeSiGeGeGeGeGeSiGeSiSiSiSiSiSiSiSiSiGeSiSiSiGeSiSiGeSiSiGeSiSiGeGeSiGeSiSiGeGeSiSiSiSiSiSiSiSiSiSiGeSiSiSi
          14 Ge    -7029.72949    
GeGeGeGeGeGeGeGeSiGeGeGeGeGeGeGeSiSiSiSiSiSiSiSiSiGeSiSiSiGeSiSiGeSiSiGeSiSiGeGeSiGeSiSiGeGeSiSiSiSiSiSiSiSiSiSiGeSiSiSi
          15 Ge    -5181.40527    
GeGeGeGeGeGeGeGeSiGeGeGeGeGeGeGeSiSiSiSiSiSiGeSiSiGeSiSiSiGeSiSiGeSiSiGeSiSiGeGeSiGeSiSiGeGeSiSiSiSiSiSiSiSiSiSiGeSiSiSi
          23 Ge    -907.562012    
GeGeGeGeGeGeGeGeSiGeGeGeGeGeGeGeSiSiSiSiSiSiGeGeSiGeSiSiSiGeSiSiGeSiSiGeSiSiGeGeSiGeSiSiGeGeSiSiSiSiSiSiSiSiSiSiGeSiSiSi
          24 Ge     5267.60107    
GeGeGeGeGeGeGeGeSiGeGeGeGeGeGeGeSiSiSiSiSiSiGeGeSiGeSiGeSiGeSiSiGeSiSiGeSiSiGeGeSiGeSiSiGeGeSiSiSiSiSiSiSiSiSiSiGeSiSiSi
          28 Ge     8488.70703    
GeGeGeGeGeGeGeGeSiGeGeGeGeGeGeGeSiSiSiSiSiSiGeGeSiGeSiGeSiGeSiSiGeSiSiGeSiSiGeGeSiGeSiGeGeGeSiSiSiSiSiSiSiSiSiSiGeSiSiSi
          44 Ge     9690.25391    
GeGeGeGeGeGeGeGeSiGeGeGeGeGeGeGeSiSiSiSiSiSiGeGeSiGeSiGeSiGeSiSiGeSiSiGeSiSiGeGeSiGeSiGeGeGeSiSiSiSiGeSiSiSiSiSiGeSiSiSi
          51 Ge     9491.10156    
GeGeGeGeGeGeGeGeSiGeGeGeGeGeGeGeSiSiSiSiSiSiGeGeSiGeSiGeSiGeSiSiGeSiSiGeSiSiGeGeSiGeSiGeGeGeSiSiSiSiGeSiSiSiSiSiGeGeSiSi
          58 Ge     12607.1953    
GeGeGeGeGeGeGeGeGeGeGeGeGeGeGeGeSiSiSiSiSiSiGeGeSiGeSiGeSiGeSiSiGeSiSiGeSiSiGeGeSiGeSiGeGeGeSiSiSiSiGeSiSiSiSiSiGeGeSiSi
           9 Ge     16611.2051    
GeGeGeGeGeGeGeGeGeGeGeGeGeGeGeGeGeSiSiSiSiSiGeGeSiGeSiGeSiGeSiSiGeSiSiGeSiSiGeGeSiGeSiGeGeGeSiSiSiSiGeSiSiSiSiSiGeGeSiSi
          17 Ge     22356.9941    
GeGeGeGeGeGeGeGeGeGeGeGeGeGeGeGeGeGeSiSiSiSiGeGeSiGeSiGeSiGeSiSiGeSiSiGeSiSiGeGeSiGeSiGeGeGeSiSiSiSiGeSiSiSiSiSiGeGeSiSi
          18 Ge     26729.0645    
GeGeGeGeGeGeGeGeGeGeGeGeGeGeGeGeGeGeSiSiGeSiGeGeSiGeSiGeSiGeSiSiGeSiSiGeSiSiGeGeSiGeSiGeGeGeSiSiSiSiGeSiSiSiSiSiGeGeSiSi
          21 Ge     38059.0469    
GeGeGeGeGeGeGeGeGeGeGeGeGeGeGeGeGeGeSiSiGeGeGeGeSiGeSiGeSiGeSiSiGeSiSiGeSiSiGeGeSiGeSiGeGeGeSiSiSiSiGeSiSiSiSiSiGeGeSiSi
          22 Ge     47819.5234    
==============================================
MonteCarlo: Metropolis with identity changes
Si > Ge, Ge > Si. STOP when occurrence <    0.00000
==============================================
Cost_function     Occurrence %     Scan-Cost
    -4865.4555664062 SiGeSiGeSiGeSiGeSiGeGeGeSiSiGeGeGeGeGeSiSiGeSiGeSiSiGeSiGeGeGeSiGeGeGeGeGeGeSiGeGeSiSiGeGeGeGeSiGeGeSiSiGeSiGeSiSiSiGeGe
    -4865.4555664062 SiGeSiGeSiGeSiGeSiGeGeGeSiSiGeGeGeGeGeSiSiGeSiGeSiSiGeSiGeGeGeSiGeGeGeGeGeGeSiGeGeSiSiGeGeGeGeSiGeGeSiSiGeSiGeSiSiSiGeGe
    -4865.4555664062 SiGeSiGeSiGeSiGeSiGeGeGeSiSiGeGeGeGeGeSiSiGeSiGeSiSiGeSiGeGeGeSiGeGeGeGeGeGeSiGeGeSiSiGeGeGeGeSiGeGeSiSiGeSiGeSiSiSiGeGe
    -5437.0742187500 SiGeSiGeSiGeSiGeSiGeGeGeSiSiSiGeGeGeGeGeGeGeSiGeSiSiGeSiGeGeGeSiGeSiGeGeGeGeSiGeSiSiSiGeGeGeGeSiGeGeSiSiGeGeGeSiSiSiGeGe
    -5437.0742187500 SiGeSiGeSiGeSiGeSiGeGeGeSiSiSiGeGeGeGeGeGeGeSiGeSiSiGeSiGeGeGeSiGeSiGeGeGeGeSiGeSiSiSiGeGeGeGeSiGeGeSiSiGeGeGeSiSiSiGeGe
    -6203.1948242188 SiGeSiGeSiGeSiGeSiGeGeGeSiSiSiGeGeGeGeGeGeGeSiGeSiSiGeSiGeGeGeSiGeSiGeGeGeGeSiGeGeSiSiGeGeGeSiSiGeGeSiSiGeGeGeSiSiSiGeGe
    -6946.2714843750 SiGeSiGeSiGeSiGeSiGeGeGeSiSiSiGeGeGeGeGeGeGeSiGeSiSiGeSiGeGeSiSiGeSiGeGeGeGeSiGeGeSiSiGeGeGeGeSiGeGeSiSiGeGeSiGeSiSiGeGe
   -11423.0234375000 SiGeSiGeSiGeSiSiSiGeGeGeSiSiSiGeGeGeGeGeGeGeSiGeSiSiGeSiGeGeSiSiGeSiGeGeGeGeGeGeGeSiSiGeGeGeGeSiGeGeSiSiGeGeSiGeSiSiGeGe
   -11423.0234375000 SiGeSiGeSiGeSiSiSiGeGeGeSiSiSiGeGeGeGeGeGeGeSiGeSiSiGeSiGeGeSiSiGeSiGeGeGeGeGeGeGeSiSiGeGeGeGeSiGeGeSiSiGeGeSiGeSiSiGeGe
   -11524.3837890625 SiGeSiGeSiGeSiSiSiGeGeGeSiSiSiGeGeGeGeGeGeGeSiGeSiSiGeSiGeGeSiSiGeSiGeGeGeSiGeGeGeSiSiGeGeGeGeSiGeGeSiSiGeGeGeGeSiSiGeGe
   -11524.3837890625 SiGeSiGeSiGeSiSiSiGeGeGeSiSiSiGeGeGeGeGeGeGeSiGeSiSiGeSiGeGeSiSiGeSiGeGeGeSiGeGeGeSiSiGeGeGeGeSiGeGeSiSiGeGeGeGeSiSiGeGe
   -11524.3837890625 SiGeSiGeSiGeSiSiSiGeGeGeSiSiSiGeGeGeGeGeGeGeSiGeSiSiGeSiGeGeSiSiGeSiGeGeGeSiGeGeGeSiSiGeGeGeGeSiGeGeSiSiGeGeGeGeSiSiGeGe
   -14142.7958984375 SiGeSiGeSiGeSiSiSiSiGeGeSiSiGeGeGeGeGeGeGeGeSiGeSiSiGeSiGeGeSiSiGeSiGeGeGeSiGeGeGeSiSiGeGeGeGeSiGeGeSiSiGeGeGeGeSiSiGeGe
   -14142.7958984375 SiGeSiGeSiGeSiSiSiSiGeGeSiSiGeGeGeGeGeGeGeGeSiGeSiSiGeSiGeGeSiSiGeSiGeGeGeSiGeGeGeSiSiGeGeGeGeSiGeGeSiSiGeGeGeGeSiSiGeGe
   -14142.7958984375 SiGeSiGeSiGeSiSiSiSiGeGeSiSiGeGeGeGeGeGeGeGeSiGeSiSiGeSiGeGeSiSiGeSiGeGeGeSiGeGeGeSiSiGeGeGeGeSiGeGeSiSiGeGeGeGeSiSiGeGe
   -14142.7958984375 SiGeSiGeSiGeSiSiSiSiGeGeSiSiGeGeGeGeGeGeGeGeSiGeSiSiGeSiGeGeSiSiGeSiGeGeGeSiGeGeGeSiSiGeGeGeGeSiGeGeSiSiGeGeGeGeSiSiGeGe
   -14142.7958984375 SiGeSiGeSiGeSiSiSiSiGeGeSiSiGeGeGeGeGeGeGeGeSiGeSiSiGeSiGeGeSiSiGeSiGeGeGeSiGeGeGeSiSiGeGeGeGeSiGeGeSiSiGeGeGeGeSiSiGeGe
   -14142.7958984375 SiGeSiGeSiGeSiSiSiSiGeGeSiSiGeGeGeGeGeGeGeGeSiGeSiSiGeSiGeGeSiSiGeSiGeGeGeSiGeGeGeSiSiGeGeGeGeSiGeGeSiSiGeGeGeGeSiSiGeGe
   -14142.7958984375 SiGeSiGeSiGeSiSiSiSiGeGeSiSiGeGeGeGeGeGeGeGeSiGeSiSiGeSiGeGeSiSiGeSiGeGeGeSiGeGeGeSiSiGeGeGeGeSiGeGeSiSiGeGeGeGeSiSiGeGe
   -14142.7958984375 SiGeSiGeSiGeSiSiSiSiGeGeSiSiGeGeGeGeGeGeGeGeSiGeSiSiGeSiGeGeSiSiGeSiGeGeGeSiGeGeGeSiSiGeGeGeGeSiGeGeSiSiGeGeGeGeSiSiGeGe
   -14142.7958984375 SiGeSiGeSiGeSiSiSiSiGeGeSiSiGeGeGeGeGeGeGeGeSiGeSiSiGeSiGeGeSiSiGeSiGeGeGeSiGeGeGeSiSiGeGeGeGeSiGeGeSiSiGeGeGeGeSiSiGeGe
   -14142.7958984375 SiGeSiGeSiGeSiSiSiSiGeGeSiSiGeGeGeGeGeGeGeGeSiGeSiSiGeSiGeGeSiSiGeSiGeGeGeSiGeGeGeSiSiGeGeGeGeSiGeGeSiSiGeGeGeGeSiSiGeGe
   -14142.7958984375 SiGeSiGeSiGeSiSiSiSiGeGeSiSiGeGeGeGeGeGeGeGeSiGeSiSiGeSiGeGeSiSiGeSiGeGeGeSiGeGeGeSiSiGeGeGeGeSiGeGeSiSiGeGeGeGeSiSiGeGe
   -14142.7958984375 SiGeSiGeSiGeSiSiSiSiGeGeSiSiGeGeGeGeGeGeGeGeSiGeSiSiGeSiGeGeSiSiGeSiGeGeGeSiGeGeGeSiSiGeGeGeGeSiGeGeSiSiGeGeGeGeSiSiGeGe
   -14142.7958984375 SiGeSiGeSiGeSiSiSiSiGeGeSiSiGeGeGeGeGeGeGeGeSiGeSiSiGeSiGeGeSiSiGeSiGeGeGeSiGeGeGeSiSiGeGeGeGeSiGeGeSiSiGeGeGeGeSiSiGeGe
   -14142.7958984375 SiGeSiGeSiGeSiSiSiSiGeGeSiSiGeGeGeGeGeGeGeGeSiGeSiSiGeSiGeGeSiSiGeSiGeGeGeSiGeGeGeSiSiGeGeGeGeSiGeGeSiSiGeGeGeGeSiSiGeGe
   -14142.7958984375 SiGeSiGeSiGeSiSiSiSiGeGeSiSiGeGeGeGeGeGeGeGeSiGeSiSiGeSiGeGeSiSiGeSiGeGeGeSiGeGeGeSiSiGeGeGeGeSiGeGeSiSiGeGeGeGeSiSiGeGe
   -14142.7958984375 SiGeSiGeSiGeSiSiSiSiGeGeSiSiGeGeGeGeGeGeGeGeSiGeSiSiGeSiGeGeSiSiGeSiGeGeGeSiGeGeGeSiSiGeGeGeGeSiGeGeSiSiGeGeGeGeSiSiGeGe
   -14142.7958984375 SiGeSiGeSiGeSiSiSiSiGeGeSiSiGeGeGeGeGeGeGeGeSiGeSiSiGeSiGeGeSiSiGeSiGeGeGeSiGeGeGeSiSiGeGeGeGeSiGeGeSiSiGeGeGeGeSiSiGeGe
   -14142.7958984375 SiGeSiGeSiGeSiSiSiSiGeGeSiSiGeGeGeGeGeGeGeGeSiGeSiSiGeSiGeGeSiSiGeSiGeGeGeSiGeGeGeSiSiGeGeGeGeSiGeGeSiSiGeGeGeGeSiSiGeGe
   -14142.7958984375 SiGeSiGeSiGeSiSiSiSiGeGeSiSiGeGeGeGeGeGeGeGeSiGeSiSiGeSiGeGeSiSiGeSiGeGeGeSiGeGeGeSiSiGeGeGeGeSiGeGeSiSiGeGeGeGeSiSiGeGe
   -14142.7958984375 SiGeSiGeSiGeSiSiSiSiGeGeSiSiGeGeGeGeGeGeGeGeSiGeSiSiGeSiGeGeSiSiGeSiGeGeGeSiGeGeGeSiSiGeGeGeGeSiGeGeSiSiGeGeGeGeSiSiGeGe
   -14142.7958984375 SiGeSiGeSiGeSiSiSiSiGeGeSiSiGeGeGeGeGeGeGeGeSiGeSiSiGeSiGeGeSiSiGeSiGeGeGeSiGeGeGeSiSiGeGeGeGeSiGeGeSiSiGeGeGeGeSiSiGeGe
   -14142.7958984375 SiGeSiGeSiGeSiSiSiSiGeGeSiSiGeGeGeGeGeGeGeGeSiGeSiSiGeSiGeGeSiSiGeSiGeGeGeSiGeGeGeSiSiGeGeGeGeSiGeGeSiSiGeGeGeGeSiSiGeGe
   -14142.7958984375 SiGeSiGeSiGeSiSiSiSiGeGeSiSiGeGeGeGeGeGeGeGeSiGeSiSiGeSiGeGeSiSiGeSiGeGeGeSiGeGeGeSiSiGeGeGeGeSiGeGeSiSiGeGeGeGeSiSiGeGe
   -14142.7958984375 SiGeSiGeSiGeSiSiSiSiGeGeSiSiGeGeGeGeGeGeGeGeSiGeSiSiGeSiGeGeSiSiGeSiGeGeGeSiGeGeGeSiSiGeGeGeGeSiGeGeSiSiGeGeGeGeSiSiGeGe
   -14142.7958984375 SiGeSiGeSiGeSiSiSiSiGeGeSiSiGeGeGeGeGeGeGeGeSiGeSiSiGeSiGeGeSiSiGeSiGeGeGeSiGeGeGeSiSiGeGeGeGeSiGeGeSiSiGeGeGeGeSiSiGeGe
   -14142.7958984375 SiGeSiGeSiGeSiSiSiSiGeGeSiSiGeGeGeGeGeGeGeGeSiGeSiSiGeSiGeGeSiSiGeSiGeGeGeSiGeGeGeSiSiGeGeGeGeSiGeGeSiSiGeGeGeGeSiSiGeGe
   -14142.7958984375 SiGeSiGeSiGeSiSiSiSiGeGeSiSiGeGeGeGeGeGeGeGeSiGeSiSiGeSiGeGeSiSiGeSiGeGeGeSiGeGeGeSiSiGeGeGeGeSiGeGeSiSiGeGeGeGeSiSiGeGe
   -14142.7958984375 SiGeSiGeSiGeSiSiSiSiGeGeSiSiGeGeGeGeGeGeGeGeSiGeSiSiGeSiGeGeSiSiGeSiGeGeGeSiGeGeGeSiSiGeGeGeGeSiGeGeSiSiGeGeGeGeSiSiGeGe
   -14142.7958984375 SiGeSiGeSiGeSiSiSiSiGeGeSiSiGeGeGeGeGeGeGeGeSiGeSiSiGeSiGeGeSiSiGeSiGeGeGeSiGeGeGeSiSiGeGeGeGeSiGeGeSiSiGeGeGeGeSiSiGeGe
   -14142.7958984375 SiGeSiGeSiGeSiSiSiSiGeGeSiSiGeGeGeGeGeGeGeGeSiGeSiSiGeSiGeGeSiSiGeSiGeGeGeSiGeGeGeSiSiGeGeGeGeSiGeGeSiSiGeGeGeGeSiSiGeGe
   -14142.7958984375 SiGeSiGeSiGeSiSiSiSiGeGeSiSiGeGeGeGeGeGeGeGeSiGeSiSiGeSiGeGeSiSiGeSiGeGeGeSiGeGeGeSiSiGeGeGeGeSiGeGeSiSiGeGeGeGeSiSiGeGe
   -14142.7958984375 SiGeSiGeSiGeSiSiSiSiGeGeSiSiGeGeGeGeGeGeGeGeSiGeSiSiGeSiGeGeSiSiGeSiGeGeGeSiGeGeGeSiSiGeGeGeGeSiGeGeSiSiGeGeGeGeSiSiGeGe
   -14142.7958984375 SiGeSiGeSiGeSiSiSiSiGeGeSiSiGeGeGeGeGeGeGeGeSiGeSiSiGeSiGeGeSiSiGeSiGeGeGeSiGeGeGeSiSiGeGeGeGeSiGeGeSiSiGeGeGeGeSiSiGeGe
   -14142.7958984375 SiGeSiGeSiGeSiSiSiSiGeGeSiSiGeGeGeGeGeGeGeGeSiGeSiSiGeSiGeGeSiSiGeSiGeGeGeSiGeGeGeSiSiGeGeGeGeSiGeGeSiSiGeGeGeGeSiSiGeGe
   -14142.7958984375 SiGeSiGeSiGeSiSiSiSiGeGeSiSiGeGeGeGeGeGeGeGeSiGeSiSiGeSiGeGeSiSiGeSiGeGeGeSiGeGeGeSiSiGeGeGeGeSiGeGeSiSiGeGeGeGeSiSiGeGe
   -14142.7958984375 SiGeSiGeSiGeSiSiSiSiGeGeSiSiGeGeGeGeGeGeGeGeSiGeSiSiGeSiGeGeSiSiGeSiGeGeGeSiGeGeGeSiSiGeGeGeGeSiGeGeSiSiGeGeGeGeSiSiGeGe
   -14142.7958984375 SiGeSiGeSiGeSiSiSiSiGeGeSiSiGeGeGeGeGeGeGeGeSiGeSiSiGeSiGeGeSiSiGeSiGeGeGeSiGeGeGeSiSiGeGeGeGeSiGeGeSiSiGeGeGeGeSiSiGeGe
   -14142.7958984375 SiGeSiGeSiGeSiSiSiSiGeGeSiSiGeGeGeGeGeGeGeGeSiGeSiSiGeSiGeGeSiSiGeSiGeGeGeSiGeGeGeSiSiGeGeGeGeSiGeGeSiSiGeGeGeGeSiSiGeGe
   -14142.7958984375 SiGeSiGeSiGeSiSiSiSiGeGeSiSiGeGeGeGeGeGeGeGeSiGeSiSiGeSiGeGeSiSiGeSiGeGeGeSiGeGeGeSiSiGeGeGeGeSiGeGeSiSiGeGeGeGeSiSiGeGe
   -14142.7958984375 SiGeSiGeSiGeSiSiSiSiGeGeSiSiGeGeGeGeGeGeGeGeSiGeSiSiGeSiGeGeSiSiGeSiGeGeGeSiGeGeGeSiSiGeGeGeGeSiGeGeSiSiGeGeGeGeSiSiGeGe
   -14142.7958984375 SiGeSiGeSiGeSiSiSiSiGeGeSiSiGeGeGeGeGeGeGeGeSiGeSiSiGeSiGeGeSiSiGeSiGeGeGeSiGeGeGeSiSiGeGeGeGeSiGeGeSiSiGeGeGeGeSiSiGeGe
   -14142.7958984375 SiGeSiGeSiGeSiSiSiSiGeGeSiSiGeGeGeGeGeGeGeGeSiGeSiSiGeSiGeGeSiSiGeSiGeGeGeSiGeGeGeSiSiGeGeGeGeSiGeGeSiSiGeGeGeGeSiSiGeGe
   -14142.7958984375 SiGeSiGeSiGeSiSiSiSiGeGeSiSiGeGeGeGeGeGeGeGeSiGeSiSiGeSiGeGeSiSiGeSiGeGeGeSiGeGeGeSiSiGeGeGeGeSiGeGeSiSiGeGeGeGeSiSiGeGe
   -14142.7958984375 SiGeSiGeSiGeSiSiSiSiGeGeSiSiGeGeGeGeGeGeGeGeSiGeSiSiGeSiGeGeSiSiGeSiGeGeGeSiGeGeGeSiSiGeGeGeGeSiGeGeSiSiGeGeGeGeSiSiGeGe
   -14142.7958984375 SiGeSiGeSiGeSiSiSiSiGeGeSiSiGeGeGeGeGeGeGeGeSiGeSiSiGeSiGeGeSiSiGeSiGeGeGeSiGeGeGeSiSiGeGeGeGeSiGeGeSiSiGeGeGeGeSiSiGeGe
   -14142.7958984375 SiGeSiGeSiGeSiSiSiSiGeGeSiSiGeGeGeGeGeGeGeGeSiGeSiSiGeSiGeGeSiSiGeSiGeGeGeSiGeGeGeSiSiGeGeGeGeSiGeGeSiSiGeGeGeGeSiSiGeGe
   -14142.7958984375 SiGeSiGeSiGeSiSiSiSiGeGeSiSiGeGeGeGeGeGeGeGeSiGeSiSiGeSiGeGeSiSiGeSiGeGeGeSiGeGeGeSiSiGeGeGeGeSiGeGeSiSiGeGeGeGeSiSiGeGe
   -14142.7958984375 SiGeSiGeSiGeSiSiSiSiGeGeSiSiGeGeGeGeGeGeGeGeSiGeSiSiGeSiGeGeSiSiGeSiGeGeGeSiGeGeGeSiSiGeGeGeGeSiGeGeSiSiGeGeGeGeSiSiGeGe
   -14142.7958984375 SiGeSiGeSiGeSiSiSiSiGeGeSiSiGeGeGeGeGeGeGeGeSiGeSiSiGeSiGeGeSiSiGeSiGeGeGeSiGeGeGeSiSiGeGeGeGeSiGeGeSiSiGeGeGeGeSiSiGeGe
   -14142.7958984375 SiGeSiGeSiGeSiSiSiSiGeGeSiSiGeGeGeGeGeGeGeGeSiGeSiSiGeSiGeGeSiSiGeSiGeGeGeSiGeGeGeSiSiGeGeGeGeSiGeGeSiSiGeGeGeGeSiSiGeGe
   -14142.7958984375 SiGeSiGeSiGeSiSiSiSiGeGeSiSiGeGeGeGeGeGeGeGeSiGeSiSiGeSiGeGeSiSiGeSiGeGeGeSiGeGeGeSiSiGeGeGeGeSiGeGeSiSiGeGeGeGeSiSiGeGe
   -14142.7958984375 SiGeSiGeSiGeSiSiSiSiGeGeSiSiGeGeGeGeGeGeGeGeSiGeSiSiGeSiGeGeSiSiGeSiGeGeGeSiGeGeGeSiSiGeGeGeGeSiGeGeSiSiGeGeGeGeSiSiGeGe
   -14142.7958984375 SiGeSiGeSiGeSiSiSiSiGeGeSiSiGeGeGeGeGeGeGeGeSiGeSiSiGeSiGeGeSiSiGeSiGeGeGeSiGeGeGeSiSiGeGeGeGeSiGeGeSiSiGeGeGeGeSiSiGeGe
   -14142.7958984375 SiGeSiGeSiGeSiSiSiSiGeGeSiSiGeGeGeGeGeGeGeGeSiGeSiSiGeSiGeGeSiSiGeSiGeGeGeSiGeGeGeSiSiGeGeGeGeSiGeGeSiSiGeGeGeGeSiSiGeGe
   -14142.7958984375 SiGeSiGeSiGeSiSiSiSiGeGeSiSiGeGeGeGeGeGeGeGeSiGeSiSiGeSiGeGeSiSiGeSiGeGeGeSiGeGeGeSiSiGeGeGeGeSiGeGeSiSiGeGeGeGeSiSiGeGe
   -14142.7958984375 SiGeSiGeSiGeSiSiSiSiGeGeSiSiGeGeGeGeGeGeGeGeSiGeSiSiGeSiGeGeSiSiGeSiGeGeGeSiGeGeGeSiSiGeGeGeGeSiGeGeSiSiGeGeGeGeSiSiGeGe
   -14142.7958984375 SiGeSiGeSiGeSiSiSiSiGeGeSiSiGeGeGeGeGeGeGeGeSiGeSiSiGeSiGeGeSiSiGeSiGeGeGeSiGeGeGeSiSiGeGeGeGeSiGeGeSiSiGeGeGeGeSiSiGeGe
   -14142.7958984375 SiGeSiGeSiGeSiSiSiSiGeGeSiSiGeGeGeGeGeGeGeGeSiGeSiSiGeSiGeGeSiSiGeSiGeGeGeSiGeGeGeSiSiGeGeGeGeSiGeGeSiSiGeGeGeGeSiSiGeGe
   -14142.7958984375 SiGeSiGeSiGeSiSiSiSiGeGeSiSiGeGeGeGeGeGeGeGeSiGeSiSiGeSiGeGeSiSiGeSiGeGeGeSiGeGeGeSiSiGeGeGeGeSiGeGeSiSiGeGeGeGeSiSiGeGe
   -14142.7958984375 SiGeSiGeSiGeSiSiSiSiGeGeSiSiGeGeGeGeGeGeGeGeSiGeSiSiGeSiGeGeSiSiGeSiGeGeGeSiGeGeGeSiSiGeGeGeGeSiGeGeSiSiGeGeGeGeSiSiGeGe
   -14142.7958984375 SiGeSiGeSiGeSiSiSiSiGeGeSiSiGeGeGeGeGeGeGeGeSiGeSiSiGeSiGeGeSiSiGeSiGeGeGeSiGeGeGeSiSiGeGeGeGeSiGeGeSiSiGeGeGeGeSiSiGeGe
   -14142.7958984375 SiGeSiGeSiGeSiSiSiSiGeGeSiSiGeGeGeGeGeGeGeGeSiGeSiSiGeSiGeGeSiSiGeSiGeGeGeSiGeGeGeSiSiGeGeGeGeSiGeGeSiSiGeGeGeGeSiSiGeGe
   -14142.7958984375 SiGeSiGeSiGeSiSiSiSiGeGeSiSiGeGeGeGeGeGeGeGeSiGeSiSiGeSiGeGeSiSiGeSiGeGeGeSiGeGeGeSiSiGeGeGeGeSiGeGeSiSiGeGeGeGeSiSiGeGe
   -14142.7958984375 SiGeSiGeSiGeSiSiSiSiGeGeSiSiGeGeGeGeGeGeGeGeSiGeSiSiGeSiGeGeSiSiGeSiGeGeGeSiGeGeGeSiSiGeGeGeGeSiGeGeSiSiGeGeGeGeSiSiGeGe
   -14142.7958984375 SiGeSiGeSiGeSiSiSiSiGeGeSiSiGeGeGeGeGeGeGeGeSiGeSiSiGeSiGeGeSiSiGeSiGeGeGeSiGeGeGeSiSiGeGeGeGeSiGeGeSiSiGeGeGeGeSiSiGeGe
   -14142.7958984375 SiGeSiGeSiGeSiSiSiSiGeGeSiSiGeGeGeGeGeGeGeGeSiGeSiSiGeSiGeGeSiSiGeSiGeGeGeSiGeGeGeSiSiGeGeGeGeSiGeGeSiSiGeGeGeGeSiSiGeGe
   -14142.7958984375 SiGeSiGeSiGeSiSiSiSiGeGeSiSiGeGeGeGeGeGeGeGeSiGeSiSiGeSiGeGeSiSiGeSiGeGeGeSiGeGeGeSiSiGeGeGeGeSiGeGeSiSiGeGeGeGeSiSiGeGe
   -14142.7958984375 SiGeSiGeSiGeSiSiSiSiGeGeSiSiGeGeGeGeGeGeGeGeSiGeSiSiGeSiGeGeSiSiGeSiGeGeGeSiGeGeGeSiSiGeGeGeGeSiGeGeSiSiGeGeGeGeSiSiGeGe
   -14142.7958984375 SiGeSiGeSiGeSiSiSiSiGeGeSiSiGeGeGeGeGeGeGeGeSiGeSiSiGeSiGeGeSiSiGeSiGeGeGeSiGeGeGeSiSiGeGeGeGeSiGeGeSiSiGeGeGeGeSiSiGeGe
   -14142.7958984375 SiGeSiGeSiGeSiSiSiSiGeGeSiSiGeGeGeGeGeGeGeGeSiGeSiSiGeSiGeGeSiSiGeSiGeGeGeSiGeGeGeSiSiGeGeGeGeSiGeGeSiSiGeGeGeGeSiSiGeGe
   -14142.7958984375 SiGeSiGeSiGeSiSiSiSiGeGeSiSiGeGeGeGeGeGeGeGeSiGeSiSiGeSiGeGeSiSiGeSiGeGeGeSiGeGeGeSiSiGeGeGeGeSiGeGeSiSiGeGeGeGeSiSiGeGe
   -14142.7958984375 SiGeSiGeSiGeSiSiSiSiGeGeSiSiGeGeGeGeGeGeGeGeSiGeSiSiGeSiGeGeSiSiGeSiGeGeGeSiGeGeGeSiSiGeGeGeGeSiGeGeSiSiGeGeGeGeSiSiGeGe
   -14142.7958984375 SiGeSiGeSiGeSiSiSiSiGeGeSiSiGeGeGeGeGeGeGeGeSiGeSiSiGeSiGeGeSiSiGeSiGeGeGeSiGeGeGeSiSiGeGeGeGeSiGeGeSiSiGeGeGeGeSiSiGeGe
   -14142.7958984375 SiGeSiGeSiGeSiSiSiSiGeGeSiSiGeGeGeGeGeGeGeGeSiGeSiSiGeSiGeGeSiSiGeSiGeGeGeSiGeGeGeSiSiGeGeGeGeSiGeGeSiSiGeGeGeGeSiSiGeGe
   -14142.7958984375 SiGeSiGeSiGeSiSiSiSiGeGeSiSiGeGeGeGeGeGeGeGeSiGeSiSiGeSiGeGeSiSiGeSiGeGeGeSiGeGeGeSiSiGeGeGeGeSiGeGeSiSiGeGeGeGeSiSiGeGe
   -14142.7958984375 SiGeSiGeSiGeSiSiSiSiGeGeSiSiGeGeGeGeGeGeGeGeSiGeSiSiGeSiGeGeSiSiGeSiGeGeGeSiGeGeGeSiSiGeGeGeGeSiGeGeSiSiGeGeGeGeSiSiGeGe
   -14142.7958984375 SiGeSiGeSiGeSiSiSiSiGeGeSiSiGeGeGeGeGeGeGeGeSiGeSiSiGeSiGeGeSiSiGeSiGeGeGeSiGeGeGeSiSiGeGeGeGeSiGeGeSiSiGeGeGeGeSiSiGeGe
   -14142.7958984375 SiGeSiGeSiGeSiSiSiSiGeGeSiSiGeGeGeGeGeGeGeGeSiGeSiSiGeSiGeGeSiSiGeSiGeGeGeSiGeGeGeSiSiGeGeGeGeSiGeGeSiSiGeGeGeGeSiSiGeGe
   -14142.7958984375 SiGeSiGeSiGeSiSiSiSiGeGeSiSiGeGeGeGeGeGeGeGeSiGeSiSiGeSiGeGeSiSiGeSiGeGeGeSiGeGeGeSiSiGeGeGeGeSiGeGeSiSiGeGeGeGeSiSiGeGe
   -14142.7958984375 SiGeSiGeSiGeSiSiSiSiGeGeSiSiGeGeGeGeGeGeGeGeSiGeSiSiGeSiGeGeSiSiGeSiGeGeGeSiGeGeGeSiSiGeGeGeGeSiGeGeSiSiGeGeGeGeSiSiGeGe
   -14142.7958984375 SiGeSiGeSiGeSiSiSiSiGeGeSiSiGeGeGeGeGeGeGeGeSiGeSiSiGeSiGeGeSiSiGeSiGeGeGeSiGeGeGeSiSiGeGeGeGeSiGeGeSiSiGeGeGeGeSiSiGeGe
   -14142.7958984375 SiGeSiGeSiGeSiSiSiSiGeGeSiSiGeGeGeGeGeGeGeGeSiGeSiSiGeSiGeGeSiSiGeSiGeGeGeSiGeGeGeSiSiGeGeGeGeSiGeGeSiSiGeGeGeGeSiSiGeGe
   -14142.7958984375 SiGeSiGeSiGeSiSiSiSiGeGeSiSiGeGeGeGeGeGeGeGeSiGeSiSiGeSiGeGeSiSiGeSiGeGeGeSiGeGeGeSiSiGeGeGeGeSiGeGeSiSiGeGeGeGeSiSiGeGe
   -14142.7958984375 SiGeSiGeSiGeSiSiSiSiGeGeSiSiGeGeGeGeGeGeGeGeSiGeSiSiGeSiGeGeSiSiGeSiGeGeGeSiGeGeGeSiSiGeGeGeGeSiGeGeSiSiGeGeGeGeSiSiGeGe
   -14142.7958984375 SiGeSiGeSiGeSiSiSiSiGeGeSiSiGeGeGeGeGeGeGeGeSiGeSiSiGeSiGeGeSiSiGeSiGeGeGeSiGeGeGeSiSiGeGeGeGeSiGeGeSiSiGeGeGeGeSiSiGeGe
   -14142.7958984375 SiGeSiGeSiGeSiSiSiSiGeGeSiSiGeGeGeGeGeGeGeGeSiGeSiSiGeSiGeGeSiSiGeSiGeGeGeSiGeGeGeSiSiGeGeGeGeSiGeGeSiSiGeGeGeGeSiSiGeGe
   -14142.7958984375 SiGeSiGeSiGeSiSiSiSiGeGeSiSiGeGeGeGeGeGeGeGeSiGeSiSiGeSiGeGeSiSiGeSiGeGeGeSiGeGeGeSiSiGeGeGeGeSiGeGeSiSiGeGeGeGeSiSiGeGe
   -14142.7958984375 SiGeSiGeSiGeSiSiSiSiGeGeSiSiGeGeGeGeGeGeGeGeSiGeSiSiGeSiGeGeSiSiGeSiGeGeGeSiGeGeGeSiSiGeGeGeGeSiGeGeSiSiGeGeGeGeSiSiGeGe
   -14142.7958984375 SiGeSiGeSiGeSiSiSiSiGeGeSiSiGeGeGeGeGeGeGeGeSiGeSiSiGeSiGeGeSiSiGeSiGeGeGeSiGeGeGeSiSiGeGeGeGeSiGeGeSiSiGeGeGeGeSiSiGeGe
   -14142.7958984375 SiGeSiGeSiGeSiSiSiSiGeGeSiSiGeGeGeGeGeGeGeGeSiGeSiSiGeSiGeGeSiSiGeSiGeGeGeSiGeGeGeSiSiGeGeGeGeSiGeGeSiSiGeGeGeGeSiSiGeGe
   -14142.7958984375 SiGeSiGeSiGeSiSiSiSiGeGeSiSiGeGeGeGeGeGeGeGeSiGeSiSiGeSiGeGeSiSiGeSiGeGeGeSiGeGeGeSiSiGeGeGeGeSiGeGeSiSiGeGeGeGeSiSiGeGe
   -14142.7958984375 SiGeSiGeSiGeSiSiSiSiGeGeSiSiGeGeGeGeGeGeGeGeSiGeSiSiGeSiGeGeSiSiGeSiGeGeGeSiGeGeGeSiSiGeGeGeGeSiGeGeSiSiGeGeGeGeSiSiGeGe
   -14142.7958984375 SiGeSiGeSiGeSiSiSiSiGeGeSiSiGeGeGeGeGeGeGeGeSiGeSiSiGeSiGeGeSiSiGeSiGeGeGeSiGeGeGeSiSiGeGeGeGeSiGeGeSiSiGeGeGeGeSiSiGeGe
   -14142.7958984375 SiGeSiGeSiGeSiSiSiSiGeGeSiSiGeGeGeGeGeGeGeGeSiGeSiSiGeSiGeGeSiSiGeSiGeGeGeSiGeGeGeSiSiGeGeGeGeSiGeGeSiSiGeGeGeGeSiSiGeGe
   -14142.7958984375 SiGeSiGeSiGeSiSiSiSiGeGeSiSiGeGeGeGeGeGeGeGeSiGeSiSiGeSiGeGeSiSiGeSiGeGeGeSiGeGeGeSiSiGeGeGeGeSiGeGeSiSiGeGeGeGeSiSiGeGe
   -14142.7958984375 SiGeSiGeSiGeSiSiSiSiGeGeSiSiGeGeGeGeGeGeGeGeSiGeSiSiGeSiGeGeSiSiGeSiGeGeGeSiGeGeGeSiSiGeGeGeGeSiGeGeSiSiGeGeGeGeSiSiGeGe
   -14142.7958984375 SiGeSiGeSiGeSiSiSiSiGeGeSiSiGeGeGeGeGeGeGeGeSiGeSiSiGeSiGeGeSiSiGeSiGeGeGeSiGeGeGeSiSiGeGeGeGeSiGeGeSiSiGeGeGeGeSiSiGeGe
   -14142.7958984375 SiGeSiGeSiGeSiSiSiSiGeGeSiSiGeGeGeGeGeGeGeGeSiGeSiSiGeSiGeGeSiSiGeSiGeGeGeSiGeGeGeSiSiGeGeGeGeSiGeGeSiSiGeGeGeGeSiSiGeGe
   -14142.7958984375 SiGeSiGeSiGeSiSiSiSiGeGeSiSiGeGeGeGeGeGeGeGeSiGeSiSiGeSiGeGeSiSiGeSiGeGeGeSiGeGeGeSiSiGeGeGeGeSiGeGeSiSiGeGeGeGeSiSiGeGe
   -14142.7958984375 SiGeSiGeSiGeSiSiSiSiGeGeSiSiGeGeGeGeGeGeGeGeSiGeSiSiGeSiGeGeSiSiGeSiGeGeGeSiGeGeGeSiSiGeGeGeGeSiGeGeSiSiGeGeGeGeSiSiGeGe
   -14142.7958984375 SiGeSiGeSiGeSiSiSiSiGeGeSiSiGeGeGeGeGeGeGeGeSiGeSiSiGeSiGeGeSiSiGeSiGeGeGeSiGeGeGeSiSiGeGeGeGeSiGeGeSiSiGeGeGeGeSiSiGeGe
   -14142.7958984375 SiGeSiGeSiGeSiSiSiSiGeGeSiSiGeGeGeGeGeGeGeGeSiGeSiSiGeSiGeGeSiSiGeSiGeGeGeSiGeGeGeSiSiGeGeGeGeSiGeGeSiSiGeGeGeGeSiSiGeGe
   -14142.7958984375 SiGeSiGeSiGeSiSiSiSiGeGeSiSiGeGeGeGeGeGeGeGeSiGeSiSiGeSiGeGeSiSiGeSiGeGeGeSiGeGeGeSiSiGeGeGeGeSiGeGeSiSiGeGeGeGeSiSiGeGe
   -14142.7958984375 SiGeSiGeSiGeSiSiSiSiGeGeSiSiGeGeGeGeGeGeGeGeSiGeSiSiGeSiGeGeSiSiGeSiGeGeGeSiGeGeGeSiSiGeGeGeGeSiGeGeSiSiGeGeGeGeSiSiGeGe
   -14142.7958984375 SiGeSiGeSiGeSiSiSiSiGeGeSiSiGeGeGeGeGeGeGeGeSiGeSiSiGeSiGeGeSiSiGeSiGeGeGeSiGeGeGeSiSiGeGeGeGeSiGeGeSiSiGeGeGeGeSiSiGeGe
   -14142.7958984375 SiGeSiGeSiGeSiSiSiSiGeGeSiSiGeGeGeGeGeGeGeGeSiGeSiSiGeSiGeGeSiSiGeSiGeGeGeSiGeGeGeSiSiGeGeGeGeSiGeGeSiSiGeGeGeGeSiSiGeGe
   -14142.7958984375 SiGeSiGeSiGeSiSiSiSiGeGeSiSiGeGeGeGeGeGeGeGeSiGeSiSiGeSiGeGeSiSiGeSiGeGeGeSiGeGeGeSiSiGeGeGeGeSiGeGeSiSiGeGeGeGeSiSiGeGe
   -14142.7958984375 SiGeSiGeSiGeSiSiSiSiGeGeSiSiGeGeGeGeGeGeGeGeSiGeSiSiGeSiGeGeSiSiGeSiGeGeGeSiGeGeGeSiSiGeGeGeGeSiGeGeSiSiGeGeGeGeSiSiGeGe
   -14142.7958984375 SiGeSiGeSiGeSiSiSiSiGeGeSiSiGeGeGeGeGeGeGeGeSiGeSiSiGeSiGeGeSiSiGeSiGeGeGeSiGeGeGeSiSiGeGeGeGeSiGeGeSiSiGeGeGeGeSiSiGeGe
   -14142.7958984375 SiGeSiGeSiGeSiSiSiSiGeGeSiSiGeGeGeGeGeGeGeGeSiGeSiSiGeSiGeGeSiSiGeSiGeGeGeSiGeGeGeSiSiGeGeGeGeSiGeGeSiSiGeGeGeGeSiSiGeGe
   -14142.7958984375 SiGeSiGeSiGeSiSiSiSiGeGeSiSiGeGeGeGeGeGeGeGeSiGeSiSiGeSiGeGeSiSiGeSiGeGeGeSiGeGeGeSiSiGeGeGeGeSiGeGeSiSiGeGeGeGeSiSiGeGe
   -14142.7958984375 SiGeSiGeSiGeSiSiSiSiGeGeSiSiGeGeGeGeGeGeGeGeSiGeSiSiGeSiGeGeSiSiGeSiGeGeGeSiGeGeGeSiSiGeGeGeGeSiGeGeSiSiGeGeGeGeSiSiGeGe
   -14142.7958984375 SiGeSiGeSiGeSiSiSiSiGeGeSiSiGeGeGeGeGeGeGeGeSiGeSiSiGeSiGeGeSiSiGeSiGeGeGeSiGeGeGeSiSiGeGeGeGeSiGeGeSiSiGeGeGeGeSiSiGeGe
   -14142.7958984375 SiGeSiGeSiGeSiSiSiSiGeGeSiSiGeGeGeGeGeGeGeGeSiGeSiSiGeSiGeGeSiSiGeSiGeGeGeSiGeGeGeSiSiGeGeGeGeSiGeGeSiSiGeGeGeGeSiSiGeGe
   -14142.7958984375 SiGeSiGeSiGeSiSiSiSiGeGeSiSiGeGeGeGeGeGeGeGeSiGeSiSiGeSiGeGeSiSiGeSiGeGeGeSiGeGeGeSiSiGeGeGeGeSiGeGeSiSiGeGeGeGeSiSiGeGe
   -14142.7958984375 SiGeSiGeSiGeSiSiSiSiGeGeSiSiGeGeGeGeGeGeGeGeSiGeSiSiGeSiGeGeSiSiGeSiGeGeGeSiGeGeGeSiSiGeGeGeGeSiGeGeSiSiGeGeGeGeSiSiGeGe
   -14142.7958984375 SiGeSiGeSiGeSiSiSiSiGeGeSiSiGeGeGeGeGeGeGeGeSiGeSiSiGeSiGeGeSiSiGeSiGeGeGeSiGeGeGeSiSiGeGeGeGeSiGeGeSiSiGeGeGeGeSiSiGeGe
   -14142.7958984375 SiGeSiGeSiGeSiSiSiSiGeGeSiSiGeGeGeGeGeGeGeGeSiGeSiSiGeSiGeGeSiSiGeSiGeGeGeSiGeGeGeSiSiGeGeGeGeSiGeGeSiSiGeGeGeGeSiSiGeGe
   -14142.7958984375 SiGeSiGeSiGeSiSiSiSiGeGeSiSiGeGeGeGeGeGeGeGeSiGeSiSiGeSiGeGeSiSiGeSiGeGeGeSiGeGeGeSiSiGeGeGeGeSiGeGeSiSiGeGeGeGeSiSiGeGe
   -14142.7958984375 SiGeSiGeSiGeSiSiSiSiGeGeSiSiGeGeGeGeGeGeGeGeSiGeSiSiGeSiGeGeSiSiGeSiGeGeGeSiGeGeGeSiSiGeGeGeGeSiGeGeSiSiGeGeGeGeSiSiGeGe
   -14142.7958984375 SiGeSiGeSiGeSiSiSiSiGeGeSiSiGeGeGeGeGeGeGeGeSiGeSiSiGeSiGeGeSiSiGeSiGeGeGeSiGeGeGeSiSiGeGeGeGeSiGeGeSiSiGeGeGeGeSiSiGeGe
   -14142.7958984375 SiGeSiGeSiGeSiSiSiSiGeGeSiSiGeGeGeGeGeGeGeGeSiGeSiSiGeSiGeGeSiSiGeSiGeGeGeSiGeGeGeSiSiGeGeGeGeSiGeGeSiSiGeGeGeGeSiSiGeGe
   -14142.7958984375 SiGeSiGeSiGeSiSiSiSiGeGeSiSiGeGeGeGeGeGeGeGeSiGeSiSiGeSiGeGeSiSiGeSiGeGeGeSiGeGeGeSiSiGeGeGeGeSiGeGeSiSiGeGeGeGeSiSiGeGe
   -14142.7958984375 SiGeSiGeSiGeSiSiSiSiGeGeSiSiGeGeGeGeGeGeGeGeSiGeSiSiGeSiGeGeSiSiGeSiGeGeGeSiGeGeGeSiSiGeGeGeGeSiGeGeSiSiGeGeGeGeSiSiGeGe
   -14142.7958984375 SiGeSiGeSiGeSiSiSiSiGeGeSiSiGeGeGeGeGeGeGeGeSiGeSiSiGeSiGeGeSiSiGeSiGeGeGeSiGeGeGeSiSiGeGeGeGeSiGeGeSiSiGeGeGeGeSiSiGeGe
   -14142.7958984375 SiGeSiGeSiGeSiSiSiSiGeGeSiSiGeGeGeGeGeGeGeGeSiGeSiSiGeSiGeGeSiSiGeSiGeGeGeSiGeGeGeSiSiGeGeGeGeSiGeGeSiSiGeGeGeGeSiSiGeGe
   -14142.7958984375 SiGeSiGeSiGeSiSiSiSiGeGeSiSiGeGeGeGeGeGeGeGeSiGeSiSiGeSiGeGeSiSiGeSiGeGeGeSiGeGeGeSiSiGeGeGeGeSiGeGeSiSiGeGeGeGeSiSiGeGe
   -14142.7958984375 SiGeSiGeSiGeSiSiSiSiGeGeSiSiGeGeGeGeGeGeGeGeSiGeSiSiGeSiGeGeSiSiGeSiGeGeGeSiGeGeGeSiSiGeGeGeGeSiGeGeSiSiGeGeGeGeSiSiGeGe
   -14142.7958984375 SiGeSiGeSiGeSiSiSiSiGeGeSiSiGeGeGeGeGeGeGeGeSiGeSiSiGeSiGeGeSiSiGeSiGeGeGeSiGeGeGeSiSiGeGeGeGeSiGeGeSiSiGeGeGeGeSiSiGeGe
   -14142.7958984375 SiGeSiGeSiGeSiSiSiSiGeGeSiSiGeGeGeGeGeGeGeGeSiGeSiSiGeSiGeGeSiSiGeSiGeGeGeSiGeGeGeSiSiGeGeGeGeSiGeGeSiSiGeGeGeGeSiSiGeGe
   -14142.7958984375 SiGeSiGeSiGeSiSiSiSiGeGeSiSiGeGeGeGeGeGeGeGeSiGeSiSiGeSiGeGeSiSiGeSiGeGeGeSiGeGeGeSiSiGeGeGeGeSiGeGeSiSiGeGeGeGeSiSiGeGe
   -14142.7958984375 SiGeSiGeSiGeSiSiSiSiGeGeSiSiGeGeGeGeGeGeGeGeSiGeSiSiGeSiGeGeSiSiGeSiGeGeGeSiGeGeGeSiSiGeGeGeGeSiGeGeSiSiGeGeGeGeSiSiGeGe
   -14142.7958984375 SiGeSiGeSiGeSiSiSiSiGeGeSiSiGeGeGeGeGeGeGeGeSiGeSiSiGeSiGeGeSiSiGeSiGeGeGeSiGeGeGeSiSiGeGeGeGeSiGeGeSiSiGeGeGeGeSiSiGeGe
   -14142.7958984375 SiGeSiGeSiGeSiSiSiSiGeGeSiSiGeGeGeGeGeGeGeGeSiGeSiSiGeSiGeGeSiSiGeSiGeGeGeSiGeGeGeSiSiGeGeGeGeSiGeGeSiSiGeGeGeGeSiSiGeGe
   -14142.7958984375 SiGeSiGeSiGeSiSiSiSiGeGeSiSiGeGeGeGeGeGeGeGeSiGeSiSiGeSiGeGeSiSiGeSiGeGeGeSiGeGeGeSiSiGeGeGeGeSiGeGeSiSiGeGeGeGeSiSiGeGe
   -14142.7958984375 SiGeSiGeSiGeSiSiSiSiGeGeSiSiGeGeGeGeGeGeGeGeSiGeSiSiGeSiGeGeSiSiGeSiGeGeGeSiGeGeGeSiSiGeGeGeGeSiGeGeSiSiGeGeGeGeSiSiGeGe
   -14142.7958984375 SiGeSiGeSiGeSiSiSiSiGeGeSiSiGeGeGeGeGeGeGeGeSiGeSiSiGeSiGeGeSiSiGeSiGeGeGeSiGeGeGeSiSiGeGeGeGeSiGeGeSiSiGeGeGeGeSiSiGeGe
   -14142.7958984375 SiGeSiGeSiGeSiSiSiSiGeGeSiSiGeGeGeGeGeGeGeGeSiGeSiSiGeSiGeGeSiSiGeSiGeGeGeSiGeGeGeSiSiGeGeGeGeSiGeGeSiSiGeGeGeGeSiSiGeGe
   -14142.7958984375 SiGeSiGeSiGeSiSiSiSiGeGeSiSiGeGeGeGeGeGeGeGeSiGeSiSiGeSiGeGeSiSiGeSiGeGeGeSiGeGeGeSiSiGeGeGeGeSiGeGeSiSiGeGeGeGeSiSiGeGe
   -14142.7958984375 SiGeSiGeSiGeSiSiSiSiGeGeSiSiGeGeGeGeGeGeGeGeSiGeSiSiGeSiGeGeSiSiGeSiGeGeGeSiGeGeGeSiSiGeGeGeGeSiGeGeSiSiGeGeGeGeSiSiGeGe
   -14142.7958984375 SiGeSiGeSiGeSiSiSiSiGeGeSiSiGeGeGeGeGeGeGeGeSiGeSiSiGeSiGeGeSiSiGeSiGeGeGeSiGeGeGeSiSiGeGeGeGeSiGeGeSiSiGeGeGeGeSiSiGeGe
   -14142.7958984375 SiGeSiGeSiGeSiSiSiSiGeGeSiSiGeGeGeGeGeGeGeGeSiGeSiSiGeSiGeGeSiSiGeSiGeGeGeSiGeGeGeSiSiGeGeGeGeSiGeGeSiSiGeGeGeGeSiSiGeGe
   -14142.7958984375 SiGeSiGeSiGeSiSiSiSiGeGeSiSiGeGeGeGeGeGeGeGeSiGeSiSiGeSiGeGeSiSiGeSiGeGeGeSiGeGeGeSiSiGeGeGeGeSiGeGeSiSiGeGeGeGeSiSiGeGe
   -14142.7958984375 SiGeSiGeSiGeSiSiSiSiGeGeSiSiGeGeGeGeGeGeGeGeSiGeSiSiGeSiGeGeSiSiGeSiGeGeGeSiGeGeGeSiSiGeGeGeGeSiGeGeSiSiGeGeGeGeSiSiGeGe
   -14142.7958984375 SiGeSiGeSiGeSiSiSiSiGeGeSiSiGeGeGeGeGeGeGeGeSiGeSiSiGeSiGeGeSiSiGeSiGeGeGeSiGeGeGeSiSiGeGeGeGeSiGeGeSiSiGeGeGeGeSiSiGeGe
   -14142.7958984375 SiGeSiGeSiGeSiSiSiSiGeGeSiSiGeGeGeGeGeGeGeGeSiGeSiSiGeSiGeGeSiSiGeSiGeGeGeSiGeGeGeSiSiGeGeGeGeSiGeGeSiSiGeGeGeGeSiSiGeGe
   -14142.7958984375 SiGeSiGeSiGeSiSiSiSiGeGeSiSiGeGeGeGeGeGeGeGeSiGeSiSiGeSiGeGeSiSiGeSiGeGeGeSiGeGeGeSiSiGeGeGeGeSiGeGeSiSiGeGeGeGeSiSiGeGe
   -14142.7958984375 SiGeSiGeSiGeSiSiSiSiGeGeSiSiGeGeGeGeGeGeGeGeSiGeSiSiGeSiGeGeSiSiGeSiGeGeGeSiGeGeGeSiSiGeGeGeGeSiGeGeSiSiGeGeGeGeSiSiGeGe
   -14142.7958984375 SiGeSiGeSiGeSiSiSiSiGeGeSiSiGeGeGeGeGeGeGeGeSiGeSiSiGeSiGeGeSiSiGeSiGeGeGeSiGeGeGeSiSiGeGeGeGeSiGeGeSiSiGeGeGeGeSiSiGeGe
   -14142.7958984375 SiGeSiGeSiGeSiSiSiSiGeGeSiSiGeGeGeGeGeGeGeGeSiGeSiSiGeSiGeGeSiSiGeSiGeGeGeSiGeGeGeSiSiGeGeGeGeSiGeGeSiSiGeGeGeGeSiSiGeGe
   -14142.7958984375 SiGeSiGeSiGeSiSiSiSiGeGeSiSiGeGeGeGeGeGeGeGeSiGeSiSiGeSiGeGeSiSiGeSiGeGeGeSiGeGeGeSiSiGeGeGeGeSiGeGeSiSiGeGeGeGeSiSiGeGe
   -14142.7958984375 SiGeSiGeSiGeSiSiSiSiGeGeSiSiGeGeGeGeGeGeGeGeSiGeSiSiGeSiGeGeSiSiGeSiGeGeGeSiGeGeGeSiSiGeGeGeGeSiGeGeSiSiGeGeGeGeSiSiGeGe
   -14142.7958984375 SiGeSiGeSiGeSiSiSiSiGeGeSiSiGeGeGeGeGeGeGeGeSiGeSiSiGeSiGeGeSiSiGeSiGeGeGeSiGeGeGeSiSiGeGeGeGeSiGeGeSiSiGeGeGeGeSiSiGeGe
   -14142.7958984375 SiGeSiGeSiGeSiSiSiSiGeGeSiSiGeGeGeGeGeGeGeGeSiGeSiSiGeSiGeGeSiSiGeSiGeGeGeSiGeGeGeSiSiGeGeGeGeSiGeGeSiSiGeGeGeGeSiSiGeGe
   -14142.7958984375 SiGeSiGeSiGeSiSiSiSiGeGeSiSiGeGeGeGeGeGeGeGeSiGeSiSiGeSiGeGeSiSiGeSiGeGeGeSiGeGeGeSiSiGeGeGeGeSiGeGeSiSiGeGeGeGeSiSiGeGe
   -14142.7958984375 SiGeSiGeSiGeSiSiSiSiGeGeSiSiGeGeGeGeGeGeGeGeSiGeSiSiGeSiGeGeSiSiGeSiGeGeGeSiGeGeGeSiSiGeGeGeGeSiGeGeSiSiGeGeGeGeSiSiGeGe
   -14142.7958984375 SiGeSiGeSiGeSiSiSiSiGeGeSiSiGeGeGeGeGeGeGeGeSiGeSiSiGeSiGeGeSiSiGeSiGeGeGeSiGeGeGeSiSiGeGeGeGeSiGeGeSiSiGeGeGeGeSiSiGeGe
   -14142.7958984375 SiGeSiGeSiGeSiSiSiSiGeGeSiSiGeGeGeGeGeGeGeGeSiGeSiSiGeSiGeGeSiSiGeSiGeGeGeSiGeGeGeSiSiGeGeGeGeSiGeGeSiSiGeGeGeGeSiSiGeGe
   -14142.7958984375 SiGeSiGeSiGeSiSiSiSiGeGeSiSiGeGeGeGeGeGeGeGeSiGeSiSiGeSiGeGeSiSiGeSiGeGeGeSiGeGeGeSiSiGeGeGeGeSiGeGeSiSiGeGeGeGeSiSiGeGe
   -14142.7958984375 SiGeSiGeSiGeSiSiSiSiGeGeSiSiGeGeGeGeGeGeGeGeSiGeSiSiGeSiGeGeSiSiGeSiGeGeGeSiGeGeGeSiSiGeGeGeGeSiGeGeSiSiGeGeGeGeSiSiGeGe
   -14142.7958984375 SiGeSiGeSiGeSiSiSiSiGeGeSiSiGeGeGeGeGeGeGeGeSiGeSiSiGeSiGeGeSiSiGeSiGeGeGeSiGeGeGeSiSiGeGeGeGeSiGeGeSiSiGeGeGeGeSiSiGeGe
   -14142.7958984375 SiGeSiGeSiGeSiSiSiSiGeGeSiSiGeGeGeGeGeGeGeGeSiGeSiSiGeSiGeGeSiSiGeSiGeGeGeSiGeGeGeSiSiGeGeGeGeSiGeGeSiSiGeGeGeGeSiSiGeGe
   -14142.7958984375 SiGeSiGeSiGeSiSiSiSiGeGeSiSiGeGeGeGeGeGeGeGeSiGeSiSiGeSiGeGeSiSiGeSiGeGeGeSiGeGeGeSiSiGeGeGeGeSiGeGeSiSiGeGeGeGeSiSiGeGe
   -14142.7958984375 SiGeSiGeSiGeSiSiSiSiGeGeSiSiGeGeGeGeGeGeGeGeSiGeSiSiGeSiGeGeSiSiGeSiGeGeGeSiGeGeGeSiSiGeGeGeGeSiGeGeSiSiGeGeGeGeSiSiGeGe
   -14142.7958984375 SiGeSiGeSiGeSiSiSiSiGeGeSiSiGeGeGeGeGeGeGeGeSiGeSiSiGeSiGeGeSiSiGeSiGeGeGeSiGeGeGeSiSiGeGeGeGeSiGeGeSiSiGeGeGeGeSiSiGeGe
   -14142.7958984375 SiGeSiGeSiGeSiSiSiSiGeGeSiSiGeGeGeGeGeGeGeGeSiGeSiSiGeSiGeGeSiSiGeSiGeGeGeSiGeGeGeSiSiGeGeGeGeSiGeGeSiSiGeGeGeGeSiSiGeGe
   -14142.7958984375 SiGeSiGeSiGeSiSiSiSiGeGeSiSiGeGeGeGeGeGeGeGeSiGeSiSiGeSiGeGeSiSiGeSiGeGeGeSiGeGeGeSiSiGeGeGeGeSiGeGeSiSiGeGeGeGeSiSiGeGe
   -14142.7958984375 SiGeSiGeSiGeSiSiSiSiGeGeSiSiGeGeGeGeGeGeGeGeSiGeSiSiGeSiGeGeSiSiGeSiGeGeGeSiGeGeGeSiSiGeGeGeGeSiGeGeSiSiGeGeGeGeSiSiGeGe
   -14142.7958984375 SiGeSiGeSiGeSiSiSiSiGeGeSiSiGeGeGeGeGeGeGeGeSiGeSiSiGeSiGeGeSiSiGeSiGeGeGeSiGeGeGeSiSiGeGeGeGeSiGeGeSiSiGeGeGeGeSiSiGeGe
   -14142.7958984375 SiGeSiGeSiGeSiSiSiSiGeGeSiSiGeGeGeGeGeGeGeGeSiGeSiSiGeSiGeGeSiSiGeSiGeGeGeSiGeGeGeSiSiGeGeGeGeSiGeGeSiSiGeGeGeGeSiSiGeGe
   -14142.7958984375 SiGeSiGeSiGeSiSiSiSiGeGeSiSiGeGeGeGeGeGeGeGeSiGeSiSiGeSiGeGeSiSiGeSiGeGeGeSiGeGeGeSiSiGeGeGeGeSiGeGeSiSiGeGeGeGeSiSiGeGe
   -14142.7958984375 SiGeSiGeSiGeSiSiSiSiGeGeSiSiGeGeGeGeGeGeGeGeSiGeSiSiGeSiGeGeSiSiGeSiGeGeGeSiGeGeGeSiSiGeGeGeGeSiGeGeSiSiGeGeGeGeSiSiGeGe
   -14142.7958984375 SiGeSiGeSiGeSiSiSiSiGeGeSiSiGeGeGeGeGeGeGeGeSiGeSiSiGeSiGeGeSiSiGeSiGeGeGeSiGeGeGeSiSiGeGeGeGeSiGeGeSiSiGeGeGeGeSiSiGeGe
   -14142.7958984375 SiGeSiGeSiGeSiSiSiSiGeGeSiSiGeGeGeGeGeGeGeGeSiGeSiSiGeSiGeGeSiSiGeSiGeGeGeSiGeGeGeSiSiGeGeGeGeSiGeGeSiSiGeGeGeGeSiSiGeGe
   -14142.7958984375 SiGeSiGeSiGeSiSiSiSiGeGeSiSiGeGeGeGeGeGeGeGeSiGeSiSiGeSiGeGeSiSiGeSiGeGeGeSiGeGeGeSiSiGeGeGeGeSiGeGeSiSiGeGeGeGeSiSiGeGe
   -14142.7958984375 SiGeSiGeSiGeSiSiSiSiGeGeSiSiGeGeGeGeGeGeGeGeSiGeSiSiGeSiGeGeSiSiGeSiGeGeGeSiGeGeGeSiSiGeGeGeGeSiGeGeSiSiGeGeGeGeSiSiGeGe
   -14142.7958984375 SiGeSiGeSiGeSiSiSiSiGeGeSiSiGeGeGeGeGeGeGeGeSiGeSiSiGeSiGeGeSiSiGeSiGeGeGeSiGeGeGeSiSiGeGeGeGeSiGeGeSiSiGeGeGeGeSiSiGeGe
   -14142.7958984375 SiGeSiGeSiGeSiSiSiSiGeGeSiSiGeGeGeGeGeGeGeGeSiGeSiSiGeSiGeGeSiSiGeSiGeGeGeSiGeGeGeSiSiGeGeGeGeSiGeGeSiSiGeGeGeGeSiSiGeGe
   -14142.7958984375 SiGeSiGeSiGeSiSiSiSiGeGeSiSiGeGeGeGeGeGeGeGeSiGeSiSiGeSiGeGeSiSiGeSiGeGeGeSiGeGeGeSiSiGeGeGeGeSiGeGeSiSiGeGeGeGeSiSiGeGe
   -14142.7958984375 SiGeSiGeSiGeSiSiSiSiGeGeSiSiGeGeGeGeGeGeGeGeSiGeSiSiGeSiGeGeSiSiGeSiGeGeGeSiGeGeGeSiSiGeGeGeGeSiGeGeSiSiGeGeGeGeSiSiGeGe
   -14142.7958984375 SiGeSiGeSiGeSiSiSiSiGeGeSiSiGeGeGeGeGeGeGeGeSiGeSiSiGeSiGeGeSiSiGeSiGeGeGeSiGeGeGeSiSiGeGeGeGeSiGeGeSiSiGeGeGeGeSiSiGeGe
   -14142.7958984375 SiGeSiGeSiGeSiSiSiSiGeGeSiSiGeGeGeGeGeGeGeGeSiGeSiSiGeSiGeGeSiSiGeSiGeGeGeSiGeGeGeSiSiGeGeGeGeSiGeGeSiSiGeGeGeGeSiSiGeGe
   -14142.7958984375 SiGeSiGeSiGeSiSiSiSiGeGeSiSiGeGeGeGeGeGeGeGeSiGeSiSiGeSiGeGeSiSiGeSiGeGeGeSiGeGeGeSiSiGeGeGeGeSiGeGeSiSiGeGeGeGeSiSiGeGe
   -14142.7958984375 SiGeSiGeSiGeSiSiSiSiGeGeSiSiGeGeGeGeGeGeGeGeSiGeSiSiGeSiGeGeSiSiGeSiGeGeGeSiGeGeGeSiSiGeGeGeGeSiGeGeSiSiGeGeGeGeSiSiGeGe
   -14142.7958984375 SiGeSiGeSiGeSiSiSiSiGeGeSiSiGeGeGeGeGeGeGeGeSiGeSiSiGeSiGeGeSiSiGeSiGeGeGeSiGeGeGeSiSiGeGeGeGeSiGeGeSiSiGeGeGeGeSiSiGeGe
   -14142.7958984375 SiGeSiGeSiGeSiSiSiSiGeGeSiSiGeGeGeGeGeGeGeGeSiGeSiSiGeSiGeGeSiSiGeSiGeGeGeSiGeGeGeSiSiGeGeGeGeSiGeGeSiSiGeGeGeGeSiSiGeGe
   -14142.7958984375 SiGeSiGeSiGeSiSiSiSiGeGeSiSiGeGeGeGeGeGeGeGeSiGeSiSiGeSiGeGeSiSiGeSiGeGeGeSiGeGeGeSiSiGeGeGeGeSiGeGeSiSiGeGeGeGeSiSiGeGe
   -14142.7958984375 SiGeSiGeSiGeSiSiSiSiGeGeSiSiGeGeGeGeGeGeGeGeSiGeSiSiGeSiGeGeSiSiGeSiGeGeGeSiGeGeGeSiSiGeGeGeGeSiGeGeSiSiGeGeGeGeSiSiGeGe
   -14142.7958984375 SiGeSiGeSiGeSiSiSiSiGeGeSiSiGeGeGeGeGeGeGeGeSiGeSiSiGeSiGeGeSiSiGeSiGeGeGeSiGeGeGeSiSiGeGeGeGeSiGeGeSiSiGeGeGeGeSiSiGeGe
filename: c000001308244399.gin     
Cell:
    11.9020996    11.9020996    29.6919994    90.0000000    90.0000000   120.0000000
Box:
    11.9020996    -5.9510503     0.0000000
     0.0000000    10.3075209     0.0000000
     0.0000000     0.0000000    29.6919994
----------------------------------------
Inverse Box:
     0.0840188     0.0485083     0.0000000
     0.0000000     0.0970165     0.0000000
     0.0000000     0.0000000     0.0336791
----------------------------------------
==============================================
geometrical properties of  36 Ge:
 Configuration:           0
 D_ave:   9.14137268       3.52599168    
 D_min:   3.03890777       4.86716256E-02
 energia:  -14142.7959    
