Random Seed:   954599362
Number of atoms:    60
Space Group:    1
Cell:
    11.9020996    11.9020996    29.6919994    90.0000000    90.0000000   120.0000000
Box:
    11.9020996    -5.9510503     0.0000000
     0.0000000    10.3075209     0.0000000
     0.0000000     0.0000000    29.6919994
----------------------------------------
Inverse Box:
     0.0840188     0.0485083     0.0000000
     0.0000000     0.0970165     0.0000000
     0.0000000     0.0000000     0.0336791
----------------------------------------
GeSiSiSiSiSiSiSiSiSiSiSiSiSiSiSiSiSiSiSiSiSiSiSiSiSiSiSiSiSiSiSiSiSiSiSiSiSiSiSiSiSiSiSiSiSiSiSiSiSiGeSiSiSiSiSiSiSiSiSi
           1 Ge    -7732.98535    
GeGeSiSiSiSiSiSiSiSiSiSiSiSiSiSiSiSiSiSiSiSiSiSiSiSiSiSiSiSiSiSiSiSiSiSiSiSiSiSiSiSiSiSiSiSiSiSiSiSiGeSiSiSiSiSiSiSiSiSi
           2 Ge    -7726.97998    
GeGeGeSiSiSiSiSiSiSiSiSiSiSiSiSiSiSiSiSiSiSiSiSiSiSiSiSiSiSiSiSiSiSiSiSiSiSiSiSiSiSiSiSiSiSiSiSiSiSiGeSiSiSiSiSiSiSiSiSi
           3 Ge    -7727.14502    
GeGeGeGeSiSiSiSiSiSiSiSiSiSiSiSiSiSiSiSiSiSiSiSiSiSiSiSiSiSiSiSiSiSiSiSiSiSiSiSiSiSiSiSiSiSiSiSiSiSiGeSiSiSiSiSiSiSiSiSi
           4 Ge    -7764.36230    
GeGeGeGeGeSiSiSiSiSiSiSiSiSiSiSiSiSiSiSiSiSiSiSiSiSiSiSiSiSiSiSiSiSiSiSiSiSiSiSiSiSiSiSiSiSiSiSiSiSiGeSiSiSiSiSiSiSiSiSi
           5 Ge    -7827.12549    
GeGeGeGeGeGeSiSiSiSiSiSiSiSiSiSiSiSiSiSiSiSiSiSiSiSiSiSiSiSiSiSiSiSiSiSiSiSiSiSiSiSiSiSiSiSiSiSiSiSiGeSiSiSiSiSiSiSiSiSi
           6 Ge    -7920.12988    
GeGeGeGeGeGeGeSiSiSiSiSiSiSiSiSiSiSiSiSiSiSiSiSiSiSiSiSiSiSiSiSiSiSiSiSiSiSiSiSiSiSiSiSiSiSiSiSiSiSiGeSiSiSiSiSiSiSiSiSi
           7 Ge    -8120.13965    
GeGeGeGeGeGeGeGeSiSiSiSiSiSiSiSiSiSiSiSiSiSiSiSiSiSiSiSiSiSiSiSiSiSiSiSiSiSiSiSiSiSiSiSiSiSiSiSiSiSiGeSiSiSiSiSiSiSiSiSi
           8 Ge    -8362.32812    
GeGeGeGeGeGeGeGeSiSiSiGeSiSiSiSiSiSiSiSiSiSiSiSiSiSiSiSiSiSiSiSiSiSiSiSiSiSiSiSiSiSiSiSiSiSiSiSiSiSiGeSiSiSiSiSiSiSiSiSi
          12 Ge    -8738.68359    
GeGeGeGeGeGeGeGeSiSiSiGeSiGeSiSiSiSiSiSiSiSiSiSiSiSiSiSiSiSiSiSiSiSiSiSiSiSiSiSiSiSiSiSiSiSiSiSiSiSiGeSiSiSiSiSiSiSiSiSi
          14 Ge    -9177.01758    
GeGeGeGeGeGeGeGeSiSiSiGeSiGeSiGeSiSiSiSiSiSiSiSiSiSiSiSiSiSiSiSiSiSiSiSiSiSiSiSiSiSiSiSiSiSiSiSiSiSiGeSiSiSiSiSiSiSiSiSi
          16 Ge    -9678.74805    
GeGeGeGeGeGeGeGeSiSiSiGeSiGeSiGeSiSiSiSiSiSiSiSiSiGeSiSiSiSiSiSiSiSiSiSiSiSiSiSiSiSiSiSiSiSiSiSiSiSiGeSiSiSiSiSiSiSiSiSi
          26 Ge    -9606.41211    
GeGeGeGeGeGeGeGeSiSiSiGeSiGeSiGeSiSiSiSiSiSiSiSiSiGeSiSiSiGeSiSiSiSiSiSiSiSiSiSiSiSiSiSiSiSiSiSiSiSiGeSiSiSiSiSiSiSiSiSi
          30 Ge    -9591.00195    
GeGeGeGeGeGeGeGeSiSiSiGeSiGeSiGeSiSiSiSiSiSiSiSiSiGeSiSiSiGeSiSiGeSiSiSiSiSiSiSiSiSiSiSiSiSiSiSiSiSiGeSiSiSiSiSiSiSiSiSi
          33 Ge    -10285.3477    
GeGeGeGeGeGeGeGeSiSiSiGeSiGeSiGeSiSiSiSiSiSiSiSiSiGeSiSiSiGeSiSiGeSiSiGeSiSiSiSiSiSiSiSiSiSiSiSiSiSiGeSiSiSiSiSiSiSiSiSi
          36 Ge    -9175.24707    
GeGeGeGeGeGeGeGeSiSiSiGeSiGeSiGeSiSiSiSiSiSiSiSiSiGeSiSiSiGeSiSiGeSiSiGeSiSiGeSiSiSiSiSiSiSiSiSiSiSiGeSiSiSiSiSiSiSiSiSi
          39 Ge    -9993.66309    
GeGeGeGeGeGeGeGeSiSiSiGeSiGeSiGeSiSiSiSiSiSiSiSiSiGeSiSiSiGeSiSiGeSiSiGeSiSiGeSiGeSiSiSiSiSiSiSiSiSiGeSiSiSiSiSiSiSiSiSi
          41 Ge    -10876.4004    
GeGeGeGeGeGeGeGeSiSiSiGeSiGeSiGeSiSiSiSiSiSiSiSiSiGeSiSiSiGeSiSiGeSiSiGeSiSiGeSiGeGeSiSiSiSiSiSiSiSiGeSiSiSiSiSiSiSiSiSi
          42 Ge    -9558.49707    
GeGeGeGeGeGeGeGeSiSiSiGeSiGeSiGeSiSiSiSiSiSiSiSiSiGeSiSiSiGeSiSiGeSiSiGeSiSiGeSiGeGeSiSiGeSiSiSiSiSiGeSiSiSiSiSiSiSiSiSi
          45 Ge    -9991.52148    
GeGeGeGeGeGeGeGeSiSiSiGeSiGeSiGeSiSiSiSiSiSiSiSiSiGeSiSiSiGeSiSiGeSiSiGeSiSiGeSiGeGeSiSiGeGeSiSiSiSiGeSiSiSiSiSiSiSiSiSi
          46 Ge    -10415.8457    
GeGeGeGeGeGeGeGeSiSiSiGeSiGeSiGeSiSiSiSiSiSiSiSiSiGeSiSiSiGeSiSiGeSiSiGeSiSiGeSiGeGeSiSiGeGeSiSiSiSiGeSiSiSiSiSiGeSiSiSi
          57 Ge    -10253.4219    
GeGeGeGeGeGeGeGeSiGeSiGeSiGeSiGeSiSiSiSiSiSiSiSiSiGeSiSiSiGeSiSiGeSiSiGeSiSiGeSiGeGeSiSiGeGeSiSiSiSiGeSiSiSiSiSiGeSiSiSi
          10 Ge    -6890.41211    
GeGeGeGeGeGeGeGeSiGeGeGeSiGeSiGeSiSiSiSiSiSiSiSiSiGeSiSiSiGeSiSiGeSiSiGeSiSiGeSiGeGeSiSiGeGeSiSiSiSiGeSiSiSiSiSiGeSiSiSi
          11 Ge    -8061.62500    
GeGeGeGeGeGeGeGeSiGeGeGeGeGeSiGeSiSiSiSiSiSiSiSiSiGeSiSiSiGeSiSiGeSiSiGeSiSiGeSiGeGeSiSiGeGeSiSiSiSiGeSiSiSiSiSiGeSiSiSi
          13 Ge    -6719.44043    
GeGeGeGeGeGeGeGeSiGeGeGeGeGeGeGeSiSiSiSiSiSiSiSiSiGeSiSiSiGeSiSiGeSiSiGeSiSiGeSiGeGeSiSiGeGeSiSiSiSiGeSiSiSiSiSiGeSiSiSi
          15 Ge    -3678.82471    
GeGeGeGeGeGeGeGeSiGeGeGeGeGeGeGeSiGeSiSiSiSiSiSiSiGeSiSiSiGeSiSiGeSiSiGeSiSiGeSiGeGeSiSiGeGeSiSiSiSiGeSiSiSiSiSiGeSiSiSi
          18 Ge    -493.877441    
GeGeGeGeGeGeGeGeSiGeGeGeGeGeGeGeSiGeSiSiSiSiGeSiSiGeSiSiSiGeSiSiGeSiSiGeSiSiGeSiGeGeSiSiGeGeSiSiSiSiGeSiSiSiSiSiGeSiSiSi
          23 Ge     3181.92773    
GeGeGeGeGeGeGeGeSiGeGeGeGeGeGeGeSiGeSiSiSiSiGeGeSiGeSiSiSiGeSiSiGeSiSiGeSiSiGeSiGeGeSiSiGeGeSiSiSiSiGeSiSiSiSiSiGeSiSiSi
          24 Ge     9605.13281    
GeGeGeGeGeGeGeGeSiGeGeGeGeGeGeGeSiGeSiSiSiSiGeGeSiGeSiGeSiGeSiSiGeSiSiGeSiSiGeSiGeGeSiSiGeGeSiSiSiSiGeSiSiSiSiSiGeSiSiSi
          28 Ge     10635.3535    
GeGeGeGeGeGeGeGeSiGeGeGeGeGeGeGeSiGeSiSiSiSiGeGeSiGeSiGeSiGeSiSiGeSiSiGeSiSiGeGeGeGeSiSiGeGeSiSiSiSiGeSiSiSiSiSiGeSiSiSi
          40 Ge     14163.5254    
GeGeGeGeGeGeGeGeSiGeGeGeGeGeGeGeSiGeSiSiSiSiGeGeSiGeSiGeSiGeSiSiGeSiSiGeSiSiGeGeGeGeSiGeGeGeSiSiSiSiGeSiSiSiSiSiGeSiSiSi
          44 Ge     15743.6035    
GeGeGeGeGeGeGeGeSiGeGeGeGeGeGeGeSiGeSiSiSiSiGeGeSiGeSiGeSiGeSiSiGeSiSiGeSiSiGeGeGeGeSiGeGeGeSiSiSiSiGeSiSiSiSiSiGeGeSiSi
          58 Ge     19281.3652    
GeGeGeGeGeGeGeGeGeGeGeGeGeGeGeGeSiGeSiSiSiSiGeGeSiGeSiGeSiGeSiSiGeSiSiGeSiSiGeGeGeGeSiGeGeGeSiSiSiSiGeSiSiSiSiSiGeGeSiSi
           9 Ge     22980.3848    
GeGeGeGeGeGeGeGeGeGeGeGeGeGeGeGeGeGeSiSiSiSiGeGeSiGeSiGeSiGeSiSiGeSiSiGeSiSiGeGeGeGeSiGeGeGeSiSiSiSiGeSiSiSiSiSiGeGeSiSi
          17 Ge     32624.2285    
GeGeGeGeGeGeGeGeGeGeGeGeGeGeGeGeGeGeSiSiGeSiGeGeSiGeSiGeSiGeSiSiGeSiSiGeSiSiGeGeGeGeSiGeGeGeSiSiSiSiGeSiSiSiSiSiGeGeSiSi
          21 Ge     45327.3594    
GeGeGeGeGeGeGeGeGeGeGeGeGeGeGeGeGeGeSiSiGeGeGeGeSiGeSiGeSiGeSiSiGeSiSiGeSiSiGeGeGeGeSiGeGeGeSiSiSiSiGeSiSiSiSiSiGeGeSiSi
          22 Ge     57177.9453    
GeGeGeGeGeGeGeGeGeGeGeGeGeGeGeGeGeGeSiSiGeGeGeGeSiGeSiGeSiGeGeSiGeSiSiGeSiSiGeGeGeGeSiGeGeGeSiSiSiSiGeSiSiSiSiSiGeGeSiSi
          31 Ge     62180.6328    
==============================================
MonteCarlo: Metropolis with identity changes
Si > Ge, Ge > Si. STOP when occurrence <    0.00000
==============================================
Cost_function     Occurrence %     Scan-Cost
    13257.6328125000 SiGeGeSiGeSiGeSiGeGeSiGeGeGeSiSiSiGeGeSiGeGeGeSiGeGeGeSiSiGeGeGeSiGeGeGeGeGeGeGeGeSiSiSiGeGeGeGeSiSiSiGeSiSiSiGeGeGeGeGe
     8918.9003906250 SiGeGeGeGeSiGeSiSiGeSiGeSiGeGeSiGeGeGeGeGeSiGeGeSiGeGeGeSiGeGeGeSiGeGeSiGeSiSiGeGeSiSiGeGeGeGeSiGeSiSiSiGeGeGeSiSiGeGeGe
     4935.8627929688 SiGeGeGeSiGeSiSiGeSiSiSiGeGeGeSiGeGeGeGeSiGeGeSiGeGeSiSiSiGeGeSiGeSiGeGeGeGeGeGeGeGeSiGeGeGeSiGeSiGeGeSiGeSiGeGeSiSiGeGe
     4935.8627929688 SiGeGeGeSiGeSiSiGeSiSiSiGeGeGeSiGeGeGeGeSiGeGeSiGeGeSiSiSiGeGeSiGeSiGeGeGeGeGeGeGeGeSiGeGeGeSiGeSiGeGeSiGeSiGeGeSiSiGeGe
      652.7368164062 SiGeGeGeSiSiSiSiGeSiSiSiGeGeGeSiGeGeGeGeSiGeGeGeGeGeSiSiSiGeGeSiGeSiGeGeGeGeGeGeGeGeSiGeGeGeSiGeSiGeGeSiGeSiGeGeSiSiGeGe
      605.3769531250 GeGeGeGeSiSiSiSiGeSiSiSiGeGeSiGeGeGeGeGeSiGeGeGeGeGeSiSiSiGeSiSiGeSiGeGeGeGeGeGeGeGeSiGeGeGeSiGeSiGeGeSiGeSiGeGeSiSiGeGe
    -1588.4887695312 GeSiGeGeSiSiSiSiGeSiGeSiGeGeSiGeGeGeGeGeSiGeGeGeGeGeSiSiSiGeSiSiGeSiGeGeGeGeGeGeGeGeSiGeGeGeSiGeSiGeGeSiGeSiGeGeSiSiGeGe
    -1588.4887695312 GeSiGeGeSiSiSiSiGeSiGeSiGeGeSiGeGeGeGeGeSiGeGeGeGeGeSiSiSiGeSiSiGeSiGeGeGeGeGeGeGeGeSiGeGeGeSiGeSiGeGeSiGeSiGeGeSiSiGeGe
    -1588.4887695312 GeSiGeGeSiSiSiSiGeSiGeSiGeGeSiGeGeGeGeGeSiGeGeGeGeGeSiSiSiGeSiSiGeSiGeGeGeGeGeGeGeGeSiGeGeGeSiGeSiGeGeSiGeSiGeGeSiSiGeGe
    -1588.4887695312 GeSiGeGeSiSiSiSiGeSiGeSiGeGeSiGeGeGeGeGeSiGeGeGeGeGeSiSiSiGeSiSiGeSiGeGeGeGeGeGeGeGeSiGeGeGeSiGeSiGeGeSiGeSiGeGeSiSiGeGe
    -1588.4887695312 GeSiGeGeSiSiSiSiGeSiGeSiGeGeSiGeGeGeGeGeSiGeGeGeGeGeSiSiSiGeSiSiGeSiGeGeGeGeGeGeGeGeSiGeGeGeSiGeSiGeGeSiGeSiGeGeSiSiGeGe
    -1588.4887695312 GeSiGeGeSiSiSiSiGeSiGeSiGeGeSiGeGeGeGeGeSiGeGeGeGeGeSiSiSiGeSiSiGeSiGeGeGeGeGeGeGeGeSiGeGeGeSiGeSiGeGeSiGeSiGeGeSiSiGeGe
    -1588.4887695312 GeSiGeGeSiSiSiSiGeSiGeSiGeGeSiGeGeGeGeGeSiGeGeGeGeGeSiSiSiGeSiSiGeSiGeGeGeGeGeGeGeGeSiGeGeGeSiGeSiGeGeSiGeSiGeGeSiSiGeGe
    -1588.4887695312 GeSiGeGeSiSiSiSiGeSiGeSiGeGeSiGeGeGeGeGeSiGeGeGeGeGeSiSiSiGeSiSiGeSiGeGeGeGeGeGeGeGeSiGeGeGeSiGeSiGeGeSiGeSiGeGeSiSiGeGe
    -1588.4887695312 GeSiGeGeSiSiSiSiGeSiGeSiGeGeSiGeGeGeGeGeSiGeGeGeGeGeSiSiSiGeSiSiGeSiGeGeGeGeGeGeGeGeSiGeGeGeSiGeSiGeGeSiGeSiGeGeSiSiGeGe
    -3161.3085937500 GeSiGeGeSiSiSiSiGeSiGeSiGeGeSiGeGeGeGeGeSiGeGeGeGeGeSiSiSiGeSiSiGeSiGeSiGeGeGeGeGeGeGeGeGeGeSiGeSiGeGeSiGeSiGeGeSiSiGeGe
    -3161.3085937500 GeSiGeGeSiSiSiSiGeSiGeSiGeGeSiGeGeGeGeGeSiGeGeGeGeGeSiSiSiGeSiSiGeSiGeSiGeGeGeGeGeGeGeGeGeGeSiGeSiGeGeSiGeSiGeGeSiSiGeGe
    -3161.3085937500 GeSiGeGeSiSiSiSiGeSiGeSiGeGeSiGeGeGeGeGeSiGeGeGeGeGeSiSiSiGeSiSiGeSiGeSiGeGeGeGeGeGeGeGeGeGeSiGeSiGeGeSiGeSiGeGeSiSiGeGe
    -3161.3085937500 GeSiGeGeSiSiSiSiGeSiGeSiGeGeSiGeGeGeGeGeSiGeGeGeGeGeSiSiSiGeSiSiGeSiGeSiGeGeGeGeGeGeGeGeGeGeSiGeSiGeGeSiGeSiGeGeSiSiGeGe
    -3161.3085937500 GeSiGeGeSiSiSiSiGeSiGeSiGeGeSiGeGeGeGeGeSiGeGeGeGeGeSiSiSiGeSiSiGeSiGeSiGeGeGeGeGeGeGeGeGeGeSiGeSiGeGeSiGeSiGeGeSiSiGeGe
    -3161.3085937500 GeSiGeGeSiSiSiSiGeSiGeSiGeGeSiGeGeGeGeGeSiGeGeGeGeGeSiSiSiGeSiSiGeSiGeSiGeGeGeGeGeGeGeGeGeGeSiGeSiGeGeSiGeSiGeGeSiSiGeGe
    -3997.9780273438 GeSiGeGeSiGeSiGeGeSiGeSiSiGeSiGeGeGeGeSiSiGeGeGeGeGeSiSiSiGeSiSiGeSiGeSiGeGeGeGeGeGeGeGeGeGeSiGeSiGeGeSiGeSiGeGeSiSiGeGe
    -3997.9780273438 GeSiGeGeSiGeSiGeGeSiGeSiSiGeSiGeGeGeGeSiSiGeGeGeGeGeSiSiSiGeSiSiGeSiGeSiGeGeGeGeGeGeGeGeGeGeSiGeSiGeGeSiGeSiGeGeSiSiGeGe
    -3997.9780273438 GeSiGeGeSiGeSiGeGeSiGeSiSiGeSiGeGeGeGeSiSiGeGeGeGeGeSiSiSiGeSiSiGeSiGeSiGeGeGeGeGeGeGeGeGeGeSiGeSiGeGeSiGeSiGeGeSiSiGeGe
    -3997.9780273438 GeSiGeGeSiGeSiGeGeSiGeSiSiGeSiGeGeGeGeSiSiGeGeGeGeGeSiSiSiGeSiSiGeSiGeSiGeGeGeGeGeGeGeGeGeGeSiGeSiGeGeSiGeSiGeGeSiSiGeGe
    -3997.9780273438 GeSiGeGeSiGeSiGeGeSiGeSiSiGeSiGeGeGeGeSiSiGeGeGeGeGeSiSiSiGeSiSiGeSiGeSiGeGeGeGeGeGeGeGeGeGeSiGeSiGeGeSiGeSiGeGeSiSiGeGe
    -3997.9780273438 GeSiGeGeSiGeSiGeGeSiGeSiSiGeSiGeGeGeGeSiSiGeGeGeGeGeSiSiSiGeSiSiGeSiGeSiGeGeGeGeGeGeGeGeGeGeSiGeSiGeGeSiGeSiGeGeSiSiGeGe
    -3997.9780273438 GeSiGeGeSiGeSiGeGeSiGeSiSiGeSiGeGeGeGeSiSiGeGeGeGeGeSiSiSiGeSiSiGeSiGeSiGeGeGeGeGeGeGeGeGeGeSiGeSiGeGeSiGeSiGeGeSiSiGeGe
    -3997.9780273438 GeSiGeGeSiGeSiGeGeSiGeSiSiGeSiGeGeGeGeSiSiGeGeGeGeGeSiSiSiGeSiSiGeSiGeSiGeGeGeGeGeGeGeGeGeGeSiGeSiGeGeSiGeSiGeGeSiSiGeGe
    -3997.9780273438 GeSiGeGeSiGeSiGeGeSiGeSiSiGeSiGeGeGeGeSiSiGeGeGeGeGeSiSiSiGeSiSiGeSiGeSiGeGeGeGeGeGeGeGeGeGeSiGeSiGeGeSiGeSiGeGeSiSiGeGe
    -3997.9780273438 GeSiGeGeSiGeSiGeGeSiGeSiSiGeSiGeGeGeGeSiSiGeGeGeGeGeSiSiSiGeSiSiGeSiGeSiGeGeGeGeGeGeGeGeGeGeSiGeSiGeGeSiGeSiGeGeSiSiGeGe
    -3997.9780273438 GeSiGeGeSiGeSiGeGeSiGeSiSiGeSiGeGeGeGeSiSiGeGeGeGeGeSiSiSiGeSiSiGeSiGeSiGeGeGeGeGeGeGeGeGeGeSiGeSiGeGeSiGeSiGeGeSiSiGeGe
    -3997.9780273438 GeSiGeGeSiGeSiGeGeSiGeSiSiGeSiGeGeGeGeSiSiGeGeGeGeGeSiSiSiGeSiSiGeSiGeSiGeGeGeGeGeGeGeGeGeGeSiGeSiGeGeSiGeSiGeGeSiSiGeGe
    -3997.9780273438 GeSiGeGeSiGeSiGeGeSiGeSiSiGeSiGeGeGeGeSiSiGeGeGeGeGeSiSiSiGeSiSiGeSiGeSiGeGeGeGeGeGeGeGeGeGeSiGeSiGeGeSiGeSiGeGeSiSiGeGe
    -3997.9780273438 GeSiGeGeSiGeSiGeGeSiGeSiSiGeSiGeGeGeGeSiSiGeGeGeGeGeSiSiSiGeSiSiGeSiGeSiGeGeGeGeGeGeGeGeGeGeSiGeSiGeGeSiGeSiGeGeSiSiGeGe
    -3997.9780273438 GeSiGeGeSiGeSiGeGeSiGeSiSiGeSiGeGeGeGeSiSiGeGeGeGeGeSiSiSiGeSiSiGeSiGeSiGeGeGeGeGeGeGeGeGeGeSiGeSiGeGeSiGeSiGeGeSiSiGeGe
    -3997.9780273438 GeSiGeGeSiGeSiGeGeSiGeSiSiGeSiGeGeGeGeSiSiGeGeGeGeGeSiSiSiGeSiSiGeSiGeSiGeGeGeGeGeGeGeGeGeGeSiGeSiGeGeSiGeSiGeGeSiSiGeGe
    -3997.9780273438 GeSiGeGeSiGeSiGeGeSiGeSiSiGeSiGeGeGeGeSiSiGeGeGeGeGeSiSiSiGeSiSiGeSiGeSiGeGeGeGeGeGeGeGeGeGeSiGeSiGeGeSiGeSiGeGeSiSiGeGe
    -3997.9780273438 GeSiGeGeSiGeSiGeGeSiGeSiSiGeSiGeGeGeGeSiSiGeGeGeGeGeSiSiSiGeSiSiGeSiGeSiGeGeGeGeGeGeGeGeGeGeSiGeSiGeGeSiGeSiGeGeSiSiGeGe
    -3997.9780273438 GeSiGeGeSiGeSiGeGeSiGeSiSiGeSiGeGeGeGeSiSiGeGeGeGeGeSiSiSiGeSiSiGeSiGeSiGeGeGeGeGeGeGeGeGeGeSiGeSiGeGeSiGeSiGeGeSiSiGeGe
    -3997.9780273438 GeSiGeGeSiGeSiGeGeSiGeSiSiGeSiGeGeGeGeSiSiGeGeGeGeGeSiSiSiGeSiSiGeSiGeSiGeGeGeGeGeGeGeGeGeGeSiGeSiGeGeSiGeSiGeGeSiSiGeGe
    -3997.9780273438 GeSiGeGeSiGeSiGeGeSiGeSiSiGeSiGeGeGeGeSiSiGeGeGeGeGeSiSiSiGeSiSiGeSiGeSiGeGeGeGeGeGeGeGeGeGeSiGeSiGeGeSiGeSiGeGeSiSiGeGe
    -3997.9780273438 GeSiGeGeSiGeSiGeGeSiGeSiSiGeSiGeGeGeGeSiSiGeGeGeGeGeSiSiSiGeSiSiGeSiGeSiGeGeGeGeGeGeGeGeGeGeSiGeSiGeGeSiGeSiGeGeSiSiGeGe
    -3997.9780273438 GeSiGeGeSiGeSiGeGeSiGeSiSiGeSiGeGeGeGeSiSiGeGeGeGeGeSiSiSiGeSiSiGeSiGeSiGeGeGeGeGeGeGeGeGeGeSiGeSiGeGeSiGeSiGeGeSiSiGeGe
    -3997.9780273438 GeSiGeGeSiGeSiGeGeSiGeSiSiGeSiGeGeGeGeSiSiGeGeGeGeGeSiSiSiGeSiSiGeSiGeSiGeGeGeGeGeGeGeGeGeGeSiGeSiGeGeSiGeSiGeGeSiSiGeGe
    -3997.9780273438 GeSiGeGeSiGeSiGeGeSiGeSiSiGeSiGeGeGeGeSiSiGeGeGeGeGeSiSiSiGeSiSiGeSiGeSiGeGeGeGeGeGeGeGeGeGeSiGeSiGeGeSiGeSiGeGeSiSiGeGe
    -3997.9780273438 GeSiGeGeSiGeSiGeGeSiGeSiSiGeSiGeGeGeGeSiSiGeGeGeGeGeSiSiSiGeSiSiGeSiGeSiGeGeGeGeGeGeGeGeGeGeSiGeSiGeGeSiGeSiGeGeSiSiGeGe
    -3997.9780273438 GeSiGeGeSiGeSiGeGeSiGeSiSiGeSiGeGeGeGeSiSiGeGeGeGeGeSiSiSiGeSiSiGeSiGeSiGeGeGeGeGeGeGeGeGeGeSiGeSiGeGeSiGeSiGeGeSiSiGeGe
    -3997.9780273438 GeSiGeGeSiGeSiGeGeSiGeSiSiGeSiGeGeGeGeSiSiGeGeGeGeGeSiSiSiGeSiSiGeSiGeSiGeGeGeGeGeGeGeGeGeGeSiGeSiGeGeSiGeSiGeGeSiSiGeGe
    -3997.9780273438 GeSiGeGeSiGeSiGeGeSiGeSiSiGeSiGeGeGeGeSiSiGeGeGeGeGeSiSiSiGeSiSiGeSiGeSiGeGeGeGeGeGeGeGeGeGeSiGeSiGeGeSiGeSiGeGeSiSiGeGe
    -3997.9780273438 GeSiGeGeSiGeSiGeGeSiGeSiSiGeSiGeGeGeGeSiSiGeGeGeGeGeSiSiSiGeSiSiGeSiGeSiGeGeGeGeGeGeGeGeGeGeSiGeSiGeGeSiGeSiGeGeSiSiGeGe
    -3997.9780273438 GeSiGeGeSiGeSiGeGeSiGeSiSiGeSiGeGeGeGeSiSiGeGeGeGeGeSiSiSiGeSiSiGeSiGeSiGeGeGeGeGeGeGeGeGeGeSiGeSiGeGeSiGeSiGeGeSiSiGeGe
    -3997.9780273438 GeSiGeGeSiGeSiGeGeSiGeSiSiGeSiGeGeGeGeSiSiGeGeGeGeGeSiSiSiGeSiSiGeSiGeSiGeGeGeGeGeGeGeGeGeGeSiGeSiGeGeSiGeSiGeGeSiSiGeGe
    -3997.9780273438 GeSiGeGeSiGeSiGeGeSiGeSiSiGeSiGeGeGeGeSiSiGeGeGeGeGeSiSiSiGeSiSiGeSiGeSiGeGeGeGeGeGeGeGeGeGeSiGeSiGeGeSiGeSiGeGeSiSiGeGe
    -3997.9780273438 GeSiGeGeSiGeSiGeGeSiGeSiSiGeSiGeGeGeGeSiSiGeGeGeGeGeSiSiSiGeSiSiGeSiGeSiGeGeGeGeGeGeGeGeGeGeSiGeSiGeGeSiGeSiGeGeSiSiGeGe
    -3997.9780273438 GeSiGeGeSiGeSiGeGeSiGeSiSiGeSiGeGeGeGeSiSiGeGeGeGeGeSiSiSiGeSiSiGeSiGeSiGeGeGeGeGeGeGeGeGeGeSiGeSiGeGeSiGeSiGeGeSiSiGeGe
    -3997.9780273438 GeSiGeGeSiGeSiGeGeSiGeSiSiGeSiGeGeGeGeSiSiGeGeGeGeGeSiSiSiGeSiSiGeSiGeSiGeGeGeGeGeGeGeGeGeGeSiGeSiGeGeSiGeSiGeGeSiSiGeGe
    -3997.9780273438 GeSiGeGeSiGeSiGeGeSiGeSiSiGeSiGeGeGeGeSiSiGeGeGeGeGeSiSiSiGeSiSiGeSiGeSiGeGeGeGeGeGeGeGeGeGeSiGeSiGeGeSiGeSiGeGeSiSiGeGe
    -3997.9780273438 GeSiGeGeSiGeSiGeGeSiGeSiSiGeSiGeGeGeGeSiSiGeGeGeGeGeSiSiSiGeSiSiGeSiGeSiGeGeGeGeGeGeGeGeGeGeSiGeSiGeGeSiGeSiGeGeSiSiGeGe
    -3997.9780273438 GeSiGeGeSiGeSiGeGeSiGeSiSiGeSiGeGeGeGeSiSiGeGeGeGeGeSiSiSiGeSiSiGeSiGeSiGeGeGeGeGeGeGeGeGeGeSiGeSiGeGeSiGeSiGeGeSiSiGeGe
    -3997.9780273438 GeSiGeGeSiGeSiGeGeSiGeSiSiGeSiGeGeGeGeSiSiGeGeGeGeGeSiSiSiGeSiSiGeSiGeSiGeGeGeGeGeGeGeGeGeGeSiGeSiGeGeSiGeSiGeGeSiSiGeGe
    -3997.9780273438 GeSiGeGeSiGeSiGeGeSiGeSiSiGeSiGeGeGeGeSiSiGeGeGeGeGeSiSiSiGeSiSiGeSiGeSiGeGeGeGeGeGeGeGeGeGeSiGeSiGeGeSiGeSiGeGeSiSiGeGe
    -3997.9780273438 GeSiGeGeSiGeSiGeGeSiGeSiSiGeSiGeGeGeGeSiSiGeGeGeGeGeSiSiSiGeSiSiGeSiGeSiGeGeGeGeGeGeGeGeGeGeSiGeSiGeGeSiGeSiGeGeSiSiGeGe
    -3997.9780273438 GeSiGeGeSiGeSiGeGeSiGeSiSiGeSiGeGeGeGeSiSiGeGeGeGeGeSiSiSiGeSiSiGeSiGeSiGeGeGeGeGeGeGeGeGeGeSiGeSiGeGeSiGeSiGeGeSiSiGeGe
    -3997.9780273438 GeSiGeGeSiGeSiGeGeSiGeSiSiGeSiGeGeGeGeSiSiGeGeGeGeGeSiSiSiGeSiSiGeSiGeSiGeGeGeGeGeGeGeGeGeGeSiGeSiGeGeSiGeSiGeGeSiSiGeGe
    -3997.9780273438 GeSiGeGeSiGeSiGeGeSiGeSiSiGeSiGeGeGeGeSiSiGeGeGeGeGeSiSiSiGeSiSiGeSiGeSiGeGeGeGeGeGeGeGeGeGeSiGeSiGeGeSiGeSiGeGeSiSiGeGe
    -3997.9780273438 GeSiGeGeSiGeSiGeGeSiGeSiSiGeSiGeGeGeGeSiSiGeGeGeGeGeSiSiSiGeSiSiGeSiGeSiGeGeGeGeGeGeGeGeGeGeSiGeSiGeGeSiGeSiGeGeSiSiGeGe
    -3997.9780273438 GeSiGeGeSiGeSiGeGeSiGeSiSiGeSiGeGeGeGeSiSiGeGeGeGeGeSiSiSiGeSiSiGeSiGeSiGeGeGeGeGeGeGeGeGeGeSiGeSiGeGeSiGeSiGeGeSiSiGeGe
    -3997.9780273438 GeSiGeGeSiGeSiGeGeSiGeSiSiGeSiGeGeGeGeSiSiGeGeGeGeGeSiSiSiGeSiSiGeSiGeSiGeGeGeGeGeGeGeGeGeGeSiGeSiGeGeSiGeSiGeGeSiSiGeGe
    -3997.9780273438 GeSiGeGeSiGeSiGeGeSiGeSiSiGeSiGeGeGeGeSiSiGeGeGeGeGeSiSiSiGeSiSiGeSiGeSiGeGeGeGeGeGeGeGeGeGeSiGeSiGeGeSiGeSiGeGeSiSiGeGe
    -3997.9780273438 GeSiGeGeSiGeSiGeGeSiGeSiSiGeSiGeGeGeGeSiSiGeGeGeGeGeSiSiSiGeSiSiGeSiGeSiGeGeGeGeGeGeGeGeGeGeSiGeSiGeGeSiGeSiGeGeSiSiGeGe
    -3997.9780273438 GeSiGeGeSiGeSiGeGeSiGeSiSiGeSiGeGeGeGeSiSiGeGeGeGeGeSiSiSiGeSiSiGeSiGeSiGeGeGeGeGeGeGeGeGeGeSiGeSiGeGeSiGeSiGeGeSiSiGeGe
    -3997.9780273438 GeSiGeGeSiGeSiGeGeSiGeSiSiGeSiGeGeGeGeSiSiGeGeGeGeGeSiSiSiGeSiSiGeSiGeSiGeGeGeGeGeGeGeGeGeGeSiGeSiGeGeSiGeSiGeGeSiSiGeGe
    -3997.9780273438 GeSiGeGeSiGeSiGeGeSiGeSiSiGeSiGeGeGeGeSiSiGeGeGeGeGeSiSiSiGeSiSiGeSiGeSiGeGeGeGeGeGeGeGeGeGeSiGeSiGeGeSiGeSiGeGeSiSiGeGe
    -3997.9780273438 GeSiGeGeSiGeSiGeGeSiGeSiSiGeSiGeGeGeGeSiSiGeGeGeGeGeSiSiSiGeSiSiGeSiGeSiGeGeGeGeGeGeGeGeGeGeSiGeSiGeGeSiGeSiGeGeSiSiGeGe
    -3997.9780273438 GeSiGeGeSiGeSiGeGeSiGeSiSiGeSiGeGeGeGeSiSiGeGeGeGeGeSiSiSiGeSiSiGeSiGeSiGeGeGeGeGeGeGeGeGeGeSiGeSiGeGeSiGeSiGeGeSiSiGeGe
    -3997.9780273438 GeSiGeGeSiGeSiGeGeSiGeSiSiGeSiGeGeGeGeSiSiGeGeGeGeGeSiSiSiGeSiSiGeSiGeSiGeGeGeGeGeGeGeGeGeGeSiGeSiGeGeSiGeSiGeGeSiSiGeGe
    -3997.9780273438 GeSiGeGeSiGeSiGeGeSiGeSiSiGeSiGeGeGeGeSiSiGeGeGeGeGeSiSiSiGeSiSiGeSiGeSiGeGeGeGeGeGeGeGeGeGeSiGeSiGeGeSiGeSiGeGeSiSiGeGe
    -3997.9780273438 GeSiGeGeSiGeSiGeGeSiGeSiSiGeSiGeGeGeGeSiSiGeGeGeGeGeSiSiSiGeSiSiGeSiGeSiGeGeGeGeGeGeGeGeGeGeSiGeSiGeGeSiGeSiGeGeSiSiGeGe
    -3997.9780273438 GeSiGeGeSiGeSiGeGeSiGeSiSiGeSiGeGeGeGeSiSiGeGeGeGeGeSiSiSiGeSiSiGeSiGeSiGeGeGeGeGeGeGeGeGeGeSiGeSiGeGeSiGeSiGeGeSiSiGeGe
    -3997.9780273438 GeSiGeGeSiGeSiGeGeSiGeSiSiGeSiGeGeGeGeSiSiGeGeGeGeGeSiSiSiGeSiSiGeSiGeSiGeGeGeGeGeGeGeGeGeGeSiGeSiGeGeSiGeSiGeGeSiSiGeGe
    -3997.9780273438 GeSiGeGeSiGeSiGeGeSiGeSiSiGeSiGeGeGeGeSiSiGeGeGeGeGeSiSiSiGeSiSiGeSiGeSiGeGeGeGeGeGeGeGeGeGeSiGeSiGeGeSiGeSiGeGeSiSiGeGe
    -3997.9780273438 GeSiGeGeSiGeSiGeGeSiGeSiSiGeSiGeGeGeGeSiSiGeGeGeGeGeSiSiSiGeSiSiGeSiGeSiGeGeGeGeGeGeGeGeGeGeSiGeSiGeGeSiGeSiGeGeSiSiGeGe
    -3997.9780273438 GeSiGeGeSiGeSiGeGeSiGeSiSiGeSiGeGeGeGeSiSiGeGeGeGeGeSiSiSiGeSiSiGeSiGeSiGeGeGeGeGeGeGeGeGeGeSiGeSiGeGeSiGeSiGeGeSiSiGeGe
    -3997.9780273438 GeSiGeGeSiGeSiGeGeSiGeSiSiGeSiGeGeGeGeSiSiGeGeGeGeGeSiSiSiGeSiSiGeSiGeSiGeGeGeGeGeGeGeGeGeGeSiGeSiGeGeSiGeSiGeGeSiSiGeGe
    -3997.9780273438 GeSiGeGeSiGeSiGeGeSiGeSiSiGeSiGeGeGeGeSiSiGeGeGeGeGeSiSiSiGeSiSiGeSiGeSiGeGeGeGeGeGeGeGeGeGeSiGeSiGeGeSiGeSiGeGeSiSiGeGe
    -3997.9780273438 GeSiGeGeSiGeSiGeGeSiGeSiSiGeSiGeGeGeGeSiSiGeGeGeGeGeSiSiSiGeSiSiGeSiGeSiGeGeGeGeGeGeGeGeGeGeSiGeSiGeGeSiGeSiGeGeSiSiGeGe
    -3997.9780273438 GeSiGeGeSiGeSiGeGeSiGeSiSiGeSiGeGeGeGeSiSiGeGeGeGeGeSiSiSiGeSiSiGeSiGeSiGeGeGeGeGeGeGeGeGeGeSiGeSiGeGeSiGeSiGeGeSiSiGeGe
    -3997.9780273438 GeSiGeGeSiGeSiGeGeSiGeSiSiGeSiGeGeGeGeSiSiGeGeGeGeGeSiSiSiGeSiSiGeSiGeSiGeGeGeGeGeGeGeGeGeGeSiGeSiGeGeSiGeSiGeGeSiSiGeGe
    -3997.9780273438 GeSiGeGeSiGeSiGeGeSiGeSiSiGeSiGeGeGeGeSiSiGeGeGeGeGeSiSiSiGeSiSiGeSiGeSiGeGeGeGeGeGeGeGeGeGeSiGeSiGeGeSiGeSiGeGeSiSiGeGe
    -3997.9780273438 GeSiGeGeSiGeSiGeGeSiGeSiSiGeSiGeGeGeGeSiSiGeGeGeGeGeSiSiSiGeSiSiGeSiGeSiGeGeGeGeGeGeGeGeGeGeSiGeSiGeGeSiGeSiGeGeSiSiGeGe
    -3997.9780273438 GeSiGeGeSiGeSiGeGeSiGeSiSiGeSiGeGeGeGeSiSiGeGeGeGeGeSiSiSiGeSiSiGeSiGeSiGeGeGeGeGeGeGeGeGeGeSiGeSiGeGeSiGeSiGeGeSiSiGeGe
    -3997.9780273438 GeSiGeGeSiGeSiGeGeSiGeSiSiGeSiGeGeGeGeSiSiGeGeGeGeGeSiSiSiGeSiSiGeSiGeSiGeGeGeGeGeGeGeGeGeGeSiGeSiGeGeSiGeSiGeGeSiSiGeGe
    -3997.9780273438 GeSiGeGeSiGeSiGeGeSiGeSiSiGeSiGeGeGeGeSiSiGeGeGeGeGeSiSiSiGeSiSiGeSiGeSiGeGeGeGeGeGeGeGeGeGeSiGeSiGeGeSiGeSiGeGeSiSiGeGe
    -3997.9780273438 GeSiGeGeSiGeSiGeGeSiGeSiSiGeSiGeGeGeGeSiSiGeGeGeGeGeSiSiSiGeSiSiGeSiGeSiGeGeGeGeGeGeGeGeGeGeSiGeSiGeGeSiGeSiGeGeSiSiGeGe
    -3997.9780273438 GeSiGeGeSiGeSiGeGeSiGeSiSiGeSiGeGeGeGeSiSiGeGeGeGeGeSiSiSiGeSiSiGeSiGeSiGeGeGeGeGeGeGeGeGeGeSiGeSiGeGeSiGeSiGeGeSiSiGeGe
    -3997.9780273438 GeSiGeGeSiGeSiGeGeSiGeSiSiGeSiGeGeGeGeSiSiGeGeGeGeGeSiSiSiGeSiSiGeSiGeSiGeGeGeGeGeGeGeGeGeGeSiGeSiGeGeSiGeSiGeGeSiSiGeGe
    -3997.9780273438 GeSiGeGeSiGeSiGeGeSiGeSiSiGeSiGeGeGeGeSiSiGeGeGeGeGeSiSiSiGeSiSiGeSiGeSiGeGeGeGeGeGeGeGeGeGeSiGeSiGeGeSiGeSiGeGeSiSiGeGe
    -3997.9780273438 GeSiGeGeSiGeSiGeGeSiGeSiSiGeSiGeGeGeGeSiSiGeGeGeGeGeSiSiSiGeSiSiGeSiGeSiGeGeGeGeGeGeGeGeGeGeSiGeSiGeGeSiGeSiGeGeSiSiGeGe
    -3997.9780273438 GeSiGeGeSiGeSiGeGeSiGeSiSiGeSiGeGeGeGeSiSiGeGeGeGeGeSiSiSiGeSiSiGeSiGeSiGeGeGeGeGeGeGeGeGeGeSiGeSiGeGeSiGeSiGeGeSiSiGeGe
    -3997.9780273438 GeSiGeGeSiGeSiGeGeSiGeSiSiGeSiGeGeGeGeSiSiGeGeGeGeGeSiSiSiGeSiSiGeSiGeSiGeGeGeGeGeGeGeGeGeGeSiGeSiGeGeSiGeSiGeGeSiSiGeGe
    -3997.9780273438 GeSiGeGeSiGeSiGeGeSiGeSiSiGeSiGeGeGeGeSiSiGeGeGeGeGeSiSiSiGeSiSiGeSiGeSiGeGeGeGeGeGeGeGeGeGeSiGeSiGeGeSiGeSiGeGeSiSiGeGe
    -3997.9780273438 GeSiGeGeSiGeSiGeGeSiGeSiSiGeSiGeGeGeGeSiSiGeGeGeGeGeSiSiSiGeSiSiGeSiGeSiGeGeGeGeGeGeGeGeGeGeSiGeSiGeGeSiGeSiGeGeSiSiGeGe
    -3997.9780273438 GeSiGeGeSiGeSiGeGeSiGeSiSiGeSiGeGeGeGeSiSiGeGeGeGeGeSiSiSiGeSiSiGeSiGeSiGeGeGeGeGeGeGeGeGeGeSiGeSiGeGeSiGeSiGeGeSiSiGeGe
    -3997.9780273438 GeSiGeGeSiGeSiGeGeSiGeSiSiGeSiGeGeGeGeSiSiGeGeGeGeGeSiSiSiGeSiSiGeSiGeSiGeGeGeGeGeGeGeGeGeGeSiGeSiGeGeSiGeSiGeGeSiSiGeGe
    -3997.9780273438 GeSiGeGeSiGeSiGeGeSiGeSiSiGeSiGeGeGeGeSiSiGeGeGeGeGeSiSiSiGeSiSiGeSiGeSiGeGeGeGeGeGeGeGeGeGeSiGeSiGeGeSiGeSiGeGeSiSiGeGe
    -3997.9780273438 GeSiGeGeSiGeSiGeGeSiGeSiSiGeSiGeGeGeGeSiSiGeGeGeGeGeSiSiSiGeSiSiGeSiGeSiGeGeGeGeGeGeGeGeGeGeSiGeSiGeGeSiGeSiGeGeSiSiGeGe
    -3997.9780273438 GeSiGeGeSiGeSiGeGeSiGeSiSiGeSiGeGeGeGeSiSiGeGeGeGeGeSiSiSiGeSiSiGeSiGeSiGeGeGeGeGeGeGeGeGeGeSiGeSiGeGeSiGeSiGeGeSiSiGeGe
    -3997.9780273438 GeSiGeGeSiGeSiGeGeSiGeSiSiGeSiGeGeGeGeSiSiGeGeGeGeGeSiSiSiGeSiSiGeSiGeSiGeGeGeGeGeGeGeGeGeGeSiGeSiGeGeSiGeSiGeGeSiSiGeGe
    -3997.9780273438 GeSiGeGeSiGeSiGeGeSiGeSiSiGeSiGeGeGeGeSiSiGeGeGeGeGeSiSiSiGeSiSiGeSiGeSiGeGeGeGeGeGeGeGeGeGeSiGeSiGeGeSiGeSiGeGeSiSiGeGe
    -3997.9780273438 GeSiGeGeSiGeSiGeGeSiGeSiSiGeSiGeGeGeGeSiSiGeGeGeGeGeSiSiSiGeSiSiGeSiGeSiGeGeGeGeGeGeGeGeGeGeSiGeSiGeGeSiGeSiGeGeSiSiGeGe
    -3997.9780273438 GeSiGeGeSiGeSiGeGeSiGeSiSiGeSiGeGeGeGeSiSiGeGeGeGeGeSiSiSiGeSiSiGeSiGeSiGeGeGeGeGeGeGeGeGeGeSiGeSiGeGeSiGeSiGeGeSiSiGeGe
    -3997.9780273438 GeSiGeGeSiGeSiGeGeSiGeSiSiGeSiGeGeGeGeSiSiGeGeGeGeGeSiSiSiGeSiSiGeSiGeSiGeGeGeGeGeGeGeGeGeGeSiGeSiGeGeSiGeSiGeGeSiSiGeGe
    -3997.9780273438 GeSiGeGeSiGeSiGeGeSiGeSiSiGeSiGeGeGeGeSiSiGeGeGeGeGeSiSiSiGeSiSiGeSiGeSiGeGeGeGeGeGeGeGeGeGeSiGeSiGeGeSiGeSiGeGeSiSiGeGe
    -3997.9780273438 GeSiGeGeSiGeSiGeGeSiGeSiSiGeSiGeGeGeGeSiSiGeGeGeGeGeSiSiSiGeSiSiGeSiGeSiGeGeGeGeGeGeGeGeGeGeSiGeSiGeGeSiGeSiGeGeSiSiGeGe
    -3997.9780273438 GeSiGeGeSiGeSiGeGeSiGeSiSiGeSiGeGeGeGeSiSiGeGeGeGeGeSiSiSiGeSiSiGeSiGeSiGeGeGeGeGeGeGeGeGeGeSiGeSiGeGeSiGeSiGeGeSiSiGeGe
    -3997.9780273438 GeSiGeGeSiGeSiGeGeSiGeSiSiGeSiGeGeGeGeSiSiGeGeGeGeGeSiSiSiGeSiSiGeSiGeSiGeGeGeGeGeGeGeGeGeGeSiGeSiGeGeSiGeSiGeGeSiSiGeGe
    -3997.9780273438 GeSiGeGeSiGeSiGeGeSiGeSiSiGeSiGeGeGeGeSiSiGeGeGeGeGeSiSiSiGeSiSiGeSiGeSiGeGeGeGeGeGeGeGeGeGeSiGeSiGeGeSiGeSiGeGeSiSiGeGe
    -3997.9780273438 GeSiGeGeSiGeSiGeGeSiGeSiSiGeSiGeGeGeGeSiSiGeGeGeGeGeSiSiSiGeSiSiGeSiGeSiGeGeGeGeGeGeGeGeGeGeSiGeSiGeGeSiGeSiGeGeSiSiGeGe
    -3997.9780273438 GeSiGeGeSiGeSiGeGeSiGeSiSiGeSiGeGeGeGeSiSiGeGeGeGeGeSiSiSiGeSiSiGeSiGeSiGeGeGeGeGeGeGeGeGeGeSiGeSiGeGeSiGeSiGeGeSiSiGeGe
    -3997.9780273438 GeSiGeGeSiGeSiGeGeSiGeSiSiGeSiGeGeGeGeSiSiGeGeGeGeGeSiSiSiGeSiSiGeSiGeSiGeGeGeGeGeGeGeGeGeGeSiGeSiGeGeSiGeSiGeGeSiSiGeGe
    -3997.9780273438 GeSiGeGeSiGeSiGeGeSiGeSiSiGeSiGeGeGeGeSiSiGeGeGeGeGeSiSiSiGeSiSiGeSiGeSiGeGeGeGeGeGeGeGeGeGeSiGeSiGeGeSiGeSiGeGeSiSiGeGe
    -3997.9780273438 GeSiGeGeSiGeSiGeGeSiGeSiSiGeSiGeGeGeGeSiSiGeGeGeGeGeSiSiSiGeSiSiGeSiGeSiGeGeGeGeGeGeGeGeGeGeSiGeSiGeGeSiGeSiGeGeSiSiGeGe
    -3997.9780273438 GeSiGeGeSiGeSiGeGeSiGeSiSiGeSiGeGeGeGeSiSiGeGeGeGeGeSiSiSiGeSiSiGeSiGeSiGeGeGeGeGeGeGeGeGeGeSiGeSiGeGeSiGeSiGeGeSiSiGeGe
    -3997.9780273438 GeSiGeGeSiGeSiGeGeSiGeSiSiGeSiGeGeGeGeSiSiGeGeGeGeGeSiSiSiGeSiSiGeSiGeSiGeGeGeGeGeGeGeGeGeGeSiGeSiGeGeSiGeSiGeGeSiSiGeGe
    -3997.9780273438 GeSiGeGeSiGeSiGeGeSiGeSiSiGeSiGeGeGeGeSiSiGeGeGeGeGeSiSiSiGeSiSiGeSiGeSiGeGeGeGeGeGeGeGeGeGeSiGeSiGeGeSiGeSiGeGeSiSiGeGe
    -3997.9780273438 GeSiGeGeSiGeSiGeGeSiGeSiSiGeSiGeGeGeGeSiSiGeGeGeGeGeSiSiSiGeSiSiGeSiGeSiGeGeGeGeGeGeGeGeGeGeSiGeSiGeGeSiGeSiGeGeSiSiGeGe
    -3997.9780273438 GeSiGeGeSiGeSiGeGeSiGeSiSiGeSiGeGeGeGeSiSiGeGeGeGeGeSiSiSiGeSiSiGeSiGeSiGeGeGeGeGeGeGeGeGeGeSiGeSiGeGeSiGeSiGeGeSiSiGeGe
    -3997.9780273438 GeSiGeGeSiGeSiGeGeSiGeSiSiGeSiGeGeGeGeSiSiGeGeGeGeGeSiSiSiGeSiSiGeSiGeSiGeGeGeGeGeGeGeGeGeGeSiGeSiGeGeSiGeSiGeGeSiSiGeGe
    -3997.9780273438 GeSiGeGeSiGeSiGeGeSiGeSiSiGeSiGeGeGeGeSiSiGeGeGeGeGeSiSiSiGeSiSiGeSiGeSiGeGeGeGeGeGeGeGeGeGeSiGeSiGeGeSiGeSiGeGeSiSiGeGe
    -3997.9780273438 GeSiGeGeSiGeSiGeGeSiGeSiSiGeSiGeGeGeGeSiSiGeGeGeGeGeSiSiSiGeSiSiGeSiGeSiGeGeGeGeGeGeGeGeGeGeSiGeSiGeGeSiGeSiGeGeSiSiGeGe
    -3997.9780273438 GeSiGeGeSiGeSiGeGeSiGeSiSiGeSiGeGeGeGeSiSiGeGeGeGeGeSiSiSiGeSiSiGeSiGeSiGeGeGeGeGeGeGeGeGeGeSiGeSiGeGeSiGeSiGeGeSiSiGeGe
    -3997.9780273438 GeSiGeGeSiGeSiGeGeSiGeSiSiGeSiGeGeGeGeSiSiGeGeGeGeGeSiSiSiGeSiSiGeSiGeSiGeGeGeGeGeGeGeGeGeGeSiGeSiGeGeSiGeSiGeGeSiSiGeGe
    -3997.9780273438 GeSiGeGeSiGeSiGeGeSiGeSiSiGeSiGeGeGeGeSiSiGeGeGeGeGeSiSiSiGeSiSiGeSiGeSiGeGeGeGeGeGeGeGeGeGeSiGeSiGeGeSiGeSiGeGeSiSiGeGe
    -3997.9780273438 GeSiGeGeSiGeSiGeGeSiGeSiSiGeSiGeGeGeGeSiSiGeGeGeGeGeSiSiSiGeSiSiGeSiGeSiGeGeGeGeGeGeGeGeGeGeSiGeSiGeGeSiGeSiGeGeSiSiGeGe
    -3997.9780273438 GeSiGeGeSiGeSiGeGeSiGeSiSiGeSiGeGeGeGeSiSiGeGeGeGeGeSiSiSiGeSiSiGeSiGeSiGeGeGeGeGeGeGeGeGeGeSiGeSiGeGeSiGeSiGeGeSiSiGeGe
    -3997.9780273438 GeSiGeGeSiGeSiGeGeSiGeSiSiGeSiGeGeGeGeSiSiGeGeGeGeGeSiSiSiGeSiSiGeSiGeSiGeGeGeGeGeGeGeGeGeGeSiGeSiGeGeSiGeSiGeGeSiSiGeGe
    -3997.9780273438 GeSiGeGeSiGeSiGeGeSiGeSiSiGeSiGeGeGeGeSiSiGeGeGeGeGeSiSiSiGeSiSiGeSiGeSiGeGeGeGeGeGeGeGeGeGeSiGeSiGeGeSiGeSiGeGeSiSiGeGe
    -3997.9780273438 GeSiGeGeSiGeSiGeGeSiGeSiSiGeSiGeGeGeGeSiSiGeGeGeGeGeSiSiSiGeSiSiGeSiGeSiGeGeGeGeGeGeGeGeGeGeSiGeSiGeGeSiGeSiGeGeSiSiGeGe
    -3997.9780273438 GeSiGeGeSiGeSiGeGeSiGeSiSiGeSiGeGeGeGeSiSiGeGeGeGeGeSiSiSiGeSiSiGeSiGeSiGeGeGeGeGeGeGeGeGeGeSiGeSiGeGeSiGeSiGeGeSiSiGeGe
    -3997.9780273438 GeSiGeGeSiGeSiGeGeSiGeSiSiGeSiGeGeGeGeSiSiGeGeGeGeGeSiSiSiGeSiSiGeSiGeSiGeGeGeGeGeGeGeGeGeGeSiGeSiGeGeSiGeSiGeGeSiSiGeGe
    -3997.9780273438 GeSiGeGeSiGeSiGeGeSiGeSiSiGeSiGeGeGeGeSiSiGeGeGeGeGeSiSiSiGeSiSiGeSiGeSiGeGeGeGeGeGeGeGeGeGeSiGeSiGeGeSiGeSiGeGeSiSiGeGe
    -3997.9780273438 GeSiGeGeSiGeSiGeGeSiGeSiSiGeSiGeGeGeGeSiSiGeGeGeGeGeSiSiSiGeSiSiGeSiGeSiGeGeGeGeGeGeGeGeGeGeSiGeSiGeGeSiGeSiGeGeSiSiGeGe
    -3997.9780273438 GeSiGeGeSiGeSiGeGeSiGeSiSiGeSiGeGeGeGeSiSiGeGeGeGeGeSiSiSiGeSiSiGeSiGeSiGeGeGeGeGeGeGeGeGeGeSiGeSiGeGeSiGeSiGeGeSiSiGeGe
    -3997.9780273438 GeSiGeGeSiGeSiGeGeSiGeSiSiGeSiGeGeGeGeSiSiGeGeGeGeGeSiSiSiGeSiSiGeSiGeSiGeGeGeGeGeGeGeGeGeGeSiGeSiGeGeSiGeSiGeGeSiSiGeGe
    -3997.9780273438 GeSiGeGeSiGeSiGeGeSiGeSiSiGeSiGeGeGeGeSiSiGeGeGeGeGeSiSiSiGeSiSiGeSiGeSiGeGeGeGeGeGeGeGeGeGeSiGeSiGeGeSiGeSiGeGeSiSiGeGe
    -3997.9780273438 GeSiGeGeSiGeSiGeGeSiGeSiSiGeSiGeGeGeGeSiSiGeGeGeGeGeSiSiSiGeSiSiGeSiGeSiGeGeGeGeGeGeGeGeGeGeSiGeSiGeGeSiGeSiGeGeSiSiGeGe
    -3997.9780273438 GeSiGeGeSiGeSiGeGeSiGeSiSiGeSiGeGeGeGeSiSiGeGeGeGeGeSiSiSiGeSiSiGeSiGeSiGeGeGeGeGeGeGeGeGeGeSiGeSiGeGeSiGeSiGeGeSiSiGeGe
    -3997.9780273438 GeSiGeGeSiGeSiGeGeSiGeSiSiGeSiGeGeGeGeSiSiGeGeGeGeGeSiSiSiGeSiSiGeSiGeSiGeGeGeGeGeGeGeGeGeGeSiGeSiGeGeSiGeSiGeGeSiSiGeGe
    -3997.9780273438 GeSiGeGeSiGeSiGeGeSiGeSiSiGeSiGeGeGeGeSiSiGeGeGeGeGeSiSiSiGeSiSiGeSiGeSiGeGeGeGeGeGeGeGeGeGeSiGeSiGeGeSiGeSiGeGeSiSiGeGe
    -3997.9780273438 GeSiGeGeSiGeSiGeGeSiGeSiSiGeSiGeGeGeGeSiSiGeGeGeGeGeSiSiSiGeSiSiGeSiGeSiGeGeGeGeGeGeGeGeGeGeSiGeSiGeGeSiGeSiGeGeSiSiGeGe
    -3997.9780273438 GeSiGeGeSiGeSiGeGeSiGeSiSiGeSiGeGeGeGeSiSiGeGeGeGeGeSiSiSiGeSiSiGeSiGeSiGeGeGeGeGeGeGeGeGeGeSiGeSiGeGeSiGeSiGeGeSiSiGeGe
    -3997.9780273438 GeSiGeGeSiGeSiGeGeSiGeSiSiGeSiGeGeGeGeSiSiGeGeGeGeGeSiSiSiGeSiSiGeSiGeSiGeGeGeGeGeGeGeGeGeGeSiGeSiGeGeSiGeSiGeGeSiSiGeGe
    -3997.9780273438 GeSiGeGeSiGeSiGeGeSiGeSiSiGeSiGeGeGeGeSiSiGeGeGeGeGeSiSiSiGeSiSiGeSiGeSiGeGeGeGeGeGeGeGeGeGeSiGeSiGeGeSiGeSiGeGeSiSiGeGe
    -3997.9780273438 GeSiGeGeSiGeSiGeGeSiGeSiSiGeSiGeGeGeGeSiSiGeGeGeGeGeSiSiSiGeSiSiGeSiGeSiGeGeGeGeGeGeGeGeGeGeSiGeSiGeGeSiGeSiGeGeSiSiGeGe
    -3997.9780273438 GeSiGeGeSiGeSiGeGeSiGeSiSiGeSiGeGeGeGeSiSiGeGeGeGeGeSiSiSiGeSiSiGeSiGeSiGeGeGeGeGeGeGeGeGeGeSiGeSiGeGeSiGeSiGeGeSiSiGeGe
    -3997.9780273438 GeSiGeGeSiGeSiGeGeSiGeSiSiGeSiGeGeGeGeSiSiGeGeGeGeGeSiSiSiGeSiSiGeSiGeSiGeGeGeGeGeGeGeGeGeGeSiGeSiGeGeSiGeSiGeGeSiSiGeGe
    -3997.9780273438 GeSiGeGeSiGeSiGeGeSiGeSiSiGeSiGeGeGeGeSiSiGeGeGeGeGeSiSiSiGeSiSiGeSiGeSiGeGeGeGeGeGeGeGeGeGeSiGeSiGeGeSiGeSiGeGeSiSiGeGe
    -3997.9780273438 GeSiGeGeSiGeSiGeGeSiGeSiSiGeSiGeGeGeGeSiSiGeGeGeGeGeSiSiSiGeSiSiGeSiGeSiGeGeGeGeGeGeGeGeGeGeSiGeSiGeGeSiGeSiGeGeSiSiGeGe
    -3997.9780273438 GeSiGeGeSiGeSiGeGeSiGeSiSiGeSiGeGeGeGeSiSiGeGeGeGeGeSiSiSiGeSiSiGeSiGeSiGeGeGeGeGeGeGeGeGeGeSiGeSiGeGeSiGeSiGeGeSiSiGeGe
    -3997.9780273438 GeSiGeGeSiGeSiGeGeSiGeSiSiGeSiGeGeGeGeSiSiGeGeGeGeGeSiSiSiGeSiSiGeSiGeSiGeGeGeGeGeGeGeGeGeGeSiGeSiGeGeSiGeSiGeGeSiSiGeGe
    -3997.9780273438 GeSiGeGeSiGeSiGeGeSiGeSiSiGeSiGeGeGeGeSiSiGeGeGeGeGeSiSiSiGeSiSiGeSiGeSiGeGeGeGeGeGeGeGeGeGeSiGeSiGeGeSiGeSiGeGeSiSiGeGe
    -3997.9780273438 GeSiGeGeSiGeSiGeGeSiGeSiSiGeSiGeGeGeGeSiSiGeGeGeGeGeSiSiSiGeSiSiGeSiGeSiGeGeGeGeGeGeGeGeGeGeSiGeSiGeGeSiGeSiGeGeSiSiGeGe
    -3997.9780273438 GeSiGeGeSiGeSiGeGeSiGeSiSiGeSiGeGeGeGeSiSiGeGeGeGeGeSiSiSiGeSiSiGeSiGeSiGeGeGeGeGeGeGeGeGeGeSiGeSiGeGeSiGeSiGeGeSiSiGeGe
    -3997.9780273438 GeSiGeGeSiGeSiGeGeSiGeSiSiGeSiGeGeGeGeSiSiGeGeGeGeGeSiSiSiGeSiSiGeSiGeSiGeGeGeGeGeGeGeGeGeGeSiGeSiGeGeSiGeSiGeGeSiSiGeGe
    -3997.9780273438 GeSiGeGeSiGeSiGeGeSiGeSiSiGeSiGeGeGeGeSiSiGeGeGeGeGeSiSiSiGeSiSiGeSiGeSiGeGeGeGeGeGeGeGeGeGeSiGeSiGeGeSiGeSiGeGeSiSiGeGe
    -3997.9780273438 GeSiGeGeSiGeSiGeGeSiGeSiSiGeSiGeGeGeGeSiSiGeGeGeGeGeSiSiSiGeSiSiGeSiGeSiGeGeGeGeGeGeGeGeGeGeSiGeSiGeGeSiGeSiGeGeSiSiGeGe
    -3997.9780273438 GeSiGeGeSiGeSiGeGeSiGeSiSiGeSiGeGeGeGeSiSiGeGeGeGeGeSiSiSiGeSiSiGeSiGeSiGeGeGeGeGeGeGeGeGeGeSiGeSiGeGeSiGeSiGeGeSiSiGeGe
    -3997.9780273438 GeSiGeGeSiGeSiGeGeSiGeSiSiGeSiGeGeGeGeSiSiGeGeGeGeGeSiSiSiGeSiSiGeSiGeSiGeGeGeGeGeGeGeGeGeGeSiGeSiGeGeSiGeSiGeGeSiSiGeGe
    -3997.9780273438 GeSiGeGeSiGeSiGeGeSiGeSiSiGeSiGeGeGeGeSiSiGeGeGeGeGeSiSiSiGeSiSiGeSiGeSiGeGeGeGeGeGeGeGeGeGeSiGeSiGeGeSiGeSiGeGeSiSiGeGe
    -3997.9780273438 GeSiGeGeSiGeSiGeGeSiGeSiSiGeSiGeGeGeGeSiSiGeGeGeGeGeSiSiSiGeSiSiGeSiGeSiGeGeGeGeGeGeGeGeGeGeSiGeSiGeGeSiGeSiGeGeSiSiGeGe
    -3997.9780273438 GeSiGeGeSiGeSiGeGeSiGeSiSiGeSiGeGeGeGeSiSiGeGeGeGeGeSiSiSiGeSiSiGeSiGeSiGeGeGeGeGeGeGeGeGeGeSiGeSiGeGeSiGeSiGeGeSiSiGeGe
    -3997.9780273438 GeSiGeGeSiGeSiGeGeSiGeSiSiGeSiGeGeGeGeSiSiGeGeGeGeGeSiSiSiGeSiSiGeSiGeSiGeGeGeGeGeGeGeGeGeGeSiGeSiGeGeSiGeSiGeGeSiSiGeGe
    -3997.9780273438 GeSiGeGeSiGeSiGeGeSiGeSiSiGeSiGeGeGeGeSiSiGeGeGeGeGeSiSiSiGeSiSiGeSiGeSiGeGeGeGeGeGeGeGeGeGeSiGeSiGeGeSiGeSiGeGeSiSiGeGe
    -3997.9780273438 GeSiGeGeSiGeSiGeGeSiGeSiSiGeSiGeGeGeGeSiSiGeGeGeGeGeSiSiSiGeSiSiGeSiGeSiGeGeGeGeGeGeGeGeGeGeSiGeSiGeGeSiGeSiGeGeSiSiGeGe
    -3997.9780273438 GeSiGeGeSiGeSiGeGeSiGeSiSiGeSiGeGeGeGeSiSiGeGeGeGeGeSiSiSiGeSiSiGeSiGeSiGeGeGeGeGeGeGeGeGeGeSiGeSiGeGeSiGeSiGeGeSiSiGeGe
    -3997.9780273438 GeSiGeGeSiGeSiGeGeSiGeSiSiGeSiGeGeGeGeSiSiGeGeGeGeGeSiSiSiGeSiSiGeSiGeSiGeGeGeGeGeGeGeGeGeGeSiGeSiGeGeSiGeSiGeGeSiSiGeGe
    -3997.9780273438 GeSiGeGeSiGeSiGeGeSiGeSiSiGeSiGeGeGeGeSiSiGeGeGeGeGeSiSiSiGeSiSiGeSiGeSiGeGeGeGeGeGeGeGeGeGeSiGeSiGeGeSiGeSiGeGeSiSiGeGe
    -3997.9780273438 GeSiGeGeSiGeSiGeGeSiGeSiSiGeSiGeGeGeGeSiSiGeGeGeGeGeSiSiSiGeSiSiGeSiGeSiGeGeGeGeGeGeGeGeGeGeSiGeSiGeGeSiGeSiGeGeSiSiGeGe
    -3997.9780273438 GeSiGeGeSiGeSiGeGeSiGeSiSiGeSiGeGeGeGeSiSiGeGeGeGeGeSiSiSiGeSiSiGeSiGeSiGeGeGeGeGeGeGeGeGeGeSiGeSiGeGeSiGeSiGeGeSiSiGeGe
    -3997.9780273438 GeSiGeGeSiGeSiGeGeSiGeSiSiGeSiGeGeGeGeSiSiGeGeGeGeGeSiSiSiGeSiSiGeSiGeSiGeGeGeGeGeGeGeGeGeGeSiGeSiGeGeSiGeSiGeGeSiSiGeGe
    -3997.9780273438 GeSiGeGeSiGeSiGeGeSiGeSiSiGeSiGeGeGeGeSiSiGeGeGeGeGeSiSiSiGeSiSiGeSiGeSiGeGeGeGeGeGeGeGeGeGeSiGeSiGeGeSiGeSiGeGeSiSiGeGe
    -3997.9780273438 GeSiGeGeSiGeSiGeGeSiGeSiSiGeSiGeGeGeGeSiSiGeGeGeGeGeSiSiSiGeSiSiGeSiGeSiGeGeGeGeGeGeGeGeGeGeSiGeSiGeGeSiGeSiGeGeSiSiGeGe
    -3997.9780273438 GeSiGeGeSiGeSiGeGeSiGeSiSiGeSiGeGeGeGeSiSiGeGeGeGeGeSiSiSiGeSiSiGeSiGeSiGeGeGeGeGeGeGeGeGeGeSiGeSiGeGeSiGeSiGeGeSiSiGeGe
    -3997.9780273438 GeSiGeGeSiGeSiGeGeSiGeSiSiGeSiGeGeGeGeSiSiGeGeGeGeGeSiSiSiGeSiSiGeSiGeSiGeGeGeGeGeGeGeGeGeGeSiGeSiGeGeSiGeSiGeGeSiSiGeGe
    -3997.9780273438 GeSiGeGeSiGeSiGeGeSiGeSiSiGeSiGeGeGeGeSiSiGeGeGeGeGeSiSiSiGeSiSiGeSiGeSiGeGeGeGeGeGeGeGeGeGeSiGeSiGeGeSiGeSiGeGeSiSiGeGe
    -3997.9780273438 GeSiGeGeSiGeSiGeGeSiGeSiSiGeSiGeGeGeGeSiSiGeGeGeGeGeSiSiSiGeSiSiGeSiGeSiGeGeGeGeGeGeGeGeGeGeSiGeSiGeGeSiGeSiGeGeSiSiGeGe
    -3997.9780273438 GeSiGeGeSiGeSiGeGeSiGeSiSiGeSiGeGeGeGeSiSiGeGeGeGeGeSiSiSiGeSiSiGeSiGeSiGeGeGeGeGeGeGeGeGeGeSiGeSiGeGeSiGeSiGeGeSiSiGeGe
    -3997.9780273438 GeSiGeGeSiGeSiGeGeSiGeSiSiGeSiGeGeGeGeSiSiGeGeGeGeGeSiSiSiGeSiSiGeSiGeSiGeGeGeGeGeGeGeGeGeGeSiGeSiGeGeSiGeSiGeGeSiSiGeGe
    -3997.9780273438 GeSiGeGeSiGeSiGeGeSiGeSiSiGeSiGeGeGeGeSiSiGeGeGeGeGeSiSiSiGeSiSiGeSiGeSiGeGeGeGeGeGeGeGeGeGeSiGeSiGeGeSiGeSiGeGeSiSiGeGe
    -3997.9780273438 GeSiGeGeSiGeSiGeGeSiGeSiSiGeSiGeGeGeGeSiSiGeGeGeGeGeSiSiSiGeSiSiGeSiGeSiGeGeGeGeGeGeGeGeGeGeSiGeSiGeGeSiGeSiGeGeSiSiGeGe
    -3997.9780273438 GeSiGeGeSiGeSiGeGeSiGeSiSiGeSiGeGeGeGeSiSiGeGeGeGeGeSiSiSiGeSiSiGeSiGeSiGeGeGeGeGeGeGeGeGeGeSiGeSiGeGeSiGeSiGeGeSiSiGeGe
    -3997.9780273438 GeSiGeGeSiGeSiGeGeSiGeSiSiGeSiGeGeGeGeSiSiGeGeGeGeGeSiSiSiGeSiSiGeSiGeSiGeGeGeGeGeGeGeGeGeGeSiGeSiGeGeSiGeSiGeGeSiSiGeGe
    -3997.9780273438 GeSiGeGeSiGeSiGeGeSiGeSiSiGeSiGeGeGeGeSiSiGeGeGeGeGeSiSiSiGeSiSiGeSiGeSiGeGeGeGeGeGeGeGeGeGeSiGeSiGeGeSiGeSiGeGeSiSiGeGe
    -3997.9780273438 GeSiGeGeSiGeSiGeGeSiGeSiSiGeSiGeGeGeGeSiSiGeGeGeGeGeSiSiSiGeSiSiGeSiGeSiGeGeGeGeGeGeGeGeGeGeSiGeSiGeGeSiGeSiGeGeSiSiGeGe
    -3997.9780273438 GeSiGeGeSiGeSiGeGeSiGeSiSiGeSiGeGeGeGeSiSiGeGeGeGeGeSiSiSiGeSiSiGeSiGeSiGeGeGeGeGeGeGeGeGeGeSiGeSiGeGeSiGeSiGeGeSiSiGeGe
    -3997.9780273438 GeSiGeGeSiGeSiGeGeSiGeSiSiGeSiGeGeGeGeSiSiGeGeGeGeGeSiSiSiGeSiSiGeSiGeSiGeGeGeGeGeGeGeGeGeGeSiGeSiGeGeSiGeSiGeGeSiSiGeGe
    -3997.9780273438 GeSiGeGeSiGeSiGeGeSiGeSiSiGeSiGeGeGeGeSiSiGeGeGeGeGeSiSiSiGeSiSiGeSiGeSiGeGeGeGeGeGeGeGeGeGeSiGeSiGeGeSiGeSiGeGeSiSiGeGe
    -3997.9780273438 GeSiGeGeSiGeSiGeGeSiGeSiSiGeSiGeGeGeGeSiSiGeGeGeGeGeSiSiSiGeSiSiGeSiGeSiGeGeGeGeGeGeGeGeGeGeSiGeSiGeGeSiGeSiGeGeSiSiGeGe
    -3997.9780273438 GeSiGeGeSiGeSiGeGeSiGeSiSiGeSiGeGeGeGeSiSiGeGeGeGeGeSiSiSiGeSiSiGeSiGeSiGeGeGeGeGeGeGeGeGeGeSiGeSiGeGeSiGeSiGeGeSiSiGeGe
    -3997.9780273438 GeSiGeGeSiGeSiGeGeSiGeSiSiGeSiGeGeGeGeSiSiGeGeGeGeGeSiSiSiGeSiSiGeSiGeSiGeGeGeGeGeGeGeGeGeGeSiGeSiGeGeSiGeSiGeGeSiSiGeGe
filename: c000001291763877.gin     
Cell:
    11.9020996    11.9020996    29.6919994    90.0000000    90.0000000   120.0000000
Box:
    11.9020996    -5.9510503     0.0000000
     0.0000000    10.3075209     0.0000000
     0.0000000     0.0000000    29.6919994
----------------------------------------
Inverse Box:
     0.0840188     0.0485083     0.0000000
     0.0000000     0.0970165     0.0000000
     0.0000000     0.0000000     0.0336791
----------------------------------------
==============================================
geometrical properties of  38 Ge:
 Configuration:           0
 D_ave:   9.14759922       3.51559687    
 D_min:   3.03772593       3.62513885E-02
 energia:  -3997.97803    
