Random Seed:   929757131
Number of atoms:    60
Space Group:    1
Cell:
    11.9020996    11.9020996    29.6919994    90.0000000    90.0000000   120.0000000
Box:
    11.9020996    -5.9510503     0.0000000
     0.0000000    10.3075209     0.0000000
     0.0000000     0.0000000    29.6919994
----------------------------------------
Inverse Box:
     0.0840188     0.0485083     0.0000000
     0.0000000     0.0970165     0.0000000
     0.0000000     0.0000000     0.0336791
----------------------------------------
GeSiSiSiSiSiSiSiSiSiSiSiSiSiSiSiSiSiSiSiSiSiSiSiSiSiSiSiSiSiSiSiGeSiSiSiSiSiSiSiSiSiSiSiSiSiSiSiSiSiSiSiSiSiSiSiSiSiSiSi
           1 Ge    -7732.92236    
GeGeSiSiSiSiSiSiSiSiSiSiSiSiSiSiSiSiSiSiSiSiSiSiSiSiSiSiSiSiSiSiGeSiSiSiSiSiSiSiSiSiSiSiSiSiSiSiSiSiSiSiSiSiSiSiSiSiSiSi
           2 Ge    -7727.56201    
GeGeGeSiSiSiSiSiSiSiSiSiSiSiSiSiSiSiSiSiSiSiSiSiSiSiSiSiSiSiSiSiGeSiSiSiSiSiSiSiSiSiSiSiSiSiSiSiSiSiSiSiSiSiSiSiSiSiSiSi
           3 Ge    -7721.04443    
GeGeGeGeSiSiSiSiSiSiSiSiSiSiSiSiSiSiSiSiSiSiSiSiSiSiSiSiSiSiSiSiGeSiSiSiSiSiSiSiSiSiSiSiSiSiSiSiSiSiSiSiSiSiSiSiSiSiSiSi
           4 Ge    -7745.21729    
GeGeGeGeGeSiSiSiSiSiSiSiSiSiSiSiSiSiSiSiSiSiSiSiSiSiSiSiSiSiSiSiGeSiSiSiSiSiSiSiSiSiSiSiSiSiSiSiSiSiSiSiSiSiSiSiSiSiSiSi
           5 Ge    -7788.82910    
GeGeGeGeGeGeSiSiSiSiSiSiSiSiSiSiSiSiSiSiSiSiSiSiSiSiSiSiSiSiSiSiGeSiSiSiSiSiSiSiSiSiSiSiSiSiSiSiSiSiSiSiSiSiSiSiSiSiSiSi
           6 Ge    -7854.91943    
GeGeGeGeGeGeGeSiSiSiSiSiSiSiSiSiSiSiSiSiSiSiSiSiSiSiSiSiSiSiSiSiGeSiSiSiSiSiSiSiSiSiSiSiSiSiSiSiSiSiSiSiSiSiSiSiSiSiSiSi
           7 Ge    -8021.40674    
GeGeGeGeGeGeGeGeSiSiSiSiSiSiSiSiSiSiSiSiSiSiSiSiSiSiSiSiSiSiSiSiGeSiSiSiSiSiSiSiSiSiSiSiSiSiSiSiSiSiSiSiSiSiSiSiSiSiSiSi
           8 Ge    -8222.85352    
GeGeGeGeGeGeGeGeSiSiSiGeSiSiSiSiSiSiSiSiSiSiSiSiSiSiSiSiSiSiSiSiGeSiSiSiSiSiSiSiSiSiSiSiSiSiSiSiSiSiSiSiSiSiSiSiSiSiSiSi
          12 Ge    -8552.27539    
GeGeGeGeGeGeGeGeSiSiSiGeGeSiSiSiSiSiSiSiSiSiSiSiSiSiSiSiSiSiSiSiGeSiSiSiSiSiSiSiSiSiSiSiSiSiSiSiSiSiSiSiSiSiSiSiSiSiSiSi
          13 Ge    -8665.47461    
GeGeGeGeGeGeGeGeSiSiSiGeGeSiSiGeSiSiSiSiSiSiSiSiSiSiSiSiSiSiSiSiGeSiSiSiSiSiSiSiSiSiSiSiSiSiSiSiSiSiSiSiSiSiSiSiSiSiSiSi
          16 Ge    -9106.37305    
GeGeGeGeGeGeGeGeSiSiSiGeGeSiSiGeSiSiSiSiSiSiSiSiSiGeSiSiSiSiSiSiGeSiSiSiSiSiSiSiSiSiSiSiSiSiSiSiSiSiSiSiSiSiSiSiSiSiSiSi
          26 Ge    -8950.44238    
GeGeGeGeGeGeGeGeSiSiSiGeGeSiSiGeSiSiSiSiSiSiSiSiSiGeSiSiGeSiSiSiGeSiSiSiSiSiSiSiSiSiSiSiSiSiSiSiSiSiSiSiSiSiSiSiSiSiSiSi
          29 Ge    -9494.06152    
GeGeGeGeGeGeGeGeSiSiSiGeGeSiSiGeSiSiSiSiSiSiSiSiSiGeSiSiGeGeSiSiGeSiSiSiSiSiSiSiSiSiSiSiSiSiSiSiSiSiSiSiSiSiSiSiSiSiSiSi
          30 Ge    -9267.38184    
GeGeGeGeGeGeGeGeSiSiSiGeGeSiSiGeSiSiSiSiSiSiSiSiSiGeSiSiGeGeSiSiGeSiSiSiGeSiSiSiSiSiSiSiSiSiSiSiSiSiSiSiSiSiSiSiSiSiSiSi
          37 Ge    -7958.15625    
GeGeGeGeGeGeGeGeSiSiSiGeGeSiSiGeSiSiSiSiSiSiSiSiSiGeSiSiGeGeSiSiGeSiSiSiGeSiGeSiSiSiSiSiSiSiSiSiSiSiSiSiSiSiSiSiSiSiSiSi
          39 Ge    -8684.22852    
GeGeGeGeGeGeGeGeSiSiSiGeGeSiSiGeSiSiSiSiSiSiSiSiSiGeSiSiGeGeSiSiGeSiSiSiGeSiGeGeSiSiSiSiSiSiSiSiSiSiSiSiSiSiSiSiSiSiSiSi
          40 Ge    -8968.53125    
GeGeGeGeGeGeGeGeSiSiSiGeGeSiSiGeSiSiSiSiSiSiSiSiSiGeSiSiGeGeSiSiGeSiSiSiGeSiGeGeSiGeSiSiSiSiSiSiSiSiSiSiSiSiSiSiSiSiSiSi
          42 Ge    -7164.98730    
GeGeGeGeGeGeGeGeSiSiSiGeGeSiSiGeSiSiSiSiSiSiSiSiSiGeSiSiGeGeSiSiGeSiSiSiGeSiGeGeSiGeSiSiSiGeSiSiSiSiSiSiSiSiSiSiSiSiSiSi
          46 Ge    -6656.13330    
GeGeGeGeGeGeGeGeSiSiSiGeGeSiSiGeSiSiSiSiSiSiSiSiSiGeSiSiGeGeSiSiGeSiSiSiGeSiGeGeSiGeSiSiSiGeSiSiSiSiSiSiSiSiSiSiGeSiSiSi
          57 Ge    -8662.76953    
GeGeGeGeGeGeGeGeSiSiSiGeGeSiSiGeSiSiSiSiSiSiSiSiSiGeSiSiGeGeSiSiGeSiSiSiGeSiGeGeSiGeSiSiSiGeSiSiSiSiSiSiSiSiSiSiGeGeSiSi
          58 Ge    -6937.59961    
GeGeGeGeGeGeGeGeGeSiSiGeGeSiSiGeSiSiSiSiSiSiSiSiSiGeSiSiGeGeSiSiGeSiSiSiGeSiGeGeSiGeSiSiSiGeSiSiSiSiSiSiSiSiSiSiGeGeSiSi
           9 Ge    -7222.13477    
GeGeGeGeGeGeGeGeGeGeSiGeGeSiSiGeSiSiSiSiSiSiSiSiSiGeSiSiGeGeSiSiGeSiSiSiGeSiGeGeSiGeSiSiSiGeSiSiSiSiSiSiSiSiSiSiGeGeSiSi
          10 Ge    -3780.32910    
GeGeGeGeGeGeGeGeGeGeGeGeGeSiSiGeSiSiSiSiSiSiSiSiSiGeSiSiGeGeSiSiGeSiSiSiGeSiGeGeSiGeSiSiSiGeSiSiSiSiSiSiSiSiSiSiGeGeSiSi
          11 Ge    -5130.86377    
GeGeGeGeGeGeGeGeGeGeGeGeGeGeSiGeSiSiSiSiSiSiSiSiSiGeSiSiGeGeSiSiGeSiSiSiGeSiGeGeSiGeSiSiSiGeSiSiSiSiSiSiSiSiSiSiGeGeSiSi
          14 Ge    -5094.28955    
GeGeGeGeGeGeGeGeGeGeGeGeGeGeGeGeSiSiSiSiSiSiSiSiSiGeSiSiGeGeSiSiGeSiSiSiGeSiGeGeSiGeSiSiSiGeSiSiSiSiSiSiSiSiSiSiGeGeSiSi
          15 Ge    -1626.14502    
GeGeGeGeGeGeGeGeGeGeGeGeGeGeGeGeSiSiSiSiSiSiGeSiSiGeSiSiGeGeSiSiGeSiSiSiGeSiGeGeSiGeSiSiSiGeSiSiSiSiSiSiSiSiSiSiGeGeSiSi
          23 Ge     2452.35254    
GeGeGeGeGeGeGeGeGeGeGeGeGeGeGeGeSiSiSiSiSiSiGeGeSiGeSiSiGeGeSiSiGeSiSiSiGeSiGeGeSiGeSiSiSiGeSiSiSiSiSiSiSiSiSiSiGeGeSiSi
          24 Ge     7386.30029    
GeGeGeGeGeGeGeGeGeGeGeGeGeGeGeGeSiSiSiSiSiSiGeGeSiGeSiGeGeGeSiSiGeSiSiSiGeSiGeGeSiGeSiSiSiGeSiSiSiSiSiSiSiSiSiSiGeGeSiSi
          28 Ge     9765.13184    
GeGeGeGeGeGeGeGeGeGeGeGeGeGeGeGeSiSiSiSiSiSiGeGeSiGeSiGeGeGeSiSiGeSiSiSiGeSiGeGeSiGeSiGeSiGeSiSiSiSiSiSiSiSiSiSiGeGeSiSi
          44 Ge     10958.8369    
GeGeGeGeGeGeGeGeGeGeGeGeGeGeGeGeSiSiSiSiSiSiGeGeSiGeSiGeGeGeSiSiGeSiSiSiGeSiGeGeSiGeSiGeSiGeSiSiSiSiGeSiSiSiSiSiGeGeSiSi
          51 Ge     13793.3145    
GeGeGeGeGeGeGeGeGeGeGeGeGeGeGeGeGeSiSiSiSiSiGeGeSiGeSiGeGeGeSiSiGeSiSiSiGeSiGeGeSiGeSiGeSiGeSiSiSiSiGeSiSiSiSiSiGeGeSiSi
          17 Ge     19758.7910    
GeGeGeGeGeGeGeGeGeGeGeGeGeGeGeGeGeGeSiSiSiSiGeGeSiGeSiGeGeGeSiSiGeSiSiSiGeSiGeGeSiGeSiGeSiGeSiSiSiSiGeSiSiSiSiSiGeGeSiSi
          18 Ge     23940.4199    
GeGeGeGeGeGeGeGeGeGeGeGeGeGeGeGeGeGeSiSiGeSiGeGeSiGeSiGeGeGeSiSiGeSiSiSiGeSiGeGeSiGeSiGeSiGeSiSiSiSiGeSiSiSiSiSiGeGeSiSi
          21 Ge     35073.3047    
GeGeGeGeGeGeGeGeGeGeGeGeGeGeGeGeGeGeSiSiGeGeGeGeSiGeSiGeGeGeSiSiGeSiSiSiGeSiGeGeSiGeSiGeSiGeSiSiSiSiGeSiSiSiSiSiGeGeSiSi
          22 Ge     45853.5234    
GeGeGeGeGeGeGeGeGeGeGeGeGeGeGeGeGeGeSiSiGeGeGeGeSiGeSiGeGeGeGeSiGeSiSiSiGeSiGeGeSiGeSiGeSiGeSiSiSiSiGeSiSiSiSiSiGeGeSiSi
          31 Ge     51147.7266    
GeGeGeGeGeGeGeGeGeGeGeGeGeGeGeGeGeGeSiSiGeGeGeGeSiGeSiGeGeGeGeGeGeSiSiSiGeSiGeGeSiGeSiGeSiGeSiSiSiSiGeSiSiSiSiSiGeGeSiSi
          32 Ge     57072.1172    
GeGeGeGeGeGeGeGeGeGeGeGeGeGeGeGeGeGeSiSiGeGeGeGeSiGeSiGeGeGeGeGeGeSiSiSiGeSiGeGeSiGeSiGeGeGeSiSiSiSiGeSiSiSiSiSiGeGeSiSi
          45 Ge     74914.1328    
GeGeGeGeGeGeGeGeGeGeGeGeGeGeGeGeGeGeSiSiGeGeGeGeSiGeSiGeGeGeGeGeGeSiSiSiGeSiGeGeSiGeSiGeGeGeSiSiGeSiGeSiSiSiSiSiGeGeSiSi
          49 Ge     91892.2422    
==============================================
MonteCarlo: Metropolis with identity changes
Si > Ge, Ge > Si. STOP when occurrence <    0.00000
==============================================
Cost_function     Occurrence %     Scan-Cost
    30851.6992187500 SiGeGeSiGeGeGeSiGeSiSiGeSiGeGeGeSiGeSiGeGeGeGeSiGeGeGeGeGeGeGeSiGeGeSiGeGeSiGeSiSiSiGeGeSiSiGeSiGeSiGeGeGeGeGeGeGeGeSiGe
    30841.2968750000 SiGeSiGeSiGeSiGeSiGeGeGeGeGeGeGeGeGeSiGeGeSiGeGeGeGeSiGeGeGeGeGeGeSiSiSiGeGeGeGeSiSiGeGeGeGeSiGeSiSiSiGeSiSiSiGeGeGeGeGe
    30841.2968750000 SiGeSiGeSiGeSiGeSiGeGeGeGeGeGeGeGeGeSiGeGeSiGeGeGeGeSiGeGeGeGeGeGeSiSiSiGeGeGeGeSiSiGeGeGeGeSiGeSiSiSiGeSiSiSiGeGeGeGeGe
    19760.8984375000 GeSiGeSiGeGeGeSiGeSiSiSiGeGeGeGeGeSiGeGeGeGeGeGeSiGeSiSiSiGeGeGeGeGeSiSiGeSiGeGeGeGeGeGeGeSiSiGeSiGeGeGeGeGeGeSiGeSiGeSi
    19760.8984375000 GeSiGeSiGeGeGeSiGeSiSiSiGeGeGeGeGeSiGeGeGeGeGeGeSiGeSiSiSiGeGeGeGeGeSiSiGeSiGeGeGeGeGeGeGeSiSiGeSiGeGeGeGeGeGeSiGeSiGeSi
    15626.5449218750 SiSiGeGeSiSiGeGeGeSiSiSiGeGeGeGeGeSiGeGeGeGeGeGeSiGeSiSiSiGeGeGeGeGeGeGeGeSiSiGeGeGeGeGeGeGeGeSiGeGeGeGeGeGeSiSiSiSiSiGe
    15626.5449218750 SiSiGeGeSiSiGeGeGeSiSiSiGeGeGeGeGeSiGeGeGeGeGeGeSiGeSiSiSiGeGeGeGeGeGeGeGeSiSiGeGeGeGeGeGeGeGeSiGeGeGeGeGeGeSiSiSiSiSiGe
    15626.5449218750 SiSiGeGeSiSiGeGeGeSiSiSiGeGeGeGeGeSiGeGeGeGeGeGeSiGeSiSiSiGeGeGeGeGeGeGeGeSiSiGeGeGeGeGeGeGeGeSiGeGeGeGeGeGeSiSiSiSiSiGe
    15626.5449218750 SiSiGeGeSiSiGeGeGeSiSiSiGeGeGeGeGeSiGeGeGeGeGeGeSiGeSiSiSiGeGeGeGeGeGeGeGeSiSiGeGeGeGeGeGeGeGeSiGeGeGeGeGeGeSiSiSiSiSiGe
    14304.9492187500 SiGeGeGeSiSiGeGeGeSiSiGeGeGeGeGeGeSiGeGeSiGeGeGeSiGeSiSiSiGeGeGeGeGeGeGeGeSiSiGeGeGeGeGeGeGeSiSiGeGeGeGeGeGeSiSiSiSiSiGe
     9740.9453125000 SiGeGeGeSiSiGeGeGeSiSiSiGeGeGeGeGeSiGeGeSiGeGeGeSiGeSiSiGeGeGeGeGeGeGeGeGeSiSiGeGeGeGeGeGeGeSiSiGeGeGeGeGeGeSiSiSiSiSiGe
     9740.9453125000 SiGeGeGeSiSiGeGeGeSiSiSiGeGeGeGeGeSiGeGeSiGeGeGeSiGeSiSiGeGeGeGeGeGeGeGeGeSiSiGeGeGeGeGeGeGeSiSiGeGeGeGeGeGeSiSiSiSiSiGe
     9740.9453125000 SiGeGeGeSiSiGeGeGeSiSiSiGeGeGeGeGeSiGeGeSiGeGeGeSiGeSiSiGeGeGeGeGeGeGeGeGeSiSiGeGeGeGeGeGeGeSiSiGeGeGeGeGeGeSiSiSiSiSiGe
     9740.9453125000 SiGeGeGeSiSiGeGeGeSiSiSiGeGeGeGeGeSiGeGeSiGeGeGeSiGeSiSiGeGeGeGeGeGeGeGeGeSiSiGeGeGeGeGeGeGeSiSiGeGeGeGeGeGeSiSiSiSiSiGe
     9740.9453125000 SiGeGeGeSiSiGeGeGeSiSiSiGeGeGeGeGeSiGeGeSiGeGeGeSiGeSiSiGeGeGeGeGeGeGeGeGeSiSiGeGeGeGeGeGeGeSiSiGeGeGeGeGeGeSiSiSiSiSiGe
     9740.9453125000 SiGeGeGeSiSiGeGeGeSiSiSiGeGeGeGeGeSiGeGeSiGeGeGeSiGeSiSiGeGeGeGeGeGeGeGeGeSiSiGeGeGeGeGeGeGeSiSiGeGeGeGeGeGeSiSiSiSiSiGe
     9740.9453125000 SiGeGeGeSiSiGeGeGeSiSiSiGeGeGeGeGeSiGeGeSiGeGeGeSiGeSiSiGeGeGeGeGeGeGeGeGeSiSiGeGeGeGeGeGeGeSiSiGeGeGeGeGeGeSiSiSiSiSiGe
     9740.9453125000 SiGeGeGeSiSiGeGeGeSiSiSiGeGeGeGeGeSiGeGeSiGeGeGeSiGeSiSiGeGeGeGeGeGeGeGeGeSiSiGeGeGeGeGeGeGeSiSiGeGeGeGeGeGeSiSiSiSiSiGe
     9740.9453125000 SiGeGeGeSiSiGeGeGeSiSiSiGeGeGeGeGeSiGeGeSiGeGeGeSiGeSiSiGeGeGeGeGeGeGeGeGeSiSiGeGeGeGeGeGeGeSiSiGeGeGeGeGeGeSiSiSiSiSiGe
     6901.2954101562 SiGeGeGeSiSiGeGeGeSiSiSiGeGeGeGeGeSiGeGeSiGeGeGeGeGeSiSiGeGeGeGeGeGeGeGeSiSiSiGeGeGeGeGeGeGeSiSiGeGeGeGeGeGeSiSiSiSiSiGe
     6901.2954101562 SiGeGeGeSiSiGeGeGeSiSiSiGeGeGeGeGeSiGeGeSiGeGeGeGeGeSiSiGeGeGeGeGeGeGeGeSiSiSiGeGeGeGeGeGeGeSiSiGeGeGeGeGeGeSiSiSiSiSiGe
     6901.2954101562 SiGeGeGeSiSiGeGeGeSiSiSiGeGeGeGeGeSiGeGeSiGeGeGeGeGeSiSiGeGeGeGeGeGeGeGeSiSiSiGeGeGeGeGeGeGeSiSiGeGeGeGeGeGeSiSiSiSiSiGe
     6901.2954101562 SiGeGeGeSiSiGeGeGeSiSiSiGeGeGeGeGeSiGeGeSiGeGeGeGeGeSiSiGeGeGeGeGeGeGeGeSiSiSiGeGeGeGeGeGeGeSiSiGeGeGeGeGeGeSiSiSiSiSiGe
     6901.2954101562 SiGeGeGeSiSiGeGeGeSiSiSiGeGeGeGeGeSiGeGeSiGeGeGeGeGeSiSiGeGeGeGeGeGeGeGeSiSiSiGeGeGeGeGeGeGeSiSiGeGeGeGeGeGeSiSiSiSiSiGe
     6901.2954101562 SiGeGeGeSiSiGeGeGeSiSiSiGeGeGeGeGeSiGeGeSiGeGeGeGeGeSiSiGeGeGeGeGeGeGeGeSiSiSiGeGeGeGeGeGeGeSiSiGeGeGeGeGeGeSiSiSiSiSiGe
     6901.2954101562 SiGeGeGeSiSiGeGeGeSiSiSiGeGeGeGeGeSiGeGeSiGeGeGeGeGeSiSiGeGeGeGeGeGeGeGeSiSiSiGeGeGeGeGeGeGeSiSiGeGeGeGeGeGeSiSiSiSiSiGe
     6901.2954101562 SiGeGeGeSiSiGeGeGeSiSiSiGeGeGeGeGeSiGeGeSiGeGeGeGeGeSiSiGeGeGeGeGeGeGeGeSiSiSiGeGeGeGeGeGeGeSiSiGeGeGeGeGeGeSiSiSiSiSiGe
     6901.2954101562 SiGeGeGeSiSiGeGeGeSiSiSiGeGeGeGeGeSiGeGeSiGeGeGeGeGeSiSiGeGeGeGeGeGeGeGeSiSiSiGeGeGeGeGeGeGeSiSiGeGeGeGeGeGeSiSiSiSiSiGe
     6901.2954101562 SiGeGeGeSiSiGeGeGeSiSiSiGeGeGeGeGeSiGeGeSiGeGeGeGeGeSiSiGeGeGeGeGeGeGeGeSiSiSiGeGeGeGeGeGeGeSiSiGeGeGeGeGeGeSiSiSiSiSiGe
     6901.2954101562 SiGeGeGeSiSiGeGeGeSiSiSiGeGeGeGeGeSiGeGeSiGeGeGeGeGeSiSiGeGeGeGeGeGeGeGeSiSiSiGeGeGeGeGeGeGeSiSiGeGeGeGeGeGeSiSiSiSiSiGe
     6901.2954101562 SiGeGeGeSiSiGeGeGeSiSiSiGeGeGeGeGeSiGeGeSiGeGeGeGeGeSiSiGeGeGeGeGeGeGeGeSiSiSiGeGeGeGeGeGeGeSiSiGeGeGeGeGeGeSiSiSiSiSiGe
     6901.2954101562 SiGeGeGeSiSiGeGeGeSiSiSiGeGeGeGeGeSiGeGeSiGeGeGeGeGeSiSiGeGeGeGeGeGeGeGeSiSiSiGeGeGeGeGeGeGeSiSiGeGeGeGeGeGeSiSiSiSiSiGe
     6901.2954101562 SiGeGeGeSiSiGeGeGeSiSiSiGeGeGeGeGeSiGeGeSiGeGeGeGeGeSiSiGeGeGeGeGeGeGeGeSiSiSiGeGeGeGeGeGeGeSiSiGeGeGeGeGeGeSiSiSiSiSiGe
     6901.2954101562 SiGeGeGeSiSiGeGeGeSiSiSiGeGeGeGeGeSiGeGeSiGeGeGeGeGeSiSiGeGeGeGeGeGeGeGeSiSiSiGeGeGeGeGeGeGeSiSiGeGeGeGeGeGeSiSiSiSiSiGe
     6901.2954101562 SiGeGeGeSiSiGeGeGeSiSiSiGeGeGeGeGeSiGeGeSiGeGeGeGeGeSiSiGeGeGeGeGeGeGeGeSiSiSiGeGeGeGeGeGeGeSiSiGeGeGeGeGeGeSiSiSiSiSiGe
     6901.2954101562 SiGeGeGeSiSiGeGeGeSiSiSiGeGeGeGeGeSiGeGeSiGeGeGeGeGeSiSiGeGeGeGeGeGeGeGeSiSiSiGeGeGeGeGeGeGeSiSiGeGeGeGeGeGeSiSiSiSiSiGe
     6901.2954101562 SiGeGeGeSiSiGeGeGeSiSiSiGeGeGeGeGeSiGeGeSiGeGeGeGeGeSiSiGeGeGeGeGeGeGeGeSiSiSiGeGeGeGeGeGeGeSiSiGeGeGeGeGeGeSiSiSiSiSiGe
     6901.2954101562 SiGeGeGeSiSiGeGeGeSiSiSiGeGeGeGeGeSiGeGeSiGeGeGeGeGeSiSiGeGeGeGeGeGeGeGeSiSiSiGeGeGeGeGeGeGeSiSiGeGeGeGeGeGeSiSiSiSiSiGe
     6901.2954101562 SiGeGeGeSiSiGeGeGeSiSiSiGeGeGeGeGeSiGeGeSiGeGeGeGeGeSiSiGeGeGeGeGeGeGeGeSiSiSiGeGeGeGeGeGeGeSiSiGeGeGeGeGeGeSiSiSiSiSiGe
     6901.2954101562 SiGeGeGeSiSiGeGeGeSiSiSiGeGeGeGeGeSiGeGeSiGeGeGeGeGeSiSiGeGeGeGeGeGeGeGeSiSiSiGeGeGeGeGeGeGeSiSiGeGeGeGeGeGeSiSiSiSiSiGe
     6901.2954101562 SiGeGeGeSiSiGeGeGeSiSiSiGeGeGeGeGeSiGeGeSiGeGeGeGeGeSiSiGeGeGeGeGeGeGeGeSiSiSiGeGeGeGeGeGeGeSiSiGeGeGeGeGeGeSiSiSiSiSiGe
     6901.2954101562 SiGeGeGeSiSiGeGeGeSiSiSiGeGeGeGeGeSiGeGeSiGeGeGeGeGeSiSiGeGeGeGeGeGeGeGeSiSiSiGeGeGeGeGeGeGeSiSiGeGeGeGeGeGeSiSiSiSiSiGe
     6901.2954101562 SiGeGeGeSiSiGeGeGeSiSiSiGeGeGeGeGeSiGeGeSiGeGeGeGeGeSiSiGeGeGeGeGeGeGeGeSiSiSiGeGeGeGeGeGeGeSiSiGeGeGeGeGeGeSiSiSiSiSiGe
     6901.2954101562 SiGeGeGeSiSiGeGeGeSiSiSiGeGeGeGeGeSiGeGeSiGeGeGeGeGeSiSiGeGeGeGeGeGeGeGeSiSiSiGeGeGeGeGeGeGeSiSiGeGeGeGeGeGeSiSiSiSiSiGe
     6901.2954101562 SiGeGeGeSiSiGeGeGeSiSiSiGeGeGeGeGeSiGeGeSiGeGeGeGeGeSiSiGeGeGeGeGeGeGeGeSiSiSiGeGeGeGeGeGeGeSiSiGeGeGeGeGeGeSiSiSiSiSiGe
     6901.2954101562 SiGeGeGeSiSiGeGeGeSiSiSiGeGeGeGeGeSiGeGeSiGeGeGeGeGeSiSiGeGeGeGeGeGeGeGeSiSiSiGeGeGeGeGeGeGeSiSiGeGeGeGeGeGeSiSiSiSiSiGe
     6901.2954101562 SiGeGeGeSiSiGeGeGeSiSiSiGeGeGeGeGeSiGeGeSiGeGeGeGeGeSiSiGeGeGeGeGeGeGeGeSiSiSiGeGeGeGeGeGeGeSiSiGeGeGeGeGeGeSiSiSiSiSiGe
     6901.2954101562 SiGeGeGeSiSiGeGeGeSiSiSiGeGeGeGeGeSiGeGeSiGeGeGeGeGeSiSiGeGeGeGeGeGeGeGeSiSiSiGeGeGeGeGeGeGeSiSiGeGeGeGeGeGeSiSiSiSiSiGe
     6901.2954101562 SiGeGeGeSiSiGeGeGeSiSiSiGeGeGeGeGeSiGeGeSiGeGeGeGeGeSiSiGeGeGeGeGeGeGeGeSiSiSiGeGeGeGeGeGeGeSiSiGeGeGeGeGeGeSiSiSiSiSiGe
     6901.2954101562 SiGeGeGeSiSiGeGeGeSiSiSiGeGeGeGeGeSiGeGeSiGeGeGeGeGeSiSiGeGeGeGeGeGeGeGeSiSiSiGeGeGeGeGeGeGeSiSiGeGeGeGeGeGeSiSiSiSiSiGe
     6901.2954101562 SiGeGeGeSiSiGeGeGeSiSiSiGeGeGeGeGeSiGeGeSiGeGeGeGeGeSiSiGeGeGeGeGeGeGeGeSiSiSiGeGeGeGeGeGeGeSiSiGeGeGeGeGeGeSiSiSiSiSiGe
     6901.2954101562 SiGeGeGeSiSiGeGeGeSiSiSiGeGeGeGeGeSiGeGeSiGeGeGeGeGeSiSiGeGeGeGeGeGeGeGeSiSiSiGeGeGeGeGeGeGeSiSiGeGeGeGeGeGeSiSiSiSiSiGe
     6901.2954101562 SiGeGeGeSiSiGeGeGeSiSiSiGeGeGeGeGeSiGeGeSiGeGeGeGeGeSiSiGeGeGeGeGeGeGeGeSiSiSiGeGeGeGeGeGeGeSiSiGeGeGeGeGeGeSiSiSiSiSiGe
     6901.2954101562 SiGeGeGeSiSiGeGeGeSiSiSiGeGeGeGeGeSiGeGeSiGeGeGeGeGeSiSiGeGeGeGeGeGeGeGeSiSiSiGeGeGeGeGeGeGeSiSiGeGeGeGeGeGeSiSiSiSiSiGe
     6901.2954101562 SiGeGeGeSiSiGeGeGeSiSiSiGeGeGeGeGeSiGeGeSiGeGeGeGeGeSiSiGeGeGeGeGeGeGeGeSiSiSiGeGeGeGeGeGeGeSiSiGeGeGeGeGeGeSiSiSiSiSiGe
     6901.2954101562 SiGeGeGeSiSiGeGeGeSiSiSiGeGeGeGeGeSiGeGeSiGeGeGeGeGeSiSiGeGeGeGeGeGeGeGeSiSiSiGeGeGeGeGeGeGeSiSiGeGeGeGeGeGeSiSiSiSiSiGe
     6901.2954101562 SiGeGeGeSiSiGeGeGeSiSiSiGeGeGeGeGeSiGeGeSiGeGeGeGeGeSiSiGeGeGeGeGeGeGeGeSiSiSiGeGeGeGeGeGeGeSiSiGeGeGeGeGeGeSiSiSiSiSiGe
     6901.2954101562 SiGeGeGeSiSiGeGeGeSiSiSiGeGeGeGeGeSiGeGeSiGeGeGeGeGeSiSiGeGeGeGeGeGeGeGeSiSiSiGeGeGeGeGeGeGeSiSiGeGeGeGeGeGeSiSiSiSiSiGe
     6901.2954101562 SiGeGeGeSiSiGeGeGeSiSiSiGeGeGeGeGeSiGeGeSiGeGeGeGeGeSiSiGeGeGeGeGeGeGeGeSiSiSiGeGeGeGeGeGeGeSiSiGeGeGeGeGeGeSiSiSiSiSiGe
     6901.2954101562 SiGeGeGeSiSiGeGeGeSiSiSiGeGeGeGeGeSiGeGeSiGeGeGeGeGeSiSiGeGeGeGeGeGeGeGeSiSiSiGeGeGeGeGeGeGeSiSiGeGeGeGeGeGeSiSiSiSiSiGe
     6901.2954101562 SiGeGeGeSiSiGeGeGeSiSiSiGeGeGeGeGeSiGeGeSiGeGeGeGeGeSiSiGeGeGeGeGeGeGeGeSiSiSiGeGeGeGeGeGeGeSiSiGeGeGeGeGeGeSiSiSiSiSiGe
     6901.2954101562 SiGeGeGeSiSiGeGeGeSiSiSiGeGeGeGeGeSiGeGeSiGeGeGeGeGeSiSiGeGeGeGeGeGeGeGeSiSiSiGeGeGeGeGeGeGeSiSiGeGeGeGeGeGeSiSiSiSiSiGe
     6901.2954101562 SiGeGeGeSiSiGeGeGeSiSiSiGeGeGeGeGeSiGeGeSiGeGeGeGeGeSiSiGeGeGeGeGeGeGeGeSiSiSiGeGeGeGeGeGeGeSiSiGeGeGeGeGeGeSiSiSiSiSiGe
     6901.2954101562 SiGeGeGeSiSiGeGeGeSiSiSiGeGeGeGeGeSiGeGeSiGeGeGeGeGeSiSiGeGeGeGeGeGeGeGeSiSiSiGeGeGeGeGeGeGeSiSiGeGeGeGeGeGeSiSiSiSiSiGe
     6901.2954101562 SiGeGeGeSiSiGeGeGeSiSiSiGeGeGeGeGeSiGeGeSiGeGeGeGeGeSiSiGeGeGeGeGeGeGeGeSiSiSiGeGeGeGeGeGeGeSiSiGeGeGeGeGeGeSiSiSiSiSiGe
     6901.2954101562 SiGeGeGeSiSiGeGeGeSiSiSiGeGeGeGeGeSiGeGeSiGeGeGeGeGeSiSiGeGeGeGeGeGeGeGeSiSiSiGeGeGeGeGeGeGeSiSiGeGeGeGeGeGeSiSiSiSiSiGe
     6901.2954101562 SiGeGeGeSiSiGeGeGeSiSiSiGeGeGeGeGeSiGeGeSiGeGeGeGeGeSiSiGeGeGeGeGeGeGeGeSiSiSiGeGeGeGeGeGeGeSiSiGeGeGeGeGeGeSiSiSiSiSiGe
     6901.2954101562 SiGeGeGeSiSiGeGeGeSiSiSiGeGeGeGeGeSiGeGeSiGeGeGeGeGeSiSiGeGeGeGeGeGeGeGeSiSiSiGeGeGeGeGeGeGeSiSiGeGeGeGeGeGeSiSiSiSiSiGe
     6901.2954101562 SiGeGeGeSiSiGeGeGeSiSiSiGeGeGeGeGeSiGeGeSiGeGeGeGeGeSiSiGeGeGeGeGeGeGeGeSiSiSiGeGeGeGeGeGeGeSiSiGeGeGeGeGeGeSiSiSiSiSiGe
     6901.2954101562 SiGeGeGeSiSiGeGeGeSiSiSiGeGeGeGeGeSiGeGeSiGeGeGeGeGeSiSiGeGeGeGeGeGeGeGeSiSiSiGeGeGeGeGeGeGeSiSiGeGeGeGeGeGeSiSiSiSiSiGe
     6901.2954101562 SiGeGeGeSiSiGeGeGeSiSiSiGeGeGeGeGeSiGeGeSiGeGeGeGeGeSiSiGeGeGeGeGeGeGeGeSiSiSiGeGeGeGeGeGeGeSiSiGeGeGeGeGeGeSiSiSiSiSiGe
     6901.2954101562 SiGeGeGeSiSiGeGeGeSiSiSiGeGeGeGeGeSiGeGeSiGeGeGeGeGeSiSiGeGeGeGeGeGeGeGeSiSiSiGeGeGeGeGeGeGeSiSiGeGeGeGeGeGeSiSiSiSiSiGe
     6901.2954101562 SiGeGeGeSiSiGeGeGeSiSiSiGeGeGeGeGeSiGeGeSiGeGeGeGeGeSiSiGeGeGeGeGeGeGeGeSiSiSiGeGeGeGeGeGeGeSiSiGeGeGeGeGeGeSiSiSiSiSiGe
     6901.2954101562 SiGeGeGeSiSiGeGeGeSiSiSiGeGeGeGeGeSiGeGeSiGeGeGeGeGeSiSiGeGeGeGeGeGeGeGeSiSiSiGeGeGeGeGeGeGeSiSiGeGeGeGeGeGeSiSiSiSiSiGe
     6901.2954101562 SiGeGeGeSiSiGeGeGeSiSiSiGeGeGeGeGeSiGeGeSiGeGeGeGeGeSiSiGeGeGeGeGeGeGeGeSiSiSiGeGeGeGeGeGeGeSiSiGeGeGeGeGeGeSiSiSiSiSiGe
     6901.2954101562 SiGeGeGeSiSiGeGeGeSiSiSiGeGeGeGeGeSiGeGeSiGeGeGeGeGeSiSiGeGeGeGeGeGeGeGeSiSiSiGeGeGeGeGeGeGeSiSiGeGeGeGeGeGeSiSiSiSiSiGe
     6901.2954101562 SiGeGeGeSiSiGeGeGeSiSiSiGeGeGeGeGeSiGeGeSiGeGeGeGeGeSiSiGeGeGeGeGeGeGeGeSiSiSiGeGeGeGeGeGeGeSiSiGeGeGeGeGeGeSiSiSiSiSiGe
     6901.2954101562 SiGeGeGeSiSiGeGeGeSiSiSiGeGeGeGeGeSiGeGeSiGeGeGeGeGeSiSiGeGeGeGeGeGeGeGeSiSiSiGeGeGeGeGeGeGeSiSiGeGeGeGeGeGeSiSiSiSiSiGe
     6901.2954101562 SiGeGeGeSiSiGeGeGeSiSiSiGeGeGeGeGeSiGeGeSiGeGeGeGeGeSiSiGeGeGeGeGeGeGeGeSiSiSiGeGeGeGeGeGeGeSiSiGeGeGeGeGeGeSiSiSiSiSiGe
     6901.2954101562 SiGeGeGeSiSiGeGeGeSiSiSiGeGeGeGeGeSiGeGeSiGeGeGeGeGeSiSiGeGeGeGeGeGeGeGeSiSiSiGeGeGeGeGeGeGeSiSiGeGeGeGeGeGeSiSiSiSiSiGe
     6901.2954101562 SiGeGeGeSiSiGeGeGeSiSiSiGeGeGeGeGeSiGeGeSiGeGeGeGeGeSiSiGeGeGeGeGeGeGeGeSiSiSiGeGeGeGeGeGeGeSiSiGeGeGeGeGeGeSiSiSiSiSiGe
     6901.2954101562 SiGeGeGeSiSiGeGeGeSiSiSiGeGeGeGeGeSiGeGeSiGeGeGeGeGeSiSiGeGeGeGeGeGeGeGeSiSiSiGeGeGeGeGeGeGeSiSiGeGeGeGeGeGeSiSiSiSiSiGe
     6901.2954101562 SiGeGeGeSiSiGeGeGeSiSiSiGeGeGeGeGeSiGeGeSiGeGeGeGeGeSiSiGeGeGeGeGeGeGeGeSiSiSiGeGeGeGeGeGeGeSiSiGeGeGeGeGeGeSiSiSiSiSiGe
     6901.2954101562 SiGeGeGeSiSiGeGeGeSiSiSiGeGeGeGeGeSiGeGeSiGeGeGeGeGeSiSiGeGeGeGeGeGeGeGeSiSiSiGeGeGeGeGeGeGeSiSiGeGeGeGeGeGeSiSiSiSiSiGe
     6901.2954101562 SiGeGeGeSiSiGeGeGeSiSiSiGeGeGeGeGeSiGeGeSiGeGeGeGeGeSiSiGeGeGeGeGeGeGeGeSiSiSiGeGeGeGeGeGeGeSiSiGeGeGeGeGeGeSiSiSiSiSiGe
     6901.2954101562 SiGeGeGeSiSiGeGeGeSiSiSiGeGeGeGeGeSiGeGeSiGeGeGeGeGeSiSiGeGeGeGeGeGeGeGeSiSiSiGeGeGeGeGeGeGeSiSiGeGeGeGeGeGeSiSiSiSiSiGe
     6901.2954101562 SiGeGeGeSiSiGeGeGeSiSiSiGeGeGeGeGeSiGeGeSiGeGeGeGeGeSiSiGeGeGeGeGeGeGeGeSiSiSiGeGeGeGeGeGeGeSiSiGeGeGeGeGeGeSiSiSiSiSiGe
     6901.2954101562 SiGeGeGeSiSiGeGeGeSiSiSiGeGeGeGeGeSiGeGeSiGeGeGeGeGeSiSiGeGeGeGeGeGeGeGeSiSiSiGeGeGeGeGeGeGeSiSiGeGeGeGeGeGeSiSiSiSiSiGe
     6901.2954101562 SiGeGeGeSiSiGeGeGeSiSiSiGeGeGeGeGeSiGeGeSiGeGeGeGeGeSiSiGeGeGeGeGeGeGeGeSiSiSiGeGeGeGeGeGeGeSiSiGeGeGeGeGeGeSiSiSiSiSiGe
     6901.2954101562 SiGeGeGeSiSiGeGeGeSiSiSiGeGeGeGeGeSiGeGeSiGeGeGeGeGeSiSiGeGeGeGeGeGeGeGeSiSiSiGeGeGeGeGeGeGeSiSiGeGeGeGeGeGeSiSiSiSiSiGe
     6901.2954101562 SiGeGeGeSiSiGeGeGeSiSiSiGeGeGeGeGeSiGeGeSiGeGeGeGeGeSiSiGeGeGeGeGeGeGeGeSiSiSiGeGeGeGeGeGeGeSiSiGeGeGeGeGeGeSiSiSiSiSiGe
     6901.2954101562 SiGeGeGeSiSiGeGeGeSiSiSiGeGeGeGeGeSiGeGeSiGeGeGeGeGeSiSiGeGeGeGeGeGeGeGeSiSiSiGeGeGeGeGeGeGeSiSiGeGeGeGeGeGeSiSiSiSiSiGe
     6901.2954101562 SiGeGeGeSiSiGeGeGeSiSiSiGeGeGeGeGeSiGeGeSiGeGeGeGeGeSiSiGeGeGeGeGeGeGeGeSiSiSiGeGeGeGeGeGeGeSiSiGeGeGeGeGeGeSiSiSiSiSiGe
     6901.2954101562 SiGeGeGeSiSiGeGeGeSiSiSiGeGeGeGeGeSiGeGeSiGeGeGeGeGeSiSiGeGeGeGeGeGeGeGeSiSiSiGeGeGeGeGeGeGeSiSiGeGeGeGeGeGeSiSiSiSiSiGe
     6901.2954101562 SiGeGeGeSiSiGeGeGeSiSiSiGeGeGeGeGeSiGeGeSiGeGeGeGeGeSiSiGeGeGeGeGeGeGeGeSiSiSiGeGeGeGeGeGeGeSiSiGeGeGeGeGeGeSiSiSiSiSiGe
     6901.2954101562 SiGeGeGeSiSiGeGeGeSiSiSiGeGeGeGeGeSiGeGeSiGeGeGeGeGeSiSiGeGeGeGeGeGeGeGeSiSiSiGeGeGeGeGeGeGeSiSiGeGeGeGeGeGeSiSiSiSiSiGe
     6901.2954101562 SiGeGeGeSiSiGeGeGeSiSiSiGeGeGeGeGeSiGeGeSiGeGeGeGeGeSiSiGeGeGeGeGeGeGeGeSiSiSiGeGeGeGeGeGeGeSiSiGeGeGeGeGeGeSiSiSiSiSiGe
     6901.2954101562 SiGeGeGeSiSiGeGeGeSiSiSiGeGeGeGeGeSiGeGeSiGeGeGeGeGeSiSiGeGeGeGeGeGeGeGeSiSiSiGeGeGeGeGeGeGeSiSiGeGeGeGeGeGeSiSiSiSiSiGe
     6901.2954101562 SiGeGeGeSiSiGeGeGeSiSiSiGeGeGeGeGeSiGeGeSiGeGeGeGeGeSiSiGeGeGeGeGeGeGeGeSiSiSiGeGeGeGeGeGeGeSiSiGeGeGeGeGeGeSiSiSiSiSiGe
     6901.2954101562 SiGeGeGeSiSiGeGeGeSiSiSiGeGeGeGeGeSiGeGeSiGeGeGeGeGeSiSiGeGeGeGeGeGeGeGeSiSiSiGeGeGeGeGeGeGeSiSiGeGeGeGeGeGeSiSiSiSiSiGe
     6901.2954101562 SiGeGeGeSiSiGeGeGeSiSiSiGeGeGeGeGeSiGeGeSiGeGeGeGeGeSiSiGeGeGeGeGeGeGeGeSiSiSiGeGeGeGeGeGeGeSiSiGeGeGeGeGeGeSiSiSiSiSiGe
     6901.2954101562 SiGeGeGeSiSiGeGeGeSiSiSiGeGeGeGeGeSiGeGeSiGeGeGeGeGeSiSiGeGeGeGeGeGeGeGeSiSiSiGeGeGeGeGeGeGeSiSiGeGeGeGeGeGeSiSiSiSiSiGe
     6901.2954101562 SiGeGeGeSiSiGeGeGeSiSiSiGeGeGeGeGeSiGeGeSiGeGeGeGeGeSiSiGeGeGeGeGeGeGeGeSiSiSiGeGeGeGeGeGeGeSiSiGeGeGeGeGeGeSiSiSiSiSiGe
     6901.2954101562 SiGeGeGeSiSiGeGeGeSiSiSiGeGeGeGeGeSiGeGeSiGeGeGeGeGeSiSiGeGeGeGeGeGeGeGeSiSiSiGeGeGeGeGeGeGeSiSiGeGeGeGeGeGeSiSiSiSiSiGe
     6901.2954101562 SiGeGeGeSiSiGeGeGeSiSiSiGeGeGeGeGeSiGeGeSiGeGeGeGeGeSiSiGeGeGeGeGeGeGeGeSiSiSiGeGeGeGeGeGeGeSiSiGeGeGeGeGeGeSiSiSiSiSiGe
     6901.2954101562 SiGeGeGeSiSiGeGeGeSiSiSiGeGeGeGeGeSiGeGeSiGeGeGeGeGeSiSiGeGeGeGeGeGeGeGeSiSiSiGeGeGeGeGeGeGeSiSiGeGeGeGeGeGeSiSiSiSiSiGe
     6901.2954101562 SiGeGeGeSiSiGeGeGeSiSiSiGeGeGeGeGeSiGeGeSiGeGeGeGeGeSiSiGeGeGeGeGeGeGeGeSiSiSiGeGeGeGeGeGeGeSiSiGeGeGeGeGeGeSiSiSiSiSiGe
     6901.2954101562 SiGeGeGeSiSiGeGeGeSiSiSiGeGeGeGeGeSiGeGeSiGeGeGeGeGeSiSiGeGeGeGeGeGeGeGeSiSiSiGeGeGeGeGeGeGeSiSiGeGeGeGeGeGeSiSiSiSiSiGe
     6901.2954101562 SiGeGeGeSiSiGeGeGeSiSiSiGeGeGeGeGeSiGeGeSiGeGeGeGeGeSiSiGeGeGeGeGeGeGeGeSiSiSiGeGeGeGeGeGeGeSiSiGeGeGeGeGeGeSiSiSiSiSiGe
     6901.2954101562 SiGeGeGeSiSiGeGeGeSiSiSiGeGeGeGeGeSiGeGeSiGeGeGeGeGeSiSiGeGeGeGeGeGeGeGeSiSiSiGeGeGeGeGeGeGeSiSiGeGeGeGeGeGeSiSiSiSiSiGe
     6901.2954101562 SiGeGeGeSiSiGeGeGeSiSiSiGeGeGeGeGeSiGeGeSiGeGeGeGeGeSiSiGeGeGeGeGeGeGeGeSiSiSiGeGeGeGeGeGeGeSiSiGeGeGeGeGeGeSiSiSiSiSiGe
     6901.2954101562 SiGeGeGeSiSiGeGeGeSiSiSiGeGeGeGeGeSiGeGeSiGeGeGeGeGeSiSiGeGeGeGeGeGeGeGeSiSiSiGeGeGeGeGeGeGeSiSiGeGeGeGeGeGeSiSiSiSiSiGe
     6901.2954101562 SiGeGeGeSiSiGeGeGeSiSiSiGeGeGeGeGeSiGeGeSiGeGeGeGeGeSiSiGeGeGeGeGeGeGeGeSiSiSiGeGeGeGeGeGeGeSiSiGeGeGeGeGeGeSiSiSiSiSiGe
     6901.2954101562 SiGeGeGeSiSiGeGeGeSiSiSiGeGeGeGeGeSiGeGeSiGeGeGeGeGeSiSiGeGeGeGeGeGeGeGeSiSiSiGeGeGeGeGeGeGeSiSiGeGeGeGeGeGeSiSiSiSiSiGe
     6901.2954101562 SiGeGeGeSiSiGeGeGeSiSiSiGeGeGeGeGeSiGeGeSiGeGeGeGeGeSiSiGeGeGeGeGeGeGeGeSiSiSiGeGeGeGeGeGeGeSiSiGeGeGeGeGeGeSiSiSiSiSiGe
     6901.2954101562 SiGeGeGeSiSiGeGeGeSiSiSiGeGeGeGeGeSiGeGeSiGeGeGeGeGeSiSiGeGeGeGeGeGeGeGeSiSiSiGeGeGeGeGeGeGeSiSiGeGeGeGeGeGeSiSiSiSiSiGe
     6901.2954101562 SiGeGeGeSiSiGeGeGeSiSiSiGeGeGeGeGeSiGeGeSiGeGeGeGeGeSiSiGeGeGeGeGeGeGeGeSiSiSiGeGeGeGeGeGeGeSiSiGeGeGeGeGeGeSiSiSiSiSiGe
     6901.2954101562 SiGeGeGeSiSiGeGeGeSiSiSiGeGeGeGeGeSiGeGeSiGeGeGeGeGeSiSiGeGeGeGeGeGeGeGeSiSiSiGeGeGeGeGeGeGeSiSiGeGeGeGeGeGeSiSiSiSiSiGe
     6901.2954101562 SiGeGeGeSiSiGeGeGeSiSiSiGeGeGeGeGeSiGeGeSiGeGeGeGeGeSiSiGeGeGeGeGeGeGeGeSiSiSiGeGeGeGeGeGeGeSiSiGeGeGeGeGeGeSiSiSiSiSiGe
     6901.2954101562 SiGeGeGeSiSiGeGeGeSiSiSiGeGeGeGeGeSiGeGeSiGeGeGeGeGeSiSiGeGeGeGeGeGeGeGeSiSiSiGeGeGeGeGeGeGeSiSiGeGeGeGeGeGeSiSiSiSiSiGe
     6901.2954101562 SiGeGeGeSiSiGeGeGeSiSiSiGeGeGeGeGeSiGeGeSiGeGeGeGeGeSiSiGeGeGeGeGeGeGeGeSiSiSiGeGeGeGeGeGeGeSiSiGeGeGeGeGeGeSiSiSiSiSiGe
     6901.2954101562 SiGeGeGeSiSiGeGeGeSiSiSiGeGeGeGeGeSiGeGeSiGeGeGeGeGeSiSiGeGeGeGeGeGeGeGeSiSiSiGeGeGeGeGeGeGeSiSiGeGeGeGeGeGeSiSiSiSiSiGe
     6901.2954101562 SiGeGeGeSiSiGeGeGeSiSiSiGeGeGeGeGeSiGeGeSiGeGeGeGeGeSiSiGeGeGeGeGeGeGeGeSiSiSiGeGeGeGeGeGeGeSiSiGeGeGeGeGeGeSiSiSiSiSiGe
     6901.2954101562 SiGeGeGeSiSiGeGeGeSiSiSiGeGeGeGeGeSiGeGeSiGeGeGeGeGeSiSiGeGeGeGeGeGeGeGeSiSiSiGeGeGeGeGeGeGeSiSiGeGeGeGeGeGeSiSiSiSiSiGe
     6901.2954101562 SiGeGeGeSiSiGeGeGeSiSiSiGeGeGeGeGeSiGeGeSiGeGeGeGeGeSiSiGeGeGeGeGeGeGeGeSiSiSiGeGeGeGeGeGeGeSiSiGeGeGeGeGeGeSiSiSiSiSiGe
     6901.2954101562 SiGeGeGeSiSiGeGeGeSiSiSiGeGeGeGeGeSiGeGeSiGeGeGeGeGeSiSiGeGeGeGeGeGeGeGeSiSiSiGeGeGeGeGeGeGeSiSiGeGeGeGeGeGeSiSiSiSiSiGe
     6901.2954101562 SiGeGeGeSiSiGeGeGeSiSiSiGeGeGeGeGeSiGeGeSiGeGeGeGeGeSiSiGeGeGeGeGeGeGeGeSiSiSiGeGeGeGeGeGeGeSiSiGeGeGeGeGeGeSiSiSiSiSiGe
     6901.2954101562 SiGeGeGeSiSiGeGeGeSiSiSiGeGeGeGeGeSiGeGeSiGeGeGeGeGeSiSiGeGeGeGeGeGeGeGeSiSiSiGeGeGeGeGeGeGeSiSiGeGeGeGeGeGeSiSiSiSiSiGe
     6901.2954101562 SiGeGeGeSiSiGeGeGeSiSiSiGeGeGeGeGeSiGeGeSiGeGeGeGeGeSiSiGeGeGeGeGeGeGeGeSiSiSiGeGeGeGeGeGeGeSiSiGeGeGeGeGeGeSiSiSiSiSiGe
     6901.2954101562 SiGeGeGeSiSiGeGeGeSiSiSiGeGeGeGeGeSiGeGeSiGeGeGeGeGeSiSiGeGeGeGeGeGeGeGeSiSiSiGeGeGeGeGeGeGeSiSiGeGeGeGeGeGeSiSiSiSiSiGe
     6901.2954101562 SiGeGeGeSiSiGeGeGeSiSiSiGeGeGeGeGeSiGeGeSiGeGeGeGeGeSiSiGeGeGeGeGeGeGeGeSiSiSiGeGeGeGeGeGeGeSiSiGeGeGeGeGeGeSiSiSiSiSiGe
     6901.2954101562 SiGeGeGeSiSiGeGeGeSiSiSiGeGeGeGeGeSiGeGeSiGeGeGeGeGeSiSiGeGeGeGeGeGeGeGeSiSiSiGeGeGeGeGeGeGeSiSiGeGeGeGeGeGeSiSiSiSiSiGe
     6901.2954101562 SiGeGeGeSiSiGeGeGeSiSiSiGeGeGeGeGeSiGeGeSiGeGeGeGeGeSiSiGeGeGeGeGeGeGeGeSiSiSiGeGeGeGeGeGeGeSiSiGeGeGeGeGeGeSiSiSiSiSiGe
     6901.2954101562 SiGeGeGeSiSiGeGeGeSiSiSiGeGeGeGeGeSiGeGeSiGeGeGeGeGeSiSiGeGeGeGeGeGeGeGeSiSiSiGeGeGeGeGeGeGeSiSiGeGeGeGeGeGeSiSiSiSiSiGe
     6901.2954101562 SiGeGeGeSiSiGeGeGeSiSiSiGeGeGeGeGeSiGeGeSiGeGeGeGeGeSiSiGeGeGeGeGeGeGeGeSiSiSiGeGeGeGeGeGeGeSiSiGeGeGeGeGeGeSiSiSiSiSiGe
     6901.2954101562 SiGeGeGeSiSiGeGeGeSiSiSiGeGeGeGeGeSiGeGeSiGeGeGeGeGeSiSiGeGeGeGeGeGeGeGeSiSiSiGeGeGeGeGeGeGeSiSiGeGeGeGeGeGeSiSiSiSiSiGe
     6901.2954101562 SiGeGeGeSiSiGeGeGeSiSiSiGeGeGeGeGeSiGeGeSiGeGeGeGeGeSiSiGeGeGeGeGeGeGeGeSiSiSiGeGeGeGeGeGeGeSiSiGeGeGeGeGeGeSiSiSiSiSiGe
     6901.2954101562 SiGeGeGeSiSiGeGeGeSiSiSiGeGeGeGeGeSiGeGeSiGeGeGeGeGeSiSiGeGeGeGeGeGeGeGeSiSiSiGeGeGeGeGeGeGeSiSiGeGeGeGeGeGeSiSiSiSiSiGe
     6901.2954101562 SiGeGeGeSiSiGeGeGeSiSiSiGeGeGeGeGeSiGeGeSiGeGeGeGeGeSiSiGeGeGeGeGeGeGeGeSiSiSiGeGeGeGeGeGeGeSiSiGeGeGeGeGeGeSiSiSiSiSiGe
     6901.2954101562 SiGeGeGeSiSiGeGeGeSiSiSiGeGeGeGeGeSiGeGeSiGeGeGeGeGeSiSiGeGeGeGeGeGeGeGeSiSiSiGeGeGeGeGeGeGeSiSiGeGeGeGeGeGeSiSiSiSiSiGe
     6901.2954101562 SiGeGeGeSiSiGeGeGeSiSiSiGeGeGeGeGeSiGeGeSiGeGeGeGeGeSiSiGeGeGeGeGeGeGeGeSiSiSiGeGeGeGeGeGeGeSiSiGeGeGeGeGeGeSiSiSiSiSiGe
     6901.2954101562 SiGeGeGeSiSiGeGeGeSiSiSiGeGeGeGeGeSiGeGeSiGeGeGeGeGeSiSiGeGeGeGeGeGeGeGeSiSiSiGeGeGeGeGeGeGeSiSiGeGeGeGeGeGeSiSiSiSiSiGe
     6901.2954101562 SiGeGeGeSiSiGeGeGeSiSiSiGeGeGeGeGeSiGeGeSiGeGeGeGeGeSiSiGeGeGeGeGeGeGeGeSiSiSiGeGeGeGeGeGeGeSiSiGeGeGeGeGeGeSiSiSiSiSiGe
     6901.2954101562 SiGeGeGeSiSiGeGeGeSiSiSiGeGeGeGeGeSiGeGeSiGeGeGeGeGeSiSiGeGeGeGeGeGeGeGeSiSiSiGeGeGeGeGeGeGeSiSiGeGeGeGeGeGeSiSiSiSiSiGe
     6901.2954101562 SiGeGeGeSiSiGeGeGeSiSiSiGeGeGeGeGeSiGeGeSiGeGeGeGeGeSiSiGeGeGeGeGeGeGeGeSiSiSiGeGeGeGeGeGeGeSiSiGeGeGeGeGeGeSiSiSiSiSiGe
     6901.2954101562 SiGeGeGeSiSiGeGeGeSiSiSiGeGeGeGeGeSiGeGeSiGeGeGeGeGeSiSiGeGeGeGeGeGeGeGeSiSiSiGeGeGeGeGeGeGeSiSiGeGeGeGeGeGeSiSiSiSiSiGe
     6901.2954101562 SiGeGeGeSiSiGeGeGeSiSiSiGeGeGeGeGeSiGeGeSiGeGeGeGeGeSiSiGeGeGeGeGeGeGeGeSiSiSiGeGeGeGeGeGeGeSiSiGeGeGeGeGeGeSiSiSiSiSiGe
     6901.2954101562 SiGeGeGeSiSiGeGeGeSiSiSiGeGeGeGeGeSiGeGeSiGeGeGeGeGeSiSiGeGeGeGeGeGeGeGeSiSiSiGeGeGeGeGeGeGeSiSiGeGeGeGeGeGeSiSiSiSiSiGe
     6901.2954101562 SiGeGeGeSiSiGeGeGeSiSiSiGeGeGeGeGeSiGeGeSiGeGeGeGeGeSiSiGeGeGeGeGeGeGeGeSiSiSiGeGeGeGeGeGeGeSiSiGeGeGeGeGeGeSiSiSiSiSiGe
     6901.2954101562 SiGeGeGeSiSiGeGeGeSiSiSiGeGeGeGeGeSiGeGeSiGeGeGeGeGeSiSiGeGeGeGeGeGeGeGeSiSiSiGeGeGeGeGeGeGeSiSiGeGeGeGeGeGeSiSiSiSiSiGe
     6901.2954101562 SiGeGeGeSiSiGeGeGeSiSiSiGeGeGeGeGeSiGeGeSiGeGeGeGeGeSiSiGeGeGeGeGeGeGeGeSiSiSiGeGeGeGeGeGeGeSiSiGeGeGeGeGeGeSiSiSiSiSiGe
     6901.2954101562 SiGeGeGeSiSiGeGeGeSiSiSiGeGeGeGeGeSiGeGeSiGeGeGeGeGeSiSiGeGeGeGeGeGeGeGeSiSiSiGeGeGeGeGeGeGeSiSiGeGeGeGeGeGeSiSiSiSiSiGe
     6901.2954101562 SiGeGeGeSiSiGeGeGeSiSiSiGeGeGeGeGeSiGeGeSiGeGeGeGeGeSiSiGeGeGeGeGeGeGeGeSiSiSiGeGeGeGeGeGeGeSiSiGeGeGeGeGeGeSiSiSiSiSiGe
     6901.2954101562 SiGeGeGeSiSiGeGeGeSiSiSiGeGeGeGeGeSiGeGeSiGeGeGeGeGeSiSiGeGeGeGeGeGeGeGeSiSiSiGeGeGeGeGeGeGeSiSiGeGeGeGeGeGeSiSiSiSiSiGe
     6901.2954101562 SiGeGeGeSiSiGeGeGeSiSiSiGeGeGeGeGeSiGeGeSiGeGeGeGeGeSiSiGeGeGeGeGeGeGeGeSiSiSiGeGeGeGeGeGeGeSiSiGeGeGeGeGeGeSiSiSiSiSiGe
     6901.2954101562 SiGeGeGeSiSiGeGeGeSiSiSiGeGeGeGeGeSiGeGeSiGeGeGeGeGeSiSiGeGeGeGeGeGeGeGeSiSiSiGeGeGeGeGeGeGeSiSiGeGeGeGeGeGeSiSiSiSiSiGe
     6901.2954101562 SiGeGeGeSiSiGeGeGeSiSiSiGeGeGeGeGeSiGeGeSiGeGeGeGeGeSiSiGeGeGeGeGeGeGeGeSiSiSiGeGeGeGeGeGeGeSiSiGeGeGeGeGeGeSiSiSiSiSiGe
     6901.2954101562 SiGeGeGeSiSiGeGeGeSiSiSiGeGeGeGeGeSiGeGeSiGeGeGeGeGeSiSiGeGeGeGeGeGeGeGeSiSiSiGeGeGeGeGeGeGeSiSiGeGeGeGeGeGeSiSiSiSiSiGe
     6901.2954101562 SiGeGeGeSiSiGeGeGeSiSiSiGeGeGeGeGeSiGeGeSiGeGeGeGeGeSiSiGeGeGeGeGeGeGeGeSiSiSiGeGeGeGeGeGeGeSiSiGeGeGeGeGeGeSiSiSiSiSiGe
     6901.2954101562 SiGeGeGeSiSiGeGeGeSiSiSiGeGeGeGeGeSiGeGeSiGeGeGeGeGeSiSiGeGeGeGeGeGeGeGeSiSiSiGeGeGeGeGeGeGeSiSiGeGeGeGeGeGeSiSiSiSiSiGe
     6901.2954101562 SiGeGeGeSiSiGeGeGeSiSiSiGeGeGeGeGeSiGeGeSiGeGeGeGeGeSiSiGeGeGeGeGeGeGeGeSiSiSiGeGeGeGeGeGeGeSiSiGeGeGeGeGeGeSiSiSiSiSiGe
     6901.2954101562 SiGeGeGeSiSiGeGeGeSiSiSiGeGeGeGeGeSiGeGeSiGeGeGeGeGeSiSiGeGeGeGeGeGeGeGeSiSiSiGeGeGeGeGeGeGeSiSiGeGeGeGeGeGeSiSiSiSiSiGe
     6901.2954101562 SiGeGeGeSiSiGeGeGeSiSiSiGeGeGeGeGeSiGeGeSiGeGeGeGeGeSiSiGeGeGeGeGeGeGeGeSiSiSiGeGeGeGeGeGeGeSiSiGeGeGeGeGeGeSiSiSiSiSiGe
     6901.2954101562 SiGeGeGeSiSiGeGeGeSiSiSiGeGeGeGeGeSiGeGeSiGeGeGeGeGeSiSiGeGeGeGeGeGeGeGeSiSiSiGeGeGeGeGeGeGeSiSiGeGeGeGeGeGeSiSiSiSiSiGe
     6901.2954101562 SiGeGeGeSiSiGeGeGeSiSiSiGeGeGeGeGeSiGeGeSiGeGeGeGeGeSiSiGeGeGeGeGeGeGeGeSiSiSiGeGeGeGeGeGeGeSiSiGeGeGeGeGeGeSiSiSiSiSiGe
     6901.2954101562 SiGeGeGeSiSiGeGeGeSiSiSiGeGeGeGeGeSiGeGeSiGeGeGeGeGeSiSiGeGeGeGeGeGeGeGeSiSiSiGeGeGeGeGeGeGeSiSiGeGeGeGeGeGeSiSiSiSiSiGe
     6901.2954101562 SiGeGeGeSiSiGeGeGeSiSiSiGeGeGeGeGeSiGeGeSiGeGeGeGeGeSiSiGeGeGeGeGeGeGeGeSiSiSiGeGeGeGeGeGeGeSiSiGeGeGeGeGeGeSiSiSiSiSiGe
     6901.2954101562 SiGeGeGeSiSiGeGeGeSiSiSiGeGeGeGeGeSiGeGeSiGeGeGeGeGeSiSiGeGeGeGeGeGeGeGeSiSiSiGeGeGeGeGeGeGeSiSiGeGeGeGeGeGeSiSiSiSiSiGe
     6901.2954101562 SiGeGeGeSiSiGeGeGeSiSiSiGeGeGeGeGeSiGeGeSiGeGeGeGeGeSiSiGeGeGeGeGeGeGeGeSiSiSiGeGeGeGeGeGeGeSiSiGeGeGeGeGeGeSiSiSiSiSiGe
     6901.2954101562 SiGeGeGeSiSiGeGeGeSiSiSiGeGeGeGeGeSiGeGeSiGeGeGeGeGeSiSiGeGeGeGeGeGeGeGeSiSiSiGeGeGeGeGeGeGeSiSiGeGeGeGeGeGeSiSiSiSiSiGe
     6901.2954101562 SiGeGeGeSiSiGeGeGeSiSiSiGeGeGeGeGeSiGeGeSiGeGeGeGeGeSiSiGeGeGeGeGeGeGeGeSiSiSiGeGeGeGeGeGeGeSiSiGeGeGeGeGeGeSiSiSiSiSiGe
     6901.2954101562 SiGeGeGeSiSiGeGeGeSiSiSiGeGeGeGeGeSiGeGeSiGeGeGeGeGeSiSiGeGeGeGeGeGeGeGeSiSiSiGeGeGeGeGeGeGeSiSiGeGeGeGeGeGeSiSiSiSiSiGe
     6901.2954101562 SiGeGeGeSiSiGeGeGeSiSiSiGeGeGeGeGeSiGeGeSiGeGeGeGeGeSiSiGeGeGeGeGeGeGeGeSiSiSiGeGeGeGeGeGeGeSiSiGeGeGeGeGeGeSiSiSiSiSiGe
     6901.2954101562 SiGeGeGeSiSiGeGeGeSiSiSiGeGeGeGeGeSiGeGeSiGeGeGeGeGeSiSiGeGeGeGeGeGeGeGeSiSiSiGeGeGeGeGeGeGeSiSiGeGeGeGeGeGeSiSiSiSiSiGe
     6901.2954101562 SiGeGeGeSiSiGeGeGeSiSiSiGeGeGeGeGeSiGeGeSiGeGeGeGeGeSiSiGeGeGeGeGeGeGeGeSiSiSiGeGeGeGeGeGeGeSiSiGeGeGeGeGeGeSiSiSiSiSiGe
     6901.2954101562 SiGeGeGeSiSiGeGeGeSiSiSiGeGeGeGeGeSiGeGeSiGeGeGeGeGeSiSiGeGeGeGeGeGeGeGeSiSiSiGeGeGeGeGeGeGeSiSiGeGeGeGeGeGeSiSiSiSiSiGe
     6901.2954101562 SiGeGeGeSiSiGeGeGeSiSiSiGeGeGeGeGeSiGeGeSiGeGeGeGeGeSiSiGeGeGeGeGeGeGeGeSiSiSiGeGeGeGeGeGeGeSiSiGeGeGeGeGeGeSiSiSiSiSiGe
     6901.2954101562 SiGeGeGeSiSiGeGeGeSiSiSiGeGeGeGeGeSiGeGeSiGeGeGeGeGeSiSiGeGeGeGeGeGeGeGeSiSiSiGeGeGeGeGeGeGeSiSiGeGeGeGeGeGeSiSiSiSiSiGe
     6901.2954101562 SiGeGeGeSiSiGeGeGeSiSiSiGeGeGeGeGeSiGeGeSiGeGeGeGeGeSiSiGeGeGeGeGeGeGeGeSiSiSiGeGeGeGeGeGeGeSiSiGeGeGeGeGeGeSiSiSiSiSiGe
     6901.2954101562 SiGeGeGeSiSiGeGeGeSiSiSiGeGeGeGeGeSiGeGeSiGeGeGeGeGeSiSiGeGeGeGeGeGeGeGeSiSiSiGeGeGeGeGeGeGeSiSiGeGeGeGeGeGeSiSiSiSiSiGe
     6901.2954101562 SiGeGeGeSiSiGeGeGeSiSiSiGeGeGeGeGeSiGeGeSiGeGeGeGeGeSiSiGeGeGeGeGeGeGeGeSiSiSiGeGeGeGeGeGeGeSiSiGeGeGeGeGeGeSiSiSiSiSiGe
     6901.2954101562 SiGeGeGeSiSiGeGeGeSiSiSiGeGeGeGeGeSiGeGeSiGeGeGeGeGeSiSiGeGeGeGeGeGeGeGeSiSiSiGeGeGeGeGeGeGeSiSiGeGeGeGeGeGeSiSiSiSiSiGe
     6901.2954101562 SiGeGeGeSiSiGeGeGeSiSiSiGeGeGeGeGeSiGeGeSiGeGeGeGeGeSiSiGeGeGeGeGeGeGeGeSiSiSiGeGeGeGeGeGeGeSiSiGeGeGeGeGeGeSiSiSiSiSiGe
     6901.2954101562 SiGeGeGeSiSiGeGeGeSiSiSiGeGeGeGeGeSiGeGeSiGeGeGeGeGeSiSiGeGeGeGeGeGeGeGeSiSiSiGeGeGeGeGeGeGeSiSiGeGeGeGeGeGeSiSiSiSiSiGe
     6901.2954101562 SiGeGeGeSiSiGeGeGeSiSiSiGeGeGeGeGeSiGeGeSiGeGeGeGeGeSiSiGeGeGeGeGeGeGeGeSiSiSiGeGeGeGeGeGeGeSiSiGeGeGeGeGeGeSiSiSiSiSiGe
     6901.2954101562 SiGeGeGeSiSiGeGeGeSiSiSiGeGeGeGeGeSiGeGeSiGeGeGeGeGeSiSiGeGeGeGeGeGeGeGeSiSiSiGeGeGeGeGeGeGeSiSiGeGeGeGeGeGeSiSiSiSiSiGe
     6901.2954101562 SiGeGeGeSiSiGeGeGeSiSiSiGeGeGeGeGeSiGeGeSiGeGeGeGeGeSiSiGeGeGeGeGeGeGeGeSiSiSiGeGeGeGeGeGeGeSiSiGeGeGeGeGeGeSiSiSiSiSiGe
     6901.2954101562 SiGeGeGeSiSiGeGeGeSiSiSiGeGeGeGeGeSiGeGeSiGeGeGeGeGeSiSiGeGeGeGeGeGeGeGeSiSiSiGeGeGeGeGeGeGeSiSiGeGeGeGeGeGeSiSiSiSiSiGe
     6901.2954101562 SiGeGeGeSiSiGeGeGeSiSiSiGeGeGeGeGeSiGeGeSiGeGeGeGeGeSiSiGeGeGeGeGeGeGeGeSiSiSiGeGeGeGeGeGeGeSiSiGeGeGeGeGeGeSiSiSiSiSiGe
     6901.2954101562 SiGeGeGeSiSiGeGeGeSiSiSiGeGeGeGeGeSiGeGeSiGeGeGeGeGeSiSiGeGeGeGeGeGeGeGeSiSiSiGeGeGeGeGeGeGeSiSiGeGeGeGeGeGeSiSiSiSiSiGe
     6901.2954101562 SiGeGeGeSiSiGeGeGeSiSiSiGeGeGeGeGeSiGeGeSiGeGeGeGeGeSiSiGeGeGeGeGeGeGeGeSiSiSiGeGeGeGeGeGeGeSiSiGeGeGeGeGeGeSiSiSiSiSiGe
     6901.2954101562 SiGeGeGeSiSiGeGeGeSiSiSiGeGeGeGeGeSiGeGeSiGeGeGeGeGeSiSiGeGeGeGeGeGeGeGeSiSiSiGeGeGeGeGeGeGeSiSiGeGeGeGeGeGeSiSiSiSiSiGe
     6901.2954101562 SiGeGeGeSiSiGeGeGeSiSiSiGeGeGeGeGeSiGeGeSiGeGeGeGeGeSiSiGeGeGeGeGeGeGeGeSiSiSiGeGeGeGeGeGeGeSiSiGeGeGeGeGeGeSiSiSiSiSiGe
     6901.2954101562 SiGeGeGeSiSiGeGeGeSiSiSiGeGeGeGeGeSiGeGeSiGeGeGeGeGeSiSiGeGeGeGeGeGeGeGeSiSiSiGeGeGeGeGeGeGeSiSiGeGeGeGeGeGeSiSiSiSiSiGe
     6901.2954101562 SiGeGeGeSiSiGeGeGeSiSiSiGeGeGeGeGeSiGeGeSiGeGeGeGeGeSiSiGeGeGeGeGeGeGeGeSiSiSiGeGeGeGeGeGeGeSiSiGeGeGeGeGeGeSiSiSiSiSiGe
     6901.2954101562 SiGeGeGeSiSiGeGeGeSiSiSiGeGeGeGeGeSiGeGeSiGeGeGeGeGeSiSiGeGeGeGeGeGeGeGeSiSiSiGeGeGeGeGeGeGeSiSiGeGeGeGeGeGeSiSiSiSiSiGe
     6901.2954101562 SiGeGeGeSiSiGeGeGeSiSiSiGeGeGeGeGeSiGeGeSiGeGeGeGeGeSiSiGeGeGeGeGeGeGeGeSiSiSiGeGeGeGeGeGeGeSiSiGeGeGeGeGeGeSiSiSiSiSiGe
     6901.2954101562 SiGeGeGeSiSiGeGeGeSiSiSiGeGeGeGeGeSiGeGeSiGeGeGeGeGeSiSiGeGeGeGeGeGeGeGeSiSiSiGeGeGeGeGeGeGeSiSiGeGeGeGeGeGeSiSiSiSiSiGe
     6901.2954101562 SiGeGeGeSiSiGeGeGeSiSiSiGeGeGeGeGeSiGeGeSiGeGeGeGeGeSiSiGeGeGeGeGeGeGeGeSiSiSiGeGeGeGeGeGeGeSiSiGeGeGeGeGeGeSiSiSiSiSiGe
     6901.2954101562 SiGeGeGeSiSiGeGeGeSiSiSiGeGeGeGeGeSiGeGeSiGeGeGeGeGeSiSiGeGeGeGeGeGeGeGeSiSiSiGeGeGeGeGeGeGeSiSiGeGeGeGeGeGeSiSiSiSiSiGe
     6901.2954101562 SiGeGeGeSiSiGeGeGeSiSiSiGeGeGeGeGeSiGeGeSiGeGeGeGeGeSiSiGeGeGeGeGeGeGeGeSiSiSiGeGeGeGeGeGeGeSiSiGeGeGeGeGeGeSiSiSiSiSiGe
filename: c000001403805921.gin     
Cell:
    11.9020996    11.9020996    29.6919994    90.0000000    90.0000000   120.0000000
Box:
    11.9020996    -5.9510503     0.0000000
     0.0000000    10.3075209     0.0000000
     0.0000000     0.0000000    29.6919994
----------------------------------------
Inverse Box:
     0.0840188     0.0485083     0.0000000
     0.0000000     0.0970165     0.0000000
     0.0000000     0.0000000     0.0336791
----------------------------------------
==============================================
geometrical properties of  40 Ge:
 Configuration:           0
 D_ave:   9.13212967       3.54627156    
 D_min:   3.02475405       3.60403173E-02
 energia:   6901.29541    
