Random Seed:  1107721263
Number of atoms:    60
Space Group:    1
Cell:
    11.9020996    11.9020996    29.6919994    90.0000000    90.0000000   120.0000000
Box:
    11.9020996    -5.9510503     0.0000000
     0.0000000    10.3075209     0.0000000
     0.0000000     0.0000000    29.6919994
----------------------------------------
Inverse Box:
     0.0840188     0.0485083     0.0000000
     0.0000000     0.0970165     0.0000000
     0.0000000     0.0000000     0.0336791
----------------------------------------
GeSiSiSiSiSiSiSiSiSiSiSiSiSiSiSiSiSiSiSiSiSiSiSiSiSiSiSiSiSiSiSiSiSiGeSiSiSiSiSiSiSiSiSiSiSiSiSiSiSiSiSiSiSiSiSiSiSiSiSi
           1 Ge    -7733.60498    
GeGeSiSiSiSiSiSiSiSiSiSiSiSiSiSiSiSiSiSiSiSiSiSiSiSiSiSiSiSiSiSiSiSiGeSiSiSiSiSiSiSiSiSiSiSiSiSiSiSiSiSiSiSiSiSiSiSiSiSi
           2 Ge    -7727.57520    
GeGeGeSiSiSiSiSiSiSiSiSiSiSiSiSiSiSiSiSiSiSiSiSiSiSiSiSiSiSiSiSiSiSiGeSiSiSiSiSiSiSiSiSiSiSiSiSiSiSiSiSiSiSiSiSiSiSiSiSi
           3 Ge    -7721.59326    
GeGeGeGeSiSiSiSiSiSiSiSiSiSiSiSiSiSiSiSiSiSiSiSiSiSiSiSiSiSiSiSiSiSiGeSiSiSiSiSiSiSiSiSiSiSiSiSiSiSiSiSiSiSiSiSiSiSiSiSi
           4 Ge    -7743.78320    
GeGeGeGeGeSiSiSiSiSiSiSiSiSiSiSiSiSiSiSiSiSiSiSiSiSiSiSiSiSiSiSiSiSiGeSiSiSiSiSiSiSiSiSiSiSiSiSiSiSiSiSiSiSiSiSiSiSiSiSi
           5 Ge    -7786.74023    
GeGeGeGeGeGeSiSiSiSiSiSiSiSiSiSiSiSiSiSiSiSiSiSiSiSiSiSiSiSiSiSiSiSiGeSiSiSiSiSiSiSiSiSiSiSiSiSiSiSiSiSiSiSiSiSiSiSiSiSi
           6 Ge    -7855.63281    
GeGeGeGeGeGeSiGeSiSiSiSiSiSiSiSiSiSiSiSiSiSiSiSiSiSiSiSiSiSiSiSiSiSiGeSiSiSiSiSiSiSiSiSiSiSiSiSiSiSiSiSiSiSiSiSiSiSiSiSi
           8 Ge    -8021.61914    
GeGeGeGeGeGeSiGeSiSiSiGeSiSiSiSiSiSiSiSiSiSiSiSiSiSiSiSiSiSiSiSiSiSiGeSiSiSiSiSiSiSiSiSiSiSiSiSiSiSiSiSiSiSiSiSiSiSiSiSi
          12 Ge    -8266.77441    
GeGeGeGeGeGeSiGeSiSiSiGeSiSiSiGeSiSiSiSiSiSiSiSiSiSiSiSiSiSiSiSiSiSiGeSiSiSiSiSiSiSiSiSiSiSiSiSiSiSiSiSiSiSiSiSiSiSiSiSi
          16 Ge    -8562.06250    
GeGeGeGeGeGeSiGeSiSiSiGeSiSiSiGeSiSiSiSiSiSiGeSiSiSiSiSiSiSiSiSiSiSiGeSiSiSiSiSiSiSiSiSiSiSiSiSiSiSiSiSiSiSiSiSiSiSiSiSi
          23 Ge    -8910.85352    
GeGeGeGeGeGeSiGeSiSiSiGeSiSiSiGeSiSiSiSiSiSiGeSiSiGeSiSiSiSiSiSiSiSiGeSiSiSiSiSiSiSiSiSiSiSiSiSiSiSiSiSiSiSiSiSiSiSiSiSi
          26 Ge    -9301.25488    
GeGeGeGeGeGeSiGeSiSiSiGeSiSiSiGeSiSiSiSiSiSiGeSiSiGeSiSiSiGeSiSiSiSiGeSiSiSiSiSiSiSiSiSiSiSiSiSiSiSiSiSiSiSiSiSiSiSiSiSi
          30 Ge    -9292.61230    
GeGeGeGeGeGeSiGeSiSiSiGeSiSiSiGeSiSiSiSiSiSiGeSiSiGeSiSiSiGeSiSiGeSiGeSiSiSiSiSiSiSiSiSiSiSiSiSiSiSiSiSiSiSiSiSiSiSiSiSi
          33 Ge    -9792.89355    
GeGeGeGeGeGeSiGeSiSiSiGeSiSiSiGeSiSiSiSiSiSiGeSiSiGeSiSiSiGeSiSiGeSiGeGeSiSiSiSiSiSiSiSiSiSiSiSiSiSiSiSiSiSiSiSiSiSiSiSi
          36 Ge    -10341.8857    
GeGeGeGeGeGeSiGeSiSiSiGeSiSiSiGeSiSiSiSiSiSiGeSiSiGeSiSiSiGeSiSiGeSiGeGeSiSiGeSiSiSiSiSiSiSiSiSiSiSiSiSiSiSiSiSiSiSiSiSi
          39 Ge    -10939.4951    
GeGeGeGeGeGeSiGeSiSiSiGeSiSiSiGeSiSiSiSiSiSiGeSiSiGeSiSiSiGeSiSiGeSiGeGeSiSiGeSiSiGeSiSiSiSiSiSiSiSiSiSiSiSiSiSiSiSiSiSi
          42 Ge    -9977.48633    
GeGeGeGeGeGeSiGeSiSiSiGeSiSiSiGeSiSiSiSiSiSiGeSiSiGeSiSiSiGeSiSiGeSiGeGeSiSiGeSiSiGeSiSiGeSiSiSiSiSiSiSiSiSiSiSiSiSiSiSi
          45 Ge    -10206.0332    
GeGeGeGeGeGeSiGeSiSiSiGeSiSiSiGeSiSiSiSiSiSiGeSiSiGeSiSiSiGeSiSiGeSiGeGeSiSiGeSiSiGeSiSiGeGeSiSiSiSiSiSiSiSiSiSiSiSiSiSi
          46 Ge    -10500.3330    
GeGeGeGeGeGeSiGeSiSiSiGeSiSiSiGeSiSiSiSiSiSiGeSiSiGeSiSiSiGeSiSiGeSiGeGeSiSiGeSiSiGeSiSiGeGeSiSiSiSiSiSiSiSiSiSiGeSiSiSi
          57 Ge    -10616.1484    
GeGeGeGeGeGeSiGeSiGeSiGeSiSiSiGeSiSiSiSiSiSiGeSiSiGeSiSiSiGeSiSiGeSiGeGeSiSiGeSiSiGeSiSiGeGeSiSiSiSiSiSiSiSiSiSiGeSiSiSi
          10 Ge    -8773.32812    
GeGeGeGeGeGeSiGeSiGeGeGeSiSiSiGeSiSiSiSiSiSiGeSiSiGeSiSiSiGeSiSiGeSiGeGeSiSiGeSiSiGeSiSiGeGeSiSiSiSiSiSiSiSiSiSiGeSiSiSi
          11 Ge    -9371.05859    
GeGeGeGeGeGeSiGeSiGeGeGeGeSiSiGeSiSiSiSiSiSiGeSiSiGeSiSiSiGeSiSiGeSiGeGeSiSiGeSiSiGeSiSiGeGeSiSiSiSiSiSiSiSiSiSiGeSiSiSi
          13 Ge    -8100.75537    
GeGeGeGeGeGeSiGeSiGeGeGeGeGeSiGeSiSiSiSiSiSiGeSiSiGeSiSiSiGeSiSiGeSiGeGeSiSiGeSiSiGeSiSiGeGeSiSiSiSiSiSiSiSiSiSiGeSiSiSi
          14 Ge    -7251.53809    
GeGeGeGeGeGeSiGeSiGeGeGeGeGeGeGeSiSiSiSiSiSiGeSiSiGeSiSiSiGeSiSiGeSiGeGeSiSiGeSiSiGeSiSiGeGeSiSiSiSiSiSiSiSiSiSiGeSiSiSi
          15 Ge     20.5566406    
GeGeGeGeGeGeSiGeSiGeGeGeGeGeGeGeSiSiSiSiSiSiGeGeSiGeSiSiSiGeSiSiGeSiGeGeSiSiGeSiSiGeSiSiGeGeSiSiSiSiSiSiSiSiSiSiGeSiSiSi
          24 Ge     4992.99121    
GeGeGeGeGeGeSiGeSiGeGeGeGeGeGeGeSiSiSiSiSiSiGeGeSiGeSiGeSiGeSiSiGeSiGeGeSiSiGeSiSiGeSiSiGeGeSiSiSiSiSiSiSiSiSiSiGeSiSiSi
          28 Ge     5466.51123    
GeGeGeGeGeGeSiGeSiGeGeGeGeGeGeGeSiSiSiSiSiSiGeGeSiGeSiGeSiGeSiSiGeSiGeGeSiSiGeGeSiGeSiSiGeGeSiSiSiSiSiSiSiSiSiSiGeSiSiSi
          40 Ge     8749.16602    
GeGeGeGeGeGeSiGeSiGeGeGeGeGeGeGeSiSiSiSiSiSiGeGeSiGeSiGeSiGeSiSiGeSiGeGeSiSiGeGeSiGeSiGeGeGeSiSiSiSiSiSiSiSiSiSiGeSiSiSi
          44 Ge     10091.7090    
GeGeGeGeGeGeSiGeSiGeGeGeGeGeGeGeSiSiSiSiSiSiGeGeSiGeSiGeSiGeSiSiGeSiGeGeSiSiGeGeSiGeSiGeGeGeSiSiSiSiSiSiSiSiSiSiGeGeSiSi
          58 Ge     13619.4600    
GeGeGeGeGeGeSiGeGeGeGeGeGeGeGeGeSiSiSiSiSiSiGeGeSiGeSiGeSiGeSiSiGeSiGeGeSiSiGeGeSiGeSiGeGeGeSiSiSiSiSiSiSiSiSiSiGeGeSiSi
           9 Ge     20306.1602    
GeGeGeGeGeGeSiGeGeGeGeGeGeGeGeGeGeSiSiSiSiSiGeGeSiGeSiGeSiGeSiSiGeSiGeGeSiSiGeGeSiGeSiGeGeGeSiSiSiSiSiSiSiSiSiSiGeGeSiSi
          17 Ge     26705.1836    
GeGeGeGeGeGeSiGeGeGeGeGeGeGeGeGeGeGeSiSiSiSiGeGeSiGeSiGeSiGeSiSiGeSiGeGeSiSiGeGeSiGeSiGeGeGeSiSiSiSiSiSiSiSiSiSiGeGeSiSi
          18 Ge     28941.4258    
GeGeGeGeGeGeSiGeGeGeGeGeGeGeGeGeGeGeSiSiGeSiGeGeSiGeSiGeSiGeSiSiGeSiGeGeSiSiGeGeSiGeSiGeGeGeSiSiSiSiSiSiSiSiSiSiGeGeSiSi
          21 Ge     40741.1016    
GeGeGeGeGeGeSiGeGeGeGeGeGeGeGeGeGeGeSiSiGeGeGeGeSiGeSiGeSiGeSiSiGeSiGeGeSiSiGeGeSiGeSiGeGeGeSiSiSiSiSiSiSiSiSiSiGeGeSiSi
          22 Ge     51071.2812    
GeGeGeGeGeGeSiGeGeGeGeGeGeGeGeGeGeGeSiSiGeGeGeGeSiGeSiGeSiGeGeSiGeSiGeGeSiSiGeGeSiGeSiGeGeGeSiSiSiSiSiSiSiSiSiSiGeGeSiSi
          31 Ge     54673.5000    
GeGeGeGeGeGeSiGeGeGeGeGeGeGeGeGeGeGeSiSiGeGeGeGeSiGeSiGeSiGeGeGeGeSiGeGeSiSiGeGeSiGeSiGeGeGeSiSiSiSiSiSiSiSiSiSiGeGeSiSi
          32 Ge     60135.3203    
GeGeGeGeGeGeSiGeGeGeGeGeGeGeGeGeGeGeSiSiGeGeGeGeSiGeSiGeSiGeGeGeGeSiGeGeSiSiGeGeSiGeSiGeGeGeSiSiGeSiSiSiSiSiSiSiGeGeSiSi
          49 Ge     71203.2891    
GeGeGeGeGeGeSiGeGeGeGeGeGeGeGeGeGeGeSiSiGeGeGeGeSiGeSiGeSiGeGeGeGeSiGeGeSiSiGeGeSiGeSiGeGeGeSiSiGeSiGeSiSiSiSiSiGeGeSiSi
          51 Ge     78421.3672    
GeGeGeGeGeGeSiGeGeGeGeGeGeGeGeGeGeGeSiSiGeGeGeGeSiGeSiGeSiGeGeGeGeSiGeGeSiSiGeGeSiGeSiGeGeGeSiSiGeSiGeSiGeSiSiSiGeGeSiSi
          53 Ge     87807.6953    
GeGeGeGeGeGeSiGeGeGeGeGeGeGeGeGeGeGeSiSiGeGeGeGeSiGeSiGeSiGeGeGeGeSiGeGeSiSiGeGeSiGeSiGeGeGeSiSiGeSiGeSiGeSiGeSiGeGeSiSi
          55 Ge     87403.2812    
==============================================
MonteCarlo: Metropolis with identity changes
Si > Ge, Ge > Si. STOP when occurrence <    0.00000
==============================================
Cost_function     Occurrence %     Scan-Cost
    37308.9414062500 GeSiSiGeSiSiSiGeSiGeGeGeSiGeGeSiGeSiGeGeGeGeGeGeGeGeSiGeGeSiGeSiGeSiGeGeGeGeGeGeGeGeGeGeSiGeGeGeSiSiSiGeGeGeSiGeGeGeGeSi
    35930.9726562500 GeSiSiGeSiSiSiGeSiGeGeGeSiGeGeSiGeSiGeSiGeGeGeGeGeGeSiGeGeGeGeGeGeSiGeGeGeGeGeGeSiGeGeGeSiGeGeGeSiSiSiGeGeGeSiGeGeGeSiGe
    28827.9882812500 GeSiSiGeSiSiGeGeSiGeGeGeSiGeGeSiGeSiGeGeGeGeGeGeGeGeSiSiGeSiGeSiGeGeGeGeGeGeGeGeSiGeGeGeSiGeGeGeSiGeGeSiGeSiGeSiGeGeSiGe
    24985.1210937500 GeSiSiGeSiSiGeGeSiGeGeGeSiGeGeSiGeGeGeGeGeSiGeGeGeSiGeSiGeSiGeSiGeGeGeGeGeGeGeGeSiGeGeGeSiGeGeGeSiGeGeSiGeGeGeSiSiGeSiGe
    24985.1210937500 GeSiSiGeSiSiGeGeSiGeGeGeSiGeGeSiGeGeGeGeGeSiGeGeGeSiGeSiGeSiGeSiGeGeGeGeGeGeGeGeSiGeGeGeSiGeGeGeSiGeGeSiGeGeGeSiSiGeSiGe
    24985.1210937500 GeSiSiGeSiSiGeGeSiGeGeGeSiGeGeSiGeGeGeGeGeSiGeGeGeSiGeSiGeSiGeSiGeGeGeGeGeGeGeGeSiGeGeGeSiGeGeGeSiGeGeSiGeGeGeSiSiGeSiGe
    18402.3085937500 GeSiSiGeSiSiGeGeSiGeSiGeSiGeGeSiGeGeGeGeGeSiGeGeGeSiGeGeGeSiGeSiGeGeGeGeGeGeGeGeSiGeGeGeGeGeGeGeGeGeSiSiGeSiSiSiSiGeGeGe
    16001.1269531250 GeSiSiGeSiSiGeGeSiGeSiGeSiGeGeSiGeGeGeGeGeSiGeGeGeGeGeGeGeSiGeSiGeGeGeGeGeGeGeGeSiGeGeGeGeGeGeGeSiGeSiSiGeSiSiSiSiGeGeGe
    16001.1269531250 GeSiSiGeSiSiGeGeSiGeSiGeSiGeGeSiGeGeGeGeGeSiGeGeGeGeGeGeGeSiGeSiGeGeGeGeGeGeGeGeSiGeGeGeGeGeGeGeSiGeSiSiGeSiSiSiSiGeGeGe
    16001.1269531250 GeSiSiGeSiSiGeGeSiGeSiGeSiGeGeSiGeGeGeGeGeSiGeGeGeGeGeGeGeSiGeSiGeGeGeGeGeGeGeGeSiGeGeGeGeGeGeGeSiGeSiSiGeSiSiSiSiGeGeGe
    16001.1269531250 GeSiSiGeSiSiGeGeSiGeSiGeSiGeGeSiGeGeGeGeGeSiGeGeGeGeGeGeGeSiGeSiGeGeGeGeGeGeGeGeSiGeGeGeGeGeGeGeSiGeSiSiGeSiSiSiSiGeGeGe
    16001.1269531250 GeSiSiGeSiSiGeGeSiGeSiGeSiGeGeSiGeGeGeGeGeSiGeGeGeGeGeGeGeSiGeSiGeGeGeGeGeGeGeGeSiGeGeGeGeGeGeGeSiGeSiSiGeSiSiSiSiGeGeGe
    15641.1152343750 GeSiSiGeSiSiGeGeSiGeSiGeSiGeGeSiGeGeGeGeGeSiGeGeGeGeGeGeGeSiGeSiGeGeGeGeGeSiGeGeSiGeGeGeGeGeGeGeSiGeSiSiGeSiSiGeSiGeGeGe
    15641.1152343750 GeSiSiGeSiSiGeGeSiGeSiGeSiGeGeSiGeGeGeGeGeSiGeGeGeGeGeGeGeSiGeSiGeGeGeGeGeSiGeGeSiGeGeGeGeGeGeGeSiGeSiSiGeSiSiGeSiGeGeGe
    15641.1152343750 GeSiSiGeSiSiGeGeSiGeSiGeSiGeGeSiGeGeGeGeGeSiGeGeGeGeGeGeGeSiGeSiGeGeGeGeGeSiGeGeSiGeGeGeGeGeGeGeSiGeSiSiGeSiSiGeSiGeGeGe
    15641.1152343750 GeSiSiGeSiSiGeGeSiGeSiGeSiGeGeSiGeGeGeGeGeSiGeGeGeGeGeGeGeSiGeSiGeGeGeGeGeSiGeGeSiGeGeGeGeGeGeGeSiGeSiSiGeSiSiGeSiGeGeGe
    15641.1152343750 GeSiSiGeSiSiGeGeSiGeSiGeSiGeGeSiGeGeGeGeGeSiGeGeGeGeGeGeGeSiGeSiGeGeGeGeGeSiGeGeSiGeGeGeGeGeGeGeSiGeSiSiGeSiSiGeSiGeGeGe
    14460.8847656250 GeSiSiGeSiSiGeGeSiGeSiGeSiGeGeSiGeGeGeGeGeGeGeGeGeGeGeGeGeSiGeSiGeGeGeGeGeSiGeGeSiGeGeSiGeGeGeGeSiGeSiSiGeSiSiGeSiGeGeGe
    14460.8847656250 GeSiSiGeSiSiGeGeSiGeSiGeSiGeGeSiGeGeGeGeGeGeGeGeGeGeGeGeGeSiGeSiGeGeGeGeGeSiGeGeSiGeGeSiGeGeGeGeSiGeSiSiGeSiSiGeSiGeGeGe
    14460.8847656250 GeSiSiGeSiSiGeGeSiGeSiGeSiGeGeSiGeGeGeGeGeGeGeGeGeGeGeGeGeSiGeSiGeGeGeGeGeSiGeGeSiGeGeSiGeGeGeGeSiGeSiSiGeSiSiGeSiGeGeGe
    14460.8847656250 GeSiSiGeSiSiGeGeSiGeSiGeSiGeGeSiGeGeGeGeGeGeGeGeGeGeGeGeGeSiGeSiGeGeGeGeGeSiGeGeSiGeGeSiGeGeGeGeSiGeSiSiGeSiSiGeSiGeGeGe
    14460.8847656250 GeSiSiGeSiSiGeGeSiGeSiGeSiGeGeSiGeGeGeGeGeGeGeGeGeGeGeGeGeSiGeSiGeGeGeGeGeSiGeGeSiGeGeSiGeGeGeGeSiGeSiSiGeSiSiGeSiGeGeGe
    14460.8847656250 GeSiSiGeSiSiGeGeSiGeSiGeSiGeGeSiGeGeGeGeGeGeGeGeGeGeGeGeGeSiGeSiGeGeGeGeGeSiGeGeSiGeGeSiGeGeGeGeSiGeSiSiGeSiSiGeSiGeGeGe
    14460.8847656250 GeSiSiGeSiSiGeGeSiGeSiGeSiGeGeSiGeGeGeGeGeGeGeGeGeGeGeGeGeSiGeSiGeGeGeGeGeSiGeGeSiGeGeSiGeGeGeGeSiGeSiSiGeSiSiGeSiGeGeGe
    14460.8847656250 GeSiSiGeSiSiGeGeSiGeSiGeSiGeGeSiGeGeGeGeGeGeGeGeGeGeGeGeGeSiGeSiGeGeGeGeGeSiGeGeSiGeGeSiGeGeGeGeSiGeSiSiGeSiSiGeSiGeGeGe
    14460.8847656250 GeSiSiGeSiSiGeGeSiGeSiGeSiGeGeSiGeGeGeGeGeGeGeGeGeGeGeGeGeSiGeSiGeGeGeGeGeSiGeGeSiGeGeSiGeGeGeGeSiGeSiSiGeSiSiGeSiGeGeGe
    14460.8847656250 GeSiSiGeSiSiGeGeSiGeSiGeSiGeGeSiGeGeGeGeGeGeGeGeGeGeGeGeGeSiGeSiGeGeGeGeGeSiGeGeSiGeGeSiGeGeGeGeSiGeSiSiGeSiSiGeSiGeGeGe
    14460.8847656250 GeSiSiGeSiSiGeGeSiGeSiGeSiGeGeSiGeGeGeGeGeGeGeGeGeGeGeGeGeSiGeSiGeGeGeGeGeSiGeGeSiGeGeSiGeGeGeGeSiGeSiSiGeSiSiGeSiGeGeGe
    14460.8847656250 GeSiSiGeSiSiGeGeSiGeSiGeSiGeGeSiGeGeGeGeGeGeGeGeGeGeGeGeGeSiGeSiGeGeGeGeGeSiGeGeSiGeGeSiGeGeGeGeSiGeSiSiGeSiSiGeSiGeGeGe
    14460.8847656250 GeSiSiGeSiSiGeGeSiGeSiGeSiGeGeSiGeGeGeGeGeGeGeGeGeGeGeGeGeSiGeSiGeGeGeGeGeSiGeGeSiGeGeSiGeGeGeGeSiGeSiSiGeSiSiGeSiGeGeGe
    14460.8847656250 GeSiSiGeSiSiGeGeSiGeSiGeSiGeGeSiGeGeGeGeGeGeGeGeGeGeGeGeGeSiGeSiGeGeGeGeGeSiGeGeSiGeGeSiGeGeGeGeSiGeSiSiGeSiSiGeSiGeGeGe
    14460.8847656250 GeSiSiGeSiSiGeGeSiGeSiGeSiGeGeSiGeGeGeGeGeGeGeGeGeGeGeGeGeSiGeSiGeGeGeGeGeSiGeGeSiGeGeSiGeGeGeGeSiGeSiSiGeSiSiGeSiGeGeGe
    14460.8847656250 GeSiSiGeSiSiGeGeSiGeSiGeSiGeGeSiGeGeGeGeGeGeGeGeGeGeGeGeGeSiGeSiGeGeGeGeGeSiGeGeSiGeGeSiGeGeGeGeSiGeSiSiGeSiSiGeSiGeGeGe
    14460.8847656250 GeSiSiGeSiSiGeGeSiGeSiGeSiGeGeSiGeGeGeGeGeGeGeGeGeGeGeGeGeSiGeSiGeGeGeGeGeSiGeGeSiGeGeSiGeGeGeGeSiGeSiSiGeSiSiGeSiGeGeGe
    14460.8847656250 GeSiSiGeSiSiGeGeSiGeSiGeSiGeGeSiGeGeGeGeGeGeGeGeGeGeGeGeGeSiGeSiGeGeGeGeGeSiGeGeSiGeGeSiGeGeGeGeSiGeSiSiGeSiSiGeSiGeGeGe
    14460.8847656250 GeSiSiGeSiSiGeGeSiGeSiGeSiGeGeSiGeGeGeGeGeGeGeGeGeGeGeGeGeSiGeSiGeGeGeGeGeSiGeGeSiGeGeSiGeGeGeGeSiGeSiSiGeSiSiGeSiGeGeGe
    14460.8847656250 GeSiSiGeSiSiGeGeSiGeSiGeSiGeGeSiGeGeGeGeGeGeGeGeGeGeGeGeGeSiGeSiGeGeGeGeGeSiGeGeSiGeGeSiGeGeGeGeSiGeSiSiGeSiSiGeSiGeGeGe
    14460.8847656250 GeSiSiGeSiSiGeGeSiGeSiGeSiGeGeSiGeGeGeGeGeGeGeGeGeGeGeGeGeSiGeSiGeGeGeGeGeSiGeGeSiGeGeSiGeGeGeGeSiGeSiSiGeSiSiGeSiGeGeGe
    14460.8847656250 GeSiSiGeSiSiGeGeSiGeSiGeSiGeGeSiGeGeGeGeGeGeGeGeGeGeGeGeGeSiGeSiGeGeGeGeGeSiGeGeSiGeGeSiGeGeGeGeSiGeSiSiGeSiSiGeSiGeGeGe
    14460.8847656250 GeSiSiGeSiSiGeGeSiGeSiGeSiGeGeSiGeGeGeGeGeGeGeGeGeGeGeGeGeSiGeSiGeGeGeGeGeSiGeGeSiGeGeSiGeGeGeGeSiGeSiSiGeSiSiGeSiGeGeGe
    14460.8847656250 GeSiSiGeSiSiGeGeSiGeSiGeSiGeGeSiGeGeGeGeGeGeGeGeGeGeGeGeGeSiGeSiGeGeGeGeGeSiGeGeSiGeGeSiGeGeGeGeSiGeSiSiGeSiSiGeSiGeGeGe
    14460.8847656250 GeSiSiGeSiSiGeGeSiGeSiGeSiGeGeSiGeGeGeGeGeGeGeGeGeGeGeGeGeSiGeSiGeGeGeGeGeSiGeGeSiGeGeSiGeGeGeGeSiGeSiSiGeSiSiGeSiGeGeGe
    14460.8847656250 GeSiSiGeSiSiGeGeSiGeSiGeSiGeGeSiGeGeGeGeGeGeGeGeGeGeGeGeGeSiGeSiGeGeGeGeGeSiGeGeSiGeGeSiGeGeGeGeSiGeSiSiGeSiSiGeSiGeGeGe
    14460.8847656250 GeSiSiGeSiSiGeGeSiGeSiGeSiGeGeSiGeGeGeGeGeGeGeGeGeGeGeGeGeSiGeSiGeGeGeGeGeSiGeGeSiGeGeSiGeGeGeGeSiGeSiSiGeSiSiGeSiGeGeGe
    14460.8847656250 GeSiSiGeSiSiGeGeSiGeSiGeSiGeGeSiGeGeGeGeGeGeGeGeGeGeGeGeGeSiGeSiGeGeGeGeGeSiGeGeSiGeGeSiGeGeGeGeSiGeSiSiGeSiSiGeSiGeGeGe
    14460.8847656250 GeSiSiGeSiSiGeGeSiGeSiGeSiGeGeSiGeGeGeGeGeGeGeGeGeGeGeGeGeSiGeSiGeGeGeGeGeSiGeGeSiGeGeSiGeGeGeGeSiGeSiSiGeSiSiGeSiGeGeGe
    14460.8847656250 GeSiSiGeSiSiGeGeSiGeSiGeSiGeGeSiGeGeGeGeGeGeGeGeGeGeGeGeGeSiGeSiGeGeGeGeGeSiGeGeSiGeGeSiGeGeGeGeSiGeSiSiGeSiSiGeSiGeGeGe
    14460.8847656250 GeSiSiGeSiSiGeGeSiGeSiGeSiGeGeSiGeGeGeGeGeGeGeGeGeGeGeGeGeSiGeSiGeGeGeGeGeSiGeGeSiGeGeSiGeGeGeGeSiGeSiSiGeSiSiGeSiGeGeGe
    14460.8847656250 GeSiSiGeSiSiGeGeSiGeSiGeSiGeGeSiGeGeGeGeGeGeGeGeGeGeGeGeGeSiGeSiGeGeGeGeGeSiGeGeSiGeGeSiGeGeGeGeSiGeSiSiGeSiSiGeSiGeGeGe
    14460.8847656250 GeSiSiGeSiSiGeGeSiGeSiGeSiGeGeSiGeGeGeGeGeGeGeGeGeGeGeGeGeSiGeSiGeGeGeGeGeSiGeGeSiGeGeSiGeGeGeGeSiGeSiSiGeSiSiGeSiGeGeGe
    14460.8847656250 GeSiSiGeSiSiGeGeSiGeSiGeSiGeGeSiGeGeGeGeGeGeGeGeGeGeGeGeGeSiGeSiGeGeGeGeGeSiGeGeSiGeGeSiGeGeGeGeSiGeSiSiGeSiSiGeSiGeGeGe
    14460.8847656250 GeSiSiGeSiSiGeGeSiGeSiGeSiGeGeSiGeGeGeGeGeGeGeGeGeGeGeGeGeSiGeSiGeGeGeGeGeSiGeGeSiGeGeSiGeGeGeGeSiGeSiSiGeSiSiGeSiGeGeGe
    14460.8847656250 GeSiSiGeSiSiGeGeSiGeSiGeSiGeGeSiGeGeGeGeGeGeGeGeGeGeGeGeGeSiGeSiGeGeGeGeGeSiGeGeSiGeGeSiGeGeGeGeSiGeSiSiGeSiSiGeSiGeGeGe
    14460.8847656250 GeSiSiGeSiSiGeGeSiGeSiGeSiGeGeSiGeGeGeGeGeGeGeGeGeGeGeGeGeSiGeSiGeGeGeGeGeSiGeGeSiGeGeSiGeGeGeGeSiGeSiSiGeSiSiGeSiGeGeGe
    14460.8847656250 GeSiSiGeSiSiGeGeSiGeSiGeSiGeGeSiGeGeGeGeGeGeGeGeGeGeGeGeGeSiGeSiGeGeGeGeGeSiGeGeSiGeGeSiGeGeGeGeSiGeSiSiGeSiSiGeSiGeGeGe
    14460.8847656250 GeSiSiGeSiSiGeGeSiGeSiGeSiGeGeSiGeGeGeGeGeGeGeGeGeGeGeGeGeSiGeSiGeGeGeGeGeSiGeGeSiGeGeSiGeGeGeGeSiGeSiSiGeSiSiGeSiGeGeGe
    14460.8847656250 GeSiSiGeSiSiGeGeSiGeSiGeSiGeGeSiGeGeGeGeGeGeGeGeGeGeGeGeGeSiGeSiGeGeGeGeGeSiGeGeSiGeGeSiGeGeGeGeSiGeSiSiGeSiSiGeSiGeGeGe
    14460.8847656250 GeSiSiGeSiSiGeGeSiGeSiGeSiGeGeSiGeGeGeGeGeGeGeGeGeGeGeGeGeSiGeSiGeGeGeGeGeSiGeGeSiGeGeSiGeGeGeGeSiGeSiSiGeSiSiGeSiGeGeGe
    14460.8847656250 GeSiSiGeSiSiGeGeSiGeSiGeSiGeGeSiGeGeGeGeGeGeGeGeGeGeGeGeGeSiGeSiGeGeGeGeGeSiGeGeSiGeGeSiGeGeGeGeSiGeSiSiGeSiSiGeSiGeGeGe
    14460.8847656250 GeSiSiGeSiSiGeGeSiGeSiGeSiGeGeSiGeGeGeGeGeGeGeGeGeGeGeGeGeSiGeSiGeGeGeGeGeSiGeGeSiGeGeSiGeGeGeGeSiGeSiSiGeSiSiGeSiGeGeGe
    14460.8847656250 GeSiSiGeSiSiGeGeSiGeSiGeSiGeGeSiGeGeGeGeGeGeGeGeGeGeGeGeGeSiGeSiGeGeGeGeGeSiGeGeSiGeGeSiGeGeGeGeSiGeSiSiGeSiSiGeSiGeGeGe
    14460.8847656250 GeSiSiGeSiSiGeGeSiGeSiGeSiGeGeSiGeGeGeGeGeGeGeGeGeGeGeGeGeSiGeSiGeGeGeGeGeSiGeGeSiGeGeSiGeGeGeGeSiGeSiSiGeSiSiGeSiGeGeGe
    14460.8847656250 GeSiSiGeSiSiGeGeSiGeSiGeSiGeGeSiGeGeGeGeGeGeGeGeGeGeGeGeGeSiGeSiGeGeGeGeGeSiGeGeSiGeGeSiGeGeGeGeSiGeSiSiGeSiSiGeSiGeGeGe
    14460.8847656250 GeSiSiGeSiSiGeGeSiGeSiGeSiGeGeSiGeGeGeGeGeGeGeGeGeGeGeGeGeSiGeSiGeGeGeGeGeSiGeGeSiGeGeSiGeGeGeGeSiGeSiSiGeSiSiGeSiGeGeGe
    14460.8847656250 GeSiSiGeSiSiGeGeSiGeSiGeSiGeGeSiGeGeGeGeGeGeGeGeGeGeGeGeGeSiGeSiGeGeGeGeGeSiGeGeSiGeGeSiGeGeGeGeSiGeSiSiGeSiSiGeSiGeGeGe
    14460.8847656250 GeSiSiGeSiSiGeGeSiGeSiGeSiGeGeSiGeGeGeGeGeGeGeGeGeGeGeGeGeSiGeSiGeGeGeGeGeSiGeGeSiGeGeSiGeGeGeGeSiGeSiSiGeSiSiGeSiGeGeGe
    14460.8847656250 GeSiSiGeSiSiGeGeSiGeSiGeSiGeGeSiGeGeGeGeGeGeGeGeGeGeGeGeGeSiGeSiGeGeGeGeGeSiGeGeSiGeGeSiGeGeGeGeSiGeSiSiGeSiSiGeSiGeGeGe
    14460.8847656250 GeSiSiGeSiSiGeGeSiGeSiGeSiGeGeSiGeGeGeGeGeGeGeGeGeGeGeGeGeSiGeSiGeGeGeGeGeSiGeGeSiGeGeSiGeGeGeGeSiGeSiSiGeSiSiGeSiGeGeGe
    14460.8847656250 GeSiSiGeSiSiGeGeSiGeSiGeSiGeGeSiGeGeGeGeGeGeGeGeGeGeGeGeGeSiGeSiGeGeGeGeGeSiGeGeSiGeGeSiGeGeGeGeSiGeSiSiGeSiSiGeSiGeGeGe
    14460.8847656250 GeSiSiGeSiSiGeGeSiGeSiGeSiGeGeSiGeGeGeGeGeGeGeGeGeGeGeGeGeSiGeSiGeGeGeGeGeSiGeGeSiGeGeSiGeGeGeGeSiGeSiSiGeSiSiGeSiGeGeGe
    14460.8847656250 GeSiSiGeSiSiGeGeSiGeSiGeSiGeGeSiGeGeGeGeGeGeGeGeGeGeGeGeGeSiGeSiGeGeGeGeGeSiGeGeSiGeGeSiGeGeGeGeSiGeSiSiGeSiSiGeSiGeGeGe
    14460.8847656250 GeSiSiGeSiSiGeGeSiGeSiGeSiGeGeSiGeGeGeGeGeGeGeGeGeGeGeGeGeSiGeSiGeGeGeGeGeSiGeGeSiGeGeSiGeGeGeGeSiGeSiSiGeSiSiGeSiGeGeGe
    14460.8847656250 GeSiSiGeSiSiGeGeSiGeSiGeSiGeGeSiGeGeGeGeGeGeGeGeGeGeGeGeGeSiGeSiGeGeGeGeGeSiGeGeSiGeGeSiGeGeGeGeSiGeSiSiGeSiSiGeSiGeGeGe
    14460.8847656250 GeSiSiGeSiSiGeGeSiGeSiGeSiGeGeSiGeGeGeGeGeGeGeGeGeGeGeGeGeSiGeSiGeGeGeGeGeSiGeGeSiGeGeSiGeGeGeGeSiGeSiSiGeSiSiGeSiGeGeGe
    14460.8847656250 GeSiSiGeSiSiGeGeSiGeSiGeSiGeGeSiGeGeGeGeGeGeGeGeGeGeGeGeGeSiGeSiGeGeGeGeGeSiGeGeSiGeGeSiGeGeGeGeSiGeSiSiGeSiSiGeSiGeGeGe
    14460.8847656250 GeSiSiGeSiSiGeGeSiGeSiGeSiGeGeSiGeGeGeGeGeGeGeGeGeGeGeGeGeSiGeSiGeGeGeGeGeSiGeGeSiGeGeSiGeGeGeGeSiGeSiSiGeSiSiGeSiGeGeGe
    14460.8847656250 GeSiSiGeSiSiGeGeSiGeSiGeSiGeGeSiGeGeGeGeGeGeGeGeGeGeGeGeGeSiGeSiGeGeGeGeGeSiGeGeSiGeGeSiGeGeGeGeSiGeSiSiGeSiSiGeSiGeGeGe
    14460.8847656250 GeSiSiGeSiSiGeGeSiGeSiGeSiGeGeSiGeGeGeGeGeGeGeGeGeGeGeGeGeSiGeSiGeGeGeGeGeSiGeGeSiGeGeSiGeGeGeGeSiGeSiSiGeSiSiGeSiGeGeGe
    14460.8847656250 GeSiSiGeSiSiGeGeSiGeSiGeSiGeGeSiGeGeGeGeGeGeGeGeGeGeGeGeGeSiGeSiGeGeGeGeGeSiGeGeSiGeGeSiGeGeGeGeSiGeSiSiGeSiSiGeSiGeGeGe
    14460.8847656250 GeSiSiGeSiSiGeGeSiGeSiGeSiGeGeSiGeGeGeGeGeGeGeGeGeGeGeGeGeSiGeSiGeGeGeGeGeSiGeGeSiGeGeSiGeGeGeGeSiGeSiSiGeSiSiGeSiGeGeGe
    14460.8847656250 GeSiSiGeSiSiGeGeSiGeSiGeSiGeGeSiGeGeGeGeGeGeGeGeGeGeGeGeGeSiGeSiGeGeGeGeGeSiGeGeSiGeGeSiGeGeGeGeSiGeSiSiGeSiSiGeSiGeGeGe
    14460.8847656250 GeSiSiGeSiSiGeGeSiGeSiGeSiGeGeSiGeGeGeGeGeGeGeGeGeGeGeGeGeSiGeSiGeGeGeGeGeSiGeGeSiGeGeSiGeGeGeGeSiGeSiSiGeSiSiGeSiGeGeGe
    14460.8847656250 GeSiSiGeSiSiGeGeSiGeSiGeSiGeGeSiGeGeGeGeGeGeGeGeGeGeGeGeGeSiGeSiGeGeGeGeGeSiGeGeSiGeGeSiGeGeGeGeSiGeSiSiGeSiSiGeSiGeGeGe
    14460.8847656250 GeSiSiGeSiSiGeGeSiGeSiGeSiGeGeSiGeGeGeGeGeGeGeGeGeGeGeGeGeSiGeSiGeGeGeGeGeSiGeGeSiGeGeSiGeGeGeGeSiGeSiSiGeSiSiGeSiGeGeGe
    14460.8847656250 GeSiSiGeSiSiGeGeSiGeSiGeSiGeGeSiGeGeGeGeGeGeGeGeGeGeGeGeGeSiGeSiGeGeGeGeGeSiGeGeSiGeGeSiGeGeGeGeSiGeSiSiGeSiSiGeSiGeGeGe
    14460.8847656250 GeSiSiGeSiSiGeGeSiGeSiGeSiGeGeSiGeGeGeGeGeGeGeGeGeGeGeGeGeSiGeSiGeGeGeGeGeSiGeGeSiGeGeSiGeGeGeGeSiGeSiSiGeSiSiGeSiGeGeGe
    14460.8847656250 GeSiSiGeSiSiGeGeSiGeSiGeSiGeGeSiGeGeGeGeGeGeGeGeGeGeGeGeGeSiGeSiGeGeGeGeGeSiGeGeSiGeGeSiGeGeGeGeSiGeSiSiGeSiSiGeSiGeGeGe
    14460.8847656250 GeSiSiGeSiSiGeGeSiGeSiGeSiGeGeSiGeGeGeGeGeGeGeGeGeGeGeGeGeSiGeSiGeGeGeGeGeSiGeGeSiGeGeSiGeGeGeGeSiGeSiSiGeSiSiGeSiGeGeGe
    14460.8847656250 GeSiSiGeSiSiGeGeSiGeSiGeSiGeGeSiGeGeGeGeGeGeGeGeGeGeGeGeGeSiGeSiGeGeGeGeGeSiGeGeSiGeGeSiGeGeGeGeSiGeSiSiGeSiSiGeSiGeGeGe
    14460.8847656250 GeSiSiGeSiSiGeGeSiGeSiGeSiGeGeSiGeGeGeGeGeGeGeGeGeGeGeGeGeSiGeSiGeGeGeGeGeSiGeGeSiGeGeSiGeGeGeGeSiGeSiSiGeSiSiGeSiGeGeGe
    14460.8847656250 GeSiSiGeSiSiGeGeSiGeSiGeSiGeGeSiGeGeGeGeGeGeGeGeGeGeGeGeGeSiGeSiGeGeGeGeGeSiGeGeSiGeGeSiGeGeGeGeSiGeSiSiGeSiSiGeSiGeGeGe
    14460.8847656250 GeSiSiGeSiSiGeGeSiGeSiGeSiGeGeSiGeGeGeGeGeGeGeGeGeGeGeGeGeSiGeSiGeGeGeGeGeSiGeGeSiGeGeSiGeGeGeGeSiGeSiSiGeSiSiGeSiGeGeGe
    14460.8847656250 GeSiSiGeSiSiGeGeSiGeSiGeSiGeGeSiGeGeGeGeGeGeGeGeGeGeGeGeGeSiGeSiGeGeGeGeGeSiGeGeSiGeGeSiGeGeGeGeSiGeSiSiGeSiSiGeSiGeGeGe
    14460.8847656250 GeSiSiGeSiSiGeGeSiGeSiGeSiGeGeSiGeGeGeGeGeGeGeGeGeGeGeGeGeSiGeSiGeGeGeGeGeSiGeGeSiGeGeSiGeGeGeGeSiGeSiSiGeSiSiGeSiGeGeGe
    14460.8847656250 GeSiSiGeSiSiGeGeSiGeSiGeSiGeGeSiGeGeGeGeGeGeGeGeGeGeGeGeGeSiGeSiGeGeGeGeGeSiGeGeSiGeGeSiGeGeGeGeSiGeSiSiGeSiSiGeSiGeGeGe
    14460.8847656250 GeSiSiGeSiSiGeGeSiGeSiGeSiGeGeSiGeGeGeGeGeGeGeGeGeGeGeGeGeSiGeSiGeGeGeGeGeSiGeGeSiGeGeSiGeGeGeGeSiGeSiSiGeSiSiGeSiGeGeGe
    14460.8847656250 GeSiSiGeSiSiGeGeSiGeSiGeSiGeGeSiGeGeGeGeGeGeGeGeGeGeGeGeGeSiGeSiGeGeGeGeGeSiGeGeSiGeGeSiGeGeGeGeSiGeSiSiGeSiSiGeSiGeGeGe
    14460.8847656250 GeSiSiGeSiSiGeGeSiGeSiGeSiGeGeSiGeGeGeGeGeGeGeGeGeGeGeGeGeSiGeSiGeGeGeGeGeSiGeGeSiGeGeSiGeGeGeGeSiGeSiSiGeSiSiGeSiGeGeGe
    14460.8847656250 GeSiSiGeSiSiGeGeSiGeSiGeSiGeGeSiGeGeGeGeGeGeGeGeGeGeGeGeGeSiGeSiGeGeGeGeGeSiGeGeSiGeGeSiGeGeGeGeSiGeSiSiGeSiSiGeSiGeGeGe
    14460.8847656250 GeSiSiGeSiSiGeGeSiGeSiGeSiGeGeSiGeGeGeGeGeGeGeGeGeGeGeGeGeSiGeSiGeGeGeGeGeSiGeGeSiGeGeSiGeGeGeGeSiGeSiSiGeSiSiGeSiGeGeGe
    14460.8847656250 GeSiSiGeSiSiGeGeSiGeSiGeSiGeGeSiGeGeGeGeGeGeGeGeGeGeGeGeGeSiGeSiGeGeGeGeGeSiGeGeSiGeGeSiGeGeGeGeSiGeSiSiGeSiSiGeSiGeGeGe
    14460.8847656250 GeSiSiGeSiSiGeGeSiGeSiGeSiGeGeSiGeGeGeGeGeGeGeGeGeGeGeGeGeSiGeSiGeGeGeGeGeSiGeGeSiGeGeSiGeGeGeGeSiGeSiSiGeSiSiGeSiGeGeGe
    14460.8847656250 GeSiSiGeSiSiGeGeSiGeSiGeSiGeGeSiGeGeGeGeGeGeGeGeGeGeGeGeGeSiGeSiGeGeGeGeGeSiGeGeSiGeGeSiGeGeGeGeSiGeSiSiGeSiSiGeSiGeGeGe
    14460.8847656250 GeSiSiGeSiSiGeGeSiGeSiGeSiGeGeSiGeGeGeGeGeGeGeGeGeGeGeGeGeSiGeSiGeGeGeGeGeSiGeGeSiGeGeSiGeGeGeGeSiGeSiSiGeSiSiGeSiGeGeGe
    14460.8847656250 GeSiSiGeSiSiGeGeSiGeSiGeSiGeGeSiGeGeGeGeGeGeGeGeGeGeGeGeGeSiGeSiGeGeGeGeGeSiGeGeSiGeGeSiGeGeGeGeSiGeSiSiGeSiSiGeSiGeGeGe
    14460.8847656250 GeSiSiGeSiSiGeGeSiGeSiGeSiGeGeSiGeGeGeGeGeGeGeGeGeGeGeGeGeSiGeSiGeGeGeGeGeSiGeGeSiGeGeSiGeGeGeGeSiGeSiSiGeSiSiGeSiGeGeGe
    14460.8847656250 GeSiSiGeSiSiGeGeSiGeSiGeSiGeGeSiGeGeGeGeGeGeGeGeGeGeGeGeGeSiGeSiGeGeGeGeGeSiGeGeSiGeGeSiGeGeGeGeSiGeSiSiGeSiSiGeSiGeGeGe
    14460.8847656250 GeSiSiGeSiSiGeGeSiGeSiGeSiGeGeSiGeGeGeGeGeGeGeGeGeGeGeGeGeSiGeSiGeGeGeGeGeSiGeGeSiGeGeSiGeGeGeGeSiGeSiSiGeSiSiGeSiGeGeGe
    14460.8847656250 GeSiSiGeSiSiGeGeSiGeSiGeSiGeGeSiGeGeGeGeGeGeGeGeGeGeGeGeGeSiGeSiGeGeGeGeGeSiGeGeSiGeGeSiGeGeGeGeSiGeSiSiGeSiSiGeSiGeGeGe
    14460.8847656250 GeSiSiGeSiSiGeGeSiGeSiGeSiGeGeSiGeGeGeGeGeGeGeGeGeGeGeGeGeSiGeSiGeGeGeGeGeSiGeGeSiGeGeSiGeGeGeGeSiGeSiSiGeSiSiGeSiGeGeGe
    14460.8847656250 GeSiSiGeSiSiGeGeSiGeSiGeSiGeGeSiGeGeGeGeGeGeGeGeGeGeGeGeGeSiGeSiGeGeGeGeGeSiGeGeSiGeGeSiGeGeGeGeSiGeSiSiGeSiSiGeSiGeGeGe
    14460.8847656250 GeSiSiGeSiSiGeGeSiGeSiGeSiGeGeSiGeGeGeGeGeGeGeGeGeGeGeGeGeSiGeSiGeGeGeGeGeSiGeGeSiGeGeSiGeGeGeGeSiGeSiSiGeSiSiGeSiGeGeGe
    14460.8847656250 GeSiSiGeSiSiGeGeSiGeSiGeSiGeGeSiGeGeGeGeGeGeGeGeGeGeGeGeGeSiGeSiGeGeGeGeGeSiGeGeSiGeGeSiGeGeGeGeSiGeSiSiGeSiSiGeSiGeGeGe
    14460.8847656250 GeSiSiGeSiSiGeGeSiGeSiGeSiGeGeSiGeGeGeGeGeGeGeGeGeGeGeGeGeSiGeSiGeGeGeGeGeSiGeGeSiGeGeSiGeGeGeGeSiGeSiSiGeSiSiGeSiGeGeGe
    14460.8847656250 GeSiSiGeSiSiGeGeSiGeSiGeSiGeGeSiGeGeGeGeGeGeGeGeGeGeGeGeGeSiGeSiGeGeGeGeGeSiGeGeSiGeGeSiGeGeGeGeSiGeSiSiGeSiSiGeSiGeGeGe
    14460.8847656250 GeSiSiGeSiSiGeGeSiGeSiGeSiGeGeSiGeGeGeGeGeGeGeGeGeGeGeGeGeSiGeSiGeGeGeGeGeSiGeGeSiGeGeSiGeGeGeGeSiGeSiSiGeSiSiGeSiGeGeGe
    14460.8847656250 GeSiSiGeSiSiGeGeSiGeSiGeSiGeGeSiGeGeGeGeGeGeGeGeGeGeGeGeGeSiGeSiGeGeGeGeGeSiGeGeSiGeGeSiGeGeGeGeSiGeSiSiGeSiSiGeSiGeGeGe
    14460.8847656250 GeSiSiGeSiSiGeGeSiGeSiGeSiGeGeSiGeGeGeGeGeGeGeGeGeGeGeGeGeSiGeSiGeGeGeGeGeSiGeGeSiGeGeSiGeGeGeGeSiGeSiSiGeSiSiGeSiGeGeGe
    14460.8847656250 GeSiSiGeSiSiGeGeSiGeSiGeSiGeGeSiGeGeGeGeGeGeGeGeGeGeGeGeGeSiGeSiGeGeGeGeGeSiGeGeSiGeGeSiGeGeGeGeSiGeSiSiGeSiSiGeSiGeGeGe
    14460.8847656250 GeSiSiGeSiSiGeGeSiGeSiGeSiGeGeSiGeGeGeGeGeGeGeGeGeGeGeGeGeSiGeSiGeGeGeGeGeSiGeGeSiGeGeSiGeGeGeGeSiGeSiSiGeSiSiGeSiGeGeGe
    14460.8847656250 GeSiSiGeSiSiGeGeSiGeSiGeSiGeGeSiGeGeGeGeGeGeGeGeGeGeGeGeGeSiGeSiGeGeGeGeGeSiGeGeSiGeGeSiGeGeGeGeSiGeSiSiGeSiSiGeSiGeGeGe
    14460.8847656250 GeSiSiGeSiSiGeGeSiGeSiGeSiGeGeSiGeGeGeGeGeGeGeGeGeGeGeGeGeSiGeSiGeGeGeGeGeSiGeGeSiGeGeSiGeGeGeGeSiGeSiSiGeSiSiGeSiGeGeGe
    14460.8847656250 GeSiSiGeSiSiGeGeSiGeSiGeSiGeGeSiGeGeGeGeGeGeGeGeGeGeGeGeGeSiGeSiGeGeGeGeGeSiGeGeSiGeGeSiGeGeGeGeSiGeSiSiGeSiSiGeSiGeGeGe
    14460.8847656250 GeSiSiGeSiSiGeGeSiGeSiGeSiGeGeSiGeGeGeGeGeGeGeGeGeGeGeGeGeSiGeSiGeGeGeGeGeSiGeGeSiGeGeSiGeGeGeGeSiGeSiSiGeSiSiGeSiGeGeGe
    14460.8847656250 GeSiSiGeSiSiGeGeSiGeSiGeSiGeGeSiGeGeGeGeGeGeGeGeGeGeGeGeGeSiGeSiGeGeGeGeGeSiGeGeSiGeGeSiGeGeGeGeSiGeSiSiGeSiSiGeSiGeGeGe
    14460.8847656250 GeSiSiGeSiSiGeGeSiGeSiGeSiGeGeSiGeGeGeGeGeGeGeGeGeGeGeGeGeSiGeSiGeGeGeGeGeSiGeGeSiGeGeSiGeGeGeGeSiGeSiSiGeSiSiGeSiGeGeGe
    14460.8847656250 GeSiSiGeSiSiGeGeSiGeSiGeSiGeGeSiGeGeGeGeGeGeGeGeGeGeGeGeGeSiGeSiGeGeGeGeGeSiGeGeSiGeGeSiGeGeGeGeSiGeSiSiGeSiSiGeSiGeGeGe
    14460.8847656250 GeSiSiGeSiSiGeGeSiGeSiGeSiGeGeSiGeGeGeGeGeGeGeGeGeGeGeGeGeSiGeSiGeGeGeGeGeSiGeGeSiGeGeSiGeGeGeGeSiGeSiSiGeSiSiGeSiGeGeGe
    14460.8847656250 GeSiSiGeSiSiGeGeSiGeSiGeSiGeGeSiGeGeGeGeGeGeGeGeGeGeGeGeGeSiGeSiGeGeGeGeGeSiGeGeSiGeGeSiGeGeGeGeSiGeSiSiGeSiSiGeSiGeGeGe
    14460.8847656250 GeSiSiGeSiSiGeGeSiGeSiGeSiGeGeSiGeGeGeGeGeGeGeGeGeGeGeGeGeSiGeSiGeGeGeGeGeSiGeGeSiGeGeSiGeGeGeGeSiGeSiSiGeSiSiGeSiGeGeGe
    14460.8847656250 GeSiSiGeSiSiGeGeSiGeSiGeSiGeGeSiGeGeGeGeGeGeGeGeGeGeGeGeGeSiGeSiGeGeGeGeGeSiGeGeSiGeGeSiGeGeGeGeSiGeSiSiGeSiSiGeSiGeGeGe
    14460.8847656250 GeSiSiGeSiSiGeGeSiGeSiGeSiGeGeSiGeGeGeGeGeGeGeGeGeGeGeGeGeSiGeSiGeGeGeGeGeSiGeGeSiGeGeSiGeGeGeGeSiGeSiSiGeSiSiGeSiGeGeGe
    14460.8847656250 GeSiSiGeSiSiGeGeSiGeSiGeSiGeGeSiGeGeGeGeGeGeGeGeGeGeGeGeGeSiGeSiGeGeGeGeGeSiGeGeSiGeGeSiGeGeGeGeSiGeSiSiGeSiSiGeSiGeGeGe
    14460.8847656250 GeSiSiGeSiSiGeGeSiGeSiGeSiGeGeSiGeGeGeGeGeGeGeGeGeGeGeGeGeSiGeSiGeGeGeGeGeSiGeGeSiGeGeSiGeGeGeGeSiGeSiSiGeSiSiGeSiGeGeGe
    14460.8847656250 GeSiSiGeSiSiGeGeSiGeSiGeSiGeGeSiGeGeGeGeGeGeGeGeGeGeGeGeGeSiGeSiGeGeGeGeGeSiGeGeSiGeGeSiGeGeGeGeSiGeSiSiGeSiSiGeSiGeGeGe
    14460.8847656250 GeSiSiGeSiSiGeGeSiGeSiGeSiGeGeSiGeGeGeGeGeGeGeGeGeGeGeGeGeSiGeSiGeGeGeGeGeSiGeGeSiGeGeSiGeGeGeGeSiGeSiSiGeSiSiGeSiGeGeGe
    14460.8847656250 GeSiSiGeSiSiGeGeSiGeSiGeSiGeGeSiGeGeGeGeGeGeGeGeGeGeGeGeGeSiGeSiGeGeGeGeGeSiGeGeSiGeGeSiGeGeGeGeSiGeSiSiGeSiSiGeSiGeGeGe
    14460.8847656250 GeSiSiGeSiSiGeGeSiGeSiGeSiGeGeSiGeGeGeGeGeGeGeGeGeGeGeGeGeSiGeSiGeGeGeGeGeSiGeGeSiGeGeSiGeGeGeGeSiGeSiSiGeSiSiGeSiGeGeGe
    14460.8847656250 GeSiSiGeSiSiGeGeSiGeSiGeSiGeGeSiGeGeGeGeGeGeGeGeGeGeGeGeGeSiGeSiGeGeGeGeGeSiGeGeSiGeGeSiGeGeGeGeSiGeSiSiGeSiSiGeSiGeGeGe
    14460.8847656250 GeSiSiGeSiSiGeGeSiGeSiGeSiGeGeSiGeGeGeGeGeGeGeGeGeGeGeGeGeSiGeSiGeGeGeGeGeSiGeGeSiGeGeSiGeGeGeGeSiGeSiSiGeSiSiGeSiGeGeGe
    14460.8847656250 GeSiSiGeSiSiGeGeSiGeSiGeSiGeGeSiGeGeGeGeGeGeGeGeGeGeGeGeGeSiGeSiGeGeGeGeGeSiGeGeSiGeGeSiGeGeGeGeSiGeSiSiGeSiSiGeSiGeGeGe
    14460.8847656250 GeSiSiGeSiSiGeGeSiGeSiGeSiGeGeSiGeGeGeGeGeGeGeGeGeGeGeGeGeSiGeSiGeGeGeGeGeSiGeGeSiGeGeSiGeGeGeGeSiGeSiSiGeSiSiGeSiGeGeGe
    14460.8847656250 GeSiSiGeSiSiGeGeSiGeSiGeSiGeGeSiGeGeGeGeGeGeGeGeGeGeGeGeGeSiGeSiGeGeGeGeGeSiGeGeSiGeGeSiGeGeGeGeSiGeSiSiGeSiSiGeSiGeGeGe
    14460.8847656250 GeSiSiGeSiSiGeGeSiGeSiGeSiGeGeSiGeGeGeGeGeGeGeGeGeGeGeGeGeSiGeSiGeGeGeGeGeSiGeGeSiGeGeSiGeGeGeGeSiGeSiSiGeSiSiGeSiGeGeGe
    14460.8847656250 GeSiSiGeSiSiGeGeSiGeSiGeSiGeGeSiGeGeGeGeGeGeGeGeGeGeGeGeGeSiGeSiGeGeGeGeGeSiGeGeSiGeGeSiGeGeGeGeSiGeSiSiGeSiSiGeSiGeGeGe
    14460.8847656250 GeSiSiGeSiSiGeGeSiGeSiGeSiGeGeSiGeGeGeGeGeGeGeGeGeGeGeGeGeSiGeSiGeGeGeGeGeSiGeGeSiGeGeSiGeGeGeGeSiGeSiSiGeSiSiGeSiGeGeGe
    14460.8847656250 GeSiSiGeSiSiGeGeSiGeSiGeSiGeGeSiGeGeGeGeGeGeGeGeGeGeGeGeGeSiGeSiGeGeGeGeGeSiGeGeSiGeGeSiGeGeGeGeSiGeSiSiGeSiSiGeSiGeGeGe
    14460.8847656250 GeSiSiGeSiSiGeGeSiGeSiGeSiGeGeSiGeGeGeGeGeGeGeGeGeGeGeGeGeSiGeSiGeGeGeGeGeSiGeGeSiGeGeSiGeGeGeGeSiGeSiSiGeSiSiGeSiGeGeGe
    14460.8847656250 GeSiSiGeSiSiGeGeSiGeSiGeSiGeGeSiGeGeGeGeGeGeGeGeGeGeGeGeGeSiGeSiGeGeGeGeGeSiGeGeSiGeGeSiGeGeGeGeSiGeSiSiGeSiSiGeSiGeGeGe
    14460.8847656250 GeSiSiGeSiSiGeGeSiGeSiGeSiGeGeSiGeGeGeGeGeGeGeGeGeGeGeGeGeSiGeSiGeGeGeGeGeSiGeGeSiGeGeSiGeGeGeGeSiGeSiSiGeSiSiGeSiGeGeGe
    14460.8847656250 GeSiSiGeSiSiGeGeSiGeSiGeSiGeGeSiGeGeGeGeGeGeGeGeGeGeGeGeGeSiGeSiGeGeGeGeGeSiGeGeSiGeGeSiGeGeGeGeSiGeSiSiGeSiSiGeSiGeGeGe
    14460.8847656250 GeSiSiGeSiSiGeGeSiGeSiGeSiGeGeSiGeGeGeGeGeGeGeGeGeGeGeGeGeSiGeSiGeGeGeGeGeSiGeGeSiGeGeSiGeGeGeGeSiGeSiSiGeSiSiGeSiGeGeGe
    14460.8847656250 GeSiSiGeSiSiGeGeSiGeSiGeSiGeGeSiGeGeGeGeGeGeGeGeGeGeGeGeGeSiGeSiGeGeGeGeGeSiGeGeSiGeGeSiGeGeGeGeSiGeSiSiGeSiSiGeSiGeGeGe
    14460.8847656250 GeSiSiGeSiSiGeGeSiGeSiGeSiGeGeSiGeGeGeGeGeGeGeGeGeGeGeGeGeSiGeSiGeGeGeGeGeSiGeGeSiGeGeSiGeGeGeGeSiGeSiSiGeSiSiGeSiGeGeGe
    14460.8847656250 GeSiSiGeSiSiGeGeSiGeSiGeSiGeGeSiGeGeGeGeGeGeGeGeGeGeGeGeGeSiGeSiGeGeGeGeGeSiGeGeSiGeGeSiGeGeGeGeSiGeSiSiGeSiSiGeSiGeGeGe
    14460.8847656250 GeSiSiGeSiSiGeGeSiGeSiGeSiGeGeSiGeGeGeGeGeGeGeGeGeGeGeGeGeSiGeSiGeGeGeGeGeSiGeGeSiGeGeSiGeGeGeGeSiGeSiSiGeSiSiGeSiGeGeGe
    14460.8847656250 GeSiSiGeSiSiGeGeSiGeSiGeSiGeGeSiGeGeGeGeGeGeGeGeGeGeGeGeGeSiGeSiGeGeGeGeGeSiGeGeSiGeGeSiGeGeGeGeSiGeSiSiGeSiSiGeSiGeGeGe
    14460.8847656250 GeSiSiGeSiSiGeGeSiGeSiGeSiGeGeSiGeGeGeGeGeGeGeGeGeGeGeGeGeSiGeSiGeGeGeGeGeSiGeGeSiGeGeSiGeGeGeGeSiGeSiSiGeSiSiGeSiGeGeGe
    14460.8847656250 GeSiSiGeSiSiGeGeSiGeSiGeSiGeGeSiGeGeGeGeGeGeGeGeGeGeGeGeGeSiGeSiGeGeGeGeGeSiGeGeSiGeGeSiGeGeGeGeSiGeSiSiGeSiSiGeSiGeGeGe
    14460.8847656250 GeSiSiGeSiSiGeGeSiGeSiGeSiGeGeSiGeGeGeGeGeGeGeGeGeGeGeGeGeSiGeSiGeGeGeGeGeSiGeGeSiGeGeSiGeGeGeGeSiGeSiSiGeSiSiGeSiGeGeGe
    14460.8847656250 GeSiSiGeSiSiGeGeSiGeSiGeSiGeGeSiGeGeGeGeGeGeGeGeGeGeGeGeGeSiGeSiGeGeGeGeGeSiGeGeSiGeGeSiGeGeGeGeSiGeSiSiGeSiSiGeSiGeGeGe
    14460.8847656250 GeSiSiGeSiSiGeGeSiGeSiGeSiGeGeSiGeGeGeGeGeGeGeGeGeGeGeGeGeSiGeSiGeGeGeGeGeSiGeGeSiGeGeSiGeGeGeGeSiGeSiSiGeSiSiGeSiGeGeGe
    14460.8847656250 GeSiSiGeSiSiGeGeSiGeSiGeSiGeGeSiGeGeGeGeGeGeGeGeGeGeGeGeGeSiGeSiGeGeGeGeGeSiGeGeSiGeGeSiGeGeGeGeSiGeSiSiGeSiSiGeSiGeGeGe
    14460.8847656250 GeSiSiGeSiSiGeGeSiGeSiGeSiGeGeSiGeGeGeGeGeGeGeGeGeGeGeGeGeSiGeSiGeGeGeGeGeSiGeGeSiGeGeSiGeGeGeGeSiGeSiSiGeSiSiGeSiGeGeGe
    14460.8847656250 GeSiSiGeSiSiGeGeSiGeSiGeSiGeGeSiGeGeGeGeGeGeGeGeGeGeGeGeGeSiGeSiGeGeGeGeGeSiGeGeSiGeGeSiGeGeGeGeSiGeSiSiGeSiSiGeSiGeGeGe
    14460.8847656250 GeSiSiGeSiSiGeGeSiGeSiGeSiGeGeSiGeGeGeGeGeGeGeGeGeGeGeGeGeSiGeSiGeGeGeGeGeSiGeGeSiGeGeSiGeGeGeGeSiGeSiSiGeSiSiGeSiGeGeGe
    14460.8847656250 GeSiSiGeSiSiGeGeSiGeSiGeSiGeGeSiGeGeGeGeGeGeGeGeGeGeGeGeGeSiGeSiGeGeGeGeGeSiGeGeSiGeGeSiGeGeGeGeSiGeSiSiGeSiSiGeSiGeGeGe
    14460.8847656250 GeSiSiGeSiSiGeGeSiGeSiGeSiGeGeSiGeGeGeGeGeGeGeGeGeGeGeGeGeSiGeSiGeGeGeGeGeSiGeGeSiGeGeSiGeGeGeGeSiGeSiSiGeSiSiGeSiGeGeGe
    14460.8847656250 GeSiSiGeSiSiGeGeSiGeSiGeSiGeGeSiGeGeGeGeGeGeGeGeGeGeGeGeGeSiGeSiGeGeGeGeGeSiGeGeSiGeGeSiGeGeGeGeSiGeSiSiGeSiSiGeSiGeGeGe
    14460.8847656250 GeSiSiGeSiSiGeGeSiGeSiGeSiGeGeSiGeGeGeGeGeGeGeGeGeGeGeGeGeSiGeSiGeGeGeGeGeSiGeGeSiGeGeSiGeGeGeGeSiGeSiSiGeSiSiGeSiGeGeGe
    14460.8847656250 GeSiSiGeSiSiGeGeSiGeSiGeSiGeGeSiGeGeGeGeGeGeGeGeGeGeGeGeGeSiGeSiGeGeGeGeGeSiGeGeSiGeGeSiGeGeGeGeSiGeSiSiGeSiSiGeSiGeGeGe
    14460.8847656250 GeSiSiGeSiSiGeGeSiGeSiGeSiGeGeSiGeGeGeGeGeGeGeGeGeGeGeGeGeSiGeSiGeGeGeGeGeSiGeGeSiGeGeSiGeGeGeGeSiGeSiSiGeSiSiGeSiGeGeGe
    14460.8847656250 GeSiSiGeSiSiGeGeSiGeSiGeSiGeGeSiGeGeGeGeGeGeGeGeGeGeGeGeGeSiGeSiGeGeGeGeGeSiGeGeSiGeGeSiGeGeGeGeSiGeSiSiGeSiSiGeSiGeGeGe
    14460.8847656250 GeSiSiGeSiSiGeGeSiGeSiGeSiGeGeSiGeGeGeGeGeGeGeGeGeGeGeGeGeSiGeSiGeGeGeGeGeSiGeGeSiGeGeSiGeGeGeGeSiGeSiSiGeSiSiGeSiGeGeGe
    14460.8847656250 GeSiSiGeSiSiGeGeSiGeSiGeSiGeGeSiGeGeGeGeGeGeGeGeGeGeGeGeGeSiGeSiGeGeGeGeGeSiGeGeSiGeGeSiGeGeGeGeSiGeSiSiGeSiSiGeSiGeGeGe
    14460.8847656250 GeSiSiGeSiSiGeGeSiGeSiGeSiGeGeSiGeGeGeGeGeGeGeGeGeGeGeGeGeSiGeSiGeGeGeGeGeSiGeGeSiGeGeSiGeGeGeGeSiGeSiSiGeSiSiGeSiGeGeGe
    14460.8847656250 GeSiSiGeSiSiGeGeSiGeSiGeSiGeGeSiGeGeGeGeGeGeGeGeGeGeGeGeGeSiGeSiGeGeGeGeGeSiGeGeSiGeGeSiGeGeGeGeSiGeSiSiGeSiSiGeSiGeGeGe
    14460.8847656250 GeSiSiGeSiSiGeGeSiGeSiGeSiGeGeSiGeGeGeGeGeGeGeGeGeGeGeGeGeSiGeSiGeGeGeGeGeSiGeGeSiGeGeSiGeGeGeGeSiGeSiSiGeSiSiGeSiGeGeGe
    14460.8847656250 GeSiSiGeSiSiGeGeSiGeSiGeSiGeGeSiGeGeGeGeGeGeGeGeGeGeGeGeGeSiGeSiGeGeGeGeGeSiGeGeSiGeGeSiGeGeGeGeSiGeSiSiGeSiSiGeSiGeGeGe
    14460.8847656250 GeSiSiGeSiSiGeGeSiGeSiGeSiGeGeSiGeGeGeGeGeGeGeGeGeGeGeGeGeSiGeSiGeGeGeGeGeSiGeGeSiGeGeSiGeGeGeGeSiGeSiSiGeSiSiGeSiGeGeGe
    14460.8847656250 GeSiSiGeSiSiGeGeSiGeSiGeSiGeGeSiGeGeGeGeGeGeGeGeGeGeGeGeGeSiGeSiGeGeGeGeGeSiGeGeSiGeGeSiGeGeGeGeSiGeSiSiGeSiSiGeSiGeGeGe
    14460.8847656250 GeSiSiGeSiSiGeGeSiGeSiGeSiGeGeSiGeGeGeGeGeGeGeGeGeGeGeGeGeSiGeSiGeGeGeGeGeSiGeGeSiGeGeSiGeGeGeGeSiGeSiSiGeSiSiGeSiGeGeGe
    14460.8847656250 GeSiSiGeSiSiGeGeSiGeSiGeSiGeGeSiGeGeGeGeGeGeGeGeGeGeGeGeGeSiGeSiGeGeGeGeGeSiGeGeSiGeGeSiGeGeGeGeSiGeSiSiGeSiSiGeSiGeGeGe
    14460.8847656250 GeSiSiGeSiSiGeGeSiGeSiGeSiGeGeSiGeGeGeGeGeGeGeGeGeGeGeGeGeSiGeSiGeGeGeGeGeSiGeGeSiGeGeSiGeGeGeGeSiGeSiSiGeSiSiGeSiGeGeGe
    14460.8847656250 GeSiSiGeSiSiGeGeSiGeSiGeSiGeGeSiGeGeGeGeGeGeGeGeGeGeGeGeGeSiGeSiGeGeGeGeGeSiGeGeSiGeGeSiGeGeGeGeSiGeSiSiGeSiSiGeSiGeGeGe
    14460.8847656250 GeSiSiGeSiSiGeGeSiGeSiGeSiGeGeSiGeGeGeGeGeGeGeGeGeGeGeGeGeSiGeSiGeGeGeGeGeSiGeGeSiGeGeSiGeGeGeGeSiGeSiSiGeSiSiGeSiGeGeGe
    14460.8847656250 GeSiSiGeSiSiGeGeSiGeSiGeSiGeGeSiGeGeGeGeGeGeGeGeGeGeGeGeGeSiGeSiGeGeGeGeGeSiGeGeSiGeGeSiGeGeGeGeSiGeSiSiGeSiSiGeSiGeGeGe
    14460.8847656250 GeSiSiGeSiSiGeGeSiGeSiGeSiGeGeSiGeGeGeGeGeGeGeGeGeGeGeGeGeSiGeSiGeGeGeGeGeSiGeGeSiGeGeSiGeGeGeGeSiGeSiSiGeSiSiGeSiGeGeGe
    14460.8847656250 GeSiSiGeSiSiGeGeSiGeSiGeSiGeGeSiGeGeGeGeGeGeGeGeGeGeGeGeGeSiGeSiGeGeGeGeGeSiGeGeSiGeGeSiGeGeGeGeSiGeSiSiGeSiSiGeSiGeGeGe
    14460.8847656250 GeSiSiGeSiSiGeGeSiGeSiGeSiGeGeSiGeGeGeGeGeGeGeGeGeGeGeGeGeSiGeSiGeGeGeGeGeSiGeGeSiGeGeSiGeGeGeGeSiGeSiSiGeSiSiGeSiGeGeGe
    14460.8847656250 GeSiSiGeSiSiGeGeSiGeSiGeSiGeGeSiGeGeGeGeGeGeGeGeGeGeGeGeGeSiGeSiGeGeGeGeGeSiGeGeSiGeGeSiGeGeGeGeSiGeSiSiGeSiSiGeSiGeGeGe
    14460.8847656250 GeSiSiGeSiSiGeGeSiGeSiGeSiGeGeSiGeGeGeGeGeGeGeGeGeGeGeGeGeSiGeSiGeGeGeGeGeSiGeGeSiGeGeSiGeGeGeGeSiGeSiSiGeSiSiGeSiGeGeGe
    14460.8847656250 GeSiSiGeSiSiGeGeSiGeSiGeSiGeGeSiGeGeGeGeGeGeGeGeGeGeGeGeGeSiGeSiGeGeGeGeGeSiGeGeSiGeGeSiGeGeGeGeSiGeSiSiGeSiSiGeSiGeGeGe
    14460.8847656250 GeSiSiGeSiSiGeGeSiGeSiGeSiGeGeSiGeGeGeGeGeGeGeGeGeGeGeGeGeSiGeSiGeGeGeGeGeSiGeGeSiGeGeSiGeGeGeGeSiGeSiSiGeSiSiGeSiGeGeGe
    14460.8847656250 GeSiSiGeSiSiGeGeSiGeSiGeSiGeGeSiGeGeGeGeGeGeGeGeGeGeGeGeGeSiGeSiGeGeGeGeGeSiGeGeSiGeGeSiGeGeGeGeSiGeSiSiGeSiSiGeSiGeGeGe
    14460.8847656250 GeSiSiGeSiSiGeGeSiGeSiGeSiGeGeSiGeGeGeGeGeGeGeGeGeGeGeGeGeSiGeSiGeGeGeGeGeSiGeGeSiGeGeSiGeGeGeGeSiGeSiSiGeSiSiGeSiGeGeGe
    14460.8847656250 GeSiSiGeSiSiGeGeSiGeSiGeSiGeGeSiGeGeGeGeGeGeGeGeGeGeGeGeGeSiGeSiGeGeGeGeGeSiGeGeSiGeGeSiGeGeGeGeSiGeSiSiGeSiSiGeSiGeGeGe
    14460.8847656250 GeSiSiGeSiSiGeGeSiGeSiGeSiGeGeSiGeGeGeGeGeGeGeGeGeGeGeGeGeSiGeSiGeGeGeGeGeSiGeGeSiGeGeSiGeGeGeGeSiGeSiSiGeSiSiGeSiGeGeGe
    14460.8847656250 GeSiSiGeSiSiGeGeSiGeSiGeSiGeGeSiGeGeGeGeGeGeGeGeGeGeGeGeGeSiGeSiGeGeGeGeGeSiGeGeSiGeGeSiGeGeGeGeSiGeSiSiGeSiSiGeSiGeGeGe
    14460.8847656250 GeSiSiGeSiSiGeGeSiGeSiGeSiGeGeSiGeGeGeGeGeGeGeGeGeGeGeGeGeSiGeSiGeGeGeGeGeSiGeGeSiGeGeSiGeGeGeGeSiGeSiSiGeSiSiGeSiGeGeGe
    14460.8847656250 GeSiSiGeSiSiGeGeSiGeSiGeSiGeGeSiGeGeGeGeGeGeGeGeGeGeGeGeGeSiGeSiGeGeGeGeGeSiGeGeSiGeGeSiGeGeGeGeSiGeSiSiGeSiSiGeSiGeGeGe
filename: c000001351376730.gin     
Cell:
    11.9020996    11.9020996    29.6919994    90.0000000    90.0000000   120.0000000
Box:
    11.9020996    -5.9510503     0.0000000
     0.0000000    10.3075209     0.0000000
     0.0000000     0.0000000    29.6919994
----------------------------------------
Inverse Box:
     0.0840188     0.0485083     0.0000000
     0.0000000     0.0970165     0.0000000
     0.0000000     0.0000000     0.0336791
----------------------------------------
==============================================
geometrical properties of  41 Ge:
 Configuration:           0
 D_ave:   9.12493134       3.55469823    
 D_min:   3.02478409       3.10202744E-02
 energia:   14460.8848    
