Random Seed:  1063653780
Number of atoms:    60
Space Group:    1
Cell:
    11.9020996    11.9020996    29.6919994    90.0000000    90.0000000   120.0000000
Box:
    11.9020996    -5.9510503     0.0000000
     0.0000000    10.3075209     0.0000000
     0.0000000     0.0000000    29.6919994
----------------------------------------
Inverse Box:
     0.0840188     0.0485083     0.0000000
     0.0000000     0.0970165     0.0000000
     0.0000000     0.0000000     0.0336791
----------------------------------------
GeSiSiSiSiSiSiSiSiSiSiSiSiSiSiSiSiSiSiSiSiSiSiSiSiSiSiSiSiSiSiSiSiSiSiSiSiSiSiSiSiGeSiSiSiSiSiSiSiSiSiSiSiSiSiSiSiSiSiSi
           1 Ge    -7733.51855    
GeGeSiSiSiSiSiSiSiSiSiSiSiSiSiSiSiSiSiSiSiSiSiSiSiSiSiSiSiSiSiSiSiSiSiSiSiSiSiSiSiGeSiSiSiSiSiSiSiSiSiSiSiSiSiSiSiSiSiSi
           2 Ge    -7727.01807    
GeGeGeSiSiSiSiSiSiSiSiSiSiSiSiSiSiSiSiSiSiSiSiSiSiSiSiSiSiSiSiSiSiSiSiSiSiSiSiSiSiGeSiSiSiSiSiSiSiSiSiSiSiSiSiSiSiSiSiSi
           3 Ge    -7721.01318    
GeGeGeGeSiSiSiSiSiSiSiSiSiSiSiSiSiSiSiSiSiSiSiSiSiSiSiSiSiSiSiSiSiSiSiSiSiSiSiSiSiGeSiSiSiSiSiSiSiSiSiSiSiSiSiSiSiSiSiSi
           4 Ge    -7745.10352    
GeGeGeGeGeSiSiSiSiSiSiSiSiSiSiSiSiSiSiSiSiSiSiSiSiSiSiSiSiSiSiSiSiSiSiSiSiSiSiSiSiGeSiSiSiSiSiSiSiSiSiSiSiSiSiSiSiSiSiSi
           5 Ge    -7786.69336    
GeGeGeGeGeGeSiSiSiSiSiSiSiSiSiSiSiSiSiSiSiSiSiSiSiSiSiSiSiSiSiSiSiSiSiSiSiSiSiSiSiGeSiSiSiSiSiSiSiSiSiSiSiSiSiSiSiSiSiSi
           6 Ge    -7852.60449    
GeGeGeGeGeGeGeSiSiSiSiSiSiSiSiSiSiSiSiSiSiSiSiSiSiSiSiSiSiSiSiSiSiSiSiSiSiSiSiSiSiGeSiSiSiSiSiSiSiSiSiSiSiSiSiSiSiSiSiSi
           7 Ge    -8018.30371    
GeGeGeGeGeGeGeGeSiSiSiSiSiSiSiSiSiSiSiSiSiSiSiSiSiSiSiSiSiSiSiSiSiSiSiSiSiSiSiSiSiGeSiSiSiSiSiSiSiSiSiSiSiSiSiSiSiSiSiSi
           8 Ge    -8219.30273    
GeGeGeGeGeGeGeGeSiSiSiGeSiSiSiSiSiSiSiSiSiSiSiSiSiSiSiSiSiSiSiSiSiSiSiSiSiSiSiSiSiGeSiSiSiSiSiSiSiSiSiSiSiSiSiSiSiSiSiSi
          12 Ge    -8281.91992    
GeGeGeGeGeGeGeGeSiSiSiGeGeSiSiSiSiSiSiSiSiSiSiSiSiSiSiSiSiSiSiSiSiSiSiSiSiSiSiSiSiGeSiSiSiSiSiSiSiSiSiSiSiSiSiSiSiSiSiSi
          13 Ge    -8204.26855    
GeGeGeGeGeGeGeGeSiSiSiGeGeSiSiGeSiSiSiSiSiSiSiSiSiSiSiSiSiSiSiSiSiSiSiSiSiSiSiSiSiGeSiSiSiSiSiSiSiSiSiSiSiSiSiSiSiSiSiSi
          16 Ge    -8643.55469    
GeGeGeGeGeGeGeGeSiSiSiGeGeSiSiGeGeSiSiSiSiSiSiSiSiSiSiSiSiSiSiSiSiSiSiSiSiSiSiSiSiGeSiSiSiSiSiSiSiSiSiSiSiSiSiSiSiSiSiSi
          17 Ge    -8952.77637    
GeGeGeGeGeGeGeGeSiSiSiGeGeSiSiGeGeSiSiSiSiSiSiSiSiGeSiSiSiSiSiSiSiSiSiSiSiSiSiSiSiGeSiSiSiSiSiSiSiSiSiSiSiSiSiSiSiSiSiSi
          26 Ge    -8478.57031    
GeGeGeGeGeGeGeGeSiSiSiGeGeSiSiGeGeSiSiSiSiSiSiSiSiGeSiSiSiGeSiSiSiSiSiSiSiSiSiSiSiGeSiSiSiSiSiSiSiSiSiSiSiSiSiSiSiSiSiSi
          30 Ge    -6711.49951    
GeGeGeGeGeGeGeGeSiSiSiGeGeSiSiGeGeSiSiSiSiSiSiSiSiGeSiSiSiGeSiSiSiSiSiGeSiSiSiSiSiGeSiSiSiSiSiSiSiSiSiSiSiSiSiSiSiSiSiSi
          36 Ge    -6558.51465    
GeGeGeGeGeGeGeGeSiSiSiGeGeSiSiGeGeSiSiSiSiSiSiSiSiGeSiSiSiGeSiSiSiSiSiGeSiSiGeSiSiGeSiSiSiSiSiSiSiSiSiSiSiSiSiSiSiSiSiSi
          39 Ge    -7283.08008    
GeGeGeGeGeGeGeGeSiSiSiGeGeSiSiGeGeSiSiSiSiSiSiSiSiGeSiSiSiGeSiSiSiSiSiGeSiSiGeGeSiGeSiSiSiSiSiSiSiSiSiSiSiSiSiSiSiSiSiSi
          40 Ge    -7567.05078    
GeGeGeGeGeGeGeGeSiSiSiGeGeSiSiGeGeSiSiSiSiSiSiSiSiGeSiSiSiGeSiSiSiSiSiGeSiSiGeGeSiGeSiSiGeSiSiSiSiSiSiSiSiSiSiSiSiSiSiSi
          45 Ge    -8216.86914    
GeGeGeGeGeGeGeGeSiSiSiGeGeSiSiGeGeSiSiSiSiSiSiSiSiGeSiSiSiGeSiSiSiSiSiGeSiSiGeGeSiGeSiSiGeGeSiSiSiSiSiSiSiSiSiSiSiSiSiSi
          46 Ge    -7882.21631    
GeGeGeGeGeGeGeGeSiSiSiGeGeSiSiGeGeSiSiSiSiSiSiSiSiGeSiSiSiGeSiSiSiSiSiGeSiSiGeGeSiGeSiSiGeGeSiSiGeSiSiSiSiSiSiSiSiSiSiSi
          49 Ge    -6581.89697    
GeGeGeGeGeGeGeGeSiSiSiGeGeSiSiGeGeSiSiSiSiSiSiSiSiGeSiSiSiGeSiSiSiSiSiGeSiSiGeGeSiGeSiSiGeGeSiSiGeSiSiSiSiSiSiSiSiGeSiSi
          58 Ge    -3919.06152    
GeGeGeGeGeGeGeGeSiGeSiGeGeSiSiGeGeSiSiSiSiSiSiSiSiGeSiSiSiGeSiSiSiSiSiGeSiSiGeGeSiGeSiSiGeGeSiSiGeSiSiSiSiSiSiSiSiGeSiSi
          10 Ge    -3307.20898    
GeGeGeGeGeGeGeGeSiGeGeGeGeSiSiGeGeSiSiSiSiSiSiSiSiGeSiSiSiGeSiSiSiSiSiGeSiSiGeGeSiGeSiSiGeGeSiSiGeSiSiSiSiSiSiSiSiGeSiSi
          11 Ge    -4670.19336    
GeGeGeGeGeGeGeGeSiGeGeGeGeGeSiGeGeSiSiSiSiSiSiSiSiGeSiSiSiGeSiSiSiSiSiGeSiSiGeGeSiGeSiSiGeGeSiSiGeSiSiSiSiSiSiSiSiGeSiSi
          14 Ge    -2699.16895    
GeGeGeGeGeGeGeGeSiGeGeGeGeGeGeGeGeSiSiSiSiSiSiSiSiGeSiSiSiGeSiSiSiSiSiGeSiSiGeGeSiGeSiSiGeGeSiSiGeSiSiSiSiSiSiSiSiGeSiSi
          15 Ge    -1612.82471    
GeGeGeGeGeGeGeGeSiGeGeGeGeGeGeGeGeSiSiSiSiSiGeSiSiGeSiSiSiGeSiSiSiSiSiGeSiSiGeGeSiGeSiSiGeGeSiSiGeSiSiSiSiSiSiSiSiGeSiSi
          23 Ge     1298.76465    
GeGeGeGeGeGeGeGeSiGeGeGeGeGeGeGeGeSiSiSiSiSiGeGeSiGeSiSiSiGeSiSiSiSiSiGeSiSiGeGeSiGeSiSiGeGeSiSiGeSiSiSiSiSiSiSiSiGeSiSi
          24 Ge     8032.58496    
GeGeGeGeGeGeGeGeSiGeGeGeGeGeGeGeGeSiSiSiSiSiGeGeSiGeSiGeSiGeSiSiSiSiSiGeSiSiGeGeSiGeSiSiGeGeSiSiGeSiSiSiSiSiSiSiSiGeSiSi
          28 Ge     10812.4766    
GeGeGeGeGeGeGeGeSiGeGeGeGeGeGeGeGeSiSiSiSiSiGeGeSiGeSiGeSiGeSiSiSiSiSiGeSiSiGeGeSiGeSiGeGeGeSiSiGeSiSiSiSiSiSiSiSiGeSiSi
          44 Ge     13089.9102    
GeGeGeGeGeGeGeGeSiGeGeGeGeGeGeGeGeSiSiSiSiSiGeGeSiGeSiGeSiGeSiSiSiSiSiGeSiSiGeGeSiGeSiGeGeGeSiSiGeSiGeSiSiSiSiSiSiGeSiSi
          51 Ge     10544.2559    
GeGeGeGeGeGeGeGeSiGeGeGeGeGeGeGeGeSiSiSiSiSiGeGeSiGeSiGeSiGeSiSiSiSiSiGeSiSiGeGeSiGeSiGeGeGeSiSiGeSiGeSiSiSiSiSiGeGeSiSi
          57 Ge     11011.5195    
GeGeGeGeGeGeGeGeGeGeGeGeGeGeGeGeGeSiSiSiSiSiGeGeSiGeSiGeSiGeSiSiSiSiSiGeSiSiGeGeSiGeSiGeGeGeSiSiGeSiGeSiSiSiSiSiGeGeSiSi
           9 Ge     14999.5254    
GeGeGeGeGeGeGeGeGeGeGeGeGeGeGeGeGeGeSiSiSiSiGeGeSiGeSiGeSiGeSiSiSiSiSiGeSiSiGeGeSiGeSiGeGeGeSiSiGeSiGeSiSiSiSiSiGeGeSiSi
          18 Ge     20075.7109    
GeGeGeGeGeGeGeGeGeGeGeGeGeGeGeGeGeGeSiSiGeSiGeGeSiGeSiGeSiGeSiSiSiSiSiGeSiSiGeGeSiGeSiGeGeGeSiSiGeSiGeSiSiSiSiSiGeGeSiSi
          21 Ge     29303.3008    
GeGeGeGeGeGeGeGeGeGeGeGeGeGeGeGeGeGeSiSiGeGeGeGeSiGeSiGeSiGeSiSiSiSiSiGeSiSiGeGeSiGeSiGeGeGeSiSiGeSiGeSiSiSiSiSiGeGeSiSi
          22 Ge     38234.9453    
GeGeGeGeGeGeGeGeGeGeGeGeGeGeGeGeGeGeSiSiGeGeGeGeSiGeSiGeGeGeSiSiSiSiSiGeSiSiGeGeSiGeSiGeGeGeSiSiGeSiGeSiSiSiSiSiGeGeSiSi
          29 Ge     49735.4922    
GeGeGeGeGeGeGeGeGeGeGeGeGeGeGeGeGeGeSiSiGeGeGeGeSiGeSiGeGeGeGeSiSiSiSiGeSiSiGeGeSiGeSiGeGeGeSiSiGeSiGeSiSiSiSiSiGeGeSiSi
          31 Ge     55151.2266    
GeGeGeGeGeGeGeGeGeGeGeGeGeGeGeGeGeGeSiSiGeGeGeGeSiGeSiGeGeGeGeGeSiSiSiGeSiSiGeGeSiGeSiGeGeGeSiSiGeSiGeSiSiSiSiSiGeGeSiSi
          32 Ge     62118.1406    
GeGeGeGeGeGeGeGeGeGeGeGeGeGeGeGeGeGeSiSiGeGeGeGeSiGeSiGeGeGeGeGeGeSiSiGeSiSiGeGeSiGeSiGeGeGeSiSiGeSiGeSiSiSiSiSiGeGeSiSi
          33 Ge     82804.9453    
GeGeGeGeGeGeGeGeGeGeGeGeGeGeGeGeGeGeSiSiGeGeGeGeSiGeSiGeGeGeGeGeGeSiSiGeSiSiGeGeSiGeSiGeGeGeSiSiGeSiGeSiGeSiSiSiGeGeSiSi
          53 Ge     89790.9297    
GeGeGeGeGeGeGeGeGeGeGeGeGeGeGeGeGeGeSiSiGeGeGeGeSiGeSiGeGeGeGeGeGeSiSiGeSiSiGeGeSiGeSiGeGeGeSiSiGeSiGeSiGeSiGeSiGeGeSiSi
          55 Ge     91307.2969    
==============================================
MonteCarlo: Metropolis with identity changes
Si > Ge, Ge > Si. STOP when occurrence <    0.00000
==============================================
Cost_function     Occurrence %     Scan-Cost
    52876.3828125000 GeSiSiGeSiGeSiGeSiGeGeSiGeGeGeGeGeSiGeGeGeGeGeSiGeGeGeGeSiSiGeSiSiGeGeGeSiGeSiGeGeGeGeGeGeSiSiGeGeGeGeSiGeGeGeGeGeSiGeGe
    35459.5000000000 SiGeSiGeGeSiGeGeSiGeSiGeSiGeGeSiGeGeGeGeGeGeGeGeSiGeGeGeGeSiGeSiGeGeGeSiGeSiGeGeGeGeSiGeSiSiGeGeGeGeSiSiSiGeGeGeGeGeGeGe
    35459.5000000000 SiGeSiGeGeSiGeGeSiGeSiGeSiGeGeSiGeGeGeGeGeGeGeGeSiGeGeGeGeSiGeSiGeGeGeSiGeSiGeGeGeGeSiGeSiSiGeGeGeGeSiSiSiGeGeGeGeGeGeGe
    35459.5000000000 SiGeSiGeGeSiGeGeSiGeSiGeSiGeGeSiGeGeGeGeGeGeGeGeSiGeGeGeGeSiGeSiGeGeGeSiGeSiGeGeGeGeSiGeSiSiGeGeGeGeSiSiSiGeGeGeGeGeGeGe
    35459.5000000000 SiGeSiGeGeSiGeGeSiGeSiGeSiGeGeSiGeGeGeGeGeGeGeGeSiGeGeGeGeSiGeSiGeGeGeSiGeSiGeGeGeGeSiGeSiSiGeGeGeGeSiSiSiGeGeGeGeGeGeGe
    35459.5000000000 SiGeSiGeGeSiGeGeSiGeSiGeSiGeGeSiGeGeGeGeGeGeGeGeSiGeGeGeGeSiGeSiGeGeGeSiGeSiGeGeGeGeSiGeSiSiGeGeGeGeSiSiSiGeGeGeGeGeGeGe
    35459.5000000000 SiGeSiGeGeSiGeGeSiGeSiGeSiGeGeSiGeGeGeGeGeGeGeGeSiGeGeGeGeSiGeSiGeGeGeSiGeSiGeGeGeGeSiGeSiSiGeGeGeGeSiSiSiGeGeGeGeGeGeGe
    29151.2343750000 SiGeSiGeGeSiGeGeSiGeSiGeSiGeGeSiGeGeGeGeGeGeGeGeGeGeGeGeGeSiGeSiGeGeGeSiGeSiGeGeGeGeSiGeSiSiGeGeGeGeSiSiSiSiGeGeGeGeGeGe
    29151.2343750000 SiGeSiGeGeSiGeGeSiGeSiGeSiGeGeSiGeGeGeGeGeGeGeGeGeGeGeGeGeSiGeSiGeGeGeSiGeSiGeGeGeGeSiGeSiSiGeGeGeGeSiSiSiSiGeGeGeGeGeGe
    29151.2343750000 SiGeSiGeGeSiGeGeSiGeSiGeSiGeGeSiGeGeGeGeGeGeGeGeGeGeGeGeGeSiGeSiGeGeGeSiGeSiGeGeGeGeSiGeSiSiGeGeGeGeSiSiSiSiGeGeGeGeGeGe
    29151.2343750000 SiGeSiGeGeSiGeGeSiGeSiGeSiGeGeSiGeGeGeGeGeGeGeGeGeGeGeGeGeSiGeSiGeGeGeSiGeSiGeGeGeGeSiGeSiSiGeGeGeGeSiSiSiSiGeGeGeGeGeGe
    29151.2343750000 SiGeSiGeGeSiGeGeSiGeSiGeSiGeGeSiGeGeGeGeGeGeGeGeGeGeGeGeGeSiGeSiGeGeGeSiGeSiGeGeGeGeSiGeSiSiGeGeGeGeSiSiSiSiGeGeGeGeGeGe
    29151.2343750000 SiGeSiGeGeSiGeGeSiGeSiGeSiGeGeSiGeGeGeGeGeGeGeGeGeGeGeGeGeSiGeSiGeGeGeSiGeSiGeGeGeGeSiGeSiSiGeGeGeGeSiSiSiSiGeGeGeGeGeGe
    29151.2343750000 SiGeSiGeGeSiGeGeSiGeSiGeSiGeGeSiGeGeGeGeGeGeGeGeGeGeGeGeGeSiGeSiGeGeGeSiGeSiGeGeGeGeSiGeSiSiGeGeGeGeSiSiSiSiGeGeGeGeGeGe
    29151.2343750000 SiGeSiGeGeSiGeGeSiGeSiGeSiGeGeSiGeGeGeGeGeGeGeGeGeGeGeGeGeSiGeSiGeGeGeSiGeSiGeGeGeGeSiGeSiSiGeGeGeGeSiSiSiSiGeGeGeGeGeGe
    29151.2343750000 SiGeSiGeGeSiGeGeSiGeSiGeSiGeGeSiGeGeGeGeGeGeGeGeGeGeGeGeGeSiGeSiGeGeGeSiGeSiGeGeGeGeSiGeSiSiGeGeGeGeSiSiSiSiGeGeGeGeGeGe
    29151.2343750000 SiGeSiGeGeSiGeGeSiGeSiGeSiGeGeSiGeGeGeGeGeGeGeGeGeGeGeGeGeSiGeSiGeGeGeSiGeSiGeGeGeGeSiGeSiSiGeGeGeGeSiSiSiSiGeGeGeGeGeGe
    29151.2343750000 SiGeSiGeGeSiGeGeSiGeSiGeSiGeGeSiGeGeGeGeGeGeGeGeGeGeGeGeGeSiGeSiGeGeGeSiGeSiGeGeGeGeSiGeSiSiGeGeGeGeSiSiSiSiGeGeGeGeGeGe
    29151.2343750000 SiGeSiGeGeSiGeGeSiGeSiGeSiGeGeSiGeGeGeGeGeGeGeGeGeGeGeGeGeSiGeSiGeGeGeSiGeSiGeGeGeGeSiGeSiSiGeGeGeGeSiSiSiSiGeGeGeGeGeGe
    29151.2343750000 SiGeSiGeGeSiGeGeSiGeSiGeSiGeGeSiGeGeGeGeGeGeGeGeGeGeGeGeGeSiGeSiGeGeGeSiGeSiGeGeGeGeSiGeSiSiGeGeGeGeSiSiSiSiGeGeGeGeGeGe
    29151.2343750000 SiGeSiGeGeSiGeGeSiGeSiGeSiGeGeSiGeGeGeGeGeGeGeGeGeGeGeGeGeSiGeSiGeGeGeSiGeSiGeGeGeGeSiGeSiSiGeGeGeGeSiSiSiSiGeGeGeGeGeGe
    29151.2343750000 SiGeSiGeGeSiGeGeSiGeSiGeSiGeGeSiGeGeGeGeGeGeGeGeGeGeGeGeGeSiGeSiGeGeGeSiGeSiGeGeGeGeSiGeSiSiGeGeGeGeSiSiSiSiGeGeGeGeGeGe
    29151.2343750000 SiGeSiGeGeSiGeGeSiGeSiGeSiGeGeSiGeGeGeGeGeGeGeGeGeGeGeGeGeSiGeSiGeGeGeSiGeSiGeGeGeGeSiGeSiSiGeGeGeGeSiSiSiSiGeGeGeGeGeGe
    29151.2343750000 SiGeSiGeGeSiGeGeSiGeSiGeSiGeGeSiGeGeGeGeGeGeGeGeGeGeGeGeGeSiGeSiGeGeGeSiGeSiGeGeGeGeSiGeSiSiGeGeGeGeSiSiSiSiGeGeGeGeGeGe
    29151.2343750000 SiGeSiGeGeSiGeGeSiGeSiGeSiGeGeSiGeGeGeGeGeGeGeGeGeGeGeGeGeSiGeSiGeGeGeSiGeSiGeGeGeGeSiGeSiSiGeGeGeGeSiSiSiSiGeGeGeGeGeGe
    29151.2343750000 SiGeSiGeGeSiGeGeSiGeSiGeSiGeGeSiGeGeGeGeGeGeGeGeGeGeGeGeGeSiGeSiGeGeGeSiGeSiGeGeGeGeSiGeSiSiGeGeGeGeSiSiSiSiGeGeGeGeGeGe
    29151.2343750000 SiGeSiGeGeSiGeGeSiGeSiGeSiGeGeSiGeGeGeGeGeGeGeGeGeGeGeGeGeSiGeSiGeGeGeSiGeSiGeGeGeGeSiGeSiSiGeGeGeGeSiSiSiSiGeGeGeGeGeGe
    29151.2343750000 SiGeSiGeGeSiGeGeSiGeSiGeSiGeGeSiGeGeGeGeGeGeGeGeGeGeGeGeGeSiGeSiGeGeGeSiGeSiGeGeGeGeSiGeSiSiGeGeGeGeSiSiSiSiGeGeGeGeGeGe
    29151.2343750000 SiGeSiGeGeSiGeGeSiGeSiGeSiGeGeSiGeGeGeGeGeGeGeGeGeGeGeGeGeSiGeSiGeGeGeSiGeSiGeGeGeGeSiGeSiSiGeGeGeGeSiSiSiSiGeGeGeGeGeGe
    29151.2343750000 SiGeSiGeGeSiGeGeSiGeSiGeSiGeGeSiGeGeGeGeGeGeGeGeGeGeGeGeGeSiGeSiGeGeGeSiGeSiGeGeGeGeSiGeSiSiGeGeGeGeSiSiSiSiGeGeGeGeGeGe
    29151.2343750000 SiGeSiGeGeSiGeGeSiGeSiGeSiGeGeSiGeGeGeGeGeGeGeGeGeGeGeGeGeSiGeSiGeGeGeSiGeSiGeGeGeGeSiGeSiSiGeGeGeGeSiSiSiSiGeGeGeGeGeGe
    29151.2343750000 SiGeSiGeGeSiGeGeSiGeSiGeSiGeGeSiGeGeGeGeGeGeGeGeGeGeGeGeGeSiGeSiGeGeGeSiGeSiGeGeGeGeSiGeSiSiGeGeGeGeSiSiSiSiGeGeGeGeGeGe
    29151.2343750000 SiGeSiGeGeSiGeGeSiGeSiGeSiGeGeSiGeGeGeGeGeGeGeGeGeGeGeGeGeSiGeSiGeGeGeSiGeSiGeGeGeGeSiGeSiSiGeGeGeGeSiSiSiSiGeGeGeGeGeGe
    29151.2343750000 SiGeSiGeGeSiGeGeSiGeSiGeSiGeGeSiGeGeGeGeGeGeGeGeGeGeGeGeGeSiGeSiGeGeGeSiGeSiGeGeGeGeSiGeSiSiGeGeGeGeSiSiSiSiGeGeGeGeGeGe
    29151.2343750000 SiGeSiGeGeSiGeGeSiGeSiGeSiGeGeSiGeGeGeGeGeGeGeGeGeGeGeGeGeSiGeSiGeGeGeSiGeSiGeGeGeGeSiGeSiSiGeGeGeGeSiSiSiSiGeGeGeGeGeGe
    29151.2343750000 SiGeSiGeGeSiGeGeSiGeSiGeSiGeGeSiGeGeGeGeGeGeGeGeGeGeGeGeGeSiGeSiGeGeGeSiGeSiGeGeGeGeSiGeSiSiGeGeGeGeSiSiSiSiGeGeGeGeGeGe
    29151.2343750000 SiGeSiGeGeSiGeGeSiGeSiGeSiGeGeSiGeGeGeGeGeGeGeGeGeGeGeGeGeSiGeSiGeGeGeSiGeSiGeGeGeGeSiGeSiSiGeGeGeGeSiSiSiSiGeGeGeGeGeGe
    29151.2343750000 SiGeSiGeGeSiGeGeSiGeSiGeSiGeGeSiGeGeGeGeGeGeGeGeGeGeGeGeGeSiGeSiGeGeGeSiGeSiGeGeGeGeSiGeSiSiGeGeGeGeSiSiSiSiGeGeGeGeGeGe
    29151.2343750000 SiGeSiGeGeSiGeGeSiGeSiGeSiGeGeSiGeGeGeGeGeGeGeGeGeGeGeGeGeSiGeSiGeGeGeSiGeSiGeGeGeGeSiGeSiSiGeGeGeGeSiSiSiSiGeGeGeGeGeGe
    29151.2343750000 SiGeSiGeGeSiGeGeSiGeSiGeSiGeGeSiGeGeGeGeGeGeGeGeGeGeGeGeGeSiGeSiGeGeGeSiGeSiGeGeGeGeSiGeSiSiGeGeGeGeSiSiSiSiGeGeGeGeGeGe
    29151.2343750000 SiGeSiGeGeSiGeGeSiGeSiGeSiGeGeSiGeGeGeGeGeGeGeGeGeGeGeGeGeSiGeSiGeGeGeSiGeSiGeGeGeGeSiGeSiSiGeGeGeGeSiSiSiSiGeGeGeGeGeGe
    29151.2343750000 SiGeSiGeGeSiGeGeSiGeSiGeSiGeGeSiGeGeGeGeGeGeGeGeGeGeGeGeGeSiGeSiGeGeGeSiGeSiGeGeGeGeSiGeSiSiGeGeGeGeSiSiSiSiGeGeGeGeGeGe
    29151.2343750000 SiGeSiGeGeSiGeGeSiGeSiGeSiGeGeSiGeGeGeGeGeGeGeGeGeGeGeGeGeSiGeSiGeGeGeSiGeSiGeGeGeGeSiGeSiSiGeGeGeGeSiSiSiSiGeGeGeGeGeGe
    29151.2343750000 SiGeSiGeGeSiGeGeSiGeSiGeSiGeGeSiGeGeGeGeGeGeGeGeGeGeGeGeGeSiGeSiGeGeGeSiGeSiGeGeGeGeSiGeSiSiGeGeGeGeSiSiSiSiGeGeGeGeGeGe
    29151.2343750000 SiGeSiGeGeSiGeGeSiGeSiGeSiGeGeSiGeGeGeGeGeGeGeGeGeGeGeGeGeSiGeSiGeGeGeSiGeSiGeGeGeGeSiGeSiSiGeGeGeGeSiSiSiSiGeGeGeGeGeGe
    29151.2343750000 SiGeSiGeGeSiGeGeSiGeSiGeSiGeGeSiGeGeGeGeGeGeGeGeGeGeGeGeGeSiGeSiGeGeGeSiGeSiGeGeGeGeSiGeSiSiGeGeGeGeSiSiSiSiGeGeGeGeGeGe
    29151.2343750000 SiGeSiGeGeSiGeGeSiGeSiGeSiGeGeSiGeGeGeGeGeGeGeGeGeGeGeGeGeSiGeSiGeGeGeSiGeSiGeGeGeGeSiGeSiSiGeGeGeGeSiSiSiSiGeGeGeGeGeGe
    29151.2343750000 SiGeSiGeGeSiGeGeSiGeSiGeSiGeGeSiGeGeGeGeGeGeGeGeGeGeGeGeGeSiGeSiGeGeGeSiGeSiGeGeGeGeSiGeSiSiGeGeGeGeSiSiSiSiGeGeGeGeGeGe
    29151.2343750000 SiGeSiGeGeSiGeGeSiGeSiGeSiGeGeSiGeGeGeGeGeGeGeGeGeGeGeGeGeSiGeSiGeGeGeSiGeSiGeGeGeGeSiGeSiSiGeGeGeGeSiSiSiSiGeGeGeGeGeGe
    29151.2343750000 SiGeSiGeGeSiGeGeSiGeSiGeSiGeGeSiGeGeGeGeGeGeGeGeGeGeGeGeGeSiGeSiGeGeGeSiGeSiGeGeGeGeSiGeSiSiGeGeGeGeSiSiSiSiGeGeGeGeGeGe
    29151.2343750000 SiGeSiGeGeSiGeGeSiGeSiGeSiGeGeSiGeGeGeGeGeGeGeGeGeGeGeGeGeSiGeSiGeGeGeSiGeSiGeGeGeGeSiGeSiSiGeGeGeGeSiSiSiSiGeGeGeGeGeGe
    29151.2343750000 SiGeSiGeGeSiGeGeSiGeSiGeSiGeGeSiGeGeGeGeGeGeGeGeGeGeGeGeGeSiGeSiGeGeGeSiGeSiGeGeGeGeSiGeSiSiGeGeGeGeSiSiSiSiGeGeGeGeGeGe
    29151.2343750000 SiGeSiGeGeSiGeGeSiGeSiGeSiGeGeSiGeGeGeGeGeGeGeGeGeGeGeGeGeSiGeSiGeGeGeSiGeSiGeGeGeGeSiGeSiSiGeGeGeGeSiSiSiSiGeGeGeGeGeGe
    29151.2343750000 SiGeSiGeGeSiGeGeSiGeSiGeSiGeGeSiGeGeGeGeGeGeGeGeGeGeGeGeGeSiGeSiGeGeGeSiGeSiGeGeGeGeSiGeSiSiGeGeGeGeSiSiSiSiGeGeGeGeGeGe
    29151.2343750000 SiGeSiGeGeSiGeGeSiGeSiGeSiGeGeSiGeGeGeGeGeGeGeGeGeGeGeGeGeSiGeSiGeGeGeSiGeSiGeGeGeGeSiGeSiSiGeGeGeGeSiSiSiSiGeGeGeGeGeGe
    29151.2343750000 SiGeSiGeGeSiGeGeSiGeSiGeSiGeGeSiGeGeGeGeGeGeGeGeGeGeGeGeGeSiGeSiGeGeGeSiGeSiGeGeGeGeSiGeSiSiGeGeGeGeSiSiSiSiGeGeGeGeGeGe
    29151.2343750000 SiGeSiGeGeSiGeGeSiGeSiGeSiGeGeSiGeGeGeGeGeGeGeGeGeGeGeGeGeSiGeSiGeGeGeSiGeSiGeGeGeGeSiGeSiSiGeGeGeGeSiSiSiSiGeGeGeGeGeGe
    29151.2343750000 SiGeSiGeGeSiGeGeSiGeSiGeSiGeGeSiGeGeGeGeGeGeGeGeGeGeGeGeGeSiGeSiGeGeGeSiGeSiGeGeGeGeSiGeSiSiGeGeGeGeSiSiSiSiGeGeGeGeGeGe
    29151.2343750000 SiGeSiGeGeSiGeGeSiGeSiGeSiGeGeSiGeGeGeGeGeGeGeGeGeGeGeGeGeSiGeSiGeGeGeSiGeSiGeGeGeGeSiGeSiSiGeGeGeGeSiSiSiSiGeGeGeGeGeGe
    29151.2343750000 SiGeSiGeGeSiGeGeSiGeSiGeSiGeGeSiGeGeGeGeGeGeGeGeGeGeGeGeGeSiGeSiGeGeGeSiGeSiGeGeGeGeSiGeSiSiGeGeGeGeSiSiSiSiGeGeGeGeGeGe
    29151.2343750000 SiGeSiGeGeSiGeGeSiGeSiGeSiGeGeSiGeGeGeGeGeGeGeGeGeGeGeGeGeSiGeSiGeGeGeSiGeSiGeGeGeGeSiGeSiSiGeGeGeGeSiSiSiSiGeGeGeGeGeGe
    29151.2343750000 SiGeSiGeGeSiGeGeSiGeSiGeSiGeGeSiGeGeGeGeGeGeGeGeGeGeGeGeGeSiGeSiGeGeGeSiGeSiGeGeGeGeSiGeSiSiGeGeGeGeSiSiSiSiGeGeGeGeGeGe
    29151.2343750000 SiGeSiGeGeSiGeGeSiGeSiGeSiGeGeSiGeGeGeGeGeGeGeGeGeGeGeGeGeSiGeSiGeGeGeSiGeSiGeGeGeGeSiGeSiSiGeGeGeGeSiSiSiSiGeGeGeGeGeGe
    29151.2343750000 SiGeSiGeGeSiGeGeSiGeSiGeSiGeGeSiGeGeGeGeGeGeGeGeGeGeGeGeGeSiGeSiGeGeGeSiGeSiGeGeGeGeSiGeSiSiGeGeGeGeSiSiSiSiGeGeGeGeGeGe
    29151.2343750000 SiGeSiGeGeSiGeGeSiGeSiGeSiGeGeSiGeGeGeGeGeGeGeGeGeGeGeGeGeSiGeSiGeGeGeSiGeSiGeGeGeGeSiGeSiSiGeGeGeGeSiSiSiSiGeGeGeGeGeGe
    29151.2343750000 SiGeSiGeGeSiGeGeSiGeSiGeSiGeGeSiGeGeGeGeGeGeGeGeGeGeGeGeGeSiGeSiGeGeGeSiGeSiGeGeGeGeSiGeSiSiGeGeGeGeSiSiSiSiGeGeGeGeGeGe
    29151.2343750000 SiGeSiGeGeSiGeGeSiGeSiGeSiGeGeSiGeGeGeGeGeGeGeGeGeGeGeGeGeSiGeSiGeGeGeSiGeSiGeGeGeGeSiGeSiSiGeGeGeGeSiSiSiSiGeGeGeGeGeGe
    29151.2343750000 SiGeSiGeGeSiGeGeSiGeSiGeSiGeGeSiGeGeGeGeGeGeGeGeGeGeGeGeGeSiGeSiGeGeGeSiGeSiGeGeGeGeSiGeSiSiGeGeGeGeSiSiSiSiGeGeGeGeGeGe
    29151.2343750000 SiGeSiGeGeSiGeGeSiGeSiGeSiGeGeSiGeGeGeGeGeGeGeGeGeGeGeGeGeSiGeSiGeGeGeSiGeSiGeGeGeGeSiGeSiSiGeGeGeGeSiSiSiSiGeGeGeGeGeGe
    29151.2343750000 SiGeSiGeGeSiGeGeSiGeSiGeSiGeGeSiGeGeGeGeGeGeGeGeGeGeGeGeGeSiGeSiGeGeGeSiGeSiGeGeGeGeSiGeSiSiGeGeGeGeSiSiSiSiGeGeGeGeGeGe
    29151.2343750000 SiGeSiGeGeSiGeGeSiGeSiGeSiGeGeSiGeGeGeGeGeGeGeGeGeGeGeGeGeSiGeSiGeGeGeSiGeSiGeGeGeGeSiGeSiSiGeGeGeGeSiSiSiSiGeGeGeGeGeGe
    29151.2343750000 SiGeSiGeGeSiGeGeSiGeSiGeSiGeGeSiGeGeGeGeGeGeGeGeGeGeGeGeGeSiGeSiGeGeGeSiGeSiGeGeGeGeSiGeSiSiGeGeGeGeSiSiSiSiGeGeGeGeGeGe
    29151.2343750000 SiGeSiGeGeSiGeGeSiGeSiGeSiGeGeSiGeGeGeGeGeGeGeGeGeGeGeGeGeSiGeSiGeGeGeSiGeSiGeGeGeGeSiGeSiSiGeGeGeGeSiSiSiSiGeGeGeGeGeGe
    29151.2343750000 SiGeSiGeGeSiGeGeSiGeSiGeSiGeGeSiGeGeGeGeGeGeGeGeGeGeGeGeGeSiGeSiGeGeGeSiGeSiGeGeGeGeSiGeSiSiGeGeGeGeSiSiSiSiGeGeGeGeGeGe
    29151.2343750000 SiGeSiGeGeSiGeGeSiGeSiGeSiGeGeSiGeGeGeGeGeGeGeGeGeGeGeGeGeSiGeSiGeGeGeSiGeSiGeGeGeGeSiGeSiSiGeGeGeGeSiSiSiSiGeGeGeGeGeGe
    29151.2343750000 SiGeSiGeGeSiGeGeSiGeSiGeSiGeGeSiGeGeGeGeGeGeGeGeGeGeGeGeGeSiGeSiGeGeGeSiGeSiGeGeGeGeSiGeSiSiGeGeGeGeSiSiSiSiGeGeGeGeGeGe
    29151.2343750000 SiGeSiGeGeSiGeGeSiGeSiGeSiGeGeSiGeGeGeGeGeGeGeGeGeGeGeGeGeSiGeSiGeGeGeSiGeSiGeGeGeGeSiGeSiSiGeGeGeGeSiSiSiSiGeGeGeGeGeGe
    29151.2343750000 SiGeSiGeGeSiGeGeSiGeSiGeSiGeGeSiGeGeGeGeGeGeGeGeGeGeGeGeGeSiGeSiGeGeGeSiGeSiGeGeGeGeSiGeSiSiGeGeGeGeSiSiSiSiGeGeGeGeGeGe
    29151.2343750000 SiGeSiGeGeSiGeGeSiGeSiGeSiGeGeSiGeGeGeGeGeGeGeGeGeGeGeGeGeSiGeSiGeGeGeSiGeSiGeGeGeGeSiGeSiSiGeGeGeGeSiSiSiSiGeGeGeGeGeGe
    29151.2343750000 SiGeSiGeGeSiGeGeSiGeSiGeSiGeGeSiGeGeGeGeGeGeGeGeGeGeGeGeGeSiGeSiGeGeGeSiGeSiGeGeGeGeSiGeSiSiGeGeGeGeSiSiSiSiGeGeGeGeGeGe
    29151.2343750000 SiGeSiGeGeSiGeGeSiGeSiGeSiGeGeSiGeGeGeGeGeGeGeGeGeGeGeGeGeSiGeSiGeGeGeSiGeSiGeGeGeGeSiGeSiSiGeGeGeGeSiSiSiSiGeGeGeGeGeGe
    29151.2343750000 SiGeSiGeGeSiGeGeSiGeSiGeSiGeGeSiGeGeGeGeGeGeGeGeGeGeGeGeGeSiGeSiGeGeGeSiGeSiGeGeGeGeSiGeSiSiGeGeGeGeSiSiSiSiGeGeGeGeGeGe
    29151.2343750000 SiGeSiGeGeSiGeGeSiGeSiGeSiGeGeSiGeGeGeGeGeGeGeGeGeGeGeGeGeSiGeSiGeGeGeSiGeSiGeGeGeGeSiGeSiSiGeGeGeGeSiSiSiSiGeGeGeGeGeGe
    29151.2343750000 SiGeSiGeGeSiGeGeSiGeSiGeSiGeGeSiGeGeGeGeGeGeGeGeGeGeGeGeGeSiGeSiGeGeGeSiGeSiGeGeGeGeSiGeSiSiGeGeGeGeSiSiSiSiGeGeGeGeGeGe
    29151.2343750000 SiGeSiGeGeSiGeGeSiGeSiGeSiGeGeSiGeGeGeGeGeGeGeGeGeGeGeGeGeSiGeSiGeGeGeSiGeSiGeGeGeGeSiGeSiSiGeGeGeGeSiSiSiSiGeGeGeGeGeGe
    29151.2343750000 SiGeSiGeGeSiGeGeSiGeSiGeSiGeGeSiGeGeGeGeGeGeGeGeGeGeGeGeGeSiGeSiGeGeGeSiGeSiGeGeGeGeSiGeSiSiGeGeGeGeSiSiSiSiGeGeGeGeGeGe
    29151.2343750000 SiGeSiGeGeSiGeGeSiGeSiGeSiGeGeSiGeGeGeGeGeGeGeGeGeGeGeGeGeSiGeSiGeGeGeSiGeSiGeGeGeGeSiGeSiSiGeGeGeGeSiSiSiSiGeGeGeGeGeGe
    29151.2343750000 SiGeSiGeGeSiGeGeSiGeSiGeSiGeGeSiGeGeGeGeGeGeGeGeGeGeGeGeGeSiGeSiGeGeGeSiGeSiGeGeGeGeSiGeSiSiGeGeGeGeSiSiSiSiGeGeGeGeGeGe
    29151.2343750000 SiGeSiGeGeSiGeGeSiGeSiGeSiGeGeSiGeGeGeGeGeGeGeGeGeGeGeGeGeSiGeSiGeGeGeSiGeSiGeGeGeGeSiGeSiSiGeGeGeGeSiSiSiSiGeGeGeGeGeGe
    29151.2343750000 SiGeSiGeGeSiGeGeSiGeSiGeSiGeGeSiGeGeGeGeGeGeGeGeGeGeGeGeGeSiGeSiGeGeGeSiGeSiGeGeGeGeSiGeSiSiGeGeGeGeSiSiSiSiGeGeGeGeGeGe
    29151.2343750000 SiGeSiGeGeSiGeGeSiGeSiGeSiGeGeSiGeGeGeGeGeGeGeGeGeGeGeGeGeSiGeSiGeGeGeSiGeSiGeGeGeGeSiGeSiSiGeGeGeGeSiSiSiSiGeGeGeGeGeGe
    29151.2343750000 SiGeSiGeGeSiGeGeSiGeSiGeSiGeGeSiGeGeGeGeGeGeGeGeGeGeGeGeGeSiGeSiGeGeGeSiGeSiGeGeGeGeSiGeSiSiGeGeGeGeSiSiSiSiGeGeGeGeGeGe
    29151.2343750000 SiGeSiGeGeSiGeGeSiGeSiGeSiGeGeSiGeGeGeGeGeGeGeGeGeGeGeGeGeSiGeSiGeGeGeSiGeSiGeGeGeGeSiGeSiSiGeGeGeGeSiSiSiSiGeGeGeGeGeGe
    29151.2343750000 SiGeSiGeGeSiGeGeSiGeSiGeSiGeGeSiGeGeGeGeGeGeGeGeGeGeGeGeGeSiGeSiGeGeGeSiGeSiGeGeGeGeSiGeSiSiGeGeGeGeSiSiSiSiGeGeGeGeGeGe
    29151.2343750000 SiGeSiGeGeSiGeGeSiGeSiGeSiGeGeSiGeGeGeGeGeGeGeGeGeGeGeGeGeSiGeSiGeGeGeSiGeSiGeGeGeGeSiGeSiSiGeGeGeGeSiSiSiSiGeGeGeGeGeGe
    29151.2343750000 SiGeSiGeGeSiGeGeSiGeSiGeSiGeGeSiGeGeGeGeGeGeGeGeGeGeGeGeGeSiGeSiGeGeGeSiGeSiGeGeGeGeSiGeSiSiGeGeGeGeSiSiSiSiGeGeGeGeGeGe
    29151.2343750000 SiGeSiGeGeSiGeGeSiGeSiGeSiGeGeSiGeGeGeGeGeGeGeGeGeGeGeGeGeSiGeSiGeGeGeSiGeSiGeGeGeGeSiGeSiSiGeGeGeGeSiSiSiSiGeGeGeGeGeGe
    29151.2343750000 SiGeSiGeGeSiGeGeSiGeSiGeSiGeGeSiGeGeGeGeGeGeGeGeGeGeGeGeGeSiGeSiGeGeGeSiGeSiGeGeGeGeSiGeSiSiGeGeGeGeSiSiSiSiGeGeGeGeGeGe
    29151.2343750000 SiGeSiGeGeSiGeGeSiGeSiGeSiGeGeSiGeGeGeGeGeGeGeGeGeGeGeGeGeSiGeSiGeGeGeSiGeSiGeGeGeGeSiGeSiSiGeGeGeGeSiSiSiSiGeGeGeGeGeGe
    29151.2343750000 SiGeSiGeGeSiGeGeSiGeSiGeSiGeGeSiGeGeGeGeGeGeGeGeGeGeGeGeGeSiGeSiGeGeGeSiGeSiGeGeGeGeSiGeSiSiGeGeGeGeSiSiSiSiGeGeGeGeGeGe
    29151.2343750000 SiGeSiGeGeSiGeGeSiGeSiGeSiGeGeSiGeGeGeGeGeGeGeGeGeGeGeGeGeSiGeSiGeGeGeSiGeSiGeGeGeGeSiGeSiSiGeGeGeGeSiSiSiSiGeGeGeGeGeGe
    29151.2343750000 SiGeSiGeGeSiGeGeSiGeSiGeSiGeGeSiGeGeGeGeGeGeGeGeGeGeGeGeGeSiGeSiGeGeGeSiGeSiGeGeGeGeSiGeSiSiGeGeGeGeSiSiSiSiGeGeGeGeGeGe
    29151.2343750000 SiGeSiGeGeSiGeGeSiGeSiGeSiGeGeSiGeGeGeGeGeGeGeGeGeGeGeGeGeSiGeSiGeGeGeSiGeSiGeGeGeGeSiGeSiSiGeGeGeGeSiSiSiSiGeGeGeGeGeGe
    29151.2343750000 SiGeSiGeGeSiGeGeSiGeSiGeSiGeGeSiGeGeGeGeGeGeGeGeGeGeGeGeGeSiGeSiGeGeGeSiGeSiGeGeGeGeSiGeSiSiGeGeGeGeSiSiSiSiGeGeGeGeGeGe
    29151.2343750000 SiGeSiGeGeSiGeGeSiGeSiGeSiGeGeSiGeGeGeGeGeGeGeGeGeGeGeGeGeSiGeSiGeGeGeSiGeSiGeGeGeGeSiGeSiSiGeGeGeGeSiSiSiSiGeGeGeGeGeGe
    29151.2343750000 SiGeSiGeGeSiGeGeSiGeSiGeSiGeGeSiGeGeGeGeGeGeGeGeGeGeGeGeGeSiGeSiGeGeGeSiGeSiGeGeGeGeSiGeSiSiGeGeGeGeSiSiSiSiGeGeGeGeGeGe
    29151.2343750000 SiGeSiGeGeSiGeGeSiGeSiGeSiGeGeSiGeGeGeGeGeGeGeGeGeGeGeGeGeSiGeSiGeGeGeSiGeSiGeGeGeGeSiGeSiSiGeGeGeGeSiSiSiSiGeGeGeGeGeGe
    29151.2343750000 SiGeSiGeGeSiGeGeSiGeSiGeSiGeGeSiGeGeGeGeGeGeGeGeGeGeGeGeGeSiGeSiGeGeGeSiGeSiGeGeGeGeSiGeSiSiGeGeGeGeSiSiSiSiGeGeGeGeGeGe
    29151.2343750000 SiGeSiGeGeSiGeGeSiGeSiGeSiGeGeSiGeGeGeGeGeGeGeGeGeGeGeGeGeSiGeSiGeGeGeSiGeSiGeGeGeGeSiGeSiSiGeGeGeGeSiSiSiSiGeGeGeGeGeGe
    29151.2343750000 SiGeSiGeGeSiGeGeSiGeSiGeSiGeGeSiGeGeGeGeGeGeGeGeGeGeGeGeGeSiGeSiGeGeGeSiGeSiGeGeGeGeSiGeSiSiGeGeGeGeSiSiSiSiGeGeGeGeGeGe
    29151.2343750000 SiGeSiGeGeSiGeGeSiGeSiGeSiGeGeSiGeGeGeGeGeGeGeGeGeGeGeGeGeSiGeSiGeGeGeSiGeSiGeGeGeGeSiGeSiSiGeGeGeGeSiSiSiSiGeGeGeGeGeGe
    29151.2343750000 SiGeSiGeGeSiGeGeSiGeSiGeSiGeGeSiGeGeGeGeGeGeGeGeGeGeGeGeGeSiGeSiGeGeGeSiGeSiGeGeGeGeSiGeSiSiGeGeGeGeSiSiSiSiGeGeGeGeGeGe
    29151.2343750000 SiGeSiGeGeSiGeGeSiGeSiGeSiGeGeSiGeGeGeGeGeGeGeGeGeGeGeGeGeSiGeSiGeGeGeSiGeSiGeGeGeGeSiGeSiSiGeGeGeGeSiSiSiSiGeGeGeGeGeGe
    29151.2343750000 SiGeSiGeGeSiGeGeSiGeSiGeSiGeGeSiGeGeGeGeGeGeGeGeGeGeGeGeGeSiGeSiGeGeGeSiGeSiGeGeGeGeSiGeSiSiGeGeGeGeSiSiSiSiGeGeGeGeGeGe
    29151.2343750000 SiGeSiGeGeSiGeGeSiGeSiGeSiGeGeSiGeGeGeGeGeGeGeGeGeGeGeGeGeSiGeSiGeGeGeSiGeSiGeGeGeGeSiGeSiSiGeGeGeGeSiSiSiSiGeGeGeGeGeGe
    29151.2343750000 SiGeSiGeGeSiGeGeSiGeSiGeSiGeGeSiGeGeGeGeGeGeGeGeGeGeGeGeGeSiGeSiGeGeGeSiGeSiGeGeGeGeSiGeSiSiGeGeGeGeSiSiSiSiGeGeGeGeGeGe
    29151.2343750000 SiGeSiGeGeSiGeGeSiGeSiGeSiGeGeSiGeGeGeGeGeGeGeGeGeGeGeGeGeSiGeSiGeGeGeSiGeSiGeGeGeGeSiGeSiSiGeGeGeGeSiSiSiSiGeGeGeGeGeGe
    29151.2343750000 SiGeSiGeGeSiGeGeSiGeSiGeSiGeGeSiGeGeGeGeGeGeGeGeGeGeGeGeGeSiGeSiGeGeGeSiGeSiGeGeGeGeSiGeSiSiGeGeGeGeSiSiSiSiGeGeGeGeGeGe
    29151.2343750000 SiGeSiGeGeSiGeGeSiGeSiGeSiGeGeSiGeGeGeGeGeGeGeGeGeGeGeGeGeSiGeSiGeGeGeSiGeSiGeGeGeGeSiGeSiSiGeGeGeGeSiSiSiSiGeGeGeGeGeGe
    29151.2343750000 SiGeSiGeGeSiGeGeSiGeSiGeSiGeGeSiGeGeGeGeGeGeGeGeGeGeGeGeGeSiGeSiGeGeGeSiGeSiGeGeGeGeSiGeSiSiGeGeGeGeSiSiSiSiGeGeGeGeGeGe
    29151.2343750000 SiGeSiGeGeSiGeGeSiGeSiGeSiGeGeSiGeGeGeGeGeGeGeGeGeGeGeGeGeSiGeSiGeGeGeSiGeSiGeGeGeGeSiGeSiSiGeGeGeGeSiSiSiSiGeGeGeGeGeGe
    29151.2343750000 SiGeSiGeGeSiGeGeSiGeSiGeSiGeGeSiGeGeGeGeGeGeGeGeGeGeGeGeGeSiGeSiGeGeGeSiGeSiGeGeGeGeSiGeSiSiGeGeGeGeSiSiSiSiGeGeGeGeGeGe
    29151.2343750000 SiGeSiGeGeSiGeGeSiGeSiGeSiGeGeSiGeGeGeGeGeGeGeGeGeGeGeGeGeSiGeSiGeGeGeSiGeSiGeGeGeGeSiGeSiSiGeGeGeGeSiSiSiSiGeGeGeGeGeGe
    29151.2343750000 SiGeSiGeGeSiGeGeSiGeSiGeSiGeGeSiGeGeGeGeGeGeGeGeGeGeGeGeGeSiGeSiGeGeGeSiGeSiGeGeGeGeSiGeSiSiGeGeGeGeSiSiSiSiGeGeGeGeGeGe
    29151.2343750000 SiGeSiGeGeSiGeGeSiGeSiGeSiGeGeSiGeGeGeGeGeGeGeGeGeGeGeGeGeSiGeSiGeGeGeSiGeSiGeGeGeGeSiGeSiSiGeGeGeGeSiSiSiSiGeGeGeGeGeGe
    29151.2343750000 SiGeSiGeGeSiGeGeSiGeSiGeSiGeGeSiGeGeGeGeGeGeGeGeGeGeGeGeGeSiGeSiGeGeGeSiGeSiGeGeGeGeSiGeSiSiGeGeGeGeSiSiSiSiGeGeGeGeGeGe
    29151.2343750000 SiGeSiGeGeSiGeGeSiGeSiGeSiGeGeSiGeGeGeGeGeGeGeGeGeGeGeGeGeSiGeSiGeGeGeSiGeSiGeGeGeGeSiGeSiSiGeGeGeGeSiSiSiSiGeGeGeGeGeGe
    29151.2343750000 SiGeSiGeGeSiGeGeSiGeSiGeSiGeGeSiGeGeGeGeGeGeGeGeGeGeGeGeGeSiGeSiGeGeGeSiGeSiGeGeGeGeSiGeSiSiGeGeGeGeSiSiSiSiGeGeGeGeGeGe
    29151.2343750000 SiGeSiGeGeSiGeGeSiGeSiGeSiGeGeSiGeGeGeGeGeGeGeGeGeGeGeGeGeSiGeSiGeGeGeSiGeSiGeGeGeGeSiGeSiSiGeGeGeGeSiSiSiSiGeGeGeGeGeGe
    29151.2343750000 SiGeSiGeGeSiGeGeSiGeSiGeSiGeGeSiGeGeGeGeGeGeGeGeGeGeGeGeGeSiGeSiGeGeGeSiGeSiGeGeGeGeSiGeSiSiGeGeGeGeSiSiSiSiGeGeGeGeGeGe
    29151.2343750000 SiGeSiGeGeSiGeGeSiGeSiGeSiGeGeSiGeGeGeGeGeGeGeGeGeGeGeGeGeSiGeSiGeGeGeSiGeSiGeGeGeGeSiGeSiSiGeGeGeGeSiSiSiSiGeGeGeGeGeGe
    29151.2343750000 SiGeSiGeGeSiGeGeSiGeSiGeSiGeGeSiGeGeGeGeGeGeGeGeGeGeGeGeGeSiGeSiGeGeGeSiGeSiGeGeGeGeSiGeSiSiGeGeGeGeSiSiSiSiGeGeGeGeGeGe
    29151.2343750000 SiGeSiGeGeSiGeGeSiGeSiGeSiGeGeSiGeGeGeGeGeGeGeGeGeGeGeGeGeSiGeSiGeGeGeSiGeSiGeGeGeGeSiGeSiSiGeGeGeGeSiSiSiSiGeGeGeGeGeGe
    29151.2343750000 SiGeSiGeGeSiGeGeSiGeSiGeSiGeGeSiGeGeGeGeGeGeGeGeGeGeGeGeGeSiGeSiGeGeGeSiGeSiGeGeGeGeSiGeSiSiGeGeGeGeSiSiSiSiGeGeGeGeGeGe
    29151.2343750000 SiGeSiGeGeSiGeGeSiGeSiGeSiGeGeSiGeGeGeGeGeGeGeGeGeGeGeGeGeSiGeSiGeGeGeSiGeSiGeGeGeGeSiGeSiSiGeGeGeGeSiSiSiSiGeGeGeGeGeGe
    29151.2343750000 SiGeSiGeGeSiGeGeSiGeSiGeSiGeGeSiGeGeGeGeGeGeGeGeGeGeGeGeGeSiGeSiGeGeGeSiGeSiGeGeGeGeSiGeSiSiGeGeGeGeSiSiSiSiGeGeGeGeGeGe
    29151.2343750000 SiGeSiGeGeSiGeGeSiGeSiGeSiGeGeSiGeGeGeGeGeGeGeGeGeGeGeGeGeSiGeSiGeGeGeSiGeSiGeGeGeGeSiGeSiSiGeGeGeGeSiSiSiSiGeGeGeGeGeGe
    29151.2343750000 SiGeSiGeGeSiGeGeSiGeSiGeSiGeGeSiGeGeGeGeGeGeGeGeGeGeGeGeGeSiGeSiGeGeGeSiGeSiGeGeGeGeSiGeSiSiGeGeGeGeSiSiSiSiGeGeGeGeGeGe
    29151.2343750000 SiGeSiGeGeSiGeGeSiGeSiGeSiGeGeSiGeGeGeGeGeGeGeGeGeGeGeGeGeSiGeSiGeGeGeSiGeSiGeGeGeGeSiGeSiSiGeGeGeGeSiSiSiSiGeGeGeGeGeGe
    29151.2343750000 SiGeSiGeGeSiGeGeSiGeSiGeSiGeGeSiGeGeGeGeGeGeGeGeGeGeGeGeGeSiGeSiGeGeGeSiGeSiGeGeGeGeSiGeSiSiGeGeGeGeSiSiSiSiGeGeGeGeGeGe
    29151.2343750000 SiGeSiGeGeSiGeGeSiGeSiGeSiGeGeSiGeGeGeGeGeGeGeGeGeGeGeGeGeSiGeSiGeGeGeSiGeSiGeGeGeGeSiGeSiSiGeGeGeGeSiSiSiSiGeGeGeGeGeGe
    29151.2343750000 SiGeSiGeGeSiGeGeSiGeSiGeSiGeGeSiGeGeGeGeGeGeGeGeGeGeGeGeGeSiGeSiGeGeGeSiGeSiGeGeGeGeSiGeSiSiGeGeGeGeSiSiSiSiGeGeGeGeGeGe
    29151.2343750000 SiGeSiGeGeSiGeGeSiGeSiGeSiGeGeSiGeGeGeGeGeGeGeGeGeGeGeGeGeSiGeSiGeGeGeSiGeSiGeGeGeGeSiGeSiSiGeGeGeGeSiSiSiSiGeGeGeGeGeGe
    29151.2343750000 SiGeSiGeGeSiGeGeSiGeSiGeSiGeGeSiGeGeGeGeGeGeGeGeGeGeGeGeGeSiGeSiGeGeGeSiGeSiGeGeGeGeSiGeSiSiGeGeGeGeSiSiSiSiGeGeGeGeGeGe
    29151.2343750000 SiGeSiGeGeSiGeGeSiGeSiGeSiGeGeSiGeGeGeGeGeGeGeGeGeGeGeGeGeSiGeSiGeGeGeSiGeSiGeGeGeGeSiGeSiSiGeGeGeGeSiSiSiSiGeGeGeGeGeGe
    29151.2343750000 SiGeSiGeGeSiGeGeSiGeSiGeSiGeGeSiGeGeGeGeGeGeGeGeGeGeGeGeGeSiGeSiGeGeGeSiGeSiGeGeGeGeSiGeSiSiGeGeGeGeSiSiSiSiGeGeGeGeGeGe
    29151.2343750000 SiGeSiGeGeSiGeGeSiGeSiGeSiGeGeSiGeGeGeGeGeGeGeGeGeGeGeGeGeSiGeSiGeGeGeSiGeSiGeGeGeGeSiGeSiSiGeGeGeGeSiSiSiSiGeGeGeGeGeGe
    29151.2343750000 SiGeSiGeGeSiGeGeSiGeSiGeSiGeGeSiGeGeGeGeGeGeGeGeGeGeGeGeGeSiGeSiGeGeGeSiGeSiGeGeGeGeSiGeSiSiGeGeGeGeSiSiSiSiGeGeGeGeGeGe
    29151.2343750000 SiGeSiGeGeSiGeGeSiGeSiGeSiGeGeSiGeGeGeGeGeGeGeGeGeGeGeGeGeSiGeSiGeGeGeSiGeSiGeGeGeGeSiGeSiSiGeGeGeGeSiSiSiSiGeGeGeGeGeGe
    29151.2343750000 SiGeSiGeGeSiGeGeSiGeSiGeSiGeGeSiGeGeGeGeGeGeGeGeGeGeGeGeGeSiGeSiGeGeGeSiGeSiGeGeGeGeSiGeSiSiGeGeGeGeSiSiSiSiGeGeGeGeGeGe
    29151.2343750000 SiGeSiGeGeSiGeGeSiGeSiGeSiGeGeSiGeGeGeGeGeGeGeGeGeGeGeGeGeSiGeSiGeGeGeSiGeSiGeGeGeGeSiGeSiSiGeGeGeGeSiSiSiSiGeGeGeGeGeGe
    29151.2343750000 SiGeSiGeGeSiGeGeSiGeSiGeSiGeGeSiGeGeGeGeGeGeGeGeGeGeGeGeGeSiGeSiGeGeGeSiGeSiGeGeGeGeSiGeSiSiGeGeGeGeSiSiSiSiGeGeGeGeGeGe
    29151.2343750000 SiGeSiGeGeSiGeGeSiGeSiGeSiGeGeSiGeGeGeGeGeGeGeGeGeGeGeGeGeSiGeSiGeGeGeSiGeSiGeGeGeGeSiGeSiSiGeGeGeGeSiSiSiSiGeGeGeGeGeGe
    29151.2343750000 SiGeSiGeGeSiGeGeSiGeSiGeSiGeGeSiGeGeGeGeGeGeGeGeGeGeGeGeGeSiGeSiGeGeGeSiGeSiGeGeGeGeSiGeSiSiGeGeGeGeSiSiSiSiGeGeGeGeGeGe
    29151.2343750000 SiGeSiGeGeSiGeGeSiGeSiGeSiGeGeSiGeGeGeGeGeGeGeGeGeGeGeGeGeSiGeSiGeGeGeSiGeSiGeGeGeGeSiGeSiSiGeGeGeGeSiSiSiSiGeGeGeGeGeGe
    29151.2343750000 SiGeSiGeGeSiGeGeSiGeSiGeSiGeGeSiGeGeGeGeGeGeGeGeGeGeGeGeGeSiGeSiGeGeGeSiGeSiGeGeGeGeSiGeSiSiGeGeGeGeSiSiSiSiGeGeGeGeGeGe
    29151.2343750000 SiGeSiGeGeSiGeGeSiGeSiGeSiGeGeSiGeGeGeGeGeGeGeGeGeGeGeGeGeSiGeSiGeGeGeSiGeSiGeGeGeGeSiGeSiSiGeGeGeGeSiSiSiSiGeGeGeGeGeGe
    29151.2343750000 SiGeSiGeGeSiGeGeSiGeSiGeSiGeGeSiGeGeGeGeGeGeGeGeGeGeGeGeGeSiGeSiGeGeGeSiGeSiGeGeGeGeSiGeSiSiGeGeGeGeSiSiSiSiGeGeGeGeGeGe
    29151.2343750000 SiGeSiGeGeSiGeGeSiGeSiGeSiGeGeSiGeGeGeGeGeGeGeGeGeGeGeGeGeSiGeSiGeGeGeSiGeSiGeGeGeGeSiGeSiSiGeGeGeGeSiSiSiSiGeGeGeGeGeGe
    29151.2343750000 SiGeSiGeGeSiGeGeSiGeSiGeSiGeGeSiGeGeGeGeGeGeGeGeGeGeGeGeGeSiGeSiGeGeGeSiGeSiGeGeGeGeSiGeSiSiGeGeGeGeSiSiSiSiGeGeGeGeGeGe
    29151.2343750000 SiGeSiGeGeSiGeGeSiGeSiGeSiGeGeSiGeGeGeGeGeGeGeGeGeGeGeGeGeSiGeSiGeGeGeSiGeSiGeGeGeGeSiGeSiSiGeGeGeGeSiSiSiSiGeGeGeGeGeGe
    29151.2343750000 SiGeSiGeGeSiGeGeSiGeSiGeSiGeGeSiGeGeGeGeGeGeGeGeGeGeGeGeGeSiGeSiGeGeGeSiGeSiGeGeGeGeSiGeSiSiGeGeGeGeSiSiSiSiGeGeGeGeGeGe
    29151.2343750000 SiGeSiGeGeSiGeGeSiGeSiGeSiGeGeSiGeGeGeGeGeGeGeGeGeGeGeGeGeSiGeSiGeGeGeSiGeSiGeGeGeGeSiGeSiSiGeGeGeGeSiSiSiSiGeGeGeGeGeGe
    29151.2343750000 SiGeSiGeGeSiGeGeSiGeSiGeSiGeGeSiGeGeGeGeGeGeGeGeGeGeGeGeGeSiGeSiGeGeGeSiGeSiGeGeGeGeSiGeSiSiGeGeGeGeSiSiSiSiGeGeGeGeGeGe
    29151.2343750000 SiGeSiGeGeSiGeGeSiGeSiGeSiGeGeSiGeGeGeGeGeGeGeGeGeGeGeGeGeSiGeSiGeGeGeSiGeSiGeGeGeGeSiGeSiSiGeGeGeGeSiSiSiSiGeGeGeGeGeGe
    29151.2343750000 SiGeSiGeGeSiGeGeSiGeSiGeSiGeGeSiGeGeGeGeGeGeGeGeGeGeGeGeGeSiGeSiGeGeGeSiGeSiGeGeGeGeSiGeSiSiGeGeGeGeSiSiSiSiGeGeGeGeGeGe
    29151.2343750000 SiGeSiGeGeSiGeGeSiGeSiGeSiGeGeSiGeGeGeGeGeGeGeGeGeGeGeGeGeSiGeSiGeGeGeSiGeSiGeGeGeGeSiGeSiSiGeGeGeGeSiSiSiSiGeGeGeGeGeGe
    29151.2343750000 SiGeSiGeGeSiGeGeSiGeSiGeSiGeGeSiGeGeGeGeGeGeGeGeGeGeGeGeGeSiGeSiGeGeGeSiGeSiGeGeGeGeSiGeSiSiGeGeGeGeSiSiSiSiGeGeGeGeGeGe
    29151.2343750000 SiGeSiGeGeSiGeGeSiGeSiGeSiGeGeSiGeGeGeGeGeGeGeGeGeGeGeGeGeSiGeSiGeGeGeSiGeSiGeGeGeGeSiGeSiSiGeGeGeGeSiSiSiSiGeGeGeGeGeGe
    29151.2343750000 SiGeSiGeGeSiGeGeSiGeSiGeSiGeGeSiGeGeGeGeGeGeGeGeGeGeGeGeGeSiGeSiGeGeGeSiGeSiGeGeGeGeSiGeSiSiGeGeGeGeSiSiSiSiGeGeGeGeGeGe
    29151.2343750000 SiGeSiGeGeSiGeGeSiGeSiGeSiGeGeSiGeGeGeGeGeGeGeGeGeGeGeGeGeSiGeSiGeGeGeSiGeSiGeGeGeGeSiGeSiSiGeGeGeGeSiSiSiSiGeGeGeGeGeGe
    29151.2343750000 SiGeSiGeGeSiGeGeSiGeSiGeSiGeGeSiGeGeGeGeGeGeGeGeGeGeGeGeGeSiGeSiGeGeGeSiGeSiGeGeGeGeSiGeSiSiGeGeGeGeSiSiSiSiGeGeGeGeGeGe
    29151.2343750000 SiGeSiGeGeSiGeGeSiGeSiGeSiGeGeSiGeGeGeGeGeGeGeGeGeGeGeGeGeSiGeSiGeGeGeSiGeSiGeGeGeGeSiGeSiSiGeGeGeGeSiSiSiSiGeGeGeGeGeGe
    29151.2343750000 SiGeSiGeGeSiGeGeSiGeSiGeSiGeGeSiGeGeGeGeGeGeGeGeGeGeGeGeGeSiGeSiGeGeGeSiGeSiGeGeGeGeSiGeSiSiGeGeGeGeSiSiSiSiGeGeGeGeGeGe
    29151.2343750000 SiGeSiGeGeSiGeGeSiGeSiGeSiGeGeSiGeGeGeGeGeGeGeGeGeGeGeGeGeSiGeSiGeGeGeSiGeSiGeGeGeGeSiGeSiSiGeGeGeGeSiSiSiSiGeGeGeGeGeGe
    29151.2343750000 SiGeSiGeGeSiGeGeSiGeSiGeSiGeGeSiGeGeGeGeGeGeGeGeGeGeGeGeGeSiGeSiGeGeGeSiGeSiGeGeGeGeSiGeSiSiGeGeGeGeSiSiSiSiGeGeGeGeGeGe
    29151.2343750000 SiGeSiGeGeSiGeGeSiGeSiGeSiGeGeSiGeGeGeGeGeGeGeGeGeGeGeGeGeSiGeSiGeGeGeSiGeSiGeGeGeGeSiGeSiSiGeGeGeGeSiSiSiSiGeGeGeGeGeGe
    29151.2343750000 SiGeSiGeGeSiGeGeSiGeSiGeSiGeGeSiGeGeGeGeGeGeGeGeGeGeGeGeGeSiGeSiGeGeGeSiGeSiGeGeGeGeSiGeSiSiGeGeGeGeSiSiSiSiGeGeGeGeGeGe
    29151.2343750000 SiGeSiGeGeSiGeGeSiGeSiGeSiGeGeSiGeGeGeGeGeGeGeGeGeGeGeGeGeSiGeSiGeGeGeSiGeSiGeGeGeGeSiGeSiSiGeGeGeGeSiSiSiSiGeGeGeGeGeGe
    29151.2343750000 SiGeSiGeGeSiGeGeSiGeSiGeSiGeGeSiGeGeGeGeGeGeGeGeGeGeGeGeGeSiGeSiGeGeGeSiGeSiGeGeGeGeSiGeSiSiGeGeGeGeSiSiSiSiGeGeGeGeGeGe
    29151.2343750000 SiGeSiGeGeSiGeGeSiGeSiGeSiGeGeSiGeGeGeGeGeGeGeGeGeGeGeGeGeSiGeSiGeGeGeSiGeSiGeGeGeGeSiGeSiSiGeGeGeGeSiSiSiSiGeGeGeGeGeGe
    29151.2343750000 SiGeSiGeGeSiGeGeSiGeSiGeSiGeGeSiGeGeGeGeGeGeGeGeGeGeGeGeGeSiGeSiGeGeGeSiGeSiGeGeGeGeSiGeSiSiGeGeGeGeSiSiSiSiGeGeGeGeGeGe
    29151.2343750000 SiGeSiGeGeSiGeGeSiGeSiGeSiGeGeSiGeGeGeGeGeGeGeGeGeGeGeGeGeSiGeSiGeGeGeSiGeSiGeGeGeGeSiGeSiSiGeGeGeGeSiSiSiSiGeGeGeGeGeGe
    29151.2343750000 SiGeSiGeGeSiGeGeSiGeSiGeSiGeGeSiGeGeGeGeGeGeGeGeGeGeGeGeGeSiGeSiGeGeGeSiGeSiGeGeGeGeSiGeSiSiGeGeGeGeSiSiSiSiGeGeGeGeGeGe
    29151.2343750000 SiGeSiGeGeSiGeGeSiGeSiGeSiGeGeSiGeGeGeGeGeGeGeGeGeGeGeGeGeSiGeSiGeGeGeSiGeSiGeGeGeGeSiGeSiSiGeGeGeGeSiSiSiSiGeGeGeGeGeGe
    29151.2343750000 SiGeSiGeGeSiGeGeSiGeSiGeSiGeGeSiGeGeGeGeGeGeGeGeGeGeGeGeGeSiGeSiGeGeGeSiGeSiGeGeGeGeSiGeSiSiGeGeGeGeSiSiSiSiGeGeGeGeGeGe
    29151.2343750000 SiGeSiGeGeSiGeGeSiGeSiGeSiGeGeSiGeGeGeGeGeGeGeGeGeGeGeGeGeSiGeSiGeGeGeSiGeSiGeGeGeGeSiGeSiSiGeGeGeGeSiSiSiSiGeGeGeGeGeGe
    29151.2343750000 SiGeSiGeGeSiGeGeSiGeSiGeSiGeGeSiGeGeGeGeGeGeGeGeGeGeGeGeGeSiGeSiGeGeGeSiGeSiGeGeGeGeSiGeSiSiGeGeGeGeSiSiSiSiGeGeGeGeGeGe
    29151.2343750000 SiGeSiGeGeSiGeGeSiGeSiGeSiGeGeSiGeGeGeGeGeGeGeGeGeGeGeGeGeSiGeSiGeGeGeSiGeSiGeGeGeGeSiGeSiSiGeGeGeGeSiSiSiSiGeGeGeGeGeGe
    29151.2343750000 SiGeSiGeGeSiGeGeSiGeSiGeSiGeGeSiGeGeGeGeGeGeGeGeGeGeGeGeGeSiGeSiGeGeGeSiGeSiGeGeGeGeSiGeSiSiGeGeGeGeSiSiSiSiGeGeGeGeGeGe
    29151.2343750000 SiGeSiGeGeSiGeGeSiGeSiGeSiGeGeSiGeGeGeGeGeGeGeGeGeGeGeGeGeSiGeSiGeGeGeSiGeSiGeGeGeGeSiGeSiSiGeGeGeGeSiSiSiSiGeGeGeGeGeGe
    29151.2343750000 SiGeSiGeGeSiGeGeSiGeSiGeSiGeGeSiGeGeGeGeGeGeGeGeGeGeGeGeGeSiGeSiGeGeGeSiGeSiGeGeGeGeSiGeSiSiGeGeGeGeSiSiSiSiGeGeGeGeGeGe
    29151.2343750000 SiGeSiGeGeSiGeGeSiGeSiGeSiGeGeSiGeGeGeGeGeGeGeGeGeGeGeGeGeSiGeSiGeGeGeSiGeSiGeGeGeGeSiGeSiSiGeGeGeGeSiSiSiSiGeGeGeGeGeGe
    29151.2343750000 SiGeSiGeGeSiGeGeSiGeSiGeSiGeGeSiGeGeGeGeGeGeGeGeGeGeGeGeGeSiGeSiGeGeGeSiGeSiGeGeGeGeSiGeSiSiGeGeGeGeSiSiSiSiGeGeGeGeGeGe
    29151.2343750000 SiGeSiGeGeSiGeGeSiGeSiGeSiGeGeSiGeGeGeGeGeGeGeGeGeGeGeGeGeSiGeSiGeGeGeSiGeSiGeGeGeGeSiGeSiSiGeGeGeGeSiSiSiSiGeGeGeGeGeGe
    29151.2343750000 SiGeSiGeGeSiGeGeSiGeSiGeSiGeGeSiGeGeGeGeGeGeGeGeGeGeGeGeGeSiGeSiGeGeGeSiGeSiGeGeGeGeSiGeSiSiGeGeGeGeSiSiSiSiGeGeGeGeGeGe
    29151.2343750000 SiGeSiGeGeSiGeGeSiGeSiGeSiGeGeSiGeGeGeGeGeGeGeGeGeGeGeGeGeSiGeSiGeGeGeSiGeSiGeGeGeGeSiGeSiSiGeGeGeGeSiSiSiSiGeGeGeGeGeGe
    29151.2343750000 SiGeSiGeGeSiGeGeSiGeSiGeSiGeGeSiGeGeGeGeGeGeGeGeGeGeGeGeGeSiGeSiGeGeGeSiGeSiGeGeGeGeSiGeSiSiGeGeGeGeSiSiSiSiGeGeGeGeGeGe
    29151.2343750000 SiGeSiGeGeSiGeGeSiGeSiGeSiGeGeSiGeGeGeGeGeGeGeGeGeGeGeGeGeSiGeSiGeGeGeSiGeSiGeGeGeGeSiGeSiSiGeGeGeGeSiSiSiSiGeGeGeGeGeGe
    29151.2343750000 SiGeSiGeGeSiGeGeSiGeSiGeSiGeGeSiGeGeGeGeGeGeGeGeGeGeGeGeGeSiGeSiGeGeGeSiGeSiGeGeGeGeSiGeSiSiGeGeGeGeSiSiSiSiGeGeGeGeGeGe
    29151.2343750000 SiGeSiGeGeSiGeGeSiGeSiGeSiGeGeSiGeGeGeGeGeGeGeGeGeGeGeGeGeSiGeSiGeGeGeSiGeSiGeGeGeGeSiGeSiSiGeGeGeGeSiSiSiSiGeGeGeGeGeGe
filename: c000001321640136.gin     
Cell:
    11.9020996    11.9020996    29.6919994    90.0000000    90.0000000   120.0000000
Box:
    11.9020996    -5.9510503     0.0000000
     0.0000000    10.3075209     0.0000000
     0.0000000     0.0000000    29.6919994
----------------------------------------
Inverse Box:
     0.0840188     0.0485083     0.0000000
     0.0000000     0.0970165     0.0000000
     0.0000000     0.0000000     0.0336791
----------------------------------------
==============================================
geometrical properties of  42 Ge:
 Configuration:           0
 D_ave:   9.12015533       3.55270171    
 D_min:   3.02494764       3.82608175E-02
 energia:   29151.2344    
