Random Seed:  1314444330
Number of atoms:    60
Space Group:    1
Cell:
    11.9020996    11.9020996    29.6919994    90.0000000    90.0000000   120.0000000
Box:
    11.9020996    -5.9510503     0.0000000
     0.0000000    10.3075209     0.0000000
     0.0000000     0.0000000    29.6919994
----------------------------------------
Inverse Box:
     0.0840188     0.0485083     0.0000000
     0.0000000     0.0970165     0.0000000
     0.0000000     0.0000000     0.0336791
----------------------------------------
GeSiSiSiSiSiSiSiSiSiSiSiSiSiSiSiSiSiSiSiSiSiSiSiGeSiSiSiSiSiSiSiSiSiSiSiSiSiSiSiSiSiSiSiSiSiSiSiSiSiSiSiSiSiSiSiSiSiSiSi
           1 Ge    -7733.73486    
GeGeSiSiSiSiSiSiSiSiSiSiSiSiSiSiSiSiSiSiSiSiSiSiGeSiSiSiSiSiSiSiSiSiSiSiSiSiSiSiSiSiSiSiSiSiSiSiSiSiSiSiSiSiSiSiSiSiSiSi
           2 Ge    -7727.56543    
GeGeGeSiSiSiSiSiSiSiSiSiSiSiSiSiSiSiSiSiSiSiSiSiGeSiSiSiSiSiSiSiSiSiSiSiSiSiSiSiSiSiSiSiSiSiSiSiSiSiSiSiSiSiSiSiSiSiSiSi
           3 Ge    -7721.45850    
GeGeGeGeSiSiSiSiSiSiSiSiSiSiSiSiSiSiSiSiSiSiSiSiGeSiSiSiSiSiSiSiSiSiSiSiSiSiSiSiSiSiSiSiSiSiSiSiSiSiSiSiSiSiSiSiSiSiSiSi
           4 Ge    -7745.49658    
GeGeGeGeSiGeSiSiSiSiSiSiSiSiSiSiSiSiSiSiSiSiSiSiGeSiSiSiSiSiSiSiSiSiSiSiSiSiSiSiSiSiSiSiSiSiSiSiSiSiSiSiSiSiSiSiSiSiSiSi
           6 Ge    -7787.59766    
GeGeGeGeSiGeGeSiSiSiSiSiSiSiSiSiSiSiSiSiSiSiSiSiGeSiSiSiSiSiSiSiSiSiSiSiSiSiSiSiSiSiSiSiSiSiSiSiSiSiSiSiSiSiSiSiSiSiSiSi
           7 Ge    -7898.35547    
GeGeGeGeSiGeGeGeSiSiSiSiSiSiSiSiSiSiSiSiSiSiSiSiGeSiSiSiSiSiSiSiSiSiSiSiSiSiSiSiSiSiSiSiSiSiSiSiSiSiSiSiSiSiSiSiSiSiSiSi
           8 Ge    -8043.16748    
GeGeGeGeSiGeGeGeGeSiSiSiSiSiSiSiSiSiSiSiSiSiSiSiGeSiSiSiSiSiSiSiSiSiSiSiSiSiSiSiSiSiSiSiSiSiSiSiSiSiSiSiSiSiSiSiSiSiSiSi
           9 Ge    -8221.76367    
GeGeGeGeSiGeGeGeGeSiSiGeSiSiSiSiSiSiSiSiSiSiSiSiGeSiSiSiSiSiSiSiSiSiSiSiSiSiSiSiSiSiSiSiSiSiSiSiSiSiSiSiSiSiSiSiSiSiSiSi
          12 Ge    -8552.82812    
GeGeGeGeSiGeGeGeGeSiSiGeGeSiSiSiSiSiSiSiSiSiSiSiGeSiSiSiSiSiSiSiSiSiSiSiSiSiSiSiSiSiSiSiSiSiSiSiSiSiSiSiSiSiSiSiSiSiSiSi
          13 Ge    -8480.07617    
GeGeGeGeSiGeGeGeGeSiSiGeGeSiSiGeSiSiSiSiSiSiSiSiGeSiSiSiSiSiSiSiSiSiSiSiSiSiSiSiSiSiSiSiSiSiSiSiSiSiSiSiSiSiSiSiSiSiSiSi
          16 Ge    -8720.99805    
GeGeGeGeSiGeGeGeGeSiSiGeGeSiSiGeGeSiSiSiSiSiSiSiGeSiSiSiSiSiSiSiSiSiSiSiSiSiSiSiSiSiSiSiSiSiSiSiSiSiSiSiSiSiSiSiSiSiSiSi
          17 Ge    -9013.61133    
GeGeGeGeSiGeGeGeGeSiSiGeGeSiSiGeGeSiSiSiSiSiSiSiGeGeSiSiSiSiSiSiSiSiSiSiSiSiSiSiSiSiSiSiSiSiSiSiSiSiSiSiSiSiSiSiSiSiSiSi
          26 Ge    -8918.20312    
GeGeGeGeSiGeGeGeGeSiSiGeGeSiSiGeGeSiSiSiSiSiSiSiGeGeSiSiSiGeSiSiSiSiSiSiSiSiSiSiSiSiSiSiSiSiSiSiSiSiSiSiSiSiSiSiSiSiSiSi
          30 Ge    -8596.84082    
GeGeGeGeSiGeGeGeGeSiSiGeGeSiSiGeGeSiSiSiSiSiSiSiGeGeSiSiSiGeSiSiSiSiSiSiGeSiSiSiSiSiSiSiSiSiSiSiSiSiSiSiSiSiSiSiSiSiSiSi
          37 Ge    -7594.43994    
GeGeGeGeSiGeGeGeGeSiSiGeGeSiSiGeGeSiSiSiSiSiSiSiGeGeSiSiSiGeSiSiSiSiSiSiGeSiGeSiSiSiSiSiSiSiSiSiSiSiSiSiSiSiSiSiSiSiSiSi
          39 Ge    -7674.49072    
GeGeGeGeSiGeGeGeGeSiSiGeGeSiSiGeGeSiSiSiSiSiSiSiGeGeSiSiSiGeSiSiSiSiSiSiGeSiGeGeSiSiSiSiSiSiSiSiSiSiSiSiSiSiSiSiSiSiSiSi
          40 Ge    -7583.63184    
GeGeGeGeSiGeGeGeGeSiSiGeGeSiSiGeGeSiSiSiSiSiSiSiGeGeSiSiSiGeSiSiSiSiSiSiGeSiGeGeSiGeSiSiSiSiSiSiSiSiSiSiSiSiSiSiSiSiSiSi
          42 Ge    -5779.83740    
GeGeGeGeSiGeGeGeGeSiSiGeGeSiSiGeGeSiSiSiSiSiSiSiGeGeSiSiSiGeSiSiSiSiSiSiGeSiGeGeSiGeSiSiSiGeSiSiSiSiSiSiSiSiSiSiSiSiSiSi
          46 Ge    -5944.53418    
GeGeGeGeSiGeGeGeGeSiSiGeGeSiSiGeGeSiSiSiSiSiSiSiGeGeSiSiSiGeSiSiSiSiSiSiGeSiGeGeSiGeSiSiSiGeSiSiGeSiSiSiSiSiSiSiSiSiSiSi
          49 Ge    -2470.99756    
GeGeGeGeSiGeGeGeGeSiSiGeGeSiSiGeGeSiSiSiSiSiSiSiGeGeSiSiSiGeSiSiSiSiSiSiGeSiGeGeSiGeSiSiSiGeSiSiGeSiSiSiSiSiSiSiSiGeSiSi
          58 Ge    -40.6694336    
GeGeGeGeSiGeGeGeGeGeSiGeGeSiSiGeGeSiSiSiSiSiSiSiGeGeSiSiSiGeSiSiSiSiSiSiGeSiGeGeSiGeSiSiSiGeSiSiGeSiSiSiSiSiSiSiSiGeSiSi
          10 Ge     56.4892578    
GeGeGeGeSiGeGeGeGeGeGeGeGeSiSiGeGeSiSiSiSiSiSiSiGeGeSiSiSiGeSiSiSiSiSiSiGeSiGeGeSiGeSiSiSiGeSiSiGeSiSiSiSiSiSiSiSiGeSiSi
          11 Ge    -1042.96680    
GeGeGeGeSiGeGeGeGeGeGeGeGeGeSiGeGeSiSiSiSiSiSiSiGeGeSiSiSiGeSiSiSiSiSiSiGeSiGeGeSiGeSiSiSiGeSiSiGeSiSiSiSiSiSiSiSiGeSiSi
          14 Ge    -802.210449    
GeGeGeGeSiGeGeGeGeGeGeGeGeGeGeGeGeSiSiSiSiSiSiSiGeGeSiSiSiGeSiSiSiSiSiSiGeSiGeGeSiGeSiSiSiGeSiSiGeSiSiSiSiSiSiSiSiGeSiSi
          15 Ge     1079.73730    
GeGeGeGeSiGeGeGeGeGeGeGeGeGeGeGeGeSiSiSiSiSiGeSiGeGeSiSiSiGeSiSiSiSiSiSiGeSiGeGeSiGeSiSiSiGeSiSiGeSiSiSiSiSiSiSiSiGeSiSi
          23 Ge     4271.65967    
GeGeGeGeSiGeGeGeGeGeGeGeGeGeGeGeGeSiSiSiSiSiGeGeGeGeSiSiSiGeSiSiSiSiSiSiGeSiGeGeSiGeSiSiSiGeSiSiGeSiSiSiSiSiSiSiSiGeSiSi
          24 Ge     10238.5449    
GeGeGeGeSiGeGeGeGeGeGeGeGeGeGeGeGeSiSiSiSiSiGeGeGeGeSiGeSiGeSiSiSiSiSiSiGeSiGeGeSiGeSiSiSiGeSiSiGeSiSiSiSiSiSiSiSiGeSiSi
          28 Ge     12659.1602    
GeGeGeGeSiGeGeGeGeGeGeGeGeGeGeGeGeSiSiSiSiSiGeGeGeGeSiGeSiGeSiSiSiSiSiSiGeSiGeGeSiGeSiGeSiGeSiSiGeSiSiSiSiSiSiSiSiGeSiSi
          44 Ge     15575.7383    
GeGeGeGeSiGeGeGeGeGeGeGeGeGeGeGeGeSiSiSiSiSiGeGeGeGeSiGeSiGeSiSiSiSiSiSiGeSiGeGeSiGeSiGeSiGeSiSiGeSiGeSiSiSiSiSiSiGeSiSi
          51 Ge     14234.4082    
GeGeGeGeSiGeGeGeGeGeGeGeGeGeGeGeGeSiSiSiSiSiGeGeGeGeSiGeSiGeSiSiSiSiSiSiGeSiGeGeSiGeSiGeSiGeSiSiGeSiGeSiSiSiSiSiGeGeSiSi
          57 Ge     13996.1641    
GeGeGeGeGeGeGeGeGeGeGeGeGeGeGeGeGeSiSiSiSiSiGeGeGeGeSiGeSiGeSiSiSiSiSiSiGeSiGeGeSiGeSiGeSiGeSiSiGeSiGeSiSiSiSiSiGeGeSiSi
           5 Ge     23167.9219    
GeGeGeGeGeGeGeGeGeGeGeGeGeGeGeGeGeGeSiSiSiSiGeGeGeGeSiGeSiGeSiSiSiSiSiSiGeSiGeGeSiGeSiGeSiGeSiSiGeSiGeSiSiSiSiSiGeGeSiSi
          18 Ge     28650.8477    
GeGeGeGeGeGeGeGeGeGeGeGeGeGeGeGeGeGeSiSiSiGeGeGeGeGeSiGeSiGeSiSiSiSiSiSiGeSiGeGeSiGeSiGeSiGeSiSiGeSiGeSiSiSiSiSiGeGeSiSi
          22 Ge     43404.2969    
GeGeGeGeGeGeGeGeGeGeGeGeGeGeGeGeGeGeSiSiSiGeGeGeGeGeSiGeGeGeSiSiSiSiSiSiGeSiGeGeSiGeSiGeSiGeSiSiGeSiGeSiSiSiSiSiGeGeSiSi
          29 Ge     48533.9141    
GeGeGeGeGeGeGeGeGeGeGeGeGeGeGeGeGeGeSiSiSiGeGeGeGeGeSiGeGeGeGeSiSiSiSiSiGeSiGeGeSiGeSiGeSiGeSiSiGeSiGeSiSiSiSiSiGeGeSiSi
          31 Ge     53091.7344    
GeGeGeGeGeGeGeGeGeGeGeGeGeGeGeGeGeGeSiSiSiGeGeGeGeGeSiGeGeGeGeGeSiSiSiSiGeSiGeGeSiGeSiGeSiGeSiSiGeSiGeSiSiSiSiSiGeGeSiSi
          32 Ge     60169.8047    
GeGeGeGeGeGeGeGeGeGeGeGeGeGeGeGeGeGeSiSiSiGeGeGeGeGeSiGeGeGeGeGeGeSiSiSiGeSiGeGeSiGeSiGeSiGeSiSiGeSiGeSiSiSiSiSiGeGeSiSi
          33 Ge     74772.9453    
GeGeGeGeGeGeGeGeGeGeGeGeGeGeGeGeGeGeSiSiSiGeGeGeGeGeSiGeGeGeGeGeGeSiSiSiGeSiGeGeSiGeSiGeGeGeSiSiGeSiGeSiSiSiSiSiGeGeSiSi
          45 Ge     88550.8984    
GeGeGeGeGeGeGeGeGeGeGeGeGeGeGeGeGeGeSiSiSiGeGeGeGeGeSiGeGeGeGeGeGeSiSiSiGeSiGeGeSiGeSiGeGeGeSiSiGeSiGeSiSiSiGeSiGeGeSiSi
          55 Ge     86508.8438    
GeGeGeGeGeGeGeGeGeGeGeGeGeGeGeGeGeGeSiSiGeGeGeGeGeGeSiGeGeGeGeGeGeSiSiSiGeSiGeGeSiGeSiGeGeGeSiSiGeSiGeSiSiSiGeSiGeGeSiSi
          21 Ge     104789.609    
==============================================
MonteCarlo: Metropolis with identity changes
Si > Ge, Ge > Si. STOP when occurrence <    0.00000
==============================================
Cost_function     Occurrence %     Scan-Cost
    32819.6367187500 SiSiSiSiGeGeSiSiGeGeSiGeGeGeGeGeGeGeGeGeGeGeGeGeSiSiGeGeSiSiGeSiSiGeGeGeSiGeGeGeGeGeGeGeGeGeSiGeGeGeGeGeSiGeSiSiGeGeGeGe
    30342.4453125000 SiGeSiSiGeGeSiGeGeGeSiGeGeGeGeGeGeSiGeGeGeGeGeGeGeSiGeGeSiSiGeSiSiGeGeGeSiGeSiGeGeGeGeGeGeSiGeGeGeGeGeSiSiGeSiSiGeGeGeGe
    30342.4453125000 SiGeSiSiGeGeSiGeGeGeSiGeGeGeGeGeGeSiGeGeGeGeGeGeGeSiGeGeSiSiGeSiSiGeGeGeSiGeSiGeGeGeGeGeGeSiGeGeGeGeGeSiSiGeSiSiGeGeGeGe
    28607.2031250000 SiSiSiSiGeGeSiSiGeGeSiGeGeSiGeGeGeGeGeGeGeGeGeGeGeSiGeGeSiSiGeSiSiGeGeGeSiGeGeGeGeGeGeGeGeGeGeGeGeGeSiSiSiGeGeSiGeGeGeGe
    28607.2031250000 SiSiSiSiGeGeSiSiGeGeSiGeGeSiGeGeGeGeGeGeGeGeGeGeGeSiGeGeSiSiGeSiSiGeGeGeSiGeGeGeGeGeGeGeGeGeGeGeGeGeSiSiSiGeGeSiGeGeGeGe
    24442.4882812500 SiGeSiSiGeGeSiSiGeGeSiGeGeSiGeGeSiGeGeGeGeGeGeGeGeSiGeSiGeSiGeSiSiGeGeGeSiGeGeGeGeGeGeSiGeGeGeGeGeGeSiSiSiGeGeGeGeGeGeGe
    24442.4882812500 SiGeSiSiGeGeSiSiGeGeSiGeGeSiGeGeSiGeGeGeGeGeGeGeGeSiGeSiGeSiGeSiSiGeGeGeSiGeGeGeGeGeGeSiGeGeGeGeGeGeSiSiSiGeGeGeGeGeGeGe
    24442.4882812500 SiGeSiSiGeGeSiSiGeGeSiGeGeSiGeGeSiGeGeGeGeGeGeGeGeSiGeSiGeSiGeSiSiGeGeGeSiGeGeGeGeGeGeSiGeGeGeGeGeGeSiSiSiGeGeGeGeGeGeGe
    22948.3476562500 GeGeSiSiGeGeSiSiGeGeSiGeSiSiGeGeSiGeGeGeGeGeGeGeGeSiGeGeGeSiGeSiSiGeGeGeGeGeGeGeGeGeGeGeGeGeSiSiGeGeGeSiSiGeGeSiSiGeGeGe
    22948.3476562500 GeGeSiSiGeGeSiSiGeGeSiGeSiSiGeGeSiGeGeGeGeGeGeGeGeSiGeGeGeSiGeSiSiGeGeGeGeGeGeGeGeGeGeGeGeGeSiSiGeGeGeSiSiGeGeSiSiGeGeGe
    22948.3476562500 GeGeSiSiGeGeSiSiGeGeSiGeSiSiGeGeSiGeGeGeGeGeGeGeGeSiGeGeGeSiGeSiSiGeGeGeGeGeGeGeGeGeGeGeGeGeSiSiGeGeGeSiSiGeGeSiSiGeGeGe
    22948.3476562500 GeGeSiSiGeGeSiSiGeGeSiGeSiSiGeGeSiGeGeGeGeGeGeGeGeSiGeGeGeSiGeSiSiGeGeGeGeGeGeGeGeGeGeGeGeGeSiSiGeGeGeSiSiGeGeSiSiGeGeGe
    22948.3476562500 GeGeSiSiGeGeSiSiGeGeSiGeSiSiGeGeSiGeGeGeGeGeGeGeGeSiGeGeGeSiGeSiSiGeGeGeGeGeGeGeGeGeGeGeGeGeSiSiGeGeGeSiSiGeGeSiSiGeGeGe
    22948.3476562500 GeGeSiSiGeGeSiSiGeGeSiGeSiSiGeGeSiGeGeGeGeGeGeGeGeSiGeGeGeSiGeSiSiGeGeGeGeGeGeGeGeGeGeGeGeGeSiSiGeGeGeSiSiGeGeSiSiGeGeGe
    22948.3476562500 GeGeSiSiGeGeSiSiGeGeSiGeSiSiGeGeSiGeGeGeGeGeGeGeGeSiGeGeGeSiGeSiSiGeGeGeGeGeGeGeGeGeGeGeGeGeSiSiGeGeGeSiSiGeGeSiSiGeGeGe
    22948.3476562500 GeGeSiSiGeGeSiSiGeGeSiGeSiSiGeGeSiGeGeGeGeGeGeGeGeSiGeGeGeSiGeSiSiGeGeGeGeGeGeGeGeGeGeGeGeGeSiSiGeGeGeSiSiGeGeSiSiGeGeGe
    22948.3476562500 GeGeSiSiGeGeSiSiGeGeSiGeSiSiGeGeSiGeGeGeGeGeGeGeGeSiGeGeGeSiGeSiSiGeGeGeGeGeGeGeGeGeGeGeGeGeSiSiGeGeGeSiSiGeGeSiSiGeGeGe
    22948.3476562500 GeGeSiSiGeGeSiSiGeGeSiGeSiSiGeGeSiGeGeGeGeGeGeGeGeSiGeGeGeSiGeSiSiGeGeGeGeGeGeGeGeGeGeGeGeGeSiSiGeGeGeSiSiGeGeSiSiGeGeGe
    22948.3476562500 GeGeSiSiGeGeSiSiGeGeSiGeSiSiGeGeSiGeGeGeGeGeGeGeGeSiGeGeGeSiGeSiSiGeGeGeGeGeGeGeGeGeGeGeGeGeSiSiGeGeGeSiSiGeGeSiSiGeGeGe
    22948.3476562500 GeGeSiSiGeGeSiSiGeGeSiGeSiSiGeGeSiGeGeGeGeGeGeGeGeSiGeGeGeSiGeSiSiGeGeGeGeGeGeGeGeGeGeGeGeGeSiSiGeGeGeSiSiGeGeSiSiGeGeGe
    22948.3476562500 GeGeSiSiGeGeSiSiGeGeSiGeSiSiGeGeSiGeGeGeGeGeGeGeGeSiGeGeGeSiGeSiSiGeGeGeGeGeGeGeGeGeGeGeGeGeSiSiGeGeGeSiSiGeGeSiSiGeGeGe
    22948.3476562500 GeGeSiSiGeGeSiSiGeGeSiGeSiSiGeGeSiGeGeGeGeGeGeGeGeSiGeGeGeSiGeSiSiGeGeGeGeGeGeGeGeGeGeGeGeGeSiSiGeGeGeSiSiGeGeSiSiGeGeGe
    22948.3476562500 GeGeSiSiGeGeSiSiGeGeSiGeSiSiGeGeSiGeGeGeGeGeGeGeGeSiGeGeGeSiGeSiSiGeGeGeGeGeGeGeGeGeGeGeGeGeSiSiGeGeGeSiSiGeGeSiSiGeGeGe
    22948.3476562500 GeGeSiSiGeGeSiSiGeGeSiGeSiSiGeGeSiGeGeGeGeGeGeGeGeSiGeGeGeSiGeSiSiGeGeGeGeGeGeGeGeGeGeGeGeGeSiSiGeGeGeSiSiGeGeSiSiGeGeGe
    22948.3476562500 GeGeSiSiGeGeSiSiGeGeSiGeSiSiGeGeSiGeGeGeGeGeGeGeGeSiGeGeGeSiGeSiSiGeGeGeGeGeGeGeGeGeGeGeGeGeSiSiGeGeGeSiSiGeGeSiSiGeGeGe
    22948.3476562500 GeGeSiSiGeGeSiSiGeGeSiGeSiSiGeGeSiGeGeGeGeGeGeGeGeSiGeGeGeSiGeSiSiGeGeGeGeGeGeGeGeGeGeGeGeGeSiSiGeGeGeSiSiGeGeSiSiGeGeGe
    22948.3476562500 GeGeSiSiGeGeSiSiGeGeSiGeSiSiGeGeSiGeGeGeGeGeGeGeGeSiGeGeGeSiGeSiSiGeGeGeGeGeGeGeGeGeGeGeGeGeSiSiGeGeGeSiSiGeGeSiSiGeGeGe
    22948.3476562500 GeGeSiSiGeGeSiSiGeGeSiGeSiSiGeGeSiGeGeGeGeGeGeGeGeSiGeGeGeSiGeSiSiGeGeGeGeGeGeGeGeGeGeGeGeGeSiSiGeGeGeSiSiGeGeSiSiGeGeGe
    22948.3476562500 GeGeSiSiGeGeSiSiGeGeSiGeSiSiGeGeSiGeGeGeGeGeGeGeGeSiGeGeGeSiGeSiSiGeGeGeGeGeGeGeGeGeGeGeGeGeSiSiGeGeGeSiSiGeGeSiSiGeGeGe
    22948.3476562500 GeGeSiSiGeGeSiSiGeGeSiGeSiSiGeGeSiGeGeGeGeGeGeGeGeSiGeGeGeSiGeSiSiGeGeGeGeGeGeGeGeGeGeGeGeGeSiSiGeGeGeSiSiGeGeSiSiGeGeGe
    22948.3476562500 GeGeSiSiGeGeSiSiGeGeSiGeSiSiGeGeSiGeGeGeGeGeGeGeGeSiGeGeGeSiGeSiSiGeGeGeGeGeGeGeGeGeGeGeGeGeSiSiGeGeGeSiSiGeGeSiSiGeGeGe
    22948.3476562500 GeGeSiSiGeGeSiSiGeGeSiGeSiSiGeGeSiGeGeGeGeGeGeGeGeSiGeGeGeSiGeSiSiGeGeGeGeGeGeGeGeGeGeGeGeGeSiSiGeGeGeSiSiGeGeSiSiGeGeGe
    22948.3476562500 GeGeSiSiGeGeSiSiGeGeSiGeSiSiGeGeSiGeGeGeGeGeGeGeGeSiGeGeGeSiGeSiSiGeGeGeGeGeGeGeGeGeGeGeGeGeSiSiGeGeGeSiSiGeGeSiSiGeGeGe
    22948.3476562500 GeGeSiSiGeGeSiSiGeGeSiGeSiSiGeGeSiGeGeGeGeGeGeGeGeSiGeGeGeSiGeSiSiGeGeGeGeGeGeGeGeGeGeGeGeGeSiSiGeGeGeSiSiGeGeSiSiGeGeGe
    22948.3476562500 GeGeSiSiGeGeSiSiGeGeSiGeSiSiGeGeSiGeGeGeGeGeGeGeGeSiGeGeGeSiGeSiSiGeGeGeGeGeGeGeGeGeGeGeGeGeSiSiGeGeGeSiSiGeGeSiSiGeGeGe
    22948.3476562500 GeGeSiSiGeGeSiSiGeGeSiGeSiSiGeGeSiGeGeGeGeGeGeGeGeSiGeGeGeSiGeSiSiGeGeGeGeGeGeGeGeGeGeGeGeGeSiSiGeGeGeSiSiGeGeSiSiGeGeGe
    22948.3476562500 GeGeSiSiGeGeSiSiGeGeSiGeSiSiGeGeSiGeGeGeGeGeGeGeGeSiGeGeGeSiGeSiSiGeGeGeGeGeGeGeGeGeGeGeGeGeSiSiGeGeGeSiSiGeGeSiSiGeGeGe
    22948.3476562500 GeGeSiSiGeGeSiSiGeGeSiGeSiSiGeGeSiGeGeGeGeGeGeGeGeSiGeGeGeSiGeSiSiGeGeGeGeGeGeGeGeGeGeGeGeGeSiSiGeGeGeSiSiGeGeSiSiGeGeGe
    22948.3476562500 GeGeSiSiGeGeSiSiGeGeSiGeSiSiGeGeSiGeGeGeGeGeGeGeGeSiGeGeGeSiGeSiSiGeGeGeGeGeGeGeGeGeGeGeGeGeSiSiGeGeGeSiSiGeGeSiSiGeGeGe
    22948.3476562500 GeGeSiSiGeGeSiSiGeGeSiGeSiSiGeGeSiGeGeGeGeGeGeGeGeSiGeGeGeSiGeSiSiGeGeGeGeGeGeGeGeGeGeGeGeGeSiSiGeGeGeSiSiGeGeSiSiGeGeGe
    22948.3476562500 GeGeSiSiGeGeSiSiGeGeSiGeSiSiGeGeSiGeGeGeGeGeGeGeGeSiGeGeGeSiGeSiSiGeGeGeGeGeGeGeGeGeGeGeGeGeSiSiGeGeGeSiSiGeGeSiSiGeGeGe
    22948.3476562500 GeGeSiSiGeGeSiSiGeGeSiGeSiSiGeGeSiGeGeGeGeGeGeGeGeSiGeGeGeSiGeSiSiGeGeGeGeGeGeGeGeGeGeGeGeGeSiSiGeGeGeSiSiGeGeSiSiGeGeGe
    22948.3476562500 GeGeSiSiGeGeSiSiGeGeSiGeSiSiGeGeSiGeGeGeGeGeGeGeGeSiGeGeGeSiGeSiSiGeGeGeGeGeGeGeGeGeGeGeGeGeSiSiGeGeGeSiSiGeGeSiSiGeGeGe
    22948.3476562500 GeGeSiSiGeGeSiSiGeGeSiGeSiSiGeGeSiGeGeGeGeGeGeGeGeSiGeGeGeSiGeSiSiGeGeGeGeGeGeGeGeGeGeGeGeGeSiSiGeGeGeSiSiGeGeSiSiGeGeGe
    22948.3476562500 GeGeSiSiGeGeSiSiGeGeSiGeSiSiGeGeSiGeGeGeGeGeGeGeGeSiGeGeGeSiGeSiSiGeGeGeGeGeGeGeGeGeGeGeGeGeSiSiGeGeGeSiSiGeGeSiSiGeGeGe
    22948.3476562500 GeGeSiSiGeGeSiSiGeGeSiGeSiSiGeGeSiGeGeGeGeGeGeGeGeSiGeGeGeSiGeSiSiGeGeGeGeGeGeGeGeGeGeGeGeGeSiSiGeGeGeSiSiGeGeSiSiGeGeGe
    22948.3476562500 GeGeSiSiGeGeSiSiGeGeSiGeSiSiGeGeSiGeGeGeGeGeGeGeGeSiGeGeGeSiGeSiSiGeGeGeGeGeGeGeGeGeGeGeGeGeSiSiGeGeGeSiSiGeGeSiSiGeGeGe
    22948.3476562500 GeGeSiSiGeGeSiSiGeGeSiGeSiSiGeGeSiGeGeGeGeGeGeGeGeSiGeGeGeSiGeSiSiGeGeGeGeGeGeGeGeGeGeGeGeGeSiSiGeGeGeSiSiGeGeSiSiGeGeGe
    22948.3476562500 GeGeSiSiGeGeSiSiGeGeSiGeSiSiGeGeSiGeGeGeGeGeGeGeGeSiGeGeGeSiGeSiSiGeGeGeGeGeGeGeGeGeGeGeGeGeSiSiGeGeGeSiSiGeGeSiSiGeGeGe
    22948.3476562500 GeGeSiSiGeGeSiSiGeGeSiGeSiSiGeGeSiGeGeGeGeGeGeGeGeSiGeGeGeSiGeSiSiGeGeGeGeGeGeGeGeGeGeGeGeGeSiSiGeGeGeSiSiGeGeSiSiGeGeGe
    22948.3476562500 GeGeSiSiGeGeSiSiGeGeSiGeSiSiGeGeSiGeGeGeGeGeGeGeGeSiGeGeGeSiGeSiSiGeGeGeGeGeGeGeGeGeGeGeGeGeSiSiGeGeGeSiSiGeGeSiSiGeGeGe
    22948.3476562500 GeGeSiSiGeGeSiSiGeGeSiGeSiSiGeGeSiGeGeGeGeGeGeGeGeSiGeGeGeSiGeSiSiGeGeGeGeGeGeGeGeGeGeGeGeGeSiSiGeGeGeSiSiGeGeSiSiGeGeGe
    22948.3476562500 GeGeSiSiGeGeSiSiGeGeSiGeSiSiGeGeSiGeGeGeGeGeGeGeGeSiGeGeGeSiGeSiSiGeGeGeGeGeGeGeGeGeGeGeGeGeSiSiGeGeGeSiSiGeGeSiSiGeGeGe
    22948.3476562500 GeGeSiSiGeGeSiSiGeGeSiGeSiSiGeGeSiGeGeGeGeGeGeGeGeSiGeGeGeSiGeSiSiGeGeGeGeGeGeGeGeGeGeGeGeGeSiSiGeGeGeSiSiGeGeSiSiGeGeGe
    22948.3476562500 GeGeSiSiGeGeSiSiGeGeSiGeSiSiGeGeSiGeGeGeGeGeGeGeGeSiGeGeGeSiGeSiSiGeGeGeGeGeGeGeGeGeGeGeGeGeSiSiGeGeGeSiSiGeGeSiSiGeGeGe
    22948.3476562500 GeGeSiSiGeGeSiSiGeGeSiGeSiSiGeGeSiGeGeGeGeGeGeGeGeSiGeGeGeSiGeSiSiGeGeGeGeGeGeGeGeGeGeGeGeGeSiSiGeGeGeSiSiGeGeSiSiGeGeGe
    22948.3476562500 GeGeSiSiGeGeSiSiGeGeSiGeSiSiGeGeSiGeGeGeGeGeGeGeGeSiGeGeGeSiGeSiSiGeGeGeGeGeGeGeGeGeGeGeGeGeSiSiGeGeGeSiSiGeGeSiSiGeGeGe
    22948.3476562500 GeGeSiSiGeGeSiSiGeGeSiGeSiSiGeGeSiGeGeGeGeGeGeGeGeSiGeGeGeSiGeSiSiGeGeGeGeGeGeGeGeGeGeGeGeGeSiSiGeGeGeSiSiGeGeSiSiGeGeGe
    22948.3476562500 GeGeSiSiGeGeSiSiGeGeSiGeSiSiGeGeSiGeGeGeGeGeGeGeGeSiGeGeGeSiGeSiSiGeGeGeGeGeGeGeGeGeGeGeGeGeSiSiGeGeGeSiSiGeGeSiSiGeGeGe
    22948.3476562500 GeGeSiSiGeGeSiSiGeGeSiGeSiSiGeGeSiGeGeGeGeGeGeGeGeSiGeGeGeSiGeSiSiGeGeGeGeGeGeGeGeGeGeGeGeGeSiSiGeGeGeSiSiGeGeSiSiGeGeGe
    22948.3476562500 GeGeSiSiGeGeSiSiGeGeSiGeSiSiGeGeSiGeGeGeGeGeGeGeGeSiGeGeGeSiGeSiSiGeGeGeGeGeGeGeGeGeGeGeGeGeSiSiGeGeGeSiSiGeGeSiSiGeGeGe
    22948.3476562500 GeGeSiSiGeGeSiSiGeGeSiGeSiSiGeGeSiGeGeGeGeGeGeGeGeSiGeGeGeSiGeSiSiGeGeGeGeGeGeGeGeGeGeGeGeGeSiSiGeGeGeSiSiGeGeSiSiGeGeGe
    22948.3476562500 GeGeSiSiGeGeSiSiGeGeSiGeSiSiGeGeSiGeGeGeGeGeGeGeGeSiGeGeGeSiGeSiSiGeGeGeGeGeGeGeGeGeGeGeGeGeSiSiGeGeGeSiSiGeGeSiSiGeGeGe
    22948.3476562500 GeGeSiSiGeGeSiSiGeGeSiGeSiSiGeGeSiGeGeGeGeGeGeGeGeSiGeGeGeSiGeSiSiGeGeGeGeGeGeGeGeGeGeGeGeGeSiSiGeGeGeSiSiGeGeSiSiGeGeGe
    22948.3476562500 GeGeSiSiGeGeSiSiGeGeSiGeSiSiGeGeSiGeGeGeGeGeGeGeGeSiGeGeGeSiGeSiSiGeGeGeGeGeGeGeGeGeGeGeGeGeSiSiGeGeGeSiSiGeGeSiSiGeGeGe
    22948.3476562500 GeGeSiSiGeGeSiSiGeGeSiGeSiSiGeGeSiGeGeGeGeGeGeGeGeSiGeGeGeSiGeSiSiGeGeGeGeGeGeGeGeGeGeGeGeGeSiSiGeGeGeSiSiGeGeSiSiGeGeGe
    22948.3476562500 GeGeSiSiGeGeSiSiGeGeSiGeSiSiGeGeSiGeGeGeGeGeGeGeGeSiGeGeGeSiGeSiSiGeGeGeGeGeGeGeGeGeGeGeGeGeSiSiGeGeGeSiSiGeGeSiSiGeGeGe
    22948.3476562500 GeGeSiSiGeGeSiSiGeGeSiGeSiSiGeGeSiGeGeGeGeGeGeGeGeSiGeGeGeSiGeSiSiGeGeGeGeGeGeGeGeGeGeGeGeGeSiSiGeGeGeSiSiGeGeSiSiGeGeGe
    22948.3476562500 GeGeSiSiGeGeSiSiGeGeSiGeSiSiGeGeSiGeGeGeGeGeGeGeGeSiGeGeGeSiGeSiSiGeGeGeGeGeGeGeGeGeGeGeGeGeSiSiGeGeGeSiSiGeGeSiSiGeGeGe
    22948.3476562500 GeGeSiSiGeGeSiSiGeGeSiGeSiSiGeGeSiGeGeGeGeGeGeGeGeSiGeGeGeSiGeSiSiGeGeGeGeGeGeGeGeGeGeGeGeGeSiSiGeGeGeSiSiGeGeSiSiGeGeGe
    22948.3476562500 GeGeSiSiGeGeSiSiGeGeSiGeSiSiGeGeSiGeGeGeGeGeGeGeGeSiGeGeGeSiGeSiSiGeGeGeGeGeGeGeGeGeGeGeGeGeSiSiGeGeGeSiSiGeGeSiSiGeGeGe
    22948.3476562500 GeGeSiSiGeGeSiSiGeGeSiGeSiSiGeGeSiGeGeGeGeGeGeGeGeSiGeGeGeSiGeSiSiGeGeGeGeGeGeGeGeGeGeGeGeGeSiSiGeGeGeSiSiGeGeSiSiGeGeGe
    22948.3476562500 GeGeSiSiGeGeSiSiGeGeSiGeSiSiGeGeSiGeGeGeGeGeGeGeGeSiGeGeGeSiGeSiSiGeGeGeGeGeGeGeGeGeGeGeGeGeSiSiGeGeGeSiSiGeGeSiSiGeGeGe
    22948.3476562500 GeGeSiSiGeGeSiSiGeGeSiGeSiSiGeGeSiGeGeGeGeGeGeGeGeSiGeGeGeSiGeSiSiGeGeGeGeGeGeGeGeGeGeGeGeGeSiSiGeGeGeSiSiGeGeSiSiGeGeGe
    22948.3476562500 GeGeSiSiGeGeSiSiGeGeSiGeSiSiGeGeSiGeGeGeGeGeGeGeGeSiGeGeGeSiGeSiSiGeGeGeGeGeGeGeGeGeGeGeGeGeSiSiGeGeGeSiSiGeGeSiSiGeGeGe
    22948.3476562500 GeGeSiSiGeGeSiSiGeGeSiGeSiSiGeGeSiGeGeGeGeGeGeGeGeSiGeGeGeSiGeSiSiGeGeGeGeGeGeGeGeGeGeGeGeGeSiSiGeGeGeSiSiGeGeSiSiGeGeGe
    22948.3476562500 GeGeSiSiGeGeSiSiGeGeSiGeSiSiGeGeSiGeGeGeGeGeGeGeGeSiGeGeGeSiGeSiSiGeGeGeGeGeGeGeGeGeGeGeGeGeSiSiGeGeGeSiSiGeGeSiSiGeGeGe
    22948.3476562500 GeGeSiSiGeGeSiSiGeGeSiGeSiSiGeGeSiGeGeGeGeGeGeGeGeSiGeGeGeSiGeSiSiGeGeGeGeGeGeGeGeGeGeGeGeGeSiSiGeGeGeSiSiGeGeSiSiGeGeGe
    22948.3476562500 GeGeSiSiGeGeSiSiGeGeSiGeSiSiGeGeSiGeGeGeGeGeGeGeGeSiGeGeGeSiGeSiSiGeGeGeGeGeGeGeGeGeGeGeGeGeSiSiGeGeGeSiSiGeGeSiSiGeGeGe
    22948.3476562500 GeGeSiSiGeGeSiSiGeGeSiGeSiSiGeGeSiGeGeGeGeGeGeGeGeSiGeGeGeSiGeSiSiGeGeGeGeGeGeGeGeGeGeGeGeGeSiSiGeGeGeSiSiGeGeSiSiGeGeGe
    22948.3476562500 GeGeSiSiGeGeSiSiGeGeSiGeSiSiGeGeSiGeGeGeGeGeGeGeGeSiGeGeGeSiGeSiSiGeGeGeGeGeGeGeGeGeGeGeGeGeSiSiGeGeGeSiSiGeGeSiSiGeGeGe
    22948.3476562500 GeGeSiSiGeGeSiSiGeGeSiGeSiSiGeGeSiGeGeGeGeGeGeGeGeSiGeGeGeSiGeSiSiGeGeGeGeGeGeGeGeGeGeGeGeGeSiSiGeGeGeSiSiGeGeSiSiGeGeGe
    22948.3476562500 GeGeSiSiGeGeSiSiGeGeSiGeSiSiGeGeSiGeGeGeGeGeGeGeGeSiGeGeGeSiGeSiSiGeGeGeGeGeGeGeGeGeGeGeGeGeSiSiGeGeGeSiSiGeGeSiSiGeGeGe
    22948.3476562500 GeGeSiSiGeGeSiSiGeGeSiGeSiSiGeGeSiGeGeGeGeGeGeGeGeSiGeGeGeSiGeSiSiGeGeGeGeGeGeGeGeGeGeGeGeGeSiSiGeGeGeSiSiGeGeSiSiGeGeGe
    22948.3476562500 GeGeSiSiGeGeSiSiGeGeSiGeSiSiGeGeSiGeGeGeGeGeGeGeGeSiGeGeGeSiGeSiSiGeGeGeGeGeGeGeGeGeGeGeGeGeSiSiGeGeGeSiSiGeGeSiSiGeGeGe
    22948.3476562500 GeGeSiSiGeGeSiSiGeGeSiGeSiSiGeGeSiGeGeGeGeGeGeGeGeSiGeGeGeSiGeSiSiGeGeGeGeGeGeGeGeGeGeGeGeGeSiSiGeGeGeSiSiGeGeSiSiGeGeGe
    22948.3476562500 GeGeSiSiGeGeSiSiGeGeSiGeSiSiGeGeSiGeGeGeGeGeGeGeGeSiGeGeGeSiGeSiSiGeGeGeGeGeGeGeGeGeGeGeGeGeSiSiGeGeGeSiSiGeGeSiSiGeGeGe
    22948.3476562500 GeGeSiSiGeGeSiSiGeGeSiGeSiSiGeGeSiGeGeGeGeGeGeGeGeSiGeGeGeSiGeSiSiGeGeGeGeGeGeGeGeGeGeGeGeGeSiSiGeGeGeSiSiGeGeSiSiGeGeGe
    22948.3476562500 GeGeSiSiGeGeSiSiGeGeSiGeSiSiGeGeSiGeGeGeGeGeGeGeGeSiGeGeGeSiGeSiSiGeGeGeGeGeGeGeGeGeGeGeGeGeSiSiGeGeGeSiSiGeGeSiSiGeGeGe
    22948.3476562500 GeGeSiSiGeGeSiSiGeGeSiGeSiSiGeGeSiGeGeGeGeGeGeGeGeSiGeGeGeSiGeSiSiGeGeGeGeGeGeGeGeGeGeGeGeGeSiSiGeGeGeSiSiGeGeSiSiGeGeGe
    22948.3476562500 GeGeSiSiGeGeSiSiGeGeSiGeSiSiGeGeSiGeGeGeGeGeGeGeGeSiGeGeGeSiGeSiSiGeGeGeGeGeGeGeGeGeGeGeGeGeSiSiGeGeGeSiSiGeGeSiSiGeGeGe
    22948.3476562500 GeGeSiSiGeGeSiSiGeGeSiGeSiSiGeGeSiGeGeGeGeGeGeGeGeSiGeGeGeSiGeSiSiGeGeGeGeGeGeGeGeGeGeGeGeGeSiSiGeGeGeSiSiGeGeSiSiGeGeGe
    22948.3476562500 GeGeSiSiGeGeSiSiGeGeSiGeSiSiGeGeSiGeGeGeGeGeGeGeGeSiGeGeGeSiGeSiSiGeGeGeGeGeGeGeGeGeGeGeGeGeSiSiGeGeGeSiSiGeGeSiSiGeGeGe
    22948.3476562500 GeGeSiSiGeGeSiSiGeGeSiGeSiSiGeGeSiGeGeGeGeGeGeGeGeSiGeGeGeSiGeSiSiGeGeGeGeGeGeGeGeGeGeGeGeGeSiSiGeGeGeSiSiGeGeSiSiGeGeGe
    22948.3476562500 GeGeSiSiGeGeSiSiGeGeSiGeSiSiGeGeSiGeGeGeGeGeGeGeGeSiGeGeGeSiGeSiSiGeGeGeGeGeGeGeGeGeGeGeGeGeSiSiGeGeGeSiSiGeGeSiSiGeGeGe
    22948.3476562500 GeGeSiSiGeGeSiSiGeGeSiGeSiSiGeGeSiGeGeGeGeGeGeGeGeSiGeGeGeSiGeSiSiGeGeGeGeGeGeGeGeGeGeGeGeGeSiSiGeGeGeSiSiGeGeSiSiGeGeGe
    22948.3476562500 GeGeSiSiGeGeSiSiGeGeSiGeSiSiGeGeSiGeGeGeGeGeGeGeGeSiGeGeGeSiGeSiSiGeGeGeGeGeGeGeGeGeGeGeGeGeSiSiGeGeGeSiSiGeGeSiSiGeGeGe
    22948.3476562500 GeGeSiSiGeGeSiSiGeGeSiGeSiSiGeGeSiGeGeGeGeGeGeGeGeSiGeGeGeSiGeSiSiGeGeGeGeGeGeGeGeGeGeGeGeGeSiSiGeGeGeSiSiGeGeSiSiGeGeGe
    22948.3476562500 GeGeSiSiGeGeSiSiGeGeSiGeSiSiGeGeSiGeGeGeGeGeGeGeGeSiGeGeGeSiGeSiSiGeGeGeGeGeGeGeGeGeGeGeGeGeSiSiGeGeGeSiSiGeGeSiSiGeGeGe
    22948.3476562500 GeGeSiSiGeGeSiSiGeGeSiGeSiSiGeGeSiGeGeGeGeGeGeGeGeSiGeGeGeSiGeSiSiGeGeGeGeGeGeGeGeGeGeGeGeGeSiSiGeGeGeSiSiGeGeSiSiGeGeGe
    22948.3476562500 GeGeSiSiGeGeSiSiGeGeSiGeSiSiGeGeSiGeGeGeGeGeGeGeGeSiGeGeGeSiGeSiSiGeGeGeGeGeGeGeGeGeGeGeGeGeSiSiGeGeGeSiSiGeGeSiSiGeGeGe
    22948.3476562500 GeGeSiSiGeGeSiSiGeGeSiGeSiSiGeGeSiGeGeGeGeGeGeGeGeSiGeGeGeSiGeSiSiGeGeGeGeGeGeGeGeGeGeGeGeGeSiSiGeGeGeSiSiGeGeSiSiGeGeGe
    22948.3476562500 GeGeSiSiGeGeSiSiGeGeSiGeSiSiGeGeSiGeGeGeGeGeGeGeGeSiGeGeGeSiGeSiSiGeGeGeGeGeGeGeGeGeGeGeGeGeSiSiGeGeGeSiSiGeGeSiSiGeGeGe
    22948.3476562500 GeGeSiSiGeGeSiSiGeGeSiGeSiSiGeGeSiGeGeGeGeGeGeGeGeSiGeGeGeSiGeSiSiGeGeGeGeGeGeGeGeGeGeGeGeGeSiSiGeGeGeSiSiGeGeSiSiGeGeGe
    22948.3476562500 GeGeSiSiGeGeSiSiGeGeSiGeSiSiGeGeSiGeGeGeGeGeGeGeGeSiGeGeGeSiGeSiSiGeGeGeGeGeGeGeGeGeGeGeGeGeSiSiGeGeGeSiSiGeGeSiSiGeGeGe
    22948.3476562500 GeGeSiSiGeGeSiSiGeGeSiGeSiSiGeGeSiGeGeGeGeGeGeGeGeSiGeGeGeSiGeSiSiGeGeGeGeGeGeGeGeGeGeGeGeGeSiSiGeGeGeSiSiGeGeSiSiGeGeGe
    22948.3476562500 GeGeSiSiGeGeSiSiGeGeSiGeSiSiGeGeSiGeGeGeGeGeGeGeGeSiGeGeGeSiGeSiSiGeGeGeGeGeGeGeGeGeGeGeGeGeSiSiGeGeGeSiSiGeGeSiSiGeGeGe
    22948.3476562500 GeGeSiSiGeGeSiSiGeGeSiGeSiSiGeGeSiGeGeGeGeGeGeGeGeSiGeGeGeSiGeSiSiGeGeGeGeGeGeGeGeGeGeGeGeGeSiSiGeGeGeSiSiGeGeSiSiGeGeGe
    22948.3476562500 GeGeSiSiGeGeSiSiGeGeSiGeSiSiGeGeSiGeGeGeGeGeGeGeGeSiGeGeGeSiGeSiSiGeGeGeGeGeGeGeGeGeGeGeGeGeSiSiGeGeGeSiSiGeGeSiSiGeGeGe
    22948.3476562500 GeGeSiSiGeGeSiSiGeGeSiGeSiSiGeGeSiGeGeGeGeGeGeGeGeSiGeGeGeSiGeSiSiGeGeGeGeGeGeGeGeGeGeGeGeGeSiSiGeGeGeSiSiGeGeSiSiGeGeGe
    22948.3476562500 GeGeSiSiGeGeSiSiGeGeSiGeSiSiGeGeSiGeGeGeGeGeGeGeGeSiGeGeGeSiGeSiSiGeGeGeGeGeGeGeGeGeGeGeGeGeSiSiGeGeGeSiSiGeGeSiSiGeGeGe
    22948.3476562500 GeGeSiSiGeGeSiSiGeGeSiGeSiSiGeGeSiGeGeGeGeGeGeGeGeSiGeGeGeSiGeSiSiGeGeGeGeGeGeGeGeGeGeGeGeGeSiSiGeGeGeSiSiGeGeSiSiGeGeGe
    22948.3476562500 GeGeSiSiGeGeSiSiGeGeSiGeSiSiGeGeSiGeGeGeGeGeGeGeGeSiGeGeGeSiGeSiSiGeGeGeGeGeGeGeGeGeGeGeGeGeSiSiGeGeGeSiSiGeGeSiSiGeGeGe
    22948.3476562500 GeGeSiSiGeGeSiSiGeGeSiGeSiSiGeGeSiGeGeGeGeGeGeGeGeSiGeGeGeSiGeSiSiGeGeGeGeGeGeGeGeGeGeGeGeGeSiSiGeGeGeSiSiGeGeSiSiGeGeGe
    22948.3476562500 GeGeSiSiGeGeSiSiGeGeSiGeSiSiGeGeSiGeGeGeGeGeGeGeGeSiGeGeGeSiGeSiSiGeGeGeGeGeGeGeGeGeGeGeGeGeSiSiGeGeGeSiSiGeGeSiSiGeGeGe
    22948.3476562500 GeGeSiSiGeGeSiSiGeGeSiGeSiSiGeGeSiGeGeGeGeGeGeGeGeSiGeGeGeSiGeSiSiGeGeGeGeGeGeGeGeGeGeGeGeGeSiSiGeGeGeSiSiGeGeSiSiGeGeGe
    22948.3476562500 GeGeSiSiGeGeSiSiGeGeSiGeSiSiGeGeSiGeGeGeGeGeGeGeGeSiGeGeGeSiGeSiSiGeGeGeGeGeGeGeGeGeGeGeGeGeSiSiGeGeGeSiSiGeGeSiSiGeGeGe
    22948.3476562500 GeGeSiSiGeGeSiSiGeGeSiGeSiSiGeGeSiGeGeGeGeGeGeGeGeSiGeGeGeSiGeSiSiGeGeGeGeGeGeGeGeGeGeGeGeGeSiSiGeGeGeSiSiGeGeSiSiGeGeGe
    22948.3476562500 GeGeSiSiGeGeSiSiGeGeSiGeSiSiGeGeSiGeGeGeGeGeGeGeGeSiGeGeGeSiGeSiSiGeGeGeGeGeGeGeGeGeGeGeGeGeSiSiGeGeGeSiSiGeGeSiSiGeGeGe
    22948.3476562500 GeGeSiSiGeGeSiSiGeGeSiGeSiSiGeGeSiGeGeGeGeGeGeGeGeSiGeGeGeSiGeSiSiGeGeGeGeGeGeGeGeGeGeGeGeGeSiSiGeGeGeSiSiGeGeSiSiGeGeGe
    22948.3476562500 GeGeSiSiGeGeSiSiGeGeSiGeSiSiGeGeSiGeGeGeGeGeGeGeGeSiGeGeGeSiGeSiSiGeGeGeGeGeGeGeGeGeGeGeGeGeSiSiGeGeGeSiSiGeGeSiSiGeGeGe
    22948.3476562500 GeGeSiSiGeGeSiSiGeGeSiGeSiSiGeGeSiGeGeGeGeGeGeGeGeSiGeGeGeSiGeSiSiGeGeGeGeGeGeGeGeGeGeGeGeGeSiSiGeGeGeSiSiGeGeSiSiGeGeGe
    22948.3476562500 GeGeSiSiGeGeSiSiGeGeSiGeSiSiGeGeSiGeGeGeGeGeGeGeGeSiGeGeGeSiGeSiSiGeGeGeGeGeGeGeGeGeGeGeGeGeSiSiGeGeGeSiSiGeGeSiSiGeGeGe
    22948.3476562500 GeGeSiSiGeGeSiSiGeGeSiGeSiSiGeGeSiGeGeGeGeGeGeGeGeSiGeGeGeSiGeSiSiGeGeGeGeGeGeGeGeGeGeGeGeGeSiSiGeGeGeSiSiGeGeSiSiGeGeGe
    22948.3476562500 GeGeSiSiGeGeSiSiGeGeSiGeSiSiGeGeSiGeGeGeGeGeGeGeGeSiGeGeGeSiGeSiSiGeGeGeGeGeGeGeGeGeGeGeGeGeSiSiGeGeGeSiSiGeGeSiSiGeGeGe
    22948.3476562500 GeGeSiSiGeGeSiSiGeGeSiGeSiSiGeGeSiGeGeGeGeGeGeGeGeSiGeGeGeSiGeSiSiGeGeGeGeGeGeGeGeGeGeGeGeGeSiSiGeGeGeSiSiGeGeSiSiGeGeGe
    22948.3476562500 GeGeSiSiGeGeSiSiGeGeSiGeSiSiGeGeSiGeGeGeGeGeGeGeGeSiGeGeGeSiGeSiSiGeGeGeGeGeGeGeGeGeGeGeGeGeSiSiGeGeGeSiSiGeGeSiSiGeGeGe
    22948.3476562500 GeGeSiSiGeGeSiSiGeGeSiGeSiSiGeGeSiGeGeGeGeGeGeGeGeSiGeGeGeSiGeSiSiGeGeGeGeGeGeGeGeGeGeGeGeGeSiSiGeGeGeSiSiGeGeSiSiGeGeGe
    22948.3476562500 GeGeSiSiGeGeSiSiGeGeSiGeSiSiGeGeSiGeGeGeGeGeGeGeGeSiGeGeGeSiGeSiSiGeGeGeGeGeGeGeGeGeGeGeGeGeSiSiGeGeGeSiSiGeGeSiSiGeGeGe
    22948.3476562500 GeGeSiSiGeGeSiSiGeGeSiGeSiSiGeGeSiGeGeGeGeGeGeGeGeSiGeGeGeSiGeSiSiGeGeGeGeGeGeGeGeGeGeGeGeGeSiSiGeGeGeSiSiGeGeSiSiGeGeGe
    22948.3476562500 GeGeSiSiGeGeSiSiGeGeSiGeSiSiGeGeSiGeGeGeGeGeGeGeGeSiGeGeGeSiGeSiSiGeGeGeGeGeGeGeGeGeGeGeGeGeSiSiGeGeGeSiSiGeGeSiSiGeGeGe
    22948.3476562500 GeGeSiSiGeGeSiSiGeGeSiGeSiSiGeGeSiGeGeGeGeGeGeGeGeSiGeGeGeSiGeSiSiGeGeGeGeGeGeGeGeGeGeGeGeGeSiSiGeGeGeSiSiGeGeSiSiGeGeGe
    22948.3476562500 GeGeSiSiGeGeSiSiGeGeSiGeSiSiGeGeSiGeGeGeGeGeGeGeGeSiGeGeGeSiGeSiSiGeGeGeGeGeGeGeGeGeGeGeGeGeSiSiGeGeGeSiSiGeGeSiSiGeGeGe
    22948.3476562500 GeGeSiSiGeGeSiSiGeGeSiGeSiSiGeGeSiGeGeGeGeGeGeGeGeSiGeGeGeSiGeSiSiGeGeGeGeGeGeGeGeGeGeGeGeGeSiSiGeGeGeSiSiGeGeSiSiGeGeGe
    22948.3476562500 GeGeSiSiGeGeSiSiGeGeSiGeSiSiGeGeSiGeGeGeGeGeGeGeGeSiGeGeGeSiGeSiSiGeGeGeGeGeGeGeGeGeGeGeGeGeSiSiGeGeGeSiSiGeGeSiSiGeGeGe
    22948.3476562500 GeGeSiSiGeGeSiSiGeGeSiGeSiSiGeGeSiGeGeGeGeGeGeGeGeSiGeGeGeSiGeSiSiGeGeGeGeGeGeGeGeGeGeGeGeGeSiSiGeGeGeSiSiGeGeSiSiGeGeGe
    22948.3476562500 GeGeSiSiGeGeSiSiGeGeSiGeSiSiGeGeSiGeGeGeGeGeGeGeGeSiGeGeGeSiGeSiSiGeGeGeGeGeGeGeGeGeGeGeGeGeSiSiGeGeGeSiSiGeGeSiSiGeGeGe
    22948.3476562500 GeGeSiSiGeGeSiSiGeGeSiGeSiSiGeGeSiGeGeGeGeGeGeGeGeSiGeGeGeSiGeSiSiGeGeGeGeGeGeGeGeGeGeGeGeGeSiSiGeGeGeSiSiGeGeSiSiGeGeGe
    22948.3476562500 GeGeSiSiGeGeSiSiGeGeSiGeSiSiGeGeSiGeGeGeGeGeGeGeGeSiGeGeGeSiGeSiSiGeGeGeGeGeGeGeGeGeGeGeGeGeSiSiGeGeGeSiSiGeGeSiSiGeGeGe
    22948.3476562500 GeGeSiSiGeGeSiSiGeGeSiGeSiSiGeGeSiGeGeGeGeGeGeGeGeSiGeGeGeSiGeSiSiGeGeGeGeGeGeGeGeGeGeGeGeGeSiSiGeGeGeSiSiGeGeSiSiGeGeGe
    22948.3476562500 GeGeSiSiGeGeSiSiGeGeSiGeSiSiGeGeSiGeGeGeGeGeGeGeGeSiGeGeGeSiGeSiSiGeGeGeGeGeGeGeGeGeGeGeGeGeSiSiGeGeGeSiSiGeGeSiSiGeGeGe
    22948.3476562500 GeGeSiSiGeGeSiSiGeGeSiGeSiSiGeGeSiGeGeGeGeGeGeGeGeSiGeGeGeSiGeSiSiGeGeGeGeGeGeGeGeGeGeGeGeGeSiSiGeGeGeSiSiGeGeSiSiGeGeGe
    22948.3476562500 GeGeSiSiGeGeSiSiGeGeSiGeSiSiGeGeSiGeGeGeGeGeGeGeGeSiGeGeGeSiGeSiSiGeGeGeGeGeGeGeGeGeGeGeGeGeSiSiGeGeGeSiSiGeGeSiSiGeGeGe
    22948.3476562500 GeGeSiSiGeGeSiSiGeGeSiGeSiSiGeGeSiGeGeGeGeGeGeGeGeSiGeGeGeSiGeSiSiGeGeGeGeGeGeGeGeGeGeGeGeGeSiSiGeGeGeSiSiGeGeSiSiGeGeGe
    22948.3476562500 GeGeSiSiGeGeSiSiGeGeSiGeSiSiGeGeSiGeGeGeGeGeGeGeGeSiGeGeGeSiGeSiSiGeGeGeGeGeGeGeGeGeGeGeGeGeSiSiGeGeGeSiSiGeGeSiSiGeGeGe
    22948.3476562500 GeGeSiSiGeGeSiSiGeGeSiGeSiSiGeGeSiGeGeGeGeGeGeGeGeSiGeGeGeSiGeSiSiGeGeGeGeGeGeGeGeGeGeGeGeGeSiSiGeGeGeSiSiGeGeSiSiGeGeGe
    22948.3476562500 GeGeSiSiGeGeSiSiGeGeSiGeSiSiGeGeSiGeGeGeGeGeGeGeGeSiGeGeGeSiGeSiSiGeGeGeGeGeGeGeGeGeGeGeGeGeSiSiGeGeGeSiSiGeGeSiSiGeGeGe
    22948.3476562500 GeGeSiSiGeGeSiSiGeGeSiGeSiSiGeGeSiGeGeGeGeGeGeGeGeSiGeGeGeSiGeSiSiGeGeGeGeGeGeGeGeGeGeGeGeGeSiSiGeGeGeSiSiGeGeSiSiGeGeGe
    22948.3476562500 GeGeSiSiGeGeSiSiGeGeSiGeSiSiGeGeSiGeGeGeGeGeGeGeGeSiGeGeGeSiGeSiSiGeGeGeGeGeGeGeGeGeGeGeGeGeSiSiGeGeGeSiSiGeGeSiSiGeGeGe
    22948.3476562500 GeGeSiSiGeGeSiSiGeGeSiGeSiSiGeGeSiGeGeGeGeGeGeGeGeSiGeGeGeSiGeSiSiGeGeGeGeGeGeGeGeGeGeGeGeGeSiSiGeGeGeSiSiGeGeSiSiGeGeGe
    22948.3476562500 GeGeSiSiGeGeSiSiGeGeSiGeSiSiGeGeSiGeGeGeGeGeGeGeGeSiGeGeGeSiGeSiSiGeGeGeGeGeGeGeGeGeGeGeGeGeSiSiGeGeGeSiSiGeGeSiSiGeGeGe
    22948.3476562500 GeGeSiSiGeGeSiSiGeGeSiGeSiSiGeGeSiGeGeGeGeGeGeGeGeSiGeGeGeSiGeSiSiGeGeGeGeGeGeGeGeGeGeGeGeGeSiSiGeGeGeSiSiGeGeSiSiGeGeGe
    22948.3476562500 GeGeSiSiGeGeSiSiGeGeSiGeSiSiGeGeSiGeGeGeGeGeGeGeGeSiGeGeGeSiGeSiSiGeGeGeGeGeGeGeGeGeGeGeGeGeSiSiGeGeGeSiSiGeGeSiSiGeGeGe
    22948.3476562500 GeGeSiSiGeGeSiSiGeGeSiGeSiSiGeGeSiGeGeGeGeGeGeGeGeSiGeGeGeSiGeSiSiGeGeGeGeGeGeGeGeGeGeGeGeGeSiSiGeGeGeSiSiGeGeSiSiGeGeGe
    22948.3476562500 GeGeSiSiGeGeSiSiGeGeSiGeSiSiGeGeSiGeGeGeGeGeGeGeGeSiGeGeGeSiGeSiSiGeGeGeGeGeGeGeGeGeGeGeGeGeSiSiGeGeGeSiSiGeGeSiSiGeGeGe
    22948.3476562500 GeGeSiSiGeGeSiSiGeGeSiGeSiSiGeGeSiGeGeGeGeGeGeGeGeSiGeGeGeSiGeSiSiGeGeGeGeGeGeGeGeGeGeGeGeGeSiSiGeGeGeSiSiGeGeSiSiGeGeGe
    22948.3476562500 GeGeSiSiGeGeSiSiGeGeSiGeSiSiGeGeSiGeGeGeGeGeGeGeGeSiGeGeGeSiGeSiSiGeGeGeGeGeGeGeGeGeGeGeGeGeSiSiGeGeGeSiSiGeGeSiSiGeGeGe
    22948.3476562500 GeGeSiSiGeGeSiSiGeGeSiGeSiSiGeGeSiGeGeGeGeGeGeGeGeSiGeGeGeSiGeSiSiGeGeGeGeGeGeGeGeGeGeGeGeGeSiSiGeGeGeSiSiGeGeSiSiGeGeGe
    22948.3476562500 GeGeSiSiGeGeSiSiGeGeSiGeSiSiGeGeSiGeGeGeGeGeGeGeGeSiGeGeGeSiGeSiSiGeGeGeGeGeGeGeGeGeGeGeGeGeSiSiGeGeGeSiSiGeGeSiSiGeGeGe
    22948.3476562500 GeGeSiSiGeGeSiSiGeGeSiGeSiSiGeGeSiGeGeGeGeGeGeGeGeSiGeGeGeSiGeSiSiGeGeGeGeGeGeGeGeGeGeGeGeGeSiSiGeGeGeSiSiGeGeSiSiGeGeGe
    22948.3476562500 GeGeSiSiGeGeSiSiGeGeSiGeSiSiGeGeSiGeGeGeGeGeGeGeGeSiGeGeGeSiGeSiSiGeGeGeGeGeGeGeGeGeGeGeGeGeSiSiGeGeGeSiSiGeGeSiSiGeGeGe
    22948.3476562500 GeGeSiSiGeGeSiSiGeGeSiGeSiSiGeGeSiGeGeGeGeGeGeGeGeSiGeGeGeSiGeSiSiGeGeGeGeGeGeGeGeGeGeGeGeGeSiSiGeGeGeSiSiGeGeSiSiGeGeGe
    22948.3476562500 GeGeSiSiGeGeSiSiGeGeSiGeSiSiGeGeSiGeGeGeGeGeGeGeGeSiGeGeGeSiGeSiSiGeGeGeGeGeGeGeGeGeGeGeGeGeSiSiGeGeGeSiSiGeGeSiSiGeGeGe
    22948.3476562500 GeGeSiSiGeGeSiSiGeGeSiGeSiSiGeGeSiGeGeGeGeGeGeGeGeSiGeGeGeSiGeSiSiGeGeGeGeGeGeGeGeGeGeGeGeGeSiSiGeGeGeSiSiGeGeSiSiGeGeGe
    22948.3476562500 GeGeSiSiGeGeSiSiGeGeSiGeSiSiGeGeSiGeGeGeGeGeGeGeGeSiGeGeGeSiGeSiSiGeGeGeGeGeGeGeGeGeGeGeGeGeSiSiGeGeGeSiSiGeGeSiSiGeGeGe
    22948.3476562500 GeGeSiSiGeGeSiSiGeGeSiGeSiSiGeGeSiGeGeGeGeGeGeGeGeSiGeGeGeSiGeSiSiGeGeGeGeGeGeGeGeGeGeGeGeGeSiSiGeGeGeSiSiGeGeSiSiGeGeGe
    22948.3476562500 GeGeSiSiGeGeSiSiGeGeSiGeSiSiGeGeSiGeGeGeGeGeGeGeGeSiGeGeGeSiGeSiSiGeGeGeGeGeGeGeGeGeGeGeGeGeSiSiGeGeGeSiSiGeGeSiSiGeGeGe
    22948.3476562500 GeGeSiSiGeGeSiSiGeGeSiGeSiSiGeGeSiGeGeGeGeGeGeGeGeSiGeGeGeSiGeSiSiGeGeGeGeGeGeGeGeGeGeGeGeGeSiSiGeGeGeSiSiGeGeSiSiGeGeGe
    22948.3476562500 GeGeSiSiGeGeSiSiGeGeSiGeSiSiGeGeSiGeGeGeGeGeGeGeGeSiGeGeGeSiGeSiSiGeGeGeGeGeGeGeGeGeGeGeGeGeSiSiGeGeGeSiSiGeGeSiSiGeGeGe
    22948.3476562500 GeGeSiSiGeGeSiSiGeGeSiGeSiSiGeGeSiGeGeGeGeGeGeGeGeSiGeGeGeSiGeSiSiGeGeGeGeGeGeGeGeGeGeGeGeGeSiSiGeGeGeSiSiGeGeSiSiGeGeGe
    22948.3476562500 GeGeSiSiGeGeSiSiGeGeSiGeSiSiGeGeSiGeGeGeGeGeGeGeGeSiGeGeGeSiGeSiSiGeGeGeGeGeGeGeGeGeGeGeGeGeSiSiGeGeGeSiSiGeGeSiSiGeGeGe
    22948.3476562500 GeGeSiSiGeGeSiSiGeGeSiGeSiSiGeGeSiGeGeGeGeGeGeGeGeSiGeGeGeSiGeSiSiGeGeGeGeGeGeGeGeGeGeGeGeGeSiSiGeGeGeSiSiGeGeSiSiGeGeGe
    22948.3476562500 GeGeSiSiGeGeSiSiGeGeSiGeSiSiGeGeSiGeGeGeGeGeGeGeGeSiGeGeGeSiGeSiSiGeGeGeGeGeGeGeGeGeGeGeGeGeSiSiGeGeGeSiSiGeGeSiSiGeGeGe
    22948.3476562500 GeGeSiSiGeGeSiSiGeGeSiGeSiSiGeGeSiGeGeGeGeGeGeGeGeSiGeGeGeSiGeSiSiGeGeGeGeGeGeGeGeGeGeGeGeGeSiSiGeGeGeSiSiGeGeSiSiGeGeGe
    22948.3476562500 GeGeSiSiGeGeSiSiGeGeSiGeSiSiGeGeSiGeGeGeGeGeGeGeGeSiGeGeGeSiGeSiSiGeGeGeGeGeGeGeGeGeGeGeGeGeSiSiGeGeGeSiSiGeGeSiSiGeGeGe
    22948.3476562500 GeGeSiSiGeGeSiSiGeGeSiGeSiSiGeGeSiGeGeGeGeGeGeGeGeSiGeGeGeSiGeSiSiGeGeGeGeGeGeGeGeGeGeGeGeGeSiSiGeGeGeSiSiGeGeSiSiGeGeGe
    22948.3476562500 GeGeSiSiGeGeSiSiGeGeSiGeSiSiGeGeSiGeGeGeGeGeGeGeGeSiGeGeGeSiGeSiSiGeGeGeGeGeGeGeGeGeGeGeGeGeSiSiGeGeGeSiSiGeGeSiSiGeGeGe
    22948.3476562500 GeGeSiSiGeGeSiSiGeGeSiGeSiSiGeGeSiGeGeGeGeGeGeGeGeSiGeGeGeSiGeSiSiGeGeGeGeGeGeGeGeGeGeGeGeGeSiSiGeGeGeSiSiGeGeSiSiGeGeGe
    22948.3476562500 GeGeSiSiGeGeSiSiGeGeSiGeSiSiGeGeSiGeGeGeGeGeGeGeGeSiGeGeGeSiGeSiSiGeGeGeGeGeGeGeGeGeGeGeGeGeSiSiGeGeGeSiSiGeGeSiSiGeGeGe
    22948.3476562500 GeGeSiSiGeGeSiSiGeGeSiGeSiSiGeGeSiGeGeGeGeGeGeGeGeSiGeGeGeSiGeSiSiGeGeGeGeGeGeGeGeGeGeGeGeGeSiSiGeGeGeSiSiGeGeSiSiGeGeGe
    22948.3476562500 GeGeSiSiGeGeSiSiGeGeSiGeSiSiGeGeSiGeGeGeGeGeGeGeGeSiGeGeGeSiGeSiSiGeGeGeGeGeGeGeGeGeGeGeGeGeSiSiGeGeGeSiSiGeGeSiSiGeGeGe
    22948.3476562500 GeGeSiSiGeGeSiSiGeGeSiGeSiSiGeGeSiGeGeGeGeGeGeGeGeSiGeGeGeSiGeSiSiGeGeGeGeGeGeGeGeGeGeGeGeGeSiSiGeGeGeSiSiGeGeSiSiGeGeGe
    22948.3476562500 GeGeSiSiGeGeSiSiGeGeSiGeSiSiGeGeSiGeGeGeGeGeGeGeGeSiGeGeGeSiGeSiSiGeGeGeGeGeGeGeGeGeGeGeGeGeSiSiGeGeGeSiSiGeGeSiSiGeGeGe
    22948.3476562500 GeGeSiSiGeGeSiSiGeGeSiGeSiSiGeGeSiGeGeGeGeGeGeGeGeSiGeGeGeSiGeSiSiGeGeGeGeGeGeGeGeGeGeGeGeGeSiSiGeGeGeSiSiGeGeSiSiGeGeGe
    22948.3476562500 GeGeSiSiGeGeSiSiGeGeSiGeSiSiGeGeSiGeGeGeGeGeGeGeGeSiGeGeGeSiGeSiSiGeGeGeGeGeGeGeGeGeGeGeGeGeSiSiGeGeGeSiSiGeGeSiSiGeGeGe
    22948.3476562500 GeGeSiSiGeGeSiSiGeGeSiGeSiSiGeGeSiGeGeGeGeGeGeGeGeSiGeGeGeSiGeSiSiGeGeGeGeGeGeGeGeGeGeGeGeGeSiSiGeGeGeSiSiGeGeSiSiGeGeGe
    22948.3476562500 GeGeSiSiGeGeSiSiGeGeSiGeSiSiGeGeSiGeGeGeGeGeGeGeGeSiGeGeGeSiGeSiSiGeGeGeGeGeGeGeGeGeGeGeGeGeSiSiGeGeGeSiSiGeGeSiSiGeGeGe
    22948.3476562500 GeGeSiSiGeGeSiSiGeGeSiGeSiSiGeGeSiGeGeGeGeGeGeGeGeSiGeGeGeSiGeSiSiGeGeGeGeGeGeGeGeGeGeGeGeGeSiSiGeGeGeSiSiGeGeSiSiGeGeGe
    22948.3476562500 GeGeSiSiGeGeSiSiGeGeSiGeSiSiGeGeSiGeGeGeGeGeGeGeGeSiGeGeGeSiGeSiSiGeGeGeGeGeGeGeGeGeGeGeGeGeSiSiGeGeGeSiSiGeGeSiSiGeGeGe
    22948.3476562500 GeGeSiSiGeGeSiSiGeGeSiGeSiSiGeGeSiGeGeGeGeGeGeGeGeSiGeGeGeSiGeSiSiGeGeGeGeGeGeGeGeGeGeGeGeGeSiSiGeGeGeSiSiGeGeSiSiGeGeGe
    22948.3476562500 GeGeSiSiGeGeSiSiGeGeSiGeSiSiGeGeSiGeGeGeGeGeGeGeGeSiGeGeGeSiGeSiSiGeGeGeGeGeGeGeGeGeGeGeGeGeSiSiGeGeGeSiSiGeGeSiSiGeGeGe
    22948.3476562500 GeGeSiSiGeGeSiSiGeGeSiGeSiSiGeGeSiGeGeGeGeGeGeGeGeSiGeGeGeSiGeSiSiGeGeGeGeGeGeGeGeGeGeGeGeGeSiSiGeGeGeSiSiGeGeSiSiGeGeGe
    22948.3476562500 GeGeSiSiGeGeSiSiGeGeSiGeSiSiGeGeSiGeGeGeGeGeGeGeGeSiGeGeGeSiGeSiSiGeGeGeGeGeGeGeGeGeGeGeGeGeSiSiGeGeGeSiSiGeGeSiSiGeGeGe
    22948.3476562500 GeGeSiSiGeGeSiSiGeGeSiGeSiSiGeGeSiGeGeGeGeGeGeGeGeSiGeGeGeSiGeSiSiGeGeGeGeGeGeGeGeGeGeGeGeGeSiSiGeGeGeSiSiGeGeSiSiGeGeGe
    22948.3476562500 GeGeSiSiGeGeSiSiGeGeSiGeSiSiGeGeSiGeGeGeGeGeGeGeGeSiGeGeGeSiGeSiSiGeGeGeGeGeGeGeGeGeGeGeGeGeSiSiGeGeGeSiSiGeGeSiSiGeGeGe
    22948.3476562500 GeGeSiSiGeGeSiSiGeGeSiGeSiSiGeGeSiGeGeGeGeGeGeGeGeSiGeGeGeSiGeSiSiGeGeGeGeGeGeGeGeGeGeGeGeGeSiSiGeGeGeSiSiGeGeSiSiGeGeGe
    22948.3476562500 GeGeSiSiGeGeSiSiGeGeSiGeSiSiGeGeSiGeGeGeGeGeGeGeGeSiGeGeGeSiGeSiSiGeGeGeGeGeGeGeGeGeGeGeGeGeSiSiGeGeGeSiSiGeGeSiSiGeGeGe
    22948.3476562500 GeGeSiSiGeGeSiSiGeGeSiGeSiSiGeGeSiGeGeGeGeGeGeGeGeSiGeGeGeSiGeSiSiGeGeGeGeGeGeGeGeGeGeGeGeGeSiSiGeGeGeSiSiGeGeSiSiGeGeGe
    22948.3476562500 GeGeSiSiGeGeSiSiGeGeSiGeSiSiGeGeSiGeGeGeGeGeGeGeGeSiGeGeGeSiGeSiSiGeGeGeGeGeGeGeGeGeGeGeGeGeSiSiGeGeGeSiSiGeGeSiSiGeGeGe
    22948.3476562500 GeGeSiSiGeGeSiSiGeGeSiGeSiSiGeGeSiGeGeGeGeGeGeGeGeSiGeGeGeSiGeSiSiGeGeGeGeGeGeGeGeGeGeGeGeGeSiSiGeGeGeSiSiGeGeSiSiGeGeGe
    22948.3476562500 GeGeSiSiGeGeSiSiGeGeSiGeSiSiGeGeSiGeGeGeGeGeGeGeGeSiGeGeGeSiGeSiSiGeGeGeGeGeGeGeGeGeGeGeGeGeSiSiGeGeGeSiSiGeGeSiSiGeGeGe
filename: c000001473905827.gin     
Cell:
    11.9020996    11.9020996    29.6919994    90.0000000    90.0000000   120.0000000
Box:
    11.9020996    -5.9510503     0.0000000
     0.0000000    10.3075209     0.0000000
     0.0000000     0.0000000    29.6919994
----------------------------------------
Inverse Box:
     0.0840188     0.0485083     0.0000000
     0.0000000     0.0970165     0.0000000
     0.0000000     0.0000000     0.0336791
----------------------------------------
==============================================
geometrical properties of  42 Ge:
 Configuration:           0
 D_ave:   9.12151527       3.56110239    
 D_min:   3.02646685       3.34748775E-02
 energia:   22948.3477    
