Random Seed:  1086763262
Number of atoms:    60
Space Group:    1
Cell:
    11.9020996    11.9020996    29.6919994    90.0000000    90.0000000   120.0000000
Box:
    11.9020996    -5.9510503     0.0000000
     0.0000000    10.3075209     0.0000000
     0.0000000     0.0000000    29.6919994
----------------------------------------
Inverse Box:
     0.0840188     0.0485083     0.0000000
     0.0000000     0.0970165     0.0000000
     0.0000000     0.0000000     0.0336791
----------------------------------------
GeSiSiSiSiSiSiSiSiSiSiSiSiSiSiSiSiSiSiSiSiSiGeSiSiSiSiSiSiSiSiSiSiSiSiSiSiSiSiSiSiSiSiSiSiSiSiSiSiSiSiSiSiSiSiSiSiSiSiSi
           1 Ge    -7733.73779    
GeGeSiSiSiSiSiSiSiSiSiSiSiSiSiSiSiSiSiSiSiSiGeSiSiSiSiSiSiSiSiSiSiSiSiSiSiSiSiSiSiSiSiSiSiSiSiSiSiSiSiSiSiSiSiSiSiSiSiSi
           2 Ge    -7727.76709    
GeGeGeSiSiSiSiSiSiSiSiSiSiSiSiSiSiSiSiSiSiSiGeSiSiSiSiSiSiSiSiSiSiSiSiSiSiSiSiSiSiSiSiSiSiSiSiSiSiSiSiSiSiSiSiSiSiSiSiSi
           3 Ge    -7721.51367    
GeGeGeGeSiSiSiSiSiSiSiSiSiSiSiSiSiSiSiSiSiSiGeSiSiSiSiSiSiSiSiSiSiSiSiSiSiSiSiSiSiSiSiSiSiSiSiSiSiSiSiSiSiSiSiSiSiSiSiSi
           4 Ge    -7743.38623    
GeGeGeGeGeSiSiSiSiSiSiSiSiSiSiSiSiSiSiSiSiSiGeSiSiSiSiSiSiSiSiSiSiSiSiSiSiSiSiSiSiSiSiSiSiSiSiSiSiSiSiSiSiSiSiSiSiSiSiSi
           5 Ge    -7786.48633    
GeGeGeGeGeGeSiSiSiSiSiSiSiSiSiSiSiSiSiSiSiSiGeSiSiSiSiSiSiSiSiSiSiSiSiSiSiSiSiSiSiSiSiSiSiSiSiSiSiSiSiSiSiSiSiSiSiSiSiSi
           6 Ge    -7855.67725    
GeGeGeGeGeGeSiGeSiSiSiSiSiSiSiSiSiSiSiSiSiSiGeSiSiSiSiSiSiSiSiSiSiSiSiSiSiSiSiSiSiSiSiSiSiSiSiSiSiSiSiSiSiSiSiSiSiSiSiSi
           8 Ge    -8021.32324    
GeGeGeGeGeGeSiGeSiSiGeSiSiSiSiSiSiSiSiSiSiSiGeSiSiSiSiSiSiSiSiSiSiSiSiSiSiSiSiSiSiSiSiSiSiSiSiSiSiSiSiSiSiSiSiSiSiSiSiSi
          11 Ge    -7799.13428    
GeGeGeGeGeGeSiGeSiSiGeGeSiSiSiSiSiSiSiSiSiSiGeSiSiSiSiSiSiSiSiSiSiSiSiSiSiSiSiSiSiSiSiSiSiSiSiSiSiSiSiSiSiSiSiSiSiSiSiSi
          12 Ge    -8087.05420    
GeGeGeGeGeGeSiGeSiSiGeGeSiSiSiGeSiSiSiSiSiSiGeSiSiSiSiSiSiSiSiSiSiSiSiSiSiSiSiSiSiSiSiSiSiSiSiSiSiSiSiSiSiSiSiSiSiSiSiSi
          16 Ge    -8278.69531    
GeGeGeGeGeGeSiGeSiSiGeGeSiSiSiGeSiSiSiSiSiSiGeSiSiGeSiSiSiSiSiSiSiSiSiSiSiSiSiSiSiSiSiSiSiSiSiSiSiSiSiSiSiSiSiSiSiSiSiSi
          26 Ge    -8713.67969    
GeGeGeGeGeGeSiGeSiSiGeGeSiSiSiGeSiSiSiSiSiSiGeSiSiGeSiSiSiGeSiSiSiSiSiSiSiSiSiSiSiSiSiSiSiSiSiSiSiSiSiSiSiSiSiSiSiSiSiSi
          30 Ge    -8759.28613    
GeGeGeGeGeGeSiGeSiSiGeGeSiSiSiGeSiSiSiSiSiSiGeSiSiGeSiSiSiGeSiSiGeSiSiSiSiSiSiSiSiSiSiSiSiSiSiSiSiSiSiSiSiSiSiSiSiSiSiSi
          33 Ge    -9315.37402    
GeGeGeGeGeGeSiGeSiSiGeGeSiSiSiGeSiSiSiSiSiSiGeSiSiGeSiSiSiGeSiSiGeSiSiGeSiSiSiSiSiSiSiSiSiSiSiSiSiSiSiSiSiSiSiSiSiSiSiSi
          36 Ge    -9725.06738    
GeGeGeGeGeGeSiGeSiSiGeGeSiSiSiGeSiSiSiSiSiSiGeSiSiGeSiSiSiGeSiSiGeSiSiGeSiSiGeSiSiSiSiSiSiSiSiSiSiSiSiSiSiSiSiSiSiSiSiSi
          39 Ge    -10197.8652    
GeGeGeGeGeGeSiGeSiSiGeGeSiSiSiGeSiSiSiSiSiSiGeSiSiGeSiSiSiGeSiSiGeSiSiGeSiSiGeGeSiSiSiSiSiSiSiSiSiSiSiSiSiSiSiSiSiSiSiSi
          40 Ge    -8922.18848    
GeGeGeGeGeGeSiGeSiSiGeGeSiSiSiGeSiSiSiSiSiSiGeSiSiGeSiSiSiGeSiSiGeSiSiGeSiSiGeGeSiGeSiSiSiSiSiSiSiSiSiSiSiSiSiSiSiSiSiSi
          42 Ge    -8096.34570    
GeGeGeGeGeGeSiGeSiSiGeGeSiSiSiGeSiSiSiSiSiSiGeSiSiGeSiSiSiGeSiSiGeSiSiGeSiSiGeGeSiGeSiSiGeSiSiSiSiSiSiSiSiSiSiSiSiSiSiSi
          45 Ge    -8561.50781    
GeGeGeGeGeGeSiGeSiSiGeGeSiSiSiGeSiSiSiSiSiSiGeSiSiGeSiSiSiGeSiSiGeSiSiGeSiSiGeGeSiGeSiSiGeGeSiSiSiSiSiSiSiSiSiSiSiSiSiSi
          46 Ge    -9000.05762    
GeGeGeGeGeGeSiGeSiSiGeGeSiSiSiGeSiSiSiSiSiSiGeSiSiGeSiSiSiGeSiSiGeSiSiGeSiSiGeGeSiGeSiSiGeGeSiSiSiSiSiSiSiSiSiSiGeSiSiSi
          57 Ge    -10098.4629    
GeGeGeGeGeGeSiGeSiGeGeGeSiSiSiGeSiSiSiSiSiSiGeSiSiGeSiSiSiGeSiSiGeSiSiGeSiSiGeGeSiGeSiSiGeGeSiSiSiSiSiSiSiSiSiSiGeSiSiSi
          10 Ge    -9068.34766    
GeGeGeGeGeGeSiGeSiGeGeGeGeSiSiGeSiSiSiSiSiSiGeSiSiGeSiSiSiGeSiSiGeSiSiGeSiSiGeGeSiGeSiSiGeGeSiSiSiSiSiSiSiSiSiSiGeSiSiSi
          13 Ge    -7790.93115    
GeGeGeGeGeGeSiGeSiGeGeGeGeGeSiGeSiSiSiSiSiSiGeSiSiGeSiSiSiGeSiSiGeSiSiGeSiSiGeGeSiGeSiSiGeGeSiSiSiSiSiSiSiSiSiSiGeSiSiSi
          14 Ge    -6464.79199    
GeGeGeGeGeGeSiGeSiGeGeGeGeGeGeGeSiSiSiSiSiSiGeSiSiGeSiSiSiGeSiSiGeSiSiGeSiSiGeGeSiGeSiSiGeGeSiSiSiSiSiSiSiSiSiSiGeSiSiSi
          15 Ge    -1549.47070    
GeGeGeGeGeGeSiGeSiGeGeGeGeGeGeGeSiSiSiSiSiSiGeGeSiGeSiSiSiGeSiSiGeSiSiGeSiSiGeGeSiGeSiSiGeGeSiSiSiSiSiSiSiSiSiSiGeSiSiSi
          24 Ge     3708.80225    
GeGeGeGeGeGeSiGeSiGeGeGeGeGeGeGeSiSiSiSiSiSiGeGeSiGeSiGeSiGeSiSiGeSiSiGeSiSiGeGeSiGeSiSiGeGeSiSiSiSiSiSiSiSiSiSiGeSiSiSi
          28 Ge     5736.96777    
GeGeGeGeGeGeSiGeSiGeGeGeGeGeGeGeSiSiSiSiSiSiGeGeSiGeSiGeSiGeSiSiGeSiSiGeSiSiGeGeSiGeSiGeGeGeSiSiSiSiSiSiSiSiSiSiGeSiSiSi
          44 Ge     7155.08447    
GeGeGeGeGeGeSiGeSiGeGeGeGeGeGeGeSiSiSiSiSiSiGeGeSiGeSiGeSiGeSiSiGeSiSiGeSiSiGeGeSiGeSiGeGeGeSiSiSiSiGeSiSiSiSiSiGeSiSiSi
          51 Ge     7346.86670    
GeGeGeGeGeGeSiGeSiGeGeGeGeGeGeGeSiSiSiSiSiSiGeGeSiGeSiGeSiGeSiSiGeSiSiGeSiSiGeGeSiGeSiGeGeGeSiSiSiSiGeSiSiSiSiSiGeGeSiSi
          58 Ge     10852.6191    
GeGeGeGeGeGeGeGeSiGeGeGeGeGeGeGeSiSiSiSiSiSiGeGeSiGeSiGeSiGeSiSiGeSiSiGeSiSiGeGeSiGeSiGeGeGeSiSiSiSiGeSiSiSiSiSiGeGeSiSi
           7 Ge     12607.1953    
GeGeGeGeGeGeGeGeGeGeGeGeGeGeGeGeSiSiSiSiSiSiGeGeSiGeSiGeSiGeSiSiGeSiSiGeSiSiGeGeSiGeSiGeGeGeSiSiSiSiGeSiSiSiSiSiGeGeSiSi
           9 Ge     16611.2051    
GeGeGeGeGeGeGeGeGeGeGeGeGeGeGeGeGeSiSiSiSiSiGeGeSiGeSiGeSiGeSiSiGeSiSiGeSiSiGeGeSiGeSiGeGeGeSiSiSiSiGeSiSiSiSiSiGeGeSiSi
          17 Ge     22356.9941    
GeGeGeGeGeGeGeGeGeGeGeGeGeGeGeGeGeGeSiSiSiSiGeGeSiGeSiGeSiGeSiSiGeSiSiGeSiSiGeGeSiGeSiGeGeGeSiSiSiSiGeSiSiSiSiSiGeGeSiSi
          18 Ge     26729.0645    
GeGeGeGeGeGeGeGeGeGeGeGeGeGeGeGeGeGeSiSiGeSiGeGeSiGeSiGeSiGeSiSiGeSiSiGeSiSiGeGeSiGeSiGeGeGeSiSiSiSiGeSiSiSiSiSiGeGeSiSi
          21 Ge     38059.0469    
GeGeGeGeGeGeGeGeGeGeGeGeGeGeGeGeGeGeSiSiGeGeGeGeSiGeSiGeSiGeSiSiGeSiSiGeSiSiGeGeSiGeSiGeGeGeSiSiSiSiGeSiSiSiSiSiGeGeSiSi
          22 Ge     47819.5234    
GeGeGeGeGeGeGeGeGeGeGeGeGeGeGeGeGeGeSiSiGeGeGeGeSiGeSiGeSiGeGeSiGeSiSiGeSiSiGeGeSiGeSiGeGeGeSiSiSiSiGeSiSiSiSiSiGeGeSiSi
          31 Ge     52918.4766    
GeGeGeGeGeGeGeGeGeGeGeGeGeGeGeGeGeGeSiSiGeGeGeGeSiGeSiGeSiGeGeGeGeSiSiGeSiSiGeGeSiGeSiGeGeGeSiSiSiSiGeSiSiSiSiSiGeGeSiSi
          32 Ge     58833.3984    
GeGeGeGeGeGeGeGeGeGeGeGeGeGeGeGeGeGeSiSiGeGeGeGeSiGeSiGeSiGeGeGeGeSiSiGeSiSiGeGeSiGeSiGeGeGeSiSiGeSiGeSiSiSiSiSiGeGeSiSi
          49 Ge     69222.8984    
GeGeGeGeGeGeGeGeGeGeGeGeGeGeGeGeGeGeSiSiGeGeGeGeSiGeSiGeSiGeGeGeGeSiSiGeSiSiGeGeSiGeSiGeGeGeSiSiGeSiGeSiGeSiSiSiGeGeSiSi
          53 Ge     73952.0391    
GeGeGeGeGeGeGeGeGeGeGeGeGeGeGeGeGeGeSiSiGeGeGeGeSiGeSiGeSiGeGeGeGeSiSiGeSiSiGeGeSiGeSiGeGeGeSiSiGeSiGeSiGeSiGeSiGeGeSiSi
          55 Ge     75657.1094    
GeGeGeGeGeGeGeGeGeGeGeGeGeGeGeGeGeGeSiSiGeGeGeGeGeGeSiGeSiGeGeGeGeSiSiGeSiSiGeGeSiGeSiGeGeGeSiSiGeSiGeSiGeSiGeSiGeGeSiSi
          25 Ge     93578.3594    
GeGeGeGeGeGeGeGeGeGeGeGeGeGeGeGeGeGeSiSiGeGeGeGeGeGeGeGeSiGeGeGeGeSiSiGeSiSiGeGeSiGeSiGeGeGeSiSiGeSiGeSiGeSiGeSiGeGeSiSi
          27 Ge     104838.375    
==============================================
MonteCarlo: Metropolis with identity changes
Si > Ge, Ge > Si. STOP when occurrence <    0.00000
==============================================
Cost_function     Occurrence %     Scan-Cost
    55767.6875000000 GeGeSiSiGeGeSiGeGeSiGeGeGeSiGeGeGeGeGeSiGeGeSiSiSiGeGeGeGeSiSiSiGeGeGeGeGeSiGeSiGeGeGeGeGeSiGeGeGeGeSiGeGeSiGeGeGeGeGeGe
    46117.9921875000 SiGeGeGeGeGeGeGeSiSiSiGeGeGeGeGeGeSiGeSiGeGeGeGeSiGeSiSiGeGeSiGeSiGeGeGeGeSiGeGeGeGeGeGeGeGeSiGeGeGeGeGeSiGeSiSiGeGeGeSi
    46117.9921875000 SiGeGeGeGeGeGeGeSiSiSiGeGeGeGeGeGeSiGeSiGeGeGeGeSiGeSiSiGeGeSiGeSiGeGeGeGeSiGeGeGeGeGeGeGeGeSiGeGeGeGeGeSiGeSiSiGeGeGeSi
    42628.0039062500 SiGeSiGeGeGeGeGeSiGeSiGeGeGeGeGeGeSiGeSiGeGeGeGeGeGeSiSiGeGeSiGeSiGeGeGeGeSiGeGeGeGeGeGeGeGeSiGeGeGeGeGeSiGeSiSiGeSiGeSi
    42628.0039062500 SiGeSiGeGeGeGeGeSiGeSiGeGeGeGeGeGeSiGeSiGeGeGeGeGeGeSiSiGeGeSiGeSiGeGeGeGeSiGeGeGeGeGeGeGeGeSiGeGeGeGeGeSiGeSiSiGeSiGeSi
    42628.0039062500 SiGeSiGeGeGeGeGeSiGeSiGeGeGeGeGeGeSiGeSiGeGeGeGeGeGeSiSiGeGeSiGeSiGeGeGeGeSiGeGeGeGeGeGeGeGeSiGeGeGeGeGeSiGeSiSiGeSiGeSi
    37805.8945312500 SiGeSiGeGeGeGeGeSiSiSiGeGeGeGeGeSiSiGeGeGeGeGeGeGeGeSiSiGeGeSiGeGeGeGeSiGeSiGeGeGeGeGeGeGeGeGeGeGeGeGeGeSiGeGeSiGeSiSiSi
    37109.5234375000 SiGeSiGeGeGeGeGeSiSiSiGeGeGeGeGeSiSiGeSiGeGeGeGeGeGeSiSiGeGeSiGeGeGeGeSiGeSiGeGeGeGeGeGeGeGeGeGeGeGeGeGeSiGeGeSiGeSiGeSi
    37109.5234375000 SiGeSiGeGeGeGeGeSiSiSiGeGeGeGeGeSiSiGeSiGeGeGeGeGeGeSiSiGeGeSiGeGeGeGeSiGeSiGeGeGeGeGeGeGeGeGeGeGeGeGeGeSiGeGeSiGeSiGeSi
    37109.5234375000 SiGeSiGeGeGeGeGeSiSiSiGeGeGeGeGeSiSiGeSiGeGeGeGeGeGeSiSiGeGeSiGeGeGeGeSiGeSiGeGeGeGeGeGeGeGeGeGeGeGeGeGeSiGeGeSiGeSiGeSi
    37109.5234375000 SiGeSiGeGeGeGeGeSiSiSiGeGeGeGeGeSiSiGeSiGeGeGeGeGeGeSiSiGeGeSiGeGeGeGeSiGeSiGeGeGeGeGeGeGeGeGeGeGeGeGeGeSiGeGeSiGeSiGeSi
    37109.5234375000 SiGeSiGeGeGeGeGeSiSiSiGeGeGeGeGeSiSiGeSiGeGeGeGeGeGeSiSiGeGeSiGeGeGeGeSiGeSiGeGeGeGeGeGeGeGeGeGeGeGeGeGeSiGeGeSiGeSiGeSi
    37109.5234375000 SiGeSiGeGeGeGeGeSiSiSiGeGeGeGeGeSiSiGeSiGeGeGeGeGeGeSiSiGeGeSiGeGeGeGeSiGeSiGeGeGeGeGeGeGeGeGeGeGeGeGeGeSiGeGeSiGeSiGeSi
    37109.5234375000 SiGeSiGeGeGeGeGeSiSiSiGeGeGeGeGeSiSiGeSiGeGeGeGeGeGeSiSiGeGeSiGeGeGeGeSiGeSiGeGeGeGeGeGeGeGeGeGeGeGeGeGeSiGeGeSiGeSiGeSi
    37109.5234375000 SiGeSiGeGeGeGeGeSiSiSiGeGeGeGeGeSiSiGeSiGeGeGeGeGeGeSiSiGeGeSiGeGeGeGeSiGeSiGeGeGeGeGeGeGeGeGeGeGeGeGeGeSiGeGeSiGeSiGeSi
    37109.5234375000 SiGeSiGeGeGeGeGeSiSiSiGeGeGeGeGeSiSiGeSiGeGeGeGeGeGeSiSiGeGeSiGeGeGeGeSiGeSiGeGeGeGeGeGeGeGeGeGeGeGeGeGeSiGeGeSiGeSiGeSi
    37109.5234375000 SiGeSiGeGeGeGeGeSiSiSiGeGeGeGeGeSiSiGeSiGeGeGeGeGeGeSiSiGeGeSiGeGeGeGeSiGeSiGeGeGeGeGeGeGeGeGeGeGeGeGeGeSiGeGeSiGeSiGeSi
    37109.5234375000 SiGeSiGeGeGeGeGeSiSiSiGeGeGeGeGeSiSiGeSiGeGeGeGeGeGeSiSiGeGeSiGeGeGeGeSiGeSiGeGeGeGeGeGeGeGeGeGeGeGeGeGeSiGeGeSiGeSiGeSi
    37109.5234375000 SiGeSiGeGeGeGeGeSiSiSiGeGeGeGeGeSiSiGeSiGeGeGeGeGeGeSiSiGeGeSiGeGeGeGeSiGeSiGeGeGeGeGeGeGeGeGeGeGeGeGeGeSiGeGeSiGeSiGeSi
    37109.5234375000 SiGeSiGeGeGeGeGeSiSiSiGeGeGeGeGeSiSiGeSiGeGeGeGeGeGeSiSiGeGeSiGeGeGeGeSiGeSiGeGeGeGeGeGeGeGeGeGeGeGeGeGeSiGeGeSiGeSiGeSi
    37109.5234375000 SiGeSiGeGeGeGeGeSiSiSiGeGeGeGeGeSiSiGeSiGeGeGeGeGeGeSiSiGeGeSiGeGeGeGeSiGeSiGeGeGeGeGeGeGeGeGeGeGeGeGeGeSiGeGeSiGeSiGeSi
    37109.5234375000 SiGeSiGeGeGeGeGeSiSiSiGeGeGeGeGeSiSiGeSiGeGeGeGeGeGeSiSiGeGeSiGeGeGeGeSiGeSiGeGeGeGeGeGeGeGeGeGeGeGeGeGeSiGeGeSiGeSiGeSi
    37109.5234375000 SiGeSiGeGeGeGeGeSiSiSiGeGeGeGeGeSiSiGeSiGeGeGeGeGeGeSiSiGeGeSiGeGeGeGeSiGeSiGeGeGeGeGeGeGeGeGeGeGeGeGeGeSiGeGeSiGeSiGeSi
    37109.5234375000 SiGeSiGeGeGeGeGeSiSiSiGeGeGeGeGeSiSiGeSiGeGeGeGeGeGeSiSiGeGeSiGeGeGeGeSiGeSiGeGeGeGeGeGeGeGeGeGeGeGeGeGeSiGeGeSiGeSiGeSi
    37109.5234375000 SiGeSiGeGeGeGeGeSiSiSiGeGeGeGeGeSiSiGeSiGeGeGeGeGeGeSiSiGeGeSiGeGeGeGeSiGeSiGeGeGeGeGeGeGeGeGeGeGeGeGeGeSiGeGeSiGeSiGeSi
    37109.5234375000 SiGeSiGeGeGeGeGeSiSiSiGeGeGeGeGeSiSiGeSiGeGeGeGeGeGeSiSiGeGeSiGeGeGeGeSiGeSiGeGeGeGeGeGeGeGeGeGeGeGeGeGeSiGeGeSiGeSiGeSi
    37109.5234375000 SiGeSiGeGeGeGeGeSiSiSiGeGeGeGeGeSiSiGeSiGeGeGeGeGeGeSiSiGeGeSiGeGeGeGeSiGeSiGeGeGeGeGeGeGeGeGeGeGeGeGeGeSiGeGeSiGeSiGeSi
    37109.5234375000 SiGeSiGeGeGeGeGeSiSiSiGeGeGeGeGeSiSiGeSiGeGeGeGeGeGeSiSiGeGeSiGeGeGeGeSiGeSiGeGeGeGeGeGeGeGeGeGeGeGeGeGeSiGeGeSiGeSiGeSi
    37109.5234375000 SiGeSiGeGeGeGeGeSiSiSiGeGeGeGeGeSiSiGeSiGeGeGeGeGeGeSiSiGeGeSiGeGeGeGeSiGeSiGeGeGeGeGeGeGeGeGeGeGeGeGeGeSiGeGeSiGeSiGeSi
    37109.5234375000 SiGeSiGeGeGeGeGeSiSiSiGeGeGeGeGeSiSiGeSiGeGeGeGeGeGeSiSiGeGeSiGeGeGeGeSiGeSiGeGeGeGeGeGeGeGeGeGeGeGeGeGeSiGeGeSiGeSiGeSi
    37109.5234375000 SiGeSiGeGeGeGeGeSiSiSiGeGeGeGeGeSiSiGeSiGeGeGeGeGeGeSiSiGeGeSiGeGeGeGeSiGeSiGeGeGeGeGeGeGeGeGeGeGeGeGeGeSiGeGeSiGeSiGeSi
    37109.5234375000 SiGeSiGeGeGeGeGeSiSiSiGeGeGeGeGeSiSiGeSiGeGeGeGeGeGeSiSiGeGeSiGeGeGeGeSiGeSiGeGeGeGeGeGeGeGeGeGeGeGeGeGeSiGeGeSiGeSiGeSi
    37109.5234375000 SiGeSiGeGeGeGeGeSiSiSiGeGeGeGeGeSiSiGeSiGeGeGeGeGeGeSiSiGeGeSiGeGeGeGeSiGeSiGeGeGeGeGeGeGeGeGeGeGeGeGeGeSiGeGeSiGeSiGeSi
    37109.5234375000 SiGeSiGeGeGeGeGeSiSiSiGeGeGeGeGeSiSiGeSiGeGeGeGeGeGeSiSiGeGeSiGeGeGeGeSiGeSiGeGeGeGeGeGeGeGeGeGeGeGeGeGeSiGeGeSiGeSiGeSi
    37109.5234375000 SiGeSiGeGeGeGeGeSiSiSiGeGeGeGeGeSiSiGeSiGeGeGeGeGeGeSiSiGeGeSiGeGeGeGeSiGeSiGeGeGeGeGeGeGeGeGeGeGeGeGeGeSiGeGeSiGeSiGeSi
    37109.5234375000 SiGeSiGeGeGeGeGeSiSiSiGeGeGeGeGeSiSiGeSiGeGeGeGeGeGeSiSiGeGeSiGeGeGeGeSiGeSiGeGeGeGeGeGeGeGeGeGeGeGeGeGeSiGeGeSiGeSiGeSi
    37109.5234375000 SiGeSiGeGeGeGeGeSiSiSiGeGeGeGeGeSiSiGeSiGeGeGeGeGeGeSiSiGeGeSiGeGeGeGeSiGeSiGeGeGeGeGeGeGeGeGeGeGeGeGeGeSiGeGeSiGeSiGeSi
    37109.5234375000 SiGeSiGeGeGeGeGeSiSiSiGeGeGeGeGeSiSiGeSiGeGeGeGeGeGeSiSiGeGeSiGeGeGeGeSiGeSiGeGeGeGeGeGeGeGeGeGeGeGeGeGeSiGeGeSiGeSiGeSi
    37109.5234375000 SiGeSiGeGeGeGeGeSiSiSiGeGeGeGeGeSiSiGeSiGeGeGeGeGeGeSiSiGeGeSiGeGeGeGeSiGeSiGeGeGeGeGeGeGeGeGeGeGeGeGeGeSiGeGeSiGeSiGeSi
    37109.5234375000 SiGeSiGeGeGeGeGeSiSiSiGeGeGeGeGeSiSiGeSiGeGeGeGeGeGeSiSiGeGeSiGeGeGeGeSiGeSiGeGeGeGeGeGeGeGeGeGeGeGeGeGeSiGeGeSiGeSiGeSi
    37109.5234375000 SiGeSiGeGeGeGeGeSiSiSiGeGeGeGeGeSiSiGeSiGeGeGeGeGeGeSiSiGeGeSiGeGeGeGeSiGeSiGeGeGeGeGeGeGeGeGeGeGeGeGeGeSiGeGeSiGeSiGeSi
    37109.5234375000 SiGeSiGeGeGeGeGeSiSiSiGeGeGeGeGeSiSiGeSiGeGeGeGeGeGeSiSiGeGeSiGeGeGeGeSiGeSiGeGeGeGeGeGeGeGeGeGeGeGeGeGeSiGeGeSiGeSiGeSi
    37109.5234375000 SiGeSiGeGeGeGeGeSiSiSiGeGeGeGeGeSiSiGeSiGeGeGeGeGeGeSiSiGeGeSiGeGeGeGeSiGeSiGeGeGeGeGeGeGeGeGeGeGeGeGeGeSiGeGeSiGeSiGeSi
    37109.5234375000 SiGeSiGeGeGeGeGeSiSiSiGeGeGeGeGeSiSiGeSiGeGeGeGeGeGeSiSiGeGeSiGeGeGeGeSiGeSiGeGeGeGeGeGeGeGeGeGeGeGeGeGeSiGeGeSiGeSiGeSi
    37109.5234375000 SiGeSiGeGeGeGeGeSiSiSiGeGeGeGeGeSiSiGeSiGeGeGeGeGeGeSiSiGeGeSiGeGeGeGeSiGeSiGeGeGeGeGeGeGeGeGeGeGeGeGeGeSiGeGeSiGeSiGeSi
    37109.5234375000 SiGeSiGeGeGeGeGeSiSiSiGeGeGeGeGeSiSiGeSiGeGeGeGeGeGeSiSiGeGeSiGeGeGeGeSiGeSiGeGeGeGeGeGeGeGeGeGeGeGeGeGeSiGeGeSiGeSiGeSi
    37109.5234375000 SiGeSiGeGeGeGeGeSiSiSiGeGeGeGeGeSiSiGeSiGeGeGeGeGeGeSiSiGeGeSiGeGeGeGeSiGeSiGeGeGeGeGeGeGeGeGeGeGeGeGeGeSiGeGeSiGeSiGeSi
    37109.5234375000 SiGeSiGeGeGeGeGeSiSiSiGeGeGeGeGeSiSiGeSiGeGeGeGeGeGeSiSiGeGeSiGeGeGeGeSiGeSiGeGeGeGeGeGeGeGeGeGeGeGeGeGeSiGeGeSiGeSiGeSi
    37109.5234375000 SiGeSiGeGeGeGeGeSiSiSiGeGeGeGeGeSiSiGeSiGeGeGeGeGeGeSiSiGeGeSiGeGeGeGeSiGeSiGeGeGeGeGeGeGeGeGeGeGeGeGeGeSiGeGeSiGeSiGeSi
    37109.5234375000 SiGeSiGeGeGeGeGeSiSiSiGeGeGeGeGeSiSiGeSiGeGeGeGeGeGeSiSiGeGeSiGeGeGeGeSiGeSiGeGeGeGeGeGeGeGeGeGeGeGeGeGeSiGeGeSiGeSiGeSi
    37109.5234375000 SiGeSiGeGeGeGeGeSiSiSiGeGeGeGeGeSiSiGeSiGeGeGeGeGeGeSiSiGeGeSiGeGeGeGeSiGeSiGeGeGeGeGeGeGeGeGeGeGeGeGeGeSiGeGeSiGeSiGeSi
    37109.5234375000 SiGeSiGeGeGeGeGeSiSiSiGeGeGeGeGeSiSiGeSiGeGeGeGeGeGeSiSiGeGeSiGeGeGeGeSiGeSiGeGeGeGeGeGeGeGeGeGeGeGeGeGeSiGeGeSiGeSiGeSi
    37109.5234375000 SiGeSiGeGeGeGeGeSiSiSiGeGeGeGeGeSiSiGeSiGeGeGeGeGeGeSiSiGeGeSiGeGeGeGeSiGeSiGeGeGeGeGeGeGeGeGeGeGeGeGeGeSiGeGeSiGeSiGeSi
    37109.5234375000 SiGeSiGeGeGeGeGeSiSiSiGeGeGeGeGeSiSiGeSiGeGeGeGeGeGeSiSiGeGeSiGeGeGeGeSiGeSiGeGeGeGeGeGeGeGeGeGeGeGeGeGeSiGeGeSiGeSiGeSi
    37109.5234375000 SiGeSiGeGeGeGeGeSiSiSiGeGeGeGeGeSiSiGeSiGeGeGeGeGeGeSiSiGeGeSiGeGeGeGeSiGeSiGeGeGeGeGeGeGeGeGeGeGeGeGeGeSiGeGeSiGeSiGeSi
    37109.5234375000 SiGeSiGeGeGeGeGeSiSiSiGeGeGeGeGeSiSiGeSiGeGeGeGeGeGeSiSiGeGeSiGeGeGeGeSiGeSiGeGeGeGeGeGeGeGeGeGeGeGeGeGeSiGeGeSiGeSiGeSi
    37109.5234375000 SiGeSiGeGeGeGeGeSiSiSiGeGeGeGeGeSiSiGeSiGeGeGeGeGeGeSiSiGeGeSiGeGeGeGeSiGeSiGeGeGeGeGeGeGeGeGeGeGeGeGeGeSiGeGeSiGeSiGeSi
    37109.5234375000 SiGeSiGeGeGeGeGeSiSiSiGeGeGeGeGeSiSiGeSiGeGeGeGeGeGeSiSiGeGeSiGeGeGeGeSiGeSiGeGeGeGeGeGeGeGeGeGeGeGeGeGeSiGeGeSiGeSiGeSi
    37109.5234375000 SiGeSiGeGeGeGeGeSiSiSiGeGeGeGeGeSiSiGeSiGeGeGeGeGeGeSiSiGeGeSiGeGeGeGeSiGeSiGeGeGeGeGeGeGeGeGeGeGeGeGeGeSiGeGeSiGeSiGeSi
    37109.5234375000 SiGeSiGeGeGeGeGeSiSiSiGeGeGeGeGeSiSiGeSiGeGeGeGeGeGeSiSiGeGeSiGeGeGeGeSiGeSiGeGeGeGeGeGeGeGeGeGeGeGeGeGeSiGeGeSiGeSiGeSi
    37109.5234375000 SiGeSiGeGeGeGeGeSiSiSiGeGeGeGeGeSiSiGeSiGeGeGeGeGeGeSiSiGeGeSiGeGeGeGeSiGeSiGeGeGeGeGeGeGeGeGeGeGeGeGeGeSiGeGeSiGeSiGeSi
    37109.5234375000 SiGeSiGeGeGeGeGeSiSiSiGeGeGeGeGeSiSiGeSiGeGeGeGeGeGeSiSiGeGeSiGeGeGeGeSiGeSiGeGeGeGeGeGeGeGeGeGeGeGeGeGeSiGeGeSiGeSiGeSi
    37109.5234375000 SiGeSiGeGeGeGeGeSiSiSiGeGeGeGeGeSiSiGeSiGeGeGeGeGeGeSiSiGeGeSiGeGeGeGeSiGeSiGeGeGeGeGeGeGeGeGeGeGeGeGeGeSiGeGeSiGeSiGeSi
    37109.5234375000 SiGeSiGeGeGeGeGeSiSiSiGeGeGeGeGeSiSiGeSiGeGeGeGeGeGeSiSiGeGeSiGeGeGeGeSiGeSiGeGeGeGeGeGeGeGeGeGeGeGeGeGeSiGeGeSiGeSiGeSi
    37109.5234375000 SiGeSiGeGeGeGeGeSiSiSiGeGeGeGeGeSiSiGeSiGeGeGeGeGeGeSiSiGeGeSiGeGeGeGeSiGeSiGeGeGeGeGeGeGeGeGeGeGeGeGeGeSiGeGeSiGeSiGeSi
    37109.5234375000 SiGeSiGeGeGeGeGeSiSiSiGeGeGeGeGeSiSiGeSiGeGeGeGeGeGeSiSiGeGeSiGeGeGeGeSiGeSiGeGeGeGeGeGeGeGeGeGeGeGeGeGeSiGeGeSiGeSiGeSi
    37109.5234375000 SiGeSiGeGeGeGeGeSiSiSiGeGeGeGeGeSiSiGeSiGeGeGeGeGeGeSiSiGeGeSiGeGeGeGeSiGeSiGeGeGeGeGeGeGeGeGeGeGeGeGeGeSiGeGeSiGeSiGeSi
    37109.5234375000 SiGeSiGeGeGeGeGeSiSiSiGeGeGeGeGeSiSiGeSiGeGeGeGeGeGeSiSiGeGeSiGeGeGeGeSiGeSiGeGeGeGeGeGeGeGeGeGeGeGeGeGeSiGeGeSiGeSiGeSi
    37109.5234375000 SiGeSiGeGeGeGeGeSiSiSiGeGeGeGeGeSiSiGeSiGeGeGeGeGeGeSiSiGeGeSiGeGeGeGeSiGeSiGeGeGeGeGeGeGeGeGeGeGeGeGeGeSiGeGeSiGeSiGeSi
    37109.5234375000 SiGeSiGeGeGeGeGeSiSiSiGeGeGeGeGeSiSiGeSiGeGeGeGeGeGeSiSiGeGeSiGeGeGeGeSiGeSiGeGeGeGeGeGeGeGeGeGeGeGeGeGeSiGeGeSiGeSiGeSi
    37109.5234375000 SiGeSiGeGeGeGeGeSiSiSiGeGeGeGeGeSiSiGeSiGeGeGeGeGeGeSiSiGeGeSiGeGeGeGeSiGeSiGeGeGeGeGeGeGeGeGeGeGeGeGeGeSiGeGeSiGeSiGeSi
    37109.5234375000 SiGeSiGeGeGeGeGeSiSiSiGeGeGeGeGeSiSiGeSiGeGeGeGeGeGeSiSiGeGeSiGeGeGeGeSiGeSiGeGeGeGeGeGeGeGeGeGeGeGeGeGeSiGeGeSiGeSiGeSi
    37109.5234375000 SiGeSiGeGeGeGeGeSiSiSiGeGeGeGeGeSiSiGeSiGeGeGeGeGeGeSiSiGeGeSiGeGeGeGeSiGeSiGeGeGeGeGeGeGeGeGeGeGeGeGeGeSiGeGeSiGeSiGeSi
    37109.5234375000 SiGeSiGeGeGeGeGeSiSiSiGeGeGeGeGeSiSiGeSiGeGeGeGeGeGeSiSiGeGeSiGeGeGeGeSiGeSiGeGeGeGeGeGeGeGeGeGeGeGeGeGeSiGeGeSiGeSiGeSi
    37109.5234375000 SiGeSiGeGeGeGeGeSiSiSiGeGeGeGeGeSiSiGeSiGeGeGeGeGeGeSiSiGeGeSiGeGeGeGeSiGeSiGeGeGeGeGeGeGeGeGeGeGeGeGeGeSiGeGeSiGeSiGeSi
    37109.5234375000 SiGeSiGeGeGeGeGeSiSiSiGeGeGeGeGeSiSiGeSiGeGeGeGeGeGeSiSiGeGeSiGeGeGeGeSiGeSiGeGeGeGeGeGeGeGeGeGeGeGeGeGeSiGeGeSiGeSiGeSi
    37109.5234375000 SiGeSiGeGeGeGeGeSiSiSiGeGeGeGeGeSiSiGeSiGeGeGeGeGeGeSiSiGeGeSiGeGeGeGeSiGeSiGeGeGeGeGeGeGeGeGeGeGeGeGeGeSiGeGeSiGeSiGeSi
    37109.5234375000 SiGeSiGeGeGeGeGeSiSiSiGeGeGeGeGeSiSiGeSiGeGeGeGeGeGeSiSiGeGeSiGeGeGeGeSiGeSiGeGeGeGeGeGeGeGeGeGeGeGeGeGeSiGeGeSiGeSiGeSi
    37109.5234375000 SiGeSiGeGeGeGeGeSiSiSiGeGeGeGeGeSiSiGeSiGeGeGeGeGeGeSiSiGeGeSiGeGeGeGeSiGeSiGeGeGeGeGeGeGeGeGeGeGeGeGeGeSiGeGeSiGeSiGeSi
    37109.5234375000 SiGeSiGeGeGeGeGeSiSiSiGeGeGeGeGeSiSiGeSiGeGeGeGeGeGeSiSiGeGeSiGeGeGeGeSiGeSiGeGeGeGeGeGeGeGeGeGeGeGeGeGeSiGeGeSiGeSiGeSi
    37109.5234375000 SiGeSiGeGeGeGeGeSiSiSiGeGeGeGeGeSiSiGeSiGeGeGeGeGeGeSiSiGeGeSiGeGeGeGeSiGeSiGeGeGeGeGeGeGeGeGeGeGeGeGeGeSiGeGeSiGeSiGeSi
    37109.5234375000 SiGeSiGeGeGeGeGeSiSiSiGeGeGeGeGeSiSiGeSiGeGeGeGeGeGeSiSiGeGeSiGeGeGeGeSiGeSiGeGeGeGeGeGeGeGeGeGeGeGeGeGeSiGeGeSiGeSiGeSi
    37109.5234375000 SiGeSiGeGeGeGeGeSiSiSiGeGeGeGeGeSiSiGeSiGeGeGeGeGeGeSiSiGeGeSiGeGeGeGeSiGeSiGeGeGeGeGeGeGeGeGeGeGeGeGeGeSiGeGeSiGeSiGeSi
    37109.5234375000 SiGeSiGeGeGeGeGeSiSiSiGeGeGeGeGeSiSiGeSiGeGeGeGeGeGeSiSiGeGeSiGeGeGeGeSiGeSiGeGeGeGeGeGeGeGeGeGeGeGeGeGeSiGeGeSiGeSiGeSi
    37109.5234375000 SiGeSiGeGeGeGeGeSiSiSiGeGeGeGeGeSiSiGeSiGeGeGeGeGeGeSiSiGeGeSiGeGeGeGeSiGeSiGeGeGeGeGeGeGeGeGeGeGeGeGeGeSiGeGeSiGeSiGeSi
    37109.5234375000 SiGeSiGeGeGeGeGeSiSiSiGeGeGeGeGeSiSiGeSiGeGeGeGeGeGeSiSiGeGeSiGeGeGeGeSiGeSiGeGeGeGeGeGeGeGeGeGeGeGeGeGeSiGeGeSiGeSiGeSi
    37109.5234375000 SiGeSiGeGeGeGeGeSiSiSiGeGeGeGeGeSiSiGeSiGeGeGeGeGeGeSiSiGeGeSiGeGeGeGeSiGeSiGeGeGeGeGeGeGeGeGeGeGeGeGeGeSiGeGeSiGeSiGeSi
    37109.5234375000 SiGeSiGeGeGeGeGeSiSiSiGeGeGeGeGeSiSiGeSiGeGeGeGeGeGeSiSiGeGeSiGeGeGeGeSiGeSiGeGeGeGeGeGeGeGeGeGeGeGeGeGeSiGeGeSiGeSiGeSi
    37109.5234375000 SiGeSiGeGeGeGeGeSiSiSiGeGeGeGeGeSiSiGeSiGeGeGeGeGeGeSiSiGeGeSiGeGeGeGeSiGeSiGeGeGeGeGeGeGeGeGeGeGeGeGeGeSiGeGeSiGeSiGeSi
    37109.5234375000 SiGeSiGeGeGeGeGeSiSiSiGeGeGeGeGeSiSiGeSiGeGeGeGeGeGeSiSiGeGeSiGeGeGeGeSiGeSiGeGeGeGeGeGeGeGeGeGeGeGeGeGeSiGeGeSiGeSiGeSi
    37109.5234375000 SiGeSiGeGeGeGeGeSiSiSiGeGeGeGeGeSiSiGeSiGeGeGeGeGeGeSiSiGeGeSiGeGeGeGeSiGeSiGeGeGeGeGeGeGeGeGeGeGeGeGeGeSiGeGeSiGeSiGeSi
    37109.5234375000 SiGeSiGeGeGeGeGeSiSiSiGeGeGeGeGeSiSiGeSiGeGeGeGeGeGeSiSiGeGeSiGeGeGeGeSiGeSiGeGeGeGeGeGeGeGeGeGeGeGeGeGeSiGeGeSiGeSiGeSi
    37109.5234375000 SiGeSiGeGeGeGeGeSiSiSiGeGeGeGeGeSiSiGeSiGeGeGeGeGeGeSiSiGeGeSiGeGeGeGeSiGeSiGeGeGeGeGeGeGeGeGeGeGeGeGeGeSiGeGeSiGeSiGeSi
    37109.5234375000 SiGeSiGeGeGeGeGeSiSiSiGeGeGeGeGeSiSiGeSiGeGeGeGeGeGeSiSiGeGeSiGeGeGeGeSiGeSiGeGeGeGeGeGeGeGeGeGeGeGeGeGeSiGeGeSiGeSiGeSi
    37109.5234375000 SiGeSiGeGeGeGeGeSiSiSiGeGeGeGeGeSiSiGeSiGeGeGeGeGeGeSiSiGeGeSiGeGeGeGeSiGeSiGeGeGeGeGeGeGeGeGeGeGeGeGeGeSiGeGeSiGeSiGeSi
    37109.5234375000 SiGeSiGeGeGeGeGeSiSiSiGeGeGeGeGeSiSiGeSiGeGeGeGeGeGeSiSiGeGeSiGeGeGeGeSiGeSiGeGeGeGeGeGeGeGeGeGeGeGeGeGeSiGeGeSiGeSiGeSi
    37109.5234375000 SiGeSiGeGeGeGeGeSiSiSiGeGeGeGeGeSiSiGeSiGeGeGeGeGeGeSiSiGeGeSiGeGeGeGeSiGeSiGeGeGeGeGeGeGeGeGeGeGeGeGeGeSiGeGeSiGeSiGeSi
    37109.5234375000 SiGeSiGeGeGeGeGeSiSiSiGeGeGeGeGeSiSiGeSiGeGeGeGeGeGeSiSiGeGeSiGeGeGeGeSiGeSiGeGeGeGeGeGeGeGeGeGeGeGeGeGeSiGeGeSiGeSiGeSi
    37109.5234375000 SiGeSiGeGeGeGeGeSiSiSiGeGeGeGeGeSiSiGeSiGeGeGeGeGeGeSiSiGeGeSiGeGeGeGeSiGeSiGeGeGeGeGeGeGeGeGeGeGeGeGeGeSiGeGeSiGeSiGeSi
    37109.5234375000 SiGeSiGeGeGeGeGeSiSiSiGeGeGeGeGeSiSiGeSiGeGeGeGeGeGeSiSiGeGeSiGeGeGeGeSiGeSiGeGeGeGeGeGeGeGeGeGeGeGeGeGeSiGeGeSiGeSiGeSi
    37109.5234375000 SiGeSiGeGeGeGeGeSiSiSiGeGeGeGeGeSiSiGeSiGeGeGeGeGeGeSiSiGeGeSiGeGeGeGeSiGeSiGeGeGeGeGeGeGeGeGeGeGeGeGeGeSiGeGeSiGeSiGeSi
    37109.5234375000 SiGeSiGeGeGeGeGeSiSiSiGeGeGeGeGeSiSiGeSiGeGeGeGeGeGeSiSiGeGeSiGeGeGeGeSiGeSiGeGeGeGeGeGeGeGeGeGeGeGeGeGeSiGeGeSiGeSiGeSi
    37109.5234375000 SiGeSiGeGeGeGeGeSiSiSiGeGeGeGeGeSiSiGeSiGeGeGeGeGeGeSiSiGeGeSiGeGeGeGeSiGeSiGeGeGeGeGeGeGeGeGeGeGeGeGeGeSiGeGeSiGeSiGeSi
    37109.5234375000 SiGeSiGeGeGeGeGeSiSiSiGeGeGeGeGeSiSiGeSiGeGeGeGeGeGeSiSiGeGeSiGeGeGeGeSiGeSiGeGeGeGeGeGeGeGeGeGeGeGeGeGeSiGeGeSiGeSiGeSi
    37109.5234375000 SiGeSiGeGeGeGeGeSiSiSiGeGeGeGeGeSiSiGeSiGeGeGeGeGeGeSiSiGeGeSiGeGeGeGeSiGeSiGeGeGeGeGeGeGeGeGeGeGeGeGeGeSiGeGeSiGeSiGeSi
    37109.5234375000 SiGeSiGeGeGeGeGeSiSiSiGeGeGeGeGeSiSiGeSiGeGeGeGeGeGeSiSiGeGeSiGeGeGeGeSiGeSiGeGeGeGeGeGeGeGeGeGeGeGeGeGeSiGeGeSiGeSiGeSi
    37109.5234375000 SiGeSiGeGeGeGeGeSiSiSiGeGeGeGeGeSiSiGeSiGeGeGeGeGeGeSiSiGeGeSiGeGeGeGeSiGeSiGeGeGeGeGeGeGeGeGeGeGeGeGeGeSiGeGeSiGeSiGeSi
    37109.5234375000 SiGeSiGeGeGeGeGeSiSiSiGeGeGeGeGeSiSiGeSiGeGeGeGeGeGeSiSiGeGeSiGeGeGeGeSiGeSiGeGeGeGeGeGeGeGeGeGeGeGeGeGeSiGeGeSiGeSiGeSi
    37109.5234375000 SiGeSiGeGeGeGeGeSiSiSiGeGeGeGeGeSiSiGeSiGeGeGeGeGeGeSiSiGeGeSiGeGeGeGeSiGeSiGeGeGeGeGeGeGeGeGeGeGeGeGeGeSiGeGeSiGeSiGeSi
    37109.5234375000 SiGeSiGeGeGeGeGeSiSiSiGeGeGeGeGeSiSiGeSiGeGeGeGeGeGeSiSiGeGeSiGeGeGeGeSiGeSiGeGeGeGeGeGeGeGeGeGeGeGeGeGeSiGeGeSiGeSiGeSi
    37109.5234375000 SiGeSiGeGeGeGeGeSiSiSiGeGeGeGeGeSiSiGeSiGeGeGeGeGeGeSiSiGeGeSiGeGeGeGeSiGeSiGeGeGeGeGeGeGeGeGeGeGeGeGeGeSiGeGeSiGeSiGeSi
    37109.5234375000 SiGeSiGeGeGeGeGeSiSiSiGeGeGeGeGeSiSiGeSiGeGeGeGeGeGeSiSiGeGeSiGeGeGeGeSiGeSiGeGeGeGeGeGeGeGeGeGeGeGeGeGeSiGeGeSiGeSiGeSi
    37109.5234375000 SiGeSiGeGeGeGeGeSiSiSiGeGeGeGeGeSiSiGeSiGeGeGeGeGeGeSiSiGeGeSiGeGeGeGeSiGeSiGeGeGeGeGeGeGeGeGeGeGeGeGeGeSiGeGeSiGeSiGeSi
    37109.5234375000 SiGeSiGeGeGeGeGeSiSiSiGeGeGeGeGeSiSiGeSiGeGeGeGeGeGeSiSiGeGeSiGeGeGeGeSiGeSiGeGeGeGeGeGeGeGeGeGeGeGeGeGeSiGeGeSiGeSiGeSi
    37109.5234375000 SiGeSiGeGeGeGeGeSiSiSiGeGeGeGeGeSiSiGeSiGeGeGeGeGeGeSiSiGeGeSiGeGeGeGeSiGeSiGeGeGeGeGeGeGeGeGeGeGeGeGeGeSiGeGeSiGeSiGeSi
    37109.5234375000 SiGeSiGeGeGeGeGeSiSiSiGeGeGeGeGeSiSiGeSiGeGeGeGeGeGeSiSiGeGeSiGeGeGeGeSiGeSiGeGeGeGeGeGeGeGeGeGeGeGeGeGeSiGeGeSiGeSiGeSi
    37109.5234375000 SiGeSiGeGeGeGeGeSiSiSiGeGeGeGeGeSiSiGeSiGeGeGeGeGeGeSiSiGeGeSiGeGeGeGeSiGeSiGeGeGeGeGeGeGeGeGeGeGeGeGeGeSiGeGeSiGeSiGeSi
    37109.5234375000 SiGeSiGeGeGeGeGeSiSiSiGeGeGeGeGeSiSiGeSiGeGeGeGeGeGeSiSiGeGeSiGeGeGeGeSiGeSiGeGeGeGeGeGeGeGeGeGeGeGeGeGeSiGeGeSiGeSiGeSi
    37109.5234375000 SiGeSiGeGeGeGeGeSiSiSiGeGeGeGeGeSiSiGeSiGeGeGeGeGeGeSiSiGeGeSiGeGeGeGeSiGeSiGeGeGeGeGeGeGeGeGeGeGeGeGeGeSiGeGeSiGeSiGeSi
    37109.5234375000 SiGeSiGeGeGeGeGeSiSiSiGeGeGeGeGeSiSiGeSiGeGeGeGeGeGeSiSiGeGeSiGeGeGeGeSiGeSiGeGeGeGeGeGeGeGeGeGeGeGeGeGeSiGeGeSiGeSiGeSi
    37109.5234375000 SiGeSiGeGeGeGeGeSiSiSiGeGeGeGeGeSiSiGeSiGeGeGeGeGeGeSiSiGeGeSiGeGeGeGeSiGeSiGeGeGeGeGeGeGeGeGeGeGeGeGeGeSiGeGeSiGeSiGeSi
    37109.5234375000 SiGeSiGeGeGeGeGeSiSiSiGeGeGeGeGeSiSiGeSiGeGeGeGeGeGeSiSiGeGeSiGeGeGeGeSiGeSiGeGeGeGeGeGeGeGeGeGeGeGeGeGeSiGeGeSiGeSiGeSi
    37109.5234375000 SiGeSiGeGeGeGeGeSiSiSiGeGeGeGeGeSiSiGeSiGeGeGeGeGeGeSiSiGeGeSiGeGeGeGeSiGeSiGeGeGeGeGeGeGeGeGeGeGeGeGeGeSiGeGeSiGeSiGeSi
    37109.5234375000 SiGeSiGeGeGeGeGeSiSiSiGeGeGeGeGeSiSiGeSiGeGeGeGeGeGeSiSiGeGeSiGeGeGeGeSiGeSiGeGeGeGeGeGeGeGeGeGeGeGeGeGeSiGeGeSiGeSiGeSi
    37109.5234375000 SiGeSiGeGeGeGeGeSiSiSiGeGeGeGeGeSiSiGeSiGeGeGeGeGeGeSiSiGeGeSiGeGeGeGeSiGeSiGeGeGeGeGeGeGeGeGeGeGeGeGeGeSiGeGeSiGeSiGeSi
    37109.5234375000 SiGeSiGeGeGeGeGeSiSiSiGeGeGeGeGeSiSiGeSiGeGeGeGeGeGeSiSiGeGeSiGeGeGeGeSiGeSiGeGeGeGeGeGeGeGeGeGeGeGeGeGeSiGeGeSiGeSiGeSi
    37109.5234375000 SiGeSiGeGeGeGeGeSiSiSiGeGeGeGeGeSiSiGeSiGeGeGeGeGeGeSiSiGeGeSiGeGeGeGeSiGeSiGeGeGeGeGeGeGeGeGeGeGeGeGeGeSiGeGeSiGeSiGeSi
    37109.5234375000 SiGeSiGeGeGeGeGeSiSiSiGeGeGeGeGeSiSiGeSiGeGeGeGeGeGeSiSiGeGeSiGeGeGeGeSiGeSiGeGeGeGeGeGeGeGeGeGeGeGeGeGeSiGeGeSiGeSiGeSi
    37109.5234375000 SiGeSiGeGeGeGeGeSiSiSiGeGeGeGeGeSiSiGeSiGeGeGeGeGeGeSiSiGeGeSiGeGeGeGeSiGeSiGeGeGeGeGeGeGeGeGeGeGeGeGeGeSiGeGeSiGeSiGeSi
    37109.5234375000 SiGeSiGeGeGeGeGeSiSiSiGeGeGeGeGeSiSiGeSiGeGeGeGeGeGeSiSiGeGeSiGeGeGeGeSiGeSiGeGeGeGeGeGeGeGeGeGeGeGeGeGeSiGeGeSiGeSiGeSi
    37109.5234375000 SiGeSiGeGeGeGeGeSiSiSiGeGeGeGeGeSiSiGeSiGeGeGeGeGeGeSiSiGeGeSiGeGeGeGeSiGeSiGeGeGeGeGeGeGeGeGeGeGeGeGeGeSiGeGeSiGeSiGeSi
    37109.5234375000 SiGeSiGeGeGeGeGeSiSiSiGeGeGeGeGeSiSiGeSiGeGeGeGeGeGeSiSiGeGeSiGeGeGeGeSiGeSiGeGeGeGeGeGeGeGeGeGeGeGeGeGeSiGeGeSiGeSiGeSi
    37109.5234375000 SiGeSiGeGeGeGeGeSiSiSiGeGeGeGeGeSiSiGeSiGeGeGeGeGeGeSiSiGeGeSiGeGeGeGeSiGeSiGeGeGeGeGeGeGeGeGeGeGeGeGeGeSiGeGeSiGeSiGeSi
    37109.5234375000 SiGeSiGeGeGeGeGeSiSiSiGeGeGeGeGeSiSiGeSiGeGeGeGeGeGeSiSiGeGeSiGeGeGeGeSiGeSiGeGeGeGeGeGeGeGeGeGeGeGeGeGeSiGeGeSiGeSiGeSi
    37109.5234375000 SiGeSiGeGeGeGeGeSiSiSiGeGeGeGeGeSiSiGeSiGeGeGeGeGeGeSiSiGeGeSiGeGeGeGeSiGeSiGeGeGeGeGeGeGeGeGeGeGeGeGeGeSiGeGeSiGeSiGeSi
    37109.5234375000 SiGeSiGeGeGeGeGeSiSiSiGeGeGeGeGeSiSiGeSiGeGeGeGeGeGeSiSiGeGeSiGeGeGeGeSiGeSiGeGeGeGeGeGeGeGeGeGeGeGeGeGeSiGeGeSiGeSiGeSi
    37109.5234375000 SiGeSiGeGeGeGeGeSiSiSiGeGeGeGeGeSiSiGeSiGeGeGeGeGeGeSiSiGeGeSiGeGeGeGeSiGeSiGeGeGeGeGeGeGeGeGeGeGeGeGeGeSiGeGeSiGeSiGeSi
    37109.5234375000 SiGeSiGeGeGeGeGeSiSiSiGeGeGeGeGeSiSiGeSiGeGeGeGeGeGeSiSiGeGeSiGeGeGeGeSiGeSiGeGeGeGeGeGeGeGeGeGeGeGeGeGeSiGeGeSiGeSiGeSi
    37109.5234375000 SiGeSiGeGeGeGeGeSiSiSiGeGeGeGeGeSiSiGeSiGeGeGeGeGeGeSiSiGeGeSiGeGeGeGeSiGeSiGeGeGeGeGeGeGeGeGeGeGeGeGeGeSiGeGeSiGeSiGeSi
    37109.5234375000 SiGeSiGeGeGeGeGeSiSiSiGeGeGeGeGeSiSiGeSiGeGeGeGeGeGeSiSiGeGeSiGeGeGeGeSiGeSiGeGeGeGeGeGeGeGeGeGeGeGeGeGeSiGeGeSiGeSiGeSi
    37109.5234375000 SiGeSiGeGeGeGeGeSiSiSiGeGeGeGeGeSiSiGeSiGeGeGeGeGeGeSiSiGeGeSiGeGeGeGeSiGeSiGeGeGeGeGeGeGeGeGeGeGeGeGeGeSiGeGeSiGeSiGeSi
    37109.5234375000 SiGeSiGeGeGeGeGeSiSiSiGeGeGeGeGeSiSiGeSiGeGeGeGeGeGeSiSiGeGeSiGeGeGeGeSiGeSiGeGeGeGeGeGeGeGeGeGeGeGeGeGeSiGeGeSiGeSiGeSi
    37109.5234375000 SiGeSiGeGeGeGeGeSiSiSiGeGeGeGeGeSiSiGeSiGeGeGeGeGeGeSiSiGeGeSiGeGeGeGeSiGeSiGeGeGeGeGeGeGeGeGeGeGeGeGeGeSiGeGeSiGeSiGeSi
    37109.5234375000 SiGeSiGeGeGeGeGeSiSiSiGeGeGeGeGeSiSiGeSiGeGeGeGeGeGeSiSiGeGeSiGeGeGeGeSiGeSiGeGeGeGeGeGeGeGeGeGeGeGeGeGeSiGeGeSiGeSiGeSi
    37109.5234375000 SiGeSiGeGeGeGeGeSiSiSiGeGeGeGeGeSiSiGeSiGeGeGeGeGeGeSiSiGeGeSiGeGeGeGeSiGeSiGeGeGeGeGeGeGeGeGeGeGeGeGeGeSiGeGeSiGeSiGeSi
    37109.5234375000 SiGeSiGeGeGeGeGeSiSiSiGeGeGeGeGeSiSiGeSiGeGeGeGeGeGeSiSiGeGeSiGeGeGeGeSiGeSiGeGeGeGeGeGeGeGeGeGeGeGeGeGeSiGeGeSiGeSiGeSi
    37109.5234375000 SiGeSiGeGeGeGeGeSiSiSiGeGeGeGeGeSiSiGeSiGeGeGeGeGeGeSiSiGeGeSiGeGeGeGeSiGeSiGeGeGeGeGeGeGeGeGeGeGeGeGeGeSiGeGeSiGeSiGeSi
    37109.5234375000 SiGeSiGeGeGeGeGeSiSiSiGeGeGeGeGeSiSiGeSiGeGeGeGeGeGeSiSiGeGeSiGeGeGeGeSiGeSiGeGeGeGeGeGeGeGeGeGeGeGeGeGeSiGeGeSiGeSiGeSi
    37109.5234375000 SiGeSiGeGeGeGeGeSiSiSiGeGeGeGeGeSiSiGeSiGeGeGeGeGeGeSiSiGeGeSiGeGeGeGeSiGeSiGeGeGeGeGeGeGeGeGeGeGeGeGeGeSiGeGeSiGeSiGeSi
    37109.5234375000 SiGeSiGeGeGeGeGeSiSiSiGeGeGeGeGeSiSiGeSiGeGeGeGeGeGeSiSiGeGeSiGeGeGeGeSiGeSiGeGeGeGeGeGeGeGeGeGeGeGeGeGeSiGeGeSiGeSiGeSi
    37109.5234375000 SiGeSiGeGeGeGeGeSiSiSiGeGeGeGeGeSiSiGeSiGeGeGeGeGeGeSiSiGeGeSiGeGeGeGeSiGeSiGeGeGeGeGeGeGeGeGeGeGeGeGeGeSiGeGeSiGeSiGeSi
    37109.5234375000 SiGeSiGeGeGeGeGeSiSiSiGeGeGeGeGeSiSiGeSiGeGeGeGeGeGeSiSiGeGeSiGeGeGeGeSiGeSiGeGeGeGeGeGeGeGeGeGeGeGeGeGeSiGeGeSiGeSiGeSi
    37109.5234375000 SiGeSiGeGeGeGeGeSiSiSiGeGeGeGeGeSiSiGeSiGeGeGeGeGeGeSiSiGeGeSiGeGeGeGeSiGeSiGeGeGeGeGeGeGeGeGeGeGeGeGeGeSiGeGeSiGeSiGeSi
    37109.5234375000 SiGeSiGeGeGeGeGeSiSiSiGeGeGeGeGeSiSiGeSiGeGeGeGeGeGeSiSiGeGeSiGeGeGeGeSiGeSiGeGeGeGeGeGeGeGeGeGeGeGeGeGeSiGeGeSiGeSiGeSi
    37109.5234375000 SiGeSiGeGeGeGeGeSiSiSiGeGeGeGeGeSiSiGeSiGeGeGeGeGeGeSiSiGeGeSiGeGeGeGeSiGeSiGeGeGeGeGeGeGeGeGeGeGeGeGeGeSiGeGeSiGeSiGeSi
    37109.5234375000 SiGeSiGeGeGeGeGeSiSiSiGeGeGeGeGeSiSiGeSiGeGeGeGeGeGeSiSiGeGeSiGeGeGeGeSiGeSiGeGeGeGeGeGeGeGeGeGeGeGeGeGeSiGeGeSiGeSiGeSi
    37109.5234375000 SiGeSiGeGeGeGeGeSiSiSiGeGeGeGeGeSiSiGeSiGeGeGeGeGeGeSiSiGeGeSiGeGeGeGeSiGeSiGeGeGeGeGeGeGeGeGeGeGeGeGeGeSiGeGeSiGeSiGeSi
    37109.5234375000 SiGeSiGeGeGeGeGeSiSiSiGeGeGeGeGeSiSiGeSiGeGeGeGeGeGeSiSiGeGeSiGeGeGeGeSiGeSiGeGeGeGeGeGeGeGeGeGeGeGeGeGeSiGeGeSiGeSiGeSi
    37109.5234375000 SiGeSiGeGeGeGeGeSiSiSiGeGeGeGeGeSiSiGeSiGeGeGeGeGeGeSiSiGeGeSiGeGeGeGeSiGeSiGeGeGeGeGeGeGeGeGeGeGeGeGeGeSiGeGeSiGeSiGeSi
    37109.5234375000 SiGeSiGeGeGeGeGeSiSiSiGeGeGeGeGeSiSiGeSiGeGeGeGeGeGeSiSiGeGeSiGeGeGeGeSiGeSiGeGeGeGeGeGeGeGeGeGeGeGeGeGeSiGeGeSiGeSiGeSi
    37109.5234375000 SiGeSiGeGeGeGeGeSiSiSiGeGeGeGeGeSiSiGeSiGeGeGeGeGeGeSiSiGeGeSiGeGeGeGeSiGeSiGeGeGeGeGeGeGeGeGeGeGeGeGeGeSiGeGeSiGeSiGeSi
    37109.5234375000 SiGeSiGeGeGeGeGeSiSiSiGeGeGeGeGeSiSiGeSiGeGeGeGeGeGeSiSiGeGeSiGeGeGeGeSiGeSiGeGeGeGeGeGeGeGeGeGeGeGeGeGeSiGeGeSiGeSiGeSi
    37109.5234375000 SiGeSiGeGeGeGeGeSiSiSiGeGeGeGeGeSiSiGeSiGeGeGeGeGeGeSiSiGeGeSiGeGeGeGeSiGeSiGeGeGeGeGeGeGeGeGeGeGeGeGeGeSiGeGeSiGeSiGeSi
    37109.5234375000 SiGeSiGeGeGeGeGeSiSiSiGeGeGeGeGeSiSiGeSiGeGeGeGeGeGeSiSiGeGeSiGeGeGeGeSiGeSiGeGeGeGeGeGeGeGeGeGeGeGeGeGeSiGeGeSiGeSiGeSi
    37109.5234375000 SiGeSiGeGeGeGeGeSiSiSiGeGeGeGeGeSiSiGeSiGeGeGeGeGeGeSiSiGeGeSiGeGeGeGeSiGeSiGeGeGeGeGeGeGeGeGeGeGeGeGeGeSiGeGeSiGeSiGeSi
    37109.5234375000 SiGeSiGeGeGeGeGeSiSiSiGeGeGeGeGeSiSiGeSiGeGeGeGeGeGeSiSiGeGeSiGeGeGeGeSiGeSiGeGeGeGeGeGeGeGeGeGeGeGeGeGeSiGeGeSiGeSiGeSi
    37109.5234375000 SiGeSiGeGeGeGeGeSiSiSiGeGeGeGeGeSiSiGeSiGeGeGeGeGeGeSiSiGeGeSiGeGeGeGeSiGeSiGeGeGeGeGeGeGeGeGeGeGeGeGeGeSiGeGeSiGeSiGeSi
    37109.5234375000 SiGeSiGeGeGeGeGeSiSiSiGeGeGeGeGeSiSiGeSiGeGeGeGeGeGeSiSiGeGeSiGeGeGeGeSiGeSiGeGeGeGeGeGeGeGeGeGeGeGeGeGeSiGeGeSiGeSiGeSi
    37109.5234375000 SiGeSiGeGeGeGeGeSiSiSiGeGeGeGeGeSiSiGeSiGeGeGeGeGeGeSiSiGeGeSiGeGeGeGeSiGeSiGeGeGeGeGeGeGeGeGeGeGeGeGeGeSiGeGeSiGeSiGeSi
    37109.5234375000 SiGeSiGeGeGeGeGeSiSiSiGeGeGeGeGeSiSiGeSiGeGeGeGeGeGeSiSiGeGeSiGeGeGeGeSiGeSiGeGeGeGeGeGeGeGeGeGeGeGeGeGeSiGeGeSiGeSiGeSi
    37109.5234375000 SiGeSiGeGeGeGeGeSiSiSiGeGeGeGeGeSiSiGeSiGeGeGeGeGeGeSiSiGeGeSiGeGeGeGeSiGeSiGeGeGeGeGeGeGeGeGeGeGeGeGeGeSiGeGeSiGeSiGeSi
    37109.5234375000 SiGeSiGeGeGeGeGeSiSiSiGeGeGeGeGeSiSiGeSiGeGeGeGeGeGeSiSiGeGeSiGeGeGeGeSiGeSiGeGeGeGeGeGeGeGeGeGeGeGeGeGeSiGeGeSiGeSiGeSi
    37109.5234375000 SiGeSiGeGeGeGeGeSiSiSiGeGeGeGeGeSiSiGeSiGeGeGeGeGeGeSiSiGeGeSiGeGeGeGeSiGeSiGeGeGeGeGeGeGeGeGeGeGeGeGeGeSiGeGeSiGeSiGeSi
    37109.5234375000 SiGeSiGeGeGeGeGeSiSiSiGeGeGeGeGeSiSiGeSiGeGeGeGeGeGeSiSiGeGeSiGeGeGeGeSiGeSiGeGeGeGeGeGeGeGeGeGeGeGeGeGeSiGeGeSiGeSiGeSi
    37109.5234375000 SiGeSiGeGeGeGeGeSiSiSiGeGeGeGeGeSiSiGeSiGeGeGeGeGeGeSiSiGeGeSiGeGeGeGeSiGeSiGeGeGeGeGeGeGeGeGeGeGeGeGeGeSiGeGeSiGeSiGeSi
    37109.5234375000 SiGeSiGeGeGeGeGeSiSiSiGeGeGeGeGeSiSiGeSiGeGeGeGeGeGeSiSiGeGeSiGeGeGeGeSiGeSiGeGeGeGeGeGeGeGeGeGeGeGeGeGeSiGeGeSiGeSiGeSi
    37109.5234375000 SiGeSiGeGeGeGeGeSiSiSiGeGeGeGeGeSiSiGeSiGeGeGeGeGeGeSiSiGeGeSiGeGeGeGeSiGeSiGeGeGeGeGeGeGeGeGeGeGeGeGeGeSiGeGeSiGeSiGeSi
    37109.5234375000 SiGeSiGeGeGeGeGeSiSiSiGeGeGeGeGeSiSiGeSiGeGeGeGeGeGeSiSiGeGeSiGeGeGeGeSiGeSiGeGeGeGeGeGeGeGeGeGeGeGeGeGeSiGeGeSiGeSiGeSi
    37109.5234375000 SiGeSiGeGeGeGeGeSiSiSiGeGeGeGeGeSiSiGeSiGeGeGeGeGeGeSiSiGeGeSiGeGeGeGeSiGeSiGeGeGeGeGeGeGeGeGeGeGeGeGeGeSiGeGeSiGeSiGeSi
    37109.5234375000 SiGeSiGeGeGeGeGeSiSiSiGeGeGeGeGeSiSiGeSiGeGeGeGeGeGeSiSiGeGeSiGeGeGeGeSiGeSiGeGeGeGeGeGeGeGeGeGeGeGeGeGeSiGeGeSiGeSiGeSi
    37109.5234375000 SiGeSiGeGeGeGeGeSiSiSiGeGeGeGeGeSiSiGeSiGeGeGeGeGeGeSiSiGeGeSiGeGeGeGeSiGeSiGeGeGeGeGeGeGeGeGeGeGeGeGeGeSiGeGeSiGeSiGeSi
    37109.5234375000 SiGeSiGeGeGeGeGeSiSiSiGeGeGeGeGeSiSiGeSiGeGeGeGeGeGeSiSiGeGeSiGeGeGeGeSiGeSiGeGeGeGeGeGeGeGeGeGeGeGeGeGeSiGeGeSiGeSiGeSi
    37109.5234375000 SiGeSiGeGeGeGeGeSiSiSiGeGeGeGeGeSiSiGeSiGeGeGeGeGeGeSiSiGeGeSiGeGeGeGeSiGeSiGeGeGeGeGeGeGeGeGeGeGeGeGeGeSiGeGeSiGeSiGeSi
    37109.5234375000 SiGeSiGeGeGeGeGeSiSiSiGeGeGeGeGeSiSiGeSiGeGeGeGeGeGeSiSiGeGeSiGeGeGeGeSiGeSiGeGeGeGeGeGeGeGeGeGeGeGeGeGeSiGeGeSiGeSiGeSi
    37109.5234375000 SiGeSiGeGeGeGeGeSiSiSiGeGeGeGeGeSiSiGeSiGeGeGeGeGeGeSiSiGeGeSiGeGeGeGeSiGeSiGeGeGeGeGeGeGeGeGeGeGeGeGeGeSiGeGeSiGeSiGeSi
    37109.5234375000 SiGeSiGeGeGeGeGeSiSiSiGeGeGeGeGeSiSiGeSiGeGeGeGeGeGeSiSiGeGeSiGeGeGeGeSiGeSiGeGeGeGeGeGeGeGeGeGeGeGeGeGeSiGeGeSiGeSiGeSi
    37109.5234375000 SiGeSiGeGeGeGeGeSiSiSiGeGeGeGeGeSiSiGeSiGeGeGeGeGeGeSiSiGeGeSiGeGeGeGeSiGeSiGeGeGeGeGeGeGeGeGeGeGeGeGeGeSiGeGeSiGeSiGeSi
    37109.5234375000 SiGeSiGeGeGeGeGeSiSiSiGeGeGeGeGeSiSiGeSiGeGeGeGeGeGeSiSiGeGeSiGeGeGeGeSiGeSiGeGeGeGeGeGeGeGeGeGeGeGeGeGeSiGeGeSiGeSiGeSi
    37109.5234375000 SiGeSiGeGeGeGeGeSiSiSiGeGeGeGeGeSiSiGeSiGeGeGeGeGeGeSiSiGeGeSiGeGeGeGeSiGeSiGeGeGeGeGeGeGeGeGeGeGeGeGeGeSiGeGeSiGeSiGeSi
    37109.5234375000 SiGeSiGeGeGeGeGeSiSiSiGeGeGeGeGeSiSiGeSiGeGeGeGeGeGeSiSiGeGeSiGeGeGeGeSiGeSiGeGeGeGeGeGeGeGeGeGeGeGeGeGeSiGeGeSiGeSiGeSi
    37109.5234375000 SiGeSiGeGeGeGeGeSiSiSiGeGeGeGeGeSiSiGeSiGeGeGeGeGeGeSiSiGeGeSiGeGeGeGeSiGeSiGeGeGeGeGeGeGeGeGeGeGeGeGeGeSiGeGeSiGeSiGeSi
    37109.5234375000 SiGeSiGeGeGeGeGeSiSiSiGeGeGeGeGeSiSiGeSiGeGeGeGeGeGeSiSiGeGeSiGeGeGeGeSiGeSiGeGeGeGeGeGeGeGeGeGeGeGeGeGeSiGeGeSiGeSiGeSi
    37109.5234375000 SiGeSiGeGeGeGeGeSiSiSiGeGeGeGeGeSiSiGeSiGeGeGeGeGeGeSiSiGeGeSiGeGeGeGeSiGeSiGeGeGeGeGeGeGeGeGeGeGeGeGeGeSiGeGeSiGeSiGeSi
    37109.5234375000 SiGeSiGeGeGeGeGeSiSiSiGeGeGeGeGeSiSiGeSiGeGeGeGeGeGeSiSiGeGeSiGeGeGeGeSiGeSiGeGeGeGeGeGeGeGeGeGeGeGeGeGeSiGeGeSiGeSiGeSi
    37109.5234375000 SiGeSiGeGeGeGeGeSiSiSiGeGeGeGeGeSiSiGeSiGeGeGeGeGeGeSiSiGeGeSiGeGeGeGeSiGeSiGeGeGeGeGeGeGeGeGeGeGeGeGeGeSiGeGeSiGeSiGeSi
    37109.5234375000 SiGeSiGeGeGeGeGeSiSiSiGeGeGeGeGeSiSiGeSiGeGeGeGeGeGeSiSiGeGeSiGeGeGeGeSiGeSiGeGeGeGeGeGeGeGeGeGeGeGeGeGeSiGeGeSiGeSiGeSi
    37109.5234375000 SiGeSiGeGeGeGeGeSiSiSiGeGeGeGeGeSiSiGeSiGeGeGeGeGeGeSiSiGeGeSiGeGeGeGeSiGeSiGeGeGeGeGeGeGeGeGeGeGeGeGeGeSiGeGeSiGeSiGeSi
    37109.5234375000 SiGeSiGeGeGeGeGeSiSiSiGeGeGeGeGeSiSiGeSiGeGeGeGeGeGeSiSiGeGeSiGeGeGeGeSiGeSiGeGeGeGeGeGeGeGeGeGeGeGeGeGeSiGeGeSiGeSiGeSi
    37109.5234375000 SiGeSiGeGeGeGeGeSiSiSiGeGeGeGeGeSiSiGeSiGeGeGeGeGeGeSiSiGeGeSiGeGeGeGeSiGeSiGeGeGeGeGeGeGeGeGeGeGeGeGeGeSiGeGeSiGeSiGeSi
    37109.5234375000 SiGeSiGeGeGeGeGeSiSiSiGeGeGeGeGeSiSiGeSiGeGeGeGeGeGeSiSiGeGeSiGeGeGeGeSiGeSiGeGeGeGeGeGeGeGeGeGeGeGeGeGeSiGeGeSiGeSiGeSi
    37109.5234375000 SiGeSiGeGeGeGeGeSiSiSiGeGeGeGeGeSiSiGeSiGeGeGeGeGeGeSiSiGeGeSiGeGeGeGeSiGeSiGeGeGeGeGeGeGeGeGeGeGeGeGeGeSiGeGeSiGeSiGeSi
filename: c000001153098273.gin     
Cell:
    11.9020996    11.9020996    29.6919994    90.0000000    90.0000000   120.0000000
Box:
    11.9020996    -5.9510503     0.0000000
     0.0000000    10.3075209     0.0000000
     0.0000000     0.0000000    29.6919994
----------------------------------------
Inverse Box:
     0.0840188     0.0485083     0.0000000
     0.0000000     0.0970165     0.0000000
     0.0000000     0.0000000     0.0336791
----------------------------------------
==============================================
geometrical properties of  43 Ge:
 Configuration:           0
 D_ave:   9.11435509       3.55254483    
 D_min:   3.02472091       3.52916233E-02
 energia:   37109.5234    
