Random Seed:  1027672637
Number of atoms:    60
Space Group:    1
Cell:
    11.9020996    11.9020996    29.6919994    90.0000000    90.0000000   120.0000000
Box:
    11.9020996    -5.9510503     0.0000000
     0.0000000    10.3075209     0.0000000
     0.0000000     0.0000000    29.6919994
----------------------------------------
Inverse Box:
     0.0840188     0.0485083     0.0000000
     0.0000000     0.0970165     0.0000000
     0.0000000     0.0000000     0.0336791
----------------------------------------
GeSiSiSiSiSiSiSiSiSiSiSiSiSiSiSiSiSiGeSiSiSiSiSiSiSiSiSiSiSiSiSiSiSiSiSiSiSiSiSiSiSiSiSiSiSiSiSiSiSiSiSiSiSiSiSiSiSiSiSi
           1 Ge    -7733.11670    
GeGeSiSiSiSiSiSiSiSiSiSiSiSiSiSiSiSiGeSiSiSiSiSiSiSiSiSiSiSiSiSiSiSiSiSiSiSiSiSiSiSiSiSiSiSiSiSiSiSiSiSiSiSiSiSiSiSiSiSi
           2 Ge    -7727.16553    
GeGeSiGeSiSiSiSiSiSiSiSiSiSiSiSiSiSiGeSiSiSiSiSiSiSiSiSiSiSiSiSiSiSiSiSiSiSiSiSiSiSiSiSiSiSiSiSiSiSiSiSiSiSiSiSiSiSiSiSi
           4 Ge    -7734.04297    
GeGeSiGeGeSiSiSiSiSiSiSiSiSiSiSiSiSiGeSiSiSiSiSiSiSiSiSiSiSiSiSiSiSiSiSiSiSiSiSiSiSiSiSiSiSiSiSiSiSiSiSiSiSiSiSiSiSiSiSi
           5 Ge    -7752.05762    
GeGeSiGeGeGeSiSiSiSiSiSiSiSiSiSiSiSiGeSiSiSiSiSiSiSiSiSiSiSiSiSiSiSiSiSiSiSiSiSiSiSiSiSiSiSiSiSiSiSiSiSiSiSiSiSiSiSiSiSi
           6 Ge    -7787.14844    
GeGeSiGeGeGeGeSiSiSiSiSiSiSiSiSiSiSiGeSiSiSiSiSiSiSiSiSiSiSiSiSiSiSiSiSiSiSiSiSiSiSiSiSiSiSiSiSiSiSiSiSiSiSiSiSiSiSiSiSi
           7 Ge    -7429.62695    
GeGeSiGeGeGeGeGeSiSiSiSiSiSiSiSiSiSiGeSiSiSiSiSiSiSiSiSiSiSiSiSiSiSiSiSiSiSiSiSiSiSiSiSiSiSiSiSiSiSiSiSiSiSiSiSiSiSiSiSi
           8 Ge    -7572.44824    
GeGeSiGeGeGeGeGeSiSiSiGeSiSiSiSiSiSiGeSiSiSiSiSiSiSiSiSiSiSiSiSiSiSiSiSiSiSiSiSiSiSiSiSiSiSiSiSiSiSiSiSiSiSiSiSiSiSiSiSi
          12 Ge    -7821.77881    
GeGeSiGeGeGeGeGeSiSiSiGeSiGeSiSiSiSiGeSiSiSiSiSiSiSiSiSiSiSiSiSiSiSiSiSiSiSiSiSiSiSiSiSiSiSiSiSiSiSiSiSiSiSiSiSiSiSiSiSi
          14 Ge    -7928.58350    
GeGeSiGeGeGeGeGeSiSiSiGeSiGeSiGeSiSiGeSiSiSiSiSiSiSiSiSiSiSiSiSiSiSiSiSiSiSiSiSiSiSiSiSiSiSiSiSiSiSiSiSiSiSiSiSiSiSiSiSi
          16 Ge    -7268.72900    
GeGeSiGeGeGeGeGeSiSiSiGeSiGeSiGeSiSiGeSiSiSiSiSiSiGeSiSiSiSiSiSiSiSiSiSiSiSiSiSiSiSiSiSiSiSiSiSiSiSiSiSiSiSiSiSiSiSiSiSi
          26 Ge    -6746.50830    
GeGeSiGeGeGeGeGeSiSiSiGeSiGeSiGeSiSiGeSiSiSiSiSiSiGeSiSiSiGeSiSiSiSiSiSiSiSiSiSiSiSiSiSiSiSiSiSiSiSiSiSiSiSiSiSiSiSiSiSi
          30 Ge    -6551.35547    
GeGeSiGeGeGeGeGeSiSiSiGeSiGeSiGeSiSiGeSiSiSiSiSiSiGeSiSiSiGeSiSiGeSiSiSiSiSiSiSiSiSiSiSiSiSiSiSiSiSiSiSiSiSiSiSiSiSiSiSi
          33 Ge    -7056.99121    
GeGeSiGeGeGeGeGeSiSiSiGeSiGeSiGeSiSiGeSiSiSiSiSiSiGeSiSiSiGeSiSiGeSiSiGeSiSiSiSiSiSiSiSiSiSiSiSiSiSiSiSiSiSiSiSiSiSiSiSi
          36 Ge    -4669.34082    
GeGeSiGeGeGeGeGeSiSiSiGeSiGeSiGeSiSiGeSiSiSiSiSiSiGeSiSiSiGeSiSiGeSiSiGeSiSiGeSiSiSiSiSiSiSiSiSiSiSiSiSiSiSiSiSiSiSiSiSi
          39 Ge    -5169.39990    
GeGeSiGeGeGeGeGeSiSiSiGeSiGeSiGeSiSiGeSiSiSiSiSiSiGeSiSiSiGeSiSiGeSiSiGeSiSiGeSiGeSiSiSiSiSiSiSiSiSiSiSiSiSiSiSiSiSiSiSi
          41 Ge    -5728.77881    
GeGeSiGeGeGeGeGeSiSiSiGeSiGeSiGeSiSiGeSiSiSiSiSiSiGeSiSiSiGeSiSiGeSiSiGeSiSiGeSiGeGeSiSiSiSiSiSiSiSiSiSiSiSiSiSiSiSiSiSi
          42 Ge    -3973.94238    
GeGeSiGeGeGeGeGeSiSiSiGeSiGeSiGeSiSiGeSiSiSiSiSiSiGeSiSiSiGeSiSiGeSiSiGeSiSiGeSiGeGeSiSiGeSiSiSiSiSiSiSiSiSiSiSiSiSiSiSi
          45 Ge    -4734.79736    
GeGeSiGeGeGeGeGeSiSiSiGeSiGeSiGeSiSiGeSiSiSiSiSiSiGeSiSiSiGeSiSiGeSiSiGeSiSiGeSiGeGeSiSiGeGeSiSiSiSiSiSiSiSiSiSiSiSiSiSi
          46 Ge    -4985.21631    
GeGeSiGeGeGeGeGeSiSiSiGeSiGeSiGeSiSiGeSiSiSiSiSiSiGeSiSiSiGeSiSiGeSiSiGeSiSiGeSiGeGeSiSiGeGeSiSiSiSiSiSiSiSiSiSiGeSiSiSi
          57 Ge    -6529.96338    
GeGeGeGeGeGeGeGeSiSiSiGeSiGeSiGeSiSiGeSiSiSiSiSiSiGeSiSiSiGeSiSiGeSiSiGeSiSiGeSiGeGeSiSiGeGeSiSiSiSiSiSiSiSiSiSiGeSiSiSi
           3 Ge    -7265.13428    
GeGeGeGeGeGeGeGeSiGeSiGeSiGeSiGeSiSiGeSiSiSiSiSiSiGeSiSiSiGeSiSiGeSiSiGeSiSiGeSiGeGeSiSiGeGeSiSiSiSiSiSiSiSiSiSiGeSiSiSi
          10 Ge    -5192.84717    
GeGeGeGeGeGeGeGeSiGeGeGeSiGeSiGeSiSiGeSiSiSiSiSiSiGeSiSiSiGeSiSiGeSiSiGeSiSiGeSiGeGeSiSiGeGeSiSiSiSiSiSiSiSiSiSiGeSiSiSi
          11 Ge    -5636.01904    
GeGeGeGeGeGeGeGeSiGeGeGeGeGeSiGeSiSiGeSiSiSiSiSiSiGeSiSiSiGeSiSiGeSiSiGeSiSiGeSiGeGeSiSiGeGeSiSiSiSiSiSiSiSiSiSiGeSiSiSi
          13 Ge    -4148.55713    
GeGeGeGeGeGeGeGeSiGeGeGeGeGeSiGeSiGeGeSiSiSiSiSiSiGeSiSiSiGeSiSiGeSiSiGeSiSiGeSiGeGeSiSiGeGeSiSiSiSiSiSiSiSiSiSiGeSiSiSi
          18 Ge    -118.694824    
GeGeGeGeGeGeGeGeSiGeGeGeGeGeSiGeSiGeGeSiSiSiGeSiSiGeSiSiSiGeSiSiGeSiSiGeSiSiGeSiGeGeSiSiGeGeSiSiSiSiSiSiSiSiSiSiGeSiSiSi
          23 Ge     647.270996    
GeGeGeGeGeGeGeGeSiGeGeGeGeGeSiGeSiGeGeSiSiSiGeGeSiGeSiSiSiGeSiSiGeSiSiGeSiSiGeSiGeGeSiSiGeGeSiSiSiSiSiSiSiSiSiSiGeSiSiSi
          24 Ge     7785.08008    
GeGeGeGeGeGeGeGeSiGeGeGeGeGeSiGeSiGeGeSiSiSiGeGeSiGeSiGeSiGeSiSiGeSiSiGeSiSiGeSiGeGeSiSiGeGeSiSiSiSiSiSiSiSiSiSiGeSiSiSi
          28 Ge     11257.0234    
GeGeGeGeGeGeGeGeSiGeGeGeGeGeSiGeSiGeGeSiSiSiGeGeSiGeSiGeSiGeSiSiGeSiSiGeSiSiGeGeGeGeSiSiGeGeSiSiSiSiSiSiSiSiSiSiGeSiSiSi
          40 Ge     15741.0547    
GeGeGeGeGeGeGeGeSiGeGeGeGeGeSiGeSiGeGeSiSiSiGeGeSiGeSiGeSiGeSiSiGeSiSiGeSiSiGeGeGeGeSiGeGeGeSiSiSiSiSiSiSiSiSiSiGeSiSiSi
          44 Ge     17593.5625    
GeGeGeGeGeGeGeGeSiGeGeGeGeGeSiGeSiGeGeSiSiSiGeGeSiGeSiGeSiGeSiSiGeSiSiGeSiSiGeGeGeGeSiGeGeGeSiSiSiSiSiSiSiSiSiSiGeGeSiSi
          58 Ge     20197.6719    
GeGeGeGeGeGeGeGeGeGeGeGeGeGeSiGeSiGeGeSiSiSiGeGeSiGeSiGeSiGeSiSiGeSiSiGeSiSiGeGeGeGeSiGeGeGeSiSiSiSiSiSiSiSiSiSiGeGeSiSi
           9 Ge     20540.4141    
GeGeGeGeGeGeGeGeGeGeGeGeGeGeGeGeSiGeGeSiSiSiGeGeSiGeSiGeSiGeSiSiGeSiSiGeSiSiGeGeGeGeSiGeGeGeSiSiSiSiSiSiSiSiSiSiGeGeSiSi
          15 Ge     28234.3633    
GeGeGeGeGeGeGeGeGeGeGeGeGeGeGeGeGeGeGeSiSiSiGeGeSiGeSiGeSiGeSiSiGeSiSiGeSiSiGeGeGeGeSiGeGeGeSiSiSiSiSiSiSiSiSiSiGeGeSiSi
          17 Ge     37061.7734    
GeGeGeGeGeGeGeGeGeGeGeGeGeGeGeGeGeGeGeSiGeSiGeGeSiGeSiGeSiGeSiSiGeSiSiGeSiSiGeGeGeGeSiGeGeGeSiSiSiSiSiSiSiSiSiSiGeGeSiSi
          21 Ge     48300.0234    
GeGeGeGeGeGeGeGeGeGeGeGeGeGeGeGeGeGeGeSiGeGeGeGeSiGeSiGeSiGeSiSiGeSiSiGeSiSiGeGeGeGeSiGeGeGeSiSiSiSiSiSiSiSiSiSiGeGeSiSi
          22 Ge     59842.4297    
GeGeGeGeGeGeGeGeGeGeGeGeGeGeGeGeGeGeGeSiGeGeGeGeSiGeSiGeSiGeSiGeGeSiSiGeSiSiGeGeGeGeSiGeGeGeSiSiSiSiSiSiSiSiSiSiGeGeSiSi
          32 Ge     66385.1797    
GeGeGeGeGeGeGeGeGeGeGeGeGeGeGeGeGeGeGeSiGeGeGeGeSiGeSiGeSiGeSiGeGeSiSiGeSiSiGeGeGeGeSiGeGeGeSiSiGeSiSiSiSiSiSiSiGeGeSiSi
          49 Ge     77454.6172    
GeGeGeGeGeGeGeGeGeGeGeGeGeGeGeGeGeGeGeSiGeGeGeGeSiGeSiGeSiGeSiGeGeSiSiGeSiSiGeGeGeGeSiGeGeGeSiSiGeGeSiSiSiSiSiSiGeGeSiSi
          50 Ge     82481.0234    
GeGeGeGeGeGeGeGeGeGeGeGeGeGeGeGeGeGeGeSiGeGeGeGeSiGeSiGeSiGeSiGeGeSiSiGeSiSiGeGeGeGeSiGeGeGeSiSiGeGeGeSiSiSiSiSiGeGeSiSi
          51 Ge     85994.8516    
GeGeGeGeGeGeGeGeGeGeGeGeGeGeGeGeGeGeGeSiGeGeGeGeSiGeSiGeSiGeSiGeGeSiSiGeSiSiGeGeGeGeSiGeGeGeSiSiGeGeGeSiSiSiGeSiGeGeSiSi
          55 Ge     90365.7344    
GeGeGeGeGeGeGeGeGeGeGeGeGeGeGeGeGeGeGeSiGeGeGeGeGeGeSiGeSiGeSiGeGeSiSiGeSiSiGeGeGeGeSiGeGeGeSiSiGeGeGeSiSiSiGeSiGeGeSiSi
          25 Ge     100248.453    
GeGeGeGeGeGeGeGeGeGeGeGeGeGeGeGeGeGeGeSiGeGeGeGeGeGeGeGeSiGeSiGeGeSiSiGeSiSiGeGeGeGeSiGeGeGeSiSiGeGeGeSiSiSiGeSiGeGeSiSi
          27 Ge     110995.547    
==============================================
MonteCarlo: Metropolis with identity changes
Si > Ge, Ge > Si. STOP when occurrence <    0.00000
==============================================
Cost_function     Occurrence %     Scan-Cost
    66565.8125000000 SiGeGeGeSiGeGeGeGeSiGeGeGeGeGeSiGeGeSiGeGeGeGeGeGeGeSiGeGeGeSiGeGeSiSiSiGeGeGeGeGeGeGeGeSiGeGeGeSiSiGeGeGeGeSiGeGeGeSiSi
    66565.8125000000 SiGeGeGeSiGeGeGeGeSiGeGeGeGeGeSiGeGeSiGeGeGeGeGeGeGeSiGeGeGeSiGeGeSiSiSiGeGeGeGeGeGeGeGeSiGeGeGeSiSiGeGeGeGeSiGeGeGeSiSi
    63443.3554687500 SiGeGeSiSiGeSiGeGeSiGeSiGeGeGeGeGeGeGeGeGeGeGeGeGeGeGeGeGeGeSiGeGeSiSiSiGeGeGeSiGeGeGeGeSiSiGeGeSiSiGeGeGeGeSiGeGeGeGeGe
    59663.5625000000 SiGeGeSiSiGeGeGeGeSiGeGeGeGeGeGeGeGeSiGeGeGeGeGeGeSiGeGeGeGeSiGeGeGeSiSiGeGeGeSiGeGeSiGeSiSiGeGeSiSiSiGeGeGeGeGeGeGeGeGe
    59663.5625000000 SiGeGeSiSiGeGeGeGeSiGeGeGeGeGeGeGeGeSiGeGeGeGeGeGeSiGeGeGeGeSiGeGeGeSiSiGeGeGeSiGeGeSiGeSiSiGeGeSiSiSiGeGeGeGeGeGeGeGeGe
    59663.5625000000 SiGeGeSiSiGeGeGeGeSiGeGeGeGeGeGeGeGeSiGeGeGeGeGeGeSiGeGeGeGeSiGeGeGeSiSiGeGeGeSiGeGeSiGeSiSiGeGeSiSiSiGeGeGeGeGeGeGeGeGe
    58009.2187500000 SiSiSiSiSiGeGeGeGeSiGeGeGeGeGeGeGeGeGeGeGeGeGeGeGeGeGeGeGeGeSiGeGeGeGeSiGeGeGeSiGeGeSiGeGeSiGeSiSiSiSiGeGeSiGeGeGeGeGeGe
    56465.7890625000 SiSiSiSiSiGeGeGeGeGeGeGeGeGeGeGeGeGeGeGeGeGeGeGeSiSiGeGeGeGeGeGeGeSiGeSiGeGeGeSiSiGeSiGeGeGeGeSiSiGeSiGeGeGeGeGeSiGeGeGe
    56465.7890625000 SiSiSiSiSiGeGeGeGeGeGeGeGeGeGeGeGeGeGeGeGeGeGeGeSiSiGeGeGeGeGeGeGeSiGeSiGeGeGeSiSiGeSiGeGeGeGeSiSiGeSiGeGeGeGeGeSiGeGeGe
    56465.7890625000 SiSiSiSiSiGeGeGeGeGeGeGeGeGeGeGeGeGeGeGeGeGeGeGeSiSiGeGeGeGeGeGeGeSiGeSiGeGeGeSiSiGeSiGeGeGeGeSiSiGeSiGeGeGeGeGeSiGeGeGe
    56465.7890625000 SiSiSiSiSiGeGeGeGeGeGeGeGeGeGeGeGeGeGeGeGeGeGeGeSiSiGeGeGeGeGeGeGeSiGeSiGeGeGeSiSiGeSiGeGeGeGeSiSiGeSiGeGeGeGeGeSiGeGeGe
    49150.5390625000 GeSiSiSiSiGeSiGeGeGeGeGeGeGeGeGeGeGeSiGeGeSiGeGeGeSiGeGeGeSiGeSiGeSiGeSiGeGeGeGeGeSiGeGeGeGeGeGeGeGeSiSiGeGeGeGeSiGeGeGe
    49150.5390625000 GeSiSiSiSiGeSiGeGeGeGeGeGeGeGeGeGeGeSiGeGeSiGeGeGeSiGeGeGeSiGeSiGeSiGeSiGeGeGeGeGeSiGeGeGeGeGeGeGeGeSiSiGeGeGeGeSiGeGeGe
    49150.5390625000 GeSiSiSiSiGeSiGeGeGeGeGeGeGeGeGeGeGeSiGeGeSiGeGeGeSiGeGeGeSiGeSiGeSiGeSiGeGeGeGeGeSiGeGeGeGeGeGeGeGeSiSiGeGeGeGeSiGeGeGe
    49150.5390625000 GeSiSiSiSiGeSiGeGeGeGeGeGeGeGeGeGeGeSiGeGeSiGeGeGeSiGeGeGeSiGeSiGeSiGeSiGeGeGeGeGeSiGeGeGeGeGeGeGeGeSiSiGeGeGeGeSiGeGeGe
    49150.5390625000 GeSiSiSiSiGeSiGeGeGeGeGeGeGeGeGeGeGeSiGeGeSiGeGeGeSiGeGeGeSiGeSiGeSiGeSiGeGeGeGeGeSiGeGeGeGeGeGeGeGeSiSiGeGeGeGeSiGeGeGe
    49150.5390625000 GeSiSiSiSiGeSiGeGeGeGeGeGeGeGeGeGeGeSiGeGeSiGeGeGeSiGeGeGeSiGeSiGeSiGeSiGeGeGeGeGeSiGeGeGeGeGeGeGeGeSiSiGeGeGeGeSiGeGeGe
    49150.5390625000 GeSiSiSiSiGeSiGeGeGeGeGeGeGeGeGeGeGeSiGeGeSiGeGeGeSiGeGeGeSiGeSiGeSiGeSiGeGeGeGeGeSiGeGeGeGeGeGeGeGeSiSiGeGeGeGeSiGeGeGe
    49150.5390625000 GeSiSiSiSiGeSiGeGeGeGeGeGeGeGeGeGeGeSiGeGeSiGeGeGeSiGeGeGeSiGeSiGeSiGeSiGeGeGeGeGeSiGeGeGeGeGeGeGeGeSiSiGeGeGeGeSiGeGeGe
    49150.5390625000 GeSiSiSiSiGeSiGeGeGeGeGeGeGeGeGeGeGeSiGeGeSiGeGeGeSiGeGeGeSiGeSiGeSiGeSiGeGeGeGeGeSiGeGeGeGeGeGeGeGeSiSiGeGeGeGeSiGeGeGe
    49150.5390625000 GeSiSiSiSiGeSiGeGeGeGeGeGeGeGeGeGeGeSiGeGeSiGeGeGeSiGeGeGeSiGeSiGeSiGeSiGeGeGeGeGeSiGeGeGeGeGeGeGeGeSiSiGeGeGeGeSiGeGeGe
    49150.5390625000 GeSiSiSiSiGeSiGeGeGeGeGeGeGeGeGeGeGeSiGeGeSiGeGeGeSiGeGeGeSiGeSiGeSiGeSiGeGeGeGeGeSiGeGeGeGeGeGeGeGeSiSiGeGeGeGeSiGeGeGe
    49150.5390625000 GeSiSiSiSiGeSiGeGeGeGeGeGeGeGeGeGeGeSiGeGeSiGeGeGeSiGeGeGeSiGeSiGeSiGeSiGeGeGeGeGeSiGeGeGeGeGeGeGeGeSiSiGeGeGeGeSiGeGeGe
    49150.5390625000 GeSiSiSiSiGeSiGeGeGeGeGeGeGeGeGeGeGeSiGeGeSiGeGeGeSiGeGeGeSiGeSiGeSiGeSiGeGeGeGeGeSiGeGeGeGeGeGeGeGeSiSiGeGeGeGeSiGeGeGe
    49150.5390625000 GeSiSiSiSiGeSiGeGeGeGeGeGeGeGeGeGeGeSiGeGeSiGeGeGeSiGeGeGeSiGeSiGeSiGeSiGeGeGeGeGeSiGeGeGeGeGeGeGeGeSiSiGeGeGeGeSiGeGeGe
    49150.5390625000 GeSiSiSiSiGeSiGeGeGeGeGeGeGeGeGeGeGeSiGeGeSiGeGeGeSiGeGeGeSiGeSiGeSiGeSiGeGeGeGeGeSiGeGeGeGeGeGeGeGeSiSiGeGeGeGeSiGeGeGe
    49150.5390625000 GeSiSiSiSiGeSiGeGeGeGeGeGeGeGeGeGeGeSiGeGeSiGeGeGeSiGeGeGeSiGeSiGeSiGeSiGeGeGeGeGeSiGeGeGeGeGeGeGeGeSiSiGeGeGeGeSiGeGeGe
    49150.5390625000 GeSiSiSiSiGeSiGeGeGeGeGeGeGeGeGeGeGeSiGeGeSiGeGeGeSiGeGeGeSiGeSiGeSiGeSiGeGeGeGeGeSiGeGeGeGeGeGeGeGeSiSiGeGeGeGeSiGeGeGe
    49150.5390625000 GeSiSiSiSiGeSiGeGeGeGeGeGeGeGeGeGeGeSiGeGeSiGeGeGeSiGeGeGeSiGeSiGeSiGeSiGeGeGeGeGeSiGeGeGeGeGeGeGeGeSiSiGeGeGeGeSiGeGeGe
    49150.5390625000 GeSiSiSiSiGeSiGeGeGeGeGeGeGeGeGeGeGeSiGeGeSiGeGeGeSiGeGeGeSiGeSiGeSiGeSiGeGeGeGeGeSiGeGeGeGeGeGeGeGeSiSiGeGeGeGeSiGeGeGe
    49150.5390625000 GeSiSiSiSiGeSiGeGeGeGeGeGeGeGeGeGeGeSiGeGeSiGeGeGeSiGeGeGeSiGeSiGeSiGeSiGeGeGeGeGeSiGeGeGeGeGeGeGeGeSiSiGeGeGeGeSiGeGeGe
    49150.5390625000 GeSiSiSiSiGeSiGeGeGeGeGeGeGeGeGeGeGeSiGeGeSiGeGeGeSiGeGeGeSiGeSiGeSiGeSiGeGeGeGeGeSiGeGeGeGeGeGeGeGeSiSiGeGeGeGeSiGeGeGe
    49150.5390625000 GeSiSiSiSiGeSiGeGeGeGeGeGeGeGeGeGeGeSiGeGeSiGeGeGeSiGeGeGeSiGeSiGeSiGeSiGeGeGeGeGeSiGeGeGeGeGeGeGeGeSiSiGeGeGeGeSiGeGeGe
    49150.5390625000 GeSiSiSiSiGeSiGeGeGeGeGeGeGeGeGeGeGeSiGeGeSiGeGeGeSiGeGeGeSiGeSiGeSiGeSiGeGeGeGeGeSiGeGeGeGeGeGeGeGeSiSiGeGeGeGeSiGeGeGe
    49150.5390625000 GeSiSiSiSiGeSiGeGeGeGeGeGeGeGeGeGeGeSiGeGeSiGeGeGeSiGeGeGeSiGeSiGeSiGeSiGeGeGeGeGeSiGeGeGeGeGeGeGeGeSiSiGeGeGeGeSiGeGeGe
    49150.5390625000 GeSiSiSiSiGeSiGeGeGeGeGeGeGeGeGeGeGeSiGeGeSiGeGeGeSiGeGeGeSiGeSiGeSiGeSiGeGeGeGeGeSiGeGeGeGeGeGeGeGeSiSiGeGeGeGeSiGeGeGe
    49150.5390625000 GeSiSiSiSiGeSiGeGeGeGeGeGeGeGeGeGeGeSiGeGeSiGeGeGeSiGeGeGeSiGeSiGeSiGeSiGeGeGeGeGeSiGeGeGeGeGeGeGeGeSiSiGeGeGeGeSiGeGeGe
    49150.5390625000 GeSiSiSiSiGeSiGeGeGeGeGeGeGeGeGeGeGeSiGeGeSiGeGeGeSiGeGeGeSiGeSiGeSiGeSiGeGeGeGeGeSiGeGeGeGeGeGeGeGeSiSiGeGeGeGeSiGeGeGe
    49150.5390625000 GeSiSiSiSiGeSiGeGeGeGeGeGeGeGeGeGeGeSiGeGeSiGeGeGeSiGeGeGeSiGeSiGeSiGeSiGeGeGeGeGeSiGeGeGeGeGeGeGeGeSiSiGeGeGeGeSiGeGeGe
    49150.5390625000 GeSiSiSiSiGeSiGeGeGeGeGeGeGeGeGeGeGeSiGeGeSiGeGeGeSiGeGeGeSiGeSiGeSiGeSiGeGeGeGeGeSiGeGeGeGeGeGeGeGeSiSiGeGeGeGeSiGeGeGe
    49150.5390625000 GeSiSiSiSiGeSiGeGeGeGeGeGeGeGeGeGeGeSiGeGeSiGeGeGeSiGeGeGeSiGeSiGeSiGeSiGeGeGeGeGeSiGeGeGeGeGeGeGeGeSiSiGeGeGeGeSiGeGeGe
    49150.5390625000 GeSiSiSiSiGeSiGeGeGeGeGeGeGeGeGeGeGeSiGeGeSiGeGeGeSiGeGeGeSiGeSiGeSiGeSiGeGeGeGeGeSiGeGeGeGeGeGeGeGeSiSiGeGeGeGeSiGeGeGe
    49150.5390625000 GeSiSiSiSiGeSiGeGeGeGeGeGeGeGeGeGeGeSiGeGeSiGeGeGeSiGeGeGeSiGeSiGeSiGeSiGeGeGeGeGeSiGeGeGeGeGeGeGeGeSiSiGeGeGeGeSiGeGeGe
    49150.5390625000 GeSiSiSiSiGeSiGeGeGeGeGeGeGeGeGeGeGeSiGeGeSiGeGeGeSiGeGeGeSiGeSiGeSiGeSiGeGeGeGeGeSiGeGeGeGeGeGeGeGeSiSiGeGeGeGeSiGeGeGe
    49150.5390625000 GeSiSiSiSiGeSiGeGeGeGeGeGeGeGeGeGeGeSiGeGeSiGeGeGeSiGeGeGeSiGeSiGeSiGeSiGeGeGeGeGeSiGeGeGeGeGeGeGeGeSiSiGeGeGeGeSiGeGeGe
    49150.5390625000 GeSiSiSiSiGeSiGeGeGeGeGeGeGeGeGeGeGeSiGeGeSiGeGeGeSiGeGeGeSiGeSiGeSiGeSiGeGeGeGeGeSiGeGeGeGeGeGeGeGeSiSiGeGeGeGeSiGeGeGe
    49150.5390625000 GeSiSiSiSiGeSiGeGeGeGeGeGeGeGeGeGeGeSiGeGeSiGeGeGeSiGeGeGeSiGeSiGeSiGeSiGeGeGeGeGeSiGeGeGeGeGeGeGeGeSiSiGeGeGeGeSiGeGeGe
    49150.5390625000 GeSiSiSiSiGeSiGeGeGeGeGeGeGeGeGeGeGeSiGeGeSiGeGeGeSiGeGeGeSiGeSiGeSiGeSiGeGeGeGeGeSiGeGeGeGeGeGeGeGeSiSiGeGeGeGeSiGeGeGe
    49150.5390625000 GeSiSiSiSiGeSiGeGeGeGeGeGeGeGeGeGeGeSiGeGeSiGeGeGeSiGeGeGeSiGeSiGeSiGeSiGeGeGeGeGeSiGeGeGeGeGeGeGeGeSiSiGeGeGeGeSiGeGeGe
    49150.5390625000 GeSiSiSiSiGeSiGeGeGeGeGeGeGeGeGeGeGeSiGeGeSiGeGeGeSiGeGeGeSiGeSiGeSiGeSiGeGeGeGeGeSiGeGeGeGeGeGeGeGeSiSiGeGeGeGeSiGeGeGe
    49150.5390625000 GeSiSiSiSiGeSiGeGeGeGeGeGeGeGeGeGeGeSiGeGeSiGeGeGeSiGeGeGeSiGeSiGeSiGeSiGeGeGeGeGeSiGeGeGeGeGeGeGeGeSiSiGeGeGeGeSiGeGeGe
    49150.5390625000 GeSiSiSiSiGeSiGeGeGeGeGeGeGeGeGeGeGeSiGeGeSiGeGeGeSiGeGeGeSiGeSiGeSiGeSiGeGeGeGeGeSiGeGeGeGeGeGeGeGeSiSiGeGeGeGeSiGeGeGe
    49150.5390625000 GeSiSiSiSiGeSiGeGeGeGeGeGeGeGeGeGeGeSiGeGeSiGeGeGeSiGeGeGeSiGeSiGeSiGeSiGeGeGeGeGeSiGeGeGeGeGeGeGeGeSiSiGeGeGeGeSiGeGeGe
    49150.5390625000 GeSiSiSiSiGeSiGeGeGeGeGeGeGeGeGeGeGeSiGeGeSiGeGeGeSiGeGeGeSiGeSiGeSiGeSiGeGeGeGeGeSiGeGeGeGeGeGeGeGeSiSiGeGeGeGeSiGeGeGe
    49150.5390625000 GeSiSiSiSiGeSiGeGeGeGeGeGeGeGeGeGeGeSiGeGeSiGeGeGeSiGeGeGeSiGeSiGeSiGeSiGeGeGeGeGeSiGeGeGeGeGeGeGeGeSiSiGeGeGeGeSiGeGeGe
    49150.5390625000 GeSiSiSiSiGeSiGeGeGeGeGeGeGeGeGeGeGeSiGeGeSiGeGeGeSiGeGeGeSiGeSiGeSiGeSiGeGeGeGeGeSiGeGeGeGeGeGeGeGeSiSiGeGeGeGeSiGeGeGe
    49150.5390625000 GeSiSiSiSiGeSiGeGeGeGeGeGeGeGeGeGeGeSiGeGeSiGeGeGeSiGeGeGeSiGeSiGeSiGeSiGeGeGeGeGeSiGeGeGeGeGeGeGeGeSiSiGeGeGeGeSiGeGeGe
    49150.5390625000 GeSiSiSiSiGeSiGeGeGeGeGeGeGeGeGeGeGeSiGeGeSiGeGeGeSiGeGeGeSiGeSiGeSiGeSiGeGeGeGeGeSiGeGeGeGeGeGeGeGeSiSiGeGeGeGeSiGeGeGe
    49150.5390625000 GeSiSiSiSiGeSiGeGeGeGeGeGeGeGeGeGeGeSiGeGeSiGeGeGeSiGeGeGeSiGeSiGeSiGeSiGeGeGeGeGeSiGeGeGeGeGeGeGeGeSiSiGeGeGeGeSiGeGeGe
    49150.5390625000 GeSiSiSiSiGeSiGeGeGeGeGeGeGeGeGeGeGeSiGeGeSiGeGeGeSiGeGeGeSiGeSiGeSiGeSiGeGeGeGeGeSiGeGeGeGeGeGeGeGeSiSiGeGeGeGeSiGeGeGe
    49150.5390625000 GeSiSiSiSiGeSiGeGeGeGeGeGeGeGeGeGeGeSiGeGeSiGeGeGeSiGeGeGeSiGeSiGeSiGeSiGeGeGeGeGeSiGeGeGeGeGeGeGeGeSiSiGeGeGeGeSiGeGeGe
    49150.5390625000 GeSiSiSiSiGeSiGeGeGeGeGeGeGeGeGeGeGeSiGeGeSiGeGeGeSiGeGeGeSiGeSiGeSiGeSiGeGeGeGeGeSiGeGeGeGeGeGeGeGeSiSiGeGeGeGeSiGeGeGe
    49150.5390625000 GeSiSiSiSiGeSiGeGeGeGeGeGeGeGeGeGeGeSiGeGeSiGeGeGeSiGeGeGeSiGeSiGeSiGeSiGeGeGeGeGeSiGeGeGeGeGeGeGeGeSiSiGeGeGeGeSiGeGeGe
    49150.5390625000 GeSiSiSiSiGeSiGeGeGeGeGeGeGeGeGeGeGeSiGeGeSiGeGeGeSiGeGeGeSiGeSiGeSiGeSiGeGeGeGeGeSiGeGeGeGeGeGeGeGeSiSiGeGeGeGeSiGeGeGe
    49150.5390625000 GeSiSiSiSiGeSiGeGeGeGeGeGeGeGeGeGeGeSiGeGeSiGeGeGeSiGeGeGeSiGeSiGeSiGeSiGeGeGeGeGeSiGeGeGeGeGeGeGeGeSiSiGeGeGeGeSiGeGeGe
    49150.5390625000 GeSiSiSiSiGeSiGeGeGeGeGeGeGeGeGeGeGeSiGeGeSiGeGeGeSiGeGeGeSiGeSiGeSiGeSiGeGeGeGeGeSiGeGeGeGeGeGeGeGeSiSiGeGeGeGeSiGeGeGe
    49150.5390625000 GeSiSiSiSiGeSiGeGeGeGeGeGeGeGeGeGeGeSiGeGeSiGeGeGeSiGeGeGeSiGeSiGeSiGeSiGeGeGeGeGeSiGeGeGeGeGeGeGeGeSiSiGeGeGeGeSiGeGeGe
    49150.5390625000 GeSiSiSiSiGeSiGeGeGeGeGeGeGeGeGeGeGeSiGeGeSiGeGeGeSiGeGeGeSiGeSiGeSiGeSiGeGeGeGeGeSiGeGeGeGeGeGeGeGeSiSiGeGeGeGeSiGeGeGe
    49150.5390625000 GeSiSiSiSiGeSiGeGeGeGeGeGeGeGeGeGeGeSiGeGeSiGeGeGeSiGeGeGeSiGeSiGeSiGeSiGeGeGeGeGeSiGeGeGeGeGeGeGeGeSiSiGeGeGeGeSiGeGeGe
    49150.5390625000 GeSiSiSiSiGeSiGeGeGeGeGeGeGeGeGeGeGeSiGeGeSiGeGeGeSiGeGeGeSiGeSiGeSiGeSiGeGeGeGeGeSiGeGeGeGeGeGeGeGeSiSiGeGeGeGeSiGeGeGe
    49150.5390625000 GeSiSiSiSiGeSiGeGeGeGeGeGeGeGeGeGeGeSiGeGeSiGeGeGeSiGeGeGeSiGeSiGeSiGeSiGeGeGeGeGeSiGeGeGeGeGeGeGeGeSiSiGeGeGeGeSiGeGeGe
    49150.5390625000 GeSiSiSiSiGeSiGeGeGeGeGeGeGeGeGeGeGeSiGeGeSiGeGeGeSiGeGeGeSiGeSiGeSiGeSiGeGeGeGeGeSiGeGeGeGeGeGeGeGeSiSiGeGeGeGeSiGeGeGe
    49150.5390625000 GeSiSiSiSiGeSiGeGeGeGeGeGeGeGeGeGeGeSiGeGeSiGeGeGeSiGeGeGeSiGeSiGeSiGeSiGeGeGeGeGeSiGeGeGeGeGeGeGeGeSiSiGeGeGeGeSiGeGeGe
    49150.5390625000 GeSiSiSiSiGeSiGeGeGeGeGeGeGeGeGeGeGeSiGeGeSiGeGeGeSiGeGeGeSiGeSiGeSiGeSiGeGeGeGeGeSiGeGeGeGeGeGeGeGeSiSiGeGeGeGeSiGeGeGe
    49150.5390625000 GeSiSiSiSiGeSiGeGeGeGeGeGeGeGeGeGeGeSiGeGeSiGeGeGeSiGeGeGeSiGeSiGeSiGeSiGeGeGeGeGeSiGeGeGeGeGeGeGeGeSiSiGeGeGeGeSiGeGeGe
    49150.5390625000 GeSiSiSiSiGeSiGeGeGeGeGeGeGeGeGeGeGeSiGeGeSiGeGeGeSiGeGeGeSiGeSiGeSiGeSiGeGeGeGeGeSiGeGeGeGeGeGeGeGeSiSiGeGeGeGeSiGeGeGe
    49150.5390625000 GeSiSiSiSiGeSiGeGeGeGeGeGeGeGeGeGeGeSiGeGeSiGeGeGeSiGeGeGeSiGeSiGeSiGeSiGeGeGeGeGeSiGeGeGeGeGeGeGeGeSiSiGeGeGeGeSiGeGeGe
    49150.5390625000 GeSiSiSiSiGeSiGeGeGeGeGeGeGeGeGeGeGeSiGeGeSiGeGeGeSiGeGeGeSiGeSiGeSiGeSiGeGeGeGeGeSiGeGeGeGeGeGeGeGeSiSiGeGeGeGeSiGeGeGe
    49150.5390625000 GeSiSiSiSiGeSiGeGeGeGeGeGeGeGeGeGeGeSiGeGeSiGeGeGeSiGeGeGeSiGeSiGeSiGeSiGeGeGeGeGeSiGeGeGeGeGeGeGeGeSiSiGeGeGeGeSiGeGeGe
    49150.5390625000 GeSiSiSiSiGeSiGeGeGeGeGeGeGeGeGeGeGeSiGeGeSiGeGeGeSiGeGeGeSiGeSiGeSiGeSiGeGeGeGeGeSiGeGeGeGeGeGeGeGeSiSiGeGeGeGeSiGeGeGe
    49150.5390625000 GeSiSiSiSiGeSiGeGeGeGeGeGeGeGeGeGeGeSiGeGeSiGeGeGeSiGeGeGeSiGeSiGeSiGeSiGeGeGeGeGeSiGeGeGeGeGeGeGeGeSiSiGeGeGeGeSiGeGeGe
    49150.5390625000 GeSiSiSiSiGeSiGeGeGeGeGeGeGeGeGeGeGeSiGeGeSiGeGeGeSiGeGeGeSiGeSiGeSiGeSiGeGeGeGeGeSiGeGeGeGeGeGeGeGeSiSiGeGeGeGeSiGeGeGe
    49150.5390625000 GeSiSiSiSiGeSiGeGeGeGeGeGeGeGeGeGeGeSiGeGeSiGeGeGeSiGeGeGeSiGeSiGeSiGeSiGeGeGeGeGeSiGeGeGeGeGeGeGeGeSiSiGeGeGeGeSiGeGeGe
    49150.5390625000 GeSiSiSiSiGeSiGeGeGeGeGeGeGeGeGeGeGeSiGeGeSiGeGeGeSiGeGeGeSiGeSiGeSiGeSiGeGeGeGeGeSiGeGeGeGeGeGeGeGeSiSiGeGeGeGeSiGeGeGe
    49150.5390625000 GeSiSiSiSiGeSiGeGeGeGeGeGeGeGeGeGeGeSiGeGeSiGeGeGeSiGeGeGeSiGeSiGeSiGeSiGeGeGeGeGeSiGeGeGeGeGeGeGeGeSiSiGeGeGeGeSiGeGeGe
    49150.5390625000 GeSiSiSiSiGeSiGeGeGeGeGeGeGeGeGeGeGeSiGeGeSiGeGeGeSiGeGeGeSiGeSiGeSiGeSiGeGeGeGeGeSiGeGeGeGeGeGeGeGeSiSiGeGeGeGeSiGeGeGe
    49150.5390625000 GeSiSiSiSiGeSiGeGeGeGeGeGeGeGeGeGeGeSiGeGeSiGeGeGeSiGeGeGeSiGeSiGeSiGeSiGeGeGeGeGeSiGeGeGeGeGeGeGeGeSiSiGeGeGeGeSiGeGeGe
    49150.5390625000 GeSiSiSiSiGeSiGeGeGeGeGeGeGeGeGeGeGeSiGeGeSiGeGeGeSiGeGeGeSiGeSiGeSiGeSiGeGeGeGeGeSiGeGeGeGeGeGeGeGeSiSiGeGeGeGeSiGeGeGe
    49150.5390625000 GeSiSiSiSiGeSiGeGeGeGeGeGeGeGeGeGeGeSiGeGeSiGeGeGeSiGeGeGeSiGeSiGeSiGeSiGeGeGeGeGeSiGeGeGeGeGeGeGeGeSiSiGeGeGeGeSiGeGeGe
    49150.5390625000 GeSiSiSiSiGeSiGeGeGeGeGeGeGeGeGeGeGeSiGeGeSiGeGeGeSiGeGeGeSiGeSiGeSiGeSiGeGeGeGeGeSiGeGeGeGeGeGeGeGeSiSiGeGeGeGeSiGeGeGe
    49150.5390625000 GeSiSiSiSiGeSiGeGeGeGeGeGeGeGeGeGeGeSiGeGeSiGeGeGeSiGeGeGeSiGeSiGeSiGeSiGeGeGeGeGeSiGeGeGeGeGeGeGeGeSiSiGeGeGeGeSiGeGeGe
    49150.5390625000 GeSiSiSiSiGeSiGeGeGeGeGeGeGeGeGeGeGeSiGeGeSiGeGeGeSiGeGeGeSiGeSiGeSiGeSiGeGeGeGeGeSiGeGeGeGeGeGeGeGeSiSiGeGeGeGeSiGeGeGe
    49150.5390625000 GeSiSiSiSiGeSiGeGeGeGeGeGeGeGeGeGeGeSiGeGeSiGeGeGeSiGeGeGeSiGeSiGeSiGeSiGeGeGeGeGeSiGeGeGeGeGeGeGeGeSiSiGeGeGeGeSiGeGeGe
    49150.5390625000 GeSiSiSiSiGeSiGeGeGeGeGeGeGeGeGeGeGeSiGeGeSiGeGeGeSiGeGeGeSiGeSiGeSiGeSiGeGeGeGeGeSiGeGeGeGeGeGeGeGeSiSiGeGeGeGeSiGeGeGe
    49150.5390625000 GeSiSiSiSiGeSiGeGeGeGeGeGeGeGeGeGeGeSiGeGeSiGeGeGeSiGeGeGeSiGeSiGeSiGeSiGeGeGeGeGeSiGeGeGeGeGeGeGeGeSiSiGeGeGeGeSiGeGeGe
    49150.5390625000 GeSiSiSiSiGeSiGeGeGeGeGeGeGeGeGeGeGeSiGeGeSiGeGeGeSiGeGeGeSiGeSiGeSiGeSiGeGeGeGeGeSiGeGeGeGeGeGeGeGeSiSiGeGeGeGeSiGeGeGe
    49150.5390625000 GeSiSiSiSiGeSiGeGeGeGeGeGeGeGeGeGeGeSiGeGeSiGeGeGeSiGeGeGeSiGeSiGeSiGeSiGeGeGeGeGeSiGeGeGeGeGeGeGeGeSiSiGeGeGeGeSiGeGeGe
    49150.5390625000 GeSiSiSiSiGeSiGeGeGeGeGeGeGeGeGeGeGeSiGeGeSiGeGeGeSiGeGeGeSiGeSiGeSiGeSiGeGeGeGeGeSiGeGeGeGeGeGeGeGeSiSiGeGeGeGeSiGeGeGe
    49150.5390625000 GeSiSiSiSiGeSiGeGeGeGeGeGeGeGeGeGeGeSiGeGeSiGeGeGeSiGeGeGeSiGeSiGeSiGeSiGeGeGeGeGeSiGeGeGeGeGeGeGeGeSiSiGeGeGeGeSiGeGeGe
    49150.5390625000 GeSiSiSiSiGeSiGeGeGeGeGeGeGeGeGeGeGeSiGeGeSiGeGeGeSiGeGeGeSiGeSiGeSiGeSiGeGeGeGeGeSiGeGeGeGeGeGeGeGeSiSiGeGeGeGeSiGeGeGe
    49150.5390625000 GeSiSiSiSiGeSiGeGeGeGeGeGeGeGeGeGeGeSiGeGeSiGeGeGeSiGeGeGeSiGeSiGeSiGeSiGeGeGeGeGeSiGeGeGeGeGeGeGeGeSiSiGeGeGeGeSiGeGeGe
    49150.5390625000 GeSiSiSiSiGeSiGeGeGeGeGeGeGeGeGeGeGeSiGeGeSiGeGeGeSiGeGeGeSiGeSiGeSiGeSiGeGeGeGeGeSiGeGeGeGeGeGeGeGeSiSiGeGeGeGeSiGeGeGe
    49150.5390625000 GeSiSiSiSiGeSiGeGeGeGeGeGeGeGeGeGeGeSiGeGeSiGeGeGeSiGeGeGeSiGeSiGeSiGeSiGeGeGeGeGeSiGeGeGeGeGeGeGeGeSiSiGeGeGeGeSiGeGeGe
    49150.5390625000 GeSiSiSiSiGeSiGeGeGeGeGeGeGeGeGeGeGeSiGeGeSiGeGeGeSiGeGeGeSiGeSiGeSiGeSiGeGeGeGeGeSiGeGeGeGeGeGeGeGeSiSiGeGeGeGeSiGeGeGe
    49150.5390625000 GeSiSiSiSiGeSiGeGeGeGeGeGeGeGeGeGeGeSiGeGeSiGeGeGeSiGeGeGeSiGeSiGeSiGeSiGeGeGeGeGeSiGeGeGeGeGeGeGeGeSiSiGeGeGeGeSiGeGeGe
    49150.5390625000 GeSiSiSiSiGeSiGeGeGeGeGeGeGeGeGeGeGeSiGeGeSiGeGeGeSiGeGeGeSiGeSiGeSiGeSiGeGeGeGeGeSiGeGeGeGeGeGeGeGeSiSiGeGeGeGeSiGeGeGe
    49150.5390625000 GeSiSiSiSiGeSiGeGeGeGeGeGeGeGeGeGeGeSiGeGeSiGeGeGeSiGeGeGeSiGeSiGeSiGeSiGeGeGeGeGeSiGeGeGeGeGeGeGeGeSiSiGeGeGeGeSiGeGeGe
    49150.5390625000 GeSiSiSiSiGeSiGeGeGeGeGeGeGeGeGeGeGeSiGeGeSiGeGeGeSiGeGeGeSiGeSiGeSiGeSiGeGeGeGeGeSiGeGeGeGeGeGeGeGeSiSiGeGeGeGeSiGeGeGe
    49150.5390625000 GeSiSiSiSiGeSiGeGeGeGeGeGeGeGeGeGeGeSiGeGeSiGeGeGeSiGeGeGeSiGeSiGeSiGeSiGeGeGeGeGeSiGeGeGeGeGeGeGeGeSiSiGeGeGeGeSiGeGeGe
    49150.5390625000 GeSiSiSiSiGeSiGeGeGeGeGeGeGeGeGeGeGeSiGeGeSiGeGeGeSiGeGeGeSiGeSiGeSiGeSiGeGeGeGeGeSiGeGeGeGeGeGeGeGeSiSiGeGeGeGeSiGeGeGe
    49150.5390625000 GeSiSiSiSiGeSiGeGeGeGeGeGeGeGeGeGeGeSiGeGeSiGeGeGeSiGeGeGeSiGeSiGeSiGeSiGeGeGeGeGeSiGeGeGeGeGeGeGeGeSiSiGeGeGeGeSiGeGeGe
    49150.5390625000 GeSiSiSiSiGeSiGeGeGeGeGeGeGeGeGeGeGeSiGeGeSiGeGeGeSiGeGeGeSiGeSiGeSiGeSiGeGeGeGeGeSiGeGeGeGeGeGeGeGeSiSiGeGeGeGeSiGeGeGe
    49150.5390625000 GeSiSiSiSiGeSiGeGeGeGeGeGeGeGeGeGeGeSiGeGeSiGeGeGeSiGeGeGeSiGeSiGeSiGeSiGeGeGeGeGeSiGeGeGeGeGeGeGeGeSiSiGeGeGeGeSiGeGeGe
    49150.5390625000 GeSiSiSiSiGeSiGeGeGeGeGeGeGeGeGeGeGeSiGeGeSiGeGeGeSiGeGeGeSiGeSiGeSiGeSiGeGeGeGeGeSiGeGeGeGeGeGeGeGeSiSiGeGeGeGeSiGeGeGe
    49150.5390625000 GeSiSiSiSiGeSiGeGeGeGeGeGeGeGeGeGeGeSiGeGeSiGeGeGeSiGeGeGeSiGeSiGeSiGeSiGeGeGeGeGeSiGeGeGeGeGeGeGeGeSiSiGeGeGeGeSiGeGeGe
    49150.5390625000 GeSiSiSiSiGeSiGeGeGeGeGeGeGeGeGeGeGeSiGeGeSiGeGeGeSiGeGeGeSiGeSiGeSiGeSiGeGeGeGeGeSiGeGeGeGeGeGeGeGeSiSiGeGeGeGeSiGeGeGe
    49150.5390625000 GeSiSiSiSiGeSiGeGeGeGeGeGeGeGeGeGeGeSiGeGeSiGeGeGeSiGeGeGeSiGeSiGeSiGeSiGeGeGeGeGeSiGeGeGeGeGeGeGeGeSiSiGeGeGeGeSiGeGeGe
    49150.5390625000 GeSiSiSiSiGeSiGeGeGeGeGeGeGeGeGeGeGeSiGeGeSiGeGeGeSiGeGeGeSiGeSiGeSiGeSiGeGeGeGeGeSiGeGeGeGeGeGeGeGeSiSiGeGeGeGeSiGeGeGe
    49150.5390625000 GeSiSiSiSiGeSiGeGeGeGeGeGeGeGeGeGeGeSiGeGeSiGeGeGeSiGeGeGeSiGeSiGeSiGeSiGeGeGeGeGeSiGeGeGeGeGeGeGeGeSiSiGeGeGeGeSiGeGeGe
    49150.5390625000 GeSiSiSiSiGeSiGeGeGeGeGeGeGeGeGeGeGeSiGeGeSiGeGeGeSiGeGeGeSiGeSiGeSiGeSiGeGeGeGeGeSiGeGeGeGeGeGeGeGeSiSiGeGeGeGeSiGeGeGe
    49150.5390625000 GeSiSiSiSiGeSiGeGeGeGeGeGeGeGeGeGeGeSiGeGeSiGeGeGeSiGeGeGeSiGeSiGeSiGeSiGeGeGeGeGeSiGeGeGeGeGeGeGeGeSiSiGeGeGeGeSiGeGeGe
    49150.5390625000 GeSiSiSiSiGeSiGeGeGeGeGeGeGeGeGeGeGeSiGeGeSiGeGeGeSiGeGeGeSiGeSiGeSiGeSiGeGeGeGeGeSiGeGeGeGeGeGeGeGeSiSiGeGeGeGeSiGeGeGe
    49150.5390625000 GeSiSiSiSiGeSiGeGeGeGeGeGeGeGeGeGeGeSiGeGeSiGeGeGeSiGeGeGeSiGeSiGeSiGeSiGeGeGeGeGeSiGeGeGeGeGeGeGeGeSiSiGeGeGeGeSiGeGeGe
    49150.5390625000 GeSiSiSiSiGeSiGeGeGeGeGeGeGeGeGeGeGeSiGeGeSiGeGeGeSiGeGeGeSiGeSiGeSiGeSiGeGeGeGeGeSiGeGeGeGeGeGeGeGeSiSiGeGeGeGeSiGeGeGe
    49150.5390625000 GeSiSiSiSiGeSiGeGeGeGeGeGeGeGeGeGeGeSiGeGeSiGeGeGeSiGeGeGeSiGeSiGeSiGeSiGeGeGeGeGeSiGeGeGeGeGeGeGeGeSiSiGeGeGeGeSiGeGeGe
    49150.5390625000 GeSiSiSiSiGeSiGeGeGeGeGeGeGeGeGeGeGeSiGeGeSiGeGeGeSiGeGeGeSiGeSiGeSiGeSiGeGeGeGeGeSiGeGeGeGeGeGeGeGeSiSiGeGeGeGeSiGeGeGe
    49150.5390625000 GeSiSiSiSiGeSiGeGeGeGeGeGeGeGeGeGeGeSiGeGeSiGeGeGeSiGeGeGeSiGeSiGeSiGeSiGeGeGeGeGeSiGeGeGeGeGeGeGeGeSiSiGeGeGeGeSiGeGeGe
    49150.5390625000 GeSiSiSiSiGeSiGeGeGeGeGeGeGeGeGeGeGeSiGeGeSiGeGeGeSiGeGeGeSiGeSiGeSiGeSiGeGeGeGeGeSiGeGeGeGeGeGeGeGeSiSiGeGeGeGeSiGeGeGe
    49150.5390625000 GeSiSiSiSiGeSiGeGeGeGeGeGeGeGeGeGeGeSiGeGeSiGeGeGeSiGeGeGeSiGeSiGeSiGeSiGeGeGeGeGeSiGeGeGeGeGeGeGeGeSiSiGeGeGeGeSiGeGeGe
    49150.5390625000 GeSiSiSiSiGeSiGeGeGeGeGeGeGeGeGeGeGeSiGeGeSiGeGeGeSiGeGeGeSiGeSiGeSiGeSiGeGeGeGeGeSiGeGeGeGeGeGeGeGeSiSiGeGeGeGeSiGeGeGe
    49150.5390625000 GeSiSiSiSiGeSiGeGeGeGeGeGeGeGeGeGeGeSiGeGeSiGeGeGeSiGeGeGeSiGeSiGeSiGeSiGeGeGeGeGeSiGeGeGeGeGeGeGeGeSiSiGeGeGeGeSiGeGeGe
    49150.5390625000 GeSiSiSiSiGeSiGeGeGeGeGeGeGeGeGeGeGeSiGeGeSiGeGeGeSiGeGeGeSiGeSiGeSiGeSiGeGeGeGeGeSiGeGeGeGeGeGeGeGeSiSiGeGeGeGeSiGeGeGe
    49150.5390625000 GeSiSiSiSiGeSiGeGeGeGeGeGeGeGeGeGeGeSiGeGeSiGeGeGeSiGeGeGeSiGeSiGeSiGeSiGeGeGeGeGeSiGeGeGeGeGeGeGeGeSiSiGeGeGeGeSiGeGeGe
    49150.5390625000 GeSiSiSiSiGeSiGeGeGeGeGeGeGeGeGeGeGeSiGeGeSiGeGeGeSiGeGeGeSiGeSiGeSiGeSiGeGeGeGeGeSiGeGeGeGeGeGeGeGeSiSiGeGeGeGeSiGeGeGe
    49150.5390625000 GeSiSiSiSiGeSiGeGeGeGeGeGeGeGeGeGeGeSiGeGeSiGeGeGeSiGeGeGeSiGeSiGeSiGeSiGeGeGeGeGeSiGeGeGeGeGeGeGeGeSiSiGeGeGeGeSiGeGeGe
    49150.5390625000 GeSiSiSiSiGeSiGeGeGeGeGeGeGeGeGeGeGeSiGeGeSiGeGeGeSiGeGeGeSiGeSiGeSiGeSiGeGeGeGeGeSiGeGeGeGeGeGeGeGeSiSiGeGeGeGeSiGeGeGe
    49150.5390625000 GeSiSiSiSiGeSiGeGeGeGeGeGeGeGeGeGeGeSiGeGeSiGeGeGeSiGeGeGeSiGeSiGeSiGeSiGeGeGeGeGeSiGeGeGeGeGeGeGeGeSiSiGeGeGeGeSiGeGeGe
    49150.5390625000 GeSiSiSiSiGeSiGeGeGeGeGeGeGeGeGeGeGeSiGeGeSiGeGeGeSiGeGeGeSiGeSiGeSiGeSiGeGeGeGeGeSiGeGeGeGeGeGeGeGeSiSiGeGeGeGeSiGeGeGe
    49150.5390625000 GeSiSiSiSiGeSiGeGeGeGeGeGeGeGeGeGeGeSiGeGeSiGeGeGeSiGeGeGeSiGeSiGeSiGeSiGeGeGeGeGeSiGeGeGeGeGeGeGeGeSiSiGeGeGeGeSiGeGeGe
    49150.5390625000 GeSiSiSiSiGeSiGeGeGeGeGeGeGeGeGeGeGeSiGeGeSiGeGeGeSiGeGeGeSiGeSiGeSiGeSiGeGeGeGeGeSiGeGeGeGeGeGeGeGeSiSiGeGeGeGeSiGeGeGe
    49150.5390625000 GeSiSiSiSiGeSiGeGeGeGeGeGeGeGeGeGeGeSiGeGeSiGeGeGeSiGeGeGeSiGeSiGeSiGeSiGeGeGeGeGeSiGeGeGeGeGeGeGeGeSiSiGeGeGeGeSiGeGeGe
    49150.5390625000 GeSiSiSiSiGeSiGeGeGeGeGeGeGeGeGeGeGeSiGeGeSiGeGeGeSiGeGeGeSiGeSiGeSiGeSiGeGeGeGeGeSiGeGeGeGeGeGeGeGeSiSiGeGeGeGeSiGeGeGe
    49150.5390625000 GeSiSiSiSiGeSiGeGeGeGeGeGeGeGeGeGeGeSiGeGeSiGeGeGeSiGeGeGeSiGeSiGeSiGeSiGeGeGeGeGeSiGeGeGeGeGeGeGeGeSiSiGeGeGeGeSiGeGeGe
    49150.5390625000 GeSiSiSiSiGeSiGeGeGeGeGeGeGeGeGeGeGeSiGeGeSiGeGeGeSiGeGeGeSiGeSiGeSiGeSiGeGeGeGeGeSiGeGeGeGeGeGeGeGeSiSiGeGeGeGeSiGeGeGe
    49150.5390625000 GeSiSiSiSiGeSiGeGeGeGeGeGeGeGeGeGeGeSiGeGeSiGeGeGeSiGeGeGeSiGeSiGeSiGeSiGeGeGeGeGeSiGeGeGeGeGeGeGeGeSiSiGeGeGeGeSiGeGeGe
    49150.5390625000 GeSiSiSiSiGeSiGeGeGeGeGeGeGeGeGeGeGeSiGeGeSiGeGeGeSiGeGeGeSiGeSiGeSiGeSiGeGeGeGeGeSiGeGeGeGeGeGeGeGeSiSiGeGeGeGeSiGeGeGe
    49150.5390625000 GeSiSiSiSiGeSiGeGeGeGeGeGeGeGeGeGeGeSiGeGeSiGeGeGeSiGeGeGeSiGeSiGeSiGeSiGeGeGeGeGeSiGeGeGeGeGeGeGeGeSiSiGeGeGeGeSiGeGeGe
    49150.5390625000 GeSiSiSiSiGeSiGeGeGeGeGeGeGeGeGeGeGeSiGeGeSiGeGeGeSiGeGeGeSiGeSiGeSiGeSiGeGeGeGeGeSiGeGeGeGeGeGeGeGeSiSiGeGeGeGeSiGeGeGe
    49150.5390625000 GeSiSiSiSiGeSiGeGeGeGeGeGeGeGeGeGeGeSiGeGeSiGeGeGeSiGeGeGeSiGeSiGeSiGeSiGeGeGeGeGeSiGeGeGeGeGeGeGeGeSiSiGeGeGeGeSiGeGeGe
    49150.5390625000 GeSiSiSiSiGeSiGeGeGeGeGeGeGeGeGeGeGeSiGeGeSiGeGeGeSiGeGeGeSiGeSiGeSiGeSiGeGeGeGeGeSiGeGeGeGeGeGeGeGeSiSiGeGeGeGeSiGeGeGe
    49150.5390625000 GeSiSiSiSiGeSiGeGeGeGeGeGeGeGeGeGeGeSiGeGeSiGeGeGeSiGeGeGeSiGeSiGeSiGeSiGeGeGeGeGeSiGeGeGeGeGeGeGeGeSiSiGeGeGeGeSiGeGeGe
    49150.5390625000 GeSiSiSiSiGeSiGeGeGeGeGeGeGeGeGeGeGeSiGeGeSiGeGeGeSiGeGeGeSiGeSiGeSiGeSiGeGeGeGeGeSiGeGeGeGeGeGeGeGeSiSiGeGeGeGeSiGeGeGe
    49150.5390625000 GeSiSiSiSiGeSiGeGeGeGeGeGeGeGeGeGeGeSiGeGeSiGeGeGeSiGeGeGeSiGeSiGeSiGeSiGeGeGeGeGeSiGeGeGeGeGeGeGeGeSiSiGeGeGeGeSiGeGeGe
    49150.5390625000 GeSiSiSiSiGeSiGeGeGeGeGeGeGeGeGeGeGeSiGeGeSiGeGeGeSiGeGeGeSiGeSiGeSiGeSiGeGeGeGeGeSiGeGeGeGeGeGeGeGeSiSiGeGeGeGeSiGeGeGe
    49150.5390625000 GeSiSiSiSiGeSiGeGeGeGeGeGeGeGeGeGeGeSiGeGeSiGeGeGeSiGeGeGeSiGeSiGeSiGeSiGeGeGeGeGeSiGeGeGeGeGeGeGeGeSiSiGeGeGeGeSiGeGeGe
    49150.5390625000 GeSiSiSiSiGeSiGeGeGeGeGeGeGeGeGeGeGeSiGeGeSiGeGeGeSiGeGeGeSiGeSiGeSiGeSiGeGeGeGeGeSiGeGeGeGeGeGeGeGeSiSiGeGeGeGeSiGeGeGe
    49150.5390625000 GeSiSiSiSiGeSiGeGeGeGeGeGeGeGeGeGeGeSiGeGeSiGeGeGeSiGeGeGeSiGeSiGeSiGeSiGeGeGeGeGeSiGeGeGeGeGeGeGeGeSiSiGeGeGeGeSiGeGeGe
    49150.5390625000 GeSiSiSiSiGeSiGeGeGeGeGeGeGeGeGeGeGeSiGeGeSiGeGeGeSiGeGeGeSiGeSiGeSiGeSiGeGeGeGeGeSiGeGeGeGeGeGeGeGeSiSiGeGeGeGeSiGeGeGe
    49150.5390625000 GeSiSiSiSiGeSiGeGeGeGeGeGeGeGeGeGeGeSiGeGeSiGeGeGeSiGeGeGeSiGeSiGeSiGeSiGeGeGeGeGeSiGeGeGeGeGeGeGeGeSiSiGeGeGeGeSiGeGeGe
    49150.5390625000 GeSiSiSiSiGeSiGeGeGeGeGeGeGeGeGeGeGeSiGeGeSiGeGeGeSiGeGeGeSiGeSiGeSiGeSiGeGeGeGeGeSiGeGeGeGeGeGeGeGeSiSiGeGeGeGeSiGeGeGe
    49150.5390625000 GeSiSiSiSiGeSiGeGeGeGeGeGeGeGeGeGeGeSiGeGeSiGeGeGeSiGeGeGeSiGeSiGeSiGeSiGeGeGeGeGeSiGeGeGeGeGeGeGeGeSiSiGeGeGeGeSiGeGeGe
    49150.5390625000 GeSiSiSiSiGeSiGeGeGeGeGeGeGeGeGeGeGeSiGeGeSiGeGeGeSiGeGeGeSiGeSiGeSiGeSiGeGeGeGeGeSiGeGeGeGeGeGeGeGeSiSiGeGeGeGeSiGeGeGe
    49150.5390625000 GeSiSiSiSiGeSiGeGeGeGeGeGeGeGeGeGeGeSiGeGeSiGeGeGeSiGeGeGeSiGeSiGeSiGeSiGeGeGeGeGeSiGeGeGeGeGeGeGeGeSiSiGeGeGeGeSiGeGeGe
    49150.5390625000 GeSiSiSiSiGeSiGeGeGeGeGeGeGeGeGeGeGeSiGeGeSiGeGeGeSiGeGeGeSiGeSiGeSiGeSiGeGeGeGeGeSiGeGeGeGeGeGeGeGeSiSiGeGeGeGeSiGeGeGe
    49150.5390625000 GeSiSiSiSiGeSiGeGeGeGeGeGeGeGeGeGeGeSiGeGeSiGeGeGeSiGeGeGeSiGeSiGeSiGeSiGeGeGeGeGeSiGeGeGeGeGeGeGeGeSiSiGeGeGeGeSiGeGeGe
    49150.5390625000 GeSiSiSiSiGeSiGeGeGeGeGeGeGeGeGeGeGeSiGeGeSiGeGeGeSiGeGeGeSiGeSiGeSiGeSiGeGeGeGeGeSiGeGeGeGeGeGeGeGeSiSiGeGeGeGeSiGeGeGe
    49150.5390625000 GeSiSiSiSiGeSiGeGeGeGeGeGeGeGeGeGeGeSiGeGeSiGeGeGeSiGeGeGeSiGeSiGeSiGeSiGeGeGeGeGeSiGeGeGeGeGeGeGeGeSiSiGeGeGeGeSiGeGeGe
    49150.5390625000 GeSiSiSiSiGeSiGeGeGeGeGeGeGeGeGeGeGeSiGeGeSiGeGeGeSiGeGeGeSiGeSiGeSiGeSiGeGeGeGeGeSiGeGeGeGeGeGeGeGeSiSiGeGeGeGeSiGeGeGe
    49150.5390625000 GeSiSiSiSiGeSiGeGeGeGeGeGeGeGeGeGeGeSiGeGeSiGeGeGeSiGeGeGeSiGeSiGeSiGeSiGeGeGeGeGeSiGeGeGeGeGeGeGeGeSiSiGeGeGeGeSiGeGeGe
    49150.5390625000 GeSiSiSiSiGeSiGeGeGeGeGeGeGeGeGeGeGeSiGeGeSiGeGeGeSiGeGeGeSiGeSiGeSiGeSiGeGeGeGeGeSiGeGeGeGeGeGeGeGeSiSiGeGeGeGeSiGeGeGe
    49150.5390625000 GeSiSiSiSiGeSiGeGeGeGeGeGeGeGeGeGeGeSiGeGeSiGeGeGeSiGeGeGeSiGeSiGeSiGeSiGeGeGeGeGeSiGeGeGeGeGeGeGeGeSiSiGeGeGeGeSiGeGeGe
    49150.5390625000 GeSiSiSiSiGeSiGeGeGeGeGeGeGeGeGeGeGeSiGeGeSiGeGeGeSiGeGeGeSiGeSiGeSiGeSiGeGeGeGeGeSiGeGeGeGeGeGeGeGeSiSiGeGeGeGeSiGeGeGe
    49150.5390625000 GeSiSiSiSiGeSiGeGeGeGeGeGeGeGeGeGeGeSiGeGeSiGeGeGeSiGeGeGeSiGeSiGeSiGeSiGeGeGeGeGeSiGeGeGeGeGeGeGeGeSiSiGeGeGeGeSiGeGeGe
    49150.5390625000 GeSiSiSiSiGeSiGeGeGeGeGeGeGeGeGeGeGeSiGeGeSiGeGeGeSiGeGeGeSiGeSiGeSiGeSiGeGeGeGeGeSiGeGeGeGeGeGeGeGeSiSiGeGeGeGeSiGeGeGe
    49150.5390625000 GeSiSiSiSiGeSiGeGeGeGeGeGeGeGeGeGeGeSiGeGeSiGeGeGeSiGeGeGeSiGeSiGeSiGeSiGeGeGeGeGeSiGeGeGeGeGeGeGeGeSiSiGeGeGeGeSiGeGeGe
    49150.5390625000 GeSiSiSiSiGeSiGeGeGeGeGeGeGeGeGeGeGeSiGeGeSiGeGeGeSiGeGeGeSiGeSiGeSiGeSiGeGeGeGeGeSiGeGeGeGeGeGeGeGeSiSiGeGeGeGeSiGeGeGe
    49150.5390625000 GeSiSiSiSiGeSiGeGeGeGeGeGeGeGeGeGeGeSiGeGeSiGeGeGeSiGeGeGeSiGeSiGeSiGeSiGeGeGeGeGeSiGeGeGeGeGeGeGeGeSiSiGeGeGeGeSiGeGeGe
    49150.5390625000 GeSiSiSiSiGeSiGeGeGeGeGeGeGeGeGeGeGeSiGeGeSiGeGeGeSiGeGeGeSiGeSiGeSiGeSiGeGeGeGeGeSiGeGeGeGeGeGeGeGeSiSiGeGeGeGeSiGeGeGe
    49150.5390625000 GeSiSiSiSiGeSiGeGeGeGeGeGeGeGeGeGeGeSiGeGeSiGeGeGeSiGeGeGeSiGeSiGeSiGeSiGeGeGeGeGeSiGeGeGeGeGeGeGeGeSiSiGeGeGeGeSiGeGeGe
    49150.5390625000 GeSiSiSiSiGeSiGeGeGeGeGeGeGeGeGeGeGeSiGeGeSiGeGeGeSiGeGeGeSiGeSiGeSiGeSiGeGeGeGeGeSiGeGeGeGeGeGeGeGeSiSiGeGeGeGeSiGeGeGe
    49150.5390625000 GeSiSiSiSiGeSiGeGeGeGeGeGeGeGeGeGeGeSiGeGeSiGeGeGeSiGeGeGeSiGeSiGeSiGeSiGeGeGeGeGeSiGeGeGeGeGeGeGeGeSiSiGeGeGeGeSiGeGeGe
    49150.5390625000 GeSiSiSiSiGeSiGeGeGeGeGeGeGeGeGeGeGeSiGeGeSiGeGeGeSiGeGeGeSiGeSiGeSiGeSiGeGeGeGeGeSiGeGeGeGeGeGeGeGeSiSiGeGeGeGeSiGeGeGe
    49150.5390625000 GeSiSiSiSiGeSiGeGeGeGeGeGeGeGeGeGeGeSiGeGeSiGeGeGeSiGeGeGeSiGeSiGeSiGeSiGeGeGeGeGeSiGeGeGeGeGeGeGeGeSiSiGeGeGeGeSiGeGeGe
    49150.5390625000 GeSiSiSiSiGeSiGeGeGeGeGeGeGeGeGeGeGeSiGeGeSiGeGeGeSiGeGeGeSiGeSiGeSiGeSiGeGeGeGeGeSiGeGeGeGeGeGeGeGeSiSiGeGeGeGeSiGeGeGe
    49150.5390625000 GeSiSiSiSiGeSiGeGeGeGeGeGeGeGeGeGeGeSiGeGeSiGeGeGeSiGeGeGeSiGeSiGeSiGeSiGeGeGeGeGeSiGeGeGeGeGeGeGeGeSiSiGeGeGeGeSiGeGeGe
    49150.5390625000 GeSiSiSiSiGeSiGeGeGeGeGeGeGeGeGeGeGeSiGeGeSiGeGeGeSiGeGeGeSiGeSiGeSiGeSiGeGeGeGeGeSiGeGeGeGeGeGeGeGeSiSiGeGeGeGeSiGeGeGe
    49150.5390625000 GeSiSiSiSiGeSiGeGeGeGeGeGeGeGeGeGeGeSiGeGeSiGeGeGeSiGeGeGeSiGeSiGeSiGeSiGeGeGeGeGeSiGeGeGeGeGeGeGeGeSiSiGeGeGeGeSiGeGeGe
    49150.5390625000 GeSiSiSiSiGeSiGeGeGeGeGeGeGeGeGeGeGeSiGeGeSiGeGeGeSiGeGeGeSiGeSiGeSiGeSiGeGeGeGeGeSiGeGeGeGeGeGeGeGeSiSiGeGeGeGeSiGeGeGe
    49150.5390625000 GeSiSiSiSiGeSiGeGeGeGeGeGeGeGeGeGeGeSiGeGeSiGeGeGeSiGeGeGeSiGeSiGeSiGeSiGeGeGeGeGeSiGeGeGeGeGeGeGeGeSiSiGeGeGeGeSiGeGeGe
    49150.5390625000 GeSiSiSiSiGeSiGeGeGeGeGeGeGeGeGeGeGeSiGeGeSiGeGeGeSiGeGeGeSiGeSiGeSiGeSiGeGeGeGeGeSiGeGeGeGeGeGeGeGeSiSiGeGeGeGeSiGeGeGe
    49150.5390625000 GeSiSiSiSiGeSiGeGeGeGeGeGeGeGeGeGeGeSiGeGeSiGeGeGeSiGeGeGeSiGeSiGeSiGeSiGeGeGeGeGeSiGeGeGeGeGeGeGeGeSiSiGeGeGeGeSiGeGeGe
    49150.5390625000 GeSiSiSiSiGeSiGeGeGeGeGeGeGeGeGeGeGeSiGeGeSiGeGeGeSiGeGeGeSiGeSiGeSiGeSiGeGeGeGeGeSiGeGeGeGeGeGeGeGeSiSiGeGeGeGeSiGeGeGe
    49150.5390625000 GeSiSiSiSiGeSiGeGeGeGeGeGeGeGeGeGeGeSiGeGeSiGeGeGeSiGeGeGeSiGeSiGeSiGeSiGeGeGeGeGeSiGeGeGeGeGeGeGeGeSiSiGeGeGeGeSiGeGeGe
    49150.5390625000 GeSiSiSiSiGeSiGeGeGeGeGeGeGeGeGeGeGeSiGeGeSiGeGeGeSiGeGeGeSiGeSiGeSiGeSiGeGeGeGeGeSiGeGeGeGeGeGeGeGeSiSiGeGeGeGeSiGeGeGe
    49150.5390625000 GeSiSiSiSiGeSiGeGeGeGeGeGeGeGeGeGeGeSiGeGeSiGeGeGeSiGeGeGeSiGeSiGeSiGeSiGeGeGeGeGeSiGeGeGeGeGeGeGeGeSiSiGeGeGeGeSiGeGeGe
    49150.5390625000 GeSiSiSiSiGeSiGeGeGeGeGeGeGeGeGeGeGeSiGeGeSiGeGeGeSiGeGeGeSiGeSiGeSiGeSiGeGeGeGeGeSiGeGeGeGeGeGeGeGeSiSiGeGeGeGeSiGeGeGe
    49150.5390625000 GeSiSiSiSiGeSiGeGeGeGeGeGeGeGeGeGeGeSiGeGeSiGeGeGeSiGeGeGeSiGeSiGeSiGeSiGeGeGeGeGeSiGeGeGeGeGeGeGeGeSiSiGeGeGeGeSiGeGeGe
    49150.5390625000 GeSiSiSiSiGeSiGeGeGeGeGeGeGeGeGeGeGeSiGeGeSiGeGeGeSiGeGeGeSiGeSiGeSiGeSiGeGeGeGeGeSiGeGeGeGeGeGeGeGeSiSiGeGeGeGeSiGeGeGe
    49150.5390625000 GeSiSiSiSiGeSiGeGeGeGeGeGeGeGeGeGeGeSiGeGeSiGeGeGeSiGeGeGeSiGeSiGeSiGeSiGeGeGeGeGeSiGeGeGeGeGeGeGeGeSiSiGeGeGeGeSiGeGeGe
    49150.5390625000 GeSiSiSiSiGeSiGeGeGeGeGeGeGeGeGeGeGeSiGeGeSiGeGeGeSiGeGeGeSiGeSiGeSiGeSiGeGeGeGeGeSiGeGeGeGeGeGeGeGeSiSiGeGeGeGeSiGeGeGe
    49150.5390625000 GeSiSiSiSiGeSiGeGeGeGeGeGeGeGeGeGeGeSiGeGeSiGeGeGeSiGeGeGeSiGeSiGeSiGeSiGeGeGeGeGeSiGeGeGeGeGeGeGeGeSiSiGeGeGeGeSiGeGeGe
filename: c000001041341632.gin     
Cell:
    11.9020996    11.9020996    29.6919994    90.0000000    90.0000000   120.0000000
Box:
    11.9020996    -5.9510503     0.0000000
     0.0000000    10.3075209     0.0000000
     0.0000000     0.0000000    29.6919994
----------------------------------------
Inverse Box:
     0.0840188     0.0485083     0.0000000
     0.0000000     0.0970165     0.0000000
     0.0000000     0.0000000     0.0336791
----------------------------------------
==============================================
geometrical properties of  44 Ge:
 Configuration:           0
 D_ave:   9.11058903       3.55137849    
 D_min:   3.02402854       3.15839089E-02
 energia:   49150.5391    
