Random Seed:  1134820318
Number of atoms:    60
Space Group:    1
Cell:
    11.9020996    11.9020996    29.6919994    90.0000000    90.0000000   120.0000000
Box:
    11.9020996    -5.9510503     0.0000000
     0.0000000    10.3075209     0.0000000
     0.0000000     0.0000000    29.6919994
----------------------------------------
Inverse Box:
     0.0840188     0.0485083     0.0000000
     0.0000000     0.0970165     0.0000000
     0.0000000     0.0000000     0.0336791
----------------------------------------
GeSiSiSiSiSiSiSiSiSiGeSiSiSiSiSiSiSiSiSiSiSiSiSiSiSiSiSiSiSiSiSiSiSiSiSiSiSiSiSiSiSiSiSiSiSiSiSiSiSiSiSiSiSiSiSiSiSiSiSi
           1 Ge    -7733.81152    
GeGeSiSiSiSiSiSiSiSiGeSiSiSiSiSiSiSiSiSiSiSiSiSiSiSiSiSiSiSiSiSiSiSiSiSiSiSiSiSiSiSiSiSiSiSiSiSiSiSiSiSiSiSiSiSiSiSiSiSi
           2 Ge    -7727.02930    
GeGeGeSiSiSiSiSiSiSiGeSiSiSiSiSiSiSiSiSiSiSiSiSiSiSiSiSiSiSiSiSiSiSiSiSiSiSiSiSiSiSiSiSiSiSiSiSiSiSiSiSiSiSiSiSiSiSiSiSi
           3 Ge    -7720.85059    
GeGeGeGeSiSiSiSiSiSiGeSiSiSiSiSiSiSiSiSiSiSiSiSiSiSiSiSiSiSiSiSiSiSiSiSiSiSiSiSiSiSiSiSiSiSiSiSiSiSiSiSiSiSiSiSiSiSiSiSi
           4 Ge    -7745.76514    
GeGeGeGeGeSiSiSiSiSiGeSiSiSiSiSiSiSiSiSiSiSiSiSiSiSiSiSiSiSiSiSiSiSiSiSiSiSiSiSiSiSiSiSiSiSiSiSiSiSiSiSiSiSiSiSiSiSiSiSi
           5 Ge    -7788.03809    
GeGeGeGeGeGeSiSiSiSiGeSiSiSiSiSiSiSiSiSiSiSiSiSiSiSiSiSiSiSiSiSiSiSiSiSiSiSiSiSiSiSiSiSiSiSiSiSiSiSiSiSiSiSiSiSiSiSiSiSi
           6 Ge    -7853.89307    
GeGeGeGeGeGeSiGeSiSiGeSiSiSiSiSiSiSiSiSiSiSiSiSiSiSiSiSiSiSiSiSiSiSiSiSiSiSiSiSiSiSiSiSiSiSiSiSiSiSiSiSiSiSiSiSiSiSiSiSi
           8 Ge    -8021.92773    
GeGeGeGeGeGeSiGeSiSiGeGeSiSiSiSiSiSiSiSiSiSiSiSiSiSiSiSiSiSiSiSiSiSiSiSiSiSiSiSiSiSiSiSiSiSiSiSiSiSiSiSiSiSiSiSiSiSiSiSi
          12 Ge    -8225.58984    
GeGeGeGeGeGeSiGeSiSiGeGeSiSiSiGeSiSiSiSiSiSiSiSiSiSiSiSiSiSiSiSiSiSiSiSiSiSiSiSiSiSiSiSiSiSiSiSiSiSiSiSiSiSiSiSiSiSiSiSi
          16 Ge    -8553.38477    
GeGeGeGeGeGeSiGeSiSiGeGeSiSiSiGeSiSiSiSiSiSiGeSiSiSiSiSiSiSiSiSiSiSiSiSiSiSiSiSiSiSiSiSiSiSiSiSiSiSiSiSiSiSiSiSiSiSiSiSi
          23 Ge    -8278.69531    
GeGeGeGeGeGeSiGeSiSiGeGeSiSiSiGeSiSiSiSiSiSiGeSiSiGeSiSiSiSiSiSiSiSiSiSiSiSiSiSiSiSiSiSiSiSiSiSiSiSiSiSiSiSiSiSiSiSiSiSi
          26 Ge    -8713.67969    
GeGeGeGeGeGeSiGeSiSiGeGeSiSiSiGeSiSiSiSiSiSiGeSiSiGeSiSiSiGeSiSiSiSiSiSiSiSiSiSiSiSiSiSiSiSiSiSiSiSiSiSiSiSiSiSiSiSiSiSi
          30 Ge    -8759.28613    
GeGeGeGeGeGeSiGeSiSiGeGeSiSiSiGeSiSiSiSiSiSiGeSiSiGeSiSiSiGeSiSiGeSiSiSiSiSiSiSiSiSiSiSiSiSiSiSiSiSiSiSiSiSiSiSiSiSiSiSi
          33 Ge    -9315.37402    
GeGeGeGeGeGeSiGeSiSiGeGeSiSiSiGeSiSiSiSiSiSiGeSiSiGeSiSiSiGeSiSiGeSiSiGeSiSiSiSiSiSiSiSiSiSiSiSiSiSiSiSiSiSiSiSiSiSiSiSi
          36 Ge    -9725.06738    
GeGeGeGeGeGeSiGeSiSiGeGeSiSiSiGeSiSiSiSiSiSiGeSiSiGeSiSiSiGeSiSiGeSiSiGeSiSiGeSiSiSiSiSiSiSiSiSiSiSiSiSiSiSiSiSiSiSiSiSi
          39 Ge    -10197.8652    
GeGeGeGeGeGeSiGeSiSiGeGeSiSiSiGeSiSiSiSiSiSiGeSiSiGeSiSiSiGeSiSiGeSiSiGeSiSiGeGeSiSiSiSiSiSiSiSiSiSiSiSiSiSiSiSiSiSiSiSi
          40 Ge    -8922.18848    
GeGeGeGeGeGeSiGeSiSiGeGeSiSiSiGeSiSiSiSiSiSiGeSiSiGeSiSiSiGeSiSiGeSiSiGeSiSiGeGeGeSiSiSiSiSiSiSiSiSiSiSiSiSiSiSiSiSiSiSi
          41 Ge    -9711.79492    
GeGeGeGeGeGeSiGeSiSiGeGeSiSiSiGeSiSiSiSiSiSiGeSiSiGeSiSiSiGeSiSiGeSiSiGeSiSiGeGeGeGeSiSiSiSiSiSiSiSiSiSiSiSiSiSiSiSiSiSi
          42 Ge    -8943.90430    
GeGeGeGeGeGeSiGeSiSiGeGeSiSiSiGeSiSiSiSiSiSiGeSiSiGeSiSiSiGeSiSiGeSiSiGeSiSiGeGeGeGeSiSiGeSiSiSiSiSiSiSiSiSiSiSiSiSiSiSi
          45 Ge    -9372.91016    
GeGeGeGeGeGeSiGeSiSiGeGeSiSiSiGeSiSiSiSiSiSiGeSiSiGeSiSiSiGeSiSiGeSiSiGeSiSiGeGeGeGeSiSiGeGeSiSiSiSiSiSiSiSiSiSiSiSiSiSi
          46 Ge    -9872.54785    
GeGeGeGeGeGeSiGeSiSiGeGeSiSiSiGeSiSiSiSiSiSiGeSiSiGeSiSiSiGeSiSiGeSiSiGeSiSiGeGeGeGeSiSiGeGeSiSiSiSiSiSiSiSiSiSiGeSiSiSi
          57 Ge    -10894.6895    
GeGeGeGeGeGeSiGeSiGeGeGeSiSiSiGeSiSiSiSiSiSiGeSiSiGeSiSiSiGeSiSiGeSiSiGeSiSiGeGeGeGeSiSiGeGeSiSiSiSiSiSiSiSiSiSiGeSiSiSi
          10 Ge    -8157.69775    
GeGeGeGeGeGeSiGeSiGeGeGeGeSiSiGeSiSiSiSiSiSiGeSiSiGeSiSiSiGeSiSiGeSiSiGeSiSiGeGeGeGeSiSiGeGeSiSiSiSiSiSiSiSiSiSiGeSiSiSi
          13 Ge    -6670.65234    
GeGeGeGeGeGeSiGeSiGeGeGeGeSiGeGeSiSiSiSiSiSiGeSiSiGeSiSiSiGeSiSiGeSiSiGeSiSiGeGeGeGeSiSiGeGeSiSiSiSiSiSiSiSiSiSiGeSiSiSi
          15 Ge    -1487.75781    
GeGeGeGeGeGeSiGeSiGeGeGeGeSiGeGeSiGeSiSiSiSiGeSiSiGeSiSiSiGeSiSiGeSiSiGeSiSiGeGeGeGeSiSiGeGeSiSiSiSiSiSiSiSiSiSiGeSiSiSi
          18 Ge    -126.389648    
GeGeGeGeGeGeSiGeSiGeGeGeGeSiGeGeSiGeSiSiSiSiGeGeSiGeSiSiSiGeSiSiGeSiSiGeSiSiGeGeGeGeSiSiGeGeSiSiSiSiSiSiSiSiSiSiGeSiSiSi
          24 Ge     2869.77393    
GeGeGeGeGeGeSiGeSiGeGeGeGeSiGeGeSiGeSiSiSiSiGeGeSiGeSiGeSiGeSiSiGeSiSiGeSiSiGeGeGeGeSiSiGeGeSiSiSiSiSiSiSiSiSiSiGeSiSiSi
          28 Ge     3583.57275    
GeGeGeGeGeGeSiGeSiGeGeGeGeSiGeGeSiGeSiSiSiSiGeGeSiGeSiGeSiGeSiSiGeSiSiGeSiSiGeGeGeGeSiGeGeGeSiSiSiSiSiSiSiSiSiSiGeSiSiSi
          44 Ge     5257.16553    
GeGeGeGeGeGeSiGeSiGeGeGeGeSiGeGeSiGeSiSiSiSiGeGeSiGeSiGeSiGeSiSiGeSiSiGeSiSiGeGeGeGeSiGeGeGeSiSiSiSiGeSiSiSiSiSiGeSiSiSi
          51 Ge     5892.09912    
GeGeGeGeGeGeSiGeSiGeGeGeGeSiGeGeSiGeSiSiSiSiGeGeSiGeSiGeSiGeSiSiGeSiSiGeSiSiGeGeGeGeSiGeGeGeSiSiSiSiGeSiSiSiSiSiGeGeSiSi
          58 Ge     10097.7266    
GeGeGeGeGeGeGeGeSiGeGeGeGeSiGeGeSiGeSiSiSiSiGeGeSiGeSiGeSiGeSiSiGeSiSiGeSiSiGeGeGeGeSiGeGeGeSiSiSiSiGeSiSiSiSiSiGeGeSiSi
           7 Ge     11687.3555    
GeGeGeGeGeGeGeGeGeGeGeGeGeSiGeGeSiGeSiSiSiSiGeGeSiGeSiGeSiGeSiSiGeSiSiGeSiSiGeGeGeGeSiGeGeGeSiSiSiSiGeSiSiSiSiSiGeGeSiSi
           9 Ge     15664.2031    
GeGeGeGeGeGeGeGeGeGeGeGeGeGeGeGeSiGeSiSiSiSiGeGeSiGeSiGeSiGeSiSiGeSiSiGeSiSiGeGeGeGeSiGeGeGeSiSiSiSiGeSiSiSiSiSiGeGeSiSi
          14 Ge     22980.3848    
GeGeGeGeGeGeGeGeGeGeGeGeGeGeGeGeGeGeSiSiSiSiGeGeSiGeSiGeSiGeSiSiGeSiSiGeSiSiGeGeGeGeSiGeGeGeSiSiSiSiGeSiSiSiSiSiGeGeSiSi
          17 Ge     32624.2285    
GeGeGeGeGeGeGeGeGeGeGeGeGeGeGeGeGeGeSiSiGeSiGeGeSiGeSiGeSiGeSiSiGeSiSiGeSiSiGeGeGeGeSiGeGeGeSiSiSiSiGeSiSiSiSiSiGeGeSiSi
          21 Ge     45327.3594    
GeGeGeGeGeGeGeGeGeGeGeGeGeGeGeGeGeGeSiSiGeGeGeGeSiGeSiGeSiGeSiSiGeSiSiGeSiSiGeGeGeGeSiGeGeGeSiSiSiSiGeSiSiSiSiSiGeGeSiSi
          22 Ge     57177.9453    
GeGeGeGeGeGeGeGeGeGeGeGeGeGeGeGeGeGeSiSiGeGeGeGeSiGeSiGeSiGeGeSiGeSiSiGeSiSiGeGeGeGeSiGeGeGeSiSiSiSiGeSiSiSiSiSiGeGeSiSi
          31 Ge     62180.6328    
GeGeGeGeGeGeGeGeGeGeGeGeGeGeGeGeGeGeSiSiGeGeGeGeSiGeSiGeSiGeGeGeGeSiSiGeSiSiGeGeGeGeSiGeGeGeSiSiSiSiGeSiSiSiSiSiGeGeSiSi
          32 Ge     67989.7109    
GeGeGeGeGeGeGeGeGeGeGeGeGeGeGeGeGeGeSiSiGeGeGeGeSiGeSiGeSiGeGeGeGeSiSiGeSiSiGeGeGeGeSiGeGeGeSiSiGeSiGeSiSiSiSiSiGeGeSiSi
          49 Ge     78703.6016    
GeGeGeGeGeGeGeGeGeGeGeGeGeGeGeGeGeGeSiSiGeGeGeGeSiGeSiGeSiGeGeGeGeSiSiGeSiSiGeGeGeGeSiGeGeGeSiSiGeGeGeSiSiSiSiSiGeGeSiSi
          50 Ge     81521.0703    
GeGeGeGeGeGeGeGeGeGeGeGeGeGeGeGeGeGeSiSiGeGeGeGeSiGeSiGeSiGeGeGeGeSiSiGeSiSiGeGeGeGeSiGeGeGeSiSiGeGeGeSiSiSiGeSiGeGeSiSi
          55 Ge     86031.4062    
GeGeGeGeGeGeGeGeGeGeGeGeGeGeGeGeGeGeSiSiGeGeGeGeGeGeSiGeSiGeGeGeGeSiSiGeSiSiGeGeGeGeSiGeGeGeSiSiGeGeGeSiSiSiGeSiGeGeSiSi
          25 Ge     95907.9531    
GeGeGeGeGeGeGeGeGeGeGeGeGeGeGeGeGeGeSiSiGeGeGeGeGeGeGeGeSiGeGeGeGeSiSiGeSiSiGeGeGeGeSiGeGeGeSiSiGeGeGeSiSiSiGeSiGeGeSiSi
          27 Ge     107081.875    
==============================================
MonteCarlo: Metropolis with identity changes
Si > Ge, Ge > Si. STOP when occurrence <    0.00000
==============================================
Cost_function     Occurrence %     Scan-Cost
    64272.6093750000 GeSiGeSiSiSiGeGeGeGeGeSiGeGeSiGeGeGeGeGeGeGeGeGeGeGeGeSiGeGeGeGeSiSiGeGeGeGeGeSiSiGeGeSiGeGeGeSiGeSiSiSiGeGeGeGeGeGeGeGe
    54069.8437500000 GeSiGeSiSiSiGeSiGeGeGeSiGeGeSiGeGeGeGeGeGeGeGeSiGeGeGeGeGeSiGeGeGeSiGeSiGeGeGeGeSiGeGeGeGeGeGeGeGeSiSiSiGeGeGeGeGeSiGeGe
    54069.8437500000 GeSiGeSiSiSiGeSiGeGeGeSiGeGeSiGeGeGeGeGeGeGeGeSiGeGeGeGeGeSiGeGeGeSiGeSiGeGeGeGeSiGeGeGeGeGeGeGeGeSiSiSiGeGeGeGeGeSiGeGe
    54069.8437500000 GeSiGeSiSiSiGeSiGeGeGeSiGeGeSiGeGeGeGeGeGeGeGeSiGeGeGeGeGeSiGeGeGeSiGeSiGeGeGeGeSiGeGeGeGeGeGeGeGeSiSiSiGeGeGeGeGeSiGeGe
    48541.2656250000 GeSiGeSiSiSiGeGeGeGeGeSiGeGeSiGeGeGeGeGeGeGeGeGeGeGeGeGeGeSiGeGeSiSiGeSiGeGeGeGeSiSiGeGeGeGeGeGeGeSiSiSiGeGeGeGeGeSiGeGe
    48541.2656250000 GeSiGeSiSiSiGeGeGeGeGeSiGeGeSiGeGeGeGeGeGeGeGeGeGeGeGeGeGeSiGeGeSiSiGeSiGeGeGeGeSiSiGeGeGeGeGeGeGeSiSiSiGeGeGeGeGeSiGeGe
    45580.6796875000 GeSiGeSiSiSiGeGeGeGeGeSiGeGeSiGeGeGeGeGeGeSiGeGeGeGeGeGeGeGeGeGeSiSiGeSiGeGeGeGeSiSiGeGeSiGeGeGeGeSiSiSiGeGeGeGeGeGeGeGe
    41113.6171875000 GeSiGeSiSiSiGeGeGeGeGeSiGeGeGeGeGeGeGeGeGeSiGeGeGeGeGeGeGeSiGeGeSiSiGeSiSiGeGeGeSiGeGeGeGeGeGeGeGeSiSiSiGeGeGeGeGeGeSiGe
    41113.6171875000 GeSiGeSiSiSiGeGeGeGeGeSiGeGeGeGeGeGeGeGeGeSiGeGeGeGeGeGeGeSiGeGeSiSiGeSiSiGeGeGeSiGeGeGeGeGeGeGeGeSiSiSiGeGeGeGeGeGeSiGe
    41113.6171875000 GeSiGeSiSiSiGeGeGeGeGeSiGeGeGeGeGeGeGeGeGeSiGeGeGeGeGeGeGeSiGeGeSiSiGeSiSiGeGeGeSiGeGeGeGeGeGeGeGeSiSiSiGeGeGeGeGeGeSiGe
    41113.6171875000 GeSiGeSiSiSiGeGeGeGeGeSiGeGeGeGeGeGeGeGeGeSiGeGeGeGeGeGeGeSiGeGeSiSiGeSiSiGeGeGeSiGeGeGeGeGeGeGeGeSiSiSiGeGeGeGeGeGeSiGe
    41113.6171875000 GeSiGeSiSiSiGeGeGeGeGeSiGeGeGeGeGeGeGeGeGeSiGeGeGeGeGeGeGeSiGeGeSiSiGeSiSiGeGeGeSiGeGeGeGeGeGeGeGeSiSiSiGeGeGeGeGeGeSiGe
    41113.6171875000 GeSiGeSiSiSiGeGeGeGeGeSiGeGeGeGeGeGeGeGeGeSiGeGeGeGeGeGeGeSiGeGeSiSiGeSiSiGeGeGeSiGeGeGeGeGeGeGeGeSiSiSiGeGeGeGeGeGeSiGe
    41113.6171875000 GeSiGeSiSiSiGeGeGeGeGeSiGeGeGeGeGeGeGeGeGeSiGeGeGeGeGeGeGeSiGeGeSiSiGeSiSiGeGeGeSiGeGeGeGeGeGeGeGeSiSiSiGeGeGeGeGeGeSiGe
    41113.6171875000 GeSiGeSiSiSiGeGeGeGeGeSiGeGeGeGeGeGeGeGeGeSiGeGeGeGeGeGeGeSiGeGeSiSiGeSiSiGeGeGeSiGeGeGeGeGeGeGeGeSiSiSiGeGeGeGeGeGeSiGe
    41113.6171875000 GeSiGeSiSiSiGeGeGeGeGeSiGeGeGeGeGeGeGeGeGeSiGeGeGeGeGeGeGeSiGeGeSiSiGeSiSiGeGeGeSiGeGeGeGeGeGeGeGeSiSiSiGeGeGeGeGeGeSiGe
    41113.6171875000 GeSiGeSiSiSiGeGeGeGeGeSiGeGeGeGeGeGeGeGeGeSiGeGeGeGeGeGeGeSiGeGeSiSiGeSiSiGeGeGeSiGeGeGeGeGeGeGeGeSiSiSiGeGeGeGeGeGeSiGe
    41113.6171875000 GeSiGeSiSiSiGeGeGeGeGeSiGeGeGeGeGeGeGeGeGeSiGeGeGeGeGeGeGeSiGeGeSiSiGeSiSiGeGeGeSiGeGeGeGeGeGeGeGeSiSiSiGeGeGeGeGeGeSiGe
    41113.6171875000 GeSiGeSiSiSiGeGeGeGeGeSiGeGeGeGeGeGeGeGeGeSiGeGeGeGeGeGeGeSiGeGeSiSiGeSiSiGeGeGeSiGeGeGeGeGeGeGeGeSiSiSiGeGeGeGeGeGeSiGe
    41113.6171875000 GeSiGeSiSiSiGeGeGeGeGeSiGeGeGeGeGeGeGeGeGeSiGeGeGeGeGeGeGeSiGeGeSiSiGeSiSiGeGeGeSiGeGeGeGeGeGeGeGeSiSiSiGeGeGeGeGeGeSiGe
    41113.6171875000 GeSiGeSiSiSiGeGeGeGeGeSiGeGeGeGeGeGeGeGeGeSiGeGeGeGeGeGeGeSiGeGeSiSiGeSiSiGeGeGeSiGeGeGeGeGeGeGeGeSiSiSiGeGeGeGeGeGeSiGe
    41113.6171875000 GeSiGeSiSiSiGeGeGeGeGeSiGeGeGeGeGeGeGeGeGeSiGeGeGeGeGeGeGeSiGeGeSiSiGeSiSiGeGeGeSiGeGeGeGeGeGeGeGeSiSiSiGeGeGeGeGeGeSiGe
    41113.6171875000 GeSiGeSiSiSiGeGeGeGeGeSiGeGeGeGeGeGeGeGeGeSiGeGeGeGeGeGeGeSiGeGeSiSiGeSiSiGeGeGeSiGeGeGeGeGeGeGeGeSiSiSiGeGeGeGeGeGeSiGe
    41113.6171875000 GeSiGeSiSiSiGeGeGeGeGeSiGeGeGeGeGeGeGeGeGeSiGeGeGeGeGeGeGeSiGeGeSiSiGeSiSiGeGeGeSiGeGeGeGeGeGeGeGeSiSiSiGeGeGeGeGeGeSiGe
    41113.6171875000 GeSiGeSiSiSiGeGeGeGeGeSiGeGeGeGeGeGeGeGeGeSiGeGeGeGeGeGeGeSiGeGeSiSiGeSiSiGeGeGeSiGeGeGeGeGeGeGeGeSiSiSiGeGeGeGeGeGeSiGe
    41113.6171875000 GeSiGeSiSiSiGeGeGeGeGeSiGeGeGeGeGeGeGeGeGeSiGeGeGeGeGeGeGeSiGeGeSiSiGeSiSiGeGeGeSiGeGeGeGeGeGeGeGeSiSiSiGeGeGeGeGeGeSiGe
    41113.6171875000 GeSiGeSiSiSiGeGeGeGeGeSiGeGeGeGeGeGeGeGeGeSiGeGeGeGeGeGeGeSiGeGeSiSiGeSiSiGeGeGeSiGeGeGeGeGeGeGeGeSiSiSiGeGeGeGeGeGeSiGe
    41113.6171875000 GeSiGeSiSiSiGeGeGeGeGeSiGeGeGeGeGeGeGeGeGeSiGeGeGeGeGeGeGeSiGeGeSiSiGeSiSiGeGeGeSiGeGeGeGeGeGeGeGeSiSiSiGeGeGeGeGeGeSiGe
    41113.6171875000 GeSiGeSiSiSiGeGeGeGeGeSiGeGeGeGeGeGeGeGeGeSiGeGeGeGeGeGeGeSiGeGeSiSiGeSiSiGeGeGeSiGeGeGeGeGeGeGeGeSiSiSiGeGeGeGeGeGeSiGe
    41113.6171875000 GeSiGeSiSiSiGeGeGeGeGeSiGeGeGeGeGeGeGeGeGeSiGeGeGeGeGeGeGeSiGeGeSiSiGeSiSiGeGeGeSiGeGeGeGeGeGeGeGeSiSiSiGeGeGeGeGeGeSiGe
    41113.6171875000 GeSiGeSiSiSiGeGeGeGeGeSiGeGeGeGeGeGeGeGeGeSiGeGeGeGeGeGeGeSiGeGeSiSiGeSiSiGeGeGeSiGeGeGeGeGeGeGeGeSiSiSiGeGeGeGeGeGeSiGe
    41113.6171875000 GeSiGeSiSiSiGeGeGeGeGeSiGeGeGeGeGeGeGeGeGeSiGeGeGeGeGeGeGeSiGeGeSiSiGeSiSiGeGeGeSiGeGeGeGeGeGeGeGeSiSiSiGeGeGeGeGeGeSiGe
    41113.6171875000 GeSiGeSiSiSiGeGeGeGeGeSiGeGeGeGeGeGeGeGeGeSiGeGeGeGeGeGeGeSiGeGeSiSiGeSiSiGeGeGeSiGeGeGeGeGeGeGeGeSiSiSiGeGeGeGeGeGeSiGe
    41113.6171875000 GeSiGeSiSiSiGeGeGeGeGeSiGeGeGeGeGeGeGeGeGeSiGeGeGeGeGeGeGeSiGeGeSiSiGeSiSiGeGeGeSiGeGeGeGeGeGeGeGeSiSiSiGeGeGeGeGeGeSiGe
    41113.6171875000 GeSiGeSiSiSiGeGeGeGeGeSiGeGeGeGeGeGeGeGeGeSiGeGeGeGeGeGeGeSiGeGeSiSiGeSiSiGeGeGeSiGeGeGeGeGeGeGeGeSiSiSiGeGeGeGeGeGeSiGe
    41113.6171875000 GeSiGeSiSiSiGeGeGeGeGeSiGeGeGeGeGeGeGeGeGeSiGeGeGeGeGeGeGeSiGeGeSiSiGeSiSiGeGeGeSiGeGeGeGeGeGeGeGeSiSiSiGeGeGeGeGeGeSiGe
    41113.6171875000 GeSiGeSiSiSiGeGeGeGeGeSiGeGeGeGeGeGeGeGeGeSiGeGeGeGeGeGeGeSiGeGeSiSiGeSiSiGeGeGeSiGeGeGeGeGeGeGeGeSiSiSiGeGeGeGeGeGeSiGe
    41113.6171875000 GeSiGeSiSiSiGeGeGeGeGeSiGeGeGeGeGeGeGeGeGeSiGeGeGeGeGeGeGeSiGeGeSiSiGeSiSiGeGeGeSiGeGeGeGeGeGeGeGeSiSiSiGeGeGeGeGeGeSiGe
    41113.6171875000 GeSiGeSiSiSiGeGeGeGeGeSiGeGeGeGeGeGeGeGeGeSiGeGeGeGeGeGeGeSiGeGeSiSiGeSiSiGeGeGeSiGeGeGeGeGeGeGeGeSiSiSiGeGeGeGeGeGeSiGe
    41113.6171875000 GeSiGeSiSiSiGeGeGeGeGeSiGeGeGeGeGeGeGeGeGeSiGeGeGeGeGeGeGeSiGeGeSiSiGeSiSiGeGeGeSiGeGeGeGeGeGeGeGeSiSiSiGeGeGeGeGeGeSiGe
    41113.6171875000 GeSiGeSiSiSiGeGeGeGeGeSiGeGeGeGeGeGeGeGeGeSiGeGeGeGeGeGeGeSiGeGeSiSiGeSiSiGeGeGeSiGeGeGeGeGeGeGeGeSiSiSiGeGeGeGeGeGeSiGe
    41113.6171875000 GeSiGeSiSiSiGeGeGeGeGeSiGeGeGeGeGeGeGeGeGeSiGeGeGeGeGeGeGeSiGeGeSiSiGeSiSiGeGeGeSiGeGeGeGeGeGeGeGeSiSiSiGeGeGeGeGeGeSiGe
    41113.6171875000 GeSiGeSiSiSiGeGeGeGeGeSiGeGeGeGeGeGeGeGeGeSiGeGeGeGeGeGeGeSiGeGeSiSiGeSiSiGeGeGeSiGeGeGeGeGeGeGeGeSiSiSiGeGeGeGeGeGeSiGe
    41113.6171875000 GeSiGeSiSiSiGeGeGeGeGeSiGeGeGeGeGeGeGeGeGeSiGeGeGeGeGeGeGeSiGeGeSiSiGeSiSiGeGeGeSiGeGeGeGeGeGeGeGeSiSiSiGeGeGeGeGeGeSiGe
    41113.6171875000 GeSiGeSiSiSiGeGeGeGeGeSiGeGeGeGeGeGeGeGeGeSiGeGeGeGeGeGeGeSiGeGeSiSiGeSiSiGeGeGeSiGeGeGeGeGeGeGeGeSiSiSiGeGeGeGeGeGeSiGe
    41113.6171875000 GeSiGeSiSiSiGeGeGeGeGeSiGeGeGeGeGeGeGeGeGeSiGeGeGeGeGeGeGeSiGeGeSiSiGeSiSiGeGeGeSiGeGeGeGeGeGeGeGeSiSiSiGeGeGeGeGeGeSiGe
    41113.6171875000 GeSiGeSiSiSiGeGeGeGeGeSiGeGeGeGeGeGeGeGeGeSiGeGeGeGeGeGeGeSiGeGeSiSiGeSiSiGeGeGeSiGeGeGeGeGeGeGeGeSiSiSiGeGeGeGeGeGeSiGe
    41113.6171875000 GeSiGeSiSiSiGeGeGeGeGeSiGeGeGeGeGeGeGeGeGeSiGeGeGeGeGeGeGeSiGeGeSiSiGeSiSiGeGeGeSiGeGeGeGeGeGeGeGeSiSiSiGeGeGeGeGeGeSiGe
    41113.6171875000 GeSiGeSiSiSiGeGeGeGeGeSiGeGeGeGeGeGeGeGeGeSiGeGeGeGeGeGeGeSiGeGeSiSiGeSiSiGeGeGeSiGeGeGeGeGeGeGeGeSiSiSiGeGeGeGeGeGeSiGe
    41113.6171875000 GeSiGeSiSiSiGeGeGeGeGeSiGeGeGeGeGeGeGeGeGeSiGeGeGeGeGeGeGeSiGeGeSiSiGeSiSiGeGeGeSiGeGeGeGeGeGeGeGeSiSiSiGeGeGeGeGeGeSiGe
    41113.6171875000 GeSiGeSiSiSiGeGeGeGeGeSiGeGeGeGeGeGeGeGeGeSiGeGeGeGeGeGeGeSiGeGeSiSiGeSiSiGeGeGeSiGeGeGeGeGeGeGeGeSiSiSiGeGeGeGeGeGeSiGe
    41113.6171875000 GeSiGeSiSiSiGeGeGeGeGeSiGeGeGeGeGeGeGeGeGeSiGeGeGeGeGeGeGeSiGeGeSiSiGeSiSiGeGeGeSiGeGeGeGeGeGeGeGeSiSiSiGeGeGeGeGeGeSiGe
    41113.6171875000 GeSiGeSiSiSiGeGeGeGeGeSiGeGeGeGeGeGeGeGeGeSiGeGeGeGeGeGeGeSiGeGeSiSiGeSiSiGeGeGeSiGeGeGeGeGeGeGeGeSiSiSiGeGeGeGeGeGeSiGe
    41113.6171875000 GeSiGeSiSiSiGeGeGeGeGeSiGeGeGeGeGeGeGeGeGeSiGeGeGeGeGeGeGeSiGeGeSiSiGeSiSiGeGeGeSiGeGeGeGeGeGeGeGeSiSiSiGeGeGeGeGeGeSiGe
    41113.6171875000 GeSiGeSiSiSiGeGeGeGeGeSiGeGeGeGeGeGeGeGeGeSiGeGeGeGeGeGeGeSiGeGeSiSiGeSiSiGeGeGeSiGeGeGeGeGeGeGeGeSiSiSiGeGeGeGeGeGeSiGe
    41113.6171875000 GeSiGeSiSiSiGeGeGeGeGeSiGeGeGeGeGeGeGeGeGeSiGeGeGeGeGeGeGeSiGeGeSiSiGeSiSiGeGeGeSiGeGeGeGeGeGeGeGeSiSiSiGeGeGeGeGeGeSiGe
    41113.6171875000 GeSiGeSiSiSiGeGeGeGeGeSiGeGeGeGeGeGeGeGeGeSiGeGeGeGeGeGeGeSiGeGeSiSiGeSiSiGeGeGeSiGeGeGeGeGeGeGeGeSiSiSiGeGeGeGeGeGeSiGe
    41113.6171875000 GeSiGeSiSiSiGeGeGeGeGeSiGeGeGeGeGeGeGeGeGeSiGeGeGeGeGeGeGeSiGeGeSiSiGeSiSiGeGeGeSiGeGeGeGeGeGeGeGeSiSiSiGeGeGeGeGeGeSiGe
    41113.6171875000 GeSiGeSiSiSiGeGeGeGeGeSiGeGeGeGeGeGeGeGeGeSiGeGeGeGeGeGeGeSiGeGeSiSiGeSiSiGeGeGeSiGeGeGeGeGeGeGeGeSiSiSiGeGeGeGeGeGeSiGe
    41113.6171875000 GeSiGeSiSiSiGeGeGeGeGeSiGeGeGeGeGeGeGeGeGeSiGeGeGeGeGeGeGeSiGeGeSiSiGeSiSiGeGeGeSiGeGeGeGeGeGeGeGeSiSiSiGeGeGeGeGeGeSiGe
    41113.6171875000 GeSiGeSiSiSiGeGeGeGeGeSiGeGeGeGeGeGeGeGeGeSiGeGeGeGeGeGeGeSiGeGeSiSiGeSiSiGeGeGeSiGeGeGeGeGeGeGeGeSiSiSiGeGeGeGeGeGeSiGe
    41113.6171875000 GeSiGeSiSiSiGeGeGeGeGeSiGeGeGeGeGeGeGeGeGeSiGeGeGeGeGeGeGeSiGeGeSiSiGeSiSiGeGeGeSiGeGeGeGeGeGeGeGeSiSiSiGeGeGeGeGeGeSiGe
    41113.6171875000 GeSiGeSiSiSiGeGeGeGeGeSiGeGeGeGeGeGeGeGeGeSiGeGeGeGeGeGeGeSiGeGeSiSiGeSiSiGeGeGeSiGeGeGeGeGeGeGeGeSiSiSiGeGeGeGeGeGeSiGe
    41113.6171875000 GeSiGeSiSiSiGeGeGeGeGeSiGeGeGeGeGeGeGeGeGeSiGeGeGeGeGeGeGeSiGeGeSiSiGeSiSiGeGeGeSiGeGeGeGeGeGeGeGeSiSiSiGeGeGeGeGeGeSiGe
    41113.6171875000 GeSiGeSiSiSiGeGeGeGeGeSiGeGeGeGeGeGeGeGeGeSiGeGeGeGeGeGeGeSiGeGeSiSiGeSiSiGeGeGeSiGeGeGeGeGeGeGeGeSiSiSiGeGeGeGeGeGeSiGe
    41113.6171875000 GeSiGeSiSiSiGeGeGeGeGeSiGeGeGeGeGeGeGeGeGeSiGeGeGeGeGeGeGeSiGeGeSiSiGeSiSiGeGeGeSiGeGeGeGeGeGeGeGeSiSiSiGeGeGeGeGeGeSiGe
    41113.6171875000 GeSiGeSiSiSiGeGeGeGeGeSiGeGeGeGeGeGeGeGeGeSiGeGeGeGeGeGeGeSiGeGeSiSiGeSiSiGeGeGeSiGeGeGeGeGeGeGeGeSiSiSiGeGeGeGeGeGeSiGe
    41113.6171875000 GeSiGeSiSiSiGeGeGeGeGeSiGeGeGeGeGeGeGeGeGeSiGeGeGeGeGeGeGeSiGeGeSiSiGeSiSiGeGeGeSiGeGeGeGeGeGeGeGeSiSiSiGeGeGeGeGeGeSiGe
    41113.6171875000 GeSiGeSiSiSiGeGeGeGeGeSiGeGeGeGeGeGeGeGeGeSiGeGeGeGeGeGeGeSiGeGeSiSiGeSiSiGeGeGeSiGeGeGeGeGeGeGeGeSiSiSiGeGeGeGeGeGeSiGe
    41113.6171875000 GeSiGeSiSiSiGeGeGeGeGeSiGeGeGeGeGeGeGeGeGeSiGeGeGeGeGeGeGeSiGeGeSiSiGeSiSiGeGeGeSiGeGeGeGeGeGeGeGeSiSiSiGeGeGeGeGeGeSiGe
    41113.6171875000 GeSiGeSiSiSiGeGeGeGeGeSiGeGeGeGeGeGeGeGeGeSiGeGeGeGeGeGeGeSiGeGeSiSiGeSiSiGeGeGeSiGeGeGeGeGeGeGeGeSiSiSiGeGeGeGeGeGeSiGe
    41113.6171875000 GeSiGeSiSiSiGeGeGeGeGeSiGeGeGeGeGeGeGeGeGeSiGeGeGeGeGeGeGeSiGeGeSiSiGeSiSiGeGeGeSiGeGeGeGeGeGeGeGeSiSiSiGeGeGeGeGeGeSiGe
    41113.6171875000 GeSiGeSiSiSiGeGeGeGeGeSiGeGeGeGeGeGeGeGeGeSiGeGeGeGeGeGeGeSiGeGeSiSiGeSiSiGeGeGeSiGeGeGeGeGeGeGeGeSiSiSiGeGeGeGeGeGeSiGe
    41113.6171875000 GeSiGeSiSiSiGeGeGeGeGeSiGeGeGeGeGeGeGeGeGeSiGeGeGeGeGeGeGeSiGeGeSiSiGeSiSiGeGeGeSiGeGeGeGeGeGeGeGeSiSiSiGeGeGeGeGeGeSiGe
    41113.6171875000 GeSiGeSiSiSiGeGeGeGeGeSiGeGeGeGeGeGeGeGeGeSiGeGeGeGeGeGeGeSiGeGeSiSiGeSiSiGeGeGeSiGeGeGeGeGeGeGeGeSiSiSiGeGeGeGeGeGeSiGe
    41113.6171875000 GeSiGeSiSiSiGeGeGeGeGeSiGeGeGeGeGeGeGeGeGeSiGeGeGeGeGeGeGeSiGeGeSiSiGeSiSiGeGeGeSiGeGeGeGeGeGeGeGeSiSiSiGeGeGeGeGeGeSiGe
    41113.6171875000 GeSiGeSiSiSiGeGeGeGeGeSiGeGeGeGeGeGeGeGeGeSiGeGeGeGeGeGeGeSiGeGeSiSiGeSiSiGeGeGeSiGeGeGeGeGeGeGeGeSiSiSiGeGeGeGeGeGeSiGe
    41113.6171875000 GeSiGeSiSiSiGeGeGeGeGeSiGeGeGeGeGeGeGeGeGeSiGeGeGeGeGeGeGeSiGeGeSiSiGeSiSiGeGeGeSiGeGeGeGeGeGeGeGeSiSiSiGeGeGeGeGeGeSiGe
    41113.6171875000 GeSiGeSiSiSiGeGeGeGeGeSiGeGeGeGeGeGeGeGeGeSiGeGeGeGeGeGeGeSiGeGeSiSiGeSiSiGeGeGeSiGeGeGeGeGeGeGeGeSiSiSiGeGeGeGeGeGeSiGe
    41113.6171875000 GeSiGeSiSiSiGeGeGeGeGeSiGeGeGeGeGeGeGeGeGeSiGeGeGeGeGeGeGeSiGeGeSiSiGeSiSiGeGeGeSiGeGeGeGeGeGeGeGeSiSiSiGeGeGeGeGeGeSiGe
    41113.6171875000 GeSiGeSiSiSiGeGeGeGeGeSiGeGeGeGeGeGeGeGeGeSiGeGeGeGeGeGeGeSiGeGeSiSiGeSiSiGeGeGeSiGeGeGeGeGeGeGeGeSiSiSiGeGeGeGeGeGeSiGe
    41113.6171875000 GeSiGeSiSiSiGeGeGeGeGeSiGeGeGeGeGeGeGeGeGeSiGeGeGeGeGeGeGeSiGeGeSiSiGeSiSiGeGeGeSiGeGeGeGeGeGeGeGeSiSiSiGeGeGeGeGeGeSiGe
    41113.6171875000 GeSiGeSiSiSiGeGeGeGeGeSiGeGeGeGeGeGeGeGeGeSiGeGeGeGeGeGeGeSiGeGeSiSiGeSiSiGeGeGeSiGeGeGeGeGeGeGeGeSiSiSiGeGeGeGeGeGeSiGe
    41113.6171875000 GeSiGeSiSiSiGeGeGeGeGeSiGeGeGeGeGeGeGeGeGeSiGeGeGeGeGeGeGeSiGeGeSiSiGeSiSiGeGeGeSiGeGeGeGeGeGeGeGeSiSiSiGeGeGeGeGeGeSiGe
    41113.6171875000 GeSiGeSiSiSiGeGeGeGeGeSiGeGeGeGeGeGeGeGeGeSiGeGeGeGeGeGeGeSiGeGeSiSiGeSiSiGeGeGeSiGeGeGeGeGeGeGeGeSiSiSiGeGeGeGeGeGeSiGe
    41113.6171875000 GeSiGeSiSiSiGeGeGeGeGeSiGeGeGeGeGeGeGeGeGeSiGeGeGeGeGeGeGeSiGeGeSiSiGeSiSiGeGeGeSiGeGeGeGeGeGeGeGeSiSiSiGeGeGeGeGeGeSiGe
    41113.6171875000 GeSiGeSiSiSiGeGeGeGeGeSiGeGeGeGeGeGeGeGeGeSiGeGeGeGeGeGeGeSiGeGeSiSiGeSiSiGeGeGeSiGeGeGeGeGeGeGeGeSiSiSiGeGeGeGeGeGeSiGe
    41113.6171875000 GeSiGeSiSiSiGeGeGeGeGeSiGeGeGeGeGeGeGeGeGeSiGeGeGeGeGeGeGeSiGeGeSiSiGeSiSiGeGeGeSiGeGeGeGeGeGeGeGeSiSiSiGeGeGeGeGeGeSiGe
    41113.6171875000 GeSiGeSiSiSiGeGeGeGeGeSiGeGeGeGeGeGeGeGeGeSiGeGeGeGeGeGeGeSiGeGeSiSiGeSiSiGeGeGeSiGeGeGeGeGeGeGeGeSiSiSiGeGeGeGeGeGeSiGe
    41113.6171875000 GeSiGeSiSiSiGeGeGeGeGeSiGeGeGeGeGeGeGeGeGeSiGeGeGeGeGeGeGeSiGeGeSiSiGeSiSiGeGeGeSiGeGeGeGeGeGeGeGeSiSiSiGeGeGeGeGeGeSiGe
    41113.6171875000 GeSiGeSiSiSiGeGeGeGeGeSiGeGeGeGeGeGeGeGeGeSiGeGeGeGeGeGeGeSiGeGeSiSiGeSiSiGeGeGeSiGeGeGeGeGeGeGeGeSiSiSiGeGeGeGeGeGeSiGe
    41113.6171875000 GeSiGeSiSiSiGeGeGeGeGeSiGeGeGeGeGeGeGeGeGeSiGeGeGeGeGeGeGeSiGeGeSiSiGeSiSiGeGeGeSiGeGeGeGeGeGeGeGeSiSiSiGeGeGeGeGeGeSiGe
    41113.6171875000 GeSiGeSiSiSiGeGeGeGeGeSiGeGeGeGeGeGeGeGeGeSiGeGeGeGeGeGeGeSiGeGeSiSiGeSiSiGeGeGeSiGeGeGeGeGeGeGeGeSiSiSiGeGeGeGeGeGeSiGe
    41113.6171875000 GeSiGeSiSiSiGeGeGeGeGeSiGeGeGeGeGeGeGeGeGeSiGeGeGeGeGeGeGeSiGeGeSiSiGeSiSiGeGeGeSiGeGeGeGeGeGeGeGeSiSiSiGeGeGeGeGeGeSiGe
    41113.6171875000 GeSiGeSiSiSiGeGeGeGeGeSiGeGeGeGeGeGeGeGeGeSiGeGeGeGeGeGeGeSiGeGeSiSiGeSiSiGeGeGeSiGeGeGeGeGeGeGeGeSiSiSiGeGeGeGeGeGeSiGe
    41113.6171875000 GeSiGeSiSiSiGeGeGeGeGeSiGeGeGeGeGeGeGeGeGeSiGeGeGeGeGeGeGeSiGeGeSiSiGeSiSiGeGeGeSiGeGeGeGeGeGeGeGeSiSiSiGeGeGeGeGeGeSiGe
    41113.6171875000 GeSiGeSiSiSiGeGeGeGeGeSiGeGeGeGeGeGeGeGeGeSiGeGeGeGeGeGeGeSiGeGeSiSiGeSiSiGeGeGeSiGeGeGeGeGeGeGeGeSiSiSiGeGeGeGeGeGeSiGe
    41113.6171875000 GeSiGeSiSiSiGeGeGeGeGeSiGeGeGeGeGeGeGeGeGeSiGeGeGeGeGeGeGeSiGeGeSiSiGeSiSiGeGeGeSiGeGeGeGeGeGeGeGeSiSiSiGeGeGeGeGeGeSiGe
    41113.6171875000 GeSiGeSiSiSiGeGeGeGeGeSiGeGeGeGeGeGeGeGeGeSiGeGeGeGeGeGeGeSiGeGeSiSiGeSiSiGeGeGeSiGeGeGeGeGeGeGeGeSiSiSiGeGeGeGeGeGeSiGe
    41113.6171875000 GeSiGeSiSiSiGeGeGeGeGeSiGeGeGeGeGeGeGeGeGeSiGeGeGeGeGeGeGeSiGeGeSiSiGeSiSiGeGeGeSiGeGeGeGeGeGeGeGeSiSiSiGeGeGeGeGeGeSiGe
    41113.6171875000 GeSiGeSiSiSiGeGeGeGeGeSiGeGeGeGeGeGeGeGeGeSiGeGeGeGeGeGeGeSiGeGeSiSiGeSiSiGeGeGeSiGeGeGeGeGeGeGeGeSiSiSiGeGeGeGeGeGeSiGe
    41113.6171875000 GeSiGeSiSiSiGeGeGeGeGeSiGeGeGeGeGeGeGeGeGeSiGeGeGeGeGeGeGeSiGeGeSiSiGeSiSiGeGeGeSiGeGeGeGeGeGeGeGeSiSiSiGeGeGeGeGeGeSiGe
    41113.6171875000 GeSiGeSiSiSiGeGeGeGeGeSiGeGeGeGeGeGeGeGeGeSiGeGeGeGeGeGeGeSiGeGeSiSiGeSiSiGeGeGeSiGeGeGeGeGeGeGeGeSiSiSiGeGeGeGeGeGeSiGe
    41113.6171875000 GeSiGeSiSiSiGeGeGeGeGeSiGeGeGeGeGeGeGeGeGeSiGeGeGeGeGeGeGeSiGeGeSiSiGeSiSiGeGeGeSiGeGeGeGeGeGeGeGeSiSiSiGeGeGeGeGeGeSiGe
    41113.6171875000 GeSiGeSiSiSiGeGeGeGeGeSiGeGeGeGeGeGeGeGeGeSiGeGeGeGeGeGeGeSiGeGeSiSiGeSiSiGeGeGeSiGeGeGeGeGeGeGeGeSiSiSiGeGeGeGeGeGeSiGe
    41113.6171875000 GeSiGeSiSiSiGeGeGeGeGeSiGeGeGeGeGeGeGeGeGeSiGeGeGeGeGeGeGeSiGeGeSiSiGeSiSiGeGeGeSiGeGeGeGeGeGeGeGeSiSiSiGeGeGeGeGeGeSiGe
    41113.6171875000 GeSiGeSiSiSiGeGeGeGeGeSiGeGeGeGeGeGeGeGeGeSiGeGeGeGeGeGeGeSiGeGeSiSiGeSiSiGeGeGeSiGeGeGeGeGeGeGeGeSiSiSiGeGeGeGeGeGeSiGe
    41113.6171875000 GeSiGeSiSiSiGeGeGeGeGeSiGeGeGeGeGeGeGeGeGeSiGeGeGeGeGeGeGeSiGeGeSiSiGeSiSiGeGeGeSiGeGeGeGeGeGeGeGeSiSiSiGeGeGeGeGeGeSiGe
    41113.6171875000 GeSiGeSiSiSiGeGeGeGeGeSiGeGeGeGeGeGeGeGeGeSiGeGeGeGeGeGeGeSiGeGeSiSiGeSiSiGeGeGeSiGeGeGeGeGeGeGeGeSiSiSiGeGeGeGeGeGeSiGe
    41113.6171875000 GeSiGeSiSiSiGeGeGeGeGeSiGeGeGeGeGeGeGeGeGeSiGeGeGeGeGeGeGeSiGeGeSiSiGeSiSiGeGeGeSiGeGeGeGeGeGeGeGeSiSiSiGeGeGeGeGeGeSiGe
    41113.6171875000 GeSiGeSiSiSiGeGeGeGeGeSiGeGeGeGeGeGeGeGeGeSiGeGeGeGeGeGeGeSiGeGeSiSiGeSiSiGeGeGeSiGeGeGeGeGeGeGeGeSiSiSiGeGeGeGeGeGeSiGe
    41113.6171875000 GeSiGeSiSiSiGeGeGeGeGeSiGeGeGeGeGeGeGeGeGeSiGeGeGeGeGeGeGeSiGeGeSiSiGeSiSiGeGeGeSiGeGeGeGeGeGeGeGeSiSiSiGeGeGeGeGeGeSiGe
    41113.6171875000 GeSiGeSiSiSiGeGeGeGeGeSiGeGeGeGeGeGeGeGeGeSiGeGeGeGeGeGeGeSiGeGeSiSiGeSiSiGeGeGeSiGeGeGeGeGeGeGeGeSiSiSiGeGeGeGeGeGeSiGe
    41113.6171875000 GeSiGeSiSiSiGeGeGeGeGeSiGeGeGeGeGeGeGeGeGeSiGeGeGeGeGeGeGeSiGeGeSiSiGeSiSiGeGeGeSiGeGeGeGeGeGeGeGeSiSiSiGeGeGeGeGeGeSiGe
    41113.6171875000 GeSiGeSiSiSiGeGeGeGeGeSiGeGeGeGeGeGeGeGeGeSiGeGeGeGeGeGeGeSiGeGeSiSiGeSiSiGeGeGeSiGeGeGeGeGeGeGeGeSiSiSiGeGeGeGeGeGeSiGe
    41113.6171875000 GeSiGeSiSiSiGeGeGeGeGeSiGeGeGeGeGeGeGeGeGeSiGeGeGeGeGeGeGeSiGeGeSiSiGeSiSiGeGeGeSiGeGeGeGeGeGeGeGeSiSiSiGeGeGeGeGeGeSiGe
    41113.6171875000 GeSiGeSiSiSiGeGeGeGeGeSiGeGeGeGeGeGeGeGeGeSiGeGeGeGeGeGeGeSiGeGeSiSiGeSiSiGeGeGeSiGeGeGeGeGeGeGeGeSiSiSiGeGeGeGeGeGeSiGe
    41113.6171875000 GeSiGeSiSiSiGeGeGeGeGeSiGeGeGeGeGeGeGeGeGeSiGeGeGeGeGeGeGeSiGeGeSiSiGeSiSiGeGeGeSiGeGeGeGeGeGeGeGeSiSiSiGeGeGeGeGeGeSiGe
    41113.6171875000 GeSiGeSiSiSiGeGeGeGeGeSiGeGeGeGeGeGeGeGeGeSiGeGeGeGeGeGeGeSiGeGeSiSiGeSiSiGeGeGeSiGeGeGeGeGeGeGeGeSiSiSiGeGeGeGeGeGeSiGe
    41113.6171875000 GeSiGeSiSiSiGeGeGeGeGeSiGeGeGeGeGeGeGeGeGeSiGeGeGeGeGeGeGeSiGeGeSiSiGeSiSiGeGeGeSiGeGeGeGeGeGeGeGeSiSiSiGeGeGeGeGeGeSiGe
    41113.6171875000 GeSiGeSiSiSiGeGeGeGeGeSiGeGeGeGeGeGeGeGeGeSiGeGeGeGeGeGeGeSiGeGeSiSiGeSiSiGeGeGeSiGeGeGeGeGeGeGeGeSiSiSiGeGeGeGeGeGeSiGe
    41113.6171875000 GeSiGeSiSiSiGeGeGeGeGeSiGeGeGeGeGeGeGeGeGeSiGeGeGeGeGeGeGeSiGeGeSiSiGeSiSiGeGeGeSiGeGeGeGeGeGeGeGeSiSiSiGeGeGeGeGeGeSiGe
    41113.6171875000 GeSiGeSiSiSiGeGeGeGeGeSiGeGeGeGeGeGeGeGeGeSiGeGeGeGeGeGeGeSiGeGeSiSiGeSiSiGeGeGeSiGeGeGeGeGeGeGeGeSiSiSiGeGeGeGeGeGeSiGe
    41113.6171875000 GeSiGeSiSiSiGeGeGeGeGeSiGeGeGeGeGeGeGeGeGeSiGeGeGeGeGeGeGeSiGeGeSiSiGeSiSiGeGeGeSiGeGeGeGeGeGeGeGeSiSiSiGeGeGeGeGeGeSiGe
    41113.6171875000 GeSiGeSiSiSiGeGeGeGeGeSiGeGeGeGeGeGeGeGeGeSiGeGeGeGeGeGeGeSiGeGeSiSiGeSiSiGeGeGeSiGeGeGeGeGeGeGeGeSiSiSiGeGeGeGeGeGeSiGe
    41113.6171875000 GeSiGeSiSiSiGeGeGeGeGeSiGeGeGeGeGeGeGeGeGeSiGeGeGeGeGeGeGeSiGeGeSiSiGeSiSiGeGeGeSiGeGeGeGeGeGeGeGeSiSiSiGeGeGeGeGeGeSiGe
    41113.6171875000 GeSiGeSiSiSiGeGeGeGeGeSiGeGeGeGeGeGeGeGeGeSiGeGeGeGeGeGeGeSiGeGeSiSiGeSiSiGeGeGeSiGeGeGeGeGeGeGeGeSiSiSiGeGeGeGeGeGeSiGe
    41113.6171875000 GeSiGeSiSiSiGeGeGeGeGeSiGeGeGeGeGeGeGeGeGeSiGeGeGeGeGeGeGeSiGeGeSiSiGeSiSiGeGeGeSiGeGeGeGeGeGeGeGeSiSiSiGeGeGeGeGeGeSiGe
    41113.6171875000 GeSiGeSiSiSiGeGeGeGeGeSiGeGeGeGeGeGeGeGeGeSiGeGeGeGeGeGeGeSiGeGeSiSiGeSiSiGeGeGeSiGeGeGeGeGeGeGeGeSiSiSiGeGeGeGeGeGeSiGe
    41113.6171875000 GeSiGeSiSiSiGeGeGeGeGeSiGeGeGeGeGeGeGeGeGeSiGeGeGeGeGeGeGeSiGeGeSiSiGeSiSiGeGeGeSiGeGeGeGeGeGeGeGeSiSiSiGeGeGeGeGeGeSiGe
    41113.6171875000 GeSiGeSiSiSiGeGeGeGeGeSiGeGeGeGeGeGeGeGeGeSiGeGeGeGeGeGeGeSiGeGeSiSiGeSiSiGeGeGeSiGeGeGeGeGeGeGeGeSiSiSiGeGeGeGeGeGeSiGe
    41113.6171875000 GeSiGeSiSiSiGeGeGeGeGeSiGeGeGeGeGeGeGeGeGeSiGeGeGeGeGeGeGeSiGeGeSiSiGeSiSiGeGeGeSiGeGeGeGeGeGeGeGeSiSiSiGeGeGeGeGeGeSiGe
    41113.6171875000 GeSiGeSiSiSiGeGeGeGeGeSiGeGeGeGeGeGeGeGeGeSiGeGeGeGeGeGeGeSiGeGeSiSiGeSiSiGeGeGeSiGeGeGeGeGeGeGeGeSiSiSiGeGeGeGeGeGeSiGe
    41113.6171875000 GeSiGeSiSiSiGeGeGeGeGeSiGeGeGeGeGeGeGeGeGeSiGeGeGeGeGeGeGeSiGeGeSiSiGeSiSiGeGeGeSiGeGeGeGeGeGeGeGeSiSiSiGeGeGeGeGeGeSiGe
    41113.6171875000 GeSiGeSiSiSiGeGeGeGeGeSiGeGeGeGeGeGeGeGeGeSiGeGeGeGeGeGeGeSiGeGeSiSiGeSiSiGeGeGeSiGeGeGeGeGeGeGeGeSiSiSiGeGeGeGeGeGeSiGe
    41113.6171875000 GeSiGeSiSiSiGeGeGeGeGeSiGeGeGeGeGeGeGeGeGeSiGeGeGeGeGeGeGeSiGeGeSiSiGeSiSiGeGeGeSiGeGeGeGeGeGeGeGeSiSiSiGeGeGeGeGeGeSiGe
    41113.6171875000 GeSiGeSiSiSiGeGeGeGeGeSiGeGeGeGeGeGeGeGeGeSiGeGeGeGeGeGeGeSiGeGeSiSiGeSiSiGeGeGeSiGeGeGeGeGeGeGeGeSiSiSiGeGeGeGeGeGeSiGe
    41113.6171875000 GeSiGeSiSiSiGeGeGeGeGeSiGeGeGeGeGeGeGeGeGeSiGeGeGeGeGeGeGeSiGeGeSiSiGeSiSiGeGeGeSiGeGeGeGeGeGeGeGeSiSiSiGeGeGeGeGeGeSiGe
    41113.6171875000 GeSiGeSiSiSiGeGeGeGeGeSiGeGeGeGeGeGeGeGeGeSiGeGeGeGeGeGeGeSiGeGeSiSiGeSiSiGeGeGeSiGeGeGeGeGeGeGeGeSiSiSiGeGeGeGeGeGeSiGe
    41113.6171875000 GeSiGeSiSiSiGeGeGeGeGeSiGeGeGeGeGeGeGeGeGeSiGeGeGeGeGeGeGeSiGeGeSiSiGeSiSiGeGeGeSiGeGeGeGeGeGeGeGeSiSiSiGeGeGeGeGeGeSiGe
    41113.6171875000 GeSiGeSiSiSiGeGeGeGeGeSiGeGeGeGeGeGeGeGeGeSiGeGeGeGeGeGeGeSiGeGeSiSiGeSiSiGeGeGeSiGeGeGeGeGeGeGeGeSiSiSiGeGeGeGeGeGeSiGe
    41113.6171875000 GeSiGeSiSiSiGeGeGeGeGeSiGeGeGeGeGeGeGeGeGeSiGeGeGeGeGeGeGeSiGeGeSiSiGeSiSiGeGeGeSiGeGeGeGeGeGeGeGeSiSiSiGeGeGeGeGeGeSiGe
    41113.6171875000 GeSiGeSiSiSiGeGeGeGeGeSiGeGeGeGeGeGeGeGeGeSiGeGeGeGeGeGeGeSiGeGeSiSiGeSiSiGeGeGeSiGeGeGeGeGeGeGeGeSiSiSiGeGeGeGeGeGeSiGe
    41113.6171875000 GeSiGeSiSiSiGeGeGeGeGeSiGeGeGeGeGeGeGeGeGeSiGeGeGeGeGeGeGeSiGeGeSiSiGeSiSiGeGeGeSiGeGeGeGeGeGeGeGeSiSiSiGeGeGeGeGeGeSiGe
    41113.6171875000 GeSiGeSiSiSiGeGeGeGeGeSiGeGeGeGeGeGeGeGeGeSiGeGeGeGeGeGeGeSiGeGeSiSiGeSiSiGeGeGeSiGeGeGeGeGeGeGeGeSiSiSiGeGeGeGeGeGeSiGe
    41113.6171875000 GeSiGeSiSiSiGeGeGeGeGeSiGeGeGeGeGeGeGeGeGeSiGeGeGeGeGeGeGeSiGeGeSiSiGeSiSiGeGeGeSiGeGeGeGeGeGeGeGeSiSiSiGeGeGeGeGeGeSiGe
    41113.6171875000 GeSiGeSiSiSiGeGeGeGeGeSiGeGeGeGeGeGeGeGeGeSiGeGeGeGeGeGeGeSiGeGeSiSiGeSiSiGeGeGeSiGeGeGeGeGeGeGeGeSiSiSiGeGeGeGeGeGeSiGe
    41113.6171875000 GeSiGeSiSiSiGeGeGeGeGeSiGeGeGeGeGeGeGeGeGeSiGeGeGeGeGeGeGeSiGeGeSiSiGeSiSiGeGeGeSiGeGeGeGeGeGeGeGeSiSiSiGeGeGeGeGeGeSiGe
    41113.6171875000 GeSiGeSiSiSiGeGeGeGeGeSiGeGeGeGeGeGeGeGeGeSiGeGeGeGeGeGeGeSiGeGeSiSiGeSiSiGeGeGeSiGeGeGeGeGeGeGeGeSiSiSiGeGeGeGeGeGeSiGe
    41113.6171875000 GeSiGeSiSiSiGeGeGeGeGeSiGeGeGeGeGeGeGeGeGeSiGeGeGeGeGeGeGeSiGeGeSiSiGeSiSiGeGeGeSiGeGeGeGeGeGeGeGeSiSiSiGeGeGeGeGeGeSiGe
    41113.6171875000 GeSiGeSiSiSiGeGeGeGeGeSiGeGeGeGeGeGeGeGeGeSiGeGeGeGeGeGeGeSiGeGeSiSiGeSiSiGeGeGeSiGeGeGeGeGeGeGeGeSiSiSiGeGeGeGeGeGeSiGe
    41113.6171875000 GeSiGeSiSiSiGeGeGeGeGeSiGeGeGeGeGeGeGeGeGeSiGeGeGeGeGeGeGeSiGeGeSiSiGeSiSiGeGeGeSiGeGeGeGeGeGeGeGeSiSiSiGeGeGeGeGeGeSiGe
    41113.6171875000 GeSiGeSiSiSiGeGeGeGeGeSiGeGeGeGeGeGeGeGeGeSiGeGeGeGeGeGeGeSiGeGeSiSiGeSiSiGeGeGeSiGeGeGeGeGeGeGeGeSiSiSiGeGeGeGeGeGeSiGe
    41113.6171875000 GeSiGeSiSiSiGeGeGeGeGeSiGeGeGeGeGeGeGeGeGeSiGeGeGeGeGeGeGeSiGeGeSiSiGeSiSiGeGeGeSiGeGeGeGeGeGeGeGeSiSiSiGeGeGeGeGeGeSiGe
    41113.6171875000 GeSiGeSiSiSiGeGeGeGeGeSiGeGeGeGeGeGeGeGeGeSiGeGeGeGeGeGeGeSiGeGeSiSiGeSiSiGeGeGeSiGeGeGeGeGeGeGeGeSiSiSiGeGeGeGeGeGeSiGe
    41113.6171875000 GeSiGeSiSiSiGeGeGeGeGeSiGeGeGeGeGeGeGeGeGeSiGeGeGeGeGeGeGeSiGeGeSiSiGeSiSiGeGeGeSiGeGeGeGeGeGeGeGeSiSiSiGeGeGeGeGeGeSiGe
    41113.6171875000 GeSiGeSiSiSiGeGeGeGeGeSiGeGeGeGeGeGeGeGeGeSiGeGeGeGeGeGeGeSiGeGeSiSiGeSiSiGeGeGeSiGeGeGeGeGeGeGeGeSiSiSiGeGeGeGeGeGeSiGe
    41113.6171875000 GeSiGeSiSiSiGeGeGeGeGeSiGeGeGeGeGeGeGeGeGeSiGeGeGeGeGeGeGeSiGeGeSiSiGeSiSiGeGeGeSiGeGeGeGeGeGeGeGeSiSiSiGeGeGeGeGeGeSiGe
    41113.6171875000 GeSiGeSiSiSiGeGeGeGeGeSiGeGeGeGeGeGeGeGeGeSiGeGeGeGeGeGeGeSiGeGeSiSiGeSiSiGeGeGeSiGeGeGeGeGeGeGeGeSiSiSiGeGeGeGeGeGeSiGe
    41113.6171875000 GeSiGeSiSiSiGeGeGeGeGeSiGeGeGeGeGeGeGeGeGeSiGeGeGeGeGeGeGeSiGeGeSiSiGeSiSiGeGeGeSiGeGeGeGeGeGeGeGeSiSiSiGeGeGeGeGeGeSiGe
    41113.6171875000 GeSiGeSiSiSiGeGeGeGeGeSiGeGeGeGeGeGeGeGeGeSiGeGeGeGeGeGeGeSiGeGeSiSiGeSiSiGeGeGeSiGeGeGeGeGeGeGeGeSiSiSiGeGeGeGeGeGeSiGe
    41113.6171875000 GeSiGeSiSiSiGeGeGeGeGeSiGeGeGeGeGeGeGeGeGeSiGeGeGeGeGeGeGeSiGeGeSiSiGeSiSiGeGeGeSiGeGeGeGeGeGeGeGeSiSiSiGeGeGeGeGeGeSiGe
    41113.6171875000 GeSiGeSiSiSiGeGeGeGeGeSiGeGeGeGeGeGeGeGeGeSiGeGeGeGeGeGeGeSiGeGeSiSiGeSiSiGeGeGeSiGeGeGeGeGeGeGeGeSiSiSiGeGeGeGeGeGeSiGe
    41113.6171875000 GeSiGeSiSiSiGeGeGeGeGeSiGeGeGeGeGeGeGeGeGeSiGeGeGeGeGeGeGeSiGeGeSiSiGeSiSiGeGeGeSiGeGeGeGeGeGeGeGeSiSiSiGeGeGeGeGeGeSiGe
    41113.6171875000 GeSiGeSiSiSiGeGeGeGeGeSiGeGeGeGeGeGeGeGeGeSiGeGeGeGeGeGeGeSiGeGeSiSiGeSiSiGeGeGeSiGeGeGeGeGeGeGeGeSiSiSiGeGeGeGeGeGeSiGe
    41113.6171875000 GeSiGeSiSiSiGeGeGeGeGeSiGeGeGeGeGeGeGeGeGeSiGeGeGeGeGeGeGeSiGeGeSiSiGeSiSiGeGeGeSiGeGeGeGeGeGeGeGeSiSiSiGeGeGeGeGeGeSiGe
    41113.6171875000 GeSiGeSiSiSiGeGeGeGeGeSiGeGeGeGeGeGeGeGeGeSiGeGeGeGeGeGeGeSiGeGeSiSiGeSiSiGeGeGeSiGeGeGeGeGeGeGeGeSiSiSiGeGeGeGeGeGeSiGe
    41113.6171875000 GeSiGeSiSiSiGeGeGeGeGeSiGeGeGeGeGeGeGeGeGeSiGeGeGeGeGeGeGeSiGeGeSiSiGeSiSiGeGeGeSiGeGeGeGeGeGeGeGeSiSiSiGeGeGeGeGeGeSiGe
    41113.6171875000 GeSiGeSiSiSiGeGeGeGeGeSiGeGeGeGeGeGeGeGeGeSiGeGeGeGeGeGeGeSiGeGeSiSiGeSiSiGeGeGeSiGeGeGeGeGeGeGeGeSiSiSiGeGeGeGeGeGeSiGe
    41113.6171875000 GeSiGeSiSiSiGeGeGeGeGeSiGeGeGeGeGeGeGeGeGeSiGeGeGeGeGeGeGeSiGeGeSiSiGeSiSiGeGeGeSiGeGeGeGeGeGeGeGeSiSiSiGeGeGeGeGeGeSiGe
    41113.6171875000 GeSiGeSiSiSiGeGeGeGeGeSiGeGeGeGeGeGeGeGeGeSiGeGeGeGeGeGeGeSiGeGeSiSiGeSiSiGeGeGeSiGeGeGeGeGeGeGeGeSiSiSiGeGeGeGeGeGeSiGe
    41113.6171875000 GeSiGeSiSiSiGeGeGeGeGeSiGeGeGeGeGeGeGeGeGeSiGeGeGeGeGeGeGeSiGeGeSiSiGeSiSiGeGeGeSiGeGeGeGeGeGeGeGeSiSiSiGeGeGeGeGeGeSiGe
    41113.6171875000 GeSiGeSiSiSiGeGeGeGeGeSiGeGeGeGeGeGeGeGeGeSiGeGeGeGeGeGeGeSiGeGeSiSiGeSiSiGeGeGeSiGeGeGeGeGeGeGeGeSiSiSiGeGeGeGeGeGeSiGe
    41113.6171875000 GeSiGeSiSiSiGeGeGeGeGeSiGeGeGeGeGeGeGeGeGeSiGeGeGeGeGeGeGeSiGeGeSiSiGeSiSiGeGeGeSiGeGeGeGeGeGeGeGeSiSiSiGeGeGeGeGeGeSiGe
    41113.6171875000 GeSiGeSiSiSiGeGeGeGeGeSiGeGeGeGeGeGeGeGeGeSiGeGeGeGeGeGeGeSiGeGeSiSiGeSiSiGeGeGeSiGeGeGeGeGeGeGeGeSiSiSiGeGeGeGeGeGeSiGe
    41113.6171875000 GeSiGeSiSiSiGeGeGeGeGeSiGeGeGeGeGeGeGeGeGeSiGeGeGeGeGeGeGeSiGeGeSiSiGeSiSiGeGeGeSiGeGeGeGeGeGeGeGeSiSiSiGeGeGeGeGeGeSiGe
    41113.6171875000 GeSiGeSiSiSiGeGeGeGeGeSiGeGeGeGeGeGeGeGeGeSiGeGeGeGeGeGeGeSiGeGeSiSiGeSiSiGeGeGeSiGeGeGeGeGeGeGeGeSiSiSiGeGeGeGeGeGeSiGe
    41113.6171875000 GeSiGeSiSiSiGeGeGeGeGeSiGeGeGeGeGeGeGeGeGeSiGeGeGeGeGeGeGeSiGeGeSiSiGeSiSiGeGeGeSiGeGeGeGeGeGeGeGeSiSiSiGeGeGeGeGeGeSiGe
    41113.6171875000 GeSiGeSiSiSiGeGeGeGeGeSiGeGeGeGeGeGeGeGeGeSiGeGeGeGeGeGeGeSiGeGeSiSiGeSiSiGeGeGeSiGeGeGeGeGeGeGeGeSiSiSiGeGeGeGeGeGeSiGe
    41113.6171875000 GeSiGeSiSiSiGeGeGeGeGeSiGeGeGeGeGeGeGeGeGeSiGeGeGeGeGeGeGeSiGeGeSiSiGeSiSiGeGeGeSiGeGeGeGeGeGeGeGeSiSiSiGeGeGeGeGeGeSiGe
    41113.6171875000 GeSiGeSiSiSiGeGeGeGeGeSiGeGeGeGeGeGeGeGeGeSiGeGeGeGeGeGeGeSiGeGeSiSiGeSiSiGeGeGeSiGeGeGeGeGeGeGeGeSiSiSiGeGeGeGeGeGeSiGe
    41113.6171875000 GeSiGeSiSiSiGeGeGeGeGeSiGeGeGeGeGeGeGeGeGeSiGeGeGeGeGeGeGeSiGeGeSiSiGeSiSiGeGeGeSiGeGeGeGeGeGeGeGeSiSiSiGeGeGeGeGeGeSiGe
    41113.6171875000 GeSiGeSiSiSiGeGeGeGeGeSiGeGeGeGeGeGeGeGeGeSiGeGeGeGeGeGeGeSiGeGeSiSiGeSiSiGeGeGeSiGeGeGeGeGeGeGeGeSiSiSiGeGeGeGeGeGeSiGe
    41113.6171875000 GeSiGeSiSiSiGeGeGeGeGeSiGeGeGeGeGeGeGeGeGeSiGeGeGeGeGeGeGeSiGeGeSiSiGeSiSiGeGeGeSiGeGeGeGeGeGeGeGeSiSiSiGeGeGeGeGeGeSiGe
    41113.6171875000 GeSiGeSiSiSiGeGeGeGeGeSiGeGeGeGeGeGeGeGeGeSiGeGeGeGeGeGeGeSiGeGeSiSiGeSiSiGeGeGeSiGeGeGeGeGeGeGeGeSiSiSiGeGeGeGeGeGeSiGe
    41113.6171875000 GeSiGeSiSiSiGeGeGeGeGeSiGeGeGeGeGeGeGeGeGeSiGeGeGeGeGeGeGeSiGeGeSiSiGeSiSiGeGeGeSiGeGeGeGeGeGeGeGeSiSiSiGeGeGeGeGeGeSiGe
    41113.6171875000 GeSiGeSiSiSiGeGeGeGeGeSiGeGeGeGeGeGeGeGeGeSiGeGeGeGeGeGeGeSiGeGeSiSiGeSiSiGeGeGeSiGeGeGeGeGeGeGeGeSiSiSiGeGeGeGeGeGeSiGe
    41113.6171875000 GeSiGeSiSiSiGeGeGeGeGeSiGeGeGeGeGeGeGeGeGeSiGeGeGeGeGeGeGeSiGeGeSiSiGeSiSiGeGeGeSiGeGeGeGeGeGeGeGeSiSiSiGeGeGeGeGeGeSiGe
    41113.6171875000 GeSiGeSiSiSiGeGeGeGeGeSiGeGeGeGeGeGeGeGeGeSiGeGeGeGeGeGeGeSiGeGeSiSiGeSiSiGeGeGeSiGeGeGeGeGeGeGeGeSiSiSiGeGeGeGeGeGeSiGe
    41113.6171875000 GeSiGeSiSiSiGeGeGeGeGeSiGeGeGeGeGeGeGeGeGeSiGeGeGeGeGeGeGeSiGeGeSiSiGeSiSiGeGeGeSiGeGeGeGeGeGeGeGeSiSiSiGeGeGeGeGeGeSiGe
    41113.6171875000 GeSiGeSiSiSiGeGeGeGeGeSiGeGeGeGeGeGeGeGeGeSiGeGeGeGeGeGeGeSiGeGeSiSiGeSiSiGeGeGeSiGeGeGeGeGeGeGeGeSiSiSiGeGeGeGeGeGeSiGe
    41113.6171875000 GeSiGeSiSiSiGeGeGeGeGeSiGeGeGeGeGeGeGeGeGeSiGeGeGeGeGeGeGeSiGeGeSiSiGeSiSiGeGeGeSiGeGeGeGeGeGeGeGeSiSiSiGeGeGeGeGeGeSiGe
    41113.6171875000 GeSiGeSiSiSiGeGeGeGeGeSiGeGeGeGeGeGeGeGeGeSiGeGeGeGeGeGeGeSiGeGeSiSiGeSiSiGeGeGeSiGeGeGeGeGeGeGeGeSiSiSiGeGeGeGeGeGeSiGe
    41113.6171875000 GeSiGeSiSiSiGeGeGeGeGeSiGeGeGeGeGeGeGeGeGeSiGeGeGeGeGeGeGeSiGeGeSiSiGeSiSiGeGeGeSiGeGeGeGeGeGeGeGeSiSiSiGeGeGeGeGeGeSiGe
    41113.6171875000 GeSiGeSiSiSiGeGeGeGeGeSiGeGeGeGeGeGeGeGeGeSiGeGeGeGeGeGeGeSiGeGeSiSiGeSiSiGeGeGeSiGeGeGeGeGeGeGeGeSiSiSiGeGeGeGeGeGeSiGe
    41113.6171875000 GeSiGeSiSiSiGeGeGeGeGeSiGeGeGeGeGeGeGeGeGeSiGeGeGeGeGeGeGeSiGeGeSiSiGeSiSiGeGeGeSiGeGeGeGeGeGeGeGeSiSiSiGeGeGeGeGeGeSiGe
    41113.6171875000 GeSiGeSiSiSiGeGeGeGeGeSiGeGeGeGeGeGeGeGeGeSiGeGeGeGeGeGeGeSiGeGeSiSiGeSiSiGeGeGeSiGeGeGeGeGeGeGeGeSiSiSiGeGeGeGeGeGeSiGe
    41113.6171875000 GeSiGeSiSiSiGeGeGeGeGeSiGeGeGeGeGeGeGeGeGeSiGeGeGeGeGeGeGeSiGeGeSiSiGeSiSiGeGeGeSiGeGeGeGeGeGeGeGeSiSiSiGeGeGeGeGeGeSiGe
    41113.6171875000 GeSiGeSiSiSiGeGeGeGeGeSiGeGeGeGeGeGeGeGeGeSiGeGeGeGeGeGeGeSiGeGeSiSiGeSiSiGeGeGeSiGeGeGeGeGeGeGeGeSiSiSiGeGeGeGeGeGeSiGe
    41113.6171875000 GeSiGeSiSiSiGeGeGeGeGeSiGeGeGeGeGeGeGeGeGeSiGeGeGeGeGeGeGeSiGeGeSiSiGeSiSiGeGeGeSiGeGeGeGeGeGeGeGeSiSiSiGeGeGeGeGeGeSiGe
    41113.6171875000 GeSiGeSiSiSiGeGeGeGeGeSiGeGeGeGeGeGeGeGeGeSiGeGeGeGeGeGeGeSiGeGeSiSiGeSiSiGeGeGeSiGeGeGeGeGeGeGeGeSiSiSiGeGeGeGeGeGeSiGe
filename: c000001040625088.gin     
Cell:
    11.9020996    11.9020996    29.6919994    90.0000000    90.0000000   120.0000000
Box:
    11.9020996    -5.9510503     0.0000000
     0.0000000    10.3075209     0.0000000
     0.0000000     0.0000000    29.6919994
----------------------------------------
Inverse Box:
     0.0840188     0.0485083     0.0000000
     0.0000000     0.0970165     0.0000000
     0.0000000     0.0000000     0.0336791
----------------------------------------
==============================================
geometrical properties of  44 Ge:
 Configuration:           0
 D_ave:   9.11340904       3.56498241    
 D_min:   3.02446461       3.19740325E-02
 energia:   41113.6172    
