Random Seed:  1210701158
Number of atoms:    60
Space Group:    1
Cell:
    11.9020996    11.9020996    29.6919994    90.0000000    90.0000000   120.0000000
Box:
    11.9020996    -5.9510503     0.0000000
     0.0000000    10.3075209     0.0000000
     0.0000000     0.0000000    29.6919994
----------------------------------------
Inverse Box:
     0.0840188     0.0485083     0.0000000
     0.0000000     0.0970165     0.0000000
     0.0000000     0.0000000     0.0336791
----------------------------------------
GeSiSiSiSiSiSiSiSiSiSiSiSiSiSiSiSiSiSiSiSiSiSiSiSiGeSiSiSiSiSiSiSiSiSiSiSiSiSiSiSiSiSiSiSiSiSiSiSiSiSiSiSiSiSiSiSiSiSiSi
           1 Ge    -7733.59326    
GeGeSiSiSiSiSiSiSiSiSiSiSiSiSiSiSiSiSiSiSiSiSiSiSiGeSiSiSiSiSiSiSiSiSiSiSiSiSiSiSiSiSiSiSiSiSiSiSiSiSiSiSiSiSiSiSiSiSiSi
           2 Ge    -7727.55029    
GeGeGeSiSiSiSiSiSiSiSiSiSiSiSiSiSiSiSiSiSiSiSiSiSiGeSiSiSiSiSiSiSiSiSiSiSiSiSiSiSiSiSiSiSiSiSiSiSiSiSiSiSiSiSiSiSiSiSiSi
           3 Ge    -7721.35156    
GeGeGeGeSiSiSiSiSiSiSiSiSiSiSiSiSiSiSiSiSiSiSiSiSiGeSiSiSiSiSiSiSiSiSiSiSiSiSiSiSiSiSiSiSiSiSiSiSiSiSiSiSiSiSiSiSiSiSiSi
           4 Ge    -7745.43604    
GeGeGeGeGeSiSiSiSiSiSiSiSiSiSiSiSiSiSiSiSiSiSiSiSiGeSiSiSiSiSiSiSiSiSiSiSiSiSiSiSiSiSiSiSiSiSiSiSiSiSiSiSiSiSiSiSiSiSiSi
           5 Ge    -7787.48828    
GeGeGeGeGeGeSiSiSiSiSiSiSiSiSiSiSiSiSiSiSiSiSiSiSiGeSiSiSiSiSiSiSiSiSiSiSiSiSiSiSiSiSiSiSiSiSiSiSiSiSiSiSiSiSiSiSiSiSiSi
           6 Ge    -7851.51367    
GeGeGeGeGeGeGeSiSiSiSiSiSiSiSiSiSiSiSiSiSiSiSiSiSiGeSiSiSiSiSiSiSiSiSiSiSiSiSiSiSiSiSiSiSiSiSiSiSiSiSiSiSiSiSiSiSiSiSiSi
           7 Ge    -8017.40820    
GeGeGeGeGeGeGeGeSiSiSiSiSiSiSiSiSiSiSiSiSiSiSiSiSiGeSiSiSiSiSiSiSiSiSiSiSiSiSiSiSiSiSiSiSiSiSiSiSiSiSiSiSiSiSiSiSiSiSiSi
           8 Ge    -8217.52441    
GeGeGeGeGeGeGeGeSiSiSiGeSiSiSiSiSiSiSiSiSiSiSiSiSiGeSiSiSiSiSiSiSiSiSiSiSiSiSiSiSiSiSiSiSiSiSiSiSiSiSiSiSiSiSiSiSiSiSiSi
          12 Ge    -8285.16895    
GeGeGeGeGeGeGeGeSiSiSiGeSiSiSiGeSiSiSiSiSiSiSiSiSiGeSiSiSiSiSiSiSiSiSiSiSiSiSiSiSiSiSiSiSiSiSiSiSiSiSiSiSiSiSiSiSiSiSiSi
          16 Ge    -8483.41113    
GeGeGeGeGeGeGeGeSiSiSiGeSiSiSiGeSiSiSiSiSiSiSiSiSiGeSiSiSiGeSiSiSiSiSiSiSiSiSiSiSiSiSiSiSiSiSiSiSiSiSiSiSiSiSiSiSiSiSiSi
          30 Ge    -8469.89551    
GeGeGeGeGeGeGeGeSiSiSiGeSiSiSiGeSiSiSiSiSiSiSiSiSiGeSiSiSiGeSiSiGeSiSiSiSiSiSiSiSiSiSiSiSiSiSiSiSiSiSiSiSiSiSiSiSiSiSiSi
          33 Ge    -8968.34668    
GeGeGeGeGeGeGeGeSiSiSiGeSiSiSiGeSiSiSiSiSiSiSiSiSiGeSiSiSiGeSiSiGeSiSiGeSiSiSiSiSiSiSiSiSiSiSiSiSiSiSiSiSiSiSiSiSiSiSiSi
          36 Ge    -8886.60645    
GeGeGeGeGeGeGeGeSiSiSiGeSiSiSiGeSiSiSiSiSiSiSiSiSiGeSiSiSiGeSiSiGeSiSiGeSiSiGeSiSiSiSiSiSiSiSiSiSiSiSiSiSiSiSiSiSiSiSiSi
          39 Ge    -9498.68945    
GeGeGeGeGeGeGeGeSiSiSiGeSiSiSiGeSiSiSiSiSiSiSiSiSiGeSiSiSiGeSiSiGeSiSiGeSiSiGeGeSiSiSiSiSiSiSiSiSiSiSiSiSiSiSiSiSiSiSiSi
          40 Ge    -9671.79590    
GeGeGeGeGeGeGeGeSiSiSiGeSiSiSiGeSiSiSiSiSiSiSiSiSiGeSiSiSiGeSiSiGeSiSiGeSiSiGeGeSiGeSiSiSiSiSiSiSiSiSiSiSiSiSiSiSiSiSiSi
          42 Ge    -8416.00684    
GeGeGeGeGeGeGeGeSiSiSiGeSiSiSiGeSiSiSiSiSiSiSiSiSiGeSiSiSiGeSiSiGeSiSiGeSiSiGeGeSiGeSiSiGeSiSiSiSiSiSiSiSiSiSiSiSiSiSiSi
          45 Ge    -8915.39453    
GeGeGeGeGeGeGeGeSiSiSiGeSiSiSiGeSiSiSiSiSiSiSiSiSiGeSiSiSiGeSiSiGeSiSiGeSiSiGeGeSiGeSiSiGeGeSiSiSiSiSiSiSiSiSiSiSiSiSiSi
          46 Ge    -9097.63379    
GeGeGeGeGeGeGeGeSiSiSiGeSiSiSiGeSiSiSiSiSiSiSiSiSiGeSiSiSiGeSiSiGeSiSiGeSiSiGeGeSiGeSiSiGeGeSiSiSiSiSiSiSiSiSiSiGeSiSiSi
          57 Ge    -10232.6211    
GeGeGeGeGeGeGeGeSiGeSiGeSiSiSiGeSiSiSiSiSiSiSiSiSiGeSiSiSiGeSiSiGeSiSiGeSiSiGeGeSiGeSiSiGeGeSiSiSiSiSiSiSiSiSiSiGeSiSiSi
          10 Ge    -9510.37891    
GeGeGeGeGeGeGeGeSiGeGeGeSiSiSiGeSiSiSiSiSiSiSiSiSiGeSiSiSiGeSiSiGeSiSiGeSiSiGeGeSiGeSiSiGeGeSiSiSiSiSiSiSiSiSiSiGeSiSiSi
          11 Ge    -10380.8457    
GeGeGeGeGeGeGeGeSiGeGeGeGeSiSiGeSiSiSiSiSiSiSiSiSiGeSiSiSiGeSiSiGeSiSiGeSiSiGeGeSiGeSiSiGeGeSiSiSiSiSiSiSiSiSiSiGeSiSiSi
          13 Ge    -9216.20508    
GeGeGeGeGeGeGeGeSiGeGeGeGeGeSiGeSiSiSiSiSiSiSiSiSiGeSiSiSiGeSiSiGeSiSiGeSiSiGeGeSiGeSiSiGeGeSiSiSiSiSiSiSiSiSiSiGeSiSiSi
          14 Ge    -7029.72949    
GeGeGeGeGeGeGeGeSiGeGeGeGeGeGeGeSiSiSiSiSiSiSiSiSiGeSiSiSiGeSiSiGeSiSiGeSiSiGeGeSiGeSiSiGeGeSiSiSiSiSiSiSiSiSiSiGeSiSiSi
          15 Ge    -5181.40527    
GeGeGeGeGeGeGeGeSiGeGeGeGeGeGeGeSiSiSiSiSiSiGeSiSiGeSiSiSiGeSiSiGeSiSiGeSiSiGeGeSiGeSiSiGeGeSiSiSiSiSiSiSiSiSiSiGeSiSiSi
          23 Ge    -907.562012    
GeGeGeGeGeGeGeGeSiGeGeGeGeGeGeGeSiSiSiSiSiSiGeGeSiGeSiSiSiGeSiSiGeSiSiGeSiSiGeGeSiGeSiSiGeGeSiSiSiSiSiSiSiSiSiSiGeSiSiSi
          24 Ge     5267.60107    
GeGeGeGeGeGeGeGeSiGeGeGeGeGeGeGeSiSiSiSiSiSiGeGeSiGeSiGeSiGeSiSiGeSiSiGeSiSiGeGeSiGeSiSiGeGeSiSiSiSiSiSiSiSiSiSiGeSiSiSi
          28 Ge     8488.70703    
GeGeGeGeGeGeGeGeSiGeGeGeGeGeGeGeSiSiSiSiSiSiGeGeSiGeSiGeSiGeSiSiGeSiSiGeSiSiGeGeSiGeSiGeGeGeSiSiSiSiSiSiSiSiSiSiGeSiSiSi
          44 Ge     9690.25391    
GeGeGeGeGeGeGeGeSiGeGeGeGeGeGeGeSiSiSiSiSiSiGeGeSiGeSiGeSiGeSiSiGeSiSiGeSiSiGeGeSiGeSiGeGeGeSiSiSiSiGeSiSiSiSiSiGeSiSiSi
          51 Ge     9491.10156    
GeGeGeGeGeGeGeGeSiGeGeGeGeGeGeGeSiSiSiSiSiSiGeGeSiGeSiGeSiGeSiSiGeSiSiGeSiSiGeGeSiGeSiGeGeGeSiSiSiSiGeSiSiSiSiSiGeGeSiSi
          58 Ge     12607.1953    
GeGeGeGeGeGeGeGeGeGeGeGeGeGeGeGeSiSiSiSiSiSiGeGeSiGeSiGeSiGeSiSiGeSiSiGeSiSiGeGeSiGeSiGeGeGeSiSiSiSiGeSiSiSiSiSiGeGeSiSi
           9 Ge     16611.2051    
GeGeGeGeGeGeGeGeGeGeGeGeGeGeGeGeGeSiSiSiSiSiGeGeSiGeSiGeSiGeSiSiGeSiSiGeSiSiGeGeSiGeSiGeGeGeSiSiSiSiGeSiSiSiSiSiGeGeSiSi
          17 Ge     22356.9941    
GeGeGeGeGeGeGeGeGeGeGeGeGeGeGeGeGeGeSiSiSiSiGeGeSiGeSiGeSiGeSiSiGeSiSiGeSiSiGeGeSiGeSiGeGeGeSiSiSiSiGeSiSiSiSiSiGeGeSiSi
          18 Ge     26729.0645    
GeGeGeGeGeGeGeGeGeGeGeGeGeGeGeGeGeGeSiSiGeSiGeGeSiGeSiGeSiGeSiSiGeSiSiGeSiSiGeGeSiGeSiGeGeGeSiSiSiSiGeSiSiSiSiSiGeGeSiSi
          21 Ge     38059.0469    
GeGeGeGeGeGeGeGeGeGeGeGeGeGeGeGeGeGeSiSiGeGeGeGeSiGeSiGeSiGeSiSiGeSiSiGeSiSiGeGeSiGeSiGeGeGeSiSiSiSiGeSiSiSiSiSiGeGeSiSi
          22 Ge     47819.5234    
GeGeGeGeGeGeGeGeGeGeGeGeGeGeGeGeGeGeSiSiGeGeGeGeSiGeSiGeSiGeGeSiGeSiSiGeSiSiGeGeSiGeSiGeGeGeSiSiSiSiGeSiSiSiSiSiGeGeSiSi
          31 Ge     52918.4766    
GeGeGeGeGeGeGeGeGeGeGeGeGeGeGeGeGeGeSiSiGeGeGeGeSiGeSiGeSiGeGeGeGeSiSiGeSiSiGeGeSiGeSiGeGeGeSiSiSiSiGeSiSiSiSiSiGeGeSiSi
          32 Ge     58833.3984    
GeGeGeGeGeGeGeGeGeGeGeGeGeGeGeGeGeGeSiSiGeGeGeGeSiGeSiGeSiGeGeGeGeSiSiGeSiSiGeGeSiGeSiGeGeGeSiSiGeSiGeSiSiSiSiSiGeGeSiSi
          49 Ge     69222.8984    
GeGeGeGeGeGeGeGeGeGeGeGeGeGeGeGeGeGeSiSiGeGeGeGeSiGeSiGeSiGeGeGeGeSiSiGeSiSiGeGeSiGeSiGeGeGeSiSiGeSiGeSiGeSiSiSiGeGeSiSi
          53 Ge     73952.0391    
GeGeGeGeGeGeGeGeGeGeGeGeGeGeGeGeGeGeSiSiGeGeGeGeSiGeSiGeSiGeGeGeGeSiSiGeSiSiGeGeSiGeSiGeGeGeSiSiGeSiGeSiGeSiGeSiGeGeSiSi
          55 Ge     75657.1094    
GeGeGeGeGeGeGeGeGeGeGeGeGeGeGeGeGeGeSiSiGeGeGeGeGeGeSiGeSiGeGeGeGeSiSiGeSiSiGeGeSiGeSiGeGeGeSiSiGeSiGeSiGeSiGeSiGeGeSiSi
          25 Ge     93578.3594    
GeGeGeGeGeGeGeGeGeGeGeGeGeGeGeGeGeGeSiSiGeGeGeGeGeGeGeGeSiGeGeGeGeSiSiGeSiSiGeGeSiGeSiGeGeGeSiSiGeSiGeSiGeSiGeSiGeGeSiSi
          27 Ge     104838.375    
GeGeGeGeGeGeGeGeGeGeGeGeGeGeGeGeGeGeSiSiGeGeGeGeGeGeGeGeSiGeGeGeGeSiSiGeSiGeGeGeSiGeSiGeGeGeSiSiGeSiGeSiGeSiGeSiGeGeSiSi
          38 Ge     111866.797    
GeGeGeGeGeGeGeGeGeGeGeGeGeGeGeGeGeGeSiSiGeGeGeGeGeGeGeGeSiGeGeGeGeSiSiGeSiGeGeGeSiGeSiGeGeGeSiSiGeSiGeSiGeSiGeGeGeGeSiSi
          56 Ge     120311.352    
GeGeGeGeGeGeGeGeGeGeGeGeGeGeGeGeGeGeSiSiGeGeGeGeGeGeGeGeGeGeGeGeGeSiSiGeSiGeGeGeSiGeSiGeGeGeSiSiGeSiGeSiGeSiGeGeGeGeSiSi
          29 Ge     137848.969    
==============================================
MonteCarlo: Metropolis with identity changes
Si > Ge, Ge > Si. STOP when occurrence <    0.00000
==============================================
Cost_function     Occurrence %     Scan-Cost
    69747.5937500000 GeGeSiSiGeGeSiSiGeGeSiSiGeGeGeGeGeGeGeGeSiGeGeGeSiGeGeGeSiGeGeGeGeGeGeGeGeGeGeGeGeGeGeGeGeSiGeGeSiGeGeSiGeSiGeGeSiGeGeGe
    69747.5937500000 GeGeSiSiGeGeSiSiGeGeSiSiGeGeGeGeGeGeGeGeSiGeGeGeSiGeGeGeSiGeGeGeGeGeGeGeGeGeGeGeGeGeGeGeGeSiGeGeSiGeGeSiGeSiGeGeSiGeGeGe
    69747.5937500000 GeGeSiSiGeGeSiSiGeGeSiSiGeGeGeGeGeGeGeGeSiGeGeGeSiGeGeGeSiGeGeGeGeGeGeGeGeGeGeGeGeGeGeGeGeSiGeGeSiGeGeSiGeSiGeGeSiGeGeGe
    69747.5937500000 GeGeSiSiGeGeSiSiGeGeSiSiGeGeGeGeGeGeGeGeSiGeGeGeSiGeGeGeSiGeGeGeGeGeGeGeGeGeGeGeGeGeGeGeGeSiGeGeSiGeGeSiGeSiGeGeSiGeGeGe
    69747.5937500000 GeGeSiSiGeGeSiSiGeGeSiSiGeGeGeGeGeGeGeGeSiGeGeGeSiGeGeGeSiGeGeGeGeGeGeGeGeGeGeGeGeGeGeGeGeSiGeGeSiGeGeSiGeSiGeGeSiGeGeGe
    69747.5937500000 GeGeSiSiGeGeSiSiGeGeSiSiGeGeGeGeGeGeGeGeSiGeGeGeSiGeGeGeSiGeGeGeGeGeGeGeGeGeGeGeGeGeGeGeGeSiGeGeSiGeGeSiGeSiGeGeSiGeGeGe
    69747.5937500000 GeGeSiSiGeGeSiSiGeGeSiSiGeGeGeGeGeGeGeGeSiGeGeGeSiGeGeGeSiGeGeGeGeGeGeGeGeGeGeGeGeGeGeGeGeSiGeGeSiGeGeSiGeSiGeGeSiGeGeGe
    69747.5937500000 GeGeSiSiGeGeSiSiGeGeSiSiGeGeGeGeGeGeGeGeSiGeGeGeSiGeGeGeSiGeGeGeGeGeGeGeGeGeGeGeGeGeGeGeGeSiGeGeSiGeGeSiGeSiGeGeSiGeGeGe
    69747.5937500000 GeGeSiSiGeGeSiSiGeGeSiSiGeGeGeGeGeGeGeGeSiGeGeGeSiGeGeGeSiGeGeGeGeGeGeGeGeGeGeGeGeGeGeGeGeSiGeGeSiGeGeSiGeSiGeGeSiGeGeGe
    67410.7500000000 GeGeSiSiGeGeSiSiGeGeSiSiGeGeGeGeGeGeGeGeSiGeGeGeSiGeGeGeSiGeGeGeGeGeGeGeGeGeGeGeGeGeGeGeGeSiGeGeSiSiGeGeGeSiGeGeSiGeGeGe
    62836.5000000000 GeSiSiSiGeGeSiSiGeGeSiSiGeGeGeGeGeGeGeGeSiGeGeGeSiGeGeGeGeGeGeGeGeGeGeGeGeGeGeGeGeGeGeGeGeSiGeGeSiSiGeGeGeSiGeGeSiGeGeGe
    62836.5000000000 GeSiSiSiGeGeSiSiGeGeSiSiGeGeGeGeGeGeGeGeSiGeGeGeSiGeGeGeGeGeGeGeGeGeGeGeGeGeGeGeGeGeGeGeGeSiGeGeSiSiGeGeGeSiGeGeSiGeGeGe
    62836.5000000000 GeSiSiSiGeGeSiSiGeGeSiSiGeGeGeGeGeGeGeGeSiGeGeGeSiGeGeGeGeGeGeGeGeGeGeGeGeGeGeGeGeGeGeGeGeSiGeGeSiSiGeGeGeSiGeGeSiGeGeGe
    60067.3906250000 GeGeSiSiGeGeSiSiGeGeSiSiGeGeGeGeGeGeGeGeSiGeGeGeSiGeGeGeGeGeGeGeGeGeGeGeGeGeGeGeGeGeGeGeGeSiGeGeSiSiSiGeGeSiGeGeSiGeGeGe
    60067.3906250000 GeGeSiSiGeGeSiSiGeGeSiSiGeGeGeGeGeGeGeGeSiGeGeGeSiGeGeGeGeGeGeGeGeGeGeGeGeGeGeGeGeGeGeGeGeSiGeGeSiSiSiGeGeSiGeGeSiGeGeGe
    60067.3906250000 GeGeSiSiGeGeSiSiGeGeSiSiGeGeGeGeGeGeGeGeSiGeGeGeSiGeGeGeGeGeGeGeGeGeGeGeGeGeGeGeGeGeGeGeGeSiGeGeSiSiSiGeGeSiGeGeSiGeGeGe
    60067.3906250000 GeGeSiSiGeGeSiSiGeGeSiSiGeGeGeGeGeGeGeGeSiGeGeGeSiGeGeGeGeGeGeGeGeGeGeGeGeGeGeGeGeGeGeGeGeSiGeGeSiSiSiGeGeSiGeGeSiGeGeGe
    60067.3906250000 GeGeSiSiGeGeSiSiGeGeSiSiGeGeGeGeGeGeGeGeSiGeGeGeSiGeGeGeGeGeGeGeGeGeGeGeGeGeGeGeGeGeGeGeGeSiGeGeSiSiSiGeGeSiGeGeSiGeGeGe
    60067.3906250000 GeGeSiSiGeGeSiSiGeGeSiSiGeGeGeGeGeGeGeGeSiGeGeGeSiGeGeGeGeGeGeGeGeGeGeGeGeGeGeGeGeGeGeGeGeSiGeGeSiSiSiGeGeSiGeGeSiGeGeGe
    60067.3906250000 GeGeSiSiGeGeSiSiGeGeSiSiGeGeGeGeGeGeGeGeSiGeGeGeSiGeGeGeGeGeGeGeGeGeGeGeGeGeGeGeGeGeGeGeGeSiGeGeSiSiSiGeGeSiGeGeSiGeGeGe
    60067.3906250000 GeGeSiSiGeGeSiSiGeGeSiSiGeGeGeGeGeGeGeGeSiGeGeGeSiGeGeGeGeGeGeGeGeGeGeGeGeGeGeGeGeGeGeGeGeSiGeGeSiSiSiGeGeSiGeGeSiGeGeGe
    60067.3906250000 GeGeSiSiGeGeSiSiGeGeSiSiGeGeGeGeGeGeGeGeSiGeGeGeSiGeGeGeGeGeGeGeGeGeGeGeGeGeGeGeGeGeGeGeGeSiGeGeSiSiSiGeGeSiGeGeSiGeGeGe
    60067.3906250000 GeGeSiSiGeGeSiSiGeGeSiSiGeGeGeGeGeGeGeGeSiGeGeGeSiGeGeGeGeGeGeGeGeGeGeGeGeGeGeGeGeGeGeGeGeSiGeGeSiSiSiGeGeSiGeGeSiGeGeGe
    60067.3906250000 GeGeSiSiGeGeSiSiGeGeSiSiGeGeGeGeGeGeGeGeSiGeGeGeSiGeGeGeGeGeGeGeGeGeGeGeGeGeGeGeGeGeGeGeGeSiGeGeSiSiSiGeGeSiGeGeSiGeGeGe
    60067.3906250000 GeGeSiSiGeGeSiSiGeGeSiSiGeGeGeGeGeGeGeGeSiGeGeGeSiGeGeGeGeGeGeGeGeGeGeGeGeGeGeGeGeGeGeGeGeSiGeGeSiSiSiGeGeSiGeGeSiGeGeGe
    60067.3906250000 GeGeSiSiGeGeSiSiGeGeSiSiGeGeGeGeGeGeGeGeSiGeGeGeSiGeGeGeGeGeGeGeGeGeGeGeGeGeGeGeGeGeGeGeGeSiGeGeSiSiSiGeGeSiGeGeSiGeGeGe
    60067.3906250000 GeGeSiSiGeGeSiSiGeGeSiSiGeGeGeGeGeGeGeGeSiGeGeGeSiGeGeGeGeGeGeGeGeGeGeGeGeGeGeGeGeGeGeGeGeSiGeGeSiSiSiGeGeSiGeGeSiGeGeGe
    60067.3906250000 GeGeSiSiGeGeSiSiGeGeSiSiGeGeGeGeGeGeGeGeSiGeGeGeSiGeGeGeGeGeGeGeGeGeGeGeGeGeGeGeGeGeGeGeGeSiGeGeSiSiSiGeGeSiGeGeSiGeGeGe
    60067.3906250000 GeGeSiSiGeGeSiSiGeGeSiSiGeGeGeGeGeGeGeGeSiGeGeGeSiGeGeGeGeGeGeGeGeGeGeGeGeGeGeGeGeGeGeGeGeSiGeGeSiSiSiGeGeSiGeGeSiGeGeGe
    60067.3906250000 GeGeSiSiGeGeSiSiGeGeSiSiGeGeGeGeGeGeGeGeSiGeGeGeSiGeGeGeGeGeGeGeGeGeGeGeGeGeGeGeGeGeGeGeGeSiGeGeSiSiSiGeGeSiGeGeSiGeGeGe
    60067.3906250000 GeGeSiSiGeGeSiSiGeGeSiSiGeGeGeGeGeGeGeGeSiGeGeGeSiGeGeGeGeGeGeGeGeGeGeGeGeGeGeGeGeGeGeGeGeSiGeGeSiSiSiGeGeSiGeGeSiGeGeGe
    60067.3906250000 GeGeSiSiGeGeSiSiGeGeSiSiGeGeGeGeGeGeGeGeSiGeGeGeSiGeGeGeGeGeGeGeGeGeGeGeGeGeGeGeGeGeGeGeGeSiGeGeSiSiSiGeGeSiGeGeSiGeGeGe
    60067.3906250000 GeGeSiSiGeGeSiSiGeGeSiSiGeGeGeGeGeGeGeGeSiGeGeGeSiGeGeGeGeGeGeGeGeGeGeGeGeGeGeGeGeGeGeGeGeSiGeGeSiSiSiGeGeSiGeGeSiGeGeGe
    60067.3906250000 GeGeSiSiGeGeSiSiGeGeSiSiGeGeGeGeGeGeGeGeSiGeGeGeSiGeGeGeGeGeGeGeGeGeGeGeGeGeGeGeGeGeGeGeGeSiGeGeSiSiSiGeGeSiGeGeSiGeGeGe
    60067.3906250000 GeGeSiSiGeGeSiSiGeGeSiSiGeGeGeGeGeGeGeGeSiGeGeGeSiGeGeGeGeGeGeGeGeGeGeGeGeGeGeGeGeGeGeGeGeSiGeGeSiSiSiGeGeSiGeGeSiGeGeGe
    60067.3906250000 GeGeSiSiGeGeSiSiGeGeSiSiGeGeGeGeGeGeGeGeSiGeGeGeSiGeGeGeGeGeGeGeGeGeGeGeGeGeGeGeGeGeGeGeGeSiGeGeSiSiSiGeGeSiGeGeSiGeGeGe
    60067.3906250000 GeGeSiSiGeGeSiSiGeGeSiSiGeGeGeGeGeGeGeGeSiGeGeGeSiGeGeGeGeGeGeGeGeGeGeGeGeGeGeGeGeGeGeGeGeSiGeGeSiSiSiGeGeSiGeGeSiGeGeGe
    60067.3906250000 GeGeSiSiGeGeSiSiGeGeSiSiGeGeGeGeGeGeGeGeSiGeGeGeSiGeGeGeGeGeGeGeGeGeGeGeGeGeGeGeGeGeGeGeGeSiGeGeSiSiSiGeGeSiGeGeSiGeGeGe
    60067.3906250000 GeGeSiSiGeGeSiSiGeGeSiSiGeGeGeGeGeGeGeGeSiGeGeGeSiGeGeGeGeGeGeGeGeGeGeGeGeGeGeGeGeGeGeGeGeSiGeGeSiSiSiGeGeSiGeGeSiGeGeGe
    60067.3906250000 GeGeSiSiGeGeSiSiGeGeSiSiGeGeGeGeGeGeGeGeSiGeGeGeSiGeGeGeGeGeGeGeGeGeGeGeGeGeGeGeGeGeGeGeGeSiGeGeSiSiSiGeGeSiGeGeSiGeGeGe
    60067.3906250000 GeGeSiSiGeGeSiSiGeGeSiSiGeGeGeGeGeGeGeGeSiGeGeGeSiGeGeGeGeGeGeGeGeGeGeGeGeGeGeGeGeGeGeGeGeSiGeGeSiSiSiGeGeSiGeGeSiGeGeGe
    60067.3906250000 GeGeSiSiGeGeSiSiGeGeSiSiGeGeGeGeGeGeGeGeSiGeGeGeSiGeGeGeGeGeGeGeGeGeGeGeGeGeGeGeGeGeGeGeGeSiGeGeSiSiSiGeGeSiGeGeSiGeGeGe
    60067.3906250000 GeGeSiSiGeGeSiSiGeGeSiSiGeGeGeGeGeGeGeGeSiGeGeGeSiGeGeGeGeGeGeGeGeGeGeGeGeGeGeGeGeGeGeGeGeSiGeGeSiSiSiGeGeSiGeGeSiGeGeGe
    60067.3906250000 GeGeSiSiGeGeSiSiGeGeSiSiGeGeGeGeGeGeGeGeSiGeGeGeSiGeGeGeGeGeGeGeGeGeGeGeGeGeGeGeGeGeGeGeGeSiGeGeSiSiSiGeGeSiGeGeSiGeGeGe
    60067.3906250000 GeGeSiSiGeGeSiSiGeGeSiSiGeGeGeGeGeGeGeGeSiGeGeGeSiGeGeGeGeGeGeGeGeGeGeGeGeGeGeGeGeGeGeGeGeSiGeGeSiSiSiGeGeSiGeGeSiGeGeGe
    60067.3906250000 GeGeSiSiGeGeSiSiGeGeSiSiGeGeGeGeGeGeGeGeSiGeGeGeSiGeGeGeGeGeGeGeGeGeGeGeGeGeGeGeGeGeGeGeGeSiGeGeSiSiSiGeGeSiGeGeSiGeGeGe
    60067.3906250000 GeGeSiSiGeGeSiSiGeGeSiSiGeGeGeGeGeGeGeGeSiGeGeGeSiGeGeGeGeGeGeGeGeGeGeGeGeGeGeGeGeGeGeGeGeSiGeGeSiSiSiGeGeSiGeGeSiGeGeGe
    60067.3906250000 GeGeSiSiGeGeSiSiGeGeSiSiGeGeGeGeGeGeGeGeSiGeGeGeSiGeGeGeGeGeGeGeGeGeGeGeGeGeGeGeGeGeGeGeGeSiGeGeSiSiSiGeGeSiGeGeSiGeGeGe
    60067.3906250000 GeGeSiSiGeGeSiSiGeGeSiSiGeGeGeGeGeGeGeGeSiGeGeGeSiGeGeGeGeGeGeGeGeGeGeGeGeGeGeGeGeGeGeGeGeSiGeGeSiSiSiGeGeSiGeGeSiGeGeGe
    60067.3906250000 GeGeSiSiGeGeSiSiGeGeSiSiGeGeGeGeGeGeGeGeSiGeGeGeSiGeGeGeGeGeGeGeGeGeGeGeGeGeGeGeGeGeGeGeGeSiGeGeSiSiSiGeGeSiGeGeSiGeGeGe
    60067.3906250000 GeGeSiSiGeGeSiSiGeGeSiSiGeGeGeGeGeGeGeGeSiGeGeGeSiGeGeGeGeGeGeGeGeGeGeGeGeGeGeGeGeGeGeGeGeSiGeGeSiSiSiGeGeSiGeGeSiGeGeGe
    60067.3906250000 GeGeSiSiGeGeSiSiGeGeSiSiGeGeGeGeGeGeGeGeSiGeGeGeSiGeGeGeGeGeGeGeGeGeGeGeGeGeGeGeGeGeGeGeGeSiGeGeSiSiSiGeGeSiGeGeSiGeGeGe
    60067.3906250000 GeGeSiSiGeGeSiSiGeGeSiSiGeGeGeGeGeGeGeGeSiGeGeGeSiGeGeGeGeGeGeGeGeGeGeGeGeGeGeGeGeGeGeGeGeSiGeGeSiSiSiGeGeSiGeGeSiGeGeGe
    60067.3906250000 GeGeSiSiGeGeSiSiGeGeSiSiGeGeGeGeGeGeGeGeSiGeGeGeSiGeGeGeGeGeGeGeGeGeGeGeGeGeGeGeGeGeGeGeGeSiGeGeSiSiSiGeGeSiGeGeSiGeGeGe
    60067.3906250000 GeGeSiSiGeGeSiSiGeGeSiSiGeGeGeGeGeGeGeGeSiGeGeGeSiGeGeGeGeGeGeGeGeGeGeGeGeGeGeGeGeGeGeGeGeSiGeGeSiSiSiGeGeSiGeGeSiGeGeGe
    60067.3906250000 GeGeSiSiGeGeSiSiGeGeSiSiGeGeGeGeGeGeGeGeSiGeGeGeSiGeGeGeGeGeGeGeGeGeGeGeGeGeGeGeGeGeGeGeGeSiGeGeSiSiSiGeGeSiGeGeSiGeGeGe
    60067.3906250000 GeGeSiSiGeGeSiSiGeGeSiSiGeGeGeGeGeGeGeGeSiGeGeGeSiGeGeGeGeGeGeGeGeGeGeGeGeGeGeGeGeGeGeGeGeSiGeGeSiSiSiGeGeSiGeGeSiGeGeGe
    60067.3906250000 GeGeSiSiGeGeSiSiGeGeSiSiGeGeGeGeGeGeGeGeSiGeGeGeSiGeGeGeGeGeGeGeGeGeGeGeGeGeGeGeGeGeGeGeGeSiGeGeSiSiSiGeGeSiGeGeSiGeGeGe
    60067.3906250000 GeGeSiSiGeGeSiSiGeGeSiSiGeGeGeGeGeGeGeGeSiGeGeGeSiGeGeGeGeGeGeGeGeGeGeGeGeGeGeGeGeGeGeGeGeSiGeGeSiSiSiGeGeSiGeGeSiGeGeGe
    60067.3906250000 GeGeSiSiGeGeSiSiGeGeSiSiGeGeGeGeGeGeGeGeSiGeGeGeSiGeGeGeGeGeGeGeGeGeGeGeGeGeGeGeGeGeGeGeGeSiGeGeSiSiSiGeGeSiGeGeSiGeGeGe
    60067.3906250000 GeGeSiSiGeGeSiSiGeGeSiSiGeGeGeGeGeGeGeGeSiGeGeGeSiGeGeGeGeGeGeGeGeGeGeGeGeGeGeGeGeGeGeGeGeSiGeGeSiSiSiGeGeSiGeGeSiGeGeGe
    60067.3906250000 GeGeSiSiGeGeSiSiGeGeSiSiGeGeGeGeGeGeGeGeSiGeGeGeSiGeGeGeGeGeGeGeGeGeGeGeGeGeGeGeGeGeGeGeGeSiGeGeSiSiSiGeGeSiGeGeSiGeGeGe
    60067.3906250000 GeGeSiSiGeGeSiSiGeGeSiSiGeGeGeGeGeGeGeGeSiGeGeGeSiGeGeGeGeGeGeGeGeGeGeGeGeGeGeGeGeGeGeGeGeSiGeGeSiSiSiGeGeSiGeGeSiGeGeGe
    60067.3906250000 GeGeSiSiGeGeSiSiGeGeSiSiGeGeGeGeGeGeGeGeSiGeGeGeSiGeGeGeGeGeGeGeGeGeGeGeGeGeGeGeGeGeGeGeGeSiGeGeSiSiSiGeGeSiGeGeSiGeGeGe
    60067.3906250000 GeGeSiSiGeGeSiSiGeGeSiSiGeGeGeGeGeGeGeGeSiGeGeGeSiGeGeGeGeGeGeGeGeGeGeGeGeGeGeGeGeGeGeGeGeSiGeGeSiSiSiGeGeSiGeGeSiGeGeGe
    60067.3906250000 GeGeSiSiGeGeSiSiGeGeSiSiGeGeGeGeGeGeGeGeSiGeGeGeSiGeGeGeGeGeGeGeGeGeGeGeGeGeGeGeGeGeGeGeGeSiGeGeSiSiSiGeGeSiGeGeSiGeGeGe
    60067.3906250000 GeGeSiSiGeGeSiSiGeGeSiSiGeGeGeGeGeGeGeGeSiGeGeGeSiGeGeGeGeGeGeGeGeGeGeGeGeGeGeGeGeGeGeGeGeSiGeGeSiSiSiGeGeSiGeGeSiGeGeGe
    60067.3906250000 GeGeSiSiGeGeSiSiGeGeSiSiGeGeGeGeGeGeGeGeSiGeGeGeSiGeGeGeGeGeGeGeGeGeGeGeGeGeGeGeGeGeGeGeGeSiGeGeSiSiSiGeGeSiGeGeSiGeGeGe
    60067.3906250000 GeGeSiSiGeGeSiSiGeGeSiSiGeGeGeGeGeGeGeGeSiGeGeGeSiGeGeGeGeGeGeGeGeGeGeGeGeGeGeGeGeGeGeGeGeSiGeGeSiSiSiGeGeSiGeGeSiGeGeGe
    60067.3906250000 GeGeSiSiGeGeSiSiGeGeSiSiGeGeGeGeGeGeGeGeSiGeGeGeSiGeGeGeGeGeGeGeGeGeGeGeGeGeGeGeGeGeGeGeGeSiGeGeSiSiSiGeGeSiGeGeSiGeGeGe
    60067.3906250000 GeGeSiSiGeGeSiSiGeGeSiSiGeGeGeGeGeGeGeGeSiGeGeGeSiGeGeGeGeGeGeGeGeGeGeGeGeGeGeGeGeGeGeGeGeSiGeGeSiSiSiGeGeSiGeGeSiGeGeGe
    60067.3906250000 GeGeSiSiGeGeSiSiGeGeSiSiGeGeGeGeGeGeGeGeSiGeGeGeSiGeGeGeGeGeGeGeGeGeGeGeGeGeGeGeGeGeGeGeGeSiGeGeSiSiSiGeGeSiGeGeSiGeGeGe
    60067.3906250000 GeGeSiSiGeGeSiSiGeGeSiSiGeGeGeGeGeGeGeGeSiGeGeGeSiGeGeGeGeGeGeGeGeGeGeGeGeGeGeGeGeGeGeGeGeSiGeGeSiSiSiGeGeSiGeGeSiGeGeGe
    60067.3906250000 GeGeSiSiGeGeSiSiGeGeSiSiGeGeGeGeGeGeGeGeSiGeGeGeSiGeGeGeGeGeGeGeGeGeGeGeGeGeGeGeGeGeGeGeGeSiGeGeSiSiSiGeGeSiGeGeSiGeGeGe
    60067.3906250000 GeGeSiSiGeGeSiSiGeGeSiSiGeGeGeGeGeGeGeGeSiGeGeGeSiGeGeGeGeGeGeGeGeGeGeGeGeGeGeGeGeGeGeGeGeSiGeGeSiSiSiGeGeSiGeGeSiGeGeGe
    60067.3906250000 GeGeSiSiGeGeSiSiGeGeSiSiGeGeGeGeGeGeGeGeSiGeGeGeSiGeGeGeGeGeGeGeGeGeGeGeGeGeGeGeGeGeGeGeGeSiGeGeSiSiSiGeGeSiGeGeSiGeGeGe
    60067.3906250000 GeGeSiSiGeGeSiSiGeGeSiSiGeGeGeGeGeGeGeGeSiGeGeGeSiGeGeGeGeGeGeGeGeGeGeGeGeGeGeGeGeGeGeGeGeSiGeGeSiSiSiGeGeSiGeGeSiGeGeGe
    60067.3906250000 GeGeSiSiGeGeSiSiGeGeSiSiGeGeGeGeGeGeGeGeSiGeGeGeSiGeGeGeGeGeGeGeGeGeGeGeGeGeGeGeGeGeGeGeGeSiGeGeSiSiSiGeGeSiGeGeSiGeGeGe
    60067.3906250000 GeGeSiSiGeGeSiSiGeGeSiSiGeGeGeGeGeGeGeGeSiGeGeGeSiGeGeGeGeGeGeGeGeGeGeGeGeGeGeGeGeGeGeGeGeSiGeGeSiSiSiGeGeSiGeGeSiGeGeGe
    60067.3906250000 GeGeSiSiGeGeSiSiGeGeSiSiGeGeGeGeGeGeGeGeSiGeGeGeSiGeGeGeGeGeGeGeGeGeGeGeGeGeGeGeGeGeGeGeGeSiGeGeSiSiSiGeGeSiGeGeSiGeGeGe
    60067.3906250000 GeGeSiSiGeGeSiSiGeGeSiSiGeGeGeGeGeGeGeGeSiGeGeGeSiGeGeGeGeGeGeGeGeGeGeGeGeGeGeGeGeGeGeGeGeSiGeGeSiSiSiGeGeSiGeGeSiGeGeGe
    60067.3906250000 GeGeSiSiGeGeSiSiGeGeSiSiGeGeGeGeGeGeGeGeSiGeGeGeSiGeGeGeGeGeGeGeGeGeGeGeGeGeGeGeGeGeGeGeGeSiGeGeSiSiSiGeGeSiGeGeSiGeGeGe
    60067.3906250000 GeGeSiSiGeGeSiSiGeGeSiSiGeGeGeGeGeGeGeGeSiGeGeGeSiGeGeGeGeGeGeGeGeGeGeGeGeGeGeGeGeGeGeGeGeSiGeGeSiSiSiGeGeSiGeGeSiGeGeGe
    60067.3906250000 GeGeSiSiGeGeSiSiGeGeSiSiGeGeGeGeGeGeGeGeSiGeGeGeSiGeGeGeGeGeGeGeGeGeGeGeGeGeGeGeGeGeGeGeGeSiGeGeSiSiSiGeGeSiGeGeSiGeGeGe
    60067.3906250000 GeGeSiSiGeGeSiSiGeGeSiSiGeGeGeGeGeGeGeGeSiGeGeGeSiGeGeGeGeGeGeGeGeGeGeGeGeGeGeGeGeGeGeGeGeSiGeGeSiSiSiGeGeSiGeGeSiGeGeGe
    60067.3906250000 GeGeSiSiGeGeSiSiGeGeSiSiGeGeGeGeGeGeGeGeSiGeGeGeSiGeGeGeGeGeGeGeGeGeGeGeGeGeGeGeGeGeGeGeGeSiGeGeSiSiSiGeGeSiGeGeSiGeGeGe
    60067.3906250000 GeGeSiSiGeGeSiSiGeGeSiSiGeGeGeGeGeGeGeGeSiGeGeGeSiGeGeGeGeGeGeGeGeGeGeGeGeGeGeGeGeGeGeGeGeSiGeGeSiSiSiGeGeSiGeGeSiGeGeGe
    60067.3906250000 GeGeSiSiGeGeSiSiGeGeSiSiGeGeGeGeGeGeGeGeSiGeGeGeSiGeGeGeGeGeGeGeGeGeGeGeGeGeGeGeGeGeGeGeGeSiGeGeSiSiSiGeGeSiGeGeSiGeGeGe
    60067.3906250000 GeGeSiSiGeGeSiSiGeGeSiSiGeGeGeGeGeGeGeGeSiGeGeGeSiGeGeGeGeGeGeGeGeGeGeGeGeGeGeGeGeGeGeGeGeSiGeGeSiSiSiGeGeSiGeGeSiGeGeGe
    60067.3906250000 GeGeSiSiGeGeSiSiGeGeSiSiGeGeGeGeGeGeGeGeSiGeGeGeSiGeGeGeGeGeGeGeGeGeGeGeGeGeGeGeGeGeGeGeGeSiGeGeSiSiSiGeGeSiGeGeSiGeGeGe
    60067.3906250000 GeGeSiSiGeGeSiSiGeGeSiSiGeGeGeGeGeGeGeGeSiGeGeGeSiGeGeGeGeGeGeGeGeGeGeGeGeGeGeGeGeGeGeGeGeSiGeGeSiSiSiGeGeSiGeGeSiGeGeGe
    60067.3906250000 GeGeSiSiGeGeSiSiGeGeSiSiGeGeGeGeGeGeGeGeSiGeGeGeSiGeGeGeGeGeGeGeGeGeGeGeGeGeGeGeGeGeGeGeGeSiGeGeSiSiSiGeGeSiGeGeSiGeGeGe
    60067.3906250000 GeGeSiSiGeGeSiSiGeGeSiSiGeGeGeGeGeGeGeGeSiGeGeGeSiGeGeGeGeGeGeGeGeGeGeGeGeGeGeGeGeGeGeGeGeSiGeGeSiSiSiGeGeSiGeGeSiGeGeGe
    60067.3906250000 GeGeSiSiGeGeSiSiGeGeSiSiGeGeGeGeGeGeGeGeSiGeGeGeSiGeGeGeGeGeGeGeGeGeGeGeGeGeGeGeGeGeGeGeGeSiGeGeSiSiSiGeGeSiGeGeSiGeGeGe
    60067.3906250000 GeGeSiSiGeGeSiSiGeGeSiSiGeGeGeGeGeGeGeGeSiGeGeGeSiGeGeGeGeGeGeGeGeGeGeGeGeGeGeGeGeGeGeGeGeSiGeGeSiSiSiGeGeSiGeGeSiGeGeGe
    60067.3906250000 GeGeSiSiGeGeSiSiGeGeSiSiGeGeGeGeGeGeGeGeSiGeGeGeSiGeGeGeGeGeGeGeGeGeGeGeGeGeGeGeGeGeGeGeGeSiGeGeSiSiSiGeGeSiGeGeSiGeGeGe
    60067.3906250000 GeGeSiSiGeGeSiSiGeGeSiSiGeGeGeGeGeGeGeGeSiGeGeGeSiGeGeGeGeGeGeGeGeGeGeGeGeGeGeGeGeGeGeGeGeSiGeGeSiSiSiGeGeSiGeGeSiGeGeGe
    60067.3906250000 GeGeSiSiGeGeSiSiGeGeSiSiGeGeGeGeGeGeGeGeSiGeGeGeSiGeGeGeGeGeGeGeGeGeGeGeGeGeGeGeGeGeGeGeGeSiGeGeSiSiSiGeGeSiGeGeSiGeGeGe
    60067.3906250000 GeGeSiSiGeGeSiSiGeGeSiSiGeGeGeGeGeGeGeGeSiGeGeGeSiGeGeGeGeGeGeGeGeGeGeGeGeGeGeGeGeGeGeGeGeSiGeGeSiSiSiGeGeSiGeGeSiGeGeGe
    60067.3906250000 GeGeSiSiGeGeSiSiGeGeSiSiGeGeGeGeGeGeGeGeSiGeGeGeSiGeGeGeGeGeGeGeGeGeGeGeGeGeGeGeGeGeGeGeGeSiGeGeSiSiSiGeGeSiGeGeSiGeGeGe
    60067.3906250000 GeGeSiSiGeGeSiSiGeGeSiSiGeGeGeGeGeGeGeGeSiGeGeGeSiGeGeGeGeGeGeGeGeGeGeGeGeGeGeGeGeGeGeGeGeSiGeGeSiSiSiGeGeSiGeGeSiGeGeGe
    60067.3906250000 GeGeSiSiGeGeSiSiGeGeSiSiGeGeGeGeGeGeGeGeSiGeGeGeSiGeGeGeGeGeGeGeGeGeGeGeGeGeGeGeGeGeGeGeGeSiGeGeSiSiSiGeGeSiGeGeSiGeGeGe
    60067.3906250000 GeGeSiSiGeGeSiSiGeGeSiSiGeGeGeGeGeGeGeGeSiGeGeGeSiGeGeGeGeGeGeGeGeGeGeGeGeGeGeGeGeGeGeGeGeSiGeGeSiSiSiGeGeSiGeGeSiGeGeGe
    60067.3906250000 GeGeSiSiGeGeSiSiGeGeSiSiGeGeGeGeGeGeGeGeSiGeGeGeSiGeGeGeGeGeGeGeGeGeGeGeGeGeGeGeGeGeGeGeGeSiGeGeSiSiSiGeGeSiGeGeSiGeGeGe
    60067.3906250000 GeGeSiSiGeGeSiSiGeGeSiSiGeGeGeGeGeGeGeGeSiGeGeGeSiGeGeGeGeGeGeGeGeGeGeGeGeGeGeGeGeGeGeGeGeSiGeGeSiSiSiGeGeSiGeGeSiGeGeGe
    60067.3906250000 GeGeSiSiGeGeSiSiGeGeSiSiGeGeGeGeGeGeGeGeSiGeGeGeSiGeGeGeGeGeGeGeGeGeGeGeGeGeGeGeGeGeGeGeGeSiGeGeSiSiSiGeGeSiGeGeSiGeGeGe
    60067.3906250000 GeGeSiSiGeGeSiSiGeGeSiSiGeGeGeGeGeGeGeGeSiGeGeGeSiGeGeGeGeGeGeGeGeGeGeGeGeGeGeGeGeGeGeGeGeSiGeGeSiSiSiGeGeSiGeGeSiGeGeGe
    60067.3906250000 GeGeSiSiGeGeSiSiGeGeSiSiGeGeGeGeGeGeGeGeSiGeGeGeSiGeGeGeGeGeGeGeGeGeGeGeGeGeGeGeGeGeGeGeGeSiGeGeSiSiSiGeGeSiGeGeSiGeGeGe
    60067.3906250000 GeGeSiSiGeGeSiSiGeGeSiSiGeGeGeGeGeGeGeGeSiGeGeGeSiGeGeGeGeGeGeGeGeGeGeGeGeGeGeGeGeGeGeGeGeSiGeGeSiSiSiGeGeSiGeGeSiGeGeGe
    60067.3906250000 GeGeSiSiGeGeSiSiGeGeSiSiGeGeGeGeGeGeGeGeSiGeGeGeSiGeGeGeGeGeGeGeGeGeGeGeGeGeGeGeGeGeGeGeGeSiGeGeSiSiSiGeGeSiGeGeSiGeGeGe
    60067.3906250000 GeGeSiSiGeGeSiSiGeGeSiSiGeGeGeGeGeGeGeGeSiGeGeGeSiGeGeGeGeGeGeGeGeGeGeGeGeGeGeGeGeGeGeGeGeSiGeGeSiSiSiGeGeSiGeGeSiGeGeGe
    60067.3906250000 GeGeSiSiGeGeSiSiGeGeSiSiGeGeGeGeGeGeGeGeSiGeGeGeSiGeGeGeGeGeGeGeGeGeGeGeGeGeGeGeGeGeGeGeGeSiGeGeSiSiSiGeGeSiGeGeSiGeGeGe
    60067.3906250000 GeGeSiSiGeGeSiSiGeGeSiSiGeGeGeGeGeGeGeGeSiGeGeGeSiGeGeGeGeGeGeGeGeGeGeGeGeGeGeGeGeGeGeGeGeSiGeGeSiSiSiGeGeSiGeGeSiGeGeGe
    60067.3906250000 GeGeSiSiGeGeSiSiGeGeSiSiGeGeGeGeGeGeGeGeSiGeGeGeSiGeGeGeGeGeGeGeGeGeGeGeGeGeGeGeGeGeGeGeGeSiGeGeSiSiSiGeGeSiGeGeSiGeGeGe
    60067.3906250000 GeGeSiSiGeGeSiSiGeGeSiSiGeGeGeGeGeGeGeGeSiGeGeGeSiGeGeGeGeGeGeGeGeGeGeGeGeGeGeGeGeGeGeGeGeSiGeGeSiSiSiGeGeSiGeGeSiGeGeGe
    60067.3906250000 GeGeSiSiGeGeSiSiGeGeSiSiGeGeGeGeGeGeGeGeSiGeGeGeSiGeGeGeGeGeGeGeGeGeGeGeGeGeGeGeGeGeGeGeGeSiGeGeSiSiSiGeGeSiGeGeSiGeGeGe
    60067.3906250000 GeGeSiSiGeGeSiSiGeGeSiSiGeGeGeGeGeGeGeGeSiGeGeGeSiGeGeGeGeGeGeGeGeGeGeGeGeGeGeGeGeGeGeGeGeSiGeGeSiSiSiGeGeSiGeGeSiGeGeGe
    60067.3906250000 GeGeSiSiGeGeSiSiGeGeSiSiGeGeGeGeGeGeGeGeSiGeGeGeSiGeGeGeGeGeGeGeGeGeGeGeGeGeGeGeGeGeGeGeGeSiGeGeSiSiSiGeGeSiGeGeSiGeGeGe
    60067.3906250000 GeGeSiSiGeGeSiSiGeGeSiSiGeGeGeGeGeGeGeGeSiGeGeGeSiGeGeGeGeGeGeGeGeGeGeGeGeGeGeGeGeGeGeGeGeSiGeGeSiSiSiGeGeSiGeGeSiGeGeGe
    60067.3906250000 GeGeSiSiGeGeSiSiGeGeSiSiGeGeGeGeGeGeGeGeSiGeGeGeSiGeGeGeGeGeGeGeGeGeGeGeGeGeGeGeGeGeGeGeGeSiGeGeSiSiSiGeGeSiGeGeSiGeGeGe
    60067.3906250000 GeGeSiSiGeGeSiSiGeGeSiSiGeGeGeGeGeGeGeGeSiGeGeGeSiGeGeGeGeGeGeGeGeGeGeGeGeGeGeGeGeGeGeGeGeSiGeGeSiSiSiGeGeSiGeGeSiGeGeGe
    60067.3906250000 GeGeSiSiGeGeSiSiGeGeSiSiGeGeGeGeGeGeGeGeSiGeGeGeSiGeGeGeGeGeGeGeGeGeGeGeGeGeGeGeGeGeGeGeGeSiGeGeSiSiSiGeGeSiGeGeSiGeGeGe
    60067.3906250000 GeGeSiSiGeGeSiSiGeGeSiSiGeGeGeGeGeGeGeGeSiGeGeGeSiGeGeGeGeGeGeGeGeGeGeGeGeGeGeGeGeGeGeGeGeSiGeGeSiSiSiGeGeSiGeGeSiGeGeGe
    60067.3906250000 GeGeSiSiGeGeSiSiGeGeSiSiGeGeGeGeGeGeGeGeSiGeGeGeSiGeGeGeGeGeGeGeGeGeGeGeGeGeGeGeGeGeGeGeGeSiGeGeSiSiSiGeGeSiGeGeSiGeGeGe
    60067.3906250000 GeGeSiSiGeGeSiSiGeGeSiSiGeGeGeGeGeGeGeGeSiGeGeGeSiGeGeGeGeGeGeGeGeGeGeGeGeGeGeGeGeGeGeGeGeSiGeGeSiSiSiGeGeSiGeGeSiGeGeGe
    60067.3906250000 GeGeSiSiGeGeSiSiGeGeSiSiGeGeGeGeGeGeGeGeSiGeGeGeSiGeGeGeGeGeGeGeGeGeGeGeGeGeGeGeGeGeGeGeGeSiGeGeSiSiSiGeGeSiGeGeSiGeGeGe
    60067.3906250000 GeGeSiSiGeGeSiSiGeGeSiSiGeGeGeGeGeGeGeGeSiGeGeGeSiGeGeGeGeGeGeGeGeGeGeGeGeGeGeGeGeGeGeGeGeSiGeGeSiSiSiGeGeSiGeGeSiGeGeGe
    60067.3906250000 GeGeSiSiGeGeSiSiGeGeSiSiGeGeGeGeGeGeGeGeSiGeGeGeSiGeGeGeGeGeGeGeGeGeGeGeGeGeGeGeGeGeGeGeGeSiGeGeSiSiSiGeGeSiGeGeSiGeGeGe
    60067.3906250000 GeGeSiSiGeGeSiSiGeGeSiSiGeGeGeGeGeGeGeGeSiGeGeGeSiGeGeGeGeGeGeGeGeGeGeGeGeGeGeGeGeGeGeGeGeSiGeGeSiSiSiGeGeSiGeGeSiGeGeGe
    60067.3906250000 GeGeSiSiGeGeSiSiGeGeSiSiGeGeGeGeGeGeGeGeSiGeGeGeSiGeGeGeGeGeGeGeGeGeGeGeGeGeGeGeGeGeGeGeGeSiGeGeSiSiSiGeGeSiGeGeSiGeGeGe
    60067.3906250000 GeGeSiSiGeGeSiSiGeGeSiSiGeGeGeGeGeGeGeGeSiGeGeGeSiGeGeGeGeGeGeGeGeGeGeGeGeGeGeGeGeGeGeGeGeSiGeGeSiSiSiGeGeSiGeGeSiGeGeGe
    60067.3906250000 GeGeSiSiGeGeSiSiGeGeSiSiGeGeGeGeGeGeGeGeSiGeGeGeSiGeGeGeGeGeGeGeGeGeGeGeGeGeGeGeGeGeGeGeGeSiGeGeSiSiSiGeGeSiGeGeSiGeGeGe
    60067.3906250000 GeGeSiSiGeGeSiSiGeGeSiSiGeGeGeGeGeGeGeGeSiGeGeGeSiGeGeGeGeGeGeGeGeGeGeGeGeGeGeGeGeGeGeGeGeSiGeGeSiSiSiGeGeSiGeGeSiGeGeGe
    60067.3906250000 GeGeSiSiGeGeSiSiGeGeSiSiGeGeGeGeGeGeGeGeSiGeGeGeSiGeGeGeGeGeGeGeGeGeGeGeGeGeGeGeGeGeGeGeGeSiGeGeSiSiSiGeGeSiGeGeSiGeGeGe
    60067.3906250000 GeGeSiSiGeGeSiSiGeGeSiSiGeGeGeGeGeGeGeGeSiGeGeGeSiGeGeGeGeGeGeGeGeGeGeGeGeGeGeGeGeGeGeGeGeSiGeGeSiSiSiGeGeSiGeGeSiGeGeGe
    60067.3906250000 GeGeSiSiGeGeSiSiGeGeSiSiGeGeGeGeGeGeGeGeSiGeGeGeSiGeGeGeGeGeGeGeGeGeGeGeGeGeGeGeGeGeGeGeGeSiGeGeSiSiSiGeGeSiGeGeSiGeGeGe
    60067.3906250000 GeGeSiSiGeGeSiSiGeGeSiSiGeGeGeGeGeGeGeGeSiGeGeGeSiGeGeGeGeGeGeGeGeGeGeGeGeGeGeGeGeGeGeGeGeSiGeGeSiSiSiGeGeSiGeGeSiGeGeGe
    60067.3906250000 GeGeSiSiGeGeSiSiGeGeSiSiGeGeGeGeGeGeGeGeSiGeGeGeSiGeGeGeGeGeGeGeGeGeGeGeGeGeGeGeGeGeGeGeGeSiGeGeSiSiSiGeGeSiGeGeSiGeGeGe
    60067.3906250000 GeGeSiSiGeGeSiSiGeGeSiSiGeGeGeGeGeGeGeGeSiGeGeGeSiGeGeGeGeGeGeGeGeGeGeGeGeGeGeGeGeGeGeGeGeSiGeGeSiSiSiGeGeSiGeGeSiGeGeGe
    60067.3906250000 GeGeSiSiGeGeSiSiGeGeSiSiGeGeGeGeGeGeGeGeSiGeGeGeSiGeGeGeGeGeGeGeGeGeGeGeGeGeGeGeGeGeGeGeGeSiGeGeSiSiSiGeGeSiGeGeSiGeGeGe
    60067.3906250000 GeGeSiSiGeGeSiSiGeGeSiSiGeGeGeGeGeGeGeGeSiGeGeGeSiGeGeGeGeGeGeGeGeGeGeGeGeGeGeGeGeGeGeGeGeSiGeGeSiSiSiGeGeSiGeGeSiGeGeGe
    60067.3906250000 GeGeSiSiGeGeSiSiGeGeSiSiGeGeGeGeGeGeGeGeSiGeGeGeSiGeGeGeGeGeGeGeGeGeGeGeGeGeGeGeGeGeGeGeGeSiGeGeSiSiSiGeGeSiGeGeSiGeGeGe
    60067.3906250000 GeGeSiSiGeGeSiSiGeGeSiSiGeGeGeGeGeGeGeGeSiGeGeGeSiGeGeGeGeGeGeGeGeGeGeGeGeGeGeGeGeGeGeGeGeSiGeGeSiSiSiGeGeSiGeGeSiGeGeGe
    60067.3906250000 GeGeSiSiGeGeSiSiGeGeSiSiGeGeGeGeGeGeGeGeSiGeGeGeSiGeGeGeGeGeGeGeGeGeGeGeGeGeGeGeGeGeGeGeGeSiGeGeSiSiSiGeGeSiGeGeSiGeGeGe
    60067.3906250000 GeGeSiSiGeGeSiSiGeGeSiSiGeGeGeGeGeGeGeGeSiGeGeGeSiGeGeGeGeGeGeGeGeGeGeGeGeGeGeGeGeGeGeGeGeSiGeGeSiSiSiGeGeSiGeGeSiGeGeGe
    60067.3906250000 GeGeSiSiGeGeSiSiGeGeSiSiGeGeGeGeGeGeGeGeSiGeGeGeSiGeGeGeGeGeGeGeGeGeGeGeGeGeGeGeGeGeGeGeGeSiGeGeSiSiSiGeGeSiGeGeSiGeGeGe
    60067.3906250000 GeGeSiSiGeGeSiSiGeGeSiSiGeGeGeGeGeGeGeGeSiGeGeGeSiGeGeGeGeGeGeGeGeGeGeGeGeGeGeGeGeGeGeGeGeSiGeGeSiSiSiGeGeSiGeGeSiGeGeGe
    60067.3906250000 GeGeSiSiGeGeSiSiGeGeSiSiGeGeGeGeGeGeGeGeSiGeGeGeSiGeGeGeGeGeGeGeGeGeGeGeGeGeGeGeGeGeGeGeGeSiGeGeSiSiSiGeGeSiGeGeSiGeGeGe
    60067.3906250000 GeGeSiSiGeGeSiSiGeGeSiSiGeGeGeGeGeGeGeGeSiGeGeGeSiGeGeGeGeGeGeGeGeGeGeGeGeGeGeGeGeGeGeGeGeSiGeGeSiSiSiGeGeSiGeGeSiGeGeGe
    60067.3906250000 GeGeSiSiGeGeSiSiGeGeSiSiGeGeGeGeGeGeGeGeSiGeGeGeSiGeGeGeGeGeGeGeGeGeGeGeGeGeGeGeGeGeGeGeGeSiGeGeSiSiSiGeGeSiGeGeSiGeGeGe
    60067.3906250000 GeGeSiSiGeGeSiSiGeGeSiSiGeGeGeGeGeGeGeGeSiGeGeGeSiGeGeGeGeGeGeGeGeGeGeGeGeGeGeGeGeGeGeGeGeSiGeGeSiSiSiGeGeSiGeGeSiGeGeGe
    60067.3906250000 GeGeSiSiGeGeSiSiGeGeSiSiGeGeGeGeGeGeGeGeSiGeGeGeSiGeGeGeGeGeGeGeGeGeGeGeGeGeGeGeGeGeGeGeGeSiGeGeSiSiSiGeGeSiGeGeSiGeGeGe
    60067.3906250000 GeGeSiSiGeGeSiSiGeGeSiSiGeGeGeGeGeGeGeGeSiGeGeGeSiGeGeGeGeGeGeGeGeGeGeGeGeGeGeGeGeGeGeGeGeSiGeGeSiSiSiGeGeSiGeGeSiGeGeGe
    60067.3906250000 GeGeSiSiGeGeSiSiGeGeSiSiGeGeGeGeGeGeGeGeSiGeGeGeSiGeGeGeGeGeGeGeGeGeGeGeGeGeGeGeGeGeGeGeGeSiGeGeSiSiSiGeGeSiGeGeSiGeGeGe
    60067.3906250000 GeGeSiSiGeGeSiSiGeGeSiSiGeGeGeGeGeGeGeGeSiGeGeGeSiGeGeGeGeGeGeGeGeGeGeGeGeGeGeGeGeGeGeGeGeSiGeGeSiSiSiGeGeSiGeGeSiGeGeGe
    60067.3906250000 GeGeSiSiGeGeSiSiGeGeSiSiGeGeGeGeGeGeGeGeSiGeGeGeSiGeGeGeGeGeGeGeGeGeGeGeGeGeGeGeGeGeGeGeGeSiGeGeSiSiSiGeGeSiGeGeSiGeGeGe
    60067.3906250000 GeGeSiSiGeGeSiSiGeGeSiSiGeGeGeGeGeGeGeGeSiGeGeGeSiGeGeGeGeGeGeGeGeGeGeGeGeGeGeGeGeGeGeGeGeSiGeGeSiSiSiGeGeSiGeGeSiGeGeGe
    60067.3906250000 GeGeSiSiGeGeSiSiGeGeSiSiGeGeGeGeGeGeGeGeSiGeGeGeSiGeGeGeGeGeGeGeGeGeGeGeGeGeGeGeGeGeGeGeGeSiGeGeSiSiSiGeGeSiGeGeSiGeGeGe
    60067.3906250000 GeGeSiSiGeGeSiSiGeGeSiSiGeGeGeGeGeGeGeGeSiGeGeGeSiGeGeGeGeGeGeGeGeGeGeGeGeGeGeGeGeGeGeGeGeSiGeGeSiSiSiGeGeSiGeGeSiGeGeGe
    60067.3906250000 GeGeSiSiGeGeSiSiGeGeSiSiGeGeGeGeGeGeGeGeSiGeGeGeSiGeGeGeGeGeGeGeGeGeGeGeGeGeGeGeGeGeGeGeGeSiGeGeSiSiSiGeGeSiGeGeSiGeGeGe
    60067.3906250000 GeGeSiSiGeGeSiSiGeGeSiSiGeGeGeGeGeGeGeGeSiGeGeGeSiGeGeGeGeGeGeGeGeGeGeGeGeGeGeGeGeGeGeGeGeSiGeGeSiSiSiGeGeSiGeGeSiGeGeGe
    60067.3906250000 GeGeSiSiGeGeSiSiGeGeSiSiGeGeGeGeGeGeGeGeSiGeGeGeSiGeGeGeGeGeGeGeGeGeGeGeGeGeGeGeGeGeGeGeGeSiGeGeSiSiSiGeGeSiGeGeSiGeGeGe
    60067.3906250000 GeGeSiSiGeGeSiSiGeGeSiSiGeGeGeGeGeGeGeGeSiGeGeGeSiGeGeGeGeGeGeGeGeGeGeGeGeGeGeGeGeGeGeGeGeSiGeGeSiSiSiGeGeSiGeGeSiGeGeGe
    60067.3906250000 GeGeSiSiGeGeSiSiGeGeSiSiGeGeGeGeGeGeGeGeSiGeGeGeSiGeGeGeGeGeGeGeGeGeGeGeGeGeGeGeGeGeGeGeGeSiGeGeSiSiSiGeGeSiGeGeSiGeGeGe
    60067.3906250000 GeGeSiSiGeGeSiSiGeGeSiSiGeGeGeGeGeGeGeGeSiGeGeGeSiGeGeGeGeGeGeGeGeGeGeGeGeGeGeGeGeGeGeGeGeSiGeGeSiSiSiGeGeSiGeGeSiGeGeGe
    60067.3906250000 GeGeSiSiGeGeSiSiGeGeSiSiGeGeGeGeGeGeGeGeSiGeGeGeSiGeGeGeGeGeGeGeGeGeGeGeGeGeGeGeGeGeGeGeGeSiGeGeSiSiSiGeGeSiGeGeSiGeGeGe
    60067.3906250000 GeGeSiSiGeGeSiSiGeGeSiSiGeGeGeGeGeGeGeGeSiGeGeGeSiGeGeGeGeGeGeGeGeGeGeGeGeGeGeGeGeGeGeGeGeSiGeGeSiSiSiGeGeSiGeGeSiGeGeGe
    60067.3906250000 GeGeSiSiGeGeSiSiGeGeSiSiGeGeGeGeGeGeGeGeSiGeGeGeSiGeGeGeGeGeGeGeGeGeGeGeGeGeGeGeGeGeGeGeGeSiGeGeSiSiSiGeGeSiGeGeSiGeGeGe
    60067.3906250000 GeGeSiSiGeGeSiSiGeGeSiSiGeGeGeGeGeGeGeGeSiGeGeGeSiGeGeGeGeGeGeGeGeGeGeGeGeGeGeGeGeGeGeGeGeSiGeGeSiSiSiGeGeSiGeGeSiGeGeGe
    60067.3906250000 GeGeSiSiGeGeSiSiGeGeSiSiGeGeGeGeGeGeGeGeSiGeGeGeSiGeGeGeGeGeGeGeGeGeGeGeGeGeGeGeGeGeGeGeGeSiGeGeSiSiSiGeGeSiGeGeSiGeGeGe
    60067.3906250000 GeGeSiSiGeGeSiSiGeGeSiSiGeGeGeGeGeGeGeGeSiGeGeGeSiGeGeGeGeGeGeGeGeGeGeGeGeGeGeGeGeGeGeGeGeSiGeGeSiSiSiGeGeSiGeGeSiGeGeGe
    60067.3906250000 GeGeSiSiGeGeSiSiGeGeSiSiGeGeGeGeGeGeGeGeSiGeGeGeSiGeGeGeGeGeGeGeGeGeGeGeGeGeGeGeGeGeGeGeGeSiGeGeSiSiSiGeGeSiGeGeSiGeGeGe
    60067.3906250000 GeGeSiSiGeGeSiSiGeGeSiSiGeGeGeGeGeGeGeGeSiGeGeGeSiGeGeGeGeGeGeGeGeGeGeGeGeGeGeGeGeGeGeGeGeSiGeGeSiSiSiGeGeSiGeGeSiGeGeGe
    60067.3906250000 GeGeSiSiGeGeSiSiGeGeSiSiGeGeGeGeGeGeGeGeSiGeGeGeSiGeGeGeGeGeGeGeGeGeGeGeGeGeGeGeGeGeGeGeGeSiGeGeSiSiSiGeGeSiGeGeSiGeGeGe
    60067.3906250000 GeGeSiSiGeGeSiSiGeGeSiSiGeGeGeGeGeGeGeGeSiGeGeGeSiGeGeGeGeGeGeGeGeGeGeGeGeGeGeGeGeGeGeGeGeSiGeGeSiSiSiGeGeSiGeGeSiGeGeGe
    60067.3906250000 GeGeSiSiGeGeSiSiGeGeSiSiGeGeGeGeGeGeGeGeSiGeGeGeSiGeGeGeGeGeGeGeGeGeGeGeGeGeGeGeGeGeGeGeGeSiGeGeSiSiSiGeGeSiGeGeSiGeGeGe
    60067.3906250000 GeGeSiSiGeGeSiSiGeGeSiSiGeGeGeGeGeGeGeGeSiGeGeGeSiGeGeGeGeGeGeGeGeGeGeGeGeGeGeGeGeGeGeGeGeSiGeGeSiSiSiGeGeSiGeGeSiGeGeGe
    60067.3906250000 GeGeSiSiGeGeSiSiGeGeSiSiGeGeGeGeGeGeGeGeSiGeGeGeSiGeGeGeGeGeGeGeGeGeGeGeGeGeGeGeGeGeGeGeGeSiGeGeSiSiSiGeGeSiGeGeSiGeGeGe
    60067.3906250000 GeGeSiSiGeGeSiSiGeGeSiSiGeGeGeGeGeGeGeGeSiGeGeGeSiGeGeGeGeGeGeGeGeGeGeGeGeGeGeGeGeGeGeGeGeSiGeGeSiSiSiGeGeSiGeGeSiGeGeGe
    60067.3906250000 GeGeSiSiGeGeSiSiGeGeSiSiGeGeGeGeGeGeGeGeSiGeGeGeSiGeGeGeGeGeGeGeGeGeGeGeGeGeGeGeGeGeGeGeGeSiGeGeSiSiSiGeGeSiGeGeSiGeGeGe
    60067.3906250000 GeGeSiSiGeGeSiSiGeGeSiSiGeGeGeGeGeGeGeGeSiGeGeGeSiGeGeGeGeGeGeGeGeGeGeGeGeGeGeGeGeGeGeGeGeSiGeGeSiSiSiGeGeSiGeGeSiGeGeGe
    60067.3906250000 GeGeSiSiGeGeSiSiGeGeSiSiGeGeGeGeGeGeGeGeSiGeGeGeSiGeGeGeGeGeGeGeGeGeGeGeGeGeGeGeGeGeGeGeGeSiGeGeSiSiSiGeGeSiGeGeSiGeGeGe
    60067.3906250000 GeGeSiSiGeGeSiSiGeGeSiSiGeGeGeGeGeGeGeGeSiGeGeGeSiGeGeGeGeGeGeGeGeGeGeGeGeGeGeGeGeGeGeGeGeSiGeGeSiSiSiGeGeSiGeGeSiGeGeGe
    60067.3906250000 GeGeSiSiGeGeSiSiGeGeSiSiGeGeGeGeGeGeGeGeSiGeGeGeSiGeGeGeGeGeGeGeGeGeGeGeGeGeGeGeGeGeGeGeGeSiGeGeSiSiSiGeGeSiGeGeSiGeGeGe
    60067.3906250000 GeGeSiSiGeGeSiSiGeGeSiSiGeGeGeGeGeGeGeGeSiGeGeGeSiGeGeGeGeGeGeGeGeGeGeGeGeGeGeGeGeGeGeGeGeSiGeGeSiSiSiGeGeSiGeGeSiGeGeGe
    60067.3906250000 GeGeSiSiGeGeSiSiGeGeSiSiGeGeGeGeGeGeGeGeSiGeGeGeSiGeGeGeGeGeGeGeGeGeGeGeGeGeGeGeGeGeGeGeGeSiGeGeSiSiSiGeGeSiGeGeSiGeGeGe
    60067.3906250000 GeGeSiSiGeGeSiSiGeGeSiSiGeGeGeGeGeGeGeGeSiGeGeGeSiGeGeGeGeGeGeGeGeGeGeGeGeGeGeGeGeGeGeGeGeSiGeGeSiSiSiGeGeSiGeGeSiGeGeGe
    60067.3906250000 GeGeSiSiGeGeSiSiGeGeSiSiGeGeGeGeGeGeGeGeSiGeGeGeSiGeGeGeGeGeGeGeGeGeGeGeGeGeGeGeGeGeGeGeGeSiGeGeSiSiSiGeGeSiGeGeSiGeGeGe
    60067.3906250000 GeGeSiSiGeGeSiSiGeGeSiSiGeGeGeGeGeGeGeGeSiGeGeGeSiGeGeGeGeGeGeGeGeGeGeGeGeGeGeGeGeGeGeGeGeSiGeGeSiSiSiGeGeSiGeGeSiGeGeGe
    60067.3906250000 GeGeSiSiGeGeSiSiGeGeSiSiGeGeGeGeGeGeGeGeSiGeGeGeSiGeGeGeGeGeGeGeGeGeGeGeGeGeGeGeGeGeGeGeGeSiGeGeSiSiSiGeGeSiGeGeSiGeGeGe
    60067.3906250000 GeGeSiSiGeGeSiSiGeGeSiSiGeGeGeGeGeGeGeGeSiGeGeGeSiGeGeGeGeGeGeGeGeGeGeGeGeGeGeGeGeGeGeGeGeSiGeGeSiSiSiGeGeSiGeGeSiGeGeGe
    60067.3906250000 GeGeSiSiGeGeSiSiGeGeSiSiGeGeGeGeGeGeGeGeSiGeGeGeSiGeGeGeGeGeGeGeGeGeGeGeGeGeGeGeGeGeGeGeGeSiGeGeSiSiSiGeGeSiGeGeSiGeGeGe
    60067.3906250000 GeGeSiSiGeGeSiSiGeGeSiSiGeGeGeGeGeGeGeGeSiGeGeGeSiGeGeGeGeGeGeGeGeGeGeGeGeGeGeGeGeGeGeGeGeSiGeGeSiSiSiGeGeSiGeGeSiGeGeGe
    60067.3906250000 GeGeSiSiGeGeSiSiGeGeSiSiGeGeGeGeGeGeGeGeSiGeGeGeSiGeGeGeGeGeGeGeGeGeGeGeGeGeGeGeGeGeGeGeGeSiGeGeSiSiSiGeGeSiGeGeSiGeGeGe
    60067.3906250000 GeGeSiSiGeGeSiSiGeGeSiSiGeGeGeGeGeGeGeGeSiGeGeGeSiGeGeGeGeGeGeGeGeGeGeGeGeGeGeGeGeGeGeGeGeSiGeGeSiSiSiGeGeSiGeGeSiGeGeGe
    60067.3906250000 GeGeSiSiGeGeSiSiGeGeSiSiGeGeGeGeGeGeGeGeSiGeGeGeSiGeGeGeGeGeGeGeGeGeGeGeGeGeGeGeGeGeGeGeGeSiGeGeSiSiSiGeGeSiGeGeSiGeGeGe
    60067.3906250000 GeGeSiSiGeGeSiSiGeGeSiSiGeGeGeGeGeGeGeGeSiGeGeGeSiGeGeGeGeGeGeGeGeGeGeGeGeGeGeGeGeGeGeGeGeSiGeGeSiSiSiGeGeSiGeGeSiGeGeGe
    60067.3906250000 GeGeSiSiGeGeSiSiGeGeSiSiGeGeGeGeGeGeGeGeSiGeGeGeSiGeGeGeGeGeGeGeGeGeGeGeGeGeGeGeGeGeGeGeGeSiGeGeSiSiSiGeGeSiGeGeSiGeGeGe
    60067.3906250000 GeGeSiSiGeGeSiSiGeGeSiSiGeGeGeGeGeGeGeGeSiGeGeGeSiGeGeGeGeGeGeGeGeGeGeGeGeGeGeGeGeGeGeGeGeSiGeGeSiSiSiGeGeSiGeGeSiGeGeGe
    60067.3906250000 GeGeSiSiGeGeSiSiGeGeSiSiGeGeGeGeGeGeGeGeSiGeGeGeSiGeGeGeGeGeGeGeGeGeGeGeGeGeGeGeGeGeGeGeGeSiGeGeSiSiSiGeGeSiGeGeSiGeGeGe
    60067.3906250000 GeGeSiSiGeGeSiSiGeGeSiSiGeGeGeGeGeGeGeGeSiGeGeGeSiGeGeGeGeGeGeGeGeGeGeGeGeGeGeGeGeGeGeGeGeSiGeGeSiSiSiGeGeSiGeGeSiGeGeGe
filename: c000001127946350.gin     
Cell:
    11.9020996    11.9020996    29.6919994    90.0000000    90.0000000   120.0000000
Box:
    11.9020996    -5.9510503     0.0000000
     0.0000000    10.3075209     0.0000000
     0.0000000     0.0000000    29.6919994
----------------------------------------
Inverse Box:
     0.0840188     0.0485083     0.0000000
     0.0000000     0.0970165     0.0000000
     0.0000000     0.0000000     0.0336791
----------------------------------------
==============================================
geometrical properties of  46 Ge:
 Configuration:           0
 D_ave:   9.08631229       3.55786371    
 D_min:   3.01911497       2.19455119E-02
 energia:   60067.3906    
