Random Seed:  1195271164
Number of atoms:    60
Space Group:    1
Cell:
    11.9020996    11.9020996    29.6919994    90.0000000    90.0000000   120.0000000
Box:
    11.9020996    -5.9510503     0.0000000
     0.0000000    10.3075209     0.0000000
     0.0000000     0.0000000    29.6919994
----------------------------------------
Inverse Box:
     0.0840188     0.0485083     0.0000000
     0.0000000     0.0970165     0.0000000
     0.0000000     0.0000000     0.0336791
----------------------------------------
GeSiSiSiSiSiSiSiSiSiSiSiSiSiSiSiSiSiSiSiSiSiSiSiSiSiSiSiSiGeSiSiSiSiSiSiSiSiSiSiSiSiSiSiSiSiSiSiSiSiSiSiSiSiSiSiSiSiSiSi
           1 Ge    -7733.60010    
GeGeSiSiSiSiSiSiSiSiSiSiSiSiSiSiSiSiSiSiSiSiSiSiSiSiSiSiSiGeSiSiSiSiSiSiSiSiSiSiSiSiSiSiSiSiSiSiSiSiSiSiSiSiSiSiSiSiSiSi
           2 Ge    -7726.90234    
GeGeGeSiSiSiSiSiSiSiSiSiSiSiSiSiSiSiSiSiSiSiSiSiSiSiSiSiSiGeSiSiSiSiSiSiSiSiSiSiSiSiSiSiSiSiSiSiSiSiSiSiSiSiSiSiSiSiSiSi
           3 Ge    -7720.89893    
GeGeGeGeSiSiSiSiSiSiSiSiSiSiSiSiSiSiSiSiSiSiSiSiSiSiSiSiSiGeSiSiSiSiSiSiSiSiSiSiSiSiSiSiSiSiSiSiSiSiSiSiSiSiSiSiSiSiSiSi
           4 Ge    -7745.08496    
GeGeGeGeGeSiSiSiSiSiSiSiSiSiSiSiSiSiSiSiSiSiSiSiSiSiSiSiSiGeSiSiSiSiSiSiSiSiSiSiSiSiSiSiSiSiSiSiSiSiSiSiSiSiSiSiSiSiSiSi
           5 Ge    -7786.49951    
GeGeGeGeGeGeSiSiSiSiSiSiSiSiSiSiSiSiSiSiSiSiSiSiSiSiSiSiSiGeSiSiSiSiSiSiSiSiSiSiSiSiSiSiSiSiSiSiSiSiSiSiSiSiSiSiSiSiSiSi
           6 Ge    -7852.16699    
GeGeGeGeGeGeGeSiSiSiSiSiSiSiSiSiSiSiSiSiSiSiSiSiSiSiSiSiSiGeSiSiSiSiSiSiSiSiSiSiSiSiSiSiSiSiSiSiSiSiSiSiSiSiSiSiSiSiSiSi
           7 Ge    -8017.63818    
GeGeGeGeGeGeGeGeSiSiSiSiSiSiSiSiSiSiSiSiSiSiSiSiSiSiSiSiSiGeSiSiSiSiSiSiSiSiSiSiSiSiSiSiSiSiSiSiSiSiSiSiSiSiSiSiSiSiSiSi
           8 Ge    -8218.38965    
GeGeGeGeGeGeGeGeSiSiSiGeSiSiSiSiSiSiSiSiSiSiSiSiSiSiSiSiSiGeSiSiSiSiSiSiSiSiSiSiSiSiSiSiSiSiSiSiSiSiSiSiSiSiSiSiSiSiSiSi
          12 Ge    -8285.09082    
GeGeGeGeGeGeGeGeSiSiSiGeSiGeSiSiSiSiSiSiSiSiSiSiSiSiSiSiSiGeSiSiSiSiSiSiSiSiSiSiSiSiSiSiSiSiSiSiSiSiSiSiSiSiSiSiSiSiSiSi
          14 Ge    -8482.03223    
GeGeGeGeGeGeGeGeSiSiSiGeSiGeSiGeSiSiSiSiSiSiSiSiSiSiSiSiSiGeSiSiSiSiSiSiSiSiSiSiSiSiSiSiSiSiSiSiSiSiSiSiSiSiSiSiSiSiSiSi
          16 Ge    -8921.26465    
GeGeGeGeGeGeGeGeSiSiSiGeSiGeSiGeSiSiSiSiSiSiSiSiSiGeSiSiSiGeSiSiSiSiSiSiSiSiSiSiSiSiSiSiSiSiSiSiSiSiSiSiSiSiSiSiSiSiSiSi
          26 Ge    -8595.59473    
GeGeGeGeGeGeGeGeSiSiSiGeSiGeSiGeSiSiSiSiSiSiSiSiSiGeSiSiSiGeSiSiGeSiSiSiSiSiSiSiSiSiSiSiSiSiSiSiSiSiSiSiSiSiSiSiSiSiSiSi
          33 Ge    -9149.38184    
GeGeGeGeGeGeGeGeSiSiSiGeSiGeSiGeSiSiSiSiSiSiSiSiSiGeSiSiSiGeSiSiGeSiSiGeSiSiSiSiSiSiSiSiSiSiSiSiSiSiSiSiSiSiSiSiSiSiSiSi
          36 Ge    -7894.06055    
GeGeGeGeGeGeGeGeSiSiSiGeSiGeSiGeSiSiSiSiSiSiSiSiSiGeSiSiSiGeSiSiGeSiSiGeSiSiGeSiSiSiSiSiSiSiSiSiSiSiSiSiSiSiSiSiSiSiSiSi
          39 Ge    -8565.34375    
GeGeGeGeGeGeGeGeSiSiSiGeSiGeSiGeSiSiSiSiSiSiSiSiSiGeSiSiSiGeSiSiGeSiSiGeSiSiGeGeSiSiSiSiSiSiSiSiSiSiSiSiSiSiSiSiSiSiSiSi
          40 Ge    -8694.12598    
GeGeGeGeGeGeGeGeSiSiSiGeSiGeSiGeSiSiSiSiSiSiSiSiSiGeSiSiSiGeSiSiGeSiSiGeSiSiGeGeGeSiSiSiSiSiSiSiSiSiSiSiSiSiSiSiSiSiSiSi
          41 Ge    -9475.82617    
GeGeGeGeGeGeGeGeSiSiSiGeSiGeSiGeSiSiSiSiSiSiSiSiSiGeSiSiSiGeSiSiGeSiSiGeSiSiGeGeGeGeSiSiSiSiSiSiSiSiSiSiSiSiSiSiSiSiSiSi
          42 Ge    -8050.49463    
GeGeGeGeGeGeGeGeSiSiSiGeSiGeSiGeSiSiSiSiSiSiSiSiSiGeSiSiSiGeSiSiGeSiSiGeSiSiGeGeGeGeSiSiGeSiSiSiSiSiSiSiSiSiSiSiSiSiSiSi
          45 Ge    -8569.50195    
GeGeGeGeGeGeGeGeSiSiSiGeSiGeSiGeSiSiSiSiSiSiSiSiSiGeSiSiSiGeSiSiGeSiSiGeSiSiGeGeGeGeSiSiGeGeSiSiSiSiSiSiSiSiSiSiSiSiSiSi
          46 Ge    -8874.30957    
GeGeGeGeGeGeGeGeSiSiSiGeSiGeSiGeSiSiSiSiSiSiSiSiSiGeSiSiSiGeSiSiGeSiSiGeSiSiGeGeGeGeSiSiGeGeSiSiSiSiSiSiSiSiSiSiGeSiSiSi
          57 Ge    -10112.7715    
GeGeGeGeGeGeGeGeSiGeSiGeSiGeSiGeSiSiSiSiSiSiSiSiSiGeSiSiSiGeSiSiGeSiSiGeSiSiGeGeGeGeSiSiGeGeSiSiSiSiSiSiSiSiSiSiGeSiSiSi
          10 Ge    -8048.07129    
GeGeGeGeGeGeGeGeSiGeGeGeSiGeSiGeSiSiSiSiSiSiSiSiSiGeSiSiSiGeSiSiGeSiSiGeSiSiGeGeGeGeSiSiGeGeSiSiSiSiSiSiSiSiSiSiGeSiSiSi
          11 Ge    -7774.87646    
GeGeGeGeGeGeGeGeSiGeGeGeGeGeSiGeSiSiSiSiSiSiSiSiSiGeSiSiSiGeSiSiGeSiSiGeSiSiGeGeGeGeSiSiGeGeSiSiSiSiSiSiSiSiSiSiGeSiSiSi
          13 Ge    -6287.58398    
GeGeGeGeGeGeGeGeSiGeGeGeGeGeGeGeSiSiSiSiSiSiSiSiSiGeSiSiSiGeSiSiGeSiSiGeSiSiGeGeGeGeSiSiGeGeSiSiSiSiSiSiSiSiSiSiGeSiSiSi
          15 Ge    -4048.12451    
GeGeGeGeGeGeGeGeSiGeGeGeGeGeGeGeSiGeSiSiSiSiSiSiSiGeSiSiSiGeSiSiGeSiSiGeSiSiGeGeGeGeSiSiGeGeSiSiSiSiSiSiSiSiSiSiGeSiSiSi
          18 Ge    -716.418945    
GeGeGeGeGeGeGeGeSiGeGeGeGeGeGeGeSiGeSiSiSiSiGeSiSiGeSiSiSiGeSiSiGeSiSiGeSiSiGeGeGeGeSiSiGeGeSiSiSiSiSiSiSiSiSiSiGeSiSiSi
          23 Ge     3686.19141    
GeGeGeGeGeGeGeGeSiGeGeGeGeGeGeGeSiGeSiSiSiSiGeGeSiGeSiSiSiGeSiSiGeSiSiGeSiSiGeGeGeGeSiSiGeGeSiSiSiSiSiSiSiSiSiSiGeSiSiSi
          24 Ge     10564.3965    
GeGeGeGeGeGeGeGeSiGeGeGeGeGeGeGeSiGeSiSiSiSiGeGeSiGeSiGeSiGeSiSiGeSiSiGeSiSiGeGeGeGeSiSiGeGeSiSiSiSiSiSiSiSiSiSiGeSiSiSi
          28 Ge     13814.1016    
GeGeGeGeGeGeGeGeSiGeGeGeGeGeGeGeSiGeSiSiSiSiGeGeSiGeSiGeSiGeSiSiGeSiSiGeSiSiGeGeGeGeSiGeGeGeSiSiSiSiSiSiSiSiSiSiGeSiSiSi
          44 Ge     15663.7051    
GeGeGeGeGeGeGeGeSiGeGeGeGeGeGeGeSiGeSiSiSiSiGeGeSiGeSiGeSiGeSiSiGeSiSiGeSiSiGeGeGeGeSiGeGeGeSiSiSiSiGeSiSiSiSiSiGeSiSiSi
          51 Ge     15743.6035    
GeGeGeGeGeGeGeGeSiGeGeGeGeGeGeGeSiGeSiSiSiSiGeGeSiGeSiGeSiGeSiSiGeSiSiGeSiSiGeGeGeGeSiGeGeGeSiSiSiSiGeSiSiSiSiSiGeGeSiSi
          58 Ge     19281.3652    
GeGeGeGeGeGeGeGeGeGeGeGeGeGeGeGeSiGeSiSiSiSiGeGeSiGeSiGeSiGeSiSiGeSiSiGeSiSiGeGeGeGeSiGeGeGeSiSiSiSiGeSiSiSiSiSiGeGeSiSi
           9 Ge     22980.3848    
GeGeGeGeGeGeGeGeGeGeGeGeGeGeGeGeGeGeSiSiSiSiGeGeSiGeSiGeSiGeSiSiGeSiSiGeSiSiGeGeGeGeSiGeGeGeSiSiSiSiGeSiSiSiSiSiGeGeSiSi
          17 Ge     32624.2285    
GeGeGeGeGeGeGeGeGeGeGeGeGeGeGeGeGeGeSiSiGeSiGeGeSiGeSiGeSiGeSiSiGeSiSiGeSiSiGeGeGeGeSiGeGeGeSiSiSiSiGeSiSiSiSiSiGeGeSiSi
          21 Ge     45327.3594    
GeGeGeGeGeGeGeGeGeGeGeGeGeGeGeGeGeGeSiSiGeGeGeGeSiGeSiGeSiGeSiSiGeSiSiGeSiSiGeGeGeGeSiGeGeGeSiSiSiSiGeSiSiSiSiSiGeGeSiSi
          22 Ge     57177.9453    
GeGeGeGeGeGeGeGeGeGeGeGeGeGeGeGeGeGeSiSiGeGeGeGeSiGeSiGeSiGeGeSiGeSiSiGeSiSiGeGeGeGeSiGeGeGeSiSiSiSiGeSiSiSiSiSiGeGeSiSi
          31 Ge     62180.6328    
GeGeGeGeGeGeGeGeGeGeGeGeGeGeGeGeGeGeSiSiGeGeGeGeSiGeSiGeSiGeGeGeGeSiSiGeSiSiGeGeGeGeSiGeGeGeSiSiSiSiGeSiSiSiSiSiGeGeSiSi
          32 Ge     67989.7109    
GeGeGeGeGeGeGeGeGeGeGeGeGeGeGeGeGeGeSiSiGeGeGeGeSiGeSiGeSiGeGeGeGeSiSiGeSiSiGeGeGeGeSiGeGeGeSiSiGeSiGeSiSiSiSiSiGeGeSiSi
          49 Ge     78703.6016    
GeGeGeGeGeGeGeGeGeGeGeGeGeGeGeGeGeGeSiSiGeGeGeGeSiGeSiGeSiGeGeGeGeSiSiGeSiSiGeGeGeGeSiGeGeGeSiSiGeGeGeSiSiSiSiSiGeGeSiSi
          50 Ge     81521.0703    
GeGeGeGeGeGeGeGeGeGeGeGeGeGeGeGeGeGeSiSiGeGeGeGeSiGeSiGeSiGeGeGeGeSiSiGeSiSiGeGeGeGeSiGeGeGeSiSiGeGeGeSiSiSiGeSiGeGeSiSi
          55 Ge     86031.4062    
GeGeGeGeGeGeGeGeGeGeGeGeGeGeGeGeGeGeSiSiGeGeGeGeGeGeSiGeSiGeGeGeGeSiSiGeSiSiGeGeGeGeSiGeGeGeSiSiGeGeGeSiSiSiGeSiGeGeSiSi
          25 Ge     95907.9531    
GeGeGeGeGeGeGeGeGeGeGeGeGeGeGeGeGeGeSiSiGeGeGeGeGeGeGeGeSiGeGeGeGeSiSiGeSiSiGeGeGeGeSiGeGeGeSiSiGeGeGeSiSiSiGeSiGeGeSiSi
          27 Ge     107081.875    
GeGeGeGeGeGeGeGeGeGeGeGeGeGeGeGeGeGeSiSiGeGeGeGeGeGeGeGeSiGeGeGeGeSiSiGeGeSiGeGeGeGeSiGeGeGeSiSiGeGeGeSiSiSiGeSiGeGeSiSi
          37 Ge     123502.047    
GeGeGeGeGeGeGeGeGeGeGeGeGeGeGeGeGeGeSiSiGeGeGeGeGeGeGeGeSiGeGeGeGeSiSiGeGeGeGeGeGeGeSiGeGeGeSiSiGeGeGeSiSiSiGeSiGeGeSiSi
          38 Ge     137564.094    
==============================================
MonteCarlo: Metropolis with identity changes
Si > Ge, Ge > Si. STOP when occurrence <    0.00000
==============================================
Cost_function     Occurrence %     Scan-Cost
    89874.4453125000 SiGeGeGeGeGeGeSiGeSiSiGeGeGeGeSiGeGeGeGeSiGeGeGeGeSiSiGeGeGeSiGeGeGeGeGeGeGeGeGeGeGeGeGeGeSiSiGeGeGeSiGeSiGeGeGeGeGeGeSi
    85318.2109375000 SiGeGeGeGeSiGeSiGeSiGeGeGeGeGeSiGeGeGeGeSiGeGeGeGeSiSiGeGeGeSiGeGeGeGeGeGeGeGeGeGeGeGeGeGeSiSiGeGeGeSiGeSiGeGeGeGeGeGeSi
    84279.1328125000 SiGeGeGeGeSiGeSiGeSiGeGeGeGeGeSiGeGeGeGeSiGeGeGeGeSiSiGeGeGeSiGeGeGeGeGeGeGeGeGeGeGeSiGeGeSiGeGeGeGeSiGeSiGeGeGeGeGeGeSi
    84279.1328125000 SiGeGeGeGeSiGeSiGeSiGeGeGeGeGeSiGeGeGeGeSiGeGeGeGeSiSiGeGeGeSiGeGeGeGeGeGeGeGeGeGeGeSiGeGeSiGeGeGeGeSiGeSiGeGeGeGeGeGeSi
    84279.1328125000 SiGeGeGeGeSiGeSiGeSiGeGeGeGeGeSiGeGeGeGeSiGeGeGeGeSiSiGeGeGeSiGeGeGeGeGeGeGeGeGeGeGeSiGeGeSiGeGeGeGeSiGeSiGeGeGeGeGeGeSi
    80447.6171875000 SiGeGeGeGeSiGeSiGeSiGeGeGeGeGeSiGeGeGeGeSiGeGeGeGeGeSiSiGeGeSiGeGeGeGeGeGeGeGeGeGeGeSiGeGeSiGeGeGeGeSiGeSiGeGeGeGeGeGeSi
    80447.6171875000 SiGeGeGeGeSiGeSiGeSiGeGeGeGeGeSiGeGeGeGeSiGeGeGeGeGeSiSiGeGeSiGeGeGeGeGeGeGeGeGeGeGeSiGeGeSiGeGeGeGeSiGeSiGeGeGeGeGeGeSi
    80447.6171875000 SiGeGeGeGeSiGeSiGeSiGeGeGeGeGeSiGeGeGeGeSiGeGeGeGeGeSiSiGeGeSiGeGeGeGeGeGeGeGeGeGeGeSiGeGeSiGeGeGeGeSiGeSiGeGeGeGeGeGeSi
    71687.4609375000 GeSiGeSiGeSiGeSiGeGeGeSiSiGeGeGeGeGeGeGeGeGeGeGeGeGeGeGeSiGeSiGeGeGeSiGeGeGeSiSiGeGeGeGeGeGeGeGeGeSiGeGeGeSiGeGeGeSiGeGe
    71687.4609375000 GeSiGeSiGeSiGeSiGeGeGeSiSiGeGeGeGeGeGeGeGeGeGeGeGeGeGeGeSiGeSiGeGeGeSiGeGeGeSiSiGeGeGeGeGeGeGeGeGeSiGeGeGeSiGeGeGeSiGeGe
    70630.5859375000 SiSiGeSiGeSiGeSiGeGeGeGeGeGeGeGeGeGeGeGeGeGeGeGeGeGeGeGeSiGeGeGeGeGeGeGeGeGeGeSiGeGeGeGeGeSiGeGeGeSiGeSiGeSiGeGeSiSiSiGe
    70630.5859375000 SiSiGeSiGeSiGeSiGeGeGeGeGeGeGeGeGeGeGeGeGeGeGeGeGeGeGeGeSiGeGeGeGeGeGeGeGeGeGeSiGeGeGeGeGeSiGeGeGeSiGeSiGeSiGeGeSiSiSiGe
    70630.5859375000 SiSiGeSiGeSiGeSiGeGeGeGeGeGeGeGeGeGeGeGeGeGeGeGeGeGeGeGeSiGeGeGeGeGeGeGeGeGeGeSiGeGeGeGeGeSiGeGeGeSiGeSiGeSiGeGeSiSiSiGe
    70630.5859375000 SiSiGeSiGeSiGeSiGeGeGeGeGeGeGeGeGeGeGeGeGeGeGeGeGeGeGeGeSiGeGeGeGeGeGeGeGeGeGeSiGeGeGeGeGeSiGeGeGeSiGeSiGeSiGeGeSiSiSiGe
    70630.5859375000 SiSiGeSiGeSiGeSiGeGeGeGeGeGeGeGeGeGeGeGeGeGeGeGeGeGeGeGeSiGeGeGeGeGeGeGeGeGeGeSiGeGeGeGeGeSiGeGeGeSiGeSiGeSiGeGeSiSiSiGe
    70630.5859375000 SiSiGeSiGeSiGeSiGeGeGeGeGeGeGeGeGeGeGeGeGeGeGeGeGeGeGeGeSiGeGeGeGeGeGeGeGeGeGeSiGeGeGeGeGeSiGeGeGeSiGeSiGeSiGeGeSiSiSiGe
    70630.5859375000 SiSiGeSiGeSiGeSiGeGeGeGeGeGeGeGeGeGeGeGeGeGeGeGeGeGeGeGeSiGeGeGeGeGeGeGeGeGeGeSiGeGeGeGeGeSiGeGeGeSiGeSiGeSiGeGeSiSiSiGe
    70630.5859375000 SiSiGeSiGeSiGeSiGeGeGeGeGeGeGeGeGeGeGeGeGeGeGeGeGeGeGeGeSiGeGeGeGeGeGeGeGeGeGeSiGeGeGeGeGeSiGeGeGeSiGeSiGeSiGeGeSiSiSiGe
    66682.7265625000 SiSiGeSiGeSiGeSiGeSiGeGeGeGeGeGeGeGeGeGeGeGeGeGeGeGeGeGeSiGeGeGeGeGeGeGeSiGeGeSiGeGeGeGeGeGeGeGeGeSiGeSiGeSiGeGeSiGeSiGe
    64056.0507812500 SiSiSiSiGeSiGeSiGeSiGeGeGeGeGeGeGeGeGeGeGeGeGeGeGeGeGeGeSiGeGeGeGeGeGeGeSiGeGeGeGeGeGeGeGeGeGeGeGeSiGeSiGeSiGeGeSiGeSiGe
    64056.0507812500 SiSiSiSiGeSiGeSiGeSiGeGeGeGeGeGeGeGeGeGeGeGeGeGeGeGeGeGeSiGeGeGeGeGeGeGeSiGeGeGeGeGeGeGeGeGeGeGeGeSiGeSiGeSiGeGeSiGeSiGe
    64056.0507812500 SiSiSiSiGeSiGeSiGeSiGeGeGeGeGeGeGeGeGeGeGeGeGeGeGeGeGeGeSiGeGeGeGeGeGeGeSiGeGeGeGeGeGeGeGeGeGeGeGeSiGeSiGeSiGeGeSiGeSiGe
    64056.0507812500 SiSiSiSiGeSiGeSiGeSiGeGeGeGeGeGeGeGeGeGeGeGeGeGeGeGeGeGeSiGeGeGeGeGeGeGeSiGeGeGeGeGeGeGeGeGeGeGeGeSiGeSiGeSiGeGeSiGeSiGe
    64056.0507812500 SiSiSiSiGeSiGeSiGeSiGeGeGeGeGeGeGeGeGeGeGeGeGeGeGeGeGeGeSiGeGeGeGeGeGeGeSiGeGeGeGeGeGeGeGeGeGeGeGeSiGeSiGeSiGeGeSiGeSiGe
    64056.0507812500 SiSiSiSiGeSiGeSiGeSiGeGeGeGeGeGeGeGeGeGeGeGeGeGeGeGeGeGeSiGeGeGeGeGeGeGeSiGeGeGeGeGeGeGeGeGeGeGeGeSiGeSiGeSiGeGeSiGeSiGe
    64056.0507812500 SiSiSiSiGeSiGeSiGeSiGeGeGeGeGeGeGeGeGeGeGeGeGeGeGeGeGeGeSiGeGeGeGeGeGeGeSiGeGeGeGeGeGeGeGeGeGeGeGeSiGeSiGeSiGeGeSiGeSiGe
    64056.0507812500 SiSiSiSiGeSiGeSiGeSiGeGeGeGeGeGeGeGeGeGeGeGeGeGeGeGeGeGeSiGeGeGeGeGeGeGeSiGeGeGeGeGeGeGeGeGeGeGeGeSiGeSiGeSiGeGeSiGeSiGe
    64056.0507812500 SiSiSiSiGeSiGeSiGeSiGeGeGeGeGeGeGeGeGeGeGeGeGeGeGeGeGeGeSiGeGeGeGeGeGeGeSiGeGeGeGeGeGeGeGeGeGeGeGeSiGeSiGeSiGeGeSiGeSiGe
    64056.0507812500 SiSiSiSiGeSiGeSiGeSiGeGeGeGeGeGeGeGeGeGeGeGeGeGeGeGeGeGeSiGeGeGeGeGeGeGeSiGeGeGeGeGeGeGeGeGeGeGeGeSiGeSiGeSiGeGeSiGeSiGe
    64056.0507812500 SiSiSiSiGeSiGeSiGeSiGeGeGeGeGeGeGeGeGeGeGeGeGeGeGeGeGeGeSiGeGeGeGeGeGeGeSiGeGeGeGeGeGeGeGeGeGeGeGeSiGeSiGeSiGeGeSiGeSiGe
    64056.0507812500 SiSiSiSiGeSiGeSiGeSiGeGeGeGeGeGeGeGeGeGeGeGeGeGeGeGeGeGeSiGeGeGeGeGeGeGeSiGeGeGeGeGeGeGeGeGeGeGeGeSiGeSiGeSiGeGeSiGeSiGe
    64056.0507812500 SiSiSiSiGeSiGeSiGeSiGeGeGeGeGeGeGeGeGeGeGeGeGeGeGeGeGeGeSiGeGeGeGeGeGeGeSiGeGeGeGeGeGeGeGeGeGeGeGeSiGeSiGeSiGeGeSiGeSiGe
    64056.0507812500 SiSiSiSiGeSiGeSiGeSiGeGeGeGeGeGeGeGeGeGeGeGeGeGeGeGeGeGeSiGeGeGeGeGeGeGeSiGeGeGeGeGeGeGeGeGeGeGeGeSiGeSiGeSiGeGeSiGeSiGe
    64056.0507812500 SiSiSiSiGeSiGeSiGeSiGeGeGeGeGeGeGeGeGeGeGeGeGeGeGeGeGeGeSiGeGeGeGeGeGeGeSiGeGeGeGeGeGeGeGeGeGeGeGeSiGeSiGeSiGeGeSiGeSiGe
    64056.0507812500 SiSiSiSiGeSiGeSiGeSiGeGeGeGeGeGeGeGeGeGeGeGeGeGeGeGeGeGeSiGeGeGeGeGeGeGeSiGeGeGeGeGeGeGeGeGeGeGeGeSiGeSiGeSiGeGeSiGeSiGe
    64056.0507812500 SiSiSiSiGeSiGeSiGeSiGeGeGeGeGeGeGeGeGeGeGeGeGeGeGeGeGeGeSiGeGeGeGeGeGeGeSiGeGeGeGeGeGeGeGeGeGeGeGeSiGeSiGeSiGeGeSiGeSiGe
    64056.0507812500 SiSiSiSiGeSiGeSiGeSiGeGeGeGeGeGeGeGeGeGeGeGeGeGeGeGeGeGeSiGeGeGeGeGeGeGeSiGeGeGeGeGeGeGeGeGeGeGeGeSiGeSiGeSiGeGeSiGeSiGe
    64056.0507812500 SiSiSiSiGeSiGeSiGeSiGeGeGeGeGeGeGeGeGeGeGeGeGeGeGeGeGeGeSiGeGeGeGeGeGeGeSiGeGeGeGeGeGeGeGeGeGeGeGeSiGeSiGeSiGeGeSiGeSiGe
    64056.0507812500 SiSiSiSiGeSiGeSiGeSiGeGeGeGeGeGeGeGeGeGeGeGeGeGeGeGeGeGeSiGeGeGeGeGeGeGeSiGeGeGeGeGeGeGeGeGeGeGeGeSiGeSiGeSiGeGeSiGeSiGe
    64056.0507812500 SiSiSiSiGeSiGeSiGeSiGeGeGeGeGeGeGeGeGeGeGeGeGeGeGeGeGeGeSiGeGeGeGeGeGeGeSiGeGeGeGeGeGeGeGeGeGeGeGeSiGeSiGeSiGeGeSiGeSiGe
    64056.0507812500 SiSiSiSiGeSiGeSiGeSiGeGeGeGeGeGeGeGeGeGeGeGeGeGeGeGeGeGeSiGeGeGeGeGeGeGeSiGeGeGeGeGeGeGeGeGeGeGeGeSiGeSiGeSiGeGeSiGeSiGe
    64056.0507812500 SiSiSiSiGeSiGeSiGeSiGeGeGeGeGeGeGeGeGeGeGeGeGeGeGeGeGeGeSiGeGeGeGeGeGeGeSiGeGeGeGeGeGeGeGeGeGeGeGeSiGeSiGeSiGeGeSiGeSiGe
    64056.0507812500 SiSiSiSiGeSiGeSiGeSiGeGeGeGeGeGeGeGeGeGeGeGeGeGeGeGeGeGeSiGeGeGeGeGeGeGeSiGeGeGeGeGeGeGeGeGeGeGeGeSiGeSiGeSiGeGeSiGeSiGe
    64056.0507812500 SiSiSiSiGeSiGeSiGeSiGeGeGeGeGeGeGeGeGeGeGeGeGeGeGeGeGeGeSiGeGeGeGeGeGeGeSiGeGeGeGeGeGeGeGeGeGeGeGeSiGeSiGeSiGeGeSiGeSiGe
    64056.0507812500 SiSiSiSiGeSiGeSiGeSiGeGeGeGeGeGeGeGeGeGeGeGeGeGeGeGeGeGeSiGeGeGeGeGeGeGeSiGeGeGeGeGeGeGeGeGeGeGeGeSiGeSiGeSiGeGeSiGeSiGe
    64056.0507812500 SiSiSiSiGeSiGeSiGeSiGeGeGeGeGeGeGeGeGeGeGeGeGeGeGeGeGeGeSiGeGeGeGeGeGeGeSiGeGeGeGeGeGeGeGeGeGeGeGeSiGeSiGeSiGeGeSiGeSiGe
    64056.0507812500 SiSiSiSiGeSiGeSiGeSiGeGeGeGeGeGeGeGeGeGeGeGeGeGeGeGeGeGeSiGeGeGeGeGeGeGeSiGeGeGeGeGeGeGeGeGeGeGeGeSiGeSiGeSiGeGeSiGeSiGe
    64056.0507812500 SiSiSiSiGeSiGeSiGeSiGeGeGeGeGeGeGeGeGeGeGeGeGeGeGeGeGeGeSiGeGeGeGeGeGeGeSiGeGeGeGeGeGeGeGeGeGeGeGeSiGeSiGeSiGeGeSiGeSiGe
    64056.0507812500 SiSiSiSiGeSiGeSiGeSiGeGeGeGeGeGeGeGeGeGeGeGeGeGeGeGeGeGeSiGeGeGeGeGeGeGeSiGeGeGeGeGeGeGeGeGeGeGeGeSiGeSiGeSiGeGeSiGeSiGe
    64056.0507812500 SiSiSiSiGeSiGeSiGeSiGeGeGeGeGeGeGeGeGeGeGeGeGeGeGeGeGeGeSiGeGeGeGeGeGeGeSiGeGeGeGeGeGeGeGeGeGeGeGeSiGeSiGeSiGeGeSiGeSiGe
    64056.0507812500 SiSiSiSiGeSiGeSiGeSiGeGeGeGeGeGeGeGeGeGeGeGeGeGeGeGeGeGeSiGeGeGeGeGeGeGeSiGeGeGeGeGeGeGeGeGeGeGeGeSiGeSiGeSiGeGeSiGeSiGe
    64056.0507812500 SiSiSiSiGeSiGeSiGeSiGeGeGeGeGeGeGeGeGeGeGeGeGeGeGeGeGeGeSiGeGeGeGeGeGeGeSiGeGeGeGeGeGeGeGeGeGeGeGeSiGeSiGeSiGeGeSiGeSiGe
    64056.0507812500 SiSiSiSiGeSiGeSiGeSiGeGeGeGeGeGeGeGeGeGeGeGeGeGeGeGeGeGeSiGeGeGeGeGeGeGeSiGeGeGeGeGeGeGeGeGeGeGeGeSiGeSiGeSiGeGeSiGeSiGe
    64056.0507812500 SiSiSiSiGeSiGeSiGeSiGeGeGeGeGeGeGeGeGeGeGeGeGeGeGeGeGeGeSiGeGeGeGeGeGeGeSiGeGeGeGeGeGeGeGeGeGeGeGeSiGeSiGeSiGeGeSiGeSiGe
    64056.0507812500 SiSiSiSiGeSiGeSiGeSiGeGeGeGeGeGeGeGeGeGeGeGeGeGeGeGeGeGeSiGeGeGeGeGeGeGeSiGeGeGeGeGeGeGeGeGeGeGeGeSiGeSiGeSiGeGeSiGeSiGe
    64056.0507812500 SiSiSiSiGeSiGeSiGeSiGeGeGeGeGeGeGeGeGeGeGeGeGeGeGeGeGeGeSiGeGeGeGeGeGeGeSiGeGeGeGeGeGeGeGeGeGeGeGeSiGeSiGeSiGeGeSiGeSiGe
    64056.0507812500 SiSiSiSiGeSiGeSiGeSiGeGeGeGeGeGeGeGeGeGeGeGeGeGeGeGeGeGeSiGeGeGeGeGeGeGeSiGeGeGeGeGeGeGeGeGeGeGeGeSiGeSiGeSiGeGeSiGeSiGe
    64056.0507812500 SiSiSiSiGeSiGeSiGeSiGeGeGeGeGeGeGeGeGeGeGeGeGeGeGeGeGeGeSiGeGeGeGeGeGeGeSiGeGeGeGeGeGeGeGeGeGeGeGeSiGeSiGeSiGeGeSiGeSiGe
    64056.0507812500 SiSiSiSiGeSiGeSiGeSiGeGeGeGeGeGeGeGeGeGeGeGeGeGeGeGeGeGeSiGeGeGeGeGeGeGeSiGeGeGeGeGeGeGeGeGeGeGeGeSiGeSiGeSiGeGeSiGeSiGe
    64056.0507812500 SiSiSiSiGeSiGeSiGeSiGeGeGeGeGeGeGeGeGeGeGeGeGeGeGeGeGeGeSiGeGeGeGeGeGeGeSiGeGeGeGeGeGeGeGeGeGeGeGeSiGeSiGeSiGeGeSiGeSiGe
    64056.0507812500 SiSiSiSiGeSiGeSiGeSiGeGeGeGeGeGeGeGeGeGeGeGeGeGeGeGeGeGeSiGeGeGeGeGeGeGeSiGeGeGeGeGeGeGeGeGeGeGeGeSiGeSiGeSiGeGeSiGeSiGe
    64056.0507812500 SiSiSiSiGeSiGeSiGeSiGeGeGeGeGeGeGeGeGeGeGeGeGeGeGeGeGeGeSiGeGeGeGeGeGeGeSiGeGeGeGeGeGeGeGeGeGeGeGeSiGeSiGeSiGeGeSiGeSiGe
    64056.0507812500 SiSiSiSiGeSiGeSiGeSiGeGeGeGeGeGeGeGeGeGeGeGeGeGeGeGeGeGeSiGeGeGeGeGeGeGeSiGeGeGeGeGeGeGeGeGeGeGeGeSiGeSiGeSiGeGeSiGeSiGe
    64056.0507812500 SiSiSiSiGeSiGeSiGeSiGeGeGeGeGeGeGeGeGeGeGeGeGeGeGeGeGeGeSiGeGeGeGeGeGeGeSiGeGeGeGeGeGeGeGeGeGeGeGeSiGeSiGeSiGeGeSiGeSiGe
    64056.0507812500 SiSiSiSiGeSiGeSiGeSiGeGeGeGeGeGeGeGeGeGeGeGeGeGeGeGeGeGeSiGeGeGeGeGeGeGeSiGeGeGeGeGeGeGeGeGeGeGeGeSiGeSiGeSiGeGeSiGeSiGe
    64056.0507812500 SiSiSiSiGeSiGeSiGeSiGeGeGeGeGeGeGeGeGeGeGeGeGeGeGeGeGeGeSiGeGeGeGeGeGeGeSiGeGeGeGeGeGeGeGeGeGeGeGeSiGeSiGeSiGeGeSiGeSiGe
    64056.0507812500 SiSiSiSiGeSiGeSiGeSiGeGeGeGeGeGeGeGeGeGeGeGeGeGeGeGeGeGeSiGeGeGeGeGeGeGeSiGeGeGeGeGeGeGeGeGeGeGeGeSiGeSiGeSiGeGeSiGeSiGe
    64056.0507812500 SiSiSiSiGeSiGeSiGeSiGeGeGeGeGeGeGeGeGeGeGeGeGeGeGeGeGeGeSiGeGeGeGeGeGeGeSiGeGeGeGeGeGeGeGeGeGeGeGeSiGeSiGeSiGeGeSiGeSiGe
    64056.0507812500 SiSiSiSiGeSiGeSiGeSiGeGeGeGeGeGeGeGeGeGeGeGeGeGeGeGeGeGeSiGeGeGeGeGeGeGeSiGeGeGeGeGeGeGeGeGeGeGeGeSiGeSiGeSiGeGeSiGeSiGe
    64056.0507812500 SiSiSiSiGeSiGeSiGeSiGeGeGeGeGeGeGeGeGeGeGeGeGeGeGeGeGeGeSiGeGeGeGeGeGeGeSiGeGeGeGeGeGeGeGeGeGeGeGeSiGeSiGeSiGeGeSiGeSiGe
    64056.0507812500 SiSiSiSiGeSiGeSiGeSiGeGeGeGeGeGeGeGeGeGeGeGeGeGeGeGeGeGeSiGeGeGeGeGeGeGeSiGeGeGeGeGeGeGeGeGeGeGeGeSiGeSiGeSiGeGeSiGeSiGe
    64056.0507812500 SiSiSiSiGeSiGeSiGeSiGeGeGeGeGeGeGeGeGeGeGeGeGeGeGeGeGeGeSiGeGeGeGeGeGeGeSiGeGeGeGeGeGeGeGeGeGeGeGeSiGeSiGeSiGeGeSiGeSiGe
    64056.0507812500 SiSiSiSiGeSiGeSiGeSiGeGeGeGeGeGeGeGeGeGeGeGeGeGeGeGeGeGeSiGeGeGeGeGeGeGeSiGeGeGeGeGeGeGeGeGeGeGeGeSiGeSiGeSiGeGeSiGeSiGe
    64056.0507812500 SiSiSiSiGeSiGeSiGeSiGeGeGeGeGeGeGeGeGeGeGeGeGeGeGeGeGeGeSiGeGeGeGeGeGeGeSiGeGeGeGeGeGeGeGeGeGeGeGeSiGeSiGeSiGeGeSiGeSiGe
    64056.0507812500 SiSiSiSiGeSiGeSiGeSiGeGeGeGeGeGeGeGeGeGeGeGeGeGeGeGeGeGeSiGeGeGeGeGeGeGeSiGeGeGeGeGeGeGeGeGeGeGeGeSiGeSiGeSiGeGeSiGeSiGe
    64056.0507812500 SiSiSiSiGeSiGeSiGeSiGeGeGeGeGeGeGeGeGeGeGeGeGeGeGeGeGeGeSiGeGeGeGeGeGeGeSiGeGeGeGeGeGeGeGeGeGeGeGeSiGeSiGeSiGeGeSiGeSiGe
    64056.0507812500 SiSiSiSiGeSiGeSiGeSiGeGeGeGeGeGeGeGeGeGeGeGeGeGeGeGeGeGeSiGeGeGeGeGeGeGeSiGeGeGeGeGeGeGeGeGeGeGeGeSiGeSiGeSiGeGeSiGeSiGe
    64056.0507812500 SiSiSiSiGeSiGeSiGeSiGeGeGeGeGeGeGeGeGeGeGeGeGeGeGeGeGeGeSiGeGeGeGeGeGeGeSiGeGeGeGeGeGeGeGeGeGeGeGeSiGeSiGeSiGeGeSiGeSiGe
    64056.0507812500 SiSiSiSiGeSiGeSiGeSiGeGeGeGeGeGeGeGeGeGeGeGeGeGeGeGeGeGeSiGeGeGeGeGeGeGeSiGeGeGeGeGeGeGeGeGeGeGeGeSiGeSiGeSiGeGeSiGeSiGe
    64056.0507812500 SiSiSiSiGeSiGeSiGeSiGeGeGeGeGeGeGeGeGeGeGeGeGeGeGeGeGeGeSiGeGeGeGeGeGeGeSiGeGeGeGeGeGeGeGeGeGeGeGeSiGeSiGeSiGeGeSiGeSiGe
    64056.0507812500 SiSiSiSiGeSiGeSiGeSiGeGeGeGeGeGeGeGeGeGeGeGeGeGeGeGeGeGeSiGeGeGeGeGeGeGeSiGeGeGeGeGeGeGeGeGeGeGeGeSiGeSiGeSiGeGeSiGeSiGe
    64056.0507812500 SiSiSiSiGeSiGeSiGeSiGeGeGeGeGeGeGeGeGeGeGeGeGeGeGeGeGeGeSiGeGeGeGeGeGeGeSiGeGeGeGeGeGeGeGeGeGeGeGeSiGeSiGeSiGeGeSiGeSiGe
    64056.0507812500 SiSiSiSiGeSiGeSiGeSiGeGeGeGeGeGeGeGeGeGeGeGeGeGeGeGeGeGeSiGeGeGeGeGeGeGeSiGeGeGeGeGeGeGeGeGeGeGeGeSiGeSiGeSiGeGeSiGeSiGe
    64056.0507812500 SiSiSiSiGeSiGeSiGeSiGeGeGeGeGeGeGeGeGeGeGeGeGeGeGeGeGeGeSiGeGeGeGeGeGeGeSiGeGeGeGeGeGeGeGeGeGeGeGeSiGeSiGeSiGeGeSiGeSiGe
    64056.0507812500 SiSiSiSiGeSiGeSiGeSiGeGeGeGeGeGeGeGeGeGeGeGeGeGeGeGeGeGeSiGeGeGeGeGeGeGeSiGeGeGeGeGeGeGeGeGeGeGeGeSiGeSiGeSiGeGeSiGeSiGe
    64056.0507812500 SiSiSiSiGeSiGeSiGeSiGeGeGeGeGeGeGeGeGeGeGeGeGeGeGeGeGeGeSiGeGeGeGeGeGeGeSiGeGeGeGeGeGeGeGeGeGeGeGeSiGeSiGeSiGeGeSiGeSiGe
    64056.0507812500 SiSiSiSiGeSiGeSiGeSiGeGeGeGeGeGeGeGeGeGeGeGeGeGeGeGeGeGeSiGeGeGeGeGeGeGeSiGeGeGeGeGeGeGeGeGeGeGeGeSiGeSiGeSiGeGeSiGeSiGe
    64056.0507812500 SiSiSiSiGeSiGeSiGeSiGeGeGeGeGeGeGeGeGeGeGeGeGeGeGeGeGeGeSiGeGeGeGeGeGeGeSiGeGeGeGeGeGeGeGeGeGeGeGeSiGeSiGeSiGeGeSiGeSiGe
    64056.0507812500 SiSiSiSiGeSiGeSiGeSiGeGeGeGeGeGeGeGeGeGeGeGeGeGeGeGeGeGeSiGeGeGeGeGeGeGeSiGeGeGeGeGeGeGeGeGeGeGeGeSiGeSiGeSiGeGeSiGeSiGe
    64056.0507812500 SiSiSiSiGeSiGeSiGeSiGeGeGeGeGeGeGeGeGeGeGeGeGeGeGeGeGeGeSiGeGeGeGeGeGeGeSiGeGeGeGeGeGeGeGeGeGeGeGeSiGeSiGeSiGeGeSiGeSiGe
    64056.0507812500 SiSiSiSiGeSiGeSiGeSiGeGeGeGeGeGeGeGeGeGeGeGeGeGeGeGeGeGeSiGeGeGeGeGeGeGeSiGeGeGeGeGeGeGeGeGeGeGeGeSiGeSiGeSiGeGeSiGeSiGe
    64056.0507812500 SiSiSiSiGeSiGeSiGeSiGeGeGeGeGeGeGeGeGeGeGeGeGeGeGeGeGeGeSiGeGeGeGeGeGeGeSiGeGeGeGeGeGeGeGeGeGeGeGeSiGeSiGeSiGeGeSiGeSiGe
    64056.0507812500 SiSiSiSiGeSiGeSiGeSiGeGeGeGeGeGeGeGeGeGeGeGeGeGeGeGeGeGeSiGeGeGeGeGeGeGeSiGeGeGeGeGeGeGeGeGeGeGeGeSiGeSiGeSiGeGeSiGeSiGe
    64056.0507812500 SiSiSiSiGeSiGeSiGeSiGeGeGeGeGeGeGeGeGeGeGeGeGeGeGeGeGeGeSiGeGeGeGeGeGeGeSiGeGeGeGeGeGeGeGeGeGeGeGeSiGeSiGeSiGeGeSiGeSiGe
    64056.0507812500 SiSiSiSiGeSiGeSiGeSiGeGeGeGeGeGeGeGeGeGeGeGeGeGeGeGeGeGeSiGeGeGeGeGeGeGeSiGeGeGeGeGeGeGeGeGeGeGeGeSiGeSiGeSiGeGeSiGeSiGe
    64056.0507812500 SiSiSiSiGeSiGeSiGeSiGeGeGeGeGeGeGeGeGeGeGeGeGeGeGeGeGeGeSiGeGeGeGeGeGeGeSiGeGeGeGeGeGeGeGeGeGeGeGeSiGeSiGeSiGeGeSiGeSiGe
    64056.0507812500 SiSiSiSiGeSiGeSiGeSiGeGeGeGeGeGeGeGeGeGeGeGeGeGeGeGeGeGeSiGeGeGeGeGeGeGeSiGeGeGeGeGeGeGeGeGeGeGeGeSiGeSiGeSiGeGeSiGeSiGe
    64056.0507812500 SiSiSiSiGeSiGeSiGeSiGeGeGeGeGeGeGeGeGeGeGeGeGeGeGeGeGeGeSiGeGeGeGeGeGeGeSiGeGeGeGeGeGeGeGeGeGeGeGeSiGeSiGeSiGeGeSiGeSiGe
    64056.0507812500 SiSiSiSiGeSiGeSiGeSiGeGeGeGeGeGeGeGeGeGeGeGeGeGeGeGeGeGeSiGeGeGeGeGeGeGeSiGeGeGeGeGeGeGeGeGeGeGeGeSiGeSiGeSiGeGeSiGeSiGe
    64056.0507812500 SiSiSiSiGeSiGeSiGeSiGeGeGeGeGeGeGeGeGeGeGeGeGeGeGeGeGeGeSiGeGeGeGeGeGeGeSiGeGeGeGeGeGeGeGeGeGeGeGeSiGeSiGeSiGeGeSiGeSiGe
    64056.0507812500 SiSiSiSiGeSiGeSiGeSiGeGeGeGeGeGeGeGeGeGeGeGeGeGeGeGeGeGeSiGeGeGeGeGeGeGeSiGeGeGeGeGeGeGeGeGeGeGeGeSiGeSiGeSiGeGeSiGeSiGe
    64056.0507812500 SiSiSiSiGeSiGeSiGeSiGeGeGeGeGeGeGeGeGeGeGeGeGeGeGeGeGeGeSiGeGeGeGeGeGeGeSiGeGeGeGeGeGeGeGeGeGeGeGeSiGeSiGeSiGeGeSiGeSiGe
    64056.0507812500 SiSiSiSiGeSiGeSiGeSiGeGeGeGeGeGeGeGeGeGeGeGeGeGeGeGeGeGeSiGeGeGeGeGeGeGeSiGeGeGeGeGeGeGeGeGeGeGeGeSiGeSiGeSiGeGeSiGeSiGe
    64056.0507812500 SiSiSiSiGeSiGeSiGeSiGeGeGeGeGeGeGeGeGeGeGeGeGeGeGeGeGeGeSiGeGeGeGeGeGeGeSiGeGeGeGeGeGeGeGeGeGeGeGeSiGeSiGeSiGeGeSiGeSiGe
    64056.0507812500 SiSiSiSiGeSiGeSiGeSiGeGeGeGeGeGeGeGeGeGeGeGeGeGeGeGeGeGeSiGeGeGeGeGeGeGeSiGeGeGeGeGeGeGeGeGeGeGeGeSiGeSiGeSiGeGeSiGeSiGe
    64056.0507812500 SiSiSiSiGeSiGeSiGeSiGeGeGeGeGeGeGeGeGeGeGeGeGeGeGeGeGeGeSiGeGeGeGeGeGeGeSiGeGeGeGeGeGeGeGeGeGeGeGeSiGeSiGeSiGeGeSiGeSiGe
    64056.0507812500 SiSiSiSiGeSiGeSiGeSiGeGeGeGeGeGeGeGeGeGeGeGeGeGeGeGeGeGeSiGeGeGeGeGeGeGeSiGeGeGeGeGeGeGeGeGeGeGeGeSiGeSiGeSiGeGeSiGeSiGe
    64056.0507812500 SiSiSiSiGeSiGeSiGeSiGeGeGeGeGeGeGeGeGeGeGeGeGeGeGeGeGeGeSiGeGeGeGeGeGeGeSiGeGeGeGeGeGeGeGeGeGeGeGeSiGeSiGeSiGeGeSiGeSiGe
    64056.0507812500 SiSiSiSiGeSiGeSiGeSiGeGeGeGeGeGeGeGeGeGeGeGeGeGeGeGeGeGeSiGeGeGeGeGeGeGeSiGeGeGeGeGeGeGeGeGeGeGeGeSiGeSiGeSiGeGeSiGeSiGe
    64056.0507812500 SiSiSiSiGeSiGeSiGeSiGeGeGeGeGeGeGeGeGeGeGeGeGeGeGeGeGeGeSiGeGeGeGeGeGeGeSiGeGeGeGeGeGeGeGeGeGeGeGeSiGeSiGeSiGeGeSiGeSiGe
    64056.0507812500 SiSiSiSiGeSiGeSiGeSiGeGeGeGeGeGeGeGeGeGeGeGeGeGeGeGeGeGeSiGeGeGeGeGeGeGeSiGeGeGeGeGeGeGeGeGeGeGeGeSiGeSiGeSiGeGeSiGeSiGe
    64056.0507812500 SiSiSiSiGeSiGeSiGeSiGeGeGeGeGeGeGeGeGeGeGeGeGeGeGeGeGeGeSiGeGeGeGeGeGeGeSiGeGeGeGeGeGeGeGeGeGeGeGeSiGeSiGeSiGeGeSiGeSiGe
    64056.0507812500 SiSiSiSiGeSiGeSiGeSiGeGeGeGeGeGeGeGeGeGeGeGeGeGeGeGeGeGeSiGeGeGeGeGeGeGeSiGeGeGeGeGeGeGeGeGeGeGeGeSiGeSiGeSiGeGeSiGeSiGe
    64056.0507812500 SiSiSiSiGeSiGeSiGeSiGeGeGeGeGeGeGeGeGeGeGeGeGeGeGeGeGeGeSiGeGeGeGeGeGeGeSiGeGeGeGeGeGeGeGeGeGeGeGeSiGeSiGeSiGeGeSiGeSiGe
    64056.0507812500 SiSiSiSiGeSiGeSiGeSiGeGeGeGeGeGeGeGeGeGeGeGeGeGeGeGeGeGeSiGeGeGeGeGeGeGeSiGeGeGeGeGeGeGeGeGeGeGeGeSiGeSiGeSiGeGeSiGeSiGe
    64056.0507812500 SiSiSiSiGeSiGeSiGeSiGeGeGeGeGeGeGeGeGeGeGeGeGeGeGeGeGeGeSiGeGeGeGeGeGeGeSiGeGeGeGeGeGeGeGeGeGeGeGeSiGeSiGeSiGeGeSiGeSiGe
    64056.0507812500 SiSiSiSiGeSiGeSiGeSiGeGeGeGeGeGeGeGeGeGeGeGeGeGeGeGeGeGeSiGeGeGeGeGeGeGeSiGeGeGeGeGeGeGeGeGeGeGeGeSiGeSiGeSiGeGeSiGeSiGe
    64056.0507812500 SiSiSiSiGeSiGeSiGeSiGeGeGeGeGeGeGeGeGeGeGeGeGeGeGeGeGeGeSiGeGeGeGeGeGeGeSiGeGeGeGeGeGeGeGeGeGeGeGeSiGeSiGeSiGeGeSiGeSiGe
    64056.0507812500 SiSiSiSiGeSiGeSiGeSiGeGeGeGeGeGeGeGeGeGeGeGeGeGeGeGeGeGeSiGeGeGeGeGeGeGeSiGeGeGeGeGeGeGeGeGeGeGeGeSiGeSiGeSiGeGeSiGeSiGe
    64056.0507812500 SiSiSiSiGeSiGeSiGeSiGeGeGeGeGeGeGeGeGeGeGeGeGeGeGeGeGeGeSiGeGeGeGeGeGeGeSiGeGeGeGeGeGeGeGeGeGeGeGeSiGeSiGeSiGeGeSiGeSiGe
    64056.0507812500 SiSiSiSiGeSiGeSiGeSiGeGeGeGeGeGeGeGeGeGeGeGeGeGeGeGeGeGeSiGeGeGeGeGeGeGeSiGeGeGeGeGeGeGeGeGeGeGeGeSiGeSiGeSiGeGeSiGeSiGe
    64056.0507812500 SiSiSiSiGeSiGeSiGeSiGeGeGeGeGeGeGeGeGeGeGeGeGeGeGeGeGeGeSiGeGeGeGeGeGeGeSiGeGeGeGeGeGeGeGeGeGeGeGeSiGeSiGeSiGeGeSiGeSiGe
    64056.0507812500 SiSiSiSiGeSiGeSiGeSiGeGeGeGeGeGeGeGeGeGeGeGeGeGeGeGeGeGeSiGeGeGeGeGeGeGeSiGeGeGeGeGeGeGeGeGeGeGeGeSiGeSiGeSiGeGeSiGeSiGe
    64056.0507812500 SiSiSiSiGeSiGeSiGeSiGeGeGeGeGeGeGeGeGeGeGeGeGeGeGeGeGeGeSiGeGeGeGeGeGeGeSiGeGeGeGeGeGeGeGeGeGeGeGeSiGeSiGeSiGeGeSiGeSiGe
    64056.0507812500 SiSiSiSiGeSiGeSiGeSiGeGeGeGeGeGeGeGeGeGeGeGeGeGeGeGeGeGeSiGeGeGeGeGeGeGeSiGeGeGeGeGeGeGeGeGeGeGeGeSiGeSiGeSiGeGeSiGeSiGe
    64056.0507812500 SiSiSiSiGeSiGeSiGeSiGeGeGeGeGeGeGeGeGeGeGeGeGeGeGeGeGeGeSiGeGeGeGeGeGeGeSiGeGeGeGeGeGeGeGeGeGeGeGeSiGeSiGeSiGeGeSiGeSiGe
    64056.0507812500 SiSiSiSiGeSiGeSiGeSiGeGeGeGeGeGeGeGeGeGeGeGeGeGeGeGeGeGeSiGeGeGeGeGeGeGeSiGeGeGeGeGeGeGeGeGeGeGeGeSiGeSiGeSiGeGeSiGeSiGe
    64056.0507812500 SiSiSiSiGeSiGeSiGeSiGeGeGeGeGeGeGeGeGeGeGeGeGeGeGeGeGeGeSiGeGeGeGeGeGeGeSiGeGeGeGeGeGeGeGeGeGeGeGeSiGeSiGeSiGeGeSiGeSiGe
    64056.0507812500 SiSiSiSiGeSiGeSiGeSiGeGeGeGeGeGeGeGeGeGeGeGeGeGeGeGeGeGeSiGeGeGeGeGeGeGeSiGeGeGeGeGeGeGeGeGeGeGeGeSiGeSiGeSiGeGeSiGeSiGe
    64056.0507812500 SiSiSiSiGeSiGeSiGeSiGeGeGeGeGeGeGeGeGeGeGeGeGeGeGeGeGeGeSiGeGeGeGeGeGeGeSiGeGeGeGeGeGeGeGeGeGeGeGeSiGeSiGeSiGeGeSiGeSiGe
    64056.0507812500 SiSiSiSiGeSiGeSiGeSiGeGeGeGeGeGeGeGeGeGeGeGeGeGeGeGeGeGeSiGeGeGeGeGeGeGeSiGeGeGeGeGeGeGeGeGeGeGeGeSiGeSiGeSiGeGeSiGeSiGe
    64056.0507812500 SiSiSiSiGeSiGeSiGeSiGeGeGeGeGeGeGeGeGeGeGeGeGeGeGeGeGeGeSiGeGeGeGeGeGeGeSiGeGeGeGeGeGeGeGeGeGeGeGeSiGeSiGeSiGeGeSiGeSiGe
    64056.0507812500 SiSiSiSiGeSiGeSiGeSiGeGeGeGeGeGeGeGeGeGeGeGeGeGeGeGeGeGeSiGeGeGeGeGeGeGeSiGeGeGeGeGeGeGeGeGeGeGeGeSiGeSiGeSiGeGeSiGeSiGe
    64056.0507812500 SiSiSiSiGeSiGeSiGeSiGeGeGeGeGeGeGeGeGeGeGeGeGeGeGeGeGeGeSiGeGeGeGeGeGeGeSiGeGeGeGeGeGeGeGeGeGeGeGeSiGeSiGeSiGeGeSiGeSiGe
    64056.0507812500 SiSiSiSiGeSiGeSiGeSiGeGeGeGeGeGeGeGeGeGeGeGeGeGeGeGeGeGeSiGeGeGeGeGeGeGeSiGeGeGeGeGeGeGeGeGeGeGeGeSiGeSiGeSiGeGeSiGeSiGe
    64056.0507812500 SiSiSiSiGeSiGeSiGeSiGeGeGeGeGeGeGeGeGeGeGeGeGeGeGeGeGeGeSiGeGeGeGeGeGeGeSiGeGeGeGeGeGeGeGeGeGeGeGeSiGeSiGeSiGeGeSiGeSiGe
    64056.0507812500 SiSiSiSiGeSiGeSiGeSiGeGeGeGeGeGeGeGeGeGeGeGeGeGeGeGeGeGeSiGeGeGeGeGeGeGeSiGeGeGeGeGeGeGeGeGeGeGeGeSiGeSiGeSiGeGeSiGeSiGe
    64056.0507812500 SiSiSiSiGeSiGeSiGeSiGeGeGeGeGeGeGeGeGeGeGeGeGeGeGeGeGeGeSiGeGeGeGeGeGeGeSiGeGeGeGeGeGeGeGeGeGeGeGeSiGeSiGeSiGeGeSiGeSiGe
    64056.0507812500 SiSiSiSiGeSiGeSiGeSiGeGeGeGeGeGeGeGeGeGeGeGeGeGeGeGeGeGeSiGeGeGeGeGeGeGeSiGeGeGeGeGeGeGeGeGeGeGeGeSiGeSiGeSiGeGeSiGeSiGe
    64056.0507812500 SiSiSiSiGeSiGeSiGeSiGeGeGeGeGeGeGeGeGeGeGeGeGeGeGeGeGeGeSiGeGeGeGeGeGeGeSiGeGeGeGeGeGeGeGeGeGeGeGeSiGeSiGeSiGeGeSiGeSiGe
    64056.0507812500 SiSiSiSiGeSiGeSiGeSiGeGeGeGeGeGeGeGeGeGeGeGeGeGeGeGeGeGeSiGeGeGeGeGeGeGeSiGeGeGeGeGeGeGeGeGeGeGeGeSiGeSiGeSiGeGeSiGeSiGe
    64056.0507812500 SiSiSiSiGeSiGeSiGeSiGeGeGeGeGeGeGeGeGeGeGeGeGeGeGeGeGeGeSiGeGeGeGeGeGeGeSiGeGeGeGeGeGeGeGeGeGeGeGeSiGeSiGeSiGeGeSiGeSiGe
    64056.0507812500 SiSiSiSiGeSiGeSiGeSiGeGeGeGeGeGeGeGeGeGeGeGeGeGeGeGeGeGeSiGeGeGeGeGeGeGeSiGeGeGeGeGeGeGeGeGeGeGeGeSiGeSiGeSiGeGeSiGeSiGe
    64056.0507812500 SiSiSiSiGeSiGeSiGeSiGeGeGeGeGeGeGeGeGeGeGeGeGeGeGeGeGeGeSiGeGeGeGeGeGeGeSiGeGeGeGeGeGeGeGeGeGeGeGeSiGeSiGeSiGeGeSiGeSiGe
    64056.0507812500 SiSiSiSiGeSiGeSiGeSiGeGeGeGeGeGeGeGeGeGeGeGeGeGeGeGeGeGeSiGeGeGeGeGeGeGeSiGeGeGeGeGeGeGeGeGeGeGeGeSiGeSiGeSiGeGeSiGeSiGe
    64056.0507812500 SiSiSiSiGeSiGeSiGeSiGeGeGeGeGeGeGeGeGeGeGeGeGeGeGeGeGeGeSiGeGeGeGeGeGeGeSiGeGeGeGeGeGeGeGeGeGeGeGeSiGeSiGeSiGeGeSiGeSiGe
    64056.0507812500 SiSiSiSiGeSiGeSiGeSiGeGeGeGeGeGeGeGeGeGeGeGeGeGeGeGeGeGeSiGeGeGeGeGeGeGeSiGeGeGeGeGeGeGeGeGeGeGeGeSiGeSiGeSiGeGeSiGeSiGe
    64056.0507812500 SiSiSiSiGeSiGeSiGeSiGeGeGeGeGeGeGeGeGeGeGeGeGeGeGeGeGeGeSiGeGeGeGeGeGeGeSiGeGeGeGeGeGeGeGeGeGeGeGeSiGeSiGeSiGeGeSiGeSiGe
    64056.0507812500 SiSiSiSiGeSiGeSiGeSiGeGeGeGeGeGeGeGeGeGeGeGeGeGeGeGeGeGeSiGeGeGeGeGeGeGeSiGeGeGeGeGeGeGeGeGeGeGeGeSiGeSiGeSiGeGeSiGeSiGe
    64056.0507812500 SiSiSiSiGeSiGeSiGeSiGeGeGeGeGeGeGeGeGeGeGeGeGeGeGeGeGeGeSiGeGeGeGeGeGeGeSiGeGeGeGeGeGeGeGeGeGeGeGeSiGeSiGeSiGeGeSiGeSiGe
    64056.0507812500 SiSiSiSiGeSiGeSiGeSiGeGeGeGeGeGeGeGeGeGeGeGeGeGeGeGeGeGeSiGeGeGeGeGeGeGeSiGeGeGeGeGeGeGeGeGeGeGeGeSiGeSiGeSiGeGeSiGeSiGe
    64056.0507812500 SiSiSiSiGeSiGeSiGeSiGeGeGeGeGeGeGeGeGeGeGeGeGeGeGeGeGeGeSiGeGeGeGeGeGeGeSiGeGeGeGeGeGeGeGeGeGeGeGeSiGeSiGeSiGeGeSiGeSiGe
    64056.0507812500 SiSiSiSiGeSiGeSiGeSiGeGeGeGeGeGeGeGeGeGeGeGeGeGeGeGeGeGeSiGeGeGeGeGeGeGeSiGeGeGeGeGeGeGeGeGeGeGeGeSiGeSiGeSiGeGeSiGeSiGe
    64056.0507812500 SiSiSiSiGeSiGeSiGeSiGeGeGeGeGeGeGeGeGeGeGeGeGeGeGeGeGeGeSiGeGeGeGeGeGeGeSiGeGeGeGeGeGeGeGeGeGeGeGeSiGeSiGeSiGeGeSiGeSiGe
    64056.0507812500 SiSiSiSiGeSiGeSiGeSiGeGeGeGeGeGeGeGeGeGeGeGeGeGeGeGeGeGeSiGeGeGeGeGeGeGeSiGeGeGeGeGeGeGeGeGeGeGeGeSiGeSiGeSiGeGeSiGeSiGe
    64056.0507812500 SiSiSiSiGeSiGeSiGeSiGeGeGeGeGeGeGeGeGeGeGeGeGeGeGeGeGeGeSiGeGeGeGeGeGeGeSiGeGeGeGeGeGeGeGeGeGeGeGeSiGeSiGeSiGeGeSiGeSiGe
    64056.0507812500 SiSiSiSiGeSiGeSiGeSiGeGeGeGeGeGeGeGeGeGeGeGeGeGeGeGeGeGeSiGeGeGeGeGeGeGeSiGeGeGeGeGeGeGeGeGeGeGeGeSiGeSiGeSiGeGeSiGeSiGe
    64056.0507812500 SiSiSiSiGeSiGeSiGeSiGeGeGeGeGeGeGeGeGeGeGeGeGeGeGeGeGeGeSiGeGeGeGeGeGeGeSiGeGeGeGeGeGeGeGeGeGeGeGeSiGeSiGeSiGeGeSiGeSiGe
    64056.0507812500 SiSiSiSiGeSiGeSiGeSiGeGeGeGeGeGeGeGeGeGeGeGeGeGeGeGeGeGeSiGeGeGeGeGeGeGeSiGeGeGeGeGeGeGeGeGeGeGeGeSiGeSiGeSiGeGeSiGeSiGe
    64056.0507812500 SiSiSiSiGeSiGeSiGeSiGeGeGeGeGeGeGeGeGeGeGeGeGeGeGeGeGeGeSiGeGeGeGeGeGeGeSiGeGeGeGeGeGeGeGeGeGeGeGeSiGeSiGeSiGeGeSiGeSiGe
    64056.0507812500 SiSiSiSiGeSiGeSiGeSiGeGeGeGeGeGeGeGeGeGeGeGeGeGeGeGeGeGeSiGeGeGeGeGeGeGeSiGeGeGeGeGeGeGeGeGeGeGeGeSiGeSiGeSiGeGeSiGeSiGe
    64056.0507812500 SiSiSiSiGeSiGeSiGeSiGeGeGeGeGeGeGeGeGeGeGeGeGeGeGeGeGeGeSiGeGeGeGeGeGeGeSiGeGeGeGeGeGeGeGeGeGeGeGeSiGeSiGeSiGeGeSiGeSiGe
    64056.0507812500 SiSiSiSiGeSiGeSiGeSiGeGeGeGeGeGeGeGeGeGeGeGeGeGeGeGeGeGeSiGeGeGeGeGeGeGeSiGeGeGeGeGeGeGeGeGeGeGeGeSiGeSiGeSiGeGeSiGeSiGe
    64056.0507812500 SiSiSiSiGeSiGeSiGeSiGeGeGeGeGeGeGeGeGeGeGeGeGeGeGeGeGeGeSiGeGeGeGeGeGeGeSiGeGeGeGeGeGeGeGeGeGeGeGeSiGeSiGeSiGeGeSiGeSiGe
    64056.0507812500 SiSiSiSiGeSiGeSiGeSiGeGeGeGeGeGeGeGeGeGeGeGeGeGeGeGeGeGeSiGeGeGeGeGeGeGeSiGeGeGeGeGeGeGeGeGeGeGeGeSiGeSiGeSiGeGeSiGeSiGe
    64056.0507812500 SiSiSiSiGeSiGeSiGeSiGeGeGeGeGeGeGeGeGeGeGeGeGeGeGeGeGeGeSiGeGeGeGeGeGeGeSiGeGeGeGeGeGeGeGeGeGeGeGeSiGeSiGeSiGeGeSiGeSiGe
    64056.0507812500 SiSiSiSiGeSiGeSiGeSiGeGeGeGeGeGeGeGeGeGeGeGeGeGeGeGeGeGeSiGeGeGeGeGeGeGeSiGeGeGeGeGeGeGeGeGeGeGeGeSiGeSiGeSiGeGeSiGeSiGe
    64056.0507812500 SiSiSiSiGeSiGeSiGeSiGeGeGeGeGeGeGeGeGeGeGeGeGeGeGeGeGeGeSiGeGeGeGeGeGeGeSiGeGeGeGeGeGeGeGeGeGeGeGeSiGeSiGeSiGeGeSiGeSiGe
    64056.0507812500 SiSiSiSiGeSiGeSiGeSiGeGeGeGeGeGeGeGeGeGeGeGeGeGeGeGeGeGeSiGeGeGeGeGeGeGeSiGeGeGeGeGeGeGeGeGeGeGeGeSiGeSiGeSiGeGeSiGeSiGe
    64056.0507812500 SiSiSiSiGeSiGeSiGeSiGeGeGeGeGeGeGeGeGeGeGeGeGeGeGeGeGeGeSiGeGeGeGeGeGeGeSiGeGeGeGeGeGeGeGeGeGeGeGeSiGeSiGeSiGeGeSiGeSiGe
    64056.0507812500 SiSiSiSiGeSiGeSiGeSiGeGeGeGeGeGeGeGeGeGeGeGeGeGeGeGeGeGeSiGeGeGeGeGeGeGeSiGeGeGeGeGeGeGeGeGeGeGeGeSiGeSiGeSiGeGeSiGeSiGe
    64056.0507812500 SiSiSiSiGeSiGeSiGeSiGeGeGeGeGeGeGeGeGeGeGeGeGeGeGeGeGeGeSiGeGeGeGeGeGeGeSiGeGeGeGeGeGeGeGeGeGeGeGeSiGeSiGeSiGeGeSiGeSiGe
    64056.0507812500 SiSiSiSiGeSiGeSiGeSiGeGeGeGeGeGeGeGeGeGeGeGeGeGeGeGeGeGeSiGeGeGeGeGeGeGeSiGeGeGeGeGeGeGeGeGeGeGeGeSiGeSiGeSiGeGeSiGeSiGe
    64056.0507812500 SiSiSiSiGeSiGeSiGeSiGeGeGeGeGeGeGeGeGeGeGeGeGeGeGeGeGeGeSiGeGeGeGeGeGeGeSiGeGeGeGeGeGeGeGeGeGeGeGeSiGeSiGeSiGeGeSiGeSiGe
    64056.0507812500 SiSiSiSiGeSiGeSiGeSiGeGeGeGeGeGeGeGeGeGeGeGeGeGeGeGeGeGeSiGeGeGeGeGeGeGeSiGeGeGeGeGeGeGeGeGeGeGeGeSiGeSiGeSiGeGeSiGeSiGe
    64056.0507812500 SiSiSiSiGeSiGeSiGeSiGeGeGeGeGeGeGeGeGeGeGeGeGeGeGeGeGeGeSiGeGeGeGeGeGeGeSiGeGeGeGeGeGeGeGeGeGeGeGeSiGeSiGeSiGeGeSiGeSiGe
    64056.0507812500 SiSiSiSiGeSiGeSiGeSiGeGeGeGeGeGeGeGeGeGeGeGeGeGeGeGeGeGeSiGeGeGeGeGeGeGeSiGeGeGeGeGeGeGeGeGeGeGeGeSiGeSiGeSiGeGeSiGeSiGe
    64056.0507812500 SiSiSiSiGeSiGeSiGeSiGeGeGeGeGeGeGeGeGeGeGeGeGeGeGeGeGeGeSiGeGeGeGeGeGeGeSiGeGeGeGeGeGeGeGeGeGeGeGeSiGeSiGeSiGeGeSiGeSiGe
    64056.0507812500 SiSiSiSiGeSiGeSiGeSiGeGeGeGeGeGeGeGeGeGeGeGeGeGeGeGeGeGeSiGeGeGeGeGeGeGeSiGeGeGeGeGeGeGeGeGeGeGeGeSiGeSiGeSiGeGeSiGeSiGe
    64056.0507812500 SiSiSiSiGeSiGeSiGeSiGeGeGeGeGeGeGeGeGeGeGeGeGeGeGeGeGeGeSiGeGeGeGeGeGeGeSiGeGeGeGeGeGeGeGeGeGeGeGeSiGeSiGeSiGeGeSiGeSiGe
    64056.0507812500 SiSiSiSiGeSiGeSiGeSiGeGeGeGeGeGeGeGeGeGeGeGeGeGeGeGeGeGeSiGeGeGeGeGeGeGeSiGeGeGeGeGeGeGeGeGeGeGeGeSiGeSiGeSiGeGeSiGeSiGe
    64056.0507812500 SiSiSiSiGeSiGeSiGeSiGeGeGeGeGeGeGeGeGeGeGeGeGeGeGeGeGeGeSiGeGeGeGeGeGeGeSiGeGeGeGeGeGeGeGeGeGeGeGeSiGeSiGeSiGeGeSiGeSiGe
    64056.0507812500 SiSiSiSiGeSiGeSiGeSiGeGeGeGeGeGeGeGeGeGeGeGeGeGeGeGeGeGeSiGeGeGeGeGeGeGeSiGeGeGeGeGeGeGeGeGeGeGeGeSiGeSiGeSiGeGeSiGeSiGe
    64056.0507812500 SiSiSiSiGeSiGeSiGeSiGeGeGeGeGeGeGeGeGeGeGeGeGeGeGeGeGeGeSiGeGeGeGeGeGeGeSiGeGeGeGeGeGeGeGeGeGeGeGeSiGeSiGeSiGeGeSiGeSiGe
    64056.0507812500 SiSiSiSiGeSiGeSiGeSiGeGeGeGeGeGeGeGeGeGeGeGeGeGeGeGeGeGeSiGeGeGeGeGeGeGeSiGeGeGeGeGeGeGeGeGeGeGeGeSiGeSiGeSiGeGeSiGeSiGe
    64056.0507812500 SiSiSiSiGeSiGeSiGeSiGeGeGeGeGeGeGeGeGeGeGeGeGeGeGeGeGeGeSiGeGeGeGeGeGeGeSiGeGeGeGeGeGeGeGeGeGeGeGeSiGeSiGeSiGeGeSiGeSiGe
    64056.0507812500 SiSiSiSiGeSiGeSiGeSiGeGeGeGeGeGeGeGeGeGeGeGeGeGeGeGeGeGeSiGeGeGeGeGeGeGeSiGeGeGeGeGeGeGeGeGeGeGeGeSiGeSiGeSiGeGeSiGeSiGe
    64056.0507812500 SiSiSiSiGeSiGeSiGeSiGeGeGeGeGeGeGeGeGeGeGeGeGeGeGeGeGeGeSiGeGeGeGeGeGeGeSiGeGeGeGeGeGeGeGeGeGeGeGeSiGeSiGeSiGeGeSiGeSiGe
    64056.0507812500 SiSiSiSiGeSiGeSiGeSiGeGeGeGeGeGeGeGeGeGeGeGeGeGeGeGeGeGeSiGeGeGeGeGeGeGeSiGeGeGeGeGeGeGeGeGeGeGeGeSiGeSiGeSiGeGeSiGeSiGe
    64056.0507812500 SiSiSiSiGeSiGeSiGeSiGeGeGeGeGeGeGeGeGeGeGeGeGeGeGeGeGeGeSiGeGeGeGeGeGeGeSiGeGeGeGeGeGeGeGeGeGeGeGeSiGeSiGeSiGeGeSiGeSiGe
    64056.0507812500 SiSiSiSiGeSiGeSiGeSiGeGeGeGeGeGeGeGeGeGeGeGeGeGeGeGeGeGeSiGeGeGeGeGeGeGeSiGeGeGeGeGeGeGeGeGeGeGeGeSiGeSiGeSiGeGeSiGeSiGe
    64056.0507812500 SiSiSiSiGeSiGeSiGeSiGeGeGeGeGeGeGeGeGeGeGeGeGeGeGeGeGeGeSiGeGeGeGeGeGeGeSiGeGeGeGeGeGeGeGeGeGeGeGeSiGeSiGeSiGeGeSiGeSiGe
    64056.0507812500 SiSiSiSiGeSiGeSiGeSiGeGeGeGeGeGeGeGeGeGeGeGeGeGeGeGeGeGeSiGeGeGeGeGeGeGeSiGeGeGeGeGeGeGeGeGeGeGeGeSiGeSiGeSiGeGeSiGeSiGe
    64056.0507812500 SiSiSiSiGeSiGeSiGeSiGeGeGeGeGeGeGeGeGeGeGeGeGeGeGeGeGeGeSiGeGeGeGeGeGeGeSiGeGeGeGeGeGeGeGeGeGeGeGeSiGeSiGeSiGeGeSiGeSiGe
    64056.0507812500 SiSiSiSiGeSiGeSiGeSiGeGeGeGeGeGeGeGeGeGeGeGeGeGeGeGeGeGeSiGeGeGeGeGeGeGeSiGeGeGeGeGeGeGeGeGeGeGeGeSiGeSiGeSiGeGeSiGeSiGe
    64056.0507812500 SiSiSiSiGeSiGeSiGeSiGeGeGeGeGeGeGeGeGeGeGeGeGeGeGeGeGeGeSiGeGeGeGeGeGeGeSiGeGeGeGeGeGeGeGeGeGeGeGeSiGeSiGeSiGeGeSiGeSiGe
    64056.0507812500 SiSiSiSiGeSiGeSiGeSiGeGeGeGeGeGeGeGeGeGeGeGeGeGeGeGeGeGeSiGeGeGeGeGeGeGeSiGeGeGeGeGeGeGeGeGeGeGeGeSiGeSiGeSiGeGeSiGeSiGe
    64056.0507812500 SiSiSiSiGeSiGeSiGeSiGeGeGeGeGeGeGeGeGeGeGeGeGeGeGeGeGeGeSiGeGeGeGeGeGeGeSiGeGeGeGeGeGeGeGeGeGeGeGeSiGeSiGeSiGeGeSiGeSiGe
    64056.0507812500 SiSiSiSiGeSiGeSiGeSiGeGeGeGeGeGeGeGeGeGeGeGeGeGeGeGeGeGeSiGeGeGeGeGeGeGeSiGeGeGeGeGeGeGeGeGeGeGeGeSiGeSiGeSiGeGeSiGeSiGe
    64056.0507812500 SiSiSiSiGeSiGeSiGeSiGeGeGeGeGeGeGeGeGeGeGeGeGeGeGeGeGeGeSiGeGeGeGeGeGeGeSiGeGeGeGeGeGeGeGeGeGeGeGeSiGeSiGeSiGeGeSiGeSiGe
    64056.0507812500 SiSiSiSiGeSiGeSiGeSiGeGeGeGeGeGeGeGeGeGeGeGeGeGeGeGeGeGeSiGeGeGeGeGeGeGeSiGeGeGeGeGeGeGeGeGeGeGeGeSiGeSiGeSiGeGeSiGeSiGe
filename: c000001143710327.gin     
Cell:
    11.9020996    11.9020996    29.6919994    90.0000000    90.0000000   120.0000000
Box:
    11.9020996    -5.9510503     0.0000000
     0.0000000    10.3075209     0.0000000
     0.0000000     0.0000000    29.6919994
----------------------------------------
Inverse Box:
     0.0840188     0.0485083     0.0000000
     0.0000000     0.0970165     0.0000000
     0.0000000     0.0000000     0.0336791
----------------------------------------
==============================================
geometrical properties of  46 Ge:
 Configuration:           0
 D_ave:   9.09907627       3.56978154    
 D_min:   3.01982093       2.31509171E-02
 energia:   64056.0508    
