Random Seed:  1055660376
Number of atoms:    60
Space Group:    1
Cell:
    11.9020996    11.9020996    29.6919994    90.0000000    90.0000000   120.0000000
Box:
    11.9020996    -5.9510503     0.0000000
     0.0000000    10.3075209     0.0000000
     0.0000000     0.0000000    29.6919994
----------------------------------------
Inverse Box:
     0.0840188     0.0485083     0.0000000
     0.0000000     0.0970165     0.0000000
     0.0000000     0.0000000     0.0336791
----------------------------------------
GeSiSiSiSiSiSiSiSiSiSiSiSiSiSiSiSiSiSiSiSiSiSiSiSiSiSiSiSiSiSiSiSiSiSiSiSiSiSiSiSiSiSiSiSiSiSiSiSiSiSiSiSiGeSiSiSiSiSiSi
           1 Ge    -7732.97363    
GeGeSiSiSiSiSiSiSiSiSiSiSiSiSiSiSiSiSiSiSiSiSiSiSiSiSiSiSiSiSiSiSiSiSiSiSiSiSiSiSiSiSiSiSiSiSiSiSiSiSiSiSiGeSiSiSiSiSiSi
           2 Ge    -7726.94922    
GeGeGeSiSiSiSiSiSiSiSiSiSiSiSiSiSiSiSiSiSiSiSiSiSiSiSiSiSiSiSiSiSiSiSiSiSiSiSiSiSiSiSiSiSiSiSiSiSiSiSiSiSiGeSiSiSiSiSiSi
           3 Ge    -7727.71875    
GeGeGeGeSiSiSiSiSiSiSiSiSiSiSiSiSiSiSiSiSiSiSiSiSiSiSiSiSiSiSiSiSiSiSiSiSiSiSiSiSiSiSiSiSiSiSiSiSiSiSiSiSiGeSiSiSiSiSiSi
           4 Ge    -7765.55908    
GeGeGeGeGeSiSiSiSiSiSiSiSiSiSiSiSiSiSiSiSiSiSiSiSiSiSiSiSiSiSiSiSiSiSiSiSiSiSiSiSiSiSiSiSiSiSiSiSiSiSiSiSiGeSiSiSiSiSiSi
           5 Ge    -7828.46533    
GeGeGeGeGeSiGeSiSiSiSiSiSiSiSiSiSiSiSiSiSiSiSiSiSiSiSiSiSiSiSiSiSiSiSiSiSiSiSiSiSiSiSiSiSiSiSiSiSiSiSiSiSiGeSiSiSiSiSiSi
           7 Ge    -7923.07373    
GeGeGeGeGeSiGeGeSiSiSiSiSiSiSiSiSiSiSiSiSiSiSiSiSiSiSiSiSiSiSiSiSiSiSiSiSiSiSiSiSiSiSiSiSiSiSiSiSiSiSiSiSiGeSiSiSiSiSiSi
           8 Ge    -8100.50879    
GeGeGeGeGeSiGeGeSiSiSiGeSiSiSiSiSiSiSiSiSiSiSiSiSiSiSiSiSiSiSiSiSiSiSiSiSiSiSiSiSiSiSiSiSiSiSiSiSiSiSiSiSiGeSiSiSiSiSiSi
          12 Ge    -8379.52930    
GeGeGeGeGeSiGeGeSiSiSiGeSiGeSiSiSiSiSiSiSiSiSiSiSiSiSiSiSiSiSiSiSiSiSiSiSiSiSiSiSiSiSiSiSiSiSiSiSiSiSiSiSiGeSiSiSiSiSiSi
          14 Ge    -8731.12793    
GeGeGeGeGeSiGeGeSiSiSiGeSiGeSiGeSiSiSiSiSiSiSiSiSiSiSiSiSiSiSiSiSiSiSiSiSiSiSiSiSiSiSiSiSiSiSiSiSiSiSiSiSiGeSiSiSiSiSiSi
          16 Ge    -9136.00391    
GeGeGeGeGeSiGeGeSiSiSiGeSiGeSiGeSiSiSiSiSiSiSiSiSiGeSiSiSiSiSiSiSiSiSiSiSiSiSiSiSiSiSiSiSiSiSiSiSiSiSiSiSiGeSiSiSiSiSiSi
          26 Ge    -9594.68066    
GeGeGeGeGeSiGeGeSiSiSiGeSiGeSiGeSiSiSiSiSiSiSiSiSiGeSiSiSiGeSiSiSiSiSiSiSiSiSiSiSiSiSiSiSiSiSiSiSiSiSiSiSiGeSiSiSiSiSiSi
          30 Ge    -9172.58691    
GeGeGeGeGeSiGeGeSiSiSiGeSiGeSiGeSiSiSiSiSiSiSiSiSiGeSiSiSiGeSiSiGeSiSiSiSiSiSiSiSiSiSiSiSiSiSiSiSiSiSiSiSiGeSiSiSiSiSiSi
          33 Ge    -9752.70703    
GeGeGeGeGeSiGeGeSiSiSiGeSiGeSiGeSiSiSiSiSiSiSiSiSiGeSiSiSiGeSiSiGeSiSiGeSiSiSiSiSiSiSiSiSiSiSiSiSiSiSiSiSiGeSiSiSiSiSiSi
          36 Ge    -9530.42090    
GeGeGeGeGeSiGeGeSiSiSiGeSiGeSiGeSiSiSiSiSiSiSiSiSiGeSiSiSiGeSiSiGeSiSiGeSiSiGeSiSiSiSiSiSiSiSiSiSiSiSiSiSiGeSiSiSiSiSiSi
          39 Ge    -10229.8252    
GeGeGeGeGeSiGeGeSiSiSiGeSiGeSiGeSiSiSiSiSiSiSiSiSiGeSiSiSiGeSiSiGeSiSiGeSiSiGeGeSiSiSiSiSiSiSiSiSiSiSiSiSiGeSiSiSiSiSiSi
          40 Ge    -10386.1094    
GeGeGeGeGeSiGeGeSiSiSiGeSiGeSiGeSiSiSiSiSiSiSiSiSiGeSiSiSiGeSiSiGeSiSiGeSiSiGeGeGeSiSiSiSiSiSiSiSiSiSiSiSiGeSiSiSiSiSiSi
          41 Ge    -11197.1641    
GeGeGeGeGeSiGeGeSiSiSiGeSiGeSiGeSiSiSiSiSiSiSiSiSiGeSiSiSiGeSiSiGeSiSiGeSiSiGeGeGeGeSiSiSiSiSiSiSiSiSiSiSiGeSiSiSiSiSiSi
          42 Ge    -8961.73438    
GeGeGeGeGeSiGeGeSiSiSiGeSiGeSiGeSiSiSiSiSiSiSiSiSiGeSiSiSiGeSiSiGeSiSiGeSiSiGeGeGeGeSiSiGeSiSiSiSiSiSiSiSiGeSiSiSiSiSiSi
          45 Ge    -9510.62891    
GeGeGeGeGeSiGeGeSiSiSiGeSiGeSiGeSiSiSiSiSiSiSiSiSiGeSiSiSiGeSiSiGeSiSiGeSiSiGeGeGeGeSiSiGeGeSiSiSiSiSiSiSiGeSiSiSiSiSiSi
          46 Ge    -10037.2598    
GeGeGeGeGeSiGeGeSiSiSiGeSiGeSiGeSiSiSiSiSiSiSiSiSiGeSiSiSiGeSiSiGeSiSiGeSiSiGeGeGeGeSiSiGeGeSiSiSiSiSiSiSiGeSiSiGeSiSiSi
          57 Ge    -11091.7617    
GeGeGeGeGeGeGeGeSiSiSiGeSiGeSiGeSiSiSiSiSiSiSiSiSiGeSiSiSiGeSiSiGeSiSiGeSiSiGeGeGeGeSiSiGeGeSiSiSiSiSiSiSiGeSiSiGeSiSiSi
           6 Ge    -8417.36719    
GeGeGeGeGeGeGeGeSiSiGeGeSiGeSiGeSiSiSiSiSiSiSiSiSiGeSiSiSiGeSiSiGeSiSiGeSiSiGeGeGeGeSiSiGeGeSiSiSiSiSiSiSiGeSiSiGeSiSiSi
          11 Ge    -8322.58594    
GeGeGeGeGeGeGeGeSiSiGeGeGeGeSiGeSiSiSiSiSiSiSiSiSiGeSiSiSiGeSiSiGeSiSiGeSiSiGeGeGeGeSiSiGeGeSiSiSiSiSiSiSiGeSiSiGeSiSiSi
          13 Ge    -7259.27100    
GeGeGeGeGeGeGeGeSiSiGeGeGeGeGeGeSiSiSiSiSiSiSiSiSiGeSiSiSiGeSiSiGeSiSiGeSiSiGeGeGeGeSiSiGeGeSiSiSiSiSiSiSiGeSiSiGeSiSiSi
          15 Ge    -6898.73242    
GeGeGeGeGeGeGeGeSiSiGeGeGeGeGeGeSiGeSiSiSiSiSiSiSiGeSiSiSiGeSiSiGeSiSiGeSiSiGeGeGeGeSiSiGeGeSiSiSiSiSiSiSiGeSiSiGeSiSiSi
          18 Ge    -2276.50537    
GeGeGeGeGeGeGeGeSiSiGeGeGeGeGeGeSiGeSiSiSiSiGeSiSiGeSiSiSiGeSiSiGeSiSiGeSiSiGeGeGeGeSiSiGeGeSiSiSiSiSiSiSiGeSiSiGeSiSiSi
          23 Ge     1024.06934    
GeGeGeGeGeGeGeGeSiSiGeGeGeGeGeGeSiGeSiSiSiSiGeGeSiGeSiSiSiGeSiSiGeSiSiGeSiSiGeGeGeGeSiSiGeGeSiSiSiSiSiSiSiGeSiSiGeSiSiSi
          24 Ge     10592.4473    
GeGeGeGeGeGeGeGeSiSiGeGeGeGeGeGeSiGeSiSiSiSiGeGeSiGeSiGeSiGeSiSiGeSiSiGeSiSiGeGeGeGeSiSiGeGeSiSiSiSiSiSiSiGeSiSiGeSiSiSi
          28 Ge     13826.2324    
GeGeGeGeGeGeGeGeSiSiGeGeGeGeGeGeSiGeSiSiSiSiGeGeSiGeSiGeSiGeSiSiGeSiSiGeSiSiGeGeGeGeSiGeGeGeSiSiSiSiSiSiSiGeSiSiGeSiSiSi
          44 Ge     17006.0391    
GeGeGeGeGeGeGeGeSiSiGeGeGeGeGeGeSiGeSiSiSiSiGeGeSiGeSiGeSiGeSiSiGeSiSiGeSiSiGeGeGeGeSiGeGeGeSiSiSiSiGeSiSiGeSiSiGeSiSiSi
          51 Ge     15449.0127    
GeGeGeGeGeGeGeGeSiSiGeGeGeGeGeGeSiGeSiSiSiSiGeGeSiGeSiGeSiGeSiSiGeSiSiGeSiSiGeGeGeGeSiGeGeGeSiSiSiSiGeSiSiGeSiSiGeGeSiSi
          58 Ge     16681.7773    
GeGeGeGeGeGeGeGeGeSiGeGeGeGeGeGeSiGeSiSiSiSiGeGeSiGeSiGeSiGeSiSiGeSiSiGeSiSiGeGeGeGeSiGeGeGeSiSiSiSiGeSiSiGeSiSiGeGeSiSi
           9 Ge     19394.4688    
GeGeGeGeGeGeGeGeGeGeGeGeGeGeGeGeSiGeSiSiSiSiGeGeSiGeSiGeSiGeSiSiGeSiSiGeSiSiGeGeGeGeSiGeGeGeSiSiSiSiGeSiSiGeSiSiGeGeSiSi
          10 Ge     28060.1484    
GeGeGeGeGeGeGeGeGeGeGeGeGeGeGeGeGeGeSiSiSiSiGeGeSiGeSiGeSiGeSiSiGeSiSiGeSiSiGeGeGeGeSiGeGeGeSiSiSiSiGeSiSiGeSiSiGeGeSiSi
          17 Ge     37402.9102    
GeGeGeGeGeGeGeGeGeGeGeGeGeGeGeGeGeGeSiSiGeSiGeGeSiGeSiGeSiGeSiSiGeSiSiGeSiSiGeGeGeGeSiGeGeGeSiSiSiSiGeSiSiGeSiSiGeGeSiSi
          21 Ge     49795.4648    
GeGeGeGeGeGeGeGeGeGeGeGeGeGeGeGeGeGeSiSiGeSiGeGeSiGeSiGeSiGeGeSiGeSiSiGeSiSiGeGeGeGeSiGeGeGeSiSiSiSiGeSiSiGeSiSiGeGeSiSi
          31 Ge     54739.9727    
GeGeGeGeGeGeGeGeGeGeGeGeGeGeGeGeGeGeSiSiGeSiGeGeSiGeSiGeSiGeGeGeGeSiSiGeSiSiGeGeGeGeSiGeGeGeSiSiSiSiGeSiSiGeSiSiGeGeSiSi
          32 Ge     62135.2930    
GeGeGeGeGeGeGeGeGeGeGeGeGeGeGeGeGeGeSiSiGeSiGeGeSiGeSiGeSiGeGeGeGeSiSiGeSiSiGeGeGeGeSiGeGeGeSiSiGeSiGeSiSiGeSiSiGeGeSiSi
          49 Ge     72898.9375    
GeGeGeGeGeGeGeGeGeGeGeGeGeGeGeGeGeGeSiSiGeSiGeGeSiGeSiGeSiGeGeGeGeSiSiGeSiSiGeGeGeGeSiGeGeGeSiSiGeGeGeSiSiGeSiSiGeGeSiSi
          50 Ge     77008.5781    
GeGeGeGeGeGeGeGeGeGeGeGeGeGeGeGeGeGeSiSiGeSiGeGeSiGeSiGeSiGeGeGeGeSiSiGeSiSiGeGeGeGeSiGeGeGeSiSiGeGeGeSiSiGeGeSiGeGeSiSi
          55 Ge     82112.7969    
GeGeGeGeGeGeGeGeGeGeGeGeGeGeGeGeGeGeSiSiGeGeGeGeSiGeSiGeSiGeGeGeGeSiSiGeSiSiGeGeGeGeSiGeGeGeSiSiGeGeGeSiSiGeGeSiGeGeSiSi
          22 Ge     94993.7812    
GeGeGeGeGeGeGeGeGeGeGeGeGeGeGeGeGeGeSiSiGeGeGeGeGeGeSiGeSiGeGeGeGeSiSiGeSiSiGeGeGeGeSiGeGeGeSiSiGeGeGeSiSiGeGeSiGeGeSiSi
          25 Ge     104762.297    
GeGeGeGeGeGeGeGeGeGeGeGeGeGeGeGeGeGeSiSiGeGeGeGeGeGeGeGeSiGeGeGeGeSiSiGeSiSiGeGeGeGeSiGeGeGeSiSiGeGeGeSiSiGeGeSiGeGeSiSi
          27 Ge     115582.188    
GeGeGeGeGeGeGeGeGeGeGeGeGeGeGeGeGeGeSiSiGeGeGeGeGeGeGeGeSiGeGeGeGeSiSiGeGeSiGeGeGeGeSiGeGeGeSiSiGeGeGeSiSiGeGeSiGeGeSiSi
          37 Ge     132611.719    
GeGeGeGeGeGeGeGeGeGeGeGeGeGeGeGeGeGeSiSiGeGeGeGeGeGeGeGeSiGeGeGeGeSiSiGeGeSiGeGeGeGeSiGeGeGeSiSiGeGeGeSiSiGeGeGeGeGeSiSi
          56 Ge     150657.281    
GeGeGeGeGeGeGeGeGeGeGeGeGeGeGeGeGeGeSiSiGeGeGeGeGeGeGeGeGeGeGeGeGeSiSiGeGeSiGeGeGeGeSiGeGeGeSiSiGeGeGeSiSiGeGeGeGeGeSiSi
          29 Ge     171031.844    
==============================================
MonteCarlo: Metropolis with identity changes
Si > Ge, Ge > Si. STOP when occurrence <    0.00000
==============================================
Cost_function     Occurrence %     Scan-Cost
   116796.9921875000 GeGeGeGeGeSiGeGeSiSiSiGeGeGeGeGeGeGeGeSiGeGeGeSiGeGeGeGeGeGeGeGeGeGeGeGeSiGeGeGeGeGeGeGeGeSiGeGeGeGeSiGeGeGeGeGeSiGeSiSi
   116796.9921875000 GeGeGeGeGeSiGeGeSiSiSiGeGeGeGeGeGeGeGeSiGeGeGeSiGeGeGeGeGeGeGeGeGeGeGeGeSiGeGeGeGeGeGeGeGeSiGeGeGeGeSiGeGeGeGeGeSiGeSiSi
   116796.9921875000 GeGeGeGeGeSiGeGeSiSiSiGeGeGeGeGeGeGeGeSiGeGeGeSiGeGeGeGeGeGeGeGeGeGeGeGeSiGeGeGeGeGeGeGeGeSiGeGeGeGeSiGeGeGeGeGeSiGeSiSi
   116796.9921875000 GeGeGeGeGeSiGeGeSiSiSiGeGeGeGeGeGeGeGeSiGeGeGeSiGeGeGeGeGeGeGeGeGeGeGeGeSiGeGeGeGeGeGeGeGeSiGeGeGeGeSiGeGeGeGeGeSiGeSiSi
   106917.6015625000 GeGeGeGeGeSiGeGeSiSiSiGeGeGeGeGeGeGeGeGeGeGeGeSiGeGeGeSiGeSiGeGeGeGeGeGeGeGeGeGeGeGeGeSiGeSiGeGeGeGeGeGeGeGeGeGeSiGeSiSi
   103891.8593750000 GeGeGeGeGeGeGeGeSiSiSiGeGeGeGeGeGeGeGeGeGeGeGeSiGeGeGeGeGeSiGeGeGeGeGeGeSiGeGeGeGeGeGeSiGeSiGeGeGeGeGeGeGeGeSiGeSiGeSiSi
   103891.8593750000 GeGeGeGeGeGeGeGeSiSiSiGeGeGeGeGeGeGeGeGeGeGeGeSiGeGeGeGeGeSiGeGeGeGeGeGeSiGeGeGeGeGeGeSiGeSiGeGeGeGeGeGeGeGeSiGeSiGeSiSi
   103891.8593750000 GeGeGeGeGeGeGeGeSiSiSiGeGeGeGeGeGeGeGeGeGeGeGeSiGeGeGeGeGeSiGeGeGeGeGeGeSiGeGeGeGeGeGeSiGeSiGeGeGeGeGeGeGeGeSiGeSiGeSiSi
   103891.8593750000 GeGeGeGeGeGeGeGeSiSiSiGeGeGeGeGeGeGeGeGeGeGeGeSiGeGeGeGeGeSiGeGeGeGeGeGeSiGeGeGeGeGeGeSiGeSiGeGeGeGeGeGeGeGeSiGeSiGeSiSi
   103891.8593750000 GeGeGeGeGeGeGeGeSiSiSiGeGeGeGeGeGeGeGeGeGeGeGeSiGeGeGeGeGeSiGeGeGeGeGeGeSiGeGeGeGeGeGeSiGeSiGeGeGeGeGeGeGeGeSiGeSiGeSiSi
   103891.8593750000 GeGeGeGeGeGeGeGeSiSiSiGeGeGeGeGeGeGeGeGeGeGeGeSiGeGeGeGeGeSiGeGeGeGeGeGeSiGeGeGeGeGeGeSiGeSiGeGeGeGeGeGeGeGeSiGeSiGeSiSi
   103891.8593750000 GeGeGeGeGeGeGeGeSiSiSiGeGeGeGeGeGeGeGeGeGeGeGeSiGeGeGeGeGeSiGeGeGeGeGeGeSiGeGeGeGeGeGeSiGeSiGeGeGeGeGeGeGeGeSiGeSiGeSiSi
   103891.8593750000 GeGeGeGeGeGeGeGeSiSiSiGeGeGeGeGeGeGeGeGeGeGeGeSiGeGeGeGeGeSiGeGeGeGeGeGeSiGeGeGeGeGeGeSiGeSiGeGeGeGeGeGeGeGeSiGeSiGeSiSi
   103891.8593750000 GeGeGeGeGeGeGeGeSiSiSiGeGeGeGeGeGeGeGeGeGeGeGeSiGeGeGeGeGeSiGeGeGeGeGeGeSiGeGeGeGeGeGeSiGeSiGeGeGeGeGeGeGeGeSiGeSiGeSiSi
   103891.8593750000 GeGeGeGeGeGeGeGeSiSiSiGeGeGeGeGeGeGeGeGeGeGeGeSiGeGeGeGeGeSiGeGeGeGeGeGeSiGeGeGeGeGeGeSiGeSiGeGeGeGeGeGeGeGeSiGeSiGeSiSi
   103891.8593750000 GeGeGeGeGeGeGeGeSiSiSiGeGeGeGeGeGeGeGeGeGeGeGeSiGeGeGeGeGeSiGeGeGeGeGeGeSiGeGeGeGeGeGeSiGeSiGeGeGeGeGeGeGeGeSiGeSiGeSiSi
   103891.8593750000 GeGeGeGeGeGeGeGeSiSiSiGeGeGeGeGeGeGeGeGeGeGeGeSiGeGeGeGeGeSiGeGeGeGeGeGeSiGeGeGeGeGeGeSiGeSiGeGeGeGeGeGeGeGeSiGeSiGeSiSi
   103891.8593750000 GeGeGeGeGeGeGeGeSiSiSiGeGeGeGeGeGeGeGeGeGeGeGeSiGeGeGeGeGeSiGeGeGeGeGeGeSiGeGeGeGeGeGeSiGeSiGeGeGeGeGeGeGeGeSiGeSiGeSiSi
   103891.8593750000 GeGeGeGeGeGeGeGeSiSiSiGeGeGeGeGeGeGeGeGeGeGeGeSiGeGeGeGeGeSiGeGeGeGeGeGeSiGeGeGeGeGeGeSiGeSiGeGeGeGeGeGeGeGeSiGeSiGeSiSi
   103891.8593750000 GeGeGeGeGeGeGeGeSiSiSiGeGeGeGeGeGeGeGeGeGeGeGeSiGeGeGeGeGeSiGeGeGeGeGeGeSiGeGeGeGeGeGeSiGeSiGeGeGeGeGeGeGeGeSiGeSiGeSiSi
   103891.8593750000 GeGeGeGeGeGeGeGeSiSiSiGeGeGeGeGeGeGeGeGeGeGeGeSiGeGeGeGeGeSiGeGeGeGeGeGeSiGeGeGeGeGeGeSiGeSiGeGeGeGeGeGeGeGeSiGeSiGeSiSi
   103891.8593750000 GeGeGeGeGeGeGeGeSiSiSiGeGeGeGeGeGeGeGeGeGeGeGeSiGeGeGeGeGeSiGeGeGeGeGeGeSiGeGeGeGeGeGeSiGeSiGeGeGeGeGeGeGeGeSiGeSiGeSiSi
   103891.8593750000 GeGeGeGeGeGeGeGeSiSiSiGeGeGeGeGeGeGeGeGeGeGeGeSiGeGeGeGeGeSiGeGeGeGeGeGeSiGeGeGeGeGeGeSiGeSiGeGeGeGeGeGeGeGeSiGeSiGeSiSi
   103891.8593750000 GeGeGeGeGeGeGeGeSiSiSiGeGeGeGeGeGeGeGeGeGeGeGeSiGeGeGeGeGeSiGeGeGeGeGeGeSiGeGeGeGeGeGeSiGeSiGeGeGeGeGeGeGeGeSiGeSiGeSiSi
   103891.8593750000 GeGeGeGeGeGeGeGeSiSiSiGeGeGeGeGeGeGeGeGeGeGeGeSiGeGeGeGeGeSiGeGeGeGeGeGeSiGeGeGeGeGeGeSiGeSiGeGeGeGeGeGeGeGeSiGeSiGeSiSi
   103891.8593750000 GeGeGeGeGeGeGeGeSiSiSiGeGeGeGeGeGeGeGeGeGeGeGeSiGeGeGeGeGeSiGeGeGeGeGeGeSiGeGeGeGeGeGeSiGeSiGeGeGeGeGeGeGeGeSiGeSiGeSiSi
   103891.8593750000 GeGeGeGeGeGeGeGeSiSiSiGeGeGeGeGeGeGeGeGeGeGeGeSiGeGeGeGeGeSiGeGeGeGeGeGeSiGeGeGeGeGeGeSiGeSiGeGeGeGeGeGeGeGeSiGeSiGeSiSi
   103891.8593750000 GeGeGeGeGeGeGeGeSiSiSiGeGeGeGeGeGeGeGeGeGeGeGeSiGeGeGeGeGeSiGeGeGeGeGeGeSiGeGeGeGeGeGeSiGeSiGeGeGeGeGeGeGeGeSiGeSiGeSiSi
   103891.8593750000 GeGeGeGeGeGeGeGeSiSiSiGeGeGeGeGeGeGeGeGeGeGeGeSiGeGeGeGeGeSiGeGeGeGeGeGeSiGeGeGeGeGeGeSiGeSiGeGeGeGeGeGeGeGeSiGeSiGeSiSi
   103891.8593750000 GeGeGeGeGeGeGeGeSiSiSiGeGeGeGeGeGeGeGeGeGeGeGeSiGeGeGeGeGeSiGeGeGeGeGeGeSiGeGeGeGeGeGeSiGeSiGeGeGeGeGeGeGeGeSiGeSiGeSiSi
   103891.8593750000 GeGeGeGeGeGeGeGeSiSiSiGeGeGeGeGeGeGeGeGeGeGeGeSiGeGeGeGeGeSiGeGeGeGeGeGeSiGeGeGeGeGeGeSiGeSiGeGeGeGeGeGeGeGeSiGeSiGeSiSi
   103891.8593750000 GeGeGeGeGeGeGeGeSiSiSiGeGeGeGeGeGeGeGeGeGeGeGeSiGeGeGeGeGeSiGeGeGeGeGeGeSiGeGeGeGeGeGeSiGeSiGeGeGeGeGeGeGeGeSiGeSiGeSiSi
   103891.8593750000 GeGeGeGeGeGeGeGeSiSiSiGeGeGeGeGeGeGeGeGeGeGeGeSiGeGeGeGeGeSiGeGeGeGeGeGeSiGeGeGeGeGeGeSiGeSiGeGeGeGeGeGeGeGeSiGeSiGeSiSi
   103891.8593750000 GeGeGeGeGeGeGeGeSiSiSiGeGeGeGeGeGeGeGeGeGeGeGeSiGeGeGeGeGeSiGeGeGeGeGeGeSiGeGeGeGeGeGeSiGeSiGeGeGeGeGeGeGeGeSiGeSiGeSiSi
   103891.8593750000 GeGeGeGeGeGeGeGeSiSiSiGeGeGeGeGeGeGeGeGeGeGeGeSiGeGeGeGeGeSiGeGeGeGeGeGeSiGeGeGeGeGeGeSiGeSiGeGeGeGeGeGeGeGeSiGeSiGeSiSi
   103891.8593750000 GeGeGeGeGeGeGeGeSiSiSiGeGeGeGeGeGeGeGeGeGeGeGeSiGeGeGeGeGeSiGeGeGeGeGeGeSiGeGeGeGeGeGeSiGeSiGeGeGeGeGeGeGeGeSiGeSiGeSiSi
   103891.8593750000 GeGeGeGeGeGeGeGeSiSiSiGeGeGeGeGeGeGeGeGeGeGeGeSiGeGeGeGeGeSiGeGeGeGeGeGeSiGeGeGeGeGeGeSiGeSiGeGeGeGeGeGeGeGeSiGeSiGeSiSi
   103891.8593750000 GeGeGeGeGeGeGeGeSiSiSiGeGeGeGeGeGeGeGeGeGeGeGeSiGeGeGeGeGeSiGeGeGeGeGeGeSiGeGeGeGeGeGeSiGeSiGeGeGeGeGeGeGeGeSiGeSiGeSiSi
   103891.8593750000 GeGeGeGeGeGeGeGeSiSiSiGeGeGeGeGeGeGeGeGeGeGeGeSiGeGeGeGeGeSiGeGeGeGeGeGeSiGeGeGeGeGeGeSiGeSiGeGeGeGeGeGeGeGeSiGeSiGeSiSi
   103891.8593750000 GeGeGeGeGeGeGeGeSiSiSiGeGeGeGeGeGeGeGeGeGeGeGeSiGeGeGeGeGeSiGeGeGeGeGeGeSiGeGeGeGeGeGeSiGeSiGeGeGeGeGeGeGeGeSiGeSiGeSiSi
   103891.8593750000 GeGeGeGeGeGeGeGeSiSiSiGeGeGeGeGeGeGeGeGeGeGeGeSiGeGeGeGeGeSiGeGeGeGeGeGeSiGeGeGeGeGeGeSiGeSiGeGeGeGeGeGeGeGeSiGeSiGeSiSi
   103891.8593750000 GeGeGeGeGeGeGeGeSiSiSiGeGeGeGeGeGeGeGeGeGeGeGeSiGeGeGeGeGeSiGeGeGeGeGeGeSiGeGeGeGeGeGeSiGeSiGeGeGeGeGeGeGeGeSiGeSiGeSiSi
   103891.8593750000 GeGeGeGeGeGeGeGeSiSiSiGeGeGeGeGeGeGeGeGeGeGeGeSiGeGeGeGeGeSiGeGeGeGeGeGeSiGeGeGeGeGeGeSiGeSiGeGeGeGeGeGeGeGeSiGeSiGeSiSi
   103891.8593750000 GeGeGeGeGeGeGeGeSiSiSiGeGeGeGeGeGeGeGeGeGeGeGeSiGeGeGeGeGeSiGeGeGeGeGeGeSiGeGeGeGeGeGeSiGeSiGeGeGeGeGeGeGeGeSiGeSiGeSiSi
   103891.8593750000 GeGeGeGeGeGeGeGeSiSiSiGeGeGeGeGeGeGeGeGeGeGeGeSiGeGeGeGeGeSiGeGeGeGeGeGeSiGeGeGeGeGeGeSiGeSiGeGeGeGeGeGeGeGeSiGeSiGeSiSi
   103891.8593750000 GeGeGeGeGeGeGeGeSiSiSiGeGeGeGeGeGeGeGeGeGeGeGeSiGeGeGeGeGeSiGeGeGeGeGeGeSiGeGeGeGeGeGeSiGeSiGeGeGeGeGeGeGeGeSiGeSiGeSiSi
   103891.8593750000 GeGeGeGeGeGeGeGeSiSiSiGeGeGeGeGeGeGeGeGeGeGeGeSiGeGeGeGeGeSiGeGeGeGeGeGeSiGeGeGeGeGeGeSiGeSiGeGeGeGeGeGeGeGeSiGeSiGeSiSi
   103891.8593750000 GeGeGeGeGeGeGeGeSiSiSiGeGeGeGeGeGeGeGeGeGeGeGeSiGeGeGeGeGeSiGeGeGeGeGeGeSiGeGeGeGeGeGeSiGeSiGeGeGeGeGeGeGeGeSiGeSiGeSiSi
   103891.8593750000 GeGeGeGeGeGeGeGeSiSiSiGeGeGeGeGeGeGeGeGeGeGeGeSiGeGeGeGeGeSiGeGeGeGeGeGeSiGeGeGeGeGeGeSiGeSiGeGeGeGeGeGeGeGeSiGeSiGeSiSi
   103891.8593750000 GeGeGeGeGeGeGeGeSiSiSiGeGeGeGeGeGeGeGeGeGeGeGeSiGeGeGeGeGeSiGeGeGeGeGeGeSiGeGeGeGeGeGeSiGeSiGeGeGeGeGeGeGeGeSiGeSiGeSiSi
   103891.8593750000 GeGeGeGeGeGeGeGeSiSiSiGeGeGeGeGeGeGeGeGeGeGeGeSiGeGeGeGeGeSiGeGeGeGeGeGeSiGeGeGeGeGeGeSiGeSiGeGeGeGeGeGeGeGeSiGeSiGeSiSi
   103891.8593750000 GeGeGeGeGeGeGeGeSiSiSiGeGeGeGeGeGeGeGeGeGeGeGeSiGeGeGeGeGeSiGeGeGeGeGeGeSiGeGeGeGeGeGeSiGeSiGeGeGeGeGeGeGeGeSiGeSiGeSiSi
   103891.8593750000 GeGeGeGeGeGeGeGeSiSiSiGeGeGeGeGeGeGeGeGeGeGeGeSiGeGeGeGeGeSiGeGeGeGeGeGeSiGeGeGeGeGeGeSiGeSiGeGeGeGeGeGeGeGeSiGeSiGeSiSi
   103891.8593750000 GeGeGeGeGeGeGeGeSiSiSiGeGeGeGeGeGeGeGeGeGeGeGeSiGeGeGeGeGeSiGeGeGeGeGeGeSiGeGeGeGeGeGeSiGeSiGeGeGeGeGeGeGeGeSiGeSiGeSiSi
   103891.8593750000 GeGeGeGeGeGeGeGeSiSiSiGeGeGeGeGeGeGeGeGeGeGeGeSiGeGeGeGeGeSiGeGeGeGeGeGeSiGeGeGeGeGeGeSiGeSiGeGeGeGeGeGeGeGeSiGeSiGeSiSi
   103891.8593750000 GeGeGeGeGeGeGeGeSiSiSiGeGeGeGeGeGeGeGeGeGeGeGeSiGeGeGeGeGeSiGeGeGeGeGeGeSiGeGeGeGeGeGeSiGeSiGeGeGeGeGeGeGeGeSiGeSiGeSiSi
   103891.8593750000 GeGeGeGeGeGeGeGeSiSiSiGeGeGeGeGeGeGeGeGeGeGeGeSiGeGeGeGeGeSiGeGeGeGeGeGeSiGeGeGeGeGeGeSiGeSiGeGeGeGeGeGeGeGeSiGeSiGeSiSi
   103891.8593750000 GeGeGeGeGeGeGeGeSiSiSiGeGeGeGeGeGeGeGeGeGeGeGeSiGeGeGeGeGeSiGeGeGeGeGeGeSiGeGeGeGeGeGeSiGeSiGeGeGeGeGeGeGeGeSiGeSiGeSiSi
   103891.8593750000 GeGeGeGeGeGeGeGeSiSiSiGeGeGeGeGeGeGeGeGeGeGeGeSiGeGeGeGeGeSiGeGeGeGeGeGeSiGeGeGeGeGeGeSiGeSiGeGeGeGeGeGeGeGeSiGeSiGeSiSi
   103891.8593750000 GeGeGeGeGeGeGeGeSiSiSiGeGeGeGeGeGeGeGeGeGeGeGeSiGeGeGeGeGeSiGeGeGeGeGeGeSiGeGeGeGeGeGeSiGeSiGeGeGeGeGeGeGeGeSiGeSiGeSiSi
   103891.8593750000 GeGeGeGeGeGeGeGeSiSiSiGeGeGeGeGeGeGeGeGeGeGeGeSiGeGeGeGeGeSiGeGeGeGeGeGeSiGeGeGeGeGeGeSiGeSiGeGeGeGeGeGeGeGeSiGeSiGeSiSi
   103891.8593750000 GeGeGeGeGeGeGeGeSiSiSiGeGeGeGeGeGeGeGeGeGeGeGeSiGeGeGeGeGeSiGeGeGeGeGeGeSiGeGeGeGeGeGeSiGeSiGeGeGeGeGeGeGeGeSiGeSiGeSiSi
   103891.8593750000 GeGeGeGeGeGeGeGeSiSiSiGeGeGeGeGeGeGeGeGeGeGeGeSiGeGeGeGeGeSiGeGeGeGeGeGeSiGeGeGeGeGeGeSiGeSiGeGeGeGeGeGeGeGeSiGeSiGeSiSi
   103891.8593750000 GeGeGeGeGeGeGeGeSiSiSiGeGeGeGeGeGeGeGeGeGeGeGeSiGeGeGeGeGeSiGeGeGeGeGeGeSiGeGeGeGeGeGeSiGeSiGeGeGeGeGeGeGeGeSiGeSiGeSiSi
   103891.8593750000 GeGeGeGeGeGeGeGeSiSiSiGeGeGeGeGeGeGeGeGeGeGeGeSiGeGeGeGeGeSiGeGeGeGeGeGeSiGeGeGeGeGeGeSiGeSiGeGeGeGeGeGeGeGeSiGeSiGeSiSi
   103891.8593750000 GeGeGeGeGeGeGeGeSiSiSiGeGeGeGeGeGeGeGeGeGeGeGeSiGeGeGeGeGeSiGeGeGeGeGeGeSiGeGeGeGeGeGeSiGeSiGeGeGeGeGeGeGeGeSiGeSiGeSiSi
   103891.8593750000 GeGeGeGeGeGeGeGeSiSiSiGeGeGeGeGeGeGeGeGeGeGeGeSiGeGeGeGeGeSiGeGeGeGeGeGeSiGeGeGeGeGeGeSiGeSiGeGeGeGeGeGeGeGeSiGeSiGeSiSi
   103891.8593750000 GeGeGeGeGeGeGeGeSiSiSiGeGeGeGeGeGeGeGeGeGeGeGeSiGeGeGeGeGeSiGeGeGeGeGeGeSiGeGeGeGeGeGeSiGeSiGeGeGeGeGeGeGeGeSiGeSiGeSiSi
   103891.8593750000 GeGeGeGeGeGeGeGeSiSiSiGeGeGeGeGeGeGeGeGeGeGeGeSiGeGeGeGeGeSiGeGeGeGeGeGeSiGeGeGeGeGeGeSiGeSiGeGeGeGeGeGeGeGeSiGeSiGeSiSi
   103891.8593750000 GeGeGeGeGeGeGeGeSiSiSiGeGeGeGeGeGeGeGeGeGeGeGeSiGeGeGeGeGeSiGeGeGeGeGeGeSiGeGeGeGeGeGeSiGeSiGeGeGeGeGeGeGeGeSiGeSiGeSiSi
   103891.8593750000 GeGeGeGeGeGeGeGeSiSiSiGeGeGeGeGeGeGeGeGeGeGeGeSiGeGeGeGeGeSiGeGeGeGeGeGeSiGeGeGeGeGeGeSiGeSiGeGeGeGeGeGeGeGeSiGeSiGeSiSi
   103891.8593750000 GeGeGeGeGeGeGeGeSiSiSiGeGeGeGeGeGeGeGeGeGeGeGeSiGeGeGeGeGeSiGeGeGeGeGeGeSiGeGeGeGeGeGeSiGeSiGeGeGeGeGeGeGeGeSiGeSiGeSiSi
   103891.8593750000 GeGeGeGeGeGeGeGeSiSiSiGeGeGeGeGeGeGeGeGeGeGeGeSiGeGeGeGeGeSiGeGeGeGeGeGeSiGeGeGeGeGeGeSiGeSiGeGeGeGeGeGeGeGeSiGeSiGeSiSi
   103891.8593750000 GeGeGeGeGeGeGeGeSiSiSiGeGeGeGeGeGeGeGeGeGeGeGeSiGeGeGeGeGeSiGeGeGeGeGeGeSiGeGeGeGeGeGeSiGeSiGeGeGeGeGeGeGeGeSiGeSiGeSiSi
   103891.8593750000 GeGeGeGeGeGeGeGeSiSiSiGeGeGeGeGeGeGeGeGeGeGeGeSiGeGeGeGeGeSiGeGeGeGeGeGeSiGeGeGeGeGeGeSiGeSiGeGeGeGeGeGeGeGeSiGeSiGeSiSi
   103891.8593750000 GeGeGeGeGeGeGeGeSiSiSiGeGeGeGeGeGeGeGeGeGeGeGeSiGeGeGeGeGeSiGeGeGeGeGeGeSiGeGeGeGeGeGeSiGeSiGeGeGeGeGeGeGeGeSiGeSiGeSiSi
   103891.8593750000 GeGeGeGeGeGeGeGeSiSiSiGeGeGeGeGeGeGeGeGeGeGeGeSiGeGeGeGeGeSiGeGeGeGeGeGeSiGeGeGeGeGeGeSiGeSiGeGeGeGeGeGeGeGeSiGeSiGeSiSi
   103891.8593750000 GeGeGeGeGeGeGeGeSiSiSiGeGeGeGeGeGeGeGeGeGeGeGeSiGeGeGeGeGeSiGeGeGeGeGeGeSiGeGeGeGeGeGeSiGeSiGeGeGeGeGeGeGeGeSiGeSiGeSiSi
   103891.8593750000 GeGeGeGeGeGeGeGeSiSiSiGeGeGeGeGeGeGeGeGeGeGeGeSiGeGeGeGeGeSiGeGeGeGeGeGeSiGeGeGeGeGeGeSiGeSiGeGeGeGeGeGeGeGeSiGeSiGeSiSi
   103891.8593750000 GeGeGeGeGeGeGeGeSiSiSiGeGeGeGeGeGeGeGeGeGeGeGeSiGeGeGeGeGeSiGeGeGeGeGeGeSiGeGeGeGeGeGeSiGeSiGeGeGeGeGeGeGeGeSiGeSiGeSiSi
   103891.8593750000 GeGeGeGeGeGeGeGeSiSiSiGeGeGeGeGeGeGeGeGeGeGeGeSiGeGeGeGeGeSiGeGeGeGeGeGeSiGeGeGeGeGeGeSiGeSiGeGeGeGeGeGeGeGeSiGeSiGeSiSi
   103891.8593750000 GeGeGeGeGeGeGeGeSiSiSiGeGeGeGeGeGeGeGeGeGeGeGeSiGeGeGeGeGeSiGeGeGeGeGeGeSiGeGeGeGeGeGeSiGeSiGeGeGeGeGeGeGeGeSiGeSiGeSiSi
   103891.8593750000 GeGeGeGeGeGeGeGeSiSiSiGeGeGeGeGeGeGeGeGeGeGeGeSiGeGeGeGeGeSiGeGeGeGeGeGeSiGeGeGeGeGeGeSiGeSiGeGeGeGeGeGeGeGeSiGeSiGeSiSi
   103891.8593750000 GeGeGeGeGeGeGeGeSiSiSiGeGeGeGeGeGeGeGeGeGeGeGeSiGeGeGeGeGeSiGeGeGeGeGeGeSiGeGeGeGeGeGeSiGeSiGeGeGeGeGeGeGeGeSiGeSiGeSiSi
   103891.8593750000 GeGeGeGeGeGeGeGeSiSiSiGeGeGeGeGeGeGeGeGeGeGeGeSiGeGeGeGeGeSiGeGeGeGeGeGeSiGeGeGeGeGeGeSiGeSiGeGeGeGeGeGeGeGeSiGeSiGeSiSi
   103891.8593750000 GeGeGeGeGeGeGeGeSiSiSiGeGeGeGeGeGeGeGeGeGeGeGeSiGeGeGeGeGeSiGeGeGeGeGeGeSiGeGeGeGeGeGeSiGeSiGeGeGeGeGeGeGeGeSiGeSiGeSiSi
   103891.8593750000 GeGeGeGeGeGeGeGeSiSiSiGeGeGeGeGeGeGeGeGeGeGeGeSiGeGeGeGeGeSiGeGeGeGeGeGeSiGeGeGeGeGeGeSiGeSiGeGeGeGeGeGeGeGeSiGeSiGeSiSi
   103891.8593750000 GeGeGeGeGeGeGeGeSiSiSiGeGeGeGeGeGeGeGeGeGeGeGeSiGeGeGeGeGeSiGeGeGeGeGeGeSiGeGeGeGeGeGeSiGeSiGeGeGeGeGeGeGeGeSiGeSiGeSiSi
   103891.8593750000 GeGeGeGeGeGeGeGeSiSiSiGeGeGeGeGeGeGeGeGeGeGeGeSiGeGeGeGeGeSiGeGeGeGeGeGeSiGeGeGeGeGeGeSiGeSiGeGeGeGeGeGeGeGeSiGeSiGeSiSi
   103891.8593750000 GeGeGeGeGeGeGeGeSiSiSiGeGeGeGeGeGeGeGeGeGeGeGeSiGeGeGeGeGeSiGeGeGeGeGeGeSiGeGeGeGeGeGeSiGeSiGeGeGeGeGeGeGeGeSiGeSiGeSiSi
   103891.8593750000 GeGeGeGeGeGeGeGeSiSiSiGeGeGeGeGeGeGeGeGeGeGeGeSiGeGeGeGeGeSiGeGeGeGeGeGeSiGeGeGeGeGeGeSiGeSiGeGeGeGeGeGeGeGeSiGeSiGeSiSi
   103891.8593750000 GeGeGeGeGeGeGeGeSiSiSiGeGeGeGeGeGeGeGeGeGeGeGeSiGeGeGeGeGeSiGeGeGeGeGeGeSiGeGeGeGeGeGeSiGeSiGeGeGeGeGeGeGeGeSiGeSiGeSiSi
   103891.8593750000 GeGeGeGeGeGeGeGeSiSiSiGeGeGeGeGeGeGeGeGeGeGeGeSiGeGeGeGeGeSiGeGeGeGeGeGeSiGeGeGeGeGeGeSiGeSiGeGeGeGeGeGeGeGeSiGeSiGeSiSi
   103891.8593750000 GeGeGeGeGeGeGeGeSiSiSiGeGeGeGeGeGeGeGeGeGeGeGeSiGeGeGeGeGeSiGeGeGeGeGeGeSiGeGeGeGeGeGeSiGeSiGeGeGeGeGeGeGeGeSiGeSiGeSiSi
   103891.8593750000 GeGeGeGeGeGeGeGeSiSiSiGeGeGeGeGeGeGeGeGeGeGeGeSiGeGeGeGeGeSiGeGeGeGeGeGeSiGeGeGeGeGeGeSiGeSiGeGeGeGeGeGeGeGeSiGeSiGeSiSi
   103891.8593750000 GeGeGeGeGeGeGeGeSiSiSiGeGeGeGeGeGeGeGeGeGeGeGeSiGeGeGeGeGeSiGeGeGeGeGeGeSiGeGeGeGeGeGeSiGeSiGeGeGeGeGeGeGeGeSiGeSiGeSiSi
   103891.8593750000 GeGeGeGeGeGeGeGeSiSiSiGeGeGeGeGeGeGeGeGeGeGeGeSiGeGeGeGeGeSiGeGeGeGeGeGeSiGeGeGeGeGeGeSiGeSiGeGeGeGeGeGeGeGeSiGeSiGeSiSi
   103891.8593750000 GeGeGeGeGeGeGeGeSiSiSiGeGeGeGeGeGeGeGeGeGeGeGeSiGeGeGeGeGeSiGeGeGeGeGeGeSiGeGeGeGeGeGeSiGeSiGeGeGeGeGeGeGeGeSiGeSiGeSiSi
   103891.8593750000 GeGeGeGeGeGeGeGeSiSiSiGeGeGeGeGeGeGeGeGeGeGeGeSiGeGeGeGeGeSiGeGeGeGeGeGeSiGeGeGeGeGeGeSiGeSiGeGeGeGeGeGeGeGeSiGeSiGeSiSi
   103891.8593750000 GeGeGeGeGeGeGeGeSiSiSiGeGeGeGeGeGeGeGeGeGeGeGeSiGeGeGeGeGeSiGeGeGeGeGeGeSiGeGeGeGeGeGeSiGeSiGeGeGeGeGeGeGeGeSiGeSiGeSiSi
   103891.8593750000 GeGeGeGeGeGeGeGeSiSiSiGeGeGeGeGeGeGeGeGeGeGeGeSiGeGeGeGeGeSiGeGeGeGeGeGeSiGeGeGeGeGeGeSiGeSiGeGeGeGeGeGeGeGeSiGeSiGeSiSi
   103891.8593750000 GeGeGeGeGeGeGeGeSiSiSiGeGeGeGeGeGeGeGeGeGeGeGeSiGeGeGeGeGeSiGeGeGeGeGeGeSiGeGeGeGeGeGeSiGeSiGeGeGeGeGeGeGeGeSiGeSiGeSiSi
   103891.8593750000 GeGeGeGeGeGeGeGeSiSiSiGeGeGeGeGeGeGeGeGeGeGeGeSiGeGeGeGeGeSiGeGeGeGeGeGeSiGeGeGeGeGeGeSiGeSiGeGeGeGeGeGeGeGeSiGeSiGeSiSi
   103891.8593750000 GeGeGeGeGeGeGeGeSiSiSiGeGeGeGeGeGeGeGeGeGeGeGeSiGeGeGeGeGeSiGeGeGeGeGeGeSiGeGeGeGeGeGeSiGeSiGeGeGeGeGeGeGeGeSiGeSiGeSiSi
   103891.8593750000 GeGeGeGeGeGeGeGeSiSiSiGeGeGeGeGeGeGeGeGeGeGeGeSiGeGeGeGeGeSiGeGeGeGeGeGeSiGeGeGeGeGeGeSiGeSiGeGeGeGeGeGeGeGeSiGeSiGeSiSi
   103891.8593750000 GeGeGeGeGeGeGeGeSiSiSiGeGeGeGeGeGeGeGeGeGeGeGeSiGeGeGeGeGeSiGeGeGeGeGeGeSiGeGeGeGeGeGeSiGeSiGeGeGeGeGeGeGeGeSiGeSiGeSiSi
   103891.8593750000 GeGeGeGeGeGeGeGeSiSiSiGeGeGeGeGeGeGeGeGeGeGeGeSiGeGeGeGeGeSiGeGeGeGeGeGeSiGeGeGeGeGeGeSiGeSiGeGeGeGeGeGeGeGeSiGeSiGeSiSi
   103891.8593750000 GeGeGeGeGeGeGeGeSiSiSiGeGeGeGeGeGeGeGeGeGeGeGeSiGeGeGeGeGeSiGeGeGeGeGeGeSiGeGeGeGeGeGeSiGeSiGeGeGeGeGeGeGeGeSiGeSiGeSiSi
   103891.8593750000 GeGeGeGeGeGeGeGeSiSiSiGeGeGeGeGeGeGeGeGeGeGeGeSiGeGeGeGeGeSiGeGeGeGeGeGeSiGeGeGeGeGeGeSiGeSiGeGeGeGeGeGeGeGeSiGeSiGeSiSi
   103891.8593750000 GeGeGeGeGeGeGeGeSiSiSiGeGeGeGeGeGeGeGeGeGeGeGeSiGeGeGeGeGeSiGeGeGeGeGeGeSiGeGeGeGeGeGeSiGeSiGeGeGeGeGeGeGeGeSiGeSiGeSiSi
   103891.8593750000 GeGeGeGeGeGeGeGeSiSiSiGeGeGeGeGeGeGeGeGeGeGeGeSiGeGeGeGeGeSiGeGeGeGeGeGeSiGeGeGeGeGeGeSiGeSiGeGeGeGeGeGeGeGeSiGeSiGeSiSi
   103891.8593750000 GeGeGeGeGeGeGeGeSiSiSiGeGeGeGeGeGeGeGeGeGeGeGeSiGeGeGeGeGeSiGeGeGeGeGeGeSiGeGeGeGeGeGeSiGeSiGeGeGeGeGeGeGeGeSiGeSiGeSiSi
   103891.8593750000 GeGeGeGeGeGeGeGeSiSiSiGeGeGeGeGeGeGeGeGeGeGeGeSiGeGeGeGeGeSiGeGeGeGeGeGeSiGeGeGeGeGeGeSiGeSiGeGeGeGeGeGeGeGeSiGeSiGeSiSi
   103891.8593750000 GeGeGeGeGeGeGeGeSiSiSiGeGeGeGeGeGeGeGeGeGeGeGeSiGeGeGeGeGeSiGeGeGeGeGeGeSiGeGeGeGeGeGeSiGeSiGeGeGeGeGeGeGeGeSiGeSiGeSiSi
   103891.8593750000 GeGeGeGeGeGeGeGeSiSiSiGeGeGeGeGeGeGeGeGeGeGeGeSiGeGeGeGeGeSiGeGeGeGeGeGeSiGeGeGeGeGeGeSiGeSiGeGeGeGeGeGeGeGeSiGeSiGeSiSi
   103891.8593750000 GeGeGeGeGeGeGeGeSiSiSiGeGeGeGeGeGeGeGeGeGeGeGeSiGeGeGeGeGeSiGeGeGeGeGeGeSiGeGeGeGeGeGeSiGeSiGeGeGeGeGeGeGeGeSiGeSiGeSiSi
   103891.8593750000 GeGeGeGeGeGeGeGeSiSiSiGeGeGeGeGeGeGeGeGeGeGeGeSiGeGeGeGeGeSiGeGeGeGeGeGeSiGeGeGeGeGeGeSiGeSiGeGeGeGeGeGeGeGeSiGeSiGeSiSi
   103891.8593750000 GeGeGeGeGeGeGeGeSiSiSiGeGeGeGeGeGeGeGeGeGeGeGeSiGeGeGeGeGeSiGeGeGeGeGeGeSiGeGeGeGeGeGeSiGeSiGeGeGeGeGeGeGeGeSiGeSiGeSiSi
   103891.8593750000 GeGeGeGeGeGeGeGeSiSiSiGeGeGeGeGeGeGeGeGeGeGeGeSiGeGeGeGeGeSiGeGeGeGeGeGeSiGeGeGeGeGeGeSiGeSiGeGeGeGeGeGeGeGeSiGeSiGeSiSi
   103891.8593750000 GeGeGeGeGeGeGeGeSiSiSiGeGeGeGeGeGeGeGeGeGeGeGeSiGeGeGeGeGeSiGeGeGeGeGeGeSiGeGeGeGeGeGeSiGeSiGeGeGeGeGeGeGeGeSiGeSiGeSiSi
   103891.8593750000 GeGeGeGeGeGeGeGeSiSiSiGeGeGeGeGeGeGeGeGeGeGeGeSiGeGeGeGeGeSiGeGeGeGeGeGeSiGeGeGeGeGeGeSiGeSiGeGeGeGeGeGeGeGeSiGeSiGeSiSi
   103891.8593750000 GeGeGeGeGeGeGeGeSiSiSiGeGeGeGeGeGeGeGeGeGeGeGeSiGeGeGeGeGeSiGeGeGeGeGeGeSiGeGeGeGeGeGeSiGeSiGeGeGeGeGeGeGeGeSiGeSiGeSiSi
   103891.8593750000 GeGeGeGeGeGeGeGeSiSiSiGeGeGeGeGeGeGeGeGeGeGeGeSiGeGeGeGeGeSiGeGeGeGeGeGeSiGeGeGeGeGeGeSiGeSiGeGeGeGeGeGeGeGeSiGeSiGeSiSi
   103891.8593750000 GeGeGeGeGeGeGeGeSiSiSiGeGeGeGeGeGeGeGeGeGeGeGeSiGeGeGeGeGeSiGeGeGeGeGeGeSiGeGeGeGeGeGeSiGeSiGeGeGeGeGeGeGeGeSiGeSiGeSiSi
   103891.8593750000 GeGeGeGeGeGeGeGeSiSiSiGeGeGeGeGeGeGeGeGeGeGeGeSiGeGeGeGeGeSiGeGeGeGeGeGeSiGeGeGeGeGeGeSiGeSiGeGeGeGeGeGeGeGeSiGeSiGeSiSi
   103891.8593750000 GeGeGeGeGeGeGeGeSiSiSiGeGeGeGeGeGeGeGeGeGeGeGeSiGeGeGeGeGeSiGeGeGeGeGeGeSiGeGeGeGeGeGeSiGeSiGeGeGeGeGeGeGeGeSiGeSiGeSiSi
   103891.8593750000 GeGeGeGeGeGeGeGeSiSiSiGeGeGeGeGeGeGeGeGeGeGeGeSiGeGeGeGeGeSiGeGeGeGeGeGeSiGeGeGeGeGeGeSiGeSiGeGeGeGeGeGeGeGeSiGeSiGeSiSi
   103891.8593750000 GeGeGeGeGeGeGeGeSiSiSiGeGeGeGeGeGeGeGeGeGeGeGeSiGeGeGeGeGeSiGeGeGeGeGeGeSiGeGeGeGeGeGeSiGeSiGeGeGeGeGeGeGeGeSiGeSiGeSiSi
   103891.8593750000 GeGeGeGeGeGeGeGeSiSiSiGeGeGeGeGeGeGeGeGeGeGeGeSiGeGeGeGeGeSiGeGeGeGeGeGeSiGeGeGeGeGeGeSiGeSiGeGeGeGeGeGeGeGeSiGeSiGeSiSi
   103891.8593750000 GeGeGeGeGeGeGeGeSiSiSiGeGeGeGeGeGeGeGeGeGeGeGeSiGeGeGeGeGeSiGeGeGeGeGeGeSiGeGeGeGeGeGeSiGeSiGeGeGeGeGeGeGeGeSiGeSiGeSiSi
   103891.8593750000 GeGeGeGeGeGeGeGeSiSiSiGeGeGeGeGeGeGeGeGeGeGeGeSiGeGeGeGeGeSiGeGeGeGeGeGeSiGeGeGeGeGeGeSiGeSiGeGeGeGeGeGeGeGeSiGeSiGeSiSi
   103891.8593750000 GeGeGeGeGeGeGeGeSiSiSiGeGeGeGeGeGeGeGeGeGeGeGeSiGeGeGeGeGeSiGeGeGeGeGeGeSiGeGeGeGeGeGeSiGeSiGeGeGeGeGeGeGeGeSiGeSiGeSiSi
   103891.8593750000 GeGeGeGeGeGeGeGeSiSiSiGeGeGeGeGeGeGeGeGeGeGeGeSiGeGeGeGeGeSiGeGeGeGeGeGeSiGeGeGeGeGeGeSiGeSiGeGeGeGeGeGeGeGeSiGeSiGeSiSi
   103891.8593750000 GeGeGeGeGeGeGeGeSiSiSiGeGeGeGeGeGeGeGeGeGeGeGeSiGeGeGeGeGeSiGeGeGeGeGeGeSiGeGeGeGeGeGeSiGeSiGeGeGeGeGeGeGeGeSiGeSiGeSiSi
   103891.8593750000 GeGeGeGeGeGeGeGeSiSiSiGeGeGeGeGeGeGeGeGeGeGeGeSiGeGeGeGeGeSiGeGeGeGeGeGeSiGeGeGeGeGeGeSiGeSiGeGeGeGeGeGeGeGeSiGeSiGeSiSi
   103891.8593750000 GeGeGeGeGeGeGeGeSiSiSiGeGeGeGeGeGeGeGeGeGeGeGeSiGeGeGeGeGeSiGeGeGeGeGeGeSiGeGeGeGeGeGeSiGeSiGeGeGeGeGeGeGeGeSiGeSiGeSiSi
   103891.8593750000 GeGeGeGeGeGeGeGeSiSiSiGeGeGeGeGeGeGeGeGeGeGeGeSiGeGeGeGeGeSiGeGeGeGeGeGeSiGeGeGeGeGeGeSiGeSiGeGeGeGeGeGeGeGeSiGeSiGeSiSi
   103891.8593750000 GeGeGeGeGeGeGeGeSiSiSiGeGeGeGeGeGeGeGeGeGeGeGeSiGeGeGeGeGeSiGeGeGeGeGeGeSiGeGeGeGeGeGeSiGeSiGeGeGeGeGeGeGeGeSiGeSiGeSiSi
   103891.8593750000 GeGeGeGeGeGeGeGeSiSiSiGeGeGeGeGeGeGeGeGeGeGeGeSiGeGeGeGeGeSiGeGeGeGeGeGeSiGeGeGeGeGeGeSiGeSiGeGeGeGeGeGeGeGeSiGeSiGeSiSi
   103891.8593750000 GeGeGeGeGeGeGeGeSiSiSiGeGeGeGeGeGeGeGeGeGeGeGeSiGeGeGeGeGeSiGeGeGeGeGeGeSiGeGeGeGeGeGeSiGeSiGeGeGeGeGeGeGeGeSiGeSiGeSiSi
   103891.8593750000 GeGeGeGeGeGeGeGeSiSiSiGeGeGeGeGeGeGeGeGeGeGeGeSiGeGeGeGeGeSiGeGeGeGeGeGeSiGeGeGeGeGeGeSiGeSiGeGeGeGeGeGeGeGeSiGeSiGeSiSi
   103891.8593750000 GeGeGeGeGeGeGeGeSiSiSiGeGeGeGeGeGeGeGeGeGeGeGeSiGeGeGeGeGeSiGeGeGeGeGeGeSiGeGeGeGeGeGeSiGeSiGeGeGeGeGeGeGeGeSiGeSiGeSiSi
   103891.8593750000 GeGeGeGeGeGeGeGeSiSiSiGeGeGeGeGeGeGeGeGeGeGeGeSiGeGeGeGeGeSiGeGeGeGeGeGeSiGeGeGeGeGeGeSiGeSiGeGeGeGeGeGeGeGeSiGeSiGeSiSi
   103891.8593750000 GeGeGeGeGeGeGeGeSiSiSiGeGeGeGeGeGeGeGeGeGeGeGeSiGeGeGeGeGeSiGeGeGeGeGeGeSiGeGeGeGeGeGeSiGeSiGeGeGeGeGeGeGeGeSiGeSiGeSiSi
   103891.8593750000 GeGeGeGeGeGeGeGeSiSiSiGeGeGeGeGeGeGeGeGeGeGeGeSiGeGeGeGeGeSiGeGeGeGeGeGeSiGeGeGeGeGeGeSiGeSiGeGeGeGeGeGeGeGeSiGeSiGeSiSi
   103891.8593750000 GeGeGeGeGeGeGeGeSiSiSiGeGeGeGeGeGeGeGeGeGeGeGeSiGeGeGeGeGeSiGeGeGeGeGeGeSiGeGeGeGeGeGeSiGeSiGeGeGeGeGeGeGeGeSiGeSiGeSiSi
   103891.8593750000 GeGeGeGeGeGeGeGeSiSiSiGeGeGeGeGeGeGeGeGeGeGeGeSiGeGeGeGeGeSiGeGeGeGeGeGeSiGeGeGeGeGeGeSiGeSiGeGeGeGeGeGeGeGeSiGeSiGeSiSi
   103891.8593750000 GeGeGeGeGeGeGeGeSiSiSiGeGeGeGeGeGeGeGeGeGeGeGeSiGeGeGeGeGeSiGeGeGeGeGeGeSiGeGeGeGeGeGeSiGeSiGeGeGeGeGeGeGeGeSiGeSiGeSiSi
   103891.8593750000 GeGeGeGeGeGeGeGeSiSiSiGeGeGeGeGeGeGeGeGeGeGeGeSiGeGeGeGeGeSiGeGeGeGeGeGeSiGeGeGeGeGeGeSiGeSiGeGeGeGeGeGeGeGeSiGeSiGeSiSi
   103891.8593750000 GeGeGeGeGeGeGeGeSiSiSiGeGeGeGeGeGeGeGeGeGeGeGeSiGeGeGeGeGeSiGeGeGeGeGeGeSiGeGeGeGeGeGeSiGeSiGeGeGeGeGeGeGeGeSiGeSiGeSiSi
   103891.8593750000 GeGeGeGeGeGeGeGeSiSiSiGeGeGeGeGeGeGeGeGeGeGeGeSiGeGeGeGeGeSiGeGeGeGeGeGeSiGeGeGeGeGeGeSiGeSiGeGeGeGeGeGeGeGeSiGeSiGeSiSi
   103891.8593750000 GeGeGeGeGeGeGeGeSiSiSiGeGeGeGeGeGeGeGeGeGeGeGeSiGeGeGeGeGeSiGeGeGeGeGeGeSiGeGeGeGeGeGeSiGeSiGeGeGeGeGeGeGeGeSiGeSiGeSiSi
   103891.8593750000 GeGeGeGeGeGeGeGeSiSiSiGeGeGeGeGeGeGeGeGeGeGeGeSiGeGeGeGeGeSiGeGeGeGeGeGeSiGeGeGeGeGeGeSiGeSiGeGeGeGeGeGeGeGeSiGeSiGeSiSi
   103891.8593750000 GeGeGeGeGeGeGeGeSiSiSiGeGeGeGeGeGeGeGeGeGeGeGeSiGeGeGeGeGeSiGeGeGeGeGeGeSiGeGeGeGeGeGeSiGeSiGeGeGeGeGeGeGeGeSiGeSiGeSiSi
   103891.8593750000 GeGeGeGeGeGeGeGeSiSiSiGeGeGeGeGeGeGeGeGeGeGeGeSiGeGeGeGeGeSiGeGeGeGeGeGeSiGeGeGeGeGeGeSiGeSiGeGeGeGeGeGeGeGeSiGeSiGeSiSi
   103891.8593750000 GeGeGeGeGeGeGeGeSiSiSiGeGeGeGeGeGeGeGeGeGeGeGeSiGeGeGeGeGeSiGeGeGeGeGeGeSiGeGeGeGeGeGeSiGeSiGeGeGeGeGeGeGeGeSiGeSiGeSiSi
   103891.8593750000 GeGeGeGeGeGeGeGeSiSiSiGeGeGeGeGeGeGeGeGeGeGeGeSiGeGeGeGeGeSiGeGeGeGeGeGeSiGeGeGeGeGeGeSiGeSiGeGeGeGeGeGeGeGeSiGeSiGeSiSi
   103891.8593750000 GeGeGeGeGeGeGeGeSiSiSiGeGeGeGeGeGeGeGeGeGeGeGeSiGeGeGeGeGeSiGeGeGeGeGeGeSiGeGeGeGeGeGeSiGeSiGeGeGeGeGeGeGeGeSiGeSiGeSiSi
   103891.8593750000 GeGeGeGeGeGeGeGeSiSiSiGeGeGeGeGeGeGeGeGeGeGeGeSiGeGeGeGeGeSiGeGeGeGeGeGeSiGeGeGeGeGeGeSiGeSiGeGeGeGeGeGeGeGeSiGeSiGeSiSi
   103891.8593750000 GeGeGeGeGeGeGeGeSiSiSiGeGeGeGeGeGeGeGeGeGeGeGeSiGeGeGeGeGeSiGeGeGeGeGeGeSiGeGeGeGeGeGeSiGeSiGeGeGeGeGeGeGeGeSiGeSiGeSiSi
   103891.8593750000 GeGeGeGeGeGeGeGeSiSiSiGeGeGeGeGeGeGeGeGeGeGeGeSiGeGeGeGeGeSiGeGeGeGeGeGeSiGeGeGeGeGeGeSiGeSiGeGeGeGeGeGeGeGeSiGeSiGeSiSi
   103891.8593750000 GeGeGeGeGeGeGeGeSiSiSiGeGeGeGeGeGeGeGeGeGeGeGeSiGeGeGeGeGeSiGeGeGeGeGeGeSiGeGeGeGeGeGeSiGeSiGeGeGeGeGeGeGeGeSiGeSiGeSiSi
   103891.8593750000 GeGeGeGeGeGeGeGeSiSiSiGeGeGeGeGeGeGeGeGeGeGeGeSiGeGeGeGeGeSiGeGeGeGeGeGeSiGeGeGeGeGeGeSiGeSiGeGeGeGeGeGeGeGeSiGeSiGeSiSi
   103891.8593750000 GeGeGeGeGeGeGeGeSiSiSiGeGeGeGeGeGeGeGeGeGeGeGeSiGeGeGeGeGeSiGeGeGeGeGeGeSiGeGeGeGeGeGeSiGeSiGeGeGeGeGeGeGeGeSiGeSiGeSiSi
   103891.8593750000 GeGeGeGeGeGeGeGeSiSiSiGeGeGeGeGeGeGeGeGeGeGeGeSiGeGeGeGeGeSiGeGeGeGeGeGeSiGeGeGeGeGeGeSiGeSiGeGeGeGeGeGeGeGeSiGeSiGeSiSi
   103891.8593750000 GeGeGeGeGeGeGeGeSiSiSiGeGeGeGeGeGeGeGeGeGeGeGeSiGeGeGeGeGeSiGeGeGeGeGeGeSiGeGeGeGeGeGeSiGeSiGeGeGeGeGeGeGeGeSiGeSiGeSiSi
   103891.8593750000 GeGeGeGeGeGeGeGeSiSiSiGeGeGeGeGeGeGeGeGeGeGeGeSiGeGeGeGeGeSiGeGeGeGeGeGeSiGeGeGeGeGeGeSiGeSiGeGeGeGeGeGeGeGeSiGeSiGeSiSi
   103891.8593750000 GeGeGeGeGeGeGeGeSiSiSiGeGeGeGeGeGeGeGeGeGeGeGeSiGeGeGeGeGeSiGeGeGeGeGeGeSiGeGeGeGeGeGeSiGeSiGeGeGeGeGeGeGeGeSiGeSiGeSiSi
   103891.8593750000 GeGeGeGeGeGeGeGeSiSiSiGeGeGeGeGeGeGeGeGeGeGeGeSiGeGeGeGeGeSiGeGeGeGeGeGeSiGeGeGeGeGeGeSiGeSiGeGeGeGeGeGeGeGeSiGeSiGeSiSi
   103891.8593750000 GeGeGeGeGeGeGeGeSiSiSiGeGeGeGeGeGeGeGeGeGeGeGeSiGeGeGeGeGeSiGeGeGeGeGeGeSiGeGeGeGeGeGeSiGeSiGeGeGeGeGeGeGeGeSiGeSiGeSiSi
   103891.8593750000 GeGeGeGeGeGeGeGeSiSiSiGeGeGeGeGeGeGeGeGeGeGeGeSiGeGeGeGeGeSiGeGeGeGeGeGeSiGeGeGeGeGeGeSiGeSiGeGeGeGeGeGeGeGeSiGeSiGeSiSi
   103891.8593750000 GeGeGeGeGeGeGeGeSiSiSiGeGeGeGeGeGeGeGeGeGeGeGeSiGeGeGeGeGeSiGeGeGeGeGeGeSiGeGeGeGeGeGeSiGeSiGeGeGeGeGeGeGeGeSiGeSiGeSiSi
   103891.8593750000 GeGeGeGeGeGeGeGeSiSiSiGeGeGeGeGeGeGeGeGeGeGeGeSiGeGeGeGeGeSiGeGeGeGeGeGeSiGeGeGeGeGeGeSiGeSiGeGeGeGeGeGeGeGeSiGeSiGeSiSi
   103891.8593750000 GeGeGeGeGeGeGeGeSiSiSiGeGeGeGeGeGeGeGeGeGeGeGeSiGeGeGeGeGeSiGeGeGeGeGeGeSiGeGeGeGeGeGeSiGeSiGeGeGeGeGeGeGeGeSiGeSiGeSiSi
   103891.8593750000 GeGeGeGeGeGeGeGeSiSiSiGeGeGeGeGeGeGeGeGeGeGeGeSiGeGeGeGeGeSiGeGeGeGeGeGeSiGeGeGeGeGeGeSiGeSiGeGeGeGeGeGeGeGeSiGeSiGeSiSi
   103891.8593750000 GeGeGeGeGeGeGeGeSiSiSiGeGeGeGeGeGeGeGeGeGeGeGeSiGeGeGeGeGeSiGeGeGeGeGeGeSiGeGeGeGeGeGeSiGeSiGeGeGeGeGeGeGeGeSiGeSiGeSiSi
   103891.8593750000 GeGeGeGeGeGeGeGeSiSiSiGeGeGeGeGeGeGeGeGeGeGeGeSiGeGeGeGeGeSiGeGeGeGeGeGeSiGeGeGeGeGeGeSiGeSiGeGeGeGeGeGeGeGeSiGeSiGeSiSi
   103891.8593750000 GeGeGeGeGeGeGeGeSiSiSiGeGeGeGeGeGeGeGeGeGeGeGeSiGeGeGeGeGeSiGeGeGeGeGeGeSiGeGeGeGeGeGeSiGeSiGeGeGeGeGeGeGeGeSiGeSiGeSiSi
   103891.8593750000 GeGeGeGeGeGeGeGeSiSiSiGeGeGeGeGeGeGeGeGeGeGeGeSiGeGeGeGeGeSiGeGeGeGeGeGeSiGeGeGeGeGeGeSiGeSiGeGeGeGeGeGeGeGeSiGeSiGeSiSi
   103891.8593750000 GeGeGeGeGeGeGeGeSiSiSiGeGeGeGeGeGeGeGeGeGeGeGeSiGeGeGeGeGeSiGeGeGeGeGeGeSiGeGeGeGeGeGeSiGeSiGeGeGeGeGeGeGeGeSiGeSiGeSiSi
   103891.8593750000 GeGeGeGeGeGeGeGeSiSiSiGeGeGeGeGeGeGeGeGeGeGeGeSiGeGeGeGeGeSiGeGeGeGeGeGeSiGeGeGeGeGeGeSiGeSiGeGeGeGeGeGeGeGeSiGeSiGeSiSi
   103891.8593750000 GeGeGeGeGeGeGeGeSiSiSiGeGeGeGeGeGeGeGeGeGeGeGeSiGeGeGeGeGeSiGeGeGeGeGeGeSiGeGeGeGeGeGeSiGeSiGeGeGeGeGeGeGeGeSiGeSiGeSiSi
   103891.8593750000 GeGeGeGeGeGeGeGeSiSiSiGeGeGeGeGeGeGeGeGeGeGeGeSiGeGeGeGeGeSiGeGeGeGeGeGeSiGeGeGeGeGeGeSiGeSiGeGeGeGeGeGeGeGeSiGeSiGeSiSi
   103891.8593750000 GeGeGeGeGeGeGeGeSiSiSiGeGeGeGeGeGeGeGeGeGeGeGeSiGeGeGeGeGeSiGeGeGeGeGeGeSiGeGeGeGeGeGeSiGeSiGeGeGeGeGeGeGeGeSiGeSiGeSiSi
   103891.8593750000 GeGeGeGeGeGeGeGeSiSiSiGeGeGeGeGeGeGeGeGeGeGeGeSiGeGeGeGeGeSiGeGeGeGeGeGeSiGeGeGeGeGeGeSiGeSiGeGeGeGeGeGeGeGeSiGeSiGeSiSi
   103891.8593750000 GeGeGeGeGeGeGeGeSiSiSiGeGeGeGeGeGeGeGeGeGeGeGeSiGeGeGeGeGeSiGeGeGeGeGeGeSiGeGeGeGeGeGeSiGeSiGeGeGeGeGeGeGeGeSiGeSiGeSiSi
   103891.8593750000 GeGeGeGeGeGeGeGeSiSiSiGeGeGeGeGeGeGeGeGeGeGeGeSiGeGeGeGeGeSiGeGeGeGeGeGeSiGeGeGeGeGeGeSiGeSiGeGeGeGeGeGeGeGeSiGeSiGeSiSi
   103891.8593750000 GeGeGeGeGeGeGeGeSiSiSiGeGeGeGeGeGeGeGeGeGeGeGeSiGeGeGeGeGeSiGeGeGeGeGeGeSiGeGeGeGeGeGeSiGeSiGeGeGeGeGeGeGeGeSiGeSiGeSiSi
   103891.8593750000 GeGeGeGeGeGeGeGeSiSiSiGeGeGeGeGeGeGeGeGeGeGeGeSiGeGeGeGeGeSiGeGeGeGeGeGeSiGeGeGeGeGeGeSiGeSiGeGeGeGeGeGeGeGeSiGeSiGeSiSi
   103891.8593750000 GeGeGeGeGeGeGeGeSiSiSiGeGeGeGeGeGeGeGeGeGeGeGeSiGeGeGeGeGeSiGeGeGeGeGeGeSiGeGeGeGeGeGeSiGeSiGeGeGeGeGeGeGeGeSiGeSiGeSiSi
   103891.8593750000 GeGeGeGeGeGeGeGeSiSiSiGeGeGeGeGeGeGeGeGeGeGeGeSiGeGeGeGeGeSiGeGeGeGeGeGeSiGeGeGeGeGeGeSiGeSiGeGeGeGeGeGeGeGeSiGeSiGeSiSi
   103891.8593750000 GeGeGeGeGeGeGeGeSiSiSiGeGeGeGeGeGeGeGeGeGeGeGeSiGeGeGeGeGeSiGeGeGeGeGeGeSiGeGeGeGeGeGeSiGeSiGeGeGeGeGeGeGeGeSiGeSiGeSiSi
   103891.8593750000 GeGeGeGeGeGeGeGeSiSiSiGeGeGeGeGeGeGeGeGeGeGeGeSiGeGeGeGeGeSiGeGeGeGeGeGeSiGeGeGeGeGeGeSiGeSiGeGeGeGeGeGeGeGeSiGeSiGeSiSi
   103891.8593750000 GeGeGeGeGeGeGeGeSiSiSiGeGeGeGeGeGeGeGeGeGeGeGeSiGeGeGeGeGeSiGeGeGeGeGeGeSiGeGeGeGeGeGeSiGeSiGeGeGeGeGeGeGeGeSiGeSiGeSiSi
   103891.8593750000 GeGeGeGeGeGeGeGeSiSiSiGeGeGeGeGeGeGeGeGeGeGeGeSiGeGeGeGeGeSiGeGeGeGeGeGeSiGeGeGeGeGeGeSiGeSiGeGeGeGeGeGeGeGeSiGeSiGeSiSi
   103891.8593750000 GeGeGeGeGeGeGeGeSiSiSiGeGeGeGeGeGeGeGeGeGeGeGeSiGeGeGeGeGeSiGeGeGeGeGeGeSiGeGeGeGeGeGeSiGeSiGeGeGeGeGeGeGeGeSiGeSiGeSiSi
   103891.8593750000 GeGeGeGeGeGeGeGeSiSiSiGeGeGeGeGeGeGeGeGeGeGeGeSiGeGeGeGeGeSiGeGeGeGeGeGeSiGeGeGeGeGeGeSiGeSiGeGeGeGeGeGeGeGeSiGeSiGeSiSi
   103891.8593750000 GeGeGeGeGeGeGeGeSiSiSiGeGeGeGeGeGeGeGeGeGeGeGeSiGeGeGeGeGeSiGeGeGeGeGeGeSiGeGeGeGeGeGeSiGeSiGeGeGeGeGeGeGeGeSiGeSiGeSiSi
   103891.8593750000 GeGeGeGeGeGeGeGeSiSiSiGeGeGeGeGeGeGeGeGeGeGeGeSiGeGeGeGeGeSiGeGeGeGeGeGeSiGeGeGeGeGeGeSiGeSiGeGeGeGeGeGeGeGeSiGeSiGeSiSi
   103891.8593750000 GeGeGeGeGeGeGeGeSiSiSiGeGeGeGeGeGeGeGeGeGeGeGeSiGeGeGeGeGeSiGeGeGeGeGeGeSiGeGeGeGeGeGeSiGeSiGeGeGeGeGeGeGeGeSiGeSiGeSiSi
   103891.8593750000 GeGeGeGeGeGeGeGeSiSiSiGeGeGeGeGeGeGeGeGeGeGeGeSiGeGeGeGeGeSiGeGeGeGeGeGeSiGeGeGeGeGeGeSiGeSiGeGeGeGeGeGeGeGeSiGeSiGeSiSi
filename: c000001104440049.gin     
Cell:
    11.9020996    11.9020996    29.6919994    90.0000000    90.0000000   120.0000000
Box:
    11.9020996    -5.9510503     0.0000000
     0.0000000    10.3075209     0.0000000
     0.0000000     0.0000000    29.6919994
----------------------------------------
Inverse Box:
     0.0840188     0.0485083     0.0000000
     0.0000000     0.0970165     0.0000000
     0.0000000     0.0000000     0.0336791
----------------------------------------
==============================================
geometrical properties of  48 Ge:
 Configuration:           0
 D_ave:   9.09761333       3.56682658    
 D_min:   3.01777053       3.41238379E-02
 energia:   103891.859    
