Random Seed:  1176422402
Number of atoms:    60
Space Group:    1
Cell:
    11.9020996    11.9020996    29.6919994    90.0000000    90.0000000   120.0000000
Box:
    11.9020996    -5.9510503     0.0000000
     0.0000000    10.3075209     0.0000000
     0.0000000     0.0000000    29.6919994
----------------------------------------
Inverse Box:
     0.0840188     0.0485083     0.0000000
     0.0000000     0.0970165     0.0000000
     0.0000000     0.0000000     0.0336791
----------------------------------------
GeSiSiSiSiSiSiSiSiSiSiSiSiSiSiSiSiSiSiSiSiSiSiSiSiGeSiSiSiSiSiSiSiSiSiSiSiSiSiSiSiSiSiSiSiSiSiSiSiSiSiSiSiSiSiSiSiSiSiSi
           1 Ge    -7733.59326    
GeGeSiSiSiSiSiSiSiSiSiSiSiSiSiSiSiSiSiSiSiSiSiSiSiGeSiSiSiSiSiSiSiSiSiSiSiSiSiSiSiSiSiSiSiSiSiSiSiSiSiSiSiSiSiSiSiSiSiSi
           2 Ge    -7727.55029    
GeGeGeSiSiSiSiSiSiSiSiSiSiSiSiSiSiSiSiSiSiSiSiSiSiGeSiSiSiSiSiSiSiSiSiSiSiSiSiSiSiSiSiSiSiSiSiSiSiSiSiSiSiSiSiSiSiSiSiSi
           3 Ge    -7721.35156    
GeGeGeGeSiSiSiSiSiSiSiSiSiSiSiSiSiSiSiSiSiSiSiSiSiGeSiSiSiSiSiSiSiSiSiSiSiSiSiSiSiSiSiSiSiSiSiSiSiSiSiSiSiSiSiSiSiSiSiSi
           4 Ge    -7745.43604    
GeGeGeGeGeSiSiSiSiSiSiSiSiSiSiSiSiSiSiSiSiSiSiSiSiGeSiSiSiSiSiSiSiSiSiSiSiSiSiSiSiSiSiSiSiSiSiSiSiSiSiSiSiSiSiSiSiSiSiSi
           5 Ge    -7787.48828    
GeGeGeGeGeGeSiSiSiSiSiSiSiSiSiSiSiSiSiSiSiSiSiSiSiGeSiSiSiSiSiSiSiSiSiSiSiSiSiSiSiSiSiSiSiSiSiSiSiSiSiSiSiSiSiSiSiSiSiSi
           6 Ge    -7851.51367    
GeGeGeGeGeGeGeSiSiSiSiSiSiSiSiSiSiSiSiSiSiSiSiSiSiGeSiSiSiSiSiSiSiSiSiSiSiSiSiSiSiSiSiSiSiSiSiSiSiSiSiSiSiSiSiSiSiSiSiSi
           7 Ge    -8017.40820    
GeGeGeGeGeGeGeGeSiSiSiSiSiSiSiSiSiSiSiSiSiSiSiSiSiGeSiSiSiSiSiSiSiSiSiSiSiSiSiSiSiSiSiSiSiSiSiSiSiSiSiSiSiSiSiSiSiSiSiSi
           8 Ge    -8217.52441    
GeGeGeGeGeGeGeGeSiSiSiGeSiSiSiSiSiSiSiSiSiSiSiSiSiGeSiSiSiSiSiSiSiSiSiSiSiSiSiSiSiSiSiSiSiSiSiSiSiSiSiSiSiSiSiSiSiSiSiSi
          12 Ge    -8285.16895    
GeGeGeGeGeGeGeGeSiSiSiGeSiGeSiSiSiSiSiSiSiSiSiSiSiGeSiSiSiSiSiSiSiSiSiSiSiSiSiSiSiSiSiSiSiSiSiSiSiSiSiSiSiSiSiSiSiSiSiSi
          14 Ge    -8487.25586    
GeGeGeGeGeGeGeGeSiSiSiGeSiGeSiGeSiSiSiSiSiSiSiSiSiGeSiSiSiSiSiSiSiSiSiSiSiSiSiSiSiSiSiSiSiSiSiSiSiSiSiSiSiSiSiSiSiSiSiSi
          16 Ge    -8741.58496    
GeGeGeGeGeGeGeGeSiSiSiGeSiGeSiGeSiSiSiSiSiSiSiSiSiGeSiSiSiGeSiSiSiSiSiSiSiSiSiSiSiSiSiSiSiSiSiSiSiSiSiSiSiSiSiSiSiSiSiSi
          30 Ge    -8595.59473    
GeGeGeGeGeGeGeGeSiSiSiGeSiGeSiGeSiSiSiSiSiSiSiSiSiGeSiSiSiGeSiSiGeSiSiSiSiSiSiSiSiSiSiSiSiSiSiSiSiSiSiSiSiSiSiSiSiSiSiSi
          33 Ge    -9149.38184    
GeGeGeGeGeGeGeGeSiSiSiGeSiGeSiGeSiSiSiSiSiSiSiSiSiGeSiSiSiGeSiSiGeSiSiGeSiSiSiSiSiSiSiSiSiSiSiSiSiSiSiSiSiSiSiSiSiSiSiSi
          36 Ge    -7894.06055    
GeGeGeGeGeGeGeGeSiSiSiGeSiGeSiGeSiSiSiSiSiSiSiSiSiGeSiSiSiGeSiSiGeSiSiGeSiSiGeSiSiSiSiSiSiSiSiSiSiSiSiSiSiSiSiSiSiSiSiSi
          39 Ge    -8565.34375    
GeGeGeGeGeGeGeGeSiSiSiGeSiGeSiGeSiSiSiSiSiSiSiSiSiGeSiSiSiGeSiSiGeSiSiGeSiSiGeGeSiSiSiSiSiSiSiSiSiSiSiSiSiSiSiSiSiSiSiSi
          40 Ge    -8694.12598    
GeGeGeGeGeGeGeGeSiSiSiGeSiGeSiGeSiSiSiSiSiSiSiSiSiGeSiSiSiGeSiSiGeSiSiGeSiSiGeGeGeSiSiSiSiSiSiSiSiSiSiSiSiSiSiSiSiSiSiSi
          41 Ge    -9475.82617    
GeGeGeGeGeGeGeGeSiSiSiGeSiGeSiGeSiSiSiSiSiSiSiSiSiGeSiSiSiGeSiSiGeSiSiGeSiSiGeGeGeGeSiSiSiSiSiSiSiSiSiSiSiSiSiSiSiSiSiSi
          42 Ge    -8050.49463    
GeGeGeGeGeGeGeGeSiSiSiGeSiGeSiGeSiSiSiSiSiSiSiSiSiGeSiSiSiGeSiSiGeSiSiGeSiSiGeGeGeGeSiSiGeSiSiSiSiSiSiSiSiSiSiSiSiSiSiSi
          45 Ge    -8569.50195    
GeGeGeGeGeGeGeGeSiSiSiGeSiGeSiGeSiSiSiSiSiSiSiSiSiGeSiSiSiGeSiSiGeSiSiGeSiSiGeGeGeGeSiSiGeGeSiSiSiSiSiSiSiSiSiSiSiSiSiSi
          46 Ge    -8874.30957    
GeGeGeGeGeGeGeGeSiSiSiGeSiGeSiGeSiSiSiSiSiSiSiSiSiGeSiSiSiGeSiSiGeSiSiGeSiSiGeGeGeGeSiSiGeGeSiSiSiSiSiSiSiSiSiSiGeSiSiSi
          57 Ge    -10112.7715    
GeGeGeGeGeGeGeGeSiGeSiGeSiGeSiGeSiSiSiSiSiSiSiSiSiGeSiSiSiGeSiSiGeSiSiGeSiSiGeGeGeGeSiSiGeGeSiSiSiSiSiSiSiSiSiSiGeSiSiSi
          10 Ge    -8048.07129    
GeGeGeGeGeGeGeGeSiGeGeGeSiGeSiGeSiSiSiSiSiSiSiSiSiGeSiSiSiGeSiSiGeSiSiGeSiSiGeGeGeGeSiSiGeGeSiSiSiSiSiSiSiSiSiSiGeSiSiSi
          11 Ge    -7774.87646    
GeGeGeGeGeGeGeGeSiGeGeGeGeGeSiGeSiSiSiSiSiSiSiSiSiGeSiSiSiGeSiSiGeSiSiGeSiSiGeGeGeGeSiSiGeGeSiSiSiSiSiSiSiSiSiSiGeSiSiSi
          13 Ge    -6287.58398    
GeGeGeGeGeGeGeGeSiGeGeGeGeGeGeGeSiSiSiSiSiSiSiSiSiGeSiSiSiGeSiSiGeSiSiGeSiSiGeGeGeGeSiSiGeGeSiSiSiSiSiSiSiSiSiSiGeSiSiSi
          15 Ge    -4048.12451    
GeGeGeGeGeGeGeGeSiGeGeGeGeGeGeGeSiGeSiSiSiSiSiSiSiGeSiSiSiGeSiSiGeSiSiGeSiSiGeGeGeGeSiSiGeGeSiSiSiSiSiSiSiSiSiSiGeSiSiSi
          18 Ge    -716.418945    
GeGeGeGeGeGeGeGeSiGeGeGeGeGeGeGeSiGeSiSiSiSiGeSiSiGeSiSiSiGeSiSiGeSiSiGeSiSiGeGeGeGeSiSiGeGeSiSiSiSiSiSiSiSiSiSiGeSiSiSi
          23 Ge     3686.19141    
GeGeGeGeGeGeGeGeSiGeGeGeGeGeGeGeSiGeSiSiSiSiGeGeSiGeSiSiSiGeSiSiGeSiSiGeSiSiGeGeGeGeSiSiGeGeSiSiSiSiSiSiSiSiSiSiGeSiSiSi
          24 Ge     10564.3965    
GeGeGeGeGeGeGeGeSiGeGeGeGeGeGeGeSiGeSiSiSiSiGeGeSiGeSiGeSiGeSiSiGeSiSiGeSiSiGeGeGeGeSiSiGeGeSiSiSiSiSiSiSiSiSiSiGeSiSiSi
          28 Ge     13814.1016    
GeGeGeGeGeGeGeGeSiGeGeGeGeGeGeGeSiGeSiSiSiSiGeGeSiGeSiGeSiGeSiSiGeSiSiGeSiSiGeGeGeGeSiGeGeGeSiSiSiSiSiSiSiSiSiSiGeSiSiSi
          44 Ge     15663.7051    
GeGeGeGeGeGeGeGeSiGeGeGeGeGeGeGeSiGeSiSiSiSiGeGeSiGeSiGeSiGeSiSiGeSiSiGeSiSiGeGeGeGeSiGeGeGeSiSiSiSiGeSiSiSiSiSiGeSiSiSi
          51 Ge     15743.6035    
GeGeGeGeGeGeGeGeSiGeGeGeGeGeGeGeSiGeSiSiSiSiGeGeSiGeSiGeSiGeSiSiGeSiSiGeSiSiGeGeGeGeSiGeGeGeSiSiSiSiGeSiSiSiSiSiGeGeSiSi
          58 Ge     19281.3652    
GeGeGeGeGeGeGeGeGeGeGeGeGeGeGeGeSiGeSiSiSiSiGeGeSiGeSiGeSiGeSiSiGeSiSiGeSiSiGeGeGeGeSiGeGeGeSiSiSiSiGeSiSiSiSiSiGeGeSiSi
           9 Ge     22980.3848    
GeGeGeGeGeGeGeGeGeGeGeGeGeGeGeGeGeGeSiSiSiSiGeGeSiGeSiGeSiGeSiSiGeSiSiGeSiSiGeGeGeGeSiGeGeGeSiSiSiSiGeSiSiSiSiSiGeGeSiSi
          17 Ge     32624.2285    
GeGeGeGeGeGeGeGeGeGeGeGeGeGeGeGeGeGeSiSiGeSiGeGeSiGeSiGeSiGeSiSiGeSiSiGeSiSiGeGeGeGeSiGeGeGeSiSiSiSiGeSiSiSiSiSiGeGeSiSi
          21 Ge     45327.3594    
GeGeGeGeGeGeGeGeGeGeGeGeGeGeGeGeGeGeSiSiGeGeGeGeSiGeSiGeSiGeSiSiGeSiSiGeSiSiGeGeGeGeSiGeGeGeSiSiSiSiGeSiSiSiSiSiGeGeSiSi
          22 Ge     57177.9453    
GeGeGeGeGeGeGeGeGeGeGeGeGeGeGeGeGeGeSiSiGeGeGeGeSiGeSiGeSiGeGeSiGeSiSiGeSiSiGeGeGeGeSiGeGeGeSiSiSiSiGeSiSiSiSiSiGeGeSiSi
          31 Ge     62180.6328    
GeGeGeGeGeGeGeGeGeGeGeGeGeGeGeGeGeGeSiSiGeGeGeGeSiGeSiGeSiGeGeGeGeSiSiGeSiSiGeGeGeGeSiGeGeGeSiSiSiSiGeSiSiSiSiSiGeGeSiSi
          32 Ge     67989.7109    
GeGeGeGeGeGeGeGeGeGeGeGeGeGeGeGeGeGeSiSiGeGeGeGeSiGeSiGeSiGeGeGeGeSiSiGeSiSiGeGeGeGeSiGeGeGeSiSiGeSiGeSiSiSiSiSiGeGeSiSi
          49 Ge     78703.6016    
GeGeGeGeGeGeGeGeGeGeGeGeGeGeGeGeGeGeSiSiGeGeGeGeSiGeSiGeSiGeGeGeGeSiSiGeSiSiGeGeGeGeSiGeGeGeSiSiGeGeGeSiSiSiSiSiGeGeSiSi
          50 Ge     81521.0703    
GeGeGeGeGeGeGeGeGeGeGeGeGeGeGeGeGeGeSiSiGeGeGeGeSiGeSiGeSiGeGeGeGeSiSiGeSiSiGeGeGeGeSiGeGeGeSiSiGeGeGeSiSiSiGeSiGeGeSiSi
          55 Ge     86031.4062    
GeGeGeGeGeGeGeGeGeGeGeGeGeGeGeGeGeGeSiSiGeGeGeGeGeGeSiGeSiGeGeGeGeSiSiGeSiSiGeGeGeGeSiGeGeGeSiSiGeGeGeSiSiSiGeSiGeGeSiSi
          25 Ge     95907.9531    
GeGeGeGeGeGeGeGeGeGeGeGeGeGeGeGeGeGeSiSiGeGeGeGeGeGeGeGeSiGeGeGeGeSiSiGeSiSiGeGeGeGeSiGeGeGeSiSiGeGeGeSiSiSiGeSiGeGeSiSi
          27 Ge     107081.875    
GeGeGeGeGeGeGeGeGeGeGeGeGeGeGeGeGeGeSiSiGeGeGeGeGeGeGeGeSiGeGeGeGeSiSiGeGeSiGeGeGeGeSiGeGeGeSiSiGeGeGeSiSiSiGeSiGeGeSiSi
          37 Ge     123502.047    
GeGeGeGeGeGeGeGeGeGeGeGeGeGeGeGeGeGeSiSiGeGeGeGeGeGeGeGeSiGeGeGeGeSiSiGeGeGeGeGeGeGeSiGeGeGeSiSiGeGeGeSiSiSiGeSiGeGeSiSi
          38 Ge     137564.094    
GeGeGeGeGeGeGeGeGeGeGeGeGeGeGeGeGeGeSiSiGeGeGeGeGeGeGeGeSiGeGeGeGeSiSiGeGeGeGeGeGeGeSiGeGeGeSiSiGeGeGeSiSiSiGeGeGeGeSiSi
          56 Ge     149377.031    
GeGeGeGeGeGeGeGeGeGeGeGeGeGeGeGeGeGeSiSiGeGeGeGeGeGeGeGeGeGeGeGeGeSiSiGeGeGeGeGeGeGeSiGeGeGeSiSiGeGeGeSiSiSiGeGeGeGeSiSi
          29 Ge     169991.594    
==============================================
MonteCarlo: Metropolis with identity changes
Si > Ge, Ge > Si. STOP when occurrence <    0.00000
==============================================
Cost_function     Occurrence %     Scan-Cost
   128908.6796875000 GeSiGeGeGeSiGeSiGeGeGeSiGeGeGeGeGeGeGeSiGeSiGeGeGeSiSiGeGeGeGeGeGeGeGeGeGeGeGeGeSiGeGeGeGeSiGeGeGeGeGeGeGeGeGeGeSiGeSiGe
   117767.6015625000 SiSiGeGeGeSiGeSiGeGeGeGeGeGeGeGeGeGeGeGeGeGeGeGeGeSiSiSiGeGeGeGeGeGeGeGeGeGeGeGeSiGeGeGeSiSiGeGeGeGeGeGeGeGeGeGeSiGeSiGe
   117767.6015625000 SiSiGeGeGeSiGeSiGeGeGeGeGeGeGeGeGeGeGeGeGeGeGeGeGeSiSiSiGeGeGeGeGeGeGeGeGeGeGeGeSiGeGeGeSiSiGeGeGeGeGeGeGeGeGeGeSiGeSiGe
   117767.6015625000 SiSiGeGeGeSiGeSiGeGeGeGeGeGeGeGeGeGeGeGeGeGeGeGeGeSiSiSiGeGeGeGeGeGeGeGeGeGeGeGeSiGeGeGeSiSiGeGeGeGeGeGeGeGeGeGeSiGeSiGe
   117767.6015625000 SiSiGeGeGeSiGeSiGeGeGeGeGeGeGeGeGeGeGeGeGeGeGeGeGeSiSiSiGeGeGeGeGeGeGeGeGeGeGeGeSiGeGeGeSiSiGeGeGeGeGeGeGeGeGeGeSiGeSiGe
   117767.6015625000 SiSiGeGeGeSiGeSiGeGeGeGeGeGeGeGeGeGeGeGeGeGeGeGeGeSiSiSiGeGeGeGeGeGeGeGeGeGeGeGeSiGeGeGeSiSiGeGeGeGeGeGeGeGeGeGeSiGeSiGe
   111488.2734375000 GeSiGeGeSiGeSiGeSiGeGeSiGeGeGeGeGeGeGeGeGeSiGeGeGeGeGeGeGeGeGeGeGeGeGeGeGeGeGeGeSiGeSiGeGeGeGeGeGeGeGeGeGeSiSiGeGeSiSiGe
   110270.8046875000 GeSiGeGeGeSiSiGeSiGeGeSiGeGeGeGeGeGeGeGeGeGeSiGeSiGeGeGeGeGeGeGeGeGeGeGeGeGeGeGeSiGeGeGeGeGeGeGeGeGeGeGeGeGeSiGeGeSiSiSi
   110270.8046875000 GeSiGeGeGeSiSiGeSiGeGeSiGeGeGeGeGeGeGeGeGeGeSiGeSiGeGeGeGeGeGeGeGeGeGeGeGeGeGeGeSiGeGeGeGeGeGeGeGeGeGeGeGeGeSiGeGeSiSiSi
   110270.8046875000 GeSiGeGeGeSiSiGeSiGeGeSiGeGeGeGeGeGeGeGeGeGeSiGeSiGeGeGeGeGeGeGeGeGeGeGeGeGeGeGeSiGeGeGeGeGeGeGeGeGeGeGeGeGeSiGeGeSiSiSi
    95228.3828125000 GeSiGeGeGeSiGeGeSiGeGeSiGeGeGeGeGeGeGeGeGeGeSiGeSiGeGeGeGeGeGeGeGeSiGeGeGeGeGeGeSiGeGeGeGeGeGeGeGeGeGeGeGeGeSiGeGeSiSiSi
    95228.3828125000 GeSiGeGeGeSiGeGeSiGeGeSiGeGeGeGeGeGeGeGeGeGeSiGeSiGeGeGeGeGeGeGeGeSiGeGeGeGeGeGeSiGeGeGeGeGeGeGeGeGeGeGeGeGeSiGeGeSiSiSi
    95228.3828125000 GeSiGeGeGeSiGeGeSiGeGeSiGeGeGeGeGeGeGeGeGeGeSiGeSiGeGeGeGeGeGeGeGeSiGeGeGeGeGeGeSiGeGeGeGeGeGeGeGeGeGeGeGeGeSiGeGeSiSiSi
    95228.3828125000 GeSiGeGeGeSiGeGeSiGeGeSiGeGeGeGeGeGeGeGeGeGeSiGeSiGeGeGeGeGeGeGeGeSiGeGeGeGeGeGeSiGeGeGeGeGeGeGeGeGeGeGeGeGeSiGeGeSiSiSi
    95228.3828125000 GeSiGeGeGeSiGeGeSiGeGeSiGeGeGeGeGeGeGeGeGeGeSiGeSiGeGeGeGeGeGeGeGeSiGeGeGeGeGeGeSiGeGeGeGeGeGeGeGeGeGeGeGeGeSiGeGeSiSiSi
    95228.3828125000 GeSiGeGeGeSiGeGeSiGeGeSiGeGeGeGeGeGeGeGeGeGeSiGeSiGeGeGeGeGeGeGeGeSiGeGeGeGeGeGeSiGeGeGeGeGeGeGeGeGeGeGeGeGeSiGeGeSiSiSi
    95228.3828125000 GeSiGeGeGeSiGeGeSiGeGeSiGeGeGeGeGeGeGeGeGeGeSiGeSiGeGeGeGeGeGeGeGeSiGeGeGeGeGeGeSiGeGeGeGeGeGeGeGeGeGeGeGeGeSiGeGeSiSiSi
    95228.3828125000 GeSiGeGeGeSiGeGeSiGeGeSiGeGeGeGeGeGeGeGeGeGeSiGeSiGeGeGeGeGeGeGeGeSiGeGeGeGeGeGeSiGeGeGeGeGeGeGeGeGeGeGeGeGeSiGeGeSiSiSi
    95228.3828125000 GeSiGeGeGeSiGeGeSiGeGeSiGeGeGeGeGeGeGeGeGeGeSiGeSiGeGeGeGeGeGeGeGeSiGeGeGeGeGeGeSiGeGeGeGeGeGeGeGeGeGeGeGeGeSiGeGeSiSiSi
    95228.3828125000 GeSiGeGeGeSiGeGeSiGeGeSiGeGeGeGeGeGeGeGeGeGeSiGeSiGeGeGeGeGeGeGeGeSiGeGeGeGeGeGeSiGeGeGeGeGeGeGeGeGeGeGeGeGeSiGeGeSiSiSi
    95228.3828125000 GeSiGeGeGeSiGeGeSiGeGeSiGeGeGeGeGeGeGeGeGeGeSiGeSiGeGeGeGeGeGeGeGeSiGeGeGeGeGeGeSiGeGeGeGeGeGeGeGeGeGeGeGeGeSiGeGeSiSiSi
    95228.3828125000 GeSiGeGeGeSiGeGeSiGeGeSiGeGeGeGeGeGeGeGeGeGeSiGeSiGeGeGeGeGeGeGeGeSiGeGeGeGeGeGeSiGeGeGeGeGeGeGeGeGeGeGeGeGeSiGeGeSiSiSi
    95228.3828125000 GeSiGeGeGeSiGeGeSiGeGeSiGeGeGeGeGeGeGeGeGeGeSiGeSiGeGeGeGeGeGeGeGeSiGeGeGeGeGeGeSiGeGeGeGeGeGeGeGeGeGeGeGeGeSiGeGeSiSiSi
    95228.3828125000 GeSiGeGeGeSiGeGeSiGeGeSiGeGeGeGeGeGeGeGeGeGeSiGeSiGeGeGeGeGeGeGeGeSiGeGeGeGeGeGeSiGeGeGeGeGeGeGeGeGeGeGeGeGeSiGeGeSiSiSi
    95228.3828125000 GeSiGeGeGeSiGeGeSiGeGeSiGeGeGeGeGeGeGeGeGeGeSiGeSiGeGeGeGeGeGeGeGeSiGeGeGeGeGeGeSiGeGeGeGeGeGeGeGeGeGeGeGeGeSiGeGeSiSiSi
    95228.3828125000 GeSiGeGeGeSiGeGeSiGeGeSiGeGeGeGeGeGeGeGeGeGeSiGeSiGeGeGeGeGeGeGeGeSiGeGeGeGeGeGeSiGeGeGeGeGeGeGeGeGeGeGeGeGeSiGeGeSiSiSi
    95228.3828125000 GeSiGeGeGeSiGeGeSiGeGeSiGeGeGeGeGeGeGeGeGeGeSiGeSiGeGeGeGeGeGeGeGeSiGeGeGeGeGeGeSiGeGeGeGeGeGeGeGeGeGeGeGeGeSiGeGeSiSiSi
    95228.3828125000 GeSiGeGeGeSiGeGeSiGeGeSiGeGeGeGeGeGeGeGeGeGeSiGeSiGeGeGeGeGeGeGeGeSiGeGeGeGeGeGeSiGeGeGeGeGeGeGeGeGeGeGeGeGeSiGeGeSiSiSi
    95228.3828125000 GeSiGeGeGeSiGeGeSiGeGeSiGeGeGeGeGeGeGeGeGeGeSiGeSiGeGeGeGeGeGeGeGeSiGeGeGeGeGeGeSiGeGeGeGeGeGeGeGeGeGeGeGeGeSiGeGeSiSiSi
    95228.3828125000 GeSiGeGeGeSiGeGeSiGeGeSiGeGeGeGeGeGeGeGeGeGeSiGeSiGeGeGeGeGeGeGeGeSiGeGeGeGeGeGeSiGeGeGeGeGeGeGeGeGeGeGeGeGeSiGeGeSiSiSi
    95228.3828125000 GeSiGeGeGeSiGeGeSiGeGeSiGeGeGeGeGeGeGeGeGeGeSiGeSiGeGeGeGeGeGeGeGeSiGeGeGeGeGeGeSiGeGeGeGeGeGeGeGeGeGeGeGeGeSiGeGeSiSiSi
    95228.3828125000 GeSiGeGeGeSiGeGeSiGeGeSiGeGeGeGeGeGeGeGeGeGeSiGeSiGeGeGeGeGeGeGeGeSiGeGeGeGeGeGeSiGeGeGeGeGeGeGeGeGeGeGeGeGeSiGeGeSiSiSi
    95228.3828125000 GeSiGeGeGeSiGeGeSiGeGeSiGeGeGeGeGeGeGeGeGeGeSiGeSiGeGeGeGeGeGeGeGeSiGeGeGeGeGeGeSiGeGeGeGeGeGeGeGeGeGeGeGeGeSiGeGeSiSiSi
    95228.3828125000 GeSiGeGeGeSiGeGeSiGeGeSiGeGeGeGeGeGeGeGeGeGeSiGeSiGeGeGeGeGeGeGeGeSiGeGeGeGeGeGeSiGeGeGeGeGeGeGeGeGeGeGeGeGeSiGeGeSiSiSi
    95228.3828125000 GeSiGeGeGeSiGeGeSiGeGeSiGeGeGeGeGeGeGeGeGeGeSiGeSiGeGeGeGeGeGeGeGeSiGeGeGeGeGeGeSiGeGeGeGeGeGeGeGeGeGeGeGeGeSiGeGeSiSiSi
    95228.3828125000 GeSiGeGeGeSiGeGeSiGeGeSiGeGeGeGeGeGeGeGeGeGeSiGeSiGeGeGeGeGeGeGeGeSiGeGeGeGeGeGeSiGeGeGeGeGeGeGeGeGeGeGeGeGeSiGeGeSiSiSi
    95228.3828125000 GeSiGeGeGeSiGeGeSiGeGeSiGeGeGeGeGeGeGeGeGeGeSiGeSiGeGeGeGeGeGeGeGeSiGeGeGeGeGeGeSiGeGeGeGeGeGeGeGeGeGeGeGeGeSiGeGeSiSiSi
    95228.3828125000 GeSiGeGeGeSiGeGeSiGeGeSiGeGeGeGeGeGeGeGeGeGeSiGeSiGeGeGeGeGeGeGeGeSiGeGeGeGeGeGeSiGeGeGeGeGeGeGeGeGeGeGeGeGeSiGeGeSiSiSi
    95228.3828125000 GeSiGeGeGeSiGeGeSiGeGeSiGeGeGeGeGeGeGeGeGeGeSiGeSiGeGeGeGeGeGeGeGeSiGeGeGeGeGeGeSiGeGeGeGeGeGeGeGeGeGeGeGeGeSiGeGeSiSiSi
    95228.3828125000 GeSiGeGeGeSiGeGeSiGeGeSiGeGeGeGeGeGeGeGeGeGeSiGeSiGeGeGeGeGeGeGeGeSiGeGeGeGeGeGeSiGeGeGeGeGeGeGeGeGeGeGeGeGeSiGeGeSiSiSi
    95228.3828125000 GeSiGeGeGeSiGeGeSiGeGeSiGeGeGeGeGeGeGeGeGeGeSiGeSiGeGeGeGeGeGeGeGeSiGeGeGeGeGeGeSiGeGeGeGeGeGeGeGeGeGeGeGeGeSiGeGeSiSiSi
    95228.3828125000 GeSiGeGeGeSiGeGeSiGeGeSiGeGeGeGeGeGeGeGeGeGeSiGeSiGeGeGeGeGeGeGeGeSiGeGeGeGeGeGeSiGeGeGeGeGeGeGeGeGeGeGeGeGeSiGeGeSiSiSi
    95228.3828125000 GeSiGeGeGeSiGeGeSiGeGeSiGeGeGeGeGeGeGeGeGeGeSiGeSiGeGeGeGeGeGeGeGeSiGeGeGeGeGeGeSiGeGeGeGeGeGeGeGeGeGeGeGeGeSiGeGeSiSiSi
    95228.3828125000 GeSiGeGeGeSiGeGeSiGeGeSiGeGeGeGeGeGeGeGeGeGeSiGeSiGeGeGeGeGeGeGeGeSiGeGeGeGeGeGeSiGeGeGeGeGeGeGeGeGeGeGeGeGeSiGeGeSiSiSi
    95228.3828125000 GeSiGeGeGeSiGeGeSiGeGeSiGeGeGeGeGeGeGeGeGeGeSiGeSiGeGeGeGeGeGeGeGeSiGeGeGeGeGeGeSiGeGeGeGeGeGeGeGeGeGeGeGeGeSiGeGeSiSiSi
    95228.3828125000 GeSiGeGeGeSiGeGeSiGeGeSiGeGeGeGeGeGeGeGeGeGeSiGeSiGeGeGeGeGeGeGeGeSiGeGeGeGeGeGeSiGeGeGeGeGeGeGeGeGeGeGeGeGeSiGeGeSiSiSi
    95228.3828125000 GeSiGeGeGeSiGeGeSiGeGeSiGeGeGeGeGeGeGeGeGeGeSiGeSiGeGeGeGeGeGeGeGeSiGeGeGeGeGeGeSiGeGeGeGeGeGeGeGeGeGeGeGeGeSiGeGeSiSiSi
    95228.3828125000 GeSiGeGeGeSiGeGeSiGeGeSiGeGeGeGeGeGeGeGeGeGeSiGeSiGeGeGeGeGeGeGeGeSiGeGeGeGeGeGeSiGeGeGeGeGeGeGeGeGeGeGeGeGeSiGeGeSiSiSi
    95228.3828125000 GeSiGeGeGeSiGeGeSiGeGeSiGeGeGeGeGeGeGeGeGeGeSiGeSiGeGeGeGeGeGeGeGeSiGeGeGeGeGeGeSiGeGeGeGeGeGeGeGeGeGeGeGeGeSiGeGeSiSiSi
    95228.3828125000 GeSiGeGeGeSiGeGeSiGeGeSiGeGeGeGeGeGeGeGeGeGeSiGeSiGeGeGeGeGeGeGeGeSiGeGeGeGeGeGeSiGeGeGeGeGeGeGeGeGeGeGeGeGeSiGeGeSiSiSi
    95228.3828125000 GeSiGeGeGeSiGeGeSiGeGeSiGeGeGeGeGeGeGeGeGeGeSiGeSiGeGeGeGeGeGeGeGeSiGeGeGeGeGeGeSiGeGeGeGeGeGeGeGeGeGeGeGeGeSiGeGeSiSiSi
    95228.3828125000 GeSiGeGeGeSiGeGeSiGeGeSiGeGeGeGeGeGeGeGeGeGeSiGeSiGeGeGeGeGeGeGeGeSiGeGeGeGeGeGeSiGeGeGeGeGeGeGeGeGeGeGeGeGeSiGeGeSiSiSi
    95228.3828125000 GeSiGeGeGeSiGeGeSiGeGeSiGeGeGeGeGeGeGeGeGeGeSiGeSiGeGeGeGeGeGeGeGeSiGeGeGeGeGeGeSiGeGeGeGeGeGeGeGeGeGeGeGeGeSiGeGeSiSiSi
    95228.3828125000 GeSiGeGeGeSiGeGeSiGeGeSiGeGeGeGeGeGeGeGeGeGeSiGeSiGeGeGeGeGeGeGeGeSiGeGeGeGeGeGeSiGeGeGeGeGeGeGeGeGeGeGeGeGeSiGeGeSiSiSi
    95228.3828125000 GeSiGeGeGeSiGeGeSiGeGeSiGeGeGeGeGeGeGeGeGeGeSiGeSiGeGeGeGeGeGeGeGeSiGeGeGeGeGeGeSiGeGeGeGeGeGeGeGeGeGeGeGeGeSiGeGeSiSiSi
    95228.3828125000 GeSiGeGeGeSiGeGeSiGeGeSiGeGeGeGeGeGeGeGeGeGeSiGeSiGeGeGeGeGeGeGeGeSiGeGeGeGeGeGeSiGeGeGeGeGeGeGeGeGeGeGeGeGeSiGeGeSiSiSi
    95228.3828125000 GeSiGeGeGeSiGeGeSiGeGeSiGeGeGeGeGeGeGeGeGeGeSiGeSiGeGeGeGeGeGeGeGeSiGeGeGeGeGeGeSiGeGeGeGeGeGeGeGeGeGeGeGeGeSiGeGeSiSiSi
    95228.3828125000 GeSiGeGeGeSiGeGeSiGeGeSiGeGeGeGeGeGeGeGeGeGeSiGeSiGeGeGeGeGeGeGeGeSiGeGeGeGeGeGeSiGeGeGeGeGeGeGeGeGeGeGeGeGeSiGeGeSiSiSi
    95228.3828125000 GeSiGeGeGeSiGeGeSiGeGeSiGeGeGeGeGeGeGeGeGeGeSiGeSiGeGeGeGeGeGeGeGeSiGeGeGeGeGeGeSiGeGeGeGeGeGeGeGeGeGeGeGeGeSiGeGeSiSiSi
    95228.3828125000 GeSiGeGeGeSiGeGeSiGeGeSiGeGeGeGeGeGeGeGeGeGeSiGeSiGeGeGeGeGeGeGeGeSiGeGeGeGeGeGeSiGeGeGeGeGeGeGeGeGeGeGeGeGeSiGeGeSiSiSi
    95228.3828125000 GeSiGeGeGeSiGeGeSiGeGeSiGeGeGeGeGeGeGeGeGeGeSiGeSiGeGeGeGeGeGeGeGeSiGeGeGeGeGeGeSiGeGeGeGeGeGeGeGeGeGeGeGeGeSiGeGeSiSiSi
    95228.3828125000 GeSiGeGeGeSiGeGeSiGeGeSiGeGeGeGeGeGeGeGeGeGeSiGeSiGeGeGeGeGeGeGeGeSiGeGeGeGeGeGeSiGeGeGeGeGeGeGeGeGeGeGeGeGeSiGeGeSiSiSi
    95228.3828125000 GeSiGeGeGeSiGeGeSiGeGeSiGeGeGeGeGeGeGeGeGeGeSiGeSiGeGeGeGeGeGeGeGeSiGeGeGeGeGeGeSiGeGeGeGeGeGeGeGeGeGeGeGeGeSiGeGeSiSiSi
    95228.3828125000 GeSiGeGeGeSiGeGeSiGeGeSiGeGeGeGeGeGeGeGeGeGeSiGeSiGeGeGeGeGeGeGeGeSiGeGeGeGeGeGeSiGeGeGeGeGeGeGeGeGeGeGeGeGeSiGeGeSiSiSi
    95228.3828125000 GeSiGeGeGeSiGeGeSiGeGeSiGeGeGeGeGeGeGeGeGeGeSiGeSiGeGeGeGeGeGeGeGeSiGeGeGeGeGeGeSiGeGeGeGeGeGeGeGeGeGeGeGeGeSiGeGeSiSiSi
    95228.3828125000 GeSiGeGeGeSiGeGeSiGeGeSiGeGeGeGeGeGeGeGeGeGeSiGeSiGeGeGeGeGeGeGeGeSiGeGeGeGeGeGeSiGeGeGeGeGeGeGeGeGeGeGeGeGeSiGeGeSiSiSi
    95228.3828125000 GeSiGeGeGeSiGeGeSiGeGeSiGeGeGeGeGeGeGeGeGeGeSiGeSiGeGeGeGeGeGeGeGeSiGeGeGeGeGeGeSiGeGeGeGeGeGeGeGeGeGeGeGeGeSiGeGeSiSiSi
    95228.3828125000 GeSiGeGeGeSiGeGeSiGeGeSiGeGeGeGeGeGeGeGeGeGeSiGeSiGeGeGeGeGeGeGeGeSiGeGeGeGeGeGeSiGeGeGeGeGeGeGeGeGeGeGeGeGeSiGeGeSiSiSi
    95228.3828125000 GeSiGeGeGeSiGeGeSiGeGeSiGeGeGeGeGeGeGeGeGeGeSiGeSiGeGeGeGeGeGeGeGeSiGeGeGeGeGeGeSiGeGeGeGeGeGeGeGeGeGeGeGeGeSiGeGeSiSiSi
    95228.3828125000 GeSiGeGeGeSiGeGeSiGeGeSiGeGeGeGeGeGeGeGeGeGeSiGeSiGeGeGeGeGeGeGeGeSiGeGeGeGeGeGeSiGeGeGeGeGeGeGeGeGeGeGeGeGeSiGeGeSiSiSi
    95228.3828125000 GeSiGeGeGeSiGeGeSiGeGeSiGeGeGeGeGeGeGeGeGeGeSiGeSiGeGeGeGeGeGeGeGeSiGeGeGeGeGeGeSiGeGeGeGeGeGeGeGeGeGeGeGeGeSiGeGeSiSiSi
    95228.3828125000 GeSiGeGeGeSiGeGeSiGeGeSiGeGeGeGeGeGeGeGeGeGeSiGeSiGeGeGeGeGeGeGeGeSiGeGeGeGeGeGeSiGeGeGeGeGeGeGeGeGeGeGeGeGeSiGeGeSiSiSi
    95228.3828125000 GeSiGeGeGeSiGeGeSiGeGeSiGeGeGeGeGeGeGeGeGeGeSiGeSiGeGeGeGeGeGeGeGeSiGeGeGeGeGeGeSiGeGeGeGeGeGeGeGeGeGeGeGeGeSiGeGeSiSiSi
    95228.3828125000 GeSiGeGeGeSiGeGeSiGeGeSiGeGeGeGeGeGeGeGeGeGeSiGeSiGeGeGeGeGeGeGeGeSiGeGeGeGeGeGeSiGeGeGeGeGeGeGeGeGeGeGeGeGeSiGeGeSiSiSi
    95228.3828125000 GeSiGeGeGeSiGeGeSiGeGeSiGeGeGeGeGeGeGeGeGeGeSiGeSiGeGeGeGeGeGeGeGeSiGeGeGeGeGeGeSiGeGeGeGeGeGeGeGeGeGeGeGeGeSiGeGeSiSiSi
    95228.3828125000 GeSiGeGeGeSiGeGeSiGeGeSiGeGeGeGeGeGeGeGeGeGeSiGeSiGeGeGeGeGeGeGeGeSiGeGeGeGeGeGeSiGeGeGeGeGeGeGeGeGeGeGeGeGeSiGeGeSiSiSi
    95228.3828125000 GeSiGeGeGeSiGeGeSiGeGeSiGeGeGeGeGeGeGeGeGeGeSiGeSiGeGeGeGeGeGeGeGeSiGeGeGeGeGeGeSiGeGeGeGeGeGeGeGeGeGeGeGeGeSiGeGeSiSiSi
    95228.3828125000 GeSiGeGeGeSiGeGeSiGeGeSiGeGeGeGeGeGeGeGeGeGeSiGeSiGeGeGeGeGeGeGeGeSiGeGeGeGeGeGeSiGeGeGeGeGeGeGeGeGeGeGeGeGeSiGeGeSiSiSi
    95228.3828125000 GeSiGeGeGeSiGeGeSiGeGeSiGeGeGeGeGeGeGeGeGeGeSiGeSiGeGeGeGeGeGeGeGeSiGeGeGeGeGeGeSiGeGeGeGeGeGeGeGeGeGeGeGeGeSiGeGeSiSiSi
    95228.3828125000 GeSiGeGeGeSiGeGeSiGeGeSiGeGeGeGeGeGeGeGeGeGeSiGeSiGeGeGeGeGeGeGeGeSiGeGeGeGeGeGeSiGeGeGeGeGeGeGeGeGeGeGeGeGeSiGeGeSiSiSi
    95228.3828125000 GeSiGeGeGeSiGeGeSiGeGeSiGeGeGeGeGeGeGeGeGeGeSiGeSiGeGeGeGeGeGeGeGeSiGeGeGeGeGeGeSiGeGeGeGeGeGeGeGeGeGeGeGeGeSiGeGeSiSiSi
    95228.3828125000 GeSiGeGeGeSiGeGeSiGeGeSiGeGeGeGeGeGeGeGeGeGeSiGeSiGeGeGeGeGeGeGeGeSiGeGeGeGeGeGeSiGeGeGeGeGeGeGeGeGeGeGeGeGeSiGeGeSiSiSi
    95228.3828125000 GeSiGeGeGeSiGeGeSiGeGeSiGeGeGeGeGeGeGeGeGeGeSiGeSiGeGeGeGeGeGeGeGeSiGeGeGeGeGeGeSiGeGeGeGeGeGeGeGeGeGeGeGeGeSiGeGeSiSiSi
    95228.3828125000 GeSiGeGeGeSiGeGeSiGeGeSiGeGeGeGeGeGeGeGeGeGeSiGeSiGeGeGeGeGeGeGeGeSiGeGeGeGeGeGeSiGeGeGeGeGeGeGeGeGeGeGeGeGeSiGeGeSiSiSi
    95228.3828125000 GeSiGeGeGeSiGeGeSiGeGeSiGeGeGeGeGeGeGeGeGeGeSiGeSiGeGeGeGeGeGeGeGeSiGeGeGeGeGeGeSiGeGeGeGeGeGeGeGeGeGeGeGeGeSiGeGeSiSiSi
    95228.3828125000 GeSiGeGeGeSiGeGeSiGeGeSiGeGeGeGeGeGeGeGeGeGeSiGeSiGeGeGeGeGeGeGeGeSiGeGeGeGeGeGeSiGeGeGeGeGeGeGeGeGeGeGeGeGeSiGeGeSiSiSi
    95228.3828125000 GeSiGeGeGeSiGeGeSiGeGeSiGeGeGeGeGeGeGeGeGeGeSiGeSiGeGeGeGeGeGeGeGeSiGeGeGeGeGeGeSiGeGeGeGeGeGeGeGeGeGeGeGeGeSiGeGeSiSiSi
    95228.3828125000 GeSiGeGeGeSiGeGeSiGeGeSiGeGeGeGeGeGeGeGeGeGeSiGeSiGeGeGeGeGeGeGeGeSiGeGeGeGeGeGeSiGeGeGeGeGeGeGeGeGeGeGeGeGeSiGeGeSiSiSi
    95228.3828125000 GeSiGeGeGeSiGeGeSiGeGeSiGeGeGeGeGeGeGeGeGeGeSiGeSiGeGeGeGeGeGeGeGeSiGeGeGeGeGeGeSiGeGeGeGeGeGeGeGeGeGeGeGeGeSiGeGeSiSiSi
    95228.3828125000 GeSiGeGeGeSiGeGeSiGeGeSiGeGeGeGeGeGeGeGeGeGeSiGeSiGeGeGeGeGeGeGeGeSiGeGeGeGeGeGeSiGeGeGeGeGeGeGeGeGeGeGeGeGeSiGeGeSiSiSi
    95228.3828125000 GeSiGeGeGeSiGeGeSiGeGeSiGeGeGeGeGeGeGeGeGeGeSiGeSiGeGeGeGeGeGeGeGeSiGeGeGeGeGeGeSiGeGeGeGeGeGeGeGeGeGeGeGeGeSiGeGeSiSiSi
    95228.3828125000 GeSiGeGeGeSiGeGeSiGeGeSiGeGeGeGeGeGeGeGeGeGeSiGeSiGeGeGeGeGeGeGeGeSiGeGeGeGeGeGeSiGeGeGeGeGeGeGeGeGeGeGeGeGeSiGeGeSiSiSi
    95228.3828125000 GeSiGeGeGeSiGeGeSiGeGeSiGeGeGeGeGeGeGeGeGeGeSiGeSiGeGeGeGeGeGeGeGeSiGeGeGeGeGeGeSiGeGeGeGeGeGeGeGeGeGeGeGeGeSiGeGeSiSiSi
    95228.3828125000 GeSiGeGeGeSiGeGeSiGeGeSiGeGeGeGeGeGeGeGeGeGeSiGeSiGeGeGeGeGeGeGeGeSiGeGeGeGeGeGeSiGeGeGeGeGeGeGeGeGeGeGeGeGeSiGeGeSiSiSi
    95228.3828125000 GeSiGeGeGeSiGeGeSiGeGeSiGeGeGeGeGeGeGeGeGeGeSiGeSiGeGeGeGeGeGeGeGeSiGeGeGeGeGeGeSiGeGeGeGeGeGeGeGeGeGeGeGeGeSiGeGeSiSiSi
    95228.3828125000 GeSiGeGeGeSiGeGeSiGeGeSiGeGeGeGeGeGeGeGeGeGeSiGeSiGeGeGeGeGeGeGeGeSiGeGeGeGeGeGeSiGeGeGeGeGeGeGeGeGeGeGeGeGeSiGeGeSiSiSi
    95228.3828125000 GeSiGeGeGeSiGeGeSiGeGeSiGeGeGeGeGeGeGeGeGeGeSiGeSiGeGeGeGeGeGeGeGeSiGeGeGeGeGeGeSiGeGeGeGeGeGeGeGeGeGeGeGeGeSiGeGeSiSiSi
    95228.3828125000 GeSiGeGeGeSiGeGeSiGeGeSiGeGeGeGeGeGeGeGeGeGeSiGeSiGeGeGeGeGeGeGeGeSiGeGeGeGeGeGeSiGeGeGeGeGeGeGeGeGeGeGeGeGeSiGeGeSiSiSi
    95228.3828125000 GeSiGeGeGeSiGeGeSiGeGeSiGeGeGeGeGeGeGeGeGeGeSiGeSiGeGeGeGeGeGeGeGeSiGeGeGeGeGeGeSiGeGeGeGeGeGeGeGeGeGeGeGeGeSiGeGeSiSiSi
    95228.3828125000 GeSiGeGeGeSiGeGeSiGeGeSiGeGeGeGeGeGeGeGeGeGeSiGeSiGeGeGeGeGeGeGeGeSiGeGeGeGeGeGeSiGeGeGeGeGeGeGeGeGeGeGeGeGeSiGeGeSiSiSi
    95228.3828125000 GeSiGeGeGeSiGeGeSiGeGeSiGeGeGeGeGeGeGeGeGeGeSiGeSiGeGeGeGeGeGeGeGeSiGeGeGeGeGeGeSiGeGeGeGeGeGeGeGeGeGeGeGeGeSiGeGeSiSiSi
    95228.3828125000 GeSiGeGeGeSiGeGeSiGeGeSiGeGeGeGeGeGeGeGeGeGeSiGeSiGeGeGeGeGeGeGeGeSiGeGeGeGeGeGeSiGeGeGeGeGeGeGeGeGeGeGeGeGeSiGeGeSiSiSi
    95228.3828125000 GeSiGeGeGeSiGeGeSiGeGeSiGeGeGeGeGeGeGeGeGeGeSiGeSiGeGeGeGeGeGeGeGeSiGeGeGeGeGeGeSiGeGeGeGeGeGeGeGeGeGeGeGeGeSiGeGeSiSiSi
    95228.3828125000 GeSiGeGeGeSiGeGeSiGeGeSiGeGeGeGeGeGeGeGeGeGeSiGeSiGeGeGeGeGeGeGeGeSiGeGeGeGeGeGeSiGeGeGeGeGeGeGeGeGeGeGeGeGeSiGeGeSiSiSi
    95228.3828125000 GeSiGeGeGeSiGeGeSiGeGeSiGeGeGeGeGeGeGeGeGeGeSiGeSiGeGeGeGeGeGeGeGeSiGeGeGeGeGeGeSiGeGeGeGeGeGeGeGeGeGeGeGeGeSiGeGeSiSiSi
    95228.3828125000 GeSiGeGeGeSiGeGeSiGeGeSiGeGeGeGeGeGeGeGeGeGeSiGeSiGeGeGeGeGeGeGeGeSiGeGeGeGeGeGeSiGeGeGeGeGeGeGeGeGeGeGeGeGeSiGeGeSiSiSi
    95228.3828125000 GeSiGeGeGeSiGeGeSiGeGeSiGeGeGeGeGeGeGeGeGeGeSiGeSiGeGeGeGeGeGeGeGeSiGeGeGeGeGeGeSiGeGeGeGeGeGeGeGeGeGeGeGeGeSiGeGeSiSiSi
    95228.3828125000 GeSiGeGeGeSiGeGeSiGeGeSiGeGeGeGeGeGeGeGeGeGeSiGeSiGeGeGeGeGeGeGeGeSiGeGeGeGeGeGeSiGeGeGeGeGeGeGeGeGeGeGeGeGeSiGeGeSiSiSi
    95228.3828125000 GeSiGeGeGeSiGeGeSiGeGeSiGeGeGeGeGeGeGeGeGeGeSiGeSiGeGeGeGeGeGeGeGeSiGeGeGeGeGeGeSiGeGeGeGeGeGeGeGeGeGeGeGeGeSiGeGeSiSiSi
    95228.3828125000 GeSiGeGeGeSiGeGeSiGeGeSiGeGeGeGeGeGeGeGeGeGeSiGeSiGeGeGeGeGeGeGeGeSiGeGeGeGeGeGeSiGeGeGeGeGeGeGeGeGeGeGeGeGeSiGeGeSiSiSi
    95228.3828125000 GeSiGeGeGeSiGeGeSiGeGeSiGeGeGeGeGeGeGeGeGeGeSiGeSiGeGeGeGeGeGeGeGeSiGeGeGeGeGeGeSiGeGeGeGeGeGeGeGeGeGeGeGeGeSiGeGeSiSiSi
    95228.3828125000 GeSiGeGeGeSiGeGeSiGeGeSiGeGeGeGeGeGeGeGeGeGeSiGeSiGeGeGeGeGeGeGeGeSiGeGeGeGeGeGeSiGeGeGeGeGeGeGeGeGeGeGeGeGeSiGeGeSiSiSi
    95228.3828125000 GeSiGeGeGeSiGeGeSiGeGeSiGeGeGeGeGeGeGeGeGeGeSiGeSiGeGeGeGeGeGeGeGeSiGeGeGeGeGeGeSiGeGeGeGeGeGeGeGeGeGeGeGeGeSiGeGeSiSiSi
    95228.3828125000 GeSiGeGeGeSiGeGeSiGeGeSiGeGeGeGeGeGeGeGeGeGeSiGeSiGeGeGeGeGeGeGeGeSiGeGeGeGeGeGeSiGeGeGeGeGeGeGeGeGeGeGeGeGeSiGeGeSiSiSi
    95228.3828125000 GeSiGeGeGeSiGeGeSiGeGeSiGeGeGeGeGeGeGeGeGeGeSiGeSiGeGeGeGeGeGeGeGeSiGeGeGeGeGeGeSiGeGeGeGeGeGeGeGeGeGeGeGeGeSiGeGeSiSiSi
    95228.3828125000 GeSiGeGeGeSiGeGeSiGeGeSiGeGeGeGeGeGeGeGeGeGeSiGeSiGeGeGeGeGeGeGeGeSiGeGeGeGeGeGeSiGeGeGeGeGeGeGeGeGeGeGeGeGeSiGeGeSiSiSi
    95228.3828125000 GeSiGeGeGeSiGeGeSiGeGeSiGeGeGeGeGeGeGeGeGeGeSiGeSiGeGeGeGeGeGeGeGeSiGeGeGeGeGeGeSiGeGeGeGeGeGeGeGeGeGeGeGeGeSiGeGeSiSiSi
    95228.3828125000 GeSiGeGeGeSiGeGeSiGeGeSiGeGeGeGeGeGeGeGeGeGeSiGeSiGeGeGeGeGeGeGeGeSiGeGeGeGeGeGeSiGeGeGeGeGeGeGeGeGeGeGeGeGeSiGeGeSiSiSi
    95228.3828125000 GeSiGeGeGeSiGeGeSiGeGeSiGeGeGeGeGeGeGeGeGeGeSiGeSiGeGeGeGeGeGeGeGeSiGeGeGeGeGeGeSiGeGeGeGeGeGeGeGeGeGeGeGeGeSiGeGeSiSiSi
    95228.3828125000 GeSiGeGeGeSiGeGeSiGeGeSiGeGeGeGeGeGeGeGeGeGeSiGeSiGeGeGeGeGeGeGeGeSiGeGeGeGeGeGeSiGeGeGeGeGeGeGeGeGeGeGeGeGeSiGeGeSiSiSi
    95228.3828125000 GeSiGeGeGeSiGeGeSiGeGeSiGeGeGeGeGeGeGeGeGeGeSiGeSiGeGeGeGeGeGeGeGeSiGeGeGeGeGeGeSiGeGeGeGeGeGeGeGeGeGeGeGeGeSiGeGeSiSiSi
    95228.3828125000 GeSiGeGeGeSiGeGeSiGeGeSiGeGeGeGeGeGeGeGeGeGeSiGeSiGeGeGeGeGeGeGeGeSiGeGeGeGeGeGeSiGeGeGeGeGeGeGeGeGeGeGeGeGeSiGeGeSiSiSi
    95228.3828125000 GeSiGeGeGeSiGeGeSiGeGeSiGeGeGeGeGeGeGeGeGeGeSiGeSiGeGeGeGeGeGeGeGeSiGeGeGeGeGeGeSiGeGeGeGeGeGeGeGeGeGeGeGeGeSiGeGeSiSiSi
    95228.3828125000 GeSiGeGeGeSiGeGeSiGeGeSiGeGeGeGeGeGeGeGeGeGeSiGeSiGeGeGeGeGeGeGeGeSiGeGeGeGeGeGeSiGeGeGeGeGeGeGeGeGeGeGeGeGeSiGeGeSiSiSi
    95228.3828125000 GeSiGeGeGeSiGeGeSiGeGeSiGeGeGeGeGeGeGeGeGeGeSiGeSiGeGeGeGeGeGeGeGeSiGeGeGeGeGeGeSiGeGeGeGeGeGeGeGeGeGeGeGeGeSiGeGeSiSiSi
    95228.3828125000 GeSiGeGeGeSiGeGeSiGeGeSiGeGeGeGeGeGeGeGeGeGeSiGeSiGeGeGeGeGeGeGeGeSiGeGeGeGeGeGeSiGeGeGeGeGeGeGeGeGeGeGeGeGeSiGeGeSiSiSi
    95228.3828125000 GeSiGeGeGeSiGeGeSiGeGeSiGeGeGeGeGeGeGeGeGeGeSiGeSiGeGeGeGeGeGeGeGeSiGeGeGeGeGeGeSiGeGeGeGeGeGeGeGeGeGeGeGeGeSiGeGeSiSiSi
    95228.3828125000 GeSiGeGeGeSiGeGeSiGeGeSiGeGeGeGeGeGeGeGeGeGeSiGeSiGeGeGeGeGeGeGeGeSiGeGeGeGeGeGeSiGeGeGeGeGeGeGeGeGeGeGeGeGeSiGeGeSiSiSi
    95228.3828125000 GeSiGeGeGeSiGeGeSiGeGeSiGeGeGeGeGeGeGeGeGeGeSiGeSiGeGeGeGeGeGeGeGeSiGeGeGeGeGeGeSiGeGeGeGeGeGeGeGeGeGeGeGeGeSiGeGeSiSiSi
    95228.3828125000 GeSiGeGeGeSiGeGeSiGeGeSiGeGeGeGeGeGeGeGeGeGeSiGeSiGeGeGeGeGeGeGeGeSiGeGeGeGeGeGeSiGeGeGeGeGeGeGeGeGeGeGeGeGeSiGeGeSiSiSi
    95228.3828125000 GeSiGeGeGeSiGeGeSiGeGeSiGeGeGeGeGeGeGeGeGeGeSiGeSiGeGeGeGeGeGeGeGeSiGeGeGeGeGeGeSiGeGeGeGeGeGeGeGeGeGeGeGeGeSiGeGeSiSiSi
    95228.3828125000 GeSiGeGeGeSiGeGeSiGeGeSiGeGeGeGeGeGeGeGeGeGeSiGeSiGeGeGeGeGeGeGeGeSiGeGeGeGeGeGeSiGeGeGeGeGeGeGeGeGeGeGeGeGeSiGeGeSiSiSi
    95228.3828125000 GeSiGeGeGeSiGeGeSiGeGeSiGeGeGeGeGeGeGeGeGeGeSiGeSiGeGeGeGeGeGeGeGeSiGeGeGeGeGeGeSiGeGeGeGeGeGeGeGeGeGeGeGeGeSiGeGeSiSiSi
    95228.3828125000 GeSiGeGeGeSiGeGeSiGeGeSiGeGeGeGeGeGeGeGeGeGeSiGeSiGeGeGeGeGeGeGeGeSiGeGeGeGeGeGeSiGeGeGeGeGeGeGeGeGeGeGeGeGeSiGeGeSiSiSi
    95228.3828125000 GeSiGeGeGeSiGeGeSiGeGeSiGeGeGeGeGeGeGeGeGeGeSiGeSiGeGeGeGeGeGeGeGeSiGeGeGeGeGeGeSiGeGeGeGeGeGeGeGeGeGeGeGeGeSiGeGeSiSiSi
    95228.3828125000 GeSiGeGeGeSiGeGeSiGeGeSiGeGeGeGeGeGeGeGeGeGeSiGeSiGeGeGeGeGeGeGeGeSiGeGeGeGeGeGeSiGeGeGeGeGeGeGeGeGeGeGeGeGeSiGeGeSiSiSi
    95228.3828125000 GeSiGeGeGeSiGeGeSiGeGeSiGeGeGeGeGeGeGeGeGeGeSiGeSiGeGeGeGeGeGeGeGeSiGeGeGeGeGeGeSiGeGeGeGeGeGeGeGeGeGeGeGeGeSiGeGeSiSiSi
    95228.3828125000 GeSiGeGeGeSiGeGeSiGeGeSiGeGeGeGeGeGeGeGeGeGeSiGeSiGeGeGeGeGeGeGeGeSiGeGeGeGeGeGeSiGeGeGeGeGeGeGeGeGeGeGeGeGeSiGeGeSiSiSi
    95228.3828125000 GeSiGeGeGeSiGeGeSiGeGeSiGeGeGeGeGeGeGeGeGeGeSiGeSiGeGeGeGeGeGeGeGeSiGeGeGeGeGeGeSiGeGeGeGeGeGeGeGeGeGeGeGeGeSiGeGeSiSiSi
    95228.3828125000 GeSiGeGeGeSiGeGeSiGeGeSiGeGeGeGeGeGeGeGeGeGeSiGeSiGeGeGeGeGeGeGeGeSiGeGeGeGeGeGeSiGeGeGeGeGeGeGeGeGeGeGeGeGeSiGeGeSiSiSi
    95228.3828125000 GeSiGeGeGeSiGeGeSiGeGeSiGeGeGeGeGeGeGeGeGeGeSiGeSiGeGeGeGeGeGeGeGeSiGeGeGeGeGeGeSiGeGeGeGeGeGeGeGeGeGeGeGeGeSiGeGeSiSiSi
    95228.3828125000 GeSiGeGeGeSiGeGeSiGeGeSiGeGeGeGeGeGeGeGeGeGeSiGeSiGeGeGeGeGeGeGeGeSiGeGeGeGeGeGeSiGeGeGeGeGeGeGeGeGeGeGeGeGeSiGeGeSiSiSi
    95228.3828125000 GeSiGeGeGeSiGeGeSiGeGeSiGeGeGeGeGeGeGeGeGeGeSiGeSiGeGeGeGeGeGeGeGeSiGeGeGeGeGeGeSiGeGeGeGeGeGeGeGeGeGeGeGeGeSiGeGeSiSiSi
    95228.3828125000 GeSiGeGeGeSiGeGeSiGeGeSiGeGeGeGeGeGeGeGeGeGeSiGeSiGeGeGeGeGeGeGeGeSiGeGeGeGeGeGeSiGeGeGeGeGeGeGeGeGeGeGeGeGeSiGeGeSiSiSi
    95228.3828125000 GeSiGeGeGeSiGeGeSiGeGeSiGeGeGeGeGeGeGeGeGeGeSiGeSiGeGeGeGeGeGeGeGeSiGeGeGeGeGeGeSiGeGeGeGeGeGeGeGeGeGeGeGeGeSiGeGeSiSiSi
    95228.3828125000 GeSiGeGeGeSiGeGeSiGeGeSiGeGeGeGeGeGeGeGeGeGeSiGeSiGeGeGeGeGeGeGeGeSiGeGeGeGeGeGeSiGeGeGeGeGeGeGeGeGeGeGeGeGeSiGeGeSiSiSi
    95228.3828125000 GeSiGeGeGeSiGeGeSiGeGeSiGeGeGeGeGeGeGeGeGeGeSiGeSiGeGeGeGeGeGeGeGeSiGeGeGeGeGeGeSiGeGeGeGeGeGeGeGeGeGeGeGeGeSiGeGeSiSiSi
    95228.3828125000 GeSiGeGeGeSiGeGeSiGeGeSiGeGeGeGeGeGeGeGeGeGeSiGeSiGeGeGeGeGeGeGeGeSiGeGeGeGeGeGeSiGeGeGeGeGeGeGeGeGeGeGeGeGeSiGeGeSiSiSi
    95228.3828125000 GeSiGeGeGeSiGeGeSiGeGeSiGeGeGeGeGeGeGeGeGeGeSiGeSiGeGeGeGeGeGeGeGeSiGeGeGeGeGeGeSiGeGeGeGeGeGeGeGeGeGeGeGeGeSiGeGeSiSiSi
    95228.3828125000 GeSiGeGeGeSiGeGeSiGeGeSiGeGeGeGeGeGeGeGeGeGeSiGeSiGeGeGeGeGeGeGeGeSiGeGeGeGeGeGeSiGeGeGeGeGeGeGeGeGeGeGeGeGeSiGeGeSiSiSi
    95228.3828125000 GeSiGeGeGeSiGeGeSiGeGeSiGeGeGeGeGeGeGeGeGeGeSiGeSiGeGeGeGeGeGeGeGeSiGeGeGeGeGeGeSiGeGeGeGeGeGeGeGeGeGeGeGeGeSiGeGeSiSiSi
    95228.3828125000 GeSiGeGeGeSiGeGeSiGeGeSiGeGeGeGeGeGeGeGeGeGeSiGeSiGeGeGeGeGeGeGeGeSiGeGeGeGeGeGeSiGeGeGeGeGeGeGeGeGeGeGeGeGeSiGeGeSiSiSi
    95228.3828125000 GeSiGeGeGeSiGeGeSiGeGeSiGeGeGeGeGeGeGeGeGeGeSiGeSiGeGeGeGeGeGeGeGeSiGeGeGeGeGeGeSiGeGeGeGeGeGeGeGeGeGeGeGeGeSiGeGeSiSiSi
    95228.3828125000 GeSiGeGeGeSiGeGeSiGeGeSiGeGeGeGeGeGeGeGeGeGeSiGeSiGeGeGeGeGeGeGeGeSiGeGeGeGeGeGeSiGeGeGeGeGeGeGeGeGeGeGeGeGeSiGeGeSiSiSi
    95228.3828125000 GeSiGeGeGeSiGeGeSiGeGeSiGeGeGeGeGeGeGeGeGeGeSiGeSiGeGeGeGeGeGeGeGeSiGeGeGeGeGeGeSiGeGeGeGeGeGeGeGeGeGeGeGeGeSiGeGeSiSiSi
    95228.3828125000 GeSiGeGeGeSiGeGeSiGeGeSiGeGeGeGeGeGeGeGeGeGeSiGeSiGeGeGeGeGeGeGeGeSiGeGeGeGeGeGeSiGeGeGeGeGeGeGeGeGeGeGeGeGeSiGeGeSiSiSi
    95228.3828125000 GeSiGeGeGeSiGeGeSiGeGeSiGeGeGeGeGeGeGeGeGeGeSiGeSiGeGeGeGeGeGeGeGeSiGeGeGeGeGeGeSiGeGeGeGeGeGeGeGeGeGeGeGeGeSiGeGeSiSiSi
    95228.3828125000 GeSiGeGeGeSiGeGeSiGeGeSiGeGeGeGeGeGeGeGeGeGeSiGeSiGeGeGeGeGeGeGeGeSiGeGeGeGeGeGeSiGeGeGeGeGeGeGeGeGeGeGeGeGeSiGeGeSiSiSi
    95228.3828125000 GeSiGeGeGeSiGeGeSiGeGeSiGeGeGeGeGeGeGeGeGeGeSiGeSiGeGeGeGeGeGeGeGeSiGeGeGeGeGeGeSiGeGeGeGeGeGeGeGeGeGeGeGeGeSiGeGeSiSiSi
    95228.3828125000 GeSiGeGeGeSiGeGeSiGeGeSiGeGeGeGeGeGeGeGeGeGeSiGeSiGeGeGeGeGeGeGeGeSiGeGeGeGeGeGeSiGeGeGeGeGeGeGeGeGeGeGeGeGeSiGeGeSiSiSi
    95228.3828125000 GeSiGeGeGeSiGeGeSiGeGeSiGeGeGeGeGeGeGeGeGeGeSiGeSiGeGeGeGeGeGeGeGeSiGeGeGeGeGeGeSiGeGeGeGeGeGeGeGeGeGeGeGeGeSiGeGeSiSiSi
    95228.3828125000 GeSiGeGeGeSiGeGeSiGeGeSiGeGeGeGeGeGeGeGeGeGeSiGeSiGeGeGeGeGeGeGeGeSiGeGeGeGeGeGeSiGeGeGeGeGeGeGeGeGeGeGeGeGeSiGeGeSiSiSi
    95228.3828125000 GeSiGeGeGeSiGeGeSiGeGeSiGeGeGeGeGeGeGeGeGeGeSiGeSiGeGeGeGeGeGeGeGeSiGeGeGeGeGeGeSiGeGeGeGeGeGeGeGeGeGeGeGeGeSiGeGeSiSiSi
    95228.3828125000 GeSiGeGeGeSiGeGeSiGeGeSiGeGeGeGeGeGeGeGeGeGeSiGeSiGeGeGeGeGeGeGeGeSiGeGeGeGeGeGeSiGeGeGeGeGeGeGeGeGeGeGeGeGeSiGeGeSiSiSi
    95228.3828125000 GeSiGeGeGeSiGeGeSiGeGeSiGeGeGeGeGeGeGeGeGeGeSiGeSiGeGeGeGeGeGeGeGeSiGeGeGeGeGeGeSiGeGeGeGeGeGeGeGeGeGeGeGeGeSiGeGeSiSiSi
    95228.3828125000 GeSiGeGeGeSiGeGeSiGeGeSiGeGeGeGeGeGeGeGeGeGeSiGeSiGeGeGeGeGeGeGeGeSiGeGeGeGeGeGeSiGeGeGeGeGeGeGeGeGeGeGeGeGeSiGeGeSiSiSi
    95228.3828125000 GeSiGeGeGeSiGeGeSiGeGeSiGeGeGeGeGeGeGeGeGeGeSiGeSiGeGeGeGeGeGeGeGeSiGeGeGeGeGeGeSiGeGeGeGeGeGeGeGeGeGeGeGeGeSiGeGeSiSiSi
    95228.3828125000 GeSiGeGeGeSiGeGeSiGeGeSiGeGeGeGeGeGeGeGeGeGeSiGeSiGeGeGeGeGeGeGeGeSiGeGeGeGeGeGeSiGeGeGeGeGeGeGeGeGeGeGeGeGeSiGeGeSiSiSi
    95228.3828125000 GeSiGeGeGeSiGeGeSiGeGeSiGeGeGeGeGeGeGeGeGeGeSiGeSiGeGeGeGeGeGeGeGeSiGeGeGeGeGeGeSiGeGeGeGeGeGeGeGeGeGeGeGeGeSiGeGeSiSiSi
    95228.3828125000 GeSiGeGeGeSiGeGeSiGeGeSiGeGeGeGeGeGeGeGeGeGeSiGeSiGeGeGeGeGeGeGeGeSiGeGeGeGeGeGeSiGeGeGeGeGeGeGeGeGeGeGeGeGeSiGeGeSiSiSi
    95228.3828125000 GeSiGeGeGeSiGeGeSiGeGeSiGeGeGeGeGeGeGeGeGeGeSiGeSiGeGeGeGeGeGeGeGeSiGeGeGeGeGeGeSiGeGeGeGeGeGeGeGeGeGeGeGeGeSiGeGeSiSiSi
    95228.3828125000 GeSiGeGeGeSiGeGeSiGeGeSiGeGeGeGeGeGeGeGeGeGeSiGeSiGeGeGeGeGeGeGeGeSiGeGeGeGeGeGeSiGeGeGeGeGeGeGeGeGeGeGeGeGeSiGeGeSiSiSi
    95228.3828125000 GeSiGeGeGeSiGeGeSiGeGeSiGeGeGeGeGeGeGeGeGeGeSiGeSiGeGeGeGeGeGeGeGeSiGeGeGeGeGeGeSiGeGeGeGeGeGeGeGeGeGeGeGeGeSiGeGeSiSiSi
    95228.3828125000 GeSiGeGeGeSiGeGeSiGeGeSiGeGeGeGeGeGeGeGeGeGeSiGeSiGeGeGeGeGeGeGeGeSiGeGeGeGeGeGeSiGeGeGeGeGeGeGeGeGeGeGeGeGeSiGeGeSiSiSi
    95228.3828125000 GeSiGeGeGeSiGeGeSiGeGeSiGeGeGeGeGeGeGeGeGeGeSiGeSiGeGeGeGeGeGeGeGeSiGeGeGeGeGeGeSiGeGeGeGeGeGeGeGeGeGeGeGeGeSiGeGeSiSiSi
    95228.3828125000 GeSiGeGeGeSiGeGeSiGeGeSiGeGeGeGeGeGeGeGeGeGeSiGeSiGeGeGeGeGeGeGeGeSiGeGeGeGeGeGeSiGeGeGeGeGeGeGeGeGeGeGeGeGeSiGeGeSiSiSi
    95228.3828125000 GeSiGeGeGeSiGeGeSiGeGeSiGeGeGeGeGeGeGeGeGeGeSiGeSiGeGeGeGeGeGeGeGeSiGeGeGeGeGeGeSiGeGeGeGeGeGeGeGeGeGeGeGeGeSiGeGeSiSiSi
    95228.3828125000 GeSiGeGeGeSiGeGeSiGeGeSiGeGeGeGeGeGeGeGeGeGeSiGeSiGeGeGeGeGeGeGeGeSiGeGeGeGeGeGeSiGeGeGeGeGeGeGeGeGeGeGeGeGeSiGeGeSiSiSi
    95228.3828125000 GeSiGeGeGeSiGeGeSiGeGeSiGeGeGeGeGeGeGeGeGeGeSiGeSiGeGeGeGeGeGeGeGeSiGeGeGeGeGeGeSiGeGeGeGeGeGeGeGeGeGeGeGeGeSiGeGeSiSiSi
    95228.3828125000 GeSiGeGeGeSiGeGeSiGeGeSiGeGeGeGeGeGeGeGeGeGeSiGeSiGeGeGeGeGeGeGeGeSiGeGeGeGeGeGeSiGeGeGeGeGeGeGeGeGeGeGeGeGeSiGeGeSiSiSi
    95228.3828125000 GeSiGeGeGeSiGeGeSiGeGeSiGeGeGeGeGeGeGeGeGeGeSiGeSiGeGeGeGeGeGeGeGeSiGeGeGeGeGeGeSiGeGeGeGeGeGeGeGeGeGeGeGeGeSiGeGeSiSiSi
    95228.3828125000 GeSiGeGeGeSiGeGeSiGeGeSiGeGeGeGeGeGeGeGeGeGeSiGeSiGeGeGeGeGeGeGeGeSiGeGeGeGeGeGeSiGeGeGeGeGeGeGeGeGeGeGeGeGeSiGeGeSiSiSi
    95228.3828125000 GeSiGeGeGeSiGeGeSiGeGeSiGeGeGeGeGeGeGeGeGeGeSiGeSiGeGeGeGeGeGeGeGeSiGeGeGeGeGeGeSiGeGeGeGeGeGeGeGeGeGeGeGeGeSiGeGeSiSiSi
    95228.3828125000 GeSiGeGeGeSiGeGeSiGeGeSiGeGeGeGeGeGeGeGeGeGeSiGeSiGeGeGeGeGeGeGeGeSiGeGeGeGeGeGeSiGeGeGeGeGeGeGeGeGeGeGeGeGeSiGeGeSiSiSi
    95228.3828125000 GeSiGeGeGeSiGeGeSiGeGeSiGeGeGeGeGeGeGeGeGeGeSiGeSiGeGeGeGeGeGeGeGeSiGeGeGeGeGeGeSiGeGeGeGeGeGeGeGeGeGeGeGeGeSiGeGeSiSiSi
    95228.3828125000 GeSiGeGeGeSiGeGeSiGeGeSiGeGeGeGeGeGeGeGeGeGeSiGeSiGeGeGeGeGeGeGeGeSiGeGeGeGeGeGeSiGeGeGeGeGeGeGeGeGeGeGeGeGeSiGeGeSiSiSi
    95228.3828125000 GeSiGeGeGeSiGeGeSiGeGeSiGeGeGeGeGeGeGeGeGeGeSiGeSiGeGeGeGeGeGeGeGeSiGeGeGeGeGeGeSiGeGeGeGeGeGeGeGeGeGeGeGeGeSiGeGeSiSiSi
    95228.3828125000 GeSiGeGeGeSiGeGeSiGeGeSiGeGeGeGeGeGeGeGeGeGeSiGeSiGeGeGeGeGeGeGeGeSiGeGeGeGeGeGeSiGeGeGeGeGeGeGeGeGeGeGeGeGeSiGeGeSiSiSi
    95228.3828125000 GeSiGeGeGeSiGeGeSiGeGeSiGeGeGeGeGeGeGeGeGeGeSiGeSiGeGeGeGeGeGeGeGeSiGeGeGeGeGeGeSiGeGeGeGeGeGeGeGeGeGeGeGeGeSiGeGeSiSiSi
    95228.3828125000 GeSiGeGeGeSiGeGeSiGeGeSiGeGeGeGeGeGeGeGeGeGeSiGeSiGeGeGeGeGeGeGeGeSiGeGeGeGeGeGeSiGeGeGeGeGeGeGeGeGeGeGeGeGeSiGeGeSiSiSi
    95228.3828125000 GeSiGeGeGeSiGeGeSiGeGeSiGeGeGeGeGeGeGeGeGeGeSiGeSiGeGeGeGeGeGeGeGeSiGeGeGeGeGeGeSiGeGeGeGeGeGeGeGeGeGeGeGeGeSiGeGeSiSiSi
    95228.3828125000 GeSiGeGeGeSiGeGeSiGeGeSiGeGeGeGeGeGeGeGeGeGeSiGeSiGeGeGeGeGeGeGeGeSiGeGeGeGeGeGeSiGeGeGeGeGeGeGeGeGeGeGeGeGeSiGeGeSiSiSi
    95228.3828125000 GeSiGeGeGeSiGeGeSiGeGeSiGeGeGeGeGeGeGeGeGeGeSiGeSiGeGeGeGeGeGeGeGeSiGeGeGeGeGeGeSiGeGeGeGeGeGeGeGeGeGeGeGeGeSiGeGeSiSiSi
    95228.3828125000 GeSiGeGeGeSiGeGeSiGeGeSiGeGeGeGeGeGeGeGeGeGeSiGeSiGeGeGeGeGeGeGeGeSiGeGeGeGeGeGeSiGeGeGeGeGeGeGeGeGeGeGeGeGeSiGeGeSiSiSi
    95228.3828125000 GeSiGeGeGeSiGeGeSiGeGeSiGeGeGeGeGeGeGeGeGeGeSiGeSiGeGeGeGeGeGeGeGeSiGeGeGeGeGeGeSiGeGeGeGeGeGeGeGeGeGeGeGeGeSiGeGeSiSiSi
    95228.3828125000 GeSiGeGeGeSiGeGeSiGeGeSiGeGeGeGeGeGeGeGeGeGeSiGeSiGeGeGeGeGeGeGeGeSiGeGeGeGeGeGeSiGeGeGeGeGeGeGeGeGeGeGeGeGeSiGeGeSiSiSi
    95228.3828125000 GeSiGeGeGeSiGeGeSiGeGeSiGeGeGeGeGeGeGeGeGeGeSiGeSiGeGeGeGeGeGeGeGeSiGeGeGeGeGeGeSiGeGeGeGeGeGeGeGeGeGeGeGeGeSiGeGeSiSiSi
    95228.3828125000 GeSiGeGeGeSiGeGeSiGeGeSiGeGeGeGeGeGeGeGeGeGeSiGeSiGeGeGeGeGeGeGeGeSiGeGeGeGeGeGeSiGeGeGeGeGeGeGeGeGeGeGeGeGeSiGeGeSiSiSi
    95228.3828125000 GeSiGeGeGeSiGeGeSiGeGeSiGeGeGeGeGeGeGeGeGeGeSiGeSiGeGeGeGeGeGeGeGeSiGeGeGeGeGeGeSiGeGeGeGeGeGeGeGeGeGeGeGeGeSiGeGeSiSiSi
    95228.3828125000 GeSiGeGeGeSiGeGeSiGeGeSiGeGeGeGeGeGeGeGeGeGeSiGeSiGeGeGeGeGeGeGeGeSiGeGeGeGeGeGeSiGeGeGeGeGeGeGeGeGeGeGeGeGeSiGeGeSiSiSi
    95228.3828125000 GeSiGeGeGeSiGeGeSiGeGeSiGeGeGeGeGeGeGeGeGeGeSiGeSiGeGeGeGeGeGeGeGeSiGeGeGeGeGeGeSiGeGeGeGeGeGeGeGeGeGeGeGeGeSiGeGeSiSiSi
filename: c000000931370280.gin     
Cell:
    11.9020996    11.9020996    29.6919994    90.0000000    90.0000000   120.0000000
Box:
    11.9020996    -5.9510503     0.0000000
     0.0000000    10.3075209     0.0000000
     0.0000000     0.0000000    29.6919994
----------------------------------------
Inverse Box:
     0.0840188     0.0485083     0.0000000
     0.0000000     0.0970165     0.0000000
     0.0000000     0.0000000     0.0336791
----------------------------------------
==============================================
geometrical properties of  48 Ge:
 Configuration:           0
 D_ave:   9.09803009       3.56113458    
 D_min:   3.02009988       3.24624404E-02
 energia:   95228.3828    
