Random Seed:  1181079941
Number of atoms:    60
Space Group:    1
Cell:
    11.9020996    11.9020996    29.6919994    90.0000000    90.0000000   120.0000000
Box:
    11.9020996    -5.9510503     0.0000000
     0.0000000    10.3075209     0.0000000
     0.0000000     0.0000000    29.6919994
----------------------------------------
Inverse Box:
     0.0840188     0.0485083     0.0000000
     0.0000000     0.0970165     0.0000000
     0.0000000     0.0000000     0.0336791
----------------------------------------
GeSiSiSiSiSiSiSiSiSiSiSiSiSiSiSiSiSiSiSiSiSiSiSiSiSiSiSiSiSiSiSiSiSiSiSiSiSiSiSiSiSiSiSiSiSiSiSiSiSiSiSiGeSiSiSiSiSiSiSi
           1 Ge    -7732.99609    
GeSiGeSiSiSiSiSiSiSiSiSiSiSiSiSiSiSiSiSiSiSiSiSiSiSiSiSiSiSiSiSiSiSiSiSiSiSiSiSiSiSiSiSiSiSiSiSiSiSiSiSiGeSiSiSiSiSiSiSi
           3 Ge    -7720.96240    
GeSiGeGeSiSiSiSiSiSiSiSiSiSiSiSiSiSiSiSiSiSiSiSiSiSiSiSiSiSiSiSiSiSiSiSiSiSiSiSiSiSiSiSiSiSiSiSiSiSiSiSiGeSiSiSiSiSiSiSi
           4 Ge    -7733.96777    
GeSiGeGeGeSiSiSiSiSiSiSiSiSiSiSiSiSiSiSiSiSiSiSiSiSiSiSiSiSiSiSiSiSiSiSiSiSiSiSiSiSiSiSiSiSiSiSiSiSiSiSiGeSiSiSiSiSiSiSi
           5 Ge    -7765.07031    
GeSiGeGeGeGeSiSiSiSiSiSiSiSiSiSiSiSiSiSiSiSiSiSiSiSiSiSiSiSiSiSiSiSiSiSiSiSiSiSiSiSiSiSiSiSiSiSiSiSiSiSiGeSiSiSiSiSiSiSi
           6 Ge    -7821.13965    
GeSiGeGeGeGeGeSiSiSiSiSiSiSiSiSiSiSiSiSiSiSiSiSiSiSiSiSiSiSiSiSiSiSiSiSiSiSiSiSiSiSiSiSiSiSiSiSiSiSiSiSiGeSiSiSiSiSiSiSi
           7 Ge    -7959.26074    
GeSiGeGeGeGeGeGeSiSiSiSiSiSiSiSiSiSiSiSiSiSiSiSiSiSiSiSiSiSiSiSiSiSiSiSiSiSiSiSiSiSiSiSiSiSiSiSiSiSiSiSiGeSiSiSiSiSiSiSi
           8 Ge    -8074.20020    
GeSiGeGeGeGeGeGeSiSiSiGeSiSiSiSiSiSiSiSiSiSiSiSiSiSiSiSiSiSiSiSiSiSiSiSiSiSiSiSiSiSiSiSiSiSiSiSiSiSiSiSiGeSiSiSiSiSiSiSi
          12 Ge    -8365.93945    
GeSiGeGeGeGeGeGeSiSiSiGeSiGeSiSiSiSiSiSiSiSiSiSiSiSiSiSiSiSiSiSiSiSiSiSiSiSiSiSiSiSiSiSiSiSiSiSiSiSiSiSiGeSiSiSiSiSiSiSi
          14 Ge    -8710.13184    
GeSiGeGeGeGeGeGeSiSiSiGeSiGeSiGeSiSiSiSiSiSiSiSiSiSiSiSiSiSiSiSiSiSiSiSiSiSiSiSiSiSiSiSiSiSiSiSiSiSiSiSiGeSiSiSiSiSiSiSi
          16 Ge    -9119.08594    
GeSiGeGeGeGeGeGeSiSiSiGeSiGeSiGeSiSiSiSiSiSiSiSiSiGeSiSiSiSiSiSiSiSiSiSiSiSiSiSiSiSiSiSiSiSiSiSiSiSiSiSiGeSiSiSiSiSiSiSi
          26 Ge    -8945.43750    
GeSiGeGeGeGeGeGeSiSiSiGeSiGeSiGeSiSiSiSiSiSiSiSiSiGeSiSiSiGeSiSiSiSiSiSiSiSiSiSiSiSiSiSiSiSiSiSiSiSiSiSiGeSiSiSiSiSiSiSi
          30 Ge    -8821.60742    
GeSiGeGeGeGeGeGeSiSiSiGeSiGeSiGeSiSiSiSiSiSiSiSiSiGeSiSiSiGeSiSiGeSiSiSiSiSiSiSiSiSiSiSiSiSiSiSiSiSiSiSiGeSiSiSiSiSiSiSi
          33 Ge    -9394.83008    
GeSiGeGeGeGeGeGeSiSiSiGeSiGeSiGeSiSiSiSiSiSiSiSiSiGeSiSiSiGeSiSiGeSiSiGeSiSiSiSiSiSiSiSiSiSiSiSiSiSiSiSiGeSiSiSiSiSiSiSi
          36 Ge    -9106.83887    
GeSiGeGeGeGeGeGeSiSiSiGeSiGeSiGeSiSiSiSiSiSiSiSiSiGeSiSiSiGeSiSiGeSiSiGeSiSiGeSiSiSiSiSiSiSiSiSiSiSiSiSiGeSiSiSiSiSiSiSi
          39 Ge    -9803.75586    
GeSiGeGeGeGeGeGeSiSiSiGeSiGeSiGeSiSiSiSiSiSiSiSiSiGeSiSiSiGeSiSiGeSiSiGeSiSiGeGeSiSiSiSiSiSiSiSiSiSiSiSiGeSiSiSiSiSiSiSi
          40 Ge    -10259.5020    
GeSiGeGeGeGeGeGeSiSiSiGeSiGeSiGeSiSiSiSiSiSiSiSiSiGeSiSiSiGeSiSiGeSiSiGeSiSiGeGeSiGeSiSiSiSiSiSiSiSiSiSiGeSiSiSiSiSiSiSi
          42 Ge    -8802.71680    
GeSiGeGeGeGeGeGeSiSiSiGeSiGeSiGeSiSiSiSiSiSiSiSiSiGeSiSiSiGeSiSiGeSiSiGeSiSiGeGeSiGeSiSiSiGeSiSiSiSiSiSiGeSiSiSiSiSiSiSi
          46 Ge    -8886.83887    
GeSiGeGeGeGeGeGeSiSiSiGeSiGeSiGeSiSiSiSiSiSiSiSiSiGeSiSiSiGeSiSiGeSiSiGeSiSiGeGeSiGeSiSiSiGeSiSiSiSiSiSiGeSiSiSiGeSiSiSi
          57 Ge    -10621.1836    
GeSiGeGeGeGeGeGeGeSiSiGeSiGeSiGeSiSiSiSiSiSiSiSiSiGeSiSiSiGeSiSiGeSiSiGeSiSiGeGeSiGeSiSiSiGeSiSiSiSiSiSiGeSiSiSiGeSiSiSi
           9 Ge    -10902.3359    
GeSiGeGeGeGeGeGeGeGeSiGeSiGeSiGeSiSiSiSiSiSiSiSiSiGeSiSiSiGeSiSiGeSiSiGeSiSiGeGeSiGeSiSiSiGeSiSiSiSiSiSiGeSiSiSiGeSiSiSi
          10 Ge    -11270.8027    
GeSiGeGeGeGeGeGeGeGeGeGeSiGeSiGeSiSiSiSiSiSiSiSiSiGeSiSiSiGeSiSiGeSiSiGeSiSiGeGeSiGeSiSiSiGeSiSiSiSiSiSiGeSiSiSiGeSiSiSi
          11 Ge    -12350.6484    
GeSiGeGeGeGeGeGeGeGeGeGeGeGeSiGeSiSiSiSiSiSiSiSiSiGeSiSiSiGeSiSiGeSiSiGeSiSiGeGeSiGeSiSiSiGeSiSiSiSiSiSiGeSiSiSiGeSiSiSi
          13 Ge    -11494.5488    
GeSiGeGeGeGeGeGeGeGeGeGeGeGeGeGeSiSiSiSiSiSiSiSiSiGeSiSiSiGeSiSiGeSiSiGeSiSiGeGeSiGeSiSiSiGeSiSiSiSiSiSiGeSiSiSiGeSiSiSi
          15 Ge    -9308.53711    
GeSiGeGeGeGeGeGeGeGeGeGeGeGeGeGeSiGeSiSiSiSiSiSiSiGeSiSiSiGeSiSiGeSiSiGeSiSiGeGeSiGeSiSiSiGeSiSiSiSiSiSiGeSiSiSiGeSiSiSi
          18 Ge    -6044.08496    
GeSiGeGeGeGeGeGeGeGeGeGeGeGeGeGeSiGeSiSiSiSiGeSiSiGeSiSiSiGeSiSiGeSiSiGeSiSiGeGeSiGeSiSiSiGeSiSiSiSiSiSiGeSiSiSiGeSiSiSi
          23 Ge    -3713.33984    
GeSiGeGeGeGeGeGeGeGeGeGeGeGeGeGeSiGeSiSiSiSiGeGeSiGeSiSiSiGeSiSiGeSiSiGeSiSiGeGeSiGeSiSiSiGeSiSiSiSiSiSiGeSiSiSiGeSiSiSi
          24 Ge     486.462402    
GeSiGeGeGeGeGeGeGeGeGeGeGeGeGeGeSiGeSiSiSiSiGeGeSiGeSiGeSiGeSiSiGeSiSiGeSiSiGeGeSiGeSiSiSiGeSiSiSiSiSiSiGeSiSiSiGeSiSiSi
          28 Ge     648.499023    
GeSiGeGeGeGeGeGeGeGeGeGeGeGeGeGeSiGeSiSiSiSiGeGeSiGeSiGeSiGeSiSiGeSiSiGeSiSiGeGeSiGeSiGeSiGeSiSiSiSiSiSiGeSiSiSiGeSiSiSi
          44 Ge     2415.92480    
GeSiGeGeGeGeGeGeGeGeGeGeGeGeGeGeSiGeSiSiSiSiGeGeSiGeSiGeSiGeSiSiGeSiSiGeSiSiGeGeSiGeSiGeSiGeSiSiSiSiGeSiGeSiSiSiGeSiSiSi
          51 Ge     2493.63086    
GeSiGeGeGeGeGeGeGeGeGeGeGeGeGeGeSiGeSiSiSiSiGeGeSiGeSiGeSiGeSiSiGeSiSiGeSiSiGeGeSiGeSiGeSiGeSiSiSiSiGeSiGeSiSiSiGeGeSiSi
          58 Ge     5850.22559    
GeSiGeGeGeGeGeGeGeGeGeGeGeGeGeGeGeGeSiSiSiSiGeGeSiGeSiGeSiGeSiSiGeSiSiGeSiSiGeGeSiGeSiGeSiGeSiSiSiSiGeSiGeSiSiSiGeGeSiSi
          17 Ge     11149.8193    
GeSiGeGeGeGeGeGeGeGeGeGeGeGeGeGeGeGeSiSiGeSiGeGeSiGeSiGeSiGeSiSiGeSiSiGeSiSiGeGeSiGeSiGeSiGeSiSiSiSiGeSiGeSiSiSiGeGeSiSi
          21 Ge     18102.1562    
GeSiGeGeGeGeGeGeGeGeGeGeGeGeGeGeGeGeSiSiGeGeGeGeSiGeSiGeSiGeSiSiGeSiSiGeSiSiGeGeSiGeSiGeSiGeSiSiSiSiGeSiGeSiSiSiGeGeSiSi
          22 Ge     28494.1328    
GeSiGeGeGeGeGeGeGeGeGeGeGeGeGeGeGeGeSiSiGeGeGeGeSiGeSiGeSiGeGeSiGeSiSiGeSiSiGeGeSiGeSiGeSiGeSiSiSiSiGeSiGeSiSiSiGeGeSiSi
          31 Ge     30796.9180    
GeSiGeGeGeGeGeGeGeGeGeGeGeGeGeGeGeGeSiSiGeGeGeGeSiGeSiGeSiGeGeGeGeSiSiGeSiSiGeGeSiGeSiGeSiGeSiSiSiSiGeSiGeSiSiSiGeGeSiSi
          32 Ge     36740.6523    
GeSiGeGeGeGeGeGeGeGeGeGeGeGeGeGeGeGeSiSiGeGeGeGeSiGeSiGeSiGeGeGeGeSiSiGeSiSiGeGeSiGeSiGeGeGeSiSiSiSiGeSiGeSiSiSiGeGeSiSi
          45 Ge     55142.1055    
GeSiGeGeGeGeGeGeGeGeGeGeGeGeGeGeGeGeSiSiGeGeGeGeSiGeSiGeSiGeGeGeGeSiSiGeSiSiGeGeSiGeSiGeGeGeSiSiGeSiGeSiGeSiSiSiGeGeSiSi
          49 Ge     66749.6641    
GeSiGeGeGeGeGeGeGeGeGeGeGeGeGeGeGeGeSiSiGeGeGeGeSiGeSiGeSiGeGeGeGeSiSiGeSiSiGeGeSiGeSiGeGeGeSiSiGeSiGeSiGeSiGeSiGeGeSiSi
          55 Ge     66281.5938    
GeGeGeGeGeGeGeGeGeGeGeGeGeGeGeGeGeGeSiSiGeGeGeGeSiGeSiGeSiGeGeGeGeSiSiGeSiSiGeGeSiGeSiGeGeGeSiSiGeSiGeSiGeSiGeSiGeGeSiSi
           2 Ge     75657.1094    
GeGeGeGeGeGeGeGeGeGeGeGeGeGeGeGeGeGeSiSiGeGeGeGeGeGeSiGeSiGeGeGeGeSiSiGeSiSiGeGeSiGeSiGeGeGeSiSiGeSiGeSiGeSiGeSiGeGeSiSi
          25 Ge     93578.3594    
GeGeGeGeGeGeGeGeGeGeGeGeGeGeGeGeGeGeSiSiGeGeGeGeGeGeGeGeSiGeGeGeGeSiSiGeSiSiGeGeSiGeSiGeGeGeSiSiGeSiGeSiGeSiGeSiGeGeSiSi
          27 Ge     104838.375    
GeGeGeGeGeGeGeGeGeGeGeGeGeGeGeGeGeGeSiSiGeGeGeGeGeGeGeGeSiGeGeGeGeSiSiGeSiGeGeGeSiGeSiGeGeGeSiSiGeSiGeSiGeSiGeSiGeGeSiSi
          38 Ge     111866.797    
GeGeGeGeGeGeGeGeGeGeGeGeGeGeGeGeGeGeSiSiGeGeGeGeGeGeGeGeSiGeGeGeGeSiSiGeSiGeGeGeSiGeSiGeGeGeSiSiGeSiGeSiGeSiGeGeGeGeSiSi
          56 Ge     120311.352    
GeGeGeGeGeGeGeGeGeGeGeGeGeGeGeGeGeGeSiSiGeGeGeGeGeGeGeGeGeGeGeGeGeSiSiGeSiGeGeGeSiGeSiGeGeGeSiSiGeSiGeSiGeSiGeGeGeGeSiSi
          29 Ge     137848.969    
GeGeGeGeGeGeGeGeGeGeGeGeGeGeGeGeGeGeSiSiGeGeGeGeGeGeGeGeGeGeGeGeGeGeSiGeSiGeGeGeSiGeSiGeGeGeSiSiGeSiGeSiGeSiGeGeGeGeSiSi
          34 Ge     159447.656    
GeGeGeGeGeGeGeGeGeGeGeGeGeGeGeGeGeGeSiSiGeGeGeGeGeGeGeGeGeGeGeGeGeGeSiGeGeGeGeGeSiGeSiGeGeGeSiSiGeSiGeSiGeSiGeGeGeGeSiSi
          37 Ge     186302.781    
GeGeGeGeGeGeGeGeGeGeGeGeGeGeGeGeGeGeSiSiGeGeGeGeGeGeGeGeGeGeGeGeGeGeSiGeGeGeGeGeGeGeSiGeGeGeSiSiGeSiGeSiGeSiGeGeGeGeSiSi
          41 Ge     215157.844    
==============================================
MonteCarlo: Metropolis with identity changes
Si > Ge, Ge > Si. STOP when occurrence <    0.00000
==============================================
Cost_function     Occurrence %     Scan-Cost
   134446.5156250000 SiSiSiSiGeGeGeSiSiGeGeGeGeGeGeGeGeSiGeGeGeGeGeGeGeGeGeGeGeGeSiGeSiGeGeGeGeGeGeGeGeGeGeGeGeGeGeSiSiGeGeGeGeGeGeGeGeGeGeGe
   126799.7421875000 SiSiSiSiSiGeGeGeGeGeGeGeGeGeGeGeGeSiGeGeGeGeGeGeGeGeGeGeGeGeSiGeSiGeGeGeGeGeGeGeGeGeGeGeGeGeGeGeSiGeGeGeGeGeSiSiGeGeGeGe
   126799.7421875000 SiSiSiSiSiGeGeGeGeGeGeGeGeGeGeGeGeSiGeGeGeGeGeGeGeGeGeGeGeGeSiGeSiGeGeGeGeGeGeGeGeGeGeGeGeGeGeGeSiGeGeGeGeGeSiSiGeGeGeGe
   117338.6953125000 SiSiSiSiSiGeGeGeGeGeGeGeGeGeGeGeGeSiGeGeGeGeGeGeGeGeGeGeGeGeSiGeSiGeGeGeGeGeGeGeGeGeGeGeGeGeGeGeGeGeGeGeSiGeSiSiGeGeGeGe
   110353.2109375000 SiSiSiSiSiGeGeGeGeGeGeGeGeGeGeGeGeSiGeGeGeGeGeGeGeGeGeGeGeGeGeGeSiGeGeGeGeGeGeGeGeGeGeGeGeGeGeGeGeSiGeSiSiGeGeSiGeGeGeGe
   110353.2109375000 SiSiSiSiSiGeGeGeGeGeGeGeGeGeGeGeGeSiGeGeGeGeGeGeGeGeGeGeGeGeGeGeSiGeGeGeGeGeGeGeGeGeGeGeGeGeGeGeGeSiGeSiSiGeGeSiGeGeGeGe
   110353.2109375000 SiSiSiSiSiGeGeGeGeGeGeGeGeGeGeGeGeSiGeGeGeGeGeGeGeGeGeGeGeGeGeGeSiGeGeGeGeGeGeGeGeGeGeGeGeGeGeGeGeSiGeSiSiGeGeSiGeGeGeGe
   110353.2109375000 SiSiSiSiSiGeGeGeGeGeGeGeGeGeGeGeGeSiGeGeGeGeGeGeGeGeGeGeGeGeGeGeSiGeGeGeGeGeGeGeGeGeGeGeGeGeGeGeGeSiGeSiSiGeGeSiGeGeGeGe
   110353.2109375000 SiSiSiSiSiGeGeGeGeGeGeGeGeGeGeGeGeSiGeGeGeGeGeGeGeGeGeGeGeGeGeGeSiGeGeGeGeGeGeGeGeGeGeGeGeGeGeGeGeSiGeSiSiGeGeSiGeGeGeGe
   110353.2109375000 SiSiSiSiSiGeGeGeGeGeGeGeGeGeGeGeGeSiGeGeGeGeGeGeGeGeGeGeGeGeGeGeSiGeGeGeGeGeGeGeGeGeGeGeGeGeGeGeGeSiGeSiSiGeGeSiGeGeGeGe
   103709.7578125000 SiSiSiSiSiGeSiGeGeGeGeGeGeGeGeGeGeSiGeGeGeGeGeGeGeGeGeGeGeGeGeGeGeGeGeGeGeGeGeGeGeGeGeGeGeGeGeGeGeSiGeSiSiGeGeSiGeGeGeGe
   103709.7578125000 SiSiSiSiSiGeSiGeGeGeGeGeGeGeGeGeGeSiGeGeGeGeGeGeGeGeGeGeGeGeGeGeGeGeGeGeGeGeGeGeGeGeGeGeGeGeGeGeGeSiGeSiSiGeGeSiGeGeGeGe
   103709.7578125000 SiSiSiSiSiGeSiGeGeGeGeGeGeGeGeGeGeSiGeGeGeGeGeGeGeGeGeGeGeGeGeGeGeGeGeGeGeGeGeGeGeGeGeGeGeGeGeGeGeSiGeSiSiGeGeSiGeGeGeGe
   103709.7578125000 SiSiSiSiSiGeSiGeGeGeGeGeGeGeGeGeGeSiGeGeGeGeGeGeGeGeGeGeGeGeGeGeGeGeGeGeGeGeGeGeGeGeGeGeGeGeGeGeGeSiGeSiSiGeGeSiGeGeGeGe
   103709.7578125000 SiSiSiSiSiGeSiGeGeGeGeGeGeGeGeGeGeSiGeGeGeGeGeGeGeGeGeGeGeGeGeGeGeGeGeGeGeGeGeGeGeGeGeGeGeGeGeGeGeSiGeSiSiGeGeSiGeGeGeGe
   103709.7578125000 SiSiSiSiSiGeSiGeGeGeGeGeGeGeGeGeGeSiGeGeGeGeGeGeGeGeGeGeGeGeGeGeGeGeGeGeGeGeGeGeGeGeGeGeGeGeGeGeGeSiGeSiSiGeGeSiGeGeGeGe
   103709.7578125000 SiSiSiSiSiGeSiGeGeGeGeGeGeGeGeGeGeSiGeGeGeGeGeGeGeGeGeGeGeGeGeGeGeGeGeGeGeGeGeGeGeGeGeGeGeGeGeGeGeSiGeSiSiGeGeSiGeGeGeGe
   103709.7578125000 SiSiSiSiSiGeSiGeGeGeGeGeGeGeGeGeGeSiGeGeGeGeGeGeGeGeGeGeGeGeGeGeGeGeGeGeGeGeGeGeGeGeGeGeGeGeGeGeGeSiGeSiSiGeGeSiGeGeGeGe
   103709.7578125000 SiSiSiSiSiGeSiGeGeGeGeGeGeGeGeGeGeSiGeGeGeGeGeGeGeGeGeGeGeGeGeGeGeGeGeGeGeGeGeGeGeGeGeGeGeGeGeGeGeSiGeSiSiGeGeSiGeGeGeGe
   103709.7578125000 SiSiSiSiSiGeSiGeGeGeGeGeGeGeGeGeGeSiGeGeGeGeGeGeGeGeGeGeGeGeGeGeGeGeGeGeGeGeGeGeGeGeGeGeGeGeGeGeGeSiGeSiSiGeGeSiGeGeGeGe
   103709.7578125000 SiSiSiSiSiGeSiGeGeGeGeGeGeGeGeGeGeSiGeGeGeGeGeGeGeGeGeGeGeGeGeGeGeGeGeGeGeGeGeGeGeGeGeGeGeGeGeGeGeSiGeSiSiGeGeSiGeGeGeGe
   103709.7578125000 SiSiSiSiSiGeSiGeGeGeGeGeGeGeGeGeGeSiGeGeGeGeGeGeGeGeGeGeGeGeGeGeGeGeGeGeGeGeGeGeGeGeGeGeGeGeGeGeGeSiGeSiSiGeGeSiGeGeGeGe
   103709.7578125000 SiSiSiSiSiGeSiGeGeGeGeGeGeGeGeGeGeSiGeGeGeGeGeGeGeGeGeGeGeGeGeGeGeGeGeGeGeGeGeGeGeGeGeGeGeGeGeGeGeSiGeSiSiGeGeSiGeGeGeGe
   103709.7578125000 SiSiSiSiSiGeSiGeGeGeGeGeGeGeGeGeGeSiGeGeGeGeGeGeGeGeGeGeGeGeGeGeGeGeGeGeGeGeGeGeGeGeGeGeGeGeGeGeGeSiGeSiSiGeGeSiGeGeGeGe
   103709.7578125000 SiSiSiSiSiGeSiGeGeGeGeGeGeGeGeGeGeSiGeGeGeGeGeGeGeGeGeGeGeGeGeGeGeGeGeGeGeGeGeGeGeGeGeGeGeGeGeGeGeSiGeSiSiGeGeSiGeGeGeGe
   103709.7578125000 SiSiSiSiSiGeSiGeGeGeGeGeGeGeGeGeGeSiGeGeGeGeGeGeGeGeGeGeGeGeGeGeGeGeGeGeGeGeGeGeGeGeGeGeGeGeGeGeGeSiGeSiSiGeGeSiGeGeGeGe
   103709.7578125000 SiSiSiSiSiGeSiGeGeGeGeGeGeGeGeGeGeSiGeGeGeGeGeGeGeGeGeGeGeGeGeGeGeGeGeGeGeGeGeGeGeGeGeGeGeGeGeGeGeSiGeSiSiGeGeSiGeGeGeGe
   103709.7578125000 SiSiSiSiSiGeSiGeGeGeGeGeGeGeGeGeGeSiGeGeGeGeGeGeGeGeGeGeGeGeGeGeGeGeGeGeGeGeGeGeGeGeGeGeGeGeGeGeGeSiGeSiSiGeGeSiGeGeGeGe
   103709.7578125000 SiSiSiSiSiGeSiGeGeGeGeGeGeGeGeGeGeSiGeGeGeGeGeGeGeGeGeGeGeGeGeGeGeGeGeGeGeGeGeGeGeGeGeGeGeGeGeGeGeSiGeSiSiGeGeSiGeGeGeGe
   103709.7578125000 SiSiSiSiSiGeSiGeGeGeGeGeGeGeGeGeGeSiGeGeGeGeGeGeGeGeGeGeGeGeGeGeGeGeGeGeGeGeGeGeGeGeGeGeGeGeGeGeGeSiGeSiSiGeGeSiGeGeGeGe
   103709.7578125000 SiSiSiSiSiGeSiGeGeGeGeGeGeGeGeGeGeSiGeGeGeGeGeGeGeGeGeGeGeGeGeGeGeGeGeGeGeGeGeGeGeGeGeGeGeGeGeGeGeSiGeSiSiGeGeSiGeGeGeGe
   103709.7578125000 SiSiSiSiSiGeSiGeGeGeGeGeGeGeGeGeGeSiGeGeGeGeGeGeGeGeGeGeGeGeGeGeGeGeGeGeGeGeGeGeGeGeGeGeGeGeGeGeGeSiGeSiSiGeGeSiGeGeGeGe
   103709.7578125000 SiSiSiSiSiGeSiGeGeGeGeGeGeGeGeGeGeSiGeGeGeGeGeGeGeGeGeGeGeGeGeGeGeGeGeGeGeGeGeGeGeGeGeGeGeGeGeGeGeSiGeSiSiGeGeSiGeGeGeGe
   103709.7578125000 SiSiSiSiSiGeSiGeGeGeGeGeGeGeGeGeGeSiGeGeGeGeGeGeGeGeGeGeGeGeGeGeGeGeGeGeGeGeGeGeGeGeGeGeGeGeGeGeGeSiGeSiSiGeGeSiGeGeGeGe
   103709.7578125000 SiSiSiSiSiGeSiGeGeGeGeGeGeGeGeGeGeSiGeGeGeGeGeGeGeGeGeGeGeGeGeGeGeGeGeGeGeGeGeGeGeGeGeGeGeGeGeGeGeSiGeSiSiGeGeSiGeGeGeGe
   103709.7578125000 SiSiSiSiSiGeSiGeGeGeGeGeGeGeGeGeGeSiGeGeGeGeGeGeGeGeGeGeGeGeGeGeGeGeGeGeGeGeGeGeGeGeGeGeGeGeGeGeGeSiGeSiSiGeGeSiGeGeGeGe
   103709.7578125000 SiSiSiSiSiGeSiGeGeGeGeGeGeGeGeGeGeSiGeGeGeGeGeGeGeGeGeGeGeGeGeGeGeGeGeGeGeGeGeGeGeGeGeGeGeGeGeGeGeSiGeSiSiGeGeSiGeGeGeGe
   103709.7578125000 SiSiSiSiSiGeSiGeGeGeGeGeGeGeGeGeGeSiGeGeGeGeGeGeGeGeGeGeGeGeGeGeGeGeGeGeGeGeGeGeGeGeGeGeGeGeGeGeGeSiGeSiSiGeGeSiGeGeGeGe
   103709.7578125000 SiSiSiSiSiGeSiGeGeGeGeGeGeGeGeGeGeSiGeGeGeGeGeGeGeGeGeGeGeGeGeGeGeGeGeGeGeGeGeGeGeGeGeGeGeGeGeGeGeSiGeSiSiGeGeSiGeGeGeGe
   103709.7578125000 SiSiSiSiSiGeSiGeGeGeGeGeGeGeGeGeGeSiGeGeGeGeGeGeGeGeGeGeGeGeGeGeGeGeGeGeGeGeGeGeGeGeGeGeGeGeGeGeGeSiGeSiSiGeGeSiGeGeGeGe
   103709.7578125000 SiSiSiSiSiGeSiGeGeGeGeGeGeGeGeGeGeSiGeGeGeGeGeGeGeGeGeGeGeGeGeGeGeGeGeGeGeGeGeGeGeGeGeGeGeGeGeGeGeSiGeSiSiGeGeSiGeGeGeGe
   103709.7578125000 SiSiSiSiSiGeSiGeGeGeGeGeGeGeGeGeGeSiGeGeGeGeGeGeGeGeGeGeGeGeGeGeGeGeGeGeGeGeGeGeGeGeGeGeGeGeGeGeGeSiGeSiSiGeGeSiGeGeGeGe
   103709.7578125000 SiSiSiSiSiGeSiGeGeGeGeGeGeGeGeGeGeSiGeGeGeGeGeGeGeGeGeGeGeGeGeGeGeGeGeGeGeGeGeGeGeGeGeGeGeGeGeGeGeSiGeSiSiGeGeSiGeGeGeGe
   103709.7578125000 SiSiSiSiSiGeSiGeGeGeGeGeGeGeGeGeGeSiGeGeGeGeGeGeGeGeGeGeGeGeGeGeGeGeGeGeGeGeGeGeGeGeGeGeGeGeGeGeGeSiGeSiSiGeGeSiGeGeGeGe
   103709.7578125000 SiSiSiSiSiGeSiGeGeGeGeGeGeGeGeGeGeSiGeGeGeGeGeGeGeGeGeGeGeGeGeGeGeGeGeGeGeGeGeGeGeGeGeGeGeGeGeGeGeSiGeSiSiGeGeSiGeGeGeGe
   103709.7578125000 SiSiSiSiSiGeSiGeGeGeGeGeGeGeGeGeGeSiGeGeGeGeGeGeGeGeGeGeGeGeGeGeGeGeGeGeGeGeGeGeGeGeGeGeGeGeGeGeGeSiGeSiSiGeGeSiGeGeGeGe
   103709.7578125000 SiSiSiSiSiGeSiGeGeGeGeGeGeGeGeGeGeSiGeGeGeGeGeGeGeGeGeGeGeGeGeGeGeGeGeGeGeGeGeGeGeGeGeGeGeGeGeGeGeSiGeSiSiGeGeSiGeGeGeGe
   103709.7578125000 SiSiSiSiSiGeSiGeGeGeGeGeGeGeGeGeGeSiGeGeGeGeGeGeGeGeGeGeGeGeGeGeGeGeGeGeGeGeGeGeGeGeGeGeGeGeGeGeGeSiGeSiSiGeGeSiGeGeGeGe
   103709.7578125000 SiSiSiSiSiGeSiGeGeGeGeGeGeGeGeGeGeSiGeGeGeGeGeGeGeGeGeGeGeGeGeGeGeGeGeGeGeGeGeGeGeGeGeGeGeGeGeGeGeSiGeSiSiGeGeSiGeGeGeGe
   103709.7578125000 SiSiSiSiSiGeSiGeGeGeGeGeGeGeGeGeGeSiGeGeGeGeGeGeGeGeGeGeGeGeGeGeGeGeGeGeGeGeGeGeGeGeGeGeGeGeGeGeGeSiGeSiSiGeGeSiGeGeGeGe
   103709.7578125000 SiSiSiSiSiGeSiGeGeGeGeGeGeGeGeGeGeSiGeGeGeGeGeGeGeGeGeGeGeGeGeGeGeGeGeGeGeGeGeGeGeGeGeGeGeGeGeGeGeSiGeSiSiGeGeSiGeGeGeGe
   103709.7578125000 SiSiSiSiSiGeSiGeGeGeGeGeGeGeGeGeGeSiGeGeGeGeGeGeGeGeGeGeGeGeGeGeGeGeGeGeGeGeGeGeGeGeGeGeGeGeGeGeGeSiGeSiSiGeGeSiGeGeGeGe
   103709.7578125000 SiSiSiSiSiGeSiGeGeGeGeGeGeGeGeGeGeSiGeGeGeGeGeGeGeGeGeGeGeGeGeGeGeGeGeGeGeGeGeGeGeGeGeGeGeGeGeGeGeSiGeSiSiGeGeSiGeGeGeGe
   103709.7578125000 SiSiSiSiSiGeSiGeGeGeGeGeGeGeGeGeGeSiGeGeGeGeGeGeGeGeGeGeGeGeGeGeGeGeGeGeGeGeGeGeGeGeGeGeGeGeGeGeGeSiGeSiSiGeGeSiGeGeGeGe
   103709.7578125000 SiSiSiSiSiGeSiGeGeGeGeGeGeGeGeGeGeSiGeGeGeGeGeGeGeGeGeGeGeGeGeGeGeGeGeGeGeGeGeGeGeGeGeGeGeGeGeGeGeSiGeSiSiGeGeSiGeGeGeGe
   103709.7578125000 SiSiSiSiSiGeSiGeGeGeGeGeGeGeGeGeGeSiGeGeGeGeGeGeGeGeGeGeGeGeGeGeGeGeGeGeGeGeGeGeGeGeGeGeGeGeGeGeGeSiGeSiSiGeGeSiGeGeGeGe
   103709.7578125000 SiSiSiSiSiGeSiGeGeGeGeGeGeGeGeGeGeSiGeGeGeGeGeGeGeGeGeGeGeGeGeGeGeGeGeGeGeGeGeGeGeGeGeGeGeGeGeGeGeSiGeSiSiGeGeSiGeGeGeGe
   103709.7578125000 SiSiSiSiSiGeSiGeGeGeGeGeGeGeGeGeGeSiGeGeGeGeGeGeGeGeGeGeGeGeGeGeGeGeGeGeGeGeGeGeGeGeGeGeGeGeGeGeGeSiGeSiSiGeGeSiGeGeGeGe
   103709.7578125000 SiSiSiSiSiGeSiGeGeGeGeGeGeGeGeGeGeSiGeGeGeGeGeGeGeGeGeGeGeGeGeGeGeGeGeGeGeGeGeGeGeGeGeGeGeGeGeGeGeSiGeSiSiGeGeSiGeGeGeGe
   103709.7578125000 SiSiSiSiSiGeSiGeGeGeGeGeGeGeGeGeGeSiGeGeGeGeGeGeGeGeGeGeGeGeGeGeGeGeGeGeGeGeGeGeGeGeGeGeGeGeGeGeGeSiGeSiSiGeGeSiGeGeGeGe
   103709.7578125000 SiSiSiSiSiGeSiGeGeGeGeGeGeGeGeGeGeSiGeGeGeGeGeGeGeGeGeGeGeGeGeGeGeGeGeGeGeGeGeGeGeGeGeGeGeGeGeGeGeSiGeSiSiGeGeSiGeGeGeGe
   103709.7578125000 SiSiSiSiSiGeSiGeGeGeGeGeGeGeGeGeGeSiGeGeGeGeGeGeGeGeGeGeGeGeGeGeGeGeGeGeGeGeGeGeGeGeGeGeGeGeGeGeGeSiGeSiSiGeGeSiGeGeGeGe
   103709.7578125000 SiSiSiSiSiGeSiGeGeGeGeGeGeGeGeGeGeSiGeGeGeGeGeGeGeGeGeGeGeGeGeGeGeGeGeGeGeGeGeGeGeGeGeGeGeGeGeGeGeSiGeSiSiGeGeSiGeGeGeGe
   103709.7578125000 SiSiSiSiSiGeSiGeGeGeGeGeGeGeGeGeGeSiGeGeGeGeGeGeGeGeGeGeGeGeGeGeGeGeGeGeGeGeGeGeGeGeGeGeGeGeGeGeGeSiGeSiSiGeGeSiGeGeGeGe
   103709.7578125000 SiSiSiSiSiGeSiGeGeGeGeGeGeGeGeGeGeSiGeGeGeGeGeGeGeGeGeGeGeGeGeGeGeGeGeGeGeGeGeGeGeGeGeGeGeGeGeGeGeSiGeSiSiGeGeSiGeGeGeGe
   103709.7578125000 SiSiSiSiSiGeSiGeGeGeGeGeGeGeGeGeGeSiGeGeGeGeGeGeGeGeGeGeGeGeGeGeGeGeGeGeGeGeGeGeGeGeGeGeGeGeGeGeGeSiGeSiSiGeGeSiGeGeGeGe
   103709.7578125000 SiSiSiSiSiGeSiGeGeGeGeGeGeGeGeGeGeSiGeGeGeGeGeGeGeGeGeGeGeGeGeGeGeGeGeGeGeGeGeGeGeGeGeGeGeGeGeGeGeSiGeSiSiGeGeSiGeGeGeGe
   103709.7578125000 SiSiSiSiSiGeSiGeGeGeGeGeGeGeGeGeGeSiGeGeGeGeGeGeGeGeGeGeGeGeGeGeGeGeGeGeGeGeGeGeGeGeGeGeGeGeGeGeGeSiGeSiSiGeGeSiGeGeGeGe
   103709.7578125000 SiSiSiSiSiGeSiGeGeGeGeGeGeGeGeGeGeSiGeGeGeGeGeGeGeGeGeGeGeGeGeGeGeGeGeGeGeGeGeGeGeGeGeGeGeGeGeGeGeSiGeSiSiGeGeSiGeGeGeGe
   103709.7578125000 SiSiSiSiSiGeSiGeGeGeGeGeGeGeGeGeGeSiGeGeGeGeGeGeGeGeGeGeGeGeGeGeGeGeGeGeGeGeGeGeGeGeGeGeGeGeGeGeGeSiGeSiSiGeGeSiGeGeGeGe
   103709.7578125000 SiSiSiSiSiGeSiGeGeGeGeGeGeGeGeGeGeSiGeGeGeGeGeGeGeGeGeGeGeGeGeGeGeGeGeGeGeGeGeGeGeGeGeGeGeGeGeGeGeSiGeSiSiGeGeSiGeGeGeGe
   103709.7578125000 SiSiSiSiSiGeSiGeGeGeGeGeGeGeGeGeGeSiGeGeGeGeGeGeGeGeGeGeGeGeGeGeGeGeGeGeGeGeGeGeGeGeGeGeGeGeGeGeGeSiGeSiSiGeGeSiGeGeGeGe
   103709.7578125000 SiSiSiSiSiGeSiGeGeGeGeGeGeGeGeGeGeSiGeGeGeGeGeGeGeGeGeGeGeGeGeGeGeGeGeGeGeGeGeGeGeGeGeGeGeGeGeGeGeSiGeSiSiGeGeSiGeGeGeGe
   103709.7578125000 SiSiSiSiSiGeSiGeGeGeGeGeGeGeGeGeGeSiGeGeGeGeGeGeGeGeGeGeGeGeGeGeGeGeGeGeGeGeGeGeGeGeGeGeGeGeGeGeGeSiGeSiSiGeGeSiGeGeGeGe
   103709.7578125000 SiSiSiSiSiGeSiGeGeGeGeGeGeGeGeGeGeSiGeGeGeGeGeGeGeGeGeGeGeGeGeGeGeGeGeGeGeGeGeGeGeGeGeGeGeGeGeGeGeSiGeSiSiGeGeSiGeGeGeGe
   103709.7578125000 SiSiSiSiSiGeSiGeGeGeGeGeGeGeGeGeGeSiGeGeGeGeGeGeGeGeGeGeGeGeGeGeGeGeGeGeGeGeGeGeGeGeGeGeGeGeGeGeGeSiGeSiSiGeGeSiGeGeGeGe
   103709.7578125000 SiSiSiSiSiGeSiGeGeGeGeGeGeGeGeGeGeSiGeGeGeGeGeGeGeGeGeGeGeGeGeGeGeGeGeGeGeGeGeGeGeGeGeGeGeGeGeGeGeSiGeSiSiGeGeSiGeGeGeGe
   103709.7578125000 SiSiSiSiSiGeSiGeGeGeGeGeGeGeGeGeGeSiGeGeGeGeGeGeGeGeGeGeGeGeGeGeGeGeGeGeGeGeGeGeGeGeGeGeGeGeGeGeGeSiGeSiSiGeGeSiGeGeGeGe
   103709.7578125000 SiSiSiSiSiGeSiGeGeGeGeGeGeGeGeGeGeSiGeGeGeGeGeGeGeGeGeGeGeGeGeGeGeGeGeGeGeGeGeGeGeGeGeGeGeGeGeGeGeSiGeSiSiGeGeSiGeGeGeGe
   103709.7578125000 SiSiSiSiSiGeSiGeGeGeGeGeGeGeGeGeGeSiGeGeGeGeGeGeGeGeGeGeGeGeGeGeGeGeGeGeGeGeGeGeGeGeGeGeGeGeGeGeGeSiGeSiSiGeGeSiGeGeGeGe
   103709.7578125000 SiSiSiSiSiGeSiGeGeGeGeGeGeGeGeGeGeSiGeGeGeGeGeGeGeGeGeGeGeGeGeGeGeGeGeGeGeGeGeGeGeGeGeGeGeGeGeGeGeSiGeSiSiGeGeSiGeGeGeGe
   103709.7578125000 SiSiSiSiSiGeSiGeGeGeGeGeGeGeGeGeGeSiGeGeGeGeGeGeGeGeGeGeGeGeGeGeGeGeGeGeGeGeGeGeGeGeGeGeGeGeGeGeGeSiGeSiSiGeGeSiGeGeGeGe
   103709.7578125000 SiSiSiSiSiGeSiGeGeGeGeGeGeGeGeGeGeSiGeGeGeGeGeGeGeGeGeGeGeGeGeGeGeGeGeGeGeGeGeGeGeGeGeGeGeGeGeGeGeSiGeSiSiGeGeSiGeGeGeGe
   103709.7578125000 SiSiSiSiSiGeSiGeGeGeGeGeGeGeGeGeGeSiGeGeGeGeGeGeGeGeGeGeGeGeGeGeGeGeGeGeGeGeGeGeGeGeGeGeGeGeGeGeGeSiGeSiSiGeGeSiGeGeGeGe
   103709.7578125000 SiSiSiSiSiGeSiGeGeGeGeGeGeGeGeGeGeSiGeGeGeGeGeGeGeGeGeGeGeGeGeGeGeGeGeGeGeGeGeGeGeGeGeGeGeGeGeGeGeSiGeSiSiGeGeSiGeGeGeGe
   103709.7578125000 SiSiSiSiSiGeSiGeGeGeGeGeGeGeGeGeGeSiGeGeGeGeGeGeGeGeGeGeGeGeGeGeGeGeGeGeGeGeGeGeGeGeGeGeGeGeGeGeGeSiGeSiSiGeGeSiGeGeGeGe
   103709.7578125000 SiSiSiSiSiGeSiGeGeGeGeGeGeGeGeGeGeSiGeGeGeGeGeGeGeGeGeGeGeGeGeGeGeGeGeGeGeGeGeGeGeGeGeGeGeGeGeGeGeSiGeSiSiGeGeSiGeGeGeGe
   103709.7578125000 SiSiSiSiSiGeSiGeGeGeGeGeGeGeGeGeGeSiGeGeGeGeGeGeGeGeGeGeGeGeGeGeGeGeGeGeGeGeGeGeGeGeGeGeGeGeGeGeGeSiGeSiSiGeGeSiGeGeGeGe
   103709.7578125000 SiSiSiSiSiGeSiGeGeGeGeGeGeGeGeGeGeSiGeGeGeGeGeGeGeGeGeGeGeGeGeGeGeGeGeGeGeGeGeGeGeGeGeGeGeGeGeGeGeSiGeSiSiGeGeSiGeGeGeGe
   103709.7578125000 SiSiSiSiSiGeSiGeGeGeGeGeGeGeGeGeGeSiGeGeGeGeGeGeGeGeGeGeGeGeGeGeGeGeGeGeGeGeGeGeGeGeGeGeGeGeGeGeGeSiGeSiSiGeGeSiGeGeGeGe
   103709.7578125000 SiSiSiSiSiGeSiGeGeGeGeGeGeGeGeGeGeSiGeGeGeGeGeGeGeGeGeGeGeGeGeGeGeGeGeGeGeGeGeGeGeGeGeGeGeGeGeGeGeSiGeSiSiGeGeSiGeGeGeGe
   103709.7578125000 SiSiSiSiSiGeSiGeGeGeGeGeGeGeGeGeGeSiGeGeGeGeGeGeGeGeGeGeGeGeGeGeGeGeGeGeGeGeGeGeGeGeGeGeGeGeGeGeGeSiGeSiSiGeGeSiGeGeGeGe
   103709.7578125000 SiSiSiSiSiGeSiGeGeGeGeGeGeGeGeGeGeSiGeGeGeGeGeGeGeGeGeGeGeGeGeGeGeGeGeGeGeGeGeGeGeGeGeGeGeGeGeGeGeSiGeSiSiGeGeSiGeGeGeGe
   103709.7578125000 SiSiSiSiSiGeSiGeGeGeGeGeGeGeGeGeGeSiGeGeGeGeGeGeGeGeGeGeGeGeGeGeGeGeGeGeGeGeGeGeGeGeGeGeGeGeGeGeGeSiGeSiSiGeGeSiGeGeGeGe
   103709.7578125000 SiSiSiSiSiGeSiGeGeGeGeGeGeGeGeGeGeSiGeGeGeGeGeGeGeGeGeGeGeGeGeGeGeGeGeGeGeGeGeGeGeGeGeGeGeGeGeGeGeSiGeSiSiGeGeSiGeGeGeGe
   103709.7578125000 SiSiSiSiSiGeSiGeGeGeGeGeGeGeGeGeGeSiGeGeGeGeGeGeGeGeGeGeGeGeGeGeGeGeGeGeGeGeGeGeGeGeGeGeGeGeGeGeGeSiGeSiSiGeGeSiGeGeGeGe
   103709.7578125000 SiSiSiSiSiGeSiGeGeGeGeGeGeGeGeGeGeSiGeGeGeGeGeGeGeGeGeGeGeGeGeGeGeGeGeGeGeGeGeGeGeGeGeGeGeGeGeGeGeSiGeSiSiGeGeSiGeGeGeGe
   103709.7578125000 SiSiSiSiSiGeSiGeGeGeGeGeGeGeGeGeGeSiGeGeGeGeGeGeGeGeGeGeGeGeGeGeGeGeGeGeGeGeGeGeGeGeGeGeGeGeGeGeGeSiGeSiSiGeGeSiGeGeGeGe
   103709.7578125000 SiSiSiSiSiGeSiGeGeGeGeGeGeGeGeGeGeSiGeGeGeGeGeGeGeGeGeGeGeGeGeGeGeGeGeGeGeGeGeGeGeGeGeGeGeGeGeGeGeSiGeSiSiGeGeSiGeGeGeGe
   103709.7578125000 SiSiSiSiSiGeSiGeGeGeGeGeGeGeGeGeGeSiGeGeGeGeGeGeGeGeGeGeGeGeGeGeGeGeGeGeGeGeGeGeGeGeGeGeGeGeGeGeGeSiGeSiSiGeGeSiGeGeGeGe
   103709.7578125000 SiSiSiSiSiGeSiGeGeGeGeGeGeGeGeGeGeSiGeGeGeGeGeGeGeGeGeGeGeGeGeGeGeGeGeGeGeGeGeGeGeGeGeGeGeGeGeGeGeSiGeSiSiGeGeSiGeGeGeGe
   103709.7578125000 SiSiSiSiSiGeSiGeGeGeGeGeGeGeGeGeGeSiGeGeGeGeGeGeGeGeGeGeGeGeGeGeGeGeGeGeGeGeGeGeGeGeGeGeGeGeGeGeGeSiGeSiSiGeGeSiGeGeGeGe
   103709.7578125000 SiSiSiSiSiGeSiGeGeGeGeGeGeGeGeGeGeSiGeGeGeGeGeGeGeGeGeGeGeGeGeGeGeGeGeGeGeGeGeGeGeGeGeGeGeGeGeGeGeSiGeSiSiGeGeSiGeGeGeGe
   103709.7578125000 SiSiSiSiSiGeSiGeGeGeGeGeGeGeGeGeGeSiGeGeGeGeGeGeGeGeGeGeGeGeGeGeGeGeGeGeGeGeGeGeGeGeGeGeGeGeGeGeGeSiGeSiSiGeGeSiGeGeGeGe
   103709.7578125000 SiSiSiSiSiGeSiGeGeGeGeGeGeGeGeGeGeSiGeGeGeGeGeGeGeGeGeGeGeGeGeGeGeGeGeGeGeGeGeGeGeGeGeGeGeGeGeGeGeSiGeSiSiGeGeSiGeGeGeGe
   103709.7578125000 SiSiSiSiSiGeSiGeGeGeGeGeGeGeGeGeGeSiGeGeGeGeGeGeGeGeGeGeGeGeGeGeGeGeGeGeGeGeGeGeGeGeGeGeGeGeGeGeGeSiGeSiSiGeGeSiGeGeGeGe
   103709.7578125000 SiSiSiSiSiGeSiGeGeGeGeGeGeGeGeGeGeSiGeGeGeGeGeGeGeGeGeGeGeGeGeGeGeGeGeGeGeGeGeGeGeGeGeGeGeGeGeGeGeSiGeSiSiGeGeSiGeGeGeGe
   103709.7578125000 SiSiSiSiSiGeSiGeGeGeGeGeGeGeGeGeGeSiGeGeGeGeGeGeGeGeGeGeGeGeGeGeGeGeGeGeGeGeGeGeGeGeGeGeGeGeGeGeGeSiGeSiSiGeGeSiGeGeGeGe
   103709.7578125000 SiSiSiSiSiGeSiGeGeGeGeGeGeGeGeGeGeSiGeGeGeGeGeGeGeGeGeGeGeGeGeGeGeGeGeGeGeGeGeGeGeGeGeGeGeGeGeGeGeSiGeSiSiGeGeSiGeGeGeGe
   103709.7578125000 SiSiSiSiSiGeSiGeGeGeGeGeGeGeGeGeGeSiGeGeGeGeGeGeGeGeGeGeGeGeGeGeGeGeGeGeGeGeGeGeGeGeGeGeGeGeGeGeGeSiGeSiSiGeGeSiGeGeGeGe
   103709.7578125000 SiSiSiSiSiGeSiGeGeGeGeGeGeGeGeGeGeSiGeGeGeGeGeGeGeGeGeGeGeGeGeGeGeGeGeGeGeGeGeGeGeGeGeGeGeGeGeGeGeSiGeSiSiGeGeSiGeGeGeGe
   103709.7578125000 SiSiSiSiSiGeSiGeGeGeGeGeGeGeGeGeGeSiGeGeGeGeGeGeGeGeGeGeGeGeGeGeGeGeGeGeGeGeGeGeGeGeGeGeGeGeGeGeGeSiGeSiSiGeGeSiGeGeGeGe
   103709.7578125000 SiSiSiSiSiGeSiGeGeGeGeGeGeGeGeGeGeSiGeGeGeGeGeGeGeGeGeGeGeGeGeGeGeGeGeGeGeGeGeGeGeGeGeGeGeGeGeGeGeSiGeSiSiGeGeSiGeGeGeGe
   103709.7578125000 SiSiSiSiSiGeSiGeGeGeGeGeGeGeGeGeGeSiGeGeGeGeGeGeGeGeGeGeGeGeGeGeGeGeGeGeGeGeGeGeGeGeGeGeGeGeGeGeGeSiGeSiSiGeGeSiGeGeGeGe
   103709.7578125000 SiSiSiSiSiGeSiGeGeGeGeGeGeGeGeGeGeSiGeGeGeGeGeGeGeGeGeGeGeGeGeGeGeGeGeGeGeGeGeGeGeGeGeGeGeGeGeGeGeSiGeSiSiGeGeSiGeGeGeGe
   103709.7578125000 SiSiSiSiSiGeSiGeGeGeGeGeGeGeGeGeGeSiGeGeGeGeGeGeGeGeGeGeGeGeGeGeGeGeGeGeGeGeGeGeGeGeGeGeGeGeGeGeGeSiGeSiSiGeGeSiGeGeGeGe
   103709.7578125000 SiSiSiSiSiGeSiGeGeGeGeGeGeGeGeGeGeSiGeGeGeGeGeGeGeGeGeGeGeGeGeGeGeGeGeGeGeGeGeGeGeGeGeGeGeGeGeGeGeSiGeSiSiGeGeSiGeGeGeGe
   103709.7578125000 SiSiSiSiSiGeSiGeGeGeGeGeGeGeGeGeGeSiGeGeGeGeGeGeGeGeGeGeGeGeGeGeGeGeGeGeGeGeGeGeGeGeGeGeGeGeGeGeGeSiGeSiSiGeGeSiGeGeGeGe
   103709.7578125000 SiSiSiSiSiGeSiGeGeGeGeGeGeGeGeGeGeSiGeGeGeGeGeGeGeGeGeGeGeGeGeGeGeGeGeGeGeGeGeGeGeGeGeGeGeGeGeGeGeSiGeSiSiGeGeSiGeGeGeGe
   103709.7578125000 SiSiSiSiSiGeSiGeGeGeGeGeGeGeGeGeGeSiGeGeGeGeGeGeGeGeGeGeGeGeGeGeGeGeGeGeGeGeGeGeGeGeGeGeGeGeGeGeGeSiGeSiSiGeGeSiGeGeGeGe
   103709.7578125000 SiSiSiSiSiGeSiGeGeGeGeGeGeGeGeGeGeSiGeGeGeGeGeGeGeGeGeGeGeGeGeGeGeGeGeGeGeGeGeGeGeGeGeGeGeGeGeGeGeSiGeSiSiGeGeSiGeGeGeGe
   103709.7578125000 SiSiSiSiSiGeSiGeGeGeGeGeGeGeGeGeGeSiGeGeGeGeGeGeGeGeGeGeGeGeGeGeGeGeGeGeGeGeGeGeGeGeGeGeGeGeGeGeGeSiGeSiSiGeGeSiGeGeGeGe
   103709.7578125000 SiSiSiSiSiGeSiGeGeGeGeGeGeGeGeGeGeSiGeGeGeGeGeGeGeGeGeGeGeGeGeGeGeGeGeGeGeGeGeGeGeGeGeGeGeGeGeGeGeSiGeSiSiGeGeSiGeGeGeGe
   103709.7578125000 SiSiSiSiSiGeSiGeGeGeGeGeGeGeGeGeGeSiGeGeGeGeGeGeGeGeGeGeGeGeGeGeGeGeGeGeGeGeGeGeGeGeGeGeGeGeGeGeGeSiGeSiSiGeGeSiGeGeGeGe
   103709.7578125000 SiSiSiSiSiGeSiGeGeGeGeGeGeGeGeGeGeSiGeGeGeGeGeGeGeGeGeGeGeGeGeGeGeGeGeGeGeGeGeGeGeGeGeGeGeGeGeGeGeSiGeSiSiGeGeSiGeGeGeGe
   103709.7578125000 SiSiSiSiSiGeSiGeGeGeGeGeGeGeGeGeGeSiGeGeGeGeGeGeGeGeGeGeGeGeGeGeGeGeGeGeGeGeGeGeGeGeGeGeGeGeGeGeGeSiGeSiSiGeGeSiGeGeGeGe
   103709.7578125000 SiSiSiSiSiGeSiGeGeGeGeGeGeGeGeGeGeSiGeGeGeGeGeGeGeGeGeGeGeGeGeGeGeGeGeGeGeGeGeGeGeGeGeGeGeGeGeGeGeSiGeSiSiGeGeSiGeGeGeGe
   103709.7578125000 SiSiSiSiSiGeSiGeGeGeGeGeGeGeGeGeGeSiGeGeGeGeGeGeGeGeGeGeGeGeGeGeGeGeGeGeGeGeGeGeGeGeGeGeGeGeGeGeGeSiGeSiSiGeGeSiGeGeGeGe
   103709.7578125000 SiSiSiSiSiGeSiGeGeGeGeGeGeGeGeGeGeSiGeGeGeGeGeGeGeGeGeGeGeGeGeGeGeGeGeGeGeGeGeGeGeGeGeGeGeGeGeGeGeSiGeSiSiGeGeSiGeGeGeGe
   103709.7578125000 SiSiSiSiSiGeSiGeGeGeGeGeGeGeGeGeGeSiGeGeGeGeGeGeGeGeGeGeGeGeGeGeGeGeGeGeGeGeGeGeGeGeGeGeGeGeGeGeGeSiGeSiSiGeGeSiGeGeGeGe
   103709.7578125000 SiSiSiSiSiGeSiGeGeGeGeGeGeGeGeGeGeSiGeGeGeGeGeGeGeGeGeGeGeGeGeGeGeGeGeGeGeGeGeGeGeGeGeGeGeGeGeGeGeSiGeSiSiGeGeSiGeGeGeGe
   103709.7578125000 SiSiSiSiSiGeSiGeGeGeGeGeGeGeGeGeGeSiGeGeGeGeGeGeGeGeGeGeGeGeGeGeGeGeGeGeGeGeGeGeGeGeGeGeGeGeGeGeGeSiGeSiSiGeGeSiGeGeGeGe
   103709.7578125000 SiSiSiSiSiGeSiGeGeGeGeGeGeGeGeGeGeSiGeGeGeGeGeGeGeGeGeGeGeGeGeGeGeGeGeGeGeGeGeGeGeGeGeGeGeGeGeGeGeSiGeSiSiGeGeSiGeGeGeGe
   103709.7578125000 SiSiSiSiSiGeSiGeGeGeGeGeGeGeGeGeGeSiGeGeGeGeGeGeGeGeGeGeGeGeGeGeGeGeGeGeGeGeGeGeGeGeGeGeGeGeGeGeGeSiGeSiSiGeGeSiGeGeGeGe
   103709.7578125000 SiSiSiSiSiGeSiGeGeGeGeGeGeGeGeGeGeSiGeGeGeGeGeGeGeGeGeGeGeGeGeGeGeGeGeGeGeGeGeGeGeGeGeGeGeGeGeGeGeSiGeSiSiGeGeSiGeGeGeGe
   103709.7578125000 SiSiSiSiSiGeSiGeGeGeGeGeGeGeGeGeGeSiGeGeGeGeGeGeGeGeGeGeGeGeGeGeGeGeGeGeGeGeGeGeGeGeGeGeGeGeGeGeGeSiGeSiSiGeGeSiGeGeGeGe
   103709.7578125000 SiSiSiSiSiGeSiGeGeGeGeGeGeGeGeGeGeSiGeGeGeGeGeGeGeGeGeGeGeGeGeGeGeGeGeGeGeGeGeGeGeGeGeGeGeGeGeGeGeSiGeSiSiGeGeSiGeGeGeGe
   103709.7578125000 SiSiSiSiSiGeSiGeGeGeGeGeGeGeGeGeGeSiGeGeGeGeGeGeGeGeGeGeGeGeGeGeGeGeGeGeGeGeGeGeGeGeGeGeGeGeGeGeGeSiGeSiSiGeGeSiGeGeGeGe
   103709.7578125000 SiSiSiSiSiGeSiGeGeGeGeGeGeGeGeGeGeSiGeGeGeGeGeGeGeGeGeGeGeGeGeGeGeGeGeGeGeGeGeGeGeGeGeGeGeGeGeGeGeSiGeSiSiGeGeSiGeGeGeGe
   103709.7578125000 SiSiSiSiSiGeSiGeGeGeGeGeGeGeGeGeGeSiGeGeGeGeGeGeGeGeGeGeGeGeGeGeGeGeGeGeGeGeGeGeGeGeGeGeGeGeGeGeGeSiGeSiSiGeGeSiGeGeGeGe
   103709.7578125000 SiSiSiSiSiGeSiGeGeGeGeGeGeGeGeGeGeSiGeGeGeGeGeGeGeGeGeGeGeGeGeGeGeGeGeGeGeGeGeGeGeGeGeGeGeGeGeGeGeSiGeSiSiGeGeSiGeGeGeGe
   103709.7578125000 SiSiSiSiSiGeSiGeGeGeGeGeGeGeGeGeGeSiGeGeGeGeGeGeGeGeGeGeGeGeGeGeGeGeGeGeGeGeGeGeGeGeGeGeGeGeGeGeGeSiGeSiSiGeGeSiGeGeGeGe
   103709.7578125000 SiSiSiSiSiGeSiGeGeGeGeGeGeGeGeGeGeSiGeGeGeGeGeGeGeGeGeGeGeGeGeGeGeGeGeGeGeGeGeGeGeGeGeGeGeGeGeGeGeSiGeSiSiGeGeSiGeGeGeGe
   103709.7578125000 SiSiSiSiSiGeSiGeGeGeGeGeGeGeGeGeGeSiGeGeGeGeGeGeGeGeGeGeGeGeGeGeGeGeGeGeGeGeGeGeGeGeGeGeGeGeGeGeGeSiGeSiSiGeGeSiGeGeGeGe
   103709.7578125000 SiSiSiSiSiGeSiGeGeGeGeGeGeGeGeGeGeSiGeGeGeGeGeGeGeGeGeGeGeGeGeGeGeGeGeGeGeGeGeGeGeGeGeGeGeGeGeGeGeSiGeSiSiGeGeSiGeGeGeGe
   103709.7578125000 SiSiSiSiSiGeSiGeGeGeGeGeGeGeGeGeGeSiGeGeGeGeGeGeGeGeGeGeGeGeGeGeGeGeGeGeGeGeGeGeGeGeGeGeGeGeGeGeGeSiGeSiSiGeGeSiGeGeGeGe
   103709.7578125000 SiSiSiSiSiGeSiGeGeGeGeGeGeGeGeGeGeSiGeGeGeGeGeGeGeGeGeGeGeGeGeGeGeGeGeGeGeGeGeGeGeGeGeGeGeGeGeGeGeSiGeSiSiGeGeSiGeGeGeGe
   103709.7578125000 SiSiSiSiSiGeSiGeGeGeGeGeGeGeGeGeGeSiGeGeGeGeGeGeGeGeGeGeGeGeGeGeGeGeGeGeGeGeGeGeGeGeGeGeGeGeGeGeGeSiGeSiSiGeGeSiGeGeGeGe
   103709.7578125000 SiSiSiSiSiGeSiGeGeGeGeGeGeGeGeGeGeSiGeGeGeGeGeGeGeGeGeGeGeGeGeGeGeGeGeGeGeGeGeGeGeGeGeGeGeGeGeGeGeSiGeSiSiGeGeSiGeGeGeGe
   103709.7578125000 SiSiSiSiSiGeSiGeGeGeGeGeGeGeGeGeGeSiGeGeGeGeGeGeGeGeGeGeGeGeGeGeGeGeGeGeGeGeGeGeGeGeGeGeGeGeGeGeGeSiGeSiSiGeGeSiGeGeGeGe
   103709.7578125000 SiSiSiSiSiGeSiGeGeGeGeGeGeGeGeGeGeSiGeGeGeGeGeGeGeGeGeGeGeGeGeGeGeGeGeGeGeGeGeGeGeGeGeGeGeGeGeGeGeSiGeSiSiGeGeSiGeGeGeGe
   103709.7578125000 SiSiSiSiSiGeSiGeGeGeGeGeGeGeGeGeGeSiGeGeGeGeGeGeGeGeGeGeGeGeGeGeGeGeGeGeGeGeGeGeGeGeGeGeGeGeGeGeGeSiGeSiSiGeGeSiGeGeGeGe
   103709.7578125000 SiSiSiSiSiGeSiGeGeGeGeGeGeGeGeGeGeSiGeGeGeGeGeGeGeGeGeGeGeGeGeGeGeGeGeGeGeGeGeGeGeGeGeGeGeGeGeGeGeSiGeSiSiGeGeSiGeGeGeGe
   103709.7578125000 SiSiSiSiSiGeSiGeGeGeGeGeGeGeGeGeGeSiGeGeGeGeGeGeGeGeGeGeGeGeGeGeGeGeGeGeGeGeGeGeGeGeGeGeGeGeGeGeGeSiGeSiSiGeGeSiGeGeGeGe
   103709.7578125000 SiSiSiSiSiGeSiGeGeGeGeGeGeGeGeGeGeSiGeGeGeGeGeGeGeGeGeGeGeGeGeGeGeGeGeGeGeGeGeGeGeGeGeGeGeGeGeGeGeSiGeSiSiGeGeSiGeGeGeGe
   103709.7578125000 SiSiSiSiSiGeSiGeGeGeGeGeGeGeGeGeGeSiGeGeGeGeGeGeGeGeGeGeGeGeGeGeGeGeGeGeGeGeGeGeGeGeGeGeGeGeGeGeGeSiGeSiSiGeGeSiGeGeGeGe
   103709.7578125000 SiSiSiSiSiGeSiGeGeGeGeGeGeGeGeGeGeSiGeGeGeGeGeGeGeGeGeGeGeGeGeGeGeGeGeGeGeGeGeGeGeGeGeGeGeGeGeGeGeSiGeSiSiGeGeSiGeGeGeGe
   103709.7578125000 SiSiSiSiSiGeSiGeGeGeGeGeGeGeGeGeGeSiGeGeGeGeGeGeGeGeGeGeGeGeGeGeGeGeGeGeGeGeGeGeGeGeGeGeGeGeGeGeGeSiGeSiSiGeGeSiGeGeGeGe
   103709.7578125000 SiSiSiSiSiGeSiGeGeGeGeGeGeGeGeGeGeSiGeGeGeGeGeGeGeGeGeGeGeGeGeGeGeGeGeGeGeGeGeGeGeGeGeGeGeGeGeGeGeSiGeSiSiGeGeSiGeGeGeGe
   103709.7578125000 SiSiSiSiSiGeSiGeGeGeGeGeGeGeGeGeGeSiGeGeGeGeGeGeGeGeGeGeGeGeGeGeGeGeGeGeGeGeGeGeGeGeGeGeGeGeGeGeGeSiGeSiSiGeGeSiGeGeGeGe
   103709.7578125000 SiSiSiSiSiGeSiGeGeGeGeGeGeGeGeGeGeSiGeGeGeGeGeGeGeGeGeGeGeGeGeGeGeGeGeGeGeGeGeGeGeGeGeGeGeGeGeGeGeSiGeSiSiGeGeSiGeGeGeGe
   103709.7578125000 SiSiSiSiSiGeSiGeGeGeGeGeGeGeGeGeGeSiGeGeGeGeGeGeGeGeGeGeGeGeGeGeGeGeGeGeGeGeGeGeGeGeGeGeGeGeGeGeGeSiGeSiSiGeGeSiGeGeGeGe
   103709.7578125000 SiSiSiSiSiGeSiGeGeGeGeGeGeGeGeGeGeSiGeGeGeGeGeGeGeGeGeGeGeGeGeGeGeGeGeGeGeGeGeGeGeGeGeGeGeGeGeGeGeSiGeSiSiGeGeSiGeGeGeGe
   103709.7578125000 SiSiSiSiSiGeSiGeGeGeGeGeGeGeGeGeGeSiGeGeGeGeGeGeGeGeGeGeGeGeGeGeGeGeGeGeGeGeGeGeGeGeGeGeGeGeGeGeGeSiGeSiSiGeGeSiGeGeGeGe
   103709.7578125000 SiSiSiSiSiGeSiGeGeGeGeGeGeGeGeGeGeSiGeGeGeGeGeGeGeGeGeGeGeGeGeGeGeGeGeGeGeGeGeGeGeGeGeGeGeGeGeGeGeSiGeSiSiGeGeSiGeGeGeGe
   103709.7578125000 SiSiSiSiSiGeSiGeGeGeGeGeGeGeGeGeGeSiGeGeGeGeGeGeGeGeGeGeGeGeGeGeGeGeGeGeGeGeGeGeGeGeGeGeGeGeGeGeGeSiGeSiSiGeGeSiGeGeGeGe
   103709.7578125000 SiSiSiSiSiGeSiGeGeGeGeGeGeGeGeGeGeSiGeGeGeGeGeGeGeGeGeGeGeGeGeGeGeGeGeGeGeGeGeGeGeGeGeGeGeGeGeGeGeSiGeSiSiGeGeSiGeGeGeGe
   103709.7578125000 SiSiSiSiSiGeSiGeGeGeGeGeGeGeGeGeGeSiGeGeGeGeGeGeGeGeGeGeGeGeGeGeGeGeGeGeGeGeGeGeGeGeGeGeGeGeGeGeGeSiGeSiSiGeGeSiGeGeGeGe
   103709.7578125000 SiSiSiSiSiGeSiGeGeGeGeGeGeGeGeGeGeSiGeGeGeGeGeGeGeGeGeGeGeGeGeGeGeGeGeGeGeGeGeGeGeGeGeGeGeGeGeGeGeSiGeSiSiGeGeSiGeGeGeGe
   103709.7578125000 SiSiSiSiSiGeSiGeGeGeGeGeGeGeGeGeGeSiGeGeGeGeGeGeGeGeGeGeGeGeGeGeGeGeGeGeGeGeGeGeGeGeGeGeGeGeGeGeGeSiGeSiSiGeGeSiGeGeGeGe
   103709.7578125000 SiSiSiSiSiGeSiGeGeGeGeGeGeGeGeGeGeSiGeGeGeGeGeGeGeGeGeGeGeGeGeGeGeGeGeGeGeGeGeGeGeGeGeGeGeGeGeGeGeSiGeSiSiGeGeSiGeGeGeGe
   103709.7578125000 SiSiSiSiSiGeSiGeGeGeGeGeGeGeGeGeGeSiGeGeGeGeGeGeGeGeGeGeGeGeGeGeGeGeGeGeGeGeGeGeGeGeGeGeGeGeGeGeGeSiGeSiSiGeGeSiGeGeGeGe
   103709.7578125000 SiSiSiSiSiGeSiGeGeGeGeGeGeGeGeGeGeSiGeGeGeGeGeGeGeGeGeGeGeGeGeGeGeGeGeGeGeGeGeGeGeGeGeGeGeGeGeGeGeSiGeSiSiGeGeSiGeGeGeGe
   103709.7578125000 SiSiSiSiSiGeSiGeGeGeGeGeGeGeGeGeGeSiGeGeGeGeGeGeGeGeGeGeGeGeGeGeGeGeGeGeGeGeGeGeGeGeGeGeGeGeGeGeGeSiGeSiSiGeGeSiGeGeGeGe
   103709.7578125000 SiSiSiSiSiGeSiGeGeGeGeGeGeGeGeGeGeSiGeGeGeGeGeGeGeGeGeGeGeGeGeGeGeGeGeGeGeGeGeGeGeGeGeGeGeGeGeGeGeSiGeSiSiGeGeSiGeGeGeGe
   103709.7578125000 SiSiSiSiSiGeSiGeGeGeGeGeGeGeGeGeGeSiGeGeGeGeGeGeGeGeGeGeGeGeGeGeGeGeGeGeGeGeGeGeGeGeGeGeGeGeGeGeGeSiGeSiSiGeGeSiGeGeGeGe
   103709.7578125000 SiSiSiSiSiGeSiGeGeGeGeGeGeGeGeGeGeSiGeGeGeGeGeGeGeGeGeGeGeGeGeGeGeGeGeGeGeGeGeGeGeGeGeGeGeGeGeGeGeSiGeSiSiGeGeSiGeGeGeGe
   103709.7578125000 SiSiSiSiSiGeSiGeGeGeGeGeGeGeGeGeGeSiGeGeGeGeGeGeGeGeGeGeGeGeGeGeGeGeGeGeGeGeGeGeGeGeGeGeGeGeGeGeGeSiGeSiSiGeGeSiGeGeGeGe
   103709.7578125000 SiSiSiSiSiGeSiGeGeGeGeGeGeGeGeGeGeSiGeGeGeGeGeGeGeGeGeGeGeGeGeGeGeGeGeGeGeGeGeGeGeGeGeGeGeGeGeGeGeSiGeSiSiGeGeSiGeGeGeGe
   103709.7578125000 SiSiSiSiSiGeSiGeGeGeGeGeGeGeGeGeGeSiGeGeGeGeGeGeGeGeGeGeGeGeGeGeGeGeGeGeGeGeGeGeGeGeGeGeGeGeGeGeGeSiGeSiSiGeGeSiGeGeGeGe
   103709.7578125000 SiSiSiSiSiGeSiGeGeGeGeGeGeGeGeGeGeSiGeGeGeGeGeGeGeGeGeGeGeGeGeGeGeGeGeGeGeGeGeGeGeGeGeGeGeGeGeGeGeSiGeSiSiGeGeSiGeGeGeGe
   103709.7578125000 SiSiSiSiSiGeSiGeGeGeGeGeGeGeGeGeGeSiGeGeGeGeGeGeGeGeGeGeGeGeGeGeGeGeGeGeGeGeGeGeGeGeGeGeGeGeGeGeGeSiGeSiSiGeGeSiGeGeGeGe
   103709.7578125000 SiSiSiSiSiGeSiGeGeGeGeGeGeGeGeGeGeSiGeGeGeGeGeGeGeGeGeGeGeGeGeGeGeGeGeGeGeGeGeGeGeGeGeGeGeGeGeGeGeSiGeSiSiGeGeSiGeGeGeGe
   103709.7578125000 SiSiSiSiSiGeSiGeGeGeGeGeGeGeGeGeGeSiGeGeGeGeGeGeGeGeGeGeGeGeGeGeGeGeGeGeGeGeGeGeGeGeGeGeGeGeGeGeGeSiGeSiSiGeGeSiGeGeGeGe
   103709.7578125000 SiSiSiSiSiGeSiGeGeGeGeGeGeGeGeGeGeSiGeGeGeGeGeGeGeGeGeGeGeGeGeGeGeGeGeGeGeGeGeGeGeGeGeGeGeGeGeGeGeSiGeSiSiGeGeSiGeGeGeGe
   103709.7578125000 SiSiSiSiSiGeSiGeGeGeGeGeGeGeGeGeGeSiGeGeGeGeGeGeGeGeGeGeGeGeGeGeGeGeGeGeGeGeGeGeGeGeGeGeGeGeGeGeGeSiGeSiSiGeGeSiGeGeGeGe
   103709.7578125000 SiSiSiSiSiGeSiGeGeGeGeGeGeGeGeGeGeSiGeGeGeGeGeGeGeGeGeGeGeGeGeGeGeGeGeGeGeGeGeGeGeGeGeGeGeGeGeGeGeSiGeSiSiGeGeSiGeGeGeGe
   103709.7578125000 SiSiSiSiSiGeSiGeGeGeGeGeGeGeGeGeGeSiGeGeGeGeGeGeGeGeGeGeGeGeGeGeGeGeGeGeGeGeGeGeGeGeGeGeGeGeGeGeGeSiGeSiSiGeGeSiGeGeGeGe
   103709.7578125000 SiSiSiSiSiGeSiGeGeGeGeGeGeGeGeGeGeSiGeGeGeGeGeGeGeGeGeGeGeGeGeGeGeGeGeGeGeGeGeGeGeGeGeGeGeGeGeGeGeSiGeSiSiGeGeSiGeGeGeGe
   103709.7578125000 SiSiSiSiSiGeSiGeGeGeGeGeGeGeGeGeGeSiGeGeGeGeGeGeGeGeGeGeGeGeGeGeGeGeGeGeGeGeGeGeGeGeGeGeGeGeGeGeGeSiGeSiSiGeGeSiGeGeGeGe
   103709.7578125000 SiSiSiSiSiGeSiGeGeGeGeGeGeGeGeGeGeSiGeGeGeGeGeGeGeGeGeGeGeGeGeGeGeGeGeGeGeGeGeGeGeGeGeGeGeGeGeGeGeSiGeSiSiGeGeSiGeGeGeGe
   103709.7578125000 SiSiSiSiSiGeSiGeGeGeGeGeGeGeGeGeGeSiGeGeGeGeGeGeGeGeGeGeGeGeGeGeGeGeGeGeGeGeGeGeGeGeGeGeGeGeGeGeGeSiGeSiSiGeGeSiGeGeGeGe
   103709.7578125000 SiSiSiSiSiGeSiGeGeGeGeGeGeGeGeGeGeSiGeGeGeGeGeGeGeGeGeGeGeGeGeGeGeGeGeGeGeGeGeGeGeGeGeGeGeGeGeGeGeSiGeSiSiGeGeSiGeGeGeGe
   103709.7578125000 SiSiSiSiSiGeSiGeGeGeGeGeGeGeGeGeGeSiGeGeGeGeGeGeGeGeGeGeGeGeGeGeGeGeGeGeGeGeGeGeGeGeGeGeGeGeGeGeGeSiGeSiSiGeGeSiGeGeGeGe
   103709.7578125000 SiSiSiSiSiGeSiGeGeGeGeGeGeGeGeGeGeSiGeGeGeGeGeGeGeGeGeGeGeGeGeGeGeGeGeGeGeGeGeGeGeGeGeGeGeGeGeGeGeSiGeSiSiGeGeSiGeGeGeGe
   103709.7578125000 SiSiSiSiSiGeSiGeGeGeGeGeGeGeGeGeGeSiGeGeGeGeGeGeGeGeGeGeGeGeGeGeGeGeGeGeGeGeGeGeGeGeGeGeGeGeGeGeGeSiGeSiSiGeGeSiGeGeGeGe
   103709.7578125000 SiSiSiSiSiGeSiGeGeGeGeGeGeGeGeGeGeSiGeGeGeGeGeGeGeGeGeGeGeGeGeGeGeGeGeGeGeGeGeGeGeGeGeGeGeGeGeGeGeSiGeSiSiGeGeSiGeGeGeGe
   103709.7578125000 SiSiSiSiSiGeSiGeGeGeGeGeGeGeGeGeGeSiGeGeGeGeGeGeGeGeGeGeGeGeGeGeGeGeGeGeGeGeGeGeGeGeGeGeGeGeGeGeGeSiGeSiSiGeGeSiGeGeGeGe
   103709.7578125000 SiSiSiSiSiGeSiGeGeGeGeGeGeGeGeGeGeSiGeGeGeGeGeGeGeGeGeGeGeGeGeGeGeGeGeGeGeGeGeGeGeGeGeGeGeGeGeGeGeSiGeSiSiGeGeSiGeGeGeGe
   103709.7578125000 SiSiSiSiSiGeSiGeGeGeGeGeGeGeGeGeGeSiGeGeGeGeGeGeGeGeGeGeGeGeGeGeGeGeGeGeGeGeGeGeGeGeGeGeGeGeGeGeGeSiGeSiSiGeGeSiGeGeGeGe
   103709.7578125000 SiSiSiSiSiGeSiGeGeGeGeGeGeGeGeGeGeSiGeGeGeGeGeGeGeGeGeGeGeGeGeGeGeGeGeGeGeGeGeGeGeGeGeGeGeGeGeGeGeSiGeSiSiGeGeSiGeGeGeGe
filename: c000000972571585.gin     
Cell:
    11.9020996    11.9020996    29.6919994    90.0000000    90.0000000   120.0000000
Box:
    11.9020996    -5.9510503     0.0000000
     0.0000000    10.3075209     0.0000000
     0.0000000     0.0000000    29.6919994
----------------------------------------
Inverse Box:
     0.0840188     0.0485083     0.0000000
     0.0000000     0.0970165     0.0000000
     0.0000000     0.0000000     0.0336791
----------------------------------------
==============================================
geometrical properties of  49 Ge:
 Configuration:           0
 D_ave:   9.09307861       3.57052827    
 D_min:   3.01628757       2.36602370E-02
 energia:   103709.758    
