Random Seed:  1189818139
Number of atoms:    60
Space Group:    1
Cell:
    11.9020996    11.9020996    29.6919994    90.0000000    90.0000000   120.0000000
Box:
    11.9020996    -5.9510503     0.0000000
     0.0000000    10.3075209     0.0000000
     0.0000000     0.0000000    29.6919994
----------------------------------------
Inverse Box:
     0.0840188     0.0485083     0.0000000
     0.0000000     0.0970165     0.0000000
     0.0000000     0.0000000     0.0336791
----------------------------------------
GeSiSiSiSiSiSiSiSiSiSiSiSiSiSiSiSiSiSiSiSiSiSiSiSiSiSiSiSiSiSiSiSiSiSiSiSiSiSiSiSiSiSiSiSiSiSiSiGeSiSiSiSiSiSiSiSiSiSiSi
           1 Ge    -7733.49365    
GeGeSiSiSiSiSiSiSiSiSiSiSiSiSiSiSiSiSiSiSiSiSiSiSiSiSiSiSiSiSiSiSiSiSiSiSiSiSiSiSiSiSiSiSiSiSiSiGeSiSiSiSiSiSiSiSiSiSiSi
           2 Ge    -7726.87354    
GeGeGeSiSiSiSiSiSiSiSiSiSiSiSiSiSiSiSiSiSiSiSiSiSiSiSiSiSiSiSiSiSiSiSiSiSiSiSiSiSiSiSiSiSiSiSiSiGeSiSiSiSiSiSiSiSiSiSiSi
           3 Ge    -7727.76611    
GeGeGeGeSiSiSiSiSiSiSiSiSiSiSiSiSiSiSiSiSiSiSiSiSiSiSiSiSiSiSiSiSiSiSiSiSiSiSiSiSiSiSiSiSiSiSiSiGeSiSiSiSiSiSiSiSiSiSiSi
           4 Ge    -7765.05957    
GeGeGeGeGeSiSiSiSiSiSiSiSiSiSiSiSiSiSiSiSiSiSiSiSiSiSiSiSiSiSiSiSiSiSiSiSiSiSiSiSiSiSiSiSiSiSiSiGeSiSiSiSiSiSiSiSiSiSiSi
           5 Ge    -7827.15527    
GeGeGeGeGeGeSiSiSiSiSiSiSiSiSiSiSiSiSiSiSiSiSiSiSiSiSiSiSiSiSiSiSiSiSiSiSiSiSiSiSiSiSiSiSiSiSiSiGeSiSiSiSiSiSiSiSiSiSiSi
           6 Ge    -7920.75098    
GeGeGeGeGeGeGeSiSiSiSiSiSiSiSiSiSiSiSiSiSiSiSiSiSiSiSiSiSiSiSiSiSiSiSiSiSiSiSiSiSiSiSiSiSiSiSiSiGeSiSiSiSiSiSiSiSiSiSiSi
           7 Ge    -8120.80762    
GeGeGeGeGeGeGeGeSiSiSiSiSiSiSiSiSiSiSiSiSiSiSiSiSiSiSiSiSiSiSiSiSiSiSiSiSiSiSiSiSiSiSiSiSiSiSiSiGeSiSiSiSiSiSiSiSiSiSiSi
           8 Ge    -8362.87012    
GeGeGeGeGeGeGeGeSiSiSiGeSiSiSiSiSiSiSiSiSiSiSiSiSiSiSiSiSiSiSiSiSiSiSiSiSiSiSiSiSiSiSiSiSiSiSiSiGeSiSiSiSiSiSiSiSiSiSiSi
          12 Ge    -8667.08789    
GeGeGeGeGeGeGeGeSiSiSiGeSiGeSiSiSiSiSiSiSiSiSiSiSiSiSiSiSiSiSiSiSiSiSiSiSiSiSiSiSiSiSiSiSiSiSiSiGeSiSiSiSiSiSiSiSiSiSiSi
          14 Ge    -9105.40234    
GeGeGeGeGeGeGeGeSiSiSiGeSiGeSiGeSiSiSiSiSiSiSiSiSiSiSiSiSiSiSiSiSiSiSiSiSiSiSiSiSiSiSiSiSiSiSiSiGeSiSiSiSiSiSiSiSiSiSiSi
          16 Ge    -9607.11035    
GeGeGeGeGeGeGeGeSiSiSiGeSiGeSiGeSiSiSiSiSiSiSiSiSiGeSiSiSiSiSiSiSiSiSiSiSiSiSiSiSiSiSiSiSiSiSiSiGeSiSiSiSiSiSiSiSiSiSiSi
          26 Ge    -9534.57910    
GeGeGeGeGeGeGeGeSiSiSiGeSiGeSiGeSiSiSiSiSiSiSiSiSiGeSiSiSiGeSiSiSiSiSiSiSiSiSiSiSiSiSiSiSiSiSiSiGeSiSiSiSiSiSiSiSiSiSiSi
          30 Ge    -8984.09180    
GeGeGeGeGeGeGeGeSiSiSiGeSiGeSiGeSiSiSiSiSiSiSiSiSiGeSiSiSiGeSiSiSiSiSiGeSiSiSiSiSiSiSiSiSiSiSiSiGeSiSiSiSiSiSiSiSiSiSiSi
          36 Ge    -7737.78857    
GeGeGeGeGeGeGeGeSiSiSiGeSiGeSiGeSiSiSiSiSiSiSiSiSiGeSiSiSiGeSiSiSiSiSiGeSiSiGeSiSiSiSiSiSiSiSiSiGeSiSiSiSiSiSiSiSiSiSiSi
          39 Ge    -8495.31641    
GeGeGeGeGeGeGeGeSiSiSiGeSiGeSiGeSiSiSiSiSiSiSiSiSiGeSiSiSiGeSiSiSiSiSiGeSiSiGeGeSiSiSiSiSiSiSiSiGeSiSiSiSiSiSiSiSiSiSiSi
          40 Ge    -8716.46582    
GeGeGeGeGeGeGeGeSiSiSiGeSiGeSiGeSiSiSiSiSiSiSiSiSiGeSiSiSiGeSiSiSiSiSiGeSiSiGeGeGeSiSiSiSiSiSiSiGeSiSiSiSiSiSiSiSiSiSiSi
          41 Ge    -9598.14453    
GeGeGeGeGeGeGeGeSiSiSiGeSiGeSiGeSiSiSiSiSiSiSiSiSiGeSiSiSiGeSiSiSiSiSiGeSiSiGeGeGeGeSiSiSiSiSiSiGeSiSiSiSiSiSiSiSiSiSiSi
          42 Ge    -7085.40576    
GeGeGeGeGeGeGeGeSiSiSiGeSiGeSiGeSiSiSiSiSiSiSiSiSiGeSiSiSiGeSiSiSiSiSiGeSiSiGeGeGeGeSiSiGeSiSiSiGeSiSiSiSiSiSiSiSiSiSiSi
          45 Ge    -8095.05029    
GeGeGeGeGeGeGeGeSiSiSiGeSiGeSiGeSiSiSiSiSiSiSiSiSiGeSiSiSiGeSiSiSiSiSiGeSiSiGeGeGeGeSiSiGeGeSiSiGeSiSiSiSiSiSiSiSiSiSiSi
          46 Ge    -8177.83447    
GeGeGeGeGeGeGeGeSiGeSiGeSiGeSiGeSiSiSiSiSiSiSiSiSiGeSiSiSiGeSiSiSiSiSiGeSiSiGeGeGeGeSiSiGeGeSiSiGeSiSiSiSiSiSiSiSiSiSiSi
          10 Ge    -8871.16602    
GeGeGeGeGeGeGeGeSiGeGeGeSiGeSiGeSiSiSiSiSiSiSiSiSiGeSiSiSiGeSiSiSiSiSiGeSiSiGeGeGeGeSiSiGeGeSiSiGeSiSiSiSiSiSiSiSiSiSiSi
          11 Ge    -8415.46289    
GeGeGeGeGeGeGeGeSiGeGeGeGeGeSiGeSiSiSiSiSiSiSiSiSiGeSiSiSiGeSiSiSiSiSiGeSiSiGeGeGeGeSiSiGeGeSiSiGeSiSiSiSiSiSiSiSiSiSiSi
          13 Ge    -6839.07861    
GeGeGeGeGeGeGeGeSiGeGeGeGeGeGeGeSiSiSiSiSiSiSiSiSiGeSiSiSiGeSiSiSiSiSiGeSiSiGeGeGeGeSiSiGeGeSiSiGeSiSiSiSiSiSiSiSiSiSiSi
          15 Ge    -5907.56543    
GeGeGeGeGeGeGeGeSiGeGeGeGeGeGeGeGeSiSiSiSiSiSiSiSiGeSiSiSiGeSiSiSiSiSiGeSiSiGeGeGeGeSiSiGeGeSiSiGeSiSiSiSiSiSiSiSiSiSiSi
          17 Ge    -3661.20947    
GeGeGeGeGeGeGeGeSiGeGeGeGeGeGeGeGeGeSiSiSiSiSiSiSiGeSiSiSiGeSiSiSiSiSiGeSiSiGeGeGeGeSiSiGeGeSiSiGeSiSiSiSiSiSiSiSiSiSiSi
          18 Ge     593.001953    
GeGeGeGeGeGeGeGeSiGeGeGeGeGeGeGeGeGeSiSiSiSiGeSiSiGeSiSiSiGeSiSiSiSiSiGeSiSiGeGeGeGeSiSiGeGeSiSiGeSiSiSiSiSiSiSiSiSiSiSi
          23 Ge     3863.39941    
GeGeGeGeGeGeGeGeSiGeGeGeGeGeGeGeGeGeSiSiSiSiGeGeSiGeSiSiSiGeSiSiSiSiSiGeSiSiGeGeGeGeSiSiGeGeSiSiGeSiSiSiSiSiSiSiSiSiSiSi
          24 Ge     11544.0293    
GeGeGeGeGeGeGeGeSiGeGeGeGeGeGeGeGeGeSiSiSiSiGeGeSiGeSiGeSiGeSiSiSiSiSiGeSiSiGeGeGeGeSiSiGeGeSiSiGeSiSiSiSiSiSiSiSiSiSiSi
          28 Ge     14599.2852    
GeGeGeGeGeGeGeGeSiGeGeGeGeGeGeGeGeGeSiSiSiSiGeGeSiGeSiGeSiGeSiSiSiSiSiGeSiSiGeGeGeGeSiGeGeGeSiSiGeSiSiSiSiSiSiSiSiSiSiSi
          44 Ge     17346.1133    
GeGeGeGeGeGeGeGeSiGeGeGeGeGeGeGeGeGeSiSiSiSiGeGeSiGeSiGeSiGeSiSiSiSiSiGeSiSiGeGeGeGeSiGeGeGeSiSiGeSiGeSiSiSiSiSiSiSiSiSi
          51 Ge     15102.6719    
GeGeGeGeGeGeGeGeSiGeGeGeGeGeGeGeGeGeSiSiSiSiGeGeSiGeSiGeSiGeSiSiSiSiSiGeSiSiGeGeGeGeSiGeGeGeSiSiGeSiGeSiSiSiSiSiGeSiSiSi
          57 Ge     15515.2949    
GeGeGeGeGeGeGeGeSiGeGeGeGeGeGeGeGeGeSiSiSiSiGeGeSiGeSiGeSiGeSiSiSiSiSiGeSiSiGeGeGeGeSiGeGeGeSiSiGeSiGeSiSiSiSiSiGeGeSiSi
          58 Ge     19472.1875    
GeGeGeGeGeGeGeGeGeGeGeGeGeGeGeGeGeGeSiSiSiSiGeGeSiGeSiGeSiGeSiSiSiSiSiGeSiSiGeGeGeGeSiGeGeGeSiSiGeSiGeSiSiSiSiSiGeGeSiSi
           9 Ge     23521.6953    
GeGeGeGeGeGeGeGeGeGeGeGeGeGeGeGeGeGeSiSiGeSiGeGeSiGeSiGeSiGeSiSiSiSiSiGeSiSiGeGeGeGeSiGeGeGeSiSiGeSiGeSiSiSiSiSiGeGeSiSi
          21 Ge     34069.4141    
GeGeGeGeGeGeGeGeGeGeGeGeGeGeGeGeGeGeSiSiGeGeGeGeSiGeSiGeSiGeSiSiSiSiSiGeSiSiGeGeGeGeSiGeGeGeSiSiGeSiGeSiSiSiSiSiGeGeSiSi
          22 Ge     44985.8125    
GeGeGeGeGeGeGeGeGeGeGeGeGeGeGeGeGeGeSiSiGeGeGeGeSiGeSiGeSiGeGeSiSiSiSiGeSiSiGeGeGeGeSiGeGeGeSiSiGeSiGeSiSiSiSiSiGeGeSiSi
          31 Ge     49775.6719    
GeGeGeGeGeGeGeGeGeGeGeGeGeGeGeGeGeGeSiSiGeGeGeGeSiGeSiGeSiGeGeGeSiSiSiGeSiSiGeGeGeGeSiGeGeGeSiSiGeSiGeSiSiSiSiSiGeGeSiSi
          32 Ge     56745.1875    
GeGeGeGeGeGeGeGeGeGeGeGeGeGeGeGeGeGeSiSiGeGeGeGeSiGeSiGeSiGeGeGeGeSiSiGeSiSiGeGeGeGeSiGeGeGeSiSiGeSiGeSiSiSiSiSiGeGeSiSi
          33 Ge     78703.6016    
GeGeGeGeGeGeGeGeGeGeGeGeGeGeGeGeGeGeSiSiGeGeGeGeSiGeSiGeSiGeGeGeGeSiSiGeSiSiGeGeGeGeSiGeGeGeSiSiGeGeGeSiSiSiSiSiGeGeSiSi
          50 Ge     81521.0703    
GeGeGeGeGeGeGeGeGeGeGeGeGeGeGeGeGeGeSiSiGeGeGeGeSiGeSiGeSiGeGeGeGeSiSiGeSiSiGeGeGeGeSiGeGeGeSiSiGeGeGeSiSiSiGeSiGeGeSiSi
          55 Ge     86031.4062    
GeGeGeGeGeGeGeGeGeGeGeGeGeGeGeGeGeGeSiSiGeGeGeGeGeGeSiGeSiGeGeGeGeSiSiGeSiSiGeGeGeGeSiGeGeGeSiSiGeGeGeSiSiSiGeSiGeGeSiSi
          25 Ge     95907.9531    
GeGeGeGeGeGeGeGeGeGeGeGeGeGeGeGeGeGeSiSiGeGeGeGeGeGeGeGeSiGeGeGeGeSiSiGeSiSiGeGeGeGeSiGeGeGeSiSiGeGeGeSiSiSiGeSiGeGeSiSi
          27 Ge     107081.875    
GeGeGeGeGeGeGeGeGeGeGeGeGeGeGeGeGeGeSiSiGeGeGeGeGeGeGeGeSiGeGeGeGeSiSiGeGeSiGeGeGeGeSiGeGeGeSiSiGeGeGeSiSiSiGeSiGeGeSiSi
          37 Ge     123502.047    
GeGeGeGeGeGeGeGeGeGeGeGeGeGeGeGeGeGeSiSiGeGeGeGeGeGeGeGeSiGeGeGeGeSiSiGeGeGeGeGeGeGeSiGeGeGeSiSiGeGeGeSiSiSiGeSiGeGeSiSi
          38 Ge     137564.094    
GeGeGeGeGeGeGeGeGeGeGeGeGeGeGeGeGeGeSiSiGeGeGeGeGeGeGeGeSiGeGeGeGeSiSiGeGeGeGeGeGeGeSiGeGeGeSiSiGeGeGeSiSiSiGeGeGeGeSiSi
          56 Ge     149377.031    
GeGeGeGeGeGeGeGeGeGeGeGeGeGeGeGeGeGeSiSiGeGeGeGeGeGeGeGeGeGeGeGeGeSiSiGeGeGeGeGeGeGeSiGeGeGeSiSiGeGeGeSiSiSiGeGeGeGeSiSi
          29 Ge     169991.594    
GeGeGeGeGeGeGeGeGeGeGeGeGeGeGeGeGeGeSiSiGeGeGeGeGeGeGeGeGeGeGeGeGeGeSiGeGeGeGeGeGeGeSiGeGeGeSiSiGeGeGeSiSiSiGeGeGeGeSiSi
          34 Ge     193305.562    
GeGeGeGeGeGeGeGeGeGeGeGeGeGeGeGeGeGeSiSiGeGeGeGeGeGeGeGeGeGeGeGeGeGeSiGeGeGeGeGeGeGeSiGeGeGeSiGeGeGeGeSiSiSiGeGeGeGeSiSi
          48 Ge     206248.062    
==============================================
MonteCarlo: Metropolis with identity changes
Si > Ge, Ge > Si. STOP when occurrence <    0.00000
==============================================
Cost_function     Occurrence %     Scan-Cost
   141181.6093750000 GeGeSiGeSiGeSiGeGeGeSiSiGeGeGeGeGeGeGeGeGeGeGeGeSiGeGeSiGeGeGeGeGeGeGeGeGeGeGeGeGeGeGeGeGeGeGeGeGeGeGeSiGeGeGeSiGeSiGeGe
   140425.6718750000 GeGeGeGeSiGeSiGeSiGeSiSiGeGeGeGeGeGeGeGeGeGeGeGeSiGeGeSiGeGeGeGeGeGeGeGeGeGeGeGeGeGeGeGeGeGeGeGeGeGeGeSiGeGeGeSiGeSiGeGe
   140425.6718750000 GeGeGeGeSiGeSiGeSiGeSiSiGeGeGeGeGeGeGeGeGeGeGeGeSiGeGeSiGeGeGeGeGeGeGeGeGeGeGeGeGeGeGeGeGeGeGeGeGeGeGeSiGeGeGeSiGeSiGeGe
   140425.6718750000 GeGeGeGeSiGeSiGeSiGeSiSiGeGeGeGeGeGeGeGeGeGeGeGeSiGeGeSiGeGeGeGeGeGeGeGeGeGeGeGeGeGeGeGeGeGeGeGeGeGeGeSiGeGeGeSiGeSiGeGe
   131614.8281250000 GeGeGeGeSiGeSiGeSiGeSiSiGeGeGeGeGeGeGeGeGeGeGeGeSiGeGeGeGeGeGeGeGeGeGeGeGeGeGeGeGeGeGeGeGeGeGeGeGeGeSiSiGeGeGeSiGeSiGeGe
   130482.4218750000 GeGeGeGeSiGeSiGeSiGeSiSiGeGeGeGeGeGeGeGeGeGeGeGeSiGeGeGeGeGeGeGeGeGeGeGeGeGeGeGeGeGeGeGeGeGeGeGeGeSiSiGeGeGeGeSiGeSiGeGe
   130482.4218750000 GeGeGeGeSiGeSiGeSiGeSiSiGeGeGeGeGeGeGeGeGeGeGeGeSiGeGeGeGeGeGeGeGeGeGeGeGeGeGeGeGeGeGeGeGeGeGeGeGeSiSiGeGeGeGeSiGeSiGeGe
   130482.4218750000 GeGeGeGeSiGeSiGeSiGeSiSiGeGeGeGeGeGeGeGeGeGeGeGeSiGeGeGeGeGeGeGeGeGeGeGeGeGeGeGeGeGeGeGeGeGeGeGeGeSiSiGeGeGeGeSiGeSiGeGe
   129757.3437500000 GeGeGeGeSiGeSiGeSiGeSiSiGeGeGeGeGeGeGeGeGeGeGeGeGeGeGeGeGeSiGeGeGeGeGeGeGeGeGeGeGeGeGeGeGeGeGeGeGeSiSiGeGeGeGeSiGeSiGeGe
   129757.3437500000 GeGeGeGeSiGeSiGeSiGeSiSiGeGeGeGeGeGeGeGeGeGeGeGeGeGeGeGeGeSiGeGeGeGeGeGeGeGeGeGeGeGeGeGeGeGeGeGeGeSiSiGeGeGeGeSiGeSiGeGe
   129757.3437500000 GeGeGeGeSiGeSiGeSiGeSiSiGeGeGeGeGeGeGeGeGeGeGeGeGeGeGeGeGeSiGeGeGeGeGeGeGeGeGeGeGeGeGeGeGeGeGeGeGeSiSiGeGeGeGeSiGeSiGeGe
   129757.3437500000 GeGeGeGeSiGeSiGeSiGeSiSiGeGeGeGeGeGeGeGeGeGeGeGeGeGeGeGeGeSiGeGeGeGeGeGeGeGeGeGeGeGeGeGeGeGeGeGeGeSiSiGeGeGeGeSiGeSiGeGe
   129757.3437500000 GeGeGeGeSiGeSiGeSiGeSiSiGeGeGeGeGeGeGeGeGeGeGeGeGeGeGeGeGeSiGeGeGeGeGeGeGeGeGeGeGeGeGeGeGeGeGeGeGeSiSiGeGeGeGeSiGeSiGeGe
   129237.7265625000 GeGeGeGeSiGeSiGeSiSiSiSiGeGeGeGeGeGeGeGeGeGeGeGeGeGeGeGeGeSiGeGeGeGeGeGeGeGeGeGeGeGeGeGeGeGeGeGeGeGeSiGeGeSiGeGeGeSiGeGe
   129237.7265625000 GeGeGeGeSiGeSiGeSiSiSiSiGeGeGeGeGeGeGeGeGeGeGeGeGeGeGeGeGeSiGeGeGeGeGeGeGeGeGeGeGeGeGeGeGeGeGeGeGeGeSiGeGeSiGeGeGeSiGeGe
   129237.7265625000 GeGeGeGeSiGeSiGeSiSiSiSiGeGeGeGeGeGeGeGeGeGeGeGeGeGeGeGeGeSiGeGeGeGeGeGeGeGeGeGeGeGeGeGeGeGeGeGeGeGeSiGeGeSiGeGeGeSiGeGe
   129237.7265625000 GeGeGeGeSiGeSiGeSiSiSiSiGeGeGeGeGeGeGeGeGeGeGeGeGeGeGeGeGeSiGeGeGeGeGeGeGeGeGeGeGeGeGeGeGeGeGeGeGeGeSiGeGeSiGeGeGeSiGeGe
   129237.7265625000 GeGeGeGeSiGeSiGeSiSiSiSiGeGeGeGeGeGeGeGeGeGeGeGeGeGeGeGeGeSiGeGeGeGeGeGeGeGeGeGeGeGeGeGeGeGeGeGeGeGeSiGeGeSiGeGeGeSiGeGe
   129237.7265625000 GeGeGeGeSiGeSiGeSiSiSiSiGeGeGeGeGeGeGeGeGeGeGeGeGeGeGeGeGeSiGeGeGeGeGeGeGeGeGeGeGeGeGeGeGeGeGeGeGeGeSiGeGeSiGeGeGeSiGeGe
   129237.7265625000 GeGeGeGeSiGeSiGeSiSiSiSiGeGeGeGeGeGeGeGeGeGeGeGeGeGeGeGeGeSiGeGeGeGeGeGeGeGeGeGeGeGeGeGeGeGeGeGeGeGeSiGeGeSiGeGeGeSiGeGe
   129237.7265625000 GeGeGeGeSiGeSiGeSiSiSiSiGeGeGeGeGeGeGeGeGeGeGeGeGeGeGeGeGeSiGeGeGeGeGeGeGeGeGeGeGeGeGeGeGeGeGeGeGeGeSiGeGeSiGeGeGeSiGeGe
   129237.7265625000 GeGeGeGeSiGeSiGeSiSiSiSiGeGeGeGeGeGeGeGeGeGeGeGeGeGeGeGeGeSiGeGeGeGeGeGeGeGeGeGeGeGeGeGeGeGeGeGeGeGeSiGeGeSiGeGeGeSiGeGe
   129237.7265625000 GeGeGeGeSiGeSiGeSiSiSiSiGeGeGeGeGeGeGeGeGeGeGeGeGeGeGeGeGeSiGeGeGeGeGeGeGeGeGeGeGeGeGeGeGeGeGeGeGeGeSiGeGeSiGeGeGeSiGeGe
   129237.7265625000 GeGeGeGeSiGeSiGeSiSiSiSiGeGeGeGeGeGeGeGeGeGeGeGeGeGeGeGeGeSiGeGeGeGeGeGeGeGeGeGeGeGeGeGeGeGeGeGeGeGeSiGeGeSiGeGeGeSiGeGe
   129237.7265625000 GeGeGeGeSiGeSiGeSiSiSiSiGeGeGeGeGeGeGeGeGeGeGeGeGeGeGeGeGeSiGeGeGeGeGeGeGeGeGeGeGeGeGeGeGeGeGeGeGeGeSiGeGeSiGeGeGeSiGeGe
   129237.7265625000 GeGeGeGeSiGeSiGeSiSiSiSiGeGeGeGeGeGeGeGeGeGeGeGeGeGeGeGeGeSiGeGeGeGeGeGeGeGeGeGeGeGeGeGeGeGeGeGeGeGeSiGeGeSiGeGeGeSiGeGe
   129237.7265625000 GeGeGeGeSiGeSiGeSiSiSiSiGeGeGeGeGeGeGeGeGeGeGeGeGeGeGeGeGeSiGeGeGeGeGeGeGeGeGeGeGeGeGeGeGeGeGeGeGeGeSiGeGeSiGeGeGeSiGeGe
   129237.7265625000 GeGeGeGeSiGeSiGeSiSiSiSiGeGeGeGeGeGeGeGeGeGeGeGeGeGeGeGeGeSiGeGeGeGeGeGeGeGeGeGeGeGeGeGeGeGeGeGeGeGeSiGeGeSiGeGeGeSiGeGe
   129237.7265625000 GeGeGeGeSiGeSiGeSiSiSiSiGeGeGeGeGeGeGeGeGeGeGeGeGeGeGeGeGeSiGeGeGeGeGeGeGeGeGeGeGeGeGeGeGeGeGeGeGeGeSiGeGeSiGeGeGeSiGeGe
   129237.7265625000 GeGeGeGeSiGeSiGeSiSiSiSiGeGeGeGeGeGeGeGeGeGeGeGeGeGeGeGeGeSiGeGeGeGeGeGeGeGeGeGeGeGeGeGeGeGeGeGeGeGeSiGeGeSiGeGeGeSiGeGe
   129237.7265625000 GeGeGeGeSiGeSiGeSiSiSiSiGeGeGeGeGeGeGeGeGeGeGeGeGeGeGeGeGeSiGeGeGeGeGeGeGeGeGeGeGeGeGeGeGeGeGeGeGeGeSiGeGeSiGeGeGeSiGeGe
   129237.7265625000 GeGeGeGeSiGeSiGeSiSiSiSiGeGeGeGeGeGeGeGeGeGeGeGeGeGeGeGeGeSiGeGeGeGeGeGeGeGeGeGeGeGeGeGeGeGeGeGeGeGeSiGeGeSiGeGeGeSiGeGe
   129237.7265625000 GeGeGeGeSiGeSiGeSiSiSiSiGeGeGeGeGeGeGeGeGeGeGeGeGeGeGeGeGeSiGeGeGeGeGeGeGeGeGeGeGeGeGeGeGeGeGeGeGeGeSiGeGeSiGeGeGeSiGeGe
   129237.7265625000 GeGeGeGeSiGeSiGeSiSiSiSiGeGeGeGeGeGeGeGeGeGeGeGeGeGeGeGeGeSiGeGeGeGeGeGeGeGeGeGeGeGeGeGeGeGeGeGeGeGeSiGeGeSiGeGeGeSiGeGe
   129237.7265625000 GeGeGeGeSiGeSiGeSiSiSiSiGeGeGeGeGeGeGeGeGeGeGeGeGeGeGeGeGeSiGeGeGeGeGeGeGeGeGeGeGeGeGeGeGeGeGeGeGeGeSiGeGeSiGeGeGeSiGeGe
   129237.7265625000 GeGeGeGeSiGeSiGeSiSiSiSiGeGeGeGeGeGeGeGeGeGeGeGeGeGeGeGeGeSiGeGeGeGeGeGeGeGeGeGeGeGeGeGeGeGeGeGeGeGeSiGeGeSiGeGeGeSiGeGe
   129237.7265625000 GeGeGeGeSiGeSiGeSiSiSiSiGeGeGeGeGeGeGeGeGeGeGeGeGeGeGeGeGeSiGeGeGeGeGeGeGeGeGeGeGeGeGeGeGeGeGeGeGeGeSiGeGeSiGeGeGeSiGeGe
   129237.7265625000 GeGeGeGeSiGeSiGeSiSiSiSiGeGeGeGeGeGeGeGeGeGeGeGeGeGeGeGeGeSiGeGeGeGeGeGeGeGeGeGeGeGeGeGeGeGeGeGeGeGeSiGeGeSiGeGeGeSiGeGe
   129237.7265625000 GeGeGeGeSiGeSiGeSiSiSiSiGeGeGeGeGeGeGeGeGeGeGeGeGeGeGeGeGeSiGeGeGeGeGeGeGeGeGeGeGeGeGeGeGeGeGeGeGeGeSiGeGeSiGeGeGeSiGeGe
   129237.7265625000 GeGeGeGeSiGeSiGeSiSiSiSiGeGeGeGeGeGeGeGeGeGeGeGeGeGeGeGeGeSiGeGeGeGeGeGeGeGeGeGeGeGeGeGeGeGeGeGeGeGeSiGeGeSiGeGeGeSiGeGe
   129237.7265625000 GeGeGeGeSiGeSiGeSiSiSiSiGeGeGeGeGeGeGeGeGeGeGeGeGeGeGeGeGeSiGeGeGeGeGeGeGeGeGeGeGeGeGeGeGeGeGeGeGeGeSiGeGeSiGeGeGeSiGeGe
   129237.7265625000 GeGeGeGeSiGeSiGeSiSiSiSiGeGeGeGeGeGeGeGeGeGeGeGeGeGeGeGeGeSiGeGeGeGeGeGeGeGeGeGeGeGeGeGeGeGeGeGeGeGeSiGeGeSiGeGeGeSiGeGe
   129237.7265625000 GeGeGeGeSiGeSiGeSiSiSiSiGeGeGeGeGeGeGeGeGeGeGeGeGeGeGeGeGeSiGeGeGeGeGeGeGeGeGeGeGeGeGeGeGeGeGeGeGeGeSiGeGeSiGeGeGeSiGeGe
   129237.7265625000 GeGeGeGeSiGeSiGeSiSiSiSiGeGeGeGeGeGeGeGeGeGeGeGeGeGeGeGeGeSiGeGeGeGeGeGeGeGeGeGeGeGeGeGeGeGeGeGeGeGeSiGeGeSiGeGeGeSiGeGe
   129237.7265625000 GeGeGeGeSiGeSiGeSiSiSiSiGeGeGeGeGeGeGeGeGeGeGeGeGeGeGeGeGeSiGeGeGeGeGeGeGeGeGeGeGeGeGeGeGeGeGeGeGeGeSiGeGeSiGeGeGeSiGeGe
   129237.7265625000 GeGeGeGeSiGeSiGeSiSiSiSiGeGeGeGeGeGeGeGeGeGeGeGeGeGeGeGeGeSiGeGeGeGeGeGeGeGeGeGeGeGeGeGeGeGeGeGeGeGeSiGeGeSiGeGeGeSiGeGe
   129237.7265625000 GeGeGeGeSiGeSiGeSiSiSiSiGeGeGeGeGeGeGeGeGeGeGeGeGeGeGeGeGeSiGeGeGeGeGeGeGeGeGeGeGeGeGeGeGeGeGeGeGeGeSiGeGeSiGeGeGeSiGeGe
   129237.7265625000 GeGeGeGeSiGeSiGeSiSiSiSiGeGeGeGeGeGeGeGeGeGeGeGeGeGeGeGeGeSiGeGeGeGeGeGeGeGeGeGeGeGeGeGeGeGeGeGeGeGeSiGeGeSiGeGeGeSiGeGe
   129237.7265625000 GeGeGeGeSiGeSiGeSiSiSiSiGeGeGeGeGeGeGeGeGeGeGeGeGeGeGeGeGeSiGeGeGeGeGeGeGeGeGeGeGeGeGeGeGeGeGeGeGeGeSiGeGeSiGeGeGeSiGeGe
   129237.7265625000 GeGeGeGeSiGeSiGeSiSiSiSiGeGeGeGeGeGeGeGeGeGeGeGeGeGeGeGeGeSiGeGeGeGeGeGeGeGeGeGeGeGeGeGeGeGeGeGeGeGeSiGeGeSiGeGeGeSiGeGe
   129237.7265625000 GeGeGeGeSiGeSiGeSiSiSiSiGeGeGeGeGeGeGeGeGeGeGeGeGeGeGeGeGeSiGeGeGeGeGeGeGeGeGeGeGeGeGeGeGeGeGeGeGeGeSiGeGeSiGeGeGeSiGeGe
   129237.7265625000 GeGeGeGeSiGeSiGeSiSiSiSiGeGeGeGeGeGeGeGeGeGeGeGeGeGeGeGeGeSiGeGeGeGeGeGeGeGeGeGeGeGeGeGeGeGeGeGeGeGeSiGeGeSiGeGeGeSiGeGe
   129237.7265625000 GeGeGeGeSiGeSiGeSiSiSiSiGeGeGeGeGeGeGeGeGeGeGeGeGeGeGeGeGeSiGeGeGeGeGeGeGeGeGeGeGeGeGeGeGeGeGeGeGeGeSiGeGeSiGeGeGeSiGeGe
   129237.7265625000 GeGeGeGeSiGeSiGeSiSiSiSiGeGeGeGeGeGeGeGeGeGeGeGeGeGeGeGeGeSiGeGeGeGeGeGeGeGeGeGeGeGeGeGeGeGeGeGeGeGeSiGeGeSiGeGeGeSiGeGe
   129237.7265625000 GeGeGeGeSiGeSiGeSiSiSiSiGeGeGeGeGeGeGeGeGeGeGeGeGeGeGeGeGeSiGeGeGeGeGeGeGeGeGeGeGeGeGeGeGeGeGeGeGeGeSiGeGeSiGeGeGeSiGeGe
   129237.7265625000 GeGeGeGeSiGeSiGeSiSiSiSiGeGeGeGeGeGeGeGeGeGeGeGeGeGeGeGeGeSiGeGeGeGeGeGeGeGeGeGeGeGeGeGeGeGeGeGeGeGeSiGeGeSiGeGeGeSiGeGe
   129237.7265625000 GeGeGeGeSiGeSiGeSiSiSiSiGeGeGeGeGeGeGeGeGeGeGeGeGeGeGeGeGeSiGeGeGeGeGeGeGeGeGeGeGeGeGeGeGeGeGeGeGeGeSiGeGeSiGeGeGeSiGeGe
   129237.7265625000 GeGeGeGeSiGeSiGeSiSiSiSiGeGeGeGeGeGeGeGeGeGeGeGeGeGeGeGeGeSiGeGeGeGeGeGeGeGeGeGeGeGeGeGeGeGeGeGeGeGeSiGeGeSiGeGeGeSiGeGe
   129237.7265625000 GeGeGeGeSiGeSiGeSiSiSiSiGeGeGeGeGeGeGeGeGeGeGeGeGeGeGeGeGeSiGeGeGeGeGeGeGeGeGeGeGeGeGeGeGeGeGeGeGeGeSiGeGeSiGeGeGeSiGeGe
   129237.7265625000 GeGeGeGeSiGeSiGeSiSiSiSiGeGeGeGeGeGeGeGeGeGeGeGeGeGeGeGeGeSiGeGeGeGeGeGeGeGeGeGeGeGeGeGeGeGeGeGeGeGeSiGeGeSiGeGeGeSiGeGe
   129237.7265625000 GeGeGeGeSiGeSiGeSiSiSiSiGeGeGeGeGeGeGeGeGeGeGeGeGeGeGeGeGeSiGeGeGeGeGeGeGeGeGeGeGeGeGeGeGeGeGeGeGeGeSiGeGeSiGeGeGeSiGeGe
   129237.7265625000 GeGeGeGeSiGeSiGeSiSiSiSiGeGeGeGeGeGeGeGeGeGeGeGeGeGeGeGeGeSiGeGeGeGeGeGeGeGeGeGeGeGeGeGeGeGeGeGeGeGeSiGeGeSiGeGeGeSiGeGe
   129237.7265625000 GeGeGeGeSiGeSiGeSiSiSiSiGeGeGeGeGeGeGeGeGeGeGeGeGeGeGeGeGeSiGeGeGeGeGeGeGeGeGeGeGeGeGeGeGeGeGeGeGeGeSiGeGeSiGeGeGeSiGeGe
   129237.7265625000 GeGeGeGeSiGeSiGeSiSiSiSiGeGeGeGeGeGeGeGeGeGeGeGeGeGeGeGeGeSiGeGeGeGeGeGeGeGeGeGeGeGeGeGeGeGeGeGeGeGeSiGeGeSiGeGeGeSiGeGe
   129237.7265625000 GeGeGeGeSiGeSiGeSiSiSiSiGeGeGeGeGeGeGeGeGeGeGeGeGeGeGeGeGeSiGeGeGeGeGeGeGeGeGeGeGeGeGeGeGeGeGeGeGeGeSiGeGeSiGeGeGeSiGeGe
   129237.7265625000 GeGeGeGeSiGeSiGeSiSiSiSiGeGeGeGeGeGeGeGeGeGeGeGeGeGeGeGeGeSiGeGeGeGeGeGeGeGeGeGeGeGeGeGeGeGeGeGeGeGeSiGeGeSiGeGeGeSiGeGe
   129237.7265625000 GeGeGeGeSiGeSiGeSiSiSiSiGeGeGeGeGeGeGeGeGeGeGeGeGeGeGeGeGeSiGeGeGeGeGeGeGeGeGeGeGeGeGeGeGeGeGeGeGeGeSiGeGeSiGeGeGeSiGeGe
   129237.7265625000 GeGeGeGeSiGeSiGeSiSiSiSiGeGeGeGeGeGeGeGeGeGeGeGeGeGeGeGeGeSiGeGeGeGeGeGeGeGeGeGeGeGeGeGeGeGeGeGeGeGeSiGeGeSiGeGeGeSiGeGe
   129237.7265625000 GeGeGeGeSiGeSiGeSiSiSiSiGeGeGeGeGeGeGeGeGeGeGeGeGeGeGeGeGeSiGeGeGeGeGeGeGeGeGeGeGeGeGeGeGeGeGeGeGeGeSiGeGeSiGeGeGeSiGeGe
   129237.7265625000 GeGeGeGeSiGeSiGeSiSiSiSiGeGeGeGeGeGeGeGeGeGeGeGeGeGeGeGeGeSiGeGeGeGeGeGeGeGeGeGeGeGeGeGeGeGeGeGeGeGeSiGeGeSiGeGeGeSiGeGe
   129237.7265625000 GeGeGeGeSiGeSiGeSiSiSiSiGeGeGeGeGeGeGeGeGeGeGeGeGeGeGeGeGeSiGeGeGeGeGeGeGeGeGeGeGeGeGeGeGeGeGeGeGeGeSiGeGeSiGeGeGeSiGeGe
   129237.7265625000 GeGeGeGeSiGeSiGeSiSiSiSiGeGeGeGeGeGeGeGeGeGeGeGeGeGeGeGeGeSiGeGeGeGeGeGeGeGeGeGeGeGeGeGeGeGeGeGeGeGeSiGeGeSiGeGeGeSiGeGe
   129237.7265625000 GeGeGeGeSiGeSiGeSiSiSiSiGeGeGeGeGeGeGeGeGeGeGeGeGeGeGeGeGeSiGeGeGeGeGeGeGeGeGeGeGeGeGeGeGeGeGeGeGeGeSiGeGeSiGeGeGeSiGeGe
   129237.7265625000 GeGeGeGeSiGeSiGeSiSiSiSiGeGeGeGeGeGeGeGeGeGeGeGeGeGeGeGeGeSiGeGeGeGeGeGeGeGeGeGeGeGeGeGeGeGeGeGeGeGeSiGeGeSiGeGeGeSiGeGe
   129237.7265625000 GeGeGeGeSiGeSiGeSiSiSiSiGeGeGeGeGeGeGeGeGeGeGeGeGeGeGeGeGeSiGeGeGeGeGeGeGeGeGeGeGeGeGeGeGeGeGeGeGeGeSiGeGeSiGeGeGeSiGeGe
   129237.7265625000 GeGeGeGeSiGeSiGeSiSiSiSiGeGeGeGeGeGeGeGeGeGeGeGeGeGeGeGeGeSiGeGeGeGeGeGeGeGeGeGeGeGeGeGeGeGeGeGeGeGeSiGeGeSiGeGeGeSiGeGe
   129237.7265625000 GeGeGeGeSiGeSiGeSiSiSiSiGeGeGeGeGeGeGeGeGeGeGeGeGeGeGeGeGeSiGeGeGeGeGeGeGeGeGeGeGeGeGeGeGeGeGeGeGeGeSiGeGeSiGeGeGeSiGeGe
   129237.7265625000 GeGeGeGeSiGeSiGeSiSiSiSiGeGeGeGeGeGeGeGeGeGeGeGeGeGeGeGeGeSiGeGeGeGeGeGeGeGeGeGeGeGeGeGeGeGeGeGeGeGeSiGeGeSiGeGeGeSiGeGe
   129237.7265625000 GeGeGeGeSiGeSiGeSiSiSiSiGeGeGeGeGeGeGeGeGeGeGeGeGeGeGeGeGeSiGeGeGeGeGeGeGeGeGeGeGeGeGeGeGeGeGeGeGeGeSiGeGeSiGeGeGeSiGeGe
   129237.7265625000 GeGeGeGeSiGeSiGeSiSiSiSiGeGeGeGeGeGeGeGeGeGeGeGeGeGeGeGeGeSiGeGeGeGeGeGeGeGeGeGeGeGeGeGeGeGeGeGeGeGeSiGeGeSiGeGeGeSiGeGe
   129237.7265625000 GeGeGeGeSiGeSiGeSiSiSiSiGeGeGeGeGeGeGeGeGeGeGeGeGeGeGeGeGeSiGeGeGeGeGeGeGeGeGeGeGeGeGeGeGeGeGeGeGeGeSiGeGeSiGeGeGeSiGeGe
   129237.7265625000 GeGeGeGeSiGeSiGeSiSiSiSiGeGeGeGeGeGeGeGeGeGeGeGeGeGeGeGeGeSiGeGeGeGeGeGeGeGeGeGeGeGeGeGeGeGeGeGeGeGeSiGeGeSiGeGeGeSiGeGe
   129237.7265625000 GeGeGeGeSiGeSiGeSiSiSiSiGeGeGeGeGeGeGeGeGeGeGeGeGeGeGeGeGeSiGeGeGeGeGeGeGeGeGeGeGeGeGeGeGeGeGeGeGeGeSiGeGeSiGeGeGeSiGeGe
   129237.7265625000 GeGeGeGeSiGeSiGeSiSiSiSiGeGeGeGeGeGeGeGeGeGeGeGeGeGeGeGeGeSiGeGeGeGeGeGeGeGeGeGeGeGeGeGeGeGeGeGeGeGeSiGeGeSiGeGeGeSiGeGe
   129237.7265625000 GeGeGeGeSiGeSiGeSiSiSiSiGeGeGeGeGeGeGeGeGeGeGeGeGeGeGeGeGeSiGeGeGeGeGeGeGeGeGeGeGeGeGeGeGeGeGeGeGeGeSiGeGeSiGeGeGeSiGeGe
   129237.7265625000 GeGeGeGeSiGeSiGeSiSiSiSiGeGeGeGeGeGeGeGeGeGeGeGeGeGeGeGeGeSiGeGeGeGeGeGeGeGeGeGeGeGeGeGeGeGeGeGeGeGeSiGeGeSiGeGeGeSiGeGe
   129237.7265625000 GeGeGeGeSiGeSiGeSiSiSiSiGeGeGeGeGeGeGeGeGeGeGeGeGeGeGeGeGeSiGeGeGeGeGeGeGeGeGeGeGeGeGeGeGeGeGeGeGeGeSiGeGeSiGeGeGeSiGeGe
   129237.7265625000 GeGeGeGeSiGeSiGeSiSiSiSiGeGeGeGeGeGeGeGeGeGeGeGeGeGeGeGeGeSiGeGeGeGeGeGeGeGeGeGeGeGeGeGeGeGeGeGeGeGeSiGeGeSiGeGeGeSiGeGe
   129237.7265625000 GeGeGeGeSiGeSiGeSiSiSiSiGeGeGeGeGeGeGeGeGeGeGeGeGeGeGeGeGeSiGeGeGeGeGeGeGeGeGeGeGeGeGeGeGeGeGeGeGeGeSiGeGeSiGeGeGeSiGeGe
   129237.7265625000 GeGeGeGeSiGeSiGeSiSiSiSiGeGeGeGeGeGeGeGeGeGeGeGeGeGeGeGeGeSiGeGeGeGeGeGeGeGeGeGeGeGeGeGeGeGeGeGeGeGeSiGeGeSiGeGeGeSiGeGe
   129237.7265625000 GeGeGeGeSiGeSiGeSiSiSiSiGeGeGeGeGeGeGeGeGeGeGeGeGeGeGeGeGeSiGeGeGeGeGeGeGeGeGeGeGeGeGeGeGeGeGeGeGeGeSiGeGeSiGeGeGeSiGeGe
   129237.7265625000 GeGeGeGeSiGeSiGeSiSiSiSiGeGeGeGeGeGeGeGeGeGeGeGeGeGeGeGeGeSiGeGeGeGeGeGeGeGeGeGeGeGeGeGeGeGeGeGeGeGeSiGeGeSiGeGeGeSiGeGe
   129237.7265625000 GeGeGeGeSiGeSiGeSiSiSiSiGeGeGeGeGeGeGeGeGeGeGeGeGeGeGeGeGeSiGeGeGeGeGeGeGeGeGeGeGeGeGeGeGeGeGeGeGeGeSiGeGeSiGeGeGeSiGeGe
   129237.7265625000 GeGeGeGeSiGeSiGeSiSiSiSiGeGeGeGeGeGeGeGeGeGeGeGeGeGeGeGeGeSiGeGeGeGeGeGeGeGeGeGeGeGeGeGeGeGeGeGeGeGeSiGeGeSiGeGeGeSiGeGe
   129237.7265625000 GeGeGeGeSiGeSiGeSiSiSiSiGeGeGeGeGeGeGeGeGeGeGeGeGeGeGeGeGeSiGeGeGeGeGeGeGeGeGeGeGeGeGeGeGeGeGeGeGeGeSiGeGeSiGeGeGeSiGeGe
   129237.7265625000 GeGeGeGeSiGeSiGeSiSiSiSiGeGeGeGeGeGeGeGeGeGeGeGeGeGeGeGeGeSiGeGeGeGeGeGeGeGeGeGeGeGeGeGeGeGeGeGeGeGeSiGeGeSiGeGeGeSiGeGe
   129237.7265625000 GeGeGeGeSiGeSiGeSiSiSiSiGeGeGeGeGeGeGeGeGeGeGeGeGeGeGeGeGeSiGeGeGeGeGeGeGeGeGeGeGeGeGeGeGeGeGeGeGeGeSiGeGeSiGeGeGeSiGeGe
   129237.7265625000 GeGeGeGeSiGeSiGeSiSiSiSiGeGeGeGeGeGeGeGeGeGeGeGeGeGeGeGeGeSiGeGeGeGeGeGeGeGeGeGeGeGeGeGeGeGeGeGeGeGeSiGeGeSiGeGeGeSiGeGe
   129237.7265625000 GeGeGeGeSiGeSiGeSiSiSiSiGeGeGeGeGeGeGeGeGeGeGeGeGeGeGeGeGeSiGeGeGeGeGeGeGeGeGeGeGeGeGeGeGeGeGeGeGeGeSiGeGeSiGeGeGeSiGeGe
   129237.7265625000 GeGeGeGeSiGeSiGeSiSiSiSiGeGeGeGeGeGeGeGeGeGeGeGeGeGeGeGeGeSiGeGeGeGeGeGeGeGeGeGeGeGeGeGeGeGeGeGeGeGeSiGeGeSiGeGeGeSiGeGe
   129237.7265625000 GeGeGeGeSiGeSiGeSiSiSiSiGeGeGeGeGeGeGeGeGeGeGeGeGeGeGeGeGeSiGeGeGeGeGeGeGeGeGeGeGeGeGeGeGeGeGeGeGeGeSiGeGeSiGeGeGeSiGeGe
   129237.7265625000 GeGeGeGeSiGeSiGeSiSiSiSiGeGeGeGeGeGeGeGeGeGeGeGeGeGeGeGeGeSiGeGeGeGeGeGeGeGeGeGeGeGeGeGeGeGeGeGeGeGeSiGeGeSiGeGeGeSiGeGe
   129237.7265625000 GeGeGeGeSiGeSiGeSiSiSiSiGeGeGeGeGeGeGeGeGeGeGeGeGeGeGeGeGeSiGeGeGeGeGeGeGeGeGeGeGeGeGeGeGeGeGeGeGeGeSiGeGeSiGeGeGeSiGeGe
   129237.7265625000 GeGeGeGeSiGeSiGeSiSiSiSiGeGeGeGeGeGeGeGeGeGeGeGeGeGeGeGeGeSiGeGeGeGeGeGeGeGeGeGeGeGeGeGeGeGeGeGeGeGeSiGeGeSiGeGeGeSiGeGe
   129237.7265625000 GeGeGeGeSiGeSiGeSiSiSiSiGeGeGeGeGeGeGeGeGeGeGeGeGeGeGeGeGeSiGeGeGeGeGeGeGeGeGeGeGeGeGeGeGeGeGeGeGeGeSiGeGeSiGeGeGeSiGeGe
   129237.7265625000 GeGeGeGeSiGeSiGeSiSiSiSiGeGeGeGeGeGeGeGeGeGeGeGeGeGeGeGeGeSiGeGeGeGeGeGeGeGeGeGeGeGeGeGeGeGeGeGeGeGeSiGeGeSiGeGeGeSiGeGe
   129237.7265625000 GeGeGeGeSiGeSiGeSiSiSiSiGeGeGeGeGeGeGeGeGeGeGeGeGeGeGeGeGeSiGeGeGeGeGeGeGeGeGeGeGeGeGeGeGeGeGeGeGeGeSiGeGeSiGeGeGeSiGeGe
   129237.7265625000 GeGeGeGeSiGeSiGeSiSiSiSiGeGeGeGeGeGeGeGeGeGeGeGeGeGeGeGeGeSiGeGeGeGeGeGeGeGeGeGeGeGeGeGeGeGeGeGeGeGeSiGeGeSiGeGeGeSiGeGe
   129237.7265625000 GeGeGeGeSiGeSiGeSiSiSiSiGeGeGeGeGeGeGeGeGeGeGeGeGeGeGeGeGeSiGeGeGeGeGeGeGeGeGeGeGeGeGeGeGeGeGeGeGeGeSiGeGeSiGeGeGeSiGeGe
   129237.7265625000 GeGeGeGeSiGeSiGeSiSiSiSiGeGeGeGeGeGeGeGeGeGeGeGeGeGeGeGeGeSiGeGeGeGeGeGeGeGeGeGeGeGeGeGeGeGeGeGeGeGeSiGeGeSiGeGeGeSiGeGe
   129237.7265625000 GeGeGeGeSiGeSiGeSiSiSiSiGeGeGeGeGeGeGeGeGeGeGeGeGeGeGeGeGeSiGeGeGeGeGeGeGeGeGeGeGeGeGeGeGeGeGeGeGeGeSiGeGeSiGeGeGeSiGeGe
   129237.7265625000 GeGeGeGeSiGeSiGeSiSiSiSiGeGeGeGeGeGeGeGeGeGeGeGeGeGeGeGeGeSiGeGeGeGeGeGeGeGeGeGeGeGeGeGeGeGeGeGeGeGeSiGeGeSiGeGeGeSiGeGe
   129237.7265625000 GeGeGeGeSiGeSiGeSiSiSiSiGeGeGeGeGeGeGeGeGeGeGeGeGeGeGeGeGeSiGeGeGeGeGeGeGeGeGeGeGeGeGeGeGeGeGeGeGeGeSiGeGeSiGeGeGeSiGeGe
   129237.7265625000 GeGeGeGeSiGeSiGeSiSiSiSiGeGeGeGeGeGeGeGeGeGeGeGeGeGeGeGeGeSiGeGeGeGeGeGeGeGeGeGeGeGeGeGeGeGeGeGeGeGeSiGeGeSiGeGeGeSiGeGe
   129237.7265625000 GeGeGeGeSiGeSiGeSiSiSiSiGeGeGeGeGeGeGeGeGeGeGeGeGeGeGeGeGeSiGeGeGeGeGeGeGeGeGeGeGeGeGeGeGeGeGeGeGeGeSiGeGeSiGeGeGeSiGeGe
   129237.7265625000 GeGeGeGeSiGeSiGeSiSiSiSiGeGeGeGeGeGeGeGeGeGeGeGeGeGeGeGeGeSiGeGeGeGeGeGeGeGeGeGeGeGeGeGeGeGeGeGeGeGeSiGeGeSiGeGeGeSiGeGe
   129237.7265625000 GeGeGeGeSiGeSiGeSiSiSiSiGeGeGeGeGeGeGeGeGeGeGeGeGeGeGeGeGeSiGeGeGeGeGeGeGeGeGeGeGeGeGeGeGeGeGeGeGeGeSiGeGeSiGeGeGeSiGeGe
   129237.7265625000 GeGeGeGeSiGeSiGeSiSiSiSiGeGeGeGeGeGeGeGeGeGeGeGeGeGeGeGeGeSiGeGeGeGeGeGeGeGeGeGeGeGeGeGeGeGeGeGeGeGeSiGeGeSiGeGeGeSiGeGe
   129237.7265625000 GeGeGeGeSiGeSiGeSiSiSiSiGeGeGeGeGeGeGeGeGeGeGeGeGeGeGeGeGeSiGeGeGeGeGeGeGeGeGeGeGeGeGeGeGeGeGeGeGeGeSiGeGeSiGeGeGeSiGeGe
   129237.7265625000 GeGeGeGeSiGeSiGeSiSiSiSiGeGeGeGeGeGeGeGeGeGeGeGeGeGeGeGeGeSiGeGeGeGeGeGeGeGeGeGeGeGeGeGeGeGeGeGeGeGeSiGeGeSiGeGeGeSiGeGe
   129237.7265625000 GeGeGeGeSiGeSiGeSiSiSiSiGeGeGeGeGeGeGeGeGeGeGeGeGeGeGeGeGeSiGeGeGeGeGeGeGeGeGeGeGeGeGeGeGeGeGeGeGeGeSiGeGeSiGeGeGeSiGeGe
   129237.7265625000 GeGeGeGeSiGeSiGeSiSiSiSiGeGeGeGeGeGeGeGeGeGeGeGeGeGeGeGeGeSiGeGeGeGeGeGeGeGeGeGeGeGeGeGeGeGeGeGeGeGeSiGeGeSiGeGeGeSiGeGe
   129237.7265625000 GeGeGeGeSiGeSiGeSiSiSiSiGeGeGeGeGeGeGeGeGeGeGeGeGeGeGeGeGeSiGeGeGeGeGeGeGeGeGeGeGeGeGeGeGeGeGeGeGeGeSiGeGeSiGeGeGeSiGeGe
   129237.7265625000 GeGeGeGeSiGeSiGeSiSiSiSiGeGeGeGeGeGeGeGeGeGeGeGeGeGeGeGeGeSiGeGeGeGeGeGeGeGeGeGeGeGeGeGeGeGeGeGeGeGeSiGeGeSiGeGeGeSiGeGe
   129237.7265625000 GeGeGeGeSiGeSiGeSiSiSiSiGeGeGeGeGeGeGeGeGeGeGeGeGeGeGeGeGeSiGeGeGeGeGeGeGeGeGeGeGeGeGeGeGeGeGeGeGeGeSiGeGeSiGeGeGeSiGeGe
   129237.7265625000 GeGeGeGeSiGeSiGeSiSiSiSiGeGeGeGeGeGeGeGeGeGeGeGeGeGeGeGeGeSiGeGeGeGeGeGeGeGeGeGeGeGeGeGeGeGeGeGeGeGeSiGeGeSiGeGeGeSiGeGe
   129237.7265625000 GeGeGeGeSiGeSiGeSiSiSiSiGeGeGeGeGeGeGeGeGeGeGeGeGeGeGeGeGeSiGeGeGeGeGeGeGeGeGeGeGeGeGeGeGeGeGeGeGeGeSiGeGeSiGeGeGeSiGeGe
   129237.7265625000 GeGeGeGeSiGeSiGeSiSiSiSiGeGeGeGeGeGeGeGeGeGeGeGeGeGeGeGeGeSiGeGeGeGeGeGeGeGeGeGeGeGeGeGeGeGeGeGeGeGeSiGeGeSiGeGeGeSiGeGe
   129237.7265625000 GeGeGeGeSiGeSiGeSiSiSiSiGeGeGeGeGeGeGeGeGeGeGeGeGeGeGeGeGeSiGeGeGeGeGeGeGeGeGeGeGeGeGeGeGeGeGeGeGeGeSiGeGeSiGeGeGeSiGeGe
   129237.7265625000 GeGeGeGeSiGeSiGeSiSiSiSiGeGeGeGeGeGeGeGeGeGeGeGeGeGeGeGeGeSiGeGeGeGeGeGeGeGeGeGeGeGeGeGeGeGeGeGeGeGeSiGeGeSiGeGeGeSiGeGe
   129237.7265625000 GeGeGeGeSiGeSiGeSiSiSiSiGeGeGeGeGeGeGeGeGeGeGeGeGeGeGeGeGeSiGeGeGeGeGeGeGeGeGeGeGeGeGeGeGeGeGeGeGeGeSiGeGeSiGeGeGeSiGeGe
   129237.7265625000 GeGeGeGeSiGeSiGeSiSiSiSiGeGeGeGeGeGeGeGeGeGeGeGeGeGeGeGeGeSiGeGeGeGeGeGeGeGeGeGeGeGeGeGeGeGeGeGeGeGeSiGeGeSiGeGeGeSiGeGe
   129237.7265625000 GeGeGeGeSiGeSiGeSiSiSiSiGeGeGeGeGeGeGeGeGeGeGeGeGeGeGeGeGeSiGeGeGeGeGeGeGeGeGeGeGeGeGeGeGeGeGeGeGeGeSiGeGeSiGeGeGeSiGeGe
   129237.7265625000 GeGeGeGeSiGeSiGeSiSiSiSiGeGeGeGeGeGeGeGeGeGeGeGeGeGeGeGeGeSiGeGeGeGeGeGeGeGeGeGeGeGeGeGeGeGeGeGeGeGeSiGeGeSiGeGeGeSiGeGe
   129237.7265625000 GeGeGeGeSiGeSiGeSiSiSiSiGeGeGeGeGeGeGeGeGeGeGeGeGeGeGeGeGeSiGeGeGeGeGeGeGeGeGeGeGeGeGeGeGeGeGeGeGeGeSiGeGeSiGeGeGeSiGeGe
   129237.7265625000 GeGeGeGeSiGeSiGeSiSiSiSiGeGeGeGeGeGeGeGeGeGeGeGeGeGeGeGeGeSiGeGeGeGeGeGeGeGeGeGeGeGeGeGeGeGeGeGeGeGeSiGeGeSiGeGeGeSiGeGe
   129237.7265625000 GeGeGeGeSiGeSiGeSiSiSiSiGeGeGeGeGeGeGeGeGeGeGeGeGeGeGeGeGeSiGeGeGeGeGeGeGeGeGeGeGeGeGeGeGeGeGeGeGeGeSiGeGeSiGeGeGeSiGeGe
   129237.7265625000 GeGeGeGeSiGeSiGeSiSiSiSiGeGeGeGeGeGeGeGeGeGeGeGeGeGeGeGeGeSiGeGeGeGeGeGeGeGeGeGeGeGeGeGeGeGeGeGeGeGeSiGeGeSiGeGeGeSiGeGe
   129237.7265625000 GeGeGeGeSiGeSiGeSiSiSiSiGeGeGeGeGeGeGeGeGeGeGeGeGeGeGeGeGeSiGeGeGeGeGeGeGeGeGeGeGeGeGeGeGeGeGeGeGeGeSiGeGeSiGeGeGeSiGeGe
   129237.7265625000 GeGeGeGeSiGeSiGeSiSiSiSiGeGeGeGeGeGeGeGeGeGeGeGeGeGeGeGeGeSiGeGeGeGeGeGeGeGeGeGeGeGeGeGeGeGeGeGeGeGeSiGeGeSiGeGeGeSiGeGe
   129237.7265625000 GeGeGeGeSiGeSiGeSiSiSiSiGeGeGeGeGeGeGeGeGeGeGeGeGeGeGeGeGeSiGeGeGeGeGeGeGeGeGeGeGeGeGeGeGeGeGeGeGeGeSiGeGeSiGeGeGeSiGeGe
   129237.7265625000 GeGeGeGeSiGeSiGeSiSiSiSiGeGeGeGeGeGeGeGeGeGeGeGeGeGeGeGeGeSiGeGeGeGeGeGeGeGeGeGeGeGeGeGeGeGeGeGeGeGeSiGeGeSiGeGeGeSiGeGe
   129237.7265625000 GeGeGeGeSiGeSiGeSiSiSiSiGeGeGeGeGeGeGeGeGeGeGeGeGeGeGeGeGeSiGeGeGeGeGeGeGeGeGeGeGeGeGeGeGeGeGeGeGeGeSiGeGeSiGeGeGeSiGeGe
   129237.7265625000 GeGeGeGeSiGeSiGeSiSiSiSiGeGeGeGeGeGeGeGeGeGeGeGeGeGeGeGeGeSiGeGeGeGeGeGeGeGeGeGeGeGeGeGeGeGeGeGeGeGeSiGeGeSiGeGeGeSiGeGe
   129237.7265625000 GeGeGeGeSiGeSiGeSiSiSiSiGeGeGeGeGeGeGeGeGeGeGeGeGeGeGeGeGeSiGeGeGeGeGeGeGeGeGeGeGeGeGeGeGeGeGeGeGeGeSiGeGeSiGeGeGeSiGeGe
   129237.7265625000 GeGeGeGeSiGeSiGeSiSiSiSiGeGeGeGeGeGeGeGeGeGeGeGeGeGeGeGeGeSiGeGeGeGeGeGeGeGeGeGeGeGeGeGeGeGeGeGeGeGeSiGeGeSiGeGeGeSiGeGe
   129237.7265625000 GeGeGeGeSiGeSiGeSiSiSiSiGeGeGeGeGeGeGeGeGeGeGeGeGeGeGeGeGeSiGeGeGeGeGeGeGeGeGeGeGeGeGeGeGeGeGeGeGeGeSiGeGeSiGeGeGeSiGeGe
   129237.7265625000 GeGeGeGeSiGeSiGeSiSiSiSiGeGeGeGeGeGeGeGeGeGeGeGeGeGeGeGeGeSiGeGeGeGeGeGeGeGeGeGeGeGeGeGeGeGeGeGeGeGeSiGeGeSiGeGeGeSiGeGe
   129237.7265625000 GeGeGeGeSiGeSiGeSiSiSiSiGeGeGeGeGeGeGeGeGeGeGeGeGeGeGeGeGeSiGeGeGeGeGeGeGeGeGeGeGeGeGeGeGeGeGeGeGeGeSiGeGeSiGeGeGeSiGeGe
   129237.7265625000 GeGeGeGeSiGeSiGeSiSiSiSiGeGeGeGeGeGeGeGeGeGeGeGeGeGeGeGeGeSiGeGeGeGeGeGeGeGeGeGeGeGeGeGeGeGeGeGeGeGeSiGeGeSiGeGeGeSiGeGe
   129237.7265625000 GeGeGeGeSiGeSiGeSiSiSiSiGeGeGeGeGeGeGeGeGeGeGeGeGeGeGeGeGeSiGeGeGeGeGeGeGeGeGeGeGeGeGeGeGeGeGeGeGeGeSiGeGeSiGeGeGeSiGeGe
   129237.7265625000 GeGeGeGeSiGeSiGeSiSiSiSiGeGeGeGeGeGeGeGeGeGeGeGeGeGeGeGeGeSiGeGeGeGeGeGeGeGeGeGeGeGeGeGeGeGeGeGeGeGeSiGeGeSiGeGeGeSiGeGe
   129237.7265625000 GeGeGeGeSiGeSiGeSiSiSiSiGeGeGeGeGeGeGeGeGeGeGeGeGeGeGeGeGeSiGeGeGeGeGeGeGeGeGeGeGeGeGeGeGeGeGeGeGeGeSiGeGeSiGeGeGeSiGeGe
   129237.7265625000 GeGeGeGeSiGeSiGeSiSiSiSiGeGeGeGeGeGeGeGeGeGeGeGeGeGeGeGeGeSiGeGeGeGeGeGeGeGeGeGeGeGeGeGeGeGeGeGeGeGeSiGeGeSiGeGeGeSiGeGe
   129237.7265625000 GeGeGeGeSiGeSiGeSiSiSiSiGeGeGeGeGeGeGeGeGeGeGeGeGeGeGeGeGeSiGeGeGeGeGeGeGeGeGeGeGeGeGeGeGeGeGeGeGeGeSiGeGeSiGeGeGeSiGeGe
   129237.7265625000 GeGeGeGeSiGeSiGeSiSiSiSiGeGeGeGeGeGeGeGeGeGeGeGeGeGeGeGeGeSiGeGeGeGeGeGeGeGeGeGeGeGeGeGeGeGeGeGeGeGeSiGeGeSiGeGeGeSiGeGe
   129237.7265625000 GeGeGeGeSiGeSiGeSiSiSiSiGeGeGeGeGeGeGeGeGeGeGeGeGeGeGeGeGeSiGeGeGeGeGeGeGeGeGeGeGeGeGeGeGeGeGeGeGeGeSiGeGeSiGeGeGeSiGeGe
   129237.7265625000 GeGeGeGeSiGeSiGeSiSiSiSiGeGeGeGeGeGeGeGeGeGeGeGeGeGeGeGeGeSiGeGeGeGeGeGeGeGeGeGeGeGeGeGeGeGeGeGeGeGeSiGeGeSiGeGeGeSiGeGe
   129237.7265625000 GeGeGeGeSiGeSiGeSiSiSiSiGeGeGeGeGeGeGeGeGeGeGeGeGeGeGeGeGeSiGeGeGeGeGeGeGeGeGeGeGeGeGeGeGeGeGeGeGeGeSiGeGeSiGeGeGeSiGeGe
   129237.7265625000 GeGeGeGeSiGeSiGeSiSiSiSiGeGeGeGeGeGeGeGeGeGeGeGeGeGeGeGeGeSiGeGeGeGeGeGeGeGeGeGeGeGeGeGeGeGeGeGeGeGeSiGeGeSiGeGeGeSiGeGe
   129237.7265625000 GeGeGeGeSiGeSiGeSiSiSiSiGeGeGeGeGeGeGeGeGeGeGeGeGeGeGeGeGeSiGeGeGeGeGeGeGeGeGeGeGeGeGeGeGeGeGeGeGeGeSiGeGeSiGeGeGeSiGeGe
   129237.7265625000 GeGeGeGeSiGeSiGeSiSiSiSiGeGeGeGeGeGeGeGeGeGeGeGeGeGeGeGeGeSiGeGeGeGeGeGeGeGeGeGeGeGeGeGeGeGeGeGeGeGeSiGeGeSiGeGeGeSiGeGe
   129237.7265625000 GeGeGeGeSiGeSiGeSiSiSiSiGeGeGeGeGeGeGeGeGeGeGeGeGeGeGeGeGeSiGeGeGeGeGeGeGeGeGeGeGeGeGeGeGeGeGeGeGeGeSiGeGeSiGeGeGeSiGeGe
   129237.7265625000 GeGeGeGeSiGeSiGeSiSiSiSiGeGeGeGeGeGeGeGeGeGeGeGeGeGeGeGeGeSiGeGeGeGeGeGeGeGeGeGeGeGeGeGeGeGeGeGeGeGeSiGeGeSiGeGeGeSiGeGe
   129237.7265625000 GeGeGeGeSiGeSiGeSiSiSiSiGeGeGeGeGeGeGeGeGeGeGeGeGeGeGeGeGeSiGeGeGeGeGeGeGeGeGeGeGeGeGeGeGeGeGeGeGeGeSiGeGeSiGeGeGeSiGeGe
   129237.7265625000 GeGeGeGeSiGeSiGeSiSiSiSiGeGeGeGeGeGeGeGeGeGeGeGeGeGeGeGeGeSiGeGeGeGeGeGeGeGeGeGeGeGeGeGeGeGeGeGeGeGeSiGeGeSiGeGeGeSiGeGe
   129237.7265625000 GeGeGeGeSiGeSiGeSiSiSiSiGeGeGeGeGeGeGeGeGeGeGeGeGeGeGeGeGeSiGeGeGeGeGeGeGeGeGeGeGeGeGeGeGeGeGeGeGeGeSiGeGeSiGeGeGeSiGeGe
   129237.7265625000 GeGeGeGeSiGeSiGeSiSiSiSiGeGeGeGeGeGeGeGeGeGeGeGeGeGeGeGeGeSiGeGeGeGeGeGeGeGeGeGeGeGeGeGeGeGeGeGeGeGeSiGeGeSiGeGeGeSiGeGe
   129237.7265625000 GeGeGeGeSiGeSiGeSiSiSiSiGeGeGeGeGeGeGeGeGeGeGeGeGeGeGeGeGeSiGeGeGeGeGeGeGeGeGeGeGeGeGeGeGeGeGeGeGeGeSiGeGeSiGeGeGeSiGeGe
   129237.7265625000 GeGeGeGeSiGeSiGeSiSiSiSiGeGeGeGeGeGeGeGeGeGeGeGeGeGeGeGeGeSiGeGeGeGeGeGeGeGeGeGeGeGeGeGeGeGeGeGeGeGeSiGeGeSiGeGeGeSiGeGe
   129237.7265625000 GeGeGeGeSiGeSiGeSiSiSiSiGeGeGeGeGeGeGeGeGeGeGeGeGeGeGeGeGeSiGeGeGeGeGeGeGeGeGeGeGeGeGeGeGeGeGeGeGeGeSiGeGeSiGeGeGeSiGeGe
   129237.7265625000 GeGeGeGeSiGeSiGeSiSiSiSiGeGeGeGeGeGeGeGeGeGeGeGeGeGeGeGeGeSiGeGeGeGeGeGeGeGeGeGeGeGeGeGeGeGeGeGeGeGeSiGeGeSiGeGeGeSiGeGe
   129237.7265625000 GeGeGeGeSiGeSiGeSiSiSiSiGeGeGeGeGeGeGeGeGeGeGeGeGeGeGeGeGeSiGeGeGeGeGeGeGeGeGeGeGeGeGeGeGeGeGeGeGeGeSiGeGeSiGeGeGeSiGeGe
   129237.7265625000 GeGeGeGeSiGeSiGeSiSiSiSiGeGeGeGeGeGeGeGeGeGeGeGeGeGeGeGeGeSiGeGeGeGeGeGeGeGeGeGeGeGeGeGeGeGeGeGeGeGeSiGeGeSiGeGeGeSiGeGe
   129237.7265625000 GeGeGeGeSiGeSiGeSiSiSiSiGeGeGeGeGeGeGeGeGeGeGeGeGeGeGeGeGeSiGeGeGeGeGeGeGeGeGeGeGeGeGeGeGeGeGeGeGeGeSiGeGeSiGeGeGeSiGeGe
   129237.7265625000 GeGeGeGeSiGeSiGeSiSiSiSiGeGeGeGeGeGeGeGeGeGeGeGeGeGeGeGeGeSiGeGeGeGeGeGeGeGeGeGeGeGeGeGeGeGeGeGeGeGeSiGeGeSiGeGeGeSiGeGe
   129237.7265625000 GeGeGeGeSiGeSiGeSiSiSiSiGeGeGeGeGeGeGeGeGeGeGeGeGeGeGeGeGeSiGeGeGeGeGeGeGeGeGeGeGeGeGeGeGeGeGeGeGeGeSiGeGeSiGeGeGeSiGeGe
   129237.7265625000 GeGeGeGeSiGeSiGeSiSiSiSiGeGeGeGeGeGeGeGeGeGeGeGeGeGeGeGeGeSiGeGeGeGeGeGeGeGeGeGeGeGeGeGeGeGeGeGeGeGeSiGeGeSiGeGeGeSiGeGe
   129237.7265625000 GeGeGeGeSiGeSiGeSiSiSiSiGeGeGeGeGeGeGeGeGeGeGeGeGeGeGeGeGeSiGeGeGeGeGeGeGeGeGeGeGeGeGeGeGeGeGeGeGeGeSiGeGeSiGeGeGeSiGeGe
   129237.7265625000 GeGeGeGeSiGeSiGeSiSiSiSiGeGeGeGeGeGeGeGeGeGeGeGeGeGeGeGeGeSiGeGeGeGeGeGeGeGeGeGeGeGeGeGeGeGeGeGeGeGeSiGeGeSiGeGeGeSiGeGe
   129237.7265625000 GeGeGeGeSiGeSiGeSiSiSiSiGeGeGeGeGeGeGeGeGeGeGeGeGeGeGeGeGeSiGeGeGeGeGeGeGeGeGeGeGeGeGeGeGeGeGeGeGeGeSiGeGeSiGeGeGeSiGeGe
   129237.7265625000 GeGeGeGeSiGeSiGeSiSiSiSiGeGeGeGeGeGeGeGeGeGeGeGeGeGeGeGeGeSiGeGeGeGeGeGeGeGeGeGeGeGeGeGeGeGeGeGeGeGeSiGeGeSiGeGeGeSiGeGe
   129237.7265625000 GeGeGeGeSiGeSiGeSiSiSiSiGeGeGeGeGeGeGeGeGeGeGeGeGeGeGeGeGeSiGeGeGeGeGeGeGeGeGeGeGeGeGeGeGeGeGeGeGeGeSiGeGeSiGeGeGeSiGeGe
   129237.7265625000 GeGeGeGeSiGeSiGeSiSiSiSiGeGeGeGeGeGeGeGeGeGeGeGeGeGeGeGeGeSiGeGeGeGeGeGeGeGeGeGeGeGeGeGeGeGeGeGeGeGeSiGeGeSiGeGeGeSiGeGe
   129237.7265625000 GeGeGeGeSiGeSiGeSiSiSiSiGeGeGeGeGeGeGeGeGeGeGeGeGeGeGeGeGeSiGeGeGeGeGeGeGeGeGeGeGeGeGeGeGeGeGeGeGeGeSiGeGeSiGeGeGeSiGeGe
   129237.7265625000 GeGeGeGeSiGeSiGeSiSiSiSiGeGeGeGeGeGeGeGeGeGeGeGeGeGeGeGeGeSiGeGeGeGeGeGeGeGeGeGeGeGeGeGeGeGeGeGeGeGeSiGeGeSiGeGeGeSiGeGe
   129237.7265625000 GeGeGeGeSiGeSiGeSiSiSiSiGeGeGeGeGeGeGeGeGeGeGeGeGeGeGeGeGeSiGeGeGeGeGeGeGeGeGeGeGeGeGeGeGeGeGeGeGeGeSiGeGeSiGeGeGeSiGeGe
   129237.7265625000 GeGeGeGeSiGeSiGeSiSiSiSiGeGeGeGeGeGeGeGeGeGeGeGeGeGeGeGeGeSiGeGeGeGeGeGeGeGeGeGeGeGeGeGeGeGeGeGeGeGeSiGeGeSiGeGeGeSiGeGe
   129237.7265625000 GeGeGeGeSiGeSiGeSiSiSiSiGeGeGeGeGeGeGeGeGeGeGeGeGeGeGeGeGeSiGeGeGeGeGeGeGeGeGeGeGeGeGeGeGeGeGeGeGeGeSiGeGeSiGeGeGeSiGeGe
   129237.7265625000 GeGeGeGeSiGeSiGeSiSiSiSiGeGeGeGeGeGeGeGeGeGeGeGeGeGeGeGeGeSiGeGeGeGeGeGeGeGeGeGeGeGeGeGeGeGeGeGeGeGeSiGeGeSiGeGeGeSiGeGe
   129237.7265625000 GeGeGeGeSiGeSiGeSiSiSiSiGeGeGeGeGeGeGeGeGeGeGeGeGeGeGeGeGeSiGeGeGeGeGeGeGeGeGeGeGeGeGeGeGeGeGeGeGeGeSiGeGeSiGeGeGeSiGeGe
   129237.7265625000 GeGeGeGeSiGeSiGeSiSiSiSiGeGeGeGeGeGeGeGeGeGeGeGeGeGeGeGeGeSiGeGeGeGeGeGeGeGeGeGeGeGeGeGeGeGeGeGeGeGeSiGeGeSiGeGeGeSiGeGe
   129237.7265625000 GeGeGeGeSiGeSiGeSiSiSiSiGeGeGeGeGeGeGeGeGeGeGeGeGeGeGeGeGeSiGeGeGeGeGeGeGeGeGeGeGeGeGeGeGeGeGeGeGeGeSiGeGeSiGeGeGeSiGeGe
   129237.7265625000 GeGeGeGeSiGeSiGeSiSiSiSiGeGeGeGeGeGeGeGeGeGeGeGeGeGeGeGeGeSiGeGeGeGeGeGeGeGeGeGeGeGeGeGeGeGeGeGeGeGeSiGeGeSiGeGeGeSiGeGe
   129237.7265625000 GeGeGeGeSiGeSiGeSiSiSiSiGeGeGeGeGeGeGeGeGeGeGeGeGeGeGeGeGeSiGeGeGeGeGeGeGeGeGeGeGeGeGeGeGeGeGeGeGeGeSiGeGeSiGeGeGeSiGeGe
   129237.7265625000 GeGeGeGeSiGeSiGeSiSiSiSiGeGeGeGeGeGeGeGeGeGeGeGeGeGeGeGeGeSiGeGeGeGeGeGeGeGeGeGeGeGeGeGeGeGeGeGeGeGeSiGeGeSiGeGeGeSiGeGe
   129237.7265625000 GeGeGeGeSiGeSiGeSiSiSiSiGeGeGeGeGeGeGeGeGeGeGeGeGeGeGeGeGeSiGeGeGeGeGeGeGeGeGeGeGeGeGeGeGeGeGeGeGeGeSiGeGeSiGeGeGeSiGeGe
   129237.7265625000 GeGeGeGeSiGeSiGeSiSiSiSiGeGeGeGeGeGeGeGeGeGeGeGeGeGeGeGeGeSiGeGeGeGeGeGeGeGeGeGeGeGeGeGeGeGeGeGeGeGeSiGeGeSiGeGeGeSiGeGe
   129237.7265625000 GeGeGeGeSiGeSiGeSiSiSiSiGeGeGeGeGeGeGeGeGeGeGeGeGeGeGeGeGeSiGeGeGeGeGeGeGeGeGeGeGeGeGeGeGeGeGeGeGeGeSiGeGeSiGeGeGeSiGeGe
   129237.7265625000 GeGeGeGeSiGeSiGeSiSiSiSiGeGeGeGeGeGeGeGeGeGeGeGeGeGeGeGeGeSiGeGeGeGeGeGeGeGeGeGeGeGeGeGeGeGeGeGeGeGeSiGeGeSiGeGeGeSiGeGe
   129237.7265625000 GeGeGeGeSiGeSiGeSiSiSiSiGeGeGeGeGeGeGeGeGeGeGeGeGeGeGeGeGeSiGeGeGeGeGeGeGeGeGeGeGeGeGeGeGeGeGeGeGeGeSiGeGeSiGeGeGeSiGeGe
filename: c000001127126574.gin     
Cell:
    11.9020996    11.9020996    29.6919994    90.0000000    90.0000000   120.0000000
Box:
    11.9020996    -5.9510503     0.0000000
     0.0000000    10.3075209     0.0000000
     0.0000000     0.0000000    29.6919994
----------------------------------------
Inverse Box:
     0.0840188     0.0485083     0.0000000
     0.0000000     0.0970165     0.0000000
     0.0000000     0.0000000     0.0336791
----------------------------------------
==============================================
geometrical properties of  50 Ge:
 Configuration:           0
 D_ave:   9.08704472       3.57359648    
 D_min:   3.01464486       2.08765212E-02
 energia:   129237.727    
