Random Seed:  1051033199
Number of atoms:    60
Space Group:    1
Cell:
    11.9020996    11.9020996    29.6919994    90.0000000    90.0000000   120.0000000
Box:
    11.9020996    -5.9510503     0.0000000
     0.0000000    10.3075209     0.0000000
     0.0000000     0.0000000    29.6919994
----------------------------------------
Inverse Box:
     0.0840188     0.0485083     0.0000000
     0.0000000     0.0970165     0.0000000
     0.0000000     0.0000000     0.0336791
----------------------------------------
GeSiSiSiSiSiSiSiSiSiSiSiSiSiSiSiSiSiSiSiSiSiSiSiSiSiSiSiSiSiSiSiSiSiSiSiSiSiSiSiGeSiSiSiSiSiSiSiSiSiSiSiSiSiSiSiSiSiSiSi
           1 Ge    -7733.49951    
GeGeSiSiSiSiSiSiSiSiSiSiSiSiSiSiSiSiSiSiSiSiSiSiSiSiSiSiSiSiSiSiSiSiSiSiSiSiSiSiGeSiSiSiSiSiSiSiSiSiSiSiSiSiSiSiSiSiSiSi
           2 Ge    -7727.50293    
GeGeGeSiSiSiSiSiSiSiSiSiSiSiSiSiSiSiSiSiSiSiSiSiSiSiSiSiSiSiSiSiSiSiSiSiSiSiSiSiGeSiSiSiSiSiSiSiSiSiSiSiSiSiSiSiSiSiSiSi
           3 Ge    -7720.51025    
GeGeGeGeSiSiSiSiSiSiSiSiSiSiSiSiSiSiSiSiSiSiSiSiSiSiSiSiSiSiSiSiSiSiSiSiSiSiSiSiGeSiSiSiSiSiSiSiSiSiSiSiSiSiSiSiSiSiSiSi
           4 Ge    -7744.08887    
GeGeGeGeGeSiSiSiSiSiSiSiSiSiSiSiSiSiSiSiSiSiSiSiSiSiSiSiSiSiSiSiSiSiSiSiSiSiSiSiGeSiSiSiSiSiSiSiSiSiSiSiSiSiSiSiSiSiSiSi
           5 Ge    -7786.05566    
GeGeGeGeGeGeSiSiSiSiSiSiSiSiSiSiSiSiSiSiSiSiSiSiSiSiSiSiSiSiSiSiSiSiSiSiSiSiSiSiGeSiSiSiSiSiSiSiSiSiSiSiSiSiSiSiSiSiSiSi
           6 Ge    -7852.10156    
GeGeGeGeGeGeGeSiSiSiSiSiSiSiSiSiSiSiSiSiSiSiSiSiSiSiSiSiSiSiSiSiSiSiSiSiSiSiSiSiGeSiSiSiSiSiSiSiSiSiSiSiSiSiSiSiSiSiSiSi
           7 Ge    -8017.89453    
GeGeGeGeGeGeGeGeSiSiSiSiSiSiSiSiSiSiSiSiSiSiSiSiSiSiSiSiSiSiSiSiSiSiSiSiSiSiSiSiGeSiSiSiSiSiSiSiSiSiSiSiSiSiSiSiSiSiSiSi
           8 Ge    -8218.79102    
GeGeGeGeGeGeGeGeSiSiSiGeSiSiSiSiSiSiSiSiSiSiSiSiSiSiSiSiSiSiSiSiSiSiSiSiSiSiSiSiGeSiSiSiSiSiSiSiSiSiSiSiSiSiSiSiSiSiSiSi
          12 Ge    -8547.68359    
GeGeGeGeGeGeGeGeSiSiSiGeSiGeSiSiSiSiSiSiSiSiSiSiSiSiSiSiSiSiSiSiSiSiSiSiSiSiSiSiGeSiSiSiSiSiSiSiSiSiSiSiSiSiSiSiSiSiSiSi
          14 Ge    -8931.32422    
GeGeGeGeGeGeGeGeSiSiSiGeSiGeSiGeSiSiSiSiSiSiSiSiSiSiSiSiSiSiSiSiSiSiSiSiSiSiSiSiGeSiSiSiSiSiSiSiSiSiSiSiSiSiSiSiSiSiSiSi
          16 Ge    -9373.03613    
GeGeGeGeGeGeGeGeSiSiSiGeSiGeSiGeSiSiSiSiSiSiSiSiSiGeSiSiSiSiSiSiSiSiSiSiSiSiSiSiGeSiSiSiSiSiSiSiSiSiSiSiSiSiSiSiSiSiSiSi
          26 Ge    -9233.23633    
GeGeGeGeGeGeGeGeSiSiSiGeSiGeSiGeSiSiSiSiSiSiSiSiSiGeSiSiSiGeSiSiSiSiSiSiSiSiSiSiGeSiSiSiSiSiSiSiSiSiSiSiSiSiSiSiSiSiSiSi
          30 Ge    -9143.50195    
GeGeGeGeGeGeGeGeSiSiSiGeSiGeSiGeSiSiSiSiSiSiSiSiSiGeSiSiSiGeSiSiGeSiSiSiSiSiSiSiGeSiSiSiSiSiSiSiSiSiSiSiSiSiSiSiSiSiSiSi
          33 Ge    -9756.76172    
GeGeGeGeGeGeGeGeSiSiSiGeSiGeSiGeSiSiSiSiSiSiSiSiSiGeSiSiSiGeSiSiGeSiSiGeSiSiSiSiGeSiSiSiSiSiSiSiSiSiSiSiSiSiSiSiSiSiSiSi
          36 Ge    -8558.60059    
GeGeGeGeGeGeGeGeSiSiSiGeSiGeSiGeSiSiSiSiSiSiSiSiSiGeSiSiSiGeSiSiGeSiSiGeSiSiGeSiGeSiSiSiSiSiSiSiSiSiSiSiSiSiSiSiSiSiSiSi
          39 Ge    -9288.91504    
GeGeGeGeGeGeGeGeSiSiSiGeSiGeSiGeSiSiSiSiSiSiSiSiSiGeSiSiSiGeSiSiGeSiSiGeSiSiGeGeGeSiSiSiSiSiSiSiSiSiSiSiSiSiSiSiSiSiSiSi
          40 Ge    -9475.82617    
GeGeGeGeGeGeGeGeSiSiSiGeSiGeSiGeSiSiSiSiSiSiSiSiSiGeSiSiSiGeSiSiGeSiSiGeSiSiGeGeGeGeSiSiSiSiSiSiSiSiSiSiSiSiSiSiSiSiSiSi
          42 Ge    -8050.49463    
GeGeGeGeGeGeGeGeSiSiSiGeSiGeSiGeSiSiSiSiSiSiSiSiSiGeSiSiSiGeSiSiGeSiSiGeSiSiGeGeGeGeSiSiGeSiSiSiSiSiSiSiSiSiSiSiSiSiSiSi
          45 Ge    -8569.50195    
GeGeGeGeGeGeGeGeSiSiSiGeSiGeSiGeSiSiSiSiSiSiSiSiSiGeSiSiSiGeSiSiGeSiSiGeSiSiGeGeGeGeSiSiGeGeSiSiSiSiSiSiSiSiSiSiSiSiSiSi
          46 Ge    -8874.30957    
GeGeGeGeGeGeGeGeSiSiSiGeSiGeSiGeSiSiSiSiSiSiSiSiSiGeSiSiSiGeSiSiGeSiSiGeSiSiGeGeGeGeSiSiGeGeSiSiSiSiSiSiSiSiSiSiGeSiSiSi
          57 Ge    -10112.7715    
GeGeGeGeGeGeGeGeSiGeSiGeSiGeSiGeSiSiSiSiSiSiSiSiSiGeSiSiSiGeSiSiGeSiSiGeSiSiGeGeGeGeSiSiGeGeSiSiSiSiSiSiSiSiSiSiGeSiSiSi
          10 Ge    -8048.07129    
GeGeGeGeGeGeGeGeSiGeGeGeSiGeSiGeSiSiSiSiSiSiSiSiSiGeSiSiSiGeSiSiGeSiSiGeSiSiGeGeGeGeSiSiGeGeSiSiSiSiSiSiSiSiSiSiGeSiSiSi
          11 Ge    -7774.87646    
GeGeGeGeGeGeGeGeSiGeGeGeGeGeSiGeSiSiSiSiSiSiSiSiSiGeSiSiSiGeSiSiGeSiSiGeSiSiGeGeGeGeSiSiGeGeSiSiSiSiSiSiSiSiSiSiGeSiSiSi
          13 Ge    -6287.58398    
GeGeGeGeGeGeGeGeSiGeGeGeGeGeGeGeSiSiSiSiSiSiSiSiSiGeSiSiSiGeSiSiGeSiSiGeSiSiGeGeGeGeSiSiGeGeSiSiSiSiSiSiSiSiSiSiGeSiSiSi
          15 Ge    -4048.12451    
GeGeGeGeGeGeGeGeSiGeGeGeGeGeGeGeSiGeSiSiSiSiSiSiSiGeSiSiSiGeSiSiGeSiSiGeSiSiGeGeGeGeSiSiGeGeSiSiSiSiSiSiSiSiSiSiGeSiSiSi
          18 Ge    -716.418945    
GeGeGeGeGeGeGeGeSiGeGeGeGeGeGeGeSiGeSiSiSiSiGeSiSiGeSiSiSiGeSiSiGeSiSiGeSiSiGeGeGeGeSiSiGeGeSiSiSiSiSiSiSiSiSiSiGeSiSiSi
          23 Ge     3686.19141    
GeGeGeGeGeGeGeGeSiGeGeGeGeGeGeGeSiGeSiSiSiSiGeGeSiGeSiSiSiGeSiSiGeSiSiGeSiSiGeGeGeGeSiSiGeGeSiSiSiSiSiSiSiSiSiSiGeSiSiSi
          24 Ge     10564.3965    
GeGeGeGeGeGeGeGeSiGeGeGeGeGeGeGeSiGeSiSiSiSiGeGeSiGeSiGeSiGeSiSiGeSiSiGeSiSiGeGeGeGeSiSiGeGeSiSiSiSiSiSiSiSiSiSiGeSiSiSi
          28 Ge     13814.1016    
GeGeGeGeGeGeGeGeSiGeGeGeGeGeGeGeSiGeSiSiSiSiGeGeSiGeSiGeSiGeSiSiGeSiSiGeSiSiGeGeGeGeSiGeGeGeSiSiSiSiSiSiSiSiSiSiGeSiSiSi
          44 Ge     15663.7051    
GeGeGeGeGeGeGeGeSiGeGeGeGeGeGeGeSiGeSiSiSiSiGeGeSiGeSiGeSiGeSiSiGeSiSiGeSiSiGeGeGeGeSiGeGeGeSiSiSiSiGeSiSiSiSiSiGeSiSiSi
          51 Ge     15743.6035    
GeGeGeGeGeGeGeGeSiGeGeGeGeGeGeGeSiGeSiSiSiSiGeGeSiGeSiGeSiGeSiSiGeSiSiGeSiSiGeGeGeGeSiGeGeGeSiSiSiSiGeSiSiSiSiSiGeGeSiSi
          58 Ge     19281.3652    
GeGeGeGeGeGeGeGeGeGeGeGeGeGeGeGeSiGeSiSiSiSiGeGeSiGeSiGeSiGeSiSiGeSiSiGeSiSiGeGeGeGeSiGeGeGeSiSiSiSiGeSiSiSiSiSiGeGeSiSi
           9 Ge     22980.3848    
GeGeGeGeGeGeGeGeGeGeGeGeGeGeGeGeGeGeSiSiSiSiGeGeSiGeSiGeSiGeSiSiGeSiSiGeSiSiGeGeGeGeSiGeGeGeSiSiSiSiGeSiSiSiSiSiGeGeSiSi
          17 Ge     32624.2285    
GeGeGeGeGeGeGeGeGeGeGeGeGeGeGeGeGeGeSiSiGeSiGeGeSiGeSiGeSiGeSiSiGeSiSiGeSiSiGeGeGeGeSiGeGeGeSiSiSiSiGeSiSiSiSiSiGeGeSiSi
          21 Ge     45327.3594    
GeGeGeGeGeGeGeGeGeGeGeGeGeGeGeGeGeGeSiSiGeGeGeGeSiGeSiGeSiGeSiSiGeSiSiGeSiSiGeGeGeGeSiGeGeGeSiSiSiSiGeSiSiSiSiSiGeGeSiSi
          22 Ge     57177.9453    
GeGeGeGeGeGeGeGeGeGeGeGeGeGeGeGeGeGeSiSiGeGeGeGeSiGeSiGeSiGeGeSiGeSiSiGeSiSiGeGeGeGeSiGeGeGeSiSiSiSiGeSiSiSiSiSiGeGeSiSi
          31 Ge     62180.6328    
GeGeGeGeGeGeGeGeGeGeGeGeGeGeGeGeGeGeSiSiGeGeGeGeSiGeSiGeSiGeGeGeGeSiSiGeSiSiGeGeGeGeSiGeGeGeSiSiSiSiGeSiSiSiSiSiGeGeSiSi
          32 Ge     67989.7109    
GeGeGeGeGeGeGeGeGeGeGeGeGeGeGeGeGeGeSiSiGeGeGeGeSiGeSiGeSiGeGeGeGeSiSiGeSiSiGeGeGeGeSiGeGeGeSiSiGeSiGeSiSiSiSiSiGeGeSiSi
          49 Ge     78703.6016    
GeGeGeGeGeGeGeGeGeGeGeGeGeGeGeGeGeGeSiSiGeGeGeGeSiGeSiGeSiGeGeGeGeSiSiGeSiSiGeGeGeGeSiGeGeGeSiSiGeGeGeSiSiSiSiSiGeGeSiSi
          50 Ge     81521.0703    
GeGeGeGeGeGeGeGeGeGeGeGeGeGeGeGeGeGeSiSiGeGeGeGeSiGeSiGeSiGeGeGeGeSiSiGeSiSiGeGeGeGeSiGeGeGeSiSiGeGeGeSiSiSiGeSiGeGeSiSi
          55 Ge     86031.4062    
GeGeGeGeGeGeGeGeGeGeGeGeGeGeGeGeGeGeSiSiGeGeGeGeGeGeSiGeSiGeGeGeGeSiSiGeSiSiGeGeGeGeSiGeGeGeSiSiGeGeGeSiSiSiGeSiGeGeSiSi
          25 Ge     95907.9531    
GeGeGeGeGeGeGeGeGeGeGeGeGeGeGeGeGeGeSiSiGeGeGeGeGeGeGeGeSiGeGeGeGeSiSiGeSiSiGeGeGeGeSiGeGeGeSiSiGeGeGeSiSiSiGeSiGeGeSiSi
          27 Ge     107081.875    
GeGeGeGeGeGeGeGeGeGeGeGeGeGeGeGeGeGeSiSiGeGeGeGeGeGeGeGeSiGeGeGeGeSiSiGeGeSiGeGeGeGeSiGeGeGeSiSiGeGeGeSiSiSiGeSiGeGeSiSi
          37 Ge     123502.047    
GeGeGeGeGeGeGeGeGeGeGeGeGeGeGeGeGeGeSiSiGeGeGeGeGeGeGeGeSiGeGeGeGeSiSiGeGeGeGeGeGeGeSiGeGeGeSiSiGeGeGeSiSiSiGeSiGeGeSiSi
          38 Ge     137564.094    
GeGeGeGeGeGeGeGeGeGeGeGeGeGeGeGeGeGeSiSiGeGeGeGeGeGeGeGeSiGeGeGeGeSiSiGeGeGeGeGeGeGeSiGeGeGeSiSiGeGeGeSiSiSiGeGeGeGeSiSi
          56 Ge     149377.031    
GeGeGeGeGeGeGeGeGeGeGeGeGeGeGeGeGeGeSiSiGeGeGeGeGeGeGeGeGeGeGeGeGeSiSiGeGeGeGeGeGeGeSiGeGeGeSiSiGeGeGeSiSiSiGeGeGeGeSiSi
          29 Ge     169991.594    
GeGeGeGeGeGeGeGeGeGeGeGeGeGeGeGeGeGeSiSiGeGeGeGeGeGeGeGeGeGeGeGeGeGeSiGeGeGeGeGeGeGeSiGeGeGeSiSiGeGeGeSiSiSiGeGeGeGeSiSi
          34 Ge     193305.562    
GeGeGeGeGeGeGeGeGeGeGeGeGeGeGeGeGeGeSiSiGeGeGeGeGeGeGeGeGeGeGeGeGeGeSiGeGeGeGeGeGeGeSiGeGeGeSiGeGeGeGeSiSiSiGeGeGeGeSiSi
          48 Ge     206248.062    
GeGeGeGeGeGeGeGeGeGeGeGeGeGeGeGeGeGeSiSiGeGeGeGeGeGeGeGeGeGeGeGeGeGeSiGeGeGeGeGeGeGeSiGeGeGeSiGeGeGeGeSiGeSiGeGeGeGeSiSi
          53 Ge     239367.969    
GeGeGeGeGeGeGeGeGeGeGeGeGeGeGeGeGeGeGeSiGeGeGeGeGeGeGeGeGeGeGeGeGeGeSiGeGeGeGeGeGeGeSiGeGeGeSiGeGeGeGeSiGeSiGeGeGeGeSiSi
          19 Ge     254956.031    
GeGeGeGeGeGeGeGeGeGeGeGeGeGeGeGeGeGeGeSiGeGeGeGeGeGeGeGeGeGeGeGeGeGeSiGeGeGeGeGeGeGeGeGeGeGeSiGeGeGeGeSiGeSiGeGeGeGeSiSi
          43 Ge     274219.062    
GeGeGeGeGeGeGeGeGeGeGeGeGeGeGeGeGeGeGeSiGeGeGeGeGeGeGeGeGeGeGeGeGeGeSiGeGeGeGeGeGeGeGeGeGeGeGeGeGeGeGeSiGeSiGeGeGeGeSiSi
          47 Ge     283458.469    
GeGeGeGeGeGeGeGeGeGeGeGeGeGeGeGeGeGeGeSiGeGeGeGeGeGeGeGeGeGeGeGeGeGeSiGeGeGeGeGeGeGeGeGeGeGeGeGeGeGeGeSiGeGeGeGeGeGeSiSi
          54 Ge     311387.531    
==============================================
MonteCarlo: Metropolis with identity changes
Si > Ge, Ge > Si. STOP when occurrence <    0.00000
==============================================
Cost_function     Occurrence %     Scan-Cost
   286481.8437500000 GeGeGeGeGeGeSiSiGeGeGeGeGeGeGeGeGeGeGeGeGeGeGeSiGeGeGeGeGeGeGeGeGeGeGeGeGeGeGeGeGeGeGeGeGeGeGeGeGeGeSiGeGeGeGeGeGeSiGeGe
   284345.5937500000 GeGeGeGeSiGeSiGeGeGeGeGeGeGeGeGeGeGeGeGeGeGeGeGeGeGeGeGeGeGeGeSiGeGeGeGeGeGeGeGeGeGeGeGeGeGeGeGeGeGeSiGeGeGeGeGeGeSiGeGe
   284345.5937500000 GeGeGeGeSiGeSiGeGeGeGeGeGeGeGeGeGeGeGeGeGeGeGeGeGeGeGeGeGeGeGeSiGeGeGeGeGeGeGeGeGeGeGeGeGeGeGeGeGeGeSiGeGeGeGeGeGeSiGeGe
   281577.0312500000 GeSiGeGeGeGeSiGeGeGeGeGeGeGeGeGeGeGeGeGeGeGeGeGeGeGeGeGeGeGeGeSiGeGeGeGeGeGeGeGeGeGeGeGeGeGeGeGeGeGeSiGeGeGeGeGeGeSiGeGe
   279627.0000000000 GeGeGeGeGeGeSiGeSiGeSiGeGeGeGeGeGeGeGeGeGeGeGeGeGeGeGeGeGeGeGeGeSiGeGeGeGeGeGeGeGeGeGeGeGeGeGeGeGeGeGeGeGeSiGeGeGeGeGeGe
   279627.0000000000 GeGeGeGeGeGeSiGeSiGeSiGeGeGeGeGeGeGeGeGeGeGeGeGeGeGeGeGeGeGeGeGeSiGeGeGeGeGeGeGeGeGeGeGeGeGeGeGeGeGeGeGeGeSiGeGeGeGeGeGe
   273456.2187500000 GeGeGeGeGeGeSiGeSiGeSiGeGeGeGeGeGeGeGeGeGeGeGeGeGeGeGeGeGeGeGeGeGeGeGeGeGeGeGeGeGeGeGeGeGeGeGeGeGeGeGeGeSiSiGeGeGeGeGeGe
   273456.2187500000 GeGeGeGeGeGeSiGeSiGeSiGeGeGeGeGeGeGeGeGeGeGeGeGeGeGeGeGeGeGeGeGeGeGeGeGeGeGeGeGeGeGeGeGeGeGeGeGeGeGeGeGeSiSiGeGeGeGeGeGe
   273456.2187500000 GeGeGeGeGeGeSiGeSiGeSiGeGeGeGeGeGeGeGeGeGeGeGeGeGeGeGeGeGeGeGeGeGeGeGeGeGeGeGeGeGeGeGeGeGeGeGeGeGeGeGeGeSiSiGeGeGeGeGeGe
   273456.2187500000 GeGeGeGeGeGeSiGeSiGeSiGeGeGeGeGeGeGeGeGeGeGeGeGeGeGeGeGeGeGeGeGeGeGeGeGeGeGeGeGeGeGeGeGeGeGeGeGeGeGeGeGeSiSiGeGeGeGeGeGe
   273456.2187500000 GeGeGeGeGeGeSiGeSiGeSiGeGeGeGeGeGeGeGeGeGeGeGeGeGeGeGeGeGeGeGeGeGeGeGeGeGeGeGeGeGeGeGeGeGeGeGeGeGeGeGeGeSiSiGeGeGeGeGeGe
   273456.2187500000 GeGeGeGeGeGeSiGeSiGeSiGeGeGeGeGeGeGeGeGeGeGeGeGeGeGeGeGeGeGeGeGeGeGeGeGeGeGeGeGeGeGeGeGeGeGeGeGeGeGeGeGeSiSiGeGeGeGeGeGe
   273456.2187500000 GeGeGeGeGeGeSiGeSiGeSiGeGeGeGeGeGeGeGeGeGeGeGeGeGeGeGeGeGeGeGeGeGeGeGeGeGeGeGeGeGeGeGeGeGeGeGeGeGeGeGeGeSiSiGeGeGeGeGeGe
   273456.2187500000 GeGeGeGeGeGeSiGeSiGeSiGeGeGeGeGeGeGeGeGeGeGeGeGeGeGeGeGeGeGeGeGeGeGeGeGeGeGeGeGeGeGeGeGeGeGeGeGeGeGeGeGeSiSiGeGeGeGeGeGe
   273456.2187500000 GeGeGeGeGeGeSiGeSiGeSiGeGeGeGeGeGeGeGeGeGeGeGeGeGeGeGeGeGeGeGeGeGeGeGeGeGeGeGeGeGeGeGeGeGeGeGeGeGeGeGeGeSiSiGeGeGeGeGeGe
   273456.2187500000 GeGeGeGeGeGeSiGeSiGeSiGeGeGeGeGeGeGeGeGeGeGeGeGeGeGeGeGeGeGeGeGeGeGeGeGeGeGeGeGeGeGeGeGeGeGeGeGeGeGeGeGeSiSiGeGeGeGeGeGe
   273456.2187500000 GeGeGeGeGeGeSiGeSiGeSiGeGeGeGeGeGeGeGeGeGeGeGeGeGeGeGeGeGeGeGeGeGeGeGeGeGeGeGeGeGeGeGeGeGeGeGeGeGeGeGeGeSiSiGeGeGeGeGeGe
   273456.2187500000 GeGeGeGeGeGeSiGeSiGeSiGeGeGeGeGeGeGeGeGeGeGeGeGeGeGeGeGeGeGeGeGeGeGeGeGeGeGeGeGeGeGeGeGeGeGeGeGeGeGeGeGeSiSiGeGeGeGeGeGe
   273456.2187500000 GeGeGeGeGeGeSiGeSiGeSiGeGeGeGeGeGeGeGeGeGeGeGeGeGeGeGeGeGeGeGeGeGeGeGeGeGeGeGeGeGeGeGeGeGeGeGeGeGeGeGeGeSiSiGeGeGeGeGeGe
   273456.2187500000 GeGeGeGeGeGeSiGeSiGeSiGeGeGeGeGeGeGeGeGeGeGeGeGeGeGeGeGeGeGeGeGeGeGeGeGeGeGeGeGeGeGeGeGeGeGeGeGeGeGeGeGeSiSiGeGeGeGeGeGe
   273456.2187500000 GeGeGeGeGeGeSiGeSiGeSiGeGeGeGeGeGeGeGeGeGeGeGeGeGeGeGeGeGeGeGeGeGeGeGeGeGeGeGeGeGeGeGeGeGeGeGeGeGeGeGeGeSiSiGeGeGeGeGeGe
   273456.2187500000 GeGeGeGeGeGeSiGeSiGeSiGeGeGeGeGeGeGeGeGeGeGeGeGeGeGeGeGeGeGeGeGeGeGeGeGeGeGeGeGeGeGeGeGeGeGeGeGeGeGeGeGeSiSiGeGeGeGeGeGe
   273456.2187500000 GeGeGeGeGeGeSiGeSiGeSiGeGeGeGeGeGeGeGeGeGeGeGeGeGeGeGeGeGeGeGeGeGeGeGeGeGeGeGeGeGeGeGeGeGeGeGeGeGeGeGeGeSiSiGeGeGeGeGeGe
   273456.2187500000 GeGeGeGeGeGeSiGeSiGeSiGeGeGeGeGeGeGeGeGeGeGeGeGeGeGeGeGeGeGeGeGeGeGeGeGeGeGeGeGeGeGeGeGeGeGeGeGeGeGeGeGeSiSiGeGeGeGeGeGe
   273456.2187500000 GeGeGeGeGeGeSiGeSiGeSiGeGeGeGeGeGeGeGeGeGeGeGeGeGeGeGeGeGeGeGeGeGeGeGeGeGeGeGeGeGeGeGeGeGeGeGeGeGeGeGeGeSiSiGeGeGeGeGeGe
   273456.2187500000 GeGeGeGeGeGeSiGeSiGeSiGeGeGeGeGeGeGeGeGeGeGeGeGeGeGeGeGeGeGeGeGeGeGeGeGeGeGeGeGeGeGeGeGeGeGeGeGeGeGeGeGeSiSiGeGeGeGeGeGe
   273456.2187500000 GeGeGeGeGeGeSiGeSiGeSiGeGeGeGeGeGeGeGeGeGeGeGeGeGeGeGeGeGeGeGeGeGeGeGeGeGeGeGeGeGeGeGeGeGeGeGeGeGeGeGeGeSiSiGeGeGeGeGeGe
   273456.2187500000 GeGeGeGeGeGeSiGeSiGeSiGeGeGeGeGeGeGeGeGeGeGeGeGeGeGeGeGeGeGeGeGeGeGeGeGeGeGeGeGeGeGeGeGeGeGeGeGeGeGeGeGeSiSiGeGeGeGeGeGe
   273456.2187500000 GeGeGeGeGeGeSiGeSiGeSiGeGeGeGeGeGeGeGeGeGeGeGeGeGeGeGeGeGeGeGeGeGeGeGeGeGeGeGeGeGeGeGeGeGeGeGeGeGeGeGeGeSiSiGeGeGeGeGeGe
   273456.2187500000 GeGeGeGeGeGeSiGeSiGeSiGeGeGeGeGeGeGeGeGeGeGeGeGeGeGeGeGeGeGeGeGeGeGeGeGeGeGeGeGeGeGeGeGeGeGeGeGeGeGeGeGeSiSiGeGeGeGeGeGe
   273456.2187500000 GeGeGeGeGeGeSiGeSiGeSiGeGeGeGeGeGeGeGeGeGeGeGeGeGeGeGeGeGeGeGeGeGeGeGeGeGeGeGeGeGeGeGeGeGeGeGeGeGeGeGeGeSiSiGeGeGeGeGeGe
   273456.2187500000 GeGeGeGeGeGeSiGeSiGeSiGeGeGeGeGeGeGeGeGeGeGeGeGeGeGeGeGeGeGeGeGeGeGeGeGeGeGeGeGeGeGeGeGeGeGeGeGeGeGeGeGeSiSiGeGeGeGeGeGe
   273456.2187500000 GeGeGeGeGeGeSiGeSiGeSiGeGeGeGeGeGeGeGeGeGeGeGeGeGeGeGeGeGeGeGeGeGeGeGeGeGeGeGeGeGeGeGeGeGeGeGeGeGeGeGeGeSiSiGeGeGeGeGeGe
   273456.2187500000 GeGeGeGeGeGeSiGeSiGeSiGeGeGeGeGeGeGeGeGeGeGeGeGeGeGeGeGeGeGeGeGeGeGeGeGeGeGeGeGeGeGeGeGeGeGeGeGeGeGeGeGeSiSiGeGeGeGeGeGe
   273456.2187500000 GeGeGeGeGeGeSiGeSiGeSiGeGeGeGeGeGeGeGeGeGeGeGeGeGeGeGeGeGeGeGeGeGeGeGeGeGeGeGeGeGeGeGeGeGeGeGeGeGeGeGeGeSiSiGeGeGeGeGeGe
   273456.2187500000 GeGeGeGeGeGeSiGeSiGeSiGeGeGeGeGeGeGeGeGeGeGeGeGeGeGeGeGeGeGeGeGeGeGeGeGeGeGeGeGeGeGeGeGeGeGeGeGeGeGeGeGeSiSiGeGeGeGeGeGe
   273456.2187500000 GeGeGeGeGeGeSiGeSiGeSiGeGeGeGeGeGeGeGeGeGeGeGeGeGeGeGeGeGeGeGeGeGeGeGeGeGeGeGeGeGeGeGeGeGeGeGeGeGeGeGeGeSiSiGeGeGeGeGeGe
   273456.2187500000 GeGeGeGeGeGeSiGeSiGeSiGeGeGeGeGeGeGeGeGeGeGeGeGeGeGeGeGeGeGeGeGeGeGeGeGeGeGeGeGeGeGeGeGeGeGeGeGeGeGeGeGeSiSiGeGeGeGeGeGe
   273456.2187500000 GeGeGeGeGeGeSiGeSiGeSiGeGeGeGeGeGeGeGeGeGeGeGeGeGeGeGeGeGeGeGeGeGeGeGeGeGeGeGeGeGeGeGeGeGeGeGeGeGeGeGeGeSiSiGeGeGeGeGeGe
   273456.2187500000 GeGeGeGeGeGeSiGeSiGeSiGeGeGeGeGeGeGeGeGeGeGeGeGeGeGeGeGeGeGeGeGeGeGeGeGeGeGeGeGeGeGeGeGeGeGeGeGeGeGeGeGeSiSiGeGeGeGeGeGe
   273456.2187500000 GeGeGeGeGeGeSiGeSiGeSiGeGeGeGeGeGeGeGeGeGeGeGeGeGeGeGeGeGeGeGeGeGeGeGeGeGeGeGeGeGeGeGeGeGeGeGeGeGeGeGeGeSiSiGeGeGeGeGeGe
   273456.2187500000 GeGeGeGeGeGeSiGeSiGeSiGeGeGeGeGeGeGeGeGeGeGeGeGeGeGeGeGeGeGeGeGeGeGeGeGeGeGeGeGeGeGeGeGeGeGeGeGeGeGeGeGeSiSiGeGeGeGeGeGe
   273456.2187500000 GeGeGeGeGeGeSiGeSiGeSiGeGeGeGeGeGeGeGeGeGeGeGeGeGeGeGeGeGeGeGeGeGeGeGeGeGeGeGeGeGeGeGeGeGeGeGeGeGeGeGeGeSiSiGeGeGeGeGeGe
   273456.2187500000 GeGeGeGeGeGeSiGeSiGeSiGeGeGeGeGeGeGeGeGeGeGeGeGeGeGeGeGeGeGeGeGeGeGeGeGeGeGeGeGeGeGeGeGeGeGeGeGeGeGeGeGeSiSiGeGeGeGeGeGe
   273456.2187500000 GeGeGeGeGeGeSiGeSiGeSiGeGeGeGeGeGeGeGeGeGeGeGeGeGeGeGeGeGeGeGeGeGeGeGeGeGeGeGeGeGeGeGeGeGeGeGeGeGeGeGeGeSiSiGeGeGeGeGeGe
   273456.2187500000 GeGeGeGeGeGeSiGeSiGeSiGeGeGeGeGeGeGeGeGeGeGeGeGeGeGeGeGeGeGeGeGeGeGeGeGeGeGeGeGeGeGeGeGeGeGeGeGeGeGeGeGeSiSiGeGeGeGeGeGe
   273456.2187500000 GeGeGeGeGeGeSiGeSiGeSiGeGeGeGeGeGeGeGeGeGeGeGeGeGeGeGeGeGeGeGeGeGeGeGeGeGeGeGeGeGeGeGeGeGeGeGeGeGeGeGeGeSiSiGeGeGeGeGeGe
   273456.2187500000 GeGeGeGeGeGeSiGeSiGeSiGeGeGeGeGeGeGeGeGeGeGeGeGeGeGeGeGeGeGeGeGeGeGeGeGeGeGeGeGeGeGeGeGeGeGeGeGeGeGeGeGeSiSiGeGeGeGeGeGe
   273456.2187500000 GeGeGeGeGeGeSiGeSiGeSiGeGeGeGeGeGeGeGeGeGeGeGeGeGeGeGeGeGeGeGeGeGeGeGeGeGeGeGeGeGeGeGeGeGeGeGeGeGeGeGeGeSiSiGeGeGeGeGeGe
   273456.2187500000 GeGeGeGeGeGeSiGeSiGeSiGeGeGeGeGeGeGeGeGeGeGeGeGeGeGeGeGeGeGeGeGeGeGeGeGeGeGeGeGeGeGeGeGeGeGeGeGeGeGeGeGeSiSiGeGeGeGeGeGe
   273456.2187500000 GeGeGeGeGeGeSiGeSiGeSiGeGeGeGeGeGeGeGeGeGeGeGeGeGeGeGeGeGeGeGeGeGeGeGeGeGeGeGeGeGeGeGeGeGeGeGeGeGeGeGeGeSiSiGeGeGeGeGeGe
   273456.2187500000 GeGeGeGeGeGeSiGeSiGeSiGeGeGeGeGeGeGeGeGeGeGeGeGeGeGeGeGeGeGeGeGeGeGeGeGeGeGeGeGeGeGeGeGeGeGeGeGeGeGeGeGeSiSiGeGeGeGeGeGe
   273456.2187500000 GeGeGeGeGeGeSiGeSiGeSiGeGeGeGeGeGeGeGeGeGeGeGeGeGeGeGeGeGeGeGeGeGeGeGeGeGeGeGeGeGeGeGeGeGeGeGeGeGeGeGeGeSiSiGeGeGeGeGeGe
   273456.2187500000 GeGeGeGeGeGeSiGeSiGeSiGeGeGeGeGeGeGeGeGeGeGeGeGeGeGeGeGeGeGeGeGeGeGeGeGeGeGeGeGeGeGeGeGeGeGeGeGeGeGeGeGeSiSiGeGeGeGeGeGe
   273456.2187500000 GeGeGeGeGeGeSiGeSiGeSiGeGeGeGeGeGeGeGeGeGeGeGeGeGeGeGeGeGeGeGeGeGeGeGeGeGeGeGeGeGeGeGeGeGeGeGeGeGeGeGeGeSiSiGeGeGeGeGeGe
   273456.2187500000 GeGeGeGeGeGeSiGeSiGeSiGeGeGeGeGeGeGeGeGeGeGeGeGeGeGeGeGeGeGeGeGeGeGeGeGeGeGeGeGeGeGeGeGeGeGeGeGeGeGeGeGeSiSiGeGeGeGeGeGe
   273456.2187500000 GeGeGeGeGeGeSiGeSiGeSiGeGeGeGeGeGeGeGeGeGeGeGeGeGeGeGeGeGeGeGeGeGeGeGeGeGeGeGeGeGeGeGeGeGeGeGeGeGeGeGeGeSiSiGeGeGeGeGeGe
   273456.2187500000 GeGeGeGeGeGeSiGeSiGeSiGeGeGeGeGeGeGeGeGeGeGeGeGeGeGeGeGeGeGeGeGeGeGeGeGeGeGeGeGeGeGeGeGeGeGeGeGeGeGeGeGeSiSiGeGeGeGeGeGe
   273456.2187500000 GeGeGeGeGeGeSiGeSiGeSiGeGeGeGeGeGeGeGeGeGeGeGeGeGeGeGeGeGeGeGeGeGeGeGeGeGeGeGeGeGeGeGeGeGeGeGeGeGeGeGeGeSiSiGeGeGeGeGeGe
   273456.2187500000 GeGeGeGeGeGeSiGeSiGeSiGeGeGeGeGeGeGeGeGeGeGeGeGeGeGeGeGeGeGeGeGeGeGeGeGeGeGeGeGeGeGeGeGeGeGeGeGeGeGeGeGeSiSiGeGeGeGeGeGe
   273456.2187500000 GeGeGeGeGeGeSiGeSiGeSiGeGeGeGeGeGeGeGeGeGeGeGeGeGeGeGeGeGeGeGeGeGeGeGeGeGeGeGeGeGeGeGeGeGeGeGeGeGeGeGeGeSiSiGeGeGeGeGeGe
   273456.2187500000 GeGeGeGeGeGeSiGeSiGeSiGeGeGeGeGeGeGeGeGeGeGeGeGeGeGeGeGeGeGeGeGeGeGeGeGeGeGeGeGeGeGeGeGeGeGeGeGeGeGeGeGeSiSiGeGeGeGeGeGe
   273456.2187500000 GeGeGeGeGeGeSiGeSiGeSiGeGeGeGeGeGeGeGeGeGeGeGeGeGeGeGeGeGeGeGeGeGeGeGeGeGeGeGeGeGeGeGeGeGeGeGeGeGeGeGeGeSiSiGeGeGeGeGeGe
   273456.2187500000 GeGeGeGeGeGeSiGeSiGeSiGeGeGeGeGeGeGeGeGeGeGeGeGeGeGeGeGeGeGeGeGeGeGeGeGeGeGeGeGeGeGeGeGeGeGeGeGeGeGeGeGeSiSiGeGeGeGeGeGe
   273456.2187500000 GeGeGeGeGeGeSiGeSiGeSiGeGeGeGeGeGeGeGeGeGeGeGeGeGeGeGeGeGeGeGeGeGeGeGeGeGeGeGeGeGeGeGeGeGeGeGeGeGeGeGeGeSiSiGeGeGeGeGeGe
   273456.2187500000 GeGeGeGeGeGeSiGeSiGeSiGeGeGeGeGeGeGeGeGeGeGeGeGeGeGeGeGeGeGeGeGeGeGeGeGeGeGeGeGeGeGeGeGeGeGeGeGeGeGeGeGeSiSiGeGeGeGeGeGe
   273456.2187500000 GeGeGeGeGeGeSiGeSiGeSiGeGeGeGeGeGeGeGeGeGeGeGeGeGeGeGeGeGeGeGeGeGeGeGeGeGeGeGeGeGeGeGeGeGeGeGeGeGeGeGeGeSiSiGeGeGeGeGeGe
   273456.2187500000 GeGeGeGeGeGeSiGeSiGeSiGeGeGeGeGeGeGeGeGeGeGeGeGeGeGeGeGeGeGeGeGeGeGeGeGeGeGeGeGeGeGeGeGeGeGeGeGeGeGeGeGeSiSiGeGeGeGeGeGe
   273456.2187500000 GeGeGeGeGeGeSiGeSiGeSiGeGeGeGeGeGeGeGeGeGeGeGeGeGeGeGeGeGeGeGeGeGeGeGeGeGeGeGeGeGeGeGeGeGeGeGeGeGeGeGeGeSiSiGeGeGeGeGeGe
   273456.2187500000 GeGeGeGeGeGeSiGeSiGeSiGeGeGeGeGeGeGeGeGeGeGeGeGeGeGeGeGeGeGeGeGeGeGeGeGeGeGeGeGeGeGeGeGeGeGeGeGeGeGeGeGeSiSiGeGeGeGeGeGe
   273456.2187500000 GeGeGeGeGeGeSiGeSiGeSiGeGeGeGeGeGeGeGeGeGeGeGeGeGeGeGeGeGeGeGeGeGeGeGeGeGeGeGeGeGeGeGeGeGeGeGeGeGeGeGeGeSiSiGeGeGeGeGeGe
   273456.2187500000 GeGeGeGeGeGeSiGeSiGeSiGeGeGeGeGeGeGeGeGeGeGeGeGeGeGeGeGeGeGeGeGeGeGeGeGeGeGeGeGeGeGeGeGeGeGeGeGeGeGeGeGeSiSiGeGeGeGeGeGe
   273456.2187500000 GeGeGeGeGeGeSiGeSiGeSiGeGeGeGeGeGeGeGeGeGeGeGeGeGeGeGeGeGeGeGeGeGeGeGeGeGeGeGeGeGeGeGeGeGeGeGeGeGeGeGeGeSiSiGeGeGeGeGeGe
   273456.2187500000 GeGeGeGeGeGeSiGeSiGeSiGeGeGeGeGeGeGeGeGeGeGeGeGeGeGeGeGeGeGeGeGeGeGeGeGeGeGeGeGeGeGeGeGeGeGeGeGeGeGeGeGeSiSiGeGeGeGeGeGe
   273456.2187500000 GeGeGeGeGeGeSiGeSiGeSiGeGeGeGeGeGeGeGeGeGeGeGeGeGeGeGeGeGeGeGeGeGeGeGeGeGeGeGeGeGeGeGeGeGeGeGeGeGeGeGeGeSiSiGeGeGeGeGeGe
   273456.2187500000 GeGeGeGeGeGeSiGeSiGeSiGeGeGeGeGeGeGeGeGeGeGeGeGeGeGeGeGeGeGeGeGeGeGeGeGeGeGeGeGeGeGeGeGeGeGeGeGeGeGeGeGeSiSiGeGeGeGeGeGe
   273456.2187500000 GeGeGeGeGeGeSiGeSiGeSiGeGeGeGeGeGeGeGeGeGeGeGeGeGeGeGeGeGeGeGeGeGeGeGeGeGeGeGeGeGeGeGeGeGeGeGeGeGeGeGeGeSiSiGeGeGeGeGeGe
   273456.2187500000 GeGeGeGeGeGeSiGeSiGeSiGeGeGeGeGeGeGeGeGeGeGeGeGeGeGeGeGeGeGeGeGeGeGeGeGeGeGeGeGeGeGeGeGeGeGeGeGeGeGeGeGeSiSiGeGeGeGeGeGe
   273456.2187500000 GeGeGeGeGeGeSiGeSiGeSiGeGeGeGeGeGeGeGeGeGeGeGeGeGeGeGeGeGeGeGeGeGeGeGeGeGeGeGeGeGeGeGeGeGeGeGeGeGeGeGeGeSiSiGeGeGeGeGeGe
   273456.2187500000 GeGeGeGeGeGeSiGeSiGeSiGeGeGeGeGeGeGeGeGeGeGeGeGeGeGeGeGeGeGeGeGeGeGeGeGeGeGeGeGeGeGeGeGeGeGeGeGeGeGeGeGeSiSiGeGeGeGeGeGe
   273456.2187500000 GeGeGeGeGeGeSiGeSiGeSiGeGeGeGeGeGeGeGeGeGeGeGeGeGeGeGeGeGeGeGeGeGeGeGeGeGeGeGeGeGeGeGeGeGeGeGeGeGeGeGeGeSiSiGeGeGeGeGeGe
   273456.2187500000 GeGeGeGeGeGeSiGeSiGeSiGeGeGeGeGeGeGeGeGeGeGeGeGeGeGeGeGeGeGeGeGeGeGeGeGeGeGeGeGeGeGeGeGeGeGeGeGeGeGeGeGeSiSiGeGeGeGeGeGe
   273456.2187500000 GeGeGeGeGeGeSiGeSiGeSiGeGeGeGeGeGeGeGeGeGeGeGeGeGeGeGeGeGeGeGeGeGeGeGeGeGeGeGeGeGeGeGeGeGeGeGeGeGeGeGeGeSiSiGeGeGeGeGeGe
   273456.2187500000 GeGeGeGeGeGeSiGeSiGeSiGeGeGeGeGeGeGeGeGeGeGeGeGeGeGeGeGeGeGeGeGeGeGeGeGeGeGeGeGeGeGeGeGeGeGeGeGeGeGeGeGeSiSiGeGeGeGeGeGe
   273456.2187500000 GeGeGeGeGeGeSiGeSiGeSiGeGeGeGeGeGeGeGeGeGeGeGeGeGeGeGeGeGeGeGeGeGeGeGeGeGeGeGeGeGeGeGeGeGeGeGeGeGeGeGeGeSiSiGeGeGeGeGeGe
   273456.2187500000 GeGeGeGeGeGeSiGeSiGeSiGeGeGeGeGeGeGeGeGeGeGeGeGeGeGeGeGeGeGeGeGeGeGeGeGeGeGeGeGeGeGeGeGeGeGeGeGeGeGeGeGeSiSiGeGeGeGeGeGe
   273456.2187500000 GeGeGeGeGeGeSiGeSiGeSiGeGeGeGeGeGeGeGeGeGeGeGeGeGeGeGeGeGeGeGeGeGeGeGeGeGeGeGeGeGeGeGeGeGeGeGeGeGeGeGeGeSiSiGeGeGeGeGeGe
   273456.2187500000 GeGeGeGeGeGeSiGeSiGeSiGeGeGeGeGeGeGeGeGeGeGeGeGeGeGeGeGeGeGeGeGeGeGeGeGeGeGeGeGeGeGeGeGeGeGeGeGeGeGeGeGeSiSiGeGeGeGeGeGe
   273456.2187500000 GeGeGeGeGeGeSiGeSiGeSiGeGeGeGeGeGeGeGeGeGeGeGeGeGeGeGeGeGeGeGeGeGeGeGeGeGeGeGeGeGeGeGeGeGeGeGeGeGeGeGeGeSiSiGeGeGeGeGeGe
   273456.2187500000 GeGeGeGeGeGeSiGeSiGeSiGeGeGeGeGeGeGeGeGeGeGeGeGeGeGeGeGeGeGeGeGeGeGeGeGeGeGeGeGeGeGeGeGeGeGeGeGeGeGeGeGeSiSiGeGeGeGeGeGe
   273456.2187500000 GeGeGeGeGeGeSiGeSiGeSiGeGeGeGeGeGeGeGeGeGeGeGeGeGeGeGeGeGeGeGeGeGeGeGeGeGeGeGeGeGeGeGeGeGeGeGeGeGeGeGeGeSiSiGeGeGeGeGeGe
   273456.2187500000 GeGeGeGeGeGeSiGeSiGeSiGeGeGeGeGeGeGeGeGeGeGeGeGeGeGeGeGeGeGeGeGeGeGeGeGeGeGeGeGeGeGeGeGeGeGeGeGeGeGeGeGeSiSiGeGeGeGeGeGe
   273456.2187500000 GeGeGeGeGeGeSiGeSiGeSiGeGeGeGeGeGeGeGeGeGeGeGeGeGeGeGeGeGeGeGeGeGeGeGeGeGeGeGeGeGeGeGeGeGeGeGeGeGeGeGeGeSiSiGeGeGeGeGeGe
   273456.2187500000 GeGeGeGeGeGeSiGeSiGeSiGeGeGeGeGeGeGeGeGeGeGeGeGeGeGeGeGeGeGeGeGeGeGeGeGeGeGeGeGeGeGeGeGeGeGeGeGeGeGeGeGeSiSiGeGeGeGeGeGe
   273456.2187500000 GeGeGeGeGeGeSiGeSiGeSiGeGeGeGeGeGeGeGeGeGeGeGeGeGeGeGeGeGeGeGeGeGeGeGeGeGeGeGeGeGeGeGeGeGeGeGeGeGeGeGeGeSiSiGeGeGeGeGeGe
   273456.2187500000 GeGeGeGeGeGeSiGeSiGeSiGeGeGeGeGeGeGeGeGeGeGeGeGeGeGeGeGeGeGeGeGeGeGeGeGeGeGeGeGeGeGeGeGeGeGeGeGeGeGeGeGeSiSiGeGeGeGeGeGe
   273456.2187500000 GeGeGeGeGeGeSiGeSiGeSiGeGeGeGeGeGeGeGeGeGeGeGeGeGeGeGeGeGeGeGeGeGeGeGeGeGeGeGeGeGeGeGeGeGeGeGeGeGeGeGeGeSiSiGeGeGeGeGeGe
   273456.2187500000 GeGeGeGeGeGeSiGeSiGeSiGeGeGeGeGeGeGeGeGeGeGeGeGeGeGeGeGeGeGeGeGeGeGeGeGeGeGeGeGeGeGeGeGeGeGeGeGeGeGeGeGeSiSiGeGeGeGeGeGe
   273456.2187500000 GeGeGeGeGeGeSiGeSiGeSiGeGeGeGeGeGeGeGeGeGeGeGeGeGeGeGeGeGeGeGeGeGeGeGeGeGeGeGeGeGeGeGeGeGeGeGeGeGeGeGeGeSiSiGeGeGeGeGeGe
   273456.2187500000 GeGeGeGeGeGeSiGeSiGeSiGeGeGeGeGeGeGeGeGeGeGeGeGeGeGeGeGeGeGeGeGeGeGeGeGeGeGeGeGeGeGeGeGeGeGeGeGeGeGeGeGeSiSiGeGeGeGeGeGe
   273456.2187500000 GeGeGeGeGeGeSiGeSiGeSiGeGeGeGeGeGeGeGeGeGeGeGeGeGeGeGeGeGeGeGeGeGeGeGeGeGeGeGeGeGeGeGeGeGeGeGeGeGeGeGeGeSiSiGeGeGeGeGeGe
   273456.2187500000 GeGeGeGeGeGeSiGeSiGeSiGeGeGeGeGeGeGeGeGeGeGeGeGeGeGeGeGeGeGeGeGeGeGeGeGeGeGeGeGeGeGeGeGeGeGeGeGeGeGeGeGeSiSiGeGeGeGeGeGe
   273456.2187500000 GeGeGeGeGeGeSiGeSiGeSiGeGeGeGeGeGeGeGeGeGeGeGeGeGeGeGeGeGeGeGeGeGeGeGeGeGeGeGeGeGeGeGeGeGeGeGeGeGeGeGeGeSiSiGeGeGeGeGeGe
   273456.2187500000 GeGeGeGeGeGeSiGeSiGeSiGeGeGeGeGeGeGeGeGeGeGeGeGeGeGeGeGeGeGeGeGeGeGeGeGeGeGeGeGeGeGeGeGeGeGeGeGeGeGeGeGeSiSiGeGeGeGeGeGe
   273456.2187500000 GeGeGeGeGeGeSiGeSiGeSiGeGeGeGeGeGeGeGeGeGeGeGeGeGeGeGeGeGeGeGeGeGeGeGeGeGeGeGeGeGeGeGeGeGeGeGeGeGeGeGeGeSiSiGeGeGeGeGeGe
   273456.2187500000 GeGeGeGeGeGeSiGeSiGeSiGeGeGeGeGeGeGeGeGeGeGeGeGeGeGeGeGeGeGeGeGeGeGeGeGeGeGeGeGeGeGeGeGeGeGeGeGeGeGeGeGeSiSiGeGeGeGeGeGe
   273456.2187500000 GeGeGeGeGeGeSiGeSiGeSiGeGeGeGeGeGeGeGeGeGeGeGeGeGeGeGeGeGeGeGeGeGeGeGeGeGeGeGeGeGeGeGeGeGeGeGeGeGeGeGeGeSiSiGeGeGeGeGeGe
   273456.2187500000 GeGeGeGeGeGeSiGeSiGeSiGeGeGeGeGeGeGeGeGeGeGeGeGeGeGeGeGeGeGeGeGeGeGeGeGeGeGeGeGeGeGeGeGeGeGeGeGeGeGeGeGeSiSiGeGeGeGeGeGe
   273456.2187500000 GeGeGeGeGeGeSiGeSiGeSiGeGeGeGeGeGeGeGeGeGeGeGeGeGeGeGeGeGeGeGeGeGeGeGeGeGeGeGeGeGeGeGeGeGeGeGeGeGeGeGeGeSiSiGeGeGeGeGeGe
   273456.2187500000 GeGeGeGeGeGeSiGeSiGeSiGeGeGeGeGeGeGeGeGeGeGeGeGeGeGeGeGeGeGeGeGeGeGeGeGeGeGeGeGeGeGeGeGeGeGeGeGeGeGeGeGeSiSiGeGeGeGeGeGe
   273456.2187500000 GeGeGeGeGeGeSiGeSiGeSiGeGeGeGeGeGeGeGeGeGeGeGeGeGeGeGeGeGeGeGeGeGeGeGeGeGeGeGeGeGeGeGeGeGeGeGeGeGeGeGeGeSiSiGeGeGeGeGeGe
   273456.2187500000 GeGeGeGeGeGeSiGeSiGeSiGeGeGeGeGeGeGeGeGeGeGeGeGeGeGeGeGeGeGeGeGeGeGeGeGeGeGeGeGeGeGeGeGeGeGeGeGeGeGeGeGeSiSiGeGeGeGeGeGe
   273456.2187500000 GeGeGeGeGeGeSiGeSiGeSiGeGeGeGeGeGeGeGeGeGeGeGeGeGeGeGeGeGeGeGeGeGeGeGeGeGeGeGeGeGeGeGeGeGeGeGeGeGeGeGeGeSiSiGeGeGeGeGeGe
   273456.2187500000 GeGeGeGeGeGeSiGeSiGeSiGeGeGeGeGeGeGeGeGeGeGeGeGeGeGeGeGeGeGeGeGeGeGeGeGeGeGeGeGeGeGeGeGeGeGeGeGeGeGeGeGeSiSiGeGeGeGeGeGe
   273456.2187500000 GeGeGeGeGeGeSiGeSiGeSiGeGeGeGeGeGeGeGeGeGeGeGeGeGeGeGeGeGeGeGeGeGeGeGeGeGeGeGeGeGeGeGeGeGeGeGeGeGeGeGeGeSiSiGeGeGeGeGeGe
   273456.2187500000 GeGeGeGeGeGeSiGeSiGeSiGeGeGeGeGeGeGeGeGeGeGeGeGeGeGeGeGeGeGeGeGeGeGeGeGeGeGeGeGeGeGeGeGeGeGeGeGeGeGeGeGeSiSiGeGeGeGeGeGe
   273456.2187500000 GeGeGeGeGeGeSiGeSiGeSiGeGeGeGeGeGeGeGeGeGeGeGeGeGeGeGeGeGeGeGeGeGeGeGeGeGeGeGeGeGeGeGeGeGeGeGeGeGeGeGeGeSiSiGeGeGeGeGeGe
   273456.2187500000 GeGeGeGeGeGeSiGeSiGeSiGeGeGeGeGeGeGeGeGeGeGeGeGeGeGeGeGeGeGeGeGeGeGeGeGeGeGeGeGeGeGeGeGeGeGeGeGeGeGeGeGeSiSiGeGeGeGeGeGe
   273456.2187500000 GeGeGeGeGeGeSiGeSiGeSiGeGeGeGeGeGeGeGeGeGeGeGeGeGeGeGeGeGeGeGeGeGeGeGeGeGeGeGeGeGeGeGeGeGeGeGeGeGeGeGeGeSiSiGeGeGeGeGeGe
   273456.2187500000 GeGeGeGeGeGeSiGeSiGeSiGeGeGeGeGeGeGeGeGeGeGeGeGeGeGeGeGeGeGeGeGeGeGeGeGeGeGeGeGeGeGeGeGeGeGeGeGeGeGeGeGeSiSiGeGeGeGeGeGe
   273456.2187500000 GeGeGeGeGeGeSiGeSiGeSiGeGeGeGeGeGeGeGeGeGeGeGeGeGeGeGeGeGeGeGeGeGeGeGeGeGeGeGeGeGeGeGeGeGeGeGeGeGeGeGeGeSiSiGeGeGeGeGeGe
   273456.2187500000 GeGeGeGeGeGeSiGeSiGeSiGeGeGeGeGeGeGeGeGeGeGeGeGeGeGeGeGeGeGeGeGeGeGeGeGeGeGeGeGeGeGeGeGeGeGeGeGeGeGeGeGeSiSiGeGeGeGeGeGe
   273456.2187500000 GeGeGeGeGeGeSiGeSiGeSiGeGeGeGeGeGeGeGeGeGeGeGeGeGeGeGeGeGeGeGeGeGeGeGeGeGeGeGeGeGeGeGeGeGeGeGeGeGeGeGeGeSiSiGeGeGeGeGeGe
   273456.2187500000 GeGeGeGeGeGeSiGeSiGeSiGeGeGeGeGeGeGeGeGeGeGeGeGeGeGeGeGeGeGeGeGeGeGeGeGeGeGeGeGeGeGeGeGeGeGeGeGeGeGeGeGeSiSiGeGeGeGeGeGe
   273456.2187500000 GeGeGeGeGeGeSiGeSiGeSiGeGeGeGeGeGeGeGeGeGeGeGeGeGeGeGeGeGeGeGeGeGeGeGeGeGeGeGeGeGeGeGeGeGeGeGeGeGeGeGeGeSiSiGeGeGeGeGeGe
   273456.2187500000 GeGeGeGeGeGeSiGeSiGeSiGeGeGeGeGeGeGeGeGeGeGeGeGeGeGeGeGeGeGeGeGeGeGeGeGeGeGeGeGeGeGeGeGeGeGeGeGeGeGeGeGeSiSiGeGeGeGeGeGe
   273456.2187500000 GeGeGeGeGeGeSiGeSiGeSiGeGeGeGeGeGeGeGeGeGeGeGeGeGeGeGeGeGeGeGeGeGeGeGeGeGeGeGeGeGeGeGeGeGeGeGeGeGeGeGeGeSiSiGeGeGeGeGeGe
   273456.2187500000 GeGeGeGeGeGeSiGeSiGeSiGeGeGeGeGeGeGeGeGeGeGeGeGeGeGeGeGeGeGeGeGeGeGeGeGeGeGeGeGeGeGeGeGeGeGeGeGeGeGeGeGeSiSiGeGeGeGeGeGe
   273456.2187500000 GeGeGeGeGeGeSiGeSiGeSiGeGeGeGeGeGeGeGeGeGeGeGeGeGeGeGeGeGeGeGeGeGeGeGeGeGeGeGeGeGeGeGeGeGeGeGeGeGeGeGeGeSiSiGeGeGeGeGeGe
   273456.2187500000 GeGeGeGeGeGeSiGeSiGeSiGeGeGeGeGeGeGeGeGeGeGeGeGeGeGeGeGeGeGeGeGeGeGeGeGeGeGeGeGeGeGeGeGeGeGeGeGeGeGeGeGeSiSiGeGeGeGeGeGe
   273456.2187500000 GeGeGeGeGeGeSiGeSiGeSiGeGeGeGeGeGeGeGeGeGeGeGeGeGeGeGeGeGeGeGeGeGeGeGeGeGeGeGeGeGeGeGeGeGeGeGeGeGeGeGeGeSiSiGeGeGeGeGeGe
   273456.2187500000 GeGeGeGeGeGeSiGeSiGeSiGeGeGeGeGeGeGeGeGeGeGeGeGeGeGeGeGeGeGeGeGeGeGeGeGeGeGeGeGeGeGeGeGeGeGeGeGeGeGeGeGeSiSiGeGeGeGeGeGe
   273456.2187500000 GeGeGeGeGeGeSiGeSiGeSiGeGeGeGeGeGeGeGeGeGeGeGeGeGeGeGeGeGeGeGeGeGeGeGeGeGeGeGeGeGeGeGeGeGeGeGeGeGeGeGeGeSiSiGeGeGeGeGeGe
   273456.2187500000 GeGeGeGeGeGeSiGeSiGeSiGeGeGeGeGeGeGeGeGeGeGeGeGeGeGeGeGeGeGeGeGeGeGeGeGeGeGeGeGeGeGeGeGeGeGeGeGeGeGeGeGeSiSiGeGeGeGeGeGe
   273456.2187500000 GeGeGeGeGeGeSiGeSiGeSiGeGeGeGeGeGeGeGeGeGeGeGeGeGeGeGeGeGeGeGeGeGeGeGeGeGeGeGeGeGeGeGeGeGeGeGeGeGeGeGeGeSiSiGeGeGeGeGeGe
   273456.2187500000 GeGeGeGeGeGeSiGeSiGeSiGeGeGeGeGeGeGeGeGeGeGeGeGeGeGeGeGeGeGeGeGeGeGeGeGeGeGeGeGeGeGeGeGeGeGeGeGeGeGeGeGeSiSiGeGeGeGeGeGe
   273456.2187500000 GeGeGeGeGeGeSiGeSiGeSiGeGeGeGeGeGeGeGeGeGeGeGeGeGeGeGeGeGeGeGeGeGeGeGeGeGeGeGeGeGeGeGeGeGeGeGeGeGeGeGeGeSiSiGeGeGeGeGeGe
   273456.2187500000 GeGeGeGeGeGeSiGeSiGeSiGeGeGeGeGeGeGeGeGeGeGeGeGeGeGeGeGeGeGeGeGeGeGeGeGeGeGeGeGeGeGeGeGeGeGeGeGeGeGeGeGeSiSiGeGeGeGeGeGe
   273456.2187500000 GeGeGeGeGeGeSiGeSiGeSiGeGeGeGeGeGeGeGeGeGeGeGeGeGeGeGeGeGeGeGeGeGeGeGeGeGeGeGeGeGeGeGeGeGeGeGeGeGeGeGeGeSiSiGeGeGeGeGeGe
   273456.2187500000 GeGeGeGeGeGeSiGeSiGeSiGeGeGeGeGeGeGeGeGeGeGeGeGeGeGeGeGeGeGeGeGeGeGeGeGeGeGeGeGeGeGeGeGeGeGeGeGeGeGeGeGeSiSiGeGeGeGeGeGe
   273456.2187500000 GeGeGeGeGeGeSiGeSiGeSiGeGeGeGeGeGeGeGeGeGeGeGeGeGeGeGeGeGeGeGeGeGeGeGeGeGeGeGeGeGeGeGeGeGeGeGeGeGeGeGeGeSiSiGeGeGeGeGeGe
   273456.2187500000 GeGeGeGeGeGeSiGeSiGeSiGeGeGeGeGeGeGeGeGeGeGeGeGeGeGeGeGeGeGeGeGeGeGeGeGeGeGeGeGeGeGeGeGeGeGeGeGeGeGeGeGeSiSiGeGeGeGeGeGe
   273456.2187500000 GeGeGeGeGeGeSiGeSiGeSiGeGeGeGeGeGeGeGeGeGeGeGeGeGeGeGeGeGeGeGeGeGeGeGeGeGeGeGeGeGeGeGeGeGeGeGeGeGeGeGeGeSiSiGeGeGeGeGeGe
   273456.2187500000 GeGeGeGeGeGeSiGeSiGeSiGeGeGeGeGeGeGeGeGeGeGeGeGeGeGeGeGeGeGeGeGeGeGeGeGeGeGeGeGeGeGeGeGeGeGeGeGeGeGeGeGeSiSiGeGeGeGeGeGe
   273456.2187500000 GeGeGeGeGeGeSiGeSiGeSiGeGeGeGeGeGeGeGeGeGeGeGeGeGeGeGeGeGeGeGeGeGeGeGeGeGeGeGeGeGeGeGeGeGeGeGeGeGeGeGeGeSiSiGeGeGeGeGeGe
   273456.2187500000 GeGeGeGeGeGeSiGeSiGeSiGeGeGeGeGeGeGeGeGeGeGeGeGeGeGeGeGeGeGeGeGeGeGeGeGeGeGeGeGeGeGeGeGeGeGeGeGeGeGeGeGeSiSiGeGeGeGeGeGe
   273456.2187500000 GeGeGeGeGeGeSiGeSiGeSiGeGeGeGeGeGeGeGeGeGeGeGeGeGeGeGeGeGeGeGeGeGeGeGeGeGeGeGeGeGeGeGeGeGeGeGeGeGeGeGeGeSiSiGeGeGeGeGeGe
   273456.2187500000 GeGeGeGeGeGeSiGeSiGeSiGeGeGeGeGeGeGeGeGeGeGeGeGeGeGeGeGeGeGeGeGeGeGeGeGeGeGeGeGeGeGeGeGeGeGeGeGeGeGeGeGeSiSiGeGeGeGeGeGe
   273456.2187500000 GeGeGeGeGeGeSiGeSiGeSiGeGeGeGeGeGeGeGeGeGeGeGeGeGeGeGeGeGeGeGeGeGeGeGeGeGeGeGeGeGeGeGeGeGeGeGeGeGeGeGeGeSiSiGeGeGeGeGeGe
   273456.2187500000 GeGeGeGeGeGeSiGeSiGeSiGeGeGeGeGeGeGeGeGeGeGeGeGeGeGeGeGeGeGeGeGeGeGeGeGeGeGeGeGeGeGeGeGeGeGeGeGeGeGeGeGeSiSiGeGeGeGeGeGe
   273456.2187500000 GeGeGeGeGeGeSiGeSiGeSiGeGeGeGeGeGeGeGeGeGeGeGeGeGeGeGeGeGeGeGeGeGeGeGeGeGeGeGeGeGeGeGeGeGeGeGeGeGeGeGeGeSiSiGeGeGeGeGeGe
   273456.2187500000 GeGeGeGeGeGeSiGeSiGeSiGeGeGeGeGeGeGeGeGeGeGeGeGeGeGeGeGeGeGeGeGeGeGeGeGeGeGeGeGeGeGeGeGeGeGeGeGeGeGeGeGeSiSiGeGeGeGeGeGe
   273456.2187500000 GeGeGeGeGeGeSiGeSiGeSiGeGeGeGeGeGeGeGeGeGeGeGeGeGeGeGeGeGeGeGeGeGeGeGeGeGeGeGeGeGeGeGeGeGeGeGeGeGeGeGeGeSiSiGeGeGeGeGeGe
   273456.2187500000 GeGeGeGeGeGeSiGeSiGeSiGeGeGeGeGeGeGeGeGeGeGeGeGeGeGeGeGeGeGeGeGeGeGeGeGeGeGeGeGeGeGeGeGeGeGeGeGeGeGeGeGeSiSiGeGeGeGeGeGe
   273456.2187500000 GeGeGeGeGeGeSiGeSiGeSiGeGeGeGeGeGeGeGeGeGeGeGeGeGeGeGeGeGeGeGeGeGeGeGeGeGeGeGeGeGeGeGeGeGeGeGeGeGeGeGeGeSiSiGeGeGeGeGeGe
   273456.2187500000 GeGeGeGeGeGeSiGeSiGeSiGeGeGeGeGeGeGeGeGeGeGeGeGeGeGeGeGeGeGeGeGeGeGeGeGeGeGeGeGeGeGeGeGeGeGeGeGeGeGeGeGeSiSiGeGeGeGeGeGe
   273456.2187500000 GeGeGeGeGeGeSiGeSiGeSiGeGeGeGeGeGeGeGeGeGeGeGeGeGeGeGeGeGeGeGeGeGeGeGeGeGeGeGeGeGeGeGeGeGeGeGeGeGeGeGeGeSiSiGeGeGeGeGeGe
   273456.2187500000 GeGeGeGeGeGeSiGeSiGeSiGeGeGeGeGeGeGeGeGeGeGeGeGeGeGeGeGeGeGeGeGeGeGeGeGeGeGeGeGeGeGeGeGeGeGeGeGeGeGeGeGeSiSiGeGeGeGeGeGe
   273456.2187500000 GeGeGeGeGeGeSiGeSiGeSiGeGeGeGeGeGeGeGeGeGeGeGeGeGeGeGeGeGeGeGeGeGeGeGeGeGeGeGeGeGeGeGeGeGeGeGeGeGeGeGeGeSiSiGeGeGeGeGeGe
   273456.2187500000 GeGeGeGeGeGeSiGeSiGeSiGeGeGeGeGeGeGeGeGeGeGeGeGeGeGeGeGeGeGeGeGeGeGeGeGeGeGeGeGeGeGeGeGeGeGeGeGeGeGeGeGeSiSiGeGeGeGeGeGe
   273456.2187500000 GeGeGeGeGeGeSiGeSiGeSiGeGeGeGeGeGeGeGeGeGeGeGeGeGeGeGeGeGeGeGeGeGeGeGeGeGeGeGeGeGeGeGeGeGeGeGeGeGeGeGeGeSiSiGeGeGeGeGeGe
   273456.2187500000 GeGeGeGeGeGeSiGeSiGeSiGeGeGeGeGeGeGeGeGeGeGeGeGeGeGeGeGeGeGeGeGeGeGeGeGeGeGeGeGeGeGeGeGeGeGeGeGeGeGeGeGeSiSiGeGeGeGeGeGe
   273456.2187500000 GeGeGeGeGeGeSiGeSiGeSiGeGeGeGeGeGeGeGeGeGeGeGeGeGeGeGeGeGeGeGeGeGeGeGeGeGeGeGeGeGeGeGeGeGeGeGeGeGeGeGeGeSiSiGeGeGeGeGeGe
   273456.2187500000 GeGeGeGeGeGeSiGeSiGeSiGeGeGeGeGeGeGeGeGeGeGeGeGeGeGeGeGeGeGeGeGeGeGeGeGeGeGeGeGeGeGeGeGeGeGeGeGeGeGeGeGeSiSiGeGeGeGeGeGe
   273456.2187500000 GeGeGeGeGeGeSiGeSiGeSiGeGeGeGeGeGeGeGeGeGeGeGeGeGeGeGeGeGeGeGeGeGeGeGeGeGeGeGeGeGeGeGeGeGeGeGeGeGeGeGeGeSiSiGeGeGeGeGeGe
   273456.2187500000 GeGeGeGeGeGeSiGeSiGeSiGeGeGeGeGeGeGeGeGeGeGeGeGeGeGeGeGeGeGeGeGeGeGeGeGeGeGeGeGeGeGeGeGeGeGeGeGeGeGeGeGeSiSiGeGeGeGeGeGe
   273456.2187500000 GeGeGeGeGeGeSiGeSiGeSiGeGeGeGeGeGeGeGeGeGeGeGeGeGeGeGeGeGeGeGeGeGeGeGeGeGeGeGeGeGeGeGeGeGeGeGeGeGeGeGeGeSiSiGeGeGeGeGeGe
   273456.2187500000 GeGeGeGeGeGeSiGeSiGeSiGeGeGeGeGeGeGeGeGeGeGeGeGeGeGeGeGeGeGeGeGeGeGeGeGeGeGeGeGeGeGeGeGeGeGeGeGeGeGeGeGeSiSiGeGeGeGeGeGe
   273456.2187500000 GeGeGeGeGeGeSiGeSiGeSiGeGeGeGeGeGeGeGeGeGeGeGeGeGeGeGeGeGeGeGeGeGeGeGeGeGeGeGeGeGeGeGeGeGeGeGeGeGeGeGeGeSiSiGeGeGeGeGeGe
   273456.2187500000 GeGeGeGeGeGeSiGeSiGeSiGeGeGeGeGeGeGeGeGeGeGeGeGeGeGeGeGeGeGeGeGeGeGeGeGeGeGeGeGeGeGeGeGeGeGeGeGeGeGeGeGeSiSiGeGeGeGeGeGe
   273456.2187500000 GeGeGeGeGeGeSiGeSiGeSiGeGeGeGeGeGeGeGeGeGeGeGeGeGeGeGeGeGeGeGeGeGeGeGeGeGeGeGeGeGeGeGeGeGeGeGeGeGeGeGeGeSiSiGeGeGeGeGeGe
   273456.2187500000 GeGeGeGeGeGeSiGeSiGeSiGeGeGeGeGeGeGeGeGeGeGeGeGeGeGeGeGeGeGeGeGeGeGeGeGeGeGeGeGeGeGeGeGeGeGeGeGeGeGeGeGeSiSiGeGeGeGeGeGe
   273456.2187500000 GeGeGeGeGeGeSiGeSiGeSiGeGeGeGeGeGeGeGeGeGeGeGeGeGeGeGeGeGeGeGeGeGeGeGeGeGeGeGeGeGeGeGeGeGeGeGeGeGeGeGeGeSiSiGeGeGeGeGeGe
   273456.2187500000 GeGeGeGeGeGeSiGeSiGeSiGeGeGeGeGeGeGeGeGeGeGeGeGeGeGeGeGeGeGeGeGeGeGeGeGeGeGeGeGeGeGeGeGeGeGeGeGeGeGeGeGeSiSiGeGeGeGeGeGe
   273456.2187500000 GeGeGeGeGeGeSiGeSiGeSiGeGeGeGeGeGeGeGeGeGeGeGeGeGeGeGeGeGeGeGeGeGeGeGeGeGeGeGeGeGeGeGeGeGeGeGeGeGeGeGeGeSiSiGeGeGeGeGeGe
   273456.2187500000 GeGeGeGeGeGeSiGeSiGeSiGeGeGeGeGeGeGeGeGeGeGeGeGeGeGeGeGeGeGeGeGeGeGeGeGeGeGeGeGeGeGeGeGeGeGeGeGeGeGeGeGeSiSiGeGeGeGeGeGe
   273456.2187500000 GeGeGeGeGeGeSiGeSiGeSiGeGeGeGeGeGeGeGeGeGeGeGeGeGeGeGeGeGeGeGeGeGeGeGeGeGeGeGeGeGeGeGeGeGeGeGeGeGeGeGeGeSiSiGeGeGeGeGeGe
   273456.2187500000 GeGeGeGeGeGeSiGeSiGeSiGeGeGeGeGeGeGeGeGeGeGeGeGeGeGeGeGeGeGeGeGeGeGeGeGeGeGeGeGeGeGeGeGeGeGeGeGeGeGeGeGeSiSiGeGeGeGeGeGe
   273456.2187500000 GeGeGeGeGeGeSiGeSiGeSiGeGeGeGeGeGeGeGeGeGeGeGeGeGeGeGeGeGeGeGeGeGeGeGeGeGeGeGeGeGeGeGeGeGeGeGeGeGeGeGeGeSiSiGeGeGeGeGeGe
   273456.2187500000 GeGeGeGeGeGeSiGeSiGeSiGeGeGeGeGeGeGeGeGeGeGeGeGeGeGeGeGeGeGeGeGeGeGeGeGeGeGeGeGeGeGeGeGeGeGeGeGeGeGeGeGeSiSiGeGeGeGeGeGe
   273456.2187500000 GeGeGeGeGeGeSiGeSiGeSiGeGeGeGeGeGeGeGeGeGeGeGeGeGeGeGeGeGeGeGeGeGeGeGeGeGeGeGeGeGeGeGeGeGeGeGeGeGeGeGeGeSiSiGeGeGeGeGeGe
   273456.2187500000 GeGeGeGeGeGeSiGeSiGeSiGeGeGeGeGeGeGeGeGeGeGeGeGeGeGeGeGeGeGeGeGeGeGeGeGeGeGeGeGeGeGeGeGeGeGeGeGeGeGeGeGeSiSiGeGeGeGeGeGe
   273456.2187500000 GeGeGeGeGeGeSiGeSiGeSiGeGeGeGeGeGeGeGeGeGeGeGeGeGeGeGeGeGeGeGeGeGeGeGeGeGeGeGeGeGeGeGeGeGeGeGeGeGeGeGeGeSiSiGeGeGeGeGeGe
   273456.2187500000 GeGeGeGeGeGeSiGeSiGeSiGeGeGeGeGeGeGeGeGeGeGeGeGeGeGeGeGeGeGeGeGeGeGeGeGeGeGeGeGeGeGeGeGeGeGeGeGeGeGeGeGeSiSiGeGeGeGeGeGe
   273456.2187500000 GeGeGeGeGeGeSiGeSiGeSiGeGeGeGeGeGeGeGeGeGeGeGeGeGeGeGeGeGeGeGeGeGeGeGeGeGeGeGeGeGeGeGeGeGeGeGeGeGeGeGeGeSiSiGeGeGeGeGeGe
   273456.2187500000 GeGeGeGeGeGeSiGeSiGeSiGeGeGeGeGeGeGeGeGeGeGeGeGeGeGeGeGeGeGeGeGeGeGeGeGeGeGeGeGeGeGeGeGeGeGeGeGeGeGeGeGeSiSiGeGeGeGeGeGe
   273456.2187500000 GeGeGeGeGeGeSiGeSiGeSiGeGeGeGeGeGeGeGeGeGeGeGeGeGeGeGeGeGeGeGeGeGeGeGeGeGeGeGeGeGeGeGeGeGeGeGeGeGeGeGeGeSiSiGeGeGeGeGeGe
   273456.2187500000 GeGeGeGeGeGeSiGeSiGeSiGeGeGeGeGeGeGeGeGeGeGeGeGeGeGeGeGeGeGeGeGeGeGeGeGeGeGeGeGeGeGeGeGeGeGeGeGeGeGeGeGeSiSiGeGeGeGeGeGe
   273456.2187500000 GeGeGeGeGeGeSiGeSiGeSiGeGeGeGeGeGeGeGeGeGeGeGeGeGeGeGeGeGeGeGeGeGeGeGeGeGeGeGeGeGeGeGeGeGeGeGeGeGeGeGeGeSiSiGeGeGeGeGeGe
   273456.2187500000 GeGeGeGeGeGeSiGeSiGeSiGeGeGeGeGeGeGeGeGeGeGeGeGeGeGeGeGeGeGeGeGeGeGeGeGeGeGeGeGeGeGeGeGeGeGeGeGeGeGeGeGeSiSiGeGeGeGeGeGe
   273456.2187500000 GeGeGeGeGeGeSiGeSiGeSiGeGeGeGeGeGeGeGeGeGeGeGeGeGeGeGeGeGeGeGeGeGeGeGeGeGeGeGeGeGeGeGeGeGeGeGeGeGeGeGeGeSiSiGeGeGeGeGeGe
   273456.2187500000 GeGeGeGeGeGeSiGeSiGeSiGeGeGeGeGeGeGeGeGeGeGeGeGeGeGeGeGeGeGeGeGeGeGeGeGeGeGeGeGeGeGeGeGeGeGeGeGeGeGeGeGeSiSiGeGeGeGeGeGe
   273456.2187500000 GeGeGeGeGeGeSiGeSiGeSiGeGeGeGeGeGeGeGeGeGeGeGeGeGeGeGeGeGeGeGeGeGeGeGeGeGeGeGeGeGeGeGeGeGeGeGeGeGeGeGeGeSiSiGeGeGeGeGeGe
   273456.2187500000 GeGeGeGeGeGeSiGeSiGeSiGeGeGeGeGeGeGeGeGeGeGeGeGeGeGeGeGeGeGeGeGeGeGeGeGeGeGeGeGeGeGeGeGeGeGeGeGeGeGeGeGeSiSiGeGeGeGeGeGe
   273456.2187500000 GeGeGeGeGeGeSiGeSiGeSiGeGeGeGeGeGeGeGeGeGeGeGeGeGeGeGeGeGeGeGeGeGeGeGeGeGeGeGeGeGeGeGeGeGeGeGeGeGeGeGeGeSiSiGeGeGeGeGeGe
   273456.2187500000 GeGeGeGeGeGeSiGeSiGeSiGeGeGeGeGeGeGeGeGeGeGeGeGeGeGeGeGeGeGeGeGeGeGeGeGeGeGeGeGeGeGeGeGeGeGeGeGeGeGeGeGeSiSiGeGeGeGeGeGe
   273456.2187500000 GeGeGeGeGeGeSiGeSiGeSiGeGeGeGeGeGeGeGeGeGeGeGeGeGeGeGeGeGeGeGeGeGeGeGeGeGeGeGeGeGeGeGeGeGeGeGeGeGeGeGeGeSiSiGeGeGeGeGeGe
   273456.2187500000 GeGeGeGeGeGeSiGeSiGeSiGeGeGeGeGeGeGeGeGeGeGeGeGeGeGeGeGeGeGeGeGeGeGeGeGeGeGeGeGeGeGeGeGeGeGeGeGeGeGeGeGeSiSiGeGeGeGeGeGe
   273456.2187500000 GeGeGeGeGeGeSiGeSiGeSiGeGeGeGeGeGeGeGeGeGeGeGeGeGeGeGeGeGeGeGeGeGeGeGeGeGeGeGeGeGeGeGeGeGeGeGeGeGeGeGeGeSiSiGeGeGeGeGeGe
   273456.2187500000 GeGeGeGeGeGeSiGeSiGeSiGeGeGeGeGeGeGeGeGeGeGeGeGeGeGeGeGeGeGeGeGeGeGeGeGeGeGeGeGeGeGeGeGeGeGeGeGeGeGeGeGeSiSiGeGeGeGeGeGe
   273456.2187500000 GeGeGeGeGeGeSiGeSiGeSiGeGeGeGeGeGeGeGeGeGeGeGeGeGeGeGeGeGeGeGeGeGeGeGeGeGeGeGeGeGeGeGeGeGeGeGeGeGeGeGeGeSiSiGeGeGeGeGeGe
filename: c000001279975216.gin     
Cell:
    11.9020996    11.9020996    29.6919994    90.0000000    90.0000000   120.0000000
Box:
    11.9020996    -5.9510503     0.0000000
     0.0000000    10.3075209     0.0000000
     0.0000000     0.0000000    29.6919994
----------------------------------------
Inverse Box:
     0.0840188     0.0485083     0.0000000
     0.0000000     0.0970165     0.0000000
     0.0000000     0.0000000     0.0336791
----------------------------------------
==============================================
geometrical properties of  55 Ge:
 Configuration:           0
 D_ave:   9.07997417       3.58340478    
 D_min:   3.00887537       1.95068214E-02
 energia:   273456.219    
