Random Seed:  1177655365
Number of atoms:    60
Space Group:    1
Cell:
    11.9020996    11.9020996    29.6919994    90.0000000    90.0000000   120.0000000
Box:
    11.9020996    -5.9510503     0.0000000
     0.0000000    10.3075209     0.0000000
     0.0000000     0.0000000    29.6919994
----------------------------------------
Inverse Box:
     0.0840188     0.0485083     0.0000000
     0.0000000     0.0970165     0.0000000
     0.0000000     0.0000000     0.0336791
----------------------------------------
GeSiSiSiSiSiSiSiSiSiSiSiSiSiSiSiSiSiSiSiSiSiSiSiSiSiSiSiSiSiSiSiSiSiSiSiSiSiSiSiSiSiSiSiSiSiSiSiSiGeSiSiSiSiSiSiSiSiSiSi
           1 Ge    -7732.88525    
GeSiGeSiSiSiSiSiSiSiSiSiSiSiSiSiSiSiSiSiSiSiSiSiSiSiSiSiSiSiSiSiSiSiSiSiSiSiSiSiSiSiSiSiSiSiSiSiSiGeSiSiSiSiSiSiSiSiSiSi
           3 Ge    -7720.87158    
GeSiGeGeSiSiSiSiSiSiSiSiSiSiSiSiSiSiSiSiSiSiSiSiSiSiSiSiSiSiSiSiSiSiSiSiSiSiSiSiSiSiSiSiSiSiSiSiSiGeSiSiSiSiSiSiSiSiSiSi
           4 Ge    -7733.87012    
GeSiGeGeGeSiSiSiSiSiSiSiSiSiSiSiSiSiSiSiSiSiSiSiSiSiSiSiSiSiSiSiSiSiSiSiSiSiSiSiSiSiSiSiSiSiSiSiSiGeSiSiSiSiSiSiSiSiSiSi
           5 Ge    -7765.69824    
GeSiGeGeGeGeSiSiSiSiSiSiSiSiSiSiSiSiSiSiSiSiSiSiSiSiSiSiSiSiSiSiSiSiSiSiSiSiSiSiSiSiSiSiSiSiSiSiSiGeSiSiSiSiSiSiSiSiSiSi
           6 Ge    -7822.35596    
GeSiGeGeGeGeGeSiSiSiSiSiSiSiSiSiSiSiSiSiSiSiSiSiSiSiSiSiSiSiSiSiSiSiSiSiSiSiSiSiSiSiSiSiSiSiSiSiSiGeSiSiSiSiSiSiSiSiSiSi
           7 Ge    -7961.07129    
GeSiGeGeGeGeGeGeSiSiSiSiSiSiSiSiSiSiSiSiSiSiSiSiSiSiSiSiSiSiSiSiSiSiSiSiSiSiSiSiSiSiSiSiSiSiSiSiSiGeSiSiSiSiSiSiSiSiSiSi
           8 Ge    -8136.61279    
GeSiGeGeGeGeGeGeSiSiSiGeSiSiSiSiSiSiSiSiSiSiSiSiSiSiSiSiSiSiSiSiSiSiSiSiSiSiSiSiSiSiSiSiSiSiSiSiSiGeSiSiSiSiSiSiSiSiSiSi
          12 Ge    -8428.98535    
==============================================
MonteCarlo: Metropolis with identity changes
Si > Ge, Ge > Si. STOP when occurrence <    0.00000
==============================================
Cost_function     Occurrence %     Scan-Cost
    -8464.8496093750 GeSiGeGeSiGeGeSiSiSiSiSiSiSiSiSiSiSiSiSiSiSiSiSiSiSiSiSiSiSiSiSiSiSiSiSiSiSiSiSiSiSiSiGeSiGeSiSiSiGeSiSiGeSiSiSiSiSiSiSi
    -8561.7832031250 GeSiSiSiGeGeGeSiSiGeSiSiSiSiSiSiSiSiSiSiSiSiSiSiSiSiSiSiSiSiSiSiSiSiSiSiSiSiSiSiSiSiSiGeSiSiSiSiSiGeSiSiGeSiSiSiGeSiSiSi
    -8566.2460937500 GeSiSiSiGeGeGeSiSiSiGeSiSiSiSiSiSiSiSiSiSiSiSiSiSiSiSiSiSiSiSiSiSiSiSiSiSiSiSiSiSiSiSiGeSiSiSiSiSiSiGeSiGeSiSiSiGeSiSiSi
    -8567.2753906250 GeSiSiSiGeGeGeSiSiSiGeSiSiSiSiSiSiSiSiSiSiSiSiSiSiSiSiSiSiSiSiSiSiSiSiSiSiSiSiSiSiSiSiGeSiSiSiSiGeSiGeSiSiSiSiSiGeSiSiSi
    -8578.8496093750 GeSiSiSiGeGeGeGeSiGeSiSiSiSiSiSiSiSiSiSiSiSiSiSiSiSiSiSiSiSiSiSiSiSiSiSiSiSiSiSiSiSiSiSiSiSiSiSiGeSiSiSiSiSiSiSiGeSiGeSi
    -8578.8496093750 GeSiSiSiGeGeGeGeSiGeSiSiSiSiSiSiSiSiSiSiSiSiSiSiSiSiSiSiSiSiSiSiSiSiSiSiSiSiSiSiSiSiSiSiSiSiSiSiGeSiSiSiSiSiSiSiGeSiGeSi
    -8579.1464843750 GeSiSiSiGeGeGeSiSiGeSiSiSiSiSiSiSiSiSiSiSiSiSiSiSiSiSiSiSiSiSiSiSiSiSiSiSiSiSiSiSiSiSiSiSiSiSiSiGeSiSiSiGeSiSiSiGeSiGeSi
    -8579.1464843750 GeSiSiSiGeGeGeSiSiGeSiSiSiSiSiSiSiSiSiSiSiSiSiSiSiSiSiSiSiSiSiSiSiSiSiSiSiSiSiSiSiSiSiSiSiSiSiSiGeSiSiSiGeSiSiSiGeSiGeSi
    -8604.0761718750 GeSiSiSiGeGeGeSiSiGeSiSiSiSiSiSiSiSiSiSiSiSiSiSiSiSiSiSiSiSiSiSiSiSiSiSiSiSiSiSiSiSiSiSiSiSiSiSiSiSiSiSiGeSiSiSiGeGeGeSi
    -8612.0781250000 GeSiSiSiGeGeGeSiSiSiSiGeSiSiSiSiSiSiSiSiSiSiSiSiSiSiSiSiSiSiSiSiSiSiSiSiSiSiSiSiSiSiSiSiSiSiSiSiSiSiSiSiGeSiSiSiGeGeGeSi
    -8612.0781250000 GeSiSiSiGeGeGeSiSiSiSiGeSiSiSiSiSiSiSiSiSiSiSiSiSiSiSiSiSiSiSiSiSiSiSiSiSiSiSiSiSiSiSiSiSiSiSiSiSiSiSiSiGeSiSiSiGeGeGeSi
    -8610.6259765625 GeSiSiSiGeGeGeSiSiSiGeGeSiSiSiSiSiSiSiSiSiSiSiSiSiSiSiSiSiSiSiSiSiSiSiSiSiSiSiSiSiSiSiSiSiSiSiSiSiSiSiSiGeSiSiSiSiGeGeSi
    -8611.2089843750 GeSiSiSiGeGeGeSiSiSiGeGeSiSiSiSiSiSiSiSiSiSiSiSiSiSiSiSiSiSiSiSiSiSiSiSiSiSiSiSiSiSiSiSiSiSiSiSiSiSiSiSiGeSiSiSiGeSiGeSi
    -8611.2089843750 GeSiSiSiGeGeGeSiSiSiGeGeSiSiSiSiSiSiSiSiSiSiSiSiSiSiSiSiSiSiSiSiSiSiSiSiSiSiSiSiSiSiSiSiSiSiSiSiSiSiSiSiGeSiSiSiGeSiGeSi
    -8611.2089843750 GeSiSiSiGeGeGeSiSiSiGeGeSiSiSiSiSiSiSiSiSiSiSiSiSiSiSiSiSiSiSiSiSiSiSiSiSiSiSiSiSiSiSiSiSiSiSiSiSiSiSiSiGeSiSiSiGeSiGeSi
    -8612.4511718750 GeSiSiSiSiGeGeSiGeSiGeGeSiSiSiSiSiSiSiSiSiSiSiSiSiSiSiSiSiSiSiSiSiSiSiSiSiSiSiSiSiSiSiSiSiSiSiSiSiSiSiSiGeSiSiSiGeSiGeSi
    -8612.4511718750 GeSiSiSiSiGeGeSiGeSiGeGeSiSiSiSiSiSiSiSiSiSiSiSiSiSiSiSiSiSiSiSiSiSiSiSiSiSiSiSiSiSiSiSiSiSiSiSiSiSiSiSiGeSiSiSiGeSiGeSi
    -8612.4511718750 GeSiSiSiSiGeGeSiGeSiGeGeSiSiSiSiSiSiSiSiSiSiSiSiSiSiSiSiSiSiSiSiSiSiSiSiSiSiSiSiSiSiSiSiSiSiSiSiSiSiSiSiGeSiSiSiGeSiGeSi
    -8614.0722656250 GeSiSiSiSiGeGeSiGeSiGeGeSiSiSiSiSiSiSiSiSiSiSiSiSiSiSiSiSiSiSiSiSiSiSiSiSiSiSiSiSiSiSiSiSiSiSiSiSiSiGeSiGeSiSiSiGeSiSiSi
    -8614.0722656250 GeSiSiSiSiGeGeSiGeSiGeGeSiSiSiSiSiSiSiSiSiSiSiSiSiSiSiSiSiSiSiSiSiSiSiSiSiSiSiSiSiSiSiSiSiSiSiSiSiSiGeSiGeSiSiSiGeSiSiSi
    -8614.0722656250 GeSiSiSiSiGeGeSiGeSiGeGeSiSiSiSiSiSiSiSiSiSiSiSiSiSiSiSiSiSiSiSiSiSiSiSiSiSiSiSiSiSiSiSiSiSiSiSiSiSiGeSiGeSiSiSiGeSiSiSi
    -8614.0722656250 GeSiSiSiSiGeGeSiGeSiGeGeSiSiSiSiSiSiSiSiSiSiSiSiSiSiSiSiSiSiSiSiSiSiSiSiSiSiSiSiSiSiSiSiSiSiSiSiSiSiGeSiGeSiSiSiGeSiSiSi
    -8614.0722656250 GeSiSiSiSiGeGeSiGeSiGeGeSiSiSiSiSiSiSiSiSiSiSiSiSiSiSiSiSiSiSiSiSiSiSiSiSiSiSiSiSiSiSiSiSiSiSiSiSiSiGeSiGeSiSiSiGeSiSiSi
    -8614.0722656250 GeSiSiSiSiGeGeSiGeSiGeGeSiSiSiSiSiSiSiSiSiSiSiSiSiSiSiSiSiSiSiSiSiSiSiSiSiSiSiSiSiSiSiSiSiSiSiSiSiSiGeSiGeSiSiSiGeSiSiSi
    -8614.0722656250 GeSiSiSiSiGeGeSiGeSiGeGeSiSiSiSiSiSiSiSiSiSiSiSiSiSiSiSiSiSiSiSiSiSiSiSiSiSiSiSiSiSiSiSiSiSiSiSiSiSiGeSiGeSiSiSiGeSiSiSi
    -8614.0722656250 GeSiSiSiSiGeGeSiGeSiGeGeSiSiSiSiSiSiSiSiSiSiSiSiSiSiSiSiSiSiSiSiSiSiSiSiSiSiSiSiSiSiSiSiSiSiSiSiSiSiGeSiGeSiSiSiGeSiSiSi
    -8614.0722656250 GeSiSiSiSiGeGeSiGeSiGeGeSiSiSiSiSiSiSiSiSiSiSiSiSiSiSiSiSiSiSiSiSiSiSiSiSiSiSiSiSiSiSiSiSiSiSiSiSiSiGeSiGeSiSiSiGeSiSiSi
    -8614.0722656250 GeSiSiSiSiGeGeSiGeSiGeGeSiSiSiSiSiSiSiSiSiSiSiSiSiSiSiSiSiSiSiSiSiSiSiSiSiSiSiSiSiSiSiSiSiSiSiSiSiSiGeSiGeSiSiSiGeSiSiSi
    -8614.0722656250 GeSiSiSiSiGeGeSiGeSiGeGeSiSiSiSiSiSiSiSiSiSiSiSiSiSiSiSiSiSiSiSiSiSiSiSiSiSiSiSiSiSiSiSiSiSiSiSiSiSiGeSiGeSiSiSiGeSiSiSi
    -8614.0722656250 GeSiSiSiSiGeGeSiGeSiGeGeSiSiSiSiSiSiSiSiSiSiSiSiSiSiSiSiSiSiSiSiSiSiSiSiSiSiSiSiSiSiSiSiSiSiSiSiSiSiGeSiGeSiSiSiGeSiSiSi
    -8614.0722656250 GeSiSiSiSiGeGeSiGeSiGeGeSiSiSiSiSiSiSiSiSiSiSiSiSiSiSiSiSiSiSiSiSiSiSiSiSiSiSiSiSiSiSiSiSiSiSiSiSiSiGeSiGeSiSiSiGeSiSiSi
    -8614.0722656250 GeSiSiSiSiGeGeSiGeSiGeGeSiSiSiSiSiSiSiSiSiSiSiSiSiSiSiSiSiSiSiSiSiSiSiSiSiSiSiSiSiSiSiSiSiSiSiSiSiSiGeSiGeSiSiSiGeSiSiSi
    -8614.0722656250 GeSiSiSiSiGeGeSiGeSiGeGeSiSiSiSiSiSiSiSiSiSiSiSiSiSiSiSiSiSiSiSiSiSiSiSiSiSiSiSiSiSiSiSiSiSiSiSiSiSiGeSiGeSiSiSiGeSiSiSi
    -8611.4921875000 GeSiSiSiSiGeGeSiGeSiSiGeSiSiSiSiSiSiSiSiSiSiSiSiSiSiSiSiSiSiSiSiSiSiSiSiSiSiSiSiSiSiSiSiSiSiSiSiSiGeGeSiGeSiSiSiGeSiSiSi
    -8611.4921875000 GeSiSiSiSiGeGeSiGeSiSiGeSiSiSiSiSiSiSiSiSiSiSiSiSiSiSiSiSiSiSiSiSiSiSiSiSiSiSiSiSiSiSiSiSiSiSiSiSiGeGeSiGeSiSiSiGeSiSiSi
    -8611.4921875000 GeSiSiSiSiGeGeSiGeSiSiGeSiSiSiSiSiSiSiSiSiSiSiSiSiSiSiSiSiSiSiSiSiSiSiSiSiSiSiSiSiSiSiSiSiSiSiSiSiGeGeSiGeSiSiSiGeSiSiSi
    -8612.2343750000 GeSiSiSiGeGeGeSiGeSiSiGeSiSiSiSiSiSiSiSiSiSiSiSiSiSiSiSiSiSiSiSiSiSiSiSiSiSiSiSiSiSiSiSiSiSiSiSiSiGeSiSiGeSiSiSiGeSiSiSi
    -8612.2343750000 GeSiSiSiGeGeGeSiGeSiSiGeSiSiSiSiSiSiSiSiSiSiSiSiSiSiSiSiSiSiSiSiSiSiSiSiSiSiSiSiSiSiSiSiSiSiSiSiSiGeSiSiGeSiSiSiGeSiSiSi
    -8612.2343750000 GeSiSiSiGeGeGeSiGeSiSiGeSiSiSiSiSiSiSiSiSiSiSiSiSiSiSiSiSiSiSiSiSiSiSiSiSiSiSiSiSiSiSiSiSiSiSiSiSiGeSiSiGeSiSiSiGeSiSiSi
    -8612.2343750000 GeSiSiSiGeGeGeSiGeSiSiGeSiSiSiSiSiSiSiSiSiSiSiSiSiSiSiSiSiSiSiSiSiSiSiSiSiSiSiSiSiSiSiSiSiSiSiSiSiGeSiSiGeSiSiSiGeSiSiSi
    -8612.2343750000 GeSiSiSiGeGeGeSiGeSiSiGeSiSiSiSiSiSiSiSiSiSiSiSiSiSiSiSiSiSiSiSiSiSiSiSiSiSiSiSiSiSiSiSiSiSiSiSiSiGeSiSiGeSiSiSiGeSiSiSi
    -8612.2343750000 GeSiSiSiGeGeGeSiGeSiSiGeSiSiSiSiSiSiSiSiSiSiSiSiSiSiSiSiSiSiSiSiSiSiSiSiSiSiSiSiSiSiSiSiSiSiSiSiSiGeSiSiGeSiSiSiGeSiSiSi
    -8612.2343750000 GeSiSiSiGeGeGeSiGeSiSiGeSiSiSiSiSiSiSiSiSiSiSiSiSiSiSiSiSiSiSiSiSiSiSiSiSiSiSiSiSiSiSiSiSiSiSiSiSiGeSiSiGeSiSiSiGeSiSiSi
    -8612.2343750000 GeSiSiSiGeGeGeSiGeSiSiGeSiSiSiSiSiSiSiSiSiSiSiSiSiSiSiSiSiSiSiSiSiSiSiSiSiSiSiSiSiSiSiSiSiSiSiSiSiGeSiSiGeSiSiSiGeSiSiSi
    -8612.2343750000 GeSiSiSiGeGeGeSiGeSiSiGeSiSiSiSiSiSiSiSiSiSiSiSiSiSiSiSiSiSiSiSiSiSiSiSiSiSiSiSiSiSiSiSiSiSiSiSiSiGeSiSiGeSiSiSiGeSiSiSi
    -8612.2343750000 GeSiSiSiGeGeGeSiGeSiSiGeSiSiSiSiSiSiSiSiSiSiSiSiSiSiSiSiSiSiSiSiSiSiSiSiSiSiSiSiSiSiSiSiSiSiSiSiSiGeSiSiGeSiSiSiGeSiSiSi
    -8612.2343750000 GeSiSiSiGeGeGeSiGeSiSiGeSiSiSiSiSiSiSiSiSiSiSiSiSiSiSiSiSiSiSiSiSiSiSiSiSiSiSiSiSiSiSiSiSiSiSiSiSiGeSiSiGeSiSiSiGeSiSiSi
    -8612.2343750000 GeSiSiSiGeGeGeSiGeSiSiGeSiSiSiSiSiSiSiSiSiSiSiSiSiSiSiSiSiSiSiSiSiSiSiSiSiSiSiSiSiSiSiSiSiSiSiSiSiGeSiSiGeSiSiSiGeSiSiSi
    -8612.2343750000 GeSiSiSiGeGeGeSiGeSiSiGeSiSiSiSiSiSiSiSiSiSiSiSiSiSiSiSiSiSiSiSiSiSiSiSiSiSiSiSiSiSiSiSiSiSiSiSiSiGeSiSiGeSiSiSiGeSiSiSi
    -8612.2343750000 GeSiSiSiGeGeGeSiGeSiSiGeSiSiSiSiSiSiSiSiSiSiSiSiSiSiSiSiSiSiSiSiSiSiSiSiSiSiSiSiSiSiSiSiSiSiSiSiSiGeSiSiGeSiSiSiGeSiSiSi
    -8612.2343750000 GeSiSiSiGeGeGeSiGeSiSiGeSiSiSiSiSiSiSiSiSiSiSiSiSiSiSiSiSiSiSiSiSiSiSiSiSiSiSiSiSiSiSiSiSiSiSiSiSiGeSiSiGeSiSiSiGeSiSiSi
    -8612.2343750000 GeSiSiSiGeGeGeSiGeSiSiGeSiSiSiSiSiSiSiSiSiSiSiSiSiSiSiSiSiSiSiSiSiSiSiSiSiSiSiSiSiSiSiSiSiSiSiSiSiGeSiSiGeSiSiSiGeSiSiSi
    -8611.4921875000 GeSiSiSiSiGeGeSiGeSiSiGeSiSiSiSiSiSiSiSiSiSiSiSiSiSiSiSiSiSiSiSiSiSiSiSiSiSiSiSiSiSiSiSiSiSiSiSiSiGeGeSiGeSiSiSiGeSiSiSi
    -8611.4921875000 GeSiSiSiSiGeGeSiGeSiSiGeSiSiSiSiSiSiSiSiSiSiSiSiSiSiSiSiSiSiSiSiSiSiSiSiSiSiSiSiSiSiSiSiSiSiSiSiSiGeGeSiGeSiSiSiGeSiSiSi
    -8611.4921875000 GeSiSiSiSiGeGeSiGeSiSiGeSiSiSiSiSiSiSiSiSiSiSiSiSiSiSiSiSiSiSiSiSiSiSiSiSiSiSiSiSiSiSiSiSiSiSiSiSiGeGeSiGeSiSiSiGeSiSiSi
    -8611.4921875000 GeSiSiSiSiGeGeSiGeSiSiGeSiSiSiSiSiSiSiSiSiSiSiSiSiSiSiSiSiSiSiSiSiSiSiSiSiSiSiSiSiSiSiSiSiSiSiSiSiGeGeSiGeSiSiSiGeSiSiSi
    -8611.4921875000 GeSiSiSiSiGeGeSiGeSiSiGeSiSiSiSiSiSiSiSiSiSiSiSiSiSiSiSiSiSiSiSiSiSiSiSiSiSiSiSiSiSiSiSiSiSiSiSiSiGeGeSiGeSiSiSiGeSiSiSi
    -8611.4921875000 GeSiSiSiSiGeGeSiGeSiSiGeSiSiSiSiSiSiSiSiSiSiSiSiSiSiSiSiSiSiSiSiSiSiSiSiSiSiSiSiSiSiSiSiSiSiSiSiSiGeGeSiGeSiSiSiGeSiSiSi
    -8611.4921875000 GeSiSiSiSiGeGeSiGeSiSiGeSiSiSiSiSiSiSiSiSiSiSiSiSiSiSiSiSiSiSiSiSiSiSiSiSiSiSiSiSiSiSiSiSiSiSiSiSiGeGeSiGeSiSiSiGeSiSiSi
    -8612.2343750000 GeSiSiSiGeGeGeSiGeSiSiGeSiSiSiSiSiSiSiSiSiSiSiSiSiSiSiSiSiSiSiSiSiSiSiSiSiSiSiSiSiSiSiSiSiSiSiSiSiGeSiSiGeSiSiSiGeSiSiSi
    -8612.2343750000 GeSiSiSiGeGeGeSiGeSiSiGeSiSiSiSiSiSiSiSiSiSiSiSiSiSiSiSiSiSiSiSiSiSiSiSiSiSiSiSiSiSiSiSiSiSiSiSiSiGeSiSiGeSiSiSiGeSiSiSi
    -8612.2343750000 GeSiSiSiGeGeGeSiGeSiSiGeSiSiSiSiSiSiSiSiSiSiSiSiSiSiSiSiSiSiSiSiSiSiSiSiSiSiSiSiSiSiSiSiSiSiSiSiSiGeSiSiGeSiSiSiGeSiSiSi
    -8612.2343750000 GeSiSiSiGeGeGeSiGeSiSiGeSiSiSiSiSiSiSiSiSiSiSiSiSiSiSiSiSiSiSiSiSiSiSiSiSiSiSiSiSiSiSiSiSiSiSiSiSiGeSiSiGeSiSiSiGeSiSiSi
    -8612.2343750000 GeSiSiSiGeGeGeSiGeSiSiGeSiSiSiSiSiSiSiSiSiSiSiSiSiSiSiSiSiSiSiSiSiSiSiSiSiSiSiSiSiSiSiSiSiSiSiSiSiGeSiSiGeSiSiSiGeSiSiSi
    -8612.2343750000 GeSiSiSiGeGeGeSiGeSiSiGeSiSiSiSiSiSiSiSiSiSiSiSiSiSiSiSiSiSiSiSiSiSiSiSiSiSiSiSiSiSiSiSiSiSiSiSiSiGeSiSiGeSiSiSiGeSiSiSi
    -8612.2343750000 GeSiSiSiGeGeGeSiGeSiSiGeSiSiSiSiSiSiSiSiSiSiSiSiSiSiSiSiSiSiSiSiSiSiSiSiSiSiSiSiSiSiSiSiSiSiSiSiSiGeSiSiGeSiSiSiGeSiSiSi
    -8612.2343750000 GeSiSiSiGeGeGeSiGeSiSiGeSiSiSiSiSiSiSiSiSiSiSiSiSiSiSiSiSiSiSiSiSiSiSiSiSiSiSiSiSiSiSiSiSiSiSiSiSiGeSiSiGeSiSiSiGeSiSiSi
    -8612.2343750000 GeSiSiSiGeGeGeSiGeSiSiGeSiSiSiSiSiSiSiSiSiSiSiSiSiSiSiSiSiSiSiSiSiSiSiSiSiSiSiSiSiSiSiSiSiSiSiSiSiGeSiSiGeSiSiSiGeSiSiSi
    -8612.2343750000 GeSiSiSiGeGeGeSiGeSiSiGeSiSiSiSiSiSiSiSiSiSiSiSiSiSiSiSiSiSiSiSiSiSiSiSiSiSiSiSiSiSiSiSiSiSiSiSiSiGeSiSiGeSiSiSiGeSiSiSi
    -8612.2343750000 GeSiSiSiGeGeGeSiGeSiSiGeSiSiSiSiSiSiSiSiSiSiSiSiSiSiSiSiSiSiSiSiSiSiSiSiSiSiSiSiSiSiSiSiSiSiSiSiSiGeSiSiGeSiSiSiGeSiSiSi
    -8612.2343750000 GeSiSiSiGeGeGeSiGeSiSiGeSiSiSiSiSiSiSiSiSiSiSiSiSiSiSiSiSiSiSiSiSiSiSiSiSiSiSiSiSiSiSiSiSiSiSiSiSiGeSiSiGeSiSiSiGeSiSiSi
    -8612.2343750000 GeSiSiSiGeGeGeSiGeSiSiGeSiSiSiSiSiSiSiSiSiSiSiSiSiSiSiSiSiSiSiSiSiSiSiSiSiSiSiSiSiSiSiSiSiSiSiSiSiGeSiSiGeSiSiSiGeSiSiSi
    -8612.2343750000 GeSiSiSiGeGeGeSiGeSiSiGeSiSiSiSiSiSiSiSiSiSiSiSiSiSiSiSiSiSiSiSiSiSiSiSiSiSiSiSiSiSiSiSiSiSiSiSiSiGeSiSiGeSiSiSiGeSiSiSi
    -8612.2343750000 GeSiSiSiGeGeGeSiGeSiSiGeSiSiSiSiSiSiSiSiSiSiSiSiSiSiSiSiSiSiSiSiSiSiSiSiSiSiSiSiSiSiSiSiSiSiSiSiSiGeSiSiGeSiSiSiGeSiSiSi
    -8612.2343750000 GeSiSiSiGeGeGeSiGeSiSiGeSiSiSiSiSiSiSiSiSiSiSiSiSiSiSiSiSiSiSiSiSiSiSiSiSiSiSiSiSiSiSiSiSiSiSiSiSiGeSiSiGeSiSiSiGeSiSiSi
    -8611.4921875000 GeSiSiSiSiGeGeSiGeSiSiGeSiSiSiSiSiSiSiSiSiSiSiSiSiSiSiSiSiSiSiSiSiSiSiSiSiSiSiSiSiSiSiSiSiSiSiSiSiGeGeSiGeSiSiSiGeSiSiSi
    -8611.4921875000 GeSiSiSiSiGeGeSiGeSiSiGeSiSiSiSiSiSiSiSiSiSiSiSiSiSiSiSiSiSiSiSiSiSiSiSiSiSiSiSiSiSiSiSiSiSiSiSiSiGeGeSiGeSiSiSiGeSiSiSi
    -8611.4921875000 GeSiSiSiSiGeGeSiGeSiSiGeSiSiSiSiSiSiSiSiSiSiSiSiSiSiSiSiSiSiSiSiSiSiSiSiSiSiSiSiSiSiSiSiSiSiSiSiSiGeGeSiGeSiSiSiGeSiSiSi
    -8611.4921875000 GeSiSiSiSiGeGeSiGeSiSiGeSiSiSiSiSiSiSiSiSiSiSiSiSiSiSiSiSiSiSiSiSiSiSiSiSiSiSiSiSiSiSiSiSiSiSiSiSiGeGeSiGeSiSiSiGeSiSiSi
    -8611.4921875000 GeSiSiSiSiGeGeSiGeSiSiGeSiSiSiSiSiSiSiSiSiSiSiSiSiSiSiSiSiSiSiSiSiSiSiSiSiSiSiSiSiSiSiSiSiSiSiSiSiGeGeSiGeSiSiSiGeSiSiSi
    -8611.4921875000 GeSiSiSiSiGeGeSiGeSiSiGeSiSiSiSiSiSiSiSiSiSiSiSiSiSiSiSiSiSiSiSiSiSiSiSiSiSiSiSiSiSiSiSiSiSiSiSiSiGeGeSiGeSiSiSiGeSiSiSi
    -8611.4921875000 GeSiSiSiSiGeGeSiGeSiSiGeSiSiSiSiSiSiSiSiSiSiSiSiSiSiSiSiSiSiSiSiSiSiSiSiSiSiSiSiSiSiSiSiSiSiSiSiSiGeGeSiGeSiSiSiGeSiSiSi
    -8611.4921875000 GeSiSiSiSiGeGeSiGeSiSiGeSiSiSiSiSiSiSiSiSiSiSiSiSiSiSiSiSiSiSiSiSiSiSiSiSiSiSiSiSiSiSiSiSiSiSiSiSiGeGeSiGeSiSiSiGeSiSiSi
    -8612.2343750000 GeSiSiSiGeGeGeSiGeSiSiGeSiSiSiSiSiSiSiSiSiSiSiSiSiSiSiSiSiSiSiSiSiSiSiSiSiSiSiSiSiSiSiSiSiSiSiSiSiGeSiSiGeSiSiSiGeSiSiSi
    -8612.2343750000 GeSiSiSiGeGeGeSiGeSiSiGeSiSiSiSiSiSiSiSiSiSiSiSiSiSiSiSiSiSiSiSiSiSiSiSiSiSiSiSiSiSiSiSiSiSiSiSiSiGeSiSiGeSiSiSiGeSiSiSi
    -8612.2343750000 GeSiSiSiGeGeGeSiGeSiSiGeSiSiSiSiSiSiSiSiSiSiSiSiSiSiSiSiSiSiSiSiSiSiSiSiSiSiSiSiSiSiSiSiSiSiSiSiSiGeSiSiGeSiSiSiGeSiSiSi
    -8612.2343750000 GeSiSiSiGeGeGeSiGeSiSiGeSiSiSiSiSiSiSiSiSiSiSiSiSiSiSiSiSiSiSiSiSiSiSiSiSiSiSiSiSiSiSiSiSiSiSiSiSiGeSiSiGeSiSiSiGeSiSiSi
    -8612.2343750000 GeSiSiSiGeGeGeSiGeSiSiGeSiSiSiSiSiSiSiSiSiSiSiSiSiSiSiSiSiSiSiSiSiSiSiSiSiSiSiSiSiSiSiSiSiSiSiSiSiGeSiSiGeSiSiSiGeSiSiSi
    -8612.2343750000 GeSiSiSiGeGeGeSiGeSiSiGeSiSiSiSiSiSiSiSiSiSiSiSiSiSiSiSiSiSiSiSiSiSiSiSiSiSiSiSiSiSiSiSiSiSiSiSiSiGeSiSiGeSiSiSiGeSiSiSi
    -8612.2343750000 GeSiSiSiGeGeGeSiGeSiSiGeSiSiSiSiSiSiSiSiSiSiSiSiSiSiSiSiSiSiSiSiSiSiSiSiSiSiSiSiSiSiSiSiSiSiSiSiSiGeSiSiGeSiSiSiGeSiSiSi
    -8612.2343750000 GeSiSiSiGeGeGeSiGeSiSiGeSiSiSiSiSiSiSiSiSiSiSiSiSiSiSiSiSiSiSiSiSiSiSiSiSiSiSiSiSiSiSiSiSiSiSiSiSiGeSiSiGeSiSiSiGeSiSiSi
    -8612.2343750000 GeSiSiSiGeGeGeSiGeSiSiGeSiSiSiSiSiSiSiSiSiSiSiSiSiSiSiSiSiSiSiSiSiSiSiSiSiSiSiSiSiSiSiSiSiSiSiSiSiGeSiSiGeSiSiSiGeSiSiSi
    -8612.2343750000 GeSiSiSiGeGeGeSiGeSiSiGeSiSiSiSiSiSiSiSiSiSiSiSiSiSiSiSiSiSiSiSiSiSiSiSiSiSiSiSiSiSiSiSiSiSiSiSiSiGeSiSiGeSiSiSiGeSiSiSi
    -8612.2343750000 GeSiSiSiGeGeGeSiGeSiSiGeSiSiSiSiSiSiSiSiSiSiSiSiSiSiSiSiSiSiSiSiSiSiSiSiSiSiSiSiSiSiSiSiSiSiSiSiSiGeSiSiGeSiSiSiGeSiSiSi
    -8612.2343750000 GeSiSiSiGeGeGeSiGeSiSiGeSiSiSiSiSiSiSiSiSiSiSiSiSiSiSiSiSiSiSiSiSiSiSiSiSiSiSiSiSiSiSiSiSiSiSiSiSiGeSiSiGeSiSiSiGeSiSiSi
    -8612.2343750000 GeSiSiSiGeGeGeSiGeSiSiGeSiSiSiSiSiSiSiSiSiSiSiSiSiSiSiSiSiSiSiSiSiSiSiSiSiSiSiSiSiSiSiSiSiSiSiSiSiGeSiSiGeSiSiSiGeSiSiSi
    -8612.2343750000 GeSiSiSiGeGeGeSiGeSiSiGeSiSiSiSiSiSiSiSiSiSiSiSiSiSiSiSiSiSiSiSiSiSiSiSiSiSiSiSiSiSiSiSiSiSiSiSiSiGeSiSiGeSiSiSiGeSiSiSi
    -8612.2343750000 GeSiSiSiGeGeGeSiGeSiSiGeSiSiSiSiSiSiSiSiSiSiSiSiSiSiSiSiSiSiSiSiSiSiSiSiSiSiSiSiSiSiSiSiSiSiSiSiSiGeSiSiGeSiSiSiGeSiSiSi
    -8612.2343750000 GeSiSiSiGeGeGeSiGeSiSiGeSiSiSiSiSiSiSiSiSiSiSiSiSiSiSiSiSiSiSiSiSiSiSiSiSiSiSiSiSiSiSiSiSiSiSiSiSiGeSiSiGeSiSiSiGeSiSiSi
    -8611.4921875000 GeSiSiSiSiGeGeSiGeSiSiGeSiSiSiSiSiSiSiSiSiSiSiSiSiSiSiSiSiSiSiSiSiSiSiSiSiSiSiSiSiSiSiSiSiSiSiSiSiGeGeSiGeSiSiSiGeSiSiSi
    -8611.4921875000 GeSiSiSiSiGeGeSiGeSiSiGeSiSiSiSiSiSiSiSiSiSiSiSiSiSiSiSiSiSiSiSiSiSiSiSiSiSiSiSiSiSiSiSiSiSiSiSiSiGeGeSiGeSiSiSiGeSiSiSi
    -8611.4921875000 GeSiSiSiSiGeGeSiGeSiSiGeSiSiSiSiSiSiSiSiSiSiSiSiSiSiSiSiSiSiSiSiSiSiSiSiSiSiSiSiSiSiSiSiSiSiSiSiSiGeGeSiGeSiSiSiGeSiSiSi
    -8611.4921875000 GeSiSiSiSiGeGeSiGeSiSiGeSiSiSiSiSiSiSiSiSiSiSiSiSiSiSiSiSiSiSiSiSiSiSiSiSiSiSiSiSiSiSiSiSiSiSiSiSiGeGeSiGeSiSiSiGeSiSiSi
    -8611.4921875000 GeSiSiSiSiGeGeSiGeSiSiGeSiSiSiSiSiSiSiSiSiSiSiSiSiSiSiSiSiSiSiSiSiSiSiSiSiSiSiSiSiSiSiSiSiSiSiSiSiGeGeSiGeSiSiSiGeSiSiSi
    -8611.4921875000 GeSiSiSiSiGeGeSiGeSiSiGeSiSiSiSiSiSiSiSiSiSiSiSiSiSiSiSiSiSiSiSiSiSiSiSiSiSiSiSiSiSiSiSiSiSiSiSiSiGeGeSiGeSiSiSiGeSiSiSi
    -8611.4921875000 GeSiSiSiSiGeGeSiGeSiSiGeSiSiSiSiSiSiSiSiSiSiSiSiSiSiSiSiSiSiSiSiSiSiSiSiSiSiSiSiSiSiSiSiSiSiSiSiSiGeGeSiGeSiSiSiGeSiSiSi
    -8612.2343750000 GeSiSiSiGeGeGeSiGeSiSiGeSiSiSiSiSiSiSiSiSiSiSiSiSiSiSiSiSiSiSiSiSiSiSiSiSiSiSiSiSiSiSiSiSiSiSiSiSiGeSiSiGeSiSiSiGeSiSiSi
    -8612.2343750000 GeSiSiSiGeGeGeSiGeSiSiGeSiSiSiSiSiSiSiSiSiSiSiSiSiSiSiSiSiSiSiSiSiSiSiSiSiSiSiSiSiSiSiSiSiSiSiSiSiGeSiSiGeSiSiSiGeSiSiSi
    -8612.2343750000 GeSiSiSiGeGeGeSiGeSiSiGeSiSiSiSiSiSiSiSiSiSiSiSiSiSiSiSiSiSiSiSiSiSiSiSiSiSiSiSiSiSiSiSiSiSiSiSiSiGeSiSiGeSiSiSiGeSiSiSi
    -8612.2343750000 GeSiSiSiGeGeGeSiGeSiSiGeSiSiSiSiSiSiSiSiSiSiSiSiSiSiSiSiSiSiSiSiSiSiSiSiSiSiSiSiSiSiSiSiSiSiSiSiSiGeSiSiGeSiSiSiGeSiSiSi
    -8612.2343750000 GeSiSiSiGeGeGeSiGeSiSiGeSiSiSiSiSiSiSiSiSiSiSiSiSiSiSiSiSiSiSiSiSiSiSiSiSiSiSiSiSiSiSiSiSiSiSiSiSiGeSiSiGeSiSiSiGeSiSiSi
    -8612.2343750000 GeSiSiSiGeGeGeSiGeSiSiGeSiSiSiSiSiSiSiSiSiSiSiSiSiSiSiSiSiSiSiSiSiSiSiSiSiSiSiSiSiSiSiSiSiSiSiSiSiGeSiSiGeSiSiSiGeSiSiSi
    -8612.2343750000 GeSiSiSiGeGeGeSiGeSiSiGeSiSiSiSiSiSiSiSiSiSiSiSiSiSiSiSiSiSiSiSiSiSiSiSiSiSiSiSiSiSiSiSiSiSiSiSiSiGeSiSiGeSiSiSiGeSiSiSi
    -8612.2343750000 GeSiSiSiGeGeGeSiGeSiSiGeSiSiSiSiSiSiSiSiSiSiSiSiSiSiSiSiSiSiSiSiSiSiSiSiSiSiSiSiSiSiSiSiSiSiSiSiSiGeSiSiGeSiSiSiGeSiSiSi
    -8612.2343750000 GeSiSiSiGeGeGeSiGeSiSiGeSiSiSiSiSiSiSiSiSiSiSiSiSiSiSiSiSiSiSiSiSiSiSiSiSiSiSiSiSiSiSiSiSiSiSiSiSiGeSiSiGeSiSiSiGeSiSiSi
    -8612.2343750000 GeSiSiSiGeGeGeSiGeSiSiGeSiSiSiSiSiSiSiSiSiSiSiSiSiSiSiSiSiSiSiSiSiSiSiSiSiSiSiSiSiSiSiSiSiSiSiSiSiGeSiSiGeSiSiSiGeSiSiSi
    -8612.2343750000 GeSiSiSiGeGeGeSiGeSiSiGeSiSiSiSiSiSiSiSiSiSiSiSiSiSiSiSiSiSiSiSiSiSiSiSiSiSiSiSiSiSiSiSiSiSiSiSiSiGeSiSiGeSiSiSiGeSiSiSi
    -8612.2343750000 GeSiSiSiGeGeGeSiGeSiSiGeSiSiSiSiSiSiSiSiSiSiSiSiSiSiSiSiSiSiSiSiSiSiSiSiSiSiSiSiSiSiSiSiSiSiSiSiSiGeSiSiGeSiSiSiGeSiSiSi
    -8612.2343750000 GeSiSiSiGeGeGeSiGeSiSiGeSiSiSiSiSiSiSiSiSiSiSiSiSiSiSiSiSiSiSiSiSiSiSiSiSiSiSiSiSiSiSiSiSiSiSiSiSiGeSiSiGeSiSiSiGeSiSiSi
    -8612.2343750000 GeSiSiSiGeGeGeSiGeSiSiGeSiSiSiSiSiSiSiSiSiSiSiSiSiSiSiSiSiSiSiSiSiSiSiSiSiSiSiSiSiSiSiSiSiSiSiSiSiGeSiSiGeSiSiSiGeSiSiSi
    -8612.2343750000 GeSiSiSiGeGeGeSiGeSiSiGeSiSiSiSiSiSiSiSiSiSiSiSiSiSiSiSiSiSiSiSiSiSiSiSiSiSiSiSiSiSiSiSiSiSiSiSiSiGeSiSiGeSiSiSiGeSiSiSi
    -8612.2343750000 GeSiSiSiGeGeGeSiGeSiSiGeSiSiSiSiSiSiSiSiSiSiSiSiSiSiSiSiSiSiSiSiSiSiSiSiSiSiSiSiSiSiSiSiSiSiSiSiSiGeSiSiGeSiSiSiGeSiSiSi
    -8611.4921875000 GeSiSiSiSiGeGeSiGeSiSiGeSiSiSiSiSiSiSiSiSiSiSiSiSiSiSiSiSiSiSiSiSiSiSiSiSiSiSiSiSiSiSiSiSiSiSiSiSiGeGeSiGeSiSiSiGeSiSiSi
    -8611.4921875000 GeSiSiSiSiGeGeSiGeSiSiGeSiSiSiSiSiSiSiSiSiSiSiSiSiSiSiSiSiSiSiSiSiSiSiSiSiSiSiSiSiSiSiSiSiSiSiSiSiGeGeSiGeSiSiSiGeSiSiSi
    -8611.4921875000 GeSiSiSiSiGeGeSiGeSiSiGeSiSiSiSiSiSiSiSiSiSiSiSiSiSiSiSiSiSiSiSiSiSiSiSiSiSiSiSiSiSiSiSiSiSiSiSiSiGeGeSiGeSiSiSiGeSiSiSi
    -8611.4921875000 GeSiSiSiSiGeGeSiGeSiSiGeSiSiSiSiSiSiSiSiSiSiSiSiSiSiSiSiSiSiSiSiSiSiSiSiSiSiSiSiSiSiSiSiSiSiSiSiSiGeGeSiGeSiSiSiGeSiSiSi
    -8611.4921875000 GeSiSiSiSiGeGeSiGeSiSiGeSiSiSiSiSiSiSiSiSiSiSiSiSiSiSiSiSiSiSiSiSiSiSiSiSiSiSiSiSiSiSiSiSiSiSiSiSiGeGeSiGeSiSiSiGeSiSiSi
    -8611.4921875000 GeSiSiSiSiGeGeSiGeSiSiGeSiSiSiSiSiSiSiSiSiSiSiSiSiSiSiSiSiSiSiSiSiSiSiSiSiSiSiSiSiSiSiSiSiSiSiSiSiGeGeSiGeSiSiSiGeSiSiSi
    -8611.4921875000 GeSiSiSiSiGeGeSiGeSiSiGeSiSiSiSiSiSiSiSiSiSiSiSiSiSiSiSiSiSiSiSiSiSiSiSiSiSiSiSiSiSiSiSiSiSiSiSiSiGeGeSiGeSiSiSiGeSiSiSi
    -8611.4921875000 GeSiSiSiSiGeGeSiGeSiSiGeSiSiSiSiSiSiSiSiSiSiSiSiSiSiSiSiSiSiSiSiSiSiSiSiSiSiSiSiSiSiSiSiSiSiSiSiSiGeGeSiGeSiSiSiGeSiSiSi
    -8612.2343750000 GeSiSiSiGeGeGeSiGeSiSiGeSiSiSiSiSiSiSiSiSiSiSiSiSiSiSiSiSiSiSiSiSiSiSiSiSiSiSiSiSiSiSiSiSiSiSiSiSiGeSiSiGeSiSiSiGeSiSiSi
    -8612.2343750000 GeSiSiSiGeGeGeSiGeSiSiGeSiSiSiSiSiSiSiSiSiSiSiSiSiSiSiSiSiSiSiSiSiSiSiSiSiSiSiSiSiSiSiSiSiSiSiSiSiGeSiSiGeSiSiSiGeSiSiSi
    -8612.2343750000 GeSiSiSiGeGeGeSiGeSiSiGeSiSiSiSiSiSiSiSiSiSiSiSiSiSiSiSiSiSiSiSiSiSiSiSiSiSiSiSiSiSiSiSiSiSiSiSiSiGeSiSiGeSiSiSiGeSiSiSi
    -8612.2343750000 GeSiSiSiGeGeGeSiGeSiSiGeSiSiSiSiSiSiSiSiSiSiSiSiSiSiSiSiSiSiSiSiSiSiSiSiSiSiSiSiSiSiSiSiSiSiSiSiSiGeSiSiGeSiSiSiGeSiSiSi
    -8612.2343750000 GeSiSiSiGeGeGeSiGeSiSiGeSiSiSiSiSiSiSiSiSiSiSiSiSiSiSiSiSiSiSiSiSiSiSiSiSiSiSiSiSiSiSiSiSiSiSiSiSiGeSiSiGeSiSiSiGeSiSiSi
    -8612.2343750000 GeSiSiSiGeGeGeSiGeSiSiGeSiSiSiSiSiSiSiSiSiSiSiSiSiSiSiSiSiSiSiSiSiSiSiSiSiSiSiSiSiSiSiSiSiSiSiSiSiGeSiSiGeSiSiSiGeSiSiSi
    -8612.2343750000 GeSiSiSiGeGeGeSiGeSiSiGeSiSiSiSiSiSiSiSiSiSiSiSiSiSiSiSiSiSiSiSiSiSiSiSiSiSiSiSiSiSiSiSiSiSiSiSiSiGeSiSiGeSiSiSiGeSiSiSi
    -8612.2343750000 GeSiSiSiGeGeGeSiGeSiSiGeSiSiSiSiSiSiSiSiSiSiSiSiSiSiSiSiSiSiSiSiSiSiSiSiSiSiSiSiSiSiSiSiSiSiSiSiSiGeSiSiGeSiSiSiGeSiSiSi
    -8612.2343750000 GeSiSiSiGeGeGeSiGeSiSiGeSiSiSiSiSiSiSiSiSiSiSiSiSiSiSiSiSiSiSiSiSiSiSiSiSiSiSiSiSiSiSiSiSiSiSiSiSiGeSiSiGeSiSiSiGeSiSiSi
    -8612.2343750000 GeSiSiSiGeGeGeSiGeSiSiGeSiSiSiSiSiSiSiSiSiSiSiSiSiSiSiSiSiSiSiSiSiSiSiSiSiSiSiSiSiSiSiSiSiSiSiSiSiGeSiSiGeSiSiSiGeSiSiSi
    -8612.2343750000 GeSiSiSiGeGeGeSiGeSiSiGeSiSiSiSiSiSiSiSiSiSiSiSiSiSiSiSiSiSiSiSiSiSiSiSiSiSiSiSiSiSiSiSiSiSiSiSiSiGeSiSiGeSiSiSiGeSiSiSi
    -8612.2343750000 GeSiSiSiGeGeGeSiGeSiSiGeSiSiSiSiSiSiSiSiSiSiSiSiSiSiSiSiSiSiSiSiSiSiSiSiSiSiSiSiSiSiSiSiSiSiSiSiSiGeSiSiGeSiSiSiGeSiSiSi
    -8612.2343750000 GeSiSiSiGeGeGeSiGeSiSiGeSiSiSiSiSiSiSiSiSiSiSiSiSiSiSiSiSiSiSiSiSiSiSiSiSiSiSiSiSiSiSiSiSiSiSiSiSiGeSiSiGeSiSiSiGeSiSiSi
    -8612.2343750000 GeSiSiSiGeGeGeSiGeSiSiGeSiSiSiSiSiSiSiSiSiSiSiSiSiSiSiSiSiSiSiSiSiSiSiSiSiSiSiSiSiSiSiSiSiSiSiSiSiGeSiSiGeSiSiSiGeSiSiSi
    -8612.2343750000 GeSiSiSiGeGeGeSiGeSiSiGeSiSiSiSiSiSiSiSiSiSiSiSiSiSiSiSiSiSiSiSiSiSiSiSiSiSiSiSiSiSiSiSiSiSiSiSiSiGeSiSiGeSiSiSiGeSiSiSi
    -8612.2343750000 GeSiSiSiGeGeGeSiGeSiSiGeSiSiSiSiSiSiSiSiSiSiSiSiSiSiSiSiSiSiSiSiSiSiSiSiSiSiSiSiSiSiSiSiSiSiSiSiSiGeSiSiGeSiSiSiGeSiSiSi
    -8611.4921875000 GeSiSiSiSiGeGeSiGeSiSiGeSiSiSiSiSiSiSiSiSiSiSiSiSiSiSiSiSiSiSiSiSiSiSiSiSiSiSiSiSiSiSiSiSiSiSiSiSiGeGeSiGeSiSiSiGeSiSiSi
    -8611.4921875000 GeSiSiSiSiGeGeSiGeSiSiGeSiSiSiSiSiSiSiSiSiSiSiSiSiSiSiSiSiSiSiSiSiSiSiSiSiSiSiSiSiSiSiSiSiSiSiSiSiGeGeSiGeSiSiSiGeSiSiSi
    -8611.4921875000 GeSiSiSiSiGeGeSiGeSiSiGeSiSiSiSiSiSiSiSiSiSiSiSiSiSiSiSiSiSiSiSiSiSiSiSiSiSiSiSiSiSiSiSiSiSiSiSiSiGeGeSiGeSiSiSiGeSiSiSi
    -8611.4921875000 GeSiSiSiSiGeGeSiGeSiSiGeSiSiSiSiSiSiSiSiSiSiSiSiSiSiSiSiSiSiSiSiSiSiSiSiSiSiSiSiSiSiSiSiSiSiSiSiSiGeGeSiGeSiSiSiGeSiSiSi
    -8611.4921875000 GeSiSiSiSiGeGeSiGeSiSiGeSiSiSiSiSiSiSiSiSiSiSiSiSiSiSiSiSiSiSiSiSiSiSiSiSiSiSiSiSiSiSiSiSiSiSiSiSiGeGeSiGeSiSiSiGeSiSiSi
    -8611.4921875000 GeSiSiSiSiGeGeSiGeSiSiGeSiSiSiSiSiSiSiSiSiSiSiSiSiSiSiSiSiSiSiSiSiSiSiSiSiSiSiSiSiSiSiSiSiSiSiSiSiGeGeSiGeSiSiSiGeSiSiSi
    -8611.4921875000 GeSiSiSiSiGeGeSiGeSiSiGeSiSiSiSiSiSiSiSiSiSiSiSiSiSiSiSiSiSiSiSiSiSiSiSiSiSiSiSiSiSiSiSiSiSiSiSiSiGeGeSiGeSiSiSiGeSiSiSi
    -8612.2343750000 GeSiSiSiGeGeGeSiGeSiSiGeSiSiSiSiSiSiSiSiSiSiSiSiSiSiSiSiSiSiSiSiSiSiSiSiSiSiSiSiSiSiSiSiSiSiSiSiSiGeSiSiGeSiSiSiGeSiSiSi
    -8612.2343750000 GeSiSiSiGeGeGeSiGeSiSiGeSiSiSiSiSiSiSiSiSiSiSiSiSiSiSiSiSiSiSiSiSiSiSiSiSiSiSiSiSiSiSiSiSiSiSiSiSiGeSiSiGeSiSiSiGeSiSiSi
    -8612.2343750000 GeSiSiSiGeGeGeSiGeSiSiGeSiSiSiSiSiSiSiSiSiSiSiSiSiSiSiSiSiSiSiSiSiSiSiSiSiSiSiSiSiSiSiSiSiSiSiSiSiGeSiSiGeSiSiSiGeSiSiSi
    -8612.2343750000 GeSiSiSiGeGeGeSiGeSiSiGeSiSiSiSiSiSiSiSiSiSiSiSiSiSiSiSiSiSiSiSiSiSiSiSiSiSiSiSiSiSiSiSiSiSiSiSiSiGeSiSiGeSiSiSiGeSiSiSi
    -8612.2343750000 GeSiSiSiGeGeGeSiGeSiSiGeSiSiSiSiSiSiSiSiSiSiSiSiSiSiSiSiSiSiSiSiSiSiSiSiSiSiSiSiSiSiSiSiSiSiSiSiSiGeSiSiGeSiSiSiGeSiSiSi
    -8612.2343750000 GeSiSiSiGeGeGeSiGeSiSiGeSiSiSiSiSiSiSiSiSiSiSiSiSiSiSiSiSiSiSiSiSiSiSiSiSiSiSiSiSiSiSiSiSiSiSiSiSiGeSiSiGeSiSiSiGeSiSiSi
    -8612.2343750000 GeSiSiSiGeGeGeSiGeSiSiGeSiSiSiSiSiSiSiSiSiSiSiSiSiSiSiSiSiSiSiSiSiSiSiSiSiSiSiSiSiSiSiSiSiSiSiSiSiGeSiSiGeSiSiSiGeSiSiSi
    -8612.2343750000 GeSiSiSiGeGeGeSiGeSiSiGeSiSiSiSiSiSiSiSiSiSiSiSiSiSiSiSiSiSiSiSiSiSiSiSiSiSiSiSiSiSiSiSiSiSiSiSiSiGeSiSiGeSiSiSiGeSiSiSi
    -8612.2343750000 GeSiSiSiGeGeGeSiGeSiSiGeSiSiSiSiSiSiSiSiSiSiSiSiSiSiSiSiSiSiSiSiSiSiSiSiSiSiSiSiSiSiSiSiSiSiSiSiSiGeSiSiGeSiSiSiGeSiSiSi
    -8612.2343750000 GeSiSiSiGeGeGeSiGeSiSiGeSiSiSiSiSiSiSiSiSiSiSiSiSiSiSiSiSiSiSiSiSiSiSiSiSiSiSiSiSiSiSiSiSiSiSiSiSiGeSiSiGeSiSiSiGeSiSiSi
    -8612.2343750000 GeSiSiSiGeGeGeSiGeSiSiGeSiSiSiSiSiSiSiSiSiSiSiSiSiSiSiSiSiSiSiSiSiSiSiSiSiSiSiSiSiSiSiSiSiSiSiSiSiGeSiSiGeSiSiSiGeSiSiSi
    -8612.2343750000 GeSiSiSiGeGeGeSiGeSiSiGeSiSiSiSiSiSiSiSiSiSiSiSiSiSiSiSiSiSiSiSiSiSiSiSiSiSiSiSiSiSiSiSiSiSiSiSiSiGeSiSiGeSiSiSiGeSiSiSi
    -8612.2343750000 GeSiSiSiGeGeGeSiGeSiSiGeSiSiSiSiSiSiSiSiSiSiSiSiSiSiSiSiSiSiSiSiSiSiSiSiSiSiSiSiSiSiSiSiSiSiSiSiSiGeSiSiGeSiSiSiGeSiSiSi
    -8612.2343750000 GeSiSiSiGeGeGeSiGeSiSiGeSiSiSiSiSiSiSiSiSiSiSiSiSiSiSiSiSiSiSiSiSiSiSiSiSiSiSiSiSiSiSiSiSiSiSiSiSiGeSiSiGeSiSiSiGeSiSiSi
    -8612.2343750000 GeSiSiSiGeGeGeSiGeSiSiGeSiSiSiSiSiSiSiSiSiSiSiSiSiSiSiSiSiSiSiSiSiSiSiSiSiSiSiSiSiSiSiSiSiSiSiSiSiGeSiSiGeSiSiSiGeSiSiSi
    -8612.2343750000 GeSiSiSiGeGeGeSiGeSiSiGeSiSiSiSiSiSiSiSiSiSiSiSiSiSiSiSiSiSiSiSiSiSiSiSiSiSiSiSiSiSiSiSiSiSiSiSiSiGeSiSiGeSiSiSiGeSiSiSi
    -8612.2343750000 GeSiSiSiGeGeGeSiGeSiSiGeSiSiSiSiSiSiSiSiSiSiSiSiSiSiSiSiSiSiSiSiSiSiSiSiSiSiSiSiSiSiSiSiSiSiSiSiSiGeSiSiGeSiSiSiGeSiSiSi
    -8611.4921875000 GeSiSiSiSiGeGeSiGeSiSiGeSiSiSiSiSiSiSiSiSiSiSiSiSiSiSiSiSiSiSiSiSiSiSiSiSiSiSiSiSiSiSiSiSiSiSiSiSiGeGeSiGeSiSiSiGeSiSiSi
    -8611.4921875000 GeSiSiSiSiGeGeSiGeSiSiGeSiSiSiSiSiSiSiSiSiSiSiSiSiSiSiSiSiSiSiSiSiSiSiSiSiSiSiSiSiSiSiSiSiSiSiSiSiGeGeSiGeSiSiSiGeSiSiSi
    -8611.4921875000 GeSiSiSiSiGeGeSiGeSiSiGeSiSiSiSiSiSiSiSiSiSiSiSiSiSiSiSiSiSiSiSiSiSiSiSiSiSiSiSiSiSiSiSiSiSiSiSiSiGeGeSiGeSiSiSiGeSiSiSi
    -8611.4921875000 GeSiSiSiSiGeGeSiGeSiSiGeSiSiSiSiSiSiSiSiSiSiSiSiSiSiSiSiSiSiSiSiSiSiSiSiSiSiSiSiSiSiSiSiSiSiSiSiSiGeGeSiGeSiSiSiGeSiSiSi
    -8611.4921875000 GeSiSiSiSiGeGeSiGeSiSiGeSiSiSiSiSiSiSiSiSiSiSiSiSiSiSiSiSiSiSiSiSiSiSiSiSiSiSiSiSiSiSiSiSiSiSiSiSiGeGeSiGeSiSiSiGeSiSiSi
    -8611.4921875000 GeSiSiSiSiGeGeSiGeSiSiGeSiSiSiSiSiSiSiSiSiSiSiSiSiSiSiSiSiSiSiSiSiSiSiSiSiSiSiSiSiSiSiSiSiSiSiSiSiGeGeSiGeSiSiSiGeSiSiSi
    -8611.4921875000 GeSiSiSiSiGeGeSiGeSiSiGeSiSiSiSiSiSiSiSiSiSiSiSiSiSiSiSiSiSiSiSiSiSiSiSiSiSiSiSiSiSiSiSiSiSiSiSiSiGeGeSiGeSiSiSiGeSiSiSi
    -8612.2343750000 GeSiSiSiGeGeGeSiGeSiSiGeSiSiSiSiSiSiSiSiSiSiSiSiSiSiSiSiSiSiSiSiSiSiSiSiSiSiSiSiSiSiSiSiSiSiSiSiSiGeSiSiGeSiSiSiGeSiSiSi
    -8612.2343750000 GeSiSiSiGeGeGeSiGeSiSiGeSiSiSiSiSiSiSiSiSiSiSiSiSiSiSiSiSiSiSiSiSiSiSiSiSiSiSiSiSiSiSiSiSiSiSiSiSiGeSiSiGeSiSiSiGeSiSiSi
    -8612.2343750000 GeSiSiSiGeGeGeSiGeSiSiGeSiSiSiSiSiSiSiSiSiSiSiSiSiSiSiSiSiSiSiSiSiSiSiSiSiSiSiSiSiSiSiSiSiSiSiSiSiGeSiSiGeSiSiSiGeSiSiSi
    -8612.2343750000 GeSiSiSiGeGeGeSiGeSiSiGeSiSiSiSiSiSiSiSiSiSiSiSiSiSiSiSiSiSiSiSiSiSiSiSiSiSiSiSiSiSiSiSiSiSiSiSiSiGeSiSiGeSiSiSiGeSiSiSi
    -8612.2343750000 GeSiSiSiGeGeGeSiGeSiSiGeSiSiSiSiSiSiSiSiSiSiSiSiSiSiSiSiSiSiSiSiSiSiSiSiSiSiSiSiSiSiSiSiSiSiSiSiSiGeSiSiGeSiSiSiGeSiSiSi
    -8612.2343750000 GeSiSiSiGeGeGeSiGeSiSiGeSiSiSiSiSiSiSiSiSiSiSiSiSiSiSiSiSiSiSiSiSiSiSiSiSiSiSiSiSiSiSiSiSiSiSiSiSiGeSiSiGeSiSiSiGeSiSiSi
    -8612.2343750000 GeSiSiSiGeGeGeSiGeSiSiGeSiSiSiSiSiSiSiSiSiSiSiSiSiSiSiSiSiSiSiSiSiSiSiSiSiSiSiSiSiSiSiSiSiSiSiSiSiGeSiSiGeSiSiSiGeSiSiSi
    -8612.2343750000 GeSiSiSiGeGeGeSiGeSiSiGeSiSiSiSiSiSiSiSiSiSiSiSiSiSiSiSiSiSiSiSiSiSiSiSiSiSiSiSiSiSiSiSiSiSiSiSiSiGeSiSiGeSiSiSiGeSiSiSi
    -8612.2343750000 GeSiSiSiGeGeGeSiGeSiSiGeSiSiSiSiSiSiSiSiSiSiSiSiSiSiSiSiSiSiSiSiSiSiSiSiSiSiSiSiSiSiSiSiSiSiSiSiSiGeSiSiGeSiSiSiGeSiSiSi
    -8612.2343750000 GeSiSiSiGeGeGeSiGeSiSiGeSiSiSiSiSiSiSiSiSiSiSiSiSiSiSiSiSiSiSiSiSiSiSiSiSiSiSiSiSiSiSiSiSiSiSiSiSiGeSiSiGeSiSiSiGeSiSiSi
    -8612.2343750000 GeSiSiSiGeGeGeSiGeSiSiGeSiSiSiSiSiSiSiSiSiSiSiSiSiSiSiSiSiSiSiSiSiSiSiSiSiSiSiSiSiSiSiSiSiSiSiSiSiGeSiSiGeSiSiSiGeSiSiSi
    -8612.2343750000 GeSiSiSiGeGeGeSiGeSiSiGeSiSiSiSiSiSiSiSiSiSiSiSiSiSiSiSiSiSiSiSiSiSiSiSiSiSiSiSiSiSiSiSiSiSiSiSiSiGeSiSiGeSiSiSiGeSiSiSi
    -8612.2343750000 GeSiSiSiGeGeGeSiGeSiSiGeSiSiSiSiSiSiSiSiSiSiSiSiSiSiSiSiSiSiSiSiSiSiSiSiSiSiSiSiSiSiSiSiSiSiSiSiSiGeSiSiGeSiSiSiGeSiSiSi
    -8612.2343750000 GeSiSiSiGeGeGeSiGeSiSiGeSiSiSiSiSiSiSiSiSiSiSiSiSiSiSiSiSiSiSiSiSiSiSiSiSiSiSiSiSiSiSiSiSiSiSiSiSiGeSiSiGeSiSiSiGeSiSiSi
    -8612.2343750000 GeSiSiSiGeGeGeSiGeSiSiGeSiSiSiSiSiSiSiSiSiSiSiSiSiSiSiSiSiSiSiSiSiSiSiSiSiSiSiSiSiSiSiSiSiSiSiSiSiGeSiSiGeSiSiSiGeSiSiSi
    -8612.2343750000 GeSiSiSiGeGeGeSiGeSiSiGeSiSiSiSiSiSiSiSiSiSiSiSiSiSiSiSiSiSiSiSiSiSiSiSiSiSiSiSiSiSiSiSiSiSiSiSiSiGeSiSiGeSiSiSiGeSiSiSi
    -8611.4921875000 GeSiSiSiSiGeGeSiGeSiSiGeSiSiSiSiSiSiSiSiSiSiSiSiSiSiSiSiSiSiSiSiSiSiSiSiSiSiSiSiSiSiSiSiSiSiSiSiSiGeGeSiGeSiSiSiGeSiSiSi
    -8611.4921875000 GeSiSiSiSiGeGeSiGeSiSiGeSiSiSiSiSiSiSiSiSiSiSiSiSiSiSiSiSiSiSiSiSiSiSiSiSiSiSiSiSiSiSiSiSiSiSiSiSiGeGeSiGeSiSiSiGeSiSiSi
    -8611.4921875000 GeSiSiSiSiGeGeSiGeSiSiGeSiSiSiSiSiSiSiSiSiSiSiSiSiSiSiSiSiSiSiSiSiSiSiSiSiSiSiSiSiSiSiSiSiSiSiSiSiGeGeSiGeSiSiSiGeSiSiSi
    -8611.4921875000 GeSiSiSiSiGeGeSiGeSiSiGeSiSiSiSiSiSiSiSiSiSiSiSiSiSiSiSiSiSiSiSiSiSiSiSiSiSiSiSiSiSiSiSiSiSiSiSiSiGeGeSiGeSiSiSiGeSiSiSi
    -8611.4921875000 GeSiSiSiSiGeGeSiGeSiSiGeSiSiSiSiSiSiSiSiSiSiSiSiSiSiSiSiSiSiSiSiSiSiSiSiSiSiSiSiSiSiSiSiSiSiSiSiSiGeGeSiGeSiSiSiGeSiSiSi
    -8611.4921875000 GeSiSiSiSiGeGeSiGeSiSiGeSiSiSiSiSiSiSiSiSiSiSiSiSiSiSiSiSiSiSiSiSiSiSiSiSiSiSiSiSiSiSiSiSiSiSiSiSiGeGeSiGeSiSiSiGeSiSiSi
    -8611.4921875000 GeSiSiSiSiGeGeSiGeSiSiGeSiSiSiSiSiSiSiSiSiSiSiSiSiSiSiSiSiSiSiSiSiSiSiSiSiSiSiSiSiSiSiSiSiSiSiSiSiGeGeSiGeSiSiSiGeSiSiSi
    -8612.2343750000 GeSiSiSiGeGeGeSiGeSiSiGeSiSiSiSiSiSiSiSiSiSiSiSiSiSiSiSiSiSiSiSiSiSiSiSiSiSiSiSiSiSiSiSiSiSiSiSiSiGeSiSiGeSiSiSiGeSiSiSi
filename: c000001364084437.gin     
Cell:
    11.9020996    11.9020996    29.6919994    90.0000000    90.0000000   120.0000000
Box:
    11.9020996    -5.9510503     0.0000000
     0.0000000    10.3075209     0.0000000
     0.0000000     0.0000000    29.6919994
----------------------------------------
Inverse Box:
     0.0840188     0.0485083     0.0000000
     0.0000000     0.0970165     0.0000000
     0.0000000     0.0000000     0.0336791
----------------------------------------
==============================================
geometrical properties of   9 Ge:
 Configuration:           0
 D_ave:   9.86676979       3.68427205    
 D_min:   3.90944242       1.20630574    
 energia:  -8612.23438    
